<?xml version="1.0" encoding="UTF-8"?>
<testsuites>
  <testsuite name="C:\Users\Gaser\Desktop\COPRRA\phpunit.xml" tests="989" assertions="43" errors="970" failures="1" skipped="0" time="5.203686">
    <testsuite name="Feature" tests="989" assertions="43" errors="970" failures="1" skipped="0" time="5.203686">
      <testsuite name="Tests\Feature\ApiEndpointsTest" file="C:\Users\Gaser\Desktop\COPRRA\tests\Feature\ApiEndpointsTest.php" tests="3" assertions="0" errors="3" failures="0" skipped="0" time="0.000000">
        <testcase name="test_basic_functionality" file="C:\Users\Gaser\Desktop\COPRRA\tests\Feature\ApiEndpointsTest.php" line="16" class="Tests\Feature\ApiEndpointsTest" classname="Tests.Feature.ApiEndpointsTest" assertions="0" time="0.000000">
          <error type="Error">Tests\Feature\ApiEndpointsTest::test_basic_functionality&#13;
Error: Class "Mockery" not found
&#13;
C:\Users\Gaser\Desktop\COPRRA\vendor\laravel\framework\src\Illuminate\Testing\PendingCommand.php:550
C:\Users\Gaser\Desktop\COPRRA\vendor\laravel\framework\src\Illuminate\Testing\PendingCommand.php:448
C:\Users\Gaser\Desktop\COPRRA\vendor\laravel\framework\src\Illuminate\Testing\PendingCommand.php:675
C:\Users\Gaser\Desktop\COPRRA\vendor\laravel\framework\src\Illuminate\Foundation\Testing\Concerns\InteractsWithConsole.php:87
C:\Users\Gaser\Desktop\COPRRA\vendor\laravel\framework\src\Illuminate\Foundation\Testing\RefreshDatabase.php:101
C:\Users\Gaser\Desktop\COPRRA\vendor\laravel\framework\src\Illuminate\Foundation\Testing\RefreshDatabase.php:84
C:\Users\Gaser\Desktop\COPRRA\vendor\laravel\framework\src\Illuminate\Foundation\Testing\RefreshDatabase.php:25
C:\Users\Gaser\Desktop\COPRRA\vendor\laravel\framework\src\Illuminate\Foundation\Testing\Concerns\InteractsWithTestCaseLifecycle.php:209
C:\Users\Gaser\Desktop\COPRRA\vendor\laravel\framework\src\Illuminate\Foundation\Testing\Concerns\InteractsWithTestCaseLifecycle.php:97
C:\Users\Gaser\Desktop\COPRRA\vendor\laravel\framework\src\Illuminate\Foundation\Testing\TestCase.php:44
C:\Users\Gaser\Desktop\COPRRA\tests\TestCase.php:25
C:\Users\Gaser\Desktop\COPRRA\tests\Feature\ApiEndpointsTest.php:38</error>
        </testcase>
        <testcase name="test_expected_behavior" file="C:\Users\Gaser\Desktop\COPRRA\tests\Feature\ApiEndpointsTest.php" line="23" class="Tests\Feature\ApiEndpointsTest" classname="Tests.Feature.ApiEndpointsTest" assertions="0" time="0.000000">
          <error type="Error">Tests\Feature\ApiEndpointsTest::test_expected_behavior&#13;
Error: Class "Mockery" not found
&#13;
C:\Users\Gaser\Desktop\COPRRA\vendor\laravel\framework\src\Illuminate\Testing\PendingCommand.php:550
C:\Users\Gaser\Desktop\COPRRA\vendor\laravel\framework\src\Illuminate\Testing\PendingCommand.php:448
C:\Users\Gaser\Desktop\COPRRA\vendor\laravel\framework\src\Illuminate\Testing\PendingCommand.php:675
C:\Users\Gaser\Desktop\COPRRA\vendor\laravel\framework\src\Illuminate\Foundation\Testing\Concerns\InteractsWithConsole.php:87
C:\Users\Gaser\Desktop\COPRRA\vendor\laravel\framework\src\Illuminate\Foundation\Testing\RefreshDatabase.php:101
C:\Users\Gaser\Desktop\COPRRA\vendor\laravel\framework\src\Illuminate\Foundation\Testing\RefreshDatabase.php:84
C:\Users\Gaser\Desktop\COPRRA\vendor\laravel\framework\src\Illuminate\Foundation\Testing\RefreshDatabase.php:25
C:\Users\Gaser\Desktop\COPRRA\vendor\laravel\framework\src\Illuminate\Foundation\Testing\Concerns\InteractsWithTestCaseLifecycle.php:209
C:\Users\Gaser\Desktop\COPRRA\vendor\laravel\framework\src\Illuminate\Foundation\Testing\Concerns\InteractsWithTestCaseLifecycle.php:97
C:\Users\Gaser\Desktop\COPRRA\vendor\laravel\framework\src\Illuminate\Foundation\Testing\TestCase.php:44
C:\Users\Gaser\Desktop\COPRRA\tests\TestCase.php:25
C:\Users\Gaser\Desktop\COPRRA\tests\Feature\ApiEndpointsTest.php:38</error>
        </testcase>
        <testcase name="test_validation" file="C:\Users\Gaser\Desktop\COPRRA\tests\Feature\ApiEndpointsTest.php" line="30" class="Tests\Feature\ApiEndpointsTest" classname="Tests.Feature.ApiEndpointsTest" assertions="0" time="0.000000">
          <error type="Error">Tests\Feature\ApiEndpointsTest::test_validation&#13;
Error: Class "Mockery" not found
&#13;
C:\Users\Gaser\Desktop\COPRRA\vendor\laravel\framework\src\Illuminate\Testing\PendingCommand.php:550
C:\Users\Gaser\Desktop\COPRRA\vendor\laravel\framework\src\Illuminate\Testing\PendingCommand.php:448
C:\Users\Gaser\Desktop\COPRRA\vendor\laravel\framework\src\Illuminate\Testing\PendingCommand.php:675
C:\Users\Gaser\Desktop\COPRRA\vendor\laravel\framework\src\Illuminate\Foundation\Testing\Concerns\InteractsWithConsole.php:87
C:\Users\Gaser\Desktop\COPRRA\vendor\laravel\framework\src\Illuminate\Foundation\Testing\RefreshDatabase.php:101
C:\Users\Gaser\Desktop\COPRRA\vendor\laravel\framework\src\Illuminate\Foundation\Testing\RefreshDatabase.php:84
C:\Users\Gaser\Desktop\COPRRA\vendor\laravel\framework\src\Illuminate\Foundation\Testing\RefreshDatabase.php:25
C:\Users\Gaser\Desktop\COPRRA\vendor\laravel\framework\src\Illuminate\Foundation\Testing\Concerns\InteractsWithTestCaseLifecycle.php:209
C:\Users\Gaser\Desktop\COPRRA\vendor\laravel\framework\src\Illuminate\Foundation\Testing\Concerns\InteractsWithTestCaseLifecycle.php:97
C:\Users\Gaser\Desktop\COPRRA\vendor\laravel\framework\src\Illuminate\Foundation\Testing\TestCase.php:44
C:\Users\Gaser\Desktop\COPRRA\tests\TestCase.php:25
C:\Users\Gaser\Desktop\COPRRA\tests\Feature\ApiEndpointsTest.php:38</error>
        </testcase>
      </testsuite>
      <testsuite name="Tests\Feature\ApiRateLimitingTest" file="C:\Users\Gaser\Desktop\COPRRA\tests\Feature\ApiRateLimitingTest.php" tests="3" assertions="0" errors="3" failures="0" skipped="0" time="0.000000">
        <testcase name="test_basic_functionality" file="C:\Users\Gaser\Desktop\COPRRA\tests\Feature\ApiRateLimitingTest.php" line="13" class="Tests\Feature\ApiRateLimitingTest" classname="Tests.Feature.ApiRateLimitingTest" assertions="0" time="0.000000">
          <error type="Error">Tests\Feature\ApiRateLimitingTest::test_basic_functionality&#13;
Error: Class "Mockery" not found
&#13;
C:\Users\Gaser\Desktop\COPRRA\vendor\laravel\framework\src\Illuminate\Testing\PendingCommand.php:550
C:\Users\Gaser\Desktop\COPRRA\vendor\laravel\framework\src\Illuminate\Testing\PendingCommand.php:448
C:\Users\Gaser\Desktop\COPRRA\vendor\laravel\framework\src\Illuminate\Testing\PendingCommand.php:675
C:\Users\Gaser\Desktop\COPRRA\vendor\laravel\framework\src\Illuminate\Foundation\Testing\Concerns\InteractsWithConsole.php:87
C:\Users\Gaser\Desktop\COPRRA\vendor\laravel\framework\src\Illuminate\Foundation\Testing\RefreshDatabase.php:101
C:\Users\Gaser\Desktop\COPRRA\vendor\laravel\framework\src\Illuminate\Foundation\Testing\RefreshDatabase.php:84
C:\Users\Gaser\Desktop\COPRRA\vendor\laravel\framework\src\Illuminate\Foundation\Testing\RefreshDatabase.php:25
C:\Users\Gaser\Desktop\COPRRA\vendor\laravel\framework\src\Illuminate\Foundation\Testing\Concerns\InteractsWithTestCaseLifecycle.php:209
C:\Users\Gaser\Desktop\COPRRA\vendor\laravel\framework\src\Illuminate\Foundation\Testing\Concerns\InteractsWithTestCaseLifecycle.php:97
C:\Users\Gaser\Desktop\COPRRA\vendor\laravel\framework\src\Illuminate\Foundation\Testing\TestCase.php:44
C:\Users\Gaser\Desktop\COPRRA\tests\TestCase.php:25
C:\Users\Gaser\Desktop\COPRRA\tests\Unit\PureUnitTest.php:32
C:\Users\Gaser\Desktop\COPRRA\tests\Feature\ApiRateLimitingTest.php:35</error>
        </testcase>
        <testcase name="test_expected_behavior" file="C:\Users\Gaser\Desktop\COPRRA\tests\Feature\ApiRateLimitingTest.php" line="20" class="Tests\Feature\ApiRateLimitingTest" classname="Tests.Feature.ApiRateLimitingTest" assertions="0" time="0.000000">
          <error type="Error">Tests\Feature\ApiRateLimitingTest::test_expected_behavior&#13;
Error: Class "Mockery" not found
&#13;
C:\Users\Gaser\Desktop\COPRRA\vendor\laravel\framework\src\Illuminate\Testing\PendingCommand.php:550
C:\Users\Gaser\Desktop\COPRRA\vendor\laravel\framework\src\Illuminate\Testing\PendingCommand.php:448
C:\Users\Gaser\Desktop\COPRRA\vendor\laravel\framework\src\Illuminate\Testing\PendingCommand.php:675
C:\Users\Gaser\Desktop\COPRRA\vendor\laravel\framework\src\Illuminate\Foundation\Testing\Concerns\InteractsWithConsole.php:87
C:\Users\Gaser\Desktop\COPRRA\vendor\laravel\framework\src\Illuminate\Foundation\Testing\RefreshDatabase.php:101
C:\Users\Gaser\Desktop\COPRRA\vendor\laravel\framework\src\Illuminate\Foundation\Testing\RefreshDatabase.php:84
C:\Users\Gaser\Desktop\COPRRA\vendor\laravel\framework\src\Illuminate\Foundation\Testing\RefreshDatabase.php:25
C:\Users\Gaser\Desktop\COPRRA\vendor\laravel\framework\src\Illuminate\Foundation\Testing\Concerns\InteractsWithTestCaseLifecycle.php:209
C:\Users\Gaser\Desktop\COPRRA\vendor\laravel\framework\src\Illuminate\Foundation\Testing\Concerns\InteractsWithTestCaseLifecycle.php:97
C:\Users\Gaser\Desktop\COPRRA\vendor\laravel\framework\src\Illuminate\Foundation\Testing\TestCase.php:44
C:\Users\Gaser\Desktop\COPRRA\tests\TestCase.php:25
C:\Users\Gaser\Desktop\COPRRA\tests\Unit\PureUnitTest.php:32
C:\Users\Gaser\Desktop\COPRRA\tests\Feature\ApiRateLimitingTest.php:35</error>
        </testcase>
        <testcase name="test_validation" file="C:\Users\Gaser\Desktop\COPRRA\tests\Feature\ApiRateLimitingTest.php" line="27" class="Tests\Feature\ApiRateLimitingTest" classname="Tests.Feature.ApiRateLimitingTest" assertions="0" time="0.000000">
          <error type="Error">Tests\Feature\ApiRateLimitingTest::test_validation&#13;
Error: Class "Mockery" not found
&#13;
C:\Users\Gaser\Desktop\COPRRA\vendor\laravel\framework\src\Illuminate\Testing\PendingCommand.php:550
C:\Users\Gaser\Desktop\COPRRA\vendor\laravel\framework\src\Illuminate\Testing\PendingCommand.php:448
C:\Users\Gaser\Desktop\COPRRA\vendor\laravel\framework\src\Illuminate\Testing\PendingCommand.php:675
C:\Users\Gaser\Desktop\COPRRA\vendor\laravel\framework\src\Illuminate\Foundation\Testing\Concerns\InteractsWithConsole.php:87
C:\Users\Gaser\Desktop\COPRRA\vendor\laravel\framework\src\Illuminate\Foundation\Testing\RefreshDatabase.php:101
C:\Users\Gaser\Desktop\COPRRA\vendor\laravel\framework\src\Illuminate\Foundation\Testing\RefreshDatabase.php:84
C:\Users\Gaser\Desktop\COPRRA\vendor\laravel\framework\src\Illuminate\Foundation\Testing\RefreshDatabase.php:25
C:\Users\Gaser\Desktop\COPRRA\vendor\laravel\framework\src\Illuminate\Foundation\Testing\Concerns\InteractsWithTestCaseLifecycle.php:209
C:\Users\Gaser\Desktop\COPRRA\vendor\laravel\framework\src\Illuminate\Foundation\Testing\Concerns\InteractsWithTestCaseLifecycle.php:97
C:\Users\Gaser\Desktop\COPRRA\vendor\laravel\framework\src\Illuminate\Foundation\Testing\TestCase.php:44
C:\Users\Gaser\Desktop\COPRRA\tests\TestCase.php:25
C:\Users\Gaser\Desktop\COPRRA\tests\Unit\PureUnitTest.php:32
C:\Users\Gaser\Desktop\COPRRA\tests\Feature\ApiRateLimitingTest.php:35</error>
        </testcase>
      </testsuite>
      <testsuite name="Tests\Feature\ApiVersioningTest" file="C:\Users\Gaser\Desktop\COPRRA\tests\Feature\ApiVersioningTest.php" tests="3" assertions="0" errors="3" failures="0" skipped="0" time="0.000000">
        <testcase name="test_basic_functionality" file="C:\Users\Gaser\Desktop\COPRRA\tests\Feature\ApiVersioningTest.php" line="16" class="Tests\Feature\ApiVersioningTest" classname="Tests.Feature.ApiVersioningTest" assertions="0" time="0.000000">
          <error type="Error">Tests\Feature\ApiVersioningTest::test_basic_functionality&#13;
Error: Class "Mockery" not found
&#13;
C:\Users\Gaser\Desktop\COPRRA\vendor\laravel\framework\src\Illuminate\Testing\PendingCommand.php:550
C:\Users\Gaser\Desktop\COPRRA\vendor\laravel\framework\src\Illuminate\Testing\PendingCommand.php:448
C:\Users\Gaser\Desktop\COPRRA\vendor\laravel\framework\src\Illuminate\Testing\PendingCommand.php:675
C:\Users\Gaser\Desktop\COPRRA\vendor\laravel\framework\src\Illuminate\Foundation\Testing\Concerns\InteractsWithConsole.php:87
C:\Users\Gaser\Desktop\COPRRA\vendor\laravel\framework\src\Illuminate\Foundation\Testing\RefreshDatabase.php:101
C:\Users\Gaser\Desktop\COPRRA\vendor\laravel\framework\src\Illuminate\Foundation\Testing\RefreshDatabase.php:84
C:\Users\Gaser\Desktop\COPRRA\vendor\laravel\framework\src\Illuminate\Foundation\Testing\RefreshDatabase.php:25
C:\Users\Gaser\Desktop\COPRRA\vendor\laravel\framework\src\Illuminate\Foundation\Testing\Concerns\InteractsWithTestCaseLifecycle.php:209
C:\Users\Gaser\Desktop\COPRRA\vendor\laravel\framework\src\Illuminate\Foundation\Testing\Concerns\InteractsWithTestCaseLifecycle.php:97
C:\Users\Gaser\Desktop\COPRRA\vendor\laravel\framework\src\Illuminate\Foundation\Testing\TestCase.php:44
C:\Users\Gaser\Desktop\COPRRA\tests\TestCase.php:25
C:\Users\Gaser\Desktop\COPRRA\tests\Feature\ApiVersioningTest.php:38</error>
        </testcase>
        <testcase name="test_expected_behavior" file="C:\Users\Gaser\Desktop\COPRRA\tests\Feature\ApiVersioningTest.php" line="23" class="Tests\Feature\ApiVersioningTest" classname="Tests.Feature.ApiVersioningTest" assertions="0" time="0.000000">
          <error type="Error">Tests\Feature\ApiVersioningTest::test_expected_behavior&#13;
Error: Class "Mockery" not found
&#13;
C:\Users\Gaser\Desktop\COPRRA\vendor\laravel\framework\src\Illuminate\Testing\PendingCommand.php:550
C:\Users\Gaser\Desktop\COPRRA\vendor\laravel\framework\src\Illuminate\Testing\PendingCommand.php:448
C:\Users\Gaser\Desktop\COPRRA\vendor\laravel\framework\src\Illuminate\Testing\PendingCommand.php:675
C:\Users\Gaser\Desktop\COPRRA\vendor\laravel\framework\src\Illuminate\Foundation\Testing\Concerns\InteractsWithConsole.php:87
C:\Users\Gaser\Desktop\COPRRA\vendor\laravel\framework\src\Illuminate\Foundation\Testing\RefreshDatabase.php:101
C:\Users\Gaser\Desktop\COPRRA\vendor\laravel\framework\src\Illuminate\Foundation\Testing\RefreshDatabase.php:84
C:\Users\Gaser\Desktop\COPRRA\vendor\laravel\framework\src\Illuminate\Foundation\Testing\RefreshDatabase.php:25
C:\Users\Gaser\Desktop\COPRRA\vendor\laravel\framework\src\Illuminate\Foundation\Testing\Concerns\InteractsWithTestCaseLifecycle.php:209
C:\Users\Gaser\Desktop\COPRRA\vendor\laravel\framework\src\Illuminate\Foundation\Testing\Concerns\InteractsWithTestCaseLifecycle.php:97
C:\Users\Gaser\Desktop\COPRRA\vendor\laravel\framework\src\Illuminate\Foundation\Testing\TestCase.php:44
C:\Users\Gaser\Desktop\COPRRA\tests\TestCase.php:25
C:\Users\Gaser\Desktop\COPRRA\tests\Feature\ApiVersioningTest.php:38</error>
        </testcase>
        <testcase name="test_validation" file="C:\Users\Gaser\Desktop\COPRRA\tests\Feature\ApiVersioningTest.php" line="30" class="Tests\Feature\ApiVersioningTest" classname="Tests.Feature.ApiVersioningTest" assertions="0" time="0.000000">
          <error type="Error">Tests\Feature\ApiVersioningTest::test_validation&#13;
Error: Class "Mockery" not found
&#13;
C:\Users\Gaser\Desktop\COPRRA\vendor\laravel\framework\src\Illuminate\Testing\PendingCommand.php:550
C:\Users\Gaser\Desktop\COPRRA\vendor\laravel\framework\src\Illuminate\Testing\PendingCommand.php:448
C:\Users\Gaser\Desktop\COPRRA\vendor\laravel\framework\src\Illuminate\Testing\PendingCommand.php:675
C:\Users\Gaser\Desktop\COPRRA\vendor\laravel\framework\src\Illuminate\Foundation\Testing\Concerns\InteractsWithConsole.php:87
C:\Users\Gaser\Desktop\COPRRA\vendor\laravel\framework\src\Illuminate\Foundation\Testing\RefreshDatabase.php:101
C:\Users\Gaser\Desktop\COPRRA\vendor\laravel\framework\src\Illuminate\Foundation\Testing\RefreshDatabase.php:84
C:\Users\Gaser\Desktop\COPRRA\vendor\laravel\framework\src\Illuminate\Foundation\Testing\RefreshDatabase.php:25
C:\Users\Gaser\Desktop\COPRRA\vendor\laravel\framework\src\Illuminate\Foundation\Testing\Concerns\InteractsWithTestCaseLifecycle.php:209
C:\Users\Gaser\Desktop\COPRRA\vendor\laravel\framework\src\Illuminate\Foundation\Testing\Concerns\InteractsWithTestCaseLifecycle.php:97
C:\Users\Gaser\Desktop\COPRRA\vendor\laravel\framework\src\Illuminate\Foundation\Testing\TestCase.php:44
C:\Users\Gaser\Desktop\COPRRA\tests\TestCase.php:25
C:\Users\Gaser\Desktop\COPRRA\tests\Feature\ApiVersioningTest.php:38</error>
        </testcase>
      </testsuite>
      <testsuite name="Tests\Feature\Api\ComprehensiveApiTest" file="C:\Users\Gaser\Desktop\COPRRA\tests\Feature\Api\ComprehensiveApiTest.php" tests="3" assertions="0" errors="3" failures="0" skipped="0" time="0.000000">
        <testcase name="test_basic_functionality" file="C:\Users\Gaser\Desktop\COPRRA\tests\Feature\Api\ComprehensiveApiTest.php" line="13" class="Tests\Feature\Api\ComprehensiveApiTest" classname="Tests.Feature.Api.ComprehensiveApiTest" assertions="0" time="0.000000">
          <error type="Error">Tests\Feature\Api\ComprehensiveApiTest::test_basic_functionality&#13;
Error: Class "Mockery" not found
&#13;
C:\Users\Gaser\Desktop\COPRRA\vendor\laravel\framework\src\Illuminate\Testing\PendingCommand.php:550
C:\Users\Gaser\Desktop\COPRRA\vendor\laravel\framework\src\Illuminate\Testing\PendingCommand.php:448
C:\Users\Gaser\Desktop\COPRRA\vendor\laravel\framework\src\Illuminate\Testing\PendingCommand.php:675
C:\Users\Gaser\Desktop\COPRRA\vendor\laravel\framework\src\Illuminate\Foundation\Testing\Concerns\InteractsWithConsole.php:87
C:\Users\Gaser\Desktop\COPRRA\vendor\laravel\framework\src\Illuminate\Foundation\Testing\RefreshDatabase.php:101
C:\Users\Gaser\Desktop\COPRRA\vendor\laravel\framework\src\Illuminate\Foundation\Testing\RefreshDatabase.php:84
C:\Users\Gaser\Desktop\COPRRA\vendor\laravel\framework\src\Illuminate\Foundation\Testing\RefreshDatabase.php:25
C:\Users\Gaser\Desktop\COPRRA\vendor\laravel\framework\src\Illuminate\Foundation\Testing\Concerns\InteractsWithTestCaseLifecycle.php:209
C:\Users\Gaser\Desktop\COPRRA\vendor\laravel\framework\src\Illuminate\Foundation\Testing\Concerns\InteractsWithTestCaseLifecycle.php:97
C:\Users\Gaser\Desktop\COPRRA\vendor\laravel\framework\src\Illuminate\Foundation\Testing\TestCase.php:44
C:\Users\Gaser\Desktop\COPRRA\tests\TestCase.php:25</error>
        </testcase>
        <testcase name="test_expected_behavior" file="C:\Users\Gaser\Desktop\COPRRA\tests\Feature\Api\ComprehensiveApiTest.php" line="26" class="Tests\Feature\Api\ComprehensiveApiTest" classname="Tests.Feature.Api.ComprehensiveApiTest" assertions="0" time="0.000000">
          <error type="Error">Tests\Feature\Api\ComprehensiveApiTest::test_expected_behavior&#13;
Error: Class "Mockery" not found
&#13;
C:\Users\Gaser\Desktop\COPRRA\vendor\laravel\framework\src\Illuminate\Testing\PendingCommand.php:550
C:\Users\Gaser\Desktop\COPRRA\vendor\laravel\framework\src\Illuminate\Testing\PendingCommand.php:448
C:\Users\Gaser\Desktop\COPRRA\vendor\laravel\framework\src\Illuminate\Testing\PendingCommand.php:675
C:\Users\Gaser\Desktop\COPRRA\vendor\laravel\framework\src\Illuminate\Foundation\Testing\Concerns\InteractsWithConsole.php:87
C:\Users\Gaser\Desktop\COPRRA\vendor\laravel\framework\src\Illuminate\Foundation\Testing\RefreshDatabase.php:101
C:\Users\Gaser\Desktop\COPRRA\vendor\laravel\framework\src\Illuminate\Foundation\Testing\RefreshDatabase.php:84
C:\Users\Gaser\Desktop\COPRRA\vendor\laravel\framework\src\Illuminate\Foundation\Testing\RefreshDatabase.php:25
C:\Users\Gaser\Desktop\COPRRA\vendor\laravel\framework\src\Illuminate\Foundation\Testing\Concerns\InteractsWithTestCaseLifecycle.php:209
C:\Users\Gaser\Desktop\COPRRA\vendor\laravel\framework\src\Illuminate\Foundation\Testing\Concerns\InteractsWithTestCaseLifecycle.php:97
C:\Users\Gaser\Desktop\COPRRA\vendor\laravel\framework\src\Illuminate\Foundation\Testing\TestCase.php:44
C:\Users\Gaser\Desktop\COPRRA\tests\TestCase.php:25</error>
        </testcase>
        <testcase name="test_validation" file="C:\Users\Gaser\Desktop\COPRRA\tests\Feature\Api\ComprehensiveApiTest.php" line="41" class="Tests\Feature\Api\ComprehensiveApiTest" classname="Tests.Feature.Api.ComprehensiveApiTest" assertions="0" time="0.000000">
          <error type="Error">Tests\Feature\Api\ComprehensiveApiTest::test_validation&#13;
Error: Class "Mockery" not found
&#13;
C:\Users\Gaser\Desktop\COPRRA\vendor\laravel\framework\src\Illuminate\Testing\PendingCommand.php:550
C:\Users\Gaser\Desktop\COPRRA\vendor\laravel\framework\src\Illuminate\Testing\PendingCommand.php:448
C:\Users\Gaser\Desktop\COPRRA\vendor\laravel\framework\src\Illuminate\Testing\PendingCommand.php:675
C:\Users\Gaser\Desktop\COPRRA\vendor\laravel\framework\src\Illuminate\Foundation\Testing\Concerns\InteractsWithConsole.php:87
C:\Users\Gaser\Desktop\COPRRA\vendor\laravel\framework\src\Illuminate\Foundation\Testing\RefreshDatabase.php:101
C:\Users\Gaser\Desktop\COPRRA\vendor\laravel\framework\src\Illuminate\Foundation\Testing\RefreshDatabase.php:84
C:\Users\Gaser\Desktop\COPRRA\vendor\laravel\framework\src\Illuminate\Foundation\Testing\RefreshDatabase.php:25
C:\Users\Gaser\Desktop\COPRRA\vendor\laravel\framework\src\Illuminate\Foundation\Testing\Concerns\InteractsWithTestCaseLifecycle.php:209
C:\Users\Gaser\Desktop\COPRRA\vendor\laravel\framework\src\Illuminate\Foundation\Testing\Concerns\InteractsWithTestCaseLifecycle.php:97
C:\Users\Gaser\Desktop\COPRRA\vendor\laravel\framework\src\Illuminate\Foundation\Testing\TestCase.php:44
C:\Users\Gaser\Desktop\COPRRA\tests\TestCase.php:25</error>
        </testcase>
      </testsuite>
      <testsuite name="Tests\Feature\Api\DebugHealthContentTest" file="C:\Users\Gaser\Desktop\COPRRA\tests\Feature\Api\DebugHealthContentTest.php" tests="1" assertions="0" errors="1" failures="0" skipped="0" time="0.000000">
        <testcase name="test_dump_health_response_content" file="C:\Users\Gaser\Desktop\COPRRA\tests\Feature\Api\DebugHealthContentTest.php" line="12" class="Tests\Feature\Api\DebugHealthContentTest" classname="Tests.Feature.Api.DebugHealthContentTest" assertions="0" time="0.000000">
          <error type="Error">Tests\Feature\Api\DebugHealthContentTest::test_dump_health_response_content&#13;
Error: Class "Mockery" not found
&#13;
C:\Users\Gaser\Desktop\COPRRA\vendor\laravel\framework\src\Illuminate\Testing\PendingCommand.php:550
C:\Users\Gaser\Desktop\COPRRA\vendor\laravel\framework\src\Illuminate\Testing\PendingCommand.php:448
C:\Users\Gaser\Desktop\COPRRA\vendor\laravel\framework\src\Illuminate\Testing\PendingCommand.php:675
C:\Users\Gaser\Desktop\COPRRA\vendor\laravel\framework\src\Illuminate\Foundation\Testing\Concerns\InteractsWithConsole.php:87
C:\Users\Gaser\Desktop\COPRRA\vendor\laravel\framework\src\Illuminate\Foundation\Testing\RefreshDatabase.php:101
C:\Users\Gaser\Desktop\COPRRA\vendor\laravel\framework\src\Illuminate\Foundation\Testing\RefreshDatabase.php:84
C:\Users\Gaser\Desktop\COPRRA\vendor\laravel\framework\src\Illuminate\Foundation\Testing\RefreshDatabase.php:25
C:\Users\Gaser\Desktop\COPRRA\vendor\laravel\framework\src\Illuminate\Foundation\Testing\Concerns\InteractsWithTestCaseLifecycle.php:209
C:\Users\Gaser\Desktop\COPRRA\vendor\laravel\framework\src\Illuminate\Foundation\Testing\Concerns\InteractsWithTestCaseLifecycle.php:97
C:\Users\Gaser\Desktop\COPRRA\vendor\laravel\framework\src\Illuminate\Foundation\Testing\TestCase.php:44
C:\Users\Gaser\Desktop\COPRRA\tests\TestCase.php:25</error>
        </testcase>
      </testsuite>
      <testsuite name="Tests\Feature\Api\OrderApiTest" file="C:\Users\Gaser\Desktop\COPRRA\tests\Feature\Api\OrderApiTest.php" tests="10" assertions="0" errors="10" failures="0" skipped="0" time="0.000000">
        <testcase name="test_user_can_list_their_orders" file="C:\Users\Gaser\Desktop\COPRRA\tests\Feature\Api\OrderApiTest.php" line="26" class="Tests\Feature\Api\OrderApiTest" classname="Tests.Feature.Api.OrderApiTest" assertions="0" time="0.000000">
          <error type="Error">Tests\Feature\Api\OrderApiTest::test_user_can_list_their_orders&#13;
Error: Class "Mockery" not found
&#13;
C:\Users\Gaser\Desktop\COPRRA\vendor\laravel\framework\src\Illuminate\Testing\PendingCommand.php:550
C:\Users\Gaser\Desktop\COPRRA\vendor\laravel\framework\src\Illuminate\Testing\PendingCommand.php:448
C:\Users\Gaser\Desktop\COPRRA\vendor\laravel\framework\src\Illuminate\Testing\PendingCommand.php:675
C:\Users\Gaser\Desktop\COPRRA\vendor\laravel\framework\src\Illuminate\Foundation\Testing\Concerns\InteractsWithConsole.php:87
C:\Users\Gaser\Desktop\COPRRA\vendor\laravel\framework\src\Illuminate\Foundation\Testing\RefreshDatabase.php:101
C:\Users\Gaser\Desktop\COPRRA\vendor\laravel\framework\src\Illuminate\Foundation\Testing\RefreshDatabase.php:84
C:\Users\Gaser\Desktop\COPRRA\vendor\laravel\framework\src\Illuminate\Foundation\Testing\RefreshDatabase.php:25
C:\Users\Gaser\Desktop\COPRRA\vendor\laravel\framework\src\Illuminate\Foundation\Testing\Concerns\InteractsWithTestCaseLifecycle.php:209
C:\Users\Gaser\Desktop\COPRRA\vendor\laravel\framework\src\Illuminate\Foundation\Testing\Concerns\InteractsWithTestCaseLifecycle.php:97
C:\Users\Gaser\Desktop\COPRRA\vendor\laravel\framework\src\Illuminate\Foundation\Testing\TestCase.php:44
C:\Users\Gaser\Desktop\COPRRA\tests\TestCase.php:25
C:\Users\Gaser\Desktop\COPRRA\tests\Feature\Api\OrderApiTest.php:22</error>
        </testcase>
        <testcase name="test_user_can_filter_orders_by_status" file="C:\Users\Gaser\Desktop\COPRRA\tests\Feature\Api\OrderApiTest.php" line="38" class="Tests\Feature\Api\OrderApiTest" classname="Tests.Feature.Api.OrderApiTest" assertions="0" time="0.000000">
          <error type="Error">Tests\Feature\Api\OrderApiTest::test_user_can_filter_orders_by_status&#13;
Error: Class "Mockery" not found
&#13;
C:\Users\Gaser\Desktop\COPRRA\vendor\laravel\framework\src\Illuminate\Testing\PendingCommand.php:550
C:\Users\Gaser\Desktop\COPRRA\vendor\laravel\framework\src\Illuminate\Testing\PendingCommand.php:448
C:\Users\Gaser\Desktop\COPRRA\vendor\laravel\framework\src\Illuminate\Testing\PendingCommand.php:675
C:\Users\Gaser\Desktop\COPRRA\vendor\laravel\framework\src\Illuminate\Foundation\Testing\Concerns\InteractsWithConsole.php:87
C:\Users\Gaser\Desktop\COPRRA\vendor\laravel\framework\src\Illuminate\Foundation\Testing\RefreshDatabase.php:101
C:\Users\Gaser\Desktop\COPRRA\vendor\laravel\framework\src\Illuminate\Foundation\Testing\RefreshDatabase.php:84
C:\Users\Gaser\Desktop\COPRRA\vendor\laravel\framework\src\Illuminate\Foundation\Testing\RefreshDatabase.php:25
C:\Users\Gaser\Desktop\COPRRA\vendor\laravel\framework\src\Illuminate\Foundation\Testing\Concerns\InteractsWithTestCaseLifecycle.php:209
C:\Users\Gaser\Desktop\COPRRA\vendor\laravel\framework\src\Illuminate\Foundation\Testing\Concerns\InteractsWithTestCaseLifecycle.php:97
C:\Users\Gaser\Desktop\COPRRA\vendor\laravel\framework\src\Illuminate\Foundation\Testing\TestCase.php:44
C:\Users\Gaser\Desktop\COPRRA\tests\TestCase.php:25
C:\Users\Gaser\Desktop\COPRRA\tests\Feature\Api\OrderApiTest.php:22</error>
        </testcase>
        <testcase name="test_user_can_view_single_order" file="C:\Users\Gaser\Desktop\COPRRA\tests\Feature\Api\OrderApiTest.php" line="57" class="Tests\Feature\Api\OrderApiTest" classname="Tests.Feature.Api.OrderApiTest" assertions="0" time="0.000000">
          <error type="Error">Tests\Feature\Api\OrderApiTest::test_user_can_view_single_order&#13;
Error: Class "Mockery" not found
&#13;
C:\Users\Gaser\Desktop\COPRRA\vendor\laravel\framework\src\Illuminate\Testing\PendingCommand.php:550
C:\Users\Gaser\Desktop\COPRRA\vendor\laravel\framework\src\Illuminate\Testing\PendingCommand.php:448
C:\Users\Gaser\Desktop\COPRRA\vendor\laravel\framework\src\Illuminate\Testing\PendingCommand.php:675
C:\Users\Gaser\Desktop\COPRRA\vendor\laravel\framework\src\Illuminate\Foundation\Testing\Concerns\InteractsWithConsole.php:87
C:\Users\Gaser\Desktop\COPRRA\vendor\laravel\framework\src\Illuminate\Foundation\Testing\RefreshDatabase.php:101
C:\Users\Gaser\Desktop\COPRRA\vendor\laravel\framework\src\Illuminate\Foundation\Testing\RefreshDatabase.php:84
C:\Users\Gaser\Desktop\COPRRA\vendor\laravel\framework\src\Illuminate\Foundation\Testing\RefreshDatabase.php:25
C:\Users\Gaser\Desktop\COPRRA\vendor\laravel\framework\src\Illuminate\Foundation\Testing\Concerns\InteractsWithTestCaseLifecycle.php:209
C:\Users\Gaser\Desktop\COPRRA\vendor\laravel\framework\src\Illuminate\Foundation\Testing\Concerns\InteractsWithTestCaseLifecycle.php:97
C:\Users\Gaser\Desktop\COPRRA\vendor\laravel\framework\src\Illuminate\Foundation\Testing\TestCase.php:44
C:\Users\Gaser\Desktop\COPRRA\tests\TestCase.php:25
C:\Users\Gaser\Desktop\COPRRA\tests\Feature\Api\OrderApiTest.php:22</error>
        </testcase>
        <testcase name="test_user_cannot_view_other_users_order" file="C:\Users\Gaser\Desktop\COPRRA\tests\Feature\Api\OrderApiTest.php" line="69" class="Tests\Feature\Api\OrderApiTest" classname="Tests.Feature.Api.OrderApiTest" assertions="0" time="0.000000">
          <error type="Error">Tests\Feature\Api\OrderApiTest::test_user_cannot_view_other_users_order&#13;
Error: Class "Mockery" not found
&#13;
C:\Users\Gaser\Desktop\COPRRA\vendor\laravel\framework\src\Illuminate\Testing\PendingCommand.php:550
C:\Users\Gaser\Desktop\COPRRA\vendor\laravel\framework\src\Illuminate\Testing\PendingCommand.php:448
C:\Users\Gaser\Desktop\COPRRA\vendor\laravel\framework\src\Illuminate\Testing\PendingCommand.php:675
C:\Users\Gaser\Desktop\COPRRA\vendor\laravel\framework\src\Illuminate\Foundation\Testing\Concerns\InteractsWithConsole.php:87
C:\Users\Gaser\Desktop\COPRRA\vendor\laravel\framework\src\Illuminate\Foundation\Testing\RefreshDatabase.php:101
C:\Users\Gaser\Desktop\COPRRA\vendor\laravel\framework\src\Illuminate\Foundation\Testing\RefreshDatabase.php:84
C:\Users\Gaser\Desktop\COPRRA\vendor\laravel\framework\src\Illuminate\Foundation\Testing\RefreshDatabase.php:25
C:\Users\Gaser\Desktop\COPRRA\vendor\laravel\framework\src\Illuminate\Foundation\Testing\Concerns\InteractsWithTestCaseLifecycle.php:209
C:\Users\Gaser\Desktop\COPRRA\vendor\laravel\framework\src\Illuminate\Foundation\Testing\Concerns\InteractsWithTestCaseLifecycle.php:97
C:\Users\Gaser\Desktop\COPRRA\vendor\laravel\framework\src\Illuminate\Foundation\Testing\TestCase.php:44
C:\Users\Gaser\Desktop\COPRRA\tests\TestCase.php:25
C:\Users\Gaser\Desktop\COPRRA\tests\Feature\Api\OrderApiTest.php:22</error>
        </testcase>
        <testcase name="test_user_can_create_order" file="C:\Users\Gaser\Desktop\COPRRA\tests\Feature\Api\OrderApiTest.php" line="79" class="Tests\Feature\Api\OrderApiTest" classname="Tests.Feature.Api.OrderApiTest" assertions="0" time="0.000000">
          <error type="Error">Tests\Feature\Api\OrderApiTest::test_user_can_create_order&#13;
Error: Class "Mockery" not found
&#13;
C:\Users\Gaser\Desktop\COPRRA\vendor\laravel\framework\src\Illuminate\Testing\PendingCommand.php:550
C:\Users\Gaser\Desktop\COPRRA\vendor\laravel\framework\src\Illuminate\Testing\PendingCommand.php:448
C:\Users\Gaser\Desktop\COPRRA\vendor\laravel\framework\src\Illuminate\Testing\PendingCommand.php:675
C:\Users\Gaser\Desktop\COPRRA\vendor\laravel\framework\src\Illuminate\Foundation\Testing\Concerns\InteractsWithConsole.php:87
C:\Users\Gaser\Desktop\COPRRA\vendor\laravel\framework\src\Illuminate\Foundation\Testing\RefreshDatabase.php:101
C:\Users\Gaser\Desktop\COPRRA\vendor\laravel\framework\src\Illuminate\Foundation\Testing\RefreshDatabase.php:84
C:\Users\Gaser\Desktop\COPRRA\vendor\laravel\framework\src\Illuminate\Foundation\Testing\RefreshDatabase.php:25
C:\Users\Gaser\Desktop\COPRRA\vendor\laravel\framework\src\Illuminate\Foundation\Testing\Concerns\InteractsWithTestCaseLifecycle.php:209
C:\Users\Gaser\Desktop\COPRRA\vendor\laravel\framework\src\Illuminate\Foundation\Testing\Concerns\InteractsWithTestCaseLifecycle.php:97
C:\Users\Gaser\Desktop\COPRRA\vendor\laravel\framework\src\Illuminate\Foundation\Testing\TestCase.php:44
C:\Users\Gaser\Desktop\COPRRA\tests\TestCase.php:25
C:\Users\Gaser\Desktop\COPRRA\tests\Feature\Api\OrderApiTest.php:22</error>
        </testcase>
        <testcase name="test_create_order_validates_required_fields" file="C:\Users\Gaser\Desktop\COPRRA\tests\Feature\Api\OrderApiTest.php" line="114" class="Tests\Feature\Api\OrderApiTest" classname="Tests.Feature.Api.OrderApiTest" assertions="0" time="0.000000">
          <error type="Error">Tests\Feature\Api\OrderApiTest::test_create_order_validates_required_fields&#13;
Error: Class "Mockery" not found
&#13;
C:\Users\Gaser\Desktop\COPRRA\vendor\laravel\framework\src\Illuminate\Testing\PendingCommand.php:550
C:\Users\Gaser\Desktop\COPRRA\vendor\laravel\framework\src\Illuminate\Testing\PendingCommand.php:448
C:\Users\Gaser\Desktop\COPRRA\vendor\laravel\framework\src\Illuminate\Testing\PendingCommand.php:675
C:\Users\Gaser\Desktop\COPRRA\vendor\laravel\framework\src\Illuminate\Foundation\Testing\Concerns\InteractsWithConsole.php:87
C:\Users\Gaser\Desktop\COPRRA\vendor\laravel\framework\src\Illuminate\Foundation\Testing\RefreshDatabase.php:101
C:\Users\Gaser\Desktop\COPRRA\vendor\laravel\framework\src\Illuminate\Foundation\Testing\RefreshDatabase.php:84
C:\Users\Gaser\Desktop\COPRRA\vendor\laravel\framework\src\Illuminate\Foundation\Testing\RefreshDatabase.php:25
C:\Users\Gaser\Desktop\COPRRA\vendor\laravel\framework\src\Illuminate\Foundation\Testing\Concerns\InteractsWithTestCaseLifecycle.php:209
C:\Users\Gaser\Desktop\COPRRA\vendor\laravel\framework\src\Illuminate\Foundation\Testing\Concerns\InteractsWithTestCaseLifecycle.php:97
C:\Users\Gaser\Desktop\COPRRA\vendor\laravel\framework\src\Illuminate\Foundation\Testing\TestCase.php:44
C:\Users\Gaser\Desktop\COPRRA\tests\TestCase.php:25
C:\Users\Gaser\Desktop\COPRRA\tests\Feature\Api\OrderApiTest.php:22</error>
        </testcase>
        <testcase name="test_create_order_validates_product_exists" file="C:\Users\Gaser\Desktop\COPRRA\tests\Feature\Api\OrderApiTest.php" line="123" class="Tests\Feature\Api\OrderApiTest" classname="Tests.Feature.Api.OrderApiTest" assertions="0" time="0.000000">
          <error type="Error">Tests\Feature\Api\OrderApiTest::test_create_order_validates_product_exists&#13;
Error: Class "Mockery" not found
&#13;
C:\Users\Gaser\Desktop\COPRRA\vendor\laravel\framework\src\Illuminate\Testing\PendingCommand.php:550
C:\Users\Gaser\Desktop\COPRRA\vendor\laravel\framework\src\Illuminate\Testing\PendingCommand.php:448
C:\Users\Gaser\Desktop\COPRRA\vendor\laravel\framework\src\Illuminate\Testing\PendingCommand.php:675
C:\Users\Gaser\Desktop\COPRRA\vendor\laravel\framework\src\Illuminate\Foundation\Testing\Concerns\InteractsWithConsole.php:87
C:\Users\Gaser\Desktop\COPRRA\vendor\laravel\framework\src\Illuminate\Foundation\Testing\RefreshDatabase.php:101
C:\Users\Gaser\Desktop\COPRRA\vendor\laravel\framework\src\Illuminate\Foundation\Testing\RefreshDatabase.php:84
C:\Users\Gaser\Desktop\COPRRA\vendor\laravel\framework\src\Illuminate\Foundation\Testing\RefreshDatabase.php:25
C:\Users\Gaser\Desktop\COPRRA\vendor\laravel\framework\src\Illuminate\Foundation\Testing\Concerns\InteractsWithTestCaseLifecycle.php:209
C:\Users\Gaser\Desktop\COPRRA\vendor\laravel\framework\src\Illuminate\Foundation\Testing\Concerns\InteractsWithTestCaseLifecycle.php:97
C:\Users\Gaser\Desktop\COPRRA\vendor\laravel\framework\src\Illuminate\Foundation\Testing\TestCase.php:44
C:\Users\Gaser\Desktop\COPRRA\tests\TestCase.php:25
C:\Users\Gaser\Desktop\COPRRA\tests\Feature\Api\OrderApiTest.php:22</error>
        </testcase>
        <testcase name="test_guest_cannot_access_orders" file="C:\Users\Gaser\Desktop\COPRRA\tests\Feature\Api\OrderApiTest.php" line="138" class="Tests\Feature\Api\OrderApiTest" classname="Tests.Feature.Api.OrderApiTest" assertions="0" time="0.000000">
          <error type="Error">Tests\Feature\Api\OrderApiTest::test_guest_cannot_access_orders&#13;
Error: Class "Mockery" not found
&#13;
C:\Users\Gaser\Desktop\COPRRA\vendor\laravel\framework\src\Illuminate\Testing\PendingCommand.php:550
C:\Users\Gaser\Desktop\COPRRA\vendor\laravel\framework\src\Illuminate\Testing\PendingCommand.php:448
C:\Users\Gaser\Desktop\COPRRA\vendor\laravel\framework\src\Illuminate\Testing\PendingCommand.php:675
C:\Users\Gaser\Desktop\COPRRA\vendor\laravel\framework\src\Illuminate\Foundation\Testing\Concerns\InteractsWithConsole.php:87
C:\Users\Gaser\Desktop\COPRRA\vendor\laravel\framework\src\Illuminate\Foundation\Testing\RefreshDatabase.php:101
C:\Users\Gaser\Desktop\COPRRA\vendor\laravel\framework\src\Illuminate\Foundation\Testing\RefreshDatabase.php:84
C:\Users\Gaser\Desktop\COPRRA\vendor\laravel\framework\src\Illuminate\Foundation\Testing\RefreshDatabase.php:25
C:\Users\Gaser\Desktop\COPRRA\vendor\laravel\framework\src\Illuminate\Foundation\Testing\Concerns\InteractsWithTestCaseLifecycle.php:209
C:\Users\Gaser\Desktop\COPRRA\vendor\laravel\framework\src\Illuminate\Foundation\Testing\Concerns\InteractsWithTestCaseLifecycle.php:97
C:\Users\Gaser\Desktop\COPRRA\vendor\laravel\framework\src\Illuminate\Foundation\Testing\TestCase.php:44
C:\Users\Gaser\Desktop\COPRRA\tests\TestCase.php:25
C:\Users\Gaser\Desktop\COPRRA\tests\Feature\Api\OrderApiTest.php:22</error>
        </testcase>
        <testcase name="test_order_response_includes_status_details" file="C:\Users\Gaser\Desktop\COPRRA\tests\Feature\Api\OrderApiTest.php" line="145" class="Tests\Feature\Api\OrderApiTest" classname="Tests.Feature.Api.OrderApiTest" assertions="0" time="0.000000">
          <error type="Error">Tests\Feature\Api\OrderApiTest::test_order_response_includes_status_details&#13;
Error: Class "Mockery" not found
&#13;
C:\Users\Gaser\Desktop\COPRRA\vendor\laravel\framework\src\Illuminate\Testing\PendingCommand.php:550
C:\Users\Gaser\Desktop\COPRRA\vendor\laravel\framework\src\Illuminate\Testing\PendingCommand.php:448
C:\Users\Gaser\Desktop\COPRRA\vendor\laravel\framework\src\Illuminate\Testing\PendingCommand.php:675
C:\Users\Gaser\Desktop\COPRRA\vendor\laravel\framework\src\Illuminate\Foundation\Testing\Concerns\InteractsWithConsole.php:87
C:\Users\Gaser\Desktop\COPRRA\vendor\laravel\framework\src\Illuminate\Foundation\Testing\RefreshDatabase.php:101
C:\Users\Gaser\Desktop\COPRRA\vendor\laravel\framework\src\Illuminate\Foundation\Testing\RefreshDatabase.php:84
C:\Users\Gaser\Desktop\COPRRA\vendor\laravel\framework\src\Illuminate\Foundation\Testing\RefreshDatabase.php:25
C:\Users\Gaser\Desktop\COPRRA\vendor\laravel\framework\src\Illuminate\Foundation\Testing\Concerns\InteractsWithTestCaseLifecycle.php:209
C:\Users\Gaser\Desktop\COPRRA\vendor\laravel\framework\src\Illuminate\Foundation\Testing\Concerns\InteractsWithTestCaseLifecycle.php:97
C:\Users\Gaser\Desktop\COPRRA\vendor\laravel\framework\src\Illuminate\Foundation\Testing\TestCase.php:44
C:\Users\Gaser\Desktop\COPRRA\tests\TestCase.php:25
C:\Users\Gaser\Desktop\COPRRA\tests\Feature\Api\OrderApiTest.php:22</error>
        </testcase>
        <testcase name="test_order_list_is_paginated" file="C:\Users\Gaser\Desktop\COPRRA\tests\Feature\Api\OrderApiTest.php" line="167" class="Tests\Feature\Api\OrderApiTest" classname="Tests.Feature.Api.OrderApiTest" assertions="0" time="0.000000">
          <error type="Error">Tests\Feature\Api\OrderApiTest::test_order_list_is_paginated&#13;
Error: Class "Mockery" not found
&#13;
C:\Users\Gaser\Desktop\COPRRA\vendor\laravel\framework\src\Illuminate\Testing\PendingCommand.php:550
C:\Users\Gaser\Desktop\COPRRA\vendor\laravel\framework\src\Illuminate\Testing\PendingCommand.php:448
C:\Users\Gaser\Desktop\COPRRA\vendor\laravel\framework\src\Illuminate\Testing\PendingCommand.php:675
C:\Users\Gaser\Desktop\COPRRA\vendor\laravel\framework\src\Illuminate\Foundation\Testing\Concerns\InteractsWithConsole.php:87
C:\Users\Gaser\Desktop\COPRRA\vendor\laravel\framework\src\Illuminate\Foundation\Testing\RefreshDatabase.php:101
C:\Users\Gaser\Desktop\COPRRA\vendor\laravel\framework\src\Illuminate\Foundation\Testing\RefreshDatabase.php:84
C:\Users\Gaser\Desktop\COPRRA\vendor\laravel\framework\src\Illuminate\Foundation\Testing\RefreshDatabase.php:25
C:\Users\Gaser\Desktop\COPRRA\vendor\laravel\framework\src\Illuminate\Foundation\Testing\Concerns\InteractsWithTestCaseLifecycle.php:209
C:\Users\Gaser\Desktop\COPRRA\vendor\laravel\framework\src\Illuminate\Foundation\Testing\Concerns\InteractsWithTestCaseLifecycle.php:97
C:\Users\Gaser\Desktop\COPRRA\vendor\laravel\framework\src\Illuminate\Foundation\Testing\TestCase.php:44
C:\Users\Gaser\Desktop\COPRRA\tests\TestCase.php:25
C:\Users\Gaser\Desktop\COPRRA\tests\Feature\Api\OrderApiTest.php:22</error>
        </testcase>
      </testsuite>
      <testsuite name="Tests\Feature\Api\ProductApiTest" file="C:\Users\Gaser\Desktop\COPRRA\tests\Feature\Api\ProductApiTest.php" tests="13" assertions="0" errors="13" failures="0" skipped="0" time="0.000000">
        <testcase name="test_guest_can_list_products" file="C:\Users\Gaser\Desktop\COPRRA\tests\Feature\Api\ProductApiTest.php" line="17" class="Tests\Feature\Api\ProductApiTest" classname="Tests.Feature.Api.ProductApiTest" assertions="0" time="0.000000">
          <error type="Error">Tests\Feature\Api\ProductApiTest::test_guest_can_list_products&#13;
Error: Class "Mockery" not found
&#13;
C:\Users\Gaser\Desktop\COPRRA\vendor\laravel\framework\src\Illuminate\Testing\PendingCommand.php:550
C:\Users\Gaser\Desktop\COPRRA\vendor\laravel\framework\src\Illuminate\Testing\PendingCommand.php:448
C:\Users\Gaser\Desktop\COPRRA\vendor\laravel\framework\src\Illuminate\Testing\PendingCommand.php:675
C:\Users\Gaser\Desktop\COPRRA\vendor\laravel\framework\src\Illuminate\Foundation\Testing\Concerns\InteractsWithConsole.php:87
C:\Users\Gaser\Desktop\COPRRA\vendor\laravel\framework\src\Illuminate\Foundation\Testing\RefreshDatabase.php:101
C:\Users\Gaser\Desktop\COPRRA\vendor\laravel\framework\src\Illuminate\Foundation\Testing\RefreshDatabase.php:84
C:\Users\Gaser\Desktop\COPRRA\vendor\laravel\framework\src\Illuminate\Foundation\Testing\RefreshDatabase.php:25
C:\Users\Gaser\Desktop\COPRRA\vendor\laravel\framework\src\Illuminate\Foundation\Testing\Concerns\InteractsWithTestCaseLifecycle.php:209
C:\Users\Gaser\Desktop\COPRRA\vendor\laravel\framework\src\Illuminate\Foundation\Testing\Concerns\InteractsWithTestCaseLifecycle.php:97
C:\Users\Gaser\Desktop\COPRRA\vendor\laravel\framework\src\Illuminate\Foundation\Testing\TestCase.php:44
C:\Users\Gaser\Desktop\COPRRA\tests\TestCase.php:25</error>
        </testcase>
        <testcase name="test_can_search_products_by_name" file="C:\Users\Gaser\Desktop\COPRRA\tests\Feature\Api\ProductApiTest.php" line="27" class="Tests\Feature\Api\ProductApiTest" classname="Tests.Feature.Api.ProductApiTest" assertions="0" time="0.000000">
          <error type="Error">Tests\Feature\Api\ProductApiTest::test_can_search_products_by_name&#13;
Error: Class "Mockery" not found
&#13;
C:\Users\Gaser\Desktop\COPRRA\vendor\laravel\framework\src\Illuminate\Testing\PendingCommand.php:550
C:\Users\Gaser\Desktop\COPRRA\vendor\laravel\framework\src\Illuminate\Testing\PendingCommand.php:448
C:\Users\Gaser\Desktop\COPRRA\vendor\laravel\framework\src\Illuminate\Testing\PendingCommand.php:675
C:\Users\Gaser\Desktop\COPRRA\vendor\laravel\framework\src\Illuminate\Foundation\Testing\Concerns\InteractsWithConsole.php:87
C:\Users\Gaser\Desktop\COPRRA\vendor\laravel\framework\src\Illuminate\Foundation\Testing\RefreshDatabase.php:101
C:\Users\Gaser\Desktop\COPRRA\vendor\laravel\framework\src\Illuminate\Foundation\Testing\RefreshDatabase.php:84
C:\Users\Gaser\Desktop\COPRRA\vendor\laravel\framework\src\Illuminate\Foundation\Testing\RefreshDatabase.php:25
C:\Users\Gaser\Desktop\COPRRA\vendor\laravel\framework\src\Illuminate\Foundation\Testing\Concerns\InteractsWithTestCaseLifecycle.php:209
C:\Users\Gaser\Desktop\COPRRA\vendor\laravel\framework\src\Illuminate\Foundation\Testing\Concerns\InteractsWithTestCaseLifecycle.php:97
C:\Users\Gaser\Desktop\COPRRA\vendor\laravel\framework\src\Illuminate\Foundation\Testing\TestCase.php:44
C:\Users\Gaser\Desktop\COPRRA\tests\TestCase.php:25</error>
        </testcase>
        <testcase name="test_can_filter_products_by_category" file="C:\Users\Gaser\Desktop\COPRRA\tests\Feature\Api\ProductApiTest.php" line="39" class="Tests\Feature\Api\ProductApiTest" classname="Tests.Feature.Api.ProductApiTest" assertions="0" time="0.000000">
          <error type="Error">Tests\Feature\Api\ProductApiTest::test_can_filter_products_by_category&#13;
Error: Class "Mockery" not found
&#13;
C:\Users\Gaser\Desktop\COPRRA\vendor\laravel\framework\src\Illuminate\Testing\PendingCommand.php:550
C:\Users\Gaser\Desktop\COPRRA\vendor\laravel\framework\src\Illuminate\Testing\PendingCommand.php:448
C:\Users\Gaser\Desktop\COPRRA\vendor\laravel\framework\src\Illuminate\Testing\PendingCommand.php:675
C:\Users\Gaser\Desktop\COPRRA\vendor\laravel\framework\src\Illuminate\Foundation\Testing\Concerns\InteractsWithConsole.php:87
C:\Users\Gaser\Desktop\COPRRA\vendor\laravel\framework\src\Illuminate\Foundation\Testing\RefreshDatabase.php:101
C:\Users\Gaser\Desktop\COPRRA\vendor\laravel\framework\src\Illuminate\Foundation\Testing\RefreshDatabase.php:84
C:\Users\Gaser\Desktop\COPRRA\vendor\laravel\framework\src\Illuminate\Foundation\Testing\RefreshDatabase.php:25
C:\Users\Gaser\Desktop\COPRRA\vendor\laravel\framework\src\Illuminate\Foundation\Testing\Concerns\InteractsWithTestCaseLifecycle.php:209
C:\Users\Gaser\Desktop\COPRRA\vendor\laravel\framework\src\Illuminate\Foundation\Testing\Concerns\InteractsWithTestCaseLifecycle.php:97
C:\Users\Gaser\Desktop\COPRRA\vendor\laravel\framework\src\Illuminate\Foundation\Testing\TestCase.php:44
C:\Users\Gaser\Desktop\COPRRA\tests\TestCase.php:25</error>
        </testcase>
        <testcase name="test_can_filter_products_by_brand" file="C:\Users\Gaser\Desktop\COPRRA\tests\Feature\Api\ProductApiTest.php" line="54" class="Tests\Feature\Api\ProductApiTest" classname="Tests.Feature.Api.ProductApiTest" assertions="0" time="0.000000">
          <error type="Error">Tests\Feature\Api\ProductApiTest::test_can_filter_products_by_brand&#13;
Error: Class "Mockery" not found
&#13;
C:\Users\Gaser\Desktop\COPRRA\vendor\laravel\framework\src\Illuminate\Testing\PendingCommand.php:550
C:\Users\Gaser\Desktop\COPRRA\vendor\laravel\framework\src\Illuminate\Testing\PendingCommand.php:448
C:\Users\Gaser\Desktop\COPRRA\vendor\laravel\framework\src\Illuminate\Testing\PendingCommand.php:675
C:\Users\Gaser\Desktop\COPRRA\vendor\laravel\framework\src\Illuminate\Foundation\Testing\Concerns\InteractsWithConsole.php:87
C:\Users\Gaser\Desktop\COPRRA\vendor\laravel\framework\src\Illuminate\Foundation\Testing\RefreshDatabase.php:101
C:\Users\Gaser\Desktop\COPRRA\vendor\laravel\framework\src\Illuminate\Foundation\Testing\RefreshDatabase.php:84
C:\Users\Gaser\Desktop\COPRRA\vendor\laravel\framework\src\Illuminate\Foundation\Testing\RefreshDatabase.php:25
C:\Users\Gaser\Desktop\COPRRA\vendor\laravel\framework\src\Illuminate\Foundation\Testing\Concerns\InteractsWithTestCaseLifecycle.php:209
C:\Users\Gaser\Desktop\COPRRA\vendor\laravel\framework\src\Illuminate\Foundation\Testing\Concerns\InteractsWithTestCaseLifecycle.php:97
C:\Users\Gaser\Desktop\COPRRA\vendor\laravel\framework\src\Illuminate\Foundation\Testing\TestCase.php:44
C:\Users\Gaser\Desktop\COPRRA\tests\TestCase.php:25</error>
        </testcase>
        <testcase name="test_can_filter_products_by_price_range" file="C:\Users\Gaser\Desktop\COPRRA\tests\Feature\Api\ProductApiTest.php" line="69" class="Tests\Feature\Api\ProductApiTest" classname="Tests.Feature.Api.ProductApiTest" assertions="0" time="0.000000">
          <error type="Error">Tests\Feature\Api\ProductApiTest::test_can_filter_products_by_price_range&#13;
Error: Class "Mockery" not found
&#13;
C:\Users\Gaser\Desktop\COPRRA\vendor\laravel\framework\src\Illuminate\Testing\PendingCommand.php:550
C:\Users\Gaser\Desktop\COPRRA\vendor\laravel\framework\src\Illuminate\Testing\PendingCommand.php:448
C:\Users\Gaser\Desktop\COPRRA\vendor\laravel\framework\src\Illuminate\Testing\PendingCommand.php:675
C:\Users\Gaser\Desktop\COPRRA\vendor\laravel\framework\src\Illuminate\Foundation\Testing\Concerns\InteractsWithConsole.php:87
C:\Users\Gaser\Desktop\COPRRA\vendor\laravel\framework\src\Illuminate\Foundation\Testing\RefreshDatabase.php:101
C:\Users\Gaser\Desktop\COPRRA\vendor\laravel\framework\src\Illuminate\Foundation\Testing\RefreshDatabase.php:84
C:\Users\Gaser\Desktop\COPRRA\vendor\laravel\framework\src\Illuminate\Foundation\Testing\RefreshDatabase.php:25
C:\Users\Gaser\Desktop\COPRRA\vendor\laravel\framework\src\Illuminate\Foundation\Testing\Concerns\InteractsWithTestCaseLifecycle.php:209
C:\Users\Gaser\Desktop\COPRRA\vendor\laravel\framework\src\Illuminate\Foundation\Testing\Concerns\InteractsWithTestCaseLifecycle.php:97
C:\Users\Gaser\Desktop\COPRRA\vendor\laravel\framework\src\Illuminate\Foundation\Testing\TestCase.php:44
C:\Users\Gaser\Desktop\COPRRA\tests\TestCase.php:25</error>
        </testcase>
        <testcase name="test_can_filter_featured_products" file="C:\Users\Gaser\Desktop\COPRRA\tests\Feature\Api\ProductApiTest.php" line="81" class="Tests\Feature\Api\ProductApiTest" classname="Tests.Feature.Api.ProductApiTest" assertions="0" time="0.000000">
          <error type="Error">Tests\Feature\Api\ProductApiTest::test_can_filter_featured_products&#13;
Error: Class "Mockery" not found
&#13;
C:\Users\Gaser\Desktop\COPRRA\vendor\laravel\framework\src\Illuminate\Testing\PendingCommand.php:550
C:\Users\Gaser\Desktop\COPRRA\vendor\laravel\framework\src\Illuminate\Testing\PendingCommand.php:448
C:\Users\Gaser\Desktop\COPRRA\vendor\laravel\framework\src\Illuminate\Testing\PendingCommand.php:675
C:\Users\Gaser\Desktop\COPRRA\vendor\laravel\framework\src\Illuminate\Foundation\Testing\Concerns\InteractsWithConsole.php:87
C:\Users\Gaser\Desktop\COPRRA\vendor\laravel\framework\src\Illuminate\Foundation\Testing\RefreshDatabase.php:101
C:\Users\Gaser\Desktop\COPRRA\vendor\laravel\framework\src\Illuminate\Foundation\Testing\RefreshDatabase.php:84
C:\Users\Gaser\Desktop\COPRRA\vendor\laravel\framework\src\Illuminate\Foundation\Testing\RefreshDatabase.php:25
C:\Users\Gaser\Desktop\COPRRA\vendor\laravel\framework\src\Illuminate\Foundation\Testing\Concerns\InteractsWithTestCaseLifecycle.php:209
C:\Users\Gaser\Desktop\COPRRA\vendor\laravel\framework\src\Illuminate\Foundation\Testing\Concerns\InteractsWithTestCaseLifecycle.php:97
C:\Users\Gaser\Desktop\COPRRA\vendor\laravel\framework\src\Illuminate\Foundation\Testing\TestCase.php:44
C:\Users\Gaser\Desktop\COPRRA\tests\TestCase.php:25</error>
        </testcase>
        <testcase name="test_can_sort_products_by_price_ascending" file="C:\Users\Gaser\Desktop\COPRRA\tests\Feature\Api\ProductApiTest.php" line="98" class="Tests\Feature\Api\ProductApiTest" classname="Tests.Feature.Api.ProductApiTest" assertions="0" time="0.000000">
          <error type="Error">Tests\Feature\Api\ProductApiTest::test_can_sort_products_by_price_ascending&#13;
Error: Class "Mockery" not found
&#13;
C:\Users\Gaser\Desktop\COPRRA\vendor\laravel\framework\src\Illuminate\Testing\PendingCommand.php:550
C:\Users\Gaser\Desktop\COPRRA\vendor\laravel\framework\src\Illuminate\Testing\PendingCommand.php:448
C:\Users\Gaser\Desktop\COPRRA\vendor\laravel\framework\src\Illuminate\Testing\PendingCommand.php:675
C:\Users\Gaser\Desktop\COPRRA\vendor\laravel\framework\src\Illuminate\Foundation\Testing\Concerns\InteractsWithConsole.php:87
C:\Users\Gaser\Desktop\COPRRA\vendor\laravel\framework\src\Illuminate\Foundation\Testing\RefreshDatabase.php:101
C:\Users\Gaser\Desktop\COPRRA\vendor\laravel\framework\src\Illuminate\Foundation\Testing\RefreshDatabase.php:84
C:\Users\Gaser\Desktop\COPRRA\vendor\laravel\framework\src\Illuminate\Foundation\Testing\RefreshDatabase.php:25
C:\Users\Gaser\Desktop\COPRRA\vendor\laravel\framework\src\Illuminate\Foundation\Testing\Concerns\InteractsWithTestCaseLifecycle.php:209
C:\Users\Gaser\Desktop\COPRRA\vendor\laravel\framework\src\Illuminate\Foundation\Testing\Concerns\InteractsWithTestCaseLifecycle.php:97
C:\Users\Gaser\Desktop\COPRRA\vendor\laravel\framework\src\Illuminate\Foundation\Testing\TestCase.php:44
C:\Users\Gaser\Desktop\COPRRA\tests\TestCase.php:25</error>
        </testcase>
        <testcase name="test_can_sort_products_by_price_descending" file="C:\Users\Gaser\Desktop\COPRRA\tests\Feature\Api\ProductApiTest.php" line="113" class="Tests\Feature\Api\ProductApiTest" classname="Tests.Feature.Api.ProductApiTest" assertions="0" time="0.000000">
          <error type="Error">Tests\Feature\Api\ProductApiTest::test_can_sort_products_by_price_descending&#13;
Error: Class "Mockery" not found
&#13;
C:\Users\Gaser\Desktop\COPRRA\vendor\laravel\framework\src\Illuminate\Testing\PendingCommand.php:550
C:\Users\Gaser\Desktop\COPRRA\vendor\laravel\framework\src\Illuminate\Testing\PendingCommand.php:448
C:\Users\Gaser\Desktop\COPRRA\vendor\laravel\framework\src\Illuminate\Testing\PendingCommand.php:675
C:\Users\Gaser\Desktop\COPRRA\vendor\laravel\framework\src\Illuminate\Foundation\Testing\Concerns\InteractsWithConsole.php:87
C:\Users\Gaser\Desktop\COPRRA\vendor\laravel\framework\src\Illuminate\Foundation\Testing\RefreshDatabase.php:101
C:\Users\Gaser\Desktop\COPRRA\vendor\laravel\framework\src\Illuminate\Foundation\Testing\RefreshDatabase.php:84
C:\Users\Gaser\Desktop\COPRRA\vendor\laravel\framework\src\Illuminate\Foundation\Testing\RefreshDatabase.php:25
C:\Users\Gaser\Desktop\COPRRA\vendor\laravel\framework\src\Illuminate\Foundation\Testing\Concerns\InteractsWithTestCaseLifecycle.php:209
C:\Users\Gaser\Desktop\COPRRA\vendor\laravel\framework\src\Illuminate\Foundation\Testing\Concerns\InteractsWithTestCaseLifecycle.php:97
C:\Users\Gaser\Desktop\COPRRA\vendor\laravel\framework\src\Illuminate\Foundation\Testing\TestCase.php:44
C:\Users\Gaser\Desktop\COPRRA\tests\TestCase.php:25</error>
        </testcase>
        <testcase name="test_inactive_products_are_not_listed" file="C:\Users\Gaser\Desktop\COPRRA\tests\Feature\Api\ProductApiTest.php" line="128" class="Tests\Feature\Api\ProductApiTest" classname="Tests.Feature.Api.ProductApiTest" assertions="0" time="0.000000">
          <error type="Error">Tests\Feature\Api\ProductApiTest::test_inactive_products_are_not_listed&#13;
Error: Class "Mockery" not found
&#13;
C:\Users\Gaser\Desktop\COPRRA\vendor\laravel\framework\src\Illuminate\Testing\PendingCommand.php:550
C:\Users\Gaser\Desktop\COPRRA\vendor\laravel\framework\src\Illuminate\Testing\PendingCommand.php:448
C:\Users\Gaser\Desktop\COPRRA\vendor\laravel\framework\src\Illuminate\Testing\PendingCommand.php:675
C:\Users\Gaser\Desktop\COPRRA\vendor\laravel\framework\src\Illuminate\Foundation\Testing\Concerns\InteractsWithConsole.php:87
C:\Users\Gaser\Desktop\COPRRA\vendor\laravel\framework\src\Illuminate\Foundation\Testing\RefreshDatabase.php:101
C:\Users\Gaser\Desktop\COPRRA\vendor\laravel\framework\src\Illuminate\Foundation\Testing\RefreshDatabase.php:84
C:\Users\Gaser\Desktop\COPRRA\vendor\laravel\framework\src\Illuminate\Foundation\Testing\RefreshDatabase.php:25
C:\Users\Gaser\Desktop\COPRRA\vendor\laravel\framework\src\Illuminate\Foundation\Testing\Concerns\InteractsWithTestCaseLifecycle.php:209
C:\Users\Gaser\Desktop\COPRRA\vendor\laravel\framework\src\Illuminate\Foundation\Testing\Concerns\InteractsWithTestCaseLifecycle.php:97
C:\Users\Gaser\Desktop\COPRRA\vendor\laravel\framework\src\Illuminate\Foundation\Testing\TestCase.php:44
C:\Users\Gaser\Desktop\COPRRA\tests\TestCase.php:25</error>
        </testcase>
        <testcase name="test_product_list_is_paginated" file="C:\Users\Gaser\Desktop\COPRRA\tests\Feature\Api\ProductApiTest.php" line="139" class="Tests\Feature\Api\ProductApiTest" classname="Tests.Feature.Api.ProductApiTest" assertions="0" time="0.000000">
          <error type="Error">Tests\Feature\Api\ProductApiTest::test_product_list_is_paginated&#13;
Error: Class "Mockery" not found
&#13;
C:\Users\Gaser\Desktop\COPRRA\vendor\laravel\framework\src\Illuminate\Testing\PendingCommand.php:550
C:\Users\Gaser\Desktop\COPRRA\vendor\laravel\framework\src\Illuminate\Testing\PendingCommand.php:448
C:\Users\Gaser\Desktop\COPRRA\vendor\laravel\framework\src\Illuminate\Testing\PendingCommand.php:675
C:\Users\Gaser\Desktop\COPRRA\vendor\laravel\framework\src\Illuminate\Foundation\Testing\Concerns\InteractsWithConsole.php:87
C:\Users\Gaser\Desktop\COPRRA\vendor\laravel\framework\src\Illuminate\Foundation\Testing\RefreshDatabase.php:101
C:\Users\Gaser\Desktop\COPRRA\vendor\laravel\framework\src\Illuminate\Foundation\Testing\RefreshDatabase.php:84
C:\Users\Gaser\Desktop\COPRRA\vendor\laravel\framework\src\Illuminate\Foundation\Testing\RefreshDatabase.php:25
C:\Users\Gaser\Desktop\COPRRA\vendor\laravel\framework\src\Illuminate\Foundation\Testing\Concerns\InteractsWithTestCaseLifecycle.php:209
C:\Users\Gaser\Desktop\COPRRA\vendor\laravel\framework\src\Illuminate\Foundation\Testing\Concerns\InteractsWithTestCaseLifecycle.php:97
C:\Users\Gaser\Desktop\COPRRA\vendor\laravel\framework\src\Illuminate\Foundation\Testing\TestCase.php:44
C:\Users\Gaser\Desktop\COPRRA\tests\TestCase.php:25</error>
        </testcase>
        <testcase name="test_can_view_single_product" file="C:\Users\Gaser\Desktop\COPRRA\tests\Feature\Api\ProductApiTest.php" line="150" class="Tests\Feature\Api\ProductApiTest" classname="Tests.Feature.Api.ProductApiTest" assertions="0" time="0.000000">
          <error type="Error">Tests\Feature\Api\ProductApiTest::test_can_view_single_product&#13;
Error: Class "Mockery" not found
&#13;
C:\Users\Gaser\Desktop\COPRRA\vendor\laravel\framework\src\Illuminate\Testing\PendingCommand.php:550
C:\Users\Gaser\Desktop\COPRRA\vendor\laravel\framework\src\Illuminate\Testing\PendingCommand.php:448
C:\Users\Gaser\Desktop\COPRRA\vendor\laravel\framework\src\Illuminate\Testing\PendingCommand.php:675
C:\Users\Gaser\Desktop\COPRRA\vendor\laravel\framework\src\Illuminate\Foundation\Testing\Concerns\InteractsWithConsole.php:87
C:\Users\Gaser\Desktop\COPRRA\vendor\laravel\framework\src\Illuminate\Foundation\Testing\RefreshDatabase.php:101
C:\Users\Gaser\Desktop\COPRRA\vendor\laravel\framework\src\Illuminate\Foundation\Testing\RefreshDatabase.php:84
C:\Users\Gaser\Desktop\COPRRA\vendor\laravel\framework\src\Illuminate\Foundation\Testing\RefreshDatabase.php:25
C:\Users\Gaser\Desktop\COPRRA\vendor\laravel\framework\src\Illuminate\Foundation\Testing\Concerns\InteractsWithTestCaseLifecycle.php:209
C:\Users\Gaser\Desktop\COPRRA\vendor\laravel\framework\src\Illuminate\Foundation\Testing\Concerns\InteractsWithTestCaseLifecycle.php:97
C:\Users\Gaser\Desktop\COPRRA\vendor\laravel\framework\src\Illuminate\Foundation\Testing\TestCase.php:44
C:\Users\Gaser\Desktop\COPRRA\tests\TestCase.php:25</error>
        </testcase>
        <testcase name="test_product_response_includes_relationships" file="C:\Users\Gaser\Desktop\COPRRA\tests\Feature\Api\ProductApiTest.php" line="161" class="Tests\Feature\Api\ProductApiTest" classname="Tests.Feature.Api.ProductApiTest" assertions="0" time="0.000000">
          <error type="Error">Tests\Feature\Api\ProductApiTest::test_product_response_includes_relationships&#13;
Error: Class "Mockery" not found
&#13;
C:\Users\Gaser\Desktop\COPRRA\vendor\laravel\framework\src\Illuminate\Testing\PendingCommand.php:550
C:\Users\Gaser\Desktop\COPRRA\vendor\laravel\framework\src\Illuminate\Testing\PendingCommand.php:448
C:\Users\Gaser\Desktop\COPRRA\vendor\laravel\framework\src\Illuminate\Testing\PendingCommand.php:675
C:\Users\Gaser\Desktop\COPRRA\vendor\laravel\framework\src\Illuminate\Foundation\Testing\Concerns\InteractsWithConsole.php:87
C:\Users\Gaser\Desktop\COPRRA\vendor\laravel\framework\src\Illuminate\Foundation\Testing\RefreshDatabase.php:101
C:\Users\Gaser\Desktop\COPRRA\vendor\laravel\framework\src\Illuminate\Foundation\Testing\RefreshDatabase.php:84
C:\Users\Gaser\Desktop\COPRRA\vendor\laravel\framework\src\Illuminate\Foundation\Testing\RefreshDatabase.php:25
C:\Users\Gaser\Desktop\COPRRA\vendor\laravel\framework\src\Illuminate\Foundation\Testing\Concerns\InteractsWithTestCaseLifecycle.php:209
C:\Users\Gaser\Desktop\COPRRA\vendor\laravel\framework\src\Illuminate\Foundation\Testing\Concerns\InteractsWithTestCaseLifecycle.php:97
C:\Users\Gaser\Desktop\COPRRA\vendor\laravel\framework\src\Illuminate\Foundation\Testing\TestCase.php:44
C:\Users\Gaser\Desktop\COPRRA\tests\TestCase.php:25</error>
        </testcase>
        <testcase name="test_per_page_is_limited_to_100" file="C:\Users\Gaser\Desktop\COPRRA\tests\Feature\Api\ProductApiTest.php" line="185" class="Tests\Feature\Api\ProductApiTest" classname="Tests.Feature.Api.ProductApiTest" assertions="0" time="0.000000">
          <error type="Error">Tests\Feature\Api\ProductApiTest::test_per_page_is_limited_to_100&#13;
Error: Class "Mockery" not found
&#13;
C:\Users\Gaser\Desktop\COPRRA\vendor\laravel\framework\src\Illuminate\Testing\PendingCommand.php:550
C:\Users\Gaser\Desktop\COPRRA\vendor\laravel\framework\src\Illuminate\Testing\PendingCommand.php:448
C:\Users\Gaser\Desktop\COPRRA\vendor\laravel\framework\src\Illuminate\Testing\PendingCommand.php:675
C:\Users\Gaser\Desktop\COPRRA\vendor\laravel\framework\src\Illuminate\Foundation\Testing\Concerns\InteractsWithConsole.php:87
C:\Users\Gaser\Desktop\COPRRA\vendor\laravel\framework\src\Illuminate\Foundation\Testing\RefreshDatabase.php:101
C:\Users\Gaser\Desktop\COPRRA\vendor\laravel\framework\src\Illuminate\Foundation\Testing\RefreshDatabase.php:84
C:\Users\Gaser\Desktop\COPRRA\vendor\laravel\framework\src\Illuminate\Foundation\Testing\RefreshDatabase.php:25
C:\Users\Gaser\Desktop\COPRRA\vendor\laravel\framework\src\Illuminate\Foundation\Testing\Concerns\InteractsWithTestCaseLifecycle.php:209
C:\Users\Gaser\Desktop\COPRRA\vendor\laravel\framework\src\Illuminate\Foundation\Testing\Concerns\InteractsWithTestCaseLifecycle.php:97
C:\Users\Gaser\Desktop\COPRRA\vendor\laravel\framework\src\Illuminate\Foundation\Testing\TestCase.php:44
C:\Users\Gaser\Desktop\COPRRA\tests\TestCase.php:25</error>
        </testcase>
      </testsuite>
      <testsuite name="Tests\Feature\Auth\AuthControllerTest" file="C:\Users\Gaser\Desktop\COPRRA\tests\Feature\Auth\AuthControllerTest.php" tests="11" assertions="0" errors="11" failures="0" skipped="0" time="0.000000">
        <testcase name="test_user_can_login_with_valid_credentials" file="C:\Users\Gaser\Desktop\COPRRA\tests\Feature\Auth\AuthControllerTest.php" line="17" class="Tests\Feature\Auth\AuthControllerTest" classname="Tests.Feature.Auth.AuthControllerTest" assertions="0" time="0.000000">
          <error type="Error">Tests\Feature\Auth\AuthControllerTest::test_user_can_login_with_valid_credentials&#13;
Error: Class "Mockery" not found
&#13;
C:\Users\Gaser\Desktop\COPRRA\vendor\laravel\framework\src\Illuminate\Testing\PendingCommand.php:550
C:\Users\Gaser\Desktop\COPRRA\vendor\laravel\framework\src\Illuminate\Testing\PendingCommand.php:448
C:\Users\Gaser\Desktop\COPRRA\vendor\laravel\framework\src\Illuminate\Testing\PendingCommand.php:675
C:\Users\Gaser\Desktop\COPRRA\vendor\laravel\framework\src\Illuminate\Foundation\Testing\Concerns\InteractsWithConsole.php:87
C:\Users\Gaser\Desktop\COPRRA\vendor\laravel\framework\src\Illuminate\Foundation\Testing\RefreshDatabase.php:101
C:\Users\Gaser\Desktop\COPRRA\vendor\laravel\framework\src\Illuminate\Foundation\Testing\RefreshDatabase.php:84
C:\Users\Gaser\Desktop\COPRRA\vendor\laravel\framework\src\Illuminate\Foundation\Testing\RefreshDatabase.php:25
C:\Users\Gaser\Desktop\COPRRA\vendor\laravel\framework\src\Illuminate\Foundation\Testing\Concerns\InteractsWithTestCaseLifecycle.php:209
C:\Users\Gaser\Desktop\COPRRA\vendor\laravel\framework\src\Illuminate\Foundation\Testing\Concerns\InteractsWithTestCaseLifecycle.php:97
C:\Users\Gaser\Desktop\COPRRA\vendor\laravel\framework\src\Illuminate\Foundation\Testing\TestCase.php:44
C:\Users\Gaser\Desktop\COPRRA\tests\TestCase.php:25</error>
        </testcase>
        <testcase name="test_user_cannot_login_with_invalid_credentials" file="C:\Users\Gaser\Desktop\COPRRA\tests\Feature\Auth\AuthControllerTest.php" line="33" class="Tests\Feature\Auth\AuthControllerTest" classname="Tests.Feature.Auth.AuthControllerTest" assertions="0" time="0.000000">
          <error type="Error">Tests\Feature\Auth\AuthControllerTest::test_user_cannot_login_with_invalid_credentials&#13;
Error: Class "Mockery" not found
&#13;
C:\Users\Gaser\Desktop\COPRRA\vendor\laravel\framework\src\Illuminate\Testing\PendingCommand.php:550
C:\Users\Gaser\Desktop\COPRRA\vendor\laravel\framework\src\Illuminate\Testing\PendingCommand.php:448
C:\Users\Gaser\Desktop\COPRRA\vendor\laravel\framework\src\Illuminate\Testing\PendingCommand.php:675
C:\Users\Gaser\Desktop\COPRRA\vendor\laravel\framework\src\Illuminate\Foundation\Testing\Concerns\InteractsWithConsole.php:87
C:\Users\Gaser\Desktop\COPRRA\vendor\laravel\framework\src\Illuminate\Foundation\Testing\RefreshDatabase.php:101
C:\Users\Gaser\Desktop\COPRRA\vendor\laravel\framework\src\Illuminate\Foundation\Testing\RefreshDatabase.php:84
C:\Users\Gaser\Desktop\COPRRA\vendor\laravel\framework\src\Illuminate\Foundation\Testing\RefreshDatabase.php:25
C:\Users\Gaser\Desktop\COPRRA\vendor\laravel\framework\src\Illuminate\Foundation\Testing\Concerns\InteractsWithTestCaseLifecycle.php:209
C:\Users\Gaser\Desktop\COPRRA\vendor\laravel\framework\src\Illuminate\Foundation\Testing\Concerns\InteractsWithTestCaseLifecycle.php:97
C:\Users\Gaser\Desktop\COPRRA\vendor\laravel\framework\src\Illuminate\Foundation\Testing\TestCase.php:44
C:\Users\Gaser\Desktop\COPRRA\tests\TestCase.php:25</error>
        </testcase>
        <testcase name="test_user_can_register_with_valid_data" file="C:\Users\Gaser\Desktop\COPRRA\tests\Feature\Auth\AuthControllerTest.php" line="49" class="Tests\Feature\Auth\AuthControllerTest" classname="Tests.Feature.Auth.AuthControllerTest" assertions="0" time="0.000000">
          <error type="Error">Tests\Feature\Auth\AuthControllerTest::test_user_can_register_with_valid_data&#13;
Error: Class "Mockery" not found
&#13;
C:\Users\Gaser\Desktop\COPRRA\vendor\laravel\framework\src\Illuminate\Testing\PendingCommand.php:550
C:\Users\Gaser\Desktop\COPRRA\vendor\laravel\framework\src\Illuminate\Testing\PendingCommand.php:448
C:\Users\Gaser\Desktop\COPRRA\vendor\laravel\framework\src\Illuminate\Testing\PendingCommand.php:675
C:\Users\Gaser\Desktop\COPRRA\vendor\laravel\framework\src\Illuminate\Foundation\Testing\Concerns\InteractsWithConsole.php:87
C:\Users\Gaser\Desktop\COPRRA\vendor\laravel\framework\src\Illuminate\Foundation\Testing\RefreshDatabase.php:101
C:\Users\Gaser\Desktop\COPRRA\vendor\laravel\framework\src\Illuminate\Foundation\Testing\RefreshDatabase.php:84
C:\Users\Gaser\Desktop\COPRRA\vendor\laravel\framework\src\Illuminate\Foundation\Testing\RefreshDatabase.php:25
C:\Users\Gaser\Desktop\COPRRA\vendor\laravel\framework\src\Illuminate\Foundation\Testing\Concerns\InteractsWithTestCaseLifecycle.php:209
C:\Users\Gaser\Desktop\COPRRA\vendor\laravel\framework\src\Illuminate\Foundation\Testing\Concerns\InteractsWithTestCaseLifecycle.php:97
C:\Users\Gaser\Desktop\COPRRA\vendor\laravel\framework\src\Illuminate\Foundation\Testing\TestCase.php:44
C:\Users\Gaser\Desktop\COPRRA\tests\TestCase.php:25</error>
        </testcase>
        <testcase name="test_user_cannot_register_with_weak_password" file="C:\Users\Gaser\Desktop\COPRRA\tests\Feature\Auth\AuthControllerTest.php" line="66" class="Tests\Feature\Auth\AuthControllerTest" classname="Tests.Feature.Auth.AuthControllerTest" assertions="0" time="0.000000">
          <error type="Error">Tests\Feature\Auth\AuthControllerTest::test_user_cannot_register_with_weak_password&#13;
Error: Class "Mockery" not found
&#13;
C:\Users\Gaser\Desktop\COPRRA\vendor\laravel\framework\src\Illuminate\Testing\PendingCommand.php:550
C:\Users\Gaser\Desktop\COPRRA\vendor\laravel\framework\src\Illuminate\Testing\PendingCommand.php:448
C:\Users\Gaser\Desktop\COPRRA\vendor\laravel\framework\src\Illuminate\Testing\PendingCommand.php:675
C:\Users\Gaser\Desktop\COPRRA\vendor\laravel\framework\src\Illuminate\Foundation\Testing\Concerns\InteractsWithConsole.php:87
C:\Users\Gaser\Desktop\COPRRA\vendor\laravel\framework\src\Illuminate\Foundation\Testing\RefreshDatabase.php:101
C:\Users\Gaser\Desktop\COPRRA\vendor\laravel\framework\src\Illuminate\Foundation\Testing\RefreshDatabase.php:84
C:\Users\Gaser\Desktop\COPRRA\vendor\laravel\framework\src\Illuminate\Foundation\Testing\RefreshDatabase.php:25
C:\Users\Gaser\Desktop\COPRRA\vendor\laravel\framework\src\Illuminate\Foundation\Testing\Concerns\InteractsWithTestCaseLifecycle.php:209
C:\Users\Gaser\Desktop\COPRRA\vendor\laravel\framework\src\Illuminate\Foundation\Testing\Concerns\InteractsWithTestCaseLifecycle.php:97
C:\Users\Gaser\Desktop\COPRRA\vendor\laravel\framework\src\Illuminate\Foundation\Testing\TestCase.php:44
C:\Users\Gaser\Desktop\COPRRA\tests\TestCase.php:25</error>
        </testcase>
        <testcase name="test_user_cannot_register_with_existing_email" file="C:\Users\Gaser\Desktop\COPRRA\tests\Feature\Auth\AuthControllerTest.php" line="79" class="Tests\Feature\Auth\AuthControllerTest" classname="Tests.Feature.Auth.AuthControllerTest" assertions="0" time="0.000000">
          <error type="Error">Tests\Feature\Auth\AuthControllerTest::test_user_cannot_register_with_existing_email&#13;
Error: Class "Mockery" not found
&#13;
C:\Users\Gaser\Desktop\COPRRA\vendor\laravel\framework\src\Illuminate\Testing\PendingCommand.php:550
C:\Users\Gaser\Desktop\COPRRA\vendor\laravel\framework\src\Illuminate\Testing\PendingCommand.php:448
C:\Users\Gaser\Desktop\COPRRA\vendor\laravel\framework\src\Illuminate\Testing\PendingCommand.php:675
C:\Users\Gaser\Desktop\COPRRA\vendor\laravel\framework\src\Illuminate\Foundation\Testing\Concerns\InteractsWithConsole.php:87
C:\Users\Gaser\Desktop\COPRRA\vendor\laravel\framework\src\Illuminate\Foundation\Testing\RefreshDatabase.php:101
C:\Users\Gaser\Desktop\COPRRA\vendor\laravel\framework\src\Illuminate\Foundation\Testing\RefreshDatabase.php:84
C:\Users\Gaser\Desktop\COPRRA\vendor\laravel\framework\src\Illuminate\Foundation\Testing\RefreshDatabase.php:25
C:\Users\Gaser\Desktop\COPRRA\vendor\laravel\framework\src\Illuminate\Foundation\Testing\Concerns\InteractsWithTestCaseLifecycle.php:209
C:\Users\Gaser\Desktop\COPRRA\vendor\laravel\framework\src\Illuminate\Foundation\Testing\Concerns\InteractsWithTestCaseLifecycle.php:97
C:\Users\Gaser\Desktop\COPRRA\vendor\laravel\framework\src\Illuminate\Foundation\Testing\TestCase.php:44
C:\Users\Gaser\Desktop\COPRRA\tests\TestCase.php:25</error>
        </testcase>
        <testcase name="test_user_can_logout" file="C:\Users\Gaser\Desktop\COPRRA\tests\Feature\Auth\AuthControllerTest.php" line="94" class="Tests\Feature\Auth\AuthControllerTest" classname="Tests.Feature.Auth.AuthControllerTest" assertions="0" time="0.000000">
          <error type="Error">Tests\Feature\Auth\AuthControllerTest::test_user_can_logout&#13;
Error: Class "Mockery" not found
&#13;
C:\Users\Gaser\Desktop\COPRRA\vendor\laravel\framework\src\Illuminate\Testing\PendingCommand.php:550
C:\Users\Gaser\Desktop\COPRRA\vendor\laravel\framework\src\Illuminate\Testing\PendingCommand.php:448
C:\Users\Gaser\Desktop\COPRRA\vendor\laravel\framework\src\Illuminate\Testing\PendingCommand.php:675
C:\Users\Gaser\Desktop\COPRRA\vendor\laravel\framework\src\Illuminate\Foundation\Testing\Concerns\InteractsWithConsole.php:87
C:\Users\Gaser\Desktop\COPRRA\vendor\laravel\framework\src\Illuminate\Foundation\Testing\RefreshDatabase.php:101
C:\Users\Gaser\Desktop\COPRRA\vendor\laravel\framework\src\Illuminate\Foundation\Testing\RefreshDatabase.php:84
C:\Users\Gaser\Desktop\COPRRA\vendor\laravel\framework\src\Illuminate\Foundation\Testing\RefreshDatabase.php:25
C:\Users\Gaser\Desktop\COPRRA\vendor\laravel\framework\src\Illuminate\Foundation\Testing\Concerns\InteractsWithTestCaseLifecycle.php:209
C:\Users\Gaser\Desktop\COPRRA\vendor\laravel\framework\src\Illuminate\Foundation\Testing\Concerns\InteractsWithTestCaseLifecycle.php:97
C:\Users\Gaser\Desktop\COPRRA\vendor\laravel\framework\src\Illuminate\Foundation\Testing\TestCase.php:44
C:\Users\Gaser\Desktop\COPRRA\tests\TestCase.php:25</error>
        </testcase>
        <testcase name="test_user_can_request_password_reset" file="C:\Users\Gaser\Desktop\COPRRA\tests\Feature\Auth\AuthControllerTest.php" line="105" class="Tests\Feature\Auth\AuthControllerTest" classname="Tests.Feature.Auth.AuthControllerTest" assertions="0" time="0.000000">
          <error type="Error">Tests\Feature\Auth\AuthControllerTest::test_user_can_request_password_reset&#13;
Error: Class "Mockery" not found
&#13;
C:\Users\Gaser\Desktop\COPRRA\vendor\laravel\framework\src\Illuminate\Testing\PendingCommand.php:550
C:\Users\Gaser\Desktop\COPRRA\vendor\laravel\framework\src\Illuminate\Testing\PendingCommand.php:448
C:\Users\Gaser\Desktop\COPRRA\vendor\laravel\framework\src\Illuminate\Testing\PendingCommand.php:675
C:\Users\Gaser\Desktop\COPRRA\vendor\laravel\framework\src\Illuminate\Foundation\Testing\Concerns\InteractsWithConsole.php:87
C:\Users\Gaser\Desktop\COPRRA\vendor\laravel\framework\src\Illuminate\Foundation\Testing\RefreshDatabase.php:101
C:\Users\Gaser\Desktop\COPRRA\vendor\laravel\framework\src\Illuminate\Foundation\Testing\RefreshDatabase.php:84
C:\Users\Gaser\Desktop\COPRRA\vendor\laravel\framework\src\Illuminate\Foundation\Testing\RefreshDatabase.php:25
C:\Users\Gaser\Desktop\COPRRA\vendor\laravel\framework\src\Illuminate\Foundation\Testing\Concerns\InteractsWithTestCaseLifecycle.php:209
C:\Users\Gaser\Desktop\COPRRA\vendor\laravel\framework\src\Illuminate\Foundation\Testing\Concerns\InteractsWithTestCaseLifecycle.php:97
C:\Users\Gaser\Desktop\COPRRA\vendor\laravel\framework\src\Illuminate\Foundation\Testing\TestCase.php:44
C:\Users\Gaser\Desktop\COPRRA\tests\TestCase.php:25</error>
        </testcase>
        <testcase name="test_user_can_reset_password_with_valid_token" file="C:\Users\Gaser\Desktop\COPRRA\tests\Feature\Auth\AuthControllerTest.php" line="116" class="Tests\Feature\Auth\AuthControllerTest" classname="Tests.Feature.Auth.AuthControllerTest" assertions="0" time="0.000000">
          <error type="Error">Tests\Feature\Auth\AuthControllerTest::test_user_can_reset_password_with_valid_token&#13;
Error: Class "Mockery" not found
&#13;
C:\Users\Gaser\Desktop\COPRRA\vendor\laravel\framework\src\Illuminate\Testing\PendingCommand.php:550
C:\Users\Gaser\Desktop\COPRRA\vendor\laravel\framework\src\Illuminate\Testing\PendingCommand.php:448
C:\Users\Gaser\Desktop\COPRRA\vendor\laravel\framework\src\Illuminate\Testing\PendingCommand.php:675
C:\Users\Gaser\Desktop\COPRRA\vendor\laravel\framework\src\Illuminate\Foundation\Testing\Concerns\InteractsWithConsole.php:87
C:\Users\Gaser\Desktop\COPRRA\vendor\laravel\framework\src\Illuminate\Foundation\Testing\RefreshDatabase.php:101
C:\Users\Gaser\Desktop\COPRRA\vendor\laravel\framework\src\Illuminate\Foundation\Testing\RefreshDatabase.php:84
C:\Users\Gaser\Desktop\COPRRA\vendor\laravel\framework\src\Illuminate\Foundation\Testing\RefreshDatabase.php:25
C:\Users\Gaser\Desktop\COPRRA\vendor\laravel\framework\src\Illuminate\Foundation\Testing\Concerns\InteractsWithTestCaseLifecycle.php:209
C:\Users\Gaser\Desktop\COPRRA\vendor\laravel\framework\src\Illuminate\Foundation\Testing\Concerns\InteractsWithTestCaseLifecycle.php:97
C:\Users\Gaser\Desktop\COPRRA\vendor\laravel\framework\src\Illuminate\Foundation\Testing\TestCase.php:44
C:\Users\Gaser\Desktop\COPRRA\tests\TestCase.php:25</error>
        </testcase>
        <testcase name="test_login_is_rate_limited" file="C:\Users\Gaser\Desktop\COPRRA\tests\Feature\Auth\AuthControllerTest.php" line="132" class="Tests\Feature\Auth\AuthControllerTest" classname="Tests.Feature.Auth.AuthControllerTest" assertions="0" time="0.000000">
          <error type="Error">Tests\Feature\Auth\AuthControllerTest::test_login_is_rate_limited&#13;
Error: Class "Mockery" not found
&#13;
C:\Users\Gaser\Desktop\COPRRA\vendor\laravel\framework\src\Illuminate\Testing\PendingCommand.php:550
C:\Users\Gaser\Desktop\COPRRA\vendor\laravel\framework\src\Illuminate\Testing\PendingCommand.php:448
C:\Users\Gaser\Desktop\COPRRA\vendor\laravel\framework\src\Illuminate\Testing\PendingCommand.php:675
C:\Users\Gaser\Desktop\COPRRA\vendor\laravel\framework\src\Illuminate\Foundation\Testing\Concerns\InteractsWithConsole.php:87
C:\Users\Gaser\Desktop\COPRRA\vendor\laravel\framework\src\Illuminate\Foundation\Testing\RefreshDatabase.php:101
C:\Users\Gaser\Desktop\COPRRA\vendor\laravel\framework\src\Illuminate\Foundation\Testing\RefreshDatabase.php:84
C:\Users\Gaser\Desktop\COPRRA\vendor\laravel\framework\src\Illuminate\Foundation\Testing\RefreshDatabase.php:25
C:\Users\Gaser\Desktop\COPRRA\vendor\laravel\framework\src\Illuminate\Foundation\Testing\Concerns\InteractsWithTestCaseLifecycle.php:209
C:\Users\Gaser\Desktop\COPRRA\vendor\laravel\framework\src\Illuminate\Foundation\Testing\Concerns\InteractsWithTestCaseLifecycle.php:97
C:\Users\Gaser\Desktop\COPRRA\vendor\laravel\framework\src\Illuminate\Foundation\Testing\TestCase.php:44
C:\Users\Gaser\Desktop\COPRRA\tests\TestCase.php:25</error>
        </testcase>
        <testcase name="test_register_is_rate_limited" file="C:\Users\Gaser\Desktop\COPRRA\tests\Feature\Auth\AuthControllerTest.php" line="155" class="Tests\Feature\Auth\AuthControllerTest" classname="Tests.Feature.Auth.AuthControllerTest" assertions="0" time="0.000000">
          <error type="Error">Tests\Feature\Auth\AuthControllerTest::test_register_is_rate_limited&#13;
Error: Class "Mockery" not found
&#13;
C:\Users\Gaser\Desktop\COPRRA\vendor\laravel\framework\src\Illuminate\Testing\PendingCommand.php:550
C:\Users\Gaser\Desktop\COPRRA\vendor\laravel\framework\src\Illuminate\Testing\PendingCommand.php:448
C:\Users\Gaser\Desktop\COPRRA\vendor\laravel\framework\src\Illuminate\Testing\PendingCommand.php:675
C:\Users\Gaser\Desktop\COPRRA\vendor\laravel\framework\src\Illuminate\Foundation\Testing\Concerns\InteractsWithConsole.php:87
C:\Users\Gaser\Desktop\COPRRA\vendor\laravel\framework\src\Illuminate\Foundation\Testing\RefreshDatabase.php:101
C:\Users\Gaser\Desktop\COPRRA\vendor\laravel\framework\src\Illuminate\Foundation\Testing\RefreshDatabase.php:84
C:\Users\Gaser\Desktop\COPRRA\vendor\laravel\framework\src\Illuminate\Foundation\Testing\RefreshDatabase.php:25
C:\Users\Gaser\Desktop\COPRRA\vendor\laravel\framework\src\Illuminate\Foundation\Testing\Concerns\InteractsWithTestCaseLifecycle.php:209
C:\Users\Gaser\Desktop\COPRRA\vendor\laravel\framework\src\Illuminate\Foundation\Testing\Concerns\InteractsWithTestCaseLifecycle.php:97
C:\Users\Gaser\Desktop\COPRRA\vendor\laravel\framework\src\Illuminate\Foundation\Testing\TestCase.php:44
C:\Users\Gaser\Desktop\COPRRA\tests\TestCase.php:25</error>
        </testcase>
        <testcase name="test_password_uses_hash_make_not_bcrypt" file="C:\Users\Gaser\Desktop\COPRRA\tests\Feature\Auth\AuthControllerTest.php" line="177" class="Tests\Feature\Auth\AuthControllerTest" classname="Tests.Feature.Auth.AuthControllerTest" assertions="0" time="0.000000">
          <error type="Error">Tests\Feature\Auth\AuthControllerTest::test_password_uses_hash_make_not_bcrypt&#13;
Error: Class "Mockery" not found
&#13;
C:\Users\Gaser\Desktop\COPRRA\vendor\laravel\framework\src\Illuminate\Testing\PendingCommand.php:550
C:\Users\Gaser\Desktop\COPRRA\vendor\laravel\framework\src\Illuminate\Testing\PendingCommand.php:448
C:\Users\Gaser\Desktop\COPRRA\vendor\laravel\framework\src\Illuminate\Testing\PendingCommand.php:675
C:\Users\Gaser\Desktop\COPRRA\vendor\laravel\framework\src\Illuminate\Foundation\Testing\Concerns\InteractsWithConsole.php:87
C:\Users\Gaser\Desktop\COPRRA\vendor\laravel\framework\src\Illuminate\Foundation\Testing\RefreshDatabase.php:101
C:\Users\Gaser\Desktop\COPRRA\vendor\laravel\framework\src\Illuminate\Foundation\Testing\RefreshDatabase.php:84
C:\Users\Gaser\Desktop\COPRRA\vendor\laravel\framework\src\Illuminate\Foundation\Testing\RefreshDatabase.php:25
C:\Users\Gaser\Desktop\COPRRA\vendor\laravel\framework\src\Illuminate\Foundation\Testing\Concerns\InteractsWithTestCaseLifecycle.php:209
C:\Users\Gaser\Desktop\COPRRA\vendor\laravel\framework\src\Illuminate\Foundation\Testing\Concerns\InteractsWithTestCaseLifecycle.php:97
C:\Users\Gaser\Desktop\COPRRA\vendor\laravel\framework\src\Illuminate\Foundation\Testing\TestCase.php:44
C:\Users\Gaser\Desktop\COPRRA\tests\TestCase.php:25</error>
        </testcase>
      </testsuite>
      <testsuite name="Tests\Feature\AuthenticationTest" file="C:\Users\Gaser\Desktop\COPRRA\tests\Feature\AuthenticationTest.php" tests="3" assertions="0" errors="3" failures="0" skipped="0" time="0.000000">
        <testcase name="test_basic_functionality" file="C:\Users\Gaser\Desktop\COPRRA\tests\Feature\AuthenticationTest.php" line="16" class="Tests\Feature\AuthenticationTest" classname="Tests.Feature.AuthenticationTest" assertions="0" time="0.000000">
          <error type="Error">Tests\Feature\AuthenticationTest::test_basic_functionality&#13;
Error: Class "Mockery" not found
&#13;
C:\Users\Gaser\Desktop\COPRRA\vendor\laravel\framework\src\Illuminate\Testing\PendingCommand.php:550
C:\Users\Gaser\Desktop\COPRRA\vendor\laravel\framework\src\Illuminate\Testing\PendingCommand.php:448
C:\Users\Gaser\Desktop\COPRRA\vendor\laravel\framework\src\Illuminate\Testing\PendingCommand.php:675
C:\Users\Gaser\Desktop\COPRRA\vendor\laravel\framework\src\Illuminate\Foundation\Testing\Concerns\InteractsWithConsole.php:87
C:\Users\Gaser\Desktop\COPRRA\vendor\laravel\framework\src\Illuminate\Foundation\Testing\RefreshDatabase.php:101
C:\Users\Gaser\Desktop\COPRRA\vendor\laravel\framework\src\Illuminate\Foundation\Testing\RefreshDatabase.php:84
C:\Users\Gaser\Desktop\COPRRA\vendor\laravel\framework\src\Illuminate\Foundation\Testing\RefreshDatabase.php:25
C:\Users\Gaser\Desktop\COPRRA\vendor\laravel\framework\src\Illuminate\Foundation\Testing\Concerns\InteractsWithTestCaseLifecycle.php:209
C:\Users\Gaser\Desktop\COPRRA\vendor\laravel\framework\src\Illuminate\Foundation\Testing\Concerns\InteractsWithTestCaseLifecycle.php:97
C:\Users\Gaser\Desktop\COPRRA\vendor\laravel\framework\src\Illuminate\Foundation\Testing\TestCase.php:44
C:\Users\Gaser\Desktop\COPRRA\tests\TestCase.php:25
C:\Users\Gaser\Desktop\COPRRA\tests\Feature\AuthenticationTest.php:38</error>
        </testcase>
        <testcase name="test_expected_behavior" file="C:\Users\Gaser\Desktop\COPRRA\tests\Feature\AuthenticationTest.php" line="23" class="Tests\Feature\AuthenticationTest" classname="Tests.Feature.AuthenticationTest" assertions="0" time="0.000000">
          <error type="Error">Tests\Feature\AuthenticationTest::test_expected_behavior&#13;
Error: Class "Mockery" not found
&#13;
C:\Users\Gaser\Desktop\COPRRA\vendor\laravel\framework\src\Illuminate\Testing\PendingCommand.php:550
C:\Users\Gaser\Desktop\COPRRA\vendor\laravel\framework\src\Illuminate\Testing\PendingCommand.php:448
C:\Users\Gaser\Desktop\COPRRA\vendor\laravel\framework\src\Illuminate\Testing\PendingCommand.php:675
C:\Users\Gaser\Desktop\COPRRA\vendor\laravel\framework\src\Illuminate\Foundation\Testing\Concerns\InteractsWithConsole.php:87
C:\Users\Gaser\Desktop\COPRRA\vendor\laravel\framework\src\Illuminate\Foundation\Testing\RefreshDatabase.php:101
C:\Users\Gaser\Desktop\COPRRA\vendor\laravel\framework\src\Illuminate\Foundation\Testing\RefreshDatabase.php:84
C:\Users\Gaser\Desktop\COPRRA\vendor\laravel\framework\src\Illuminate\Foundation\Testing\RefreshDatabase.php:25
C:\Users\Gaser\Desktop\COPRRA\vendor\laravel\framework\src\Illuminate\Foundation\Testing\Concerns\InteractsWithTestCaseLifecycle.php:209
C:\Users\Gaser\Desktop\COPRRA\vendor\laravel\framework\src\Illuminate\Foundation\Testing\Concerns\InteractsWithTestCaseLifecycle.php:97
C:\Users\Gaser\Desktop\COPRRA\vendor\laravel\framework\src\Illuminate\Foundation\Testing\TestCase.php:44
C:\Users\Gaser\Desktop\COPRRA\tests\TestCase.php:25
C:\Users\Gaser\Desktop\COPRRA\tests\Feature\AuthenticationTest.php:38</error>
        </testcase>
        <testcase name="test_validation" file="C:\Users\Gaser\Desktop\COPRRA\tests\Feature\AuthenticationTest.php" line="30" class="Tests\Feature\AuthenticationTest" classname="Tests.Feature.AuthenticationTest" assertions="0" time="0.000000">
          <error type="Error">Tests\Feature\AuthenticationTest::test_validation&#13;
Error: Class "Mockery" not found
&#13;
C:\Users\Gaser\Desktop\COPRRA\vendor\laravel\framework\src\Illuminate\Testing\PendingCommand.php:550
C:\Users\Gaser\Desktop\COPRRA\vendor\laravel\framework\src\Illuminate\Testing\PendingCommand.php:448
C:\Users\Gaser\Desktop\COPRRA\vendor\laravel\framework\src\Illuminate\Testing\PendingCommand.php:675
C:\Users\Gaser\Desktop\COPRRA\vendor\laravel\framework\src\Illuminate\Foundation\Testing\Concerns\InteractsWithConsole.php:87
C:\Users\Gaser\Desktop\COPRRA\vendor\laravel\framework\src\Illuminate\Foundation\Testing\RefreshDatabase.php:101
C:\Users\Gaser\Desktop\COPRRA\vendor\laravel\framework\src\Illuminate\Foundation\Testing\RefreshDatabase.php:84
C:\Users\Gaser\Desktop\COPRRA\vendor\laravel\framework\src\Illuminate\Foundation\Testing\RefreshDatabase.php:25
C:\Users\Gaser\Desktop\COPRRA\vendor\laravel\framework\src\Illuminate\Foundation\Testing\Concerns\InteractsWithTestCaseLifecycle.php:209
C:\Users\Gaser\Desktop\COPRRA\vendor\laravel\framework\src\Illuminate\Foundation\Testing\Concerns\InteractsWithTestCaseLifecycle.php:97
C:\Users\Gaser\Desktop\COPRRA\vendor\laravel\framework\src\Illuminate\Foundation\Testing\TestCase.php:44
C:\Users\Gaser\Desktop\COPRRA\tests\TestCase.php:25
C:\Users\Gaser\Desktop\COPRRA\tests\Feature\AuthenticationTest.php:38</error>
        </testcase>
      </testsuite>
      <testsuite name="Tests\Feature\COPRRA\PriceComparisonTest" file="C:\Users\Gaser\Desktop\COPRRA\tests\Feature\COPRRA\PriceComparisonTest.php" tests="12" assertions="0" errors="12" failures="0" skipped="0" time="0.000000">
        <testcase name="test_compares_prices_across_multiple_stores" file="C:\Users\Gaser\Desktop\COPRRA\tests\Feature\COPRRA\PriceComparisonTest.php" line="90" class="Tests\Feature\COPRRA\PriceComparisonTest" classname="Tests.Feature.COPRRA.PriceComparisonTest" assertions="0" time="0.000000">
          <error type="Error">Tests\Feature\COPRRA\PriceComparisonTest::test_compares_prices_across_multiple_stores&#13;
Error: Class "Mockery" not found
&#13;
C:\Users\Gaser\Desktop\COPRRA\vendor\laravel\framework\src\Illuminate\Testing\PendingCommand.php:550
C:\Users\Gaser\Desktop\COPRRA\vendor\laravel\framework\src\Illuminate\Testing\PendingCommand.php:448
C:\Users\Gaser\Desktop\COPRRA\vendor\laravel\framework\src\Illuminate\Testing\PendingCommand.php:675
C:\Users\Gaser\Desktop\COPRRA\vendor\laravel\framework\src\Illuminate\Foundation\Testing\Concerns\InteractsWithConsole.php:87
C:\Users\Gaser\Desktop\COPRRA\vendor\laravel\framework\src\Illuminate\Foundation\Testing\RefreshDatabase.php:101
C:\Users\Gaser\Desktop\COPRRA\vendor\laravel\framework\src\Illuminate\Foundation\Testing\RefreshDatabase.php:84
C:\Users\Gaser\Desktop\COPRRA\vendor\laravel\framework\src\Illuminate\Foundation\Testing\RefreshDatabase.php:25
C:\Users\Gaser\Desktop\COPRRA\vendor\laravel\framework\src\Illuminate\Foundation\Testing\Concerns\InteractsWithTestCaseLifecycle.php:209
C:\Users\Gaser\Desktop\COPRRA\vendor\laravel\framework\src\Illuminate\Foundation\Testing\Concerns\InteractsWithTestCaseLifecycle.php:97
C:\Users\Gaser\Desktop\COPRRA\vendor\laravel\framework\src\Illuminate\Foundation\Testing\TestCase.php:44
C:\Users\Gaser\Desktop\COPRRA\tests\TestCase.php:25
C:\Users\Gaser\Desktop\COPRRA\tests\Feature\COPRRA\PriceComparisonTest.php:39</error>
        </testcase>
        <testcase name="test_identifies_best_deal_among_stores" file="C:\Users\Gaser\Desktop\COPRRA\tests\Feature\COPRRA\PriceComparisonTest.php" line="119" class="Tests\Feature\COPRRA\PriceComparisonTest" classname="Tests.Feature.COPRRA.PriceComparisonTest" assertions="0" time="0.000000">
          <error type="Error">Tests\Feature\COPRRA\PriceComparisonTest::test_identifies_best_deal_among_stores&#13;
Error: Class "Mockery" not found
&#13;
C:\Users\Gaser\Desktop\COPRRA\vendor\laravel\framework\src\Illuminate\Testing\PendingCommand.php:550
C:\Users\Gaser\Desktop\COPRRA\vendor\laravel\framework\src\Illuminate\Testing\PendingCommand.php:448
C:\Users\Gaser\Desktop\COPRRA\vendor\laravel\framework\src\Illuminate\Testing\PendingCommand.php:675
C:\Users\Gaser\Desktop\COPRRA\vendor\laravel\framework\src\Illuminate\Foundation\Testing\Concerns\InteractsWithConsole.php:87
C:\Users\Gaser\Desktop\COPRRA\vendor\laravel\framework\src\Illuminate\Foundation\Testing\RefreshDatabase.php:101
C:\Users\Gaser\Desktop\COPRRA\vendor\laravel\framework\src\Illuminate\Foundation\Testing\RefreshDatabase.php:84
C:\Users\Gaser\Desktop\COPRRA\vendor\laravel\framework\src\Illuminate\Foundation\Testing\RefreshDatabase.php:25
C:\Users\Gaser\Desktop\COPRRA\vendor\laravel\framework\src\Illuminate\Foundation\Testing\Concerns\InteractsWithTestCaseLifecycle.php:209
C:\Users\Gaser\Desktop\COPRRA\vendor\laravel\framework\src\Illuminate\Foundation\Testing\Concerns\InteractsWithTestCaseLifecycle.php:97
C:\Users\Gaser\Desktop\COPRRA\vendor\laravel\framework\src\Illuminate\Foundation\Testing\TestCase.php:44
C:\Users\Gaser\Desktop\COPRRA\tests\TestCase.php:25
C:\Users\Gaser\Desktop\COPRRA\tests\Feature\COPRRA\PriceComparisonTest.php:39</error>
        </testcase>
        <testcase name="test_calculates_savings_percentage" file="C:\Users\Gaser\Desktop\COPRRA\tests\Feature\COPRRA\PriceComparisonTest.php" line="146" class="Tests\Feature\COPRRA\PriceComparisonTest" classname="Tests.Feature.COPRRA.PriceComparisonTest" assertions="0" time="0.000000">
          <error type="Error">Tests\Feature\COPRRA\PriceComparisonTest::test_calculates_savings_percentage&#13;
Error: Class "Mockery" not found
&#13;
C:\Users\Gaser\Desktop\COPRRA\vendor\laravel\framework\src\Illuminate\Testing\PendingCommand.php:550
C:\Users\Gaser\Desktop\COPRRA\vendor\laravel\framework\src\Illuminate\Testing\PendingCommand.php:448
C:\Users\Gaser\Desktop\COPRRA\vendor\laravel\framework\src\Illuminate\Testing\PendingCommand.php:675
C:\Users\Gaser\Desktop\COPRRA\vendor\laravel\framework\src\Illuminate\Foundation\Testing\Concerns\InteractsWithConsole.php:87
C:\Users\Gaser\Desktop\COPRRA\vendor\laravel\framework\src\Illuminate\Foundation\Testing\RefreshDatabase.php:101
C:\Users\Gaser\Desktop\COPRRA\vendor\laravel\framework\src\Illuminate\Foundation\Testing\RefreshDatabase.php:84
C:\Users\Gaser\Desktop\COPRRA\vendor\laravel\framework\src\Illuminate\Foundation\Testing\RefreshDatabase.php:25
C:\Users\Gaser\Desktop\COPRRA\vendor\laravel\framework\src\Illuminate\Foundation\Testing\Concerns\InteractsWithTestCaseLifecycle.php:209
C:\Users\Gaser\Desktop\COPRRA\vendor\laravel\framework\src\Illuminate\Foundation\Testing\Concerns\InteractsWithTestCaseLifecycle.php:97
C:\Users\Gaser\Desktop\COPRRA\vendor\laravel\framework\src\Illuminate\Foundation\Testing\TestCase.php:44
C:\Users\Gaser\Desktop\COPRRA\tests\TestCase.php:25
C:\Users\Gaser\Desktop\COPRRA\tests\Feature\COPRRA\PriceComparisonTest.php:39</error>
        </testcase>
        <testcase name="test_formats_price_with_correct_currency_symbol" file="C:\Users\Gaser\Desktop\COPRRA\tests\Feature\COPRRA\PriceComparisonTest.php" line="160" class="Tests\Feature\COPRRA\PriceComparisonTest" classname="Tests.Feature.COPRRA.PriceComparisonTest" assertions="0" time="0.000000">
          <error type="Error">Tests\Feature\COPRRA\PriceComparisonTest::test_formats_price_with_correct_currency_symbol&#13;
Error: Class "Mockery" not found
&#13;
C:\Users\Gaser\Desktop\COPRRA\vendor\laravel\framework\src\Illuminate\Testing\PendingCommand.php:550
C:\Users\Gaser\Desktop\COPRRA\vendor\laravel\framework\src\Illuminate\Testing\PendingCommand.php:448
C:\Users\Gaser\Desktop\COPRRA\vendor\laravel\framework\src\Illuminate\Testing\PendingCommand.php:675
C:\Users\Gaser\Desktop\COPRRA\vendor\laravel\framework\src\Illuminate\Foundation\Testing\Concerns\InteractsWithConsole.php:87
C:\Users\Gaser\Desktop\COPRRA\vendor\laravel\framework\src\Illuminate\Foundation\Testing\RefreshDatabase.php:101
C:\Users\Gaser\Desktop\COPRRA\vendor\laravel\framework\src\Illuminate\Foundation\Testing\RefreshDatabase.php:84
C:\Users\Gaser\Desktop\COPRRA\vendor\laravel\framework\src\Illuminate\Foundation\Testing\RefreshDatabase.php:25
C:\Users\Gaser\Desktop\COPRRA\vendor\laravel\framework\src\Illuminate\Foundation\Testing\Concerns\InteractsWithTestCaseLifecycle.php:209
C:\Users\Gaser\Desktop\COPRRA\vendor\laravel\framework\src\Illuminate\Foundation\Testing\Concerns\InteractsWithTestCaseLifecycle.php:97
C:\Users\Gaser\Desktop\COPRRA\vendor\laravel\framework\src\Illuminate\Foundation\Testing\TestCase.php:44
C:\Users\Gaser\Desktop\COPRRA\tests\TestCase.php:25
C:\Users\Gaser\Desktop\COPRRA\tests\Feature\COPRRA\PriceComparisonTest.php:39</error>
        </testcase>
        <testcase name="test_converts_prices_between_currencies" file="C:\Users\Gaser\Desktop\COPRRA\tests\Feature\COPRRA\PriceComparisonTest.php" line="171" class="Tests\Feature\COPRRA\PriceComparisonTest" classname="Tests.Feature.COPRRA.PriceComparisonTest" assertions="0" time="0.000000">
          <error type="Error">Tests\Feature\COPRRA\PriceComparisonTest::test_converts_prices_between_currencies&#13;
Error: Class "Mockery" not found
&#13;
C:\Users\Gaser\Desktop\COPRRA\vendor\laravel\framework\src\Illuminate\Testing\PendingCommand.php:550
C:\Users\Gaser\Desktop\COPRRA\vendor\laravel\framework\src\Illuminate\Testing\PendingCommand.php:448
C:\Users\Gaser\Desktop\COPRRA\vendor\laravel\framework\src\Illuminate\Testing\PendingCommand.php:675
C:\Users\Gaser\Desktop\COPRRA\vendor\laravel\framework\src\Illuminate\Foundation\Testing\Concerns\InteractsWithConsole.php:87
C:\Users\Gaser\Desktop\COPRRA\vendor\laravel\framework\src\Illuminate\Foundation\Testing\RefreshDatabase.php:101
C:\Users\Gaser\Desktop\COPRRA\vendor\laravel\framework\src\Illuminate\Foundation\Testing\RefreshDatabase.php:84
C:\Users\Gaser\Desktop\COPRRA\vendor\laravel\framework\src\Illuminate\Foundation\Testing\RefreshDatabase.php:25
C:\Users\Gaser\Desktop\COPRRA\vendor\laravel\framework\src\Illuminate\Foundation\Testing\Concerns\InteractsWithTestCaseLifecycle.php:209
C:\Users\Gaser\Desktop\COPRRA\vendor\laravel\framework\src\Illuminate\Foundation\Testing\Concerns\InteractsWithTestCaseLifecycle.php:97
C:\Users\Gaser\Desktop\COPRRA\vendor\laravel\framework\src\Illuminate\Foundation\Testing\TestCase.php:44
C:\Users\Gaser\Desktop\COPRRA\tests\TestCase.php:25
C:\Users\Gaser\Desktop\COPRRA\tests\Feature\COPRRA\PriceComparisonTest.php:39</error>
        </testcase>
        <testcase name="test_displays_price_range_for_product" file="C:\Users\Gaser\Desktop\COPRRA\tests\Feature\COPRRA\PriceComparisonTest.php" line="183" class="Tests\Feature\COPRRA\PriceComparisonTest" classname="Tests.Feature.COPRRA.PriceComparisonTest" assertions="0" time="0.000000">
          <error type="Error">Tests\Feature\COPRRA\PriceComparisonTest::test_displays_price_range_for_product&#13;
Error: Class "Mockery" not found
&#13;
C:\Users\Gaser\Desktop\COPRRA\vendor\laravel\framework\src\Illuminate\Testing\PendingCommand.php:550
C:\Users\Gaser\Desktop\COPRRA\vendor\laravel\framework\src\Illuminate\Testing\PendingCommand.php:448
C:\Users\Gaser\Desktop\COPRRA\vendor\laravel\framework\src\Illuminate\Testing\PendingCommand.php:675
C:\Users\Gaser\Desktop\COPRRA\vendor\laravel\framework\src\Illuminate\Foundation\Testing\Concerns\InteractsWithConsole.php:87
C:\Users\Gaser\Desktop\COPRRA\vendor\laravel\framework\src\Illuminate\Foundation\Testing\RefreshDatabase.php:101
C:\Users\Gaser\Desktop\COPRRA\vendor\laravel\framework\src\Illuminate\Foundation\Testing\RefreshDatabase.php:84
C:\Users\Gaser\Desktop\COPRRA\vendor\laravel\framework\src\Illuminate\Foundation\Testing\RefreshDatabase.php:25
C:\Users\Gaser\Desktop\COPRRA\vendor\laravel\framework\src\Illuminate\Foundation\Testing\Concerns\InteractsWithTestCaseLifecycle.php:209
C:\Users\Gaser\Desktop\COPRRA\vendor\laravel\framework\src\Illuminate\Foundation\Testing\Concerns\InteractsWithTestCaseLifecycle.php:97
C:\Users\Gaser\Desktop\COPRRA\vendor\laravel\framework\src\Illuminate\Foundation\Testing\TestCase.php:44
C:\Users\Gaser\Desktop\COPRRA\tests\TestCase.php:25
C:\Users\Gaser\Desktop\COPRRA\tests\Feature\COPRRA\PriceComparisonTest.php:39</error>
        </testcase>
        <testcase name="test_handles_unavailable_products_in_stores" file="C:\Users\Gaser\Desktop\COPRRA\tests\Feature\COPRRA\PriceComparisonTest.php" line="213" class="Tests\Feature\COPRRA\PriceComparisonTest" classname="Tests.Feature.COPRRA.PriceComparisonTest" assertions="0" time="0.000000">
          <error type="Error">Tests\Feature\COPRRA\PriceComparisonTest::test_handles_unavailable_products_in_stores&#13;
Error: Class "Mockery" not found
&#13;
C:\Users\Gaser\Desktop\COPRRA\vendor\laravel\framework\src\Illuminate\Testing\PendingCommand.php:550
C:\Users\Gaser\Desktop\COPRRA\vendor\laravel\framework\src\Illuminate\Testing\PendingCommand.php:448
C:\Users\Gaser\Desktop\COPRRA\vendor\laravel\framework\src\Illuminate\Testing\PendingCommand.php:675
C:\Users\Gaser\Desktop\COPRRA\vendor\laravel\framework\src\Illuminate\Foundation\Testing\Concerns\InteractsWithConsole.php:87
C:\Users\Gaser\Desktop\COPRRA\vendor\laravel\framework\src\Illuminate\Foundation\Testing\RefreshDatabase.php:101
C:\Users\Gaser\Desktop\COPRRA\vendor\laravel\framework\src\Illuminate\Foundation\Testing\RefreshDatabase.php:84
C:\Users\Gaser\Desktop\COPRRA\vendor\laravel\framework\src\Illuminate\Foundation\Testing\RefreshDatabase.php:25
C:\Users\Gaser\Desktop\COPRRA\vendor\laravel\framework\src\Illuminate\Foundation\Testing\Concerns\InteractsWithTestCaseLifecycle.php:209
C:\Users\Gaser\Desktop\COPRRA\vendor\laravel\framework\src\Illuminate\Foundation\Testing\Concerns\InteractsWithTestCaseLifecycle.php:97
C:\Users\Gaser\Desktop\COPRRA\vendor\laravel\framework\src\Illuminate\Foundation\Testing\TestCase.php:44
C:\Users\Gaser\Desktop\COPRRA\tests\TestCase.php:25
C:\Users\Gaser\Desktop\COPRRA\tests\Feature\COPRRA\PriceComparisonTest.php:39</error>
        </testcase>
        <testcase name="test_respects_max_stores_per_product_configuration" file="C:\Users\Gaser\Desktop\COPRRA\tests\Feature\COPRRA\PriceComparisonTest.php" line="238" class="Tests\Feature\COPRRA\PriceComparisonTest" classname="Tests.Feature.COPRRA.PriceComparisonTest" assertions="0" time="0.000000">
          <error type="Error">Tests\Feature\COPRRA\PriceComparisonTest::test_respects_max_stores_per_product_configuration&#13;
Error: Class "Mockery" not found
&#13;
C:\Users\Gaser\Desktop\COPRRA\vendor\laravel\framework\src\Illuminate\Testing\PendingCommand.php:550
C:\Users\Gaser\Desktop\COPRRA\vendor\laravel\framework\src\Illuminate\Testing\PendingCommand.php:448
C:\Users\Gaser\Desktop\COPRRA\vendor\laravel\framework\src\Illuminate\Testing\PendingCommand.php:675
C:\Users\Gaser\Desktop\COPRRA\vendor\laravel\framework\src\Illuminate\Foundation\Testing\Concerns\InteractsWithConsole.php:87
C:\Users\Gaser\Desktop\COPRRA\vendor\laravel\framework\src\Illuminate\Foundation\Testing\RefreshDatabase.php:101
C:\Users\Gaser\Desktop\COPRRA\vendor\laravel\framework\src\Illuminate\Foundation\Testing\RefreshDatabase.php:84
C:\Users\Gaser\Desktop\COPRRA\vendor\laravel\framework\src\Illuminate\Foundation\Testing\RefreshDatabase.php:25
C:\Users\Gaser\Desktop\COPRRA\vendor\laravel\framework\src\Illuminate\Foundation\Testing\Concerns\InteractsWithTestCaseLifecycle.php:209
C:\Users\Gaser\Desktop\COPRRA\vendor\laravel\framework\src\Illuminate\Foundation\Testing\Concerns\InteractsWithTestCaseLifecycle.php:97
C:\Users\Gaser\Desktop\COPRRA\vendor\laravel\framework\src\Illuminate\Foundation\Testing\TestCase.php:44
C:\Users\Gaser\Desktop\COPRRA\tests\TestCase.php:25
C:\Users\Gaser\Desktop\COPRRA\tests\Feature\COPRRA\PriceComparisonTest.php:39</error>
        </testcase>
        <testcase name="test_caches_price_comparison_results" file="C:\Users\Gaser\Desktop\COPRRA\tests\Feature\COPRRA\PriceComparisonTest.php" line="269" class="Tests\Feature\COPRRA\PriceComparisonTest" classname="Tests.Feature.COPRRA.PriceComparisonTest" assertions="0" time="0.000000">
          <error type="Error">Tests\Feature\COPRRA\PriceComparisonTest::test_caches_price_comparison_results&#13;
Error: Class "Mockery" not found
&#13;
C:\Users\Gaser\Desktop\COPRRA\vendor\laravel\framework\src\Illuminate\Testing\PendingCommand.php:550
C:\Users\Gaser\Desktop\COPRRA\vendor\laravel\framework\src\Illuminate\Testing\PendingCommand.php:448
C:\Users\Gaser\Desktop\COPRRA\vendor\laravel\framework\src\Illuminate\Testing\PendingCommand.php:675
C:\Users\Gaser\Desktop\COPRRA\vendor\laravel\framework\src\Illuminate\Foundation\Testing\Concerns\InteractsWithConsole.php:87
C:\Users\Gaser\Desktop\COPRRA\vendor\laravel\framework\src\Illuminate\Foundation\Testing\RefreshDatabase.php:101
C:\Users\Gaser\Desktop\COPRRA\vendor\laravel\framework\src\Illuminate\Foundation\Testing\RefreshDatabase.php:84
C:\Users\Gaser\Desktop\COPRRA\vendor\laravel\framework\src\Illuminate\Foundation\Testing\RefreshDatabase.php:25
C:\Users\Gaser\Desktop\COPRRA\vendor\laravel\framework\src\Illuminate\Foundation\Testing\Concerns\InteractsWithTestCaseLifecycle.php:209
C:\Users\Gaser\Desktop\COPRRA\vendor\laravel\framework\src\Illuminate\Foundation\Testing\Concerns\InteractsWithTestCaseLifecycle.php:97
C:\Users\Gaser\Desktop\COPRRA\vendor\laravel\framework\src\Illuminate\Foundation\Testing\TestCase.php:44
C:\Users\Gaser\Desktop\COPRRA\tests\TestCase.php:25
C:\Users\Gaser\Desktop\COPRRA\tests\Feature\COPRRA\PriceComparisonTest.php:39</error>
        </testcase>
        <testcase name="test_tracks_price_comparison_analytics" file="C:\Users\Gaser\Desktop\COPRRA\tests\Feature\COPRRA\PriceComparisonTest.php" line="286" class="Tests\Feature\COPRRA\PriceComparisonTest" classname="Tests.Feature.COPRRA.PriceComparisonTest" assertions="0" time="0.000000">
          <error type="Error">Tests\Feature\COPRRA\PriceComparisonTest::test_tracks_price_comparison_analytics&#13;
Error: Class "Mockery" not found
&#13;
C:\Users\Gaser\Desktop\COPRRA\vendor\laravel\framework\src\Illuminate\Testing\PendingCommand.php:550
C:\Users\Gaser\Desktop\COPRRA\vendor\laravel\framework\src\Illuminate\Testing\PendingCommand.php:448
C:\Users\Gaser\Desktop\COPRRA\vendor\laravel\framework\src\Illuminate\Testing\PendingCommand.php:675
C:\Users\Gaser\Desktop\COPRRA\vendor\laravel\framework\src\Illuminate\Foundation\Testing\Concerns\InteractsWithConsole.php:87
C:\Users\Gaser\Desktop\COPRRA\vendor\laravel\framework\src\Illuminate\Foundation\Testing\RefreshDatabase.php:101
C:\Users\Gaser\Desktop\COPRRA\vendor\laravel\framework\src\Illuminate\Foundation\Testing\RefreshDatabase.php:84
C:\Users\Gaser\Desktop\COPRRA\vendor\laravel\framework\src\Illuminate\Foundation\Testing\RefreshDatabase.php:25
C:\Users\Gaser\Desktop\COPRRA\vendor\laravel\framework\src\Illuminate\Foundation\Testing\Concerns\InteractsWithTestCaseLifecycle.php:209
C:\Users\Gaser\Desktop\COPRRA\vendor\laravel\framework\src\Illuminate\Foundation\Testing\Concerns\InteractsWithTestCaseLifecycle.php:97
C:\Users\Gaser\Desktop\COPRRA\vendor\laravel\framework\src\Illuminate\Foundation\Testing\TestCase.php:44
C:\Users\Gaser\Desktop\COPRRA\tests\TestCase.php:25
C:\Users\Gaser\Desktop\COPRRA\tests\Feature\COPRRA\PriceComparisonTest.php:39</error>
        </testcase>
        <testcase name="test_handles_multiple_currencies_in_comparison" file="C:\Users\Gaser\Desktop\COPRRA\tests\Feature\COPRRA\PriceComparisonTest.php" line="300" class="Tests\Feature\COPRRA\PriceComparisonTest" classname="Tests.Feature.COPRRA.PriceComparisonTest" assertions="0" time="0.000000">
          <error type="Error">Tests\Feature\COPRRA\PriceComparisonTest::test_handles_multiple_currencies_in_comparison&#13;
Error: Class "Mockery" not found
&#13;
C:\Users\Gaser\Desktop\COPRRA\vendor\laravel\framework\src\Illuminate\Testing\PendingCommand.php:550
C:\Users\Gaser\Desktop\COPRRA\vendor\laravel\framework\src\Illuminate\Testing\PendingCommand.php:448
C:\Users\Gaser\Desktop\COPRRA\vendor\laravel\framework\src\Illuminate\Testing\PendingCommand.php:675
C:\Users\Gaser\Desktop\COPRRA\vendor\laravel\framework\src\Illuminate\Foundation\Testing\Concerns\InteractsWithConsole.php:87
C:\Users\Gaser\Desktop\COPRRA\vendor\laravel\framework\src\Illuminate\Foundation\Testing\RefreshDatabase.php:101
C:\Users\Gaser\Desktop\COPRRA\vendor\laravel\framework\src\Illuminate\Foundation\Testing\RefreshDatabase.php:84
C:\Users\Gaser\Desktop\COPRRA\vendor\laravel\framework\src\Illuminate\Foundation\Testing\RefreshDatabase.php:25
C:\Users\Gaser\Desktop\COPRRA\vendor\laravel\framework\src\Illuminate\Foundation\Testing\Concerns\InteractsWithTestCaseLifecycle.php:209
C:\Users\Gaser\Desktop\COPRRA\vendor\laravel\framework\src\Illuminate\Foundation\Testing\Concerns\InteractsWithTestCaseLifecycle.php:97
C:\Users\Gaser\Desktop\COPRRA\vendor\laravel\framework\src\Illuminate\Foundation\Testing\TestCase.php:44
C:\Users\Gaser\Desktop\COPRRA\tests\TestCase.php:25
C:\Users\Gaser\Desktop\COPRRA\tests\Feature\COPRRA\PriceComparisonTest.php:39</error>
        </testcase>
        <testcase name="test_validates_price_update_interval" file="C:\Users\Gaser\Desktop\COPRRA\tests\Feature\COPRRA\PriceComparisonTest.php" line="320" class="Tests\Feature\COPRRA\PriceComparisonTest" classname="Tests.Feature.COPRRA.PriceComparisonTest" assertions="0" time="0.000000">
          <error type="Error">Tests\Feature\COPRRA\PriceComparisonTest::test_validates_price_update_interval&#13;
Error: Class "Mockery" not found
&#13;
C:\Users\Gaser\Desktop\COPRRA\vendor\laravel\framework\src\Illuminate\Testing\PendingCommand.php:550
C:\Users\Gaser\Desktop\COPRRA\vendor\laravel\framework\src\Illuminate\Testing\PendingCommand.php:448
C:\Users\Gaser\Desktop\COPRRA\vendor\laravel\framework\src\Illuminate\Testing\PendingCommand.php:675
C:\Users\Gaser\Desktop\COPRRA\vendor\laravel\framework\src\Illuminate\Foundation\Testing\Concerns\InteractsWithConsole.php:87
C:\Users\Gaser\Desktop\COPRRA\vendor\laravel\framework\src\Illuminate\Foundation\Testing\RefreshDatabase.php:101
C:\Users\Gaser\Desktop\COPRRA\vendor\laravel\framework\src\Illuminate\Foundation\Testing\RefreshDatabase.php:84
C:\Users\Gaser\Desktop\COPRRA\vendor\laravel\framework\src\Illuminate\Foundation\Testing\RefreshDatabase.php:25
C:\Users\Gaser\Desktop\COPRRA\vendor\laravel\framework\src\Illuminate\Foundation\Testing\Concerns\InteractsWithTestCaseLifecycle.php:209
C:\Users\Gaser\Desktop\COPRRA\vendor\laravel\framework\src\Illuminate\Foundation\Testing\Concerns\InteractsWithTestCaseLifecycle.php:97
C:\Users\Gaser\Desktop\COPRRA\vendor\laravel\framework\src\Illuminate\Foundation\Testing\TestCase.php:44
C:\Users\Gaser\Desktop\COPRRA\tests\TestCase.php:25
C:\Users\Gaser\Desktop\COPRRA\tests\Feature\COPRRA\PriceComparisonTest.php:39</error>
        </testcase>
      </testsuite>
      <testsuite name="Tests\Feature\CacheFunctionalityTest" file="C:\Users\Gaser\Desktop\COPRRA\tests\Feature\CacheFunctionalityTest.php" tests="3" assertions="0" errors="3" failures="0" skipped="0" time="0.000000">
        <testcase name="test_basic_functionality" file="C:\Users\Gaser\Desktop\COPRRA\tests\Feature\CacheFunctionalityTest.php" line="16" class="Tests\Feature\CacheFunctionalityTest" classname="Tests.Feature.CacheFunctionalityTest" assertions="0" time="0.000000">
          <error type="Error">Tests\Feature\CacheFunctionalityTest::test_basic_functionality&#13;
Error: Class "Mockery" not found
&#13;
C:\Users\Gaser\Desktop\COPRRA\vendor\laravel\framework\src\Illuminate\Testing\PendingCommand.php:550
C:\Users\Gaser\Desktop\COPRRA\vendor\laravel\framework\src\Illuminate\Testing\PendingCommand.php:448
C:\Users\Gaser\Desktop\COPRRA\vendor\laravel\framework\src\Illuminate\Testing\PendingCommand.php:675
C:\Users\Gaser\Desktop\COPRRA\vendor\laravel\framework\src\Illuminate\Foundation\Testing\Concerns\InteractsWithConsole.php:87
C:\Users\Gaser\Desktop\COPRRA\vendor\laravel\framework\src\Illuminate\Foundation\Testing\RefreshDatabase.php:101
C:\Users\Gaser\Desktop\COPRRA\vendor\laravel\framework\src\Illuminate\Foundation\Testing\RefreshDatabase.php:84
C:\Users\Gaser\Desktop\COPRRA\vendor\laravel\framework\src\Illuminate\Foundation\Testing\RefreshDatabase.php:25
C:\Users\Gaser\Desktop\COPRRA\vendor\laravel\framework\src\Illuminate\Foundation\Testing\Concerns\InteractsWithTestCaseLifecycle.php:209
C:\Users\Gaser\Desktop\COPRRA\vendor\laravel\framework\src\Illuminate\Foundation\Testing\Concerns\InteractsWithTestCaseLifecycle.php:97
C:\Users\Gaser\Desktop\COPRRA\vendor\laravel\framework\src\Illuminate\Foundation\Testing\TestCase.php:44
C:\Users\Gaser\Desktop\COPRRA\tests\TestCase.php:25
C:\Users\Gaser\Desktop\COPRRA\tests\Feature\CacheFunctionalityTest.php:38</error>
        </testcase>
        <testcase name="test_expected_behavior" file="C:\Users\Gaser\Desktop\COPRRA\tests\Feature\CacheFunctionalityTest.php" line="23" class="Tests\Feature\CacheFunctionalityTest" classname="Tests.Feature.CacheFunctionalityTest" assertions="0" time="0.000000">
          <error type="Error">Tests\Feature\CacheFunctionalityTest::test_expected_behavior&#13;
Error: Class "Mockery" not found
&#13;
C:\Users\Gaser\Desktop\COPRRA\vendor\laravel\framework\src\Illuminate\Testing\PendingCommand.php:550
C:\Users\Gaser\Desktop\COPRRA\vendor\laravel\framework\src\Illuminate\Testing\PendingCommand.php:448
C:\Users\Gaser\Desktop\COPRRA\vendor\laravel\framework\src\Illuminate\Testing\PendingCommand.php:675
C:\Users\Gaser\Desktop\COPRRA\vendor\laravel\framework\src\Illuminate\Foundation\Testing\Concerns\InteractsWithConsole.php:87
C:\Users\Gaser\Desktop\COPRRA\vendor\laravel\framework\src\Illuminate\Foundation\Testing\RefreshDatabase.php:101
C:\Users\Gaser\Desktop\COPRRA\vendor\laravel\framework\src\Illuminate\Foundation\Testing\RefreshDatabase.php:84
C:\Users\Gaser\Desktop\COPRRA\vendor\laravel\framework\src\Illuminate\Foundation\Testing\RefreshDatabase.php:25
C:\Users\Gaser\Desktop\COPRRA\vendor\laravel\framework\src\Illuminate\Foundation\Testing\Concerns\InteractsWithTestCaseLifecycle.php:209
C:\Users\Gaser\Desktop\COPRRA\vendor\laravel\framework\src\Illuminate\Foundation\Testing\Concerns\InteractsWithTestCaseLifecycle.php:97
C:\Users\Gaser\Desktop\COPRRA\vendor\laravel\framework\src\Illuminate\Foundation\Testing\TestCase.php:44
C:\Users\Gaser\Desktop\COPRRA\tests\TestCase.php:25
C:\Users\Gaser\Desktop\COPRRA\tests\Feature\CacheFunctionalityTest.php:38</error>
        </testcase>
        <testcase name="test_validation" file="C:\Users\Gaser\Desktop\COPRRA\tests\Feature\CacheFunctionalityTest.php" line="30" class="Tests\Feature\CacheFunctionalityTest" classname="Tests.Feature.CacheFunctionalityTest" assertions="0" time="0.000000">
          <error type="Error">Tests\Feature\CacheFunctionalityTest::test_validation&#13;
Error: Class "Mockery" not found
&#13;
C:\Users\Gaser\Desktop\COPRRA\vendor\laravel\framework\src\Illuminate\Testing\PendingCommand.php:550
C:\Users\Gaser\Desktop\COPRRA\vendor\laravel\framework\src\Illuminate\Testing\PendingCommand.php:448
C:\Users\Gaser\Desktop\COPRRA\vendor\laravel\framework\src\Illuminate\Testing\PendingCommand.php:675
C:\Users\Gaser\Desktop\COPRRA\vendor\laravel\framework\src\Illuminate\Foundation\Testing\Concerns\InteractsWithConsole.php:87
C:\Users\Gaser\Desktop\COPRRA\vendor\laravel\framework\src\Illuminate\Foundation\Testing\RefreshDatabase.php:101
C:\Users\Gaser\Desktop\COPRRA\vendor\laravel\framework\src\Illuminate\Foundation\Testing\RefreshDatabase.php:84
C:\Users\Gaser\Desktop\COPRRA\vendor\laravel\framework\src\Illuminate\Foundation\Testing\RefreshDatabase.php:25
C:\Users\Gaser\Desktop\COPRRA\vendor\laravel\framework\src\Illuminate\Foundation\Testing\Concerns\InteractsWithTestCaseLifecycle.php:209
C:\Users\Gaser\Desktop\COPRRA\vendor\laravel\framework\src\Illuminate\Foundation\Testing\Concerns\InteractsWithTestCaseLifecycle.php:97
C:\Users\Gaser\Desktop\COPRRA\vendor\laravel\framework\src\Illuminate\Foundation\Testing\TestCase.php:44
C:\Users\Gaser\Desktop\COPRRA\tests\TestCase.php:25
C:\Users\Gaser\Desktop\COPRRA\tests\Feature\CacheFunctionalityTest.php:38</error>
        </testcase>
      </testsuite>
      <testsuite name="Tests\Feature\Cart\CartControllerTest" file="C:\Users\Gaser\Desktop\COPRRA\tests\Feature\Cart\CartControllerTest.php" tests="10" assertions="0" errors="10" failures="0" skipped="0" time="0.000000">
        <testcase name="test_user_can_view_cart" file="C:\Users\Gaser\Desktop\COPRRA\tests\Feature\Cart\CartControllerTest.php" line="23" class="Tests\Feature\Cart\CartControllerTest" classname="Tests.Feature.Cart.CartControllerTest" assertions="0" time="0.000000">
          <error type="Error">Tests\Feature\Cart\CartControllerTest::test_user_can_view_cart&#13;
Error: Class "Mockery" not found
&#13;
C:\Users\Gaser\Desktop\COPRRA\vendor\laravel\framework\src\Illuminate\Testing\PendingCommand.php:550
C:\Users\Gaser\Desktop\COPRRA\vendor\laravel\framework\src\Illuminate\Testing\PendingCommand.php:448
C:\Users\Gaser\Desktop\COPRRA\vendor\laravel\framework\src\Illuminate\Testing\PendingCommand.php:675
C:\Users\Gaser\Desktop\COPRRA\vendor\laravel\framework\src\Illuminate\Foundation\Testing\Concerns\InteractsWithConsole.php:87
C:\Users\Gaser\Desktop\COPRRA\vendor\laravel\framework\src\Illuminate\Foundation\Testing\RefreshDatabase.php:101
C:\Users\Gaser\Desktop\COPRRA\vendor\laravel\framework\src\Illuminate\Foundation\Testing\RefreshDatabase.php:84
C:\Users\Gaser\Desktop\COPRRA\vendor\laravel\framework\src\Illuminate\Foundation\Testing\RefreshDatabase.php:25
C:\Users\Gaser\Desktop\COPRRA\vendor\laravel\framework\src\Illuminate\Foundation\Testing\Concerns\InteractsWithTestCaseLifecycle.php:209
C:\Users\Gaser\Desktop\COPRRA\vendor\laravel\framework\src\Illuminate\Foundation\Testing\Concerns\InteractsWithTestCaseLifecycle.php:97
C:\Users\Gaser\Desktop\COPRRA\vendor\laravel\framework\src\Illuminate\Foundation\Testing\TestCase.php:44
C:\Users\Gaser\Desktop\COPRRA\tests\TestCase.php:25
C:\Users\Gaser\Desktop\COPRRA\tests\Feature\Cart\CartControllerTest.php:17</error>
        </testcase>
        <testcase name="test_user_can_add_product_to_cart" file="C:\Users\Gaser\Desktop\COPRRA\tests\Feature\Cart\CartControllerTest.php" line="32" class="Tests\Feature\Cart\CartControllerTest" classname="Tests.Feature.Cart.CartControllerTest" assertions="0" time="0.000000">
          <error type="Error">Tests\Feature\Cart\CartControllerTest::test_user_can_add_product_to_cart&#13;
Error: Class "Mockery" not found
&#13;
C:\Users\Gaser\Desktop\COPRRA\vendor\laravel\framework\src\Illuminate\Testing\PendingCommand.php:550
C:\Users\Gaser\Desktop\COPRRA\vendor\laravel\framework\src\Illuminate\Testing\PendingCommand.php:448
C:\Users\Gaser\Desktop\COPRRA\vendor\laravel\framework\src\Illuminate\Testing\PendingCommand.php:675
C:\Users\Gaser\Desktop\COPRRA\vendor\laravel\framework\src\Illuminate\Foundation\Testing\Concerns\InteractsWithConsole.php:87
C:\Users\Gaser\Desktop\COPRRA\vendor\laravel\framework\src\Illuminate\Foundation\Testing\RefreshDatabase.php:101
C:\Users\Gaser\Desktop\COPRRA\vendor\laravel\framework\src\Illuminate\Foundation\Testing\RefreshDatabase.php:84
C:\Users\Gaser\Desktop\COPRRA\vendor\laravel\framework\src\Illuminate\Foundation\Testing\RefreshDatabase.php:25
C:\Users\Gaser\Desktop\COPRRA\vendor\laravel\framework\src\Illuminate\Foundation\Testing\Concerns\InteractsWithTestCaseLifecycle.php:209
C:\Users\Gaser\Desktop\COPRRA\vendor\laravel\framework\src\Illuminate\Foundation\Testing\Concerns\InteractsWithTestCaseLifecycle.php:97
C:\Users\Gaser\Desktop\COPRRA\vendor\laravel\framework\src\Illuminate\Foundation\Testing\TestCase.php:44
C:\Users\Gaser\Desktop\COPRRA\tests\TestCase.php:25
C:\Users\Gaser\Desktop\COPRRA\tests\Feature\Cart\CartControllerTest.php:17</error>
        </testcase>
        <testcase name="test_user_can_update_cart_quantity" file="C:\Users\Gaser\Desktop\COPRRA\tests\Feature\Cart\CartControllerTest.php" line="52" class="Tests\Feature\Cart\CartControllerTest" classname="Tests.Feature.Cart.CartControllerTest" assertions="0" time="0.000000">
          <error type="Error">Tests\Feature\Cart\CartControllerTest::test_user_can_update_cart_quantity&#13;
Error: Class "Mockery" not found
&#13;
C:\Users\Gaser\Desktop\COPRRA\vendor\laravel\framework\src\Illuminate\Testing\PendingCommand.php:550
C:\Users\Gaser\Desktop\COPRRA\vendor\laravel\framework\src\Illuminate\Testing\PendingCommand.php:448
C:\Users\Gaser\Desktop\COPRRA\vendor\laravel\framework\src\Illuminate\Testing\PendingCommand.php:675
C:\Users\Gaser\Desktop\COPRRA\vendor\laravel\framework\src\Illuminate\Foundation\Testing\Concerns\InteractsWithConsole.php:87
C:\Users\Gaser\Desktop\COPRRA\vendor\laravel\framework\src\Illuminate\Foundation\Testing\RefreshDatabase.php:101
C:\Users\Gaser\Desktop\COPRRA\vendor\laravel\framework\src\Illuminate\Foundation\Testing\RefreshDatabase.php:84
C:\Users\Gaser\Desktop\COPRRA\vendor\laravel\framework\src\Illuminate\Foundation\Testing\RefreshDatabase.php:25
C:\Users\Gaser\Desktop\COPRRA\vendor\laravel\framework\src\Illuminate\Foundation\Testing\Concerns\InteractsWithTestCaseLifecycle.php:209
C:\Users\Gaser\Desktop\COPRRA\vendor\laravel\framework\src\Illuminate\Foundation\Testing\Concerns\InteractsWithTestCaseLifecycle.php:97
C:\Users\Gaser\Desktop\COPRRA\vendor\laravel\framework\src\Illuminate\Foundation\Testing\TestCase.php:44
C:\Users\Gaser\Desktop\COPRRA\tests\TestCase.php:25
C:\Users\Gaser\Desktop\COPRRA\tests\Feature\Cart\CartControllerTest.php:17</error>
        </testcase>
        <testcase name="test_user_cannot_update_cart_with_invalid_quantity" file="C:\Users\Gaser\Desktop\COPRRA\tests\Feature\Cart\CartControllerTest.php" line="79" class="Tests\Feature\Cart\CartControllerTest" classname="Tests.Feature.Cart.CartControllerTest" assertions="0" time="0.000000">
          <error type="Error">Tests\Feature\Cart\CartControllerTest::test_user_cannot_update_cart_with_invalid_quantity&#13;
Error: Class "Mockery" not found
&#13;
C:\Users\Gaser\Desktop\COPRRA\vendor\laravel\framework\src\Illuminate\Testing\PendingCommand.php:550
C:\Users\Gaser\Desktop\COPRRA\vendor\laravel\framework\src\Illuminate\Testing\PendingCommand.php:448
C:\Users\Gaser\Desktop\COPRRA\vendor\laravel\framework\src\Illuminate\Testing\PendingCommand.php:675
C:\Users\Gaser\Desktop\COPRRA\vendor\laravel\framework\src\Illuminate\Foundation\Testing\Concerns\InteractsWithConsole.php:87
C:\Users\Gaser\Desktop\COPRRA\vendor\laravel\framework\src\Illuminate\Foundation\Testing\RefreshDatabase.php:101
C:\Users\Gaser\Desktop\COPRRA\vendor\laravel\framework\src\Illuminate\Foundation\Testing\RefreshDatabase.php:84
C:\Users\Gaser\Desktop\COPRRA\vendor\laravel\framework\src\Illuminate\Foundation\Testing\RefreshDatabase.php:25
C:\Users\Gaser\Desktop\COPRRA\vendor\laravel\framework\src\Illuminate\Foundation\Testing\Concerns\InteractsWithTestCaseLifecycle.php:209
C:\Users\Gaser\Desktop\COPRRA\vendor\laravel\framework\src\Illuminate\Foundation\Testing\Concerns\InteractsWithTestCaseLifecycle.php:97
C:\Users\Gaser\Desktop\COPRRA\vendor\laravel\framework\src\Illuminate\Foundation\Testing\TestCase.php:44
C:\Users\Gaser\Desktop\COPRRA\tests\TestCase.php:25
C:\Users\Gaser\Desktop\COPRRA\tests\Feature\Cart\CartControllerTest.php:17</error>
        </testcase>
        <testcase name="test_user_can_remove_item_from_cart" file="C:\Users\Gaser\Desktop\COPRRA\tests\Feature\Cart\CartControllerTest.php" line="101" class="Tests\Feature\Cart\CartControllerTest" classname="Tests.Feature.Cart.CartControllerTest" assertions="0" time="0.000000">
          <error type="Error">Tests\Feature\Cart\CartControllerTest::test_user_can_remove_item_from_cart&#13;
Error: Class "Mockery" not found
&#13;
C:\Users\Gaser\Desktop\COPRRA\vendor\laravel\framework\src\Illuminate\Testing\PendingCommand.php:550
C:\Users\Gaser\Desktop\COPRRA\vendor\laravel\framework\src\Illuminate\Testing\PendingCommand.php:448
C:\Users\Gaser\Desktop\COPRRA\vendor\laravel\framework\src\Illuminate\Testing\PendingCommand.php:675
C:\Users\Gaser\Desktop\COPRRA\vendor\laravel\framework\src\Illuminate\Foundation\Testing\Concerns\InteractsWithConsole.php:87
C:\Users\Gaser\Desktop\COPRRA\vendor\laravel\framework\src\Illuminate\Foundation\Testing\RefreshDatabase.php:101
C:\Users\Gaser\Desktop\COPRRA\vendor\laravel\framework\src\Illuminate\Foundation\Testing\RefreshDatabase.php:84
C:\Users\Gaser\Desktop\COPRRA\vendor\laravel\framework\src\Illuminate\Foundation\Testing\RefreshDatabase.php:25
C:\Users\Gaser\Desktop\COPRRA\vendor\laravel\framework\src\Illuminate\Foundation\Testing\Concerns\InteractsWithTestCaseLifecycle.php:209
C:\Users\Gaser\Desktop\COPRRA\vendor\laravel\framework\src\Illuminate\Foundation\Testing\Concerns\InteractsWithTestCaseLifecycle.php:97
C:\Users\Gaser\Desktop\COPRRA\vendor\laravel\framework\src\Illuminate\Foundation\Testing\TestCase.php:44
C:\Users\Gaser\Desktop\COPRRA\tests\TestCase.php:25
C:\Users\Gaser\Desktop\COPRRA\tests\Feature\Cart\CartControllerTest.php:17</error>
        </testcase>
        <testcase name="test_user_can_clear_entire_cart" file="C:\Users\Gaser\Desktop\COPRRA\tests\Feature\Cart\CartControllerTest.php" line="123" class="Tests\Feature\Cart\CartControllerTest" classname="Tests.Feature.Cart.CartControllerTest" assertions="0" time="0.000000">
          <error type="Error">Tests\Feature\Cart\CartControllerTest::test_user_can_clear_entire_cart&#13;
Error: Class "Mockery" not found
&#13;
C:\Users\Gaser\Desktop\COPRRA\vendor\laravel\framework\src\Illuminate\Testing\PendingCommand.php:550
C:\Users\Gaser\Desktop\COPRRA\vendor\laravel\framework\src\Illuminate\Testing\PendingCommand.php:448
C:\Users\Gaser\Desktop\COPRRA\vendor\laravel\framework\src\Illuminate\Testing\PendingCommand.php:675
C:\Users\Gaser\Desktop\COPRRA\vendor\laravel\framework\src\Illuminate\Foundation\Testing\Concerns\InteractsWithConsole.php:87
C:\Users\Gaser\Desktop\COPRRA\vendor\laravel\framework\src\Illuminate\Foundation\Testing\RefreshDatabase.php:101
C:\Users\Gaser\Desktop\COPRRA\vendor\laravel\framework\src\Illuminate\Foundation\Testing\RefreshDatabase.php:84
C:\Users\Gaser\Desktop\COPRRA\vendor\laravel\framework\src\Illuminate\Foundation\Testing\RefreshDatabase.php:25
C:\Users\Gaser\Desktop\COPRRA\vendor\laravel\framework\src\Illuminate\Foundation\Testing\Concerns\InteractsWithTestCaseLifecycle.php:209
C:\Users\Gaser\Desktop\COPRRA\vendor\laravel\framework\src\Illuminate\Foundation\Testing\Concerns\InteractsWithTestCaseLifecycle.php:97
C:\Users\Gaser\Desktop\COPRRA\vendor\laravel\framework\src\Illuminate\Foundation\Testing\TestCase.php:44
C:\Users\Gaser\Desktop\COPRRA\tests\TestCase.php:25
C:\Users\Gaser\Desktop\COPRRA\tests\Feature\Cart\CartControllerTest.php:17</error>
        </testcase>
        <testcase name="test_cart_calculates_total_correctly" file="C:\Users\Gaser\Desktop\COPRRA\tests\Feature\Cart\CartControllerTest.php" line="147" class="Tests\Feature\Cart\CartControllerTest" classname="Tests.Feature.Cart.CartControllerTest" assertions="0" time="0.000000">
          <error type="Error">Tests\Feature\Cart\CartControllerTest::test_cart_calculates_total_correctly&#13;
Error: Class "Mockery" not found
&#13;
C:\Users\Gaser\Desktop\COPRRA\vendor\laravel\framework\src\Illuminate\Testing\PendingCommand.php:550
C:\Users\Gaser\Desktop\COPRRA\vendor\laravel\framework\src\Illuminate\Testing\PendingCommand.php:448
C:\Users\Gaser\Desktop\COPRRA\vendor\laravel\framework\src\Illuminate\Testing\PendingCommand.php:675
C:\Users\Gaser\Desktop\COPRRA\vendor\laravel\framework\src\Illuminate\Foundation\Testing\Concerns\InteractsWithConsole.php:87
C:\Users\Gaser\Desktop\COPRRA\vendor\laravel\framework\src\Illuminate\Foundation\Testing\RefreshDatabase.php:101
C:\Users\Gaser\Desktop\COPRRA\vendor\laravel\framework\src\Illuminate\Foundation\Testing\RefreshDatabase.php:84
C:\Users\Gaser\Desktop\COPRRA\vendor\laravel\framework\src\Illuminate\Foundation\Testing\RefreshDatabase.php:25
C:\Users\Gaser\Desktop\COPRRA\vendor\laravel\framework\src\Illuminate\Foundation\Testing\Concerns\InteractsWithTestCaseLifecycle.php:209
C:\Users\Gaser\Desktop\COPRRA\vendor\laravel\framework\src\Illuminate\Foundation\Testing\Concerns\InteractsWithTestCaseLifecycle.php:97
C:\Users\Gaser\Desktop\COPRRA\vendor\laravel\framework\src\Illuminate\Foundation\Testing\TestCase.php:44
C:\Users\Gaser\Desktop\COPRRA\tests\TestCase.php:25
C:\Users\Gaser\Desktop\COPRRA\tests\Feature\Cart\CartControllerTest.php:17</error>
        </testcase>
        <testcase name="test_cart_persists_product_attributes" file="C:\Users\Gaser\Desktop\COPRRA\tests\Feature\Cart\CartControllerTest.php" line="172" class="Tests\Feature\Cart\CartControllerTest" classname="Tests.Feature.Cart.CartControllerTest" assertions="0" time="0.000000">
          <error type="Error">Tests\Feature\Cart\CartControllerTest::test_cart_persists_product_attributes&#13;
Error: Class "Mockery" not found
&#13;
C:\Users\Gaser\Desktop\COPRRA\vendor\laravel\framework\src\Illuminate\Testing\PendingCommand.php:550
C:\Users\Gaser\Desktop\COPRRA\vendor\laravel\framework\src\Illuminate\Testing\PendingCommand.php:448
C:\Users\Gaser\Desktop\COPRRA\vendor\laravel\framework\src\Illuminate\Testing\PendingCommand.php:675
C:\Users\Gaser\Desktop\COPRRA\vendor\laravel\framework\src\Illuminate\Foundation\Testing\Concerns\InteractsWithConsole.php:87
C:\Users\Gaser\Desktop\COPRRA\vendor\laravel\framework\src\Illuminate\Foundation\Testing\RefreshDatabase.php:101
C:\Users\Gaser\Desktop\COPRRA\vendor\laravel\framework\src\Illuminate\Foundation\Testing\RefreshDatabase.php:84
C:\Users\Gaser\Desktop\COPRRA\vendor\laravel\framework\src\Illuminate\Foundation\Testing\RefreshDatabase.php:25
C:\Users\Gaser\Desktop\COPRRA\vendor\laravel\framework\src\Illuminate\Foundation\Testing\Concerns\InteractsWithTestCaseLifecycle.php:209
C:\Users\Gaser\Desktop\COPRRA\vendor\laravel\framework\src\Illuminate\Foundation\Testing\Concerns\InteractsWithTestCaseLifecycle.php:97
C:\Users\Gaser\Desktop\COPRRA\vendor\laravel\framework\src\Illuminate\Foundation\Testing\TestCase.php:44
C:\Users\Gaser\Desktop\COPRRA\tests\TestCase.php:25
C:\Users\Gaser\Desktop\COPRRA\tests\Feature\Cart\CartControllerTest.php:17</error>
        </testcase>
        <testcase name="test_update_cart_request_validates_input" file="C:\Users\Gaser\Desktop\COPRRA\tests\Feature\Cart\CartControllerTest.php" line="195" class="Tests\Feature\Cart\CartControllerTest" classname="Tests.Feature.Cart.CartControllerTest" assertions="0" time="0.000000">
          <error type="Error">Tests\Feature\Cart\CartControllerTest::test_update_cart_request_validates_input&#13;
Error: Class "Mockery" not found
&#13;
C:\Users\Gaser\Desktop\COPRRA\vendor\laravel\framework\src\Illuminate\Testing\PendingCommand.php:550
C:\Users\Gaser\Desktop\COPRRA\vendor\laravel\framework\src\Illuminate\Testing\PendingCommand.php:448
C:\Users\Gaser\Desktop\COPRRA\vendor\laravel\framework\src\Illuminate\Testing\PendingCommand.php:675
C:\Users\Gaser\Desktop\COPRRA\vendor\laravel\framework\src\Illuminate\Foundation\Testing\Concerns\InteractsWithConsole.php:87
C:\Users\Gaser\Desktop\COPRRA\vendor\laravel\framework\src\Illuminate\Foundation\Testing\RefreshDatabase.php:101
C:\Users\Gaser\Desktop\COPRRA\vendor\laravel\framework\src\Illuminate\Foundation\Testing\RefreshDatabase.php:84
C:\Users\Gaser\Desktop\COPRRA\vendor\laravel\framework\src\Illuminate\Foundation\Testing\RefreshDatabase.php:25
C:\Users\Gaser\Desktop\COPRRA\vendor\laravel\framework\src\Illuminate\Foundation\Testing\Concerns\InteractsWithTestCaseLifecycle.php:209
C:\Users\Gaser\Desktop\COPRRA\vendor\laravel\framework\src\Illuminate\Foundation\Testing\Concerns\InteractsWithTestCaseLifecycle.php:97
C:\Users\Gaser\Desktop\COPRRA\vendor\laravel\framework\src\Illuminate\Foundation\Testing\TestCase.php:44
C:\Users\Gaser\Desktop\COPRRA\tests\TestCase.php:25
C:\Users\Gaser\Desktop\COPRRA\tests\Feature\Cart\CartControllerTest.php:17</error>
        </testcase>
        <testcase name="test_quantity_cannot_exceed_maximum" file="C:\Users\Gaser\Desktop\COPRRA\tests\Feature\Cart\CartControllerTest.php" line="204" class="Tests\Feature\Cart\CartControllerTest" classname="Tests.Feature.Cart.CartControllerTest" assertions="0" time="0.000000">
          <error type="Error">Tests\Feature\Cart\CartControllerTest::test_quantity_cannot_exceed_maximum&#13;
Error: Class "Mockery" not found
&#13;
C:\Users\Gaser\Desktop\COPRRA\vendor\laravel\framework\src\Illuminate\Testing\PendingCommand.php:550
C:\Users\Gaser\Desktop\COPRRA\vendor\laravel\framework\src\Illuminate\Testing\PendingCommand.php:448
C:\Users\Gaser\Desktop\COPRRA\vendor\laravel\framework\src\Illuminate\Testing\PendingCommand.php:675
C:\Users\Gaser\Desktop\COPRRA\vendor\laravel\framework\src\Illuminate\Foundation\Testing\Concerns\InteractsWithConsole.php:87
C:\Users\Gaser\Desktop\COPRRA\vendor\laravel\framework\src\Illuminate\Foundation\Testing\RefreshDatabase.php:101
C:\Users\Gaser\Desktop\COPRRA\vendor\laravel\framework\src\Illuminate\Foundation\Testing\RefreshDatabase.php:84
C:\Users\Gaser\Desktop\COPRRA\vendor\laravel\framework\src\Illuminate\Foundation\Testing\RefreshDatabase.php:25
C:\Users\Gaser\Desktop\COPRRA\vendor\laravel\framework\src\Illuminate\Foundation\Testing\Concerns\InteractsWithTestCaseLifecycle.php:209
C:\Users\Gaser\Desktop\COPRRA\vendor\laravel\framework\src\Illuminate\Foundation\Testing\Concerns\InteractsWithTestCaseLifecycle.php:97
C:\Users\Gaser\Desktop\COPRRA\vendor\laravel\framework\src\Illuminate\Foundation\Testing\TestCase.php:44
C:\Users\Gaser\Desktop\COPRRA\tests\TestCase.php:25
C:\Users\Gaser\Desktop\COPRRA\tests\Feature\Cart\CartControllerTest.php:17</error>
        </testcase>
      </testsuite>
      <testsuite name="Tests\Feature\Console\Commands\AgentProposeFixCommandTest" file="C:\Users\Gaser\Desktop\COPRRA\tests\Feature\Console\Commands\AgentProposeFixCommandTest.php" tests="3" assertions="0" errors="3" failures="0" skipped="0" time="0.000000">
        <testcase name="agent_propose_fix_command_runs_successfully_with_style_option" file="C:\Users\Gaser\Desktop\COPRRA\tests\Feature\Console\Commands\AgentProposeFixCommandTest.php" line="15" class="Tests\Feature\Console\Commands\AgentProposeFixCommandTest" classname="Tests.Feature.Console.Commands.AgentProposeFixCommandTest" assertions="0" time="0.000000">
          <error type="Error">Tests\Feature\Console\Commands\AgentProposeFixCommandTest::agent_propose_fix_command_runs_successfully_with_style_option&#13;
Error: Class "Mockery" not found
&#13;
C:\Users\Gaser\Desktop\COPRRA\vendor\laravel\framework\src\Illuminate\Testing\PendingCommand.php:550
C:\Users\Gaser\Desktop\COPRRA\vendor\laravel\framework\src\Illuminate\Testing\PendingCommand.php:448
C:\Users\Gaser\Desktop\COPRRA\vendor\laravel\framework\src\Illuminate\Testing\PendingCommand.php:675
C:\Users\Gaser\Desktop\COPRRA\vendor\laravel\framework\src\Illuminate\Foundation\Testing\Concerns\InteractsWithConsole.php:87
C:\Users\Gaser\Desktop\COPRRA\vendor\laravel\framework\src\Illuminate\Foundation\Testing\RefreshDatabase.php:101
C:\Users\Gaser\Desktop\COPRRA\vendor\laravel\framework\src\Illuminate\Foundation\Testing\RefreshDatabase.php:84
C:\Users\Gaser\Desktop\COPRRA\vendor\laravel\framework\src\Illuminate\Foundation\Testing\RefreshDatabase.php:25
C:\Users\Gaser\Desktop\COPRRA\vendor\laravel\framework\src\Illuminate\Foundation\Testing\Concerns\InteractsWithTestCaseLifecycle.php:209
C:\Users\Gaser\Desktop\COPRRA\vendor\laravel\framework\src\Illuminate\Foundation\Testing\Concerns\InteractsWithTestCaseLifecycle.php:97
C:\Users\Gaser\Desktop\COPRRA\vendor\laravel\framework\src\Illuminate\Foundation\Testing\TestCase.php:44
C:\Users\Gaser\Desktop\COPRRA\tests\TestCase.php:25</error>
        </testcase>
        <testcase name="agent_propose_fix_command_runs_successfully_with_analysis_option" file="C:\Users\Gaser\Desktop\COPRRA\tests\Feature\Console\Commands\AgentProposeFixCommandTest.php" line="22" class="Tests\Feature\Console\Commands\AgentProposeFixCommandTest" classname="Tests.Feature.Console.Commands.AgentProposeFixCommandTest" assertions="0" time="0.000000">
          <error type="Error">Tests\Feature\Console\Commands\AgentProposeFixCommandTest::agent_propose_fix_command_runs_successfully_with_analysis_option&#13;
Error: Class "Mockery" not found
&#13;
C:\Users\Gaser\Desktop\COPRRA\vendor\laravel\framework\src\Illuminate\Testing\PendingCommand.php:550
C:\Users\Gaser\Desktop\COPRRA\vendor\laravel\framework\src\Illuminate\Testing\PendingCommand.php:448
C:\Users\Gaser\Desktop\COPRRA\vendor\laravel\framework\src\Illuminate\Testing\PendingCommand.php:675
C:\Users\Gaser\Desktop\COPRRA\vendor\laravel\framework\src\Illuminate\Foundation\Testing\Concerns\InteractsWithConsole.php:87
C:\Users\Gaser\Desktop\COPRRA\vendor\laravel\framework\src\Illuminate\Foundation\Testing\RefreshDatabase.php:101
C:\Users\Gaser\Desktop\COPRRA\vendor\laravel\framework\src\Illuminate\Foundation\Testing\RefreshDatabase.php:84
C:\Users\Gaser\Desktop\COPRRA\vendor\laravel\framework\src\Illuminate\Foundation\Testing\RefreshDatabase.php:25
C:\Users\Gaser\Desktop\COPRRA\vendor\laravel\framework\src\Illuminate\Foundation\Testing\Concerns\InteractsWithTestCaseLifecycle.php:209
C:\Users\Gaser\Desktop\COPRRA\vendor\laravel\framework\src\Illuminate\Foundation\Testing\Concerns\InteractsWithTestCaseLifecycle.php:97
C:\Users\Gaser\Desktop\COPRRA\vendor\laravel\framework\src\Illuminate\Foundation\Testing\TestCase.php:44
C:\Users\Gaser\Desktop\COPRRA\tests\TestCase.php:25</error>
        </testcase>
        <testcase name="agent_propose_fix_command_handles_unsupported_type" file="C:\Users\Gaser\Desktop\COPRRA\tests\Feature\Console\Commands\AgentProposeFixCommandTest.php" line="29" class="Tests\Feature\Console\Commands\AgentProposeFixCommandTest" classname="Tests.Feature.Console.Commands.AgentProposeFixCommandTest" assertions="0" time="0.000000">
          <error type="Error">Tests\Feature\Console\Commands\AgentProposeFixCommandTest::agent_propose_fix_command_handles_unsupported_type&#13;
Error: Class "Mockery" not found
&#13;
C:\Users\Gaser\Desktop\COPRRA\vendor\laravel\framework\src\Illuminate\Testing\PendingCommand.php:550
C:\Users\Gaser\Desktop\COPRRA\vendor\laravel\framework\src\Illuminate\Testing\PendingCommand.php:448
C:\Users\Gaser\Desktop\COPRRA\vendor\laravel\framework\src\Illuminate\Testing\PendingCommand.php:675
C:\Users\Gaser\Desktop\COPRRA\vendor\laravel\framework\src\Illuminate\Foundation\Testing\Concerns\InteractsWithConsole.php:87
C:\Users\Gaser\Desktop\COPRRA\vendor\laravel\framework\src\Illuminate\Foundation\Testing\RefreshDatabase.php:101
C:\Users\Gaser\Desktop\COPRRA\vendor\laravel\framework\src\Illuminate\Foundation\Testing\RefreshDatabase.php:84
C:\Users\Gaser\Desktop\COPRRA\vendor\laravel\framework\src\Illuminate\Foundation\Testing\RefreshDatabase.php:25
C:\Users\Gaser\Desktop\COPRRA\vendor\laravel\framework\src\Illuminate\Foundation\Testing\Concerns\InteractsWithTestCaseLifecycle.php:209
C:\Users\Gaser\Desktop\COPRRA\vendor\laravel\framework\src\Illuminate\Foundation\Testing\Concerns\InteractsWithTestCaseLifecycle.php:97
C:\Users\Gaser\Desktop\COPRRA\vendor\laravel\framework\src\Illuminate\Foundation\Testing\TestCase.php:44
C:\Users\Gaser\Desktop\COPRRA\tests\TestCase.php:25</error>
        </testcase>
      </testsuite>
      <testsuite name="Tests\Feature\Console\Commands\StatsCommandTest" file="C:\Users\Gaser\Desktop\COPRRA\tests\Feature\Console\Commands\StatsCommandTest.php" tests="8" assertions="0" errors="8" failures="0" skipped="0" time="0.000000">
        <testcase name="stats_command_runs_successfully_without_detailed_option" file="C:\Users\Gaser\Desktop\COPRRA\tests\Feature\Console\Commands\StatsCommandTest.php" line="14" class="Tests\Feature\Console\Commands\StatsCommandTest" classname="Tests.Feature.Console.Commands.StatsCommandTest" assertions="0" time="0.000000">
          <error type="Error">Tests\Feature\Console\Commands\StatsCommandTest::stats_command_runs_successfully_without_detailed_option&#13;
Error: Class "Mockery" not found
&#13;
C:\Users\Gaser\Desktop\COPRRA\vendor\laravel\framework\src\Illuminate\Testing\PendingCommand.php:550
C:\Users\Gaser\Desktop\COPRRA\vendor\laravel\framework\src\Illuminate\Testing\PendingCommand.php:448
C:\Users\Gaser\Desktop\COPRRA\vendor\laravel\framework\src\Illuminate\Testing\PendingCommand.php:675
C:\Users\Gaser\Desktop\COPRRA\vendor\laravel\framework\src\Illuminate\Foundation\Testing\Concerns\InteractsWithConsole.php:87
C:\Users\Gaser\Desktop\COPRRA\vendor\laravel\framework\src\Illuminate\Foundation\Testing\RefreshDatabase.php:101
C:\Users\Gaser\Desktop\COPRRA\vendor\laravel\framework\src\Illuminate\Foundation\Testing\RefreshDatabase.php:84
C:\Users\Gaser\Desktop\COPRRA\vendor\laravel\framework\src\Illuminate\Foundation\Testing\RefreshDatabase.php:25
C:\Users\Gaser\Desktop\COPRRA\vendor\laravel\framework\src\Illuminate\Foundation\Testing\Concerns\InteractsWithTestCaseLifecycle.php:209
C:\Users\Gaser\Desktop\COPRRA\vendor\laravel\framework\src\Illuminate\Foundation\Testing\Concerns\InteractsWithTestCaseLifecycle.php:97
C:\Users\Gaser\Desktop\COPRRA\vendor\laravel\framework\src\Illuminate\Foundation\Testing\TestCase.php:44
C:\Users\Gaser\Desktop\COPRRA\tests\TestCase.php:25</error>
        </testcase>
        <testcase name="stats_command_runs_successfully_with_detailed_option" file="C:\Users\Gaser\Desktop\COPRRA\tests\Feature\Console\Commands\StatsCommandTest.php" line="20" class="Tests\Feature\Console\Commands\StatsCommandTest" classname="Tests.Feature.Console.Commands.StatsCommandTest" assertions="0" time="0.000000">
          <error type="Error">Tests\Feature\Console\Commands\StatsCommandTest::stats_command_runs_successfully_with_detailed_option&#13;
Error: Class "Mockery" not found
&#13;
C:\Users\Gaser\Desktop\COPRRA\vendor\laravel\framework\src\Illuminate\Testing\PendingCommand.php:550
C:\Users\Gaser\Desktop\COPRRA\vendor\laravel\framework\src\Illuminate\Testing\PendingCommand.php:448
C:\Users\Gaser\Desktop\COPRRA\vendor\laravel\framework\src\Illuminate\Testing\PendingCommand.php:675
C:\Users\Gaser\Desktop\COPRRA\vendor\laravel\framework\src\Illuminate\Foundation\Testing\Concerns\InteractsWithConsole.php:87
C:\Users\Gaser\Desktop\COPRRA\vendor\laravel\framework\src\Illuminate\Foundation\Testing\RefreshDatabase.php:101
C:\Users\Gaser\Desktop\COPRRA\vendor\laravel\framework\src\Illuminate\Foundation\Testing\RefreshDatabase.php:84
C:\Users\Gaser\Desktop\COPRRA\vendor\laravel\framework\src\Illuminate\Foundation\Testing\RefreshDatabase.php:25
C:\Users\Gaser\Desktop\COPRRA\vendor\laravel\framework\src\Illuminate\Foundation\Testing\Concerns\InteractsWithTestCaseLifecycle.php:209
C:\Users\Gaser\Desktop\COPRRA\vendor\laravel\framework\src\Illuminate\Foundation\Testing\Concerns\InteractsWithTestCaseLifecycle.php:97
C:\Users\Gaser\Desktop\COPRRA\vendor\laravel\framework\src\Illuminate\Foundation\Testing\TestCase.php:44
C:\Users\Gaser\Desktop\COPRRA\tests\TestCase.php:25</error>
        </testcase>
        <testcase name="stats_command_displays_correct_basic_stats" file="C:\Users\Gaser\Desktop\COPRRA\tests\Feature\Console\Commands\StatsCommandTest.php" line="26" class="Tests\Feature\Console\Commands\StatsCommandTest" classname="Tests.Feature.Console.Commands.StatsCommandTest" assertions="0" time="0.000000">
          <error type="Error">Tests\Feature\Console\Commands\StatsCommandTest::stats_command_displays_correct_basic_stats&#13;
Error: Class "Mockery" not found
&#13;
C:\Users\Gaser\Desktop\COPRRA\vendor\laravel\framework\src\Illuminate\Testing\PendingCommand.php:550
C:\Users\Gaser\Desktop\COPRRA\vendor\laravel\framework\src\Illuminate\Testing\PendingCommand.php:448
C:\Users\Gaser\Desktop\COPRRA\vendor\laravel\framework\src\Illuminate\Testing\PendingCommand.php:675
C:\Users\Gaser\Desktop\COPRRA\vendor\laravel\framework\src\Illuminate\Foundation\Testing\Concerns\InteractsWithConsole.php:87
C:\Users\Gaser\Desktop\COPRRA\vendor\laravel\framework\src\Illuminate\Foundation\Testing\RefreshDatabase.php:101
C:\Users\Gaser\Desktop\COPRRA\vendor\laravel\framework\src\Illuminate\Foundation\Testing\RefreshDatabase.php:84
C:\Users\Gaser\Desktop\COPRRA\vendor\laravel\framework\src\Illuminate\Foundation\Testing\RefreshDatabase.php:25
C:\Users\Gaser\Desktop\COPRRA\vendor\laravel\framework\src\Illuminate\Foundation\Testing\Concerns\InteractsWithTestCaseLifecycle.php:209
C:\Users\Gaser\Desktop\COPRRA\vendor\laravel\framework\src\Illuminate\Foundation\Testing\Concerns\InteractsWithTestCaseLifecycle.php:97
C:\Users\Gaser\Desktop\COPRRA\vendor\laravel\framework\src\Illuminate\Foundation\Testing\TestCase.php:44
C:\Users\Gaser\Desktop\COPRRA\tests\TestCase.php:25</error>
        </testcase>
        <testcase name="stats_command_displays_detailed_stats_when_requested" file="C:\Users\Gaser\Desktop\COPRRA\tests\Feature\Console\Commands\StatsCommandTest.php" line="32" class="Tests\Feature\Console\Commands\StatsCommandTest" classname="Tests.Feature.Console.Commands.StatsCommandTest" assertions="0" time="0.000000">
          <error type="Error">Tests\Feature\Console\Commands\StatsCommandTest::stats_command_displays_detailed_stats_when_requested&#13;
Error: Class "Mockery" not found
&#13;
C:\Users\Gaser\Desktop\COPRRA\vendor\laravel\framework\src\Illuminate\Testing\PendingCommand.php:550
C:\Users\Gaser\Desktop\COPRRA\vendor\laravel\framework\src\Illuminate\Testing\PendingCommand.php:448
C:\Users\Gaser\Desktop\COPRRA\vendor\laravel\framework\src\Illuminate\Testing\PendingCommand.php:675
C:\Users\Gaser\Desktop\COPRRA\vendor\laravel\framework\src\Illuminate\Foundation\Testing\Concerns\InteractsWithConsole.php:87
C:\Users\Gaser\Desktop\COPRRA\vendor\laravel\framework\src\Illuminate\Foundation\Testing\RefreshDatabase.php:101
C:\Users\Gaser\Desktop\COPRRA\vendor\laravel\framework\src\Illuminate\Foundation\Testing\RefreshDatabase.php:84
C:\Users\Gaser\Desktop\COPRRA\vendor\laravel\framework\src\Illuminate\Foundation\Testing\RefreshDatabase.php:25
C:\Users\Gaser\Desktop\COPRRA\vendor\laravel\framework\src\Illuminate\Foundation\Testing\Concerns\InteractsWithTestCaseLifecycle.php:209
C:\Users\Gaser\Desktop\COPRRA\vendor\laravel\framework\src\Illuminate\Foundation\Testing\Concerns\InteractsWithTestCaseLifecycle.php:97
C:\Users\Gaser\Desktop\COPRRA\vendor\laravel\framework\src\Illuminate\Foundation\Testing\TestCase.php:44
C:\Users\Gaser\Desktop\COPRRA\tests\TestCase.php:25</error>
        </testcase>
        <testcase name="stats_command_handles_empty_database" file="C:\Users\Gaser\Desktop\COPRRA\tests\Feature\Console\Commands\StatsCommandTest.php" line="38" class="Tests\Feature\Console\Commands\StatsCommandTest" classname="Tests.Feature.Console.Commands.StatsCommandTest" assertions="0" time="0.000000">
          <error type="Error">Tests\Feature\Console\Commands\StatsCommandTest::stats_command_handles_empty_database&#13;
Error: Class "Mockery" not found
&#13;
C:\Users\Gaser\Desktop\COPRRA\vendor\laravel\framework\src\Illuminate\Testing\PendingCommand.php:550
C:\Users\Gaser\Desktop\COPRRA\vendor\laravel\framework\src\Illuminate\Testing\PendingCommand.php:448
C:\Users\Gaser\Desktop\COPRRA\vendor\laravel\framework\src\Illuminate\Testing\PendingCommand.php:675
C:\Users\Gaser\Desktop\COPRRA\vendor\laravel\framework\src\Illuminate\Foundation\Testing\Concerns\InteractsWithConsole.php:87
C:\Users\Gaser\Desktop\COPRRA\vendor\laravel\framework\src\Illuminate\Foundation\Testing\RefreshDatabase.php:101
C:\Users\Gaser\Desktop\COPRRA\vendor\laravel\framework\src\Illuminate\Foundation\Testing\RefreshDatabase.php:84
C:\Users\Gaser\Desktop\COPRRA\vendor\laravel\framework\src\Illuminate\Foundation\Testing\RefreshDatabase.php:25
C:\Users\Gaser\Desktop\COPRRA\vendor\laravel\framework\src\Illuminate\Foundation\Testing\Concerns\InteractsWithTestCaseLifecycle.php:209
C:\Users\Gaser\Desktop\COPRRA\vendor\laravel\framework\src\Illuminate\Foundation\Testing\Concerns\InteractsWithTestCaseLifecycle.php:97
C:\Users\Gaser\Desktop\COPRRA\vendor\laravel\framework\src\Illuminate\Foundation\Testing\TestCase.php:44
C:\Users\Gaser\Desktop\COPRRA\tests\TestCase.php:25</error>
        </testcase>
        <testcase name="stats_command_handles_detailed_stats_with_empty_database" file="C:\Users\Gaser\Desktop\COPRRA\tests\Feature\Console\Commands\StatsCommandTest.php" line="44" class="Tests\Feature\Console\Commands\StatsCommandTest" classname="Tests.Feature.Console.Commands.StatsCommandTest" assertions="0" time="0.000000">
          <error type="Error">Tests\Feature\Console\Commands\StatsCommandTest::stats_command_handles_detailed_stats_with_empty_database&#13;
Error: Class "Mockery" not found
&#13;
C:\Users\Gaser\Desktop\COPRRA\vendor\laravel\framework\src\Illuminate\Testing\PendingCommand.php:550
C:\Users\Gaser\Desktop\COPRRA\vendor\laravel\framework\src\Illuminate\Testing\PendingCommand.php:448
C:\Users\Gaser\Desktop\COPRRA\vendor\laravel\framework\src\Illuminate\Testing\PendingCommand.php:675
C:\Users\Gaser\Desktop\COPRRA\vendor\laravel\framework\src\Illuminate\Foundation\Testing\Concerns\InteractsWithConsole.php:87
C:\Users\Gaser\Desktop\COPRRA\vendor\laravel\framework\src\Illuminate\Foundation\Testing\RefreshDatabase.php:101
C:\Users\Gaser\Desktop\COPRRA\vendor\laravel\framework\src\Illuminate\Foundation\Testing\RefreshDatabase.php:84
C:\Users\Gaser\Desktop\COPRRA\vendor\laravel\framework\src\Illuminate\Foundation\Testing\RefreshDatabase.php:25
C:\Users\Gaser\Desktop\COPRRA\vendor\laravel\framework\src\Illuminate\Foundation\Testing\Concerns\InteractsWithTestCaseLifecycle.php:209
C:\Users\Gaser\Desktop\COPRRA\vendor\laravel\framework\src\Illuminate\Foundation\Testing\Concerns\InteractsWithTestCaseLifecycle.php:97
C:\Users\Gaser\Desktop\COPRRA\vendor\laravel\framework\src\Illuminate\Foundation\Testing\TestCase.php:44
C:\Users\Gaser\Desktop\COPRRA\tests\TestCase.php:25</error>
        </testcase>
        <testcase name="stats_command_displays_recent_activity" file="C:\Users\Gaser\Desktop\COPRRA\tests\Feature\Console\Commands\StatsCommandTest.php" line="50" class="Tests\Feature\Console\Commands\StatsCommandTest" classname="Tests.Feature.Console.Commands.StatsCommandTest" assertions="0" time="0.000000">
          <error type="Error">Tests\Feature\Console\Commands\StatsCommandTest::stats_command_displays_recent_activity&#13;
Error: Class "Mockery" not found
&#13;
C:\Users\Gaser\Desktop\COPRRA\vendor\laravel\framework\src\Illuminate\Testing\PendingCommand.php:550
C:\Users\Gaser\Desktop\COPRRA\vendor\laravel\framework\src\Illuminate\Testing\PendingCommand.php:448
C:\Users\Gaser\Desktop\COPRRA\vendor\laravel\framework\src\Illuminate\Testing\PendingCommand.php:675
C:\Users\Gaser\Desktop\COPRRA\vendor\laravel\framework\src\Illuminate\Foundation\Testing\Concerns\InteractsWithConsole.php:87
C:\Users\Gaser\Desktop\COPRRA\vendor\laravel\framework\src\Illuminate\Foundation\Testing\RefreshDatabase.php:101
C:\Users\Gaser\Desktop\COPRRA\vendor\laravel\framework\src\Illuminate\Foundation\Testing\RefreshDatabase.php:84
C:\Users\Gaser\Desktop\COPRRA\vendor\laravel\framework\src\Illuminate\Foundation\Testing\RefreshDatabase.php:25
C:\Users\Gaser\Desktop\COPRRA\vendor\laravel\framework\src\Illuminate\Foundation\Testing\Concerns\InteractsWithTestCaseLifecycle.php:209
C:\Users\Gaser\Desktop\COPRRA\vendor\laravel\framework\src\Illuminate\Foundation\Testing\Concerns\InteractsWithTestCaseLifecycle.php:97
C:\Users\Gaser\Desktop\COPRRA\vendor\laravel\framework\src\Illuminate\Foundation\Testing\TestCase.php:44
C:\Users\Gaser\Desktop\COPRRA\tests\TestCase.php:25</error>
        </testcase>
        <testcase name="stats_command_displays_top_categories" file="C:\Users\Gaser\Desktop\COPRRA\tests\Feature\Console\Commands\StatsCommandTest.php" line="56" class="Tests\Feature\Console\Commands\StatsCommandTest" classname="Tests.Feature.Console.Commands.StatsCommandTest" assertions="0" time="0.000000">
          <error type="Error">Tests\Feature\Console\Commands\StatsCommandTest::stats_command_displays_top_categories&#13;
Error: Class "Mockery" not found
&#13;
C:\Users\Gaser\Desktop\COPRRA\vendor\laravel\framework\src\Illuminate\Testing\PendingCommand.php:550
C:\Users\Gaser\Desktop\COPRRA\vendor\laravel\framework\src\Illuminate\Testing\PendingCommand.php:448
C:\Users\Gaser\Desktop\COPRRA\vendor\laravel\framework\src\Illuminate\Testing\PendingCommand.php:675
C:\Users\Gaser\Desktop\COPRRA\vendor\laravel\framework\src\Illuminate\Foundation\Testing\Concerns\InteractsWithConsole.php:87
C:\Users\Gaser\Desktop\COPRRA\vendor\laravel\framework\src\Illuminate\Foundation\Testing\RefreshDatabase.php:101
C:\Users\Gaser\Desktop\COPRRA\vendor\laravel\framework\src\Illuminate\Foundation\Testing\RefreshDatabase.php:84
C:\Users\Gaser\Desktop\COPRRA\vendor\laravel\framework\src\Illuminate\Foundation\Testing\RefreshDatabase.php:25
C:\Users\Gaser\Desktop\COPRRA\vendor\laravel\framework\src\Illuminate\Foundation\Testing\Concerns\InteractsWithTestCaseLifecycle.php:209
C:\Users\Gaser\Desktop\COPRRA\vendor\laravel\framework\src\Illuminate\Foundation\Testing\Concerns\InteractsWithTestCaseLifecycle.php:97
C:\Users\Gaser\Desktop\COPRRA\vendor\laravel\framework\src\Illuminate\Foundation\Testing\TestCase.php:44
C:\Users\Gaser\Desktop\COPRRA\tests\TestCase.php:25</error>
        </testcase>
      </testsuite>
      <testsuite name="Tests\Feature\Console\Commands\UpdatePricesCommandTest" file="C:\Users\Gaser\Desktop\COPRRA\tests\Feature\Console\Commands\UpdatePricesCommandTest.php" tests="4" assertions="0" errors="4" failures="0" skipped="0" time="0.000000">
        <testcase name="update_prices_command_runs_successfully" file="C:\Users\Gaser\Desktop\COPRRA\tests\Feature\Console\Commands\UpdatePricesCommandTest.php" line="14" class="Tests\Feature\Console\Commands\UpdatePricesCommandTest" classname="Tests.Feature.Console.Commands.UpdatePricesCommandTest" assertions="0" time="0.000000">
          <error type="Error">Tests\Feature\Console\Commands\UpdatePricesCommandTest::update_prices_command_runs_successfully&#13;
Error: Class "Mockery" not found
&#13;
C:\Users\Gaser\Desktop\COPRRA\vendor\laravel\framework\src\Illuminate\Testing\PendingCommand.php:550
C:\Users\Gaser\Desktop\COPRRA\vendor\laravel\framework\src\Illuminate\Testing\PendingCommand.php:448
C:\Users\Gaser\Desktop\COPRRA\vendor\laravel\framework\src\Illuminate\Testing\PendingCommand.php:675
C:\Users\Gaser\Desktop\COPRRA\vendor\laravel\framework\src\Illuminate\Foundation\Testing\Concerns\InteractsWithConsole.php:87
C:\Users\Gaser\Desktop\COPRRA\vendor\laravel\framework\src\Illuminate\Foundation\Testing\RefreshDatabase.php:101
C:\Users\Gaser\Desktop\COPRRA\vendor\laravel\framework\src\Illuminate\Foundation\Testing\RefreshDatabase.php:84
C:\Users\Gaser\Desktop\COPRRA\vendor\laravel\framework\src\Illuminate\Foundation\Testing\RefreshDatabase.php:25
C:\Users\Gaser\Desktop\COPRRA\vendor\laravel\framework\src\Illuminate\Foundation\Testing\Concerns\InteractsWithTestCaseLifecycle.php:209
C:\Users\Gaser\Desktop\COPRRA\vendor\laravel\framework\src\Illuminate\Foundation\Testing\Concerns\InteractsWithTestCaseLifecycle.php:97
C:\Users\Gaser\Desktop\COPRRA\vendor\laravel\framework\src\Illuminate\Foundation\Testing\TestCase.php:44
C:\Users\Gaser\Desktop\COPRRA\tests\TestCase.php:25</error>
        </testcase>
        <testcase name="update_prices_command_runs_in_dry_run_mode" file="C:\Users\Gaser\Desktop\COPRRA\tests\Feature\Console\Commands\UpdatePricesCommandTest.php" line="20" class="Tests\Feature\Console\Commands\UpdatePricesCommandTest" classname="Tests.Feature.Console.Commands.UpdatePricesCommandTest" assertions="0" time="0.000000">
          <error type="Error">Tests\Feature\Console\Commands\UpdatePricesCommandTest::update_prices_command_runs_in_dry_run_mode&#13;
Error: Class "Mockery" not found
&#13;
C:\Users\Gaser\Desktop\COPRRA\vendor\laravel\framework\src\Illuminate\Testing\PendingCommand.php:550
C:\Users\Gaser\Desktop\COPRRA\vendor\laravel\framework\src\Illuminate\Testing\PendingCommand.php:448
C:\Users\Gaser\Desktop\COPRRA\vendor\laravel\framework\src\Illuminate\Testing\PendingCommand.php:675
C:\Users\Gaser\Desktop\COPRRA\vendor\laravel\framework\src\Illuminate\Foundation\Testing\Concerns\InteractsWithConsole.php:87
C:\Users\Gaser\Desktop\COPRRA\vendor\laravel\framework\src\Illuminate\Foundation\Testing\RefreshDatabase.php:101
C:\Users\Gaser\Desktop\COPRRA\vendor\laravel\framework\src\Illuminate\Foundation\Testing\RefreshDatabase.php:84
C:\Users\Gaser\Desktop\COPRRA\vendor\laravel\framework\src\Illuminate\Foundation\Testing\RefreshDatabase.php:25
C:\Users\Gaser\Desktop\COPRRA\vendor\laravel\framework\src\Illuminate\Foundation\Testing\Concerns\InteractsWithTestCaseLifecycle.php:209
C:\Users\Gaser\Desktop\COPRRA\vendor\laravel\framework\src\Illuminate\Foundation\Testing\Concerns\InteractsWithTestCaseLifecycle.php:97
C:\Users\Gaser\Desktop\COPRRA\vendor\laravel\framework\src\Illuminate\Foundation\Testing\TestCase.php:44
C:\Users\Gaser\Desktop\COPRRA\tests\TestCase.php:25</error>
        </testcase>
        <testcase name="update_prices_command_filters_by_store" file="C:\Users\Gaser\Desktop\COPRRA\tests\Feature\Console\Commands\UpdatePricesCommandTest.php" line="26" class="Tests\Feature\Console\Commands\UpdatePricesCommandTest" classname="Tests.Feature.Console.Commands.UpdatePricesCommandTest" assertions="0" time="0.000000">
          <error type="Error">Tests\Feature\Console\Commands\UpdatePricesCommandTest::update_prices_command_filters_by_store&#13;
Error: Class "Mockery" not found
&#13;
C:\Users\Gaser\Desktop\COPRRA\vendor\laravel\framework\src\Illuminate\Testing\PendingCommand.php:550
C:\Users\Gaser\Desktop\COPRRA\vendor\laravel\framework\src\Illuminate\Testing\PendingCommand.php:448
C:\Users\Gaser\Desktop\COPRRA\vendor\laravel\framework\src\Illuminate\Testing\PendingCommand.php:675
C:\Users\Gaser\Desktop\COPRRA\vendor\laravel\framework\src\Illuminate\Foundation\Testing\Concerns\InteractsWithConsole.php:87
C:\Users\Gaser\Desktop\COPRRA\vendor\laravel\framework\src\Illuminate\Foundation\Testing\RefreshDatabase.php:101
C:\Users\Gaser\Desktop\COPRRA\vendor\laravel\framework\src\Illuminate\Foundation\Testing\RefreshDatabase.php:84
C:\Users\Gaser\Desktop\COPRRA\vendor\laravel\framework\src\Illuminate\Foundation\Testing\RefreshDatabase.php:25
C:\Users\Gaser\Desktop\COPRRA\vendor\laravel\framework\src\Illuminate\Foundation\Testing\Concerns\InteractsWithTestCaseLifecycle.php:209
C:\Users\Gaser\Desktop\COPRRA\vendor\laravel\framework\src\Illuminate\Foundation\Testing\Concerns\InteractsWithTestCaseLifecycle.php:97
C:\Users\Gaser\Desktop\COPRRA\vendor\laravel\framework\src\Illuminate\Foundation\Testing\TestCase.php:44
C:\Users\Gaser\Desktop\COPRRA\tests\TestCase.php:25</error>
        </testcase>
        <testcase name="update_prices_command_filters_by_product" file="C:\Users\Gaser\Desktop\COPRRA\tests\Feature\Console\Commands\UpdatePricesCommandTest.php" line="32" class="Tests\Feature\Console\Commands\UpdatePricesCommandTest" classname="Tests.Feature.Console.Commands.UpdatePricesCommandTest" assertions="0" time="0.000000">
          <error type="Error">Tests\Feature\Console\Commands\UpdatePricesCommandTest::update_prices_command_filters_by_product&#13;
Error: Class "Mockery" not found
&#13;
C:\Users\Gaser\Desktop\COPRRA\vendor\laravel\framework\src\Illuminate\Testing\PendingCommand.php:550
C:\Users\Gaser\Desktop\COPRRA\vendor\laravel\framework\src\Illuminate\Testing\PendingCommand.php:448
C:\Users\Gaser\Desktop\COPRRA\vendor\laravel\framework\src\Illuminate\Testing\PendingCommand.php:675
C:\Users\Gaser\Desktop\COPRRA\vendor\laravel\framework\src\Illuminate\Foundation\Testing\Concerns\InteractsWithConsole.php:87
C:\Users\Gaser\Desktop\COPRRA\vendor\laravel\framework\src\Illuminate\Foundation\Testing\RefreshDatabase.php:101
C:\Users\Gaser\Desktop\COPRRA\vendor\laravel\framework\src\Illuminate\Foundation\Testing\RefreshDatabase.php:84
C:\Users\Gaser\Desktop\COPRRA\vendor\laravel\framework\src\Illuminate\Foundation\Testing\RefreshDatabase.php:25
C:\Users\Gaser\Desktop\COPRRA\vendor\laravel\framework\src\Illuminate\Foundation\Testing\Concerns\InteractsWithTestCaseLifecycle.php:209
C:\Users\Gaser\Desktop\COPRRA\vendor\laravel\framework\src\Illuminate\Foundation\Testing\Concerns\InteractsWithTestCaseLifecycle.php:97
C:\Users\Gaser\Desktop\COPRRA\vendor\laravel\framework\src\Illuminate\Foundation\Testing\TestCase.php:44
C:\Users\Gaser\Desktop\COPRRA\tests\TestCase.php:25</error>
        </testcase>
      </testsuite>
      <testsuite name="Tests\Feature\DatabaseConnectionTest" file="C:\Users\Gaser\Desktop\COPRRA\tests\Feature\DatabaseConnectionTest.php" tests="3" assertions="0" errors="3" failures="0" skipped="0" time="0.000000">
        <testcase name="test_basic_functionality" file="C:\Users\Gaser\Desktop\COPRRA\tests\Feature\DatabaseConnectionTest.php" line="16" class="Tests\Feature\DatabaseConnectionTest" classname="Tests.Feature.DatabaseConnectionTest" assertions="0" time="0.000000">
          <error type="Error">Tests\Feature\DatabaseConnectionTest::test_basic_functionality&#13;
Error: Class "Mockery" not found
&#13;
C:\Users\Gaser\Desktop\COPRRA\vendor\laravel\framework\src\Illuminate\Testing\PendingCommand.php:550
C:\Users\Gaser\Desktop\COPRRA\vendor\laravel\framework\src\Illuminate\Testing\PendingCommand.php:448
C:\Users\Gaser\Desktop\COPRRA\vendor\laravel\framework\src\Illuminate\Testing\PendingCommand.php:675
C:\Users\Gaser\Desktop\COPRRA\vendor\laravel\framework\src\Illuminate\Foundation\Testing\Concerns\InteractsWithConsole.php:87
C:\Users\Gaser\Desktop\COPRRA\vendor\laravel\framework\src\Illuminate\Foundation\Testing\RefreshDatabase.php:101
C:\Users\Gaser\Desktop\COPRRA\vendor\laravel\framework\src\Illuminate\Foundation\Testing\RefreshDatabase.php:84
C:\Users\Gaser\Desktop\COPRRA\vendor\laravel\framework\src\Illuminate\Foundation\Testing\RefreshDatabase.php:25
C:\Users\Gaser\Desktop\COPRRA\vendor\laravel\framework\src\Illuminate\Foundation\Testing\Concerns\InteractsWithTestCaseLifecycle.php:209
C:\Users\Gaser\Desktop\COPRRA\vendor\laravel\framework\src\Illuminate\Foundation\Testing\Concerns\InteractsWithTestCaseLifecycle.php:97
C:\Users\Gaser\Desktop\COPRRA\vendor\laravel\framework\src\Illuminate\Foundation\Testing\TestCase.php:44
C:\Users\Gaser\Desktop\COPRRA\tests\TestCase.php:25
C:\Users\Gaser\Desktop\COPRRA\tests\Feature\DatabaseConnectionTest.php:38</error>
        </testcase>
        <testcase name="test_expected_behavior" file="C:\Users\Gaser\Desktop\COPRRA\tests\Feature\DatabaseConnectionTest.php" line="23" class="Tests\Feature\DatabaseConnectionTest" classname="Tests.Feature.DatabaseConnectionTest" assertions="0" time="0.000000">
          <error type="Error">Tests\Feature\DatabaseConnectionTest::test_expected_behavior&#13;
Error: Class "Mockery" not found
&#13;
C:\Users\Gaser\Desktop\COPRRA\vendor\laravel\framework\src\Illuminate\Testing\PendingCommand.php:550
C:\Users\Gaser\Desktop\COPRRA\vendor\laravel\framework\src\Illuminate\Testing\PendingCommand.php:448
C:\Users\Gaser\Desktop\COPRRA\vendor\laravel\framework\src\Illuminate\Testing\PendingCommand.php:675
C:\Users\Gaser\Desktop\COPRRA\vendor\laravel\framework\src\Illuminate\Foundation\Testing\Concerns\InteractsWithConsole.php:87
C:\Users\Gaser\Desktop\COPRRA\vendor\laravel\framework\src\Illuminate\Foundation\Testing\RefreshDatabase.php:101
C:\Users\Gaser\Desktop\COPRRA\vendor\laravel\framework\src\Illuminate\Foundation\Testing\RefreshDatabase.php:84
C:\Users\Gaser\Desktop\COPRRA\vendor\laravel\framework\src\Illuminate\Foundation\Testing\RefreshDatabase.php:25
C:\Users\Gaser\Desktop\COPRRA\vendor\laravel\framework\src\Illuminate\Foundation\Testing\Concerns\InteractsWithTestCaseLifecycle.php:209
C:\Users\Gaser\Desktop\COPRRA\vendor\laravel\framework\src\Illuminate\Foundation\Testing\Concerns\InteractsWithTestCaseLifecycle.php:97
C:\Users\Gaser\Desktop\COPRRA\vendor\laravel\framework\src\Illuminate\Foundation\Testing\TestCase.php:44
C:\Users\Gaser\Desktop\COPRRA\tests\TestCase.php:25
C:\Users\Gaser\Desktop\COPRRA\tests\Feature\DatabaseConnectionTest.php:38</error>
        </testcase>
        <testcase name="test_validation" file="C:\Users\Gaser\Desktop\COPRRA\tests\Feature\DatabaseConnectionTest.php" line="30" class="Tests\Feature\DatabaseConnectionTest" classname="Tests.Feature.DatabaseConnectionTest" assertions="0" time="0.000000">
          <error type="Error">Tests\Feature\DatabaseConnectionTest::test_validation&#13;
Error: Class "Mockery" not found
&#13;
C:\Users\Gaser\Desktop\COPRRA\vendor\laravel\framework\src\Illuminate\Testing\PendingCommand.php:550
C:\Users\Gaser\Desktop\COPRRA\vendor\laravel\framework\src\Illuminate\Testing\PendingCommand.php:448
C:\Users\Gaser\Desktop\COPRRA\vendor\laravel\framework\src\Illuminate\Testing\PendingCommand.php:675
C:\Users\Gaser\Desktop\COPRRA\vendor\laravel\framework\src\Illuminate\Foundation\Testing\Concerns\InteractsWithConsole.php:87
C:\Users\Gaser\Desktop\COPRRA\vendor\laravel\framework\src\Illuminate\Foundation\Testing\RefreshDatabase.php:101
C:\Users\Gaser\Desktop\COPRRA\vendor\laravel\framework\src\Illuminate\Foundation\Testing\RefreshDatabase.php:84
C:\Users\Gaser\Desktop\COPRRA\vendor\laravel\framework\src\Illuminate\Foundation\Testing\RefreshDatabase.php:25
C:\Users\Gaser\Desktop\COPRRA\vendor\laravel\framework\src\Illuminate\Foundation\Testing\Concerns\InteractsWithTestCaseLifecycle.php:209
C:\Users\Gaser\Desktop\COPRRA\vendor\laravel\framework\src\Illuminate\Foundation\Testing\Concerns\InteractsWithTestCaseLifecycle.php:97
C:\Users\Gaser\Desktop\COPRRA\vendor\laravel\framework\src\Illuminate\Foundation\Testing\TestCase.php:44
C:\Users\Gaser\Desktop\COPRRA\tests\TestCase.php:25
C:\Users\Gaser\Desktop\COPRRA\tests\Feature\DatabaseConnectionTest.php:38</error>
        </testcase>
      </testsuite>
      <testsuite name="Tests\Feature\DatabaseMigrationTest" file="C:\Users\Gaser\Desktop\COPRRA\tests\Feature\DatabaseMigrationTest.php" tests="3" assertions="0" errors="3" failures="0" skipped="0" time="0.000000">
        <testcase name="test_basic_functionality" file="C:\Users\Gaser\Desktop\COPRRA\tests\Feature\DatabaseMigrationTest.php" line="16" class="Tests\Feature\DatabaseMigrationTest" classname="Tests.Feature.DatabaseMigrationTest" assertions="0" time="0.000000">
          <error type="Error">Tests\Feature\DatabaseMigrationTest::test_basic_functionality&#13;
Error: Class "Mockery" not found
&#13;
C:\Users\Gaser\Desktop\COPRRA\vendor\laravel\framework\src\Illuminate\Testing\PendingCommand.php:550
C:\Users\Gaser\Desktop\COPRRA\vendor\laravel\framework\src\Illuminate\Testing\PendingCommand.php:448
C:\Users\Gaser\Desktop\COPRRA\vendor\laravel\framework\src\Illuminate\Testing\PendingCommand.php:675
C:\Users\Gaser\Desktop\COPRRA\vendor\laravel\framework\src\Illuminate\Foundation\Testing\Concerns\InteractsWithConsole.php:87
C:\Users\Gaser\Desktop\COPRRA\vendor\laravel\framework\src\Illuminate\Foundation\Testing\RefreshDatabase.php:101
C:\Users\Gaser\Desktop\COPRRA\vendor\laravel\framework\src\Illuminate\Foundation\Testing\RefreshDatabase.php:84
C:\Users\Gaser\Desktop\COPRRA\vendor\laravel\framework\src\Illuminate\Foundation\Testing\RefreshDatabase.php:25
C:\Users\Gaser\Desktop\COPRRA\vendor\laravel\framework\src\Illuminate\Foundation\Testing\Concerns\InteractsWithTestCaseLifecycle.php:209
C:\Users\Gaser\Desktop\COPRRA\vendor\laravel\framework\src\Illuminate\Foundation\Testing\Concerns\InteractsWithTestCaseLifecycle.php:97
C:\Users\Gaser\Desktop\COPRRA\vendor\laravel\framework\src\Illuminate\Foundation\Testing\TestCase.php:44
C:\Users\Gaser\Desktop\COPRRA\tests\TestCase.php:25
C:\Users\Gaser\Desktop\COPRRA\tests\Feature\DatabaseMigrationTest.php:38</error>
        </testcase>
        <testcase name="test_expected_behavior" file="C:\Users\Gaser\Desktop\COPRRA\tests\Feature\DatabaseMigrationTest.php" line="23" class="Tests\Feature\DatabaseMigrationTest" classname="Tests.Feature.DatabaseMigrationTest" assertions="0" time="0.000000">
          <error type="Error">Tests\Feature\DatabaseMigrationTest::test_expected_behavior&#13;
Error: Class "Mockery" not found
&#13;
C:\Users\Gaser\Desktop\COPRRA\vendor\laravel\framework\src\Illuminate\Testing\PendingCommand.php:550
C:\Users\Gaser\Desktop\COPRRA\vendor\laravel\framework\src\Illuminate\Testing\PendingCommand.php:448
C:\Users\Gaser\Desktop\COPRRA\vendor\laravel\framework\src\Illuminate\Testing\PendingCommand.php:675
C:\Users\Gaser\Desktop\COPRRA\vendor\laravel\framework\src\Illuminate\Foundation\Testing\Concerns\InteractsWithConsole.php:87
C:\Users\Gaser\Desktop\COPRRA\vendor\laravel\framework\src\Illuminate\Foundation\Testing\RefreshDatabase.php:101
C:\Users\Gaser\Desktop\COPRRA\vendor\laravel\framework\src\Illuminate\Foundation\Testing\RefreshDatabase.php:84
C:\Users\Gaser\Desktop\COPRRA\vendor\laravel\framework\src\Illuminate\Foundation\Testing\RefreshDatabase.php:25
C:\Users\Gaser\Desktop\COPRRA\vendor\laravel\framework\src\Illuminate\Foundation\Testing\Concerns\InteractsWithTestCaseLifecycle.php:209
C:\Users\Gaser\Desktop\COPRRA\vendor\laravel\framework\src\Illuminate\Foundation\Testing\Concerns\InteractsWithTestCaseLifecycle.php:97
C:\Users\Gaser\Desktop\COPRRA\vendor\laravel\framework\src\Illuminate\Foundation\Testing\TestCase.php:44
C:\Users\Gaser\Desktop\COPRRA\tests\TestCase.php:25
C:\Users\Gaser\Desktop\COPRRA\tests\Feature\DatabaseMigrationTest.php:38</error>
        </testcase>
        <testcase name="test_validation" file="C:\Users\Gaser\Desktop\COPRRA\tests\Feature\DatabaseMigrationTest.php" line="30" class="Tests\Feature\DatabaseMigrationTest" classname="Tests.Feature.DatabaseMigrationTest" assertions="0" time="0.000000">
          <error type="Error">Tests\Feature\DatabaseMigrationTest::test_validation&#13;
Error: Class "Mockery" not found
&#13;
C:\Users\Gaser\Desktop\COPRRA\vendor\laravel\framework\src\Illuminate\Testing\PendingCommand.php:550
C:\Users\Gaser\Desktop\COPRRA\vendor\laravel\framework\src\Illuminate\Testing\PendingCommand.php:448
C:\Users\Gaser\Desktop\COPRRA\vendor\laravel\framework\src\Illuminate\Testing\PendingCommand.php:675
C:\Users\Gaser\Desktop\COPRRA\vendor\laravel\framework\src\Illuminate\Foundation\Testing\Concerns\InteractsWithConsole.php:87
C:\Users\Gaser\Desktop\COPRRA\vendor\laravel\framework\src\Illuminate\Foundation\Testing\RefreshDatabase.php:101
C:\Users\Gaser\Desktop\COPRRA\vendor\laravel\framework\src\Illuminate\Foundation\Testing\RefreshDatabase.php:84
C:\Users\Gaser\Desktop\COPRRA\vendor\laravel\framework\src\Illuminate\Foundation\Testing\RefreshDatabase.php:25
C:\Users\Gaser\Desktop\COPRRA\vendor\laravel\framework\src\Illuminate\Foundation\Testing\Concerns\InteractsWithTestCaseLifecycle.php:209
C:\Users\Gaser\Desktop\COPRRA\vendor\laravel\framework\src\Illuminate\Foundation\Testing\Concerns\InteractsWithTestCaseLifecycle.php:97
C:\Users\Gaser\Desktop\COPRRA\vendor\laravel\framework\src\Illuminate\Foundation\Testing\TestCase.php:44
C:\Users\Gaser\Desktop\COPRRA\tests\TestCase.php:25
C:\Users\Gaser\Desktop\COPRRA\tests\Feature\DatabaseMigrationTest.php:38</error>
        </testcase>
      </testsuite>
      <testsuite name="Tests\Feature\E2E\AuthenticationFlowTest" file="C:\Users\Gaser\Desktop\COPRRA\tests\Feature\E2E\AuthenticationFlowTest.php" tests="7" assertions="0" errors="7" failures="0" skipped="0" time="0.000000">
        <testcase name="test_complete_registration_flow" file="C:\Users\Gaser\Desktop\COPRRA\tests\Feature\E2E\AuthenticationFlowTest.php" line="16" class="Tests\Feature\E2E\AuthenticationFlowTest" classname="Tests.Feature.E2E.AuthenticationFlowTest" assertions="0" time="0.000000">
          <error type="Error">Tests\Feature\E2E\AuthenticationFlowTest::test_complete_registration_flow&#13;
Error: Class "Mockery" not found
&#13;
C:\Users\Gaser\Desktop\COPRRA\vendor\laravel\framework\src\Illuminate\Testing\PendingCommand.php:550
C:\Users\Gaser\Desktop\COPRRA\vendor\laravel\framework\src\Illuminate\Testing\PendingCommand.php:448
C:\Users\Gaser\Desktop\COPRRA\vendor\laravel\framework\src\Illuminate\Testing\PendingCommand.php:675
C:\Users\Gaser\Desktop\COPRRA\vendor\laravel\framework\src\Illuminate\Foundation\Testing\Concerns\InteractsWithConsole.php:87
C:\Users\Gaser\Desktop\COPRRA\vendor\laravel\framework\src\Illuminate\Foundation\Testing\RefreshDatabase.php:101
C:\Users\Gaser\Desktop\COPRRA\vendor\laravel\framework\src\Illuminate\Foundation\Testing\RefreshDatabase.php:84
C:\Users\Gaser\Desktop\COPRRA\vendor\laravel\framework\src\Illuminate\Foundation\Testing\RefreshDatabase.php:25
C:\Users\Gaser\Desktop\COPRRA\vendor\laravel\framework\src\Illuminate\Foundation\Testing\Concerns\InteractsWithTestCaseLifecycle.php:209
C:\Users\Gaser\Desktop\COPRRA\vendor\laravel\framework\src\Illuminate\Foundation\Testing\Concerns\InteractsWithTestCaseLifecycle.php:97
C:\Users\Gaser\Desktop\COPRRA\vendor\laravel\framework\src\Illuminate\Foundation\Testing\TestCase.php:44
C:\Users\Gaser\Desktop\COPRRA\tests\TestCase.php:25</error>
        </testcase>
        <testcase name="test_complete_login_flow" file="C:\Users\Gaser\Desktop\COPRRA\tests\Feature\E2E\AuthenticationFlowTest.php" line="41" class="Tests\Feature\E2E\AuthenticationFlowTest" classname="Tests.Feature.E2E.AuthenticationFlowTest" assertions="0" time="0.000000">
          <error type="Error">Tests\Feature\E2E\AuthenticationFlowTest::test_complete_login_flow&#13;
Error: Class "Mockery" not found
&#13;
C:\Users\Gaser\Desktop\COPRRA\vendor\laravel\framework\src\Illuminate\Testing\PendingCommand.php:550
C:\Users\Gaser\Desktop\COPRRA\vendor\laravel\framework\src\Illuminate\Testing\PendingCommand.php:448
C:\Users\Gaser\Desktop\COPRRA\vendor\laravel\framework\src\Illuminate\Testing\PendingCommand.php:675
C:\Users\Gaser\Desktop\COPRRA\vendor\laravel\framework\src\Illuminate\Foundation\Testing\Concerns\InteractsWithConsole.php:87
C:\Users\Gaser\Desktop\COPRRA\vendor\laravel\framework\src\Illuminate\Foundation\Testing\RefreshDatabase.php:101
C:\Users\Gaser\Desktop\COPRRA\vendor\laravel\framework\src\Illuminate\Foundation\Testing\RefreshDatabase.php:84
C:\Users\Gaser\Desktop\COPRRA\vendor\laravel\framework\src\Illuminate\Foundation\Testing\RefreshDatabase.php:25
C:\Users\Gaser\Desktop\COPRRA\vendor\laravel\framework\src\Illuminate\Foundation\Testing\Concerns\InteractsWithTestCaseLifecycle.php:209
C:\Users\Gaser\Desktop\COPRRA\vendor\laravel\framework\src\Illuminate\Foundation\Testing\Concerns\InteractsWithTestCaseLifecycle.php:97
C:\Users\Gaser\Desktop\COPRRA\vendor\laravel\framework\src\Illuminate\Foundation\Testing\TestCase.php:44
C:\Users\Gaser\Desktop\COPRRA\tests\TestCase.php:25</error>
        </testcase>
        <testcase name="test_complete_logout_flow" file="C:\Users\Gaser\Desktop\COPRRA\tests\Feature\E2E\AuthenticationFlowTest.php" line="65" class="Tests\Feature\E2E\AuthenticationFlowTest" classname="Tests.Feature.E2E.AuthenticationFlowTest" assertions="0" time="0.000000">
          <error type="Error">Tests\Feature\E2E\AuthenticationFlowTest::test_complete_logout_flow&#13;
Error: Class "Mockery" not found
&#13;
C:\Users\Gaser\Desktop\COPRRA\vendor\laravel\framework\src\Illuminate\Testing\PendingCommand.php:550
C:\Users\Gaser\Desktop\COPRRA\vendor\laravel\framework\src\Illuminate\Testing\PendingCommand.php:448
C:\Users\Gaser\Desktop\COPRRA\vendor\laravel\framework\src\Illuminate\Testing\PendingCommand.php:675
C:\Users\Gaser\Desktop\COPRRA\vendor\laravel\framework\src\Illuminate\Foundation\Testing\Concerns\InteractsWithConsole.php:87
C:\Users\Gaser\Desktop\COPRRA\vendor\laravel\framework\src\Illuminate\Foundation\Testing\RefreshDatabase.php:101
C:\Users\Gaser\Desktop\COPRRA\vendor\laravel\framework\src\Illuminate\Foundation\Testing\RefreshDatabase.php:84
C:\Users\Gaser\Desktop\COPRRA\vendor\laravel\framework\src\Illuminate\Foundation\Testing\RefreshDatabase.php:25
C:\Users\Gaser\Desktop\COPRRA\vendor\laravel\framework\src\Illuminate\Foundation\Testing\Concerns\InteractsWithTestCaseLifecycle.php:209
C:\Users\Gaser\Desktop\COPRRA\vendor\laravel\framework\src\Illuminate\Foundation\Testing\Concerns\InteractsWithTestCaseLifecycle.php:97
C:\Users\Gaser\Desktop\COPRRA\vendor\laravel\framework\src\Illuminate\Foundation\Testing\TestCase.php:44
C:\Users\Gaser\Desktop\COPRRA\tests\TestCase.php:25</error>
        </testcase>
        <testcase name="test_complete_password_reset_flow" file="C:\Users\Gaser\Desktop\COPRRA\tests\Feature\E2E\AuthenticationFlowTest.php" line="82" class="Tests\Feature\E2E\AuthenticationFlowTest" classname="Tests.Feature.E2E.AuthenticationFlowTest" assertions="0" time="0.000000">
          <error type="Error">Tests\Feature\E2E\AuthenticationFlowTest::test_complete_password_reset_flow&#13;
Error: Class "Mockery" not found
&#13;
C:\Users\Gaser\Desktop\COPRRA\vendor\laravel\framework\src\Illuminate\Testing\PendingCommand.php:550
C:\Users\Gaser\Desktop\COPRRA\vendor\laravel\framework\src\Illuminate\Testing\PendingCommand.php:448
C:\Users\Gaser\Desktop\COPRRA\vendor\laravel\framework\src\Illuminate\Testing\PendingCommand.php:675
C:\Users\Gaser\Desktop\COPRRA\vendor\laravel\framework\src\Illuminate\Foundation\Testing\Concerns\InteractsWithConsole.php:87
C:\Users\Gaser\Desktop\COPRRA\vendor\laravel\framework\src\Illuminate\Foundation\Testing\RefreshDatabase.php:101
C:\Users\Gaser\Desktop\COPRRA\vendor\laravel\framework\src\Illuminate\Foundation\Testing\RefreshDatabase.php:84
C:\Users\Gaser\Desktop\COPRRA\vendor\laravel\framework\src\Illuminate\Foundation\Testing\RefreshDatabase.php:25
C:\Users\Gaser\Desktop\COPRRA\vendor\laravel\framework\src\Illuminate\Foundation\Testing\Concerns\InteractsWithTestCaseLifecycle.php:209
C:\Users\Gaser\Desktop\COPRRA\vendor\laravel\framework\src\Illuminate\Foundation\Testing\Concerns\InteractsWithTestCaseLifecycle.php:97
C:\Users\Gaser\Desktop\COPRRA\vendor\laravel\framework\src\Illuminate\Foundation\Testing\TestCase.php:44
C:\Users\Gaser\Desktop\COPRRA\tests\TestCase.php:25</error>
        </testcase>
        <testcase name="test_rate_limiting_on_login" file="C:\Users\Gaser\Desktop\COPRRA\tests\Feature\E2E\AuthenticationFlowTest.php" line="100" class="Tests\Feature\E2E\AuthenticationFlowTest" classname="Tests.Feature.E2E.AuthenticationFlowTest" assertions="0" time="0.000000">
          <error type="Error">Tests\Feature\E2E\AuthenticationFlowTest::test_rate_limiting_on_login&#13;
Error: Class "Mockery" not found
&#13;
C:\Users\Gaser\Desktop\COPRRA\vendor\laravel\framework\src\Illuminate\Testing\PendingCommand.php:550
C:\Users\Gaser\Desktop\COPRRA\vendor\laravel\framework\src\Illuminate\Testing\PendingCommand.php:448
C:\Users\Gaser\Desktop\COPRRA\vendor\laravel\framework\src\Illuminate\Testing\PendingCommand.php:675
C:\Users\Gaser\Desktop\COPRRA\vendor\laravel\framework\src\Illuminate\Foundation\Testing\Concerns\InteractsWithConsole.php:87
C:\Users\Gaser\Desktop\COPRRA\vendor\laravel\framework\src\Illuminate\Foundation\Testing\RefreshDatabase.php:101
C:\Users\Gaser\Desktop\COPRRA\vendor\laravel\framework\src\Illuminate\Foundation\Testing\RefreshDatabase.php:84
C:\Users\Gaser\Desktop\COPRRA\vendor\laravel\framework\src\Illuminate\Foundation\Testing\RefreshDatabase.php:25
C:\Users\Gaser\Desktop\COPRRA\vendor\laravel\framework\src\Illuminate\Foundation\Testing\Concerns\InteractsWithTestCaseLifecycle.php:209
C:\Users\Gaser\Desktop\COPRRA\vendor\laravel\framework\src\Illuminate\Foundation\Testing\Concerns\InteractsWithTestCaseLifecycle.php:97
C:\Users\Gaser\Desktop\COPRRA\vendor\laravel\framework\src\Illuminate\Foundation\Testing\TestCase.php:44
C:\Users\Gaser\Desktop\COPRRA\tests\TestCase.php:25</error>
        </testcase>
        <testcase name="test_authenticated_user_cannot_access_login_page" file="C:\Users\Gaser\Desktop\COPRRA\tests\Feature\E2E\AuthenticationFlowTest.php" line="122" class="Tests\Feature\E2E\AuthenticationFlowTest" classname="Tests.Feature.E2E.AuthenticationFlowTest" assertions="0" time="0.000000">
          <error type="Error">Tests\Feature\E2E\AuthenticationFlowTest::test_authenticated_user_cannot_access_login_page&#13;
Error: Class "Mockery" not found
&#13;
C:\Users\Gaser\Desktop\COPRRA\vendor\laravel\framework\src\Illuminate\Testing\PendingCommand.php:550
C:\Users\Gaser\Desktop\COPRRA\vendor\laravel\framework\src\Illuminate\Testing\PendingCommand.php:448
C:\Users\Gaser\Desktop\COPRRA\vendor\laravel\framework\src\Illuminate\Testing\PendingCommand.php:675
C:\Users\Gaser\Desktop\COPRRA\vendor\laravel\framework\src\Illuminate\Foundation\Testing\Concerns\InteractsWithConsole.php:87
C:\Users\Gaser\Desktop\COPRRA\vendor\laravel\framework\src\Illuminate\Foundation\Testing\RefreshDatabase.php:101
C:\Users\Gaser\Desktop\COPRRA\vendor\laravel\framework\src\Illuminate\Foundation\Testing\RefreshDatabase.php:84
C:\Users\Gaser\Desktop\COPRRA\vendor\laravel\framework\src\Illuminate\Foundation\Testing\RefreshDatabase.php:25
C:\Users\Gaser\Desktop\COPRRA\vendor\laravel\framework\src\Illuminate\Foundation\Testing\Concerns\InteractsWithTestCaseLifecycle.php:209
C:\Users\Gaser\Desktop\COPRRA\vendor\laravel\framework\src\Illuminate\Foundation\Testing\Concerns\InteractsWithTestCaseLifecycle.php:97
C:\Users\Gaser\Desktop\COPRRA\vendor\laravel\framework\src\Illuminate\Foundation\Testing\TestCase.php:44
C:\Users\Gaser\Desktop\COPRRA\tests\TestCase.php:25</error>
        </testcase>
        <testcase name="test_guest_cannot_access_dashboard" file="C:\Users\Gaser\Desktop\COPRRA\tests\Feature\E2E\AuthenticationFlowTest.php" line="131" class="Tests\Feature\E2E\AuthenticationFlowTest" classname="Tests.Feature.E2E.AuthenticationFlowTest" assertions="0" time="0.000000">
          <error type="Error">Tests\Feature\E2E\AuthenticationFlowTest::test_guest_cannot_access_dashboard&#13;
Error: Class "Mockery" not found
&#13;
C:\Users\Gaser\Desktop\COPRRA\vendor\laravel\framework\src\Illuminate\Testing\PendingCommand.php:550
C:\Users\Gaser\Desktop\COPRRA\vendor\laravel\framework\src\Illuminate\Testing\PendingCommand.php:448
C:\Users\Gaser\Desktop\COPRRA\vendor\laravel\framework\src\Illuminate\Testing\PendingCommand.php:675
C:\Users\Gaser\Desktop\COPRRA\vendor\laravel\framework\src\Illuminate\Foundation\Testing\Concerns\InteractsWithConsole.php:87
C:\Users\Gaser\Desktop\COPRRA\vendor\laravel\framework\src\Illuminate\Foundation\Testing\RefreshDatabase.php:101
C:\Users\Gaser\Desktop\COPRRA\vendor\laravel\framework\src\Illuminate\Foundation\Testing\RefreshDatabase.php:84
C:\Users\Gaser\Desktop\COPRRA\vendor\laravel\framework\src\Illuminate\Foundation\Testing\RefreshDatabase.php:25
C:\Users\Gaser\Desktop\COPRRA\vendor\laravel\framework\src\Illuminate\Foundation\Testing\Concerns\InteractsWithTestCaseLifecycle.php:209
C:\Users\Gaser\Desktop\COPRRA\vendor\laravel\framework\src\Illuminate\Foundation\Testing\Concerns\InteractsWithTestCaseLifecycle.php:97
C:\Users\Gaser\Desktop\COPRRA\vendor\laravel\framework\src\Illuminate\Foundation\Testing\TestCase.php:44
C:\Users\Gaser\Desktop\COPRRA\tests\TestCase.php:25</error>
        </testcase>
      </testsuite>
      <testsuite name="Tests\Feature\E2E\OrderFlowTest" file="C:\Users\Gaser\Desktop\COPRRA\tests\Feature\E2E\OrderFlowTest.php" tests="6" assertions="0" errors="6" failures="0" skipped="0" time="0.000000">
        <testcase name="test_complete_order_creation_flow" file="C:\Users\Gaser\Desktop\COPRRA\tests\Feature\E2E\OrderFlowTest.php" line="33" class="Tests\Feature\E2E\OrderFlowTest" classname="Tests.Feature.E2E.OrderFlowTest" assertions="0" time="0.000000">
          <error type="Error">Tests\Feature\E2E\OrderFlowTest::test_complete_order_creation_flow&#13;
Error: Class "Mockery" not found
&#13;
C:\Users\Gaser\Desktop\COPRRA\vendor\laravel\framework\src\Illuminate\Testing\PendingCommand.php:550
C:\Users\Gaser\Desktop\COPRRA\vendor\laravel\framework\src\Illuminate\Testing\PendingCommand.php:448
C:\Users\Gaser\Desktop\COPRRA\vendor\laravel\framework\src\Illuminate\Testing\PendingCommand.php:675
C:\Users\Gaser\Desktop\COPRRA\vendor\laravel\framework\src\Illuminate\Foundation\Testing\Concerns\InteractsWithConsole.php:87
C:\Users\Gaser\Desktop\COPRRA\vendor\laravel\framework\src\Illuminate\Foundation\Testing\RefreshDatabase.php:101
C:\Users\Gaser\Desktop\COPRRA\vendor\laravel\framework\src\Illuminate\Foundation\Testing\RefreshDatabase.php:84
C:\Users\Gaser\Desktop\COPRRA\vendor\laravel\framework\src\Illuminate\Foundation\Testing\RefreshDatabase.php:25
C:\Users\Gaser\Desktop\COPRRA\vendor\laravel\framework\src\Illuminate\Foundation\Testing\Concerns\InteractsWithTestCaseLifecycle.php:209
C:\Users\Gaser\Desktop\COPRRA\vendor\laravel\framework\src\Illuminate\Foundation\Testing\Concerns\InteractsWithTestCaseLifecycle.php:97
C:\Users\Gaser\Desktop\COPRRA\vendor\laravel\framework\src\Illuminate\Foundation\Testing\TestCase.php:44
C:\Users\Gaser\Desktop\COPRRA\tests\TestCase.php:25
C:\Users\Gaser\Desktop\COPRRA\tests\Feature\E2E\OrderFlowTest.php:24</error>
        </testcase>
        <testcase name="test_complete_order_status_update_flow" file="C:\Users\Gaser\Desktop\COPRRA\tests\Feature\E2E\OrderFlowTest.php" line="84" class="Tests\Feature\E2E\OrderFlowTest" classname="Tests.Feature.E2E.OrderFlowTest" assertions="0" time="0.000000">
          <error type="Error">Tests\Feature\E2E\OrderFlowTest::test_complete_order_status_update_flow&#13;
Error: Class "Mockery" not found
&#13;
C:\Users\Gaser\Desktop\COPRRA\vendor\laravel\framework\src\Illuminate\Testing\PendingCommand.php:550
C:\Users\Gaser\Desktop\COPRRA\vendor\laravel\framework\src\Illuminate\Testing\PendingCommand.php:448
C:\Users\Gaser\Desktop\COPRRA\vendor\laravel\framework\src\Illuminate\Testing\PendingCommand.php:675
C:\Users\Gaser\Desktop\COPRRA\vendor\laravel\framework\src\Illuminate\Foundation\Testing\Concerns\InteractsWithConsole.php:87
C:\Users\Gaser\Desktop\COPRRA\vendor\laravel\framework\src\Illuminate\Foundation\Testing\RefreshDatabase.php:101
C:\Users\Gaser\Desktop\COPRRA\vendor\laravel\framework\src\Illuminate\Foundation\Testing\RefreshDatabase.php:84
C:\Users\Gaser\Desktop\COPRRA\vendor\laravel\framework\src\Illuminate\Foundation\Testing\RefreshDatabase.php:25
C:\Users\Gaser\Desktop\COPRRA\vendor\laravel\framework\src\Illuminate\Foundation\Testing\Concerns\InteractsWithTestCaseLifecycle.php:209
C:\Users\Gaser\Desktop\COPRRA\vendor\laravel\framework\src\Illuminate\Foundation\Testing\Concerns\InteractsWithTestCaseLifecycle.php:97
C:\Users\Gaser\Desktop\COPRRA\vendor\laravel\framework\src\Illuminate\Foundation\Testing\TestCase.php:44
C:\Users\Gaser\Desktop\COPRRA\tests\TestCase.php:25
C:\Users\Gaser\Desktop\COPRRA\tests\Feature\E2E\OrderFlowTest.php:24</error>
        </testcase>
        <testcase name="test_order_cancellation_flow" file="C:\Users\Gaser\Desktop\COPRRA\tests\Feature\E2E\OrderFlowTest.php" line="120" class="Tests\Feature\E2E\OrderFlowTest" classname="Tests.Feature.E2E.OrderFlowTest" assertions="0" time="0.000000">
          <error type="Error">Tests\Feature\E2E\OrderFlowTest::test_order_cancellation_flow&#13;
Error: Class "Mockery" not found
&#13;
C:\Users\Gaser\Desktop\COPRRA\vendor\laravel\framework\src\Illuminate\Testing\PendingCommand.php:550
C:\Users\Gaser\Desktop\COPRRA\vendor\laravel\framework\src\Illuminate\Testing\PendingCommand.php:448
C:\Users\Gaser\Desktop\COPRRA\vendor\laravel\framework\src\Illuminate\Testing\PendingCommand.php:675
C:\Users\Gaser\Desktop\COPRRA\vendor\laravel\framework\src\Illuminate\Foundation\Testing\Concerns\InteractsWithConsole.php:87
C:\Users\Gaser\Desktop\COPRRA\vendor\laravel\framework\src\Illuminate\Foundation\Testing\RefreshDatabase.php:101
C:\Users\Gaser\Desktop\COPRRA\vendor\laravel\framework\src\Illuminate\Foundation\Testing\RefreshDatabase.php:84
C:\Users\Gaser\Desktop\COPRRA\vendor\laravel\framework\src\Illuminate\Foundation\Testing\RefreshDatabase.php:25
C:\Users\Gaser\Desktop\COPRRA\vendor\laravel\framework\src\Illuminate\Foundation\Testing\Concerns\InteractsWithTestCaseLifecycle.php:209
C:\Users\Gaser\Desktop\COPRRA\vendor\laravel\framework\src\Illuminate\Foundation\Testing\Concerns\InteractsWithTestCaseLifecycle.php:97
C:\Users\Gaser\Desktop\COPRRA\vendor\laravel\framework\src\Illuminate\Foundation\Testing\TestCase.php:44
C:\Users\Gaser\Desktop\COPRRA\tests\TestCase.php:25
C:\Users\Gaser\Desktop\COPRRA\tests\Feature\E2E\OrderFlowTest.php:24</error>
        </testcase>
        <testcase name="test_cannot_cancel_shipped_order" file="C:\Users\Gaser\Desktop\COPRRA\tests\Feature\E2E\OrderFlowTest.php" line="144" class="Tests\Feature\E2E\OrderFlowTest" classname="Tests.Feature.E2E.OrderFlowTest" assertions="0" time="0.000000">
          <error type="Error">Tests\Feature\E2E\OrderFlowTest::test_cannot_cancel_shipped_order&#13;
Error: Class "Mockery" not found
&#13;
C:\Users\Gaser\Desktop\COPRRA\vendor\laravel\framework\src\Illuminate\Testing\PendingCommand.php:550
C:\Users\Gaser\Desktop\COPRRA\vendor\laravel\framework\src\Illuminate\Testing\PendingCommand.php:448
C:\Users\Gaser\Desktop\COPRRA\vendor\laravel\framework\src\Illuminate\Testing\PendingCommand.php:675
C:\Users\Gaser\Desktop\COPRRA\vendor\laravel\framework\src\Illuminate\Foundation\Testing\Concerns\InteractsWithConsole.php:87
C:\Users\Gaser\Desktop\COPRRA\vendor\laravel\framework\src\Illuminate\Foundation\Testing\RefreshDatabase.php:101
C:\Users\Gaser\Desktop\COPRRA\vendor\laravel\framework\src\Illuminate\Foundation\Testing\RefreshDatabase.php:84
C:\Users\Gaser\Desktop\COPRRA\vendor\laravel\framework\src\Illuminate\Foundation\Testing\RefreshDatabase.php:25
C:\Users\Gaser\Desktop\COPRRA\vendor\laravel\framework\src\Illuminate\Foundation\Testing\Concerns\InteractsWithTestCaseLifecycle.php:209
C:\Users\Gaser\Desktop\COPRRA\vendor\laravel\framework\src\Illuminate\Foundation\Testing\Concerns\InteractsWithTestCaseLifecycle.php:97
C:\Users\Gaser\Desktop\COPRRA\vendor\laravel\framework\src\Illuminate\Foundation\Testing\TestCase.php:44
C:\Users\Gaser\Desktop\COPRRA\tests\TestCase.php:25
C:\Users\Gaser\Desktop\COPRRA\tests\Feature\E2E\OrderFlowTest.php:24</error>
        </testcase>
        <testcase name="test_user_can_view_order_history" file="C:\Users\Gaser\Desktop\COPRRA\tests\Feature\E2E\OrderFlowTest.php" line="164" class="Tests\Feature\E2E\OrderFlowTest" classname="Tests.Feature.E2E.OrderFlowTest" assertions="0" time="0.000000">
          <error type="Error">Tests\Feature\E2E\OrderFlowTest::test_user_can_view_order_history&#13;
Error: Class "Mockery" not found
&#13;
C:\Users\Gaser\Desktop\COPRRA\vendor\laravel\framework\src\Illuminate\Testing\PendingCommand.php:550
C:\Users\Gaser\Desktop\COPRRA\vendor\laravel\framework\src\Illuminate\Testing\PendingCommand.php:448
C:\Users\Gaser\Desktop\COPRRA\vendor\laravel\framework\src\Illuminate\Testing\PendingCommand.php:675
C:\Users\Gaser\Desktop\COPRRA\vendor\laravel\framework\src\Illuminate\Foundation\Testing\Concerns\InteractsWithConsole.php:87
C:\Users\Gaser\Desktop\COPRRA\vendor\laravel\framework\src\Illuminate\Foundation\Testing\RefreshDatabase.php:101
C:\Users\Gaser\Desktop\COPRRA\vendor\laravel\framework\src\Illuminate\Foundation\Testing\RefreshDatabase.php:84
C:\Users\Gaser\Desktop\COPRRA\vendor\laravel\framework\src\Illuminate\Foundation\Testing\RefreshDatabase.php:25
C:\Users\Gaser\Desktop\COPRRA\vendor\laravel\framework\src\Illuminate\Foundation\Testing\Concerns\InteractsWithTestCaseLifecycle.php:209
C:\Users\Gaser\Desktop\COPRRA\vendor\laravel\framework\src\Illuminate\Foundation\Testing\Concerns\InteractsWithTestCaseLifecycle.php:97
C:\Users\Gaser\Desktop\COPRRA\vendor\laravel\framework\src\Illuminate\Foundation\Testing\TestCase.php:44
C:\Users\Gaser\Desktop\COPRRA\tests\TestCase.php:25
C:\Users\Gaser\Desktop\COPRRA\tests\Feature\E2E\OrderFlowTest.php:24</error>
        </testcase>
        <testcase name="test_user_cannot_view_other_users_orders" file="C:\Users\Gaser\Desktop\COPRRA\tests\Feature\E2E\OrderFlowTest.php" line="179" class="Tests\Feature\E2E\OrderFlowTest" classname="Tests.Feature.E2E.OrderFlowTest" assertions="0" time="0.000000">
          <error type="Error">Tests\Feature\E2E\OrderFlowTest::test_user_cannot_view_other_users_orders&#13;
Error: Class "Mockery" not found
&#13;
C:\Users\Gaser\Desktop\COPRRA\vendor\laravel\framework\src\Illuminate\Testing\PendingCommand.php:550
C:\Users\Gaser\Desktop\COPRRA\vendor\laravel\framework\src\Illuminate\Testing\PendingCommand.php:448
C:\Users\Gaser\Desktop\COPRRA\vendor\laravel\framework\src\Illuminate\Testing\PendingCommand.php:675
C:\Users\Gaser\Desktop\COPRRA\vendor\laravel\framework\src\Illuminate\Foundation\Testing\Concerns\InteractsWithConsole.php:87
C:\Users\Gaser\Desktop\COPRRA\vendor\laravel\framework\src\Illuminate\Foundation\Testing\RefreshDatabase.php:101
C:\Users\Gaser\Desktop\COPRRA\vendor\laravel\framework\src\Illuminate\Foundation\Testing\RefreshDatabase.php:84
C:\Users\Gaser\Desktop\COPRRA\vendor\laravel\framework\src\Illuminate\Foundation\Testing\RefreshDatabase.php:25
C:\Users\Gaser\Desktop\COPRRA\vendor\laravel\framework\src\Illuminate\Foundation\Testing\Concerns\InteractsWithTestCaseLifecycle.php:209
C:\Users\Gaser\Desktop\COPRRA\vendor\laravel\framework\src\Illuminate\Foundation\Testing\Concerns\InteractsWithTestCaseLifecycle.php:97
C:\Users\Gaser\Desktop\COPRRA\vendor\laravel\framework\src\Illuminate\Foundation\Testing\TestCase.php:44
C:\Users\Gaser\Desktop\COPRRA\tests\TestCase.php:25
C:\Users\Gaser\Desktop\COPRRA\tests\Feature\E2E\OrderFlowTest.php:24</error>
        </testcase>
      </testsuite>
      <testsuite name="Tests\Feature\EmailSendingTest" file="C:\Users\Gaser\Desktop\COPRRA\tests\Feature\EmailSendingTest.php" tests="3" assertions="0" errors="3" failures="0" skipped="0" time="0.000000">
        <testcase name="test_basic_functionality" file="C:\Users\Gaser\Desktop\COPRRA\tests\Feature\EmailSendingTest.php" line="16" class="Tests\Feature\EmailSendingTest" classname="Tests.Feature.EmailSendingTest" assertions="0" time="0.000000">
          <error type="Error">Tests\Feature\EmailSendingTest::test_basic_functionality&#13;
Error: Class "Mockery" not found
&#13;
C:\Users\Gaser\Desktop\COPRRA\vendor\laravel\framework\src\Illuminate\Testing\PendingCommand.php:550
C:\Users\Gaser\Desktop\COPRRA\vendor\laravel\framework\src\Illuminate\Testing\PendingCommand.php:448
C:\Users\Gaser\Desktop\COPRRA\vendor\laravel\framework\src\Illuminate\Testing\PendingCommand.php:675
C:\Users\Gaser\Desktop\COPRRA\vendor\laravel\framework\src\Illuminate\Foundation\Testing\Concerns\InteractsWithConsole.php:87
C:\Users\Gaser\Desktop\COPRRA\vendor\laravel\framework\src\Illuminate\Foundation\Testing\RefreshDatabase.php:101
C:\Users\Gaser\Desktop\COPRRA\vendor\laravel\framework\src\Illuminate\Foundation\Testing\RefreshDatabase.php:84
C:\Users\Gaser\Desktop\COPRRA\vendor\laravel\framework\src\Illuminate\Foundation\Testing\RefreshDatabase.php:25
C:\Users\Gaser\Desktop\COPRRA\vendor\laravel\framework\src\Illuminate\Foundation\Testing\Concerns\InteractsWithTestCaseLifecycle.php:209
C:\Users\Gaser\Desktop\COPRRA\vendor\laravel\framework\src\Illuminate\Foundation\Testing\Concerns\InteractsWithTestCaseLifecycle.php:97
C:\Users\Gaser\Desktop\COPRRA\vendor\laravel\framework\src\Illuminate\Foundation\Testing\TestCase.php:44
C:\Users\Gaser\Desktop\COPRRA\tests\TestCase.php:25
C:\Users\Gaser\Desktop\COPRRA\tests\Feature\EmailSendingTest.php:38</error>
        </testcase>
        <testcase name="test_expected_behavior" file="C:\Users\Gaser\Desktop\COPRRA\tests\Feature\EmailSendingTest.php" line="23" class="Tests\Feature\EmailSendingTest" classname="Tests.Feature.EmailSendingTest" assertions="0" time="0.000000">
          <error type="Error">Tests\Feature\EmailSendingTest::test_expected_behavior&#13;
Error: Class "Mockery" not found
&#13;
C:\Users\Gaser\Desktop\COPRRA\vendor\laravel\framework\src\Illuminate\Testing\PendingCommand.php:550
C:\Users\Gaser\Desktop\COPRRA\vendor\laravel\framework\src\Illuminate\Testing\PendingCommand.php:448
C:\Users\Gaser\Desktop\COPRRA\vendor\laravel\framework\src\Illuminate\Testing\PendingCommand.php:675
C:\Users\Gaser\Desktop\COPRRA\vendor\laravel\framework\src\Illuminate\Foundation\Testing\Concerns\InteractsWithConsole.php:87
C:\Users\Gaser\Desktop\COPRRA\vendor\laravel\framework\src\Illuminate\Foundation\Testing\RefreshDatabase.php:101
C:\Users\Gaser\Desktop\COPRRA\vendor\laravel\framework\src\Illuminate\Foundation\Testing\RefreshDatabase.php:84
C:\Users\Gaser\Desktop\COPRRA\vendor\laravel\framework\src\Illuminate\Foundation\Testing\RefreshDatabase.php:25
C:\Users\Gaser\Desktop\COPRRA\vendor\laravel\framework\src\Illuminate\Foundation\Testing\Concerns\InteractsWithTestCaseLifecycle.php:209
C:\Users\Gaser\Desktop\COPRRA\vendor\laravel\framework\src\Illuminate\Foundation\Testing\Concerns\InteractsWithTestCaseLifecycle.php:97
C:\Users\Gaser\Desktop\COPRRA\vendor\laravel\framework\src\Illuminate\Foundation\Testing\TestCase.php:44
C:\Users\Gaser\Desktop\COPRRA\tests\TestCase.php:25
C:\Users\Gaser\Desktop\COPRRA\tests\Feature\EmailSendingTest.php:38</error>
        </testcase>
        <testcase name="test_validation" file="C:\Users\Gaser\Desktop\COPRRA\tests\Feature\EmailSendingTest.php" line="30" class="Tests\Feature\EmailSendingTest" classname="Tests.Feature.EmailSendingTest" assertions="0" time="0.000000">
          <error type="Error">Tests\Feature\EmailSendingTest::test_validation&#13;
Error: Class "Mockery" not found
&#13;
C:\Users\Gaser\Desktop\COPRRA\vendor\laravel\framework\src\Illuminate\Testing\PendingCommand.php:550
C:\Users\Gaser\Desktop\COPRRA\vendor\laravel\framework\src\Illuminate\Testing\PendingCommand.php:448
C:\Users\Gaser\Desktop\COPRRA\vendor\laravel\framework\src\Illuminate\Testing\PendingCommand.php:675
C:\Users\Gaser\Desktop\COPRRA\vendor\laravel\framework\src\Illuminate\Foundation\Testing\Concerns\InteractsWithConsole.php:87
C:\Users\Gaser\Desktop\COPRRA\vendor\laravel\framework\src\Illuminate\Foundation\Testing\RefreshDatabase.php:101
C:\Users\Gaser\Desktop\COPRRA\vendor\laravel\framework\src\Illuminate\Foundation\Testing\RefreshDatabase.php:84
C:\Users\Gaser\Desktop\COPRRA\vendor\laravel\framework\src\Illuminate\Foundation\Testing\RefreshDatabase.php:25
C:\Users\Gaser\Desktop\COPRRA\vendor\laravel\framework\src\Illuminate\Foundation\Testing\Concerns\InteractsWithTestCaseLifecycle.php:209
C:\Users\Gaser\Desktop\COPRRA\vendor\laravel\framework\src\Illuminate\Foundation\Testing\Concerns\InteractsWithTestCaseLifecycle.php:97
C:\Users\Gaser\Desktop\COPRRA\vendor\laravel\framework\src\Illuminate\Foundation\Testing\TestCase.php:44
C:\Users\Gaser\Desktop\COPRRA\tests\TestCase.php:25
C:\Users\Gaser\Desktop\COPRRA\tests\Feature\EmailSendingTest.php:38</error>
        </testcase>
      </testsuite>
      <testsuite name="Tests\Feature\FeatureTest" file="C:\Users\Gaser\Desktop\COPRRA\tests\Feature\FeatureTest.php" tests="2" assertions="0" errors="2" failures="0" skipped="0" time="0.000000">
        <testcase name="test_feature_basic_functionality" file="C:\Users\Gaser\Desktop\COPRRA\tests\Feature\FeatureTest.php" line="17" class="Tests\Feature\FeatureTest" classname="Tests.Feature.FeatureTest" assertions="0" time="0.000000">
          <error type="Error">Tests\Feature\FeatureTest::test_feature_basic_functionality&#13;
Error: Class "Mockery" not found
&#13;
C:\Users\Gaser\Desktop\COPRRA\vendor\laravel\framework\src\Illuminate\Testing\PendingCommand.php:550
C:\Users\Gaser\Desktop\COPRRA\vendor\laravel\framework\src\Illuminate\Testing\PendingCommand.php:448
C:\Users\Gaser\Desktop\COPRRA\vendor\laravel\framework\src\Illuminate\Testing\PendingCommand.php:675
C:\Users\Gaser\Desktop\COPRRA\vendor\laravel\framework\src\Illuminate\Foundation\Testing\Concerns\InteractsWithConsole.php:87
C:\Users\Gaser\Desktop\COPRRA\vendor\laravel\framework\src\Illuminate\Foundation\Testing\RefreshDatabase.php:101
C:\Users\Gaser\Desktop\COPRRA\vendor\laravel\framework\src\Illuminate\Foundation\Testing\RefreshDatabase.php:84
C:\Users\Gaser\Desktop\COPRRA\vendor\laravel\framework\src\Illuminate\Foundation\Testing\RefreshDatabase.php:25
C:\Users\Gaser\Desktop\COPRRA\vendor\laravel\framework\src\Illuminate\Foundation\Testing\Concerns\InteractsWithTestCaseLifecycle.php:209
C:\Users\Gaser\Desktop\COPRRA\vendor\laravel\framework\src\Illuminate\Foundation\Testing\Concerns\InteractsWithTestCaseLifecycle.php:97
C:\Users\Gaser\Desktop\COPRRA\vendor\laravel\framework\src\Illuminate\Foundation\Testing\TestCase.php:44
C:\Users\Gaser\Desktop\COPRRA\tests\TestCase.php:25
C:\Users\Gaser\Desktop\COPRRA\tests\Feature\FeatureTest.php:32</error>
        </testcase>
        <testcase name="test_feature_expected_behavior" file="C:\Users\Gaser\Desktop\COPRRA\tests\Feature\FeatureTest.php" line="24" class="Tests\Feature\FeatureTest" classname="Tests.Feature.FeatureTest" assertions="0" time="0.000000">
          <error type="Error">Tests\Feature\FeatureTest::test_feature_expected_behavior&#13;
Error: Class "Mockery" not found
&#13;
C:\Users\Gaser\Desktop\COPRRA\vendor\laravel\framework\src\Illuminate\Testing\PendingCommand.php:550
C:\Users\Gaser\Desktop\COPRRA\vendor\laravel\framework\src\Illuminate\Testing\PendingCommand.php:448
C:\Users\Gaser\Desktop\COPRRA\vendor\laravel\framework\src\Illuminate\Testing\PendingCommand.php:675
C:\Users\Gaser\Desktop\COPRRA\vendor\laravel\framework\src\Illuminate\Foundation\Testing\Concerns\InteractsWithConsole.php:87
C:\Users\Gaser\Desktop\COPRRA\vendor\laravel\framework\src\Illuminate\Foundation\Testing\RefreshDatabase.php:101
C:\Users\Gaser\Desktop\COPRRA\vendor\laravel\framework\src\Illuminate\Foundation\Testing\RefreshDatabase.php:84
C:\Users\Gaser\Desktop\COPRRA\vendor\laravel\framework\src\Illuminate\Foundation\Testing\RefreshDatabase.php:25
C:\Users\Gaser\Desktop\COPRRA\vendor\laravel\framework\src\Illuminate\Foundation\Testing\Concerns\InteractsWithTestCaseLifecycle.php:209
C:\Users\Gaser\Desktop\COPRRA\vendor\laravel\framework\src\Illuminate\Foundation\Testing\Concerns\InteractsWithTestCaseLifecycle.php:97
C:\Users\Gaser\Desktop\COPRRA\vendor\laravel\framework\src\Illuminate\Foundation\Testing\TestCase.php:44
C:\Users\Gaser\Desktop\COPRRA\tests\TestCase.php:25
C:\Users\Gaser\Desktop\COPRRA\tests\Feature\FeatureTest.php:32</error>
        </testcase>
      </testsuite>
      <testsuite name="Tests\Feature\FileUploadTest" file="C:\Users\Gaser\Desktop\COPRRA\tests\Feature\FileUploadTest.php" tests="3" assertions="0" errors="3" failures="0" skipped="0" time="0.000000">
        <testcase name="test_basic_functionality" file="C:\Users\Gaser\Desktop\COPRRA\tests\Feature\FileUploadTest.php" line="16" class="Tests\Feature\FileUploadTest" classname="Tests.Feature.FileUploadTest" assertions="0" time="0.000000">
          <error type="Error">Tests\Feature\FileUploadTest::test_basic_functionality&#13;
Error: Class "Mockery" not found
&#13;
C:\Users\Gaser\Desktop\COPRRA\vendor\laravel\framework\src\Illuminate\Testing\PendingCommand.php:550
C:\Users\Gaser\Desktop\COPRRA\vendor\laravel\framework\src\Illuminate\Testing\PendingCommand.php:448
C:\Users\Gaser\Desktop\COPRRA\vendor\laravel\framework\src\Illuminate\Testing\PendingCommand.php:675
C:\Users\Gaser\Desktop\COPRRA\vendor\laravel\framework\src\Illuminate\Foundation\Testing\Concerns\InteractsWithConsole.php:87
C:\Users\Gaser\Desktop\COPRRA\vendor\laravel\framework\src\Illuminate\Foundation\Testing\RefreshDatabase.php:101
C:\Users\Gaser\Desktop\COPRRA\vendor\laravel\framework\src\Illuminate\Foundation\Testing\RefreshDatabase.php:84
C:\Users\Gaser\Desktop\COPRRA\vendor\laravel\framework\src\Illuminate\Foundation\Testing\RefreshDatabase.php:25
C:\Users\Gaser\Desktop\COPRRA\vendor\laravel\framework\src\Illuminate\Foundation\Testing\Concerns\InteractsWithTestCaseLifecycle.php:209
C:\Users\Gaser\Desktop\COPRRA\vendor\laravel\framework\src\Illuminate\Foundation\Testing\Concerns\InteractsWithTestCaseLifecycle.php:97
C:\Users\Gaser\Desktop\COPRRA\vendor\laravel\framework\src\Illuminate\Foundation\Testing\TestCase.php:44
C:\Users\Gaser\Desktop\COPRRA\tests\TestCase.php:25
C:\Users\Gaser\Desktop\COPRRA\tests\Feature\FileUploadTest.php:38</error>
        </testcase>
        <testcase name="test_expected_behavior" file="C:\Users\Gaser\Desktop\COPRRA\tests\Feature\FileUploadTest.php" line="23" class="Tests\Feature\FileUploadTest" classname="Tests.Feature.FileUploadTest" assertions="0" time="0.000000">
          <error type="Error">Tests\Feature\FileUploadTest::test_expected_behavior&#13;
Error: Class "Mockery" not found
&#13;
C:\Users\Gaser\Desktop\COPRRA\vendor\laravel\framework\src\Illuminate\Testing\PendingCommand.php:550
C:\Users\Gaser\Desktop\COPRRA\vendor\laravel\framework\src\Illuminate\Testing\PendingCommand.php:448
C:\Users\Gaser\Desktop\COPRRA\vendor\laravel\framework\src\Illuminate\Testing\PendingCommand.php:675
C:\Users\Gaser\Desktop\COPRRA\vendor\laravel\framework\src\Illuminate\Foundation\Testing\Concerns\InteractsWithConsole.php:87
C:\Users\Gaser\Desktop\COPRRA\vendor\laravel\framework\src\Illuminate\Foundation\Testing\RefreshDatabase.php:101
C:\Users\Gaser\Desktop\COPRRA\vendor\laravel\framework\src\Illuminate\Foundation\Testing\RefreshDatabase.php:84
C:\Users\Gaser\Desktop\COPRRA\vendor\laravel\framework\src\Illuminate\Foundation\Testing\RefreshDatabase.php:25
C:\Users\Gaser\Desktop\COPRRA\vendor\laravel\framework\src\Illuminate\Foundation\Testing\Concerns\InteractsWithTestCaseLifecycle.php:209
C:\Users\Gaser\Desktop\COPRRA\vendor\laravel\framework\src\Illuminate\Foundation\Testing\Concerns\InteractsWithTestCaseLifecycle.php:97
C:\Users\Gaser\Desktop\COPRRA\vendor\laravel\framework\src\Illuminate\Foundation\Testing\TestCase.php:44
C:\Users\Gaser\Desktop\COPRRA\tests\TestCase.php:25
C:\Users\Gaser\Desktop\COPRRA\tests\Feature\FileUploadTest.php:38</error>
        </testcase>
        <testcase name="test_validation" file="C:\Users\Gaser\Desktop\COPRRA\tests\Feature\FileUploadTest.php" line="30" class="Tests\Feature\FileUploadTest" classname="Tests.Feature.FileUploadTest" assertions="0" time="0.000000">
          <error type="Error">Tests\Feature\FileUploadTest::test_validation&#13;
Error: Class "Mockery" not found
&#13;
C:\Users\Gaser\Desktop\COPRRA\vendor\laravel\framework\src\Illuminate\Testing\PendingCommand.php:550
C:\Users\Gaser\Desktop\COPRRA\vendor\laravel\framework\src\Illuminate\Testing\PendingCommand.php:448
C:\Users\Gaser\Desktop\COPRRA\vendor\laravel\framework\src\Illuminate\Testing\PendingCommand.php:675
C:\Users\Gaser\Desktop\COPRRA\vendor\laravel\framework\src\Illuminate\Foundation\Testing\Concerns\InteractsWithConsole.php:87
C:\Users\Gaser\Desktop\COPRRA\vendor\laravel\framework\src\Illuminate\Foundation\Testing\RefreshDatabase.php:101
C:\Users\Gaser\Desktop\COPRRA\vendor\laravel\framework\src\Illuminate\Foundation\Testing\RefreshDatabase.php:84
C:\Users\Gaser\Desktop\COPRRA\vendor\laravel\framework\src\Illuminate\Foundation\Testing\RefreshDatabase.php:25
C:\Users\Gaser\Desktop\COPRRA\vendor\laravel\framework\src\Illuminate\Foundation\Testing\Concerns\InteractsWithTestCaseLifecycle.php:209
C:\Users\Gaser\Desktop\COPRRA\vendor\laravel\framework\src\Illuminate\Foundation\Testing\Concerns\InteractsWithTestCaseLifecycle.php:97
C:\Users\Gaser\Desktop\COPRRA\vendor\laravel\framework\src\Illuminate\Foundation\Testing\TestCase.php:44
C:\Users\Gaser\Desktop\COPRRA\tests\TestCase.php:25
C:\Users\Gaser\Desktop\COPRRA\tests\Feature\FileUploadTest.php:38</error>
        </testcase>
      </testsuite>
      <testsuite name="Tests\Feature\FormValidationTest" file="C:\Users\Gaser\Desktop\COPRRA\tests\Feature\FormValidationTest.php" tests="3" assertions="0" errors="3" failures="0" skipped="0" time="0.000000">
        <testcase name="test_basic_functionality" file="C:\Users\Gaser\Desktop\COPRRA\tests\Feature\FormValidationTest.php" line="16" class="Tests\Feature\FormValidationTest" classname="Tests.Feature.FormValidationTest" assertions="0" time="0.000000">
          <error type="Error">Tests\Feature\FormValidationTest::test_basic_functionality&#13;
Error: Class "Mockery" not found
&#13;
C:\Users\Gaser\Desktop\COPRRA\vendor\laravel\framework\src\Illuminate\Testing\PendingCommand.php:550
C:\Users\Gaser\Desktop\COPRRA\vendor\laravel\framework\src\Illuminate\Testing\PendingCommand.php:448
C:\Users\Gaser\Desktop\COPRRA\vendor\laravel\framework\src\Illuminate\Testing\PendingCommand.php:675
C:\Users\Gaser\Desktop\COPRRA\vendor\laravel\framework\src\Illuminate\Foundation\Testing\Concerns\InteractsWithConsole.php:87
C:\Users\Gaser\Desktop\COPRRA\vendor\laravel\framework\src\Illuminate\Foundation\Testing\RefreshDatabase.php:101
C:\Users\Gaser\Desktop\COPRRA\vendor\laravel\framework\src\Illuminate\Foundation\Testing\RefreshDatabase.php:84
C:\Users\Gaser\Desktop\COPRRA\vendor\laravel\framework\src\Illuminate\Foundation\Testing\RefreshDatabase.php:25
C:\Users\Gaser\Desktop\COPRRA\vendor\laravel\framework\src\Illuminate\Foundation\Testing\Concerns\InteractsWithTestCaseLifecycle.php:209
C:\Users\Gaser\Desktop\COPRRA\vendor\laravel\framework\src\Illuminate\Foundation\Testing\Concerns\InteractsWithTestCaseLifecycle.php:97
C:\Users\Gaser\Desktop\COPRRA\vendor\laravel\framework\src\Illuminate\Foundation\Testing\TestCase.php:44
C:\Users\Gaser\Desktop\COPRRA\tests\TestCase.php:25
C:\Users\Gaser\Desktop\COPRRA\tests\Feature\FormValidationTest.php:38</error>
        </testcase>
        <testcase name="test_expected_behavior" file="C:\Users\Gaser\Desktop\COPRRA\tests\Feature\FormValidationTest.php" line="23" class="Tests\Feature\FormValidationTest" classname="Tests.Feature.FormValidationTest" assertions="0" time="0.000000">
          <error type="Error">Tests\Feature\FormValidationTest::test_expected_behavior&#13;
Error: Class "Mockery" not found
&#13;
C:\Users\Gaser\Desktop\COPRRA\vendor\laravel\framework\src\Illuminate\Testing\PendingCommand.php:550
C:\Users\Gaser\Desktop\COPRRA\vendor\laravel\framework\src\Illuminate\Testing\PendingCommand.php:448
C:\Users\Gaser\Desktop\COPRRA\vendor\laravel\framework\src\Illuminate\Testing\PendingCommand.php:675
C:\Users\Gaser\Desktop\COPRRA\vendor\laravel\framework\src\Illuminate\Foundation\Testing\Concerns\InteractsWithConsole.php:87
C:\Users\Gaser\Desktop\COPRRA\vendor\laravel\framework\src\Illuminate\Foundation\Testing\RefreshDatabase.php:101
C:\Users\Gaser\Desktop\COPRRA\vendor\laravel\framework\src\Illuminate\Foundation\Testing\RefreshDatabase.php:84
C:\Users\Gaser\Desktop\COPRRA\vendor\laravel\framework\src\Illuminate\Foundation\Testing\RefreshDatabase.php:25
C:\Users\Gaser\Desktop\COPRRA\vendor\laravel\framework\src\Illuminate\Foundation\Testing\Concerns\InteractsWithTestCaseLifecycle.php:209
C:\Users\Gaser\Desktop\COPRRA\vendor\laravel\framework\src\Illuminate\Foundation\Testing\Concerns\InteractsWithTestCaseLifecycle.php:97
C:\Users\Gaser\Desktop\COPRRA\vendor\laravel\framework\src\Illuminate\Foundation\Testing\TestCase.php:44
C:\Users\Gaser\Desktop\COPRRA\tests\TestCase.php:25
C:\Users\Gaser\Desktop\COPRRA\tests\Feature\FormValidationTest.php:38</error>
        </testcase>
        <testcase name="test_validation" file="C:\Users\Gaser\Desktop\COPRRA\tests\Feature\FormValidationTest.php" line="30" class="Tests\Feature\FormValidationTest" classname="Tests.Feature.FormValidationTest" assertions="0" time="0.000000">
          <error type="Error">Tests\Feature\FormValidationTest::test_validation&#13;
Error: Class "Mockery" not found
&#13;
C:\Users\Gaser\Desktop\COPRRA\vendor\laravel\framework\src\Illuminate\Testing\PendingCommand.php:550
C:\Users\Gaser\Desktop\COPRRA\vendor\laravel\framework\src\Illuminate\Testing\PendingCommand.php:448
C:\Users\Gaser\Desktop\COPRRA\vendor\laravel\framework\src\Illuminate\Testing\PendingCommand.php:675
C:\Users\Gaser\Desktop\COPRRA\vendor\laravel\framework\src\Illuminate\Foundation\Testing\Concerns\InteractsWithConsole.php:87
C:\Users\Gaser\Desktop\COPRRA\vendor\laravel\framework\src\Illuminate\Foundation\Testing\RefreshDatabase.php:101
C:\Users\Gaser\Desktop\COPRRA\vendor\laravel\framework\src\Illuminate\Foundation\Testing\RefreshDatabase.php:84
C:\Users\Gaser\Desktop\COPRRA\vendor\laravel\framework\src\Illuminate\Foundation\Testing\RefreshDatabase.php:25
C:\Users\Gaser\Desktop\COPRRA\vendor\laravel\framework\src\Illuminate\Foundation\Testing\Concerns\InteractsWithTestCaseLifecycle.php:209
C:\Users\Gaser\Desktop\COPRRA\vendor\laravel\framework\src\Illuminate\Foundation\Testing\Concerns\InteractsWithTestCaseLifecycle.php:97
C:\Users\Gaser\Desktop\COPRRA\vendor\laravel\framework\src\Illuminate\Foundation\Testing\TestCase.php:44
C:\Users\Gaser\Desktop\COPRRA\tests\TestCase.php:25
C:\Users\Gaser\Desktop\COPRRA\tests\Feature\FormValidationTest.php:38</error>
        </testcase>
      </testsuite>
      <testsuite name="Tests\Feature\HostingerTest" file="C:\Users\Gaser\Desktop\COPRRA\tests\Feature\HostingerTest.php" tests="3" assertions="0" errors="3" failures="0" skipped="0" time="0.000000">
        <testcase name="test_basic_functionality" file="C:\Users\Gaser\Desktop\COPRRA\tests\Feature\HostingerTest.php" line="16" class="Tests\Feature\HostingerTest" classname="Tests.Feature.HostingerTest" assertions="0" time="0.000000">
          <error type="Error">Tests\Feature\HostingerTest::test_basic_functionality&#13;
Error: Class "Mockery" not found
&#13;
C:\Users\Gaser\Desktop\COPRRA\vendor\laravel\framework\src\Illuminate\Testing\PendingCommand.php:550
C:\Users\Gaser\Desktop\COPRRA\vendor\laravel\framework\src\Illuminate\Testing\PendingCommand.php:448
C:\Users\Gaser\Desktop\COPRRA\vendor\laravel\framework\src\Illuminate\Testing\PendingCommand.php:675
C:\Users\Gaser\Desktop\COPRRA\vendor\laravel\framework\src\Illuminate\Foundation\Testing\Concerns\InteractsWithConsole.php:87
C:\Users\Gaser\Desktop\COPRRA\vendor\laravel\framework\src\Illuminate\Foundation\Testing\RefreshDatabase.php:101
C:\Users\Gaser\Desktop\COPRRA\vendor\laravel\framework\src\Illuminate\Foundation\Testing\RefreshDatabase.php:84
C:\Users\Gaser\Desktop\COPRRA\vendor\laravel\framework\src\Illuminate\Foundation\Testing\RefreshDatabase.php:25
C:\Users\Gaser\Desktop\COPRRA\vendor\laravel\framework\src\Illuminate\Foundation\Testing\Concerns\InteractsWithTestCaseLifecycle.php:209
C:\Users\Gaser\Desktop\COPRRA\vendor\laravel\framework\src\Illuminate\Foundation\Testing\Concerns\InteractsWithTestCaseLifecycle.php:97
C:\Users\Gaser\Desktop\COPRRA\vendor\laravel\framework\src\Illuminate\Foundation\Testing\TestCase.php:44
C:\Users\Gaser\Desktop\COPRRA\tests\TestCase.php:25
C:\Users\Gaser\Desktop\COPRRA\tests\Feature\HostingerTest.php:38</error>
        </testcase>
        <testcase name="test_expected_behavior" file="C:\Users\Gaser\Desktop\COPRRA\tests\Feature\HostingerTest.php" line="23" class="Tests\Feature\HostingerTest" classname="Tests.Feature.HostingerTest" assertions="0" time="0.000000">
          <error type="Error">Tests\Feature\HostingerTest::test_expected_behavior&#13;
Error: Class "Mockery" not found
&#13;
C:\Users\Gaser\Desktop\COPRRA\vendor\laravel\framework\src\Illuminate\Testing\PendingCommand.php:550
C:\Users\Gaser\Desktop\COPRRA\vendor\laravel\framework\src\Illuminate\Testing\PendingCommand.php:448
C:\Users\Gaser\Desktop\COPRRA\vendor\laravel\framework\src\Illuminate\Testing\PendingCommand.php:675
C:\Users\Gaser\Desktop\COPRRA\vendor\laravel\framework\src\Illuminate\Foundation\Testing\Concerns\InteractsWithConsole.php:87
C:\Users\Gaser\Desktop\COPRRA\vendor\laravel\framework\src\Illuminate\Foundation\Testing\RefreshDatabase.php:101
C:\Users\Gaser\Desktop\COPRRA\vendor\laravel\framework\src\Illuminate\Foundation\Testing\RefreshDatabase.php:84
C:\Users\Gaser\Desktop\COPRRA\vendor\laravel\framework\src\Illuminate\Foundation\Testing\RefreshDatabase.php:25
C:\Users\Gaser\Desktop\COPRRA\vendor\laravel\framework\src\Illuminate\Foundation\Testing\Concerns\InteractsWithTestCaseLifecycle.php:209
C:\Users\Gaser\Desktop\COPRRA\vendor\laravel\framework\src\Illuminate\Foundation\Testing\Concerns\InteractsWithTestCaseLifecycle.php:97
C:\Users\Gaser\Desktop\COPRRA\vendor\laravel\framework\src\Illuminate\Foundation\Testing\TestCase.php:44
C:\Users\Gaser\Desktop\COPRRA\tests\TestCase.php:25
C:\Users\Gaser\Desktop\COPRRA\tests\Feature\HostingerTest.php:38</error>
        </testcase>
        <testcase name="test_validation" file="C:\Users\Gaser\Desktop\COPRRA\tests\Feature\HostingerTest.php" line="30" class="Tests\Feature\HostingerTest" classname="Tests.Feature.HostingerTest" assertions="0" time="0.000000">
          <error type="Error">Tests\Feature\HostingerTest::test_validation&#13;
Error: Class "Mockery" not found
&#13;
C:\Users\Gaser\Desktop\COPRRA\vendor\laravel\framework\src\Illuminate\Testing\PendingCommand.php:550
C:\Users\Gaser\Desktop\COPRRA\vendor\laravel\framework\src\Illuminate\Testing\PendingCommand.php:448
C:\Users\Gaser\Desktop\COPRRA\vendor\laravel\framework\src\Illuminate\Testing\PendingCommand.php:675
C:\Users\Gaser\Desktop\COPRRA\vendor\laravel\framework\src\Illuminate\Foundation\Testing\Concerns\InteractsWithConsole.php:87
C:\Users\Gaser\Desktop\COPRRA\vendor\laravel\framework\src\Illuminate\Foundation\Testing\RefreshDatabase.php:101
C:\Users\Gaser\Desktop\COPRRA\vendor\laravel\framework\src\Illuminate\Foundation\Testing\RefreshDatabase.php:84
C:\Users\Gaser\Desktop\COPRRA\vendor\laravel\framework\src\Illuminate\Foundation\Testing\RefreshDatabase.php:25
C:\Users\Gaser\Desktop\COPRRA\vendor\laravel\framework\src\Illuminate\Foundation\Testing\Concerns\InteractsWithTestCaseLifecycle.php:209
C:\Users\Gaser\Desktop\COPRRA\vendor\laravel\framework\src\Illuminate\Foundation\Testing\Concerns\InteractsWithTestCaseLifecycle.php:97
C:\Users\Gaser\Desktop\COPRRA\vendor\laravel\framework\src\Illuminate\Foundation\Testing\TestCase.php:44
C:\Users\Gaser\Desktop\COPRRA\tests\TestCase.php:25
C:\Users\Gaser\Desktop\COPRRA\tests\Feature\HostingerTest.php:38</error>
        </testcase>
      </testsuite>
      <testsuite name="Tests\Feature\Http\Controllers\AdminControllerTest" file="C:\Users\Gaser\Desktop\COPRRA\tests\Feature\Http\Controllers\AdminControllerTest.php" tests="3" assertions="0" errors="3" failures="0" skipped="0" time="0.000000">
        <testcase name="it_can_display_admin_dashboard" file="C:\Users\Gaser\Desktop\COPRRA\tests\Feature\Http\Controllers\AdminControllerTest.php" line="14" class="Tests\Feature\Http\Controllers\AdminControllerTest" classname="Tests.Feature.Http.Controllers.AdminControllerTest" assertions="0" time="0.000000">
          <error type="Error">Tests\Feature\Http\Controllers\AdminControllerTest::it_can_display_admin_dashboard&#13;
Error: Class "Mockery" not found
&#13;
C:\Users\Gaser\Desktop\COPRRA\vendor\laravel\framework\src\Illuminate\Testing\PendingCommand.php:550
C:\Users\Gaser\Desktop\COPRRA\vendor\laravel\framework\src\Illuminate\Testing\PendingCommand.php:448
C:\Users\Gaser\Desktop\COPRRA\vendor\laravel\framework\src\Illuminate\Testing\PendingCommand.php:675
C:\Users\Gaser\Desktop\COPRRA\vendor\laravel\framework\src\Illuminate\Foundation\Testing\Concerns\InteractsWithConsole.php:87
C:\Users\Gaser\Desktop\COPRRA\vendor\laravel\framework\src\Illuminate\Foundation\Testing\RefreshDatabase.php:101
C:\Users\Gaser\Desktop\COPRRA\vendor\laravel\framework\src\Illuminate\Foundation\Testing\RefreshDatabase.php:84
C:\Users\Gaser\Desktop\COPRRA\vendor\laravel\framework\src\Illuminate\Foundation\Testing\RefreshDatabase.php:25
C:\Users\Gaser\Desktop\COPRRA\vendor\laravel\framework\src\Illuminate\Foundation\Testing\Concerns\InteractsWithTestCaseLifecycle.php:209
C:\Users\Gaser\Desktop\COPRRA\vendor\laravel\framework\src\Illuminate\Foundation\Testing\Concerns\InteractsWithTestCaseLifecycle.php:97
C:\Users\Gaser\Desktop\COPRRA\vendor\laravel\framework\src\Illuminate\Foundation\Testing\TestCase.php:44
C:\Users\Gaser\Desktop\COPRRA\tests\TestCase.php:25</error>
        </testcase>
        <testcase name="it_redirects_non_admin_users_from_dashboard" file="C:\Users\Gaser\Desktop\COPRRA\tests\Feature\Http\Controllers\AdminControllerTest.php" line="34" class="Tests\Feature\Http\Controllers\AdminControllerTest" classname="Tests.Feature.Http.Controllers.AdminControllerTest" assertions="0" time="0.000000">
          <error type="Error">Tests\Feature\Http\Controllers\AdminControllerTest::it_redirects_non_admin_users_from_dashboard&#13;
Error: Class "Mockery" not found
&#13;
C:\Users\Gaser\Desktop\COPRRA\vendor\laravel\framework\src\Illuminate\Testing\PendingCommand.php:550
C:\Users\Gaser\Desktop\COPRRA\vendor\laravel\framework\src\Illuminate\Testing\PendingCommand.php:448
C:\Users\Gaser\Desktop\COPRRA\vendor\laravel\framework\src\Illuminate\Testing\PendingCommand.php:675
C:\Users\Gaser\Desktop\COPRRA\vendor\laravel\framework\src\Illuminate\Foundation\Testing\Concerns\InteractsWithConsole.php:87
C:\Users\Gaser\Desktop\COPRRA\vendor\laravel\framework\src\Illuminate\Foundation\Testing\RefreshDatabase.php:101
C:\Users\Gaser\Desktop\COPRRA\vendor\laravel\framework\src\Illuminate\Foundation\Testing\RefreshDatabase.php:84
C:\Users\Gaser\Desktop\COPRRA\vendor\laravel\framework\src\Illuminate\Foundation\Testing\RefreshDatabase.php:25
C:\Users\Gaser\Desktop\COPRRA\vendor\laravel\framework\src\Illuminate\Foundation\Testing\Concerns\InteractsWithTestCaseLifecycle.php:209
C:\Users\Gaser\Desktop\COPRRA\vendor\laravel\framework\src\Illuminate\Foundation\Testing\Concerns\InteractsWithTestCaseLifecycle.php:97
C:\Users\Gaser\Desktop\COPRRA\vendor\laravel\framework\src\Illuminate\Foundation\Testing\TestCase.php:44
C:\Users\Gaser\Desktop\COPRRA\tests\TestCase.php:25</error>
        </testcase>
        <testcase name="it_can_display_users_management_page" file="C:\Users\Gaser\Desktop\COPRRA\tests\Feature\Http\Controllers\AdminControllerTest.php" line="48" class="Tests\Feature\Http\Controllers\AdminControllerTest" classname="Tests.Feature.Http.Controllers.AdminControllerTest" assertions="0" time="0.000000">
          <error type="Error">Tests\Feature\Http\Controllers\AdminControllerTest::it_can_display_users_management_page&#13;
Error: Class "Mockery" not found
&#13;
C:\Users\Gaser\Desktop\COPRRA\vendor\laravel\framework\src\Illuminate\Testing\PendingCommand.php:550
C:\Users\Gaser\Desktop\COPRRA\vendor\laravel\framework\src\Illuminate\Testing\PendingCommand.php:448
C:\Users\Gaser\Desktop\COPRRA\vendor\laravel\framework\src\Illuminate\Testing\PendingCommand.php:675
C:\Users\Gaser\Desktop\COPRRA\vendor\laravel\framework\src\Illuminate\Foundation\Testing\Concerns\InteractsWithConsole.php:87
C:\Users\Gaser\Desktop\COPRRA\vendor\laravel\framework\src\Illuminate\Foundation\Testing\RefreshDatabase.php:101
C:\Users\Gaser\Desktop\COPRRA\vendor\laravel\framework\src\Illuminate\Foundation\Testing\RefreshDatabase.php:84
C:\Users\Gaser\Desktop\COPRRA\vendor\laravel\framework\src\Illuminate\Foundation\Testing\RefreshDatabase.php:25
C:\Users\Gaser\Desktop\COPRRA\vendor\laravel\framework\src\Illuminate\Foundation\Testing\Concerns\InteractsWithTestCaseLifecycle.php:209
C:\Users\Gaser\Desktop\COPRRA\vendor\laravel\framework\src\Illuminate\Foundation\Testing\Concerns\InteractsWithTestCaseLifecycle.php:97
C:\Users\Gaser\Desktop\COPRRA\vendor\laravel\framework\src\Illuminate\Foundation\Testing\TestCase.php:44
C:\Users\Gaser\Desktop\COPRRA\tests\TestCase.php:25</error>
        </testcase>
      </testsuite>
      <testsuite name="Tests\Feature\Http\Controllers\Api\Admin\BrandControllerTest" file="C:\Users\Gaser\Desktop\COPRRA\tests\Feature\Http\Controllers\Api\Admin\BrandControllerTest.php" tests="14" assertions="0" errors="14" failures="0" skipped="0" time="0.000000">
        <testcase name="test_can_list_brands" file="C:\Users\Gaser\Desktop\COPRRA\tests\Feature\Http\Controllers\Api\Admin\BrandControllerTest.php" line="20" class="Tests\Feature\Http\Controllers\Api\Admin\BrandControllerTest" classname="Tests.Feature.Http.Controllers.Api.Admin.BrandControllerTest" assertions="0" time="0.000000">
          <error type="Error">Tests\Feature\Http\Controllers\Api\Admin\BrandControllerTest::test_can_list_brands&#13;
Error: Class "Mockery" not found
&#13;
C:\Users\Gaser\Desktop\COPRRA\vendor\laravel\framework\src\Illuminate\Testing\PendingCommand.php:550
C:\Users\Gaser\Desktop\COPRRA\vendor\laravel\framework\src\Illuminate\Testing\PendingCommand.php:448
C:\Users\Gaser\Desktop\COPRRA\vendor\laravel\framework\src\Illuminate\Testing\PendingCommand.php:675
C:\Users\Gaser\Desktop\COPRRA\vendor\laravel\framework\src\Illuminate\Foundation\Testing\Concerns\InteractsWithConsole.php:87
C:\Users\Gaser\Desktop\COPRRA\vendor\laravel\framework\src\Illuminate\Foundation\Testing\RefreshDatabase.php:101
C:\Users\Gaser\Desktop\COPRRA\vendor\laravel\framework\src\Illuminate\Foundation\Testing\RefreshDatabase.php:84
C:\Users\Gaser\Desktop\COPRRA\vendor\laravel\framework\src\Illuminate\Foundation\Testing\RefreshDatabase.php:25
C:\Users\Gaser\Desktop\COPRRA\vendor\laravel\framework\src\Illuminate\Foundation\Testing\Concerns\InteractsWithTestCaseLifecycle.php:209
C:\Users\Gaser\Desktop\COPRRA\vendor\laravel\framework\src\Illuminate\Foundation\Testing\Concerns\InteractsWithTestCaseLifecycle.php:97
C:\Users\Gaser\Desktop\COPRRA\vendor\laravel\framework\src\Illuminate\Foundation\Testing\TestCase.php:44
C:\Users\Gaser\Desktop\COPRRA\tests\TestCase.php:25</error>
        </testcase>
        <testcase name="test_requires_admin_authentication_to_list_brands" file="C:\Users\Gaser\Desktop\COPRRA\tests\Feature\Http\Controllers\Api\Admin\BrandControllerTest.php" line="44" class="Tests\Feature\Http\Controllers\Api\Admin\BrandControllerTest" classname="Tests.Feature.Http.Controllers.Api.Admin.BrandControllerTest" assertions="0" time="0.000000">
          <error type="Error">Tests\Feature\Http\Controllers\Api\Admin\BrandControllerTest::test_requires_admin_authentication_to_list_brands&#13;
Error: Class "Mockery" not found
&#13;
C:\Users\Gaser\Desktop\COPRRA\vendor\laravel\framework\src\Illuminate\Testing\PendingCommand.php:550
C:\Users\Gaser\Desktop\COPRRA\vendor\laravel\framework\src\Illuminate\Testing\PendingCommand.php:448
C:\Users\Gaser\Desktop\COPRRA\vendor\laravel\framework\src\Illuminate\Testing\PendingCommand.php:675
C:\Users\Gaser\Desktop\COPRRA\vendor\laravel\framework\src\Illuminate\Foundation\Testing\Concerns\InteractsWithConsole.php:87
C:\Users\Gaser\Desktop\COPRRA\vendor\laravel\framework\src\Illuminate\Foundation\Testing\RefreshDatabase.php:101
C:\Users\Gaser\Desktop\COPRRA\vendor\laravel\framework\src\Illuminate\Foundation\Testing\RefreshDatabase.php:84
C:\Users\Gaser\Desktop\COPRRA\vendor\laravel\framework\src\Illuminate\Foundation\Testing\RefreshDatabase.php:25
C:\Users\Gaser\Desktop\COPRRA\vendor\laravel\framework\src\Illuminate\Foundation\Testing\Concerns\InteractsWithTestCaseLifecycle.php:209
C:\Users\Gaser\Desktop\COPRRA\vendor\laravel\framework\src\Illuminate\Foundation\Testing\Concerns\InteractsWithTestCaseLifecycle.php:97
C:\Users\Gaser\Desktop\COPRRA\vendor\laravel\framework\src\Illuminate\Foundation\Testing\TestCase.php:44
C:\Users\Gaser\Desktop\COPRRA\tests\TestCase.php:25</error>
        </testcase>
        <testcase name="test_requires_admin_role_to_list_brands" file="C:\Users\Gaser\Desktop\COPRRA\tests\Feature\Http\Controllers\Api\Admin\BrandControllerTest.php" line="51" class="Tests\Feature\Http\Controllers\Api\Admin\BrandControllerTest" classname="Tests.Feature.Http.Controllers.Api.Admin.BrandControllerTest" assertions="0" time="0.000000">
          <error type="Error">Tests\Feature\Http\Controllers\Api\Admin\BrandControllerTest::test_requires_admin_role_to_list_brands&#13;
Error: Class "Mockery" not found
&#13;
C:\Users\Gaser\Desktop\COPRRA\vendor\laravel\framework\src\Illuminate\Testing\PendingCommand.php:550
C:\Users\Gaser\Desktop\COPRRA\vendor\laravel\framework\src\Illuminate\Testing\PendingCommand.php:448
C:\Users\Gaser\Desktop\COPRRA\vendor\laravel\framework\src\Illuminate\Testing\PendingCommand.php:675
C:\Users\Gaser\Desktop\COPRRA\vendor\laravel\framework\src\Illuminate\Foundation\Testing\Concerns\InteractsWithConsole.php:87
C:\Users\Gaser\Desktop\COPRRA\vendor\laravel\framework\src\Illuminate\Foundation\Testing\RefreshDatabase.php:101
C:\Users\Gaser\Desktop\COPRRA\vendor\laravel\framework\src\Illuminate\Foundation\Testing\RefreshDatabase.php:84
C:\Users\Gaser\Desktop\COPRRA\vendor\laravel\framework\src\Illuminate\Foundation\Testing\RefreshDatabase.php:25
C:\Users\Gaser\Desktop\COPRRA\vendor\laravel\framework\src\Illuminate\Foundation\Testing\Concerns\InteractsWithTestCaseLifecycle.php:209
C:\Users\Gaser\Desktop\COPRRA\vendor\laravel\framework\src\Illuminate\Foundation\Testing\Concerns\InteractsWithTestCaseLifecycle.php:97
C:\Users\Gaser\Desktop\COPRRA\vendor\laravel\framework\src\Illuminate\Foundation\Testing\TestCase.php:44
C:\Users\Gaser\Desktop\COPRRA\tests\TestCase.php:25</error>
        </testcase>
        <testcase name="test_can_show_specific_brand" file="C:\Users\Gaser\Desktop\COPRRA\tests\Feature\Http\Controllers\Api\Admin\BrandControllerTest.php" line="61" class="Tests\Feature\Http\Controllers\Api\Admin\BrandControllerTest" classname="Tests.Feature.Http.Controllers.Api.Admin.BrandControllerTest" assertions="0" time="0.000000">
          <error type="Error">Tests\Feature\Http\Controllers\Api\Admin\BrandControllerTest::test_can_show_specific_brand&#13;
Error: Class "Mockery" not found
&#13;
C:\Users\Gaser\Desktop\COPRRA\vendor\laravel\framework\src\Illuminate\Testing\PendingCommand.php:550
C:\Users\Gaser\Desktop\COPRRA\vendor\laravel\framework\src\Illuminate\Testing\PendingCommand.php:448
C:\Users\Gaser\Desktop\COPRRA\vendor\laravel\framework\src\Illuminate\Testing\PendingCommand.php:675
C:\Users\Gaser\Desktop\COPRRA\vendor\laravel\framework\src\Illuminate\Foundation\Testing\Concerns\InteractsWithConsole.php:87
C:\Users\Gaser\Desktop\COPRRA\vendor\laravel\framework\src\Illuminate\Foundation\Testing\RefreshDatabase.php:101
C:\Users\Gaser\Desktop\COPRRA\vendor\laravel\framework\src\Illuminate\Foundation\Testing\RefreshDatabase.php:84
C:\Users\Gaser\Desktop\COPRRA\vendor\laravel\framework\src\Illuminate\Foundation\Testing\RefreshDatabase.php:25
C:\Users\Gaser\Desktop\COPRRA\vendor\laravel\framework\src\Illuminate\Foundation\Testing\Concerns\InteractsWithTestCaseLifecycle.php:209
C:\Users\Gaser\Desktop\COPRRA\vendor\laravel\framework\src\Illuminate\Foundation\Testing\Concerns\InteractsWithTestCaseLifecycle.php:97
C:\Users\Gaser\Desktop\COPRRA\vendor\laravel\framework\src\Illuminate\Foundation\Testing\TestCase.php:44
C:\Users\Gaser\Desktop\COPRRA\tests\TestCase.php:25</error>
        </testcase>
        <testcase name="test_returns_404_for_nonexistent_brand" file="C:\Users\Gaser\Desktop\COPRRA\tests\Feature\Http\Controllers\Api\Admin\BrandControllerTest.php" line="81" class="Tests\Feature\Http\Controllers\Api\Admin\BrandControllerTest" classname="Tests.Feature.Http.Controllers.Api.Admin.BrandControllerTest" assertions="0" time="0.000000">
          <error type="Error">Tests\Feature\Http\Controllers\Api\Admin\BrandControllerTest::test_returns_404_for_nonexistent_brand&#13;
Error: Class "Mockery" not found
&#13;
C:\Users\Gaser\Desktop\COPRRA\vendor\laravel\framework\src\Illuminate\Testing\PendingCommand.php:550
C:\Users\Gaser\Desktop\COPRRA\vendor\laravel\framework\src\Illuminate\Testing\PendingCommand.php:448
C:\Users\Gaser\Desktop\COPRRA\vendor\laravel\framework\src\Illuminate\Testing\PendingCommand.php:675
C:\Users\Gaser\Desktop\COPRRA\vendor\laravel\framework\src\Illuminate\Foundation\Testing\Concerns\InteractsWithConsole.php:87
C:\Users\Gaser\Desktop\COPRRA\vendor\laravel\framework\src\Illuminate\Foundation\Testing\RefreshDatabase.php:101
C:\Users\Gaser\Desktop\COPRRA\vendor\laravel\framework\src\Illuminate\Foundation\Testing\RefreshDatabase.php:84
C:\Users\Gaser\Desktop\COPRRA\vendor\laravel\framework\src\Illuminate\Foundation\Testing\RefreshDatabase.php:25
C:\Users\Gaser\Desktop\COPRRA\vendor\laravel\framework\src\Illuminate\Foundation\Testing\Concerns\InteractsWithTestCaseLifecycle.php:209
C:\Users\Gaser\Desktop\COPRRA\vendor\laravel\framework\src\Illuminate\Foundation\Testing\Concerns\InteractsWithTestCaseLifecycle.php:97
C:\Users\Gaser\Desktop\COPRRA\vendor\laravel\framework\src\Illuminate\Foundation\Testing\TestCase.php:44
C:\Users\Gaser\Desktop\COPRRA\tests\TestCase.php:25</error>
        </testcase>
        <testcase name="test_can_create_brand" file="C:\Users\Gaser\Desktop\COPRRA\tests\Feature\Http\Controllers\Api\Admin\BrandControllerTest.php" line="91" class="Tests\Feature\Http\Controllers\Api\Admin\BrandControllerTest" classname="Tests.Feature.Http.Controllers.Api.Admin.BrandControllerTest" assertions="0" time="0.000000">
          <error type="Error">Tests\Feature\Http\Controllers\Api\Admin\BrandControllerTest::test_can_create_brand&#13;
Error: Class "Mockery" not found
&#13;
C:\Users\Gaser\Desktop\COPRRA\vendor\laravel\framework\src\Illuminate\Testing\PendingCommand.php:550
C:\Users\Gaser\Desktop\COPRRA\vendor\laravel\framework\src\Illuminate\Testing\PendingCommand.php:448
C:\Users\Gaser\Desktop\COPRRA\vendor\laravel\framework\src\Illuminate\Testing\PendingCommand.php:675
C:\Users\Gaser\Desktop\COPRRA\vendor\laravel\framework\src\Illuminate\Foundation\Testing\Concerns\InteractsWithConsole.php:87
C:\Users\Gaser\Desktop\COPRRA\vendor\laravel\framework\src\Illuminate\Foundation\Testing\RefreshDatabase.php:101
C:\Users\Gaser\Desktop\COPRRA\vendor\laravel\framework\src\Illuminate\Foundation\Testing\RefreshDatabase.php:84
C:\Users\Gaser\Desktop\COPRRA\vendor\laravel\framework\src\Illuminate\Foundation\Testing\RefreshDatabase.php:25
C:\Users\Gaser\Desktop\COPRRA\vendor\laravel\framework\src\Illuminate\Foundation\Testing\Concerns\InteractsWithTestCaseLifecycle.php:209
C:\Users\Gaser\Desktop\COPRRA\vendor\laravel\framework\src\Illuminate\Foundation\Testing\Concerns\InteractsWithTestCaseLifecycle.php:97
C:\Users\Gaser\Desktop\COPRRA\vendor\laravel\framework\src\Illuminate\Foundation\Testing\TestCase.php:44
C:\Users\Gaser\Desktop\COPRRA\tests\TestCase.php:25</error>
        </testcase>
        <testcase name="test_validates_brand_creation_request" file="C:\Users\Gaser\Desktop\COPRRA\tests\Feature\Http\Controllers\Api\Admin\BrandControllerTest.php" line="118" class="Tests\Feature\Http\Controllers\Api\Admin\BrandControllerTest" classname="Tests.Feature.Http.Controllers.Api.Admin.BrandControllerTest" assertions="0" time="0.000000">
          <error type="Error">Tests\Feature\Http\Controllers\Api\Admin\BrandControllerTest::test_validates_brand_creation_request&#13;
Error: Class "Mockery" not found
&#13;
C:\Users\Gaser\Desktop\COPRRA\vendor\laravel\framework\src\Illuminate\Testing\PendingCommand.php:550
C:\Users\Gaser\Desktop\COPRRA\vendor\laravel\framework\src\Illuminate\Testing\PendingCommand.php:448
C:\Users\Gaser\Desktop\COPRRA\vendor\laravel\framework\src\Illuminate\Testing\PendingCommand.php:675
C:\Users\Gaser\Desktop\COPRRA\vendor\laravel\framework\src\Illuminate\Foundation\Testing\Concerns\InteractsWithConsole.php:87
C:\Users\Gaser\Desktop\COPRRA\vendor\laravel\framework\src\Illuminate\Foundation\Testing\RefreshDatabase.php:101
C:\Users\Gaser\Desktop\COPRRA\vendor\laravel\framework\src\Illuminate\Foundation\Testing\RefreshDatabase.php:84
C:\Users\Gaser\Desktop\COPRRA\vendor\laravel\framework\src\Illuminate\Foundation\Testing\RefreshDatabase.php:25
C:\Users\Gaser\Desktop\COPRRA\vendor\laravel\framework\src\Illuminate\Foundation\Testing\Concerns\InteractsWithTestCaseLifecycle.php:209
C:\Users\Gaser\Desktop\COPRRA\vendor\laravel\framework\src\Illuminate\Foundation\Testing\Concerns\InteractsWithTestCaseLifecycle.php:97
C:\Users\Gaser\Desktop\COPRRA\vendor\laravel\framework\src\Illuminate\Foundation\Testing\TestCase.php:44
C:\Users\Gaser\Desktop\COPRRA\tests\TestCase.php:25</error>
        </testcase>
        <testcase name="test_requires_admin_authentication_to_create_brand" file="C:\Users\Gaser\Desktop\COPRRA\tests\Feature\Http\Controllers\Api\Admin\BrandControllerTest.php" line="129" class="Tests\Feature\Http\Controllers\Api\Admin\BrandControllerTest" classname="Tests.Feature.Http.Controllers.Api.Admin.BrandControllerTest" assertions="0" time="0.000000">
          <error type="Error">Tests\Feature\Http\Controllers\Api\Admin\BrandControllerTest::test_requires_admin_authentication_to_create_brand&#13;
Error: Class "Mockery" not found
&#13;
C:\Users\Gaser\Desktop\COPRRA\vendor\laravel\framework\src\Illuminate\Testing\PendingCommand.php:550
C:\Users\Gaser\Desktop\COPRRA\vendor\laravel\framework\src\Illuminate\Testing\PendingCommand.php:448
C:\Users\Gaser\Desktop\COPRRA\vendor\laravel\framework\src\Illuminate\Testing\PendingCommand.php:675
C:\Users\Gaser\Desktop\COPRRA\vendor\laravel\framework\src\Illuminate\Foundation\Testing\Concerns\InteractsWithConsole.php:87
C:\Users\Gaser\Desktop\COPRRA\vendor\laravel\framework\src\Illuminate\Foundation\Testing\RefreshDatabase.php:101
C:\Users\Gaser\Desktop\COPRRA\vendor\laravel\framework\src\Illuminate\Foundation\Testing\RefreshDatabase.php:84
C:\Users\Gaser\Desktop\COPRRA\vendor\laravel\framework\src\Illuminate\Foundation\Testing\RefreshDatabase.php:25
C:\Users\Gaser\Desktop\COPRRA\vendor\laravel\framework\src\Illuminate\Foundation\Testing\Concerns\InteractsWithTestCaseLifecycle.php:209
C:\Users\Gaser\Desktop\COPRRA\vendor\laravel\framework\src\Illuminate\Foundation\Testing\Concerns\InteractsWithTestCaseLifecycle.php:97
C:\Users\Gaser\Desktop\COPRRA\vendor\laravel\framework\src\Illuminate\Foundation\Testing\TestCase.php:44
C:\Users\Gaser\Desktop\COPRRA\tests\TestCase.php:25</error>
        </testcase>
        <testcase name="test_can_update_brand" file="C:\Users\Gaser\Desktop\COPRRA\tests\Feature\Http\Controllers\Api\Admin\BrandControllerTest.php" line="141" class="Tests\Feature\Http\Controllers\Api\Admin\BrandControllerTest" classname="Tests.Feature.Http.Controllers.Api.Admin.BrandControllerTest" assertions="0" time="0.000000">
          <error type="Error">Tests\Feature\Http\Controllers\Api\Admin\BrandControllerTest::test_can_update_brand&#13;
Error: Class "Mockery" not found
&#13;
C:\Users\Gaser\Desktop\COPRRA\vendor\laravel\framework\src\Illuminate\Testing\PendingCommand.php:550
C:\Users\Gaser\Desktop\COPRRA\vendor\laravel\framework\src\Illuminate\Testing\PendingCommand.php:448
C:\Users\Gaser\Desktop\COPRRA\vendor\laravel\framework\src\Illuminate\Testing\PendingCommand.php:675
C:\Users\Gaser\Desktop\COPRRA\vendor\laravel\framework\src\Illuminate\Foundation\Testing\Concerns\InteractsWithConsole.php:87
C:\Users\Gaser\Desktop\COPRRA\vendor\laravel\framework\src\Illuminate\Foundation\Testing\RefreshDatabase.php:101
C:\Users\Gaser\Desktop\COPRRA\vendor\laravel\framework\src\Illuminate\Foundation\Testing\RefreshDatabase.php:84
C:\Users\Gaser\Desktop\COPRRA\vendor\laravel\framework\src\Illuminate\Foundation\Testing\RefreshDatabase.php:25
C:\Users\Gaser\Desktop\COPRRA\vendor\laravel\framework\src\Illuminate\Foundation\Testing\Concerns\InteractsWithTestCaseLifecycle.php:209
C:\Users\Gaser\Desktop\COPRRA\vendor\laravel\framework\src\Illuminate\Foundation\Testing\Concerns\InteractsWithTestCaseLifecycle.php:97
C:\Users\Gaser\Desktop\COPRRA\vendor\laravel\framework\src\Illuminate\Foundation\Testing\TestCase.php:44
C:\Users\Gaser\Desktop\COPRRA\tests\TestCase.php:25</error>
        </testcase>
        <testcase name="test_validates_brand_update_request" file="C:\Users\Gaser\Desktop\COPRRA\tests\Feature\Http\Controllers\Api\Admin\BrandControllerTest.php" line="172" class="Tests\Feature\Http\Controllers\Api\Admin\BrandControllerTest" classname="Tests.Feature.Http.Controllers.Api.Admin.BrandControllerTest" assertions="0" time="0.000000">
          <error type="Error">Tests\Feature\Http\Controllers\Api\Admin\BrandControllerTest::test_validates_brand_update_request&#13;
Error: Class "Mockery" not found
&#13;
C:\Users\Gaser\Desktop\COPRRA\vendor\laravel\framework\src\Illuminate\Testing\PendingCommand.php:550
C:\Users\Gaser\Desktop\COPRRA\vendor\laravel\framework\src\Illuminate\Testing\PendingCommand.php:448
C:\Users\Gaser\Desktop\COPRRA\vendor\laravel\framework\src\Illuminate\Testing\PendingCommand.php:675
C:\Users\Gaser\Desktop\COPRRA\vendor\laravel\framework\src\Illuminate\Foundation\Testing\Concerns\InteractsWithConsole.php:87
C:\Users\Gaser\Desktop\COPRRA\vendor\laravel\framework\src\Illuminate\Foundation\Testing\RefreshDatabase.php:101
C:\Users\Gaser\Desktop\COPRRA\vendor\laravel\framework\src\Illuminate\Foundation\Testing\RefreshDatabase.php:84
C:\Users\Gaser\Desktop\COPRRA\vendor\laravel\framework\src\Illuminate\Foundation\Testing\RefreshDatabase.php:25
C:\Users\Gaser\Desktop\COPRRA\vendor\laravel\framework\src\Illuminate\Foundation\Testing\Concerns\InteractsWithTestCaseLifecycle.php:209
C:\Users\Gaser\Desktop\COPRRA\vendor\laravel\framework\src\Illuminate\Foundation\Testing\Concerns\InteractsWithTestCaseLifecycle.php:97
C:\Users\Gaser\Desktop\COPRRA\vendor\laravel\framework\src\Illuminate\Foundation\Testing\TestCase.php:44
C:\Users\Gaser\Desktop\COPRRA\tests\TestCase.php:25</error>
        </testcase>
        <testcase name="test_requires_admin_authentication_to_update_brand" file="C:\Users\Gaser\Desktop\COPRRA\tests\Feature\Http\Controllers\Api\Admin\BrandControllerTest.php" line="185" class="Tests\Feature\Http\Controllers\Api\Admin\BrandControllerTest" classname="Tests.Feature.Http.Controllers.Api.Admin.BrandControllerTest" assertions="0" time="0.000000">
          <error type="Error">Tests\Feature\Http\Controllers\Api\Admin\BrandControllerTest::test_requires_admin_authentication_to_update_brand&#13;
Error: Class "Mockery" not found
&#13;
C:\Users\Gaser\Desktop\COPRRA\vendor\laravel\framework\src\Illuminate\Testing\PendingCommand.php:550
C:\Users\Gaser\Desktop\COPRRA\vendor\laravel\framework\src\Illuminate\Testing\PendingCommand.php:448
C:\Users\Gaser\Desktop\COPRRA\vendor\laravel\framework\src\Illuminate\Testing\PendingCommand.php:675
C:\Users\Gaser\Desktop\COPRRA\vendor\laravel\framework\src\Illuminate\Foundation\Testing\Concerns\InteractsWithConsole.php:87
C:\Users\Gaser\Desktop\COPRRA\vendor\laravel\framework\src\Illuminate\Foundation\Testing\RefreshDatabase.php:101
C:\Users\Gaser\Desktop\COPRRA\vendor\laravel\framework\src\Illuminate\Foundation\Testing\RefreshDatabase.php:84
C:\Users\Gaser\Desktop\COPRRA\vendor\laravel\framework\src\Illuminate\Foundation\Testing\RefreshDatabase.php:25
C:\Users\Gaser\Desktop\COPRRA\vendor\laravel\framework\src\Illuminate\Foundation\Testing\Concerns\InteractsWithTestCaseLifecycle.php:209
C:\Users\Gaser\Desktop\COPRRA\vendor\laravel\framework\src\Illuminate\Foundation\Testing\Concerns\InteractsWithTestCaseLifecycle.php:97
C:\Users\Gaser\Desktop\COPRRA\vendor\laravel\framework\src\Illuminate\Foundation\Testing\TestCase.php:44
C:\Users\Gaser\Desktop\COPRRA\tests\TestCase.php:25</error>
        </testcase>
        <testcase name="test_can_delete_brand" file="C:\Users\Gaser\Desktop\COPRRA\tests\Feature\Http\Controllers\Api\Admin\BrandControllerTest.php" line="199" class="Tests\Feature\Http\Controllers\Api\Admin\BrandControllerTest" classname="Tests.Feature.Http.Controllers.Api.Admin.BrandControllerTest" assertions="0" time="0.000000">
          <error type="Error">Tests\Feature\Http\Controllers\Api\Admin\BrandControllerTest::test_can_delete_brand&#13;
Error: Class "Mockery" not found
&#13;
C:\Users\Gaser\Desktop\COPRRA\vendor\laravel\framework\src\Illuminate\Testing\PendingCommand.php:550
C:\Users\Gaser\Desktop\COPRRA\vendor\laravel\framework\src\Illuminate\Testing\PendingCommand.php:448
C:\Users\Gaser\Desktop\COPRRA\vendor\laravel\framework\src\Illuminate\Testing\PendingCommand.php:675
C:\Users\Gaser\Desktop\COPRRA\vendor\laravel\framework\src\Illuminate\Foundation\Testing\Concerns\InteractsWithConsole.php:87
C:\Users\Gaser\Desktop\COPRRA\vendor\laravel\framework\src\Illuminate\Foundation\Testing\RefreshDatabase.php:101
C:\Users\Gaser\Desktop\COPRRA\vendor\laravel\framework\src\Illuminate\Foundation\Testing\RefreshDatabase.php:84
C:\Users\Gaser\Desktop\COPRRA\vendor\laravel\framework\src\Illuminate\Foundation\Testing\RefreshDatabase.php:25
C:\Users\Gaser\Desktop\COPRRA\vendor\laravel\framework\src\Illuminate\Foundation\Testing\Concerns\InteractsWithTestCaseLifecycle.php:209
C:\Users\Gaser\Desktop\COPRRA\vendor\laravel\framework\src\Illuminate\Foundation\Testing\Concerns\InteractsWithTestCaseLifecycle.php:97
C:\Users\Gaser\Desktop\COPRRA\vendor\laravel\framework\src\Illuminate\Foundation\Testing\TestCase.php:44
C:\Users\Gaser\Desktop\COPRRA\tests\TestCase.php:25</error>
        </testcase>
        <testcase name="test_returns_404_when_deleting_nonexistent_brand" file="C:\Users\Gaser\Desktop\COPRRA\tests\Feature\Http\Controllers\Api\Admin\BrandControllerTest.php" line="216" class="Tests\Feature\Http\Controllers\Api\Admin\BrandControllerTest" classname="Tests.Feature.Http.Controllers.Api.Admin.BrandControllerTest" assertions="0" time="0.000000">
          <error type="Error">Tests\Feature\Http\Controllers\Api\Admin\BrandControllerTest::test_returns_404_when_deleting_nonexistent_brand&#13;
Error: Class "Mockery" not found
&#13;
C:\Users\Gaser\Desktop\COPRRA\vendor\laravel\framework\src\Illuminate\Testing\PendingCommand.php:550
C:\Users\Gaser\Desktop\COPRRA\vendor\laravel\framework\src\Illuminate\Testing\PendingCommand.php:448
C:\Users\Gaser\Desktop\COPRRA\vendor\laravel\framework\src\Illuminate\Testing\PendingCommand.php:675
C:\Users\Gaser\Desktop\COPRRA\vendor\laravel\framework\src\Illuminate\Foundation\Testing\Concerns\InteractsWithConsole.php:87
C:\Users\Gaser\Desktop\COPRRA\vendor\laravel\framework\src\Illuminate\Foundation\Testing\RefreshDatabase.php:101
C:\Users\Gaser\Desktop\COPRRA\vendor\laravel\framework\src\Illuminate\Foundation\Testing\RefreshDatabase.php:84
C:\Users\Gaser\Desktop\COPRRA\vendor\laravel\framework\src\Illuminate\Foundation\Testing\RefreshDatabase.php:25
C:\Users\Gaser\Desktop\COPRRA\vendor\laravel\framework\src\Illuminate\Foundation\Testing\Concerns\InteractsWithTestCaseLifecycle.php:209
C:\Users\Gaser\Desktop\COPRRA\vendor\laravel\framework\src\Illuminate\Foundation\Testing\Concerns\InteractsWithTestCaseLifecycle.php:97
C:\Users\Gaser\Desktop\COPRRA\vendor\laravel\framework\src\Illuminate\Foundation\Testing\TestCase.php:44
C:\Users\Gaser\Desktop\COPRRA\tests\TestCase.php:25</error>
        </testcase>
        <testcase name="test_requires_admin_authentication_to_delete_brand" file="C:\Users\Gaser\Desktop\COPRRA\tests\Feature\Http\Controllers\Api\Admin\BrandControllerTest.php" line="226" class="Tests\Feature\Http\Controllers\Api\Admin\BrandControllerTest" classname="Tests.Feature.Http.Controllers.Api.Admin.BrandControllerTest" assertions="0" time="0.000000">
          <error type="Error">Tests\Feature\Http\Controllers\Api\Admin\BrandControllerTest::test_requires_admin_authentication_to_delete_brand&#13;
Error: Class "Mockery" not found
&#13;
C:\Users\Gaser\Desktop\COPRRA\vendor\laravel\framework\src\Illuminate\Testing\PendingCommand.php:550
C:\Users\Gaser\Desktop\COPRRA\vendor\laravel\framework\src\Illuminate\Testing\PendingCommand.php:448
C:\Users\Gaser\Desktop\COPRRA\vendor\laravel\framework\src\Illuminate\Testing\PendingCommand.php:675
C:\Users\Gaser\Desktop\COPRRA\vendor\laravel\framework\src\Illuminate\Foundation\Testing\Concerns\InteractsWithConsole.php:87
C:\Users\Gaser\Desktop\COPRRA\vendor\laravel\framework\src\Illuminate\Foundation\Testing\RefreshDatabase.php:101
C:\Users\Gaser\Desktop\COPRRA\vendor\laravel\framework\src\Illuminate\Foundation\Testing\RefreshDatabase.php:84
C:\Users\Gaser\Desktop\COPRRA\vendor\laravel\framework\src\Illuminate\Foundation\Testing\RefreshDatabase.php:25
C:\Users\Gaser\Desktop\COPRRA\vendor\laravel\framework\src\Illuminate\Foundation\Testing\Concerns\InteractsWithTestCaseLifecycle.php:209
C:\Users\Gaser\Desktop\COPRRA\vendor\laravel\framework\src\Illuminate\Foundation\Testing\Concerns\InteractsWithTestCaseLifecycle.php:97
C:\Users\Gaser\Desktop\COPRRA\vendor\laravel\framework\src\Illuminate\Foundation\Testing\TestCase.php:44
C:\Users\Gaser\Desktop\COPRRA\tests\TestCase.php:25</error>
        </testcase>
      </testsuite>
      <testsuite name="Tests\Feature\Http\Controllers\Api\Admin\CategoryControllerTest" file="C:\Users\Gaser\Desktop\COPRRA\tests\Feature\Http\Controllers\Api\Admin\CategoryControllerTest.php" tests="14" assertions="0" errors="14" failures="0" skipped="0" time="0.000000">
        <testcase name="test_can_list_categories" file="C:\Users\Gaser\Desktop\COPRRA\tests\Feature\Http\Controllers\Api\Admin\CategoryControllerTest.php" line="31" class="Tests\Feature\Http\Controllers\Api\Admin\CategoryControllerTest" classname="Tests.Feature.Http.Controllers.Api.Admin.CategoryControllerTest" assertions="0" time="0.000000">
          <error type="Error">Tests\Feature\Http\Controllers\Api\Admin\CategoryControllerTest::test_can_list_categories&#13;
Error: Class "Mockery" not found
&#13;
C:\Users\Gaser\Desktop\COPRRA\vendor\laravel\framework\src\Illuminate\Testing\PendingCommand.php:550
C:\Users\Gaser\Desktop\COPRRA\vendor\laravel\framework\src\Illuminate\Testing\PendingCommand.php:448
C:\Users\Gaser\Desktop\COPRRA\vendor\laravel\framework\src\Illuminate\Testing\PendingCommand.php:675
C:\Users\Gaser\Desktop\COPRRA\vendor\laravel\framework\src\Illuminate\Foundation\Testing\Concerns\InteractsWithConsole.php:87
C:\Users\Gaser\Desktop\COPRRA\vendor\laravel\framework\src\Illuminate\Foundation\Testing\RefreshDatabase.php:101
C:\Users\Gaser\Desktop\COPRRA\vendor\laravel\framework\src\Illuminate\Foundation\Testing\RefreshDatabase.php:84
C:\Users\Gaser\Desktop\COPRRA\vendor\laravel\framework\src\Illuminate\Foundation\Testing\RefreshDatabase.php:25
C:\Users\Gaser\Desktop\COPRRA\vendor\laravel\framework\src\Illuminate\Foundation\Testing\Concerns\InteractsWithTestCaseLifecycle.php:209
C:\Users\Gaser\Desktop\COPRRA\vendor\laravel\framework\src\Illuminate\Foundation\Testing\Concerns\InteractsWithTestCaseLifecycle.php:97
C:\Users\Gaser\Desktop\COPRRA\vendor\laravel\framework\src\Illuminate\Foundation\Testing\TestCase.php:44
C:\Users\Gaser\Desktop\COPRRA\tests\TestCase.php:25
C:\Users\Gaser\Desktop\COPRRA\tests\Feature\Http\Controllers\Api\Admin\CategoryControllerTest.php:21</error>
        </testcase>
        <testcase name="test_requires_admin_authentication_to_list_categories" file="C:\Users\Gaser\Desktop\COPRRA\tests\Feature\Http\Controllers\Api\Admin\CategoryControllerTest.php" line="55" class="Tests\Feature\Http\Controllers\Api\Admin\CategoryControllerTest" classname="Tests.Feature.Http.Controllers.Api.Admin.CategoryControllerTest" assertions="0" time="0.000000">
          <error type="Error">Tests\Feature\Http\Controllers\Api\Admin\CategoryControllerTest::test_requires_admin_authentication_to_list_categories&#13;
Error: Class "Mockery" not found
&#13;
C:\Users\Gaser\Desktop\COPRRA\vendor\laravel\framework\src\Illuminate\Testing\PendingCommand.php:550
C:\Users\Gaser\Desktop\COPRRA\vendor\laravel\framework\src\Illuminate\Testing\PendingCommand.php:448
C:\Users\Gaser\Desktop\COPRRA\vendor\laravel\framework\src\Illuminate\Testing\PendingCommand.php:675
C:\Users\Gaser\Desktop\COPRRA\vendor\laravel\framework\src\Illuminate\Foundation\Testing\Concerns\InteractsWithConsole.php:87
C:\Users\Gaser\Desktop\COPRRA\vendor\laravel\framework\src\Illuminate\Foundation\Testing\RefreshDatabase.php:101
C:\Users\Gaser\Desktop\COPRRA\vendor\laravel\framework\src\Illuminate\Foundation\Testing\RefreshDatabase.php:84
C:\Users\Gaser\Desktop\COPRRA\vendor\laravel\framework\src\Illuminate\Foundation\Testing\RefreshDatabase.php:25
C:\Users\Gaser\Desktop\COPRRA\vendor\laravel\framework\src\Illuminate\Foundation\Testing\Concerns\InteractsWithTestCaseLifecycle.php:209
C:\Users\Gaser\Desktop\COPRRA\vendor\laravel\framework\src\Illuminate\Foundation\Testing\Concerns\InteractsWithTestCaseLifecycle.php:97
C:\Users\Gaser\Desktop\COPRRA\vendor\laravel\framework\src\Illuminate\Foundation\Testing\TestCase.php:44
C:\Users\Gaser\Desktop\COPRRA\tests\TestCase.php:25
C:\Users\Gaser\Desktop\COPRRA\tests\Feature\Http\Controllers\Api\Admin\CategoryControllerTest.php:21</error>
        </testcase>
        <testcase name="test_requires_admin_role_to_list_categories" file="C:\Users\Gaser\Desktop\COPRRA\tests\Feature\Http\Controllers\Api\Admin\CategoryControllerTest.php" line="62" class="Tests\Feature\Http\Controllers\Api\Admin\CategoryControllerTest" classname="Tests.Feature.Http.Controllers.Api.Admin.CategoryControllerTest" assertions="0" time="0.000000">
          <error type="Error">Tests\Feature\Http\Controllers\Api\Admin\CategoryControllerTest::test_requires_admin_role_to_list_categories&#13;
Error: Class "Mockery" not found
&#13;
C:\Users\Gaser\Desktop\COPRRA\vendor\laravel\framework\src\Illuminate\Testing\PendingCommand.php:550
C:\Users\Gaser\Desktop\COPRRA\vendor\laravel\framework\src\Illuminate\Testing\PendingCommand.php:448
C:\Users\Gaser\Desktop\COPRRA\vendor\laravel\framework\src\Illuminate\Testing\PendingCommand.php:675
C:\Users\Gaser\Desktop\COPRRA\vendor\laravel\framework\src\Illuminate\Foundation\Testing\Concerns\InteractsWithConsole.php:87
C:\Users\Gaser\Desktop\COPRRA\vendor\laravel\framework\src\Illuminate\Foundation\Testing\RefreshDatabase.php:101
C:\Users\Gaser\Desktop\COPRRA\vendor\laravel\framework\src\Illuminate\Foundation\Testing\RefreshDatabase.php:84
C:\Users\Gaser\Desktop\COPRRA\vendor\laravel\framework\src\Illuminate\Foundation\Testing\RefreshDatabase.php:25
C:\Users\Gaser\Desktop\COPRRA\vendor\laravel\framework\src\Illuminate\Foundation\Testing\Concerns\InteractsWithTestCaseLifecycle.php:209
C:\Users\Gaser\Desktop\COPRRA\vendor\laravel\framework\src\Illuminate\Foundation\Testing\Concerns\InteractsWithTestCaseLifecycle.php:97
C:\Users\Gaser\Desktop\COPRRA\vendor\laravel\framework\src\Illuminate\Foundation\Testing\TestCase.php:44
C:\Users\Gaser\Desktop\COPRRA\tests\TestCase.php:25
C:\Users\Gaser\Desktop\COPRRA\tests\Feature\Http\Controllers\Api\Admin\CategoryControllerTest.php:21</error>
        </testcase>
        <testcase name="test_can_show_specific_category" file="C:\Users\Gaser\Desktop\COPRRA\tests\Feature\Http\Controllers\Api\Admin\CategoryControllerTest.php" line="72" class="Tests\Feature\Http\Controllers\Api\Admin\CategoryControllerTest" classname="Tests.Feature.Http.Controllers.Api.Admin.CategoryControllerTest" assertions="0" time="0.000000">
          <error type="Error">Tests\Feature\Http\Controllers\Api\Admin\CategoryControllerTest::test_can_show_specific_category&#13;
Error: Class "Mockery" not found
&#13;
C:\Users\Gaser\Desktop\COPRRA\vendor\laravel\framework\src\Illuminate\Testing\PendingCommand.php:550
C:\Users\Gaser\Desktop\COPRRA\vendor\laravel\framework\src\Illuminate\Testing\PendingCommand.php:448
C:\Users\Gaser\Desktop\COPRRA\vendor\laravel\framework\src\Illuminate\Testing\PendingCommand.php:675
C:\Users\Gaser\Desktop\COPRRA\vendor\laravel\framework\src\Illuminate\Foundation\Testing\Concerns\InteractsWithConsole.php:87
C:\Users\Gaser\Desktop\COPRRA\vendor\laravel\framework\src\Illuminate\Foundation\Testing\RefreshDatabase.php:101
C:\Users\Gaser\Desktop\COPRRA\vendor\laravel\framework\src\Illuminate\Foundation\Testing\RefreshDatabase.php:84
C:\Users\Gaser\Desktop\COPRRA\vendor\laravel\framework\src\Illuminate\Foundation\Testing\RefreshDatabase.php:25
C:\Users\Gaser\Desktop\COPRRA\vendor\laravel\framework\src\Illuminate\Foundation\Testing\Concerns\InteractsWithTestCaseLifecycle.php:209
C:\Users\Gaser\Desktop\COPRRA\vendor\laravel\framework\src\Illuminate\Foundation\Testing\Concerns\InteractsWithTestCaseLifecycle.php:97
C:\Users\Gaser\Desktop\COPRRA\vendor\laravel\framework\src\Illuminate\Foundation\Testing\TestCase.php:44
C:\Users\Gaser\Desktop\COPRRA\tests\TestCase.php:25
C:\Users\Gaser\Desktop\COPRRA\tests\Feature\Http\Controllers\Api\Admin\CategoryControllerTest.php:21</error>
        </testcase>
        <testcase name="test_returns_404_for_nonexistent_category" file="C:\Users\Gaser\Desktop\COPRRA\tests\Feature\Http\Controllers\Api\Admin\CategoryControllerTest.php" line="92" class="Tests\Feature\Http\Controllers\Api\Admin\CategoryControllerTest" classname="Tests.Feature.Http.Controllers.Api.Admin.CategoryControllerTest" assertions="0" time="0.000000">
          <error type="Error">Tests\Feature\Http\Controllers\Api\Admin\CategoryControllerTest::test_returns_404_for_nonexistent_category&#13;
Error: Class "Mockery" not found
&#13;
C:\Users\Gaser\Desktop\COPRRA\vendor\laravel\framework\src\Illuminate\Testing\PendingCommand.php:550
C:\Users\Gaser\Desktop\COPRRA\vendor\laravel\framework\src\Illuminate\Testing\PendingCommand.php:448
C:\Users\Gaser\Desktop\COPRRA\vendor\laravel\framework\src\Illuminate\Testing\PendingCommand.php:675
C:\Users\Gaser\Desktop\COPRRA\vendor\laravel\framework\src\Illuminate\Foundation\Testing\Concerns\InteractsWithConsole.php:87
C:\Users\Gaser\Desktop\COPRRA\vendor\laravel\framework\src\Illuminate\Foundation\Testing\RefreshDatabase.php:101
C:\Users\Gaser\Desktop\COPRRA\vendor\laravel\framework\src\Illuminate\Foundation\Testing\RefreshDatabase.php:84
C:\Users\Gaser\Desktop\COPRRA\vendor\laravel\framework\src\Illuminate\Foundation\Testing\RefreshDatabase.php:25
C:\Users\Gaser\Desktop\COPRRA\vendor\laravel\framework\src\Illuminate\Foundation\Testing\Concerns\InteractsWithTestCaseLifecycle.php:209
C:\Users\Gaser\Desktop\COPRRA\vendor\laravel\framework\src\Illuminate\Foundation\Testing\Concerns\InteractsWithTestCaseLifecycle.php:97
C:\Users\Gaser\Desktop\COPRRA\vendor\laravel\framework\src\Illuminate\Foundation\Testing\TestCase.php:44
C:\Users\Gaser\Desktop\COPRRA\tests\TestCase.php:25
C:\Users\Gaser\Desktop\COPRRA\tests\Feature\Http\Controllers\Api\Admin\CategoryControllerTest.php:21</error>
        </testcase>
        <testcase name="test_can_create_category" file="C:\Users\Gaser\Desktop\COPRRA\tests\Feature\Http\Controllers\Api\Admin\CategoryControllerTest.php" line="102" class="Tests\Feature\Http\Controllers\Api\Admin\CategoryControllerTest" classname="Tests.Feature.Http.Controllers.Api.Admin.CategoryControllerTest" assertions="0" time="0.000000">
          <error type="Error">Tests\Feature\Http\Controllers\Api\Admin\CategoryControllerTest::test_can_create_category&#13;
Error: Class "Mockery" not found
&#13;
C:\Users\Gaser\Desktop\COPRRA\vendor\laravel\framework\src\Illuminate\Testing\PendingCommand.php:550
C:\Users\Gaser\Desktop\COPRRA\vendor\laravel\framework\src\Illuminate\Testing\PendingCommand.php:448
C:\Users\Gaser\Desktop\COPRRA\vendor\laravel\framework\src\Illuminate\Testing\PendingCommand.php:675
C:\Users\Gaser\Desktop\COPRRA\vendor\laravel\framework\src\Illuminate\Foundation\Testing\Concerns\InteractsWithConsole.php:87
C:\Users\Gaser\Desktop\COPRRA\vendor\laravel\framework\src\Illuminate\Foundation\Testing\RefreshDatabase.php:101
C:\Users\Gaser\Desktop\COPRRA\vendor\laravel\framework\src\Illuminate\Foundation\Testing\RefreshDatabase.php:84
C:\Users\Gaser\Desktop\COPRRA\vendor\laravel\framework\src\Illuminate\Foundation\Testing\RefreshDatabase.php:25
C:\Users\Gaser\Desktop\COPRRA\vendor\laravel\framework\src\Illuminate\Foundation\Testing\Concerns\InteractsWithTestCaseLifecycle.php:209
C:\Users\Gaser\Desktop\COPRRA\vendor\laravel\framework\src\Illuminate\Foundation\Testing\Concerns\InteractsWithTestCaseLifecycle.php:97
C:\Users\Gaser\Desktop\COPRRA\vendor\laravel\framework\src\Illuminate\Foundation\Testing\TestCase.php:44
C:\Users\Gaser\Desktop\COPRRA\tests\TestCase.php:25
C:\Users\Gaser\Desktop\COPRRA\tests\Feature\Http\Controllers\Api\Admin\CategoryControllerTest.php:21</error>
        </testcase>
        <testcase name="test_validates_category_creation_request" file="C:\Users\Gaser\Desktop\COPRRA\tests\Feature\Http\Controllers\Api\Admin\CategoryControllerTest.php" line="129" class="Tests\Feature\Http\Controllers\Api\Admin\CategoryControllerTest" classname="Tests.Feature.Http.Controllers.Api.Admin.CategoryControllerTest" assertions="0" time="0.000000">
          <error type="Error">Tests\Feature\Http\Controllers\Api\Admin\CategoryControllerTest::test_validates_category_creation_request&#13;
Error: Class "Mockery" not found
&#13;
C:\Users\Gaser\Desktop\COPRRA\vendor\laravel\framework\src\Illuminate\Testing\PendingCommand.php:550
C:\Users\Gaser\Desktop\COPRRA\vendor\laravel\framework\src\Illuminate\Testing\PendingCommand.php:448
C:\Users\Gaser\Desktop\COPRRA\vendor\laravel\framework\src\Illuminate\Testing\PendingCommand.php:675
C:\Users\Gaser\Desktop\COPRRA\vendor\laravel\framework\src\Illuminate\Foundation\Testing\Concerns\InteractsWithConsole.php:87
C:\Users\Gaser\Desktop\COPRRA\vendor\laravel\framework\src\Illuminate\Foundation\Testing\RefreshDatabase.php:101
C:\Users\Gaser\Desktop\COPRRA\vendor\laravel\framework\src\Illuminate\Foundation\Testing\RefreshDatabase.php:84
C:\Users\Gaser\Desktop\COPRRA\vendor\laravel\framework\src\Illuminate\Foundation\Testing\RefreshDatabase.php:25
C:\Users\Gaser\Desktop\COPRRA\vendor\laravel\framework\src\Illuminate\Foundation\Testing\Concerns\InteractsWithTestCaseLifecycle.php:209
C:\Users\Gaser\Desktop\COPRRA\vendor\laravel\framework\src\Illuminate\Foundation\Testing\Concerns\InteractsWithTestCaseLifecycle.php:97
C:\Users\Gaser\Desktop\COPRRA\vendor\laravel\framework\src\Illuminate\Foundation\Testing\TestCase.php:44
C:\Users\Gaser\Desktop\COPRRA\tests\TestCase.php:25
C:\Users\Gaser\Desktop\COPRRA\tests\Feature\Http\Controllers\Api\Admin\CategoryControllerTest.php:21</error>
        </testcase>
        <testcase name="test_requires_admin_authentication_to_create_category" file="C:\Users\Gaser\Desktop\COPRRA\tests\Feature\Http\Controllers\Api\Admin\CategoryControllerTest.php" line="140" class="Tests\Feature\Http\Controllers\Api\Admin\CategoryControllerTest" classname="Tests.Feature.Http.Controllers.Api.Admin.CategoryControllerTest" assertions="0" time="0.000000">
          <error type="Error">Tests\Feature\Http\Controllers\Api\Admin\CategoryControllerTest::test_requires_admin_authentication_to_create_category&#13;
Error: Class "Mockery" not found
&#13;
C:\Users\Gaser\Desktop\COPRRA\vendor\laravel\framework\src\Illuminate\Testing\PendingCommand.php:550
C:\Users\Gaser\Desktop\COPRRA\vendor\laravel\framework\src\Illuminate\Testing\PendingCommand.php:448
C:\Users\Gaser\Desktop\COPRRA\vendor\laravel\framework\src\Illuminate\Testing\PendingCommand.php:675
C:\Users\Gaser\Desktop\COPRRA\vendor\laravel\framework\src\Illuminate\Foundation\Testing\Concerns\InteractsWithConsole.php:87
C:\Users\Gaser\Desktop\COPRRA\vendor\laravel\framework\src\Illuminate\Foundation\Testing\RefreshDatabase.php:101
C:\Users\Gaser\Desktop\COPRRA\vendor\laravel\framework\src\Illuminate\Foundation\Testing\RefreshDatabase.php:84
C:\Users\Gaser\Desktop\COPRRA\vendor\laravel\framework\src\Illuminate\Foundation\Testing\RefreshDatabase.php:25
C:\Users\Gaser\Desktop\COPRRA\vendor\laravel\framework\src\Illuminate\Foundation\Testing\Concerns\InteractsWithTestCaseLifecycle.php:209
C:\Users\Gaser\Desktop\COPRRA\vendor\laravel\framework\src\Illuminate\Foundation\Testing\Concerns\InteractsWithTestCaseLifecycle.php:97
C:\Users\Gaser\Desktop\COPRRA\vendor\laravel\framework\src\Illuminate\Foundation\Testing\TestCase.php:44
C:\Users\Gaser\Desktop\COPRRA\tests\TestCase.php:25
C:\Users\Gaser\Desktop\COPRRA\tests\Feature\Http\Controllers\Api\Admin\CategoryControllerTest.php:21</error>
        </testcase>
        <testcase name="test_can_update_category" file="C:\Users\Gaser\Desktop\COPRRA\tests\Feature\Http\Controllers\Api\Admin\CategoryControllerTest.php" line="152" class="Tests\Feature\Http\Controllers\Api\Admin\CategoryControllerTest" classname="Tests.Feature.Http.Controllers.Api.Admin.CategoryControllerTest" assertions="0" time="0.000000">
          <error type="Error">Tests\Feature\Http\Controllers\Api\Admin\CategoryControllerTest::test_can_update_category&#13;
Error: Class "Mockery" not found
&#13;
C:\Users\Gaser\Desktop\COPRRA\vendor\laravel\framework\src\Illuminate\Testing\PendingCommand.php:550
C:\Users\Gaser\Desktop\COPRRA\vendor\laravel\framework\src\Illuminate\Testing\PendingCommand.php:448
C:\Users\Gaser\Desktop\COPRRA\vendor\laravel\framework\src\Illuminate\Testing\PendingCommand.php:675
C:\Users\Gaser\Desktop\COPRRA\vendor\laravel\framework\src\Illuminate\Foundation\Testing\Concerns\InteractsWithConsole.php:87
C:\Users\Gaser\Desktop\COPRRA\vendor\laravel\framework\src\Illuminate\Foundation\Testing\RefreshDatabase.php:101
C:\Users\Gaser\Desktop\COPRRA\vendor\laravel\framework\src\Illuminate\Foundation\Testing\RefreshDatabase.php:84
C:\Users\Gaser\Desktop\COPRRA\vendor\laravel\framework\src\Illuminate\Foundation\Testing\RefreshDatabase.php:25
C:\Users\Gaser\Desktop\COPRRA\vendor\laravel\framework\src\Illuminate\Foundation\Testing\Concerns\InteractsWithTestCaseLifecycle.php:209
C:\Users\Gaser\Desktop\COPRRA\vendor\laravel\framework\src\Illuminate\Foundation\Testing\Concerns\InteractsWithTestCaseLifecycle.php:97
C:\Users\Gaser\Desktop\COPRRA\vendor\laravel\framework\src\Illuminate\Foundation\Testing\TestCase.php:44
C:\Users\Gaser\Desktop\COPRRA\tests\TestCase.php:25
C:\Users\Gaser\Desktop\COPRRA\tests\Feature\Http\Controllers\Api\Admin\CategoryControllerTest.php:21</error>
        </testcase>
        <testcase name="test_validates_category_update_request" file="C:\Users\Gaser\Desktop\COPRRA\tests\Feature\Http\Controllers\Api\Admin\CategoryControllerTest.php" line="176" class="Tests\Feature\Http\Controllers\Api\Admin\CategoryControllerTest" classname="Tests.Feature.Http.Controllers.Api.Admin.CategoryControllerTest" assertions="0" time="0.000000">
          <error type="Error">Tests\Feature\Http\Controllers\Api\Admin\CategoryControllerTest::test_validates_category_update_request&#13;
Error: Class "Mockery" not found
&#13;
C:\Users\Gaser\Desktop\COPRRA\vendor\laravel\framework\src\Illuminate\Testing\PendingCommand.php:550
C:\Users\Gaser\Desktop\COPRRA\vendor\laravel\framework\src\Illuminate\Testing\PendingCommand.php:448
C:\Users\Gaser\Desktop\COPRRA\vendor\laravel\framework\src\Illuminate\Testing\PendingCommand.php:675
C:\Users\Gaser\Desktop\COPRRA\vendor\laravel\framework\src\Illuminate\Foundation\Testing\Concerns\InteractsWithConsole.php:87
C:\Users\Gaser\Desktop\COPRRA\vendor\laravel\framework\src\Illuminate\Foundation\Testing\RefreshDatabase.php:101
C:\Users\Gaser\Desktop\COPRRA\vendor\laravel\framework\src\Illuminate\Foundation\Testing\RefreshDatabase.php:84
C:\Users\Gaser\Desktop\COPRRA\vendor\laravel\framework\src\Illuminate\Foundation\Testing\RefreshDatabase.php:25
C:\Users\Gaser\Desktop\COPRRA\vendor\laravel\framework\src\Illuminate\Foundation\Testing\Concerns\InteractsWithTestCaseLifecycle.php:209
C:\Users\Gaser\Desktop\COPRRA\vendor\laravel\framework\src\Illuminate\Foundation\Testing\Concerns\InteractsWithTestCaseLifecycle.php:97
C:\Users\Gaser\Desktop\COPRRA\vendor\laravel\framework\src\Illuminate\Foundation\Testing\TestCase.php:44
C:\Users\Gaser\Desktop\COPRRA\tests\TestCase.php:25
C:\Users\Gaser\Desktop\COPRRA\tests\Feature\Http\Controllers\Api\Admin\CategoryControllerTest.php:21</error>
        </testcase>
        <testcase name="test_requires_admin_authentication_to_update_category" file="C:\Users\Gaser\Desktop\COPRRA\tests\Feature\Http\Controllers\Api\Admin\CategoryControllerTest.php" line="189" class="Tests\Feature\Http\Controllers\Api\Admin\CategoryControllerTest" classname="Tests.Feature.Http.Controllers.Api.Admin.CategoryControllerTest" assertions="0" time="0.000000">
          <error type="Error">Tests\Feature\Http\Controllers\Api\Admin\CategoryControllerTest::test_requires_admin_authentication_to_update_category&#13;
Error: Class "Mockery" not found
&#13;
C:\Users\Gaser\Desktop\COPRRA\vendor\laravel\framework\src\Illuminate\Testing\PendingCommand.php:550
C:\Users\Gaser\Desktop\COPRRA\vendor\laravel\framework\src\Illuminate\Testing\PendingCommand.php:448
C:\Users\Gaser\Desktop\COPRRA\vendor\laravel\framework\src\Illuminate\Testing\PendingCommand.php:675
C:\Users\Gaser\Desktop\COPRRA\vendor\laravel\framework\src\Illuminate\Foundation\Testing\Concerns\InteractsWithConsole.php:87
C:\Users\Gaser\Desktop\COPRRA\vendor\laravel\framework\src\Illuminate\Foundation\Testing\RefreshDatabase.php:101
C:\Users\Gaser\Desktop\COPRRA\vendor\laravel\framework\src\Illuminate\Foundation\Testing\RefreshDatabase.php:84
C:\Users\Gaser\Desktop\COPRRA\vendor\laravel\framework\src\Illuminate\Foundation\Testing\RefreshDatabase.php:25
C:\Users\Gaser\Desktop\COPRRA\vendor\laravel\framework\src\Illuminate\Foundation\Testing\Concerns\InteractsWithTestCaseLifecycle.php:209
C:\Users\Gaser\Desktop\COPRRA\vendor\laravel\framework\src\Illuminate\Foundation\Testing\Concerns\InteractsWithTestCaseLifecycle.php:97
C:\Users\Gaser\Desktop\COPRRA\vendor\laravel\framework\src\Illuminate\Foundation\Testing\TestCase.php:44
C:\Users\Gaser\Desktop\COPRRA\tests\TestCase.php:25
C:\Users\Gaser\Desktop\COPRRA\tests\Feature\Http\Controllers\Api\Admin\CategoryControllerTest.php:21</error>
        </testcase>
        <testcase name="test_can_delete_category" file="C:\Users\Gaser\Desktop\COPRRA\tests\Feature\Http\Controllers\Api\Admin\CategoryControllerTest.php" line="203" class="Tests\Feature\Http\Controllers\Api\Admin\CategoryControllerTest" classname="Tests.Feature.Http.Controllers.Api.Admin.CategoryControllerTest" assertions="0" time="0.000000">
          <error type="Error">Tests\Feature\Http\Controllers\Api\Admin\CategoryControllerTest::test_can_delete_category&#13;
Error: Class "Mockery" not found
&#13;
C:\Users\Gaser\Desktop\COPRRA\vendor\laravel\framework\src\Illuminate\Testing\PendingCommand.php:550
C:\Users\Gaser\Desktop\COPRRA\vendor\laravel\framework\src\Illuminate\Testing\PendingCommand.php:448
C:\Users\Gaser\Desktop\COPRRA\vendor\laravel\framework\src\Illuminate\Testing\PendingCommand.php:675
C:\Users\Gaser\Desktop\COPRRA\vendor\laravel\framework\src\Illuminate\Foundation\Testing\Concerns\InteractsWithConsole.php:87
C:\Users\Gaser\Desktop\COPRRA\vendor\laravel\framework\src\Illuminate\Foundation\Testing\RefreshDatabase.php:101
C:\Users\Gaser\Desktop\COPRRA\vendor\laravel\framework\src\Illuminate\Foundation\Testing\RefreshDatabase.php:84
C:\Users\Gaser\Desktop\COPRRA\vendor\laravel\framework\src\Illuminate\Foundation\Testing\RefreshDatabase.php:25
C:\Users\Gaser\Desktop\COPRRA\vendor\laravel\framework\src\Illuminate\Foundation\Testing\Concerns\InteractsWithTestCaseLifecycle.php:209
C:\Users\Gaser\Desktop\COPRRA\vendor\laravel\framework\src\Illuminate\Foundation\Testing\Concerns\InteractsWithTestCaseLifecycle.php:97
C:\Users\Gaser\Desktop\COPRRA\vendor\laravel\framework\src\Illuminate\Foundation\Testing\TestCase.php:44
C:\Users\Gaser\Desktop\COPRRA\tests\TestCase.php:25
C:\Users\Gaser\Desktop\COPRRA\tests\Feature\Http\Controllers\Api\Admin\CategoryControllerTest.php:21</error>
        </testcase>
        <testcase name="test_returns_404_when_deleting_nonexistent_category" file="C:\Users\Gaser\Desktop\COPRRA\tests\Feature\Http\Controllers\Api\Admin\CategoryControllerTest.php" line="215" class="Tests\Feature\Http\Controllers\Api\Admin\CategoryControllerTest" classname="Tests.Feature.Http.Controllers.Api.Admin.CategoryControllerTest" assertions="0" time="0.000000">
          <error type="Error">Tests\Feature\Http\Controllers\Api\Admin\CategoryControllerTest::test_returns_404_when_deleting_nonexistent_category&#13;
Error: Class "Mockery" not found
&#13;
C:\Users\Gaser\Desktop\COPRRA\vendor\laravel\framework\src\Illuminate\Testing\PendingCommand.php:550
C:\Users\Gaser\Desktop\COPRRA\vendor\laravel\framework\src\Illuminate\Testing\PendingCommand.php:448
C:\Users\Gaser\Desktop\COPRRA\vendor\laravel\framework\src\Illuminate\Testing\PendingCommand.php:675
C:\Users\Gaser\Desktop\COPRRA\vendor\laravel\framework\src\Illuminate\Foundation\Testing\Concerns\InteractsWithConsole.php:87
C:\Users\Gaser\Desktop\COPRRA\vendor\laravel\framework\src\Illuminate\Foundation\Testing\RefreshDatabase.php:101
C:\Users\Gaser\Desktop\COPRRA\vendor\laravel\framework\src\Illuminate\Foundation\Testing\RefreshDatabase.php:84
C:\Users\Gaser\Desktop\COPRRA\vendor\laravel\framework\src\Illuminate\Foundation\Testing\RefreshDatabase.php:25
C:\Users\Gaser\Desktop\COPRRA\vendor\laravel\framework\src\Illuminate\Foundation\Testing\Concerns\InteractsWithTestCaseLifecycle.php:209
C:\Users\Gaser\Desktop\COPRRA\vendor\laravel\framework\src\Illuminate\Foundation\Testing\Concerns\InteractsWithTestCaseLifecycle.php:97
C:\Users\Gaser\Desktop\COPRRA\vendor\laravel\framework\src\Illuminate\Foundation\Testing\TestCase.php:44
C:\Users\Gaser\Desktop\COPRRA\tests\TestCase.php:25
C:\Users\Gaser\Desktop\COPRRA\tests\Feature\Http\Controllers\Api\Admin\CategoryControllerTest.php:21</error>
        </testcase>
        <testcase name="test_requires_admin_authentication_to_delete_category" file="C:\Users\Gaser\Desktop\COPRRA\tests\Feature\Http\Controllers\Api\Admin\CategoryControllerTest.php" line="225" class="Tests\Feature\Http\Controllers\Api\Admin\CategoryControllerTest" classname="Tests.Feature.Http.Controllers.Api.Admin.CategoryControllerTest" assertions="0" time="0.000000">
          <error type="Error">Tests\Feature\Http\Controllers\Api\Admin\CategoryControllerTest::test_requires_admin_authentication_to_delete_category&#13;
Error: Class "Mockery" not found
&#13;
C:\Users\Gaser\Desktop\COPRRA\vendor\laravel\framework\src\Illuminate\Testing\PendingCommand.php:550
C:\Users\Gaser\Desktop\COPRRA\vendor\laravel\framework\src\Illuminate\Testing\PendingCommand.php:448
C:\Users\Gaser\Desktop\COPRRA\vendor\laravel\framework\src\Illuminate\Testing\PendingCommand.php:675
C:\Users\Gaser\Desktop\COPRRA\vendor\laravel\framework\src\Illuminate\Foundation\Testing\Concerns\InteractsWithConsole.php:87
C:\Users\Gaser\Desktop\COPRRA\vendor\laravel\framework\src\Illuminate\Foundation\Testing\RefreshDatabase.php:101
C:\Users\Gaser\Desktop\COPRRA\vendor\laravel\framework\src\Illuminate\Foundation\Testing\RefreshDatabase.php:84
C:\Users\Gaser\Desktop\COPRRA\vendor\laravel\framework\src\Illuminate\Foundation\Testing\RefreshDatabase.php:25
C:\Users\Gaser\Desktop\COPRRA\vendor\laravel\framework\src\Illuminate\Foundation\Testing\Concerns\InteractsWithTestCaseLifecycle.php:209
C:\Users\Gaser\Desktop\COPRRA\vendor\laravel\framework\src\Illuminate\Foundation\Testing\Concerns\InteractsWithTestCaseLifecycle.php:97
C:\Users\Gaser\Desktop\COPRRA\vendor\laravel\framework\src\Illuminate\Foundation\Testing\TestCase.php:44
C:\Users\Gaser\Desktop\COPRRA\tests\TestCase.php:25
C:\Users\Gaser\Desktop\COPRRA\tests\Feature\Http\Controllers\Api\Admin\CategoryControllerTest.php:21</error>
        </testcase>
      </testsuite>
      <testsuite name="Tests\Feature\Http\Controllers\Api\AuthControllerTest" file="C:\Users\Gaser\Desktop\COPRRA\tests\Feature\Http\Controllers\Api\AuthControllerTest.php" tests="20" assertions="0" errors="20" failures="0" skipped="0" time="0.000000">
        <testcase name="test_can_login_with_valid_credentials" file="C:\Users\Gaser\Desktop\COPRRA\tests\Feature\Http\Controllers\Api\AuthControllerTest.php" line="21" class="Tests\Feature\Http\Controllers\Api\AuthControllerTest" classname="Tests.Feature.Http.Controllers.Api.AuthControllerTest" assertions="0" time="0.000000">
          <error type="Error">Tests\Feature\Http\Controllers\Api\AuthControllerTest::test_can_login_with_valid_credentials&#13;
Error: Class "Mockery" not found
&#13;
C:\Users\Gaser\Desktop\COPRRA\vendor\laravel\framework\src\Illuminate\Testing\PendingCommand.php:550
C:\Users\Gaser\Desktop\COPRRA\vendor\laravel\framework\src\Illuminate\Testing\PendingCommand.php:448
C:\Users\Gaser\Desktop\COPRRA\vendor\laravel\framework\src\Illuminate\Testing\PendingCommand.php:675
C:\Users\Gaser\Desktop\COPRRA\vendor\laravel\framework\src\Illuminate\Foundation\Testing\Concerns\InteractsWithConsole.php:87
C:\Users\Gaser\Desktop\COPRRA\vendor\laravel\framework\src\Illuminate\Foundation\Testing\RefreshDatabase.php:101
C:\Users\Gaser\Desktop\COPRRA\vendor\laravel\framework\src\Illuminate\Foundation\Testing\RefreshDatabase.php:84
C:\Users\Gaser\Desktop\COPRRA\vendor\laravel\framework\src\Illuminate\Foundation\Testing\RefreshDatabase.php:25
C:\Users\Gaser\Desktop\COPRRA\vendor\laravel\framework\src\Illuminate\Foundation\Testing\Concerns\InteractsWithTestCaseLifecycle.php:209
C:\Users\Gaser\Desktop\COPRRA\vendor\laravel\framework\src\Illuminate\Foundation\Testing\Concerns\InteractsWithTestCaseLifecycle.php:97
C:\Users\Gaser\Desktop\COPRRA\vendor\laravel\framework\src\Illuminate\Foundation\Testing\TestCase.php:44
C:\Users\Gaser\Desktop\COPRRA\tests\TestCase.php:25</error>
        </testcase>
        <testcase name="test_validates_login_request" file="C:\Users\Gaser\Desktop\COPRRA\tests\Feature\Http\Controllers\Api\AuthControllerTest.php" line="52" class="Tests\Feature\Http\Controllers\Api\AuthControllerTest" classname="Tests.Feature.Http.Controllers.Api.AuthControllerTest" assertions="0" time="0.000000">
          <error type="Error">Tests\Feature\Http\Controllers\Api\AuthControllerTest::test_validates_login_request&#13;
Error: Class "Mockery" not found
&#13;
C:\Users\Gaser\Desktop\COPRRA\vendor\laravel\framework\src\Illuminate\Testing\PendingCommand.php:550
C:\Users\Gaser\Desktop\COPRRA\vendor\laravel\framework\src\Illuminate\Testing\PendingCommand.php:448
C:\Users\Gaser\Desktop\COPRRA\vendor\laravel\framework\src\Illuminate\Testing\PendingCommand.php:675
C:\Users\Gaser\Desktop\COPRRA\vendor\laravel\framework\src\Illuminate\Foundation\Testing\Concerns\InteractsWithConsole.php:87
C:\Users\Gaser\Desktop\COPRRA\vendor\laravel\framework\src\Illuminate\Foundation\Testing\RefreshDatabase.php:101
C:\Users\Gaser\Desktop\COPRRA\vendor\laravel\framework\src\Illuminate\Foundation\Testing\RefreshDatabase.php:84
C:\Users\Gaser\Desktop\COPRRA\vendor\laravel\framework\src\Illuminate\Foundation\Testing\RefreshDatabase.php:25
C:\Users\Gaser\Desktop\COPRRA\vendor\laravel\framework\src\Illuminate\Foundation\Testing\Concerns\InteractsWithTestCaseLifecycle.php:209
C:\Users\Gaser\Desktop\COPRRA\vendor\laravel\framework\src\Illuminate\Foundation\Testing\Concerns\InteractsWithTestCaseLifecycle.php:97
C:\Users\Gaser\Desktop\COPRRA\vendor\laravel\framework\src\Illuminate\Foundation\Testing\TestCase.php:44
C:\Users\Gaser\Desktop\COPRRA\tests\TestCase.php:25</error>
        </testcase>
        <testcase name="test_returns_validation_error_for_invalid_credentials" file="C:\Users\Gaser\Desktop\COPRRA\tests\Feature\Http\Controllers\Api\AuthControllerTest.php" line="63" class="Tests\Feature\Http\Controllers\Api\AuthControllerTest" classname="Tests.Feature.Http.Controllers.Api.AuthControllerTest" assertions="0" time="0.000000">
          <error type="Error">Tests\Feature\Http\Controllers\Api\AuthControllerTest::test_returns_validation_error_for_invalid_credentials&#13;
Error: Class "Mockery" not found
&#13;
C:\Users\Gaser\Desktop\COPRRA\vendor\laravel\framework\src\Illuminate\Testing\PendingCommand.php:550
C:\Users\Gaser\Desktop\COPRRA\vendor\laravel\framework\src\Illuminate\Testing\PendingCommand.php:448
C:\Users\Gaser\Desktop\COPRRA\vendor\laravel\framework\src\Illuminate\Testing\PendingCommand.php:675
C:\Users\Gaser\Desktop\COPRRA\vendor\laravel\framework\src\Illuminate\Foundation\Testing\Concerns\InteractsWithConsole.php:87
C:\Users\Gaser\Desktop\COPRRA\vendor\laravel\framework\src\Illuminate\Foundation\Testing\RefreshDatabase.php:101
C:\Users\Gaser\Desktop\COPRRA\vendor\laravel\framework\src\Illuminate\Foundation\Testing\RefreshDatabase.php:84
C:\Users\Gaser\Desktop\COPRRA\vendor\laravel\framework\src\Illuminate\Foundation\Testing\RefreshDatabase.php:25
C:\Users\Gaser\Desktop\COPRRA\vendor\laravel\framework\src\Illuminate\Foundation\Testing\Concerns\InteractsWithTestCaseLifecycle.php:209
C:\Users\Gaser\Desktop\COPRRA\vendor\laravel\framework\src\Illuminate\Foundation\Testing\Concerns\InteractsWithTestCaseLifecycle.php:97
C:\Users\Gaser\Desktop\COPRRA\vendor\laravel\framework\src\Illuminate\Foundation\Testing\TestCase.php:44
C:\Users\Gaser\Desktop\COPRRA\tests\TestCase.php:25</error>
        </testcase>
        <testcase name="test_returns_validation_error_for_nonexistent_user" file="C:\Users\Gaser\Desktop\COPRRA\tests\Feature\Http\Controllers\Api\AuthControllerTest.php" line="79" class="Tests\Feature\Http\Controllers\Api\AuthControllerTest" classname="Tests.Feature.Http.Controllers.Api.AuthControllerTest" assertions="0" time="0.000000">
          <error type="Error">Tests\Feature\Http\Controllers\Api\AuthControllerTest::test_returns_validation_error_for_nonexistent_user&#13;
Error: Class "Mockery" not found
&#13;
C:\Users\Gaser\Desktop\COPRRA\vendor\laravel\framework\src\Illuminate\Testing\PendingCommand.php:550
C:\Users\Gaser\Desktop\COPRRA\vendor\laravel\framework\src\Illuminate\Testing\PendingCommand.php:448
C:\Users\Gaser\Desktop\COPRRA\vendor\laravel\framework\src\Illuminate\Testing\PendingCommand.php:675
C:\Users\Gaser\Desktop\COPRRA\vendor\laravel\framework\src\Illuminate\Foundation\Testing\Concerns\InteractsWithConsole.php:87
C:\Users\Gaser\Desktop\COPRRA\vendor\laravel\framework\src\Illuminate\Foundation\Testing\RefreshDatabase.php:101
C:\Users\Gaser\Desktop\COPRRA\vendor\laravel\framework\src\Illuminate\Foundation\Testing\RefreshDatabase.php:84
C:\Users\Gaser\Desktop\COPRRA\vendor\laravel\framework\src\Illuminate\Foundation\Testing\RefreshDatabase.php:25
C:\Users\Gaser\Desktop\COPRRA\vendor\laravel\framework\src\Illuminate\Foundation\Testing\Concerns\InteractsWithTestCaseLifecycle.php:209
C:\Users\Gaser\Desktop\COPRRA\vendor\laravel\framework\src\Illuminate\Foundation\Testing\Concerns\InteractsWithTestCaseLifecycle.php:97
C:\Users\Gaser\Desktop\COPRRA\vendor\laravel\framework\src\Illuminate\Foundation\Testing\TestCase.php:44
C:\Users\Gaser\Desktop\COPRRA\tests\TestCase.php:25</error>
        </testcase>
        <testcase name="test_can_logout_authenticated_user" file="C:\Users\Gaser\Desktop\COPRRA\tests\Feature\Http\Controllers\Api\AuthControllerTest.php" line="90" class="Tests\Feature\Http\Controllers\Api\AuthControllerTest" classname="Tests.Feature.Http.Controllers.Api.AuthControllerTest" assertions="0" time="0.000000">
          <error type="Error">Tests\Feature\Http\Controllers\Api\AuthControllerTest::test_can_logout_authenticated_user&#13;
Error: Class "Mockery" not found
&#13;
C:\Users\Gaser\Desktop\COPRRA\vendor\laravel\framework\src\Illuminate\Testing\PendingCommand.php:550
C:\Users\Gaser\Desktop\COPRRA\vendor\laravel\framework\src\Illuminate\Testing\PendingCommand.php:448
C:\Users\Gaser\Desktop\COPRRA\vendor\laravel\framework\src\Illuminate\Testing\PendingCommand.php:675
C:\Users\Gaser\Desktop\COPRRA\vendor\laravel\framework\src\Illuminate\Foundation\Testing\Concerns\InteractsWithConsole.php:87
C:\Users\Gaser\Desktop\COPRRA\vendor\laravel\framework\src\Illuminate\Foundation\Testing\RefreshDatabase.php:101
C:\Users\Gaser\Desktop\COPRRA\vendor\laravel\framework\src\Illuminate\Foundation\Testing\RefreshDatabase.php:84
C:\Users\Gaser\Desktop\COPRRA\vendor\laravel\framework\src\Illuminate\Foundation\Testing\RefreshDatabase.php:25
C:\Users\Gaser\Desktop\COPRRA\vendor\laravel\framework\src\Illuminate\Foundation\Testing\Concerns\InteractsWithTestCaseLifecycle.php:209
C:\Users\Gaser\Desktop\COPRRA\vendor\laravel\framework\src\Illuminate\Foundation\Testing\Concerns\InteractsWithTestCaseLifecycle.php:97
C:\Users\Gaser\Desktop\COPRRA\vendor\laravel\framework\src\Illuminate\Foundation\Testing\TestCase.php:44
C:\Users\Gaser\Desktop\COPRRA\tests\TestCase.php:25</error>
        </testcase>
        <testcase name="test_can_logout_unauthenticated_user" file="C:\Users\Gaser\Desktop\COPRRA\tests\Feature\Http\Controllers\Api\AuthControllerTest.php" line="105" class="Tests\Feature\Http\Controllers\Api\AuthControllerTest" classname="Tests.Feature.Http.Controllers.Api.AuthControllerTest" assertions="0" time="0.000000">
          <error type="Error">Tests\Feature\Http\Controllers\Api\AuthControllerTest::test_can_logout_unauthenticated_user&#13;
Error: Class "Mockery" not found
&#13;
C:\Users\Gaser\Desktop\COPRRA\vendor\laravel\framework\src\Illuminate\Testing\PendingCommand.php:550
C:\Users\Gaser\Desktop\COPRRA\vendor\laravel\framework\src\Illuminate\Testing\PendingCommand.php:448
C:\Users\Gaser\Desktop\COPRRA\vendor\laravel\framework\src\Illuminate\Testing\PendingCommand.php:675
C:\Users\Gaser\Desktop\COPRRA\vendor\laravel\framework\src\Illuminate\Foundation\Testing\Concerns\InteractsWithConsole.php:87
C:\Users\Gaser\Desktop\COPRRA\vendor\laravel\framework\src\Illuminate\Foundation\Testing\RefreshDatabase.php:101
C:\Users\Gaser\Desktop\COPRRA\vendor\laravel\framework\src\Illuminate\Foundation\Testing\RefreshDatabase.php:84
C:\Users\Gaser\Desktop\COPRRA\vendor\laravel\framework\src\Illuminate\Foundation\Testing\RefreshDatabase.php:25
C:\Users\Gaser\Desktop\COPRRA\vendor\laravel\framework\src\Illuminate\Foundation\Testing\Concerns\InteractsWithTestCaseLifecycle.php:209
C:\Users\Gaser\Desktop\COPRRA\vendor\laravel\framework\src\Illuminate\Foundation\Testing\Concerns\InteractsWithTestCaseLifecycle.php:97
C:\Users\Gaser\Desktop\COPRRA\vendor\laravel\framework\src\Illuminate\Foundation\Testing\TestCase.php:44
C:\Users\Gaser\Desktop\COPRRA\tests\TestCase.php:25</error>
        </testcase>
        <testcase name="test_can_get_authenticated_user_info" file="C:\Users\Gaser\Desktop\COPRRA\tests\Feature\Http\Controllers\Api\AuthControllerTest.php" line="112" class="Tests\Feature\Http\Controllers\Api\AuthControllerTest" classname="Tests.Feature.Http.Controllers.Api.AuthControllerTest" assertions="0" time="0.000000">
          <error type="Error">Tests\Feature\Http\Controllers\Api\AuthControllerTest::test_can_get_authenticated_user_info&#13;
Error: Class "Mockery" not found
&#13;
C:\Users\Gaser\Desktop\COPRRA\vendor\laravel\framework\src\Illuminate\Testing\PendingCommand.php:550
C:\Users\Gaser\Desktop\COPRRA\vendor\laravel\framework\src\Illuminate\Testing\PendingCommand.php:448
C:\Users\Gaser\Desktop\COPRRA\vendor\laravel\framework\src\Illuminate\Testing\PendingCommand.php:675
C:\Users\Gaser\Desktop\COPRRA\vendor\laravel\framework\src\Illuminate\Foundation\Testing\Concerns\InteractsWithConsole.php:87
C:\Users\Gaser\Desktop\COPRRA\vendor\laravel\framework\src\Illuminate\Foundation\Testing\RefreshDatabase.php:101
C:\Users\Gaser\Desktop\COPRRA\vendor\laravel\framework\src\Illuminate\Foundation\Testing\RefreshDatabase.php:84
C:\Users\Gaser\Desktop\COPRRA\vendor\laravel\framework\src\Illuminate\Foundation\Testing\RefreshDatabase.php:25
C:\Users\Gaser\Desktop\COPRRA\vendor\laravel\framework\src\Illuminate\Foundation\Testing\Concerns\InteractsWithTestCaseLifecycle.php:209
C:\Users\Gaser\Desktop\COPRRA\vendor\laravel\framework\src\Illuminate\Foundation\Testing\Concerns\InteractsWithTestCaseLifecycle.php:97
C:\Users\Gaser\Desktop\COPRRA\vendor\laravel\framework\src\Illuminate\Foundation\Testing\TestCase.php:44
C:\Users\Gaser\Desktop\COPRRA\tests\TestCase.php:25</error>
        </testcase>
        <testcase name="test_returns_401_for_unauthenticated_me_request" file="C:\Users\Gaser\Desktop\COPRRA\tests\Feature\Http\Controllers\Api\AuthControllerTest.php" line="134" class="Tests\Feature\Http\Controllers\Api\AuthControllerTest" classname="Tests.Feature.Http.Controllers.Api.AuthControllerTest" assertions="0" time="0.000000">
          <error type="Error">Tests\Feature\Http\Controllers\Api\AuthControllerTest::test_returns_401_for_unauthenticated_me_request&#13;
Error: Class "Mockery" not found
&#13;
C:\Users\Gaser\Desktop\COPRRA\vendor\laravel\framework\src\Illuminate\Testing\PendingCommand.php:550
C:\Users\Gaser\Desktop\COPRRA\vendor\laravel\framework\src\Illuminate\Testing\PendingCommand.php:448
C:\Users\Gaser\Desktop\COPRRA\vendor\laravel\framework\src\Illuminate\Testing\PendingCommand.php:675
C:\Users\Gaser\Desktop\COPRRA\vendor\laravel\framework\src\Illuminate\Foundation\Testing\Concerns\InteractsWithConsole.php:87
C:\Users\Gaser\Desktop\COPRRA\vendor\laravel\framework\src\Illuminate\Foundation\Testing\RefreshDatabase.php:101
C:\Users\Gaser\Desktop\COPRRA\vendor\laravel\framework\src\Illuminate\Foundation\Testing\RefreshDatabase.php:84
C:\Users\Gaser\Desktop\COPRRA\vendor\laravel\framework\src\Illuminate\Foundation\Testing\RefreshDatabase.php:25
C:\Users\Gaser\Desktop\COPRRA\vendor\laravel\framework\src\Illuminate\Foundation\Testing\Concerns\InteractsWithTestCaseLifecycle.php:209
C:\Users\Gaser\Desktop\COPRRA\vendor\laravel\framework\src\Illuminate\Foundation\Testing\Concerns\InteractsWithTestCaseLifecycle.php:97
C:\Users\Gaser\Desktop\COPRRA\vendor\laravel\framework\src\Illuminate\Foundation\Testing\TestCase.php:44
C:\Users\Gaser\Desktop\COPRRA\tests\TestCase.php:25</error>
        </testcase>
        <testcase name="test_returns_401_for_invalid_token" file="C:\Users\Gaser\Desktop\COPRRA\tests\Feature\Http\Controllers\Api\AuthControllerTest.php" line="144" class="Tests\Feature\Http\Controllers\Api\AuthControllerTest" classname="Tests.Feature.Http.Controllers.Api.AuthControllerTest" assertions="0" time="0.000000">
          <error type="Error">Tests\Feature\Http\Controllers\Api\AuthControllerTest::test_returns_401_for_invalid_token&#13;
Error: Class "Mockery" not found
&#13;
C:\Users\Gaser\Desktop\COPRRA\vendor\laravel\framework\src\Illuminate\Testing\PendingCommand.php:550
C:\Users\Gaser\Desktop\COPRRA\vendor\laravel\framework\src\Illuminate\Testing\PendingCommand.php:448
C:\Users\Gaser\Desktop\COPRRA\vendor\laravel\framework\src\Illuminate\Testing\PendingCommand.php:675
C:\Users\Gaser\Desktop\COPRRA\vendor\laravel\framework\src\Illuminate\Foundation\Testing\Concerns\InteractsWithConsole.php:87
C:\Users\Gaser\Desktop\COPRRA\vendor\laravel\framework\src\Illuminate\Foundation\Testing\RefreshDatabase.php:101
C:\Users\Gaser\Desktop\COPRRA\vendor\laravel\framework\src\Illuminate\Foundation\Testing\RefreshDatabase.php:84
C:\Users\Gaser\Desktop\COPRRA\vendor\laravel\framework\src\Illuminate\Foundation\Testing\RefreshDatabase.php:25
C:\Users\Gaser\Desktop\COPRRA\vendor\laravel\framework\src\Illuminate\Foundation\Testing\Concerns\InteractsWithTestCaseLifecycle.php:209
C:\Users\Gaser\Desktop\COPRRA\vendor\laravel\framework\src\Illuminate\Foundation\Testing\Concerns\InteractsWithTestCaseLifecycle.php:97
C:\Users\Gaser\Desktop\COPRRA\vendor\laravel\framework\src\Illuminate\Foundation\Testing\TestCase.php:44
C:\Users\Gaser\Desktop\COPRRA\tests\TestCase.php:25</error>
        </testcase>
        <testcase name="test_creates_token_on_successful_login" file="C:\Users\Gaser\Desktop\COPRRA\tests\Feature\Http\Controllers\Api\AuthControllerTest.php" line="156" class="Tests\Feature\Http\Controllers\Api\AuthControllerTest" classname="Tests.Feature.Http.Controllers.Api.AuthControllerTest" assertions="0" time="0.000000">
          <error type="Error">Tests\Feature\Http\Controllers\Api\AuthControllerTest::test_creates_token_on_successful_login&#13;
Error: Class "Mockery" not found
&#13;
C:\Users\Gaser\Desktop\COPRRA\vendor\laravel\framework\src\Illuminate\Testing\PendingCommand.php:550
C:\Users\Gaser\Desktop\COPRRA\vendor\laravel\framework\src\Illuminate\Testing\PendingCommand.php:448
C:\Users\Gaser\Desktop\COPRRA\vendor\laravel\framework\src\Illuminate\Testing\PendingCommand.php:675
C:\Users\Gaser\Desktop\COPRRA\vendor\laravel\framework\src\Illuminate\Foundation\Testing\Concerns\InteractsWithConsole.php:87
C:\Users\Gaser\Desktop\COPRRA\vendor\laravel\framework\src\Illuminate\Foundation\Testing\RefreshDatabase.php:101
C:\Users\Gaser\Desktop\COPRRA\vendor\laravel\framework\src\Illuminate\Foundation\Testing\RefreshDatabase.php:84
C:\Users\Gaser\Desktop\COPRRA\vendor\laravel\framework\src\Illuminate\Foundation\Testing\RefreshDatabase.php:25
C:\Users\Gaser\Desktop\COPRRA\vendor\laravel\framework\src\Illuminate\Foundation\Testing\Concerns\InteractsWithTestCaseLifecycle.php:209
C:\Users\Gaser\Desktop\COPRRA\vendor\laravel\framework\src\Illuminate\Foundation\Testing\Concerns\InteractsWithTestCaseLifecycle.php:97
C:\Users\Gaser\Desktop\COPRRA\vendor\laravel\framework\src\Illuminate\Foundation\Testing\TestCase.php:44
C:\Users\Gaser\Desktop\COPRRA\tests\TestCase.php:25</error>
        </testcase>
        <testcase name="test_deletes_token_on_logout" file="C:\Users\Gaser\Desktop\COPRRA\tests\Feature\Http\Controllers\Api\AuthControllerTest.php" line="175" class="Tests\Feature\Http\Controllers\Api\AuthControllerTest" classname="Tests.Feature.Http.Controllers.Api.AuthControllerTest" assertions="0" time="0.000000">
          <error type="Error">Tests\Feature\Http\Controllers\Api\AuthControllerTest::test_deletes_token_on_logout&#13;
Error: Class "Mockery" not found
&#13;
C:\Users\Gaser\Desktop\COPRRA\vendor\laravel\framework\src\Illuminate\Testing\PendingCommand.php:550
C:\Users\Gaser\Desktop\COPRRA\vendor\laravel\framework\src\Illuminate\Testing\PendingCommand.php:448
C:\Users\Gaser\Desktop\COPRRA\vendor\laravel\framework\src\Illuminate\Testing\PendingCommand.php:675
C:\Users\Gaser\Desktop\COPRRA\vendor\laravel\framework\src\Illuminate\Foundation\Testing\Concerns\InteractsWithConsole.php:87
C:\Users\Gaser\Desktop\COPRRA\vendor\laravel\framework\src\Illuminate\Foundation\Testing\RefreshDatabase.php:101
C:\Users\Gaser\Desktop\COPRRA\vendor\laravel\framework\src\Illuminate\Foundation\Testing\RefreshDatabase.php:84
C:\Users\Gaser\Desktop\COPRRA\vendor\laravel\framework\src\Illuminate\Foundation\Testing\RefreshDatabase.php:25
C:\Users\Gaser\Desktop\COPRRA\vendor\laravel\framework\src\Illuminate\Foundation\Testing\Concerns\InteractsWithTestCaseLifecycle.php:209
C:\Users\Gaser\Desktop\COPRRA\vendor\laravel\framework\src\Illuminate\Foundation\Testing\Concerns\InteractsWithTestCaseLifecycle.php:97
C:\Users\Gaser\Desktop\COPRRA\vendor\laravel\framework\src\Illuminate\Foundation\Testing\TestCase.php:44
C:\Users\Gaser\Desktop\COPRRA\tests\TestCase.php:25</error>
        </testcase>
        <testcase name="test_handles_login_with_missing_credentials" file="C:\Users\Gaser\Desktop\COPRRA\tests\Feature\Http\Controllers\Api\AuthControllerTest.php" line="199" class="Tests\Feature\Http\Controllers\Api\AuthControllerTest" classname="Tests.Feature.Http.Controllers.Api.AuthControllerTest" assertions="0" time="0.000000">
          <error type="Error">Tests\Feature\Http\Controllers\Api\AuthControllerTest::test_handles_login_with_missing_credentials&#13;
Error: Class "Mockery" not found
&#13;
C:\Users\Gaser\Desktop\COPRRA\vendor\laravel\framework\src\Illuminate\Testing\PendingCommand.php:550
C:\Users\Gaser\Desktop\COPRRA\vendor\laravel\framework\src\Illuminate\Testing\PendingCommand.php:448
C:\Users\Gaser\Desktop\COPRRA\vendor\laravel\framework\src\Illuminate\Testing\PendingCommand.php:675
C:\Users\Gaser\Desktop\COPRRA\vendor\laravel\framework\src\Illuminate\Foundation\Testing\Concerns\InteractsWithConsole.php:87
C:\Users\Gaser\Desktop\COPRRA\vendor\laravel\framework\src\Illuminate\Foundation\Testing\RefreshDatabase.php:101
C:\Users\Gaser\Desktop\COPRRA\vendor\laravel\framework\src\Illuminate\Foundation\Testing\RefreshDatabase.php:84
C:\Users\Gaser\Desktop\COPRRA\vendor\laravel\framework\src\Illuminate\Foundation\Testing\RefreshDatabase.php:25
C:\Users\Gaser\Desktop\COPRRA\vendor\laravel\framework\src\Illuminate\Foundation\Testing\Concerns\InteractsWithTestCaseLifecycle.php:209
C:\Users\Gaser\Desktop\COPRRA\vendor\laravel\framework\src\Illuminate\Foundation\Testing\Concerns\InteractsWithTestCaseLifecycle.php:97
C:\Users\Gaser\Desktop\COPRRA\vendor\laravel\framework\src\Illuminate\Foundation\Testing\TestCase.php:44
C:\Users\Gaser\Desktop\COPRRA\tests\TestCase.php:25</error>
        </testcase>
        <testcase name="test_handles_login_with_empty_credentials" file="C:\Users\Gaser\Desktop\COPRRA\tests\Feature\Http\Controllers\Api\AuthControllerTest.php" line="207" class="Tests\Feature\Http\Controllers\Api\AuthControllerTest" classname="Tests.Feature.Http.Controllers.Api.AuthControllerTest" assertions="0" time="0.000000">
          <error type="Error">Tests\Feature\Http\Controllers\Api\AuthControllerTest::test_handles_login_with_empty_credentials&#13;
Error: Class "Mockery" not found
&#13;
C:\Users\Gaser\Desktop\COPRRA\vendor\laravel\framework\src\Illuminate\Testing\PendingCommand.php:550
C:\Users\Gaser\Desktop\COPRRA\vendor\laravel\framework\src\Illuminate\Testing\PendingCommand.php:448
C:\Users\Gaser\Desktop\COPRRA\vendor\laravel\framework\src\Illuminate\Testing\PendingCommand.php:675
C:\Users\Gaser\Desktop\COPRRA\vendor\laravel\framework\src\Illuminate\Foundation\Testing\Concerns\InteractsWithConsole.php:87
C:\Users\Gaser\Desktop\COPRRA\vendor\laravel\framework\src\Illuminate\Foundation\Testing\RefreshDatabase.php:101
C:\Users\Gaser\Desktop\COPRRA\vendor\laravel\framework\src\Illuminate\Foundation\Testing\RefreshDatabase.php:84
C:\Users\Gaser\Desktop\COPRRA\vendor\laravel\framework\src\Illuminate\Foundation\Testing\RefreshDatabase.php:25
C:\Users\Gaser\Desktop\COPRRA\vendor\laravel\framework\src\Illuminate\Foundation\Testing\Concerns\InteractsWithTestCaseLifecycle.php:209
C:\Users\Gaser\Desktop\COPRRA\vendor\laravel\framework\src\Illuminate\Foundation\Testing\Concerns\InteractsWithTestCaseLifecycle.php:97
C:\Users\Gaser\Desktop\COPRRA\vendor\laravel\framework\src\Illuminate\Foundation\Testing\TestCase.php:44
C:\Users\Gaser\Desktop\COPRRA\tests\TestCase.php:25</error>
        </testcase>
        <testcase name="test_handles_login_with_invalid_email_format" file="C:\Users\Gaser\Desktop\COPRRA\tests\Feature\Http\Controllers\Api\AuthControllerTest.php" line="218" class="Tests\Feature\Http\Controllers\Api\AuthControllerTest" classname="Tests.Feature.Http.Controllers.Api.AuthControllerTest" assertions="0" time="0.000000">
          <error type="Error">Tests\Feature\Http\Controllers\Api\AuthControllerTest::test_handles_login_with_invalid_email_format&#13;
Error: Class "Mockery" not found
&#13;
C:\Users\Gaser\Desktop\COPRRA\vendor\laravel\framework\src\Illuminate\Testing\PendingCommand.php:550
C:\Users\Gaser\Desktop\COPRRA\vendor\laravel\framework\src\Illuminate\Testing\PendingCommand.php:448
C:\Users\Gaser\Desktop\COPRRA\vendor\laravel\framework\src\Illuminate\Testing\PendingCommand.php:675
C:\Users\Gaser\Desktop\COPRRA\vendor\laravel\framework\src\Illuminate\Foundation\Testing\Concerns\InteractsWithConsole.php:87
C:\Users\Gaser\Desktop\COPRRA\vendor\laravel\framework\src\Illuminate\Foundation\Testing\RefreshDatabase.php:101
C:\Users\Gaser\Desktop\COPRRA\vendor\laravel\framework\src\Illuminate\Foundation\Testing\RefreshDatabase.php:84
C:\Users\Gaser\Desktop\COPRRA\vendor\laravel\framework\src\Illuminate\Foundation\Testing\RefreshDatabase.php:25
C:\Users\Gaser\Desktop\COPRRA\vendor\laravel\framework\src\Illuminate\Foundation\Testing\Concerns\InteractsWithTestCaseLifecycle.php:209
C:\Users\Gaser\Desktop\COPRRA\vendor\laravel\framework\src\Illuminate\Foundation\Testing\Concerns\InteractsWithTestCaseLifecycle.php:97
C:\Users\Gaser\Desktop\COPRRA\vendor\laravel\framework\src\Illuminate\Foundation\Testing\TestCase.php:44
C:\Users\Gaser\Desktop\COPRRA\tests\TestCase.php:25</error>
        </testcase>
        <testcase name="test_handles_login_with_very_long_password" file="C:\Users\Gaser\Desktop\COPRRA\tests\Feature\Http\Controllers\Api\AuthControllerTest.php" line="229" class="Tests\Feature\Http\Controllers\Api\AuthControllerTest" classname="Tests.Feature.Http.Controllers.Api.AuthControllerTest" assertions="0" time="0.000000">
          <error type="Error">Tests\Feature\Http\Controllers\Api\AuthControllerTest::test_handles_login_with_very_long_password&#13;
Error: Class "Mockery" not found
&#13;
C:\Users\Gaser\Desktop\COPRRA\vendor\laravel\framework\src\Illuminate\Testing\PendingCommand.php:550
C:\Users\Gaser\Desktop\COPRRA\vendor\laravel\framework\src\Illuminate\Testing\PendingCommand.php:448
C:\Users\Gaser\Desktop\COPRRA\vendor\laravel\framework\src\Illuminate\Testing\PendingCommand.php:675
C:\Users\Gaser\Desktop\COPRRA\vendor\laravel\framework\src\Illuminate\Foundation\Testing\Concerns\InteractsWithConsole.php:87
C:\Users\Gaser\Desktop\COPRRA\vendor\laravel\framework\src\Illuminate\Foundation\Testing\RefreshDatabase.php:101
C:\Users\Gaser\Desktop\COPRRA\vendor\laravel\framework\src\Illuminate\Foundation\Testing\RefreshDatabase.php:84
C:\Users\Gaser\Desktop\COPRRA\vendor\laravel\framework\src\Illuminate\Foundation\Testing\RefreshDatabase.php:25
C:\Users\Gaser\Desktop\COPRRA\vendor\laravel\framework\src\Illuminate\Foundation\Testing\Concerns\InteractsWithTestCaseLifecycle.php:209
C:\Users\Gaser\Desktop\COPRRA\vendor\laravel\framework\src\Illuminate\Foundation\Testing\Concerns\InteractsWithTestCaseLifecycle.php:97
C:\Users\Gaser\Desktop\COPRRA\vendor\laravel\framework\src\Illuminate\Foundation\Testing\TestCase.php:44
C:\Users\Gaser\Desktop\COPRRA\tests\TestCase.php:25</error>
        </testcase>
        <testcase name="test_handles_login_with_sql_injection_attempt" file="C:\Users\Gaser\Desktop\COPRRA\tests\Feature\Http\Controllers\Api\AuthControllerTest.php" line="240" class="Tests\Feature\Http\Controllers\Api\AuthControllerTest" classname="Tests.Feature.Http.Controllers.Api.AuthControllerTest" assertions="0" time="0.000000">
          <error type="Error">Tests\Feature\Http\Controllers\Api\AuthControllerTest::test_handles_login_with_sql_injection_attempt&#13;
Error: Class "Mockery" not found
&#13;
C:\Users\Gaser\Desktop\COPRRA\vendor\laravel\framework\src\Illuminate\Testing\PendingCommand.php:550
C:\Users\Gaser\Desktop\COPRRA\vendor\laravel\framework\src\Illuminate\Testing\PendingCommand.php:448
C:\Users\Gaser\Desktop\COPRRA\vendor\laravel\framework\src\Illuminate\Testing\PendingCommand.php:675
C:\Users\Gaser\Desktop\COPRRA\vendor\laravel\framework\src\Illuminate\Foundation\Testing\Concerns\InteractsWithConsole.php:87
C:\Users\Gaser\Desktop\COPRRA\vendor\laravel\framework\src\Illuminate\Foundation\Testing\RefreshDatabase.php:101
C:\Users\Gaser\Desktop\COPRRA\vendor\laravel\framework\src\Illuminate\Foundation\Testing\RefreshDatabase.php:84
C:\Users\Gaser\Desktop\COPRRA\vendor\laravel\framework\src\Illuminate\Foundation\Testing\RefreshDatabase.php:25
C:\Users\Gaser\Desktop\COPRRA\vendor\laravel\framework\src\Illuminate\Foundation\Testing\Concerns\InteractsWithTestCaseLifecycle.php:209
C:\Users\Gaser\Desktop\COPRRA\vendor\laravel\framework\src\Illuminate\Foundation\Testing\Concerns\InteractsWithTestCaseLifecycle.php:97
C:\Users\Gaser\Desktop\COPRRA\vendor\laravel\framework\src\Illuminate\Foundation\Testing\TestCase.php:44
C:\Users\Gaser\Desktop\COPRRA\tests\TestCase.php:25</error>
        </testcase>
        <testcase name="test_handles_login_with_xss_attempt" file="C:\Users\Gaser\Desktop\COPRRA\tests\Feature\Http\Controllers\Api\AuthControllerTest.php" line="251" class="Tests\Feature\Http\Controllers\Api\AuthControllerTest" classname="Tests.Feature.Http.Controllers.Api.AuthControllerTest" assertions="0" time="0.000000">
          <error type="Error">Tests\Feature\Http\Controllers\Api\AuthControllerTest::test_handles_login_with_xss_attempt&#13;
Error: Class "Mockery" not found
&#13;
C:\Users\Gaser\Desktop\COPRRA\vendor\laravel\framework\src\Illuminate\Testing\PendingCommand.php:550
C:\Users\Gaser\Desktop\COPRRA\vendor\laravel\framework\src\Illuminate\Testing\PendingCommand.php:448
C:\Users\Gaser\Desktop\COPRRA\vendor\laravel\framework\src\Illuminate\Testing\PendingCommand.php:675
C:\Users\Gaser\Desktop\COPRRA\vendor\laravel\framework\src\Illuminate\Foundation\Testing\Concerns\InteractsWithConsole.php:87
C:\Users\Gaser\Desktop\COPRRA\vendor\laravel\framework\src\Illuminate\Foundation\Testing\RefreshDatabase.php:101
C:\Users\Gaser\Desktop\COPRRA\vendor\laravel\framework\src\Illuminate\Foundation\Testing\RefreshDatabase.php:84
C:\Users\Gaser\Desktop\COPRRA\vendor\laravel\framework\src\Illuminate\Foundation\Testing\RefreshDatabase.php:25
C:\Users\Gaser\Desktop\COPRRA\vendor\laravel\framework\src\Illuminate\Foundation\Testing\Concerns\InteractsWithTestCaseLifecycle.php:209
C:\Users\Gaser\Desktop\COPRRA\vendor\laravel\framework\src\Illuminate\Foundation\Testing\Concerns\InteractsWithTestCaseLifecycle.php:97
C:\Users\Gaser\Desktop\COPRRA\vendor\laravel\framework\src\Illuminate\Foundation\Testing\TestCase.php:44
C:\Users\Gaser\Desktop\COPRRA\tests\TestCase.php:25</error>
        </testcase>
        <testcase name="test_handles_multiple_concurrent_logins" file="C:\Users\Gaser\Desktop\COPRRA\tests\Feature\Http\Controllers\Api\AuthControllerTest.php" line="262" class="Tests\Feature\Http\Controllers\Api\AuthControllerTest" classname="Tests.Feature.Http.Controllers.Api.AuthControllerTest" assertions="0" time="0.000000">
          <error type="Error">Tests\Feature\Http\Controllers\Api\AuthControllerTest::test_handles_multiple_concurrent_logins&#13;
Error: Class "Mockery" not found
&#13;
C:\Users\Gaser\Desktop\COPRRA\vendor\laravel\framework\src\Illuminate\Testing\PendingCommand.php:550
C:\Users\Gaser\Desktop\COPRRA\vendor\laravel\framework\src\Illuminate\Testing\PendingCommand.php:448
C:\Users\Gaser\Desktop\COPRRA\vendor\laravel\framework\src\Illuminate\Testing\PendingCommand.php:675
C:\Users\Gaser\Desktop\COPRRA\vendor\laravel\framework\src\Illuminate\Foundation\Testing\Concerns\InteractsWithConsole.php:87
C:\Users\Gaser\Desktop\COPRRA\vendor\laravel\framework\src\Illuminate\Foundation\Testing\RefreshDatabase.php:101
C:\Users\Gaser\Desktop\COPRRA\vendor\laravel\framework\src\Illuminate\Foundation\Testing\RefreshDatabase.php:84
C:\Users\Gaser\Desktop\COPRRA\vendor\laravel\framework\src\Illuminate\Foundation\Testing\RefreshDatabase.php:25
C:\Users\Gaser\Desktop\COPRRA\vendor\laravel\framework\src\Illuminate\Foundation\Testing\Concerns\InteractsWithTestCaseLifecycle.php:209
C:\Users\Gaser\Desktop\COPRRA\vendor\laravel\framework\src\Illuminate\Foundation\Testing\Concerns\InteractsWithTestCaseLifecycle.php:97
C:\Users\Gaser\Desktop\COPRRA\vendor\laravel\framework\src\Illuminate\Foundation\Testing\TestCase.php:44
C:\Users\Gaser\Desktop\COPRRA\tests\TestCase.php:25</error>
        </testcase>
        <testcase name="test_handles_logout_without_authorization_header" file="C:\Users\Gaser\Desktop\COPRRA\tests\Feature\Http\Controllers\Api\AuthControllerTest.php" line="291" class="Tests\Feature\Http\Controllers\Api\AuthControllerTest" classname="Tests.Feature.Http.Controllers.Api.AuthControllerTest" assertions="0" time="0.000000">
          <error type="Error">Tests\Feature\Http\Controllers\Api\AuthControllerTest::test_handles_logout_without_authorization_header&#13;
Error: Class "Mockery" not found
&#13;
C:\Users\Gaser\Desktop\COPRRA\vendor\laravel\framework\src\Illuminate\Testing\PendingCommand.php:550
C:\Users\Gaser\Desktop\COPRRA\vendor\laravel\framework\src\Illuminate\Testing\PendingCommand.php:448
C:\Users\Gaser\Desktop\COPRRA\vendor\laravel\framework\src\Illuminate\Testing\PendingCommand.php:675
C:\Users\Gaser\Desktop\COPRRA\vendor\laravel\framework\src\Illuminate\Foundation\Testing\Concerns\InteractsWithConsole.php:87
C:\Users\Gaser\Desktop\COPRRA\vendor\laravel\framework\src\Illuminate\Foundation\Testing\RefreshDatabase.php:101
C:\Users\Gaser\Desktop\COPRRA\vendor\laravel\framework\src\Illuminate\Foundation\Testing\RefreshDatabase.php:84
C:\Users\Gaser\Desktop\COPRRA\vendor\laravel\framework\src\Illuminate\Foundation\Testing\RefreshDatabase.php:25
C:\Users\Gaser\Desktop\COPRRA\vendor\laravel\framework\src\Illuminate\Foundation\Testing\Concerns\InteractsWithTestCaseLifecycle.php:209
C:\Users\Gaser\Desktop\COPRRA\vendor\laravel\framework\src\Illuminate\Foundation\Testing\Concerns\InteractsWithTestCaseLifecycle.php:97
C:\Users\Gaser\Desktop\COPRRA\vendor\laravel\framework\src\Illuminate\Foundation\Testing\TestCase.php:44
C:\Users\Gaser\Desktop\COPRRA\tests\TestCase.php:25</error>
        </testcase>
        <testcase name="test_handles_me_request_without_authorization_header" file="C:\Users\Gaser\Desktop\COPRRA\tests\Feature\Http\Controllers\Api\AuthControllerTest.php" line="298" class="Tests\Feature\Http\Controllers\Api\AuthControllerTest" classname="Tests.Feature.Http.Controllers.Api.AuthControllerTest" assertions="0" time="0.000000">
          <error type="Error">Tests\Feature\Http\Controllers\Api\AuthControllerTest::test_handles_me_request_without_authorization_header&#13;
Error: Class "Mockery" not found
&#13;
C:\Users\Gaser\Desktop\COPRRA\vendor\laravel\framework\src\Illuminate\Testing\PendingCommand.php:550
C:\Users\Gaser\Desktop\COPRRA\vendor\laravel\framework\src\Illuminate\Testing\PendingCommand.php:448
C:\Users\Gaser\Desktop\COPRRA\vendor\laravel\framework\src\Illuminate\Testing\PendingCommand.php:675
C:\Users\Gaser\Desktop\COPRRA\vendor\laravel\framework\src\Illuminate\Foundation\Testing\Concerns\InteractsWithConsole.php:87
C:\Users\Gaser\Desktop\COPRRA\vendor\laravel\framework\src\Illuminate\Foundation\Testing\RefreshDatabase.php:101
C:\Users\Gaser\Desktop\COPRRA\vendor\laravel\framework\src\Illuminate\Foundation\Testing\RefreshDatabase.php:84
C:\Users\Gaser\Desktop\COPRRA\vendor\laravel\framework\src\Illuminate\Foundation\Testing\RefreshDatabase.php:25
C:\Users\Gaser\Desktop\COPRRA\vendor\laravel\framework\src\Illuminate\Foundation\Testing\Concerns\InteractsWithTestCaseLifecycle.php:209
C:\Users\Gaser\Desktop\COPRRA\vendor\laravel\framework\src\Illuminate\Foundation\Testing\Concerns\InteractsWithTestCaseLifecycle.php:97
C:\Users\Gaser\Desktop\COPRRA\vendor\laravel\framework\src\Illuminate\Foundation\Testing\TestCase.php:44
C:\Users\Gaser\Desktop\COPRRA\tests\TestCase.php:25</error>
        </testcase>
      </testsuite>
      <testsuite name="Tests\Feature\Http\Controllers\Api\DocumentationControllerTest" file="C:\Users\Gaser\Desktop\COPRRA\tests\Feature\Http\Controllers\Api\DocumentationControllerTest.php" tests="24" assertions="0" errors="24" failures="0" skipped="0" time="0.000000">
        <testcase name="test_can_get_api_status" file="C:\Users\Gaser\Desktop\COPRRA\tests\Feature\Http\Controllers\Api\DocumentationControllerTest.php" line="21" class="Tests\Feature\Http\Controllers\Api\DocumentationControllerTest" classname="Tests.Feature.Http.Controllers.Api.DocumentationControllerTest" assertions="0" time="0.000000">
          <error type="Error">Tests\Feature\Http\Controllers\Api\DocumentationControllerTest::test_can_get_api_status&#13;
Error: Class "Mockery" not found
&#13;
C:\Users\Gaser\Desktop\COPRRA\vendor\laravel\framework\src\Illuminate\Testing\PendingCommand.php:550
C:\Users\Gaser\Desktop\COPRRA\vendor\laravel\framework\src\Illuminate\Testing\PendingCommand.php:448
C:\Users\Gaser\Desktop\COPRRA\vendor\laravel\framework\src\Illuminate\Testing\PendingCommand.php:675
C:\Users\Gaser\Desktop\COPRRA\vendor\laravel\framework\src\Illuminate\Foundation\Testing\Concerns\InteractsWithConsole.php:87
C:\Users\Gaser\Desktop\COPRRA\vendor\laravel\framework\src\Illuminate\Foundation\Testing\RefreshDatabase.php:101
C:\Users\Gaser\Desktop\COPRRA\vendor\laravel\framework\src\Illuminate\Foundation\Testing\RefreshDatabase.php:84
C:\Users\Gaser\Desktop\COPRRA\vendor\laravel\framework\src\Illuminate\Foundation\Testing\RefreshDatabase.php:25
C:\Users\Gaser\Desktop\COPRRA\vendor\laravel\framework\src\Illuminate\Foundation\Testing\Concerns\InteractsWithTestCaseLifecycle.php:209
C:\Users\Gaser\Desktop\COPRRA\vendor\laravel\framework\src\Illuminate\Foundation\Testing\Concerns\InteractsWithTestCaseLifecycle.php:97
C:\Users\Gaser\Desktop\COPRRA\vendor\laravel\framework\src\Illuminate\Foundation\Testing\TestCase.php:44
C:\Users\Gaser\Desktop\COPRRA\tests\TestCase.php:25</error>
        </testcase>
        <testcase name="test_can_get_health_status" file="C:\Users\Gaser\Desktop\COPRRA\tests\Feature\Http\Controllers\Api\DocumentationControllerTest.php" line="39" class="Tests\Feature\Http\Controllers\Api\DocumentationControllerTest" classname="Tests.Feature.Http.Controllers.Api.DocumentationControllerTest" assertions="0" time="0.000000">
          <error type="Error">Tests\Feature\Http\Controllers\Api\DocumentationControllerTest::test_can_get_health_status&#13;
Error: Class "Mockery" not found
&#13;
C:\Users\Gaser\Desktop\COPRRA\vendor\laravel\framework\src\Illuminate\Testing\PendingCommand.php:550
C:\Users\Gaser\Desktop\COPRRA\vendor\laravel\framework\src\Illuminate\Testing\PendingCommand.php:448
C:\Users\Gaser\Desktop\COPRRA\vendor\laravel\framework\src\Illuminate\Testing\PendingCommand.php:675
C:\Users\Gaser\Desktop\COPRRA\vendor\laravel\framework\src\Illuminate\Foundation\Testing\Concerns\InteractsWithConsole.php:87
C:\Users\Gaser\Desktop\COPRRA\vendor\laravel\framework\src\Illuminate\Foundation\Testing\RefreshDatabase.php:101
C:\Users\Gaser\Desktop\COPRRA\vendor\laravel\framework\src\Illuminate\Foundation\Testing\RefreshDatabase.php:84
C:\Users\Gaser\Desktop\COPRRA\vendor\laravel\framework\src\Illuminate\Foundation\Testing\RefreshDatabase.php:25
C:\Users\Gaser\Desktop\COPRRA\vendor\laravel\framework\src\Illuminate\Foundation\Testing\Concerns\InteractsWithTestCaseLifecycle.php:209
C:\Users\Gaser\Desktop\COPRRA\vendor\laravel\framework\src\Illuminate\Foundation\Testing\Concerns\InteractsWithTestCaseLifecycle.php:97
C:\Users\Gaser\Desktop\COPRRA\vendor\laravel\framework\src\Illuminate\Foundation\Testing\TestCase.php:44
C:\Users\Gaser\Desktop\COPRRA\tests\TestCase.php:25</error>
        </testcase>
        <testcase name="test_returns_unhealthy_status_when_database_fails" file="C:\Users\Gaser\Desktop\COPRRA\tests\Feature\Http\Controllers\Api\DocumentationControllerTest.php" line="61" class="Tests\Feature\Http\Controllers\Api\DocumentationControllerTest" classname="Tests.Feature.Http.Controllers.Api.DocumentationControllerTest" assertions="0" time="0.000000">
          <error type="Error">Tests\Feature\Http\Controllers\Api\DocumentationControllerTest::test_returns_unhealthy_status_when_database_fails&#13;
Error: Class "Mockery" not found
&#13;
C:\Users\Gaser\Desktop\COPRRA\vendor\laravel\framework\src\Illuminate\Testing\PendingCommand.php:550
C:\Users\Gaser\Desktop\COPRRA\vendor\laravel\framework\src\Illuminate\Testing\PendingCommand.php:448
C:\Users\Gaser\Desktop\COPRRA\vendor\laravel\framework\src\Illuminate\Testing\PendingCommand.php:675
C:\Users\Gaser\Desktop\COPRRA\vendor\laravel\framework\src\Illuminate\Foundation\Testing\Concerns\InteractsWithConsole.php:87
C:\Users\Gaser\Desktop\COPRRA\vendor\laravel\framework\src\Illuminate\Foundation\Testing\RefreshDatabase.php:101
C:\Users\Gaser\Desktop\COPRRA\vendor\laravel\framework\src\Illuminate\Foundation\Testing\RefreshDatabase.php:84
C:\Users\Gaser\Desktop\COPRRA\vendor\laravel\framework\src\Illuminate\Foundation\Testing\RefreshDatabase.php:25
C:\Users\Gaser\Desktop\COPRRA\vendor\laravel\framework\src\Illuminate\Foundation\Testing\Concerns\InteractsWithTestCaseLifecycle.php:209
C:\Users\Gaser\Desktop\COPRRA\vendor\laravel\framework\src\Illuminate\Foundation\Testing\Concerns\InteractsWithTestCaseLifecycle.php:97
C:\Users\Gaser\Desktop\COPRRA\vendor\laravel\framework\src\Illuminate\Foundation\Testing\TestCase.php:44
C:\Users\Gaser\Desktop\COPRRA\tests\TestCase.php:25</error>
        </testcase>
        <testcase name="test_returns_unhealthy_status_when_cache_fails" file="C:\Users\Gaser\Desktop\COPRRA\tests\Feature\Http\Controllers\Api\DocumentationControllerTest.php" line="76" class="Tests\Feature\Http\Controllers\Api\DocumentationControllerTest" classname="Tests.Feature.Http.Controllers.Api.DocumentationControllerTest" assertions="0" time="0.000000">
          <error type="Error">Tests\Feature\Http\Controllers\Api\DocumentationControllerTest::test_returns_unhealthy_status_when_cache_fails&#13;
Error: Class "Mockery" not found
&#13;
C:\Users\Gaser\Desktop\COPRRA\vendor\laravel\framework\src\Illuminate\Testing\PendingCommand.php:550
C:\Users\Gaser\Desktop\COPRRA\vendor\laravel\framework\src\Illuminate\Testing\PendingCommand.php:448
C:\Users\Gaser\Desktop\COPRRA\vendor\laravel\framework\src\Illuminate\Testing\PendingCommand.php:675
C:\Users\Gaser\Desktop\COPRRA\vendor\laravel\framework\src\Illuminate\Foundation\Testing\Concerns\InteractsWithConsole.php:87
C:\Users\Gaser\Desktop\COPRRA\vendor\laravel\framework\src\Illuminate\Foundation\Testing\RefreshDatabase.php:101
C:\Users\Gaser\Desktop\COPRRA\vendor\laravel\framework\src\Illuminate\Foundation\Testing\RefreshDatabase.php:84
C:\Users\Gaser\Desktop\COPRRA\vendor\laravel\framework\src\Illuminate\Foundation\Testing\RefreshDatabase.php:25
C:\Users\Gaser\Desktop\COPRRA\vendor\laravel\framework\src\Illuminate\Foundation\Testing\Concerns\InteractsWithTestCaseLifecycle.php:209
C:\Users\Gaser\Desktop\COPRRA\vendor\laravel\framework\src\Illuminate\Foundation\Testing\Concerns\InteractsWithTestCaseLifecycle.php:97
C:\Users\Gaser\Desktop\COPRRA\vendor\laravel\framework\src\Illuminate\Foundation\Testing\TestCase.php:44
C:\Users\Gaser\Desktop\COPRRA\tests\TestCase.php:25</error>
        </testcase>
        <testcase name="test_returns_unhealthy_status_when_storage_is_not_writable" file="C:\Users\Gaser\Desktop\COPRRA\tests\Feature\Http\Controllers\Api\DocumentationControllerTest.php" line="91" class="Tests\Feature\Http\Controllers\Api\DocumentationControllerTest" classname="Tests.Feature.Http.Controllers.Api.DocumentationControllerTest" assertions="0" time="0.000000">
          <error type="Error">Tests\Feature\Http\Controllers\Api\DocumentationControllerTest::test_returns_unhealthy_status_when_storage_is_not_writable&#13;
Error: Class "Mockery" not found
&#13;
C:\Users\Gaser\Desktop\COPRRA\vendor\laravel\framework\src\Illuminate\Testing\PendingCommand.php:550
C:\Users\Gaser\Desktop\COPRRA\vendor\laravel\framework\src\Illuminate\Testing\PendingCommand.php:448
C:\Users\Gaser\Desktop\COPRRA\vendor\laravel\framework\src\Illuminate\Testing\PendingCommand.php:675
C:\Users\Gaser\Desktop\COPRRA\vendor\laravel\framework\src\Illuminate\Foundation\Testing\Concerns\InteractsWithConsole.php:87
C:\Users\Gaser\Desktop\COPRRA\vendor\laravel\framework\src\Illuminate\Foundation\Testing\RefreshDatabase.php:101
C:\Users\Gaser\Desktop\COPRRA\vendor\laravel\framework\src\Illuminate\Foundation\Testing\RefreshDatabase.php:84
C:\Users\Gaser\Desktop\COPRRA\vendor\laravel\framework\src\Illuminate\Foundation\Testing\RefreshDatabase.php:25
C:\Users\Gaser\Desktop\COPRRA\vendor\laravel\framework\src\Illuminate\Foundation\Testing\Concerns\InteractsWithTestCaseLifecycle.php:209
C:\Users\Gaser\Desktop\COPRRA\vendor\laravel\framework\src\Illuminate\Foundation\Testing\Concerns\InteractsWithTestCaseLifecycle.php:97
C:\Users\Gaser\Desktop\COPRRA\vendor\laravel\framework\src\Illuminate\Foundation\Testing\TestCase.php:44
C:\Users\Gaser\Desktop\COPRRA\tests\TestCase.php:25</error>
        </testcase>
        <testcase name="test_includes_timestamp_in_status_response" file="C:\Users\Gaser\Desktop\COPRRA\tests\Feature\Http\Controllers\Api\DocumentationControllerTest.php" line="113" class="Tests\Feature\Http\Controllers\Api\DocumentationControllerTest" classname="Tests.Feature.Http.Controllers.Api.DocumentationControllerTest" assertions="0" time="0.000000">
          <error type="Error">Tests\Feature\Http\Controllers\Api\DocumentationControllerTest::test_includes_timestamp_in_status_response&#13;
Error: Class "Mockery" not found
&#13;
C:\Users\Gaser\Desktop\COPRRA\vendor\laravel\framework\src\Illuminate\Testing\PendingCommand.php:550
C:\Users\Gaser\Desktop\COPRRA\vendor\laravel\framework\src\Illuminate\Testing\PendingCommand.php:448
C:\Users\Gaser\Desktop\COPRRA\vendor\laravel\framework\src\Illuminate\Testing\PendingCommand.php:675
C:\Users\Gaser\Desktop\COPRRA\vendor\laravel\framework\src\Illuminate\Foundation\Testing\Concerns\InteractsWithConsole.php:87
C:\Users\Gaser\Desktop\COPRRA\vendor\laravel\framework\src\Illuminate\Foundation\Testing\RefreshDatabase.php:101
C:\Users\Gaser\Desktop\COPRRA\vendor\laravel\framework\src\Illuminate\Foundation\Testing\RefreshDatabase.php:84
C:\Users\Gaser\Desktop\COPRRA\vendor\laravel\framework\src\Illuminate\Foundation\Testing\RefreshDatabase.php:25
C:\Users\Gaser\Desktop\COPRRA\vendor\laravel\framework\src\Illuminate\Foundation\Testing\Concerns\InteractsWithTestCaseLifecycle.php:209
C:\Users\Gaser\Desktop\COPRRA\vendor\laravel\framework\src\Illuminate\Foundation\Testing\Concerns\InteractsWithTestCaseLifecycle.php:97
C:\Users\Gaser\Desktop\COPRRA\vendor\laravel\framework\src\Illuminate\Foundation\Testing\TestCase.php:44
C:\Users\Gaser\Desktop\COPRRA\tests\TestCase.php:25</error>
        </testcase>
        <testcase name="test_includes_timestamp_in_health_response" file="C:\Users\Gaser\Desktop\COPRRA\tests\Feature\Http\Controllers\Api\DocumentationControllerTest.php" line="128" class="Tests\Feature\Http\Controllers\Api\DocumentationControllerTest" classname="Tests.Feature.Http.Controllers.Api.DocumentationControllerTest" assertions="0" time="0.000000">
          <error type="Error">Tests\Feature\Http\Controllers\Api\DocumentationControllerTest::test_includes_timestamp_in_health_response&#13;
Error: Class "Mockery" not found
&#13;
C:\Users\Gaser\Desktop\COPRRA\vendor\laravel\framework\src\Illuminate\Testing\PendingCommand.php:550
C:\Users\Gaser\Desktop\COPRRA\vendor\laravel\framework\src\Illuminate\Testing\PendingCommand.php:448
C:\Users\Gaser\Desktop\COPRRA\vendor\laravel\framework\src\Illuminate\Testing\PendingCommand.php:675
C:\Users\Gaser\Desktop\COPRRA\vendor\laravel\framework\src\Illuminate\Foundation\Testing\Concerns\InteractsWithConsole.php:87
C:\Users\Gaser\Desktop\COPRRA\vendor\laravel\framework\src\Illuminate\Foundation\Testing\RefreshDatabase.php:101
C:\Users\Gaser\Desktop\COPRRA\vendor\laravel\framework\src\Illuminate\Foundation\Testing\RefreshDatabase.php:84
C:\Users\Gaser\Desktop\COPRRA\vendor\laravel\framework\src\Illuminate\Foundation\Testing\RefreshDatabase.php:25
C:\Users\Gaser\Desktop\COPRRA\vendor\laravel\framework\src\Illuminate\Foundation\Testing\Concerns\InteractsWithTestCaseLifecycle.php:209
C:\Users\Gaser\Desktop\COPRRA\vendor\laravel\framework\src\Illuminate\Foundation\Testing\Concerns\InteractsWithTestCaseLifecycle.php:97
C:\Users\Gaser\Desktop\COPRRA\vendor\laravel\framework\src\Illuminate\Foundation\Testing\TestCase.php:44
C:\Users\Gaser\Desktop\COPRRA\tests\TestCase.php:25</error>
        </testcase>
        <testcase name="test_includes_version_in_status_response" file="C:\Users\Gaser\Desktop\COPRRA\tests\Feature\Http\Controllers\Api\DocumentationControllerTest.php" line="143" class="Tests\Feature\Http\Controllers\Api\DocumentationControllerTest" classname="Tests.Feature.Http.Controllers.Api.DocumentationControllerTest" assertions="0" time="0.000000">
          <error type="Error">Tests\Feature\Http\Controllers\Api\DocumentationControllerTest::test_includes_version_in_status_response&#13;
Error: Class "Mockery" not found
&#13;
C:\Users\Gaser\Desktop\COPRRA\vendor\laravel\framework\src\Illuminate\Testing\PendingCommand.php:550
C:\Users\Gaser\Desktop\COPRRA\vendor\laravel\framework\src\Illuminate\Testing\PendingCommand.php:448
C:\Users\Gaser\Desktop\COPRRA\vendor\laravel\framework\src\Illuminate\Testing\PendingCommand.php:675
C:\Users\Gaser\Desktop\COPRRA\vendor\laravel\framework\src\Illuminate\Foundation\Testing\Concerns\InteractsWithConsole.php:87
C:\Users\Gaser\Desktop\COPRRA\vendor\laravel\framework\src\Illuminate\Foundation\Testing\RefreshDatabase.php:101
C:\Users\Gaser\Desktop\COPRRA\vendor\laravel\framework\src\Illuminate\Foundation\Testing\RefreshDatabase.php:84
C:\Users\Gaser\Desktop\COPRRA\vendor\laravel\framework\src\Illuminate\Foundation\Testing\RefreshDatabase.php:25
C:\Users\Gaser\Desktop\COPRRA\vendor\laravel\framework\src\Illuminate\Foundation\Testing\Concerns\InteractsWithTestCaseLifecycle.php:209
C:\Users\Gaser\Desktop\COPRRA\vendor\laravel\framework\src\Illuminate\Foundation\Testing\Concerns\InteractsWithTestCaseLifecycle.php:97
C:\Users\Gaser\Desktop\COPRRA\vendor\laravel\framework\src\Illuminate\Foundation\Testing\TestCase.php:44
C:\Users\Gaser\Desktop\COPRRA\tests\TestCase.php:25</error>
        </testcase>
        <testcase name="test_includes_version_in_health_response" file="C:\Users\Gaser\Desktop\COPRRA\tests\Feature\Http\Controllers\Api\DocumentationControllerTest.php" line="157" class="Tests\Feature\Http\Controllers\Api\DocumentationControllerTest" classname="Tests.Feature.Http.Controllers.Api.DocumentationControllerTest" assertions="0" time="0.000000">
          <error type="Error">Tests\Feature\Http\Controllers\Api\DocumentationControllerTest::test_includes_version_in_health_response&#13;
Error: Class "Mockery" not found
&#13;
C:\Users\Gaser\Desktop\COPRRA\vendor\laravel\framework\src\Illuminate\Testing\PendingCommand.php:550
C:\Users\Gaser\Desktop\COPRRA\vendor\laravel\framework\src\Illuminate\Testing\PendingCommand.php:448
C:\Users\Gaser\Desktop\COPRRA\vendor\laravel\framework\src\Illuminate\Testing\PendingCommand.php:675
C:\Users\Gaser\Desktop\COPRRA\vendor\laravel\framework\src\Illuminate\Foundation\Testing\Concerns\InteractsWithConsole.php:87
C:\Users\Gaser\Desktop\COPRRA\vendor\laravel\framework\src\Illuminate\Foundation\Testing\RefreshDatabase.php:101
C:\Users\Gaser\Desktop\COPRRA\vendor\laravel\framework\src\Illuminate\Foundation\Testing\RefreshDatabase.php:84
C:\Users\Gaser\Desktop\COPRRA\vendor\laravel\framework\src\Illuminate\Foundation\Testing\RefreshDatabase.php:25
C:\Users\Gaser\Desktop\COPRRA\vendor\laravel\framework\src\Illuminate\Foundation\Testing\Concerns\InteractsWithTestCaseLifecycle.php:209
C:\Users\Gaser\Desktop\COPRRA\vendor\laravel\framework\src\Illuminate\Foundation\Testing\Concerns\InteractsWithTestCaseLifecycle.php:97
C:\Users\Gaser\Desktop\COPRRA\vendor\laravel\framework\src\Illuminate\Foundation\Testing\TestCase.php:44
C:\Users\Gaser\Desktop\COPRRA\tests\TestCase.php:25</error>
        </testcase>
        <testcase name="test_includes_environment_in_health_response" file="C:\Users\Gaser\Desktop\COPRRA\tests\Feature\Http\Controllers\Api\DocumentationControllerTest.php" line="171" class="Tests\Feature\Http\Controllers\Api\DocumentationControllerTest" classname="Tests.Feature.Http.Controllers.Api.DocumentationControllerTest" assertions="0" time="0.000000">
          <error type="Error">Tests\Feature\Http\Controllers\Api\DocumentationControllerTest::test_includes_environment_in_health_response&#13;
Error: Class "Mockery" not found
&#13;
C:\Users\Gaser\Desktop\COPRRA\vendor\laravel\framework\src\Illuminate\Testing\PendingCommand.php:550
C:\Users\Gaser\Desktop\COPRRA\vendor\laravel\framework\src\Illuminate\Testing\PendingCommand.php:448
C:\Users\Gaser\Desktop\COPRRA\vendor\laravel\framework\src\Illuminate\Testing\PendingCommand.php:675
C:\Users\Gaser\Desktop\COPRRA\vendor\laravel\framework\src\Illuminate\Foundation\Testing\Concerns\InteractsWithConsole.php:87
C:\Users\Gaser\Desktop\COPRRA\vendor\laravel\framework\src\Illuminate\Foundation\Testing\RefreshDatabase.php:101
C:\Users\Gaser\Desktop\COPRRA\vendor\laravel\framework\src\Illuminate\Foundation\Testing\RefreshDatabase.php:84
C:\Users\Gaser\Desktop\COPRRA\vendor\laravel\framework\src\Illuminate\Foundation\Testing\RefreshDatabase.php:25
C:\Users\Gaser\Desktop\COPRRA\vendor\laravel\framework\src\Illuminate\Foundation\Testing\Concerns\InteractsWithTestCaseLifecycle.php:209
C:\Users\Gaser\Desktop\COPRRA\vendor\laravel\framework\src\Illuminate\Foundation\Testing\Concerns\InteractsWithTestCaseLifecycle.php:97
C:\Users\Gaser\Desktop\COPRRA\vendor\laravel\framework\src\Illuminate\Foundation\Testing\TestCase.php:44
C:\Users\Gaser\Desktop\COPRRA\tests\TestCase.php:25</error>
        </testcase>
        <testcase name="test_tests_database_connection_in_health_check" file="C:\Users\Gaser\Desktop\COPRRA\tests\Feature\Http\Controllers\Api\DocumentationControllerTest.php" line="185" class="Tests\Feature\Http\Controllers\Api\DocumentationControllerTest" classname="Tests.Feature.Http.Controllers.Api.DocumentationControllerTest" assertions="0" time="0.000000">
          <error type="Error">Tests\Feature\Http\Controllers\Api\DocumentationControllerTest::test_tests_database_connection_in_health_check&#13;
Error: Class "Mockery" not found
&#13;
C:\Users\Gaser\Desktop\COPRRA\vendor\laravel\framework\src\Illuminate\Testing\PendingCommand.php:550
C:\Users\Gaser\Desktop\COPRRA\vendor\laravel\framework\src\Illuminate\Testing\PendingCommand.php:448
C:\Users\Gaser\Desktop\COPRRA\vendor\laravel\framework\src\Illuminate\Testing\PendingCommand.php:675
C:\Users\Gaser\Desktop\COPRRA\vendor\laravel\framework\src\Illuminate\Foundation\Testing\Concerns\InteractsWithConsole.php:87
C:\Users\Gaser\Desktop\COPRRA\vendor\laravel\framework\src\Illuminate\Foundation\Testing\RefreshDatabase.php:101
C:\Users\Gaser\Desktop\COPRRA\vendor\laravel\framework\src\Illuminate\Foundation\Testing\RefreshDatabase.php:84
C:\Users\Gaser\Desktop\COPRRA\vendor\laravel\framework\src\Illuminate\Foundation\Testing\RefreshDatabase.php:25
C:\Users\Gaser\Desktop\COPRRA\vendor\laravel\framework\src\Illuminate\Foundation\Testing\Concerns\InteractsWithTestCaseLifecycle.php:209
C:\Users\Gaser\Desktop\COPRRA\vendor\laravel\framework\src\Illuminate\Foundation\Testing\Concerns\InteractsWithTestCaseLifecycle.php:97
C:\Users\Gaser\Desktop\COPRRA\vendor\laravel\framework\src\Illuminate\Foundation\Testing\TestCase.php:44
C:\Users\Gaser\Desktop\COPRRA\tests\TestCase.php:25</error>
        </testcase>
        <testcase name="test_tests_cache_functionality_in_health_check" file="C:\Users\Gaser\Desktop\COPRRA\tests\Feature\Http\Controllers\Api\DocumentationControllerTest.php" line="195" class="Tests\Feature\Http\Controllers\Api\DocumentationControllerTest" classname="Tests.Feature.Http.Controllers.Api.DocumentationControllerTest" assertions="0" time="0.000000">
          <error type="Error">Tests\Feature\Http\Controllers\Api\DocumentationControllerTest::test_tests_cache_functionality_in_health_check&#13;
Error: Class "Mockery" not found
&#13;
C:\Users\Gaser\Desktop\COPRRA\vendor\laravel\framework\src\Illuminate\Testing\PendingCommand.php:550
C:\Users\Gaser\Desktop\COPRRA\vendor\laravel\framework\src\Illuminate\Testing\PendingCommand.php:448
C:\Users\Gaser\Desktop\COPRRA\vendor\laravel\framework\src\Illuminate\Testing\PendingCommand.php:675
C:\Users\Gaser\Desktop\COPRRA\vendor\laravel\framework\src\Illuminate\Foundation\Testing\Concerns\InteractsWithConsole.php:87
C:\Users\Gaser\Desktop\COPRRA\vendor\laravel\framework\src\Illuminate\Foundation\Testing\RefreshDatabase.php:101
C:\Users\Gaser\Desktop\COPRRA\vendor\laravel\framework\src\Illuminate\Foundation\Testing\RefreshDatabase.php:84
C:\Users\Gaser\Desktop\COPRRA\vendor\laravel\framework\src\Illuminate\Foundation\Testing\RefreshDatabase.php:25
C:\Users\Gaser\Desktop\COPRRA\vendor\laravel\framework\src\Illuminate\Foundation\Testing\Concerns\InteractsWithTestCaseLifecycle.php:209
C:\Users\Gaser\Desktop\COPRRA\vendor\laravel\framework\src\Illuminate\Foundation\Testing\Concerns\InteractsWithTestCaseLifecycle.php:97
C:\Users\Gaser\Desktop\COPRRA\vendor\laravel\framework\src\Illuminate\Foundation\Testing\TestCase.php:44
C:\Users\Gaser\Desktop\COPRRA\tests\TestCase.php:25</error>
        </testcase>
        <testcase name="test_tests_storage_writability_in_health_check" file="C:\Users\Gaser\Desktop\COPRRA\tests\Feature\Http\Controllers\Api\DocumentationControllerTest.php" line="205" class="Tests\Feature\Http\Controllers\Api\DocumentationControllerTest" classname="Tests.Feature.Http.Controllers.Api.DocumentationControllerTest" assertions="0" time="0.000000">
          <error type="Error">Tests\Feature\Http\Controllers\Api\DocumentationControllerTest::test_tests_storage_writability_in_health_check&#13;
Error: Class "Mockery" not found
&#13;
C:\Users\Gaser\Desktop\COPRRA\vendor\laravel\framework\src\Illuminate\Testing\PendingCommand.php:550
C:\Users\Gaser\Desktop\COPRRA\vendor\laravel\framework\src\Illuminate\Testing\PendingCommand.php:448
C:\Users\Gaser\Desktop\COPRRA\vendor\laravel\framework\src\Illuminate\Testing\PendingCommand.php:675
C:\Users\Gaser\Desktop\COPRRA\vendor\laravel\framework\src\Illuminate\Foundation\Testing\Concerns\InteractsWithConsole.php:87
C:\Users\Gaser\Desktop\COPRRA\vendor\laravel\framework\src\Illuminate\Foundation\Testing\RefreshDatabase.php:101
C:\Users\Gaser\Desktop\COPRRA\vendor\laravel\framework\src\Illuminate\Foundation\Testing\RefreshDatabase.php:84
C:\Users\Gaser\Desktop\COPRRA\vendor\laravel\framework\src\Illuminate\Foundation\Testing\RefreshDatabase.php:25
C:\Users\Gaser\Desktop\COPRRA\vendor\laravel\framework\src\Illuminate\Foundation\Testing\Concerns\InteractsWithTestCaseLifecycle.php:209
C:\Users\Gaser\Desktop\COPRRA\vendor\laravel\framework\src\Illuminate\Foundation\Testing\Concerns\InteractsWithTestCaseLifecycle.php:97
C:\Users\Gaser\Desktop\COPRRA\vendor\laravel\framework\src\Illuminate\Foundation\Testing\TestCase.php:44
C:\Users\Gaser\Desktop\COPRRA\tests\TestCase.php:25</error>
        </testcase>
        <testcase name="test_handles_multiple_system_failures_in_health_check" file="C:\Users\Gaser\Desktop\COPRRA\tests\Feature\Http\Controllers\Api\DocumentationControllerTest.php" line="215" class="Tests\Feature\Http\Controllers\Api\DocumentationControllerTest" classname="Tests.Feature.Http.Controllers.Api.DocumentationControllerTest" assertions="0" time="0.000000">
          <error type="Error">Tests\Feature\Http\Controllers\Api\DocumentationControllerTest::test_handles_multiple_system_failures_in_health_check&#13;
Error: Class "Mockery" not found
&#13;
C:\Users\Gaser\Desktop\COPRRA\vendor\laravel\framework\src\Illuminate\Testing\PendingCommand.php:550
C:\Users\Gaser\Desktop\COPRRA\vendor\laravel\framework\src\Illuminate\Testing\PendingCommand.php:448
C:\Users\Gaser\Desktop\COPRRA\vendor\laravel\framework\src\Illuminate\Testing\PendingCommand.php:675
C:\Users\Gaser\Desktop\COPRRA\vendor\laravel\framework\src\Illuminate\Foundation\Testing\Concerns\InteractsWithConsole.php:87
C:\Users\Gaser\Desktop\COPRRA\vendor\laravel\framework\src\Illuminate\Foundation\Testing\RefreshDatabase.php:101
C:\Users\Gaser\Desktop\COPRRA\vendor\laravel\framework\src\Illuminate\Foundation\Testing\RefreshDatabase.php:84
C:\Users\Gaser\Desktop\COPRRA\vendor\laravel\framework\src\Illuminate\Foundation\Testing\RefreshDatabase.php:25
C:\Users\Gaser\Desktop\COPRRA\vendor\laravel\framework\src\Illuminate\Foundation\Testing\Concerns\InteractsWithTestCaseLifecycle.php:209
C:\Users\Gaser\Desktop\COPRRA\vendor\laravel\framework\src\Illuminate\Foundation\Testing\Concerns\InteractsWithTestCaseLifecycle.php:97
C:\Users\Gaser\Desktop\COPRRA\vendor\laravel\framework\src\Illuminate\Foundation\Testing\TestCase.php:44
C:\Users\Gaser\Desktop\COPRRA\tests\TestCase.php:25</error>
        </testcase>
        <testcase name="test_returns_200_for_healthy_systems" file="C:\Users\Gaser\Desktop\COPRRA\tests\Feature\Http\Controllers\Api\DocumentationControllerTest.php" line="234" class="Tests\Feature\Http\Controllers\Api\DocumentationControllerTest" classname="Tests.Feature.Http.Controllers.Api.DocumentationControllerTest" assertions="0" time="0.000000">
          <error type="Error">Tests\Feature\Http\Controllers\Api\DocumentationControllerTest::test_returns_200_for_healthy_systems&#13;
Error: Class "Mockery" not found
&#13;
C:\Users\Gaser\Desktop\COPRRA\vendor\laravel\framework\src\Illuminate\Testing\PendingCommand.php:550
C:\Users\Gaser\Desktop\COPRRA\vendor\laravel\framework\src\Illuminate\Testing\PendingCommand.php:448
C:\Users\Gaser\Desktop\COPRRA\vendor\laravel\framework\src\Illuminate\Testing\PendingCommand.php:675
C:\Users\Gaser\Desktop\COPRRA\vendor\laravel\framework\src\Illuminate\Foundation\Testing\Concerns\InteractsWithConsole.php:87
C:\Users\Gaser\Desktop\COPRRA\vendor\laravel\framework\src\Illuminate\Foundation\Testing\RefreshDatabase.php:101
C:\Users\Gaser\Desktop\COPRRA\vendor\laravel\framework\src\Illuminate\Foundation\Testing\RefreshDatabase.php:84
C:\Users\Gaser\Desktop\COPRRA\vendor\laravel\framework\src\Illuminate\Foundation\Testing\RefreshDatabase.php:25
C:\Users\Gaser\Desktop\COPRRA\vendor\laravel\framework\src\Illuminate\Foundation\Testing\Concerns\InteractsWithTestCaseLifecycle.php:209
C:\Users\Gaser\Desktop\COPRRA\vendor\laravel\framework\src\Illuminate\Foundation\Testing\Concerns\InteractsWithTestCaseLifecycle.php:97
C:\Users\Gaser\Desktop\COPRRA\vendor\laravel\framework\src\Illuminate\Foundation\Testing\TestCase.php:44
C:\Users\Gaser\Desktop\COPRRA\tests\TestCase.php:25</error>
        </testcase>
        <testcase name="test_returns_503_for_unhealthy_systems" file="C:\Users\Gaser\Desktop\COPRRA\tests\Feature\Http\Controllers\Api\DocumentationControllerTest.php" line="241" class="Tests\Feature\Http\Controllers\Api\DocumentationControllerTest" classname="Tests.Feature.Http.Controllers.Api.DocumentationControllerTest" assertions="0" time="0.000000">
          <error type="Error">Tests\Feature\Http\Controllers\Api\DocumentationControllerTest::test_returns_503_for_unhealthy_systems&#13;
Error: Class "Mockery" not found
&#13;
C:\Users\Gaser\Desktop\COPRRA\vendor\laravel\framework\src\Illuminate\Testing\PendingCommand.php:550
C:\Users\Gaser\Desktop\COPRRA\vendor\laravel\framework\src\Illuminate\Testing\PendingCommand.php:448
C:\Users\Gaser\Desktop\COPRRA\vendor\laravel\framework\src\Illuminate\Testing\PendingCommand.php:675
C:\Users\Gaser\Desktop\COPRRA\vendor\laravel\framework\src\Illuminate\Foundation\Testing\Concerns\InteractsWithConsole.php:87
C:\Users\Gaser\Desktop\COPRRA\vendor\laravel\framework\src\Illuminate\Foundation\Testing\RefreshDatabase.php:101
C:\Users\Gaser\Desktop\COPRRA\vendor\laravel\framework\src\Illuminate\Foundation\Testing\RefreshDatabase.php:84
C:\Users\Gaser\Desktop\COPRRA\vendor\laravel\framework\src\Illuminate\Foundation\Testing\RefreshDatabase.php:25
C:\Users\Gaser\Desktop\COPRRA\vendor\laravel\framework\src\Illuminate\Foundation\Testing\Concerns\InteractsWithTestCaseLifecycle.php:209
C:\Users\Gaser\Desktop\COPRRA\vendor\laravel\framework\src\Illuminate\Foundation\Testing\Concerns\InteractsWithTestCaseLifecycle.php:97
C:\Users\Gaser\Desktop\COPRRA\vendor\laravel\framework\src\Illuminate\Foundation\Testing\TestCase.php:44
C:\Users\Gaser\Desktop\COPRRA\tests\TestCase.php:25</error>
        </testcase>
        <testcase name="test_handles_cache_test_successfully" file="C:\Users\Gaser\Desktop\COPRRA\tests\Feature\Http\Controllers\Api\DocumentationControllerTest.php" line="252" class="Tests\Feature\Http\Controllers\Api\DocumentationControllerTest" classname="Tests.Feature.Http.Controllers.Api.DocumentationControllerTest" assertions="0" time="0.000000">
          <error type="Error">Tests\Feature\Http\Controllers\Api\DocumentationControllerTest::test_handles_cache_test_successfully&#13;
Error: Class "Mockery" not found
&#13;
C:\Users\Gaser\Desktop\COPRRA\vendor\laravel\framework\src\Illuminate\Testing\PendingCommand.php:550
C:\Users\Gaser\Desktop\COPRRA\vendor\laravel\framework\src\Illuminate\Testing\PendingCommand.php:448
C:\Users\Gaser\Desktop\COPRRA\vendor\laravel\framework\src\Illuminate\Testing\PendingCommand.php:675
C:\Users\Gaser\Desktop\COPRRA\vendor\laravel\framework\src\Illuminate\Foundation\Testing\Concerns\InteractsWithConsole.php:87
C:\Users\Gaser\Desktop\COPRRA\vendor\laravel\framework\src\Illuminate\Foundation\Testing\RefreshDatabase.php:101
C:\Users\Gaser\Desktop\COPRRA\vendor\laravel\framework\src\Illuminate\Foundation\Testing\RefreshDatabase.php:84
C:\Users\Gaser\Desktop\COPRRA\vendor\laravel\framework\src\Illuminate\Foundation\Testing\RefreshDatabase.php:25
C:\Users\Gaser\Desktop\COPRRA\vendor\laravel\framework\src\Illuminate\Foundation\Testing\Concerns\InteractsWithTestCaseLifecycle.php:209
C:\Users\Gaser\Desktop\COPRRA\vendor\laravel\framework\src\Illuminate\Foundation\Testing\Concerns\InteractsWithTestCaseLifecycle.php:97
C:\Users\Gaser\Desktop\COPRRA\vendor\laravel\framework\src\Illuminate\Foundation\Testing\TestCase.php:44
C:\Users\Gaser\Desktop\COPRRA\tests\TestCase.php:25</error>
        </testcase>
        <testcase name="test_handles_cache_test_failure" file="C:\Users\Gaser\Desktop\COPRRA\tests\Feature\Http\Controllers\Api\DocumentationControllerTest.php" line="271" class="Tests\Feature\Http\Controllers\Api\DocumentationControllerTest" classname="Tests.Feature.Http.Controllers.Api.DocumentationControllerTest" assertions="0" time="0.000000">
          <error type="Error">Tests\Feature\Http\Controllers\Api\DocumentationControllerTest::test_handles_cache_test_failure&#13;
Error: Class "Mockery" not found
&#13;
C:\Users\Gaser\Desktop\COPRRA\vendor\laravel\framework\src\Illuminate\Testing\PendingCommand.php:550
C:\Users\Gaser\Desktop\COPRRA\vendor\laravel\framework\src\Illuminate\Testing\PendingCommand.php:448
C:\Users\Gaser\Desktop\COPRRA\vendor\laravel\framework\src\Illuminate\Testing\PendingCommand.php:675
C:\Users\Gaser\Desktop\COPRRA\vendor\laravel\framework\src\Illuminate\Foundation\Testing\Concerns\InteractsWithConsole.php:87
C:\Users\Gaser\Desktop\COPRRA\vendor\laravel\framework\src\Illuminate\Foundation\Testing\RefreshDatabase.php:101
C:\Users\Gaser\Desktop\COPRRA\vendor\laravel\framework\src\Illuminate\Foundation\Testing\RefreshDatabase.php:84
C:\Users\Gaser\Desktop\COPRRA\vendor\laravel\framework\src\Illuminate\Foundation\Testing\RefreshDatabase.php:25
C:\Users\Gaser\Desktop\COPRRA\vendor\laravel\framework\src\Illuminate\Foundation\Testing\Concerns\InteractsWithTestCaseLifecycle.php:209
C:\Users\Gaser\Desktop\COPRRA\vendor\laravel\framework\src\Illuminate\Foundation\Testing\Concerns\InteractsWithTestCaseLifecycle.php:97
C:\Users\Gaser\Desktop\COPRRA\vendor\laravel\framework\src\Illuminate\Foundation\Testing\TestCase.php:44
C:\Users\Gaser\Desktop\COPRRA\tests\TestCase.php:25</error>
        </testcase>
        <testcase name="test_handles_database_connection_exception" file="C:\Users\Gaser\Desktop\COPRRA\tests\Feature\Http\Controllers\Api\DocumentationControllerTest.php" line="290" class="Tests\Feature\Http\Controllers\Api\DocumentationControllerTest" classname="Tests.Feature.Http.Controllers.Api.DocumentationControllerTest" assertions="0" time="0.000000">
          <error type="Error">Tests\Feature\Http\Controllers\Api\DocumentationControllerTest::test_handles_database_connection_exception&#13;
Error: Class "Mockery" not found
&#13;
C:\Users\Gaser\Desktop\COPRRA\vendor\laravel\framework\src\Illuminate\Testing\PendingCommand.php:550
C:\Users\Gaser\Desktop\COPRRA\vendor\laravel\framework\src\Illuminate\Testing\PendingCommand.php:448
C:\Users\Gaser\Desktop\COPRRA\vendor\laravel\framework\src\Illuminate\Testing\PendingCommand.php:675
C:\Users\Gaser\Desktop\COPRRA\vendor\laravel\framework\src\Illuminate\Foundation\Testing\Concerns\InteractsWithConsole.php:87
C:\Users\Gaser\Desktop\COPRRA\vendor\laravel\framework\src\Illuminate\Foundation\Testing\RefreshDatabase.php:101
C:\Users\Gaser\Desktop\COPRRA\vendor\laravel\framework\src\Illuminate\Foundation\Testing\RefreshDatabase.php:84
C:\Users\Gaser\Desktop\COPRRA\vendor\laravel\framework\src\Illuminate\Foundation\Testing\RefreshDatabase.php:25
C:\Users\Gaser\Desktop\COPRRA\vendor\laravel\framework\src\Illuminate\Foundation\Testing\Concerns\InteractsWithTestCaseLifecycle.php:209
C:\Users\Gaser\Desktop\COPRRA\vendor\laravel\framework\src\Illuminate\Foundation\Testing\Concerns\InteractsWithTestCaseLifecycle.php:97
C:\Users\Gaser\Desktop\COPRRA\vendor\laravel\framework\src\Illuminate\Foundation\Testing\TestCase.php:44
C:\Users\Gaser\Desktop\COPRRA\tests\TestCase.php:25</error>
        </testcase>
        <testcase name="test_handles_cache_exception" file="C:\Users\Gaser\Desktop\COPRRA\tests\Feature\Http\Controllers\Api\DocumentationControllerTest.php" line="305" class="Tests\Feature\Http\Controllers\Api\DocumentationControllerTest" classname="Tests.Feature.Http.Controllers.Api.DocumentationControllerTest" assertions="0" time="0.000000">
          <error type="Error">Tests\Feature\Http\Controllers\Api\DocumentationControllerTest::test_handles_cache_exception&#13;
Error: Class "Mockery" not found
&#13;
C:\Users\Gaser\Desktop\COPRRA\vendor\laravel\framework\src\Illuminate\Testing\PendingCommand.php:550
C:\Users\Gaser\Desktop\COPRRA\vendor\laravel\framework\src\Illuminate\Testing\PendingCommand.php:448
C:\Users\Gaser\Desktop\COPRRA\vendor\laravel\framework\src\Illuminate\Testing\PendingCommand.php:675
C:\Users\Gaser\Desktop\COPRRA\vendor\laravel\framework\src\Illuminate\Foundation\Testing\Concerns\InteractsWithConsole.php:87
C:\Users\Gaser\Desktop\COPRRA\vendor\laravel\framework\src\Illuminate\Foundation\Testing\RefreshDatabase.php:101
C:\Users\Gaser\Desktop\COPRRA\vendor\laravel\framework\src\Illuminate\Foundation\Testing\RefreshDatabase.php:84
C:\Users\Gaser\Desktop\COPRRA\vendor\laravel\framework\src\Illuminate\Foundation\Testing\RefreshDatabase.php:25
C:\Users\Gaser\Desktop\COPRRA\vendor\laravel\framework\src\Illuminate\Foundation\Testing\Concerns\InteractsWithTestCaseLifecycle.php:209
C:\Users\Gaser\Desktop\COPRRA\vendor\laravel\framework\src\Illuminate\Foundation\Testing\Concerns\InteractsWithTestCaseLifecycle.php:97
C:\Users\Gaser\Desktop\COPRRA\vendor\laravel\framework\src\Illuminate\Foundation\Testing\TestCase.php:44
C:\Users\Gaser\Desktop\COPRRA\tests\TestCase.php:25</error>
        </testcase>
        <testcase name="test_handles_storage_exception" file="C:\Users\Gaser\Desktop\COPRRA\tests\Feature\Http\Controllers\Api\DocumentationControllerTest.php" line="320" class="Tests\Feature\Http\Controllers\Api\DocumentationControllerTest" classname="Tests.Feature.Http.Controllers.Api.DocumentationControllerTest" assertions="0" time="0.000000">
          <error type="Error">Tests\Feature\Http\Controllers\Api\DocumentationControllerTest::test_handles_storage_exception&#13;
Error: Class "Mockery" not found
&#13;
C:\Users\Gaser\Desktop\COPRRA\vendor\laravel\framework\src\Illuminate\Testing\PendingCommand.php:550
C:\Users\Gaser\Desktop\COPRRA\vendor\laravel\framework\src\Illuminate\Testing\PendingCommand.php:448
C:\Users\Gaser\Desktop\COPRRA\vendor\laravel\framework\src\Illuminate\Testing\PendingCommand.php:675
C:\Users\Gaser\Desktop\COPRRA\vendor\laravel\framework\src\Illuminate\Foundation\Testing\Concerns\InteractsWithConsole.php:87
C:\Users\Gaser\Desktop\COPRRA\vendor\laravel\framework\src\Illuminate\Foundation\Testing\RefreshDatabase.php:101
C:\Users\Gaser\Desktop\COPRRA\vendor\laravel\framework\src\Illuminate\Foundation\Testing\RefreshDatabase.php:84
C:\Users\Gaser\Desktop\COPRRA\vendor\laravel\framework\src\Illuminate\Foundation\Testing\RefreshDatabase.php:25
C:\Users\Gaser\Desktop\COPRRA\vendor\laravel\framework\src\Illuminate\Foundation\Testing\Concerns\InteractsWithTestCaseLifecycle.php:209
C:\Users\Gaser\Desktop\COPRRA\vendor\laravel\framework\src\Illuminate\Foundation\Testing\Concerns\InteractsWithTestCaseLifecycle.php:97
C:\Users\Gaser\Desktop\COPRRA\vendor\laravel\framework\src\Illuminate\Foundation\Testing\TestCase.php:44
C:\Users\Gaser\Desktop\COPRRA\tests\TestCase.php:25</error>
        </testcase>
        <testcase name="test_returns_consistent_status_message" file="C:\Users\Gaser\Desktop\COPRRA\tests\Feature\Http\Controllers\Api\DocumentationControllerTest.php" line="336" class="Tests\Feature\Http\Controllers\Api\DocumentationControllerTest" classname="Tests.Feature.Http.Controllers.Api.DocumentationControllerTest" assertions="0" time="0.000000">
          <error type="Error">Tests\Feature\Http\Controllers\Api\DocumentationControllerTest::test_returns_consistent_status_message&#13;
Error: Class "Mockery" not found
&#13;
C:\Users\Gaser\Desktop\COPRRA\vendor\laravel\framework\src\Illuminate\Testing\PendingCommand.php:550
C:\Users\Gaser\Desktop\COPRRA\vendor\laravel\framework\src\Illuminate\Testing\PendingCommand.php:448
C:\Users\Gaser\Desktop\COPRRA\vendor\laravel\framework\src\Illuminate\Testing\PendingCommand.php:675
C:\Users\Gaser\Desktop\COPRRA\vendor\laravel\framework\src\Illuminate\Foundation\Testing\Concerns\InteractsWithConsole.php:87
C:\Users\Gaser\Desktop\COPRRA\vendor\laravel\framework\src\Illuminate\Foundation\Testing\RefreshDatabase.php:101
C:\Users\Gaser\Desktop\COPRRA\vendor\laravel\framework\src\Illuminate\Foundation\Testing\RefreshDatabase.php:84
C:\Users\Gaser\Desktop\COPRRA\vendor\laravel\framework\src\Illuminate\Foundation\Testing\RefreshDatabase.php:25
C:\Users\Gaser\Desktop\COPRRA\vendor\laravel\framework\src\Illuminate\Foundation\Testing\Concerns\InteractsWithTestCaseLifecycle.php:209
C:\Users\Gaser\Desktop\COPRRA\vendor\laravel\framework\src\Illuminate\Foundation\Testing\Concerns\InteractsWithTestCaseLifecycle.php:97
C:\Users\Gaser\Desktop\COPRRA\vendor\laravel\framework\src\Illuminate\Foundation\Testing\TestCase.php:44
C:\Users\Gaser\Desktop\COPRRA\tests\TestCase.php:25</error>
        </testcase>
        <testcase name="test_returns_consistent_health_message_for_healthy_systems" file="C:\Users\Gaser\Desktop\COPRRA\tests\Feature\Http\Controllers\Api\DocumentationControllerTest.php" line="347" class="Tests\Feature\Http\Controllers\Api\DocumentationControllerTest" classname="Tests.Feature.Http.Controllers.Api.DocumentationControllerTest" assertions="0" time="0.000000">
          <error type="Error">Tests\Feature\Http\Controllers\Api\DocumentationControllerTest::test_returns_consistent_health_message_for_healthy_systems&#13;
Error: Class "Mockery" not found
&#13;
C:\Users\Gaser\Desktop\COPRRA\vendor\laravel\framework\src\Illuminate\Testing\PendingCommand.php:550
C:\Users\Gaser\Desktop\COPRRA\vendor\laravel\framework\src\Illuminate\Testing\PendingCommand.php:448
C:\Users\Gaser\Desktop\COPRRA\vendor\laravel\framework\src\Illuminate\Testing\PendingCommand.php:675
C:\Users\Gaser\Desktop\COPRRA\vendor\laravel\framework\src\Illuminate\Foundation\Testing\Concerns\InteractsWithConsole.php:87
C:\Users\Gaser\Desktop\COPRRA\vendor\laravel\framework\src\Illuminate\Foundation\Testing\RefreshDatabase.php:101
C:\Users\Gaser\Desktop\COPRRA\vendor\laravel\framework\src\Illuminate\Foundation\Testing\RefreshDatabase.php:84
C:\Users\Gaser\Desktop\COPRRA\vendor\laravel\framework\src\Illuminate\Foundation\Testing\RefreshDatabase.php:25
C:\Users\Gaser\Desktop\COPRRA\vendor\laravel\framework\src\Illuminate\Foundation\Testing\Concerns\InteractsWithTestCaseLifecycle.php:209
C:\Users\Gaser\Desktop\COPRRA\vendor\laravel\framework\src\Illuminate\Foundation\Testing\Concerns\InteractsWithTestCaseLifecycle.php:97
C:\Users\Gaser\Desktop\COPRRA\vendor\laravel\framework\src\Illuminate\Foundation\Testing\TestCase.php:44
C:\Users\Gaser\Desktop\COPRRA\tests\TestCase.php:25</error>
        </testcase>
        <testcase name="test_returns_consistent_health_message_for_unhealthy_systems" file="C:\Users\Gaser\Desktop\COPRRA\tests\Feature\Http\Controllers\Api\DocumentationControllerTest.php" line="357" class="Tests\Feature\Http\Controllers\Api\DocumentationControllerTest" classname="Tests.Feature.Http.Controllers.Api.DocumentationControllerTest" assertions="0" time="0.000000">
          <error type="Error">Tests\Feature\Http\Controllers\Api\DocumentationControllerTest::test_returns_consistent_health_message_for_unhealthy_systems&#13;
Error: Class "Mockery" not found
&#13;
C:\Users\Gaser\Desktop\COPRRA\vendor\laravel\framework\src\Illuminate\Testing\PendingCommand.php:550
C:\Users\Gaser\Desktop\COPRRA\vendor\laravel\framework\src\Illuminate\Testing\PendingCommand.php:448
C:\Users\Gaser\Desktop\COPRRA\vendor\laravel\framework\src\Illuminate\Testing\PendingCommand.php:675
C:\Users\Gaser\Desktop\COPRRA\vendor\laravel\framework\src\Illuminate\Foundation\Testing\Concerns\InteractsWithConsole.php:87
C:\Users\Gaser\Desktop\COPRRA\vendor\laravel\framework\src\Illuminate\Foundation\Testing\RefreshDatabase.php:101
C:\Users\Gaser\Desktop\COPRRA\vendor\laravel\framework\src\Illuminate\Foundation\Testing\RefreshDatabase.php:84
C:\Users\Gaser\Desktop\COPRRA\vendor\laravel\framework\src\Illuminate\Foundation\Testing\RefreshDatabase.php:25
C:\Users\Gaser\Desktop\COPRRA\vendor\laravel\framework\src\Illuminate\Foundation\Testing\Concerns\InteractsWithTestCaseLifecycle.php:209
C:\Users\Gaser\Desktop\COPRRA\vendor\laravel\framework\src\Illuminate\Foundation\Testing\Concerns\InteractsWithTestCaseLifecycle.php:97
C:\Users\Gaser\Desktop\COPRRA\vendor\laravel\framework\src\Illuminate\Foundation\Testing\TestCase.php:44
C:\Users\Gaser\Desktop\COPRRA\tests\TestCase.php:25</error>
        </testcase>
      </testsuite>
      <testsuite name="Tests\Feature\Http\Controllers\Api\PriceSearchControllerTest" file="C:\Users\Gaser\Desktop\COPRRA\tests\Feature\Http\Controllers\Api\PriceSearchControllerTest.php" tests="30" assertions="0" errors="30" failures="0" skipped="0" time="0.000000">
        <testcase name="test_can_get_best_offer_by_product_id" file="C:\Users\Gaser\Desktop\COPRRA\tests\Feature\Http\Controllers\Api\PriceSearchControllerTest.php" line="47" class="Tests\Feature\Http\Controllers\Api\PriceSearchControllerTest" classname="Tests.Feature.Http.Controllers.Api.PriceSearchControllerTest" assertions="0" time="0.000000">
          <error type="Error">Tests\Feature\Http\Controllers\Api\PriceSearchControllerTest::test_can_get_best_offer_by_product_id&#13;
Error: Class "Mockery" not found
&#13;
C:\Users\Gaser\Desktop\COPRRA\vendor\laravel\framework\src\Illuminate\Testing\PendingCommand.php:550
C:\Users\Gaser\Desktop\COPRRA\vendor\laravel\framework\src\Illuminate\Testing\PendingCommand.php:448
C:\Users\Gaser\Desktop\COPRRA\vendor\laravel\framework\src\Illuminate\Testing\PendingCommand.php:675
C:\Users\Gaser\Desktop\COPRRA\vendor\laravel\framework\src\Illuminate\Foundation\Testing\Concerns\InteractsWithConsole.php:87
C:\Users\Gaser\Desktop\COPRRA\vendor\laravel\framework\src\Illuminate\Foundation\Testing\RefreshDatabase.php:101
C:\Users\Gaser\Desktop\COPRRA\vendor\laravel\framework\src\Illuminate\Foundation\Testing\RefreshDatabase.php:84
C:\Users\Gaser\Desktop\COPRRA\vendor\laravel\framework\src\Illuminate\Foundation\Testing\RefreshDatabase.php:25
C:\Users\Gaser\Desktop\COPRRA\vendor\laravel\framework\src\Illuminate\Foundation\Testing\Concerns\InteractsWithTestCaseLifecycle.php:209
C:\Users\Gaser\Desktop\COPRRA\vendor\laravel\framework\src\Illuminate\Foundation\Testing\Concerns\InteractsWithTestCaseLifecycle.php:97
C:\Users\Gaser\Desktop\COPRRA\vendor\laravel\framework\src\Illuminate\Foundation\Testing\TestCase.php:44
C:\Users\Gaser\Desktop\COPRRA\tests\TestCase.php:25
C:\Users\Gaser\Desktop\COPRRA\tests\Feature\Http\Controllers\Api\PriceSearchControllerTest.php:26</error>
        </testcase>
        <testcase name="test_can_get_best_offer_by_product_name" file="C:\Users\Gaser\Desktop\COPRRA\tests\Feature\Http\Controllers\Api\PriceSearchControllerTest.php" line="79" class="Tests\Feature\Http\Controllers\Api\PriceSearchControllerTest" classname="Tests.Feature.Http.Controllers.Api.PriceSearchControllerTest" assertions="0" time="0.000000">
          <error type="Error">Tests\Feature\Http\Controllers\Api\PriceSearchControllerTest::test_can_get_best_offer_by_product_name&#13;
Error: Class "Mockery" not found
&#13;
C:\Users\Gaser\Desktop\COPRRA\vendor\laravel\framework\src\Illuminate\Testing\PendingCommand.php:550
C:\Users\Gaser\Desktop\COPRRA\vendor\laravel\framework\src\Illuminate\Testing\PendingCommand.php:448
C:\Users\Gaser\Desktop\COPRRA\vendor\laravel\framework\src\Illuminate\Testing\PendingCommand.php:675
C:\Users\Gaser\Desktop\COPRRA\vendor\laravel\framework\src\Illuminate\Foundation\Testing\Concerns\InteractsWithConsole.php:87
C:\Users\Gaser\Desktop\COPRRA\vendor\laravel\framework\src\Illuminate\Foundation\Testing\RefreshDatabase.php:101
C:\Users\Gaser\Desktop\COPRRA\vendor\laravel\framework\src\Illuminate\Foundation\Testing\RefreshDatabase.php:84
C:\Users\Gaser\Desktop\COPRRA\vendor\laravel\framework\src\Illuminate\Foundation\Testing\RefreshDatabase.php:25
C:\Users\Gaser\Desktop\COPRRA\vendor\laravel\framework\src\Illuminate\Foundation\Testing\Concerns\InteractsWithTestCaseLifecycle.php:209
C:\Users\Gaser\Desktop\COPRRA\vendor\laravel\framework\src\Illuminate\Foundation\Testing\Concerns\InteractsWithTestCaseLifecycle.php:97
C:\Users\Gaser\Desktop\COPRRA\vendor\laravel\framework\src\Illuminate\Foundation\Testing\TestCase.php:44
C:\Users\Gaser\Desktop\COPRRA\tests\TestCase.php:25
C:\Users\Gaser\Desktop\COPRRA\tests\Feature\Http\Controllers\Api\PriceSearchControllerTest.php:26</error>
        </testcase>
        <testcase name="test_returns_404_for_nonexistent_product_by_id" file="C:\Users\Gaser\Desktop\COPRRA\tests\Feature\Http\Controllers\Api\PriceSearchControllerTest.php" line="101" class="Tests\Feature\Http\Controllers\Api\PriceSearchControllerTest" classname="Tests.Feature.Http.Controllers.Api.PriceSearchControllerTest" assertions="0" time="0.000000">
          <error type="Error">Tests\Feature\Http\Controllers\Api\PriceSearchControllerTest::test_returns_404_for_nonexistent_product_by_id&#13;
Error: Class "Mockery" not found
&#13;
C:\Users\Gaser\Desktop\COPRRA\vendor\laravel\framework\src\Illuminate\Testing\PendingCommand.php:550
C:\Users\Gaser\Desktop\COPRRA\vendor\laravel\framework\src\Illuminate\Testing\PendingCommand.php:448
C:\Users\Gaser\Desktop\COPRRA\vendor\laravel\framework\src\Illuminate\Testing\PendingCommand.php:675
C:\Users\Gaser\Desktop\COPRRA\vendor\laravel\framework\src\Illuminate\Foundation\Testing\Concerns\InteractsWithConsole.php:87
C:\Users\Gaser\Desktop\COPRRA\vendor\laravel\framework\src\Illuminate\Foundation\Testing\RefreshDatabase.php:101
C:\Users\Gaser\Desktop\COPRRA\vendor\laravel\framework\src\Illuminate\Foundation\Testing\RefreshDatabase.php:84
C:\Users\Gaser\Desktop\COPRRA\vendor\laravel\framework\src\Illuminate\Foundation\Testing\RefreshDatabase.php:25
C:\Users\Gaser\Desktop\COPRRA\vendor\laravel\framework\src\Illuminate\Foundation\Testing\Concerns\InteractsWithTestCaseLifecycle.php:209
C:\Users\Gaser\Desktop\COPRRA\vendor\laravel\framework\src\Illuminate\Foundation\Testing\Concerns\InteractsWithTestCaseLifecycle.php:97
C:\Users\Gaser\Desktop\COPRRA\vendor\laravel\framework\src\Illuminate\Foundation\Testing\TestCase.php:44
C:\Users\Gaser\Desktop\COPRRA\tests\TestCase.php:25
C:\Users\Gaser\Desktop\COPRRA\tests\Feature\Http\Controllers\Api\PriceSearchControllerTest.php:26</error>
        </testcase>
        <testcase name="test_returns_404_for_nonexistent_product_by_name" file="C:\Users\Gaser\Desktop\COPRRA\tests\Feature\Http\Controllers\Api\PriceSearchControllerTest.php" line="113" class="Tests\Feature\Http\Controllers\Api\PriceSearchControllerTest" classname="Tests.Feature.Http.Controllers.Api.PriceSearchControllerTest" assertions="0" time="0.000000">
          <error type="Error">Tests\Feature\Http\Controllers\Api\PriceSearchControllerTest::test_returns_404_for_nonexistent_product_by_name&#13;
Error: Class "Mockery" not found
&#13;
C:\Users\Gaser\Desktop\COPRRA\vendor\laravel\framework\src\Illuminate\Testing\PendingCommand.php:550
C:\Users\Gaser\Desktop\COPRRA\vendor\laravel\framework\src\Illuminate\Testing\PendingCommand.php:448
C:\Users\Gaser\Desktop\COPRRA\vendor\laravel\framework\src\Illuminate\Testing\PendingCommand.php:675
C:\Users\Gaser\Desktop\COPRRA\vendor\laravel\framework\src\Illuminate\Foundation\Testing\Concerns\InteractsWithConsole.php:87
C:\Users\Gaser\Desktop\COPRRA\vendor\laravel\framework\src\Illuminate\Foundation\Testing\RefreshDatabase.php:101
C:\Users\Gaser\Desktop\COPRRA\vendor\laravel\framework\src\Illuminate\Foundation\Testing\RefreshDatabase.php:84
C:\Users\Gaser\Desktop\COPRRA\vendor\laravel\framework\src\Illuminate\Foundation\Testing\RefreshDatabase.php:25
C:\Users\Gaser\Desktop\COPRRA\vendor\laravel\framework\src\Illuminate\Foundation\Testing\Concerns\InteractsWithTestCaseLifecycle.php:209
C:\Users\Gaser\Desktop\COPRRA\vendor\laravel\framework\src\Illuminate\Foundation\Testing\Concerns\InteractsWithTestCaseLifecycle.php:97
C:\Users\Gaser\Desktop\COPRRA\vendor\laravel\framework\src\Illuminate\Foundation\Testing\TestCase.php:44
C:\Users\Gaser\Desktop\COPRRA\tests\TestCase.php:25
C:\Users\Gaser\Desktop\COPRRA\tests\Feature\Http\Controllers\Api\PriceSearchControllerTest.php:26</error>
        </testcase>
        <testcase name="test_returns_404_when_no_offers_available" file="C:\Users\Gaser\Desktop\COPRRA\tests\Feature\Http\Controllers\Api\PriceSearchControllerTest.php" line="125" class="Tests\Feature\Http\Controllers\Api\PriceSearchControllerTest" classname="Tests.Feature.Http.Controllers.Api.PriceSearchControllerTest" assertions="0" time="0.000000">
          <error type="Error">Tests\Feature\Http\Controllers\Api\PriceSearchControllerTest::test_returns_404_when_no_offers_available&#13;
Error: Class "Mockery" not found
&#13;
C:\Users\Gaser\Desktop\COPRRA\vendor\laravel\framework\src\Illuminate\Testing\PendingCommand.php:550
C:\Users\Gaser\Desktop\COPRRA\vendor\laravel\framework\src\Illuminate\Testing\PendingCommand.php:448
C:\Users\Gaser\Desktop\COPRRA\vendor\laravel\framework\src\Illuminate\Testing\PendingCommand.php:675
C:\Users\Gaser\Desktop\COPRRA\vendor\laravel\framework\src\Illuminate\Foundation\Testing\Concerns\InteractsWithConsole.php:87
C:\Users\Gaser\Desktop\COPRRA\vendor\laravel\framework\src\Illuminate\Foundation\Testing\RefreshDatabase.php:101
C:\Users\Gaser\Desktop\COPRRA\vendor\laravel\framework\src\Illuminate\Foundation\Testing\RefreshDatabase.php:84
C:\Users\Gaser\Desktop\COPRRA\vendor\laravel\framework\src\Illuminate\Foundation\Testing\RefreshDatabase.php:25
C:\Users\Gaser\Desktop\COPRRA\vendor\laravel\framework\src\Illuminate\Foundation\Testing\Concerns\InteractsWithTestCaseLifecycle.php:209
C:\Users\Gaser\Desktop\COPRRA\vendor\laravel\framework\src\Illuminate\Foundation\Testing\Concerns\InteractsWithTestCaseLifecycle.php:97
C:\Users\Gaser\Desktop\COPRRA\vendor\laravel\framework\src\Illuminate\Foundation\Testing\TestCase.php:44
C:\Users\Gaser\Desktop\COPRRA\tests\TestCase.php:25
C:\Users\Gaser\Desktop\COPRRA\tests\Feature\Http\Controllers\Api\PriceSearchControllerTest.php:26</error>
        </testcase>
        <testcase name="test_returns_all_products_when_no_parameters_provided" file="C:\Users\Gaser\Desktop\COPRRA\tests\Feature\Http\Controllers\Api\PriceSearchControllerTest.php" line="141" class="Tests\Feature\Http\Controllers\Api\PriceSearchControllerTest" classname="Tests.Feature.Http.Controllers.Api.PriceSearchControllerTest" assertions="0" time="0.000000">
          <error type="Error">Tests\Feature\Http\Controllers\Api\PriceSearchControllerTest::test_returns_all_products_when_no_parameters_provided&#13;
Error: Class "Mockery" not found
&#13;
C:\Users\Gaser\Desktop\COPRRA\vendor\laravel\framework\src\Illuminate\Testing\PendingCommand.php:550
C:\Users\Gaser\Desktop\COPRRA\vendor\laravel\framework\src\Illuminate\Testing\PendingCommand.php:448
C:\Users\Gaser\Desktop\COPRRA\vendor\laravel\framework\src\Illuminate\Testing\PendingCommand.php:675
C:\Users\Gaser\Desktop\COPRRA\vendor\laravel\framework\src\Illuminate\Foundation\Testing\Concerns\InteractsWithConsole.php:87
C:\Users\Gaser\Desktop\COPRRA\vendor\laravel\framework\src\Illuminate\Foundation\Testing\RefreshDatabase.php:101
C:\Users\Gaser\Desktop\COPRRA\vendor\laravel\framework\src\Illuminate\Foundation\Testing\RefreshDatabase.php:84
C:\Users\Gaser\Desktop\COPRRA\vendor\laravel\framework\src\Illuminate\Foundation\Testing\RefreshDatabase.php:25
C:\Users\Gaser\Desktop\COPRRA\vendor\laravel\framework\src\Illuminate\Foundation\Testing\Concerns\InteractsWithTestCaseLifecycle.php:209
C:\Users\Gaser\Desktop\COPRRA\vendor\laravel\framework\src\Illuminate\Foundation\Testing\Concerns\InteractsWithTestCaseLifecycle.php:97
C:\Users\Gaser\Desktop\COPRRA\vendor\laravel\framework\src\Illuminate\Foundation\Testing\TestCase.php:44
C:\Users\Gaser\Desktop\COPRRA\tests\TestCase.php:25
C:\Users\Gaser\Desktop\COPRRA\tests\Feature\Http\Controllers\Api\PriceSearchControllerTest.php:26</error>
        </testcase>
        <testcase name="test_returns_404_when_no_products_exist" file="C:\Users\Gaser\Desktop\COPRRA\tests\Feature\Http\Controllers\Api\PriceSearchControllerTest.php" line="159" class="Tests\Feature\Http\Controllers\Api\PriceSearchControllerTest" classname="Tests.Feature.Http.Controllers.Api.PriceSearchControllerTest" assertions="0" time="0.000000">
          <error type="Error">Tests\Feature\Http\Controllers\Api\PriceSearchControllerTest::test_returns_404_when_no_products_exist&#13;
Error: Class "Mockery" not found
&#13;
C:\Users\Gaser\Desktop\COPRRA\vendor\laravel\framework\src\Illuminate\Testing\PendingCommand.php:550
C:\Users\Gaser\Desktop\COPRRA\vendor\laravel\framework\src\Illuminate\Testing\PendingCommand.php:448
C:\Users\Gaser\Desktop\COPRRA\vendor\laravel\framework\src\Illuminate\Testing\PendingCommand.php:675
C:\Users\Gaser\Desktop\COPRRA\vendor\laravel\framework\src\Illuminate\Foundation\Testing\Concerns\InteractsWithConsole.php:87
C:\Users\Gaser\Desktop\COPRRA\vendor\laravel\framework\src\Illuminate\Foundation\Testing\RefreshDatabase.php:101
C:\Users\Gaser\Desktop\COPRRA\vendor\laravel\framework\src\Illuminate\Foundation\Testing\RefreshDatabase.php:84
C:\Users\Gaser\Desktop\COPRRA\vendor\laravel\framework\src\Illuminate\Foundation\Testing\RefreshDatabase.php:25
C:\Users\Gaser\Desktop\COPRRA\vendor\laravel\framework\src\Illuminate\Foundation\Testing\Concerns\InteractsWithTestCaseLifecycle.php:209
C:\Users\Gaser\Desktop\COPRRA\vendor\laravel\framework\src\Illuminate\Foundation\Testing\Concerns\InteractsWithTestCaseLifecycle.php:97
C:\Users\Gaser\Desktop\COPRRA\vendor\laravel\framework\src\Illuminate\Foundation\Testing\TestCase.php:44
C:\Users\Gaser\Desktop\COPRRA\tests\TestCase.php:25
C:\Users\Gaser\Desktop\COPRRA\tests\Feature\Http\Controllers\Api\PriceSearchControllerTest.php:26</error>
        </testcase>
        <testcase name="test_can_get_supported_stores" file="C:\Users\Gaser\Desktop\COPRRA\tests\Feature\Http\Controllers\Api\PriceSearchControllerTest.php" line="172" class="Tests\Feature\Http\Controllers\Api\PriceSearchControllerTest" classname="Tests.Feature.Http.Controllers.Api.PriceSearchControllerTest" assertions="0" time="0.000000">
          <error type="Error">Tests\Feature\Http\Controllers\Api\PriceSearchControllerTest::test_can_get_supported_stores&#13;
Error: Class "Mockery" not found
&#13;
C:\Users\Gaser\Desktop\COPRRA\vendor\laravel\framework\src\Illuminate\Testing\PendingCommand.php:550
C:\Users\Gaser\Desktop\COPRRA\vendor\laravel\framework\src\Illuminate\Testing\PendingCommand.php:448
C:\Users\Gaser\Desktop\COPRRA\vendor\laravel\framework\src\Illuminate\Testing\PendingCommand.php:675
C:\Users\Gaser\Desktop\COPRRA\vendor\laravel\framework\src\Illuminate\Foundation\Testing\Concerns\InteractsWithConsole.php:87
C:\Users\Gaser\Desktop\COPRRA\vendor\laravel\framework\src\Illuminate\Foundation\Testing\RefreshDatabase.php:101
C:\Users\Gaser\Desktop\COPRRA\vendor\laravel\framework\src\Illuminate\Foundation\Testing\RefreshDatabase.php:84
C:\Users\Gaser\Desktop\COPRRA\vendor\laravel\framework\src\Illuminate\Foundation\Testing\RefreshDatabase.php:25
C:\Users\Gaser\Desktop\COPRRA\vendor\laravel\framework\src\Illuminate\Foundation\Testing\Concerns\InteractsWithTestCaseLifecycle.php:209
C:\Users\Gaser\Desktop\COPRRA\vendor\laravel\framework\src\Illuminate\Foundation\Testing\Concerns\InteractsWithTestCaseLifecycle.php:97
C:\Users\Gaser\Desktop\COPRRA\vendor\laravel\framework\src\Illuminate\Foundation\Testing\TestCase.php:44
C:\Users\Gaser\Desktop\COPRRA\tests\TestCase.php:25
C:\Users\Gaser\Desktop\COPRRA\tests\Feature\Http\Controllers\Api\PriceSearchControllerTest.php:26</error>
        </testcase>
        <testcase name="test_can_search_products" file="C:\Users\Gaser\Desktop\COPRRA\tests\Feature\Http\Controllers\Api\PriceSearchControllerTest.php" line="187" class="Tests\Feature\Http\Controllers\Api\PriceSearchControllerTest" classname="Tests.Feature.Http.Controllers.Api.PriceSearchControllerTest" assertions="0" time="0.000000">
          <error type="Error">Tests\Feature\Http\Controllers\Api\PriceSearchControllerTest::test_can_search_products&#13;
Error: Class "Mockery" not found
&#13;
C:\Users\Gaser\Desktop\COPRRA\vendor\laravel\framework\src\Illuminate\Testing\PendingCommand.php:550
C:\Users\Gaser\Desktop\COPRRA\vendor\laravel\framework\src\Illuminate\Testing\PendingCommand.php:448
C:\Users\Gaser\Desktop\COPRRA\vendor\laravel\framework\src\Illuminate\Testing\PendingCommand.php:675
C:\Users\Gaser\Desktop\COPRRA\vendor\laravel\framework\src\Illuminate\Foundation\Testing\Concerns\InteractsWithConsole.php:87
C:\Users\Gaser\Desktop\COPRRA\vendor\laravel\framework\src\Illuminate\Foundation\Testing\RefreshDatabase.php:101
C:\Users\Gaser\Desktop\COPRRA\vendor\laravel\framework\src\Illuminate\Foundation\Testing\RefreshDatabase.php:84
C:\Users\Gaser\Desktop\COPRRA\vendor\laravel\framework\src\Illuminate\Foundation\Testing\RefreshDatabase.php:25
C:\Users\Gaser\Desktop\COPRRA\vendor\laravel\framework\src\Illuminate\Foundation\Testing\Concerns\InteractsWithTestCaseLifecycle.php:209
C:\Users\Gaser\Desktop\COPRRA\vendor\laravel\framework\src\Illuminate\Foundation\Testing\Concerns\InteractsWithTestCaseLifecycle.php:97
C:\Users\Gaser\Desktop\COPRRA\vendor\laravel\framework\src\Illuminate\Foundation\Testing\TestCase.php:44
C:\Users\Gaser\Desktop\COPRRA\tests\TestCase.php:25
C:\Users\Gaser\Desktop\COPRRA\tests\Feature\Http\Controllers\Api\PriceSearchControllerTest.php:26</error>
        </testcase>
        <testcase name="test_can_search_products_with_query_parameter" file="C:\Users\Gaser\Desktop\COPRRA\tests\Feature\Http\Controllers\Api\PriceSearchControllerTest.php" line="205" class="Tests\Feature\Http\Controllers\Api\PriceSearchControllerTest" classname="Tests.Feature.Http.Controllers.Api.PriceSearchControllerTest" assertions="0" time="0.000000">
          <error type="Error">Tests\Feature\Http\Controllers\Api\PriceSearchControllerTest::test_can_search_products_with_query_parameter&#13;
Error: Class "Mockery" not found
&#13;
C:\Users\Gaser\Desktop\COPRRA\vendor\laravel\framework\src\Illuminate\Testing\PendingCommand.php:550
C:\Users\Gaser\Desktop\COPRRA\vendor\laravel\framework\src\Illuminate\Testing\PendingCommand.php:448
C:\Users\Gaser\Desktop\COPRRA\vendor\laravel\framework\src\Illuminate\Testing\PendingCommand.php:675
C:\Users\Gaser\Desktop\COPRRA\vendor\laravel\framework\src\Illuminate\Foundation\Testing\Concerns\InteractsWithConsole.php:87
C:\Users\Gaser\Desktop\COPRRA\vendor\laravel\framework\src\Illuminate\Foundation\Testing\RefreshDatabase.php:101
C:\Users\Gaser\Desktop\COPRRA\vendor\laravel\framework\src\Illuminate\Foundation\Testing\RefreshDatabase.php:84
C:\Users\Gaser\Desktop\COPRRA\vendor\laravel\framework\src\Illuminate\Foundation\Testing\RefreshDatabase.php:25
C:\Users\Gaser\Desktop\COPRRA\vendor\laravel\framework\src\Illuminate\Foundation\Testing\Concerns\InteractsWithTestCaseLifecycle.php:209
C:\Users\Gaser\Desktop\COPRRA\vendor\laravel\framework\src\Illuminate\Foundation\Testing\Concerns\InteractsWithTestCaseLifecycle.php:97
C:\Users\Gaser\Desktop\COPRRA\vendor\laravel\framework\src\Illuminate\Foundation\Testing\TestCase.php:44
C:\Users\Gaser\Desktop\COPRRA\tests\TestCase.php:25
C:\Users\Gaser\Desktop\COPRRA\tests\Feature\Http\Controllers\Api\PriceSearchControllerTest.php:26</error>
        </testcase>
        <testcase name="test_can_search_products_with_name_parameter" file="C:\Users\Gaser\Desktop\COPRRA\tests\Feature\Http\Controllers\Api\PriceSearchControllerTest.php" line="223" class="Tests\Feature\Http\Controllers\Api\PriceSearchControllerTest" classname="Tests.Feature.Http.Controllers.Api.PriceSearchControllerTest" assertions="0" time="0.000000">
          <error type="Error">Tests\Feature\Http\Controllers\Api\PriceSearchControllerTest::test_can_search_products_with_name_parameter&#13;
Error: Class "Mockery" not found
&#13;
C:\Users\Gaser\Desktop\COPRRA\vendor\laravel\framework\src\Illuminate\Testing\PendingCommand.php:550
C:\Users\Gaser\Desktop\COPRRA\vendor\laravel\framework\src\Illuminate\Testing\PendingCommand.php:448
C:\Users\Gaser\Desktop\COPRRA\vendor\laravel\framework\src\Illuminate\Testing\PendingCommand.php:675
C:\Users\Gaser\Desktop\COPRRA\vendor\laravel\framework\src\Illuminate\Foundation\Testing\Concerns\InteractsWithConsole.php:87
C:\Users\Gaser\Desktop\COPRRA\vendor\laravel\framework\src\Illuminate\Foundation\Testing\RefreshDatabase.php:101
C:\Users\Gaser\Desktop\COPRRA\vendor\laravel\framework\src\Illuminate\Foundation\Testing\RefreshDatabase.php:84
C:\Users\Gaser\Desktop\COPRRA\vendor\laravel\framework\src\Illuminate\Foundation\Testing\RefreshDatabase.php:25
C:\Users\Gaser\Desktop\COPRRA\vendor\laravel\framework\src\Illuminate\Foundation\Testing\Concerns\InteractsWithTestCaseLifecycle.php:209
C:\Users\Gaser\Desktop\COPRRA\vendor\laravel\framework\src\Illuminate\Foundation\Testing\Concerns\InteractsWithTestCaseLifecycle.php:97
C:\Users\Gaser\Desktop\COPRRA\vendor\laravel\framework\src\Illuminate\Foundation\Testing\TestCase.php:44
C:\Users\Gaser\Desktop\COPRRA\tests\TestCase.php:25
C:\Users\Gaser\Desktop\COPRRA\tests\Feature\Http\Controllers\Api\PriceSearchControllerTest.php:26</error>
        </testcase>
        <testcase name="test_returns_400_when_search_query_is_empty" file="C:\Users\Gaser\Desktop\COPRRA\tests\Feature\Http\Controllers\Api\PriceSearchControllerTest.php" line="241" class="Tests\Feature\Http\Controllers\Api\PriceSearchControllerTest" classname="Tests.Feature.Http.Controllers.Api.PriceSearchControllerTest" assertions="0" time="0.000000">
          <error type="Error">Tests\Feature\Http\Controllers\Api\PriceSearchControllerTest::test_returns_400_when_search_query_is_empty&#13;
Error: Class "Mockery" not found
&#13;
C:\Users\Gaser\Desktop\COPRRA\vendor\laravel\framework\src\Illuminate\Testing\PendingCommand.php:550
C:\Users\Gaser\Desktop\COPRRA\vendor\laravel\framework\src\Illuminate\Testing\PendingCommand.php:448
C:\Users\Gaser\Desktop\COPRRA\vendor\laravel\framework\src\Illuminate\Testing\PendingCommand.php:675
C:\Users\Gaser\Desktop\COPRRA\vendor\laravel\framework\src\Illuminate\Foundation\Testing\Concerns\InteractsWithConsole.php:87
C:\Users\Gaser\Desktop\COPRRA\vendor\laravel\framework\src\Illuminate\Foundation\Testing\RefreshDatabase.php:101
C:\Users\Gaser\Desktop\COPRRA\vendor\laravel\framework\src\Illuminate\Foundation\Testing\RefreshDatabase.php:84
C:\Users\Gaser\Desktop\COPRRA\vendor\laravel\framework\src\Illuminate\Foundation\Testing\RefreshDatabase.php:25
C:\Users\Gaser\Desktop\COPRRA\vendor\laravel\framework\src\Illuminate\Foundation\Testing\Concerns\InteractsWithTestCaseLifecycle.php:209
C:\Users\Gaser\Desktop\COPRRA\vendor\laravel\framework\src\Illuminate\Foundation\Testing\Concerns\InteractsWithTestCaseLifecycle.php:97
C:\Users\Gaser\Desktop\COPRRA\vendor\laravel\framework\src\Illuminate\Foundation\Testing\TestCase.php:44
C:\Users\Gaser\Desktop\COPRRA\tests\TestCase.php:25
C:\Users\Gaser\Desktop\COPRRA\tests\Feature\Http\Controllers\Api\PriceSearchControllerTest.php:26</error>
        </testcase>
        <testcase name="test_returns_400_when_search_query_is_missing" file="C:\Users\Gaser\Desktop\COPRRA\tests\Feature\Http\Controllers\Api\PriceSearchControllerTest.php" line="253" class="Tests\Feature\Http\Controllers\Api\PriceSearchControllerTest" classname="Tests.Feature.Http.Controllers.Api.PriceSearchControllerTest" assertions="0" time="0.000000">
          <error type="Error">Tests\Feature\Http\Controllers\Api\PriceSearchControllerTest::test_returns_400_when_search_query_is_missing&#13;
Error: Class "Mockery" not found
&#13;
C:\Users\Gaser\Desktop\COPRRA\vendor\laravel\framework\src\Illuminate\Testing\PendingCommand.php:550
C:\Users\Gaser\Desktop\COPRRA\vendor\laravel\framework\src\Illuminate\Testing\PendingCommand.php:448
C:\Users\Gaser\Desktop\COPRRA\vendor\laravel\framework\src\Illuminate\Testing\PendingCommand.php:675
C:\Users\Gaser\Desktop\COPRRA\vendor\laravel\framework\src\Illuminate\Foundation\Testing\Concerns\InteractsWithConsole.php:87
C:\Users\Gaser\Desktop\COPRRA\vendor\laravel\framework\src\Illuminate\Foundation\Testing\RefreshDatabase.php:101
C:\Users\Gaser\Desktop\COPRRA\vendor\laravel\framework\src\Illuminate\Foundation\Testing\RefreshDatabase.php:84
C:\Users\Gaser\Desktop\COPRRA\vendor\laravel\framework\src\Illuminate\Foundation\Testing\RefreshDatabase.php:25
C:\Users\Gaser\Desktop\COPRRA\vendor\laravel\framework\src\Illuminate\Foundation\Testing\Concerns\InteractsWithTestCaseLifecycle.php:209
C:\Users\Gaser\Desktop\COPRRA\vendor\laravel\framework\src\Illuminate\Foundation\Testing\Concerns\InteractsWithTestCaseLifecycle.php:97
C:\Users\Gaser\Desktop\COPRRA\vendor\laravel\framework\src\Illuminate\Foundation\Testing\TestCase.php:44
C:\Users\Gaser\Desktop\COPRRA\tests\TestCase.php:25
C:\Users\Gaser\Desktop\COPRRA\tests\Feature\Http\Controllers\Api\PriceSearchControllerTest.php:26</error>
        </testcase>
        <testcase name="test_handles_search_with_special_characters" file="C:\Users\Gaser\Desktop\COPRRA\tests\Feature\Http\Controllers\Api\PriceSearchControllerTest.php" line="263" class="Tests\Feature\Http\Controllers\Api\PriceSearchControllerTest" classname="Tests.Feature.Http.Controllers.Api.PriceSearchControllerTest" assertions="0" time="0.000000">
          <error type="Error">Tests\Feature\Http\Controllers\Api\PriceSearchControllerTest::test_handles_search_with_special_characters&#13;
Error: Class "Mockery" not found
&#13;
C:\Users\Gaser\Desktop\COPRRA\vendor\laravel\framework\src\Illuminate\Testing\PendingCommand.php:550
C:\Users\Gaser\Desktop\COPRRA\vendor\laravel\framework\src\Illuminate\Testing\PendingCommand.php:448
C:\Users\Gaser\Desktop\COPRRA\vendor\laravel\framework\src\Illuminate\Testing\PendingCommand.php:675
C:\Users\Gaser\Desktop\COPRRA\vendor\laravel\framework\src\Illuminate\Foundation\Testing\Concerns\InteractsWithConsole.php:87
C:\Users\Gaser\Desktop\COPRRA\vendor\laravel\framework\src\Illuminate\Foundation\Testing\RefreshDatabase.php:101
C:\Users\Gaser\Desktop\COPRRA\vendor\laravel\framework\src\Illuminate\Foundation\Testing\RefreshDatabase.php:84
C:\Users\Gaser\Desktop\COPRRA\vendor\laravel\framework\src\Illuminate\Foundation\Testing\RefreshDatabase.php:25
C:\Users\Gaser\Desktop\COPRRA\vendor\laravel\framework\src\Illuminate\Foundation\Testing\Concerns\InteractsWithTestCaseLifecycle.php:209
C:\Users\Gaser\Desktop\COPRRA\vendor\laravel\framework\src\Illuminate\Foundation\Testing\Concerns\InteractsWithTestCaseLifecycle.php:97
C:\Users\Gaser\Desktop\COPRRA\vendor\laravel\framework\src\Illuminate\Foundation\Testing\TestCase.php:44
C:\Users\Gaser\Desktop\COPRRA\tests\TestCase.php:25
C:\Users\Gaser\Desktop\COPRRA\tests\Feature\Http\Controllers\Api\PriceSearchControllerTest.php:26</error>
        </testcase>
        <testcase name="test_handles_search_with_sql_injection_attempt" file="C:\Users\Gaser\Desktop\COPRRA\tests\Feature\Http\Controllers\Api\PriceSearchControllerTest.php" line="279" class="Tests\Feature\Http\Controllers\Api\PriceSearchControllerTest" classname="Tests.Feature.Http.Controllers.Api.PriceSearchControllerTest" assertions="0" time="0.000000">
          <error type="Error">Tests\Feature\Http\Controllers\Api\PriceSearchControllerTest::test_handles_search_with_sql_injection_attempt&#13;
Error: Class "Mockery" not found
&#13;
C:\Users\Gaser\Desktop\COPRRA\vendor\laravel\framework\src\Illuminate\Testing\PendingCommand.php:550
C:\Users\Gaser\Desktop\COPRRA\vendor\laravel\framework\src\Illuminate\Testing\PendingCommand.php:448
C:\Users\Gaser\Desktop\COPRRA\vendor\laravel\framework\src\Illuminate\Testing\PendingCommand.php:675
C:\Users\Gaser\Desktop\COPRRA\vendor\laravel\framework\src\Illuminate\Foundation\Testing\Concerns\InteractsWithConsole.php:87
C:\Users\Gaser\Desktop\COPRRA\vendor\laravel\framework\src\Illuminate\Foundation\Testing\RefreshDatabase.php:101
C:\Users\Gaser\Desktop\COPRRA\vendor\laravel\framework\src\Illuminate\Foundation\Testing\RefreshDatabase.php:84
C:\Users\Gaser\Desktop\COPRRA\vendor\laravel\framework\src\Illuminate\Foundation\Testing\RefreshDatabase.php:25
C:\Users\Gaser\Desktop\COPRRA\vendor\laravel\framework\src\Illuminate\Foundation\Testing\Concerns\InteractsWithTestCaseLifecycle.php:209
C:\Users\Gaser\Desktop\COPRRA\vendor\laravel\framework\src\Illuminate\Foundation\Testing\Concerns\InteractsWithTestCaseLifecycle.php:97
C:\Users\Gaser\Desktop\COPRRA\vendor\laravel\framework\src\Illuminate\Foundation\Testing\TestCase.php:44
C:\Users\Gaser\Desktop\COPRRA\tests\TestCase.php:25
C:\Users\Gaser\Desktop\COPRRA\tests\Feature\Http\Controllers\Api\PriceSearchControllerTest.php:26</error>
        </testcase>
        <testcase name="test_handles_search_with_xss_attempt" file="C:\Users\Gaser\Desktop\COPRRA\tests\Feature\Http\Controllers\Api\PriceSearchControllerTest.php" line="295" class="Tests\Feature\Http\Controllers\Api\PriceSearchControllerTest" classname="Tests.Feature.Http.Controllers.Api.PriceSearchControllerTest" assertions="0" time="0.000000">
          <error type="Error">Tests\Feature\Http\Controllers\Api\PriceSearchControllerTest::test_handles_search_with_xss_attempt&#13;
Error: Class "Mockery" not found
&#13;
C:\Users\Gaser\Desktop\COPRRA\vendor\laravel\framework\src\Illuminate\Testing\PendingCommand.php:550
C:\Users\Gaser\Desktop\COPRRA\vendor\laravel\framework\src\Illuminate\Testing\PendingCommand.php:448
C:\Users\Gaser\Desktop\COPRRA\vendor\laravel\framework\src\Illuminate\Testing\PendingCommand.php:675
C:\Users\Gaser\Desktop\COPRRA\vendor\laravel\framework\src\Illuminate\Foundation\Testing\Concerns\InteractsWithConsole.php:87
C:\Users\Gaser\Desktop\COPRRA\vendor\laravel\framework\src\Illuminate\Foundation\Testing\RefreshDatabase.php:101
C:\Users\Gaser\Desktop\COPRRA\vendor\laravel\framework\src\Illuminate\Foundation\Testing\RefreshDatabase.php:84
C:\Users\Gaser\Desktop\COPRRA\vendor\laravel\framework\src\Illuminate\Foundation\Testing\RefreshDatabase.php:25
C:\Users\Gaser\Desktop\COPRRA\vendor\laravel\framework\src\Illuminate\Foundation\Testing\Concerns\InteractsWithTestCaseLifecycle.php:209
C:\Users\Gaser\Desktop\COPRRA\vendor\laravel\framework\src\Illuminate\Foundation\Testing\Concerns\InteractsWithTestCaseLifecycle.php:97
C:\Users\Gaser\Desktop\COPRRA\vendor\laravel\framework\src\Illuminate\Foundation\Testing\TestCase.php:44
C:\Users\Gaser\Desktop\COPRRA\tests\TestCase.php:25
C:\Users\Gaser\Desktop\COPRRA\tests\Feature\Http\Controllers\Api\PriceSearchControllerTest.php:26</error>
        </testcase>
        <testcase name="test_handles_search_with_very_long_query" file="C:\Users\Gaser\Desktop\COPRRA\tests\Feature\Http\Controllers\Api\PriceSearchControllerTest.php" line="311" class="Tests\Feature\Http\Controllers\Api\PriceSearchControllerTest" classname="Tests.Feature.Http.Controllers.Api.PriceSearchControllerTest" assertions="0" time="0.000000">
          <error type="Error">Tests\Feature\Http\Controllers\Api\PriceSearchControllerTest::test_handles_search_with_very_long_query&#13;
Error: Class "Mockery" not found
&#13;
C:\Users\Gaser\Desktop\COPRRA\vendor\laravel\framework\src\Illuminate\Testing\PendingCommand.php:550
C:\Users\Gaser\Desktop\COPRRA\vendor\laravel\framework\src\Illuminate\Testing\PendingCommand.php:448
C:\Users\Gaser\Desktop\COPRRA\vendor\laravel\framework\src\Illuminate\Testing\PendingCommand.php:675
C:\Users\Gaser\Desktop\COPRRA\vendor\laravel\framework\src\Illuminate\Foundation\Testing\Concerns\InteractsWithConsole.php:87
C:\Users\Gaser\Desktop\COPRRA\vendor\laravel\framework\src\Illuminate\Foundation\Testing\RefreshDatabase.php:101
C:\Users\Gaser\Desktop\COPRRA\vendor\laravel\framework\src\Illuminate\Foundation\Testing\RefreshDatabase.php:84
C:\Users\Gaser\Desktop\COPRRA\vendor\laravel\framework\src\Illuminate\Foundation\Testing\RefreshDatabase.php:25
C:\Users\Gaser\Desktop\COPRRA\vendor\laravel\framework\src\Illuminate\Foundation\Testing\Concerns\InteractsWithTestCaseLifecycle.php:209
C:\Users\Gaser\Desktop\COPRRA\vendor\laravel\framework\src\Illuminate\Foundation\Testing\Concerns\InteractsWithTestCaseLifecycle.php:97
C:\Users\Gaser\Desktop\COPRRA\vendor\laravel\framework\src\Illuminate\Foundation\Testing\TestCase.php:44
C:\Users\Gaser\Desktop\COPRRA\tests\TestCase.php:25
C:\Users\Gaser\Desktop\COPRRA\tests\Feature\Http\Controllers\Api\PriceSearchControllerTest.php:26</error>
        </testcase>
        <testcase name="test_handles_search_with_unicode_characters" file="C:\Users\Gaser\Desktop\COPRRA\tests\Feature\Http\Controllers\Api\PriceSearchControllerTest.php" line="329" class="Tests\Feature\Http\Controllers\Api\PriceSearchControllerTest" classname="Tests.Feature.Http.Controllers.Api.PriceSearchControllerTest" assertions="0" time="0.000000">
          <error type="Error">Tests\Feature\Http\Controllers\Api\PriceSearchControllerTest::test_handles_search_with_unicode_characters&#13;
Error: Class "Mockery" not found
&#13;
C:\Users\Gaser\Desktop\COPRRA\vendor\laravel\framework\src\Illuminate\Testing\PendingCommand.php:550
C:\Users\Gaser\Desktop\COPRRA\vendor\laravel\framework\src\Illuminate\Testing\PendingCommand.php:448
C:\Users\Gaser\Desktop\COPRRA\vendor\laravel\framework\src\Illuminate\Testing\PendingCommand.php:675
C:\Users\Gaser\Desktop\COPRRA\vendor\laravel\framework\src\Illuminate\Foundation\Testing\Concerns\InteractsWithConsole.php:87
C:\Users\Gaser\Desktop\COPRRA\vendor\laravel\framework\src\Illuminate\Foundation\Testing\RefreshDatabase.php:101
C:\Users\Gaser\Desktop\COPRRA\vendor\laravel\framework\src\Illuminate\Foundation\Testing\RefreshDatabase.php:84
C:\Users\Gaser\Desktop\COPRRA\vendor\laravel\framework\src\Illuminate\Foundation\Testing\RefreshDatabase.php:25
C:\Users\Gaser\Desktop\COPRRA\vendor\laravel\framework\src\Illuminate\Foundation\Testing\Concerns\InteractsWithTestCaseLifecycle.php:209
C:\Users\Gaser\Desktop\COPRRA\vendor\laravel\framework\src\Illuminate\Foundation\Testing\Concerns\InteractsWithTestCaseLifecycle.php:97
C:\Users\Gaser\Desktop\COPRRA\vendor\laravel\framework\src\Illuminate\Foundation\Testing\TestCase.php:44
C:\Users\Gaser\Desktop\COPRRA\tests\TestCase.php:25
C:\Users\Gaser\Desktop\COPRRA\tests\Feature\Http\Controllers\Api\PriceSearchControllerTest.php:26</error>
        </testcase>
        <testcase name="test_handles_search_with_multiple_words" file="C:\Users\Gaser\Desktop\COPRRA\tests\Feature\Http\Controllers\Api\PriceSearchControllerTest.php" line="345" class="Tests\Feature\Http\Controllers\Api\PriceSearchControllerTest" classname="Tests.Feature.Http.Controllers.Api.PriceSearchControllerTest" assertions="0" time="0.000000">
          <error type="Error">Tests\Feature\Http\Controllers\Api\PriceSearchControllerTest::test_handles_search_with_multiple_words&#13;
Error: Class "Mockery" not found
&#13;
C:\Users\Gaser\Desktop\COPRRA\vendor\laravel\framework\src\Illuminate\Testing\PendingCommand.php:550
C:\Users\Gaser\Desktop\COPRRA\vendor\laravel\framework\src\Illuminate\Testing\PendingCommand.php:448
C:\Users\Gaser\Desktop\COPRRA\vendor\laravel\framework\src\Illuminate\Testing\PendingCommand.php:675
C:\Users\Gaser\Desktop\COPRRA\vendor\laravel\framework\src\Illuminate\Foundation\Testing\Concerns\InteractsWithConsole.php:87
C:\Users\Gaser\Desktop\COPRRA\vendor\laravel\framework\src\Illuminate\Foundation\Testing\RefreshDatabase.php:101
C:\Users\Gaser\Desktop\COPRRA\vendor\laravel\framework\src\Illuminate\Foundation\Testing\RefreshDatabase.php:84
C:\Users\Gaser\Desktop\COPRRA\vendor\laravel\framework\src\Illuminate\Foundation\Testing\RefreshDatabase.php:25
C:\Users\Gaser\Desktop\COPRRA\vendor\laravel\framework\src\Illuminate\Foundation\Testing\Concerns\InteractsWithTestCaseLifecycle.php:209
C:\Users\Gaser\Desktop\COPRRA\vendor\laravel\framework\src\Illuminate\Foundation\Testing\Concerns\InteractsWithTestCaseLifecycle.php:97
C:\Users\Gaser\Desktop\COPRRA\vendor\laravel\framework\src\Illuminate\Foundation\Testing\TestCase.php:44
C:\Users\Gaser\Desktop\COPRRA\tests\TestCase.php:25
C:\Users\Gaser\Desktop\COPRRA\tests\Feature\Http\Controllers\Api\PriceSearchControllerTest.php:26</error>
        </testcase>
        <testcase name="test_handles_search_with_numbers" file="C:\Users\Gaser\Desktop\COPRRA\tests\Feature\Http\Controllers\Api\PriceSearchControllerTest.php" line="361" class="Tests\Feature\Http\Controllers\Api\PriceSearchControllerTest" classname="Tests.Feature.Http.Controllers.Api.PriceSearchControllerTest" assertions="0" time="0.000000">
          <error type="Error">Tests\Feature\Http\Controllers\Api\PriceSearchControllerTest::test_handles_search_with_numbers&#13;
Error: Class "Mockery" not found
&#13;
C:\Users\Gaser\Desktop\COPRRA\vendor\laravel\framework\src\Illuminate\Testing\PendingCommand.php:550
C:\Users\Gaser\Desktop\COPRRA\vendor\laravel\framework\src\Illuminate\Testing\PendingCommand.php:448
C:\Users\Gaser\Desktop\COPRRA\vendor\laravel\framework\src\Illuminate\Testing\PendingCommand.php:675
C:\Users\Gaser\Desktop\COPRRA\vendor\laravel\framework\src\Illuminate\Foundation\Testing\Concerns\InteractsWithConsole.php:87
C:\Users\Gaser\Desktop\COPRRA\vendor\laravel\framework\src\Illuminate\Foundation\Testing\RefreshDatabase.php:101
C:\Users\Gaser\Desktop\COPRRA\vendor\laravel\framework\src\Illuminate\Foundation\Testing\RefreshDatabase.php:84
C:\Users\Gaser\Desktop\COPRRA\vendor\laravel\framework\src\Illuminate\Foundation\Testing\RefreshDatabase.php:25
C:\Users\Gaser\Desktop\COPRRA\vendor\laravel\framework\src\Illuminate\Foundation\Testing\Concerns\InteractsWithTestCaseLifecycle.php:209
C:\Users\Gaser\Desktop\COPRRA\vendor\laravel\framework\src\Illuminate\Foundation\Testing\Concerns\InteractsWithTestCaseLifecycle.php:97
C:\Users\Gaser\Desktop\COPRRA\vendor\laravel\framework\src\Illuminate\Foundation\Testing\TestCase.php:44
C:\Users\Gaser\Desktop\COPRRA\tests\TestCase.php:25
C:\Users\Gaser\Desktop\COPRRA\tests\Feature\Http\Controllers\Api\PriceSearchControllerTest.php:26</error>
        </testcase>
        <testcase name="test_handles_search_with_mixed_content" file="C:\Users\Gaser\Desktop\COPRRA\tests\Feature\Http\Controllers\Api\PriceSearchControllerTest.php" line="377" class="Tests\Feature\Http\Controllers\Api\PriceSearchControllerTest" classname="Tests.Feature.Http.Controllers.Api.PriceSearchControllerTest" assertions="0" time="0.000000">
          <error type="Error">Tests\Feature\Http\Controllers\Api\PriceSearchControllerTest::test_handles_search_with_mixed_content&#13;
Error: Class "Mockery" not found
&#13;
C:\Users\Gaser\Desktop\COPRRA\vendor\laravel\framework\src\Illuminate\Testing\PendingCommand.php:550
C:\Users\Gaser\Desktop\COPRRA\vendor\laravel\framework\src\Illuminate\Testing\PendingCommand.php:448
C:\Users\Gaser\Desktop\COPRRA\vendor\laravel\framework\src\Illuminate\Testing\PendingCommand.php:675
C:\Users\Gaser\Desktop\COPRRA\vendor\laravel\framework\src\Illuminate\Foundation\Testing\Concerns\InteractsWithConsole.php:87
C:\Users\Gaser\Desktop\COPRRA\vendor\laravel\framework\src\Illuminate\Foundation\Testing\RefreshDatabase.php:101
C:\Users\Gaser\Desktop\COPRRA\vendor\laravel\framework\src\Illuminate\Foundation\Testing\RefreshDatabase.php:84
C:\Users\Gaser\Desktop\COPRRA\vendor\laravel\framework\src\Illuminate\Foundation\Testing\RefreshDatabase.php:25
C:\Users\Gaser\Desktop\COPRRA\vendor\laravel\framework\src\Illuminate\Foundation\Testing\Concerns\InteractsWithTestCaseLifecycle.php:209
C:\Users\Gaser\Desktop\COPRRA\vendor\laravel\framework\src\Illuminate\Foundation\Testing\Concerns\InteractsWithTestCaseLifecycle.php:97
C:\Users\Gaser\Desktop\COPRRA\vendor\laravel\framework\src\Illuminate\Foundation\Testing\TestCase.php:44
C:\Users\Gaser\Desktop\COPRRA\tests\TestCase.php:25
C:\Users\Gaser\Desktop\COPRRA\tests\Feature\Http\Controllers\Api\PriceSearchControllerTest.php:26</error>
        </testcase>
        <testcase name="test_handles_search_with_empty_results" file="C:\Users\Gaser\Desktop\COPRRA\tests\Feature\Http\Controllers\Api\PriceSearchControllerTest.php" line="393" class="Tests\Feature\Http\Controllers\Api\PriceSearchControllerTest" classname="Tests.Feature.Http.Controllers.Api.PriceSearchControllerTest" assertions="0" time="0.000000">
          <error type="Error">Tests\Feature\Http\Controllers\Api\PriceSearchControllerTest::test_handles_search_with_empty_results&#13;
Error: Class "Mockery" not found
&#13;
C:\Users\Gaser\Desktop\COPRRA\vendor\laravel\framework\src\Illuminate\Testing\PendingCommand.php:550
C:\Users\Gaser\Desktop\COPRRA\vendor\laravel\framework\src\Illuminate\Testing\PendingCommand.php:448
C:\Users\Gaser\Desktop\COPRRA\vendor\laravel\framework\src\Illuminate\Testing\PendingCommand.php:675
C:\Users\Gaser\Desktop\COPRRA\vendor\laravel\framework\src\Illuminate\Foundation\Testing\Concerns\InteractsWithConsole.php:87
C:\Users\Gaser\Desktop\COPRRA\vendor\laravel\framework\src\Illuminate\Foundation\Testing\RefreshDatabase.php:101
C:\Users\Gaser\Desktop\COPRRA\vendor\laravel\framework\src\Illuminate\Foundation\Testing\RefreshDatabase.php:84
C:\Users\Gaser\Desktop\COPRRA\vendor\laravel\framework\src\Illuminate\Foundation\Testing\RefreshDatabase.php:25
C:\Users\Gaser\Desktop\COPRRA\vendor\laravel\framework\src\Illuminate\Foundation\Testing\Concerns\InteractsWithTestCaseLifecycle.php:209
C:\Users\Gaser\Desktop\COPRRA\vendor\laravel\framework\src\Illuminate\Foundation\Testing\Concerns\InteractsWithTestCaseLifecycle.php:97
C:\Users\Gaser\Desktop\COPRRA\vendor\laravel\framework\src\Illuminate\Foundation\Testing\TestCase.php:44
C:\Users\Gaser\Desktop\COPRRA\tests\TestCase.php:25
C:\Users\Gaser\Desktop\COPRRA\tests\Feature\Http\Controllers\Api\PriceSearchControllerTest.php:26</error>
        </testcase>
        <testcase name="test_handles_search_with_whitespace_only" file="C:\Users\Gaser\Desktop\COPRRA\tests\Feature\Http\Controllers\Api\PriceSearchControllerTest.php" line="413" class="Tests\Feature\Http\Controllers\Api\PriceSearchControllerTest" classname="Tests.Feature.Http.Controllers.Api.PriceSearchControllerTest" assertions="0" time="0.000000">
          <error type="Error">Tests\Feature\Http\Controllers\Api\PriceSearchControllerTest::test_handles_search_with_whitespace_only&#13;
Error: Class "Mockery" not found
&#13;
C:\Users\Gaser\Desktop\COPRRA\vendor\laravel\framework\src\Illuminate\Testing\PendingCommand.php:550
C:\Users\Gaser\Desktop\COPRRA\vendor\laravel\framework\src\Illuminate\Testing\PendingCommand.php:448
C:\Users\Gaser\Desktop\COPRRA\vendor\laravel\framework\src\Illuminate\Testing\PendingCommand.php:675
C:\Users\Gaser\Desktop\COPRRA\vendor\laravel\framework\src\Illuminate\Foundation\Testing\Concerns\InteractsWithConsole.php:87
C:\Users\Gaser\Desktop\COPRRA\vendor\laravel\framework\src\Illuminate\Foundation\Testing\RefreshDatabase.php:101
C:\Users\Gaser\Desktop\COPRRA\vendor\laravel\framework\src\Illuminate\Foundation\Testing\RefreshDatabase.php:84
C:\Users\Gaser\Desktop\COPRRA\vendor\laravel\framework\src\Illuminate\Foundation\Testing\RefreshDatabase.php:25
C:\Users\Gaser\Desktop\COPRRA\vendor\laravel\framework\src\Illuminate\Foundation\Testing\Concerns\InteractsWithTestCaseLifecycle.php:209
C:\Users\Gaser\Desktop\COPRRA\vendor\laravel\framework\src\Illuminate\Foundation\Testing\Concerns\InteractsWithTestCaseLifecycle.php:97
C:\Users\Gaser\Desktop\COPRRA\vendor\laravel\framework\src\Illuminate\Foundation\Testing\TestCase.php:44
C:\Users\Gaser\Desktop\COPRRA\tests\TestCase.php:25
C:\Users\Gaser\Desktop\COPRRA\tests\Feature\Http\Controllers\Api\PriceSearchControllerTest.php:26</error>
        </testcase>
        <testcase name="test_handles_search_with_tabs_and_newlines" file="C:\Users\Gaser\Desktop\COPRRA\tests\Feature\Http\Controllers\Api\PriceSearchControllerTest.php" line="425" class="Tests\Feature\Http\Controllers\Api\PriceSearchControllerTest" classname="Tests.Feature.Http.Controllers.Api.PriceSearchControllerTest" assertions="0" time="0.000000">
          <error type="Error">Tests\Feature\Http\Controllers\Api\PriceSearchControllerTest::test_handles_search_with_tabs_and_newlines&#13;
Error: Class "Mockery" not found
&#13;
C:\Users\Gaser\Desktop\COPRRA\vendor\laravel\framework\src\Illuminate\Testing\PendingCommand.php:550
C:\Users\Gaser\Desktop\COPRRA\vendor\laravel\framework\src\Illuminate\Testing\PendingCommand.php:448
C:\Users\Gaser\Desktop\COPRRA\vendor\laravel\framework\src\Illuminate\Testing\PendingCommand.php:675
C:\Users\Gaser\Desktop\COPRRA\vendor\laravel\framework\src\Illuminate\Foundation\Testing\Concerns\InteractsWithConsole.php:87
C:\Users\Gaser\Desktop\COPRRA\vendor\laravel\framework\src\Illuminate\Foundation\Testing\RefreshDatabase.php:101
C:\Users\Gaser\Desktop\COPRRA\vendor\laravel\framework\src\Illuminate\Foundation\Testing\RefreshDatabase.php:84
C:\Users\Gaser\Desktop\COPRRA\vendor\laravel\framework\src\Illuminate\Foundation\Testing\RefreshDatabase.php:25
C:\Users\Gaser\Desktop\COPRRA\vendor\laravel\framework\src\Illuminate\Foundation\Testing\Concerns\InteractsWithTestCaseLifecycle.php:209
C:\Users\Gaser\Desktop\COPRRA\vendor\laravel\framework\src\Illuminate\Foundation\Testing\Concerns\InteractsWithTestCaseLifecycle.php:97
C:\Users\Gaser\Desktop\COPRRA\vendor\laravel\framework\src\Illuminate\Foundation\Testing\TestCase.php:44
C:\Users\Gaser\Desktop\COPRRA\tests\TestCase.php:25
C:\Users\Gaser\Desktop\COPRRA\tests\Feature\Http\Controllers\Api\PriceSearchControllerTest.php:26</error>
        </testcase>
        <testcase name="test_handles_search_with_null_parameter" file="C:\Users\Gaser\Desktop\COPRRA\tests\Feature\Http\Controllers\Api\PriceSearchControllerTest.php" line="437" class="Tests\Feature\Http\Controllers\Api\PriceSearchControllerTest" classname="Tests.Feature.Http.Controllers.Api.PriceSearchControllerTest" assertions="0" time="0.000000">
          <error type="Error">Tests\Feature\Http\Controllers\Api\PriceSearchControllerTest::test_handles_search_with_null_parameter&#13;
Error: Class "Mockery" not found
&#13;
C:\Users\Gaser\Desktop\COPRRA\vendor\laravel\framework\src\Illuminate\Testing\PendingCommand.php:550
C:\Users\Gaser\Desktop\COPRRA\vendor\laravel\framework\src\Illuminate\Testing\PendingCommand.php:448
C:\Users\Gaser\Desktop\COPRRA\vendor\laravel\framework\src\Illuminate\Testing\PendingCommand.php:675
C:\Users\Gaser\Desktop\COPRRA\vendor\laravel\framework\src\Illuminate\Foundation\Testing\Concerns\InteractsWithConsole.php:87
C:\Users\Gaser\Desktop\COPRRA\vendor\laravel\framework\src\Illuminate\Foundation\Testing\RefreshDatabase.php:101
C:\Users\Gaser\Desktop\COPRRA\vendor\laravel\framework\src\Illuminate\Foundation\Testing\RefreshDatabase.php:84
C:\Users\Gaser\Desktop\COPRRA\vendor\laravel\framework\src\Illuminate\Foundation\Testing\RefreshDatabase.php:25
C:\Users\Gaser\Desktop\COPRRA\vendor\laravel\framework\src\Illuminate\Foundation\Testing\Concerns\InteractsWithTestCaseLifecycle.php:209
C:\Users\Gaser\Desktop\COPRRA\vendor\laravel\framework\src\Illuminate\Foundation\Testing\Concerns\InteractsWithTestCaseLifecycle.php:97
C:\Users\Gaser\Desktop\COPRRA\vendor\laravel\framework\src\Illuminate\Foundation\Testing\TestCase.php:44
C:\Users\Gaser\Desktop\COPRRA\tests\TestCase.php:25
C:\Users\Gaser\Desktop\COPRRA\tests\Feature\Http\Controllers\Api\PriceSearchControllerTest.php:26</error>
        </testcase>
        <testcase name="test_handles_search_with_array_parameter" file="C:\Users\Gaser\Desktop\COPRRA\tests\Feature\Http\Controllers\Api\PriceSearchControllerTest.php" line="449" class="Tests\Feature\Http\Controllers\Api\PriceSearchControllerTest" classname="Tests.Feature.Http.Controllers.Api.PriceSearchControllerTest" assertions="0" time="0.000000">
          <error type="Error">Tests\Feature\Http\Controllers\Api\PriceSearchControllerTest::test_handles_search_with_array_parameter&#13;
Error: Class "Mockery" not found
&#13;
C:\Users\Gaser\Desktop\COPRRA\vendor\laravel\framework\src\Illuminate\Testing\PendingCommand.php:550
C:\Users\Gaser\Desktop\COPRRA\vendor\laravel\framework\src\Illuminate\Testing\PendingCommand.php:448
C:\Users\Gaser\Desktop\COPRRA\vendor\laravel\framework\src\Illuminate\Testing\PendingCommand.php:675
C:\Users\Gaser\Desktop\COPRRA\vendor\laravel\framework\src\Illuminate\Foundation\Testing\Concerns\InteractsWithConsole.php:87
C:\Users\Gaser\Desktop\COPRRA\vendor\laravel\framework\src\Illuminate\Foundation\Testing\RefreshDatabase.php:101
C:\Users\Gaser\Desktop\COPRRA\vendor\laravel\framework\src\Illuminate\Foundation\Testing\RefreshDatabase.php:84
C:\Users\Gaser\Desktop\COPRRA\vendor\laravel\framework\src\Illuminate\Foundation\Testing\RefreshDatabase.php:25
C:\Users\Gaser\Desktop\COPRRA\vendor\laravel\framework\src\Illuminate\Foundation\Testing\Concerns\InteractsWithTestCaseLifecycle.php:209
C:\Users\Gaser\Desktop\COPRRA\vendor\laravel\framework\src\Illuminate\Foundation\Testing\Concerns\InteractsWithTestCaseLifecycle.php:97
C:\Users\Gaser\Desktop\COPRRA\vendor\laravel\framework\src\Illuminate\Foundation\Testing\TestCase.php:44
C:\Users\Gaser\Desktop\COPRRA\tests\TestCase.php:25
C:\Users\Gaser\Desktop\COPRRA\tests\Feature\Http\Controllers\Api\PriceSearchControllerTest.php:26</error>
        </testcase>
        <testcase name="test_handles_search_with_object_parameter" file="C:\Users\Gaser\Desktop\COPRRA\tests\Feature\Http\Controllers\Api\PriceSearchControllerTest.php" line="461" class="Tests\Feature\Http\Controllers\Api\PriceSearchControllerTest" classname="Tests.Feature.Http.Controllers.Api.PriceSearchControllerTest" assertions="0" time="0.000000">
          <error type="Error">Tests\Feature\Http\Controllers\Api\PriceSearchControllerTest::test_handles_search_with_object_parameter&#13;
Error: Class "Mockery" not found
&#13;
C:\Users\Gaser\Desktop\COPRRA\vendor\laravel\framework\src\Illuminate\Testing\PendingCommand.php:550
C:\Users\Gaser\Desktop\COPRRA\vendor\laravel\framework\src\Illuminate\Testing\PendingCommand.php:448
C:\Users\Gaser\Desktop\COPRRA\vendor\laravel\framework\src\Illuminate\Testing\PendingCommand.php:675
C:\Users\Gaser\Desktop\COPRRA\vendor\laravel\framework\src\Illuminate\Foundation\Testing\Concerns\InteractsWithConsole.php:87
C:\Users\Gaser\Desktop\COPRRA\vendor\laravel\framework\src\Illuminate\Foundation\Testing\RefreshDatabase.php:101
C:\Users\Gaser\Desktop\COPRRA\vendor\laravel\framework\src\Illuminate\Foundation\Testing\RefreshDatabase.php:84
C:\Users\Gaser\Desktop\COPRRA\vendor\laravel\framework\src\Illuminate\Foundation\Testing\RefreshDatabase.php:25
C:\Users\Gaser\Desktop\COPRRA\vendor\laravel\framework\src\Illuminate\Foundation\Testing\Concerns\InteractsWithTestCaseLifecycle.php:209
C:\Users\Gaser\Desktop\COPRRA\vendor\laravel\framework\src\Illuminate\Foundation\Testing\Concerns\InteractsWithTestCaseLifecycle.php:97
C:\Users\Gaser\Desktop\COPRRA\vendor\laravel\framework\src\Illuminate\Foundation\Testing\TestCase.php:44
C:\Users\Gaser\Desktop\COPRRA\tests\TestCase.php:25
C:\Users\Gaser\Desktop\COPRRA\tests\Feature\Http\Controllers\Api\PriceSearchControllerTest.php:26</error>
        </testcase>
        <testcase name="test_handles_search_with_boolean_parameter" file="C:\Users\Gaser\Desktop\COPRRA\tests\Feature\Http\Controllers\Api\PriceSearchControllerTest.php" line="473" class="Tests\Feature\Http\Controllers\Api\PriceSearchControllerTest" classname="Tests.Feature.Http.Controllers.Api.PriceSearchControllerTest" assertions="0" time="0.000000">
          <error type="Error">Tests\Feature\Http\Controllers\Api\PriceSearchControllerTest::test_handles_search_with_boolean_parameter&#13;
Error: Class "Mockery" not found
&#13;
C:\Users\Gaser\Desktop\COPRRA\vendor\laravel\framework\src\Illuminate\Testing\PendingCommand.php:550
C:\Users\Gaser\Desktop\COPRRA\vendor\laravel\framework\src\Illuminate\Testing\PendingCommand.php:448
C:\Users\Gaser\Desktop\COPRRA\vendor\laravel\framework\src\Illuminate\Testing\PendingCommand.php:675
C:\Users\Gaser\Desktop\COPRRA\vendor\laravel\framework\src\Illuminate\Foundation\Testing\Concerns\InteractsWithConsole.php:87
C:\Users\Gaser\Desktop\COPRRA\vendor\laravel\framework\src\Illuminate\Foundation\Testing\RefreshDatabase.php:101
C:\Users\Gaser\Desktop\COPRRA\vendor\laravel\framework\src\Illuminate\Foundation\Testing\RefreshDatabase.php:84
C:\Users\Gaser\Desktop\COPRRA\vendor\laravel\framework\src\Illuminate\Foundation\Testing\RefreshDatabase.php:25
C:\Users\Gaser\Desktop\COPRRA\vendor\laravel\framework\src\Illuminate\Foundation\Testing\Concerns\InteractsWithTestCaseLifecycle.php:209
C:\Users\Gaser\Desktop\COPRRA\vendor\laravel\framework\src\Illuminate\Foundation\Testing\Concerns\InteractsWithTestCaseLifecycle.php:97
C:\Users\Gaser\Desktop\COPRRA\vendor\laravel\framework\src\Illuminate\Foundation\Testing\TestCase.php:44
C:\Users\Gaser\Desktop\COPRRA\tests\TestCase.php:25
C:\Users\Gaser\Desktop\COPRRA\tests\Feature\Http\Controllers\Api\PriceSearchControllerTest.php:26</error>
        </testcase>
        <testcase name="test_handles_search_with_numeric_parameter" file="C:\Users\Gaser\Desktop\COPRRA\tests\Feature\Http\Controllers\Api\PriceSearchControllerTest.php" line="485" class="Tests\Feature\Http\Controllers\Api\PriceSearchControllerTest" classname="Tests.Feature.Http.Controllers.Api.PriceSearchControllerTest" assertions="0" time="0.000000">
          <error type="Error">Tests\Feature\Http\Controllers\Api\PriceSearchControllerTest::test_handles_search_with_numeric_parameter&#13;
Error: Class "Mockery" not found
&#13;
C:\Users\Gaser\Desktop\COPRRA\vendor\laravel\framework\src\Illuminate\Testing\PendingCommand.php:550
C:\Users\Gaser\Desktop\COPRRA\vendor\laravel\framework\src\Illuminate\Testing\PendingCommand.php:448
C:\Users\Gaser\Desktop\COPRRA\vendor\laravel\framework\src\Illuminate\Testing\PendingCommand.php:675
C:\Users\Gaser\Desktop\COPRRA\vendor\laravel\framework\src\Illuminate\Foundation\Testing\Concerns\InteractsWithConsole.php:87
C:\Users\Gaser\Desktop\COPRRA\vendor\laravel\framework\src\Illuminate\Foundation\Testing\RefreshDatabase.php:101
C:\Users\Gaser\Desktop\COPRRA\vendor\laravel\framework\src\Illuminate\Foundation\Testing\RefreshDatabase.php:84
C:\Users\Gaser\Desktop\COPRRA\vendor\laravel\framework\src\Illuminate\Foundation\Testing\RefreshDatabase.php:25
C:\Users\Gaser\Desktop\COPRRA\vendor\laravel\framework\src\Illuminate\Foundation\Testing\Concerns\InteractsWithTestCaseLifecycle.php:209
C:\Users\Gaser\Desktop\COPRRA\vendor\laravel\framework\src\Illuminate\Foundation\Testing\Concerns\InteractsWithTestCaseLifecycle.php:97
C:\Users\Gaser\Desktop\COPRRA\vendor\laravel\framework\src\Illuminate\Foundation\Testing\TestCase.php:44
C:\Users\Gaser\Desktop\COPRRA\tests\TestCase.php:25
C:\Users\Gaser\Desktop\COPRRA\tests\Feature\Http\Controllers\Api\PriceSearchControllerTest.php:26</error>
        </testcase>
        <testcase name="test_handles_search_with_float_parameter" file="C:\Users\Gaser\Desktop\COPRRA\tests\Feature\Http\Controllers\Api\PriceSearchControllerTest.php" line="501" class="Tests\Feature\Http\Controllers\Api\PriceSearchControllerTest" classname="Tests.Feature.Http.Controllers.Api.PriceSearchControllerTest" assertions="0" time="0.000000">
          <error type="Error">Tests\Feature\Http\Controllers\Api\PriceSearchControllerTest::test_handles_search_with_float_parameter&#13;
Error: Class "Mockery" not found
&#13;
C:\Users\Gaser\Desktop\COPRRA\vendor\laravel\framework\src\Illuminate\Testing\PendingCommand.php:550
C:\Users\Gaser\Desktop\COPRRA\vendor\laravel\framework\src\Illuminate\Testing\PendingCommand.php:448
C:\Users\Gaser\Desktop\COPRRA\vendor\laravel\framework\src\Illuminate\Testing\PendingCommand.php:675
C:\Users\Gaser\Desktop\COPRRA\vendor\laravel\framework\src\Illuminate\Foundation\Testing\Concerns\InteractsWithConsole.php:87
C:\Users\Gaser\Desktop\COPRRA\vendor\laravel\framework\src\Illuminate\Foundation\Testing\RefreshDatabase.php:101
C:\Users\Gaser\Desktop\COPRRA\vendor\laravel\framework\src\Illuminate\Foundation\Testing\RefreshDatabase.php:84
C:\Users\Gaser\Desktop\COPRRA\vendor\laravel\framework\src\Illuminate\Foundation\Testing\RefreshDatabase.php:25
C:\Users\Gaser\Desktop\COPRRA\vendor\laravel\framework\src\Illuminate\Foundation\Testing\Concerns\InteractsWithTestCaseLifecycle.php:209
C:\Users\Gaser\Desktop\COPRRA\vendor\laravel\framework\src\Illuminate\Foundation\Testing\Concerns\InteractsWithTestCaseLifecycle.php:97
C:\Users\Gaser\Desktop\COPRRA\vendor\laravel\framework\src\Illuminate\Foundation\Testing\TestCase.php:44
C:\Users\Gaser\Desktop\COPRRA\tests\TestCase.php:25
C:\Users\Gaser\Desktop\COPRRA\tests\Feature\Http\Controllers\Api\PriceSearchControllerTest.php:26</error>
        </testcase>
      </testsuite>
      <testsuite name="Tests\Feature\Http\Controllers\Api\ProductControllerTest" file="C:\Users\Gaser\Desktop\COPRRA\tests\Feature\Http\Controllers\Api\ProductControllerTest.php" tests="9" assertions="0" errors="9" failures="0" skipped="0" time="0.000000">
        <testcase name="test_can_list_products" file="C:\Users\Gaser\Desktop\COPRRA\tests\Feature\Http\Controllers\Api\ProductControllerTest.php" line="30" class="Tests\Feature\Http\Controllers\Api\ProductControllerTest" classname="Tests.Feature.Http.Controllers.Api.ProductControllerTest" assertions="0" time="0.000000">
          <error type="Error">Tests\Feature\Http\Controllers\Api\ProductControllerTest::test_can_list_products&#13;
Error: Class "Mockery" not found
&#13;
C:\Users\Gaser\Desktop\COPRRA\vendor\laravel\framework\src\Illuminate\Testing\PendingCommand.php:550
C:\Users\Gaser\Desktop\COPRRA\vendor\laravel\framework\src\Illuminate\Testing\PendingCommand.php:448
C:\Users\Gaser\Desktop\COPRRA\vendor\laravel\framework\src\Illuminate\Testing\PendingCommand.php:675
C:\Users\Gaser\Desktop\COPRRA\vendor\laravel\framework\src\Illuminate\Foundation\Testing\Concerns\InteractsWithConsole.php:87
C:\Users\Gaser\Desktop\COPRRA\vendor\laravel\framework\src\Illuminate\Foundation\Testing\RefreshDatabase.php:101
C:\Users\Gaser\Desktop\COPRRA\vendor\laravel\framework\src\Illuminate\Foundation\Testing\RefreshDatabase.php:84
C:\Users\Gaser\Desktop\COPRRA\vendor\laravel\framework\src\Illuminate\Foundation\Testing\RefreshDatabase.php:25
C:\Users\Gaser\Desktop\COPRRA\vendor\laravel\framework\src\Illuminate\Foundation\Testing\Concerns\InteractsWithTestCaseLifecycle.php:209
C:\Users\Gaser\Desktop\COPRRA\vendor\laravel\framework\src\Illuminate\Foundation\Testing\Concerns\InteractsWithTestCaseLifecycle.php:97
C:\Users\Gaser\Desktop\COPRRA\vendor\laravel\framework\src\Illuminate\Foundation\Testing\TestCase.php:44
C:\Users\Gaser\Desktop\COPRRA\tests\TestCase.php:25
C:\Users\Gaser\Desktop\COPRRA\tests\Feature\Http\Controllers\Api\ProductControllerTest.php:20</error>
        </testcase>
        <testcase name="test_can_show_specific_product" file="C:\Users\Gaser\Desktop\COPRRA\tests\Feature\Http\Controllers\Api\ProductControllerTest.php" line="62" class="Tests\Feature\Http\Controllers\Api\ProductControllerTest" classname="Tests.Feature.Http.Controllers.Api.ProductControllerTest" assertions="0" time="0.000000">
          <error type="Error">Tests\Feature\Http\Controllers\Api\ProductControllerTest::test_can_show_specific_product&#13;
Error: Class "Mockery" not found
&#13;
C:\Users\Gaser\Desktop\COPRRA\vendor\laravel\framework\src\Illuminate\Testing\PendingCommand.php:550
C:\Users\Gaser\Desktop\COPRRA\vendor\laravel\framework\src\Illuminate\Testing\PendingCommand.php:448
C:\Users\Gaser\Desktop\COPRRA\vendor\laravel\framework\src\Illuminate\Testing\PendingCommand.php:675
C:\Users\Gaser\Desktop\COPRRA\vendor\laravel\framework\src\Illuminate\Foundation\Testing\Concerns\InteractsWithConsole.php:87
C:\Users\Gaser\Desktop\COPRRA\vendor\laravel\framework\src\Illuminate\Foundation\Testing\RefreshDatabase.php:101
C:\Users\Gaser\Desktop\COPRRA\vendor\laravel\framework\src\Illuminate\Foundation\Testing\RefreshDatabase.php:84
C:\Users\Gaser\Desktop\COPRRA\vendor\laravel\framework\src\Illuminate\Foundation\Testing\RefreshDatabase.php:25
C:\Users\Gaser\Desktop\COPRRA\vendor\laravel\framework\src\Illuminate\Foundation\Testing\Concerns\InteractsWithTestCaseLifecycle.php:209
C:\Users\Gaser\Desktop\COPRRA\vendor\laravel\framework\src\Illuminate\Foundation\Testing\Concerns\InteractsWithTestCaseLifecycle.php:97
C:\Users\Gaser\Desktop\COPRRA\vendor\laravel\framework\src\Illuminate\Foundation\Testing\TestCase.php:44
C:\Users\Gaser\Desktop\COPRRA\tests\TestCase.php:25
C:\Users\Gaser\Desktop\COPRRA\tests\Feature\Http\Controllers\Api\ProductControllerTest.php:20</error>
        </testcase>
        <testcase name="test_returns_404_for_nonexistent_product" file="C:\Users\Gaser\Desktop\COPRRA\tests\Feature\Http\Controllers\Api\ProductControllerTest.php" line="93" class="Tests\Feature\Http\Controllers\Api\ProductControllerTest" classname="Tests.Feature.Http.Controllers.Api.ProductControllerTest" assertions="0" time="0.000000">
          <error type="Error">Tests\Feature\Http\Controllers\Api\ProductControllerTest::test_returns_404_for_nonexistent_product&#13;
Error: Class "Mockery" not found
&#13;
C:\Users\Gaser\Desktop\COPRRA\vendor\laravel\framework\src\Illuminate\Testing\PendingCommand.php:550
C:\Users\Gaser\Desktop\COPRRA\vendor\laravel\framework\src\Illuminate\Testing\PendingCommand.php:448
C:\Users\Gaser\Desktop\COPRRA\vendor\laravel\framework\src\Illuminate\Testing\PendingCommand.php:675
C:\Users\Gaser\Desktop\COPRRA\vendor\laravel\framework\src\Illuminate\Foundation\Testing\Concerns\InteractsWithConsole.php:87
C:\Users\Gaser\Desktop\COPRRA\vendor\laravel\framework\src\Illuminate\Foundation\Testing\RefreshDatabase.php:101
C:\Users\Gaser\Desktop\COPRRA\vendor\laravel\framework\src\Illuminate\Foundation\Testing\RefreshDatabase.php:84
C:\Users\Gaser\Desktop\COPRRA\vendor\laravel\framework\src\Illuminate\Foundation\Testing\RefreshDatabase.php:25
C:\Users\Gaser\Desktop\COPRRA\vendor\laravel\framework\src\Illuminate\Foundation\Testing\Concerns\InteractsWithTestCaseLifecycle.php:209
C:\Users\Gaser\Desktop\COPRRA\vendor\laravel\framework\src\Illuminate\Foundation\Testing\Concerns\InteractsWithTestCaseLifecycle.php:97
C:\Users\Gaser\Desktop\COPRRA\vendor\laravel\framework\src\Illuminate\Foundation\Testing\TestCase.php:44
C:\Users\Gaser\Desktop\COPRRA\tests\TestCase.php:25
C:\Users\Gaser\Desktop\COPRRA\tests\Feature\Http\Controllers\Api\ProductControllerTest.php:20</error>
        </testcase>
        <testcase name="test_can_search_products" file="C:\Users\Gaser\Desktop\COPRRA\tests\Feature\Http\Controllers\Api\ProductControllerTest.php" line="100" class="Tests\Feature\Http\Controllers\Api\ProductControllerTest" classname="Tests.Feature.Http.Controllers.Api.ProductControllerTest" assertions="0" time="0.000000">
          <error type="Error">Tests\Feature\Http\Controllers\Api\ProductControllerTest::test_can_search_products&#13;
Error: Class "Mockery" not found
&#13;
C:\Users\Gaser\Desktop\COPRRA\vendor\laravel\framework\src\Illuminate\Testing\PendingCommand.php:550
C:\Users\Gaser\Desktop\COPRRA\vendor\laravel\framework\src\Illuminate\Testing\PendingCommand.php:448
C:\Users\Gaser\Desktop\COPRRA\vendor\laravel\framework\src\Illuminate\Testing\PendingCommand.php:675
C:\Users\Gaser\Desktop\COPRRA\vendor\laravel\framework\src\Illuminate\Foundation\Testing\Concerns\InteractsWithConsole.php:87
C:\Users\Gaser\Desktop\COPRRA\vendor\laravel\framework\src\Illuminate\Foundation\Testing\RefreshDatabase.php:101
C:\Users\Gaser\Desktop\COPRRA\vendor\laravel\framework\src\Illuminate\Foundation\Testing\RefreshDatabase.php:84
C:\Users\Gaser\Desktop\COPRRA\vendor\laravel\framework\src\Illuminate\Foundation\Testing\RefreshDatabase.php:25
C:\Users\Gaser\Desktop\COPRRA\vendor\laravel\framework\src\Illuminate\Foundation\Testing\Concerns\InteractsWithTestCaseLifecycle.php:209
C:\Users\Gaser\Desktop\COPRRA\vendor\laravel\framework\src\Illuminate\Foundation\Testing\Concerns\InteractsWithTestCaseLifecycle.php:97
C:\Users\Gaser\Desktop\COPRRA\vendor\laravel\framework\src\Illuminate\Foundation\Testing\TestCase.php:44
C:\Users\Gaser\Desktop\COPRRA\tests\TestCase.php:25
C:\Users\Gaser\Desktop\COPRRA\tests\Feature\Http\Controllers\Api\ProductControllerTest.php:20</error>
        </testcase>
        <testcase name="test_can_filter_products_by_category" file="C:\Users\Gaser\Desktop\COPRRA\tests\Feature\Http\Controllers\Api\ProductControllerTest.php" line="121" class="Tests\Feature\Http\Controllers\Api\ProductControllerTest" classname="Tests.Feature.Http.Controllers.Api.ProductControllerTest" assertions="0" time="0.000000">
          <error type="Error">Tests\Feature\Http\Controllers\Api\ProductControllerTest::test_can_filter_products_by_category&#13;
Error: Class "Mockery" not found
&#13;
C:\Users\Gaser\Desktop\COPRRA\vendor\laravel\framework\src\Illuminate\Testing\PendingCommand.php:550
C:\Users\Gaser\Desktop\COPRRA\vendor\laravel\framework\src\Illuminate\Testing\PendingCommand.php:448
C:\Users\Gaser\Desktop\COPRRA\vendor\laravel\framework\src\Illuminate\Testing\PendingCommand.php:675
C:\Users\Gaser\Desktop\COPRRA\vendor\laravel\framework\src\Illuminate\Foundation\Testing\Concerns\InteractsWithConsole.php:87
C:\Users\Gaser\Desktop\COPRRA\vendor\laravel\framework\src\Illuminate\Foundation\Testing\RefreshDatabase.php:101
C:\Users\Gaser\Desktop\COPRRA\vendor\laravel\framework\src\Illuminate\Foundation\Testing\RefreshDatabase.php:84
C:\Users\Gaser\Desktop\COPRRA\vendor\laravel\framework\src\Illuminate\Foundation\Testing\RefreshDatabase.php:25
C:\Users\Gaser\Desktop\COPRRA\vendor\laravel\framework\src\Illuminate\Foundation\Testing\Concerns\InteractsWithTestCaseLifecycle.php:209
C:\Users\Gaser\Desktop\COPRRA\vendor\laravel\framework\src\Illuminate\Foundation\Testing\Concerns\InteractsWithTestCaseLifecycle.php:97
C:\Users\Gaser\Desktop\COPRRA\vendor\laravel\framework\src\Illuminate\Foundation\Testing\TestCase.php:44
C:\Users\Gaser\Desktop\COPRRA\tests\TestCase.php:25
C:\Users\Gaser\Desktop\COPRRA\tests\Feature\Http\Controllers\Api\ProductControllerTest.php:20</error>
        </testcase>
        <testcase name="test_can_sort_products" file="C:\Users\Gaser\Desktop\COPRRA\tests\Feature\Http\Controllers\Api\ProductControllerTest.php" line="142" class="Tests\Feature\Http\Controllers\Api\ProductControllerTest" classname="Tests.Feature.Http.Controllers.Api.ProductControllerTest" assertions="0" time="0.000000">
          <error type="Error">Tests\Feature\Http\Controllers\Api\ProductControllerTest::test_can_sort_products&#13;
Error: Class "Mockery" not found
&#13;
C:\Users\Gaser\Desktop\COPRRA\vendor\laravel\framework\src\Illuminate\Testing\PendingCommand.php:550
C:\Users\Gaser\Desktop\COPRRA\vendor\laravel\framework\src\Illuminate\Testing\PendingCommand.php:448
C:\Users\Gaser\Desktop\COPRRA\vendor\laravel\framework\src\Illuminate\Testing\PendingCommand.php:675
C:\Users\Gaser\Desktop\COPRRA\vendor\laravel\framework\src\Illuminate\Foundation\Testing\Concerns\InteractsWithConsole.php:87
C:\Users\Gaser\Desktop\COPRRA\vendor\laravel\framework\src\Illuminate\Foundation\Testing\RefreshDatabase.php:101
C:\Users\Gaser\Desktop\COPRRA\vendor\laravel\framework\src\Illuminate\Foundation\Testing\RefreshDatabase.php:84
C:\Users\Gaser\Desktop\COPRRA\vendor\laravel\framework\src\Illuminate\Foundation\Testing\RefreshDatabase.php:25
C:\Users\Gaser\Desktop\COPRRA\vendor\laravel\framework\src\Illuminate\Foundation\Testing\Concerns\InteractsWithTestCaseLifecycle.php:209
C:\Users\Gaser\Desktop\COPRRA\vendor\laravel\framework\src\Illuminate\Foundation\Testing\Concerns\InteractsWithTestCaseLifecycle.php:97
C:\Users\Gaser\Desktop\COPRRA\vendor\laravel\framework\src\Illuminate\Foundation\Testing\TestCase.php:44
C:\Users\Gaser\Desktop\COPRRA\tests\TestCase.php:25
C:\Users\Gaser\Desktop\COPRRA\tests\Feature\Http\Controllers\Api\ProductControllerTest.php:20</error>
        </testcase>
        <testcase name="test_can_paginate_products" file="C:\Users\Gaser\Desktop\COPRRA\tests\Feature\Http\Controllers\Api\ProductControllerTest.php" line="161" class="Tests\Feature\Http\Controllers\Api\ProductControllerTest" classname="Tests.Feature.Http.Controllers.Api.ProductControllerTest" assertions="0" time="0.000000">
          <error type="Error">Tests\Feature\Http\Controllers\Api\ProductControllerTest::test_can_paginate_products&#13;
Error: Class "Mockery" not found
&#13;
C:\Users\Gaser\Desktop\COPRRA\vendor\laravel\framework\src\Illuminate\Testing\PendingCommand.php:550
C:\Users\Gaser\Desktop\COPRRA\vendor\laravel\framework\src\Illuminate\Testing\PendingCommand.php:448
C:\Users\Gaser\Desktop\COPRRA\vendor\laravel\framework\src\Illuminate\Testing\PendingCommand.php:675
C:\Users\Gaser\Desktop\COPRRA\vendor\laravel\framework\src\Illuminate\Foundation\Testing\Concerns\InteractsWithConsole.php:87
C:\Users\Gaser\Desktop\COPRRA\vendor\laravel\framework\src\Illuminate\Foundation\Testing\RefreshDatabase.php:101
C:\Users\Gaser\Desktop\COPRRA\vendor\laravel\framework\src\Illuminate\Foundation\Testing\RefreshDatabase.php:84
C:\Users\Gaser\Desktop\COPRRA\vendor\laravel\framework\src\Illuminate\Foundation\Testing\RefreshDatabase.php:25
C:\Users\Gaser\Desktop\COPRRA\vendor\laravel\framework\src\Illuminate\Foundation\Testing\Concerns\InteractsWithTestCaseLifecycle.php:209
C:\Users\Gaser\Desktop\COPRRA\vendor\laravel\framework\src\Illuminate\Foundation\Testing\Concerns\InteractsWithTestCaseLifecycle.php:97
C:\Users\Gaser\Desktop\COPRRA\vendor\laravel\framework\src\Illuminate\Foundation\Testing\TestCase.php:44
C:\Users\Gaser\Desktop\COPRRA\tests\TestCase.php:25
C:\Users\Gaser\Desktop\COPRRA\tests\Feature\Http\Controllers\Api\ProductControllerTest.php:20</error>
        </testcase>
        <testcase name="test_handles_invalid_pagination_parameters" file="C:\Users\Gaser\Desktop\COPRRA\tests\Feature\Http\Controllers\Api\ProductControllerTest.php" line="177" class="Tests\Feature\Http\Controllers\Api\ProductControllerTest" classname="Tests.Feature.Http.Controllers.Api.ProductControllerTest" assertions="0" time="0.000000">
          <error type="Error">Tests\Feature\Http\Controllers\Api\ProductControllerTest::test_handles_invalid_pagination_parameters&#13;
Error: Class "Mockery" not found
&#13;
C:\Users\Gaser\Desktop\COPRRA\vendor\laravel\framework\src\Illuminate\Testing\PendingCommand.php:550
C:\Users\Gaser\Desktop\COPRRA\vendor\laravel\framework\src\Illuminate\Testing\PendingCommand.php:448
C:\Users\Gaser\Desktop\COPRRA\vendor\laravel\framework\src\Illuminate\Testing\PendingCommand.php:675
C:\Users\Gaser\Desktop\COPRRA\vendor\laravel\framework\src\Illuminate\Foundation\Testing\Concerns\InteractsWithConsole.php:87
C:\Users\Gaser\Desktop\COPRRA\vendor\laravel\framework\src\Illuminate\Foundation\Testing\RefreshDatabase.php:101
C:\Users\Gaser\Desktop\COPRRA\vendor\laravel\framework\src\Illuminate\Foundation\Testing\RefreshDatabase.php:84
C:\Users\Gaser\Desktop\COPRRA\vendor\laravel\framework\src\Illuminate\Foundation\Testing\RefreshDatabase.php:25
C:\Users\Gaser\Desktop\COPRRA\vendor\laravel\framework\src\Illuminate\Foundation\Testing\Concerns\InteractsWithTestCaseLifecycle.php:209
C:\Users\Gaser\Desktop\COPRRA\vendor\laravel\framework\src\Illuminate\Foundation\Testing\Concerns\InteractsWithTestCaseLifecycle.php:97
C:\Users\Gaser\Desktop\COPRRA\vendor\laravel\framework\src\Illuminate\Foundation\Testing\TestCase.php:44
C:\Users\Gaser\Desktop\COPRRA\tests\TestCase.php:25
C:\Users\Gaser\Desktop\COPRRA\tests\Feature\Http\Controllers\Api\ProductControllerTest.php:20</error>
        </testcase>
        <testcase name="test_handles_invalid_sort_parameters" file="C:\Users\Gaser\Desktop\COPRRA\tests\Feature\Http\Controllers\Api\ProductControllerTest.php" line="185" class="Tests\Feature\Http\Controllers\Api\ProductControllerTest" classname="Tests.Feature.Http.Controllers.Api.ProductControllerTest" assertions="0" time="0.000000">
          <error type="Error">Tests\Feature\Http\Controllers\Api\ProductControllerTest::test_handles_invalid_sort_parameters&#13;
Error: Class "Mockery" not found
&#13;
C:\Users\Gaser\Desktop\COPRRA\vendor\laravel\framework\src\Illuminate\Testing\PendingCommand.php:550
C:\Users\Gaser\Desktop\COPRRA\vendor\laravel\framework\src\Illuminate\Testing\PendingCommand.php:448
C:\Users\Gaser\Desktop\COPRRA\vendor\laravel\framework\src\Illuminate\Testing\PendingCommand.php:675
C:\Users\Gaser\Desktop\COPRRA\vendor\laravel\framework\src\Illuminate\Foundation\Testing\Concerns\InteractsWithConsole.php:87
C:\Users\Gaser\Desktop\COPRRA\vendor\laravel\framework\src\Illuminate\Foundation\Testing\RefreshDatabase.php:101
C:\Users\Gaser\Desktop\COPRRA\vendor\laravel\framework\src\Illuminate\Foundation\Testing\RefreshDatabase.php:84
C:\Users\Gaser\Desktop\COPRRA\vendor\laravel\framework\src\Illuminate\Foundation\Testing\RefreshDatabase.php:25
C:\Users\Gaser\Desktop\COPRRA\vendor\laravel\framework\src\Illuminate\Foundation\Testing\Concerns\InteractsWithTestCaseLifecycle.php:209
C:\Users\Gaser\Desktop\COPRRA\vendor\laravel\framework\src\Illuminate\Foundation\Testing\Concerns\InteractsWithTestCaseLifecycle.php:97
C:\Users\Gaser\Desktop\COPRRA\vendor\laravel\framework\src\Illuminate\Foundation\Testing\TestCase.php:44
C:\Users\Gaser\Desktop\COPRRA\tests\TestCase.php:25
C:\Users\Gaser\Desktop\COPRRA\tests\Feature\Http\Controllers\Api\ProductControllerTest.php:20</error>
        </testcase>
      </testsuite>
      <testsuite name="Tests\Feature\Http\Controllers\BackupControllerTest" file="C:\Users\Gaser\Desktop\COPRRA\tests\Feature\Http\Controllers\BackupControllerTest.php" tests="2" assertions="0" errors="2" failures="0" skipped="0" time="0.000000">
        <testcase name="it_can_get_backups_list" file="C:\Users\Gaser\Desktop\COPRRA\tests\Feature\Http\Controllers\BackupControllerTest.php" line="21" class="Tests\Feature\Http\Controllers\BackupControllerTest" classname="Tests.Feature.Http.Controllers.BackupControllerTest" assertions="0" time="0.000000">
          <error type="Error">Tests\Feature\Http\Controllers\BackupControllerTest::it_can_get_backups_list&#13;
Error: Class "Mockery" not found
&#13;
C:\Users\Gaser\Desktop\COPRRA\vendor\laravel\framework\src\Illuminate\Testing\PendingCommand.php:550
C:\Users\Gaser\Desktop\COPRRA\vendor\laravel\framework\src\Illuminate\Testing\PendingCommand.php:448
C:\Users\Gaser\Desktop\COPRRA\vendor\laravel\framework\src\Illuminate\Testing\PendingCommand.php:675
C:\Users\Gaser\Desktop\COPRRA\vendor\laravel\framework\src\Illuminate\Foundation\Testing\Concerns\InteractsWithConsole.php:87
C:\Users\Gaser\Desktop\COPRRA\vendor\laravel\framework\src\Illuminate\Foundation\Testing\RefreshDatabase.php:101
C:\Users\Gaser\Desktop\COPRRA\vendor\laravel\framework\src\Illuminate\Foundation\Testing\RefreshDatabase.php:84
C:\Users\Gaser\Desktop\COPRRA\vendor\laravel\framework\src\Illuminate\Foundation\Testing\RefreshDatabase.php:25
C:\Users\Gaser\Desktop\COPRRA\vendor\laravel\framework\src\Illuminate\Foundation\Testing\Concerns\InteractsWithTestCaseLifecycle.php:209
C:\Users\Gaser\Desktop\COPRRA\vendor\laravel\framework\src\Illuminate\Foundation\Testing\Concerns\InteractsWithTestCaseLifecycle.php:97
C:\Users\Gaser\Desktop\COPRRA\vendor\laravel\framework\src\Illuminate\Foundation\Testing\TestCase.php:44
C:\Users\Gaser\Desktop\COPRRA\tests\TestCase.php:25</error>
        </testcase>
        <testcase name="it_can_create_full_backup" file="C:\Users\Gaser\Desktop\COPRRA\tests\Feature\Http\Controllers\BackupControllerTest.php" line="30" class="Tests\Feature\Http\Controllers\BackupControllerTest" classname="Tests.Feature.Http.Controllers.BackupControllerTest" assertions="0" time="0.000000">
          <error type="Error">Tests\Feature\Http\Controllers\BackupControllerTest::it_can_create_full_backup&#13;
Error: Class "Mockery" not found
&#13;
C:\Users\Gaser\Desktop\COPRRA\vendor\laravel\framework\src\Illuminate\Testing\PendingCommand.php:550
C:\Users\Gaser\Desktop\COPRRA\vendor\laravel\framework\src\Illuminate\Testing\PendingCommand.php:448
C:\Users\Gaser\Desktop\COPRRA\vendor\laravel\framework\src\Illuminate\Testing\PendingCommand.php:675
C:\Users\Gaser\Desktop\COPRRA\vendor\laravel\framework\src\Illuminate\Foundation\Testing\Concerns\InteractsWithConsole.php:87
C:\Users\Gaser\Desktop\COPRRA\vendor\laravel\framework\src\Illuminate\Foundation\Testing\RefreshDatabase.php:101
C:\Users\Gaser\Desktop\COPRRA\vendor\laravel\framework\src\Illuminate\Foundation\Testing\RefreshDatabase.php:84
C:\Users\Gaser\Desktop\COPRRA\vendor\laravel\framework\src\Illuminate\Foundation\Testing\RefreshDatabase.php:25
C:\Users\Gaser\Desktop\COPRRA\vendor\laravel\framework\src\Illuminate\Foundation\Testing\Concerns\InteractsWithTestCaseLifecycle.php:209
C:\Users\Gaser\Desktop\COPRRA\vendor\laravel\framework\src\Illuminate\Foundation\Testing\Concerns\InteractsWithTestCaseLifecycle.php:97
C:\Users\Gaser\Desktop\COPRRA\vendor\laravel\framework\src\Illuminate\Foundation\Testing\TestCase.php:44
C:\Users\Gaser\Desktop\COPRRA\tests\TestCase.php:25</error>
        </testcase>
      </testsuite>
      <testsuite name="Tests\Feature\Http\Controllers\BrandControllerTest" file="C:\Users\Gaser\Desktop\COPRRA\tests\Feature\Http\Controllers\BrandControllerTest.php" tests="18" assertions="0" errors="18" failures="0" skipped="0" time="0.000000">
        <testcase name="it_can_display_brands_index" file="C:\Users\Gaser\Desktop\COPRRA\tests\Feature\Http\Controllers\BrandControllerTest.php" line="34" class="Tests\Feature\Http\Controllers\BrandControllerTest" classname="Tests.Feature.Http.Controllers.BrandControllerTest" assertions="0" time="0.000000">
          <error type="Error">Tests\Feature\Http\Controllers\BrandControllerTest::it_can_display_brands_index&#13;
Error: Class "Mockery" not found
&#13;
C:\Users\Gaser\Desktop\COPRRA\vendor\laravel\framework\src\Illuminate\Testing\PendingCommand.php:550
C:\Users\Gaser\Desktop\COPRRA\vendor\laravel\framework\src\Illuminate\Testing\PendingCommand.php:448
C:\Users\Gaser\Desktop\COPRRA\vendor\laravel\framework\src\Illuminate\Testing\PendingCommand.php:675
C:\Users\Gaser\Desktop\COPRRA\vendor\laravel\framework\src\Illuminate\Foundation\Testing\Concerns\InteractsWithConsole.php:87
C:\Users\Gaser\Desktop\COPRRA\vendor\laravel\framework\src\Illuminate\Foundation\Testing\RefreshDatabase.php:101
C:\Users\Gaser\Desktop\COPRRA\vendor\laravel\framework\src\Illuminate\Foundation\Testing\RefreshDatabase.php:84
C:\Users\Gaser\Desktop\COPRRA\vendor\laravel\framework\src\Illuminate\Foundation\Testing\RefreshDatabase.php:25
C:\Users\Gaser\Desktop\COPRRA\vendor\laravel\framework\src\Illuminate\Foundation\Testing\Concerns\InteractsWithTestCaseLifecycle.php:209
C:\Users\Gaser\Desktop\COPRRA\vendor\laravel\framework\src\Illuminate\Foundation\Testing\Concerns\InteractsWithTestCaseLifecycle.php:97
C:\Users\Gaser\Desktop\COPRRA\vendor\laravel\framework\src\Illuminate\Foundation\Testing\TestCase.php:44
C:\Users\Gaser\Desktop\COPRRA\tests\TestCase.php:25
C:\Users\Gaser\Desktop\COPRRA\tests\Feature\Http\Controllers\BrandControllerTest.php:23</error>
        </testcase>
        <testcase name="it_can_display_create_brand_form" file="C:\Users\Gaser\Desktop\COPRRA\tests\Feature\Http\Controllers\BrandControllerTest.php" line="46" class="Tests\Feature\Http\Controllers\BrandControllerTest" classname="Tests.Feature.Http.Controllers.BrandControllerTest" assertions="0" time="0.000000">
          <error type="Error">Tests\Feature\Http\Controllers\BrandControllerTest::it_can_display_create_brand_form&#13;
Error: Class "Mockery" not found
&#13;
C:\Users\Gaser\Desktop\COPRRA\vendor\laravel\framework\src\Illuminate\Testing\PendingCommand.php:550
C:\Users\Gaser\Desktop\COPRRA\vendor\laravel\framework\src\Illuminate\Testing\PendingCommand.php:448
C:\Users\Gaser\Desktop\COPRRA\vendor\laravel\framework\src\Illuminate\Testing\PendingCommand.php:675
C:\Users\Gaser\Desktop\COPRRA\vendor\laravel\framework\src\Illuminate\Foundation\Testing\Concerns\InteractsWithConsole.php:87
C:\Users\Gaser\Desktop\COPRRA\vendor\laravel\framework\src\Illuminate\Foundation\Testing\RefreshDatabase.php:101
C:\Users\Gaser\Desktop\COPRRA\vendor\laravel\framework\src\Illuminate\Foundation\Testing\RefreshDatabase.php:84
C:\Users\Gaser\Desktop\COPRRA\vendor\laravel\framework\src\Illuminate\Foundation\Testing\RefreshDatabase.php:25
C:\Users\Gaser\Desktop\COPRRA\vendor\laravel\framework\src\Illuminate\Foundation\Testing\Concerns\InteractsWithTestCaseLifecycle.php:209
C:\Users\Gaser\Desktop\COPRRA\vendor\laravel\framework\src\Illuminate\Foundation\Testing\Concerns\InteractsWithTestCaseLifecycle.php:97
C:\Users\Gaser\Desktop\COPRRA\vendor\laravel\framework\src\Illuminate\Foundation\Testing\TestCase.php:44
C:\Users\Gaser\Desktop\COPRRA\tests\TestCase.php:25
C:\Users\Gaser\Desktop\COPRRA\tests\Feature\Http\Controllers\BrandControllerTest.php:23</error>
        </testcase>
        <testcase name="it_can_store_new_brand" file="C:\Users\Gaser\Desktop\COPRRA\tests\Feature\Http\Controllers\BrandControllerTest.php" line="58" class="Tests\Feature\Http\Controllers\BrandControllerTest" classname="Tests.Feature.Http.Controllers.BrandControllerTest" assertions="0" time="0.000000">
          <error type="Error">Tests\Feature\Http\Controllers\BrandControllerTest::it_can_store_new_brand&#13;
Error: Class "Mockery" not found
&#13;
C:\Users\Gaser\Desktop\COPRRA\vendor\laravel\framework\src\Illuminate\Testing\PendingCommand.php:550
C:\Users\Gaser\Desktop\COPRRA\vendor\laravel\framework\src\Illuminate\Testing\PendingCommand.php:448
C:\Users\Gaser\Desktop\COPRRA\vendor\laravel\framework\src\Illuminate\Testing\PendingCommand.php:675
C:\Users\Gaser\Desktop\COPRRA\vendor\laravel\framework\src\Illuminate\Foundation\Testing\Concerns\InteractsWithConsole.php:87
C:\Users\Gaser\Desktop\COPRRA\vendor\laravel\framework\src\Illuminate\Foundation\Testing\RefreshDatabase.php:101
C:\Users\Gaser\Desktop\COPRRA\vendor\laravel\framework\src\Illuminate\Foundation\Testing\RefreshDatabase.php:84
C:\Users\Gaser\Desktop\COPRRA\vendor\laravel\framework\src\Illuminate\Foundation\Testing\RefreshDatabase.php:25
C:\Users\Gaser\Desktop\COPRRA\vendor\laravel\framework\src\Illuminate\Foundation\Testing\Concerns\InteractsWithTestCaseLifecycle.php:209
C:\Users\Gaser\Desktop\COPRRA\vendor\laravel\framework\src\Illuminate\Foundation\Testing\Concerns\InteractsWithTestCaseLifecycle.php:97
C:\Users\Gaser\Desktop\COPRRA\vendor\laravel\framework\src\Illuminate\Foundation\Testing\TestCase.php:44
C:\Users\Gaser\Desktop\COPRRA\tests\TestCase.php:25
C:\Users\Gaser\Desktop\COPRRA\tests\Feature\Http\Controllers\BrandControllerTest.php:23</error>
        </testcase>
        <testcase name="it_validates_brand_creation_request" file="C:\Users\Gaser\Desktop\COPRRA\tests\Feature\Http\Controllers\BrandControllerTest.php" line="85" class="Tests\Feature\Http\Controllers\BrandControllerTest" classname="Tests.Feature.Http.Controllers.BrandControllerTest" assertions="0" time="0.000000">
          <error type="Error">Tests\Feature\Http\Controllers\BrandControllerTest::it_validates_brand_creation_request&#13;
Error: Class "Mockery" not found
&#13;
C:\Users\Gaser\Desktop\COPRRA\vendor\laravel\framework\src\Illuminate\Testing\PendingCommand.php:550
C:\Users\Gaser\Desktop\COPRRA\vendor\laravel\framework\src\Illuminate\Testing\PendingCommand.php:448
C:\Users\Gaser\Desktop\COPRRA\vendor\laravel\framework\src\Illuminate\Testing\PendingCommand.php:675
C:\Users\Gaser\Desktop\COPRRA\vendor\laravel\framework\src\Illuminate\Foundation\Testing\Concerns\InteractsWithConsole.php:87
C:\Users\Gaser\Desktop\COPRRA\vendor\laravel\framework\src\Illuminate\Foundation\Testing\RefreshDatabase.php:101
C:\Users\Gaser\Desktop\COPRRA\vendor\laravel\framework\src\Illuminate\Foundation\Testing\RefreshDatabase.php:84
C:\Users\Gaser\Desktop\COPRRA\vendor\laravel\framework\src\Illuminate\Foundation\Testing\RefreshDatabase.php:25
C:\Users\Gaser\Desktop\COPRRA\vendor\laravel\framework\src\Illuminate\Foundation\Testing\Concerns\InteractsWithTestCaseLifecycle.php:209
C:\Users\Gaser\Desktop\COPRRA\vendor\laravel\framework\src\Illuminate\Foundation\Testing\Concerns\InteractsWithTestCaseLifecycle.php:97
C:\Users\Gaser\Desktop\COPRRA\vendor\laravel\framework\src\Illuminate\Foundation\Testing\TestCase.php:44
C:\Users\Gaser\Desktop\COPRRA\tests\TestCase.php:25
C:\Users\Gaser\Desktop\COPRRA\tests\Feature\Http\Controllers\BrandControllerTest.php:23</error>
        </testcase>
        <testcase name="it_can_display_brand_details" file="C:\Users\Gaser\Desktop\COPRRA\tests\Feature\Http\Controllers\BrandControllerTest.php" line="97" class="Tests\Feature\Http\Controllers\BrandControllerTest" classname="Tests.Feature.Http.Controllers.BrandControllerTest" assertions="0" time="0.000000">
          <error type="Error">Tests\Feature\Http\Controllers\BrandControllerTest::it_can_display_brand_details&#13;
Error: Class "Mockery" not found
&#13;
C:\Users\Gaser\Desktop\COPRRA\vendor\laravel\framework\src\Illuminate\Testing\PendingCommand.php:550
C:\Users\Gaser\Desktop\COPRRA\vendor\laravel\framework\src\Illuminate\Testing\PendingCommand.php:448
C:\Users\Gaser\Desktop\COPRRA\vendor\laravel\framework\src\Illuminate\Testing\PendingCommand.php:675
C:\Users\Gaser\Desktop\COPRRA\vendor\laravel\framework\src\Illuminate\Foundation\Testing\Concerns\InteractsWithConsole.php:87
C:\Users\Gaser\Desktop\COPRRA\vendor\laravel\framework\src\Illuminate\Foundation\Testing\RefreshDatabase.php:101
C:\Users\Gaser\Desktop\COPRRA\vendor\laravel\framework\src\Illuminate\Foundation\Testing\RefreshDatabase.php:84
C:\Users\Gaser\Desktop\COPRRA\vendor\laravel\framework\src\Illuminate\Foundation\Testing\RefreshDatabase.php:25
C:\Users\Gaser\Desktop\COPRRA\vendor\laravel\framework\src\Illuminate\Foundation\Testing\Concerns\InteractsWithTestCaseLifecycle.php:209
C:\Users\Gaser\Desktop\COPRRA\vendor\laravel\framework\src\Illuminate\Foundation\Testing\Concerns\InteractsWithTestCaseLifecycle.php:97
C:\Users\Gaser\Desktop\COPRRA\vendor\laravel\framework\src\Illuminate\Foundation\Testing\TestCase.php:44
C:\Users\Gaser\Desktop\COPRRA\tests\TestCase.php:25
C:\Users\Gaser\Desktop\COPRRA\tests\Feature\Http\Controllers\BrandControllerTest.php:23</error>
        </testcase>
        <testcase name="it_returns_404_for_nonexistent_brand" file="C:\Users\Gaser\Desktop\COPRRA\tests\Feature\Http\Controllers\BrandControllerTest.php" line="112" class="Tests\Feature\Http\Controllers\BrandControllerTest" classname="Tests.Feature.Http.Controllers.BrandControllerTest" assertions="0" time="0.000000">
          <error type="Error">Tests\Feature\Http\Controllers\BrandControllerTest::it_returns_404_for_nonexistent_brand&#13;
Error: Class "Mockery" not found
&#13;
C:\Users\Gaser\Desktop\COPRRA\vendor\laravel\framework\src\Illuminate\Testing\PendingCommand.php:550
C:\Users\Gaser\Desktop\COPRRA\vendor\laravel\framework\src\Illuminate\Testing\PendingCommand.php:448
C:\Users\Gaser\Desktop\COPRRA\vendor\laravel\framework\src\Illuminate\Testing\PendingCommand.php:675
C:\Users\Gaser\Desktop\COPRRA\vendor\laravel\framework\src\Illuminate\Foundation\Testing\Concerns\InteractsWithConsole.php:87
C:\Users\Gaser\Desktop\COPRRA\vendor\laravel\framework\src\Illuminate\Foundation\Testing\RefreshDatabase.php:101
C:\Users\Gaser\Desktop\COPRRA\vendor\laravel\framework\src\Illuminate\Foundation\Testing\RefreshDatabase.php:84
C:\Users\Gaser\Desktop\COPRRA\vendor\laravel\framework\src\Illuminate\Foundation\Testing\RefreshDatabase.php:25
C:\Users\Gaser\Desktop\COPRRA\vendor\laravel\framework\src\Illuminate\Foundation\Testing\Concerns\InteractsWithTestCaseLifecycle.php:209
C:\Users\Gaser\Desktop\COPRRA\vendor\laravel\framework\src\Illuminate\Foundation\Testing\Concerns\InteractsWithTestCaseLifecycle.php:97
C:\Users\Gaser\Desktop\COPRRA\vendor\laravel\framework\src\Illuminate\Foundation\Testing\TestCase.php:44
C:\Users\Gaser\Desktop\COPRRA\tests\TestCase.php:25
C:\Users\Gaser\Desktop\COPRRA\tests\Feature\Http\Controllers\BrandControllerTest.php:23</error>
        </testcase>
        <testcase name="it_can_display_edit_brand_form" file="C:\Users\Gaser\Desktop\COPRRA\tests\Feature\Http\Controllers\BrandControllerTest.php" line="123" class="Tests\Feature\Http\Controllers\BrandControllerTest" classname="Tests.Feature.Http.Controllers.BrandControllerTest" assertions="0" time="0.000000">
          <error type="Error">Tests\Feature\Http\Controllers\BrandControllerTest::it_can_display_edit_brand_form&#13;
Error: Class "Mockery" not found
&#13;
C:\Users\Gaser\Desktop\COPRRA\vendor\laravel\framework\src\Illuminate\Testing\PendingCommand.php:550
C:\Users\Gaser\Desktop\COPRRA\vendor\laravel\framework\src\Illuminate\Testing\PendingCommand.php:448
C:\Users\Gaser\Desktop\COPRRA\vendor\laravel\framework\src\Illuminate\Testing\PendingCommand.php:675
C:\Users\Gaser\Desktop\COPRRA\vendor\laravel\framework\src\Illuminate\Foundation\Testing\Concerns\InteractsWithConsole.php:87
C:\Users\Gaser\Desktop\COPRRA\vendor\laravel\framework\src\Illuminate\Foundation\Testing\RefreshDatabase.php:101
C:\Users\Gaser\Desktop\COPRRA\vendor\laravel\framework\src\Illuminate\Foundation\Testing\RefreshDatabase.php:84
C:\Users\Gaser\Desktop\COPRRA\vendor\laravel\framework\src\Illuminate\Foundation\Testing\RefreshDatabase.php:25
C:\Users\Gaser\Desktop\COPRRA\vendor\laravel\framework\src\Illuminate\Foundation\Testing\Concerns\InteractsWithTestCaseLifecycle.php:209
C:\Users\Gaser\Desktop\COPRRA\vendor\laravel\framework\src\Illuminate\Foundation\Testing\Concerns\InteractsWithTestCaseLifecycle.php:97
C:\Users\Gaser\Desktop\COPRRA\vendor\laravel\framework\src\Illuminate\Foundation\Testing\TestCase.php:44
C:\Users\Gaser\Desktop\COPRRA\tests\TestCase.php:25
C:\Users\Gaser\Desktop\COPRRA\tests\Feature\Http\Controllers\BrandControllerTest.php:23</error>
        </testcase>
        <testcase name="it_can_update_brand" file="C:\Users\Gaser\Desktop\COPRRA\tests\Feature\Http\Controllers\BrandControllerTest.php" line="138" class="Tests\Feature\Http\Controllers\BrandControllerTest" classname="Tests.Feature.Http.Controllers.BrandControllerTest" assertions="0" time="0.000000">
          <error type="Error">Tests\Feature\Http\Controllers\BrandControllerTest::it_can_update_brand&#13;
Error: Class "Mockery" not found
&#13;
C:\Users\Gaser\Desktop\COPRRA\vendor\laravel\framework\src\Illuminate\Testing\PendingCommand.php:550
C:\Users\Gaser\Desktop\COPRRA\vendor\laravel\framework\src\Illuminate\Testing\PendingCommand.php:448
C:\Users\Gaser\Desktop\COPRRA\vendor\laravel\framework\src\Illuminate\Testing\PendingCommand.php:675
C:\Users\Gaser\Desktop\COPRRA\vendor\laravel\framework\src\Illuminate\Foundation\Testing\Concerns\InteractsWithConsole.php:87
C:\Users\Gaser\Desktop\COPRRA\vendor\laravel\framework\src\Illuminate\Foundation\Testing\RefreshDatabase.php:101
C:\Users\Gaser\Desktop\COPRRA\vendor\laravel\framework\src\Illuminate\Foundation\Testing\RefreshDatabase.php:84
C:\Users\Gaser\Desktop\COPRRA\vendor\laravel\framework\src\Illuminate\Foundation\Testing\RefreshDatabase.php:25
C:\Users\Gaser\Desktop\COPRRA\vendor\laravel\framework\src\Illuminate\Foundation\Testing\Concerns\InteractsWithTestCaseLifecycle.php:209
C:\Users\Gaser\Desktop\COPRRA\vendor\laravel\framework\src\Illuminate\Foundation\Testing\Concerns\InteractsWithTestCaseLifecycle.php:97
C:\Users\Gaser\Desktop\COPRRA\vendor\laravel\framework\src\Illuminate\Foundation\Testing\TestCase.php:44
C:\Users\Gaser\Desktop\COPRRA\tests\TestCase.php:25
C:\Users\Gaser\Desktop\COPRRA\tests\Feature\Http\Controllers\BrandControllerTest.php:23</error>
        </testcase>
        <testcase name="it_validates_brand_update_request" file="C:\Users\Gaser\Desktop\COPRRA\tests\Feature\Http\Controllers\BrandControllerTest.php" line="168" class="Tests\Feature\Http\Controllers\BrandControllerTest" classname="Tests.Feature.Http.Controllers.BrandControllerTest" assertions="0" time="0.000000">
          <error type="Error">Tests\Feature\Http\Controllers\BrandControllerTest::it_validates_brand_update_request&#13;
Error: Class "Mockery" not found
&#13;
C:\Users\Gaser\Desktop\COPRRA\vendor\laravel\framework\src\Illuminate\Testing\PendingCommand.php:550
C:\Users\Gaser\Desktop\COPRRA\vendor\laravel\framework\src\Illuminate\Testing\PendingCommand.php:448
C:\Users\Gaser\Desktop\COPRRA\vendor\laravel\framework\src\Illuminate\Testing\PendingCommand.php:675
C:\Users\Gaser\Desktop\COPRRA\vendor\laravel\framework\src\Illuminate\Foundation\Testing\Concerns\InteractsWithConsole.php:87
C:\Users\Gaser\Desktop\COPRRA\vendor\laravel\framework\src\Illuminate\Foundation\Testing\RefreshDatabase.php:101
C:\Users\Gaser\Desktop\COPRRA\vendor\laravel\framework\src\Illuminate\Foundation\Testing\RefreshDatabase.php:84
C:\Users\Gaser\Desktop\COPRRA\vendor\laravel\framework\src\Illuminate\Foundation\Testing\RefreshDatabase.php:25
C:\Users\Gaser\Desktop\COPRRA\vendor\laravel\framework\src\Illuminate\Foundation\Testing\Concerns\InteractsWithTestCaseLifecycle.php:209
C:\Users\Gaser\Desktop\COPRRA\vendor\laravel\framework\src\Illuminate\Foundation\Testing\Concerns\InteractsWithTestCaseLifecycle.php:97
C:\Users\Gaser\Desktop\COPRRA\vendor\laravel\framework\src\Illuminate\Foundation\Testing\TestCase.php:44
C:\Users\Gaser\Desktop\COPRRA\tests\TestCase.php:25
C:\Users\Gaser\Desktop\COPRRA\tests\Feature\Http\Controllers\BrandControllerTest.php:23</error>
        </testcase>
        <testcase name="it_can_delete_brand" file="C:\Users\Gaser\Desktop\COPRRA\tests\Feature\Http\Controllers\BrandControllerTest.php" line="184" class="Tests\Feature\Http\Controllers\BrandControllerTest" classname="Tests.Feature.Http.Controllers.BrandControllerTest" assertions="0" time="0.000000">
          <error type="Error">Tests\Feature\Http\Controllers\BrandControllerTest::it_can_delete_brand&#13;
Error: Class "Mockery" not found
&#13;
C:\Users\Gaser\Desktop\COPRRA\vendor\laravel\framework\src\Illuminate\Testing\PendingCommand.php:550
C:\Users\Gaser\Desktop\COPRRA\vendor\laravel\framework\src\Illuminate\Testing\PendingCommand.php:448
C:\Users\Gaser\Desktop\COPRRA\vendor\laravel\framework\src\Illuminate\Testing\PendingCommand.php:675
C:\Users\Gaser\Desktop\COPRRA\vendor\laravel\framework\src\Illuminate\Foundation\Testing\Concerns\InteractsWithConsole.php:87
C:\Users\Gaser\Desktop\COPRRA\vendor\laravel\framework\src\Illuminate\Foundation\Testing\RefreshDatabase.php:101
C:\Users\Gaser\Desktop\COPRRA\vendor\laravel\framework\src\Illuminate\Foundation\Testing\RefreshDatabase.php:84
C:\Users\Gaser\Desktop\COPRRA\vendor\laravel\framework\src\Illuminate\Foundation\Testing\RefreshDatabase.php:25
C:\Users\Gaser\Desktop\COPRRA\vendor\laravel\framework\src\Illuminate\Foundation\Testing\Concerns\InteractsWithTestCaseLifecycle.php:209
C:\Users\Gaser\Desktop\COPRRA\vendor\laravel\framework\src\Illuminate\Foundation\Testing\Concerns\InteractsWithTestCaseLifecycle.php:97
C:\Users\Gaser\Desktop\COPRRA\vendor\laravel\framework\src\Illuminate\Foundation\Testing\TestCase.php:44
C:\Users\Gaser\Desktop\COPRRA\tests\TestCase.php:25
C:\Users\Gaser\Desktop\COPRRA\tests\Feature\Http\Controllers\BrandControllerTest.php:23</error>
        </testcase>
        <testcase name="it_returns_404_when_deleting_nonexistent_brand" file="C:\Users\Gaser\Desktop\COPRRA\tests\Feature\Http\Controllers\BrandControllerTest.php" line="202" class="Tests\Feature\Http\Controllers\BrandControllerTest" classname="Tests.Feature.Http.Controllers.BrandControllerTest" assertions="0" time="0.000000">
          <error type="Error">Tests\Feature\Http\Controllers\BrandControllerTest::it_returns_404_when_deleting_nonexistent_brand&#13;
Error: Class "Mockery" not found
&#13;
C:\Users\Gaser\Desktop\COPRRA\vendor\laravel\framework\src\Illuminate\Testing\PendingCommand.php:550
C:\Users\Gaser\Desktop\COPRRA\vendor\laravel\framework\src\Illuminate\Testing\PendingCommand.php:448
C:\Users\Gaser\Desktop\COPRRA\vendor\laravel\framework\src\Illuminate\Testing\PendingCommand.php:675
C:\Users\Gaser\Desktop\COPRRA\vendor\laravel\framework\src\Illuminate\Foundation\Testing\Concerns\InteractsWithConsole.php:87
C:\Users\Gaser\Desktop\COPRRA\vendor\laravel\framework\src\Illuminate\Foundation\Testing\RefreshDatabase.php:101
C:\Users\Gaser\Desktop\COPRRA\vendor\laravel\framework\src\Illuminate\Foundation\Testing\RefreshDatabase.php:84
C:\Users\Gaser\Desktop\COPRRA\vendor\laravel\framework\src\Illuminate\Foundation\Testing\RefreshDatabase.php:25
C:\Users\Gaser\Desktop\COPRRA\vendor\laravel\framework\src\Illuminate\Foundation\Testing\Concerns\InteractsWithTestCaseLifecycle.php:209
C:\Users\Gaser\Desktop\COPRRA\vendor\laravel\framework\src\Illuminate\Foundation\Testing\Concerns\InteractsWithTestCaseLifecycle.php:97
C:\Users\Gaser\Desktop\COPRRA\vendor\laravel\framework\src\Illuminate\Foundation\Testing\TestCase.php:44
C:\Users\Gaser\Desktop\COPRRA\tests\TestCase.php:25
C:\Users\Gaser\Desktop\COPRRA\tests\Feature\Http\Controllers\BrandControllerTest.php:23</error>
        </testcase>
        <testcase name="it_requires_authentication_for_all_brand_routes" file="C:\Users\Gaser\Desktop\COPRRA\tests\Feature\Http\Controllers\BrandControllerTest.php" line="213" class="Tests\Feature\Http\Controllers\BrandControllerTest" classname="Tests.Feature.Http.Controllers.BrandControllerTest" assertions="0" time="0.000000">
          <error type="Error">Tests\Feature\Http\Controllers\BrandControllerTest::it_requires_authentication_for_all_brand_routes&#13;
Error: Class "Mockery" not found
&#13;
C:\Users\Gaser\Desktop\COPRRA\vendor\laravel\framework\src\Illuminate\Testing\PendingCommand.php:550
C:\Users\Gaser\Desktop\COPRRA\vendor\laravel\framework\src\Illuminate\Testing\PendingCommand.php:448
C:\Users\Gaser\Desktop\COPRRA\vendor\laravel\framework\src\Illuminate\Testing\PendingCommand.php:675
C:\Users\Gaser\Desktop\COPRRA\vendor\laravel\framework\src\Illuminate\Foundation\Testing\Concerns\InteractsWithConsole.php:87
C:\Users\Gaser\Desktop\COPRRA\vendor\laravel\framework\src\Illuminate\Foundation\Testing\RefreshDatabase.php:101
C:\Users\Gaser\Desktop\COPRRA\vendor\laravel\framework\src\Illuminate\Foundation\Testing\RefreshDatabase.php:84
C:\Users\Gaser\Desktop\COPRRA\vendor\laravel\framework\src\Illuminate\Foundation\Testing\RefreshDatabase.php:25
C:\Users\Gaser\Desktop\COPRRA\vendor\laravel\framework\src\Illuminate\Foundation\Testing\Concerns\InteractsWithTestCaseLifecycle.php:209
C:\Users\Gaser\Desktop\COPRRA\vendor\laravel\framework\src\Illuminate\Foundation\Testing\Concerns\InteractsWithTestCaseLifecycle.php:97
C:\Users\Gaser\Desktop\COPRRA\vendor\laravel\framework\src\Illuminate\Foundation\Testing\TestCase.php:44
C:\Users\Gaser\Desktop\COPRRA\tests\TestCase.php:25
C:\Users\Gaser\Desktop\COPRRA\tests\Feature\Http\Controllers\BrandControllerTest.php:23</error>
        </testcase>
        <testcase name="it_handles_brand_creation_errors_gracefully" file="C:\Users\Gaser\Desktop\COPRRA\tests\Feature\Http\Controllers\BrandControllerTest.php" line="238" class="Tests\Feature\Http\Controllers\BrandControllerTest" classname="Tests.Feature.Http.Controllers.BrandControllerTest" assertions="0" time="0.000000">
          <error type="Error">Tests\Feature\Http\Controllers\BrandControllerTest::it_handles_brand_creation_errors_gracefully&#13;
Error: Class "Mockery" not found
&#13;
C:\Users\Gaser\Desktop\COPRRA\vendor\laravel\framework\src\Illuminate\Testing\PendingCommand.php:550
C:\Users\Gaser\Desktop\COPRRA\vendor\laravel\framework\src\Illuminate\Testing\PendingCommand.php:448
C:\Users\Gaser\Desktop\COPRRA\vendor\laravel\framework\src\Illuminate\Testing\PendingCommand.php:675
C:\Users\Gaser\Desktop\COPRRA\vendor\laravel\framework\src\Illuminate\Foundation\Testing\Concerns\InteractsWithConsole.php:87
C:\Users\Gaser\Desktop\COPRRA\vendor\laravel\framework\src\Illuminate\Foundation\Testing\RefreshDatabase.php:101
C:\Users\Gaser\Desktop\COPRRA\vendor\laravel\framework\src\Illuminate\Foundation\Testing\RefreshDatabase.php:84
C:\Users\Gaser\Desktop\COPRRA\vendor\laravel\framework\src\Illuminate\Foundation\Testing\RefreshDatabase.php:25
C:\Users\Gaser\Desktop\COPRRA\vendor\laravel\framework\src\Illuminate\Foundation\Testing\Concerns\InteractsWithTestCaseLifecycle.php:209
C:\Users\Gaser\Desktop\COPRRA\vendor\laravel\framework\src\Illuminate\Foundation\Testing\Concerns\InteractsWithTestCaseLifecycle.php:97
C:\Users\Gaser\Desktop\COPRRA\vendor\laravel\framework\src\Illuminate\Foundation\Testing\TestCase.php:44
C:\Users\Gaser\Desktop\COPRRA\tests\TestCase.php:25
C:\Users\Gaser\Desktop\COPRRA\tests\Feature\Http\Controllers\BrandControllerTest.php:23</error>
        </testcase>
        <testcase name="it_handles_brand_update_errors_gracefully" file="C:\Users\Gaser\Desktop\COPRRA\tests\Feature\Http\Controllers\BrandControllerTest.php" line="255" class="Tests\Feature\Http\Controllers\BrandControllerTest" classname="Tests.Feature.Http.Controllers.BrandControllerTest" assertions="0" time="0.000000">
          <error type="Error">Tests\Feature\Http\Controllers\BrandControllerTest::it_handles_brand_update_errors_gracefully&#13;
Error: Class "Mockery" not found
&#13;
C:\Users\Gaser\Desktop\COPRRA\vendor\laravel\framework\src\Illuminate\Testing\PendingCommand.php:550
C:\Users\Gaser\Desktop\COPRRA\vendor\laravel\framework\src\Illuminate\Testing\PendingCommand.php:448
C:\Users\Gaser\Desktop\COPRRA\vendor\laravel\framework\src\Illuminate\Testing\PendingCommand.php:675
C:\Users\Gaser\Desktop\COPRRA\vendor\laravel\framework\src\Illuminate\Foundation\Testing\Concerns\InteractsWithConsole.php:87
C:\Users\Gaser\Desktop\COPRRA\vendor\laravel\framework\src\Illuminate\Foundation\Testing\RefreshDatabase.php:101
C:\Users\Gaser\Desktop\COPRRA\vendor\laravel\framework\src\Illuminate\Foundation\Testing\RefreshDatabase.php:84
C:\Users\Gaser\Desktop\COPRRA\vendor\laravel\framework\src\Illuminate\Foundation\Testing\RefreshDatabase.php:25
C:\Users\Gaser\Desktop\COPRRA\vendor\laravel\framework\src\Illuminate\Foundation\Testing\Concerns\InteractsWithTestCaseLifecycle.php:209
C:\Users\Gaser\Desktop\COPRRA\vendor\laravel\framework\src\Illuminate\Foundation\Testing\Concerns\InteractsWithTestCaseLifecycle.php:97
C:\Users\Gaser\Desktop\COPRRA\vendor\laravel\framework\src\Illuminate\Foundation\Testing\TestCase.php:44
C:\Users\Gaser\Desktop\COPRRA\tests\TestCase.php:25
C:\Users\Gaser\Desktop\COPRRA\tests\Feature\Http\Controllers\BrandControllerTest.php:23</error>
        </testcase>
        <testcase name="it_handles_brand_deletion_errors_gracefully" file="C:\Users\Gaser\Desktop\COPRRA\tests\Feature\Http\Controllers\BrandControllerTest.php" line="274" class="Tests\Feature\Http\Controllers\BrandControllerTest" classname="Tests.Feature.Http.Controllers.BrandControllerTest" assertions="0" time="0.000000">
          <error type="Error">Tests\Feature\Http\Controllers\BrandControllerTest::it_handles_brand_deletion_errors_gracefully&#13;
Error: Class "Mockery" not found
&#13;
C:\Users\Gaser\Desktop\COPRRA\vendor\laravel\framework\src\Illuminate\Testing\PendingCommand.php:550
C:\Users\Gaser\Desktop\COPRRA\vendor\laravel\framework\src\Illuminate\Testing\PendingCommand.php:448
C:\Users\Gaser\Desktop\COPRRA\vendor\laravel\framework\src\Illuminate\Testing\PendingCommand.php:675
C:\Users\Gaser\Desktop\COPRRA\vendor\laravel\framework\src\Illuminate\Foundation\Testing\Concerns\InteractsWithConsole.php:87
C:\Users\Gaser\Desktop\COPRRA\vendor\laravel\framework\src\Illuminate\Foundation\Testing\RefreshDatabase.php:101
C:\Users\Gaser\Desktop\COPRRA\vendor\laravel\framework\src\Illuminate\Foundation\Testing\RefreshDatabase.php:84
C:\Users\Gaser\Desktop\COPRRA\vendor\laravel\framework\src\Illuminate\Foundation\Testing\RefreshDatabase.php:25
C:\Users\Gaser\Desktop\COPRRA\vendor\laravel\framework\src\Illuminate\Foundation\Testing\Concerns\InteractsWithTestCaseLifecycle.php:209
C:\Users\Gaser\Desktop\COPRRA\vendor\laravel\framework\src\Illuminate\Foundation\Testing\Concerns\InteractsWithTestCaseLifecycle.php:97
C:\Users\Gaser\Desktop\COPRRA\vendor\laravel\framework\src\Illuminate\Foundation\Testing\TestCase.php:44
C:\Users\Gaser\Desktop\COPRRA\tests\TestCase.php:25
C:\Users\Gaser\Desktop\COPRRA\tests\Feature\Http\Controllers\BrandControllerTest.php:23</error>
        </testcase>
        <testcase name="it_can_display_brands_with_pagination" file="C:\Users\Gaser\Desktop\COPRRA\tests\Feature\Http\Controllers\BrandControllerTest.php" line="293" class="Tests\Feature\Http\Controllers\BrandControllerTest" classname="Tests.Feature.Http.Controllers.BrandControllerTest" assertions="0" time="0.000000">
          <error type="Error">Tests\Feature\Http\Controllers\BrandControllerTest::it_can_display_brands_with_pagination&#13;
Error: Class "Mockery" not found
&#13;
C:\Users\Gaser\Desktop\COPRRA\vendor\laravel\framework\src\Illuminate\Testing\PendingCommand.php:550
C:\Users\Gaser\Desktop\COPRRA\vendor\laravel\framework\src\Illuminate\Testing\PendingCommand.php:448
C:\Users\Gaser\Desktop\COPRRA\vendor\laravel\framework\src\Illuminate\Testing\PendingCommand.php:675
C:\Users\Gaser\Desktop\COPRRA\vendor\laravel\framework\src\Illuminate\Foundation\Testing\Concerns\InteractsWithConsole.php:87
C:\Users\Gaser\Desktop\COPRRA\vendor\laravel\framework\src\Illuminate\Foundation\Testing\RefreshDatabase.php:101
C:\Users\Gaser\Desktop\COPRRA\vendor\laravel\framework\src\Illuminate\Foundation\Testing\RefreshDatabase.php:84
C:\Users\Gaser\Desktop\COPRRA\vendor\laravel\framework\src\Illuminate\Foundation\Testing\RefreshDatabase.php:25
C:\Users\Gaser\Desktop\COPRRA\vendor\laravel\framework\src\Illuminate\Foundation\Testing\Concerns\InteractsWithTestCaseLifecycle.php:209
C:\Users\Gaser\Desktop\COPRRA\vendor\laravel\framework\src\Illuminate\Foundation\Testing\Concerns\InteractsWithTestCaseLifecycle.php:97
C:\Users\Gaser\Desktop\COPRRA\vendor\laravel\framework\src\Illuminate\Foundation\Testing\TestCase.php:44
C:\Users\Gaser\Desktop\COPRRA\tests\TestCase.php:25
C:\Users\Gaser\Desktop\COPRRA\tests\Feature\Http\Controllers\BrandControllerTest.php:23</error>
        </testcase>
        <testcase name="it_can_search_brands" file="C:\Users\Gaser\Desktop\COPRRA\tests\Feature\Http\Controllers\BrandControllerTest.php" line="308" class="Tests\Feature\Http\Controllers\BrandControllerTest" classname="Tests.Feature.Http.Controllers.BrandControllerTest" assertions="0" time="0.000000">
          <error type="Error">Tests\Feature\Http\Controllers\BrandControllerTest::it_can_search_brands&#13;
Error: Class "Mockery" not found
&#13;
C:\Users\Gaser\Desktop\COPRRA\vendor\laravel\framework\src\Illuminate\Testing\PendingCommand.php:550
C:\Users\Gaser\Desktop\COPRRA\vendor\laravel\framework\src\Illuminate\Testing\PendingCommand.php:448
C:\Users\Gaser\Desktop\COPRRA\vendor\laravel\framework\src\Illuminate\Testing\PendingCommand.php:675
C:\Users\Gaser\Desktop\COPRRA\vendor\laravel\framework\src\Illuminate\Foundation\Testing\Concerns\InteractsWithConsole.php:87
C:\Users\Gaser\Desktop\COPRRA\vendor\laravel\framework\src\Illuminate\Foundation\Testing\RefreshDatabase.php:101
C:\Users\Gaser\Desktop\COPRRA\vendor\laravel\framework\src\Illuminate\Foundation\Testing\RefreshDatabase.php:84
C:\Users\Gaser\Desktop\COPRRA\vendor\laravel\framework\src\Illuminate\Foundation\Testing\RefreshDatabase.php:25
C:\Users\Gaser\Desktop\COPRRA\vendor\laravel\framework\src\Illuminate\Foundation\Testing\Concerns\InteractsWithTestCaseLifecycle.php:209
C:\Users\Gaser\Desktop\COPRRA\vendor\laravel\framework\src\Illuminate\Foundation\Testing\Concerns\InteractsWithTestCaseLifecycle.php:97
C:\Users\Gaser\Desktop\COPRRA\vendor\laravel\framework\src\Illuminate\Foundation\Testing\TestCase.php:44
C:\Users\Gaser\Desktop\COPRRA\tests\TestCase.php:25
C:\Users\Gaser\Desktop\COPRRA\tests\Feature\Http\Controllers\BrandControllerTest.php:23</error>
        </testcase>
        <testcase name="it_can_sort_brands" file="C:\Users\Gaser\Desktop\COPRRA\tests\Feature\Http\Controllers\BrandControllerTest.php" line="323" class="Tests\Feature\Http\Controllers\BrandControllerTest" classname="Tests.Feature.Http.Controllers.BrandControllerTest" assertions="0" time="0.000000">
          <error type="Error">Tests\Feature\Http\Controllers\BrandControllerTest::it_can_sort_brands&#13;
Error: Class "Mockery" not found
&#13;
C:\Users\Gaser\Desktop\COPRRA\vendor\laravel\framework\src\Illuminate\Testing\PendingCommand.php:550
C:\Users\Gaser\Desktop\COPRRA\vendor\laravel\framework\src\Illuminate\Testing\PendingCommand.php:448
C:\Users\Gaser\Desktop\COPRRA\vendor\laravel\framework\src\Illuminate\Testing\PendingCommand.php:675
C:\Users\Gaser\Desktop\COPRRA\vendor\laravel\framework\src\Illuminate\Foundation\Testing\Concerns\InteractsWithConsole.php:87
C:\Users\Gaser\Desktop\COPRRA\vendor\laravel\framework\src\Illuminate\Foundation\Testing\RefreshDatabase.php:101
C:\Users\Gaser\Desktop\COPRRA\vendor\laravel\framework\src\Illuminate\Foundation\Testing\RefreshDatabase.php:84
C:\Users\Gaser\Desktop\COPRRA\vendor\laravel\framework\src\Illuminate\Foundation\Testing\RefreshDatabase.php:25
C:\Users\Gaser\Desktop\COPRRA\vendor\laravel\framework\src\Illuminate\Foundation\Testing\Concerns\InteractsWithTestCaseLifecycle.php:209
C:\Users\Gaser\Desktop\COPRRA\vendor\laravel\framework\src\Illuminate\Foundation\Testing\Concerns\InteractsWithTestCaseLifecycle.php:97
C:\Users\Gaser\Desktop\COPRRA\vendor\laravel\framework\src\Illuminate\Foundation\Testing\TestCase.php:44
C:\Users\Gaser\Desktop\COPRRA\tests\TestCase.php:25
C:\Users\Gaser\Desktop\COPRRA\tests\Feature\Http\Controllers\BrandControllerTest.php:23</error>
        </testcase>
      </testsuite>
      <testsuite name="Tests\Feature\Http\Controllers\CartControllerTest" file="C:\Users\Gaser\Desktop\COPRRA\tests\Feature\Http\Controllers\CartControllerTest.php" tests="8" assertions="0" errors="8" failures="0" skipped="0" time="0.000000">
        <testcase name="it_can_display_cart_index" file="C:\Users\Gaser\Desktop\COPRRA\tests\Feature\Http\Controllers\CartControllerTest.php" line="21" class="Tests\Feature\Http\Controllers\CartControllerTest" classname="Tests.Feature.Http.Controllers.CartControllerTest" assertions="0" time="0.000000">
          <error type="Error">Tests\Feature\Http\Controllers\CartControllerTest::it_can_display_cart_index&#13;
Error: Class "Mockery" not found
&#13;
C:\Users\Gaser\Desktop\COPRRA\vendor\laravel\framework\src\Illuminate\Testing\PendingCommand.php:550
C:\Users\Gaser\Desktop\COPRRA\vendor\laravel\framework\src\Illuminate\Testing\PendingCommand.php:448
C:\Users\Gaser\Desktop\COPRRA\vendor\laravel\framework\src\Illuminate\Testing\PendingCommand.php:675
C:\Users\Gaser\Desktop\COPRRA\vendor\laravel\framework\src\Illuminate\Foundation\Testing\Concerns\InteractsWithConsole.php:87
C:\Users\Gaser\Desktop\COPRRA\vendor\laravel\framework\src\Illuminate\Foundation\Testing\RefreshDatabase.php:101
C:\Users\Gaser\Desktop\COPRRA\vendor\laravel\framework\src\Illuminate\Foundation\Testing\RefreshDatabase.php:84
C:\Users\Gaser\Desktop\COPRRA\vendor\laravel\framework\src\Illuminate\Foundation\Testing\RefreshDatabase.php:25
C:\Users\Gaser\Desktop\COPRRA\vendor\laravel\framework\src\Illuminate\Foundation\Testing\Concerns\InteractsWithTestCaseLifecycle.php:209
C:\Users\Gaser\Desktop\COPRRA\vendor\laravel\framework\src\Illuminate\Foundation\Testing\Concerns\InteractsWithTestCaseLifecycle.php:97
C:\Users\Gaser\Desktop\COPRRA\vendor\laravel\framework\src\Illuminate\Foundation\Testing\TestCase.php:44
C:\Users\Gaser\Desktop\COPRRA\tests\TestCase.php:25</error>
        </testcase>
        <testcase name="it_can_add_product_to_cart" file="C:\Users\Gaser\Desktop\COPRRA\tests\Feature\Http\Controllers\CartControllerTest.php" line="29" class="Tests\Feature\Http\Controllers\CartControllerTest" classname="Tests.Feature.Http.Controllers.CartControllerTest" assertions="0" time="0.000000">
          <error type="Error">Tests\Feature\Http\Controllers\CartControllerTest::it_can_add_product_to_cart&#13;
Error: Class "Mockery" not found
&#13;
C:\Users\Gaser\Desktop\COPRRA\vendor\laravel\framework\src\Illuminate\Testing\PendingCommand.php:550
C:\Users\Gaser\Desktop\COPRRA\vendor\laravel\framework\src\Illuminate\Testing\PendingCommand.php:448
C:\Users\Gaser\Desktop\COPRRA\vendor\laravel\framework\src\Illuminate\Testing\PendingCommand.php:675
C:\Users\Gaser\Desktop\COPRRA\vendor\laravel\framework\src\Illuminate\Foundation\Testing\Concerns\InteractsWithConsole.php:87
C:\Users\Gaser\Desktop\COPRRA\vendor\laravel\framework\src\Illuminate\Foundation\Testing\RefreshDatabase.php:101
C:\Users\Gaser\Desktop\COPRRA\vendor\laravel\framework\src\Illuminate\Foundation\Testing\RefreshDatabase.php:84
C:\Users\Gaser\Desktop\COPRRA\vendor\laravel\framework\src\Illuminate\Foundation\Testing\RefreshDatabase.php:25
C:\Users\Gaser\Desktop\COPRRA\vendor\laravel\framework\src\Illuminate\Foundation\Testing\Concerns\InteractsWithTestCaseLifecycle.php:209
C:\Users\Gaser\Desktop\COPRRA\vendor\laravel\framework\src\Illuminate\Foundation\Testing\Concerns\InteractsWithTestCaseLifecycle.php:97
C:\Users\Gaser\Desktop\COPRRA\vendor\laravel\framework\src\Illuminate\Foundation\Testing\TestCase.php:44
C:\Users\Gaser\Desktop\COPRRA\tests\TestCase.php:25</error>
        </testcase>
        <testcase name="it_validates_add_to_cart_request" file="C:\Users\Gaser\Desktop\COPRRA\tests\Feature\Http\Controllers\CartControllerTest.php" line="37" class="Tests\Feature\Http\Controllers\CartControllerTest" classname="Tests.Feature.Http.Controllers.CartControllerTest" assertions="0" time="0.000000">
          <error type="Error">Tests\Feature\Http\Controllers\CartControllerTest::it_validates_add_to_cart_request&#13;
Error: Class "Mockery" not found
&#13;
C:\Users\Gaser\Desktop\COPRRA\vendor\laravel\framework\src\Illuminate\Testing\PendingCommand.php:550
C:\Users\Gaser\Desktop\COPRRA\vendor\laravel\framework\src\Illuminate\Testing\PendingCommand.php:448
C:\Users\Gaser\Desktop\COPRRA\vendor\laravel\framework\src\Illuminate\Testing\PendingCommand.php:675
C:\Users\Gaser\Desktop\COPRRA\vendor\laravel\framework\src\Illuminate\Foundation\Testing\Concerns\InteractsWithConsole.php:87
C:\Users\Gaser\Desktop\COPRRA\vendor\laravel\framework\src\Illuminate\Foundation\Testing\RefreshDatabase.php:101
C:\Users\Gaser\Desktop\COPRRA\vendor\laravel\framework\src\Illuminate\Foundation\Testing\RefreshDatabase.php:84
C:\Users\Gaser\Desktop\COPRRA\vendor\laravel\framework\src\Illuminate\Foundation\Testing\RefreshDatabase.php:25
C:\Users\Gaser\Desktop\COPRRA\vendor\laravel\framework\src\Illuminate\Foundation\Testing\Concerns\InteractsWithTestCaseLifecycle.php:209
C:\Users\Gaser\Desktop\COPRRA\vendor\laravel\framework\src\Illuminate\Foundation\Testing\Concerns\InteractsWithTestCaseLifecycle.php:97
C:\Users\Gaser\Desktop\COPRRA\vendor\laravel\framework\src\Illuminate\Foundation\Testing\TestCase.php:44
C:\Users\Gaser\Desktop\COPRRA\tests\TestCase.php:25</error>
        </testcase>
        <testcase name="it_returns_404_when_adding_nonexistent_product_to_cart" file="C:\Users\Gaser\Desktop\COPRRA\tests\Feature\Http\Controllers\CartControllerTest.php" line="45" class="Tests\Feature\Http\Controllers\CartControllerTest" classname="Tests.Feature.Http.Controllers.CartControllerTest" assertions="0" time="0.000000">
          <error type="Error">Tests\Feature\Http\Controllers\CartControllerTest::it_returns_404_when_adding_nonexistent_product_to_cart&#13;
Error: Class "Mockery" not found
&#13;
C:\Users\Gaser\Desktop\COPRRA\vendor\laravel\framework\src\Illuminate\Testing\PendingCommand.php:550
C:\Users\Gaser\Desktop\COPRRA\vendor\laravel\framework\src\Illuminate\Testing\PendingCommand.php:448
C:\Users\Gaser\Desktop\COPRRA\vendor\laravel\framework\src\Illuminate\Testing\PendingCommand.php:675
C:\Users\Gaser\Desktop\COPRRA\vendor\laravel\framework\src\Illuminate\Foundation\Testing\Concerns\InteractsWithConsole.php:87
C:\Users\Gaser\Desktop\COPRRA\vendor\laravel\framework\src\Illuminate\Foundation\Testing\RefreshDatabase.php:101
C:\Users\Gaser\Desktop\COPRRA\vendor\laravel\framework\src\Illuminate\Foundation\Testing\RefreshDatabase.php:84
C:\Users\Gaser\Desktop\COPRRA\vendor\laravel\framework\src\Illuminate\Foundation\Testing\RefreshDatabase.php:25
C:\Users\Gaser\Desktop\COPRRA\vendor\laravel\framework\src\Illuminate\Foundation\Testing\Concerns\InteractsWithTestCaseLifecycle.php:209
C:\Users\Gaser\Desktop\COPRRA\vendor\laravel\framework\src\Illuminate\Foundation\Testing\Concerns\InteractsWithTestCaseLifecycle.php:97
C:\Users\Gaser\Desktop\COPRRA\vendor\laravel\framework\src\Illuminate\Foundation\Testing\TestCase.php:44
C:\Users\Gaser\Desktop\COPRRA\tests\TestCase.php:25</error>
        </testcase>
        <testcase name="it_can_update_cart_item_quantity" file="C:\Users\Gaser\Desktop\COPRRA\tests\Feature\Http\Controllers\CartControllerTest.php" line="53" class="Tests\Feature\Http\Controllers\CartControllerTest" classname="Tests.Feature.Http.Controllers.CartControllerTest" assertions="0" time="0.000000">
          <error type="Error">Tests\Feature\Http\Controllers\CartControllerTest::it_can_update_cart_item_quantity&#13;
Error: Class "Mockery" not found
&#13;
C:\Users\Gaser\Desktop\COPRRA\vendor\laravel\framework\src\Illuminate\Testing\PendingCommand.php:550
C:\Users\Gaser\Desktop\COPRRA\vendor\laravel\framework\src\Illuminate\Testing\PendingCommand.php:448
C:\Users\Gaser\Desktop\COPRRA\vendor\laravel\framework\src\Illuminate\Testing\PendingCommand.php:675
C:\Users\Gaser\Desktop\COPRRA\vendor\laravel\framework\src\Illuminate\Foundation\Testing\Concerns\InteractsWithConsole.php:87
C:\Users\Gaser\Desktop\COPRRA\vendor\laravel\framework\src\Illuminate\Foundation\Testing\RefreshDatabase.php:101
C:\Users\Gaser\Desktop\COPRRA\vendor\laravel\framework\src\Illuminate\Foundation\Testing\RefreshDatabase.php:84
C:\Users\Gaser\Desktop\COPRRA\vendor\laravel\framework\src\Illuminate\Foundation\Testing\RefreshDatabase.php:25
C:\Users\Gaser\Desktop\COPRRA\vendor\laravel\framework\src\Illuminate\Foundation\Testing\Concerns\InteractsWithTestCaseLifecycle.php:209
C:\Users\Gaser\Desktop\COPRRA\vendor\laravel\framework\src\Illuminate\Foundation\Testing\Concerns\InteractsWithTestCaseLifecycle.php:97
C:\Users\Gaser\Desktop\COPRRA\vendor\laravel\framework\src\Illuminate\Foundation\Testing\TestCase.php:44
C:\Users\Gaser\Desktop\COPRRA\tests\TestCase.php:25</error>
        </testcase>
        <testcase name="it_can_remove_product_from_cart" file="C:\Users\Gaser\Desktop\COPRRA\tests\Feature\Http\Controllers\CartControllerTest.php" line="61" class="Tests\Feature\Http\Controllers\CartControllerTest" classname="Tests.Feature.Http.Controllers.CartControllerTest" assertions="0" time="0.000000">
          <error type="Error">Tests\Feature\Http\Controllers\CartControllerTest::it_can_remove_product_from_cart&#13;
Error: Class "Mockery" not found
&#13;
C:\Users\Gaser\Desktop\COPRRA\vendor\laravel\framework\src\Illuminate\Testing\PendingCommand.php:550
C:\Users\Gaser\Desktop\COPRRA\vendor\laravel\framework\src\Illuminate\Testing\PendingCommand.php:448
C:\Users\Gaser\Desktop\COPRRA\vendor\laravel\framework\src\Illuminate\Testing\PendingCommand.php:675
C:\Users\Gaser\Desktop\COPRRA\vendor\laravel\framework\src\Illuminate\Foundation\Testing\Concerns\InteractsWithConsole.php:87
C:\Users\Gaser\Desktop\COPRRA\vendor\laravel\framework\src\Illuminate\Foundation\Testing\RefreshDatabase.php:101
C:\Users\Gaser\Desktop\COPRRA\vendor\laravel\framework\src\Illuminate\Foundation\Testing\RefreshDatabase.php:84
C:\Users\Gaser\Desktop\COPRRA\vendor\laravel\framework\src\Illuminate\Foundation\Testing\RefreshDatabase.php:25
C:\Users\Gaser\Desktop\COPRRA\vendor\laravel\framework\src\Illuminate\Foundation\Testing\Concerns\InteractsWithTestCaseLifecycle.php:209
C:\Users\Gaser\Desktop\COPRRA\vendor\laravel\framework\src\Illuminate\Foundation\Testing\Concerns\InteractsWithTestCaseLifecycle.php:97
C:\Users\Gaser\Desktop\COPRRA\vendor\laravel\framework\src\Illuminate\Foundation\Testing\TestCase.php:44
C:\Users\Gaser\Desktop\COPRRA\tests\TestCase.php:25</error>
        </testcase>
        <testcase name="it_can_clear_entire_cart" file="C:\Users\Gaser\Desktop\COPRRA\tests\Feature\Http\Controllers\CartControllerTest.php" line="69" class="Tests\Feature\Http\Controllers\CartControllerTest" classname="Tests.Feature.Http.Controllers.CartControllerTest" assertions="0" time="0.000000">
          <error type="Error">Tests\Feature\Http\Controllers\CartControllerTest::it_can_clear_entire_cart&#13;
Error: Class "Mockery" not found
&#13;
C:\Users\Gaser\Desktop\COPRRA\vendor\laravel\framework\src\Illuminate\Testing\PendingCommand.php:550
C:\Users\Gaser\Desktop\COPRRA\vendor\laravel\framework\src\Illuminate\Testing\PendingCommand.php:448
C:\Users\Gaser\Desktop\COPRRA\vendor\laravel\framework\src\Illuminate\Testing\PendingCommand.php:675
C:\Users\Gaser\Desktop\COPRRA\vendor\laravel\framework\src\Illuminate\Foundation\Testing\Concerns\InteractsWithConsole.php:87
C:\Users\Gaser\Desktop\COPRRA\vendor\laravel\framework\src\Illuminate\Foundation\Testing\RefreshDatabase.php:101
C:\Users\Gaser\Desktop\COPRRA\vendor\laravel\framework\src\Illuminate\Foundation\Testing\RefreshDatabase.php:84
C:\Users\Gaser\Desktop\COPRRA\vendor\laravel\framework\src\Illuminate\Foundation\Testing\RefreshDatabase.php:25
C:\Users\Gaser\Desktop\COPRRA\vendor\laravel\framework\src\Illuminate\Foundation\Testing\Concerns\InteractsWithTestCaseLifecycle.php:209
C:\Users\Gaser\Desktop\COPRRA\vendor\laravel\framework\src\Illuminate\Foundation\Testing\Concerns\InteractsWithTestCaseLifecycle.php:97
C:\Users\Gaser\Desktop\COPRRA\vendor\laravel\framework\src\Illuminate\Foundation\Testing\TestCase.php:44
C:\Users\Gaser\Desktop\COPRRA\tests\TestCase.php:25</error>
        </testcase>
        <testcase name="it_requires_authentication_for_all_cart_routes" file="C:\Users\Gaser\Desktop\COPRRA\tests\Feature\Http\Controllers\CartControllerTest.php" line="77" class="Tests\Feature\Http\Controllers\CartControllerTest" classname="Tests.Feature.Http.Controllers.CartControllerTest" assertions="0" time="0.000000">
          <error type="Error">Tests\Feature\Http\Controllers\CartControllerTest::it_requires_authentication_for_all_cart_routes&#13;
Error: Class "Mockery" not found
&#13;
C:\Users\Gaser\Desktop\COPRRA\vendor\laravel\framework\src\Illuminate\Testing\PendingCommand.php:550
C:\Users\Gaser\Desktop\COPRRA\vendor\laravel\framework\src\Illuminate\Testing\PendingCommand.php:448
C:\Users\Gaser\Desktop\COPRRA\vendor\laravel\framework\src\Illuminate\Testing\PendingCommand.php:675
C:\Users\Gaser\Desktop\COPRRA\vendor\laravel\framework\src\Illuminate\Foundation\Testing\Concerns\InteractsWithConsole.php:87
C:\Users\Gaser\Desktop\COPRRA\vendor\laravel\framework\src\Illuminate\Foundation\Testing\RefreshDatabase.php:101
C:\Users\Gaser\Desktop\COPRRA\vendor\laravel\framework\src\Illuminate\Foundation\Testing\RefreshDatabase.php:84
C:\Users\Gaser\Desktop\COPRRA\vendor\laravel\framework\src\Illuminate\Foundation\Testing\RefreshDatabase.php:25
C:\Users\Gaser\Desktop\COPRRA\vendor\laravel\framework\src\Illuminate\Foundation\Testing\Concerns\InteractsWithTestCaseLifecycle.php:209
C:\Users\Gaser\Desktop\COPRRA\vendor\laravel\framework\src\Illuminate\Foundation\Testing\Concerns\InteractsWithTestCaseLifecycle.php:97
C:\Users\Gaser\Desktop\COPRRA\vendor\laravel\framework\src\Illuminate\Foundation\Testing\TestCase.php:44
C:\Users\Gaser\Desktop\COPRRA\tests\TestCase.php:25</error>
        </testcase>
      </testsuite>
      <testsuite name="Tests\Feature\Http\Controllers\ErrorControllerTest" file="C:\Users\Gaser\Desktop\COPRRA\tests\Feature\Http\Controllers\ErrorControllerTest.php" tests="15" assertions="0" errors="15" failures="0" skipped="0" time="0.000000">
        <testcase name="it_can_display_error_dashboard" file="C:\Users\Gaser\Desktop\COPRRA\tests\Feature\Http\Controllers\ErrorControllerTest.php" line="19" class="Tests\Feature\Http\Controllers\ErrorControllerTest" classname="Tests.Feature.Http.Controllers.ErrorControllerTest" assertions="0" time="0.000000">
          <error type="Error">Tests\Feature\Http\Controllers\ErrorControllerTest::it_can_display_error_dashboard&#13;
Error: Class "Mockery" not found
&#13;
C:\Users\Gaser\Desktop\COPRRA\vendor\laravel\framework\src\Illuminate\Testing\PendingCommand.php:550
C:\Users\Gaser\Desktop\COPRRA\vendor\laravel\framework\src\Illuminate\Testing\PendingCommand.php:448
C:\Users\Gaser\Desktop\COPRRA\vendor\laravel\framework\src\Illuminate\Testing\PendingCommand.php:675
C:\Users\Gaser\Desktop\COPRRA\vendor\laravel\framework\src\Illuminate\Foundation\Testing\Concerns\InteractsWithConsole.php:87
C:\Users\Gaser\Desktop\COPRRA\vendor\laravel\framework\src\Illuminate\Foundation\Testing\RefreshDatabase.php:101
C:\Users\Gaser\Desktop\COPRRA\vendor\laravel\framework\src\Illuminate\Foundation\Testing\RefreshDatabase.php:84
C:\Users\Gaser\Desktop\COPRRA\vendor\laravel\framework\src\Illuminate\Foundation\Testing\RefreshDatabase.php:25
C:\Users\Gaser\Desktop\COPRRA\vendor\laravel\framework\src\Illuminate\Foundation\Testing\Concerns\InteractsWithTestCaseLifecycle.php:209
C:\Users\Gaser\Desktop\COPRRA\vendor\laravel\framework\src\Illuminate\Foundation\Testing\Concerns\InteractsWithTestCaseLifecycle.php:97
C:\Users\Gaser\Desktop\COPRRA\vendor\laravel\framework\src\Illuminate\Foundation\Testing\TestCase.php:44
C:\Users\Gaser\Desktop\COPRRA\tests\TestCase.php:25</error>
        </testcase>
        <testcase name="it_can_display_error_dashboard_as_json" file="C:\Users\Gaser\Desktop\COPRRA\tests\Feature\Http\Controllers\ErrorControllerTest.php" line="25" class="Tests\Feature\Http\Controllers\ErrorControllerTest" classname="Tests.Feature.Http.Controllers.ErrorControllerTest" assertions="0" time="0.000000">
          <error type="Error">Tests\Feature\Http\Controllers\ErrorControllerTest::it_can_display_error_dashboard_as_json&#13;
Error: Class "Mockery" not found
&#13;
C:\Users\Gaser\Desktop\COPRRA\vendor\laravel\framework\src\Illuminate\Testing\PendingCommand.php:550
C:\Users\Gaser\Desktop\COPRRA\vendor\laravel\framework\src\Illuminate\Testing\PendingCommand.php:448
C:\Users\Gaser\Desktop\COPRRA\vendor\laravel\framework\src\Illuminate\Testing\PendingCommand.php:675
C:\Users\Gaser\Desktop\COPRRA\vendor\laravel\framework\src\Illuminate\Foundation\Testing\Concerns\InteractsWithConsole.php:87
C:\Users\Gaser\Desktop\COPRRA\vendor\laravel\framework\src\Illuminate\Foundation\Testing\RefreshDatabase.php:101
C:\Users\Gaser\Desktop\COPRRA\vendor\laravel\framework\src\Illuminate\Foundation\Testing\RefreshDatabase.php:84
C:\Users\Gaser\Desktop\COPRRA\vendor\laravel\framework\src\Illuminate\Foundation\Testing\RefreshDatabase.php:25
C:\Users\Gaser\Desktop\COPRRA\vendor\laravel\framework\src\Illuminate\Foundation\Testing\Concerns\InteractsWithTestCaseLifecycle.php:209
C:\Users\Gaser\Desktop\COPRRA\vendor\laravel\framework\src\Illuminate\Foundation\Testing\Concerns\InteractsWithTestCaseLifecycle.php:97
C:\Users\Gaser\Desktop\COPRRA\vendor\laravel\framework\src\Illuminate\Foundation\Testing\TestCase.php:44
C:\Users\Gaser\Desktop\COPRRA\tests\TestCase.php:25</error>
        </testcase>
        <testcase name="it_can_show_error_details" file="C:\Users\Gaser\Desktop\COPRRA\tests\Feature\Http\Controllers\ErrorControllerTest.php" line="31" class="Tests\Feature\Http\Controllers\ErrorControllerTest" classname="Tests.Feature.Http.Controllers.ErrorControllerTest" assertions="0" time="0.000000">
          <error type="Error">Tests\Feature\Http\Controllers\ErrorControllerTest::it_can_show_error_details&#13;
Error: Class "Mockery" not found
&#13;
C:\Users\Gaser\Desktop\COPRRA\vendor\laravel\framework\src\Illuminate\Testing\PendingCommand.php:550
C:\Users\Gaser\Desktop\COPRRA\vendor\laravel\framework\src\Illuminate\Testing\PendingCommand.php:448
C:\Users\Gaser\Desktop\COPRRA\vendor\laravel\framework\src\Illuminate\Testing\PendingCommand.php:675
C:\Users\Gaser\Desktop\COPRRA\vendor\laravel\framework\src\Illuminate\Foundation\Testing\Concerns\InteractsWithConsole.php:87
C:\Users\Gaser\Desktop\COPRRA\vendor\laravel\framework\src\Illuminate\Foundation\Testing\RefreshDatabase.php:101
C:\Users\Gaser\Desktop\COPRRA\vendor\laravel\framework\src\Illuminate\Foundation\Testing\RefreshDatabase.php:84
C:\Users\Gaser\Desktop\COPRRA\vendor\laravel\framework\src\Illuminate\Foundation\Testing\RefreshDatabase.php:25
C:\Users\Gaser\Desktop\COPRRA\vendor\laravel\framework\src\Illuminate\Foundation\Testing\Concerns\InteractsWithTestCaseLifecycle.php:209
C:\Users\Gaser\Desktop\COPRRA\vendor\laravel\framework\src\Illuminate\Foundation\Testing\Concerns\InteractsWithTestCaseLifecycle.php:97
C:\Users\Gaser\Desktop\COPRRA\vendor\laravel\framework\src\Illuminate\Foundation\Testing\TestCase.php:44
C:\Users\Gaser\Desktop\COPRRA\tests\TestCase.php:25</error>
        </testcase>
        <testcase name="it_returns_404_for_nonexistent_error" file="C:\Users\Gaser\Desktop\COPRRA\tests\Feature\Http\Controllers\ErrorControllerTest.php" line="37" class="Tests\Feature\Http\Controllers\ErrorControllerTest" classname="Tests.Feature.Http.Controllers.ErrorControllerTest" assertions="0" time="0.000000">
          <error type="Error">Tests\Feature\Http\Controllers\ErrorControllerTest::it_returns_404_for_nonexistent_error&#13;
Error: Class "Mockery" not found
&#13;
C:\Users\Gaser\Desktop\COPRRA\vendor\laravel\framework\src\Illuminate\Testing\PendingCommand.php:550
C:\Users\Gaser\Desktop\COPRRA\vendor\laravel\framework\src\Illuminate\Testing\PendingCommand.php:448
C:\Users\Gaser\Desktop\COPRRA\vendor\laravel\framework\src\Illuminate\Testing\PendingCommand.php:675
C:\Users\Gaser\Desktop\COPRRA\vendor\laravel\framework\src\Illuminate\Foundation\Testing\Concerns\InteractsWithConsole.php:87
C:\Users\Gaser\Desktop\COPRRA\vendor\laravel\framework\src\Illuminate\Foundation\Testing\RefreshDatabase.php:101
C:\Users\Gaser\Desktop\COPRRA\vendor\laravel\framework\src\Illuminate\Foundation\Testing\RefreshDatabase.php:84
C:\Users\Gaser\Desktop\COPRRA\vendor\laravel\framework\src\Illuminate\Foundation\Testing\RefreshDatabase.php:25
C:\Users\Gaser\Desktop\COPRRA\vendor\laravel\framework\src\Illuminate\Foundation\Testing\Concerns\InteractsWithTestCaseLifecycle.php:209
C:\Users\Gaser\Desktop\COPRRA\vendor\laravel\framework\src\Illuminate\Foundation\Testing\Concerns\InteractsWithTestCaseLifecycle.php:97
C:\Users\Gaser\Desktop\COPRRA\vendor\laravel\framework\src\Illuminate\Foundation\Testing\TestCase.php:44
C:\Users\Gaser\Desktop\COPRRA\tests\TestCase.php:25</error>
        </testcase>
        <testcase name="it_can_get_recent_errors" file="C:\Users\Gaser\Desktop\COPRRA\tests\Feature\Http\Controllers\ErrorControllerTest.php" line="43" class="Tests\Feature\Http\Controllers\ErrorControllerTest" classname="Tests.Feature.Http.Controllers.ErrorControllerTest" assertions="0" time="0.000000">
          <error type="Error">Tests\Feature\Http\Controllers\ErrorControllerTest::it_can_get_recent_errors&#13;
Error: Class "Mockery" not found
&#13;
C:\Users\Gaser\Desktop\COPRRA\vendor\laravel\framework\src\Illuminate\Testing\PendingCommand.php:550
C:\Users\Gaser\Desktop\COPRRA\vendor\laravel\framework\src\Illuminate\Testing\PendingCommand.php:448
C:\Users\Gaser\Desktop\COPRRA\vendor\laravel\framework\src\Illuminate\Testing\PendingCommand.php:675
C:\Users\Gaser\Desktop\COPRRA\vendor\laravel\framework\src\Illuminate\Foundation\Testing\Concerns\InteractsWithConsole.php:87
C:\Users\Gaser\Desktop\COPRRA\vendor\laravel\framework\src\Illuminate\Foundation\Testing\RefreshDatabase.php:101
C:\Users\Gaser\Desktop\COPRRA\vendor\laravel\framework\src\Illuminate\Foundation\Testing\RefreshDatabase.php:84
C:\Users\Gaser\Desktop\COPRRA\vendor\laravel\framework\src\Illuminate\Foundation\Testing\RefreshDatabase.php:25
C:\Users\Gaser\Desktop\COPRRA\vendor\laravel\framework\src\Illuminate\Foundation\Testing\Concerns\InteractsWithTestCaseLifecycle.php:209
C:\Users\Gaser\Desktop\COPRRA\vendor\laravel\framework\src\Illuminate\Foundation\Testing\Concerns\InteractsWithTestCaseLifecycle.php:97
C:\Users\Gaser\Desktop\COPRRA\vendor\laravel\framework\src\Illuminate\Foundation\Testing\TestCase.php:44
C:\Users\Gaser\Desktop\COPRRA\tests\TestCase.php:25</error>
        </testcase>
        <testcase name="it_can_get_error_statistics" file="C:\Users\Gaser\Desktop\COPRRA\tests\Feature\Http\Controllers\ErrorControllerTest.php" line="49" class="Tests\Feature\Http\Controllers\ErrorControllerTest" classname="Tests.Feature.Http.Controllers.ErrorControllerTest" assertions="0" time="0.000000">
          <error type="Error">Tests\Feature\Http\Controllers\ErrorControllerTest::it_can_get_error_statistics&#13;
Error: Class "Mockery" not found
&#13;
C:\Users\Gaser\Desktop\COPRRA\vendor\laravel\framework\src\Illuminate\Testing\PendingCommand.php:550
C:\Users\Gaser\Desktop\COPRRA\vendor\laravel\framework\src\Illuminate\Testing\PendingCommand.php:448
C:\Users\Gaser\Desktop\COPRRA\vendor\laravel\framework\src\Illuminate\Testing\PendingCommand.php:675
C:\Users\Gaser\Desktop\COPRRA\vendor\laravel\framework\src\Illuminate\Foundation\Testing\Concerns\InteractsWithConsole.php:87
C:\Users\Gaser\Desktop\COPRRA\vendor\laravel\framework\src\Illuminate\Foundation\Testing\RefreshDatabase.php:101
C:\Users\Gaser\Desktop\COPRRA\vendor\laravel\framework\src\Illuminate\Foundation\Testing\RefreshDatabase.php:84
C:\Users\Gaser\Desktop\COPRRA\vendor\laravel\framework\src\Illuminate\Foundation\Testing\RefreshDatabase.php:25
C:\Users\Gaser\Desktop\COPRRA\vendor\laravel\framework\src\Illuminate\Foundation\Testing\Concerns\InteractsWithTestCaseLifecycle.php:209
C:\Users\Gaser\Desktop\COPRRA\vendor\laravel\framework\src\Illuminate\Foundation\Testing\Concerns\InteractsWithTestCaseLifecycle.php:97
C:\Users\Gaser\Desktop\COPRRA\vendor\laravel\framework\src\Illuminate\Foundation\Testing\TestCase.php:44
C:\Users\Gaser\Desktop\COPRRA\tests\TestCase.php:25</error>
        </testcase>
        <testcase name="it_can_get_system_health" file="C:\Users\Gaser\Desktop\COPRRA\tests\Feature\Http\Controllers\ErrorControllerTest.php" line="55" class="Tests\Feature\Http\Controllers\ErrorControllerTest" classname="Tests.Feature.Http.Controllers.ErrorControllerTest" assertions="0" time="0.000000">
          <error type="Error">Tests\Feature\Http\Controllers\ErrorControllerTest::it_can_get_system_health&#13;
Error: Class "Mockery" not found
&#13;
C:\Users\Gaser\Desktop\COPRRA\vendor\laravel\framework\src\Illuminate\Testing\PendingCommand.php:550
C:\Users\Gaser\Desktop\COPRRA\vendor\laravel\framework\src\Illuminate\Testing\PendingCommand.php:448
C:\Users\Gaser\Desktop\COPRRA\vendor\laravel\framework\src\Illuminate\Testing\PendingCommand.php:675
C:\Users\Gaser\Desktop\COPRRA\vendor\laravel\framework\src\Illuminate\Foundation\Testing\Concerns\InteractsWithConsole.php:87
C:\Users\Gaser\Desktop\COPRRA\vendor\laravel\framework\src\Illuminate\Foundation\Testing\RefreshDatabase.php:101
C:\Users\Gaser\Desktop\COPRRA\vendor\laravel\framework\src\Illuminate\Foundation\Testing\RefreshDatabase.php:84
C:\Users\Gaser\Desktop\COPRRA\vendor\laravel\framework\src\Illuminate\Foundation\Testing\RefreshDatabase.php:25
C:\Users\Gaser\Desktop\COPRRA\vendor\laravel\framework\src\Illuminate\Foundation\Testing\Concerns\InteractsWithTestCaseLifecycle.php:209
C:\Users\Gaser\Desktop\COPRRA\vendor\laravel\framework\src\Illuminate\Foundation\Testing\Concerns\InteractsWithTestCaseLifecycle.php:97
C:\Users\Gaser\Desktop\COPRRA\vendor\laravel\framework\src\Illuminate\Foundation\Testing\TestCase.php:44
C:\Users\Gaser\Desktop\COPRRA\tests\TestCase.php:25</error>
        </testcase>
        <testcase name="it_checks_database_health" file="C:\Users\Gaser\Desktop\COPRRA\tests\Feature\Http\Controllers\ErrorControllerTest.php" line="61" class="Tests\Feature\Http\Controllers\ErrorControllerTest" classname="Tests.Feature.Http.Controllers.ErrorControllerTest" assertions="0" time="0.000000">
          <error type="Error">Tests\Feature\Http\Controllers\ErrorControllerTest::it_checks_database_health&#13;
Error: Class "Mockery" not found
&#13;
C:\Users\Gaser\Desktop\COPRRA\vendor\laravel\framework\src\Illuminate\Testing\PendingCommand.php:550
C:\Users\Gaser\Desktop\COPRRA\vendor\laravel\framework\src\Illuminate\Testing\PendingCommand.php:448
C:\Users\Gaser\Desktop\COPRRA\vendor\laravel\framework\src\Illuminate\Testing\PendingCommand.php:675
C:\Users\Gaser\Desktop\COPRRA\vendor\laravel\framework\src\Illuminate\Foundation\Testing\Concerns\InteractsWithConsole.php:87
C:\Users\Gaser\Desktop\COPRRA\vendor\laravel\framework\src\Illuminate\Foundation\Testing\RefreshDatabase.php:101
C:\Users\Gaser\Desktop\COPRRA\vendor\laravel\framework\src\Illuminate\Foundation\Testing\RefreshDatabase.php:84
C:\Users\Gaser\Desktop\COPRRA\vendor\laravel\framework\src\Illuminate\Foundation\Testing\RefreshDatabase.php:25
C:\Users\Gaser\Desktop\COPRRA\vendor\laravel\framework\src\Illuminate\Foundation\Testing\Concerns\InteractsWithTestCaseLifecycle.php:209
C:\Users\Gaser\Desktop\COPRRA\vendor\laravel\framework\src\Illuminate\Foundation\Testing\Concerns\InteractsWithTestCaseLifecycle.php:97
C:\Users\Gaser\Desktop\COPRRA\vendor\laravel\framework\src\Illuminate\Foundation\Testing\TestCase.php:44
C:\Users\Gaser\Desktop\COPRRA\tests\TestCase.php:25</error>
        </testcase>
        <testcase name="it_checks_cache_health" file="C:\Users\Gaser\Desktop\COPRRA\tests\Feature\Http\Controllers\ErrorControllerTest.php" line="67" class="Tests\Feature\Http\Controllers\ErrorControllerTest" classname="Tests.Feature.Http.Controllers.ErrorControllerTest" assertions="0" time="0.000000">
          <error type="Error">Tests\Feature\Http\Controllers\ErrorControllerTest::it_checks_cache_health&#13;
Error: Class "Mockery" not found
&#13;
C:\Users\Gaser\Desktop\COPRRA\vendor\laravel\framework\src\Illuminate\Testing\PendingCommand.php:550
C:\Users\Gaser\Desktop\COPRRA\vendor\laravel\framework\src\Illuminate\Testing\PendingCommand.php:448
C:\Users\Gaser\Desktop\COPRRA\vendor\laravel\framework\src\Illuminate\Testing\PendingCommand.php:675
C:\Users\Gaser\Desktop\COPRRA\vendor\laravel\framework\src\Illuminate\Foundation\Testing\Concerns\InteractsWithConsole.php:87
C:\Users\Gaser\Desktop\COPRRA\vendor\laravel\framework\src\Illuminate\Foundation\Testing\RefreshDatabase.php:101
C:\Users\Gaser\Desktop\COPRRA\vendor\laravel\framework\src\Illuminate\Foundation\Testing\RefreshDatabase.php:84
C:\Users\Gaser\Desktop\COPRRA\vendor\laravel\framework\src\Illuminate\Foundation\Testing\RefreshDatabase.php:25
C:\Users\Gaser\Desktop\COPRRA\vendor\laravel\framework\src\Illuminate\Foundation\Testing\Concerns\InteractsWithTestCaseLifecycle.php:209
C:\Users\Gaser\Desktop\COPRRA\vendor\laravel\framework\src\Illuminate\Foundation\Testing\Concerns\InteractsWithTestCaseLifecycle.php:97
C:\Users\Gaser\Desktop\COPRRA\vendor\laravel\framework\src\Illuminate\Foundation\Testing\TestCase.php:44
C:\Users\Gaser\Desktop\COPRRA\tests\TestCase.php:25</error>
        </testcase>
        <testcase name="it_checks_storage_health" file="C:\Users\Gaser\Desktop\COPRRA\tests\Feature\Http\Controllers\ErrorControllerTest.php" line="73" class="Tests\Feature\Http\Controllers\ErrorControllerTest" classname="Tests.Feature.Http.Controllers.ErrorControllerTest" assertions="0" time="0.000000">
          <error type="Error">Tests\Feature\Http\Controllers\ErrorControllerTest::it_checks_storage_health&#13;
Error: Class "Mockery" not found
&#13;
C:\Users\Gaser\Desktop\COPRRA\vendor\laravel\framework\src\Illuminate\Testing\PendingCommand.php:550
C:\Users\Gaser\Desktop\COPRRA\vendor\laravel\framework\src\Illuminate\Testing\PendingCommand.php:448
C:\Users\Gaser\Desktop\COPRRA\vendor\laravel\framework\src\Illuminate\Testing\PendingCommand.php:675
C:\Users\Gaser\Desktop\COPRRA\vendor\laravel\framework\src\Illuminate\Foundation\Testing\Concerns\InteractsWithConsole.php:87
C:\Users\Gaser\Desktop\COPRRA\vendor\laravel\framework\src\Illuminate\Foundation\Testing\RefreshDatabase.php:101
C:\Users\Gaser\Desktop\COPRRA\vendor\laravel\framework\src\Illuminate\Foundation\Testing\RefreshDatabase.php:84
C:\Users\Gaser\Desktop\COPRRA\vendor\laravel\framework\src\Illuminate\Foundation\Testing\RefreshDatabase.php:25
C:\Users\Gaser\Desktop\COPRRA\vendor\laravel\framework\src\Illuminate\Foundation\Testing\Concerns\InteractsWithTestCaseLifecycle.php:209
C:\Users\Gaser\Desktop\COPRRA\vendor\laravel\framework\src\Illuminate\Foundation\Testing\Concerns\InteractsWithTestCaseLifecycle.php:97
C:\Users\Gaser\Desktop\COPRRA\vendor\laravel\framework\src\Illuminate\Foundation\Testing\TestCase.php:44
C:\Users\Gaser\Desktop\COPRRA\tests\TestCase.php:25</error>
        </testcase>
        <testcase name="it_checks_memory_health" file="C:\Users\Gaser\Desktop\COPRRA\tests\Feature\Http\Controllers\ErrorControllerTest.php" line="79" class="Tests\Feature\Http\Controllers\ErrorControllerTest" classname="Tests.Feature.Http.Controllers.ErrorControllerTest" assertions="0" time="0.000000">
          <error type="Error">Tests\Feature\Http\Controllers\ErrorControllerTest::it_checks_memory_health&#13;
Error: Class "Mockery" not found
&#13;
C:\Users\Gaser\Desktop\COPRRA\vendor\laravel\framework\src\Illuminate\Testing\PendingCommand.php:550
C:\Users\Gaser\Desktop\COPRRA\vendor\laravel\framework\src\Illuminate\Testing\PendingCommand.php:448
C:\Users\Gaser\Desktop\COPRRA\vendor\laravel\framework\src\Illuminate\Testing\PendingCommand.php:675
C:\Users\Gaser\Desktop\COPRRA\vendor\laravel\framework\src\Illuminate\Foundation\Testing\Concerns\InteractsWithConsole.php:87
C:\Users\Gaser\Desktop\COPRRA\vendor\laravel\framework\src\Illuminate\Foundation\Testing\RefreshDatabase.php:101
C:\Users\Gaser\Desktop\COPRRA\vendor\laravel\framework\src\Illuminate\Foundation\Testing\RefreshDatabase.php:84
C:\Users\Gaser\Desktop\COPRRA\vendor\laravel\framework\src\Illuminate\Foundation\Testing\RefreshDatabase.php:25
C:\Users\Gaser\Desktop\COPRRA\vendor\laravel\framework\src\Illuminate\Foundation\Testing\Concerns\InteractsWithTestCaseLifecycle.php:209
C:\Users\Gaser\Desktop\COPRRA\vendor\laravel\framework\src\Illuminate\Foundation\Testing\Concerns\InteractsWithTestCaseLifecycle.php:97
C:\Users\Gaser\Desktop\COPRRA\vendor\laravel\framework\src\Illuminate\Foundation\Testing\TestCase.php:44
C:\Users\Gaser\Desktop\COPRRA\tests\TestCase.php:25</error>
        </testcase>
        <testcase name="it_checks_disk_space_health" file="C:\Users\Gaser\Desktop\COPRRA\tests\Feature\Http\Controllers\ErrorControllerTest.php" line="85" class="Tests\Feature\Http\Controllers\ErrorControllerTest" classname="Tests.Feature.Http.Controllers.ErrorControllerTest" assertions="0" time="0.000000">
          <error type="Error">Tests\Feature\Http\Controllers\ErrorControllerTest::it_checks_disk_space_health&#13;
Error: Class "Mockery" not found
&#13;
C:\Users\Gaser\Desktop\COPRRA\vendor\laravel\framework\src\Illuminate\Testing\PendingCommand.php:550
C:\Users\Gaser\Desktop\COPRRA\vendor\laravel\framework\src\Illuminate\Testing\PendingCommand.php:448
C:\Users\Gaser\Desktop\COPRRA\vendor\laravel\framework\src\Illuminate\Testing\PendingCommand.php:675
C:\Users\Gaser\Desktop\COPRRA\vendor\laravel\framework\src\Illuminate\Foundation\Testing\Concerns\InteractsWithConsole.php:87
C:\Users\Gaser\Desktop\COPRRA\vendor\laravel\framework\src\Illuminate\Foundation\Testing\RefreshDatabase.php:101
C:\Users\Gaser\Desktop\COPRRA\vendor\laravel\framework\src\Illuminate\Foundation\Testing\RefreshDatabase.php:84
C:\Users\Gaser\Desktop\COPRRA\vendor\laravel\framework\src\Illuminate\Foundation\Testing\RefreshDatabase.php:25
C:\Users\Gaser\Desktop\COPRRA\vendor\laravel\framework\src\Illuminate\Foundation\Testing\Concerns\InteractsWithTestCaseLifecycle.php:209
C:\Users\Gaser\Desktop\COPRRA\vendor\laravel\framework\src\Illuminate\Foundation\Testing\Concerns\InteractsWithTestCaseLifecycle.php:97
C:\Users\Gaser\Desktop\COPRRA\vendor\laravel\framework\src\Illuminate\Foundation\Testing\TestCase.php:44
C:\Users\Gaser\Desktop\COPRRA\tests\TestCase.php:25</error>
        </testcase>
        <testcase name="it_handles_database_connection_failure" file="C:\Users\Gaser\Desktop\COPRRA\tests\Feature\Http\Controllers\ErrorControllerTest.php" line="91" class="Tests\Feature\Http\Controllers\ErrorControllerTest" classname="Tests.Feature.Http.Controllers.ErrorControllerTest" assertions="0" time="0.000000">
          <error type="Error">Tests\Feature\Http\Controllers\ErrorControllerTest::it_handles_database_connection_failure&#13;
Error: Class "Mockery" not found
&#13;
C:\Users\Gaser\Desktop\COPRRA\vendor\laravel\framework\src\Illuminate\Testing\PendingCommand.php:550
C:\Users\Gaser\Desktop\COPRRA\vendor\laravel\framework\src\Illuminate\Testing\PendingCommand.php:448
C:\Users\Gaser\Desktop\COPRRA\vendor\laravel\framework\src\Illuminate\Testing\PendingCommand.php:675
C:\Users\Gaser\Desktop\COPRRA\vendor\laravel\framework\src\Illuminate\Foundation\Testing\Concerns\InteractsWithConsole.php:87
C:\Users\Gaser\Desktop\COPRRA\vendor\laravel\framework\src\Illuminate\Foundation\Testing\RefreshDatabase.php:101
C:\Users\Gaser\Desktop\COPRRA\vendor\laravel\framework\src\Illuminate\Foundation\Testing\RefreshDatabase.php:84
C:\Users\Gaser\Desktop\COPRRA\vendor\laravel\framework\src\Illuminate\Foundation\Testing\RefreshDatabase.php:25
C:\Users\Gaser\Desktop\COPRRA\vendor\laravel\framework\src\Illuminate\Foundation\Testing\Concerns\InteractsWithTestCaseLifecycle.php:209
C:\Users\Gaser\Desktop\COPRRA\vendor\laravel\framework\src\Illuminate\Foundation\Testing\Concerns\InteractsWithTestCaseLifecycle.php:97
C:\Users\Gaser\Desktop\COPRRA\vendor\laravel\framework\src\Illuminate\Foundation\Testing\TestCase.php:44
C:\Users\Gaser\Desktop\COPRRA\tests\TestCase.php:25</error>
        </testcase>
        <testcase name="it_handles_cache_failure" file="C:\Users\Gaser\Desktop\COPRRA\tests\Feature\Http\Controllers\ErrorControllerTest.php" line="97" class="Tests\Feature\Http\Controllers\ErrorControllerTest" classname="Tests.Feature.Http.Controllers.ErrorControllerTest" assertions="0" time="0.000000">
          <error type="Error">Tests\Feature\Http\Controllers\ErrorControllerTest::it_handles_cache_failure&#13;
Error: Class "Mockery" not found
&#13;
C:\Users\Gaser\Desktop\COPRRA\vendor\laravel\framework\src\Illuminate\Testing\PendingCommand.php:550
C:\Users\Gaser\Desktop\COPRRA\vendor\laravel\framework\src\Illuminate\Testing\PendingCommand.php:448
C:\Users\Gaser\Desktop\COPRRA\vendor\laravel\framework\src\Illuminate\Testing\PendingCommand.php:675
C:\Users\Gaser\Desktop\COPRRA\vendor\laravel\framework\src\Illuminate\Foundation\Testing\Concerns\InteractsWithConsole.php:87
C:\Users\Gaser\Desktop\COPRRA\vendor\laravel\framework\src\Illuminate\Foundation\Testing\RefreshDatabase.php:101
C:\Users\Gaser\Desktop\COPRRA\vendor\laravel\framework\src\Illuminate\Foundation\Testing\RefreshDatabase.php:84
C:\Users\Gaser\Desktop\COPRRA\vendor\laravel\framework\src\Illuminate\Foundation\Testing\RefreshDatabase.php:25
C:\Users\Gaser\Desktop\COPRRA\vendor\laravel\framework\src\Illuminate\Foundation\Testing\Concerns\InteractsWithTestCaseLifecycle.php:209
C:\Users\Gaser\Desktop\COPRRA\vendor\laravel\framework\src\Illuminate\Foundation\Testing\Concerns\InteractsWithTestCaseLifecycle.php:97
C:\Users\Gaser\Desktop\COPRRA\vendor\laravel\framework\src\Illuminate\Foundation\Testing\TestCase.php:44
C:\Users\Gaser\Desktop\COPRRA\tests\TestCase.php:25</error>
        </testcase>
        <testcase name="it_handles_storage_failure" file="C:\Users\Gaser\Desktop\COPRRA\tests\Feature\Http\Controllers\ErrorControllerTest.php" line="103" class="Tests\Feature\Http\Controllers\ErrorControllerTest" classname="Tests.Feature.Http.Controllers.ErrorControllerTest" assertions="0" time="0.000000">
          <error type="Error">Tests\Feature\Http\Controllers\ErrorControllerTest::it_handles_storage_failure&#13;
Error: Class "Mockery" not found
&#13;
C:\Users\Gaser\Desktop\COPRRA\vendor\laravel\framework\src\Illuminate\Testing\PendingCommand.php:550
C:\Users\Gaser\Desktop\COPRRA\vendor\laravel\framework\src\Illuminate\Testing\PendingCommand.php:448
C:\Users\Gaser\Desktop\COPRRA\vendor\laravel\framework\src\Illuminate\Testing\PendingCommand.php:675
C:\Users\Gaser\Desktop\COPRRA\vendor\laravel\framework\src\Illuminate\Foundation\Testing\Concerns\InteractsWithConsole.php:87
C:\Users\Gaser\Desktop\COPRRA\vendor\laravel\framework\src\Illuminate\Foundation\Testing\RefreshDatabase.php:101
C:\Users\Gaser\Desktop\COPRRA\vendor\laravel\framework\src\Illuminate\Foundation\Testing\RefreshDatabase.php:84
C:\Users\Gaser\Desktop\COPRRA\vendor\laravel\framework\src\Illuminate\Foundation\Testing\RefreshDatabase.php:25
C:\Users\Gaser\Desktop\COPRRA\vendor\laravel\framework\src\Illuminate\Foundation\Testing\Concerns\InteractsWithTestCaseLifecycle.php:209
C:\Users\Gaser\Desktop\COPRRA\vendor\laravel\framework\src\Illuminate\Foundation\Testing\Concerns\InteractsWithTestCaseLifecycle.php:97
C:\Users\Gaser\Desktop\COPRRA\vendor\laravel\framework\src\Illuminate\Foundation\Testing\TestCase.php:44
C:\Users\Gaser\Desktop\COPRRA\tests\TestCase.php:25</error>
        </testcase>
      </testsuite>
      <testsuite name="Tests\Feature\Http\Controllers\HealthControllerTest" file="C:\Users\Gaser\Desktop\COPRRA\tests\Feature\Http\Controllers\HealthControllerTest.php" tests="12" assertions="0" errors="12" failures="0" skipped="0" time="0.000000">
        <testcase name="it_returns_healthy_status_when_all_systems_operational" file="C:\Users\Gaser\Desktop\COPRRA\tests\Feature\Http\Controllers\HealthControllerTest.php" line="21" class="Tests\Feature\Http\Controllers\HealthControllerTest" classname="Tests.Feature.Http.Controllers.HealthControllerTest" assertions="0" time="0.000000">
          <error type="Error">Tests\Feature\Http\Controllers\HealthControllerTest::it_returns_healthy_status_when_all_systems_operational&#13;
Error: Class "Mockery" not found
&#13;
C:\Users\Gaser\Desktop\COPRRA\vendor\laravel\framework\src\Illuminate\Testing\PendingCommand.php:550
C:\Users\Gaser\Desktop\COPRRA\vendor\laravel\framework\src\Illuminate\Testing\PendingCommand.php:448
C:\Users\Gaser\Desktop\COPRRA\vendor\laravel\framework\src\Illuminate\Testing\PendingCommand.php:675
C:\Users\Gaser\Desktop\COPRRA\vendor\laravel\framework\src\Illuminate\Foundation\Testing\Concerns\InteractsWithConsole.php:87
C:\Users\Gaser\Desktop\COPRRA\vendor\laravel\framework\src\Illuminate\Foundation\Testing\RefreshDatabase.php:101
C:\Users\Gaser\Desktop\COPRRA\vendor\laravel\framework\src\Illuminate\Foundation\Testing\RefreshDatabase.php:84
C:\Users\Gaser\Desktop\COPRRA\vendor\laravel\framework\src\Illuminate\Foundation\Testing\RefreshDatabase.php:25
C:\Users\Gaser\Desktop\COPRRA\vendor\laravel\framework\src\Illuminate\Foundation\Testing\Concerns\InteractsWithTestCaseLifecycle.php:209
C:\Users\Gaser\Desktop\COPRRA\vendor\laravel\framework\src\Illuminate\Foundation\Testing\Concerns\InteractsWithTestCaseLifecycle.php:97
C:\Users\Gaser\Desktop\COPRRA\vendor\laravel\framework\src\Illuminate\Foundation\Testing\TestCase.php:44
C:\Users\Gaser\Desktop\COPRRA\tests\TestCase.php:25</error>
        </testcase>
        <testcase name="it_returns_unhealthy_status_when_database_fails" file="C:\Users\Gaser\Desktop\COPRRA\tests\Feature\Http\Controllers\HealthControllerTest.php" line="29" class="Tests\Feature\Http\Controllers\HealthControllerTest" classname="Tests.Feature.Http.Controllers.HealthControllerTest" assertions="0" time="0.000000">
          <error type="Error">Tests\Feature\Http\Controllers\HealthControllerTest::it_returns_unhealthy_status_when_database_fails&#13;
Error: Class "Mockery" not found
&#13;
C:\Users\Gaser\Desktop\COPRRA\vendor\laravel\framework\src\Illuminate\Testing\PendingCommand.php:550
C:\Users\Gaser\Desktop\COPRRA\vendor\laravel\framework\src\Illuminate\Testing\PendingCommand.php:448
C:\Users\Gaser\Desktop\COPRRA\vendor\laravel\framework\src\Illuminate\Testing\PendingCommand.php:675
C:\Users\Gaser\Desktop\COPRRA\vendor\laravel\framework\src\Illuminate\Foundation\Testing\Concerns\InteractsWithConsole.php:87
C:\Users\Gaser\Desktop\COPRRA\vendor\laravel\framework\src\Illuminate\Foundation\Testing\RefreshDatabase.php:101
C:\Users\Gaser\Desktop\COPRRA\vendor\laravel\framework\src\Illuminate\Foundation\Testing\RefreshDatabase.php:84
C:\Users\Gaser\Desktop\COPRRA\vendor\laravel\framework\src\Illuminate\Foundation\Testing\RefreshDatabase.php:25
C:\Users\Gaser\Desktop\COPRRA\vendor\laravel\framework\src\Illuminate\Foundation\Testing\Concerns\InteractsWithTestCaseLifecycle.php:209
C:\Users\Gaser\Desktop\COPRRA\vendor\laravel\framework\src\Illuminate\Foundation\Testing\Concerns\InteractsWithTestCaseLifecycle.php:97
C:\Users\Gaser\Desktop\COPRRA\vendor\laravel\framework\src\Illuminate\Foundation\Testing\TestCase.php:44
C:\Users\Gaser\Desktop\COPRRA\tests\TestCase.php:25</error>
        </testcase>
        <testcase name="it_returns_unhealthy_status_when_storage_is_not_writable" file="C:\Users\Gaser\Desktop\COPRRA\tests\Feature\Http\Controllers\HealthControllerTest.php" line="37" class="Tests\Feature\Http\Controllers\HealthControllerTest" classname="Tests.Feature.Http.Controllers.HealthControllerTest" assertions="0" time="0.000000">
          <error type="Error">Tests\Feature\Http\Controllers\HealthControllerTest::it_returns_unhealthy_status_when_storage_is_not_writable&#13;
Error: Class "Mockery" not found
&#13;
C:\Users\Gaser\Desktop\COPRRA\vendor\laravel\framework\src\Illuminate\Testing\PendingCommand.php:550
C:\Users\Gaser\Desktop\COPRRA\vendor\laravel\framework\src\Illuminate\Testing\PendingCommand.php:448
C:\Users\Gaser\Desktop\COPRRA\vendor\laravel\framework\src\Illuminate\Testing\PendingCommand.php:675
C:\Users\Gaser\Desktop\COPRRA\vendor\laravel\framework\src\Illuminate\Foundation\Testing\Concerns\InteractsWithConsole.php:87
C:\Users\Gaser\Desktop\COPRRA\vendor\laravel\framework\src\Illuminate\Foundation\Testing\RefreshDatabase.php:101
C:\Users\Gaser\Desktop\COPRRA\vendor\laravel\framework\src\Illuminate\Foundation\Testing\RefreshDatabase.php:84
C:\Users\Gaser\Desktop\COPRRA\vendor\laravel\framework\src\Illuminate\Foundation\Testing\RefreshDatabase.php:25
C:\Users\Gaser\Desktop\COPRRA\vendor\laravel\framework\src\Illuminate\Foundation\Testing\Concerns\InteractsWithTestCaseLifecycle.php:209
C:\Users\Gaser\Desktop\COPRRA\vendor\laravel\framework\src\Illuminate\Foundation\Testing\Concerns\InteractsWithTestCaseLifecycle.php:97
C:\Users\Gaser\Desktop\COPRRA\vendor\laravel\framework\src\Illuminate\Foundation\Testing\TestCase.php:44
C:\Users\Gaser\Desktop\COPRRA\tests\TestCase.php:25</error>
        </testcase>
        <testcase name="it_returns_unhealthy_status_when_cache_fails" file="C:\Users\Gaser\Desktop\COPRRA\tests\Feature\Http\Controllers\HealthControllerTest.php" line="45" class="Tests\Feature\Http\Controllers\HealthControllerTest" classname="Tests.Feature.Http.Controllers.HealthControllerTest" assertions="0" time="0.000000">
          <error type="Error">Tests\Feature\Http\Controllers\HealthControllerTest::it_returns_unhealthy_status_when_cache_fails&#13;
Error: Class "Mockery" not found
&#13;
C:\Users\Gaser\Desktop\COPRRA\vendor\laravel\framework\src\Illuminate\Testing\PendingCommand.php:550
C:\Users\Gaser\Desktop\COPRRA\vendor\laravel\framework\src\Illuminate\Testing\PendingCommand.php:448
C:\Users\Gaser\Desktop\COPRRA\vendor\laravel\framework\src\Illuminate\Testing\PendingCommand.php:675
C:\Users\Gaser\Desktop\COPRRA\vendor\laravel\framework\src\Illuminate\Foundation\Testing\Concerns\InteractsWithConsole.php:87
C:\Users\Gaser\Desktop\COPRRA\vendor\laravel\framework\src\Illuminate\Foundation\Testing\RefreshDatabase.php:101
C:\Users\Gaser\Desktop\COPRRA\vendor\laravel\framework\src\Illuminate\Foundation\Testing\RefreshDatabase.php:84
C:\Users\Gaser\Desktop\COPRRA\vendor\laravel\framework\src\Illuminate\Foundation\Testing\RefreshDatabase.php:25
C:\Users\Gaser\Desktop\COPRRA\vendor\laravel\framework\src\Illuminate\Foundation\Testing\Concerns\InteractsWithTestCaseLifecycle.php:209
C:\Users\Gaser\Desktop\COPRRA\vendor\laravel\framework\src\Illuminate\Foundation\Testing\Concerns\InteractsWithTestCaseLifecycle.php:97
C:\Users\Gaser\Desktop\COPRRA\vendor\laravel\framework\src\Illuminate\Foundation\Testing\TestCase.php:44
C:\Users\Gaser\Desktop\COPRRA\tests\TestCase.php:25</error>
        </testcase>
        <testcase name="it_includes_timestamp_in_response" file="C:\Users\Gaser\Desktop\COPRRA\tests\Feature\Http\Controllers\HealthControllerTest.php" line="53" class="Tests\Feature\Http\Controllers\HealthControllerTest" classname="Tests.Feature.Http.Controllers.HealthControllerTest" assertions="0" time="0.000000">
          <error type="Error">Tests\Feature\Http\Controllers\HealthControllerTest::it_includes_timestamp_in_response&#13;
Error: Class "Mockery" not found
&#13;
C:\Users\Gaser\Desktop\COPRRA\vendor\laravel\framework\src\Illuminate\Testing\PendingCommand.php:550
C:\Users\Gaser\Desktop\COPRRA\vendor\laravel\framework\src\Illuminate\Testing\PendingCommand.php:448
C:\Users\Gaser\Desktop\COPRRA\vendor\laravel\framework\src\Illuminate\Testing\PendingCommand.php:675
C:\Users\Gaser\Desktop\COPRRA\vendor\laravel\framework\src\Illuminate\Foundation\Testing\Concerns\InteractsWithConsole.php:87
C:\Users\Gaser\Desktop\COPRRA\vendor\laravel\framework\src\Illuminate\Foundation\Testing\RefreshDatabase.php:101
C:\Users\Gaser\Desktop\COPRRA\vendor\laravel\framework\src\Illuminate\Foundation\Testing\RefreshDatabase.php:84
C:\Users\Gaser\Desktop\COPRRA\vendor\laravel\framework\src\Illuminate\Foundation\Testing\RefreshDatabase.php:25
C:\Users\Gaser\Desktop\COPRRA\vendor\laravel\framework\src\Illuminate\Foundation\Testing\Concerns\InteractsWithTestCaseLifecycle.php:209
C:\Users\Gaser\Desktop\COPRRA\vendor\laravel\framework\src\Illuminate\Foundation\Testing\Concerns\InteractsWithTestCaseLifecycle.php:97
C:\Users\Gaser\Desktop\COPRRA\vendor\laravel\framework\src\Illuminate\Foundation\Testing\TestCase.php:44
C:\Users\Gaser\Desktop\COPRRA\tests\TestCase.php:25</error>
        </testcase>
        <testcase name="it_includes_version_in_response" file="C:\Users\Gaser\Desktop\COPRRA\tests\Feature\Http\Controllers\HealthControllerTest.php" line="61" class="Tests\Feature\Http\Controllers\HealthControllerTest" classname="Tests.Feature.Http.Controllers.HealthControllerTest" assertions="0" time="0.000000">
          <error type="Error">Tests\Feature\Http\Controllers\HealthControllerTest::it_includes_version_in_response&#13;
Error: Class "Mockery" not found
&#13;
C:\Users\Gaser\Desktop\COPRRA\vendor\laravel\framework\src\Illuminate\Testing\PendingCommand.php:550
C:\Users\Gaser\Desktop\COPRRA\vendor\laravel\framework\src\Illuminate\Testing\PendingCommand.php:448
C:\Users\Gaser\Desktop\COPRRA\vendor\laravel\framework\src\Illuminate\Testing\PendingCommand.php:675
C:\Users\Gaser\Desktop\COPRRA\vendor\laravel\framework\src\Illuminate\Foundation\Testing\Concerns\InteractsWithConsole.php:87
C:\Users\Gaser\Desktop\COPRRA\vendor\laravel\framework\src\Illuminate\Foundation\Testing\RefreshDatabase.php:101
C:\Users\Gaser\Desktop\COPRRA\vendor\laravel\framework\src\Illuminate\Foundation\Testing\RefreshDatabase.php:84
C:\Users\Gaser\Desktop\COPRRA\vendor\laravel\framework\src\Illuminate\Foundation\Testing\RefreshDatabase.php:25
C:\Users\Gaser\Desktop\COPRRA\vendor\laravel\framework\src\Illuminate\Foundation\Testing\Concerns\InteractsWithTestCaseLifecycle.php:209
C:\Users\Gaser\Desktop\COPRRA\vendor\laravel\framework\src\Illuminate\Foundation\Testing\Concerns\InteractsWithTestCaseLifecycle.php:97
C:\Users\Gaser\Desktop\COPRRA\vendor\laravel\framework\src\Illuminate\Foundation\Testing\TestCase.php:44
C:\Users\Gaser\Desktop\COPRRA\tests\TestCase.php:25</error>
        </testcase>
        <testcase name="it_includes_environment_in_response" file="C:\Users\Gaser\Desktop\COPRRA\tests\Feature\Http\Controllers\HealthControllerTest.php" line="69" class="Tests\Feature\Http\Controllers\HealthControllerTest" classname="Tests.Feature.Http.Controllers.HealthControllerTest" assertions="0" time="0.000000">
          <error type="Error">Tests\Feature\Http\Controllers\HealthControllerTest::it_includes_environment_in_response&#13;
Error: Class "Mockery" not found
&#13;
C:\Users\Gaser\Desktop\COPRRA\vendor\laravel\framework\src\Illuminate\Testing\PendingCommand.php:550
C:\Users\Gaser\Desktop\COPRRA\vendor\laravel\framework\src\Illuminate\Testing\PendingCommand.php:448
C:\Users\Gaser\Desktop\COPRRA\vendor\laravel\framework\src\Illuminate\Testing\PendingCommand.php:675
C:\Users\Gaser\Desktop\COPRRA\vendor\laravel\framework\src\Illuminate\Foundation\Testing\Concerns\InteractsWithConsole.php:87
C:\Users\Gaser\Desktop\COPRRA\vendor\laravel\framework\src\Illuminate\Foundation\Testing\RefreshDatabase.php:101
C:\Users\Gaser\Desktop\COPRRA\vendor\laravel\framework\src\Illuminate\Foundation\Testing\RefreshDatabase.php:84
C:\Users\Gaser\Desktop\COPRRA\vendor\laravel\framework\src\Illuminate\Foundation\Testing\RefreshDatabase.php:25
C:\Users\Gaser\Desktop\COPRRA\vendor\laravel\framework\src\Illuminate\Foundation\Testing\Concerns\InteractsWithTestCaseLifecycle.php:209
C:\Users\Gaser\Desktop\COPRRA\vendor\laravel\framework\src\Illuminate\Foundation\Testing\Concerns\InteractsWithTestCaseLifecycle.php:97
C:\Users\Gaser\Desktop\COPRRA\vendor\laravel\framework\src\Illuminate\Foundation\Testing\TestCase.php:44
C:\Users\Gaser\Desktop\COPRRA\tests\TestCase.php:25</error>
        </testcase>
        <testcase name="it_tests_database_connection" file="C:\Users\Gaser\Desktop\COPRRA\tests\Feature\Http\Controllers\HealthControllerTest.php" line="77" class="Tests\Feature\Http\Controllers\HealthControllerTest" classname="Tests.Feature.Http.Controllers.HealthControllerTest" assertions="0" time="0.000000">
          <error type="Error">Tests\Feature\Http\Controllers\HealthControllerTest::it_tests_database_connection&#13;
Error: Class "Mockery" not found
&#13;
C:\Users\Gaser\Desktop\COPRRA\vendor\laravel\framework\src\Illuminate\Testing\PendingCommand.php:550
C:\Users\Gaser\Desktop\COPRRA\vendor\laravel\framework\src\Illuminate\Testing\PendingCommand.php:448
C:\Users\Gaser\Desktop\COPRRA\vendor\laravel\framework\src\Illuminate\Testing\PendingCommand.php:675
C:\Users\Gaser\Desktop\COPRRA\vendor\laravel\framework\src\Illuminate\Foundation\Testing\Concerns\InteractsWithConsole.php:87
C:\Users\Gaser\Desktop\COPRRA\vendor\laravel\framework\src\Illuminate\Foundation\Testing\RefreshDatabase.php:101
C:\Users\Gaser\Desktop\COPRRA\vendor\laravel\framework\src\Illuminate\Foundation\Testing\RefreshDatabase.php:84
C:\Users\Gaser\Desktop\COPRRA\vendor\laravel\framework\src\Illuminate\Foundation\Testing\RefreshDatabase.php:25
C:\Users\Gaser\Desktop\COPRRA\vendor\laravel\framework\src\Illuminate\Foundation\Testing\Concerns\InteractsWithTestCaseLifecycle.php:209
C:\Users\Gaser\Desktop\COPRRA\vendor\laravel\framework\src\Illuminate\Foundation\Testing\Concerns\InteractsWithTestCaseLifecycle.php:97
C:\Users\Gaser\Desktop\COPRRA\vendor\laravel\framework\src\Illuminate\Foundation\Testing\TestCase.php:44
C:\Users\Gaser\Desktop\COPRRA\tests\TestCase.php:25</error>
        </testcase>
        <testcase name="it_tests_cache_functionality" file="C:\Users\Gaser\Desktop\COPRRA\tests\Feature\Http\Controllers\HealthControllerTest.php" line="85" class="Tests\Feature\Http\Controllers\HealthControllerTest" classname="Tests.Feature.Http.Controllers.HealthControllerTest" assertions="0" time="0.000000">
          <error type="Error">Tests\Feature\Http\Controllers\HealthControllerTest::it_tests_cache_functionality&#13;
Error: Class "Mockery" not found
&#13;
C:\Users\Gaser\Desktop\COPRRA\vendor\laravel\framework\src\Illuminate\Testing\PendingCommand.php:550
C:\Users\Gaser\Desktop\COPRRA\vendor\laravel\framework\src\Illuminate\Testing\PendingCommand.php:448
C:\Users\Gaser\Desktop\COPRRA\vendor\laravel\framework\src\Illuminate\Testing\PendingCommand.php:675
C:\Users\Gaser\Desktop\COPRRA\vendor\laravel\framework\src\Illuminate\Foundation\Testing\Concerns\InteractsWithConsole.php:87
C:\Users\Gaser\Desktop\COPRRA\vendor\laravel\framework\src\Illuminate\Foundation\Testing\RefreshDatabase.php:101
C:\Users\Gaser\Desktop\COPRRA\vendor\laravel\framework\src\Illuminate\Foundation\Testing\RefreshDatabase.php:84
C:\Users\Gaser\Desktop\COPRRA\vendor\laravel\framework\src\Illuminate\Foundation\Testing\RefreshDatabase.php:25
C:\Users\Gaser\Desktop\COPRRA\vendor\laravel\framework\src\Illuminate\Foundation\Testing\Concerns\InteractsWithTestCaseLifecycle.php:209
C:\Users\Gaser\Desktop\COPRRA\vendor\laravel\framework\src\Illuminate\Foundation\Testing\Concerns\InteractsWithTestCaseLifecycle.php:97
C:\Users\Gaser\Desktop\COPRRA\vendor\laravel\framework\src\Illuminate\Foundation\Testing\TestCase.php:44
C:\Users\Gaser\Desktop\COPRRA\tests\TestCase.php:25</error>
        </testcase>
        <testcase name="it_tests_storage_writability" file="C:\Users\Gaser\Desktop\COPRRA\tests\Feature\Http\Controllers\HealthControllerTest.php" line="93" class="Tests\Feature\Http\Controllers\HealthControllerTest" classname="Tests.Feature.Http.Controllers.HealthControllerTest" assertions="0" time="0.000000">
          <error type="Error">Tests\Feature\Http\Controllers\HealthControllerTest::it_tests_storage_writability&#13;
Error: Class "Mockery" not found
&#13;
C:\Users\Gaser\Desktop\COPRRA\vendor\laravel\framework\src\Illuminate\Testing\PendingCommand.php:550
C:\Users\Gaser\Desktop\COPRRA\vendor\laravel\framework\src\Illuminate\Testing\PendingCommand.php:448
C:\Users\Gaser\Desktop\COPRRA\vendor\laravel\framework\src\Illuminate\Testing\PendingCommand.php:675
C:\Users\Gaser\Desktop\COPRRA\vendor\laravel\framework\src\Illuminate\Foundation\Testing\Concerns\InteractsWithConsole.php:87
C:\Users\Gaser\Desktop\COPRRA\vendor\laravel\framework\src\Illuminate\Foundation\Testing\RefreshDatabase.php:101
C:\Users\Gaser\Desktop\COPRRA\vendor\laravel\framework\src\Illuminate\Foundation\Testing\RefreshDatabase.php:84
C:\Users\Gaser\Desktop\COPRRA\vendor\laravel\framework\src\Illuminate\Foundation\Testing\RefreshDatabase.php:25
C:\Users\Gaser\Desktop\COPRRA\vendor\laravel\framework\src\Illuminate\Foundation\Testing\Concerns\InteractsWithTestCaseLifecycle.php:209
C:\Users\Gaser\Desktop\COPRRA\vendor\laravel\framework\src\Illuminate\Foundation\Testing\Concerns\InteractsWithTestCaseLifecycle.php:97
C:\Users\Gaser\Desktop\COPRRA\vendor\laravel\framework\src\Illuminate\Foundation\Testing\TestCase.php:44
C:\Users\Gaser\Desktop\COPRRA\tests\TestCase.php:25</error>
        </testcase>
        <testcase name="it_handles_multiple_system_failures" file="C:\Users\Gaser\Desktop\COPRRA\tests\Feature\Http\Controllers\HealthControllerTest.php" line="101" class="Tests\Feature\Http\Controllers\HealthControllerTest" classname="Tests.Feature.Http.Controllers.HealthControllerTest" assertions="0" time="0.000000">
          <error type="Error">Tests\Feature\Http\Controllers\HealthControllerTest::it_handles_multiple_system_failures&#13;
Error: Class "Mockery" not found
&#13;
C:\Users\Gaser\Desktop\COPRRA\vendor\laravel\framework\src\Illuminate\Testing\PendingCommand.php:550
C:\Users\Gaser\Desktop\COPRRA\vendor\laravel\framework\src\Illuminate\Testing\PendingCommand.php:448
C:\Users\Gaser\Desktop\COPRRA\vendor\laravel\framework\src\Illuminate\Testing\PendingCommand.php:675
C:\Users\Gaser\Desktop\COPRRA\vendor\laravel\framework\src\Illuminate\Foundation\Testing\Concerns\InteractsWithConsole.php:87
C:\Users\Gaser\Desktop\COPRRA\vendor\laravel\framework\src\Illuminate\Foundation\Testing\RefreshDatabase.php:101
C:\Users\Gaser\Desktop\COPRRA\vendor\laravel\framework\src\Illuminate\Foundation\Testing\RefreshDatabase.php:84
C:\Users\Gaser\Desktop\COPRRA\vendor\laravel\framework\src\Illuminate\Foundation\Testing\RefreshDatabase.php:25
C:\Users\Gaser\Desktop\COPRRA\vendor\laravel\framework\src\Illuminate\Foundation\Testing\Concerns\InteractsWithTestCaseLifecycle.php:209
C:\Users\Gaser\Desktop\COPRRA\vendor\laravel\framework\src\Illuminate\Foundation\Testing\Concerns\InteractsWithTestCaseLifecycle.php:97
C:\Users\Gaser\Desktop\COPRRA\vendor\laravel\framework\src\Illuminate\Foundation\Testing\TestCase.php:44
C:\Users\Gaser\Desktop\COPRRA\tests\TestCase.php:25</error>
        </testcase>
        <testcase name="it_handles_cache_test_failure" file="C:\Users\Gaser\Desktop\COPRRA\tests\Feature\Http\Controllers\HealthControllerTest.php" line="109" class="Tests\Feature\Http\Controllers\HealthControllerTest" classname="Tests.Feature.Http.Controllers.HealthControllerTest" assertions="0" time="0.000000">
          <error type="Error">Tests\Feature\Http\Controllers\HealthControllerTest::it_handles_cache_test_failure&#13;
Error: Class "Mockery" not found
&#13;
C:\Users\Gaser\Desktop\COPRRA\vendor\laravel\framework\src\Illuminate\Testing\PendingCommand.php:550
C:\Users\Gaser\Desktop\COPRRA\vendor\laravel\framework\src\Illuminate\Testing\PendingCommand.php:448
C:\Users\Gaser\Desktop\COPRRA\vendor\laravel\framework\src\Illuminate\Testing\PendingCommand.php:675
C:\Users\Gaser\Desktop\COPRRA\vendor\laravel\framework\src\Illuminate\Foundation\Testing\Concerns\InteractsWithConsole.php:87
C:\Users\Gaser\Desktop\COPRRA\vendor\laravel\framework\src\Illuminate\Foundation\Testing\RefreshDatabase.php:101
C:\Users\Gaser\Desktop\COPRRA\vendor\laravel\framework\src\Illuminate\Foundation\Testing\RefreshDatabase.php:84
C:\Users\Gaser\Desktop\COPRRA\vendor\laravel\framework\src\Illuminate\Foundation\Testing\RefreshDatabase.php:25
C:\Users\Gaser\Desktop\COPRRA\vendor\laravel\framework\src\Illuminate\Foundation\Testing\Concerns\InteractsWithTestCaseLifecycle.php:209
C:\Users\Gaser\Desktop\COPRRA\vendor\laravel\framework\src\Illuminate\Foundation\Testing\Concerns\InteractsWithTestCaseLifecycle.php:97
C:\Users\Gaser\Desktop\COPRRA\vendor\laravel\framework\src\Illuminate\Foundation\Testing\TestCase.php:44
C:\Users\Gaser\Desktop\COPRRA\tests\TestCase.php:25</error>
        </testcase>
      </testsuite>
      <testsuite name="Tests\Feature\Http\Controllers\HomeControllerTest" file="C:\Users\Gaser\Desktop\COPRRA\tests\Feature\Http\Controllers\HomeControllerTest.php" tests="3" assertions="0" errors="3" failures="0" skipped="0" time="0.000000">
        <testcase name="it_can_display_home_page" file="C:\Users\Gaser\Desktop\COPRRA\tests\Feature\Http\Controllers\HomeControllerTest.php" line="21" class="Tests\Feature\Http\Controllers\HomeControllerTest" classname="Tests.Feature.Http.Controllers.HomeControllerTest" assertions="0" time="0.000000">
          <error type="Error">Tests\Feature\Http\Controllers\HomeControllerTest::it_can_display_home_page&#13;
Error: Class "Mockery" not found
&#13;
C:\Users\Gaser\Desktop\COPRRA\vendor\laravel\framework\src\Illuminate\Testing\PendingCommand.php:550
C:\Users\Gaser\Desktop\COPRRA\vendor\laravel\framework\src\Illuminate\Testing\PendingCommand.php:448
C:\Users\Gaser\Desktop\COPRRA\vendor\laravel\framework\src\Illuminate\Testing\PendingCommand.php:675
C:\Users\Gaser\Desktop\COPRRA\vendor\laravel\framework\src\Illuminate\Foundation\Testing\Concerns\InteractsWithConsole.php:87
C:\Users\Gaser\Desktop\COPRRA\vendor\laravel\framework\src\Illuminate\Foundation\Testing\RefreshDatabase.php:101
C:\Users\Gaser\Desktop\COPRRA\vendor\laravel\framework\src\Illuminate\Foundation\Testing\RefreshDatabase.php:84
C:\Users\Gaser\Desktop\COPRRA\vendor\laravel\framework\src\Illuminate\Foundation\Testing\RefreshDatabase.php:25
C:\Users\Gaser\Desktop\COPRRA\vendor\laravel\framework\src\Illuminate\Foundation\Testing\Concerns\InteractsWithTestCaseLifecycle.php:209
C:\Users\Gaser\Desktop\COPRRA\vendor\laravel\framework\src\Illuminate\Foundation\Testing\Concerns\InteractsWithTestCaseLifecycle.php:97
C:\Users\Gaser\Desktop\COPRRA\vendor\laravel\framework\src\Illuminate\Foundation\Testing\TestCase.php:44
C:\Users\Gaser\Desktop\COPRRA\tests\TestCase.php:25</error>
        </testcase>
        <testcase name="it_displays_featured_products_on_home_page" file="C:\Users\Gaser\Desktop\COPRRA\tests\Feature\Http\Controllers\HomeControllerTest.php" line="29" class="Tests\Feature\Http\Controllers\HomeControllerTest" classname="Tests.Feature.Http.Controllers.HomeControllerTest" assertions="0" time="0.000000">
          <error type="Error">Tests\Feature\Http\Controllers\HomeControllerTest::it_displays_featured_products_on_home_page&#13;
Error: Class "Mockery" not found
&#13;
C:\Users\Gaser\Desktop\COPRRA\vendor\laravel\framework\src\Illuminate\Testing\PendingCommand.php:550
C:\Users\Gaser\Desktop\COPRRA\vendor\laravel\framework\src\Illuminate\Testing\PendingCommand.php:448
C:\Users\Gaser\Desktop\COPRRA\vendor\laravel\framework\src\Illuminate\Testing\PendingCommand.php:675
C:\Users\Gaser\Desktop\COPRRA\vendor\laravel\framework\src\Illuminate\Foundation\Testing\Concerns\InteractsWithConsole.php:87
C:\Users\Gaser\Desktop\COPRRA\vendor\laravel\framework\src\Illuminate\Foundation\Testing\RefreshDatabase.php:101
C:\Users\Gaser\Desktop\COPRRA\vendor\laravel\framework\src\Illuminate\Foundation\Testing\RefreshDatabase.php:84
C:\Users\Gaser\Desktop\COPRRA\vendor\laravel\framework\src\Illuminate\Foundation\Testing\RefreshDatabase.php:25
C:\Users\Gaser\Desktop\COPRRA\vendor\laravel\framework\src\Illuminate\Foundation\Testing\Concerns\InteractsWithTestCaseLifecycle.php:209
C:\Users\Gaser\Desktop\COPRRA\vendor\laravel\framework\src\Illuminate\Foundation\Testing\Concerns\InteractsWithTestCaseLifecycle.php:97
C:\Users\Gaser\Desktop\COPRRA\vendor\laravel\framework\src\Illuminate\Foundation\Testing\TestCase.php:44
C:\Users\Gaser\Desktop\COPRRA\tests\TestCase.php:25</error>
        </testcase>
        <testcase name="it_displays_latest_products_on_home_page" file="C:\Users\Gaser\Desktop\COPRRA\tests\Feature\Http\Controllers\HomeControllerTest.php" line="37" class="Tests\Feature\Http\Controllers\HomeControllerTest" classname="Tests.Feature.Http.Controllers.HomeControllerTest" assertions="0" time="0.000000">
          <error type="Error">Tests\Feature\Http\Controllers\HomeControllerTest::it_displays_latest_products_on_home_page&#13;
Error: Class "Mockery" not found
&#13;
C:\Users\Gaser\Desktop\COPRRA\vendor\laravel\framework\src\Illuminate\Testing\PendingCommand.php:550
C:\Users\Gaser\Desktop\COPRRA\vendor\laravel\framework\src\Illuminate\Testing\PendingCommand.php:448
C:\Users\Gaser\Desktop\COPRRA\vendor\laravel\framework\src\Illuminate\Testing\PendingCommand.php:675
C:\Users\Gaser\Desktop\COPRRA\vendor\laravel\framework\src\Illuminate\Foundation\Testing\Concerns\InteractsWithConsole.php:87
C:\Users\Gaser\Desktop\COPRRA\vendor\laravel\framework\src\Illuminate\Foundation\Testing\RefreshDatabase.php:101
C:\Users\Gaser\Desktop\COPRRA\vendor\laravel\framework\src\Illuminate\Foundation\Testing\RefreshDatabase.php:84
C:\Users\Gaser\Desktop\COPRRA\vendor\laravel\framework\src\Illuminate\Foundation\Testing\RefreshDatabase.php:25
C:\Users\Gaser\Desktop\COPRRA\vendor\laravel\framework\src\Illuminate\Foundation\Testing\Concerns\InteractsWithTestCaseLifecycle.php:209
C:\Users\Gaser\Desktop\COPRRA\vendor\laravel\framework\src\Illuminate\Foundation\Testing\Concerns\InteractsWithTestCaseLifecycle.php:97
C:\Users\Gaser\Desktop\COPRRA\vendor\laravel\framework\src\Illuminate\Foundation\Testing\TestCase.php:44
C:\Users\Gaser\Desktop\COPRRA\tests\TestCase.php:25</error>
        </testcase>
      </testsuite>
      <testsuite name="Tests\Feature\Http\Controllers\LocaleControllerTest" file="C:\Users\Gaser\Desktop\COPRRA\tests\Feature\Http\Controllers\LocaleControllerTest.php" tests="5" assertions="0" errors="5" failures="0" skipped="0" time="0.000000">
        <testcase name="it_can_switch_language" file="C:\Users\Gaser\Desktop\COPRRA\tests\Feature\Http\Controllers\LocaleControllerTest.php" line="21" class="Tests\Feature\Http\Controllers\LocaleControllerTest" classname="Tests.Feature.Http.Controllers.LocaleControllerTest" assertions="0" time="0.000000">
          <error type="Error">Tests\Feature\Http\Controllers\LocaleControllerTest::it_can_switch_language&#13;
Error: Class "Mockery" not found
&#13;
C:\Users\Gaser\Desktop\COPRRA\vendor\laravel\framework\src\Illuminate\Testing\PendingCommand.php:550
C:\Users\Gaser\Desktop\COPRRA\vendor\laravel\framework\src\Illuminate\Testing\PendingCommand.php:448
C:\Users\Gaser\Desktop\COPRRA\vendor\laravel\framework\src\Illuminate\Testing\PendingCommand.php:675
C:\Users\Gaser\Desktop\COPRRA\vendor\laravel\framework\src\Illuminate\Foundation\Testing\Concerns\InteractsWithConsole.php:87
C:\Users\Gaser\Desktop\COPRRA\vendor\laravel\framework\src\Illuminate\Foundation\Testing\RefreshDatabase.php:101
C:\Users\Gaser\Desktop\COPRRA\vendor\laravel\framework\src\Illuminate\Foundation\Testing\RefreshDatabase.php:84
C:\Users\Gaser\Desktop\COPRRA\vendor\laravel\framework\src\Illuminate\Foundation\Testing\RefreshDatabase.php:25
C:\Users\Gaser\Desktop\COPRRA\vendor\laravel\framework\src\Illuminate\Foundation\Testing\Concerns\InteractsWithTestCaseLifecycle.php:209
C:\Users\Gaser\Desktop\COPRRA\vendor\laravel\framework\src\Illuminate\Foundation\Testing\Concerns\InteractsWithTestCaseLifecycle.php:97
C:\Users\Gaser\Desktop\COPRRA\vendor\laravel\framework\src\Illuminate\Foundation\Testing\TestCase.php:44
C:\Users\Gaser\Desktop\COPRRA\tests\TestCase.php:25</error>
        </testcase>
        <testcase name="it_can_switch_currency" file="C:\Users\Gaser\Desktop\COPRRA\tests\Feature\Http\Controllers\LocaleControllerTest.php" line="29" class="Tests\Feature\Http\Controllers\LocaleControllerTest" classname="Tests.Feature.Http.Controllers.LocaleControllerTest" assertions="0" time="0.000000">
          <error type="Error">Tests\Feature\Http\Controllers\LocaleControllerTest::it_can_switch_currency&#13;
Error: Class "Mockery" not found
&#13;
C:\Users\Gaser\Desktop\COPRRA\vendor\laravel\framework\src\Illuminate\Testing\PendingCommand.php:550
C:\Users\Gaser\Desktop\COPRRA\vendor\laravel\framework\src\Illuminate\Testing\PendingCommand.php:448
C:\Users\Gaser\Desktop\COPRRA\vendor\laravel\framework\src\Illuminate\Testing\PendingCommand.php:675
C:\Users\Gaser\Desktop\COPRRA\vendor\laravel\framework\src\Illuminate\Foundation\Testing\Concerns\InteractsWithConsole.php:87
C:\Users\Gaser\Desktop\COPRRA\vendor\laravel\framework\src\Illuminate\Foundation\Testing\RefreshDatabase.php:101
C:\Users\Gaser\Desktop\COPRRA\vendor\laravel\framework\src\Illuminate\Foundation\Testing\RefreshDatabase.php:84
C:\Users\Gaser\Desktop\COPRRA\vendor\laravel\framework\src\Illuminate\Foundation\Testing\RefreshDatabase.php:25
C:\Users\Gaser\Desktop\COPRRA\vendor\laravel\framework\src\Illuminate\Foundation\Testing\Concerns\InteractsWithTestCaseLifecycle.php:209
C:\Users\Gaser\Desktop\COPRRA\vendor\laravel\framework\src\Illuminate\Foundation\Testing\Concerns\InteractsWithTestCaseLifecycle.php:97
C:\Users\Gaser\Desktop\COPRRA\vendor\laravel\framework\src\Illuminate\Foundation\Testing\TestCase.php:44
C:\Users\Gaser\Desktop\COPRRA\tests\TestCase.php:25</error>
        </testcase>
        <testcase name="it_validates_language_switch_request" file="C:\Users\Gaser\Desktop\COPRRA\tests\Feature\Http\Controllers\LocaleControllerTest.php" line="37" class="Tests\Feature\Http\Controllers\LocaleControllerTest" classname="Tests.Feature.Http.Controllers.LocaleControllerTest" assertions="0" time="0.000000">
          <error type="Error">Tests\Feature\Http\Controllers\LocaleControllerTest::it_validates_language_switch_request&#13;
Error: Class "Mockery" not found
&#13;
C:\Users\Gaser\Desktop\COPRRA\vendor\laravel\framework\src\Illuminate\Testing\PendingCommand.php:550
C:\Users\Gaser\Desktop\COPRRA\vendor\laravel\framework\src\Illuminate\Testing\PendingCommand.php:448
C:\Users\Gaser\Desktop\COPRRA\vendor\laravel\framework\src\Illuminate\Testing\PendingCommand.php:675
C:\Users\Gaser\Desktop\COPRRA\vendor\laravel\framework\src\Illuminate\Foundation\Testing\Concerns\InteractsWithConsole.php:87
C:\Users\Gaser\Desktop\COPRRA\vendor\laravel\framework\src\Illuminate\Foundation\Testing\RefreshDatabase.php:101
C:\Users\Gaser\Desktop\COPRRA\vendor\laravel\framework\src\Illuminate\Foundation\Testing\RefreshDatabase.php:84
C:\Users\Gaser\Desktop\COPRRA\vendor\laravel\framework\src\Illuminate\Foundation\Testing\RefreshDatabase.php:25
C:\Users\Gaser\Desktop\COPRRA\vendor\laravel\framework\src\Illuminate\Foundation\Testing\Concerns\InteractsWithTestCaseLifecycle.php:209
C:\Users\Gaser\Desktop\COPRRA\vendor\laravel\framework\src\Illuminate\Foundation\Testing\Concerns\InteractsWithTestCaseLifecycle.php:97
C:\Users\Gaser\Desktop\COPRRA\vendor\laravel\framework\src\Illuminate\Foundation\Testing\TestCase.php:44
C:\Users\Gaser\Desktop\COPRRA\tests\TestCase.php:25</error>
        </testcase>
        <testcase name="it_returns_422_for_invalid_language" file="C:\Users\Gaser\Desktop\COPRRA\tests\Feature\Http\Controllers\LocaleControllerTest.php" line="45" class="Tests\Feature\Http\Controllers\LocaleControllerTest" classname="Tests.Feature.Http.Controllers.LocaleControllerTest" assertions="0" time="0.000000">
          <error type="Error">Tests\Feature\Http\Controllers\LocaleControllerTest::it_returns_422_for_invalid_language&#13;
Error: Class "Mockery" not found
&#13;
C:\Users\Gaser\Desktop\COPRRA\vendor\laravel\framework\src\Illuminate\Testing\PendingCommand.php:550
C:\Users\Gaser\Desktop\COPRRA\vendor\laravel\framework\src\Illuminate\Testing\PendingCommand.php:448
C:\Users\Gaser\Desktop\COPRRA\vendor\laravel\framework\src\Illuminate\Testing\PendingCommand.php:675
C:\Users\Gaser\Desktop\COPRRA\vendor\laravel\framework\src\Illuminate\Foundation\Testing\Concerns\InteractsWithConsole.php:87
C:\Users\Gaser\Desktop\COPRRA\vendor\laravel\framework\src\Illuminate\Foundation\Testing\RefreshDatabase.php:101
C:\Users\Gaser\Desktop\COPRRA\vendor\laravel\framework\src\Illuminate\Foundation\Testing\RefreshDatabase.php:84
C:\Users\Gaser\Desktop\COPRRA\vendor\laravel\framework\src\Illuminate\Foundation\Testing\RefreshDatabase.php:25
C:\Users\Gaser\Desktop\COPRRA\vendor\laravel\framework\src\Illuminate\Foundation\Testing\Concerns\InteractsWithTestCaseLifecycle.php:209
C:\Users\Gaser\Desktop\COPRRA\vendor\laravel\framework\src\Illuminate\Foundation\Testing\Concerns\InteractsWithTestCaseLifecycle.php:97
C:\Users\Gaser\Desktop\COPRRA\vendor\laravel\framework\src\Illuminate\Foundation\Testing\TestCase.php:44
C:\Users\Gaser\Desktop\COPRRA\tests\TestCase.php:25</error>
        </testcase>
        <testcase name="it_validates_currency_switch_request" file="C:\Users\Gaser\Desktop\COPRRA\tests\Feature\Http\Controllers\LocaleControllerTest.php" line="53" class="Tests\Feature\Http\Controllers\LocaleControllerTest" classname="Tests.Feature.Http.Controllers.LocaleControllerTest" assertions="0" time="0.000000">
          <error type="Error">Tests\Feature\Http\Controllers\LocaleControllerTest::it_validates_currency_switch_request&#13;
Error: Class "Mockery" not found
&#13;
C:\Users\Gaser\Desktop\COPRRA\vendor\laravel\framework\src\Illuminate\Testing\PendingCommand.php:550
C:\Users\Gaser\Desktop\COPRRA\vendor\laravel\framework\src\Illuminate\Testing\PendingCommand.php:448
C:\Users\Gaser\Desktop\COPRRA\vendor\laravel\framework\src\Illuminate\Testing\PendingCommand.php:675
C:\Users\Gaser\Desktop\COPRRA\vendor\laravel\framework\src\Illuminate\Foundation\Testing\Concerns\InteractsWithConsole.php:87
C:\Users\Gaser\Desktop\COPRRA\vendor\laravel\framework\src\Illuminate\Foundation\Testing\RefreshDatabase.php:101
C:\Users\Gaser\Desktop\COPRRA\vendor\laravel\framework\src\Illuminate\Foundation\Testing\RefreshDatabase.php:84
C:\Users\Gaser\Desktop\COPRRA\vendor\laravel\framework\src\Illuminate\Foundation\Testing\RefreshDatabase.php:25
C:\Users\Gaser\Desktop\COPRRA\vendor\laravel\framework\src\Illuminate\Foundation\Testing\Concerns\InteractsWithTestCaseLifecycle.php:209
C:\Users\Gaser\Desktop\COPRRA\vendor\laravel\framework\src\Illuminate\Foundation\Testing\Concerns\InteractsWithTestCaseLifecycle.php:97
C:\Users\Gaser\Desktop\COPRRA\vendor\laravel\framework\src\Illuminate\Foundation\Testing\TestCase.php:44
C:\Users\Gaser\Desktop\COPRRA\tests\TestCase.php:25</error>
        </testcase>
      </testsuite>
      <testsuite name="Tests\Feature\Http\Controllers\LogControllerTest" file="C:\Users\Gaser\Desktop\COPRRA\tests\Feature\Http\Controllers\LogControllerTest.php" tests="2" assertions="0" errors="2" failures="0" skipped="0" time="0.000000">
        <testcase name="it_can_get_application_logs" file="C:\Users\Gaser\Desktop\COPRRA\tests\Feature\Http\Controllers\LogControllerTest.php" line="21" class="Tests\Feature\Http\Controllers\LogControllerTest" classname="Tests.Feature.Http.Controllers.LogControllerTest" assertions="0" time="0.000000">
          <error type="Error">Tests\Feature\Http\Controllers\LogControllerTest::it_can_get_application_logs&#13;
Error: Class "Mockery" not found
&#13;
C:\Users\Gaser\Desktop\COPRRA\vendor\laravel\framework\src\Illuminate\Testing\PendingCommand.php:550
C:\Users\Gaser\Desktop\COPRRA\vendor\laravel\framework\src\Illuminate\Testing\PendingCommand.php:448
C:\Users\Gaser\Desktop\COPRRA\vendor\laravel\framework\src\Illuminate\Testing\PendingCommand.php:675
C:\Users\Gaser\Desktop\COPRRA\vendor\laravel\framework\src\Illuminate\Foundation\Testing\Concerns\InteractsWithConsole.php:87
C:\Users\Gaser\Desktop\COPRRA\vendor\laravel\framework\src\Illuminate\Foundation\Testing\RefreshDatabase.php:101
C:\Users\Gaser\Desktop\COPRRA\vendor\laravel\framework\src\Illuminate\Foundation\Testing\RefreshDatabase.php:84
C:\Users\Gaser\Desktop\COPRRA\vendor\laravel\framework\src\Illuminate\Foundation\Testing\RefreshDatabase.php:25
C:\Users\Gaser\Desktop\COPRRA\vendor\laravel\framework\src\Illuminate\Foundation\Testing\Concerns\InteractsWithTestCaseLifecycle.php:209
C:\Users\Gaser\Desktop\COPRRA\vendor\laravel\framework\src\Illuminate\Foundation\Testing\Concerns\InteractsWithTestCaseLifecycle.php:97
C:\Users\Gaser\Desktop\COPRRA\vendor\laravel\framework\src\Illuminate\Foundation\Testing\TestCase.php:44
C:\Users\Gaser\Desktop\COPRRA\tests\TestCase.php:25</error>
        </testcase>
        <testcase name="it_can_clear_application_logs" file="C:\Users\Gaser\Desktop\COPRRA\tests\Feature\Http\Controllers\LogControllerTest.php" line="29" class="Tests\Feature\Http\Controllers\LogControllerTest" classname="Tests.Feature.Http.Controllers.LogControllerTest" assertions="0" time="0.000000">
          <error type="Error">Tests\Feature\Http\Controllers\LogControllerTest::it_can_clear_application_logs&#13;
Error: Class "Mockery" not found
&#13;
C:\Users\Gaser\Desktop\COPRRA\vendor\laravel\framework\src\Illuminate\Testing\PendingCommand.php:550
C:\Users\Gaser\Desktop\COPRRA\vendor\laravel\framework\src\Illuminate\Testing\PendingCommand.php:448
C:\Users\Gaser\Desktop\COPRRA\vendor\laravel\framework\src\Illuminate\Testing\PendingCommand.php:675
C:\Users\Gaser\Desktop\COPRRA\vendor\laravel\framework\src\Illuminate\Foundation\Testing\Concerns\InteractsWithConsole.php:87
C:\Users\Gaser\Desktop\COPRRA\vendor\laravel\framework\src\Illuminate\Foundation\Testing\RefreshDatabase.php:101
C:\Users\Gaser\Desktop\COPRRA\vendor\laravel\framework\src\Illuminate\Foundation\Testing\RefreshDatabase.php:84
C:\Users\Gaser\Desktop\COPRRA\vendor\laravel\framework\src\Illuminate\Foundation\Testing\RefreshDatabase.php:25
C:\Users\Gaser\Desktop\COPRRA\vendor\laravel\framework\src\Illuminate\Foundation\Testing\Concerns\InteractsWithTestCaseLifecycle.php:209
C:\Users\Gaser\Desktop\COPRRA\vendor\laravel\framework\src\Illuminate\Foundation\Testing\Concerns\InteractsWithTestCaseLifecycle.php:97
C:\Users\Gaser\Desktop\COPRRA\vendor\laravel\framework\src\Illuminate\Foundation\Testing\TestCase.php:44
C:\Users\Gaser\Desktop\COPRRA\tests\TestCase.php:25</error>
        </testcase>
      </testsuite>
      <testsuite name="Tests\Feature\Http\Controllers\PriceAlertControllerTest" file="C:\Users\Gaser\Desktop\COPRRA\tests\Feature\Http\Controllers\PriceAlertControllerTest.php" tests="3" assertions="0" errors="3" failures="0" skipped="0" time="0.000000">
        <testcase name="test_basic_functionality" file="C:\Users\Gaser\Desktop\COPRRA\tests\Feature\Http\Controllers\PriceAlertControllerTest.php" line="16" class="Tests\Feature\Http\Controllers\PriceAlertControllerTest" classname="Tests.Feature.Http.Controllers.PriceAlertControllerTest" assertions="0" time="0.000000">
          <error type="Error">Tests\Feature\Http\Controllers\PriceAlertControllerTest::test_basic_functionality&#13;
Error: Class "Mockery" not found
&#13;
C:\Users\Gaser\Desktop\COPRRA\vendor\laravel\framework\src\Illuminate\Testing\PendingCommand.php:550
C:\Users\Gaser\Desktop\COPRRA\vendor\laravel\framework\src\Illuminate\Testing\PendingCommand.php:448
C:\Users\Gaser\Desktop\COPRRA\vendor\laravel\framework\src\Illuminate\Testing\PendingCommand.php:675
C:\Users\Gaser\Desktop\COPRRA\vendor\laravel\framework\src\Illuminate\Foundation\Testing\Concerns\InteractsWithConsole.php:87
C:\Users\Gaser\Desktop\COPRRA\vendor\laravel\framework\src\Illuminate\Foundation\Testing\RefreshDatabase.php:101
C:\Users\Gaser\Desktop\COPRRA\vendor\laravel\framework\src\Illuminate\Foundation\Testing\RefreshDatabase.php:84
C:\Users\Gaser\Desktop\COPRRA\vendor\laravel\framework\src\Illuminate\Foundation\Testing\RefreshDatabase.php:25
C:\Users\Gaser\Desktop\COPRRA\vendor\laravel\framework\src\Illuminate\Foundation\Testing\Concerns\InteractsWithTestCaseLifecycle.php:209
C:\Users\Gaser\Desktop\COPRRA\vendor\laravel\framework\src\Illuminate\Foundation\Testing\Concerns\InteractsWithTestCaseLifecycle.php:97
C:\Users\Gaser\Desktop\COPRRA\vendor\laravel\framework\src\Illuminate\Foundation\Testing\TestCase.php:44
C:\Users\Gaser\Desktop\COPRRA\tests\TestCase.php:25
C:\Users\Gaser\Desktop\COPRRA\tests\Feature\Http\Controllers\PriceAlertControllerTest.php:38</error>
        </testcase>
        <testcase name="test_expected_behavior" file="C:\Users\Gaser\Desktop\COPRRA\tests\Feature\Http\Controllers\PriceAlertControllerTest.php" line="23" class="Tests\Feature\Http\Controllers\PriceAlertControllerTest" classname="Tests.Feature.Http.Controllers.PriceAlertControllerTest" assertions="0" time="0.000000">
          <error type="Error">Tests\Feature\Http\Controllers\PriceAlertControllerTest::test_expected_behavior&#13;
Error: Class "Mockery" not found
&#13;
C:\Users\Gaser\Desktop\COPRRA\vendor\laravel\framework\src\Illuminate\Testing\PendingCommand.php:550
C:\Users\Gaser\Desktop\COPRRA\vendor\laravel\framework\src\Illuminate\Testing\PendingCommand.php:448
C:\Users\Gaser\Desktop\COPRRA\vendor\laravel\framework\src\Illuminate\Testing\PendingCommand.php:675
C:\Users\Gaser\Desktop\COPRRA\vendor\laravel\framework\src\Illuminate\Foundation\Testing\Concerns\InteractsWithConsole.php:87
C:\Users\Gaser\Desktop\COPRRA\vendor\laravel\framework\src\Illuminate\Foundation\Testing\RefreshDatabase.php:101
C:\Users\Gaser\Desktop\COPRRA\vendor\laravel\framework\src\Illuminate\Foundation\Testing\RefreshDatabase.php:84
C:\Users\Gaser\Desktop\COPRRA\vendor\laravel\framework\src\Illuminate\Foundation\Testing\RefreshDatabase.php:25
C:\Users\Gaser\Desktop\COPRRA\vendor\laravel\framework\src\Illuminate\Foundation\Testing\Concerns\InteractsWithTestCaseLifecycle.php:209
C:\Users\Gaser\Desktop\COPRRA\vendor\laravel\framework\src\Illuminate\Foundation\Testing\Concerns\InteractsWithTestCaseLifecycle.php:97
C:\Users\Gaser\Desktop\COPRRA\vendor\laravel\framework\src\Illuminate\Foundation\Testing\TestCase.php:44
C:\Users\Gaser\Desktop\COPRRA\tests\TestCase.php:25
C:\Users\Gaser\Desktop\COPRRA\tests\Feature\Http\Controllers\PriceAlertControllerTest.php:38</error>
        </testcase>
        <testcase name="test_validation" file="C:\Users\Gaser\Desktop\COPRRA\tests\Feature\Http\Controllers\PriceAlertControllerTest.php" line="30" class="Tests\Feature\Http\Controllers\PriceAlertControllerTest" classname="Tests.Feature.Http.Controllers.PriceAlertControllerTest" assertions="0" time="0.000000">
          <error type="Error">Tests\Feature\Http\Controllers\PriceAlertControllerTest::test_validation&#13;
Error: Class "Mockery" not found
&#13;
C:\Users\Gaser\Desktop\COPRRA\vendor\laravel\framework\src\Illuminate\Testing\PendingCommand.php:550
C:\Users\Gaser\Desktop\COPRRA\vendor\laravel\framework\src\Illuminate\Testing\PendingCommand.php:448
C:\Users\Gaser\Desktop\COPRRA\vendor\laravel\framework\src\Illuminate\Testing\PendingCommand.php:675
C:\Users\Gaser\Desktop\COPRRA\vendor\laravel\framework\src\Illuminate\Foundation\Testing\Concerns\InteractsWithConsole.php:87
C:\Users\Gaser\Desktop\COPRRA\vendor\laravel\framework\src\Illuminate\Foundation\Testing\RefreshDatabase.php:101
C:\Users\Gaser\Desktop\COPRRA\vendor\laravel\framework\src\Illuminate\Foundation\Testing\RefreshDatabase.php:84
C:\Users\Gaser\Desktop\COPRRA\vendor\laravel\framework\src\Illuminate\Foundation\Testing\RefreshDatabase.php:25
C:\Users\Gaser\Desktop\COPRRA\vendor\laravel\framework\src\Illuminate\Foundation\Testing\Concerns\InteractsWithTestCaseLifecycle.php:209
C:\Users\Gaser\Desktop\COPRRA\vendor\laravel\framework\src\Illuminate\Foundation\Testing\Concerns\InteractsWithTestCaseLifecycle.php:97
C:\Users\Gaser\Desktop\COPRRA\vendor\laravel\framework\src\Illuminate\Foundation\Testing\TestCase.php:44
C:\Users\Gaser\Desktop\COPRRA\tests\TestCase.php:25
C:\Users\Gaser\Desktop\COPRRA\tests\Feature\Http\Controllers\PriceAlertControllerTest.php:38</error>
        </testcase>
      </testsuite>
      <testsuite name="Tests\Feature\Http\Controllers\ProductControllerTest" file="C:\Users\Gaser\Desktop\COPRRA\tests\Feature\Http\Controllers\ProductControllerTest.php" tests="5" assertions="0" errors="5" failures="0" skipped="0" time="0.000000">
        <testcase name="test_displays_index_page_with_products" file="C:\Users\Gaser\Desktop\COPRRA\tests\Feature\Http\Controllers\ProductControllerTest.php" line="34" class="Tests\Feature\Http\Controllers\ProductControllerTest" classname="Tests.Feature.Http.Controllers.ProductControllerTest" assertions="0" time="0.000000">
          <error type="Error">Tests\Feature\Http\Controllers\ProductControllerTest::test_displays_index_page_with_products&#13;
Error: Class "Mockery" not found
&#13;
C:\Users\Gaser\Desktop\COPRRA\vendor\laravel\framework\src\Illuminate\Testing\PendingCommand.php:550
C:\Users\Gaser\Desktop\COPRRA\vendor\laravel\framework\src\Illuminate\Testing\PendingCommand.php:448
C:\Users\Gaser\Desktop\COPRRA\vendor\laravel\framework\src\Illuminate\Testing\PendingCommand.php:675
C:\Users\Gaser\Desktop\COPRRA\vendor\laravel\framework\src\Illuminate\Foundation\Testing\Concerns\InteractsWithConsole.php:87
C:\Users\Gaser\Desktop\COPRRA\vendor\laravel\framework\src\Illuminate\Foundation\Testing\RefreshDatabase.php:101
C:\Users\Gaser\Desktop\COPRRA\vendor\laravel\framework\src\Illuminate\Foundation\Testing\RefreshDatabase.php:84
C:\Users\Gaser\Desktop\COPRRA\vendor\laravel\framework\src\Illuminate\Foundation\Testing\RefreshDatabase.php:25
C:\Users\Gaser\Desktop\COPRRA\vendor\laravel\framework\src\Illuminate\Foundation\Testing\Concerns\InteractsWithTestCaseLifecycle.php:209
C:\Users\Gaser\Desktop\COPRRA\vendor\laravel\framework\src\Illuminate\Foundation\Testing\Concerns\InteractsWithTestCaseLifecycle.php:97
C:\Users\Gaser\Desktop\COPRRA\vendor\laravel\framework\src\Illuminate\Foundation\Testing\TestCase.php:44
C:\Users\Gaser\Desktop\COPRRA\tests\TestCase.php:25
C:\Users\Gaser\Desktop\COPRRA\tests\Feature\Http\Controllers\ProductControllerTest.php:23</error>
        </testcase>
        <testcase name="test_displays_search_results_when_search_parameters_present" file="C:\Users\Gaser\Desktop\COPRRA\tests\Feature\Http\Controllers\ProductControllerTest.php" line="52" class="Tests\Feature\Http\Controllers\ProductControllerTest" classname="Tests.Feature.Http.Controllers.ProductControllerTest" assertions="0" time="0.000000">
          <error type="Error">Tests\Feature\Http\Controllers\ProductControllerTest::test_displays_search_results_when_search_parameters_present&#13;
Error: Class "Mockery" not found
&#13;
C:\Users\Gaser\Desktop\COPRRA\vendor\laravel\framework\src\Illuminate\Testing\PendingCommand.php:550
C:\Users\Gaser\Desktop\COPRRA\vendor\laravel\framework\src\Illuminate\Testing\PendingCommand.php:448
C:\Users\Gaser\Desktop\COPRRA\vendor\laravel\framework\src\Illuminate\Testing\PendingCommand.php:675
C:\Users\Gaser\Desktop\COPRRA\vendor\laravel\framework\src\Illuminate\Foundation\Testing\Concerns\InteractsWithConsole.php:87
C:\Users\Gaser\Desktop\COPRRA\vendor\laravel\framework\src\Illuminate\Foundation\Testing\RefreshDatabase.php:101
C:\Users\Gaser\Desktop\COPRRA\vendor\laravel\framework\src\Illuminate\Foundation\Testing\RefreshDatabase.php:84
C:\Users\Gaser\Desktop\COPRRA\vendor\laravel\framework\src\Illuminate\Foundation\Testing\RefreshDatabase.php:25
C:\Users\Gaser\Desktop\COPRRA\vendor\laravel\framework\src\Illuminate\Foundation\Testing\Concerns\InteractsWithTestCaseLifecycle.php:209
C:\Users\Gaser\Desktop\COPRRA\vendor\laravel\framework\src\Illuminate\Foundation\Testing\Concerns\InteractsWithTestCaseLifecycle.php:97
C:\Users\Gaser\Desktop\COPRRA\vendor\laravel\framework\src\Illuminate\Foundation\Testing\TestCase.php:44
C:\Users\Gaser\Desktop\COPRRA\tests\TestCase.php:25
C:\Users\Gaser\Desktop\COPRRA\tests\Feature\Http\Controllers\ProductControllerTest.php:23</error>
        </testcase>
        <testcase name="test_displays_product_show_page" file="C:\Users\Gaser\Desktop\COPRRA\tests\Feature\Http\Controllers\ProductControllerTest.php" line="74" class="Tests\Feature\Http\Controllers\ProductControllerTest" classname="Tests.Feature.Http.Controllers.ProductControllerTest" assertions="0" time="0.000000">
          <error type="Error">Tests\Feature\Http\Controllers\ProductControllerTest::test_displays_product_show_page&#13;
Error: Class "Mockery" not found
&#13;
C:\Users\Gaser\Desktop\COPRRA\vendor\laravel\framework\src\Illuminate\Testing\PendingCommand.php:550
C:\Users\Gaser\Desktop\COPRRA\vendor\laravel\framework\src\Illuminate\Testing\PendingCommand.php:448
C:\Users\Gaser\Desktop\COPRRA\vendor\laravel\framework\src\Illuminate\Testing\PendingCommand.php:675
C:\Users\Gaser\Desktop\COPRRA\vendor\laravel\framework\src\Illuminate\Foundation\Testing\Concerns\InteractsWithConsole.php:87
C:\Users\Gaser\Desktop\COPRRA\vendor\laravel\framework\src\Illuminate\Foundation\Testing\RefreshDatabase.php:101
C:\Users\Gaser\Desktop\COPRRA\vendor\laravel\framework\src\Illuminate\Foundation\Testing\RefreshDatabase.php:84
C:\Users\Gaser\Desktop\COPRRA\vendor\laravel\framework\src\Illuminate\Foundation\Testing\RefreshDatabase.php:25
C:\Users\Gaser\Desktop\COPRRA\vendor\laravel\framework\src\Illuminate\Foundation\Testing\Concerns\InteractsWithTestCaseLifecycle.php:209
C:\Users\Gaser\Desktop\COPRRA\vendor\laravel\framework\src\Illuminate\Foundation\Testing\Concerns\InteractsWithTestCaseLifecycle.php:97
C:\Users\Gaser\Desktop\COPRRA\vendor\laravel\framework\src\Illuminate\Foundation\Testing\TestCase.php:44
C:\Users\Gaser\Desktop\COPRRA\tests\TestCase.php:25
C:\Users\Gaser\Desktop\COPRRA\tests\Feature\Http\Controllers\ProductControllerTest.php:23</error>
        </testcase>
        <testcase name="test_returns_404_for_nonexistent_product" file="C:\Users\Gaser\Desktop\COPRRA\tests\Feature\Http\Controllers\ProductControllerTest.php" line="96" class="Tests\Feature\Http\Controllers\ProductControllerTest" classname="Tests.Feature.Http.Controllers.ProductControllerTest" assertions="0" time="0.000000">
          <error type="Error">Tests\Feature\Http\Controllers\ProductControllerTest::test_returns_404_for_nonexistent_product&#13;
Error: Class "Mockery" not found
&#13;
C:\Users\Gaser\Desktop\COPRRA\vendor\laravel\framework\src\Illuminate\Testing\PendingCommand.php:550
C:\Users\Gaser\Desktop\COPRRA\vendor\laravel\framework\src\Illuminate\Testing\PendingCommand.php:448
C:\Users\Gaser\Desktop\COPRRA\vendor\laravel\framework\src\Illuminate\Testing\PendingCommand.php:675
C:\Users\Gaser\Desktop\COPRRA\vendor\laravel\framework\src\Illuminate\Foundation\Testing\Concerns\InteractsWithConsole.php:87
C:\Users\Gaser\Desktop\COPRRA\vendor\laravel\framework\src\Illuminate\Foundation\Testing\RefreshDatabase.php:101
C:\Users\Gaser\Desktop\COPRRA\vendor\laravel\framework\src\Illuminate\Foundation\Testing\RefreshDatabase.php:84
C:\Users\Gaser\Desktop\COPRRA\vendor\laravel\framework\src\Illuminate\Foundation\Testing\RefreshDatabase.php:25
C:\Users\Gaser\Desktop\COPRRA\vendor\laravel\framework\src\Illuminate\Foundation\Testing\Concerns\InteractsWithTestCaseLifecycle.php:209
C:\Users\Gaser\Desktop\COPRRA\vendor\laravel\framework\src\Illuminate\Foundation\Testing\Concerns\InteractsWithTestCaseLifecycle.php:97
C:\Users\Gaser\Desktop\COPRRA\vendor\laravel\framework\src\Illuminate\Foundation\Testing\TestCase.php:44
C:\Users\Gaser\Desktop\COPRRA\tests\TestCase.php:25
C:\Users\Gaser\Desktop\COPRRA\tests\Feature\Http\Controllers\ProductControllerTest.php:23</error>
        </testcase>
        <testcase name="test_handles_search_with_sort_and_order" file="C:\Users\Gaser\Desktop\COPRRA\tests\Feature\Http\Controllers\ProductControllerTest.php" line="110" class="Tests\Feature\Http\Controllers\ProductControllerTest" classname="Tests.Feature.Http.Controllers.ProductControllerTest" assertions="0" time="0.000000">
          <error type="Error">Tests\Feature\Http\Controllers\ProductControllerTest::test_handles_search_with_sort_and_order&#13;
Error: Class "Mockery" not found
&#13;
C:\Users\Gaser\Desktop\COPRRA\vendor\laravel\framework\src\Illuminate\Testing\PendingCommand.php:550
C:\Users\Gaser\Desktop\COPRRA\vendor\laravel\framework\src\Illuminate\Testing\PendingCommand.php:448
C:\Users\Gaser\Desktop\COPRRA\vendor\laravel\framework\src\Illuminate\Testing\PendingCommand.php:675
C:\Users\Gaser\Desktop\COPRRA\vendor\laravel\framework\src\Illuminate\Foundation\Testing\Concerns\InteractsWithConsole.php:87
C:\Users\Gaser\Desktop\COPRRA\vendor\laravel\framework\src\Illuminate\Foundation\Testing\RefreshDatabase.php:101
C:\Users\Gaser\Desktop\COPRRA\vendor\laravel\framework\src\Illuminate\Foundation\Testing\RefreshDatabase.php:84
C:\Users\Gaser\Desktop\COPRRA\vendor\laravel\framework\src\Illuminate\Foundation\Testing\RefreshDatabase.php:25
C:\Users\Gaser\Desktop\COPRRA\vendor\laravel\framework\src\Illuminate\Foundation\Testing\Concerns\InteractsWithTestCaseLifecycle.php:209
C:\Users\Gaser\Desktop\COPRRA\vendor\laravel\framework\src\Illuminate\Foundation\Testing\Concerns\InteractsWithTestCaseLifecycle.php:97
C:\Users\Gaser\Desktop\COPRRA\vendor\laravel\framework\src\Illuminate\Foundation\Testing\TestCase.php:44
C:\Users\Gaser\Desktop\COPRRA\tests\TestCase.php:25
C:\Users\Gaser\Desktop\COPRRA\tests\Feature\Http\Controllers\ProductControllerTest.php:23</error>
        </testcase>
      </testsuite>
      <testsuite name="Tests\Feature\Http\Controllers\ReportControllerTest" file="C:\Users\Gaser\Desktop\COPRRA\tests\Feature\Http\Controllers\ReportControllerTest.php" tests="5" assertions="0" errors="5" failures="0" skipped="0" time="0.000000">
        <testcase name="it_can_generate_product_performance_report" file="C:\Users\Gaser\Desktop\COPRRA\tests\Feature\Http\Controllers\ReportControllerTest.php" line="21" class="Tests\Feature\Http\Controllers\ReportControllerTest" classname="Tests.Feature.Http.Controllers.ReportControllerTest" assertions="0" time="0.000000">
          <error type="Error">Tests\Feature\Http\Controllers\ReportControllerTest::it_can_generate_product_performance_report&#13;
Error: Class "Mockery" not found
&#13;
C:\Users\Gaser\Desktop\COPRRA\vendor\laravel\framework\src\Illuminate\Testing\PendingCommand.php:550
C:\Users\Gaser\Desktop\COPRRA\vendor\laravel\framework\src\Illuminate\Testing\PendingCommand.php:448
C:\Users\Gaser\Desktop\COPRRA\vendor\laravel\framework\src\Illuminate\Testing\PendingCommand.php:675
C:\Users\Gaser\Desktop\COPRRA\vendor\laravel\framework\src\Illuminate\Foundation\Testing\Concerns\InteractsWithConsole.php:87
C:\Users\Gaser\Desktop\COPRRA\vendor\laravel\framework\src\Illuminate\Foundation\Testing\RefreshDatabase.php:101
C:\Users\Gaser\Desktop\COPRRA\vendor\laravel\framework\src\Illuminate\Foundation\Testing\RefreshDatabase.php:84
C:\Users\Gaser\Desktop\COPRRA\vendor\laravel\framework\src\Illuminate\Foundation\Testing\RefreshDatabase.php:25
C:\Users\Gaser\Desktop\COPRRA\vendor\laravel\framework\src\Illuminate\Foundation\Testing\Concerns\InteractsWithTestCaseLifecycle.php:209
C:\Users\Gaser\Desktop\COPRRA\vendor\laravel\framework\src\Illuminate\Foundation\Testing\Concerns\InteractsWithTestCaseLifecycle.php:97
C:\Users\Gaser\Desktop\COPRRA\vendor\laravel\framework\src\Illuminate\Foundation\Testing\TestCase.php:44
C:\Users\Gaser\Desktop\COPRRA\tests\TestCase.php:25</error>
        </testcase>
        <testcase name="it_can_generate_user_activity_report" file="C:\Users\Gaser\Desktop\COPRRA\tests\Feature\Http\Controllers\ReportControllerTest.php" line="29" class="Tests\Feature\Http\Controllers\ReportControllerTest" classname="Tests.Feature.Http.Controllers.ReportControllerTest" assertions="0" time="0.000000">
          <error type="Error">Tests\Feature\Http\Controllers\ReportControllerTest::it_can_generate_user_activity_report&#13;
Error: Class "Mockery" not found
&#13;
C:\Users\Gaser\Desktop\COPRRA\vendor\laravel\framework\src\Illuminate\Testing\PendingCommand.php:550
C:\Users\Gaser\Desktop\COPRRA\vendor\laravel\framework\src\Illuminate\Testing\PendingCommand.php:448
C:\Users\Gaser\Desktop\COPRRA\vendor\laravel\framework\src\Illuminate\Testing\PendingCommand.php:675
C:\Users\Gaser\Desktop\COPRRA\vendor\laravel\framework\src\Illuminate\Foundation\Testing\Concerns\InteractsWithConsole.php:87
C:\Users\Gaser\Desktop\COPRRA\vendor\laravel\framework\src\Illuminate\Foundation\Testing\RefreshDatabase.php:101
C:\Users\Gaser\Desktop\COPRRA\vendor\laravel\framework\src\Illuminate\Foundation\Testing\RefreshDatabase.php:84
C:\Users\Gaser\Desktop\COPRRA\vendor\laravel\framework\src\Illuminate\Foundation\Testing\RefreshDatabase.php:25
C:\Users\Gaser\Desktop\COPRRA\vendor\laravel\framework\src\Illuminate\Foundation\Testing\Concerns\InteractsWithTestCaseLifecycle.php:209
C:\Users\Gaser\Desktop\COPRRA\vendor\laravel\framework\src\Illuminate\Foundation\Testing\Concerns\InteractsWithTestCaseLifecycle.php:97
C:\Users\Gaser\Desktop\COPRRA\vendor\laravel\framework\src\Illuminate\Foundation\Testing\TestCase.php:44
C:\Users\Gaser\Desktop\COPRRA\tests\TestCase.php:25</error>
        </testcase>
        <testcase name="it_can_generate_sales_report" file="C:\Users\Gaser\Desktop\COPRRA\tests\Feature\Http\Controllers\ReportControllerTest.php" line="37" class="Tests\Feature\Http\Controllers\ReportControllerTest" classname="Tests.Feature.Http.Controllers.ReportControllerTest" assertions="0" time="0.000000">
          <error type="Error">Tests\Feature\Http\Controllers\ReportControllerTest::it_can_generate_sales_report&#13;
Error: Class "Mockery" not found
&#13;
C:\Users\Gaser\Desktop\COPRRA\vendor\laravel\framework\src\Illuminate\Testing\PendingCommand.php:550
C:\Users\Gaser\Desktop\COPRRA\vendor\laravel\framework\src\Illuminate\Testing\PendingCommand.php:448
C:\Users\Gaser\Desktop\COPRRA\vendor\laravel\framework\src\Illuminate\Testing\PendingCommand.php:675
C:\Users\Gaser\Desktop\COPRRA\vendor\laravel\framework\src\Illuminate\Foundation\Testing\Concerns\InteractsWithConsole.php:87
C:\Users\Gaser\Desktop\COPRRA\vendor\laravel\framework\src\Illuminate\Foundation\Testing\RefreshDatabase.php:101
C:\Users\Gaser\Desktop\COPRRA\vendor\laravel\framework\src\Illuminate\Foundation\Testing\RefreshDatabase.php:84
C:\Users\Gaser\Desktop\COPRRA\vendor\laravel\framework\src\Illuminate\Foundation\Testing\RefreshDatabase.php:25
C:\Users\Gaser\Desktop\COPRRA\vendor\laravel\framework\src\Illuminate\Foundation\Testing\Concerns\InteractsWithTestCaseLifecycle.php:209
C:\Users\Gaser\Desktop\COPRRA\vendor\laravel\framework\src\Illuminate\Foundation\Testing\Concerns\InteractsWithTestCaseLifecycle.php:97
C:\Users\Gaser\Desktop\COPRRA\vendor\laravel\framework\src\Illuminate\Foundation\Testing\TestCase.php:44
C:\Users\Gaser\Desktop\COPRRA\tests\TestCase.php:25</error>
        </testcase>
        <testcase name="it_can_get_system_overview" file="C:\Users\Gaser\Desktop\COPRRA\tests\Feature\Http\Controllers\ReportControllerTest.php" line="45" class="Tests\Feature\Http\Controllers\ReportControllerTest" classname="Tests.Feature.Http.Controllers.ReportControllerTest" assertions="0" time="0.000000">
          <error type="Error">Tests\Feature\Http\Controllers\ReportControllerTest::it_can_get_system_overview&#13;
Error: Class "Mockery" not found
&#13;
C:\Users\Gaser\Desktop\COPRRA\vendor\laravel\framework\src\Illuminate\Testing\PendingCommand.php:550
C:\Users\Gaser\Desktop\COPRRA\vendor\laravel\framework\src\Illuminate\Testing\PendingCommand.php:448
C:\Users\Gaser\Desktop\COPRRA\vendor\laravel\framework\src\Illuminate\Testing\PendingCommand.php:675
C:\Users\Gaser\Desktop\COPRRA\vendor\laravel\framework\src\Illuminate\Foundation\Testing\Concerns\InteractsWithConsole.php:87
C:\Users\Gaser\Desktop\COPRRA\vendor\laravel\framework\src\Illuminate\Foundation\Testing\RefreshDatabase.php:101
C:\Users\Gaser\Desktop\COPRRA\vendor\laravel\framework\src\Illuminate\Foundation\Testing\RefreshDatabase.php:84
C:\Users\Gaser\Desktop\COPRRA\vendor\laravel\framework\src\Illuminate\Foundation\Testing\RefreshDatabase.php:25
C:\Users\Gaser\Desktop\COPRRA\vendor\laravel\framework\src\Illuminate\Foundation\Testing\Concerns\InteractsWithTestCaseLifecycle.php:209
C:\Users\Gaser\Desktop\COPRRA\vendor\laravel\framework\src\Illuminate\Foundation\Testing\Concerns\InteractsWithTestCaseLifecycle.php:97
C:\Users\Gaser\Desktop\COPRRA\vendor\laravel\framework\src\Illuminate\Foundation\Testing\TestCase.php:44
C:\Users\Gaser\Desktop\COPRRA\tests\TestCase.php:25</error>
        </testcase>
        <testcase name="it_can_get_engagement_metrics" file="C:\Users\Gaser\Desktop\COPRRA\tests\Feature\Http\Controllers\ReportControllerTest.php" line="53" class="Tests\Feature\Http\Controllers\ReportControllerTest" classname="Tests.Feature.Http.Controllers.ReportControllerTest" assertions="0" time="0.000000">
          <error type="Error">Tests\Feature\Http\Controllers\ReportControllerTest::it_can_get_engagement_metrics&#13;
Error: Class "Mockery" not found
&#13;
C:\Users\Gaser\Desktop\COPRRA\vendor\laravel\framework\src\Illuminate\Testing\PendingCommand.php:550
C:\Users\Gaser\Desktop\COPRRA\vendor\laravel\framework\src\Illuminate\Testing\PendingCommand.php:448
C:\Users\Gaser\Desktop\COPRRA\vendor\laravel\framework\src\Illuminate\Testing\PendingCommand.php:675
C:\Users\Gaser\Desktop\COPRRA\vendor\laravel\framework\src\Illuminate\Foundation\Testing\Concerns\InteractsWithConsole.php:87
C:\Users\Gaser\Desktop\COPRRA\vendor\laravel\framework\src\Illuminate\Foundation\Testing\RefreshDatabase.php:101
C:\Users\Gaser\Desktop\COPRRA\vendor\laravel\framework\src\Illuminate\Foundation\Testing\RefreshDatabase.php:84
C:\Users\Gaser\Desktop\COPRRA\vendor\laravel\framework\src\Illuminate\Foundation\Testing\RefreshDatabase.php:25
C:\Users\Gaser\Desktop\COPRRA\vendor\laravel\framework\src\Illuminate\Foundation\Testing\Concerns\InteractsWithTestCaseLifecycle.php:209
C:\Users\Gaser\Desktop\COPRRA\vendor\laravel\framework\src\Illuminate\Foundation\Testing\Concerns\InteractsWithTestCaseLifecycle.php:97
C:\Users\Gaser\Desktop\COPRRA\vendor\laravel\framework\src\Illuminate\Foundation\Testing\TestCase.php:44
C:\Users\Gaser\Desktop\COPRRA\tests\TestCase.php:25</error>
        </testcase>
      </testsuite>
      <testsuite name="Tests\Feature\Http\Controllers\ReviewControllerTest" file="C:\Users\Gaser\Desktop\COPRRA\tests\Feature\Http\Controllers\ReviewControllerTest.php" tests="4" assertions="0" errors="4" failures="0" skipped="0" time="0.000000">
        <testcase name="basic_functionality" file="C:\Users\Gaser\Desktop\COPRRA\tests\Feature\Http\Controllers\ReviewControllerTest.php" line="21" class="Tests\Feature\Http\Controllers\ReviewControllerTest" classname="Tests.Feature.Http.Controllers.ReviewControllerTest" assertions="0" time="0.000000">
          <error type="Error">Tests\Feature\Http\Controllers\ReviewControllerTest::basic_functionality&#13;
Error: Class "Mockery" not found
&#13;
C:\Users\Gaser\Desktop\COPRRA\vendor\laravel\framework\src\Illuminate\Testing\PendingCommand.php:550
C:\Users\Gaser\Desktop\COPRRA\vendor\laravel\framework\src\Illuminate\Testing\PendingCommand.php:448
C:\Users\Gaser\Desktop\COPRRA\vendor\laravel\framework\src\Illuminate\Testing\PendingCommand.php:675
C:\Users\Gaser\Desktop\COPRRA\vendor\laravel\framework\src\Illuminate\Foundation\Testing\Concerns\InteractsWithConsole.php:87
C:\Users\Gaser\Desktop\COPRRA\vendor\laravel\framework\src\Illuminate\Foundation\Testing\RefreshDatabase.php:101
C:\Users\Gaser\Desktop\COPRRA\vendor\laravel\framework\src\Illuminate\Foundation\Testing\RefreshDatabase.php:84
C:\Users\Gaser\Desktop\COPRRA\vendor\laravel\framework\src\Illuminate\Foundation\Testing\RefreshDatabase.php:25
C:\Users\Gaser\Desktop\COPRRA\vendor\laravel\framework\src\Illuminate\Foundation\Testing\Concerns\InteractsWithTestCaseLifecycle.php:209
C:\Users\Gaser\Desktop\COPRRA\vendor\laravel\framework\src\Illuminate\Foundation\Testing\Concerns\InteractsWithTestCaseLifecycle.php:97
C:\Users\Gaser\Desktop\COPRRA\vendor\laravel\framework\src\Illuminate\Foundation\Testing\TestCase.php:44
C:\Users\Gaser\Desktop\COPRRA\tests\TestCase.php:25</error>
        </testcase>
        <testcase name="expected_behavior" file="C:\Users\Gaser\Desktop\COPRRA\tests\Feature\Http\Controllers\ReviewControllerTest.php" line="29" class="Tests\Feature\Http\Controllers\ReviewControllerTest" classname="Tests.Feature.Http.Controllers.ReviewControllerTest" assertions="0" time="0.000000">
          <error type="Error">Tests\Feature\Http\Controllers\ReviewControllerTest::expected_behavior&#13;
Error: Class "Mockery" not found
&#13;
C:\Users\Gaser\Desktop\COPRRA\vendor\laravel\framework\src\Illuminate\Testing\PendingCommand.php:550
C:\Users\Gaser\Desktop\COPRRA\vendor\laravel\framework\src\Illuminate\Testing\PendingCommand.php:448
C:\Users\Gaser\Desktop\COPRRA\vendor\laravel\framework\src\Illuminate\Testing\PendingCommand.php:675
C:\Users\Gaser\Desktop\COPRRA\vendor\laravel\framework\src\Illuminate\Foundation\Testing\Concerns\InteractsWithConsole.php:87
C:\Users\Gaser\Desktop\COPRRA\vendor\laravel\framework\src\Illuminate\Foundation\Testing\RefreshDatabase.php:101
C:\Users\Gaser\Desktop\COPRRA\vendor\laravel\framework\src\Illuminate\Foundation\Testing\RefreshDatabase.php:84
C:\Users\Gaser\Desktop\COPRRA\vendor\laravel\framework\src\Illuminate\Foundation\Testing\RefreshDatabase.php:25
C:\Users\Gaser\Desktop\COPRRA\vendor\laravel\framework\src\Illuminate\Foundation\Testing\Concerns\InteractsWithTestCaseLifecycle.php:209
C:\Users\Gaser\Desktop\COPRRA\vendor\laravel\framework\src\Illuminate\Foundation\Testing\Concerns\InteractsWithTestCaseLifecycle.php:97
C:\Users\Gaser\Desktop\COPRRA\vendor\laravel\framework\src\Illuminate\Foundation\Testing\TestCase.php:44
C:\Users\Gaser\Desktop\COPRRA\tests\TestCase.php:25</error>
        </testcase>
        <testcase name="validation" file="C:\Users\Gaser\Desktop\COPRRA\tests\Feature\Http\Controllers\ReviewControllerTest.php" line="37" class="Tests\Feature\Http\Controllers\ReviewControllerTest" classname="Tests.Feature.Http.Controllers.ReviewControllerTest" assertions="0" time="0.000000">
          <error type="Error">Tests\Feature\Http\Controllers\ReviewControllerTest::validation&#13;
Error: Class "Mockery" not found
&#13;
C:\Users\Gaser\Desktop\COPRRA\vendor\laravel\framework\src\Illuminate\Testing\PendingCommand.php:550
C:\Users\Gaser\Desktop\COPRRA\vendor\laravel\framework\src\Illuminate\Testing\PendingCommand.php:448
C:\Users\Gaser\Desktop\COPRRA\vendor\laravel\framework\src\Illuminate\Testing\PendingCommand.php:675
C:\Users\Gaser\Desktop\COPRRA\vendor\laravel\framework\src\Illuminate\Foundation\Testing\Concerns\InteractsWithConsole.php:87
C:\Users\Gaser\Desktop\COPRRA\vendor\laravel\framework\src\Illuminate\Foundation\Testing\RefreshDatabase.php:101
C:\Users\Gaser\Desktop\COPRRA\vendor\laravel\framework\src\Illuminate\Foundation\Testing\RefreshDatabase.php:84
C:\Users\Gaser\Desktop\COPRRA\vendor\laravel\framework\src\Illuminate\Foundation\Testing\RefreshDatabase.php:25
C:\Users\Gaser\Desktop\COPRRA\vendor\laravel\framework\src\Illuminate\Foundation\Testing\Concerns\InteractsWithTestCaseLifecycle.php:209
C:\Users\Gaser\Desktop\COPRRA\vendor\laravel\framework\src\Illuminate\Foundation\Testing\Concerns\InteractsWithTestCaseLifecycle.php:97
C:\Users\Gaser\Desktop\COPRRA\vendor\laravel\framework\src\Illuminate\Foundation\Testing\TestCase.php:44
C:\Users\Gaser\Desktop\COPRRA\tests\TestCase.php:25</error>
        </testcase>
        <testcase name="store_review_validation_success" file="C:\Users\Gaser\Desktop\COPRRA\tests\Feature\Http\Controllers\ReviewControllerTest.php" line="45" class="Tests\Feature\Http\Controllers\ReviewControllerTest" classname="Tests.Feature.Http.Controllers.ReviewControllerTest" assertions="0" time="0.000000">
          <error type="Error">Tests\Feature\Http\Controllers\ReviewControllerTest::store_review_validation_success&#13;
Error: Class "Mockery" not found
&#13;
C:\Users\Gaser\Desktop\COPRRA\vendor\laravel\framework\src\Illuminate\Testing\PendingCommand.php:550
C:\Users\Gaser\Desktop\COPRRA\vendor\laravel\framework\src\Illuminate\Testing\PendingCommand.php:448
C:\Users\Gaser\Desktop\COPRRA\vendor\laravel\framework\src\Illuminate\Testing\PendingCommand.php:675
C:\Users\Gaser\Desktop\COPRRA\vendor\laravel\framework\src\Illuminate\Foundation\Testing\Concerns\InteractsWithConsole.php:87
C:\Users\Gaser\Desktop\COPRRA\vendor\laravel\framework\src\Illuminate\Foundation\Testing\RefreshDatabase.php:101
C:\Users\Gaser\Desktop\COPRRA\vendor\laravel\framework\src\Illuminate\Foundation\Testing\RefreshDatabase.php:84
C:\Users\Gaser\Desktop\COPRRA\vendor\laravel\framework\src\Illuminate\Foundation\Testing\RefreshDatabase.php:25
C:\Users\Gaser\Desktop\COPRRA\vendor\laravel\framework\src\Illuminate\Foundation\Testing\Concerns\InteractsWithTestCaseLifecycle.php:209
C:\Users\Gaser\Desktop\COPRRA\vendor\laravel\framework\src\Illuminate\Foundation\Testing\Concerns\InteractsWithTestCaseLifecycle.php:97
C:\Users\Gaser\Desktop\COPRRA\vendor\laravel\framework\src\Illuminate\Foundation\Testing\TestCase.php:44
C:\Users\Gaser\Desktop\COPRRA\tests\TestCase.php:25</error>
        </testcase>
      </testsuite>
      <testsuite name="Tests\Feature\Http\Controllers\SettingControllerTest" file="C:\Users\Gaser\Desktop\COPRRA\tests\Feature\Http\Controllers\SettingControllerTest.php" tests="3" assertions="0" errors="3" failures="0" skipped="0" time="0.000000">
        <testcase name="it_can_get_all_settings" file="C:\Users\Gaser\Desktop\COPRRA\tests\Feature\Http\Controllers\SettingControllerTest.php" line="22" class="Tests\Feature\Http\Controllers\SettingControllerTest" classname="Tests.Feature.Http.Controllers.SettingControllerTest" assertions="0" time="0.000000">
          <error type="Error">Tests\Feature\Http\Controllers\SettingControllerTest::it_can_get_all_settings&#13;
Error: Class "Mockery" not found
&#13;
C:\Users\Gaser\Desktop\COPRRA\vendor\laravel\framework\src\Illuminate\Testing\PendingCommand.php:550
C:\Users\Gaser\Desktop\COPRRA\vendor\laravel\framework\src\Illuminate\Testing\PendingCommand.php:448
C:\Users\Gaser\Desktop\COPRRA\vendor\laravel\framework\src\Illuminate\Testing\PendingCommand.php:675
C:\Users\Gaser\Desktop\COPRRA\vendor\laravel\framework\src\Illuminate\Foundation\Testing\Concerns\InteractsWithConsole.php:87
C:\Users\Gaser\Desktop\COPRRA\vendor\laravel\framework\src\Illuminate\Foundation\Testing\RefreshDatabase.php:101
C:\Users\Gaser\Desktop\COPRRA\vendor\laravel\framework\src\Illuminate\Foundation\Testing\RefreshDatabase.php:84
C:\Users\Gaser\Desktop\COPRRA\vendor\laravel\framework\src\Illuminate\Foundation\Testing\RefreshDatabase.php:25
C:\Users\Gaser\Desktop\COPRRA\vendor\laravel\framework\src\Illuminate\Foundation\Testing\Concerns\InteractsWithTestCaseLifecycle.php:209
C:\Users\Gaser\Desktop\COPRRA\vendor\laravel\framework\src\Illuminate\Foundation\Testing\Concerns\InteractsWithTestCaseLifecycle.php:97
C:\Users\Gaser\Desktop\COPRRA\vendor\laravel\framework\src\Illuminate\Foundation\Testing\TestCase.php:44
C:\Users\Gaser\Desktop\COPRRA\tests\TestCase.php:25</error>
        </testcase>
        <testcase name="it_can_update_settings" file="C:\Users\Gaser\Desktop\COPRRA\tests\Feature\Http\Controllers\SettingControllerTest.php" line="36" class="Tests\Feature\Http\Controllers\SettingControllerTest" classname="Tests.Feature.Http.Controllers.SettingControllerTest" assertions="0" time="0.000000">
          <error type="Error">Tests\Feature\Http\Controllers\SettingControllerTest::it_can_update_settings&#13;
Error: Class "Mockery" not found
&#13;
C:\Users\Gaser\Desktop\COPRRA\vendor\laravel\framework\src\Illuminate\Testing\PendingCommand.php:550
C:\Users\Gaser\Desktop\COPRRA\vendor\laravel\framework\src\Illuminate\Testing\PendingCommand.php:448
C:\Users\Gaser\Desktop\COPRRA\vendor\laravel\framework\src\Illuminate\Testing\PendingCommand.php:675
C:\Users\Gaser\Desktop\COPRRA\vendor\laravel\framework\src\Illuminate\Foundation\Testing\Concerns\InteractsWithConsole.php:87
C:\Users\Gaser\Desktop\COPRRA\vendor\laravel\framework\src\Illuminate\Foundation\Testing\RefreshDatabase.php:101
C:\Users\Gaser\Desktop\COPRRA\vendor\laravel\framework\src\Illuminate\Foundation\Testing\RefreshDatabase.php:84
C:\Users\Gaser\Desktop\COPRRA\vendor\laravel\framework\src\Illuminate\Foundation\Testing\RefreshDatabase.php:25
C:\Users\Gaser\Desktop\COPRRA\vendor\laravel\framework\src\Illuminate\Foundation\Testing\Concerns\InteractsWithTestCaseLifecycle.php:209
C:\Users\Gaser\Desktop\COPRRA\vendor\laravel\framework\src\Illuminate\Foundation\Testing\Concerns\InteractsWithTestCaseLifecycle.php:97
C:\Users\Gaser\Desktop\COPRRA\vendor\laravel\framework\src\Illuminate\Foundation\Testing\TestCase.php:44
C:\Users\Gaser\Desktop\COPRRA\tests\TestCase.php:25</error>
        </testcase>
        <testcase name="it_validates_settings_update_request" file="C:\Users\Gaser\Desktop\COPRRA\tests\Feature\Http\Controllers\SettingControllerTest.php" line="52" class="Tests\Feature\Http\Controllers\SettingControllerTest" classname="Tests.Feature.Http.Controllers.SettingControllerTest" assertions="0" time="0.000000">
          <error type="Error">Tests\Feature\Http\Controllers\SettingControllerTest::it_validates_settings_update_request&#13;
Error: Class "Mockery" not found
&#13;
C:\Users\Gaser\Desktop\COPRRA\vendor\laravel\framework\src\Illuminate\Testing\PendingCommand.php:550
C:\Users\Gaser\Desktop\COPRRA\vendor\laravel\framework\src\Illuminate\Testing\PendingCommand.php:448
C:\Users\Gaser\Desktop\COPRRA\vendor\laravel\framework\src\Illuminate\Testing\PendingCommand.php:675
C:\Users\Gaser\Desktop\COPRRA\vendor\laravel\framework\src\Illuminate\Foundation\Testing\Concerns\InteractsWithConsole.php:87
C:\Users\Gaser\Desktop\COPRRA\vendor\laravel\framework\src\Illuminate\Foundation\Testing\RefreshDatabase.php:101
C:\Users\Gaser\Desktop\COPRRA\vendor\laravel\framework\src\Illuminate\Foundation\Testing\RefreshDatabase.php:84
C:\Users\Gaser\Desktop\COPRRA\vendor\laravel\framework\src\Illuminate\Foundation\Testing\RefreshDatabase.php:25
C:\Users\Gaser\Desktop\COPRRA\vendor\laravel\framework\src\Illuminate\Foundation\Testing\Concerns\InteractsWithTestCaseLifecycle.php:209
C:\Users\Gaser\Desktop\COPRRA\vendor\laravel\framework\src\Illuminate\Foundation\Testing\Concerns\InteractsWithTestCaseLifecycle.php:97
C:\Users\Gaser\Desktop\COPRRA\vendor\laravel\framework\src\Illuminate\Foundation\Testing\TestCase.php:44
C:\Users\Gaser\Desktop\COPRRA\tests\TestCase.php:25</error>
        </testcase>
      </testsuite>
      <testsuite name="Tests\Feature\Http\Controllers\SystemControllerTest" file="C:\Users\Gaser\Desktop\COPRRA\tests\Feature\Http\Controllers\SystemControllerTest.php" tests="18" assertions="0" errors="18" failures="0" skipped="0" time="0.000000">
        <testcase name="it_can_get_system_information" file="C:\Users\Gaser\Desktop\COPRRA\tests\Feature\Http\Controllers\SystemControllerTest.php" line="22" class="Tests\Feature\Http\Controllers\SystemControllerTest" classname="Tests.Feature.Http.Controllers.SystemControllerTest" assertions="0" time="0.000000">
          <error type="Error">Tests\Feature\Http\Controllers\SystemControllerTest::it_can_get_system_information&#13;
Error: Class "Mockery" not found
&#13;
C:\Users\Gaser\Desktop\COPRRA\vendor\laravel\framework\src\Illuminate\Testing\PendingCommand.php:550
C:\Users\Gaser\Desktop\COPRRA\vendor\laravel\framework\src\Illuminate\Testing\PendingCommand.php:448
C:\Users\Gaser\Desktop\COPRRA\vendor\laravel\framework\src\Illuminate\Testing\PendingCommand.php:675
C:\Users\Gaser\Desktop\COPRRA\vendor\laravel\framework\src\Illuminate\Foundation\Testing\Concerns\InteractsWithConsole.php:87
C:\Users\Gaser\Desktop\COPRRA\vendor\laravel\framework\src\Illuminate\Foundation\Testing\RefreshDatabase.php:101
C:\Users\Gaser\Desktop\COPRRA\vendor\laravel\framework\src\Illuminate\Foundation\Testing\RefreshDatabase.php:84
C:\Users\Gaser\Desktop\COPRRA\vendor\laravel\framework\src\Illuminate\Foundation\Testing\RefreshDatabase.php:25
C:\Users\Gaser\Desktop\COPRRA\vendor\laravel\framework\src\Illuminate\Foundation\Testing\Concerns\InteractsWithTestCaseLifecycle.php:209
C:\Users\Gaser\Desktop\COPRRA\vendor\laravel\framework\src\Illuminate\Foundation\Testing\Concerns\InteractsWithTestCaseLifecycle.php:97
C:\Users\Gaser\Desktop\COPRRA\vendor\laravel\framework\src\Illuminate\Foundation\Testing\TestCase.php:44
C:\Users\Gaser\Desktop\COPRRA\tests\TestCase.php:25</error>
        </testcase>
        <testcase name="it_can_run_database_migrations" file="C:\Users\Gaser\Desktop\COPRRA\tests\Feature\Http\Controllers\SystemControllerTest.php" line="52" class="Tests\Feature\Http\Controllers\SystemControllerTest" classname="Tests.Feature.Http.Controllers.SystemControllerTest" assertions="0" time="0.000000">
          <error type="Error">Tests\Feature\Http\Controllers\SystemControllerTest::it_can_run_database_migrations&#13;
Error: Class "Mockery" not found
&#13;
C:\Users\Gaser\Desktop\COPRRA\vendor\laravel\framework\src\Illuminate\Testing\PendingCommand.php:550
C:\Users\Gaser\Desktop\COPRRA\vendor\laravel\framework\src\Illuminate\Testing\PendingCommand.php:448
C:\Users\Gaser\Desktop\COPRRA\vendor\laravel\framework\src\Illuminate\Testing\PendingCommand.php:675
C:\Users\Gaser\Desktop\COPRRA\vendor\laravel\framework\src\Illuminate\Foundation\Testing\Concerns\InteractsWithConsole.php:87
C:\Users\Gaser\Desktop\COPRRA\vendor\laravel\framework\src\Illuminate\Foundation\Testing\RefreshDatabase.php:101
C:\Users\Gaser\Desktop\COPRRA\vendor\laravel\framework\src\Illuminate\Foundation\Testing\RefreshDatabase.php:84
C:\Users\Gaser\Desktop\COPRRA\vendor\laravel\framework\src\Illuminate\Foundation\Testing\RefreshDatabase.php:25
C:\Users\Gaser\Desktop\COPRRA\vendor\laravel\framework\src\Illuminate\Foundation\Testing\Concerns\InteractsWithTestCaseLifecycle.php:209
C:\Users\Gaser\Desktop\COPRRA\vendor\laravel\framework\src\Illuminate\Foundation\Testing\Concerns\InteractsWithTestCaseLifecycle.php:97
C:\Users\Gaser\Desktop\COPRRA\vendor\laravel\framework\src\Illuminate\Foundation\Testing\TestCase.php:44
C:\Users\Gaser\Desktop\COPRRA\tests\TestCase.php:25</error>
        </testcase>
        <testcase name="it_can_clear_application_cache" file="C:\Users\Gaser\Desktop\COPRRA\tests\Feature\Http\Controllers\SystemControllerTest.php" line="69" class="Tests\Feature\Http\Controllers\SystemControllerTest" classname="Tests.Feature.Http.Controllers.SystemControllerTest" assertions="0" time="0.000000">
          <error type="Error">Tests\Feature\Http\Controllers\SystemControllerTest::it_can_clear_application_cache&#13;
Error: Class "Mockery" not found
&#13;
C:\Users\Gaser\Desktop\COPRRA\vendor\laravel\framework\src\Illuminate\Testing\PendingCommand.php:550
C:\Users\Gaser\Desktop\COPRRA\vendor\laravel\framework\src\Illuminate\Testing\PendingCommand.php:448
C:\Users\Gaser\Desktop\COPRRA\vendor\laravel\framework\src\Illuminate\Testing\PendingCommand.php:675
C:\Users\Gaser\Desktop\COPRRA\vendor\laravel\framework\src\Illuminate\Foundation\Testing\Concerns\InteractsWithConsole.php:87
C:\Users\Gaser\Desktop\COPRRA\vendor\laravel\framework\src\Illuminate\Foundation\Testing\RefreshDatabase.php:101
C:\Users\Gaser\Desktop\COPRRA\vendor\laravel\framework\src\Illuminate\Foundation\Testing\RefreshDatabase.php:84
C:\Users\Gaser\Desktop\COPRRA\vendor\laravel\framework\src\Illuminate\Foundation\Testing\RefreshDatabase.php:25
C:\Users\Gaser\Desktop\COPRRA\vendor\laravel\framework\src\Illuminate\Foundation\Testing\Concerns\InteractsWithTestCaseLifecycle.php:209
C:\Users\Gaser\Desktop\COPRRA\vendor\laravel\framework\src\Illuminate\Foundation\Testing\Concerns\InteractsWithTestCaseLifecycle.php:97
C:\Users\Gaser\Desktop\COPRRA\vendor\laravel\framework\src\Illuminate\Foundation\Testing\TestCase.php:44
C:\Users\Gaser\Desktop\COPRRA\tests\TestCase.php:25</error>
        </testcase>
        <testcase name="it_can_optimize_application" file="C:\Users\Gaser\Desktop\COPRRA\tests\Feature\Http\Controllers\SystemControllerTest.php" line="85" class="Tests\Feature\Http\Controllers\SystemControllerTest" classname="Tests.Feature.Http.Controllers.SystemControllerTest" assertions="0" time="0.000000">
          <error type="Error">Tests\Feature\Http\Controllers\SystemControllerTest::it_can_optimize_application&#13;
Error: Class "Mockery" not found
&#13;
C:\Users\Gaser\Desktop\COPRRA\vendor\laravel\framework\src\Illuminate\Testing\PendingCommand.php:550
C:\Users\Gaser\Desktop\COPRRA\vendor\laravel\framework\src\Illuminate\Testing\PendingCommand.php:448
C:\Users\Gaser\Desktop\COPRRA\vendor\laravel\framework\src\Illuminate\Testing\PendingCommand.php:675
C:\Users\Gaser\Desktop\COPRRA\vendor\laravel\framework\src\Illuminate\Foundation\Testing\Concerns\InteractsWithConsole.php:87
C:\Users\Gaser\Desktop\COPRRA\vendor\laravel\framework\src\Illuminate\Foundation\Testing\RefreshDatabase.php:101
C:\Users\Gaser\Desktop\COPRRA\vendor\laravel\framework\src\Illuminate\Foundation\Testing\RefreshDatabase.php:84
C:\Users\Gaser\Desktop\COPRRA\vendor\laravel\framework\src\Illuminate\Foundation\Testing\RefreshDatabase.php:25
C:\Users\Gaser\Desktop\COPRRA\vendor\laravel\framework\src\Illuminate\Foundation\Testing\Concerns\InteractsWithTestCaseLifecycle.php:209
C:\Users\Gaser\Desktop\COPRRA\vendor\laravel\framework\src\Illuminate\Foundation\Testing\Concerns\InteractsWithTestCaseLifecycle.php:97
C:\Users\Gaser\Desktop\COPRRA\vendor\laravel\framework\src\Illuminate\Foundation\Testing\TestCase.php:44
C:\Users\Gaser\Desktop\COPRRA\tests\TestCase.php:25</error>
        </testcase>
        <testcase name="it_can_run_composer_update" file="C:\Users\Gaser\Desktop\COPRRA\tests\Feature\Http\Controllers\SystemControllerTest.php" line="101" class="Tests\Feature\Http\Controllers\SystemControllerTest" classname="Tests.Feature.Http.Controllers.SystemControllerTest" assertions="0" time="0.000000">
          <error type="Error">Tests\Feature\Http\Controllers\SystemControllerTest::it_can_run_composer_update&#13;
Error: Class "Mockery" not found
&#13;
C:\Users\Gaser\Desktop\COPRRA\vendor\laravel\framework\src\Illuminate\Testing\PendingCommand.php:550
C:\Users\Gaser\Desktop\COPRRA\vendor\laravel\framework\src\Illuminate\Testing\PendingCommand.php:448
C:\Users\Gaser\Desktop\COPRRA\vendor\laravel\framework\src\Illuminate\Testing\PendingCommand.php:675
C:\Users\Gaser\Desktop\COPRRA\vendor\laravel\framework\src\Illuminate\Foundation\Testing\Concerns\InteractsWithConsole.php:87
C:\Users\Gaser\Desktop\COPRRA\vendor\laravel\framework\src\Illuminate\Foundation\Testing\RefreshDatabase.php:101
C:\Users\Gaser\Desktop\COPRRA\vendor\laravel\framework\src\Illuminate\Foundation\Testing\RefreshDatabase.php:84
C:\Users\Gaser\Desktop\COPRRA\vendor\laravel\framework\src\Illuminate\Foundation\Testing\RefreshDatabase.php:25
C:\Users\Gaser\Desktop\COPRRA\vendor\laravel\framework\src\Illuminate\Foundation\Testing\Concerns\InteractsWithTestCaseLifecycle.php:209
C:\Users\Gaser\Desktop\COPRRA\vendor\laravel\framework\src\Illuminate\Foundation\Testing\Concerns\InteractsWithTestCaseLifecycle.php:97
C:\Users\Gaser\Desktop\COPRRA\vendor\laravel\framework\src\Illuminate\Foundation\Testing\TestCase.php:44
C:\Users\Gaser\Desktop\COPRRA\tests\TestCase.php:25</error>
        </testcase>
        <testcase name="it_can_get_performance_metrics" file="C:\Users\Gaser\Desktop\COPRRA\tests\Feature\Http\Controllers\SystemControllerTest.php" line="118" class="Tests\Feature\Http\Controllers\SystemControllerTest" classname="Tests.Feature.Http.Controllers.SystemControllerTest" assertions="0" time="0.000000">
          <error type="Error">Tests\Feature\Http\Controllers\SystemControllerTest::it_can_get_performance_metrics&#13;
Error: Class "Mockery" not found
&#13;
C:\Users\Gaser\Desktop\COPRRA\vendor\laravel\framework\src\Illuminate\Testing\PendingCommand.php:550
C:\Users\Gaser\Desktop\COPRRA\vendor\laravel\framework\src\Illuminate\Testing\PendingCommand.php:448
C:\Users\Gaser\Desktop\COPRRA\vendor\laravel\framework\src\Illuminate\Testing\PendingCommand.php:675
C:\Users\Gaser\Desktop\COPRRA\vendor\laravel\framework\src\Illuminate\Foundation\Testing\Concerns\InteractsWithConsole.php:87
C:\Users\Gaser\Desktop\COPRRA\vendor\laravel\framework\src\Illuminate\Foundation\Testing\RefreshDatabase.php:101
C:\Users\Gaser\Desktop\COPRRA\vendor\laravel\framework\src\Illuminate\Foundation\Testing\RefreshDatabase.php:84
C:\Users\Gaser\Desktop\COPRRA\vendor\laravel\framework\src\Illuminate\Foundation\Testing\RefreshDatabase.php:25
C:\Users\Gaser\Desktop\COPRRA\vendor\laravel\framework\src\Illuminate\Foundation\Testing\Concerns\InteractsWithTestCaseLifecycle.php:209
C:\Users\Gaser\Desktop\COPRRA\vendor\laravel\framework\src\Illuminate\Foundation\Testing\Concerns\InteractsWithTestCaseLifecycle.php:97
C:\Users\Gaser\Desktop\COPRRA\vendor\laravel\framework\src\Illuminate\Foundation\Testing\TestCase.php:44
C:\Users\Gaser\Desktop\COPRRA\tests\TestCase.php:25</error>
        </testcase>
        <testcase name="it_handles_migration_errors" file="C:\Users\Gaser\Desktop\COPRRA\tests\Feature\Http\Controllers\SystemControllerTest.php" line="143" class="Tests\Feature\Http\Controllers\SystemControllerTest" classname="Tests.Feature.Http.Controllers.SystemControllerTest" assertions="0" time="0.000000">
          <error type="Error">Tests\Feature\Http\Controllers\SystemControllerTest::it_handles_migration_errors&#13;
Error: Class "Mockery" not found
&#13;
C:\Users\Gaser\Desktop\COPRRA\vendor\laravel\framework\src\Illuminate\Testing\PendingCommand.php:550
C:\Users\Gaser\Desktop\COPRRA\vendor\laravel\framework\src\Illuminate\Testing\PendingCommand.php:448
C:\Users\Gaser\Desktop\COPRRA\vendor\laravel\framework\src\Illuminate\Testing\PendingCommand.php:675
C:\Users\Gaser\Desktop\COPRRA\vendor\laravel\framework\src\Illuminate\Foundation\Testing\Concerns\InteractsWithConsole.php:87
C:\Users\Gaser\Desktop\COPRRA\vendor\laravel\framework\src\Illuminate\Foundation\Testing\RefreshDatabase.php:101
C:\Users\Gaser\Desktop\COPRRA\vendor\laravel\framework\src\Illuminate\Foundation\Testing\RefreshDatabase.php:84
C:\Users\Gaser\Desktop\COPRRA\vendor\laravel\framework\src\Illuminate\Foundation\Testing\RefreshDatabase.php:25
C:\Users\Gaser\Desktop\COPRRA\vendor\laravel\framework\src\Illuminate\Foundation\Testing\Concerns\InteractsWithTestCaseLifecycle.php:209
C:\Users\Gaser\Desktop\COPRRA\vendor\laravel\framework\src\Illuminate\Foundation\Testing\Concerns\InteractsWithTestCaseLifecycle.php:97
C:\Users\Gaser\Desktop\COPRRA\vendor\laravel\framework\src\Illuminate\Foundation\Testing\TestCase.php:44
C:\Users\Gaser\Desktop\COPRRA\tests\TestCase.php:25</error>
        </testcase>
        <testcase name="it_handles_cache_clear_errors" file="C:\Users\Gaser\Desktop\COPRRA\tests\Feature\Http\Controllers\SystemControllerTest.php" line="160" class="Tests\Feature\Http\Controllers\SystemControllerTest" classname="Tests.Feature.Http.Controllers.SystemControllerTest" assertions="0" time="0.000000">
          <error type="Error">Tests\Feature\Http\Controllers\SystemControllerTest::it_handles_cache_clear_errors&#13;
Error: Class "Mockery" not found
&#13;
C:\Users\Gaser\Desktop\COPRRA\vendor\laravel\framework\src\Illuminate\Testing\PendingCommand.php:550
C:\Users\Gaser\Desktop\COPRRA\vendor\laravel\framework\src\Illuminate\Testing\PendingCommand.php:448
C:\Users\Gaser\Desktop\COPRRA\vendor\laravel\framework\src\Illuminate\Testing\PendingCommand.php:675
C:\Users\Gaser\Desktop\COPRRA\vendor\laravel\framework\src\Illuminate\Foundation\Testing\Concerns\InteractsWithConsole.php:87
C:\Users\Gaser\Desktop\COPRRA\vendor\laravel\framework\src\Illuminate\Foundation\Testing\RefreshDatabase.php:101
C:\Users\Gaser\Desktop\COPRRA\vendor\laravel\framework\src\Illuminate\Foundation\Testing\RefreshDatabase.php:84
C:\Users\Gaser\Desktop\COPRRA\vendor\laravel\framework\src\Illuminate\Foundation\Testing\RefreshDatabase.php:25
C:\Users\Gaser\Desktop\COPRRA\vendor\laravel\framework\src\Illuminate\Foundation\Testing\Concerns\InteractsWithTestCaseLifecycle.php:209
C:\Users\Gaser\Desktop\COPRRA\vendor\laravel\framework\src\Illuminate\Foundation\Testing\Concerns\InteractsWithTestCaseLifecycle.php:97
C:\Users\Gaser\Desktop\COPRRA\vendor\laravel\framework\src\Illuminate\Foundation\Testing\TestCase.php:44
C:\Users\Gaser\Desktop\COPRRA\tests\TestCase.php:25</error>
        </testcase>
        <testcase name="it_handles_optimization_errors" file="C:\Users\Gaser\Desktop\COPRRA\tests\Feature\Http\Controllers\SystemControllerTest.php" line="177" class="Tests\Feature\Http\Controllers\SystemControllerTest" classname="Tests.Feature.Http.Controllers.SystemControllerTest" assertions="0" time="0.000000">
          <error type="Error">Tests\Feature\Http\Controllers\SystemControllerTest::it_handles_optimization_errors&#13;
Error: Class "Mockery" not found
&#13;
C:\Users\Gaser\Desktop\COPRRA\vendor\laravel\framework\src\Illuminate\Testing\PendingCommand.php:550
C:\Users\Gaser\Desktop\COPRRA\vendor\laravel\framework\src\Illuminate\Testing\PendingCommand.php:448
C:\Users\Gaser\Desktop\COPRRA\vendor\laravel\framework\src\Illuminate\Testing\PendingCommand.php:675
C:\Users\Gaser\Desktop\COPRRA\vendor\laravel\framework\src\Illuminate\Foundation\Testing\Concerns\InteractsWithConsole.php:87
C:\Users\Gaser\Desktop\COPRRA\vendor\laravel\framework\src\Illuminate\Foundation\Testing\RefreshDatabase.php:101
C:\Users\Gaser\Desktop\COPRRA\vendor\laravel\framework\src\Illuminate\Foundation\Testing\RefreshDatabase.php:84
C:\Users\Gaser\Desktop\COPRRA\vendor\laravel\framework\src\Illuminate\Foundation\Testing\RefreshDatabase.php:25
C:\Users\Gaser\Desktop\COPRRA\vendor\laravel\framework\src\Illuminate\Foundation\Testing\Concerns\InteractsWithTestCaseLifecycle.php:209
C:\Users\Gaser\Desktop\COPRRA\vendor\laravel\framework\src\Illuminate\Foundation\Testing\Concerns\InteractsWithTestCaseLifecycle.php:97
C:\Users\Gaser\Desktop\COPRRA\vendor\laravel\framework\src\Illuminate\Foundation\Testing\TestCase.php:44
C:\Users\Gaser\Desktop\COPRRA\tests\TestCase.php:25</error>
        </testcase>
        <testcase name="it_handles_composer_update_errors" file="C:\Users\Gaser\Desktop\COPRRA\tests\Feature\Http\Controllers\SystemControllerTest.php" line="194" class="Tests\Feature\Http\Controllers\SystemControllerTest" classname="Tests.Feature.Http.Controllers.SystemControllerTest" assertions="0" time="0.000000">
          <error type="Error">Tests\Feature\Http\Controllers\SystemControllerTest::it_handles_composer_update_errors&#13;
Error: Class "Mockery" not found
&#13;
C:\Users\Gaser\Desktop\COPRRA\vendor\laravel\framework\src\Illuminate\Testing\PendingCommand.php:550
C:\Users\Gaser\Desktop\COPRRA\vendor\laravel\framework\src\Illuminate\Testing\PendingCommand.php:448
C:\Users\Gaser\Desktop\COPRRA\vendor\laravel\framework\src\Illuminate\Testing\PendingCommand.php:675
C:\Users\Gaser\Desktop\COPRRA\vendor\laravel\framework\src\Illuminate\Foundation\Testing\Concerns\InteractsWithConsole.php:87
C:\Users\Gaser\Desktop\COPRRA\vendor\laravel\framework\src\Illuminate\Foundation\Testing\RefreshDatabase.php:101
C:\Users\Gaser\Desktop\COPRRA\vendor\laravel\framework\src\Illuminate\Foundation\Testing\RefreshDatabase.php:84
C:\Users\Gaser\Desktop\COPRRA\vendor\laravel\framework\src\Illuminate\Foundation\Testing\RefreshDatabase.php:25
C:\Users\Gaser\Desktop\COPRRA\vendor\laravel\framework\src\Illuminate\Foundation\Testing\Concerns\InteractsWithTestCaseLifecycle.php:209
C:\Users\Gaser\Desktop\COPRRA\vendor\laravel\framework\src\Illuminate\Foundation\Testing\Concerns\InteractsWithTestCaseLifecycle.php:97
C:\Users\Gaser\Desktop\COPRRA\vendor\laravel\framework\src\Illuminate\Foundation\Testing\TestCase.php:44
C:\Users\Gaser\Desktop\COPRRA\tests\TestCase.php:25</error>
        </testcase>
        <testcase name="it_handles_system_info_errors" file="C:\Users\Gaser\Desktop\COPRRA\tests\Feature\Http\Controllers\SystemControllerTest.php" line="214" class="Tests\Feature\Http\Controllers\SystemControllerTest" classname="Tests.Feature.Http.Controllers.SystemControllerTest" assertions="0" time="0.000000">
          <error type="Error">Tests\Feature\Http\Controllers\SystemControllerTest::it_handles_system_info_errors&#13;
Error: Class "Mockery" not found
&#13;
C:\Users\Gaser\Desktop\COPRRA\vendor\laravel\framework\src\Illuminate\Testing\PendingCommand.php:550
C:\Users\Gaser\Desktop\COPRRA\vendor\laravel\framework\src\Illuminate\Testing\PendingCommand.php:448
C:\Users\Gaser\Desktop\COPRRA\vendor\laravel\framework\src\Illuminate\Testing\PendingCommand.php:675
C:\Users\Gaser\Desktop\COPRRA\vendor\laravel\framework\src\Illuminate\Foundation\Testing\Concerns\InteractsWithConsole.php:87
C:\Users\Gaser\Desktop\COPRRA\vendor\laravel\framework\src\Illuminate\Foundation\Testing\RefreshDatabase.php:101
C:\Users\Gaser\Desktop\COPRRA\vendor\laravel\framework\src\Illuminate\Foundation\Testing\RefreshDatabase.php:84
C:\Users\Gaser\Desktop\COPRRA\vendor\laravel\framework\src\Illuminate\Foundation\Testing\RefreshDatabase.php:25
C:\Users\Gaser\Desktop\COPRRA\vendor\laravel\framework\src\Illuminate\Foundation\Testing\Concerns\InteractsWithTestCaseLifecycle.php:209
C:\Users\Gaser\Desktop\COPRRA\vendor\laravel\framework\src\Illuminate\Foundation\Testing\Concerns\InteractsWithTestCaseLifecycle.php:97
C:\Users\Gaser\Desktop\COPRRA\vendor\laravel\framework\src\Illuminate\Foundation\Testing\TestCase.php:44
C:\Users\Gaser\Desktop\COPRRA\tests\TestCase.php:25</error>
        </testcase>
        <testcase name="it_handles_performance_metrics_errors" file="C:\Users\Gaser\Desktop\COPRRA\tests\Feature\Http\Controllers\SystemControllerTest.php" line="232" class="Tests\Feature\Http\Controllers\SystemControllerTest" classname="Tests.Feature.Http.Controllers.SystemControllerTest" assertions="0" time="0.000000">
          <error type="Error">Tests\Feature\Http\Controllers\SystemControllerTest::it_handles_performance_metrics_errors&#13;
Error: Class "Mockery" not found
&#13;
C:\Users\Gaser\Desktop\COPRRA\vendor\laravel\framework\src\Illuminate\Testing\PendingCommand.php:550
C:\Users\Gaser\Desktop\COPRRA\vendor\laravel\framework\src\Illuminate\Testing\PendingCommand.php:448
C:\Users\Gaser\Desktop\COPRRA\vendor\laravel\framework\src\Illuminate\Testing\PendingCommand.php:675
C:\Users\Gaser\Desktop\COPRRA\vendor\laravel\framework\src\Illuminate\Foundation\Testing\Concerns\InteractsWithConsole.php:87
C:\Users\Gaser\Desktop\COPRRA\vendor\laravel\framework\src\Illuminate\Foundation\Testing\RefreshDatabase.php:101
C:\Users\Gaser\Desktop\COPRRA\vendor\laravel\framework\src\Illuminate\Foundation\Testing\RefreshDatabase.php:84
C:\Users\Gaser\Desktop\COPRRA\vendor\laravel\framework\src\Illuminate\Foundation\Testing\RefreshDatabase.php:25
C:\Users\Gaser\Desktop\COPRRA\vendor\laravel\framework\src\Illuminate\Foundation\Testing\Concerns\InteractsWithTestCaseLifecycle.php:209
C:\Users\Gaser\Desktop\COPRRA\vendor\laravel\framework\src\Illuminate\Foundation\Testing\Concerns\InteractsWithTestCaseLifecycle.php:97
C:\Users\Gaser\Desktop\COPRRA\vendor\laravel\framework\src\Illuminate\Foundation\Testing\TestCase.php:44
C:\Users\Gaser\Desktop\COPRRA\tests\TestCase.php:25</error>
        </testcase>
        <testcase name="it_calls_multiple_artisan_commands_for_cache_clear" file="C:\Users\Gaser\Desktop\COPRRA\tests\Feature\Http\Controllers\SystemControllerTest.php" line="250" class="Tests\Feature\Http\Controllers\SystemControllerTest" classname="Tests.Feature.Http.Controllers.SystemControllerTest" assertions="0" time="0.000000">
          <error type="Error">Tests\Feature\Http\Controllers\SystemControllerTest::it_calls_multiple_artisan_commands_for_cache_clear&#13;
Error: Class "Mockery" not found
&#13;
C:\Users\Gaser\Desktop\COPRRA\vendor\laravel\framework\src\Illuminate\Testing\PendingCommand.php:550
C:\Users\Gaser\Desktop\COPRRA\vendor\laravel\framework\src\Illuminate\Testing\PendingCommand.php:448
C:\Users\Gaser\Desktop\COPRRA\vendor\laravel\framework\src\Illuminate\Testing\PendingCommand.php:675
C:\Users\Gaser\Desktop\COPRRA\vendor\laravel\framework\src\Illuminate\Foundation\Testing\Concerns\InteractsWithConsole.php:87
C:\Users\Gaser\Desktop\COPRRA\vendor\laravel\framework\src\Illuminate\Foundation\Testing\RefreshDatabase.php:101
C:\Users\Gaser\Desktop\COPRRA\vendor\laravel\framework\src\Illuminate\Foundation\Testing\RefreshDatabase.php:84
C:\Users\Gaser\Desktop\COPRRA\vendor\laravel\framework\src\Illuminate\Foundation\Testing\RefreshDatabase.php:25
C:\Users\Gaser\Desktop\COPRRA\vendor\laravel\framework\src\Illuminate\Foundation\Testing\Concerns\InteractsWithTestCaseLifecycle.php:209
C:\Users\Gaser\Desktop\COPRRA\vendor\laravel\framework\src\Illuminate\Foundation\Testing\Concerns\InteractsWithTestCaseLifecycle.php:97
C:\Users\Gaser\Desktop\COPRRA\vendor\laravel\framework\src\Illuminate\Foundation\Testing\TestCase.php:44
C:\Users\Gaser\Desktop\COPRRA\tests\TestCase.php:25</error>
        </testcase>
        <testcase name="it_returns_valid_system_information" file="C:\Users\Gaser\Desktop\COPRRA\tests\Feature\Http\Controllers\SystemControllerTest.php" line="274" class="Tests\Feature\Http\Controllers\SystemControllerTest" classname="Tests.Feature.Http.Controllers.SystemControllerTest" assertions="0" time="0.000000">
          <error type="Error">Tests\Feature\Http\Controllers\SystemControllerTest::it_returns_valid_system_information&#13;
Error: Class "Mockery" not found
&#13;
C:\Users\Gaser\Desktop\COPRRA\vendor\laravel\framework\src\Illuminate\Testing\PendingCommand.php:550
C:\Users\Gaser\Desktop\COPRRA\vendor\laravel\framework\src\Illuminate\Testing\PendingCommand.php:448
C:\Users\Gaser\Desktop\COPRRA\vendor\laravel\framework\src\Illuminate\Testing\PendingCommand.php:675
C:\Users\Gaser\Desktop\COPRRA\vendor\laravel\framework\src\Illuminate\Foundation\Testing\Concerns\InteractsWithConsole.php:87
C:\Users\Gaser\Desktop\COPRRA\vendor\laravel\framework\src\Illuminate\Foundation\Testing\RefreshDatabase.php:101
C:\Users\Gaser\Desktop\COPRRA\vendor\laravel\framework\src\Illuminate\Foundation\Testing\RefreshDatabase.php:84
C:\Users\Gaser\Desktop\COPRRA\vendor\laravel\framework\src\Illuminate\Foundation\Testing\RefreshDatabase.php:25
C:\Users\Gaser\Desktop\COPRRA\vendor\laravel\framework\src\Illuminate\Foundation\Testing\Concerns\InteractsWithTestCaseLifecycle.php:209
C:\Users\Gaser\Desktop\COPRRA\vendor\laravel\framework\src\Illuminate\Foundation\Testing\Concerns\InteractsWithTestCaseLifecycle.php:97
C:\Users\Gaser\Desktop\COPRRA\vendor\laravel\framework\src\Illuminate\Foundation\Testing\TestCase.php:44
C:\Users\Gaser\Desktop\COPRRA\tests\TestCase.php:25</error>
        </testcase>
        <testcase name="it_returns_valid_performance_metrics" file="C:\Users\Gaser\Desktop\COPRRA\tests\Feature\Http\Controllers\SystemControllerTest.php" line="300" class="Tests\Feature\Http\Controllers\SystemControllerTest" classname="Tests.Feature.Http.Controllers.SystemControllerTest" assertions="0" time="0.000000">
          <error type="Error">Tests\Feature\Http\Controllers\SystemControllerTest::it_returns_valid_performance_metrics&#13;
Error: Class "Mockery" not found
&#13;
C:\Users\Gaser\Desktop\COPRRA\vendor\laravel\framework\src\Illuminate\Testing\PendingCommand.php:550
C:\Users\Gaser\Desktop\COPRRA\vendor\laravel\framework\src\Illuminate\Testing\PendingCommand.php:448
C:\Users\Gaser\Desktop\COPRRA\vendor\laravel\framework\src\Illuminate\Testing\PendingCommand.php:675
C:\Users\Gaser\Desktop\COPRRA\vendor\laravel\framework\src\Illuminate\Foundation\Testing\Concerns\InteractsWithConsole.php:87
C:\Users\Gaser\Desktop\COPRRA\vendor\laravel\framework\src\Illuminate\Foundation\Testing\RefreshDatabase.php:101
C:\Users\Gaser\Desktop\COPRRA\vendor\laravel\framework\src\Illuminate\Foundation\Testing\RefreshDatabase.php:84
C:\Users\Gaser\Desktop\COPRRA\vendor\laravel\framework\src\Illuminate\Foundation\Testing\RefreshDatabase.php:25
C:\Users\Gaser\Desktop\COPRRA\vendor\laravel\framework\src\Illuminate\Foundation\Testing\Concerns\InteractsWithTestCaseLifecycle.php:209
C:\Users\Gaser\Desktop\COPRRA\vendor\laravel\framework\src\Illuminate\Foundation\Testing\Concerns\InteractsWithTestCaseLifecycle.php:97
C:\Users\Gaser\Desktop\COPRRA\vendor\laravel\framework\src\Illuminate\Foundation\Testing\TestCase.php:44
C:\Users\Gaser\Desktop\COPRRA\tests\TestCase.php:25</error>
        </testcase>
        <testcase name="it_handles_uptime_calculation" file="C:\Users\Gaser\Desktop\COPRRA\tests\Feature\Http\Controllers\SystemControllerTest.php" line="328" class="Tests\Feature\Http\Controllers\SystemControllerTest" classname="Tests.Feature.Http.Controllers.SystemControllerTest" assertions="0" time="0.000000">
          <error type="Error">Tests\Feature\Http\Controllers\SystemControllerTest::it_handles_uptime_calculation&#13;
Error: Class "Mockery" not found
&#13;
C:\Users\Gaser\Desktop\COPRRA\vendor\laravel\framework\src\Illuminate\Testing\PendingCommand.php:550
C:\Users\Gaser\Desktop\COPRRA\vendor\laravel\framework\src\Illuminate\Testing\PendingCommand.php:448
C:\Users\Gaser\Desktop\COPRRA\vendor\laravel\framework\src\Illuminate\Testing\PendingCommand.php:675
C:\Users\Gaser\Desktop\COPRRA\vendor\laravel\framework\src\Illuminate\Foundation\Testing\Concerns\InteractsWithConsole.php:87
C:\Users\Gaser\Desktop\COPRRA\vendor\laravel\framework\src\Illuminate\Foundation\Testing\RefreshDatabase.php:101
C:\Users\Gaser\Desktop\COPRRA\vendor\laravel\framework\src\Illuminate\Foundation\Testing\RefreshDatabase.php:84
C:\Users\Gaser\Desktop\COPRRA\vendor\laravel\framework\src\Illuminate\Foundation\Testing\RefreshDatabase.php:25
C:\Users\Gaser\Desktop\COPRRA\vendor\laravel\framework\src\Illuminate\Foundation\Testing\Concerns\InteractsWithTestCaseLifecycle.php:209
C:\Users\Gaser\Desktop\COPRRA\vendor\laravel\framework\src\Illuminate\Foundation\Testing\Concerns\InteractsWithTestCaseLifecycle.php:97
C:\Users\Gaser\Desktop\COPRRA\vendor\laravel\framework\src\Illuminate\Foundation\Testing\TestCase.php:44
C:\Users\Gaser\Desktop\COPRRA\tests\TestCase.php:25</error>
        </testcase>
        <testcase name="it_handles_load_average_calculation" file="C:\Users\Gaser\Desktop\COPRRA\tests\Feature\Http\Controllers\SystemControllerTest.php" line="340" class="Tests\Feature\Http\Controllers\SystemControllerTest" classname="Tests.Feature.Http.Controllers.SystemControllerTest" assertions="0" time="0.000000">
          <error type="Error">Tests\Feature\Http\Controllers\SystemControllerTest::it_handles_load_average_calculation&#13;
Error: Class "Mockery" not found
&#13;
C:\Users\Gaser\Desktop\COPRRA\vendor\laravel\framework\src\Illuminate\Testing\PendingCommand.php:550
C:\Users\Gaser\Desktop\COPRRA\vendor\laravel\framework\src\Illuminate\Testing\PendingCommand.php:448
C:\Users\Gaser\Desktop\COPRRA\vendor\laravel\framework\src\Illuminate\Testing\PendingCommand.php:675
C:\Users\Gaser\Desktop\COPRRA\vendor\laravel\framework\src\Illuminate\Foundation\Testing\Concerns\InteractsWithConsole.php:87
C:\Users\Gaser\Desktop\COPRRA\vendor\laravel\framework\src\Illuminate\Foundation\Testing\RefreshDatabase.php:101
C:\Users\Gaser\Desktop\COPRRA\vendor\laravel\framework\src\Illuminate\Foundation\Testing\RefreshDatabase.php:84
C:\Users\Gaser\Desktop\COPRRA\vendor\laravel\framework\src\Illuminate\Foundation\Testing\RefreshDatabase.php:25
C:\Users\Gaser\Desktop\COPRRA\vendor\laravel\framework\src\Illuminate\Foundation\Testing\Concerns\InteractsWithTestCaseLifecycle.php:209
C:\Users\Gaser\Desktop\COPRRA\vendor\laravel\framework\src\Illuminate\Foundation\Testing\Concerns\InteractsWithTestCaseLifecycle.php:97
C:\Users\Gaser\Desktop\COPRRA\vendor\laravel\framework\src\Illuminate\Foundation\Testing\TestCase.php:44
C:\Users\Gaser\Desktop\COPRRA\tests\TestCase.php:25</error>
        </testcase>
        <testcase name="it_handles_cpu_count_calculation" file="C:\Users\Gaser\Desktop\COPRRA\tests\Feature\Http\Controllers\SystemControllerTest.php" line="352" class="Tests\Feature\Http\Controllers\SystemControllerTest" classname="Tests.Feature.Http.Controllers.SystemControllerTest" assertions="0" time="0.000000">
          <error type="Error">Tests\Feature\Http\Controllers\SystemControllerTest::it_handles_cpu_count_calculation&#13;
Error: Class "Mockery" not found
&#13;
C:\Users\Gaser\Desktop\COPRRA\vendor\laravel\framework\src\Illuminate\Testing\PendingCommand.php:550
C:\Users\Gaser\Desktop\COPRRA\vendor\laravel\framework\src\Illuminate\Testing\PendingCommand.php:448
C:\Users\Gaser\Desktop\COPRRA\vendor\laravel\framework\src\Illuminate\Testing\PendingCommand.php:675
C:\Users\Gaser\Desktop\COPRRA\vendor\laravel\framework\src\Illuminate\Foundation\Testing\Concerns\InteractsWithConsole.php:87
C:\Users\Gaser\Desktop\COPRRA\vendor\laravel\framework\src\Illuminate\Foundation\Testing\RefreshDatabase.php:101
C:\Users\Gaser\Desktop\COPRRA\vendor\laravel\framework\src\Illuminate\Foundation\Testing\RefreshDatabase.php:84
C:\Users\Gaser\Desktop\COPRRA\vendor\laravel\framework\src\Illuminate\Foundation\Testing\RefreshDatabase.php:25
C:\Users\Gaser\Desktop\COPRRA\vendor\laravel\framework\src\Illuminate\Foundation\Testing\Concerns\InteractsWithTestCaseLifecycle.php:209
C:\Users\Gaser\Desktop\COPRRA\vendor\laravel\framework\src\Illuminate\Foundation\Testing\Concerns\InteractsWithTestCaseLifecycle.php:97
C:\Users\Gaser\Desktop\COPRRA\vendor\laravel\framework\src\Illuminate\Foundation\Testing\TestCase.php:44
C:\Users\Gaser\Desktop\COPRRA\tests\TestCase.php:25</error>
        </testcase>
      </testsuite>
      <testsuite name="Tests\Feature\Http\Controllers\UserControllerTest" file="C:\Users\Gaser\Desktop\COPRRA\tests\Feature\Http\Controllers\UserControllerTest.php" tests="8" assertions="0" errors="8" failures="0" skipped="0" time="0.000000">
        <testcase name="test_can_display_user_profile" file="C:\Users\Gaser\Desktop\COPRRA\tests\Feature\Http\Controllers\UserControllerTest.php" line="30" class="Tests\Feature\Http\Controllers\UserControllerTest" classname="Tests.Feature.Http.Controllers.UserControllerTest" assertions="0" time="0.000000">
          <error type="Error">Tests\Feature\Http\Controllers\UserControllerTest::test_can_display_user_profile&#13;
Error: Class "Mockery" not found
&#13;
C:\Users\Gaser\Desktop\COPRRA\vendor\laravel\framework\src\Illuminate\Testing\PendingCommand.php:550
C:\Users\Gaser\Desktop\COPRRA\vendor\laravel\framework\src\Illuminate\Testing\PendingCommand.php:448
C:\Users\Gaser\Desktop\COPRRA\vendor\laravel\framework\src\Illuminate\Testing\PendingCommand.php:675
C:\Users\Gaser\Desktop\COPRRA\vendor\laravel\framework\src\Illuminate\Foundation\Testing\Concerns\InteractsWithConsole.php:87
C:\Users\Gaser\Desktop\COPRRA\vendor\laravel\framework\src\Illuminate\Foundation\Testing\RefreshDatabase.php:101
C:\Users\Gaser\Desktop\COPRRA\vendor\laravel\framework\src\Illuminate\Foundation\Testing\RefreshDatabase.php:84
C:\Users\Gaser\Desktop\COPRRA\vendor\laravel\framework\src\Illuminate\Foundation\Testing\RefreshDatabase.php:25
C:\Users\Gaser\Desktop\COPRRA\vendor\laravel\framework\src\Illuminate\Foundation\Testing\Concerns\InteractsWithTestCaseLifecycle.php:209
C:\Users\Gaser\Desktop\COPRRA\vendor\laravel\framework\src\Illuminate\Foundation\Testing\Concerns\InteractsWithTestCaseLifecycle.php:97
C:\Users\Gaser\Desktop\COPRRA\vendor\laravel\framework\src\Illuminate\Foundation\Testing\TestCase.php:44
C:\Users\Gaser\Desktop\COPRRA\tests\TestCase.php:25
C:\Users\Gaser\Desktop\COPRRA\tests\Feature\Http\Controllers\UserControllerTest.php:20</error>
        </testcase>
        <testcase name="test_requires_authentication_to_view_profile" file="C:\Users\Gaser\Desktop\COPRRA\tests\Feature\Http\Controllers\UserControllerTest.php" line="42" class="Tests\Feature\Http\Controllers\UserControllerTest" classname="Tests.Feature.Http.Controllers.UserControllerTest" assertions="0" time="0.000000">
          <error type="Error">Tests\Feature\Http\Controllers\UserControllerTest::test_requires_authentication_to_view_profile&#13;
Error: Class "Mockery" not found
&#13;
C:\Users\Gaser\Desktop\COPRRA\vendor\laravel\framework\src\Illuminate\Testing\PendingCommand.php:550
C:\Users\Gaser\Desktop\COPRRA\vendor\laravel\framework\src\Illuminate\Testing\PendingCommand.php:448
C:\Users\Gaser\Desktop\COPRRA\vendor\laravel\framework\src\Illuminate\Testing\PendingCommand.php:675
C:\Users\Gaser\Desktop\COPRRA\vendor\laravel\framework\src\Illuminate\Foundation\Testing\Concerns\InteractsWithConsole.php:87
C:\Users\Gaser\Desktop\COPRRA\vendor\laravel\framework\src\Illuminate\Foundation\Testing\RefreshDatabase.php:101
C:\Users\Gaser\Desktop\COPRRA\vendor\laravel\framework\src\Illuminate\Foundation\Testing\RefreshDatabase.php:84
C:\Users\Gaser\Desktop\COPRRA\vendor\laravel\framework\src\Illuminate\Foundation\Testing\RefreshDatabase.php:25
C:\Users\Gaser\Desktop\COPRRA\vendor\laravel\framework\src\Illuminate\Foundation\Testing\Concerns\InteractsWithTestCaseLifecycle.php:209
C:\Users\Gaser\Desktop\COPRRA\vendor\laravel\framework\src\Illuminate\Foundation\Testing\Concerns\InteractsWithTestCaseLifecycle.php:97
C:\Users\Gaser\Desktop\COPRRA\vendor\laravel\framework\src\Illuminate\Foundation\Testing\TestCase.php:44
C:\Users\Gaser\Desktop\COPRRA\tests\TestCase.php:25
C:\Users\Gaser\Desktop\COPRRA\tests\Feature\Http\Controllers\UserControllerTest.php:20</error>
        </testcase>
        <testcase name="test_can_update_user_profile" file="C:\Users\Gaser\Desktop\COPRRA\tests\Feature\Http\Controllers\UserControllerTest.php" line="50" class="Tests\Feature\Http\Controllers\UserControllerTest" classname="Tests.Feature.Http.Controllers.UserControllerTest" assertions="0" time="0.000000">
          <error type="Error">Tests\Feature\Http\Controllers\UserControllerTest::test_can_update_user_profile&#13;
Error: Class "Mockery" not found
&#13;
C:\Users\Gaser\Desktop\COPRRA\vendor\laravel\framework\src\Illuminate\Testing\PendingCommand.php:550
C:\Users\Gaser\Desktop\COPRRA\vendor\laravel\framework\src\Illuminate\Testing\PendingCommand.php:448
C:\Users\Gaser\Desktop\COPRRA\vendor\laravel\framework\src\Illuminate\Testing\PendingCommand.php:675
C:\Users\Gaser\Desktop\COPRRA\vendor\laravel\framework\src\Illuminate\Foundation\Testing\Concerns\InteractsWithConsole.php:87
C:\Users\Gaser\Desktop\COPRRA\vendor\laravel\framework\src\Illuminate\Foundation\Testing\RefreshDatabase.php:101
C:\Users\Gaser\Desktop\COPRRA\vendor\laravel\framework\src\Illuminate\Foundation\Testing\RefreshDatabase.php:84
C:\Users\Gaser\Desktop\COPRRA\vendor\laravel\framework\src\Illuminate\Foundation\Testing\RefreshDatabase.php:25
C:\Users\Gaser\Desktop\COPRRA\vendor\laravel\framework\src\Illuminate\Foundation\Testing\Concerns\InteractsWithTestCaseLifecycle.php:209
C:\Users\Gaser\Desktop\COPRRA\vendor\laravel\framework\src\Illuminate\Foundation\Testing\Concerns\InteractsWithTestCaseLifecycle.php:97
C:\Users\Gaser\Desktop\COPRRA\vendor\laravel\framework\src\Illuminate\Foundation\Testing\TestCase.php:44
C:\Users\Gaser\Desktop\COPRRA\tests\TestCase.php:25
C:\Users\Gaser\Desktop\COPRRA\tests\Feature\Http\Controllers\UserControllerTest.php:20</error>
        </testcase>
        <testcase name="test_validates_profile_update_request" file="C:\Users\Gaser\Desktop\COPRRA\tests\Feature\Http\Controllers\UserControllerTest.php" line="67" class="Tests\Feature\Http\Controllers\UserControllerTest" classname="Tests.Feature.Http.Controllers.UserControllerTest" assertions="0" time="0.000000">
          <error type="Error">Tests\Feature\Http\Controllers\UserControllerTest::test_validates_profile_update_request&#13;
Error: Class "Mockery" not found
&#13;
C:\Users\Gaser\Desktop\COPRRA\vendor\laravel\framework\src\Illuminate\Testing\PendingCommand.php:550
C:\Users\Gaser\Desktop\COPRRA\vendor\laravel\framework\src\Illuminate\Testing\PendingCommand.php:448
C:\Users\Gaser\Desktop\COPRRA\vendor\laravel\framework\src\Illuminate\Testing\PendingCommand.php:675
C:\Users\Gaser\Desktop\COPRRA\vendor\laravel\framework\src\Illuminate\Foundation\Testing\Concerns\InteractsWithConsole.php:87
C:\Users\Gaser\Desktop\COPRRA\vendor\laravel\framework\src\Illuminate\Foundation\Testing\RefreshDatabase.php:101
C:\Users\Gaser\Desktop\COPRRA\vendor\laravel\framework\src\Illuminate\Foundation\Testing\RefreshDatabase.php:84
C:\Users\Gaser\Desktop\COPRRA\vendor\laravel\framework\src\Illuminate\Foundation\Testing\RefreshDatabase.php:25
C:\Users\Gaser\Desktop\COPRRA\vendor\laravel\framework\src\Illuminate\Foundation\Testing\Concerns\InteractsWithTestCaseLifecycle.php:209
C:\Users\Gaser\Desktop\COPRRA\vendor\laravel\framework\src\Illuminate\Foundation\Testing\Concerns\InteractsWithTestCaseLifecycle.php:97
C:\Users\Gaser\Desktop\COPRRA\vendor\laravel\framework\src\Illuminate\Foundation\Testing\TestCase.php:44
C:\Users\Gaser\Desktop\COPRRA\tests\TestCase.php:25
C:\Users\Gaser\Desktop\COPRRA\tests\Feature\Http\Controllers\UserControllerTest.php:20</error>
        </testcase>
        <testcase name="test_requires_authentication_to_update_profile" file="C:\Users\Gaser\Desktop\COPRRA\tests\Feature\Http\Controllers\UserControllerTest.php" line="78" class="Tests\Feature\Http\Controllers\UserControllerTest" classname="Tests.Feature.Http.Controllers.UserControllerTest" assertions="0" time="0.000000">
          <error type="Error">Tests\Feature\Http\Controllers\UserControllerTest::test_requires_authentication_to_update_profile&#13;
Error: Class "Mockery" not found
&#13;
C:\Users\Gaser\Desktop\COPRRA\vendor\laravel\framework\src\Illuminate\Testing\PendingCommand.php:550
C:\Users\Gaser\Desktop\COPRRA\vendor\laravel\framework\src\Illuminate\Testing\PendingCommand.php:448
C:\Users\Gaser\Desktop\COPRRA\vendor\laravel\framework\src\Illuminate\Testing\PendingCommand.php:675
C:\Users\Gaser\Desktop\COPRRA\vendor\laravel\framework\src\Illuminate\Foundation\Testing\Concerns\InteractsWithConsole.php:87
C:\Users\Gaser\Desktop\COPRRA\vendor\laravel\framework\src\Illuminate\Foundation\Testing\RefreshDatabase.php:101
C:\Users\Gaser\Desktop\COPRRA\vendor\laravel\framework\src\Illuminate\Foundation\Testing\RefreshDatabase.php:84
C:\Users\Gaser\Desktop\COPRRA\vendor\laravel\framework\src\Illuminate\Foundation\Testing\RefreshDatabase.php:25
C:\Users\Gaser\Desktop\COPRRA\vendor\laravel\framework\src\Illuminate\Foundation\Testing\Concerns\InteractsWithTestCaseLifecycle.php:209
C:\Users\Gaser\Desktop\COPRRA\vendor\laravel\framework\src\Illuminate\Foundation\Testing\Concerns\InteractsWithTestCaseLifecycle.php:97
C:\Users\Gaser\Desktop\COPRRA\vendor\laravel\framework\src\Illuminate\Foundation\Testing\TestCase.php:44
C:\Users\Gaser\Desktop\COPRRA\tests\TestCase.php:25
C:\Users\Gaser\Desktop\COPRRA\tests\Feature\Http\Controllers\UserControllerTest.php:20</error>
        </testcase>
        <testcase name="test_can_change_user_password" file="C:\Users\Gaser\Desktop\COPRRA\tests\Feature\Http\Controllers\UserControllerTest.php" line="89" class="Tests\Feature\Http\Controllers\UserControllerTest" classname="Tests.Feature.Http.Controllers.UserControllerTest" assertions="0" time="0.000000">
          <error type="Error">Tests\Feature\Http\Controllers\UserControllerTest::test_can_change_user_password&#13;
Error: Class "Mockery" not found
&#13;
C:\Users\Gaser\Desktop\COPRRA\vendor\laravel\framework\src\Illuminate\Testing\PendingCommand.php:550
C:\Users\Gaser\Desktop\COPRRA\vendor\laravel\framework\src\Illuminate\Testing\PendingCommand.php:448
C:\Users\Gaser\Desktop\COPRRA\vendor\laravel\framework\src\Illuminate\Testing\PendingCommand.php:675
C:\Users\Gaser\Desktop\COPRRA\vendor\laravel\framework\src\Illuminate\Foundation\Testing\Concerns\InteractsWithConsole.php:87
C:\Users\Gaser\Desktop\COPRRA\vendor\laravel\framework\src\Illuminate\Foundation\Testing\RefreshDatabase.php:101
C:\Users\Gaser\Desktop\COPRRA\vendor\laravel\framework\src\Illuminate\Foundation\Testing\RefreshDatabase.php:84
C:\Users\Gaser\Desktop\COPRRA\vendor\laravel\framework\src\Illuminate\Foundation\Testing\RefreshDatabase.php:25
C:\Users\Gaser\Desktop\COPRRA\vendor\laravel\framework\src\Illuminate\Foundation\Testing\Concerns\InteractsWithTestCaseLifecycle.php:209
C:\Users\Gaser\Desktop\COPRRA\vendor\laravel\framework\src\Illuminate\Foundation\Testing\Concerns\InteractsWithTestCaseLifecycle.php:97
C:\Users\Gaser\Desktop\COPRRA\vendor\laravel\framework\src\Illuminate\Foundation\Testing\TestCase.php:44
C:\Users\Gaser\Desktop\COPRRA\tests\TestCase.php:25
C:\Users\Gaser\Desktop\COPRRA\tests\Feature\Http\Controllers\UserControllerTest.php:20</error>
        </testcase>
        <testcase name="test_validates_password_change_request" file="C:\Users\Gaser\Desktop\COPRRA\tests\Feature\Http\Controllers\UserControllerTest.php" line="107" class="Tests\Feature\Http\Controllers\UserControllerTest" classname="Tests.Feature.Http.Controllers.UserControllerTest" assertions="0" time="0.000000">
          <error type="Error">Tests\Feature\Http\Controllers\UserControllerTest::test_validates_password_change_request&#13;
Error: Class "Mockery" not found
&#13;
C:\Users\Gaser\Desktop\COPRRA\vendor\laravel\framework\src\Illuminate\Testing\PendingCommand.php:550
C:\Users\Gaser\Desktop\COPRRA\vendor\laravel\framework\src\Illuminate\Testing\PendingCommand.php:448
C:\Users\Gaser\Desktop\COPRRA\vendor\laravel\framework\src\Illuminate\Testing\PendingCommand.php:675
C:\Users\Gaser\Desktop\COPRRA\vendor\laravel\framework\src\Illuminate\Foundation\Testing\Concerns\InteractsWithConsole.php:87
C:\Users\Gaser\Desktop\COPRRA\vendor\laravel\framework\src\Illuminate\Foundation\Testing\RefreshDatabase.php:101
C:\Users\Gaser\Desktop\COPRRA\vendor\laravel\framework\src\Illuminate\Foundation\Testing\RefreshDatabase.php:84
C:\Users\Gaser\Desktop\COPRRA\vendor\laravel\framework\src\Illuminate\Foundation\Testing\RefreshDatabase.php:25
C:\Users\Gaser\Desktop\COPRRA\vendor\laravel\framework\src\Illuminate\Foundation\Testing\Concerns\InteractsWithTestCaseLifecycle.php:209
C:\Users\Gaser\Desktop\COPRRA\vendor\laravel\framework\src\Illuminate\Foundation\Testing\Concerns\InteractsWithTestCaseLifecycle.php:97
C:\Users\Gaser\Desktop\COPRRA\vendor\laravel\framework\src\Illuminate\Foundation\Testing\TestCase.php:44
C:\Users\Gaser\Desktop\COPRRA\tests\TestCase.php:25
C:\Users\Gaser\Desktop\COPRRA\tests\Feature\Http\Controllers\UserControllerTest.php:20</error>
        </testcase>
        <testcase name="test_requires_authentication_to_change_password" file="C:\Users\Gaser\Desktop\COPRRA\tests\Feature\Http\Controllers\UserControllerTest.php" line="118" class="Tests\Feature\Http\Controllers\UserControllerTest" classname="Tests.Feature.Http.Controllers.UserControllerTest" assertions="0" time="0.000000">
          <error type="Error">Tests\Feature\Http\Controllers\UserControllerTest::test_requires_authentication_to_change_password&#13;
Error: Class "Mockery" not found
&#13;
C:\Users\Gaser\Desktop\COPRRA\vendor\laravel\framework\src\Illuminate\Testing\PendingCommand.php:550
C:\Users\Gaser\Desktop\COPRRA\vendor\laravel\framework\src\Illuminate\Testing\PendingCommand.php:448
C:\Users\Gaser\Desktop\COPRRA\vendor\laravel\framework\src\Illuminate\Testing\PendingCommand.php:675
C:\Users\Gaser\Desktop\COPRRA\vendor\laravel\framework\src\Illuminate\Foundation\Testing\Concerns\InteractsWithConsole.php:87
C:\Users\Gaser\Desktop\COPRRA\vendor\laravel\framework\src\Illuminate\Foundation\Testing\RefreshDatabase.php:101
C:\Users\Gaser\Desktop\COPRRA\vendor\laravel\framework\src\Illuminate\Foundation\Testing\RefreshDatabase.php:84
C:\Users\Gaser\Desktop\COPRRA\vendor\laravel\framework\src\Illuminate\Foundation\Testing\RefreshDatabase.php:25
C:\Users\Gaser\Desktop\COPRRA\vendor\laravel\framework\src\Illuminate\Foundation\Testing\Concerns\InteractsWithTestCaseLifecycle.php:209
C:\Users\Gaser\Desktop\COPRRA\vendor\laravel\framework\src\Illuminate\Foundation\Testing\Concerns\InteractsWithTestCaseLifecycle.php:97
C:\Users\Gaser\Desktop\COPRRA\vendor\laravel\framework\src\Illuminate\Foundation\Testing\TestCase.php:44
C:\Users\Gaser\Desktop\COPRRA\tests\TestCase.php:25
C:\Users\Gaser\Desktop\COPRRA\tests\Feature\Http\Controllers\UserControllerTest.php:20</error>
        </testcase>
      </testsuite>
      <testsuite name="Tests\Feature\Http\Controllers\WishlistControllerTest" file="C:\Users\Gaser\Desktop\COPRRA\tests\Feature\Http\Controllers\WishlistControllerTest.php" tests="10" assertions="0" errors="10" failures="0" skipped="0" time="0.000000">
        <testcase name="test_can_display_wishlist" file="C:\Users\Gaser\Desktop\COPRRA\tests\Feature\Http\Controllers\WishlistControllerTest.php" line="31" class="Tests\Feature\Http\Controllers\WishlistControllerTest" classname="Tests.Feature.Http.Controllers.WishlistControllerTest" assertions="0" time="0.000000">
          <error type="Error">Tests\Feature\Http\Controllers\WishlistControllerTest::test_can_display_wishlist&#13;
Error: Class "Mockery" not found
&#13;
C:\Users\Gaser\Desktop\COPRRA\vendor\laravel\framework\src\Illuminate\Testing\PendingCommand.php:550
C:\Users\Gaser\Desktop\COPRRA\vendor\laravel\framework\src\Illuminate\Testing\PendingCommand.php:448
C:\Users\Gaser\Desktop\COPRRA\vendor\laravel\framework\src\Illuminate\Testing\PendingCommand.php:675
C:\Users\Gaser\Desktop\COPRRA\vendor\laravel\framework\src\Illuminate\Foundation\Testing\Concerns\InteractsWithConsole.php:87
C:\Users\Gaser\Desktop\COPRRA\vendor\laravel\framework\src\Illuminate\Foundation\Testing\RefreshDatabase.php:101
C:\Users\Gaser\Desktop\COPRRA\vendor\laravel\framework\src\Illuminate\Foundation\Testing\RefreshDatabase.php:84
C:\Users\Gaser\Desktop\COPRRA\vendor\laravel\framework\src\Illuminate\Foundation\Testing\RefreshDatabase.php:25
C:\Users\Gaser\Desktop\COPRRA\vendor\laravel\framework\src\Illuminate\Foundation\Testing\Concerns\InteractsWithTestCaseLifecycle.php:209
C:\Users\Gaser\Desktop\COPRRA\vendor\laravel\framework\src\Illuminate\Foundation\Testing\Concerns\InteractsWithTestCaseLifecycle.php:97
C:\Users\Gaser\Desktop\COPRRA\vendor\laravel\framework\src\Illuminate\Foundation\Testing\TestCase.php:44
C:\Users\Gaser\Desktop\COPRRA\tests\TestCase.php:25
C:\Users\Gaser\Desktop\COPRRA\tests\Feature\Http\Controllers\WishlistControllerTest.php:21</error>
        </testcase>
        <testcase name="test_requires_authentication_to_view_wishlist" file="C:\Users\Gaser\Desktop\COPRRA\tests\Feature\Http\Controllers\WishlistControllerTest.php" line="42" class="Tests\Feature\Http\Controllers\WishlistControllerTest" classname="Tests.Feature.Http.Controllers.WishlistControllerTest" assertions="0" time="0.000000">
          <error type="Error">Tests\Feature\Http\Controllers\WishlistControllerTest::test_requires_authentication_to_view_wishlist&#13;
Error: Class "Mockery" not found
&#13;
C:\Users\Gaser\Desktop\COPRRA\vendor\laravel\framework\src\Illuminate\Testing\PendingCommand.php:550
C:\Users\Gaser\Desktop\COPRRA\vendor\laravel\framework\src\Illuminate\Testing\PendingCommand.php:448
C:\Users\Gaser\Desktop\COPRRA\vendor\laravel\framework\src\Illuminate\Testing\PendingCommand.php:675
C:\Users\Gaser\Desktop\COPRRA\vendor\laravel\framework\src\Illuminate\Foundation\Testing\Concerns\InteractsWithConsole.php:87
C:\Users\Gaser\Desktop\COPRRA\vendor\laravel\framework\src\Illuminate\Foundation\Testing\RefreshDatabase.php:101
C:\Users\Gaser\Desktop\COPRRA\vendor\laravel\framework\src\Illuminate\Foundation\Testing\RefreshDatabase.php:84
C:\Users\Gaser\Desktop\COPRRA\vendor\laravel\framework\src\Illuminate\Foundation\Testing\RefreshDatabase.php:25
C:\Users\Gaser\Desktop\COPRRA\vendor\laravel\framework\src\Illuminate\Foundation\Testing\Concerns\InteractsWithTestCaseLifecycle.php:209
C:\Users\Gaser\Desktop\COPRRA\vendor\laravel\framework\src\Illuminate\Foundation\Testing\Concerns\InteractsWithTestCaseLifecycle.php:97
C:\Users\Gaser\Desktop\COPRRA\vendor\laravel\framework\src\Illuminate\Foundation\Testing\TestCase.php:44
C:\Users\Gaser\Desktop\COPRRA\tests\TestCase.php:25
C:\Users\Gaser\Desktop\COPRRA\tests\Feature\Http\Controllers\WishlistControllerTest.php:21</error>
        </testcase>
        <testcase name="test_can_add_product_to_wishlist" file="C:\Users\Gaser\Desktop\COPRRA\tests\Feature\Http\Controllers\WishlistControllerTest.php" line="50" class="Tests\Feature\Http\Controllers\WishlistControllerTest" classname="Tests.Feature.Http.Controllers.WishlistControllerTest" assertions="0" time="0.000000">
          <error type="Error">Tests\Feature\Http\Controllers\WishlistControllerTest::test_can_add_product_to_wishlist&#13;
Error: Class "Mockery" not found
&#13;
C:\Users\Gaser\Desktop\COPRRA\vendor\laravel\framework\src\Illuminate\Testing\PendingCommand.php:550
C:\Users\Gaser\Desktop\COPRRA\vendor\laravel\framework\src\Illuminate\Testing\PendingCommand.php:448
C:\Users\Gaser\Desktop\COPRRA\vendor\laravel\framework\src\Illuminate\Testing\PendingCommand.php:675
C:\Users\Gaser\Desktop\COPRRA\vendor\laravel\framework\src\Illuminate\Foundation\Testing\Concerns\InteractsWithConsole.php:87
C:\Users\Gaser\Desktop\COPRRA\vendor\laravel\framework\src\Illuminate\Foundation\Testing\RefreshDatabase.php:101
C:\Users\Gaser\Desktop\COPRRA\vendor\laravel\framework\src\Illuminate\Foundation\Testing\RefreshDatabase.php:84
C:\Users\Gaser\Desktop\COPRRA\vendor\laravel\framework\src\Illuminate\Foundation\Testing\RefreshDatabase.php:25
C:\Users\Gaser\Desktop\COPRRA\vendor\laravel\framework\src\Illuminate\Foundation\Testing\Concerns\InteractsWithTestCaseLifecycle.php:209
C:\Users\Gaser\Desktop\COPRRA\vendor\laravel\framework\src\Illuminate\Foundation\Testing\Concerns\InteractsWithTestCaseLifecycle.php:97
C:\Users\Gaser\Desktop\COPRRA\vendor\laravel\framework\src\Illuminate\Foundation\Testing\TestCase.php:44
C:\Users\Gaser\Desktop\COPRRA\tests\TestCase.php:25
C:\Users\Gaser\Desktop\COPRRA\tests\Feature\Http\Controllers\WishlistControllerTest.php:21</error>
        </testcase>
        <testcase name="test_validates_add_to_wishlist_request" file="C:\Users\Gaser\Desktop\COPRRA\tests\Feature\Http\Controllers\WishlistControllerTest.php" line="74" class="Tests\Feature\Http\Controllers\WishlistControllerTest" classname="Tests.Feature.Http.Controllers.WishlistControllerTest" assertions="0" time="0.000000">
          <error type="Error">Tests\Feature\Http\Controllers\WishlistControllerTest::test_validates_add_to_wishlist_request&#13;
Error: Class "Mockery" not found
&#13;
C:\Users\Gaser\Desktop\COPRRA\vendor\laravel\framework\src\Illuminate\Testing\PendingCommand.php:550
C:\Users\Gaser\Desktop\COPRRA\vendor\laravel\framework\src\Illuminate\Testing\PendingCommand.php:448
C:\Users\Gaser\Desktop\COPRRA\vendor\laravel\framework\src\Illuminate\Testing\PendingCommand.php:675
C:\Users\Gaser\Desktop\COPRRA\vendor\laravel\framework\src\Illuminate\Foundation\Testing\Concerns\InteractsWithConsole.php:87
C:\Users\Gaser\Desktop\COPRRA\vendor\laravel\framework\src\Illuminate\Foundation\Testing\RefreshDatabase.php:101
C:\Users\Gaser\Desktop\COPRRA\vendor\laravel\framework\src\Illuminate\Foundation\Testing\RefreshDatabase.php:84
C:\Users\Gaser\Desktop\COPRRA\vendor\laravel\framework\src\Illuminate\Foundation\Testing\RefreshDatabase.php:25
C:\Users\Gaser\Desktop\COPRRA\vendor\laravel\framework\src\Illuminate\Foundation\Testing\Concerns\InteractsWithTestCaseLifecycle.php:209
C:\Users\Gaser\Desktop\COPRRA\vendor\laravel\framework\src\Illuminate\Foundation\Testing\Concerns\InteractsWithTestCaseLifecycle.php:97
C:\Users\Gaser\Desktop\COPRRA\vendor\laravel\framework\src\Illuminate\Foundation\Testing\TestCase.php:44
C:\Users\Gaser\Desktop\COPRRA\tests\TestCase.php:25
C:\Users\Gaser\Desktop\COPRRA\tests\Feature\Http\Controllers\WishlistControllerTest.php:21</error>
        </testcase>
        <testcase name="test_requires_authentication_to_add_to_wishlist" file="C:\Users\Gaser\Desktop\COPRRA\tests\Feature\Http\Controllers\WishlistControllerTest.php" line="85" class="Tests\Feature\Http\Controllers\WishlistControllerTest" classname="Tests.Feature.Http.Controllers.WishlistControllerTest" assertions="0" time="0.000000">
          <error type="Error">Tests\Feature\Http\Controllers\WishlistControllerTest::test_requires_authentication_to_add_to_wishlist&#13;
Error: Class "Mockery" not found
&#13;
C:\Users\Gaser\Desktop\COPRRA\vendor\laravel\framework\src\Illuminate\Testing\PendingCommand.php:550
C:\Users\Gaser\Desktop\COPRRA\vendor\laravel\framework\src\Illuminate\Testing\PendingCommand.php:448
C:\Users\Gaser\Desktop\COPRRA\vendor\laravel\framework\src\Illuminate\Testing\PendingCommand.php:675
C:\Users\Gaser\Desktop\COPRRA\vendor\laravel\framework\src\Illuminate\Foundation\Testing\Concerns\InteractsWithConsole.php:87
C:\Users\Gaser\Desktop\COPRRA\vendor\laravel\framework\src\Illuminate\Foundation\Testing\RefreshDatabase.php:101
C:\Users\Gaser\Desktop\COPRRA\vendor\laravel\framework\src\Illuminate\Foundation\Testing\RefreshDatabase.php:84
C:\Users\Gaser\Desktop\COPRRA\vendor\laravel\framework\src\Illuminate\Foundation\Testing\RefreshDatabase.php:25
C:\Users\Gaser\Desktop\COPRRA\vendor\laravel\framework\src\Illuminate\Foundation\Testing\Concerns\InteractsWithTestCaseLifecycle.php:209
C:\Users\Gaser\Desktop\COPRRA\vendor\laravel\framework\src\Illuminate\Foundation\Testing\Concerns\InteractsWithTestCaseLifecycle.php:97
C:\Users\Gaser\Desktop\COPRRA\vendor\laravel\framework\src\Illuminate\Foundation\Testing\TestCase.php:44
C:\Users\Gaser\Desktop\COPRRA\tests\TestCase.php:25
C:\Users\Gaser\Desktop\COPRRA\tests\Feature\Http\Controllers\WishlistControllerTest.php:21</error>
        </testcase>
        <testcase name="test_can_remove_product_from_wishlist" file="C:\Users\Gaser\Desktop\COPRRA\tests\Feature\Http\Controllers\WishlistControllerTest.php" line="97" class="Tests\Feature\Http\Controllers\WishlistControllerTest" classname="Tests.Feature.Http.Controllers.WishlistControllerTest" assertions="0" time="0.000000">
          <error type="Error">Tests\Feature\Http\Controllers\WishlistControllerTest::test_can_remove_product_from_wishlist&#13;
Error: Class "Mockery" not found
&#13;
C:\Users\Gaser\Desktop\COPRRA\vendor\laravel\framework\src\Illuminate\Testing\PendingCommand.php:550
C:\Users\Gaser\Desktop\COPRRA\vendor\laravel\framework\src\Illuminate\Testing\PendingCommand.php:448
C:\Users\Gaser\Desktop\COPRRA\vendor\laravel\framework\src\Illuminate\Testing\PendingCommand.php:675
C:\Users\Gaser\Desktop\COPRRA\vendor\laravel\framework\src\Illuminate\Foundation\Testing\Concerns\InteractsWithConsole.php:87
C:\Users\Gaser\Desktop\COPRRA\vendor\laravel\framework\src\Illuminate\Foundation\Testing\RefreshDatabase.php:101
C:\Users\Gaser\Desktop\COPRRA\vendor\laravel\framework\src\Illuminate\Foundation\Testing\RefreshDatabase.php:84
C:\Users\Gaser\Desktop\COPRRA\vendor\laravel\framework\src\Illuminate\Foundation\Testing\RefreshDatabase.php:25
C:\Users\Gaser\Desktop\COPRRA\vendor\laravel\framework\src\Illuminate\Foundation\Testing\Concerns\InteractsWithTestCaseLifecycle.php:209
C:\Users\Gaser\Desktop\COPRRA\vendor\laravel\framework\src\Illuminate\Foundation\Testing\Concerns\InteractsWithTestCaseLifecycle.php:97
C:\Users\Gaser\Desktop\COPRRA\vendor\laravel\framework\src\Illuminate\Foundation\Testing\TestCase.php:44
C:\Users\Gaser\Desktop\COPRRA\tests\TestCase.php:25
C:\Users\Gaser\Desktop\COPRRA\tests\Feature\Http\Controllers\WishlistControllerTest.php:21</error>
        </testcase>
        <testcase name="test_validates_remove_from_wishlist_request" file="C:\Users\Gaser\Desktop\COPRRA\tests\Feature\Http\Controllers\WishlistControllerTest.php" line="132" class="Tests\Feature\Http\Controllers\WishlistControllerTest" classname="Tests.Feature.Http.Controllers.WishlistControllerTest" assertions="0" time="0.000000">
          <error type="Error">Tests\Feature\Http\Controllers\WishlistControllerTest::test_validates_remove_from_wishlist_request&#13;
Error: Class "Mockery" not found
&#13;
C:\Users\Gaser\Desktop\COPRRA\vendor\laravel\framework\src\Illuminate\Testing\PendingCommand.php:550
C:\Users\Gaser\Desktop\COPRRA\vendor\laravel\framework\src\Illuminate\Testing\PendingCommand.php:448
C:\Users\Gaser\Desktop\COPRRA\vendor\laravel\framework\src\Illuminate\Testing\PendingCommand.php:675
C:\Users\Gaser\Desktop\COPRRA\vendor\laravel\framework\src\Illuminate\Foundation\Testing\Concerns\InteractsWithConsole.php:87
C:\Users\Gaser\Desktop\COPRRA\vendor\laravel\framework\src\Illuminate\Foundation\Testing\RefreshDatabase.php:101
C:\Users\Gaser\Desktop\COPRRA\vendor\laravel\framework\src\Illuminate\Foundation\Testing\RefreshDatabase.php:84
C:\Users\Gaser\Desktop\COPRRA\vendor\laravel\framework\src\Illuminate\Foundation\Testing\RefreshDatabase.php:25
C:\Users\Gaser\Desktop\COPRRA\vendor\laravel\framework\src\Illuminate\Foundation\Testing\Concerns\InteractsWithTestCaseLifecycle.php:209
C:\Users\Gaser\Desktop\COPRRA\vendor\laravel\framework\src\Illuminate\Foundation\Testing\Concerns\InteractsWithTestCaseLifecycle.php:97
C:\Users\Gaser\Desktop\COPRRA\vendor\laravel\framework\src\Illuminate\Foundation\Testing\TestCase.php:44
C:\Users\Gaser\Desktop\COPRRA\tests\TestCase.php:25
C:\Users\Gaser\Desktop\COPRRA\tests\Feature\Http\Controllers\WishlistControllerTest.php:21</error>
        </testcase>
        <testcase name="test_requires_authentication_to_remove_from_wishlist" file="C:\Users\Gaser\Desktop\COPRRA\tests\Feature\Http\Controllers\WishlistControllerTest.php" line="143" class="Tests\Feature\Http\Controllers\WishlistControllerTest" classname="Tests.Feature.Http.Controllers.WishlistControllerTest" assertions="0" time="0.000000">
          <error type="Error">Tests\Feature\Http\Controllers\WishlistControllerTest::test_requires_authentication_to_remove_from_wishlist&#13;
Error: Class "Mockery" not found
&#13;
C:\Users\Gaser\Desktop\COPRRA\vendor\laravel\framework\src\Illuminate\Testing\PendingCommand.php:550
C:\Users\Gaser\Desktop\COPRRA\vendor\laravel\framework\src\Illuminate\Testing\PendingCommand.php:448
C:\Users\Gaser\Desktop\COPRRA\vendor\laravel\framework\src\Illuminate\Testing\PendingCommand.php:675
C:\Users\Gaser\Desktop\COPRRA\vendor\laravel\framework\src\Illuminate\Foundation\Testing\Concerns\InteractsWithConsole.php:87
C:\Users\Gaser\Desktop\COPRRA\vendor\laravel\framework\src\Illuminate\Foundation\Testing\RefreshDatabase.php:101
C:\Users\Gaser\Desktop\COPRRA\vendor\laravel\framework\src\Illuminate\Foundation\Testing\RefreshDatabase.php:84
C:\Users\Gaser\Desktop\COPRRA\vendor\laravel\framework\src\Illuminate\Foundation\Testing\RefreshDatabase.php:25
C:\Users\Gaser\Desktop\COPRRA\vendor\laravel\framework\src\Illuminate\Foundation\Testing\Concerns\InteractsWithTestCaseLifecycle.php:209
C:\Users\Gaser\Desktop\COPRRA\vendor\laravel\framework\src\Illuminate\Foundation\Testing\Concerns\InteractsWithTestCaseLifecycle.php:97
C:\Users\Gaser\Desktop\COPRRA\vendor\laravel\framework\src\Illuminate\Foundation\Testing\TestCase.php:44
C:\Users\Gaser\Desktop\COPRRA\tests\TestCase.php:25
C:\Users\Gaser\Desktop\COPRRA\tests\Feature\Http\Controllers\WishlistControllerTest.php:21</error>
        </testcase>
        <testcase name="test_can_clear_entire_wishlist" file="C:\Users\Gaser\Desktop\COPRRA\tests\Feature\Http\Controllers\WishlistControllerTest.php" line="155" class="Tests\Feature\Http\Controllers\WishlistControllerTest" classname="Tests.Feature.Http.Controllers.WishlistControllerTest" assertions="0" time="0.000000">
          <error type="Error">Tests\Feature\Http\Controllers\WishlistControllerTest::test_can_clear_entire_wishlist&#13;
Error: Class "Mockery" not found
&#13;
C:\Users\Gaser\Desktop\COPRRA\vendor\laravel\framework\src\Illuminate\Testing\PendingCommand.php:550
C:\Users\Gaser\Desktop\COPRRA\vendor\laravel\framework\src\Illuminate\Testing\PendingCommand.php:448
C:\Users\Gaser\Desktop\COPRRA\vendor\laravel\framework\src\Illuminate\Testing\PendingCommand.php:675
C:\Users\Gaser\Desktop\COPRRA\vendor\laravel\framework\src\Illuminate\Foundation\Testing\Concerns\InteractsWithConsole.php:87
C:\Users\Gaser\Desktop\COPRRA\vendor\laravel\framework\src\Illuminate\Foundation\Testing\RefreshDatabase.php:101
C:\Users\Gaser\Desktop\COPRRA\vendor\laravel\framework\src\Illuminate\Foundation\Testing\RefreshDatabase.php:84
C:\Users\Gaser\Desktop\COPRRA\vendor\laravel\framework\src\Illuminate\Foundation\Testing\RefreshDatabase.php:25
C:\Users\Gaser\Desktop\COPRRA\vendor\laravel\framework\src\Illuminate\Foundation\Testing\Concerns\InteractsWithTestCaseLifecycle.php:209
C:\Users\Gaser\Desktop\COPRRA\vendor\laravel\framework\src\Illuminate\Foundation\Testing\Concerns\InteractsWithTestCaseLifecycle.php:97
C:\Users\Gaser\Desktop\COPRRA\vendor\laravel\framework\src\Illuminate\Foundation\Testing\TestCase.php:44
C:\Users\Gaser\Desktop\COPRRA\tests\TestCase.php:25
C:\Users\Gaser\Desktop\COPRRA\tests\Feature\Http\Controllers\WishlistControllerTest.php:21</error>
        </testcase>
        <testcase name="test_requires_authentication_to_clear_wishlist" file="C:\Users\Gaser\Desktop\COPRRA\tests\Feature\Http\Controllers\WishlistControllerTest.php" line="180" class="Tests\Feature\Http\Controllers\WishlistControllerTest" classname="Tests.Feature.Http.Controllers.WishlistControllerTest" assertions="0" time="0.000000">
          <error type="Error">Tests\Feature\Http\Controllers\WishlistControllerTest::test_requires_authentication_to_clear_wishlist&#13;
Error: Class "Mockery" not found
&#13;
C:\Users\Gaser\Desktop\COPRRA\vendor\laravel\framework\src\Illuminate\Testing\PendingCommand.php:550
C:\Users\Gaser\Desktop\COPRRA\vendor\laravel\framework\src\Illuminate\Testing\PendingCommand.php:448
C:\Users\Gaser\Desktop\COPRRA\vendor\laravel\framework\src\Illuminate\Testing\PendingCommand.php:675
C:\Users\Gaser\Desktop\COPRRA\vendor\laravel\framework\src\Illuminate\Foundation\Testing\Concerns\InteractsWithConsole.php:87
C:\Users\Gaser\Desktop\COPRRA\vendor\laravel\framework\src\Illuminate\Foundation\Testing\RefreshDatabase.php:101
C:\Users\Gaser\Desktop\COPRRA\vendor\laravel\framework\src\Illuminate\Foundation\Testing\RefreshDatabase.php:84
C:\Users\Gaser\Desktop\COPRRA\vendor\laravel\framework\src\Illuminate\Foundation\Testing\RefreshDatabase.php:25
C:\Users\Gaser\Desktop\COPRRA\vendor\laravel\framework\src\Illuminate\Foundation\Testing\Concerns\InteractsWithTestCaseLifecycle.php:209
C:\Users\Gaser\Desktop\COPRRA\vendor\laravel\framework\src\Illuminate\Foundation\Testing\Concerns\InteractsWithTestCaseLifecycle.php:97
C:\Users\Gaser\Desktop\COPRRA\vendor\laravel\framework\src\Illuminate\Foundation\Testing\TestCase.php:44
C:\Users\Gaser\Desktop\COPRRA\tests\TestCase.php:25
C:\Users\Gaser\Desktop\COPRRA\tests\Feature\Http\Controllers\WishlistControllerTest.php:21</error>
        </testcase>
      </testsuite>
      <testsuite name="Tests\Feature\Http\Middleware\AddQueuedCookiesToResponseTest" file="C:\Users\Gaser\Desktop\COPRRA\tests\Feature\Http\Middleware\AddQueuedCookiesToResponseTest.php" tests="3" assertions="0" errors="3" failures="0" skipped="0" time="0.000000">
        <testcase name="test_add_queued_cookies_middleware_adds_cookies_to_response" file="C:\Users\Gaser\Desktop\COPRRA\tests\Feature\Http\Middleware\AddQueuedCookiesToResponseTest.php" line="15" class="Tests\Feature\Http\Middleware\AddQueuedCookiesToResponseTest" classname="Tests.Feature.Http.Middleware.AddQueuedCookiesToResponseTest" assertions="0" time="0.000000">
          <error type="Error">Tests\Feature\Http\Middleware\AddQueuedCookiesToResponseTest::test_add_queued_cookies_middleware_adds_cookies_to_response&#13;
Error: Class "Mockery" not found
&#13;
C:\Users\Gaser\Desktop\COPRRA\vendor\laravel\framework\src\Illuminate\Testing\PendingCommand.php:550
C:\Users\Gaser\Desktop\COPRRA\vendor\laravel\framework\src\Illuminate\Testing\PendingCommand.php:448
C:\Users\Gaser\Desktop\COPRRA\vendor\laravel\framework\src\Illuminate\Testing\PendingCommand.php:675
C:\Users\Gaser\Desktop\COPRRA\vendor\laravel\framework\src\Illuminate\Foundation\Testing\Concerns\InteractsWithConsole.php:87
C:\Users\Gaser\Desktop\COPRRA\vendor\laravel\framework\src\Illuminate\Foundation\Testing\RefreshDatabase.php:101
C:\Users\Gaser\Desktop\COPRRA\vendor\laravel\framework\src\Illuminate\Foundation\Testing\RefreshDatabase.php:84
C:\Users\Gaser\Desktop\COPRRA\vendor\laravel\framework\src\Illuminate\Foundation\Testing\RefreshDatabase.php:25
C:\Users\Gaser\Desktop\COPRRA\vendor\laravel\framework\src\Illuminate\Foundation\Testing\Concerns\InteractsWithTestCaseLifecycle.php:209
C:\Users\Gaser\Desktop\COPRRA\vendor\laravel\framework\src\Illuminate\Foundation\Testing\Concerns\InteractsWithTestCaseLifecycle.php:97
C:\Users\Gaser\Desktop\COPRRA\vendor\laravel\framework\src\Illuminate\Foundation\Testing\TestCase.php:44
C:\Users\Gaser\Desktop\COPRRA\tests\TestCase.php:25</error>
        </testcase>
        <testcase name="test_add_queued_cookies_middleware_passes_request_successfully" file="C:\Users\Gaser\Desktop\COPRRA\tests\Feature\Http\Middleware\AddQueuedCookiesToResponseTest.php" line="31" class="Tests\Feature\Http\Middleware\AddQueuedCookiesToResponseTest" classname="Tests.Feature.Http.Middleware.AddQueuedCookiesToResponseTest" assertions="0" time="0.000000">
          <error type="Error">Tests\Feature\Http\Middleware\AddQueuedCookiesToResponseTest::test_add_queued_cookies_middleware_passes_request_successfully&#13;
Error: Class "Mockery" not found
&#13;
C:\Users\Gaser\Desktop\COPRRA\vendor\laravel\framework\src\Illuminate\Testing\PendingCommand.php:550
C:\Users\Gaser\Desktop\COPRRA\vendor\laravel\framework\src\Illuminate\Testing\PendingCommand.php:448
C:\Users\Gaser\Desktop\COPRRA\vendor\laravel\framework\src\Illuminate\Testing\PendingCommand.php:675
C:\Users\Gaser\Desktop\COPRRA\vendor\laravel\framework\src\Illuminate\Foundation\Testing\Concerns\InteractsWithConsole.php:87
C:\Users\Gaser\Desktop\COPRRA\vendor\laravel\framework\src\Illuminate\Foundation\Testing\RefreshDatabase.php:101
C:\Users\Gaser\Desktop\COPRRA\vendor\laravel\framework\src\Illuminate\Foundation\Testing\RefreshDatabase.php:84
C:\Users\Gaser\Desktop\COPRRA\vendor\laravel\framework\src\Illuminate\Foundation\Testing\RefreshDatabase.php:25
C:\Users\Gaser\Desktop\COPRRA\vendor\laravel\framework\src\Illuminate\Foundation\Testing\Concerns\InteractsWithTestCaseLifecycle.php:209
C:\Users\Gaser\Desktop\COPRRA\vendor\laravel\framework\src\Illuminate\Foundation\Testing\Concerns\InteractsWithTestCaseLifecycle.php:97
C:\Users\Gaser\Desktop\COPRRA\vendor\laravel\framework\src\Illuminate\Foundation\Testing\TestCase.php:44
C:\Users\Gaser\Desktop\COPRRA\tests\TestCase.php:25</error>
        </testcase>
        <testcase name="test_add_queued_cookies_middleware_handles_multiple_cookies" file="C:\Users\Gaser\Desktop\COPRRA\tests\Feature\Http\Middleware\AddQueuedCookiesToResponseTest.php" line="44" class="Tests\Feature\Http\Middleware\AddQueuedCookiesToResponseTest" classname="Tests.Feature.Http.Middleware.AddQueuedCookiesToResponseTest" assertions="0" time="0.000000">
          <error type="Error">Tests\Feature\Http\Middleware\AddQueuedCookiesToResponseTest::test_add_queued_cookies_middleware_handles_multiple_cookies&#13;
Error: Class "Mockery" not found
&#13;
C:\Users\Gaser\Desktop\COPRRA\vendor\laravel\framework\src\Illuminate\Testing\PendingCommand.php:550
C:\Users\Gaser\Desktop\COPRRA\vendor\laravel\framework\src\Illuminate\Testing\PendingCommand.php:448
C:\Users\Gaser\Desktop\COPRRA\vendor\laravel\framework\src\Illuminate\Testing\PendingCommand.php:675
C:\Users\Gaser\Desktop\COPRRA\vendor\laravel\framework\src\Illuminate\Foundation\Testing\Concerns\InteractsWithConsole.php:87
C:\Users\Gaser\Desktop\COPRRA\vendor\laravel\framework\src\Illuminate\Foundation\Testing\RefreshDatabase.php:101
C:\Users\Gaser\Desktop\COPRRA\vendor\laravel\framework\src\Illuminate\Foundation\Testing\RefreshDatabase.php:84
C:\Users\Gaser\Desktop\COPRRA\vendor\laravel\framework\src\Illuminate\Foundation\Testing\RefreshDatabase.php:25
C:\Users\Gaser\Desktop\COPRRA\vendor\laravel\framework\src\Illuminate\Foundation\Testing\Concerns\InteractsWithTestCaseLifecycle.php:209
C:\Users\Gaser\Desktop\COPRRA\vendor\laravel\framework\src\Illuminate\Foundation\Testing\Concerns\InteractsWithTestCaseLifecycle.php:97
C:\Users\Gaser\Desktop\COPRRA\vendor\laravel\framework\src\Illuminate\Foundation\Testing\TestCase.php:44
C:\Users\Gaser\Desktop\COPRRA\tests\TestCase.php:25</error>
        </testcase>
      </testsuite>
      <testsuite name="Tests\Feature\Http\Middleware\AdminMiddlewareTest" file="C:\Users\Gaser\Desktop\COPRRA\tests\Feature\Http\Middleware\AdminMiddlewareTest.php" tests="6" assertions="0" errors="6" failures="0" skipped="0" time="0.000000">
        <testcase name="test_admin_middleware_allows_authenticated_admin_user" file="C:\Users\Gaser\Desktop\COPRRA\tests\Feature\Http\Middleware\AdminMiddlewareTest.php" line="19" class="Tests\Feature\Http\Middleware\AdminMiddlewareTest" classname="Tests.Feature.Http.Middleware.AdminMiddlewareTest" assertions="0" time="0.000000">
          <error type="Error">Tests\Feature\Http\Middleware\AdminMiddlewareTest::test_admin_middleware_allows_authenticated_admin_user&#13;
Error: Class "Mockery" not found
&#13;
C:\Users\Gaser\Desktop\COPRRA\vendor\laravel\framework\src\Illuminate\Testing\PendingCommand.php:550
C:\Users\Gaser\Desktop\COPRRA\vendor\laravel\framework\src\Illuminate\Testing\PendingCommand.php:448
C:\Users\Gaser\Desktop\COPRRA\vendor\laravel\framework\src\Illuminate\Testing\PendingCommand.php:675
C:\Users\Gaser\Desktop\COPRRA\vendor\laravel\framework\src\Illuminate\Foundation\Testing\Concerns\InteractsWithConsole.php:87
C:\Users\Gaser\Desktop\COPRRA\vendor\laravel\framework\src\Illuminate\Foundation\Testing\RefreshDatabase.php:101
C:\Users\Gaser\Desktop\COPRRA\vendor\laravel\framework\src\Illuminate\Foundation\Testing\RefreshDatabase.php:84
C:\Users\Gaser\Desktop\COPRRA\vendor\laravel\framework\src\Illuminate\Foundation\Testing\RefreshDatabase.php:25
C:\Users\Gaser\Desktop\COPRRA\vendor\laravel\framework\src\Illuminate\Foundation\Testing\Concerns\InteractsWithTestCaseLifecycle.php:209
C:\Users\Gaser\Desktop\COPRRA\vendor\laravel\framework\src\Illuminate\Foundation\Testing\Concerns\InteractsWithTestCaseLifecycle.php:97
C:\Users\Gaser\Desktop\COPRRA\vendor\laravel\framework\src\Illuminate\Foundation\Testing\TestCase.php:44
C:\Users\Gaser\Desktop\COPRRA\tests\TestCase.php:25</error>
        </testcase>
        <testcase name="test_admin_middleware_redirects_unauthenticated_user" file="C:\Users\Gaser\Desktop\COPRRA\tests\Feature\Http\Middleware\AdminMiddlewareTest.php" line="38" class="Tests\Feature\Http\Middleware\AdminMiddlewareTest" classname="Tests.Feature.Http.Middleware.AdminMiddlewareTest" assertions="0" time="0.000000">
          <error type="Error">Tests\Feature\Http\Middleware\AdminMiddlewareTest::test_admin_middleware_redirects_unauthenticated_user&#13;
Error: Class "Mockery" not found
&#13;
C:\Users\Gaser\Desktop\COPRRA\vendor\laravel\framework\src\Illuminate\Testing\PendingCommand.php:550
C:\Users\Gaser\Desktop\COPRRA\vendor\laravel\framework\src\Illuminate\Testing\PendingCommand.php:448
C:\Users\Gaser\Desktop\COPRRA\vendor\laravel\framework\src\Illuminate\Testing\PendingCommand.php:675
C:\Users\Gaser\Desktop\COPRRA\vendor\laravel\framework\src\Illuminate\Foundation\Testing\Concerns\InteractsWithConsole.php:87
C:\Users\Gaser\Desktop\COPRRA\vendor\laravel\framework\src\Illuminate\Foundation\Testing\RefreshDatabase.php:101
C:\Users\Gaser\Desktop\COPRRA\vendor\laravel\framework\src\Illuminate\Foundation\Testing\RefreshDatabase.php:84
C:\Users\Gaser\Desktop\COPRRA\vendor\laravel\framework\src\Illuminate\Foundation\Testing\RefreshDatabase.php:25
C:\Users\Gaser\Desktop\COPRRA\vendor\laravel\framework\src\Illuminate\Foundation\Testing\Concerns\InteractsWithTestCaseLifecycle.php:209
C:\Users\Gaser\Desktop\COPRRA\vendor\laravel\framework\src\Illuminate\Foundation\Testing\Concerns\InteractsWithTestCaseLifecycle.php:97
C:\Users\Gaser\Desktop\COPRRA\vendor\laravel\framework\src\Illuminate\Foundation\Testing\TestCase.php:44
C:\Users\Gaser\Desktop\COPRRA\tests\TestCase.php:25</error>
        </testcase>
        <testcase name="test_admin_middleware_returns_json_for_api_requests_when_unauthenticated" file="C:\Users\Gaser\Desktop\COPRRA\tests\Feature\Http\Middleware\AdminMiddlewareTest.php" line="53" class="Tests\Feature\Http\Middleware\AdminMiddlewareTest" classname="Tests.Feature.Http.Middleware.AdminMiddlewareTest" assertions="0" time="0.000000">
          <error type="Error">Tests\Feature\Http\Middleware\AdminMiddlewareTest::test_admin_middleware_returns_json_for_api_requests_when_unauthenticated&#13;
Error: Class "Mockery" not found
&#13;
C:\Users\Gaser\Desktop\COPRRA\vendor\laravel\framework\src\Illuminate\Testing\PendingCommand.php:550
C:\Users\Gaser\Desktop\COPRRA\vendor\laravel\framework\src\Illuminate\Testing\PendingCommand.php:448
C:\Users\Gaser\Desktop\COPRRA\vendor\laravel\framework\src\Illuminate\Testing\PendingCommand.php:675
C:\Users\Gaser\Desktop\COPRRA\vendor\laravel\framework\src\Illuminate\Foundation\Testing\Concerns\InteractsWithConsole.php:87
C:\Users\Gaser\Desktop\COPRRA\vendor\laravel\framework\src\Illuminate\Foundation\Testing\RefreshDatabase.php:101
C:\Users\Gaser\Desktop\COPRRA\vendor\laravel\framework\src\Illuminate\Foundation\Testing\RefreshDatabase.php:84
C:\Users\Gaser\Desktop\COPRRA\vendor\laravel\framework\src\Illuminate\Foundation\Testing\RefreshDatabase.php:25
C:\Users\Gaser\Desktop\COPRRA\vendor\laravel\framework\src\Illuminate\Foundation\Testing\Concerns\InteractsWithTestCaseLifecycle.php:209
C:\Users\Gaser\Desktop\COPRRA\vendor\laravel\framework\src\Illuminate\Foundation\Testing\Concerns\InteractsWithTestCaseLifecycle.php:97
C:\Users\Gaser\Desktop\COPRRA\vendor\laravel\framework\src\Illuminate\Foundation\Testing\TestCase.php:44
C:\Users\Gaser\Desktop\COPRRA\tests\TestCase.php:25</error>
        </testcase>
        <testcase name="test_admin_middleware_redirects_non_admin_user" file="C:\Users\Gaser\Desktop\COPRRA\tests\Feature\Http\Middleware\AdminMiddlewareTest.php" line="70" class="Tests\Feature\Http\Middleware\AdminMiddlewareTest" classname="Tests.Feature.Http.Middleware.AdminMiddlewareTest" assertions="0" time="0.000000">
          <error type="Error">Tests\Feature\Http\Middleware\AdminMiddlewareTest::test_admin_middleware_redirects_non_admin_user&#13;
Error: Class "Mockery" not found
&#13;
C:\Users\Gaser\Desktop\COPRRA\vendor\laravel\framework\src\Illuminate\Testing\PendingCommand.php:550
C:\Users\Gaser\Desktop\COPRRA\vendor\laravel\framework\src\Illuminate\Testing\PendingCommand.php:448
C:\Users\Gaser\Desktop\COPRRA\vendor\laravel\framework\src\Illuminate\Testing\PendingCommand.php:675
C:\Users\Gaser\Desktop\COPRRA\vendor\laravel\framework\src\Illuminate\Foundation\Testing\Concerns\InteractsWithConsole.php:87
C:\Users\Gaser\Desktop\COPRRA\vendor\laravel\framework\src\Illuminate\Foundation\Testing\RefreshDatabase.php:101
C:\Users\Gaser\Desktop\COPRRA\vendor\laravel\framework\src\Illuminate\Foundation\Testing\RefreshDatabase.php:84
C:\Users\Gaser\Desktop\COPRRA\vendor\laravel\framework\src\Illuminate\Foundation\Testing\RefreshDatabase.php:25
C:\Users\Gaser\Desktop\COPRRA\vendor\laravel\framework\src\Illuminate\Foundation\Testing\Concerns\InteractsWithTestCaseLifecycle.php:209
C:\Users\Gaser\Desktop\COPRRA\vendor\laravel\framework\src\Illuminate\Foundation\Testing\Concerns\InteractsWithTestCaseLifecycle.php:97
C:\Users\Gaser\Desktop\COPRRA\vendor\laravel\framework\src\Illuminate\Foundation\Testing\TestCase.php:44
C:\Users\Gaser\Desktop\COPRRA\tests\TestCase.php:25</error>
        </testcase>
        <testcase name="test_admin_middleware_returns_json_for_api_requests_when_non_admin" file="C:\Users\Gaser\Desktop\COPRRA\tests\Feature\Http\Middleware\AdminMiddlewareTest.php" line="89" class="Tests\Feature\Http\Middleware\AdminMiddlewareTest" classname="Tests.Feature.Http.Middleware.AdminMiddlewareTest" assertions="0" time="0.000000">
          <error type="Error">Tests\Feature\Http\Middleware\AdminMiddlewareTest::test_admin_middleware_returns_json_for_api_requests_when_non_admin&#13;
Error: Class "Mockery" not found
&#13;
C:\Users\Gaser\Desktop\COPRRA\vendor\laravel\framework\src\Illuminate\Testing\PendingCommand.php:550
C:\Users\Gaser\Desktop\COPRRA\vendor\laravel\framework\src\Illuminate\Testing\PendingCommand.php:448
C:\Users\Gaser\Desktop\COPRRA\vendor\laravel\framework\src\Illuminate\Testing\PendingCommand.php:675
C:\Users\Gaser\Desktop\COPRRA\vendor\laravel\framework\src\Illuminate\Foundation\Testing\Concerns\InteractsWithConsole.php:87
C:\Users\Gaser\Desktop\COPRRA\vendor\laravel\framework\src\Illuminate\Foundation\Testing\RefreshDatabase.php:101
C:\Users\Gaser\Desktop\COPRRA\vendor\laravel\framework\src\Illuminate\Foundation\Testing\RefreshDatabase.php:84
C:\Users\Gaser\Desktop\COPRRA\vendor\laravel\framework\src\Illuminate\Foundation\Testing\RefreshDatabase.php:25
C:\Users\Gaser\Desktop\COPRRA\vendor\laravel\framework\src\Illuminate\Foundation\Testing\Concerns\InteractsWithTestCaseLifecycle.php:209
C:\Users\Gaser\Desktop\COPRRA\vendor\laravel\framework\src\Illuminate\Foundation\Testing\Concerns\InteractsWithTestCaseLifecycle.php:97
C:\Users\Gaser\Desktop\COPRRA\vendor\laravel\framework\src\Illuminate\Foundation\Testing\TestCase.php:44
C:\Users\Gaser\Desktop\COPRRA\tests\TestCase.php:25</error>
        </testcase>
        <testcase name="test_admin_middleware_handles_null_user" file="C:\Users\Gaser\Desktop\COPRRA\tests\Feature\Http\Middleware\AdminMiddlewareTest.php" line="110" class="Tests\Feature\Http\Middleware\AdminMiddlewareTest" classname="Tests.Feature.Http.Middleware.AdminMiddlewareTest" assertions="0" time="0.000000">
          <error type="Error">Tests\Feature\Http\Middleware\AdminMiddlewareTest::test_admin_middleware_handles_null_user&#13;
Error: Class "Mockery" not found
&#13;
C:\Users\Gaser\Desktop\COPRRA\vendor\laravel\framework\src\Illuminate\Testing\PendingCommand.php:550
C:\Users\Gaser\Desktop\COPRRA\vendor\laravel\framework\src\Illuminate\Testing\PendingCommand.php:448
C:\Users\Gaser\Desktop\COPRRA\vendor\laravel\framework\src\Illuminate\Testing\PendingCommand.php:675
C:\Users\Gaser\Desktop\COPRRA\vendor\laravel\framework\src\Illuminate\Foundation\Testing\Concerns\InteractsWithConsole.php:87
C:\Users\Gaser\Desktop\COPRRA\vendor\laravel\framework\src\Illuminate\Foundation\Testing\RefreshDatabase.php:101
C:\Users\Gaser\Desktop\COPRRA\vendor\laravel\framework\src\Illuminate\Foundation\Testing\RefreshDatabase.php:84
C:\Users\Gaser\Desktop\COPRRA\vendor\laravel\framework\src\Illuminate\Foundation\Testing\RefreshDatabase.php:25
C:\Users\Gaser\Desktop\COPRRA\vendor\laravel\framework\src\Illuminate\Foundation\Testing\Concerns\InteractsWithTestCaseLifecycle.php:209
C:\Users\Gaser\Desktop\COPRRA\vendor\laravel\framework\src\Illuminate\Foundation\Testing\Concerns\InteractsWithTestCaseLifecycle.php:97
C:\Users\Gaser\Desktop\COPRRA\vendor\laravel\framework\src\Illuminate\Foundation\Testing\TestCase.php:44
C:\Users\Gaser\Desktop\COPRRA\tests\TestCase.php:25</error>
        </testcase>
      </testsuite>
      <testsuite name="Tests\Feature\Http\Middleware\ApiErrorHandlerTest" file="C:\Users\Gaser\Desktop\COPRRA\tests\Feature\Http\Middleware\ApiErrorHandlerTest.php" tests="11" assertions="0" errors="11" failures="0" skipped="0" time="0.000000">
        <testcase name="test_api_error_handler_passes_request_successfully" file="C:\Users\Gaser\Desktop\COPRRA\tests\Feature\Http\Middleware\ApiErrorHandlerTest.php" line="26" class="Tests\Feature\Http\Middleware\ApiErrorHandlerTest" classname="Tests.Feature.Http.Middleware.ApiErrorHandlerTest" assertions="0" time="0.000000">
          <error type="Error">Tests\Feature\Http\Middleware\ApiErrorHandlerTest::test_api_error_handler_passes_request_successfully&#13;
Error: Class "Mockery" not found
&#13;
C:\Users\Gaser\Desktop\COPRRA\vendor\laravel\framework\src\Illuminate\Testing\PendingCommand.php:550
C:\Users\Gaser\Desktop\COPRRA\vendor\laravel\framework\src\Illuminate\Testing\PendingCommand.php:448
C:\Users\Gaser\Desktop\COPRRA\vendor\laravel\framework\src\Illuminate\Testing\PendingCommand.php:675
C:\Users\Gaser\Desktop\COPRRA\vendor\laravel\framework\src\Illuminate\Foundation\Testing\Concerns\InteractsWithConsole.php:87
C:\Users\Gaser\Desktop\COPRRA\vendor\laravel\framework\src\Illuminate\Foundation\Testing\RefreshDatabase.php:101
C:\Users\Gaser\Desktop\COPRRA\vendor\laravel\framework\src\Illuminate\Foundation\Testing\RefreshDatabase.php:84
C:\Users\Gaser\Desktop\COPRRA\vendor\laravel\framework\src\Illuminate\Foundation\Testing\RefreshDatabase.php:25
C:\Users\Gaser\Desktop\COPRRA\vendor\laravel\framework\src\Illuminate\Foundation\Testing\Concerns\InteractsWithTestCaseLifecycle.php:209
C:\Users\Gaser\Desktop\COPRRA\vendor\laravel\framework\src\Illuminate\Foundation\Testing\Concerns\InteractsWithTestCaseLifecycle.php:97
C:\Users\Gaser\Desktop\COPRRA\vendor\laravel\framework\src\Illuminate\Foundation\Testing\TestCase.php:44
C:\Users\Gaser\Desktop\COPRRA\tests\TestCase.php:25</error>
        </testcase>
        <testcase name="test_api_error_handler_handles_validation_exception" file="C:\Users\Gaser\Desktop\COPRRA\tests\Feature\Http\Middleware\ApiErrorHandlerTest.php" line="42" class="Tests\Feature\Http\Middleware\ApiErrorHandlerTest" classname="Tests.Feature.Http.Middleware.ApiErrorHandlerTest" assertions="0" time="0.000000">
          <error type="Error">Tests\Feature\Http\Middleware\ApiErrorHandlerTest::test_api_error_handler_handles_validation_exception&#13;
Error: Class "Mockery" not found
&#13;
C:\Users\Gaser\Desktop\COPRRA\vendor\laravel\framework\src\Illuminate\Testing\PendingCommand.php:550
C:\Users\Gaser\Desktop\COPRRA\vendor\laravel\framework\src\Illuminate\Testing\PendingCommand.php:448
C:\Users\Gaser\Desktop\COPRRA\vendor\laravel\framework\src\Illuminate\Testing\PendingCommand.php:675
C:\Users\Gaser\Desktop\COPRRA\vendor\laravel\framework\src\Illuminate\Foundation\Testing\Concerns\InteractsWithConsole.php:87
C:\Users\Gaser\Desktop\COPRRA\vendor\laravel\framework\src\Illuminate\Foundation\Testing\RefreshDatabase.php:101
C:\Users\Gaser\Desktop\COPRRA\vendor\laravel\framework\src\Illuminate\Foundation\Testing\RefreshDatabase.php:84
C:\Users\Gaser\Desktop\COPRRA\vendor\laravel\framework\src\Illuminate\Foundation\Testing\RefreshDatabase.php:25
C:\Users\Gaser\Desktop\COPRRA\vendor\laravel\framework\src\Illuminate\Foundation\Testing\Concerns\InteractsWithTestCaseLifecycle.php:209
C:\Users\Gaser\Desktop\COPRRA\vendor\laravel\framework\src\Illuminate\Foundation\Testing\Concerns\InteractsWithTestCaseLifecycle.php:97
C:\Users\Gaser\Desktop\COPRRA\vendor\laravel\framework\src\Illuminate\Foundation\Testing\TestCase.php:44
C:\Users\Gaser\Desktop\COPRRA\tests\TestCase.php:25</error>
        </testcase>
        <testcase name="test_api_error_handler_handles_authentication_exception" file="C:\Users\Gaser\Desktop\COPRRA\tests\Feature\Http\Middleware\ApiErrorHandlerTest.php" line="65" class="Tests\Feature\Http\Middleware\ApiErrorHandlerTest" classname="Tests.Feature.Http.Middleware.ApiErrorHandlerTest" assertions="0" time="0.000000">
          <error type="Error">Tests\Feature\Http\Middleware\ApiErrorHandlerTest::test_api_error_handler_handles_authentication_exception&#13;
Error: Class "Mockery" not found
&#13;
C:\Users\Gaser\Desktop\COPRRA\vendor\laravel\framework\src\Illuminate\Testing\PendingCommand.php:550
C:\Users\Gaser\Desktop\COPRRA\vendor\laravel\framework\src\Illuminate\Testing\PendingCommand.php:448
C:\Users\Gaser\Desktop\COPRRA\vendor\laravel\framework\src\Illuminate\Testing\PendingCommand.php:675
C:\Users\Gaser\Desktop\COPRRA\vendor\laravel\framework\src\Illuminate\Foundation\Testing\Concerns\InteractsWithConsole.php:87
C:\Users\Gaser\Desktop\COPRRA\vendor\laravel\framework\src\Illuminate\Foundation\Testing\RefreshDatabase.php:101
C:\Users\Gaser\Desktop\COPRRA\vendor\laravel\framework\src\Illuminate\Foundation\Testing\RefreshDatabase.php:84
C:\Users\Gaser\Desktop\COPRRA\vendor\laravel\framework\src\Illuminate\Foundation\Testing\RefreshDatabase.php:25
C:\Users\Gaser\Desktop\COPRRA\vendor\laravel\framework\src\Illuminate\Foundation\Testing\Concerns\InteractsWithTestCaseLifecycle.php:209
C:\Users\Gaser\Desktop\COPRRA\vendor\laravel\framework\src\Illuminate\Foundation\Testing\Concerns\InteractsWithTestCaseLifecycle.php:97
C:\Users\Gaser\Desktop\COPRRA\vendor\laravel\framework\src\Illuminate\Foundation\Testing\TestCase.php:44
C:\Users\Gaser\Desktop\COPRRA\tests\TestCase.php:25</error>
        </testcase>
        <testcase name="test_api_error_handler_handles_authorization_exception" file="C:\Users\Gaser\Desktop\COPRRA\tests\Feature\Http\Middleware\ApiErrorHandlerTest.php" line="87" class="Tests\Feature\Http\Middleware\ApiErrorHandlerTest" classname="Tests.Feature.Http.Middleware.ApiErrorHandlerTest" assertions="0" time="0.000000">
          <error type="Error">Tests\Feature\Http\Middleware\ApiErrorHandlerTest::test_api_error_handler_handles_authorization_exception&#13;
Error: Class "Mockery" not found
&#13;
C:\Users\Gaser\Desktop\COPRRA\vendor\laravel\framework\src\Illuminate\Testing\PendingCommand.php:550
C:\Users\Gaser\Desktop\COPRRA\vendor\laravel\framework\src\Illuminate\Testing\PendingCommand.php:448
C:\Users\Gaser\Desktop\COPRRA\vendor\laravel\framework\src\Illuminate\Testing\PendingCommand.php:675
C:\Users\Gaser\Desktop\COPRRA\vendor\laravel\framework\src\Illuminate\Foundation\Testing\Concerns\InteractsWithConsole.php:87
C:\Users\Gaser\Desktop\COPRRA\vendor\laravel\framework\src\Illuminate\Foundation\Testing\RefreshDatabase.php:101
C:\Users\Gaser\Desktop\COPRRA\vendor\laravel\framework\src\Illuminate\Foundation\Testing\RefreshDatabase.php:84
C:\Users\Gaser\Desktop\COPRRA\vendor\laravel\framework\src\Illuminate\Foundation\Testing\RefreshDatabase.php:25
C:\Users\Gaser\Desktop\COPRRA\vendor\laravel\framework\src\Illuminate\Foundation\Testing\Concerns\InteractsWithTestCaseLifecycle.php:209
C:\Users\Gaser\Desktop\COPRRA\vendor\laravel\framework\src\Illuminate\Foundation\Testing\Concerns\InteractsWithTestCaseLifecycle.php:97
C:\Users\Gaser\Desktop\COPRRA\vendor\laravel\framework\src\Illuminate\Foundation\Testing\TestCase.php:44
C:\Users\Gaser\Desktop\COPRRA\tests\TestCase.php:25</error>
        </testcase>
        <testcase name="test_api_error_handler_handles_model_not_found_exception" file="C:\Users\Gaser\Desktop\COPRRA\tests\Feature\Http\Middleware\ApiErrorHandlerTest.php" line="109" class="Tests\Feature\Http\Middleware\ApiErrorHandlerTest" classname="Tests.Feature.Http.Middleware.ApiErrorHandlerTest" assertions="0" time="0.000000">
          <error type="Error">Tests\Feature\Http\Middleware\ApiErrorHandlerTest::test_api_error_handler_handles_model_not_found_exception&#13;
Error: Class "Mockery" not found
&#13;
C:\Users\Gaser\Desktop\COPRRA\vendor\laravel\framework\src\Illuminate\Testing\PendingCommand.php:550
C:\Users\Gaser\Desktop\COPRRA\vendor\laravel\framework\src\Illuminate\Testing\PendingCommand.php:448
C:\Users\Gaser\Desktop\COPRRA\vendor\laravel\framework\src\Illuminate\Testing\PendingCommand.php:675
C:\Users\Gaser\Desktop\COPRRA\vendor\laravel\framework\src\Illuminate\Foundation\Testing\Concerns\InteractsWithConsole.php:87
C:\Users\Gaser\Desktop\COPRRA\vendor\laravel\framework\src\Illuminate\Foundation\Testing\RefreshDatabase.php:101
C:\Users\Gaser\Desktop\COPRRA\vendor\laravel\framework\src\Illuminate\Foundation\Testing\RefreshDatabase.php:84
C:\Users\Gaser\Desktop\COPRRA\vendor\laravel\framework\src\Illuminate\Foundation\Testing\RefreshDatabase.php:25
C:\Users\Gaser\Desktop\COPRRA\vendor\laravel\framework\src\Illuminate\Foundation\Testing\Concerns\InteractsWithTestCaseLifecycle.php:209
C:\Users\Gaser\Desktop\COPRRA\vendor\laravel\framework\src\Illuminate\Foundation\Testing\Concerns\InteractsWithTestCaseLifecycle.php:97
C:\Users\Gaser\Desktop\COPRRA\vendor\laravel\framework\src\Illuminate\Foundation\Testing\TestCase.php:44
C:\Users\Gaser\Desktop\COPRRA\tests\TestCase.php:25</error>
        </testcase>
        <testcase name="test_api_error_handler_handles_not_found_http_exception" file="C:\Users\Gaser\Desktop\COPRRA\tests\Feature\Http\Middleware\ApiErrorHandlerTest.php" line="131" class="Tests\Feature\Http\Middleware\ApiErrorHandlerTest" classname="Tests.Feature.Http.Middleware.ApiErrorHandlerTest" assertions="0" time="0.000000">
          <error type="Error">Tests\Feature\Http\Middleware\ApiErrorHandlerTest::test_api_error_handler_handles_not_found_http_exception&#13;
Error: Class "Mockery" not found
&#13;
C:\Users\Gaser\Desktop\COPRRA\vendor\laravel\framework\src\Illuminate\Testing\PendingCommand.php:550
C:\Users\Gaser\Desktop\COPRRA\vendor\laravel\framework\src\Illuminate\Testing\PendingCommand.php:448
C:\Users\Gaser\Desktop\COPRRA\vendor\laravel\framework\src\Illuminate\Testing\PendingCommand.php:675
C:\Users\Gaser\Desktop\COPRRA\vendor\laravel\framework\src\Illuminate\Foundation\Testing\Concerns\InteractsWithConsole.php:87
C:\Users\Gaser\Desktop\COPRRA\vendor\laravel\framework\src\Illuminate\Foundation\Testing\RefreshDatabase.php:101
C:\Users\Gaser\Desktop\COPRRA\vendor\laravel\framework\src\Illuminate\Foundation\Testing\RefreshDatabase.php:84
C:\Users\Gaser\Desktop\COPRRA\vendor\laravel\framework\src\Illuminate\Foundation\Testing\RefreshDatabase.php:25
C:\Users\Gaser\Desktop\COPRRA\vendor\laravel\framework\src\Illuminate\Foundation\Testing\Concerns\InteractsWithTestCaseLifecycle.php:209
C:\Users\Gaser\Desktop\COPRRA\vendor\laravel\framework\src\Illuminate\Foundation\Testing\Concerns\InteractsWithTestCaseLifecycle.php:97
C:\Users\Gaser\Desktop\COPRRA\vendor\laravel\framework\src\Illuminate\Foundation\Testing\TestCase.php:44
C:\Users\Gaser\Desktop\COPRRA\tests\TestCase.php:25</error>
        </testcase>
        <testcase name="test_api_error_handler_handles_method_not_allowed_exception" file="C:\Users\Gaser\Desktop\COPRRA\tests\Feature\Http\Middleware\ApiErrorHandlerTest.php" line="153" class="Tests\Feature\Http\Middleware\ApiErrorHandlerTest" classname="Tests.Feature.Http.Middleware.ApiErrorHandlerTest" assertions="0" time="0.000000">
          <error type="Error">Tests\Feature\Http\Middleware\ApiErrorHandlerTest::test_api_error_handler_handles_method_not_allowed_exception&#13;
Error: Class "Mockery" not found
&#13;
C:\Users\Gaser\Desktop\COPRRA\vendor\laravel\framework\src\Illuminate\Testing\PendingCommand.php:550
C:\Users\Gaser\Desktop\COPRRA\vendor\laravel\framework\src\Illuminate\Testing\PendingCommand.php:448
C:\Users\Gaser\Desktop\COPRRA\vendor\laravel\framework\src\Illuminate\Testing\PendingCommand.php:675
C:\Users\Gaser\Desktop\COPRRA\vendor\laravel\framework\src\Illuminate\Foundation\Testing\Concerns\InteractsWithConsole.php:87
C:\Users\Gaser\Desktop\COPRRA\vendor\laravel\framework\src\Illuminate\Foundation\Testing\RefreshDatabase.php:101
C:\Users\Gaser\Desktop\COPRRA\vendor\laravel\framework\src\Illuminate\Foundation\Testing\RefreshDatabase.php:84
C:\Users\Gaser\Desktop\COPRRA\vendor\laravel\framework\src\Illuminate\Foundation\Testing\RefreshDatabase.php:25
C:\Users\Gaser\Desktop\COPRRA\vendor\laravel\framework\src\Illuminate\Foundation\Testing\Concerns\InteractsWithTestCaseLifecycle.php:209
C:\Users\Gaser\Desktop\COPRRA\vendor\laravel\framework\src\Illuminate\Foundation\Testing\Concerns\InteractsWithTestCaseLifecycle.php:97
C:\Users\Gaser\Desktop\COPRRA\vendor\laravel\framework\src\Illuminate\Foundation\Testing\TestCase.php:44
C:\Users\Gaser\Desktop\COPRRA\tests\TestCase.php:25</error>
        </testcase>
        <testcase name="test_api_error_handler_handles_too_many_requests_exception" file="C:\Users\Gaser\Desktop\COPRRA\tests\Feature\Http\Middleware\ApiErrorHandlerTest.php" line="175" class="Tests\Feature\Http\Middleware\ApiErrorHandlerTest" classname="Tests.Feature.Http.Middleware.ApiErrorHandlerTest" assertions="0" time="0.000000">
          <error type="Error">Tests\Feature\Http\Middleware\ApiErrorHandlerTest::test_api_error_handler_handles_too_many_requests_exception&#13;
Error: Class "Mockery" not found
&#13;
C:\Users\Gaser\Desktop\COPRRA\vendor\laravel\framework\src\Illuminate\Testing\PendingCommand.php:550
C:\Users\Gaser\Desktop\COPRRA\vendor\laravel\framework\src\Illuminate\Testing\PendingCommand.php:448
C:\Users\Gaser\Desktop\COPRRA\vendor\laravel\framework\src\Illuminate\Testing\PendingCommand.php:675
C:\Users\Gaser\Desktop\COPRRA\vendor\laravel\framework\src\Illuminate\Foundation\Testing\Concerns\InteractsWithConsole.php:87
C:\Users\Gaser\Desktop\COPRRA\vendor\laravel\framework\src\Illuminate\Foundation\Testing\RefreshDatabase.php:101
C:\Users\Gaser\Desktop\COPRRA\vendor\laravel\framework\src\Illuminate\Foundation\Testing\RefreshDatabase.php:84
C:\Users\Gaser\Desktop\COPRRA\vendor\laravel\framework\src\Illuminate\Foundation\Testing\RefreshDatabase.php:25
C:\Users\Gaser\Desktop\COPRRA\vendor\laravel\framework\src\Illuminate\Foundation\Testing\Concerns\InteractsWithTestCaseLifecycle.php:209
C:\Users\Gaser\Desktop\COPRRA\vendor\laravel\framework\src\Illuminate\Foundation\Testing\Concerns\InteractsWithTestCaseLifecycle.php:97
C:\Users\Gaser\Desktop\COPRRA\vendor\laravel\framework\src\Illuminate\Foundation\Testing\TestCase.php:44
C:\Users\Gaser\Desktop\COPRRA\tests\TestCase.php:25</error>
        </testcase>
        <testcase name="test_api_error_handler_handles_pdo_exception" file="C:\Users\Gaser\Desktop\COPRRA\tests\Feature\Http\Middleware\ApiErrorHandlerTest.php" line="197" class="Tests\Feature\Http\Middleware\ApiErrorHandlerTest" classname="Tests.Feature.Http.Middleware.ApiErrorHandlerTest" assertions="0" time="0.000000">
          <error type="Error">Tests\Feature\Http\Middleware\ApiErrorHandlerTest::test_api_error_handler_handles_pdo_exception&#13;
Error: Class "Mockery" not found
&#13;
C:\Users\Gaser\Desktop\COPRRA\vendor\laravel\framework\src\Illuminate\Testing\PendingCommand.php:550
C:\Users\Gaser\Desktop\COPRRA\vendor\laravel\framework\src\Illuminate\Testing\PendingCommand.php:448
C:\Users\Gaser\Desktop\COPRRA\vendor\laravel\framework\src\Illuminate\Testing\PendingCommand.php:675
C:\Users\Gaser\Desktop\COPRRA\vendor\laravel\framework\src\Illuminate\Foundation\Testing\Concerns\InteractsWithConsole.php:87
C:\Users\Gaser\Desktop\COPRRA\vendor\laravel\framework\src\Illuminate\Foundation\Testing\RefreshDatabase.php:101
C:\Users\Gaser\Desktop\COPRRA\vendor\laravel\framework\src\Illuminate\Foundation\Testing\RefreshDatabase.php:84
C:\Users\Gaser\Desktop\COPRRA\vendor\laravel\framework\src\Illuminate\Foundation\Testing\RefreshDatabase.php:25
C:\Users\Gaser\Desktop\COPRRA\vendor\laravel\framework\src\Illuminate\Foundation\Testing\Concerns\InteractsWithTestCaseLifecycle.php:209
C:\Users\Gaser\Desktop\COPRRA\vendor\laravel\framework\src\Illuminate\Foundation\Testing\Concerns\InteractsWithTestCaseLifecycle.php:97
C:\Users\Gaser\Desktop\COPRRA\vendor\laravel\framework\src\Illuminate\Foundation\Testing\TestCase.php:44
C:\Users\Gaser\Desktop\COPRRA\tests\TestCase.php:25</error>
        </testcase>
        <testcase name="test_api_error_handler_handles_general_exception_in_production" file="C:\Users\Gaser\Desktop\COPRRA\tests\Feature\Http\Middleware\ApiErrorHandlerTest.php" line="219" class="Tests\Feature\Http\Middleware\ApiErrorHandlerTest" classname="Tests.Feature.Http.Middleware.ApiErrorHandlerTest" assertions="0" time="0.000000">
          <error type="Error">Tests\Feature\Http\Middleware\ApiErrorHandlerTest::test_api_error_handler_handles_general_exception_in_production&#13;
Error: Class "Mockery" not found
&#13;
C:\Users\Gaser\Desktop\COPRRA\vendor\laravel\framework\src\Illuminate\Testing\PendingCommand.php:550
C:\Users\Gaser\Desktop\COPRRA\vendor\laravel\framework\src\Illuminate\Testing\PendingCommand.php:448
C:\Users\Gaser\Desktop\COPRRA\vendor\laravel\framework\src\Illuminate\Testing\PendingCommand.php:675
C:\Users\Gaser\Desktop\COPRRA\vendor\laravel\framework\src\Illuminate\Foundation\Testing\Concerns\InteractsWithConsole.php:87
C:\Users\Gaser\Desktop\COPRRA\vendor\laravel\framework\src\Illuminate\Foundation\Testing\RefreshDatabase.php:101
C:\Users\Gaser\Desktop\COPRRA\vendor\laravel\framework\src\Illuminate\Foundation\Testing\RefreshDatabase.php:84
C:\Users\Gaser\Desktop\COPRRA\vendor\laravel\framework\src\Illuminate\Foundation\Testing\RefreshDatabase.php:25
C:\Users\Gaser\Desktop\COPRRA\vendor\laravel\framework\src\Illuminate\Foundation\Testing\Concerns\InteractsWithTestCaseLifecycle.php:209
C:\Users\Gaser\Desktop\COPRRA\vendor\laravel\framework\src\Illuminate\Foundation\Testing\Concerns\InteractsWithTestCaseLifecycle.php:97
C:\Users\Gaser\Desktop\COPRRA\vendor\laravel\framework\src\Illuminate\Foundation\Testing\TestCase.php:44
C:\Users\Gaser\Desktop\COPRRA\tests\TestCase.php:25</error>
        </testcase>
        <testcase name="test_api_error_handler_handles_general_exception_in_development" file="C:\Users\Gaser\Desktop\COPRRA\tests\Feature\Http\Middleware\ApiErrorHandlerTest.php" line="243" class="Tests\Feature\Http\Middleware\ApiErrorHandlerTest" classname="Tests.Feature.Http.Middleware.ApiErrorHandlerTest" assertions="0" time="0.000000">
          <error type="Error">Tests\Feature\Http\Middleware\ApiErrorHandlerTest::test_api_error_handler_handles_general_exception_in_development&#13;
Error: Class "Mockery" not found
&#13;
C:\Users\Gaser\Desktop\COPRRA\vendor\laravel\framework\src\Illuminate\Testing\PendingCommand.php:550
C:\Users\Gaser\Desktop\COPRRA\vendor\laravel\framework\src\Illuminate\Testing\PendingCommand.php:448
C:\Users\Gaser\Desktop\COPRRA\vendor\laravel\framework\src\Illuminate\Testing\PendingCommand.php:675
C:\Users\Gaser\Desktop\COPRRA\vendor\laravel\framework\src\Illuminate\Foundation\Testing\Concerns\InteractsWithConsole.php:87
C:\Users\Gaser\Desktop\COPRRA\vendor\laravel\framework\src\Illuminate\Foundation\Testing\RefreshDatabase.php:101
C:\Users\Gaser\Desktop\COPRRA\vendor\laravel\framework\src\Illuminate\Foundation\Testing\RefreshDatabase.php:84
C:\Users\Gaser\Desktop\COPRRA\vendor\laravel\framework\src\Illuminate\Foundation\Testing\RefreshDatabase.php:25
C:\Users\Gaser\Desktop\COPRRA\vendor\laravel\framework\src\Illuminate\Foundation\Testing\Concerns\InteractsWithTestCaseLifecycle.php:209
C:\Users\Gaser\Desktop\COPRRA\vendor\laravel\framework\src\Illuminate\Foundation\Testing\Concerns\InteractsWithTestCaseLifecycle.php:97
C:\Users\Gaser\Desktop\COPRRA\vendor\laravel\framework\src\Illuminate\Foundation\Testing\TestCase.php:44
C:\Users\Gaser\Desktop\COPRRA\tests\TestCase.php:25</error>
        </testcase>
      </testsuite>
      <testsuite name="Tests\Feature\Http\Middleware\AuthenticateSessionTest" file="C:\Users\Gaser\Desktop\COPRRA\tests\Feature\Http\Middleware\AuthenticateSessionTest.php" tests="5" assertions="0" errors="5" failures="0" skipped="0" time="0.000000">
        <testcase name="test_authenticate_session_middleware_allows_authenticated_users" file="C:\Users\Gaser\Desktop\COPRRA\tests\Feature\Http\Middleware\AuthenticateSessionTest.php" line="20" class="Tests\Feature\Http\Middleware\AuthenticateSessionTest" classname="Tests.Feature.Http.Middleware.AuthenticateSessionTest" assertions="0" time="0.000000">
          <error type="Error">Tests\Feature\Http\Middleware\AuthenticateSessionTest::test_authenticate_session_middleware_allows_authenticated_users&#13;
Error: Class "Mockery" not found
&#13;
C:\Users\Gaser\Desktop\COPRRA\vendor\laravel\framework\src\Illuminate\Testing\PendingCommand.php:550
C:\Users\Gaser\Desktop\COPRRA\vendor\laravel\framework\src\Illuminate\Testing\PendingCommand.php:448
C:\Users\Gaser\Desktop\COPRRA\vendor\laravel\framework\src\Illuminate\Testing\PendingCommand.php:675
C:\Users\Gaser\Desktop\COPRRA\vendor\laravel\framework\src\Illuminate\Foundation\Testing\Concerns\InteractsWithConsole.php:87
C:\Users\Gaser\Desktop\COPRRA\vendor\laravel\framework\src\Illuminate\Foundation\Testing\RefreshDatabase.php:101
C:\Users\Gaser\Desktop\COPRRA\vendor\laravel\framework\src\Illuminate\Foundation\Testing\RefreshDatabase.php:84
C:\Users\Gaser\Desktop\COPRRA\vendor\laravel\framework\src\Illuminate\Foundation\Testing\RefreshDatabase.php:25
C:\Users\Gaser\Desktop\COPRRA\vendor\laravel\framework\src\Illuminate\Foundation\Testing\Concerns\InteractsWithTestCaseLifecycle.php:209
C:\Users\Gaser\Desktop\COPRRA\vendor\laravel\framework\src\Illuminate\Foundation\Testing\Concerns\InteractsWithTestCaseLifecycle.php:97
C:\Users\Gaser\Desktop\COPRRA\vendor\laravel\framework\src\Illuminate\Foundation\Testing\TestCase.php:44
C:\Users\Gaser\Desktop\COPRRA\tests\TestCase.php:25</error>
        </testcase>
        <testcase name="test_authenticate_session_middleware_handles_unauthenticated_users" file="C:\Users\Gaser\Desktop\COPRRA\tests\Feature\Http\Middleware\AuthenticateSessionTest.php" line="45" class="Tests\Feature\Http\Middleware\AuthenticateSessionTest" classname="Tests.Feature.Http.Middleware.AuthenticateSessionTest" assertions="0" time="0.000000">
          <error type="Error">Tests\Feature\Http\Middleware\AuthenticateSessionTest::test_authenticate_session_middleware_handles_unauthenticated_users&#13;
Error: Class "Mockery" not found
&#13;
C:\Users\Gaser\Desktop\COPRRA\vendor\laravel\framework\src\Illuminate\Testing\PendingCommand.php:550
C:\Users\Gaser\Desktop\COPRRA\vendor\laravel\framework\src\Illuminate\Testing\PendingCommand.php:448
C:\Users\Gaser\Desktop\COPRRA\vendor\laravel\framework\src\Illuminate\Testing\PendingCommand.php:675
C:\Users\Gaser\Desktop\COPRRA\vendor\laravel\framework\src\Illuminate\Foundation\Testing\Concerns\InteractsWithConsole.php:87
C:\Users\Gaser\Desktop\COPRRA\vendor\laravel\framework\src\Illuminate\Foundation\Testing\RefreshDatabase.php:101
C:\Users\Gaser\Desktop\COPRRA\vendor\laravel\framework\src\Illuminate\Foundation\Testing\RefreshDatabase.php:84
C:\Users\Gaser\Desktop\COPRRA\vendor\laravel\framework\src\Illuminate\Foundation\Testing\RefreshDatabase.php:25
C:\Users\Gaser\Desktop\COPRRA\vendor\laravel\framework\src\Illuminate\Foundation\Testing\Concerns\InteractsWithTestCaseLifecycle.php:209
C:\Users\Gaser\Desktop\COPRRA\vendor\laravel\framework\src\Illuminate\Foundation\Testing\Concerns\InteractsWithTestCaseLifecycle.php:97
C:\Users\Gaser\Desktop\COPRRA\vendor\laravel\framework\src\Illuminate\Foundation\Testing\TestCase.php:44
C:\Users\Gaser\Desktop\COPRRA\tests\TestCase.php:25</error>
        </testcase>
        <testcase name="test_authenticate_session_middleware_handles_session_data" file="C:\Users\Gaser\Desktop\COPRRA\tests\Feature\Http\Middleware\AuthenticateSessionTest.php" line="66" class="Tests\Feature\Http\Middleware\AuthenticateSessionTest" classname="Tests.Feature.Http.Middleware.AuthenticateSessionTest" assertions="0" time="0.000000">
          <error type="Error">Tests\Feature\Http\Middleware\AuthenticateSessionTest::test_authenticate_session_middleware_handles_session_data&#13;
Error: Class "Mockery" not found
&#13;
C:\Users\Gaser\Desktop\COPRRA\vendor\laravel\framework\src\Illuminate\Testing\PendingCommand.php:550
C:\Users\Gaser\Desktop\COPRRA\vendor\laravel\framework\src\Illuminate\Testing\PendingCommand.php:448
C:\Users\Gaser\Desktop\COPRRA\vendor\laravel\framework\src\Illuminate\Testing\PendingCommand.php:675
C:\Users\Gaser\Desktop\COPRRA\vendor\laravel\framework\src\Illuminate\Foundation\Testing\Concerns\InteractsWithConsole.php:87
C:\Users\Gaser\Desktop\COPRRA\vendor\laravel\framework\src\Illuminate\Foundation\Testing\RefreshDatabase.php:101
C:\Users\Gaser\Desktop\COPRRA\vendor\laravel\framework\src\Illuminate\Foundation\Testing\RefreshDatabase.php:84
C:\Users\Gaser\Desktop\COPRRA\vendor\laravel\framework\src\Illuminate\Foundation\Testing\RefreshDatabase.php:25
C:\Users\Gaser\Desktop\COPRRA\vendor\laravel\framework\src\Illuminate\Foundation\Testing\Concerns\InteractsWithTestCaseLifecycle.php:209
C:\Users\Gaser\Desktop\COPRRA\vendor\laravel\framework\src\Illuminate\Foundation\Testing\Concerns\InteractsWithTestCaseLifecycle.php:97
C:\Users\Gaser\Desktop\COPRRA\vendor\laravel\framework\src\Illuminate\Foundation\Testing\TestCase.php:44
C:\Users\Gaser\Desktop\COPRRA\tests\TestCase.php:25</error>
        </testcase>
        <testcase name="test_authenticate_session_middleware_handles_post_requests" file="C:\Users\Gaser\Desktop\COPRRA\tests\Feature\Http\Middleware\AuthenticateSessionTest.php" line="92" class="Tests\Feature\Http\Middleware\AuthenticateSessionTest" classname="Tests.Feature.Http.Middleware.AuthenticateSessionTest" assertions="0" time="0.000000">
          <error type="Error">Tests\Feature\Http\Middleware\AuthenticateSessionTest::test_authenticate_session_middleware_handles_post_requests&#13;
Error: Class "Mockery" not found
&#13;
C:\Users\Gaser\Desktop\COPRRA\vendor\laravel\framework\src\Illuminate\Testing\PendingCommand.php:550
C:\Users\Gaser\Desktop\COPRRA\vendor\laravel\framework\src\Illuminate\Testing\PendingCommand.php:448
C:\Users\Gaser\Desktop\COPRRA\vendor\laravel\framework\src\Illuminate\Testing\PendingCommand.php:675
C:\Users\Gaser\Desktop\COPRRA\vendor\laravel\framework\src\Illuminate\Foundation\Testing\Concerns\InteractsWithConsole.php:87
C:\Users\Gaser\Desktop\COPRRA\vendor\laravel\framework\src\Illuminate\Foundation\Testing\RefreshDatabase.php:101
C:\Users\Gaser\Desktop\COPRRA\vendor\laravel\framework\src\Illuminate\Foundation\Testing\RefreshDatabase.php:84
C:\Users\Gaser\Desktop\COPRRA\vendor\laravel\framework\src\Illuminate\Foundation\Testing\RefreshDatabase.php:25
C:\Users\Gaser\Desktop\COPRRA\vendor\laravel\framework\src\Illuminate\Foundation\Testing\Concerns\InteractsWithTestCaseLifecycle.php:209
C:\Users\Gaser\Desktop\COPRRA\vendor\laravel\framework\src\Illuminate\Foundation\Testing\Concerns\InteractsWithTestCaseLifecycle.php:97
C:\Users\Gaser\Desktop\COPRRA\vendor\laravel\framework\src\Illuminate\Foundation\Testing\TestCase.php:44
C:\Users\Gaser\Desktop\COPRRA\tests\TestCase.php:25</error>
        </testcase>
        <testcase name="test_authenticate_session_middleware_handles_api_requests" file="C:\Users\Gaser\Desktop\COPRRA\tests\Feature\Http\Middleware\AuthenticateSessionTest.php" line="119" class="Tests\Feature\Http\Middleware\AuthenticateSessionTest" classname="Tests.Feature.Http.Middleware.AuthenticateSessionTest" assertions="0" time="0.000000">
          <error type="Error">Tests\Feature\Http\Middleware\AuthenticateSessionTest::test_authenticate_session_middleware_handles_api_requests&#13;
Error: Class "Mockery" not found
&#13;
C:\Users\Gaser\Desktop\COPRRA\vendor\laravel\framework\src\Illuminate\Testing\PendingCommand.php:550
C:\Users\Gaser\Desktop\COPRRA\vendor\laravel\framework\src\Illuminate\Testing\PendingCommand.php:448
C:\Users\Gaser\Desktop\COPRRA\vendor\laravel\framework\src\Illuminate\Testing\PendingCommand.php:675
C:\Users\Gaser\Desktop\COPRRA\vendor\laravel\framework\src\Illuminate\Foundation\Testing\Concerns\InteractsWithConsole.php:87
C:\Users\Gaser\Desktop\COPRRA\vendor\laravel\framework\src\Illuminate\Foundation\Testing\RefreshDatabase.php:101
C:\Users\Gaser\Desktop\COPRRA\vendor\laravel\framework\src\Illuminate\Foundation\Testing\RefreshDatabase.php:84
C:\Users\Gaser\Desktop\COPRRA\vendor\laravel\framework\src\Illuminate\Foundation\Testing\RefreshDatabase.php:25
C:\Users\Gaser\Desktop\COPRRA\vendor\laravel\framework\src\Illuminate\Foundation\Testing\Concerns\InteractsWithTestCaseLifecycle.php:209
C:\Users\Gaser\Desktop\COPRRA\vendor\laravel\framework\src\Illuminate\Foundation\Testing\Concerns\InteractsWithTestCaseLifecycle.php:97
C:\Users\Gaser\Desktop\COPRRA\vendor\laravel\framework\src\Illuminate\Foundation\Testing\TestCase.php:44
C:\Users\Gaser\Desktop\COPRRA\tests\TestCase.php:25</error>
        </testcase>
      </testsuite>
      <testsuite name="Tests\Feature\Http\Middleware\AuthenticateTest" file="C:\Users\Gaser\Desktop\COPRRA\tests\Feature\Http\Middleware\AuthenticateTest.php" tests="5" assertions="0" errors="5" failures="0" skipped="0" time="0.000000">
        <testcase name="test_authenticate_middleware_redirects_web_requests_to_login" file="C:\Users\Gaser\Desktop\COPRRA\tests\Feature\Http\Middleware\AuthenticateTest.php" line="27" class="Tests\Feature\Http\Middleware\AuthenticateTest" classname="Tests.Feature.Http.Middleware.AuthenticateTest" assertions="0" time="0.000000">
          <error type="Error">Tests\Feature\Http\Middleware\AuthenticateTest::test_authenticate_middleware_redirects_web_requests_to_login&#13;
Error: Class "Mockery" not found
&#13;
C:\Users\Gaser\Desktop\COPRRA\vendor\laravel\framework\src\Illuminate\Testing\PendingCommand.php:550
C:\Users\Gaser\Desktop\COPRRA\vendor\laravel\framework\src\Illuminate\Testing\PendingCommand.php:448
C:\Users\Gaser\Desktop\COPRRA\vendor\laravel\framework\src\Illuminate\Testing\PendingCommand.php:675
C:\Users\Gaser\Desktop\COPRRA\vendor\laravel\framework\src\Illuminate\Foundation\Testing\Concerns\InteractsWithConsole.php:87
C:\Users\Gaser\Desktop\COPRRA\vendor\laravel\framework\src\Illuminate\Foundation\Testing\RefreshDatabase.php:101
C:\Users\Gaser\Desktop\COPRRA\vendor\laravel\framework\src\Illuminate\Foundation\Testing\RefreshDatabase.php:84
C:\Users\Gaser\Desktop\COPRRA\vendor\laravel\framework\src\Illuminate\Foundation\Testing\RefreshDatabase.php:25
C:\Users\Gaser\Desktop\COPRRA\vendor\laravel\framework\src\Illuminate\Foundation\Testing\Concerns\InteractsWithTestCaseLifecycle.php:209
C:\Users\Gaser\Desktop\COPRRA\vendor\laravel\framework\src\Illuminate\Foundation\Testing\Concerns\InteractsWithTestCaseLifecycle.php:97
C:\Users\Gaser\Desktop\COPRRA\vendor\laravel\framework\src\Illuminate\Foundation\Testing\TestCase.php:44
C:\Users\Gaser\Desktop\COPRRA\tests\TestCase.php:25
C:\Users\Gaser\Desktop\COPRRA\tests\Feature\Http\Middleware\AuthenticateTest.php:19</error>
        </testcase>
        <testcase name="test_authenticate_middleware_returns_json_for_api_requests" file="C:\Users\Gaser\Desktop\COPRRA\tests\Feature\Http\Middleware\AuthenticateTest.php" line="42" class="Tests\Feature\Http\Middleware\AuthenticateTest" classname="Tests.Feature.Http.Middleware.AuthenticateTest" assertions="0" time="0.000000">
          <error type="Error">Tests\Feature\Http\Middleware\AuthenticateTest::test_authenticate_middleware_returns_json_for_api_requests&#13;
Error: Class "Mockery" not found
&#13;
C:\Users\Gaser\Desktop\COPRRA\vendor\laravel\framework\src\Illuminate\Testing\PendingCommand.php:550
C:\Users\Gaser\Desktop\COPRRA\vendor\laravel\framework\src\Illuminate\Testing\PendingCommand.php:448
C:\Users\Gaser\Desktop\COPRRA\vendor\laravel\framework\src\Illuminate\Testing\PendingCommand.php:675
C:\Users\Gaser\Desktop\COPRRA\vendor\laravel\framework\src\Illuminate\Foundation\Testing\Concerns\InteractsWithConsole.php:87
C:\Users\Gaser\Desktop\COPRRA\vendor\laravel\framework\src\Illuminate\Foundation\Testing\RefreshDatabase.php:101
C:\Users\Gaser\Desktop\COPRRA\vendor\laravel\framework\src\Illuminate\Foundation\Testing\RefreshDatabase.php:84
C:\Users\Gaser\Desktop\COPRRA\vendor\laravel\framework\src\Illuminate\Foundation\Testing\RefreshDatabase.php:25
C:\Users\Gaser\Desktop\COPRRA\vendor\laravel\framework\src\Illuminate\Foundation\Testing\Concerns\InteractsWithTestCaseLifecycle.php:209
C:\Users\Gaser\Desktop\COPRRA\vendor\laravel\framework\src\Illuminate\Foundation\Testing\Concerns\InteractsWithTestCaseLifecycle.php:97
C:\Users\Gaser\Desktop\COPRRA\vendor\laravel\framework\src\Illuminate\Foundation\Testing\TestCase.php:44
C:\Users\Gaser\Desktop\COPRRA\tests\TestCase.php:25
C:\Users\Gaser\Desktop\COPRRA\tests\Feature\Http\Middleware\AuthenticateTest.php:19</error>
        </testcase>
        <testcase name="test_authenticate_middleware_handles_api_route_pattern" file="C:\Users\Gaser\Desktop\COPRRA\tests\Feature\Http\Middleware\AuthenticateTest.php" line="56" class="Tests\Feature\Http\Middleware\AuthenticateTest" classname="Tests.Feature.Http.Middleware.AuthenticateTest" assertions="0" time="0.000000">
          <error type="Error">Tests\Feature\Http\Middleware\AuthenticateTest::test_authenticate_middleware_handles_api_route_pattern&#13;
Error: Class "Mockery" not found
&#13;
C:\Users\Gaser\Desktop\COPRRA\vendor\laravel\framework\src\Illuminate\Testing\PendingCommand.php:550
C:\Users\Gaser\Desktop\COPRRA\vendor\laravel\framework\src\Illuminate\Testing\PendingCommand.php:448
C:\Users\Gaser\Desktop\COPRRA\vendor\laravel\framework\src\Illuminate\Testing\PendingCommand.php:675
C:\Users\Gaser\Desktop\COPRRA\vendor\laravel\framework\src\Illuminate\Foundation\Testing\Concerns\InteractsWithConsole.php:87
C:\Users\Gaser\Desktop\COPRRA\vendor\laravel\framework\src\Illuminate\Foundation\Testing\RefreshDatabase.php:101
C:\Users\Gaser\Desktop\COPRRA\vendor\laravel\framework\src\Illuminate\Foundation\Testing\RefreshDatabase.php:84
C:\Users\Gaser\Desktop\COPRRA\vendor\laravel\framework\src\Illuminate\Foundation\Testing\RefreshDatabase.php:25
C:\Users\Gaser\Desktop\COPRRA\vendor\laravel\framework\src\Illuminate\Foundation\Testing\Concerns\InteractsWithTestCaseLifecycle.php:209
C:\Users\Gaser\Desktop\COPRRA\vendor\laravel\framework\src\Illuminate\Foundation\Testing\Concerns\InteractsWithTestCaseLifecycle.php:97
C:\Users\Gaser\Desktop\COPRRA\vendor\laravel\framework\src\Illuminate\Foundation\Testing\TestCase.php:44
C:\Users\Gaser\Desktop\COPRRA\tests\TestCase.php:25
C:\Users\Gaser\Desktop\COPRRA\tests\Feature\Http\Middleware\AuthenticateTest.php:19</error>
        </testcase>
        <testcase name="test_authenticate_middleware_passes_authenticated_requests" file="C:\Users\Gaser\Desktop\COPRRA\tests\Feature\Http\Middleware\AuthenticateTest.php" line="70" class="Tests\Feature\Http\Middleware\AuthenticateTest" classname="Tests.Feature.Http.Middleware.AuthenticateTest" assertions="0" time="0.000000">
          <error type="Error">Tests\Feature\Http\Middleware\AuthenticateTest::test_authenticate_middleware_passes_authenticated_requests&#13;
Error: Class "Mockery" not found
&#13;
C:\Users\Gaser\Desktop\COPRRA\vendor\laravel\framework\src\Illuminate\Testing\PendingCommand.php:550
C:\Users\Gaser\Desktop\COPRRA\vendor\laravel\framework\src\Illuminate\Testing\PendingCommand.php:448
C:\Users\Gaser\Desktop\COPRRA\vendor\laravel\framework\src\Illuminate\Testing\PendingCommand.php:675
C:\Users\Gaser\Desktop\COPRRA\vendor\laravel\framework\src\Illuminate\Foundation\Testing\Concerns\InteractsWithConsole.php:87
C:\Users\Gaser\Desktop\COPRRA\vendor\laravel\framework\src\Illuminate\Foundation\Testing\RefreshDatabase.php:101
C:\Users\Gaser\Desktop\COPRRA\vendor\laravel\framework\src\Illuminate\Foundation\Testing\RefreshDatabase.php:84
C:\Users\Gaser\Desktop\COPRRA\vendor\laravel\framework\src\Illuminate\Foundation\Testing\RefreshDatabase.php:25
C:\Users\Gaser\Desktop\COPRRA\vendor\laravel\framework\src\Illuminate\Foundation\Testing\Concerns\InteractsWithTestCaseLifecycle.php:209
C:\Users\Gaser\Desktop\COPRRA\vendor\laravel\framework\src\Illuminate\Foundation\Testing\Concerns\InteractsWithTestCaseLifecycle.php:97
C:\Users\Gaser\Desktop\COPRRA\vendor\laravel\framework\src\Illuminate\Foundation\Testing\TestCase.php:44
C:\Users\Gaser\Desktop\COPRRA\tests\TestCase.php:25
C:\Users\Gaser\Desktop\COPRRA\tests\Feature\Http\Middleware\AuthenticateTest.php:19</error>
        </testcase>
        <testcase name="test_authenticate_middleware_handles_different_request_types" file="C:\Users\Gaser\Desktop\COPRRA\tests\Feature\Http\Middleware\AuthenticateTest.php" line="96" class="Tests\Feature\Http\Middleware\AuthenticateTest" classname="Tests.Feature.Http.Middleware.AuthenticateTest" assertions="0" time="0.000000">
          <error type="Error">Tests\Feature\Http\Middleware\AuthenticateTest::test_authenticate_middleware_handles_different_request_types&#13;
Error: Class "Mockery" not found
&#13;
C:\Users\Gaser\Desktop\COPRRA\vendor\laravel\framework\src\Illuminate\Testing\PendingCommand.php:550
C:\Users\Gaser\Desktop\COPRRA\vendor\laravel\framework\src\Illuminate\Testing\PendingCommand.php:448
C:\Users\Gaser\Desktop\COPRRA\vendor\laravel\framework\src\Illuminate\Testing\PendingCommand.php:675
C:\Users\Gaser\Desktop\COPRRA\vendor\laravel\framework\src\Illuminate\Foundation\Testing\Concerns\InteractsWithConsole.php:87
C:\Users\Gaser\Desktop\COPRRA\vendor\laravel\framework\src\Illuminate\Foundation\Testing\RefreshDatabase.php:101
C:\Users\Gaser\Desktop\COPRRA\vendor\laravel\framework\src\Illuminate\Foundation\Testing\RefreshDatabase.php:84
C:\Users\Gaser\Desktop\COPRRA\vendor\laravel\framework\src\Illuminate\Foundation\Testing\RefreshDatabase.php:25
C:\Users\Gaser\Desktop\COPRRA\vendor\laravel\framework\src\Illuminate\Foundation\Testing\Concerns\InteractsWithTestCaseLifecycle.php:209
C:\Users\Gaser\Desktop\COPRRA\vendor\laravel\framework\src\Illuminate\Foundation\Testing\Concerns\InteractsWithTestCaseLifecycle.php:97
C:\Users\Gaser\Desktop\COPRRA\vendor\laravel\framework\src\Illuminate\Foundation\Testing\TestCase.php:44
C:\Users\Gaser\Desktop\COPRRA\tests\TestCase.php:25
C:\Users\Gaser\Desktop\COPRRA\tests\Feature\Http\Middleware\AuthenticateTest.php:19</error>
        </testcase>
      </testsuite>
      <testsuite name="Tests\Feature\Http\Middleware\AuthenticateWithBasicAuthTest" file="C:\Users\Gaser\Desktop\COPRRA\tests\Feature\Http\Middleware\AuthenticateWithBasicAuthTest.php" tests="5" assertions="0" errors="5" failures="0" skipped="0" time="0.000000">
        <testcase name="test_authenticate_with_basic_auth_middleware_handles_requests" file="C:\Users\Gaser\Desktop\COPRRA\tests\Feature\Http\Middleware\AuthenticateWithBasicAuthTest.php" line="16" class="Tests\Feature\Http\Middleware\AuthenticateWithBasicAuthTest" classname="Tests.Feature.Http.Middleware.AuthenticateWithBasicAuthTest" assertions="0" time="0.000000">
          <error type="Error">Tests\Feature\Http\Middleware\AuthenticateWithBasicAuthTest::test_authenticate_with_basic_auth_middleware_handles_requests&#13;
Error: Class "Mockery" not found
&#13;
C:\Users\Gaser\Desktop\COPRRA\vendor\laravel\framework\src\Illuminate\Testing\PendingCommand.php:550
C:\Users\Gaser\Desktop\COPRRA\vendor\laravel\framework\src\Illuminate\Testing\PendingCommand.php:448
C:\Users\Gaser\Desktop\COPRRA\vendor\laravel\framework\src\Illuminate\Testing\PendingCommand.php:675
C:\Users\Gaser\Desktop\COPRRA\vendor\laravel\framework\src\Illuminate\Foundation\Testing\Concerns\InteractsWithConsole.php:87
C:\Users\Gaser\Desktop\COPRRA\vendor\laravel\framework\src\Illuminate\Foundation\Testing\RefreshDatabase.php:101
C:\Users\Gaser\Desktop\COPRRA\vendor\laravel\framework\src\Illuminate\Foundation\Testing\RefreshDatabase.php:84
C:\Users\Gaser\Desktop\COPRRA\vendor\laravel\framework\src\Illuminate\Foundation\Testing\RefreshDatabase.php:25
C:\Users\Gaser\Desktop\COPRRA\vendor\laravel\framework\src\Illuminate\Foundation\Testing\Concerns\InteractsWithTestCaseLifecycle.php:209
C:\Users\Gaser\Desktop\COPRRA\vendor\laravel\framework\src\Illuminate\Foundation\Testing\Concerns\InteractsWithTestCaseLifecycle.php:97
C:\Users\Gaser\Desktop\COPRRA\vendor\laravel\framework\src\Illuminate\Foundation\Testing\TestCase.php:44
C:\Users\Gaser\Desktop\COPRRA\tests\TestCase.php:25</error>
        </testcase>
        <testcase name="test_authenticate_with_basic_auth_middleware_handles_invalid_credentials" file="C:\Users\Gaser\Desktop\COPRRA\tests\Feature\Http\Middleware\AuthenticateWithBasicAuthTest.php" line="30" class="Tests\Feature\Http\Middleware\AuthenticateWithBasicAuthTest" classname="Tests.Feature.Http.Middleware.AuthenticateWithBasicAuthTest" assertions="0" time="0.000000">
          <error type="Error">Tests\Feature\Http\Middleware\AuthenticateWithBasicAuthTest::test_authenticate_with_basic_auth_middleware_handles_invalid_credentials&#13;
Error: Class "Mockery" not found
&#13;
C:\Users\Gaser\Desktop\COPRRA\vendor\laravel\framework\src\Illuminate\Testing\PendingCommand.php:550
C:\Users\Gaser\Desktop\COPRRA\vendor\laravel\framework\src\Illuminate\Testing\PendingCommand.php:448
C:\Users\Gaser\Desktop\COPRRA\vendor\laravel\framework\src\Illuminate\Testing\PendingCommand.php:675
C:\Users\Gaser\Desktop\COPRRA\vendor\laravel\framework\src\Illuminate\Foundation\Testing\Concerns\InteractsWithConsole.php:87
C:\Users\Gaser\Desktop\COPRRA\vendor\laravel\framework\src\Illuminate\Foundation\Testing\RefreshDatabase.php:101
C:\Users\Gaser\Desktop\COPRRA\vendor\laravel\framework\src\Illuminate\Foundation\Testing\RefreshDatabase.php:84
C:\Users\Gaser\Desktop\COPRRA\vendor\laravel\framework\src\Illuminate\Foundation\Testing\RefreshDatabase.php:25
C:\Users\Gaser\Desktop\COPRRA\vendor\laravel\framework\src\Illuminate\Foundation\Testing\Concerns\InteractsWithTestCaseLifecycle.php:209
C:\Users\Gaser\Desktop\COPRRA\vendor\laravel\framework\src\Illuminate\Foundation\Testing\Concerns\InteractsWithTestCaseLifecycle.php:97
C:\Users\Gaser\Desktop\COPRRA\vendor\laravel\framework\src\Illuminate\Foundation\Testing\TestCase.php:44
C:\Users\Gaser\Desktop\COPRRA\tests\TestCase.php:25</error>
        </testcase>
        <testcase name="test_authenticate_with_basic_auth_middleware_handles_missing_authorization" file="C:\Users\Gaser\Desktop\COPRRA\tests\Feature\Http\Middleware\AuthenticateWithBasicAuthTest.php" line="43" class="Tests\Feature\Http\Middleware\AuthenticateWithBasicAuthTest" classname="Tests.Feature.Http.Middleware.AuthenticateWithBasicAuthTest" assertions="0" time="0.000000">
          <error type="Error">Tests\Feature\Http\Middleware\AuthenticateWithBasicAuthTest::test_authenticate_with_basic_auth_middleware_handles_missing_authorization&#13;
Error: Class "Mockery" not found
&#13;
C:\Users\Gaser\Desktop\COPRRA\vendor\laravel\framework\src\Illuminate\Testing\PendingCommand.php:550
C:\Users\Gaser\Desktop\COPRRA\vendor\laravel\framework\src\Illuminate\Testing\PendingCommand.php:448
C:\Users\Gaser\Desktop\COPRRA\vendor\laravel\framework\src\Illuminate\Testing\PendingCommand.php:675
C:\Users\Gaser\Desktop\COPRRA\vendor\laravel\framework\src\Illuminate\Foundation\Testing\Concerns\InteractsWithConsole.php:87
C:\Users\Gaser\Desktop\COPRRA\vendor\laravel\framework\src\Illuminate\Foundation\Testing\RefreshDatabase.php:101
C:\Users\Gaser\Desktop\COPRRA\vendor\laravel\framework\src\Illuminate\Foundation\Testing\RefreshDatabase.php:84
C:\Users\Gaser\Desktop\COPRRA\vendor\laravel\framework\src\Illuminate\Foundation\Testing\RefreshDatabase.php:25
C:\Users\Gaser\Desktop\COPRRA\vendor\laravel\framework\src\Illuminate\Foundation\Testing\Concerns\InteractsWithTestCaseLifecycle.php:209
C:\Users\Gaser\Desktop\COPRRA\vendor\laravel\framework\src\Illuminate\Foundation\Testing\Concerns\InteractsWithTestCaseLifecycle.php:97
C:\Users\Gaser\Desktop\COPRRA\vendor\laravel\framework\src\Illuminate\Foundation\Testing\TestCase.php:44
C:\Users\Gaser\Desktop\COPRRA\tests\TestCase.php:25</error>
        </testcase>
        <testcase name="test_authenticate_with_basic_auth_middleware_handles_malformed_authorization" file="C:\Users\Gaser\Desktop\COPRRA\tests\Feature\Http\Middleware\AuthenticateWithBasicAuthTest.php" line="55" class="Tests\Feature\Http\Middleware\AuthenticateWithBasicAuthTest" classname="Tests.Feature.Http.Middleware.AuthenticateWithBasicAuthTest" assertions="0" time="0.000000">
          <error type="Error">Tests\Feature\Http\Middleware\AuthenticateWithBasicAuthTest::test_authenticate_with_basic_auth_middleware_handles_malformed_authorization&#13;
Error: Class "Mockery" not found
&#13;
C:\Users\Gaser\Desktop\COPRRA\vendor\laravel\framework\src\Illuminate\Testing\PendingCommand.php:550
C:\Users\Gaser\Desktop\COPRRA\vendor\laravel\framework\src\Illuminate\Testing\PendingCommand.php:448
C:\Users\Gaser\Desktop\COPRRA\vendor\laravel\framework\src\Illuminate\Testing\PendingCommand.php:675
C:\Users\Gaser\Desktop\COPRRA\vendor\laravel\framework\src\Illuminate\Foundation\Testing\Concerns\InteractsWithConsole.php:87
C:\Users\Gaser\Desktop\COPRRA\vendor\laravel\framework\src\Illuminate\Foundation\Testing\RefreshDatabase.php:101
C:\Users\Gaser\Desktop\COPRRA\vendor\laravel\framework\src\Illuminate\Foundation\Testing\RefreshDatabase.php:84
C:\Users\Gaser\Desktop\COPRRA\vendor\laravel\framework\src\Illuminate\Foundation\Testing\RefreshDatabase.php:25
C:\Users\Gaser\Desktop\COPRRA\vendor\laravel\framework\src\Illuminate\Foundation\Testing\Concerns\InteractsWithTestCaseLifecycle.php:209
C:\Users\Gaser\Desktop\COPRRA\vendor\laravel\framework\src\Illuminate\Foundation\Testing\Concerns\InteractsWithTestCaseLifecycle.php:97
C:\Users\Gaser\Desktop\COPRRA\vendor\laravel\framework\src\Illuminate\Foundation\Testing\TestCase.php:44
C:\Users\Gaser\Desktop\COPRRA\tests\TestCase.php:25</error>
        </testcase>
        <testcase name="test_authenticate_with_basic_auth_middleware_handles_post_requests" file="C:\Users\Gaser\Desktop\COPRRA\tests\Feature\Http\Middleware\AuthenticateWithBasicAuthTest.php" line="68" class="Tests\Feature\Http\Middleware\AuthenticateWithBasicAuthTest" classname="Tests.Feature.Http.Middleware.AuthenticateWithBasicAuthTest" assertions="0" time="0.000000">
          <error type="Error">Tests\Feature\Http\Middleware\AuthenticateWithBasicAuthTest::test_authenticate_with_basic_auth_middleware_handles_post_requests&#13;
Error: Class "Mockery" not found
&#13;
C:\Users\Gaser\Desktop\COPRRA\vendor\laravel\framework\src\Illuminate\Testing\PendingCommand.php:550
C:\Users\Gaser\Desktop\COPRRA\vendor\laravel\framework\src\Illuminate\Testing\PendingCommand.php:448
C:\Users\Gaser\Desktop\COPRRA\vendor\laravel\framework\src\Illuminate\Testing\PendingCommand.php:675
C:\Users\Gaser\Desktop\COPRRA\vendor\laravel\framework\src\Illuminate\Foundation\Testing\Concerns\InteractsWithConsole.php:87
C:\Users\Gaser\Desktop\COPRRA\vendor\laravel\framework\src\Illuminate\Foundation\Testing\RefreshDatabase.php:101
C:\Users\Gaser\Desktop\COPRRA\vendor\laravel\framework\src\Illuminate\Foundation\Testing\RefreshDatabase.php:84
C:\Users\Gaser\Desktop\COPRRA\vendor\laravel\framework\src\Illuminate\Foundation\Testing\RefreshDatabase.php:25
C:\Users\Gaser\Desktop\COPRRA\vendor\laravel\framework\src\Illuminate\Foundation\Testing\Concerns\InteractsWithTestCaseLifecycle.php:209
C:\Users\Gaser\Desktop\COPRRA\vendor\laravel\framework\src\Illuminate\Foundation\Testing\Concerns\InteractsWithTestCaseLifecycle.php:97
C:\Users\Gaser\Desktop\COPRRA\vendor\laravel\framework\src\Illuminate\Foundation\Testing\TestCase.php:44
C:\Users\Gaser\Desktop\COPRRA\tests\TestCase.php:25</error>
        </testcase>
      </testsuite>
      <testsuite name="Tests\Feature\Http\Middleware\AuthorizeTest" file="C:\Users\Gaser\Desktop\COPRRA\tests\Feature\Http\Middleware\AuthorizeTest.php" tests="5" assertions="0" errors="5" failures="0" skipped="0" time="0.000000">
        <testcase name="test_authorize_middleware_allows_authorized_requests" file="C:\Users\Gaser\Desktop\COPRRA\tests\Feature\Http\Middleware\AuthorizeTest.php" line="17" class="Tests\Feature\Http\Middleware\AuthorizeTest" classname="Tests.Feature.Http.Middleware.AuthorizeTest" assertions="0" time="0.000000">
          <error type="Error">Tests\Feature\Http\Middleware\AuthorizeTest::test_authorize_middleware_allows_authorized_requests&#13;
Error: Class "Mockery" not found
&#13;
C:\Users\Gaser\Desktop\COPRRA\vendor\laravel\framework\src\Illuminate\Testing\PendingCommand.php:550
C:\Users\Gaser\Desktop\COPRRA\vendor\laravel\framework\src\Illuminate\Testing\PendingCommand.php:448
C:\Users\Gaser\Desktop\COPRRA\vendor\laravel\framework\src\Illuminate\Testing\PendingCommand.php:675
C:\Users\Gaser\Desktop\COPRRA\vendor\laravel\framework\src\Illuminate\Foundation\Testing\Concerns\InteractsWithConsole.php:87
C:\Users\Gaser\Desktop\COPRRA\vendor\laravel\framework\src\Illuminate\Foundation\Testing\RefreshDatabase.php:101
C:\Users\Gaser\Desktop\COPRRA\vendor\laravel\framework\src\Illuminate\Foundation\Testing\RefreshDatabase.php:84
C:\Users\Gaser\Desktop\COPRRA\vendor\laravel\framework\src\Illuminate\Foundation\Testing\RefreshDatabase.php:25
C:\Users\Gaser\Desktop\COPRRA\vendor\laravel\framework\src\Illuminate\Foundation\Testing\Concerns\InteractsWithTestCaseLifecycle.php:209
C:\Users\Gaser\Desktop\COPRRA\vendor\laravel\framework\src\Illuminate\Foundation\Testing\Concerns\InteractsWithTestCaseLifecycle.php:97
C:\Users\Gaser\Desktop\COPRRA\vendor\laravel\framework\src\Illuminate\Foundation\Testing\TestCase.php:44
C:\Users\Gaser\Desktop\COPRRA\tests\TestCase.php:25</error>
        </testcase>
        <testcase name="test_authorize_middleware_handles_unauthenticated_users" file="C:\Users\Gaser\Desktop\COPRRA\tests\Feature\Http\Middleware\AuthorizeTest.php" line="42" class="Tests\Feature\Http\Middleware\AuthorizeTest" classname="Tests.Feature.Http.Middleware.AuthorizeTest" assertions="0" time="0.000000">
          <error type="Error">Tests\Feature\Http\Middleware\AuthorizeTest::test_authorize_middleware_handles_unauthenticated_users&#13;
Error: Class "Mockery" not found
&#13;
C:\Users\Gaser\Desktop\COPRRA\vendor\laravel\framework\src\Illuminate\Testing\PendingCommand.php:550
C:\Users\Gaser\Desktop\COPRRA\vendor\laravel\framework\src\Illuminate\Testing\PendingCommand.php:448
C:\Users\Gaser\Desktop\COPRRA\vendor\laravel\framework\src\Illuminate\Testing\PendingCommand.php:675
C:\Users\Gaser\Desktop\COPRRA\vendor\laravel\framework\src\Illuminate\Foundation\Testing\Concerns\InteractsWithConsole.php:87
C:\Users\Gaser\Desktop\COPRRA\vendor\laravel\framework\src\Illuminate\Foundation\Testing\RefreshDatabase.php:101
C:\Users\Gaser\Desktop\COPRRA\vendor\laravel\framework\src\Illuminate\Foundation\Testing\RefreshDatabase.php:84
C:\Users\Gaser\Desktop\COPRRA\vendor\laravel\framework\src\Illuminate\Foundation\Testing\RefreshDatabase.php:25
C:\Users\Gaser\Desktop\COPRRA\vendor\laravel\framework\src\Illuminate\Foundation\Testing\Concerns\InteractsWithTestCaseLifecycle.php:209
C:\Users\Gaser\Desktop\COPRRA\vendor\laravel\framework\src\Illuminate\Foundation\Testing\Concerns\InteractsWithTestCaseLifecycle.php:97
C:\Users\Gaser\Desktop\COPRRA\vendor\laravel\framework\src\Illuminate\Foundation\Testing\TestCase.php:44
C:\Users\Gaser\Desktop\COPRRA\tests\TestCase.php:25</error>
        </testcase>
        <testcase name="test_authorize_middleware_handles_post_requests" file="C:\Users\Gaser\Desktop\COPRRA\tests\Feature\Http\Middleware\AuthorizeTest.php" line="60" class="Tests\Feature\Http\Middleware\AuthorizeTest" classname="Tests.Feature.Http.Middleware.AuthorizeTest" assertions="0" time="0.000000">
          <error type="Error">Tests\Feature\Http\Middleware\AuthorizeTest::test_authorize_middleware_handles_post_requests&#13;
Error: Class "Mockery" not found
&#13;
C:\Users\Gaser\Desktop\COPRRA\vendor\laravel\framework\src\Illuminate\Testing\PendingCommand.php:550
C:\Users\Gaser\Desktop\COPRRA\vendor\laravel\framework\src\Illuminate\Testing\PendingCommand.php:448
C:\Users\Gaser\Desktop\COPRRA\vendor\laravel\framework\src\Illuminate\Testing\PendingCommand.php:675
C:\Users\Gaser\Desktop\COPRRA\vendor\laravel\framework\src\Illuminate\Foundation\Testing\Concerns\InteractsWithConsole.php:87
C:\Users\Gaser\Desktop\COPRRA\vendor\laravel\framework\src\Illuminate\Foundation\Testing\RefreshDatabase.php:101
C:\Users\Gaser\Desktop\COPRRA\vendor\laravel\framework\src\Illuminate\Foundation\Testing\RefreshDatabase.php:84
C:\Users\Gaser\Desktop\COPRRA\vendor\laravel\framework\src\Illuminate\Foundation\Testing\RefreshDatabase.php:25
C:\Users\Gaser\Desktop\COPRRA\vendor\laravel\framework\src\Illuminate\Foundation\Testing\Concerns\InteractsWithTestCaseLifecycle.php:209
C:\Users\Gaser\Desktop\COPRRA\vendor\laravel\framework\src\Illuminate\Foundation\Testing\Concerns\InteractsWithTestCaseLifecycle.php:97
C:\Users\Gaser\Desktop\COPRRA\vendor\laravel\framework\src\Illuminate\Foundation\Testing\TestCase.php:44
C:\Users\Gaser\Desktop\COPRRA\tests\TestCase.php:25</error>
        </testcase>
        <testcase name="test_authorize_middleware_handles_api_requests" file="C:\Users\Gaser\Desktop\COPRRA\tests\Feature\Http\Middleware\AuthorizeTest.php" line="88" class="Tests\Feature\Http\Middleware\AuthorizeTest" classname="Tests.Feature.Http.Middleware.AuthorizeTest" assertions="0" time="0.000000">
          <error type="Error">Tests\Feature\Http\Middleware\AuthorizeTest::test_authorize_middleware_handles_api_requests&#13;
Error: Class "Mockery" not found
&#13;
C:\Users\Gaser\Desktop\COPRRA\vendor\laravel\framework\src\Illuminate\Testing\PendingCommand.php:550
C:\Users\Gaser\Desktop\COPRRA\vendor\laravel\framework\src\Illuminate\Testing\PendingCommand.php:448
C:\Users\Gaser\Desktop\COPRRA\vendor\laravel\framework\src\Illuminate\Testing\PendingCommand.php:675
C:\Users\Gaser\Desktop\COPRRA\vendor\laravel\framework\src\Illuminate\Foundation\Testing\Concerns\InteractsWithConsole.php:87
C:\Users\Gaser\Desktop\COPRRA\vendor\laravel\framework\src\Illuminate\Foundation\Testing\RefreshDatabase.php:101
C:\Users\Gaser\Desktop\COPRRA\vendor\laravel\framework\src\Illuminate\Foundation\Testing\RefreshDatabase.php:84
C:\Users\Gaser\Desktop\COPRRA\vendor\laravel\framework\src\Illuminate\Foundation\Testing\RefreshDatabase.php:25
C:\Users\Gaser\Desktop\COPRRA\vendor\laravel\framework\src\Illuminate\Foundation\Testing\Concerns\InteractsWithTestCaseLifecycle.php:209
C:\Users\Gaser\Desktop\COPRRA\vendor\laravel\framework\src\Illuminate\Foundation\Testing\Concerns\InteractsWithTestCaseLifecycle.php:97
C:\Users\Gaser\Desktop\COPRRA\vendor\laravel\framework\src\Illuminate\Foundation\Testing\TestCase.php:44
C:\Users\Gaser\Desktop\COPRRA\tests\TestCase.php:25</error>
        </testcase>
        <testcase name="test_authorize_middleware_handles_null_user" file="C:\Users\Gaser\Desktop\COPRRA\tests\Feature\Http\Middleware\AuthorizeTest.php" line="115" class="Tests\Feature\Http\Middleware\AuthorizeTest" classname="Tests.Feature.Http.Middleware.AuthorizeTest" assertions="0" time="0.000000">
          <error type="Error">Tests\Feature\Http\Middleware\AuthorizeTest::test_authorize_middleware_handles_null_user&#13;
Error: Class "Mockery" not found
&#13;
C:\Users\Gaser\Desktop\COPRRA\vendor\laravel\framework\src\Illuminate\Testing\PendingCommand.php:550
C:\Users\Gaser\Desktop\COPRRA\vendor\laravel\framework\src\Illuminate\Testing\PendingCommand.php:448
C:\Users\Gaser\Desktop\COPRRA\vendor\laravel\framework\src\Illuminate\Testing\PendingCommand.php:675
C:\Users\Gaser\Desktop\COPRRA\vendor\laravel\framework\src\Illuminate\Foundation\Testing\Concerns\InteractsWithConsole.php:87
C:\Users\Gaser\Desktop\COPRRA\vendor\laravel\framework\src\Illuminate\Foundation\Testing\RefreshDatabase.php:101
C:\Users\Gaser\Desktop\COPRRA\vendor\laravel\framework\src\Illuminate\Foundation\Testing\RefreshDatabase.php:84
C:\Users\Gaser\Desktop\COPRRA\vendor\laravel\framework\src\Illuminate\Foundation\Testing\RefreshDatabase.php:25
C:\Users\Gaser\Desktop\COPRRA\vendor\laravel\framework\src\Illuminate\Foundation\Testing\Concerns\InteractsWithTestCaseLifecycle.php:209
C:\Users\Gaser\Desktop\COPRRA\vendor\laravel\framework\src\Illuminate\Foundation\Testing\Concerns\InteractsWithTestCaseLifecycle.php:97
C:\Users\Gaser\Desktop\COPRRA\vendor\laravel\framework\src\Illuminate\Foundation\Testing\TestCase.php:44
C:\Users\Gaser\Desktop\COPRRA\tests\TestCase.php:25</error>
        </testcase>
      </testsuite>
      <testsuite name="Tests\Feature\Http\Middleware\ConvertEmptyStringsToNullTest" file="C:\Users\Gaser\Desktop\COPRRA\tests\Feature\Http\Middleware\ConvertEmptyStringsToNullTest.php" tests="4" assertions="0" errors="4" failures="0" skipped="0" time="0.000000">
        <testcase name="test_convert_empty_strings_middleware_converts_empty_strings_to_null" file="C:\Users\Gaser\Desktop\COPRRA\tests\Feature\Http\Middleware\ConvertEmptyStringsToNullTest.php" line="16" class="Tests\Feature\Http\Middleware\ConvertEmptyStringsToNullTest" classname="Tests.Feature.Http.Middleware.ConvertEmptyStringsToNullTest" assertions="0" time="0.000000">
          <error type="Error">Tests\Feature\Http\Middleware\ConvertEmptyStringsToNullTest::test_convert_empty_strings_middleware_converts_empty_strings_to_null&#13;
Error: Class "Mockery" not found
&#13;
C:\Users\Gaser\Desktop\COPRRA\vendor\laravel\framework\src\Illuminate\Testing\PendingCommand.php:550
C:\Users\Gaser\Desktop\COPRRA\vendor\laravel\framework\src\Illuminate\Testing\PendingCommand.php:448
C:\Users\Gaser\Desktop\COPRRA\vendor\laravel\framework\src\Illuminate\Testing\PendingCommand.php:675
C:\Users\Gaser\Desktop\COPRRA\vendor\laravel\framework\src\Illuminate\Foundation\Testing\Concerns\InteractsWithConsole.php:87
C:\Users\Gaser\Desktop\COPRRA\vendor\laravel\framework\src\Illuminate\Foundation\Testing\RefreshDatabase.php:101
C:\Users\Gaser\Desktop\COPRRA\vendor\laravel\framework\src\Illuminate\Foundation\Testing\RefreshDatabase.php:84
C:\Users\Gaser\Desktop\COPRRA\vendor\laravel\framework\src\Illuminate\Foundation\Testing\RefreshDatabase.php:25
C:\Users\Gaser\Desktop\COPRRA\vendor\laravel\framework\src\Illuminate\Foundation\Testing\Concerns\InteractsWithTestCaseLifecycle.php:209
C:\Users\Gaser\Desktop\COPRRA\vendor\laravel\framework\src\Illuminate\Foundation\Testing\Concerns\InteractsWithTestCaseLifecycle.php:97
C:\Users\Gaser\Desktop\COPRRA\vendor\laravel\framework\src\Illuminate\Foundation\Testing\TestCase.php:44
C:\Users\Gaser\Desktop\COPRRA\tests\TestCase.php:25</error>
        </testcase>
        <testcase name="test_convert_empty_strings_middleware_handles_nested_arrays" file="C:\Users\Gaser\Desktop\COPRRA\tests\Feature\Http\Middleware\ConvertEmptyStringsToNullTest.php" line="37" class="Tests\Feature\Http\Middleware\ConvertEmptyStringsToNullTest" classname="Tests.Feature.Http.Middleware.ConvertEmptyStringsToNullTest" assertions="0" time="0.000000">
          <error type="Error">Tests\Feature\Http\Middleware\ConvertEmptyStringsToNullTest::test_convert_empty_strings_middleware_handles_nested_arrays&#13;
Error: Class "Mockery" not found
&#13;
C:\Users\Gaser\Desktop\COPRRA\vendor\laravel\framework\src\Illuminate\Testing\PendingCommand.php:550
C:\Users\Gaser\Desktop\COPRRA\vendor\laravel\framework\src\Illuminate\Testing\PendingCommand.php:448
C:\Users\Gaser\Desktop\COPRRA\vendor\laravel\framework\src\Illuminate\Testing\PendingCommand.php:675
C:\Users\Gaser\Desktop\COPRRA\vendor\laravel\framework\src\Illuminate\Foundation\Testing\Concerns\InteractsWithConsole.php:87
C:\Users\Gaser\Desktop\COPRRA\vendor\laravel\framework\src\Illuminate\Foundation\Testing\RefreshDatabase.php:101
C:\Users\Gaser\Desktop\COPRRA\vendor\laravel\framework\src\Illuminate\Foundation\Testing\RefreshDatabase.php:84
C:\Users\Gaser\Desktop\COPRRA\vendor\laravel\framework\src\Illuminate\Foundation\Testing\RefreshDatabase.php:25
C:\Users\Gaser\Desktop\COPRRA\vendor\laravel\framework\src\Illuminate\Foundation\Testing\Concerns\InteractsWithTestCaseLifecycle.php:209
C:\Users\Gaser\Desktop\COPRRA\vendor\laravel\framework\src\Illuminate\Foundation\Testing\Concerns\InteractsWithTestCaseLifecycle.php:97
C:\Users\Gaser\Desktop\COPRRA\vendor\laravel\framework\src\Illuminate\Foundation\Testing\TestCase.php:44
C:\Users\Gaser\Desktop\COPRRA\tests\TestCase.php:25</error>
        </testcase>
        <testcase name="test_convert_empty_strings_middleware_does_not_convert_non_string_values" file="C:\Users\Gaser\Desktop\COPRRA\tests\Feature\Http\Middleware\ConvertEmptyStringsToNullTest.php" line="62" class="Tests\Feature\Http\Middleware\ConvertEmptyStringsToNullTest" classname="Tests.Feature.Http.Middleware.ConvertEmptyStringsToNullTest" assertions="0" time="0.000000">
          <error type="Error">Tests\Feature\Http\Middleware\ConvertEmptyStringsToNullTest::test_convert_empty_strings_middleware_does_not_convert_non_string_values&#13;
Error: Class "Mockery" not found
&#13;
C:\Users\Gaser\Desktop\COPRRA\vendor\laravel\framework\src\Illuminate\Testing\PendingCommand.php:550
C:\Users\Gaser\Desktop\COPRRA\vendor\laravel\framework\src\Illuminate\Testing\PendingCommand.php:448
C:\Users\Gaser\Desktop\COPRRA\vendor\laravel\framework\src\Illuminate\Testing\PendingCommand.php:675
C:\Users\Gaser\Desktop\COPRRA\vendor\laravel\framework\src\Illuminate\Foundation\Testing\Concerns\InteractsWithConsole.php:87
C:\Users\Gaser\Desktop\COPRRA\vendor\laravel\framework\src\Illuminate\Foundation\Testing\RefreshDatabase.php:101
C:\Users\Gaser\Desktop\COPRRA\vendor\laravel\framework\src\Illuminate\Foundation\Testing\RefreshDatabase.php:84
C:\Users\Gaser\Desktop\COPRRA\vendor\laravel\framework\src\Illuminate\Foundation\Testing\RefreshDatabase.php:25
C:\Users\Gaser\Desktop\COPRRA\vendor\laravel\framework\src\Illuminate\Foundation\Testing\Concerns\InteractsWithTestCaseLifecycle.php:209
C:\Users\Gaser\Desktop\COPRRA\vendor\laravel\framework\src\Illuminate\Foundation\Testing\Concerns\InteractsWithTestCaseLifecycle.php:97
C:\Users\Gaser\Desktop\COPRRA\vendor\laravel\framework\src\Illuminate\Foundation\Testing\TestCase.php:44
C:\Users\Gaser\Desktop\COPRRA\tests\TestCase.php:25</error>
        </testcase>
        <testcase name="test_convert_empty_strings_middleware_passes_request_successfully" file="C:\Users\Gaser\Desktop\COPRRA\tests\Feature\Http\Middleware\ConvertEmptyStringsToNullTest.php" line="83" class="Tests\Feature\Http\Middleware\ConvertEmptyStringsToNullTest" classname="Tests.Feature.Http.Middleware.ConvertEmptyStringsToNullTest" assertions="0" time="0.000000">
          <error type="Error">Tests\Feature\Http\Middleware\ConvertEmptyStringsToNullTest::test_convert_empty_strings_middleware_passes_request_successfully&#13;
Error: Class "Mockery" not found
&#13;
C:\Users\Gaser\Desktop\COPRRA\vendor\laravel\framework\src\Illuminate\Testing\PendingCommand.php:550
C:\Users\Gaser\Desktop\COPRRA\vendor\laravel\framework\src\Illuminate\Testing\PendingCommand.php:448
C:\Users\Gaser\Desktop\COPRRA\vendor\laravel\framework\src\Illuminate\Testing\PendingCommand.php:675
C:\Users\Gaser\Desktop\COPRRA\vendor\laravel\framework\src\Illuminate\Foundation\Testing\Concerns\InteractsWithConsole.php:87
C:\Users\Gaser\Desktop\COPRRA\vendor\laravel\framework\src\Illuminate\Foundation\Testing\RefreshDatabase.php:101
C:\Users\Gaser\Desktop\COPRRA\vendor\laravel\framework\src\Illuminate\Foundation\Testing\RefreshDatabase.php:84
C:\Users\Gaser\Desktop\COPRRA\vendor\laravel\framework\src\Illuminate\Foundation\Testing\RefreshDatabase.php:25
C:\Users\Gaser\Desktop\COPRRA\vendor\laravel\framework\src\Illuminate\Foundation\Testing\Concerns\InteractsWithTestCaseLifecycle.php:209
C:\Users\Gaser\Desktop\COPRRA\vendor\laravel\framework\src\Illuminate\Foundation\Testing\Concerns\InteractsWithTestCaseLifecycle.php:97
C:\Users\Gaser\Desktop\COPRRA\vendor\laravel\framework\src\Illuminate\Foundation\Testing\TestCase.php:44
C:\Users\Gaser\Desktop\COPRRA\tests\TestCase.php:25</error>
        </testcase>
      </testsuite>
      <testsuite name="Tests\Feature\Http\Middleware\EncryptCookiesTest" file="C:\Users\Gaser\Desktop\COPRRA\tests\Feature\Http\Middleware\EncryptCookiesTest.php" tests="4" assertions="0" errors="4" failures="0" skipped="0" time="0.000000">
        <testcase name="test_encrypt_cookies_middleware_encrypts_cookies" file="C:\Users\Gaser\Desktop\COPRRA\tests\Feature\Http\Middleware\EncryptCookiesTest.php" line="17" class="Tests\Feature\Http\Middleware\EncryptCookiesTest" classname="Tests.Feature.Http.Middleware.EncryptCookiesTest" assertions="0" time="0.000000">
          <error type="Error">Tests\Feature\Http\Middleware\EncryptCookiesTest::test_encrypt_cookies_middleware_encrypts_cookies&#13;
Error: Class "Mockery" not found
&#13;
C:\Users\Gaser\Desktop\COPRRA\vendor\laravel\framework\src\Illuminate\Testing\PendingCommand.php:550
C:\Users\Gaser\Desktop\COPRRA\vendor\laravel\framework\src\Illuminate\Testing\PendingCommand.php:448
C:\Users\Gaser\Desktop\COPRRA\vendor\laravel\framework\src\Illuminate\Testing\PendingCommand.php:675
C:\Users\Gaser\Desktop\COPRRA\vendor\laravel\framework\src\Illuminate\Foundation\Testing\Concerns\InteractsWithConsole.php:87
C:\Users\Gaser\Desktop\COPRRA\vendor\laravel\framework\src\Illuminate\Foundation\Testing\RefreshDatabase.php:101
C:\Users\Gaser\Desktop\COPRRA\vendor\laravel\framework\src\Illuminate\Foundation\Testing\RefreshDatabase.php:84
C:\Users\Gaser\Desktop\COPRRA\vendor\laravel\framework\src\Illuminate\Foundation\Testing\RefreshDatabase.php:25
C:\Users\Gaser\Desktop\COPRRA\vendor\laravel\framework\src\Illuminate\Foundation\Testing\Concerns\InteractsWithTestCaseLifecycle.php:209
C:\Users\Gaser\Desktop\COPRRA\vendor\laravel\framework\src\Illuminate\Foundation\Testing\Concerns\InteractsWithTestCaseLifecycle.php:97
C:\Users\Gaser\Desktop\COPRRA\vendor\laravel\framework\src\Illuminate\Foundation\Testing\TestCase.php:44
C:\Users\Gaser\Desktop\COPRRA\tests\TestCase.php:25</error>
        </testcase>
        <testcase name="test_encrypt_cookies_middleware_passes_request_successfully" file="C:\Users\Gaser\Desktop\COPRRA\tests\Feature\Http\Middleware\EncryptCookiesTest.php" line="48" class="Tests\Feature\Http\Middleware\EncryptCookiesTest" classname="Tests.Feature.Http.Middleware.EncryptCookiesTest" assertions="0" time="0.000000">
          <error type="Error">Tests\Feature\Http\Middleware\EncryptCookiesTest::test_encrypt_cookies_middleware_passes_request_successfully&#13;
Error: Class "Mockery" not found
&#13;
C:\Users\Gaser\Desktop\COPRRA\vendor\laravel\framework\src\Illuminate\Testing\PendingCommand.php:550
C:\Users\Gaser\Desktop\COPRRA\vendor\laravel\framework\src\Illuminate\Testing\PendingCommand.php:448
C:\Users\Gaser\Desktop\COPRRA\vendor\laravel\framework\src\Illuminate\Testing\PendingCommand.php:675
C:\Users\Gaser\Desktop\COPRRA\vendor\laravel\framework\src\Illuminate\Foundation\Testing\Concerns\InteractsWithConsole.php:87
C:\Users\Gaser\Desktop\COPRRA\vendor\laravel\framework\src\Illuminate\Foundation\Testing\RefreshDatabase.php:101
C:\Users\Gaser\Desktop\COPRRA\vendor\laravel\framework\src\Illuminate\Foundation\Testing\RefreshDatabase.php:84
C:\Users\Gaser\Desktop\COPRRA\vendor\laravel\framework\src\Illuminate\Foundation\Testing\RefreshDatabase.php:25
C:\Users\Gaser\Desktop\COPRRA\vendor\laravel\framework\src\Illuminate\Foundation\Testing\Concerns\InteractsWithTestCaseLifecycle.php:209
C:\Users\Gaser\Desktop\COPRRA\vendor\laravel\framework\src\Illuminate\Foundation\Testing\Concerns\InteractsWithTestCaseLifecycle.php:97
C:\Users\Gaser\Desktop\COPRRA\vendor\laravel\framework\src\Illuminate\Foundation\Testing\TestCase.php:44
C:\Users\Gaser\Desktop\COPRRA\tests\TestCase.php:25</error>
        </testcase>
        <testcase name="test_encrypt_cookies_middleware_handles_multiple_cookies" file="C:\Users\Gaser\Desktop\COPRRA\tests\Feature\Http\Middleware\EncryptCookiesTest.php" line="62" class="Tests\Feature\Http\Middleware\EncryptCookiesTest" classname="Tests.Feature.Http.Middleware.EncryptCookiesTest" assertions="0" time="0.000000">
          <error type="Error">Tests\Feature\Http\Middleware\EncryptCookiesTest::test_encrypt_cookies_middleware_handles_multiple_cookies&#13;
Error: Class "Mockery" not found
&#13;
C:\Users\Gaser\Desktop\COPRRA\vendor\laravel\framework\src\Illuminate\Testing\PendingCommand.php:550
C:\Users\Gaser\Desktop\COPRRA\vendor\laravel\framework\src\Illuminate\Testing\PendingCommand.php:448
C:\Users\Gaser\Desktop\COPRRA\vendor\laravel\framework\src\Illuminate\Testing\PendingCommand.php:675
C:\Users\Gaser\Desktop\COPRRA\vendor\laravel\framework\src\Illuminate\Foundation\Testing\Concerns\InteractsWithConsole.php:87
C:\Users\Gaser\Desktop\COPRRA\vendor\laravel\framework\src\Illuminate\Foundation\Testing\RefreshDatabase.php:101
C:\Users\Gaser\Desktop\COPRRA\vendor\laravel\framework\src\Illuminate\Foundation\Testing\RefreshDatabase.php:84
C:\Users\Gaser\Desktop\COPRRA\vendor\laravel\framework\src\Illuminate\Foundation\Testing\RefreshDatabase.php:25
C:\Users\Gaser\Desktop\COPRRA\vendor\laravel\framework\src\Illuminate\Foundation\Testing\Concerns\InteractsWithTestCaseLifecycle.php:209
C:\Users\Gaser\Desktop\COPRRA\vendor\laravel\framework\src\Illuminate\Foundation\Testing\Concerns\InteractsWithTestCaseLifecycle.php:97
C:\Users\Gaser\Desktop\COPRRA\vendor\laravel\framework\src\Illuminate\Foundation\Testing\TestCase.php:44
C:\Users\Gaser\Desktop\COPRRA\tests\TestCase.php:25</error>
        </testcase>
        <testcase name="test_encrypt_cookies_middleware_handles_existing_cookies" file="C:\Users\Gaser\Desktop\COPRRA\tests\Feature\Http\Middleware\EncryptCookiesTest.php" line="91" class="Tests\Feature\Http\Middleware\EncryptCookiesTest" classname="Tests.Feature.Http.Middleware.EncryptCookiesTest" assertions="0" time="0.000000">
          <error type="Error">Tests\Feature\Http\Middleware\EncryptCookiesTest::test_encrypt_cookies_middleware_handles_existing_cookies&#13;
Error: Class "Mockery" not found
&#13;
C:\Users\Gaser\Desktop\COPRRA\vendor\laravel\framework\src\Illuminate\Testing\PendingCommand.php:550
C:\Users\Gaser\Desktop\COPRRA\vendor\laravel\framework\src\Illuminate\Testing\PendingCommand.php:448
C:\Users\Gaser\Desktop\COPRRA\vendor\laravel\framework\src\Illuminate\Testing\PendingCommand.php:675
C:\Users\Gaser\Desktop\COPRRA\vendor\laravel\framework\src\Illuminate\Foundation\Testing\Concerns\InteractsWithConsole.php:87
C:\Users\Gaser\Desktop\COPRRA\vendor\laravel\framework\src\Illuminate\Foundation\Testing\RefreshDatabase.php:101
C:\Users\Gaser\Desktop\COPRRA\vendor\laravel\framework\src\Illuminate\Foundation\Testing\RefreshDatabase.php:84
C:\Users\Gaser\Desktop\COPRRA\vendor\laravel\framework\src\Illuminate\Foundation\Testing\RefreshDatabase.php:25
C:\Users\Gaser\Desktop\COPRRA\vendor\laravel\framework\src\Illuminate\Foundation\Testing\Concerns\InteractsWithTestCaseLifecycle.php:209
C:\Users\Gaser\Desktop\COPRRA\vendor\laravel\framework\src\Illuminate\Foundation\Testing\Concerns\InteractsWithTestCaseLifecycle.php:97
C:\Users\Gaser\Desktop\COPRRA\vendor\laravel\framework\src\Illuminate\Foundation\Testing\TestCase.php:44
C:\Users\Gaser\Desktop\COPRRA\tests\TestCase.php:25</error>
        </testcase>
      </testsuite>
      <testsuite name="Tests\Feature\Http\Middleware\EnsureEmailIsVerifiedTest" file="C:\Users\Gaser\Desktop\COPRRA\tests\Feature\Http\Middleware\EnsureEmailIsVerifiedTest.php" tests="5" assertions="0" errors="5" failures="0" skipped="0" time="0.000000">
        <testcase name="test_ensure_email_is_verified_middleware_allows_verified_users" file="C:\Users\Gaser\Desktop\COPRRA\tests\Feature\Http\Middleware\EnsureEmailIsVerifiedTest.php" line="17" class="Tests\Feature\Http\Middleware\EnsureEmailIsVerifiedTest" classname="Tests.Feature.Http.Middleware.EnsureEmailIsVerifiedTest" assertions="0" time="0.000000">
          <error type="Error">Tests\Feature\Http\Middleware\EnsureEmailIsVerifiedTest::test_ensure_email_is_verified_middleware_allows_verified_users&#13;
Error: Class "Mockery" not found
&#13;
C:\Users\Gaser\Desktop\COPRRA\vendor\laravel\framework\src\Illuminate\Testing\PendingCommand.php:550
C:\Users\Gaser\Desktop\COPRRA\vendor\laravel\framework\src\Illuminate\Testing\PendingCommand.php:448
C:\Users\Gaser\Desktop\COPRRA\vendor\laravel\framework\src\Illuminate\Testing\PendingCommand.php:675
C:\Users\Gaser\Desktop\COPRRA\vendor\laravel\framework\src\Illuminate\Foundation\Testing\Concerns\InteractsWithConsole.php:87
C:\Users\Gaser\Desktop\COPRRA\vendor\laravel\framework\src\Illuminate\Foundation\Testing\RefreshDatabase.php:101
C:\Users\Gaser\Desktop\COPRRA\vendor\laravel\framework\src\Illuminate\Foundation\Testing\RefreshDatabase.php:84
C:\Users\Gaser\Desktop\COPRRA\vendor\laravel\framework\src\Illuminate\Foundation\Testing\RefreshDatabase.php:25
C:\Users\Gaser\Desktop\COPRRA\vendor\laravel\framework\src\Illuminate\Foundation\Testing\Concerns\InteractsWithTestCaseLifecycle.php:209
C:\Users\Gaser\Desktop\COPRRA\vendor\laravel\framework\src\Illuminate\Foundation\Testing\Concerns\InteractsWithTestCaseLifecycle.php:97
C:\Users\Gaser\Desktop\COPRRA\vendor\laravel\framework\src\Illuminate\Foundation\Testing\TestCase.php:44
C:\Users\Gaser\Desktop\COPRRA\tests\TestCase.php:25</error>
        </testcase>
        <testcase name="test_ensure_email_is_verified_middleware_redirects_unverified_users" file="C:\Users\Gaser\Desktop\COPRRA\tests\Feature\Http\Middleware\EnsureEmailIsVerifiedTest.php" line="36" class="Tests\Feature\Http\Middleware\EnsureEmailIsVerifiedTest" classname="Tests.Feature.Http.Middleware.EnsureEmailIsVerifiedTest" assertions="0" time="0.000000">
          <error type="Error">Tests\Feature\Http\Middleware\EnsureEmailIsVerifiedTest::test_ensure_email_is_verified_middleware_redirects_unverified_users&#13;
Error: Class "Mockery" not found
&#13;
C:\Users\Gaser\Desktop\COPRRA\vendor\laravel\framework\src\Illuminate\Testing\PendingCommand.php:550
C:\Users\Gaser\Desktop\COPRRA\vendor\laravel\framework\src\Illuminate\Testing\PendingCommand.php:448
C:\Users\Gaser\Desktop\COPRRA\vendor\laravel\framework\src\Illuminate\Testing\PendingCommand.php:675
C:\Users\Gaser\Desktop\COPRRA\vendor\laravel\framework\src\Illuminate\Foundation\Testing\Concerns\InteractsWithConsole.php:87
C:\Users\Gaser\Desktop\COPRRA\vendor\laravel\framework\src\Illuminate\Foundation\Testing\RefreshDatabase.php:101
C:\Users\Gaser\Desktop\COPRRA\vendor\laravel\framework\src\Illuminate\Foundation\Testing\RefreshDatabase.php:84
C:\Users\Gaser\Desktop\COPRRA\vendor\laravel\framework\src\Illuminate\Foundation\Testing\RefreshDatabase.php:25
C:\Users\Gaser\Desktop\COPRRA\vendor\laravel\framework\src\Illuminate\Foundation\Testing\Concerns\InteractsWithTestCaseLifecycle.php:209
C:\Users\Gaser\Desktop\COPRRA\vendor\laravel\framework\src\Illuminate\Foundation\Testing\Concerns\InteractsWithTestCaseLifecycle.php:97
C:\Users\Gaser\Desktop\COPRRA\vendor\laravel\framework\src\Illuminate\Foundation\Testing\TestCase.php:44
C:\Users\Gaser\Desktop\COPRRA\tests\TestCase.php:25</error>
        </testcase>
        <testcase name="test_ensure_email_is_verified_middleware_handles_unauthenticated_users" file="C:\Users\Gaser\Desktop\COPRRA\tests\Feature\Http\Middleware\EnsureEmailIsVerifiedTest.php" line="54" class="Tests\Feature\Http\Middleware\EnsureEmailIsVerifiedTest" classname="Tests.Feature.Http.Middleware.EnsureEmailIsVerifiedTest" assertions="0" time="0.000000">
          <error type="Error">Tests\Feature\Http\Middleware\EnsureEmailIsVerifiedTest::test_ensure_email_is_verified_middleware_handles_unauthenticated_users&#13;
Error: Class "Mockery" not found
&#13;
C:\Users\Gaser\Desktop\COPRRA\vendor\laravel\framework\src\Illuminate\Testing\PendingCommand.php:550
C:\Users\Gaser\Desktop\COPRRA\vendor\laravel\framework\src\Illuminate\Testing\PendingCommand.php:448
C:\Users\Gaser\Desktop\COPRRA\vendor\laravel\framework\src\Illuminate\Testing\PendingCommand.php:675
C:\Users\Gaser\Desktop\COPRRA\vendor\laravel\framework\src\Illuminate\Foundation\Testing\Concerns\InteractsWithConsole.php:87
C:\Users\Gaser\Desktop\COPRRA\vendor\laravel\framework\src\Illuminate\Foundation\Testing\RefreshDatabase.php:101
C:\Users\Gaser\Desktop\COPRRA\vendor\laravel\framework\src\Illuminate\Foundation\Testing\RefreshDatabase.php:84
C:\Users\Gaser\Desktop\COPRRA\vendor\laravel\framework\src\Illuminate\Foundation\Testing\RefreshDatabase.php:25
C:\Users\Gaser\Desktop\COPRRA\vendor\laravel\framework\src\Illuminate\Foundation\Testing\Concerns\InteractsWithTestCaseLifecycle.php:209
C:\Users\Gaser\Desktop\COPRRA\vendor\laravel\framework\src\Illuminate\Foundation\Testing\Concerns\InteractsWithTestCaseLifecycle.php:97
C:\Users\Gaser\Desktop\COPRRA\vendor\laravel\framework\src\Illuminate\Foundation\Testing\TestCase.php:44
C:\Users\Gaser\Desktop\COPRRA\tests\TestCase.php:25</error>
        </testcase>
        <testcase name="test_ensure_email_is_verified_middleware_handles_api_requests" file="C:\Users\Gaser\Desktop\COPRRA\tests\Feature\Http\Middleware\EnsureEmailIsVerifiedTest.php" line="67" class="Tests\Feature\Http\Middleware\EnsureEmailIsVerifiedTest" classname="Tests.Feature.Http.Middleware.EnsureEmailIsVerifiedTest" assertions="0" time="0.000000">
          <error type="Error">Tests\Feature\Http\Middleware\EnsureEmailIsVerifiedTest::test_ensure_email_is_verified_middleware_handles_api_requests&#13;
Error: Class "Mockery" not found
&#13;
C:\Users\Gaser\Desktop\COPRRA\vendor\laravel\framework\src\Illuminate\Testing\PendingCommand.php:550
C:\Users\Gaser\Desktop\COPRRA\vendor\laravel\framework\src\Illuminate\Testing\PendingCommand.php:448
C:\Users\Gaser\Desktop\COPRRA\vendor\laravel\framework\src\Illuminate\Testing\PendingCommand.php:675
C:\Users\Gaser\Desktop\COPRRA\vendor\laravel\framework\src\Illuminate\Foundation\Testing\Concerns\InteractsWithConsole.php:87
C:\Users\Gaser\Desktop\COPRRA\vendor\laravel\framework\src\Illuminate\Foundation\Testing\RefreshDatabase.php:101
C:\Users\Gaser\Desktop\COPRRA\vendor\laravel\framework\src\Illuminate\Foundation\Testing\RefreshDatabase.php:84
C:\Users\Gaser\Desktop\COPRRA\vendor\laravel\framework\src\Illuminate\Foundation\Testing\RefreshDatabase.php:25
C:\Users\Gaser\Desktop\COPRRA\vendor\laravel\framework\src\Illuminate\Foundation\Testing\Concerns\InteractsWithTestCaseLifecycle.php:209
C:\Users\Gaser\Desktop\COPRRA\vendor\laravel\framework\src\Illuminate\Foundation\Testing\Concerns\InteractsWithTestCaseLifecycle.php:97
C:\Users\Gaser\Desktop\COPRRA\vendor\laravel\framework\src\Illuminate\Foundation\Testing\TestCase.php:44
C:\Users\Gaser\Desktop\COPRRA\tests\TestCase.php:25</error>
        </testcase>
        <testcase name="test_ensure_email_is_verified_middleware_handles_post_requests" file="C:\Users\Gaser\Desktop\COPRRA\tests\Feature\Http\Middleware\EnsureEmailIsVerifiedTest.php" line="86" class="Tests\Feature\Http\Middleware\EnsureEmailIsVerifiedTest" classname="Tests.Feature.Http.Middleware.EnsureEmailIsVerifiedTest" assertions="0" time="0.000000">
          <error type="Error">Tests\Feature\Http\Middleware\EnsureEmailIsVerifiedTest::test_ensure_email_is_verified_middleware_handles_post_requests&#13;
Error: Class "Mockery" not found
&#13;
C:\Users\Gaser\Desktop\COPRRA\vendor\laravel\framework\src\Illuminate\Testing\PendingCommand.php:550
C:\Users\Gaser\Desktop\COPRRA\vendor\laravel\framework\src\Illuminate\Testing\PendingCommand.php:448
C:\Users\Gaser\Desktop\COPRRA\vendor\laravel\framework\src\Illuminate\Testing\PendingCommand.php:675
C:\Users\Gaser\Desktop\COPRRA\vendor\laravel\framework\src\Illuminate\Foundation\Testing\Concerns\InteractsWithConsole.php:87
C:\Users\Gaser\Desktop\COPRRA\vendor\laravel\framework\src\Illuminate\Foundation\Testing\RefreshDatabase.php:101
C:\Users\Gaser\Desktop\COPRRA\vendor\laravel\framework\src\Illuminate\Foundation\Testing\RefreshDatabase.php:84
C:\Users\Gaser\Desktop\COPRRA\vendor\laravel\framework\src\Illuminate\Foundation\Testing\RefreshDatabase.php:25
C:\Users\Gaser\Desktop\COPRRA\vendor\laravel\framework\src\Illuminate\Foundation\Testing\Concerns\InteractsWithTestCaseLifecycle.php:209
C:\Users\Gaser\Desktop\COPRRA\vendor\laravel\framework\src\Illuminate\Foundation\Testing\Concerns\InteractsWithTestCaseLifecycle.php:97
C:\Users\Gaser\Desktop\COPRRA\vendor\laravel\framework\src\Illuminate\Foundation\Testing\TestCase.php:44
C:\Users\Gaser\Desktop\COPRRA\tests\TestCase.php:25</error>
        </testcase>
      </testsuite>
      <testsuite name="Tests\Feature\Http\Middleware\HandleCorsTest" file="C:\Users\Gaser\Desktop\COPRRA\tests\Feature\Http\Middleware\HandleCorsTest.php" tests="3" assertions="0" errors="3" failures="0" skipped="0" time="0.000000">
        <testcase name="test_handle_cors_middleware_adds_cors_headers" file="C:\Users\Gaser\Desktop\COPRRA\tests\Feature\Http\Middleware\HandleCorsTest.php" line="16" class="Tests\Feature\Http\Middleware\HandleCorsTest" classname="Tests.Feature.Http.Middleware.HandleCorsTest" assertions="0" time="0.000000">
          <error type="Error">Tests\Feature\Http\Middleware\HandleCorsTest::test_handle_cors_middleware_adds_cors_headers&#13;
Error: Class "Mockery" not found
&#13;
C:\Users\Gaser\Desktop\COPRRA\vendor\laravel\framework\src\Illuminate\Testing\PendingCommand.php:550
C:\Users\Gaser\Desktop\COPRRA\vendor\laravel\framework\src\Illuminate\Testing\PendingCommand.php:448
C:\Users\Gaser\Desktop\COPRRA\vendor\laravel\framework\src\Illuminate\Testing\PendingCommand.php:675
C:\Users\Gaser\Desktop\COPRRA\vendor\laravel\framework\src\Illuminate\Foundation\Testing\Concerns\InteractsWithConsole.php:87
C:\Users\Gaser\Desktop\COPRRA\vendor\laravel\framework\src\Illuminate\Foundation\Testing\RefreshDatabase.php:101
C:\Users\Gaser\Desktop\COPRRA\vendor\laravel\framework\src\Illuminate\Foundation\Testing\RefreshDatabase.php:84
C:\Users\Gaser\Desktop\COPRRA\vendor\laravel\framework\src\Illuminate\Foundation\Testing\RefreshDatabase.php:25
C:\Users\Gaser\Desktop\COPRRA\vendor\laravel\framework\src\Illuminate\Foundation\Testing\Concerns\InteractsWithTestCaseLifecycle.php:209
C:\Users\Gaser\Desktop\COPRRA\vendor\laravel\framework\src\Illuminate\Foundation\Testing\Concerns\InteractsWithTestCaseLifecycle.php:97
C:\Users\Gaser\Desktop\COPRRA\vendor\laravel\framework\src\Illuminate\Foundation\Testing\TestCase.php:44
C:\Users\Gaser\Desktop\COPRRA\tests\TestCase.php:25</error>
        </testcase>
        <testcase name="test_handle_cors_middleware_handles_preflight_requests" file="C:\Users\Gaser\Desktop\COPRRA\tests\Feature\Http\Middleware\HandleCorsTest.php" line="33" class="Tests\Feature\Http\Middleware\HandleCorsTest" classname="Tests.Feature.Http.Middleware.HandleCorsTest" assertions="0" time="0.000000">
          <error type="Error">Tests\Feature\Http\Middleware\HandleCorsTest::test_handle_cors_middleware_handles_preflight_requests&#13;
Error: Class "Mockery" not found
&#13;
C:\Users\Gaser\Desktop\COPRRA\vendor\laravel\framework\src\Illuminate\Testing\PendingCommand.php:550
C:\Users\Gaser\Desktop\COPRRA\vendor\laravel\framework\src\Illuminate\Testing\PendingCommand.php:448
C:\Users\Gaser\Desktop\COPRRA\vendor\laravel\framework\src\Illuminate\Testing\PendingCommand.php:675
C:\Users\Gaser\Desktop\COPRRA\vendor\laravel\framework\src\Illuminate\Foundation\Testing\Concerns\InteractsWithConsole.php:87
C:\Users\Gaser\Desktop\COPRRA\vendor\laravel\framework\src\Illuminate\Foundation\Testing\RefreshDatabase.php:101
C:\Users\Gaser\Desktop\COPRRA\vendor\laravel\framework\src\Illuminate\Foundation\Testing\RefreshDatabase.php:84
C:\Users\Gaser\Desktop\COPRRA\vendor\laravel\framework\src\Illuminate\Foundation\Testing\RefreshDatabase.php:25
C:\Users\Gaser\Desktop\COPRRA\vendor\laravel\framework\src\Illuminate\Foundation\Testing\Concerns\InteractsWithTestCaseLifecycle.php:209
C:\Users\Gaser\Desktop\COPRRA\vendor\laravel\framework\src\Illuminate\Foundation\Testing\Concerns\InteractsWithTestCaseLifecycle.php:97
C:\Users\Gaser\Desktop\COPRRA\vendor\laravel\framework\src\Illuminate\Foundation\Testing\TestCase.php:44
C:\Users\Gaser\Desktop\COPRRA\tests\TestCase.php:25</error>
        </testcase>
        <testcase name="test_handle_cors_middleware_passes_regular_requests" file="C:\Users\Gaser\Desktop\COPRRA\tests\Feature\Http\Middleware\HandleCorsTest.php" line="50" class="Tests\Feature\Http\Middleware\HandleCorsTest" classname="Tests.Feature.Http.Middleware.HandleCorsTest" assertions="0" time="0.000000">
          <error type="Error">Tests\Feature\Http\Middleware\HandleCorsTest::test_handle_cors_middleware_passes_regular_requests&#13;
Error: Class "Mockery" not found
&#13;
C:\Users\Gaser\Desktop\COPRRA\vendor\laravel\framework\src\Illuminate\Testing\PendingCommand.php:550
C:\Users\Gaser\Desktop\COPRRA\vendor\laravel\framework\src\Illuminate\Testing\PendingCommand.php:448
C:\Users\Gaser\Desktop\COPRRA\vendor\laravel\framework\src\Illuminate\Testing\PendingCommand.php:675
C:\Users\Gaser\Desktop\COPRRA\vendor\laravel\framework\src\Illuminate\Foundation\Testing\Concerns\InteractsWithConsole.php:87
C:\Users\Gaser\Desktop\COPRRA\vendor\laravel\framework\src\Illuminate\Foundation\Testing\RefreshDatabase.php:101
C:\Users\Gaser\Desktop\COPRRA\vendor\laravel\framework\src\Illuminate\Foundation\Testing\RefreshDatabase.php:84
C:\Users\Gaser\Desktop\COPRRA\vendor\laravel\framework\src\Illuminate\Foundation\Testing\RefreshDatabase.php:25
C:\Users\Gaser\Desktop\COPRRA\vendor\laravel\framework\src\Illuminate\Foundation\Testing\Concerns\InteractsWithTestCaseLifecycle.php:209
C:\Users\Gaser\Desktop\COPRRA\vendor\laravel\framework\src\Illuminate\Foundation\Testing\Concerns\InteractsWithTestCaseLifecycle.php:97
C:\Users\Gaser\Desktop\COPRRA\vendor\laravel\framework\src\Illuminate\Foundation\Testing\TestCase.php:44
C:\Users\Gaser\Desktop\COPRRA\tests\TestCase.php:25</error>
        </testcase>
      </testsuite>
      <testsuite name="Tests\Feature\Http\Middleware\HandlePrecognitiveRequestsTest" file="C:\Users\Gaser\Desktop\COPRRA\tests\Feature\Http\Middleware\HandlePrecognitiveRequestsTest.php" tests="5" assertions="0" errors="5" failures="0" skipped="0" time="0.000000">
        <testcase name="test_handle_precognitive_requests_middleware_passes_regular_requests" file="C:\Users\Gaser\Desktop\COPRRA\tests\Feature\Http\Middleware\HandlePrecognitiveRequestsTest.php" line="16" class="Tests\Feature\Http\Middleware\HandlePrecognitiveRequestsTest" classname="Tests.Feature.Http.Middleware.HandlePrecognitiveRequestsTest" assertions="0" time="0.000000">
          <error type="Error">Tests\Feature\Http\Middleware\HandlePrecognitiveRequestsTest::test_handle_precognitive_requests_middleware_passes_regular_requests&#13;
Error: Class "Mockery" not found
&#13;
C:\Users\Gaser\Desktop\COPRRA\vendor\laravel\framework\src\Illuminate\Testing\PendingCommand.php:550
C:\Users\Gaser\Desktop\COPRRA\vendor\laravel\framework\src\Illuminate\Testing\PendingCommand.php:448
C:\Users\Gaser\Desktop\COPRRA\vendor\laravel\framework\src\Illuminate\Testing\PendingCommand.php:675
C:\Users\Gaser\Desktop\COPRRA\vendor\laravel\framework\src\Illuminate\Foundation\Testing\Concerns\InteractsWithConsole.php:87
C:\Users\Gaser\Desktop\COPRRA\vendor\laravel\framework\src\Illuminate\Foundation\Testing\RefreshDatabase.php:101
C:\Users\Gaser\Desktop\COPRRA\vendor\laravel\framework\src\Illuminate\Foundation\Testing\RefreshDatabase.php:84
C:\Users\Gaser\Desktop\COPRRA\vendor\laravel\framework\src\Illuminate\Foundation\Testing\RefreshDatabase.php:25
C:\Users\Gaser\Desktop\COPRRA\vendor\laravel\framework\src\Illuminate\Foundation\Testing\Concerns\InteractsWithTestCaseLifecycle.php:209
C:\Users\Gaser\Desktop\COPRRA\vendor\laravel\framework\src\Illuminate\Foundation\Testing\Concerns\InteractsWithTestCaseLifecycle.php:97
C:\Users\Gaser\Desktop\COPRRA\vendor\laravel\framework\src\Illuminate\Foundation\Testing\TestCase.php:44
C:\Users\Gaser\Desktop\COPRRA\tests\TestCase.php:25</error>
        </testcase>
        <testcase name="test_handle_precognitive_requests_middleware_handles_precognitive_header" file="C:\Users\Gaser\Desktop\COPRRA\tests\Feature\Http\Middleware\HandlePrecognitiveRequestsTest.php" line="29" class="Tests\Feature\Http\Middleware\HandlePrecognitiveRequestsTest" classname="Tests.Feature.Http.Middleware.HandlePrecognitiveRequestsTest" assertions="0" time="0.000000">
          <error type="Error">Tests\Feature\Http\Middleware\HandlePrecognitiveRequestsTest::test_handle_precognitive_requests_middleware_handles_precognitive_header&#13;
Error: Class "Mockery" not found
&#13;
C:\Users\Gaser\Desktop\COPRRA\vendor\laravel\framework\src\Illuminate\Testing\PendingCommand.php:550
C:\Users\Gaser\Desktop\COPRRA\vendor\laravel\framework\src\Illuminate\Testing\PendingCommand.php:448
C:\Users\Gaser\Desktop\COPRRA\vendor\laravel\framework\src\Illuminate\Testing\PendingCommand.php:675
C:\Users\Gaser\Desktop\COPRRA\vendor\laravel\framework\src\Illuminate\Foundation\Testing\Concerns\InteractsWithConsole.php:87
C:\Users\Gaser\Desktop\COPRRA\vendor\laravel\framework\src\Illuminate\Foundation\Testing\RefreshDatabase.php:101
C:\Users\Gaser\Desktop\COPRRA\vendor\laravel\framework\src\Illuminate\Foundation\Testing\RefreshDatabase.php:84
C:\Users\Gaser\Desktop\COPRRA\vendor\laravel\framework\src\Illuminate\Foundation\Testing\RefreshDatabase.php:25
C:\Users\Gaser\Desktop\COPRRA\vendor\laravel\framework\src\Illuminate\Foundation\Testing\Concerns\InteractsWithTestCaseLifecycle.php:209
C:\Users\Gaser\Desktop\COPRRA\vendor\laravel\framework\src\Illuminate\Foundation\Testing\Concerns\InteractsWithTestCaseLifecycle.php:97
C:\Users\Gaser\Desktop\COPRRA\vendor\laravel\framework\src\Illuminate\Foundation\Testing\TestCase.php:44
C:\Users\Gaser\Desktop\COPRRA\tests\TestCase.php:25</error>
        </testcase>
        <testcase name="test_handle_precognitive_requests_middleware_handles_post_requests" file="C:\Users\Gaser\Desktop\COPRRA\tests\Feature\Http\Middleware\HandlePrecognitiveRequestsTest.php" line="43" class="Tests\Feature\Http\Middleware\HandlePrecognitiveRequestsTest" classname="Tests.Feature.Http.Middleware.HandlePrecognitiveRequestsTest" assertions="0" time="0.000000">
          <error type="Error">Tests\Feature\Http\Middleware\HandlePrecognitiveRequestsTest::test_handle_precognitive_requests_middleware_handles_post_requests&#13;
Error: Class "Mockery" not found
&#13;
C:\Users\Gaser\Desktop\COPRRA\vendor\laravel\framework\src\Illuminate\Testing\PendingCommand.php:550
C:\Users\Gaser\Desktop\COPRRA\vendor\laravel\framework\src\Illuminate\Testing\PendingCommand.php:448
C:\Users\Gaser\Desktop\COPRRA\vendor\laravel\framework\src\Illuminate\Testing\PendingCommand.php:675
C:\Users\Gaser\Desktop\COPRRA\vendor\laravel\framework\src\Illuminate\Foundation\Testing\Concerns\InteractsWithConsole.php:87
C:\Users\Gaser\Desktop\COPRRA\vendor\laravel\framework\src\Illuminate\Foundation\Testing\RefreshDatabase.php:101
C:\Users\Gaser\Desktop\COPRRA\vendor\laravel\framework\src\Illuminate\Foundation\Testing\RefreshDatabase.php:84
C:\Users\Gaser\Desktop\COPRRA\vendor\laravel\framework\src\Illuminate\Foundation\Testing\RefreshDatabase.php:25
C:\Users\Gaser\Desktop\COPRRA\vendor\laravel\framework\src\Illuminate\Foundation\Testing\Concerns\InteractsWithTestCaseLifecycle.php:209
C:\Users\Gaser\Desktop\COPRRA\vendor\laravel\framework\src\Illuminate\Foundation\Testing\Concerns\InteractsWithTestCaseLifecycle.php:97
C:\Users\Gaser\Desktop\COPRRA\vendor\laravel\framework\src\Illuminate\Foundation\Testing\TestCase.php:44
C:\Users\Gaser\Desktop\COPRRA\tests\TestCase.php:25</error>
        </testcase>
        <testcase name="test_handle_precognitive_requests_middleware_handles_put_requests" file="C:\Users\Gaser\Desktop\COPRRA\tests\Feature\Http\Middleware\HandlePrecognitiveRequestsTest.php" line="59" class="Tests\Feature\Http\Middleware\HandlePrecognitiveRequestsTest" classname="Tests.Feature.Http.Middleware.HandlePrecognitiveRequestsTest" assertions="0" time="0.000000">
          <error type="Error">Tests\Feature\Http\Middleware\HandlePrecognitiveRequestsTest::test_handle_precognitive_requests_middleware_handles_put_requests&#13;
Error: Class "Mockery" not found
&#13;
C:\Users\Gaser\Desktop\COPRRA\vendor\laravel\framework\src\Illuminate\Testing\PendingCommand.php:550
C:\Users\Gaser\Desktop\COPRRA\vendor\laravel\framework\src\Illuminate\Testing\PendingCommand.php:448
C:\Users\Gaser\Desktop\COPRRA\vendor\laravel\framework\src\Illuminate\Testing\PendingCommand.php:675
C:\Users\Gaser\Desktop\COPRRA\vendor\laravel\framework\src\Illuminate\Foundation\Testing\Concerns\InteractsWithConsole.php:87
C:\Users\Gaser\Desktop\COPRRA\vendor\laravel\framework\src\Illuminate\Foundation\Testing\RefreshDatabase.php:101
C:\Users\Gaser\Desktop\COPRRA\vendor\laravel\framework\src\Illuminate\Foundation\Testing\RefreshDatabase.php:84
C:\Users\Gaser\Desktop\COPRRA\vendor\laravel\framework\src\Illuminate\Foundation\Testing\RefreshDatabase.php:25
C:\Users\Gaser\Desktop\COPRRA\vendor\laravel\framework\src\Illuminate\Foundation\Testing\Concerns\InteractsWithTestCaseLifecycle.php:209
C:\Users\Gaser\Desktop\COPRRA\vendor\laravel\framework\src\Illuminate\Foundation\Testing\Concerns\InteractsWithTestCaseLifecycle.php:97
C:\Users\Gaser\Desktop\COPRRA\vendor\laravel\framework\src\Illuminate\Foundation\Testing\TestCase.php:44
C:\Users\Gaser\Desktop\COPRRA\tests\TestCase.php:25</error>
        </testcase>
        <testcase name="test_handle_precognitive_requests_middleware_handles_patch_requests" file="C:\Users\Gaser\Desktop\COPRRA\tests\Feature\Http\Middleware\HandlePrecognitiveRequestsTest.php" line="75" class="Tests\Feature\Http\Middleware\HandlePrecognitiveRequestsTest" classname="Tests.Feature.Http.Middleware.HandlePrecognitiveRequestsTest" assertions="0" time="0.000000">
          <error type="Error">Tests\Feature\Http\Middleware\HandlePrecognitiveRequestsTest::test_handle_precognitive_requests_middleware_handles_patch_requests&#13;
Error: Class "Mockery" not found
&#13;
C:\Users\Gaser\Desktop\COPRRA\vendor\laravel\framework\src\Illuminate\Testing\PendingCommand.php:550
C:\Users\Gaser\Desktop\COPRRA\vendor\laravel\framework\src\Illuminate\Testing\PendingCommand.php:448
C:\Users\Gaser\Desktop\COPRRA\vendor\laravel\framework\src\Illuminate\Testing\PendingCommand.php:675
C:\Users\Gaser\Desktop\COPRRA\vendor\laravel\framework\src\Illuminate\Foundation\Testing\Concerns\InteractsWithConsole.php:87
C:\Users\Gaser\Desktop\COPRRA\vendor\laravel\framework\src\Illuminate\Foundation\Testing\RefreshDatabase.php:101
C:\Users\Gaser\Desktop\COPRRA\vendor\laravel\framework\src\Illuminate\Foundation\Testing\RefreshDatabase.php:84
C:\Users\Gaser\Desktop\COPRRA\vendor\laravel\framework\src\Illuminate\Foundation\Testing\RefreshDatabase.php:25
C:\Users\Gaser\Desktop\COPRRA\vendor\laravel\framework\src\Illuminate\Foundation\Testing\Concerns\InteractsWithTestCaseLifecycle.php:209
C:\Users\Gaser\Desktop\COPRRA\vendor\laravel\framework\src\Illuminate\Foundation\Testing\Concerns\InteractsWithTestCaseLifecycle.php:97
C:\Users\Gaser\Desktop\COPRRA\vendor\laravel\framework\src\Illuminate\Foundation\Testing\TestCase.php:44
C:\Users\Gaser\Desktop\COPRRA\tests\TestCase.php:25</error>
        </testcase>
      </testsuite>
      <testsuite name="Tests\Feature\Http\Middleware\InputSanitizationMiddlewareTest" file="C:\Users\Gaser\Desktop\COPRRA\tests\Feature\Http\Middleware\InputSanitizationMiddlewareTest.php" tests="5" assertions="0" errors="5" failures="0" skipped="0" time="0.000000">
        <testcase name="test_input_sanitization_middleware_sanitizes_input" file="C:\Users\Gaser\Desktop\COPRRA\tests\Feature\Http\Middleware\InputSanitizationMiddlewareTest.php" line="16" class="Tests\Feature\Http\Middleware\InputSanitizationMiddlewareTest" classname="Tests.Feature.Http.Middleware.InputSanitizationMiddlewareTest" assertions="0" time="0.000000">
          <error type="Error">Tests\Feature\Http\Middleware\InputSanitizationMiddlewareTest::test_input_sanitization_middleware_sanitizes_input&#13;
Error: Class "Mockery" not found
&#13;
C:\Users\Gaser\Desktop\COPRRA\vendor\laravel\framework\src\Illuminate\Testing\PendingCommand.php:550
C:\Users\Gaser\Desktop\COPRRA\vendor\laravel\framework\src\Illuminate\Testing\PendingCommand.php:448
C:\Users\Gaser\Desktop\COPRRA\vendor\laravel\framework\src\Illuminate\Testing\PendingCommand.php:675
C:\Users\Gaser\Desktop\COPRRA\vendor\laravel\framework\src\Illuminate\Foundation\Testing\Concerns\InteractsWithConsole.php:87
C:\Users\Gaser\Desktop\COPRRA\vendor\laravel\framework\src\Illuminate\Foundation\Testing\RefreshDatabase.php:101
C:\Users\Gaser\Desktop\COPRRA\vendor\laravel\framework\src\Illuminate\Foundation\Testing\RefreshDatabase.php:84
C:\Users\Gaser\Desktop\COPRRA\vendor\laravel\framework\src\Illuminate\Foundation\Testing\RefreshDatabase.php:25
C:\Users\Gaser\Desktop\COPRRA\vendor\laravel\framework\src\Illuminate\Foundation\Testing\Concerns\InteractsWithTestCaseLifecycle.php:209
C:\Users\Gaser\Desktop\COPRRA\vendor\laravel\framework\src\Illuminate\Foundation\Testing\Concerns\InteractsWithTestCaseLifecycle.php:97
C:\Users\Gaser\Desktop\COPRRA\vendor\laravel\framework\src\Illuminate\Foundation\Testing\TestCase.php:44
C:\Users\Gaser\Desktop\COPRRA\tests\TestCase.php:25</error>
        </testcase>
        <testcase name="test_input_sanitization_middleware_handles_get_requests" file="C:\Users\Gaser\Desktop\COPRRA\tests\Feature\Http\Middleware\InputSanitizationMiddlewareTest.php" line="33" class="Tests\Feature\Http\Middleware\InputSanitizationMiddlewareTest" classname="Tests.Feature.Http.Middleware.InputSanitizationMiddlewareTest" assertions="0" time="0.000000">
          <error type="Error">Tests\Feature\Http\Middleware\InputSanitizationMiddlewareTest::test_input_sanitization_middleware_handles_get_requests&#13;
Error: Class "Mockery" not found
&#13;
C:\Users\Gaser\Desktop\COPRRA\vendor\laravel\framework\src\Illuminate\Testing\PendingCommand.php:550
C:\Users\Gaser\Desktop\COPRRA\vendor\laravel\framework\src\Illuminate\Testing\PendingCommand.php:448
C:\Users\Gaser\Desktop\COPRRA\vendor\laravel\framework\src\Illuminate\Testing\PendingCommand.php:675
C:\Users\Gaser\Desktop\COPRRA\vendor\laravel\framework\src\Illuminate\Foundation\Testing\Concerns\InteractsWithConsole.php:87
C:\Users\Gaser\Desktop\COPRRA\vendor\laravel\framework\src\Illuminate\Foundation\Testing\RefreshDatabase.php:101
C:\Users\Gaser\Desktop\COPRRA\vendor\laravel\framework\src\Illuminate\Foundation\Testing\RefreshDatabase.php:84
C:\Users\Gaser\Desktop\COPRRA\vendor\laravel\framework\src\Illuminate\Foundation\Testing\RefreshDatabase.php:25
C:\Users\Gaser\Desktop\COPRRA\vendor\laravel\framework\src\Illuminate\Foundation\Testing\Concerns\InteractsWithTestCaseLifecycle.php:209
C:\Users\Gaser\Desktop\COPRRA\vendor\laravel\framework\src\Illuminate\Foundation\Testing\Concerns\InteractsWithTestCaseLifecycle.php:97
C:\Users\Gaser\Desktop\COPRRA\vendor\laravel\framework\src\Illuminate\Foundation\Testing\TestCase.php:44
C:\Users\Gaser\Desktop\COPRRA\tests\TestCase.php:25</error>
        </testcase>
        <testcase name="test_input_sanitization_middleware_handles_nested_arrays" file="C:\Users\Gaser\Desktop\COPRRA\tests\Feature\Http\Middleware\InputSanitizationMiddlewareTest.php" line="48" class="Tests\Feature\Http\Middleware\InputSanitizationMiddlewareTest" classname="Tests.Feature.Http.Middleware.InputSanitizationMiddlewareTest" assertions="0" time="0.000000">
          <error type="Error">Tests\Feature\Http\Middleware\InputSanitizationMiddlewareTest::test_input_sanitization_middleware_handles_nested_arrays&#13;
Error: Class "Mockery" not found
&#13;
C:\Users\Gaser\Desktop\COPRRA\vendor\laravel\framework\src\Illuminate\Testing\PendingCommand.php:550
C:\Users\Gaser\Desktop\COPRRA\vendor\laravel\framework\src\Illuminate\Testing\PendingCommand.php:448
C:\Users\Gaser\Desktop\COPRRA\vendor\laravel\framework\src\Illuminate\Testing\PendingCommand.php:675
C:\Users\Gaser\Desktop\COPRRA\vendor\laravel\framework\src\Illuminate\Foundation\Testing\Concerns\InteractsWithConsole.php:87
C:\Users\Gaser\Desktop\COPRRA\vendor\laravel\framework\src\Illuminate\Foundation\Testing\RefreshDatabase.php:101
C:\Users\Gaser\Desktop\COPRRA\vendor\laravel\framework\src\Illuminate\Foundation\Testing\RefreshDatabase.php:84
C:\Users\Gaser\Desktop\COPRRA\vendor\laravel\framework\src\Illuminate\Foundation\Testing\RefreshDatabase.php:25
C:\Users\Gaser\Desktop\COPRRA\vendor\laravel\framework\src\Illuminate\Foundation\Testing\Concerns\InteractsWithTestCaseLifecycle.php:209
C:\Users\Gaser\Desktop\COPRRA\vendor\laravel\framework\src\Illuminate\Foundation\Testing\Concerns\InteractsWithTestCaseLifecycle.php:97
C:\Users\Gaser\Desktop\COPRRA\vendor\laravel\framework\src\Illuminate\Foundation\Testing\TestCase.php:44
C:\Users\Gaser\Desktop\COPRRA\tests\TestCase.php:25</error>
        </testcase>
        <testcase name="test_input_sanitization_middleware_handles_api_requests" file="C:\Users\Gaser\Desktop\COPRRA\tests\Feature\Http\Middleware\InputSanitizationMiddlewareTest.php" line="70" class="Tests\Feature\Http\Middleware\InputSanitizationMiddlewareTest" classname="Tests.Feature.Http.Middleware.InputSanitizationMiddlewareTest" assertions="0" time="0.000000">
          <error type="Error">Tests\Feature\Http\Middleware\InputSanitizationMiddlewareTest::test_input_sanitization_middleware_handles_api_requests&#13;
Error: Class "Mockery" not found
&#13;
C:\Users\Gaser\Desktop\COPRRA\vendor\laravel\framework\src\Illuminate\Testing\PendingCommand.php:550
C:\Users\Gaser\Desktop\COPRRA\vendor\laravel\framework\src\Illuminate\Testing\PendingCommand.php:448
C:\Users\Gaser\Desktop\COPRRA\vendor\laravel\framework\src\Illuminate\Testing\PendingCommand.php:675
C:\Users\Gaser\Desktop\COPRRA\vendor\laravel\framework\src\Illuminate\Foundation\Testing\Concerns\InteractsWithConsole.php:87
C:\Users\Gaser\Desktop\COPRRA\vendor\laravel\framework\src\Illuminate\Foundation\Testing\RefreshDatabase.php:101
C:\Users\Gaser\Desktop\COPRRA\vendor\laravel\framework\src\Illuminate\Foundation\Testing\RefreshDatabase.php:84
C:\Users\Gaser\Desktop\COPRRA\vendor\laravel\framework\src\Illuminate\Foundation\Testing\RefreshDatabase.php:25
C:\Users\Gaser\Desktop\COPRRA\vendor\laravel\framework\src\Illuminate\Foundation\Testing\Concerns\InteractsWithTestCaseLifecycle.php:209
C:\Users\Gaser\Desktop\COPRRA\vendor\laravel\framework\src\Illuminate\Foundation\Testing\Concerns\InteractsWithTestCaseLifecycle.php:97
C:\Users\Gaser\Desktop\COPRRA\vendor\laravel\framework\src\Illuminate\Foundation\Testing\TestCase.php:44
C:\Users\Gaser\Desktop\COPRRA\tests\TestCase.php:25</error>
        </testcase>
        <testcase name="test_input_sanitization_middleware_handles_clean_input" file="C:\Users\Gaser\Desktop\COPRRA\tests\Feature\Http\Middleware\InputSanitizationMiddlewareTest.php" line="86" class="Tests\Feature\Http\Middleware\InputSanitizationMiddlewareTest" classname="Tests.Feature.Http.Middleware.InputSanitizationMiddlewareTest" assertions="0" time="0.000000">
          <error type="Error">Tests\Feature\Http\Middleware\InputSanitizationMiddlewareTest::test_input_sanitization_middleware_handles_clean_input&#13;
Error: Class "Mockery" not found
&#13;
C:\Users\Gaser\Desktop\COPRRA\vendor\laravel\framework\src\Illuminate\Testing\PendingCommand.php:550
C:\Users\Gaser\Desktop\COPRRA\vendor\laravel\framework\src\Illuminate\Testing\PendingCommand.php:448
C:\Users\Gaser\Desktop\COPRRA\vendor\laravel\framework\src\Illuminate\Testing\PendingCommand.php:675
C:\Users\Gaser\Desktop\COPRRA\vendor\laravel\framework\src\Illuminate\Foundation\Testing\Concerns\InteractsWithConsole.php:87
C:\Users\Gaser\Desktop\COPRRA\vendor\laravel\framework\src\Illuminate\Foundation\Testing\RefreshDatabase.php:101
C:\Users\Gaser\Desktop\COPRRA\vendor\laravel\framework\src\Illuminate\Foundation\Testing\RefreshDatabase.php:84
C:\Users\Gaser\Desktop\COPRRA\vendor\laravel\framework\src\Illuminate\Foundation\Testing\RefreshDatabase.php:25
C:\Users\Gaser\Desktop\COPRRA\vendor\laravel\framework\src\Illuminate\Foundation\Testing\Concerns\InteractsWithTestCaseLifecycle.php:209
C:\Users\Gaser\Desktop\COPRRA\vendor\laravel\framework\src\Illuminate\Foundation\Testing\Concerns\InteractsWithTestCaseLifecycle.php:97
C:\Users\Gaser\Desktop\COPRRA\vendor\laravel\framework\src\Illuminate\Foundation\Testing\TestCase.php:44
C:\Users\Gaser\Desktop\COPRRA\tests\TestCase.php:25</error>
        </testcase>
      </testsuite>
      <testsuite name="Tests\Feature\Http\Middleware\LocaleMiddlewareTest" file="C:\Users\Gaser\Desktop\COPRRA\tests\Feature\Http\Middleware\LocaleMiddlewareTest.php" tests="5" assertions="0" errors="5" failures="0" skipped="0" time="0.000000">
        <testcase name="test_locale_middleware_passes_request_successfully" file="C:\Users\Gaser\Desktop\COPRRA\tests\Feature\Http\Middleware\LocaleMiddlewareTest.php" line="30" class="Tests\Feature\Http\Middleware\LocaleMiddlewareTest" classname="Tests.Feature.Http.Middleware.LocaleMiddlewareTest" assertions="0" time="0.000000">
          <error type="Error">Tests\Feature\Http\Middleware\LocaleMiddlewareTest::test_locale_middleware_passes_request_successfully&#13;
Error: Class "Mockery" not found
&#13;
C:\Users\Gaser\Desktop\COPRRA\vendor\laravel\framework\src\Illuminate\Testing\PendingCommand.php:550
C:\Users\Gaser\Desktop\COPRRA\vendor\laravel\framework\src\Illuminate\Testing\PendingCommand.php:448
C:\Users\Gaser\Desktop\COPRRA\vendor\laravel\framework\src\Illuminate\Testing\PendingCommand.php:675
C:\Users\Gaser\Desktop\COPRRA\vendor\laravel\framework\src\Illuminate\Foundation\Testing\Concerns\InteractsWithConsole.php:87
C:\Users\Gaser\Desktop\COPRRA\vendor\laravel\framework\src\Illuminate\Foundation\Testing\RefreshDatabase.php:101
C:\Users\Gaser\Desktop\COPRRA\vendor\laravel\framework\src\Illuminate\Foundation\Testing\RefreshDatabase.php:84
C:\Users\Gaser\Desktop\COPRRA\vendor\laravel\framework\src\Illuminate\Foundation\Testing\RefreshDatabase.php:25
C:\Users\Gaser\Desktop\COPRRA\vendor\laravel\framework\src\Illuminate\Foundation\Testing\Concerns\InteractsWithTestCaseLifecycle.php:209
C:\Users\Gaser\Desktop\COPRRA\vendor\laravel\framework\src\Illuminate\Foundation\Testing\Concerns\InteractsWithTestCaseLifecycle.php:97
C:\Users\Gaser\Desktop\COPRRA\vendor\laravel\framework\src\Illuminate\Foundation\Testing\TestCase.php:44
C:\Users\Gaser\Desktop\COPRRA\tests\TestCase.php:25
C:\Users\Gaser\Desktop\COPRRA\tests\Feature\Http\Middleware\LocaleMiddlewareTest.php:20</error>
        </testcase>
        <testcase name="test_locale_middleware_handles_authenticated_user" file="C:\Users\Gaser\Desktop\COPRRA\tests\Feature\Http\Middleware\LocaleMiddlewareTest.php" line="46" class="Tests\Feature\Http\Middleware\LocaleMiddlewareTest" classname="Tests.Feature.Http.Middleware.LocaleMiddlewareTest" assertions="0" time="0.000000">
          <error type="Error">Tests\Feature\Http\Middleware\LocaleMiddlewareTest::test_locale_middleware_handles_authenticated_user&#13;
Error: Class "Mockery" not found
&#13;
C:\Users\Gaser\Desktop\COPRRA\vendor\laravel\framework\src\Illuminate\Testing\PendingCommand.php:550
C:\Users\Gaser\Desktop\COPRRA\vendor\laravel\framework\src\Illuminate\Testing\PendingCommand.php:448
C:\Users\Gaser\Desktop\COPRRA\vendor\laravel\framework\src\Illuminate\Testing\PendingCommand.php:675
C:\Users\Gaser\Desktop\COPRRA\vendor\laravel\framework\src\Illuminate\Foundation\Testing\Concerns\InteractsWithConsole.php:87
C:\Users\Gaser\Desktop\COPRRA\vendor\laravel\framework\src\Illuminate\Foundation\Testing\RefreshDatabase.php:101
C:\Users\Gaser\Desktop\COPRRA\vendor\laravel\framework\src\Illuminate\Foundation\Testing\RefreshDatabase.php:84
C:\Users\Gaser\Desktop\COPRRA\vendor\laravel\framework\src\Illuminate\Foundation\Testing\RefreshDatabase.php:25
C:\Users\Gaser\Desktop\COPRRA\vendor\laravel\framework\src\Illuminate\Foundation\Testing\Concerns\InteractsWithTestCaseLifecycle.php:209
C:\Users\Gaser\Desktop\COPRRA\vendor\laravel\framework\src\Illuminate\Foundation\Testing\Concerns\InteractsWithTestCaseLifecycle.php:97
C:\Users\Gaser\Desktop\COPRRA\vendor\laravel\framework\src\Illuminate\Foundation\Testing\TestCase.php:44
C:\Users\Gaser\Desktop\COPRRA\tests\TestCase.php:25
C:\Users\Gaser\Desktop\COPRRA\tests\Feature\Http\Middleware\LocaleMiddlewareTest.php:20</error>
        </testcase>
        <testcase name="test_locale_middleware_handles_session_locale" file="C:\Users\Gaser\Desktop\COPRRA\tests\Feature\Http\Middleware\LocaleMiddlewareTest.php" line="66" class="Tests\Feature\Http\Middleware\LocaleMiddlewareTest" classname="Tests.Feature.Http.Middleware.LocaleMiddlewareTest" assertions="0" time="0.000000">
          <error type="Error">Tests\Feature\Http\Middleware\LocaleMiddlewareTest::test_locale_middleware_handles_session_locale&#13;
Error: Class "Mockery" not found
&#13;
C:\Users\Gaser\Desktop\COPRRA\vendor\laravel\framework\src\Illuminate\Testing\PendingCommand.php:550
C:\Users\Gaser\Desktop\COPRRA\vendor\laravel\framework\src\Illuminate\Testing\PendingCommand.php:448
C:\Users\Gaser\Desktop\COPRRA\vendor\laravel\framework\src\Illuminate\Testing\PendingCommand.php:675
C:\Users\Gaser\Desktop\COPRRA\vendor\laravel\framework\src\Illuminate\Foundation\Testing\Concerns\InteractsWithConsole.php:87
C:\Users\Gaser\Desktop\COPRRA\vendor\laravel\framework\src\Illuminate\Foundation\Testing\RefreshDatabase.php:101
C:\Users\Gaser\Desktop\COPRRA\vendor\laravel\framework\src\Illuminate\Foundation\Testing\RefreshDatabase.php:84
C:\Users\Gaser\Desktop\COPRRA\vendor\laravel\framework\src\Illuminate\Foundation\Testing\RefreshDatabase.php:25
C:\Users\Gaser\Desktop\COPRRA\vendor\laravel\framework\src\Illuminate\Foundation\Testing\Concerns\InteractsWithTestCaseLifecycle.php:209
C:\Users\Gaser\Desktop\COPRRA\vendor\laravel\framework\src\Illuminate\Foundation\Testing\Concerns\InteractsWithTestCaseLifecycle.php:97
C:\Users\Gaser\Desktop\COPRRA\vendor\laravel\framework\src\Illuminate\Foundation\Testing\TestCase.php:44
C:\Users\Gaser\Desktop\COPRRA\tests\TestCase.php:25
C:\Users\Gaser\Desktop\COPRRA\tests\Feature\Http\Middleware\LocaleMiddlewareTest.php:20</error>
        </testcase>
        <testcase name="test_locale_middleware_handles_browser_language" file="C:\Users\Gaser\Desktop\COPRRA\tests\Feature\Http\Middleware\LocaleMiddlewareTest.php" line="85" class="Tests\Feature\Http\Middleware\LocaleMiddlewareTest" classname="Tests.Feature.Http.Middleware.LocaleMiddlewareTest" assertions="0" time="0.000000">
          <error type="Error">Tests\Feature\Http\Middleware\LocaleMiddlewareTest::test_locale_middleware_handles_browser_language&#13;
Error: Class "Mockery" not found
&#13;
C:\Users\Gaser\Desktop\COPRRA\vendor\laravel\framework\src\Illuminate\Testing\PendingCommand.php:550
C:\Users\Gaser\Desktop\COPRRA\vendor\laravel\framework\src\Illuminate\Testing\PendingCommand.php:448
C:\Users\Gaser\Desktop\COPRRA\vendor\laravel\framework\src\Illuminate\Testing\PendingCommand.php:675
C:\Users\Gaser\Desktop\COPRRA\vendor\laravel\framework\src\Illuminate\Foundation\Testing\Concerns\InteractsWithConsole.php:87
C:\Users\Gaser\Desktop\COPRRA\vendor\laravel\framework\src\Illuminate\Foundation\Testing\RefreshDatabase.php:101
C:\Users\Gaser\Desktop\COPRRA\vendor\laravel\framework\src\Illuminate\Foundation\Testing\RefreshDatabase.php:84
C:\Users\Gaser\Desktop\COPRRA\vendor\laravel\framework\src\Illuminate\Foundation\Testing\RefreshDatabase.php:25
C:\Users\Gaser\Desktop\COPRRA\vendor\laravel\framework\src\Illuminate\Foundation\Testing\Concerns\InteractsWithTestCaseLifecycle.php:209
C:\Users\Gaser\Desktop\COPRRA\vendor\laravel\framework\src\Illuminate\Foundation\Testing\Concerns\InteractsWithTestCaseLifecycle.php:97
C:\Users\Gaser\Desktop\COPRRA\vendor\laravel\framework\src\Illuminate\Foundation\Testing\TestCase.php:44
C:\Users\Gaser\Desktop\COPRRA\tests\TestCase.php:25
C:\Users\Gaser\Desktop\COPRRA\tests\Feature\Http\Middleware\LocaleMiddlewareTest.php:20</error>
        </testcase>
        <testcase name="test_locale_middleware_handles_exceptions_gracefully" file="C:\Users\Gaser\Desktop\COPRRA\tests\Feature\Http\Middleware\LocaleMiddlewareTest.php" line="101" class="Tests\Feature\Http\Middleware\LocaleMiddlewareTest" classname="Tests.Feature.Http.Middleware.LocaleMiddlewareTest" assertions="0" time="0.000000">
          <error type="Error">Tests\Feature\Http\Middleware\LocaleMiddlewareTest::test_locale_middleware_handles_exceptions_gracefully&#13;
Error: Class "Mockery" not found
&#13;
C:\Users\Gaser\Desktop\COPRRA\vendor\laravel\framework\src\Illuminate\Testing\PendingCommand.php:550
C:\Users\Gaser\Desktop\COPRRA\vendor\laravel\framework\src\Illuminate\Testing\PendingCommand.php:448
C:\Users\Gaser\Desktop\COPRRA\vendor\laravel\framework\src\Illuminate\Testing\PendingCommand.php:675
C:\Users\Gaser\Desktop\COPRRA\vendor\laravel\framework\src\Illuminate\Foundation\Testing\Concerns\InteractsWithConsole.php:87
C:\Users\Gaser\Desktop\COPRRA\vendor\laravel\framework\src\Illuminate\Foundation\Testing\RefreshDatabase.php:101
C:\Users\Gaser\Desktop\COPRRA\vendor\laravel\framework\src\Illuminate\Foundation\Testing\RefreshDatabase.php:84
C:\Users\Gaser\Desktop\COPRRA\vendor\laravel\framework\src\Illuminate\Foundation\Testing\RefreshDatabase.php:25
C:\Users\Gaser\Desktop\COPRRA\vendor\laravel\framework\src\Illuminate\Foundation\Testing\Concerns\InteractsWithTestCaseLifecycle.php:209
C:\Users\Gaser\Desktop\COPRRA\vendor\laravel\framework\src\Illuminate\Foundation\Testing\Concerns\InteractsWithTestCaseLifecycle.php:97
C:\Users\Gaser\Desktop\COPRRA\vendor\laravel\framework\src\Illuminate\Foundation\Testing\TestCase.php:44
C:\Users\Gaser\Desktop\COPRRA\tests\TestCase.php:25
C:\Users\Gaser\Desktop\COPRRA\tests\Feature\Http\Middleware\LocaleMiddlewareTest.php:20</error>
        </testcase>
      </testsuite>
      <testsuite name="Tests\Feature\Http\Middleware\PreventRequestsDuringMaintenanceTest" file="C:\Users\Gaser\Desktop\COPRRA\tests\Feature\Http\Middleware\PreventRequestsDuringMaintenanceTest.php" tests="5" assertions="0" errors="5" failures="0" skipped="0" time="0.000000">
        <testcase name="test_prevent_requests_during_maintenance_middleware_allows_requests_when_not_in_maintenance" file="C:\Users\Gaser\Desktop\COPRRA\tests\Feature\Http\Middleware\PreventRequestsDuringMaintenanceTest.php" line="16" class="Tests\Feature\Http\Middleware\PreventRequestsDuringMaintenanceTest" classname="Tests.Feature.Http.Middleware.PreventRequestsDuringMaintenanceTest" assertions="0" time="0.000000">
          <error type="Error">Tests\Feature\Http\Middleware\PreventRequestsDuringMaintenanceTest::test_prevent_requests_during_maintenance_middleware_allows_requests_when_not_in_maintenance&#13;
Error: Class "Mockery" not found
&#13;
C:\Users\Gaser\Desktop\COPRRA\vendor\laravel\framework\src\Illuminate\Testing\PendingCommand.php:550
C:\Users\Gaser\Desktop\COPRRA\vendor\laravel\framework\src\Illuminate\Testing\PendingCommand.php:448
C:\Users\Gaser\Desktop\COPRRA\vendor\laravel\framework\src\Illuminate\Testing\PendingCommand.php:675
C:\Users\Gaser\Desktop\COPRRA\vendor\laravel\framework\src\Illuminate\Foundation\Testing\Concerns\InteractsWithConsole.php:87
C:\Users\Gaser\Desktop\COPRRA\vendor\laravel\framework\src\Illuminate\Foundation\Testing\RefreshDatabase.php:101
C:\Users\Gaser\Desktop\COPRRA\vendor\laravel\framework\src\Illuminate\Foundation\Testing\RefreshDatabase.php:84
C:\Users\Gaser\Desktop\COPRRA\vendor\laravel\framework\src\Illuminate\Foundation\Testing\RefreshDatabase.php:25
C:\Users\Gaser\Desktop\COPRRA\vendor\laravel\framework\src\Illuminate\Foundation\Testing\Concerns\InteractsWithTestCaseLifecycle.php:209
C:\Users\Gaser\Desktop\COPRRA\vendor\laravel\framework\src\Illuminate\Foundation\Testing\Concerns\InteractsWithTestCaseLifecycle.php:97
C:\Users\Gaser\Desktop\COPRRA\vendor\laravel\framework\src\Illuminate\Foundation\Testing\TestCase.php:44
C:\Users\Gaser\Desktop\COPRRA\tests\TestCase.php:25</error>
        </testcase>
        <testcase name="test_prevent_requests_during_maintenance_middleware_blocks_requests_during_maintenance" file="C:\Users\Gaser\Desktop\COPRRA\tests\Feature\Http\Middleware\PreventRequestsDuringMaintenanceTest.php" line="41" class="Tests\Feature\Http\Middleware\PreventRequestsDuringMaintenanceTest" classname="Tests.Feature.Http.Middleware.PreventRequestsDuringMaintenanceTest" assertions="0" time="0.000000">
          <error type="Error">Tests\Feature\Http\Middleware\PreventRequestsDuringMaintenanceTest::test_prevent_requests_during_maintenance_middleware_blocks_requests_during_maintenance&#13;
Error: Class "Mockery" not found
&#13;
C:\Users\Gaser\Desktop\COPRRA\vendor\laravel\framework\src\Illuminate\Testing\PendingCommand.php:550
C:\Users\Gaser\Desktop\COPRRA\vendor\laravel\framework\src\Illuminate\Testing\PendingCommand.php:448
C:\Users\Gaser\Desktop\COPRRA\vendor\laravel\framework\src\Illuminate\Testing\PendingCommand.php:675
C:\Users\Gaser\Desktop\COPRRA\vendor\laravel\framework\src\Illuminate\Foundation\Testing\Concerns\InteractsWithConsole.php:87
C:\Users\Gaser\Desktop\COPRRA\vendor\laravel\framework\src\Illuminate\Foundation\Testing\RefreshDatabase.php:101
C:\Users\Gaser\Desktop\COPRRA\vendor\laravel\framework\src\Illuminate\Foundation\Testing\RefreshDatabase.php:84
C:\Users\Gaser\Desktop\COPRRA\vendor\laravel\framework\src\Illuminate\Foundation\Testing\RefreshDatabase.php:25
C:\Users\Gaser\Desktop\COPRRA\vendor\laravel\framework\src\Illuminate\Foundation\Testing\Concerns\InteractsWithTestCaseLifecycle.php:209
C:\Users\Gaser\Desktop\COPRRA\vendor\laravel\framework\src\Illuminate\Foundation\Testing\Concerns\InteractsWithTestCaseLifecycle.php:97
C:\Users\Gaser\Desktop\COPRRA\vendor\laravel\framework\src\Illuminate\Foundation\Testing\TestCase.php:44
C:\Users\Gaser\Desktop\COPRRA\tests\TestCase.php:25</error>
        </testcase>
        <testcase name="test_prevent_requests_during_maintenance_middleware_handles_maintenance_mode_with_exceptions" file="C:\Users\Gaser\Desktop\COPRRA\tests\Feature\Http\Middleware\PreventRequestsDuringMaintenanceTest.php" line="64" class="Tests\Feature\Http\Middleware\PreventRequestsDuringMaintenanceTest" classname="Tests.Feature.Http.Middleware.PreventRequestsDuringMaintenanceTest" assertions="0" time="0.000000">
          <error type="Error">Tests\Feature\Http\Middleware\PreventRequestsDuringMaintenanceTest::test_prevent_requests_during_maintenance_middleware_handles_maintenance_mode_with_exceptions&#13;
Error: Class "Mockery" not found
&#13;
C:\Users\Gaser\Desktop\COPRRA\vendor\laravel\framework\src\Illuminate\Testing\PendingCommand.php:550
C:\Users\Gaser\Desktop\COPRRA\vendor\laravel\framework\src\Illuminate\Testing\PendingCommand.php:448
C:\Users\Gaser\Desktop\COPRRA\vendor\laravel\framework\src\Illuminate\Testing\PendingCommand.php:675
C:\Users\Gaser\Desktop\COPRRA\vendor\laravel\framework\src\Illuminate\Foundation\Testing\Concerns\InteractsWithConsole.php:87
C:\Users\Gaser\Desktop\COPRRA\vendor\laravel\framework\src\Illuminate\Foundation\Testing\RefreshDatabase.php:101
C:\Users\Gaser\Desktop\COPRRA\vendor\laravel\framework\src\Illuminate\Foundation\Testing\RefreshDatabase.php:84
C:\Users\Gaser\Desktop\COPRRA\vendor\laravel\framework\src\Illuminate\Foundation\Testing\RefreshDatabase.php:25
C:\Users\Gaser\Desktop\COPRRA\vendor\laravel\framework\src\Illuminate\Foundation\Testing\Concerns\InteractsWithTestCaseLifecycle.php:209
C:\Users\Gaser\Desktop\COPRRA\vendor\laravel\framework\src\Illuminate\Foundation\Testing\Concerns\InteractsWithTestCaseLifecycle.php:97
C:\Users\Gaser\Desktop\COPRRA\vendor\laravel\framework\src\Illuminate\Foundation\Testing\TestCase.php:44
C:\Users\Gaser\Desktop\COPRRA\tests\TestCase.php:25</error>
        </testcase>
        <testcase name="test_prevent_requests_during_maintenance_middleware_handles_different_request_methods" file="C:\Users\Gaser\Desktop\COPRRA\tests\Feature\Http\Middleware\PreventRequestsDuringMaintenanceTest.php" line="85" class="Tests\Feature\Http\Middleware\PreventRequestsDuringMaintenanceTest" classname="Tests.Feature.Http.Middleware.PreventRequestsDuringMaintenanceTest" assertions="0" time="0.000000">
          <error type="Error">Tests\Feature\Http\Middleware\PreventRequestsDuringMaintenanceTest::test_prevent_requests_during_maintenance_middleware_handles_different_request_methods&#13;
Error: Class "Mockery" not found
&#13;
C:\Users\Gaser\Desktop\COPRRA\vendor\laravel\framework\src\Illuminate\Testing\PendingCommand.php:550
C:\Users\Gaser\Desktop\COPRRA\vendor\laravel\framework\src\Illuminate\Testing\PendingCommand.php:448
C:\Users\Gaser\Desktop\COPRRA\vendor\laravel\framework\src\Illuminate\Testing\PendingCommand.php:675
C:\Users\Gaser\Desktop\COPRRA\vendor\laravel\framework\src\Illuminate\Foundation\Testing\Concerns\InteractsWithConsole.php:87
C:\Users\Gaser\Desktop\COPRRA\vendor\laravel\framework\src\Illuminate\Foundation\Testing\RefreshDatabase.php:101
C:\Users\Gaser\Desktop\COPRRA\vendor\laravel\framework\src\Illuminate\Foundation\Testing\RefreshDatabase.php:84
C:\Users\Gaser\Desktop\COPRRA\vendor\laravel\framework\src\Illuminate\Foundation\Testing\RefreshDatabase.php:25
C:\Users\Gaser\Desktop\COPRRA\vendor\laravel\framework\src\Illuminate\Foundation\Testing\Concerns\InteractsWithTestCaseLifecycle.php:209
C:\Users\Gaser\Desktop\COPRRA\vendor\laravel\framework\src\Illuminate\Foundation\Testing\Concerns\InteractsWithTestCaseLifecycle.php:97
C:\Users\Gaser\Desktop\COPRRA\vendor\laravel\framework\src\Illuminate\Foundation\Testing\TestCase.php:44
C:\Users\Gaser\Desktop\COPRRA\tests\TestCase.php:25</error>
        </testcase>
        <testcase name="test_prevent_requests_during_maintenance_middleware_handles_api_requests" file="C:\Users\Gaser\Desktop\COPRRA\tests\Feature\Http\Middleware\PreventRequestsDuringMaintenanceTest.php" line="102" class="Tests\Feature\Http\Middleware\PreventRequestsDuringMaintenanceTest" classname="Tests.Feature.Http.Middleware.PreventRequestsDuringMaintenanceTest" assertions="0" time="0.000000">
          <error type="Error">Tests\Feature\Http\Middleware\PreventRequestsDuringMaintenanceTest::test_prevent_requests_during_maintenance_middleware_handles_api_requests&#13;
Error: Class "Mockery" not found
&#13;
C:\Users\Gaser\Desktop\COPRRA\vendor\laravel\framework\src\Illuminate\Testing\PendingCommand.php:550
C:\Users\Gaser\Desktop\COPRRA\vendor\laravel\framework\src\Illuminate\Testing\PendingCommand.php:448
C:\Users\Gaser\Desktop\COPRRA\vendor\laravel\framework\src\Illuminate\Testing\PendingCommand.php:675
C:\Users\Gaser\Desktop\COPRRA\vendor\laravel\framework\src\Illuminate\Foundation\Testing\Concerns\InteractsWithConsole.php:87
C:\Users\Gaser\Desktop\COPRRA\vendor\laravel\framework\src\Illuminate\Foundation\Testing\RefreshDatabase.php:101
C:\Users\Gaser\Desktop\COPRRA\vendor\laravel\framework\src\Illuminate\Foundation\Testing\RefreshDatabase.php:84
C:\Users\Gaser\Desktop\COPRRA\vendor\laravel\framework\src\Illuminate\Foundation\Testing\RefreshDatabase.php:25
C:\Users\Gaser\Desktop\COPRRA\vendor\laravel\framework\src\Illuminate\Foundation\Testing\Concerns\InteractsWithTestCaseLifecycle.php:209
C:\Users\Gaser\Desktop\COPRRA\vendor\laravel\framework\src\Illuminate\Foundation\Testing\Concerns\InteractsWithTestCaseLifecycle.php:97
C:\Users\Gaser\Desktop\COPRRA\vendor\laravel\framework\src\Illuminate\Foundation\Testing\TestCase.php:44
C:\Users\Gaser\Desktop\COPRRA\tests\TestCase.php:25</error>
        </testcase>
      </testsuite>
      <testsuite name="Tests\Feature\Http\Middleware\RedirectIfAuthenticatedTest" file="C:\Users\Gaser\Desktop\COPRRA\tests\Feature\Http\Middleware\RedirectIfAuthenticatedTest.php" tests="5" assertions="0" errors="5" failures="0" skipped="0" time="0.000000">
        <testcase name="test_redirect_if_authenticated_middleware_redirects_authenticated_users" file="C:\Users\Gaser\Desktop\COPRRA\tests\Feature\Http\Middleware\RedirectIfAuthenticatedTest.php" line="17" class="Tests\Feature\Http\Middleware\RedirectIfAuthenticatedTest" classname="Tests.Feature.Http.Middleware.RedirectIfAuthenticatedTest" assertions="0" time="0.000000">
          <error type="Error">Tests\Feature\Http\Middleware\RedirectIfAuthenticatedTest::test_redirect_if_authenticated_middleware_redirects_authenticated_users&#13;
Error: Class "Mockery" not found
&#13;
C:\Users\Gaser\Desktop\COPRRA\vendor\laravel\framework\src\Illuminate\Testing\PendingCommand.php:550
C:\Users\Gaser\Desktop\COPRRA\vendor\laravel\framework\src\Illuminate\Testing\PendingCommand.php:448
C:\Users\Gaser\Desktop\COPRRA\vendor\laravel\framework\src\Illuminate\Testing\PendingCommand.php:675
C:\Users\Gaser\Desktop\COPRRA\vendor\laravel\framework\src\Illuminate\Foundation\Testing\Concerns\InteractsWithConsole.php:87
C:\Users\Gaser\Desktop\COPRRA\vendor\laravel\framework\src\Illuminate\Foundation\Testing\RefreshDatabase.php:101
C:\Users\Gaser\Desktop\COPRRA\vendor\laravel\framework\src\Illuminate\Foundation\Testing\RefreshDatabase.php:84
C:\Users\Gaser\Desktop\COPRRA\vendor\laravel\framework\src\Illuminate\Foundation\Testing\RefreshDatabase.php:25
C:\Users\Gaser\Desktop\COPRRA\vendor\laravel\framework\src\Illuminate\Foundation\Testing\Concerns\InteractsWithTestCaseLifecycle.php:209
C:\Users\Gaser\Desktop\COPRRA\vendor\laravel\framework\src\Illuminate\Foundation\Testing\Concerns\InteractsWithTestCaseLifecycle.php:97
C:\Users\Gaser\Desktop\COPRRA\vendor\laravel\framework\src\Illuminate\Foundation\Testing\TestCase.php:44
C:\Users\Gaser\Desktop\COPRRA\tests\TestCase.php:25</error>
        </testcase>
        <testcase name="test_redirect_if_authenticated_middleware_allows_unauthenticated_users" file="C:\Users\Gaser\Desktop\COPRRA\tests\Feature\Http\Middleware\RedirectIfAuthenticatedTest.php" line="34" class="Tests\Feature\Http\Middleware\RedirectIfAuthenticatedTest" classname="Tests.Feature.Http.Middleware.RedirectIfAuthenticatedTest" assertions="0" time="0.000000">
          <error type="Error">Tests\Feature\Http\Middleware\RedirectIfAuthenticatedTest::test_redirect_if_authenticated_middleware_allows_unauthenticated_users&#13;
Error: Class "Mockery" not found
&#13;
C:\Users\Gaser\Desktop\COPRRA\vendor\laravel\framework\src\Illuminate\Testing\PendingCommand.php:550
C:\Users\Gaser\Desktop\COPRRA\vendor\laravel\framework\src\Illuminate\Testing\PendingCommand.php:448
C:\Users\Gaser\Desktop\COPRRA\vendor\laravel\framework\src\Illuminate\Testing\PendingCommand.php:675
C:\Users\Gaser\Desktop\COPRRA\vendor\laravel\framework\src\Illuminate\Foundation\Testing\Concerns\InteractsWithConsole.php:87
C:\Users\Gaser\Desktop\COPRRA\vendor\laravel\framework\src\Illuminate\Foundation\Testing\RefreshDatabase.php:101
C:\Users\Gaser\Desktop\COPRRA\vendor\laravel\framework\src\Illuminate\Foundation\Testing\RefreshDatabase.php:84
C:\Users\Gaser\Desktop\COPRRA\vendor\laravel\framework\src\Illuminate\Foundation\Testing\RefreshDatabase.php:25
C:\Users\Gaser\Desktop\COPRRA\vendor\laravel\framework\src\Illuminate\Foundation\Testing\Concerns\InteractsWithTestCaseLifecycle.php:209
C:\Users\Gaser\Desktop\COPRRA\vendor\laravel\framework\src\Illuminate\Foundation\Testing\Concerns\InteractsWithTestCaseLifecycle.php:97
C:\Users\Gaser\Desktop\COPRRA\vendor\laravel\framework\src\Illuminate\Foundation\Testing\TestCase.php:44
C:\Users\Gaser\Desktop\COPRRA\tests\TestCase.php:25</error>
        </testcase>
        <testcase name="test_redirect_if_authenticated_middleware_handles_api_requests" file="C:\Users\Gaser\Desktop\COPRRA\tests\Feature\Http\Middleware\RedirectIfAuthenticatedTest.php" line="47" class="Tests\Feature\Http\Middleware\RedirectIfAuthenticatedTest" classname="Tests.Feature.Http.Middleware.RedirectIfAuthenticatedTest" assertions="0" time="0.000000">
          <error type="Error">Tests\Feature\Http\Middleware\RedirectIfAuthenticatedTest::test_redirect_if_authenticated_middleware_handles_api_requests&#13;
Error: Class "Mockery" not found
&#13;
C:\Users\Gaser\Desktop\COPRRA\vendor\laravel\framework\src\Illuminate\Testing\PendingCommand.php:550
C:\Users\Gaser\Desktop\COPRRA\vendor\laravel\framework\src\Illuminate\Testing\PendingCommand.php:448
C:\Users\Gaser\Desktop\COPRRA\vendor\laravel\framework\src\Illuminate\Testing\PendingCommand.php:675
C:\Users\Gaser\Desktop\COPRRA\vendor\laravel\framework\src\Illuminate\Foundation\Testing\Concerns\InteractsWithConsole.php:87
C:\Users\Gaser\Desktop\COPRRA\vendor\laravel\framework\src\Illuminate\Foundation\Testing\RefreshDatabase.php:101
C:\Users\Gaser\Desktop\COPRRA\vendor\laravel\framework\src\Illuminate\Foundation\Testing\RefreshDatabase.php:84
C:\Users\Gaser\Desktop\COPRRA\vendor\laravel\framework\src\Illuminate\Foundation\Testing\RefreshDatabase.php:25
C:\Users\Gaser\Desktop\COPRRA\vendor\laravel\framework\src\Illuminate\Foundation\Testing\Concerns\InteractsWithTestCaseLifecycle.php:209
C:\Users\Gaser\Desktop\COPRRA\vendor\laravel\framework\src\Illuminate\Foundation\Testing\Concerns\InteractsWithTestCaseLifecycle.php:97
C:\Users\Gaser\Desktop\COPRRA\vendor\laravel\framework\src\Illuminate\Foundation\Testing\TestCase.php:44
C:\Users\Gaser\Desktop\COPRRA\tests\TestCase.php:25</error>
        </testcase>
        <testcase name="test_redirect_if_authenticated_middleware_handles_different_routes" file="C:\Users\Gaser\Desktop\COPRRA\tests\Feature\Http\Middleware\RedirectIfAuthenticatedTest.php" line="64" class="Tests\Feature\Http\Middleware\RedirectIfAuthenticatedTest" classname="Tests.Feature.Http.Middleware.RedirectIfAuthenticatedTest" assertions="0" time="0.000000">
          <error type="Error">Tests\Feature\Http\Middleware\RedirectIfAuthenticatedTest::test_redirect_if_authenticated_middleware_handles_different_routes&#13;
Error: Class "Mockery" not found
&#13;
C:\Users\Gaser\Desktop\COPRRA\vendor\laravel\framework\src\Illuminate\Testing\PendingCommand.php:550
C:\Users\Gaser\Desktop\COPRRA\vendor\laravel\framework\src\Illuminate\Testing\PendingCommand.php:448
C:\Users\Gaser\Desktop\COPRRA\vendor\laravel\framework\src\Illuminate\Testing\PendingCommand.php:675
C:\Users\Gaser\Desktop\COPRRA\vendor\laravel\framework\src\Illuminate\Foundation\Testing\Concerns\InteractsWithConsole.php:87
C:\Users\Gaser\Desktop\COPRRA\vendor\laravel\framework\src\Illuminate\Foundation\Testing\RefreshDatabase.php:101
C:\Users\Gaser\Desktop\COPRRA\vendor\laravel\framework\src\Illuminate\Foundation\Testing\RefreshDatabase.php:84
C:\Users\Gaser\Desktop\COPRRA\vendor\laravel\framework\src\Illuminate\Foundation\Testing\RefreshDatabase.php:25
C:\Users\Gaser\Desktop\COPRRA\vendor\laravel\framework\src\Illuminate\Foundation\Testing\Concerns\InteractsWithTestCaseLifecycle.php:209
C:\Users\Gaser\Desktop\COPRRA\vendor\laravel\framework\src\Illuminate\Foundation\Testing\Concerns\InteractsWithTestCaseLifecycle.php:97
C:\Users\Gaser\Desktop\COPRRA\vendor\laravel\framework\src\Illuminate\Foundation\Testing\TestCase.php:44
C:\Users\Gaser\Desktop\COPRRA\tests\TestCase.php:25</error>
        </testcase>
        <testcase name="test_redirect_if_authenticated_middleware_handles_null_user" file="C:\Users\Gaser\Desktop\COPRRA\tests\Feature\Http\Middleware\RedirectIfAuthenticatedTest.php" line="80" class="Tests\Feature\Http\Middleware\RedirectIfAuthenticatedTest" classname="Tests.Feature.Http.Middleware.RedirectIfAuthenticatedTest" assertions="0" time="0.000000">
          <error type="Error">Tests\Feature\Http\Middleware\RedirectIfAuthenticatedTest::test_redirect_if_authenticated_middleware_handles_null_user&#13;
Error: Class "Mockery" not found
&#13;
C:\Users\Gaser\Desktop\COPRRA\vendor\laravel\framework\src\Illuminate\Testing\PendingCommand.php:550
C:\Users\Gaser\Desktop\COPRRA\vendor\laravel\framework\src\Illuminate\Testing\PendingCommand.php:448
C:\Users\Gaser\Desktop\COPRRA\vendor\laravel\framework\src\Illuminate\Testing\PendingCommand.php:675
C:\Users\Gaser\Desktop\COPRRA\vendor\laravel\framework\src\Illuminate\Foundation\Testing\Concerns\InteractsWithConsole.php:87
C:\Users\Gaser\Desktop\COPRRA\vendor\laravel\framework\src\Illuminate\Foundation\Testing\RefreshDatabase.php:101
C:\Users\Gaser\Desktop\COPRRA\vendor\laravel\framework\src\Illuminate\Foundation\Testing\RefreshDatabase.php:84
C:\Users\Gaser\Desktop\COPRRA\vendor\laravel\framework\src\Illuminate\Foundation\Testing\RefreshDatabase.php:25
C:\Users\Gaser\Desktop\COPRRA\vendor\laravel\framework\src\Illuminate\Foundation\Testing\Concerns\InteractsWithTestCaseLifecycle.php:209
C:\Users\Gaser\Desktop\COPRRA\vendor\laravel\framework\src\Illuminate\Foundation\Testing\Concerns\InteractsWithTestCaseLifecycle.php:97
C:\Users\Gaser\Desktop\COPRRA\vendor\laravel\framework\src\Illuminate\Foundation\Testing\TestCase.php:44
C:\Users\Gaser\Desktop\COPRRA\tests\TestCase.php:25</error>
        </testcase>
      </testsuite>
      <testsuite name="Tests\Feature\Http\Middleware\RequirePasswordTest" file="C:\Users\Gaser\Desktop\COPRRA\tests\Feature\Http\Middleware\RequirePasswordTest.php" tests="5" assertions="0" errors="5" failures="0" skipped="0" time="0.000000">
        <testcase name="test_require_password_middleware_allows_requests_with_valid_password" file="C:\Users\Gaser\Desktop\COPRRA\tests\Feature\Http\Middleware\RequirePasswordTest.php" line="18" class="Tests\Feature\Http\Middleware\RequirePasswordTest" classname="Tests.Feature.Http.Middleware.RequirePasswordTest" assertions="0" time="0.000000">
          <error type="Error">Tests\Feature\Http\Middleware\RequirePasswordTest::test_require_password_middleware_allows_requests_with_valid_password&#13;
Error: Class "Mockery" not found
&#13;
C:\Users\Gaser\Desktop\COPRRA\vendor\laravel\framework\src\Illuminate\Testing\PendingCommand.php:550
C:\Users\Gaser\Desktop\COPRRA\vendor\laravel\framework\src\Illuminate\Testing\PendingCommand.php:448
C:\Users\Gaser\Desktop\COPRRA\vendor\laravel\framework\src\Illuminate\Testing\PendingCommand.php:675
C:\Users\Gaser\Desktop\COPRRA\vendor\laravel\framework\src\Illuminate\Foundation\Testing\Concerns\InteractsWithConsole.php:87
C:\Users\Gaser\Desktop\COPRRA\vendor\laravel\framework\src\Illuminate\Foundation\Testing\RefreshDatabase.php:101
C:\Users\Gaser\Desktop\COPRRA\vendor\laravel\framework\src\Illuminate\Foundation\Testing\RefreshDatabase.php:84
C:\Users\Gaser\Desktop\COPRRA\vendor\laravel\framework\src\Illuminate\Foundation\Testing\RefreshDatabase.php:25
C:\Users\Gaser\Desktop\COPRRA\vendor\laravel\framework\src\Illuminate\Foundation\Testing\Concerns\InteractsWithTestCaseLifecycle.php:209
C:\Users\Gaser\Desktop\COPRRA\vendor\laravel\framework\src\Illuminate\Foundation\Testing\Concerns\InteractsWithTestCaseLifecycle.php:97
C:\Users\Gaser\Desktop\COPRRA\vendor\laravel\framework\src\Illuminate\Foundation\Testing\TestCase.php:44
C:\Users\Gaser\Desktop\COPRRA\tests\TestCase.php:25</error>
        </testcase>
        <testcase name="test_require_password_middleware_blocks_requests_with_invalid_password" file="C:\Users\Gaser\Desktop\COPRRA\tests\Feature\Http\Middleware\RequirePasswordTest.php" line="43" class="Tests\Feature\Http\Middleware\RequirePasswordTest" classname="Tests.Feature.Http.Middleware.RequirePasswordTest" assertions="0" time="0.000000">
          <error type="Error">Tests\Feature\Http\Middleware\RequirePasswordTest::test_require_password_middleware_blocks_requests_with_invalid_password&#13;
Error: Class "Mockery" not found
&#13;
C:\Users\Gaser\Desktop\COPRRA\vendor\laravel\framework\src\Illuminate\Testing\PendingCommand.php:550
C:\Users\Gaser\Desktop\COPRRA\vendor\laravel\framework\src\Illuminate\Testing\PendingCommand.php:448
C:\Users\Gaser\Desktop\COPRRA\vendor\laravel\framework\src\Illuminate\Testing\PendingCommand.php:675
C:\Users\Gaser\Desktop\COPRRA\vendor\laravel\framework\src\Illuminate\Foundation\Testing\Concerns\InteractsWithConsole.php:87
C:\Users\Gaser\Desktop\COPRRA\vendor\laravel\framework\src\Illuminate\Foundation\Testing\RefreshDatabase.php:101
C:\Users\Gaser\Desktop\COPRRA\vendor\laravel\framework\src\Illuminate\Foundation\Testing\RefreshDatabase.php:84
C:\Users\Gaser\Desktop\COPRRA\vendor\laravel\framework\src\Illuminate\Foundation\Testing\RefreshDatabase.php:25
C:\Users\Gaser\Desktop\COPRRA\vendor\laravel\framework\src\Illuminate\Foundation\Testing\Concerns\InteractsWithTestCaseLifecycle.php:209
C:\Users\Gaser\Desktop\COPRRA\vendor\laravel\framework\src\Illuminate\Foundation\Testing\Concerns\InteractsWithTestCaseLifecycle.php:97
C:\Users\Gaser\Desktop\COPRRA\vendor\laravel\framework\src\Illuminate\Foundation\Testing\TestCase.php:44
C:\Users\Gaser\Desktop\COPRRA\tests\TestCase.php:25</error>
        </testcase>
        <testcase name="test_require_password_middleware_blocks_requests_without_password" file="C:\Users\Gaser\Desktop\COPRRA\tests\Feature\Http\Middleware\RequirePasswordTest.php" line="63" class="Tests\Feature\Http\Middleware\RequirePasswordTest" classname="Tests.Feature.Http.Middleware.RequirePasswordTest" assertions="0" time="0.000000">
          <error type="Error">Tests\Feature\Http\Middleware\RequirePasswordTest::test_require_password_middleware_blocks_requests_without_password&#13;
Error: Class "Mockery" not found
&#13;
C:\Users\Gaser\Desktop\COPRRA\vendor\laravel\framework\src\Illuminate\Testing\PendingCommand.php:550
C:\Users\Gaser\Desktop\COPRRA\vendor\laravel\framework\src\Illuminate\Testing\PendingCommand.php:448
C:\Users\Gaser\Desktop\COPRRA\vendor\laravel\framework\src\Illuminate\Testing\PendingCommand.php:675
C:\Users\Gaser\Desktop\COPRRA\vendor\laravel\framework\src\Illuminate\Foundation\Testing\Concerns\InteractsWithConsole.php:87
C:\Users\Gaser\Desktop\COPRRA\vendor\laravel\framework\src\Illuminate\Foundation\Testing\RefreshDatabase.php:101
C:\Users\Gaser\Desktop\COPRRA\vendor\laravel\framework\src\Illuminate\Foundation\Testing\RefreshDatabase.php:84
C:\Users\Gaser\Desktop\COPRRA\vendor\laravel\framework\src\Illuminate\Foundation\Testing\RefreshDatabase.php:25
C:\Users\Gaser\Desktop\COPRRA\vendor\laravel\framework\src\Illuminate\Foundation\Testing\Concerns\InteractsWithTestCaseLifecycle.php:209
C:\Users\Gaser\Desktop\COPRRA\vendor\laravel\framework\src\Illuminate\Foundation\Testing\Concerns\InteractsWithTestCaseLifecycle.php:97
C:\Users\Gaser\Desktop\COPRRA\vendor\laravel\framework\src\Illuminate\Foundation\Testing\TestCase.php:44
C:\Users\Gaser\Desktop\COPRRA\tests\TestCase.php:25</error>
        </testcase>
        <testcase name="test_require_password_middleware_handles_unauthenticated_users" file="C:\Users\Gaser\Desktop\COPRRA\tests\Feature\Http\Middleware\RequirePasswordTest.php" line="79" class="Tests\Feature\Http\Middleware\RequirePasswordTest" classname="Tests.Feature.Http.Middleware.RequirePasswordTest" assertions="0" time="0.000000">
          <error type="Error">Tests\Feature\Http\Middleware\RequirePasswordTest::test_require_password_middleware_handles_unauthenticated_users&#13;
Error: Class "Mockery" not found
&#13;
C:\Users\Gaser\Desktop\COPRRA\vendor\laravel\framework\src\Illuminate\Testing\PendingCommand.php:550
C:\Users\Gaser\Desktop\COPRRA\vendor\laravel\framework\src\Illuminate\Testing\PendingCommand.php:448
C:\Users\Gaser\Desktop\COPRRA\vendor\laravel\framework\src\Illuminate\Testing\PendingCommand.php:675
C:\Users\Gaser\Desktop\COPRRA\vendor\laravel\framework\src\Illuminate\Foundation\Testing\Concerns\InteractsWithConsole.php:87
C:\Users\Gaser\Desktop\COPRRA\vendor\laravel\framework\src\Illuminate\Foundation\Testing\RefreshDatabase.php:101
C:\Users\Gaser\Desktop\COPRRA\vendor\laravel\framework\src\Illuminate\Foundation\Testing\RefreshDatabase.php:84
C:\Users\Gaser\Desktop\COPRRA\vendor\laravel\framework\src\Illuminate\Foundation\Testing\RefreshDatabase.php:25
C:\Users\Gaser\Desktop\COPRRA\vendor\laravel\framework\src\Illuminate\Foundation\Testing\Concerns\InteractsWithTestCaseLifecycle.php:209
C:\Users\Gaser\Desktop\COPRRA\vendor\laravel\framework\src\Illuminate\Foundation\Testing\Concerns\InteractsWithTestCaseLifecycle.php:97
C:\Users\Gaser\Desktop\COPRRA\vendor\laravel\framework\src\Illuminate\Foundation\Testing\TestCase.php:44
C:\Users\Gaser\Desktop\COPRRA\tests\TestCase.php:25</error>
        </testcase>
        <testcase name="test_require_password_middleware_handles_get_requests" file="C:\Users\Gaser\Desktop\COPRRA\tests\Feature\Http\Middleware\RequirePasswordTest.php" line="93" class="Tests\Feature\Http\Middleware\RequirePasswordTest" classname="Tests.Feature.Http.Middleware.RequirePasswordTest" assertions="0" time="0.000000">
          <error type="Error">Tests\Feature\Http\Middleware\RequirePasswordTest::test_require_password_middleware_handles_get_requests&#13;
Error: Class "Mockery" not found
&#13;
C:\Users\Gaser\Desktop\COPRRA\vendor\laravel\framework\src\Illuminate\Testing\PendingCommand.php:550
C:\Users\Gaser\Desktop\COPRRA\vendor\laravel\framework\src\Illuminate\Testing\PendingCommand.php:448
C:\Users\Gaser\Desktop\COPRRA\vendor\laravel\framework\src\Illuminate\Testing\PendingCommand.php:675
C:\Users\Gaser\Desktop\COPRRA\vendor\laravel\framework\src\Illuminate\Foundation\Testing\Concerns\InteractsWithConsole.php:87
C:\Users\Gaser\Desktop\COPRRA\vendor\laravel\framework\src\Illuminate\Foundation\Testing\RefreshDatabase.php:101
C:\Users\Gaser\Desktop\COPRRA\vendor\laravel\framework\src\Illuminate\Foundation\Testing\RefreshDatabase.php:84
C:\Users\Gaser\Desktop\COPRRA\vendor\laravel\framework\src\Illuminate\Foundation\Testing\RefreshDatabase.php:25
C:\Users\Gaser\Desktop\COPRRA\vendor\laravel\framework\src\Illuminate\Foundation\Testing\Concerns\InteractsWithTestCaseLifecycle.php:209
C:\Users\Gaser\Desktop\COPRRA\vendor\laravel\framework\src\Illuminate\Foundation\Testing\Concerns\InteractsWithTestCaseLifecycle.php:97
C:\Users\Gaser\Desktop\COPRRA\vendor\laravel\framework\src\Illuminate\Foundation\Testing\TestCase.php:44
C:\Users\Gaser\Desktop\COPRRA\tests\TestCase.php:25</error>
        </testcase>
      </testsuite>
      <testsuite name="Tests\Feature\Http\Middleware\SecurityHeadersMiddlewareTest" file="C:\Users\Gaser\Desktop\COPRRA\tests\Feature\Http\Middleware\SecurityHeadersMiddlewareTest.php" tests="5" assertions="0" errors="5" failures="0" skipped="0" time="0.000000">
        <testcase name="test_security_headers_middleware_adds_security_headers" file="C:\Users\Gaser\Desktop\COPRRA\tests\Feature\Http\Middleware\SecurityHeadersMiddlewareTest.php" line="18" class="Tests\Feature\Http\Middleware\SecurityHeadersMiddlewareTest" classname="Tests.Feature.Http.Middleware.SecurityHeadersMiddlewareTest" assertions="0" time="0.000000">
          <error type="Error">Tests\Feature\Http\Middleware\SecurityHeadersMiddlewareTest::test_security_headers_middleware_adds_security_headers&#13;
Error: Class "Mockery" not found
&#13;
C:\Users\Gaser\Desktop\COPRRA\vendor\laravel\framework\src\Illuminate\Testing\PendingCommand.php:550
C:\Users\Gaser\Desktop\COPRRA\vendor\laravel\framework\src\Illuminate\Testing\PendingCommand.php:448
C:\Users\Gaser\Desktop\COPRRA\vendor\laravel\framework\src\Illuminate\Testing\PendingCommand.php:675
C:\Users\Gaser\Desktop\COPRRA\vendor\laravel\framework\src\Illuminate\Foundation\Testing\Concerns\InteractsWithConsole.php:87
C:\Users\Gaser\Desktop\COPRRA\vendor\laravel\framework\src\Illuminate\Foundation\Testing\RefreshDatabase.php:101
C:\Users\Gaser\Desktop\COPRRA\vendor\laravel\framework\src\Illuminate\Foundation\Testing\RefreshDatabase.php:84
C:\Users\Gaser\Desktop\COPRRA\vendor\laravel\framework\src\Illuminate\Foundation\Testing\RefreshDatabase.php:25
C:\Users\Gaser\Desktop\COPRRA\vendor\laravel\framework\src\Illuminate\Foundation\Testing\Concerns\InteractsWithTestCaseLifecycle.php:209
C:\Users\Gaser\Desktop\COPRRA\vendor\laravel\framework\src\Illuminate\Foundation\Testing\Concerns\InteractsWithTestCaseLifecycle.php:97
C:\Users\Gaser\Desktop\COPRRA\vendor\laravel\framework\src\Illuminate\Foundation\Testing\TestCase.php:44
C:\Users\Gaser\Desktop\COPRRA\tests\TestCase.php:25</error>
        </testcase>
        <testcase name="test_security_headers_middleware_handles_sensitive_routes" file="C:\Users\Gaser\Desktop\COPRRA\tests\Feature\Http\Middleware\SecurityHeadersMiddlewareTest.php" line="40" class="Tests\Feature\Http\Middleware\SecurityHeadersMiddlewareTest" classname="Tests.Feature.Http.Middleware.SecurityHeadersMiddlewareTest" assertions="0" time="0.000000">
          <error type="Error">Tests\Feature\Http\Middleware\SecurityHeadersMiddlewareTest::test_security_headers_middleware_handles_sensitive_routes&#13;
Error: Class "Mockery" not found
&#13;
C:\Users\Gaser\Desktop\COPRRA\vendor\laravel\framework\src\Illuminate\Testing\PendingCommand.php:550
C:\Users\Gaser\Desktop\COPRRA\vendor\laravel\framework\src\Illuminate\Testing\PendingCommand.php:448
C:\Users\Gaser\Desktop\COPRRA\vendor\laravel\framework\src\Illuminate\Testing\PendingCommand.php:675
C:\Users\Gaser\Desktop\COPRRA\vendor\laravel\framework\src\Illuminate\Foundation\Testing\Concerns\InteractsWithConsole.php:87
C:\Users\Gaser\Desktop\COPRRA\vendor\laravel\framework\src\Illuminate\Foundation\Testing\RefreshDatabase.php:101
C:\Users\Gaser\Desktop\COPRRA\vendor\laravel\framework\src\Illuminate\Foundation\Testing\RefreshDatabase.php:84
C:\Users\Gaser\Desktop\COPRRA\vendor\laravel\framework\src\Illuminate\Foundation\Testing\RefreshDatabase.php:25
C:\Users\Gaser\Desktop\COPRRA\vendor\laravel\framework\src\Illuminate\Foundation\Testing\Concerns\InteractsWithTestCaseLifecycle.php:209
C:\Users\Gaser\Desktop\COPRRA\vendor\laravel\framework\src\Illuminate\Foundation\Testing\Concerns\InteractsWithTestCaseLifecycle.php:97
C:\Users\Gaser\Desktop\COPRRA\vendor\laravel\framework\src\Illuminate\Foundation\Testing\TestCase.php:44
C:\Users\Gaser\Desktop\COPRRA\tests\TestCase.php:25</error>
        </testcase>
        <testcase name="test_security_headers_middleware_handles_post_requests" file="C:\Users\Gaser\Desktop\COPRRA\tests\Feature\Http\Middleware\SecurityHeadersMiddlewareTest.php" line="58" class="Tests\Feature\Http\Middleware\SecurityHeadersMiddlewareTest" classname="Tests.Feature.Http.Middleware.SecurityHeadersMiddlewareTest" assertions="0" time="0.000000">
          <error type="Error">Tests\Feature\Http\Middleware\SecurityHeadersMiddlewareTest::test_security_headers_middleware_handles_post_requests&#13;
Error: Class "Mockery" not found
&#13;
C:\Users\Gaser\Desktop\COPRRA\vendor\laravel\framework\src\Illuminate\Testing\PendingCommand.php:550
C:\Users\Gaser\Desktop\COPRRA\vendor\laravel\framework\src\Illuminate\Testing\PendingCommand.php:448
C:\Users\Gaser\Desktop\COPRRA\vendor\laravel\framework\src\Illuminate\Testing\PendingCommand.php:675
C:\Users\Gaser\Desktop\COPRRA\vendor\laravel\framework\src\Illuminate\Foundation\Testing\Concerns\InteractsWithConsole.php:87
C:\Users\Gaser\Desktop\COPRRA\vendor\laravel\framework\src\Illuminate\Foundation\Testing\RefreshDatabase.php:101
C:\Users\Gaser\Desktop\COPRRA\vendor\laravel\framework\src\Illuminate\Foundation\Testing\RefreshDatabase.php:84
C:\Users\Gaser\Desktop\COPRRA\vendor\laravel\framework\src\Illuminate\Foundation\Testing\RefreshDatabase.php:25
C:\Users\Gaser\Desktop\COPRRA\vendor\laravel\framework\src\Illuminate\Foundation\Testing\Concerns\InteractsWithTestCaseLifecycle.php:209
C:\Users\Gaser\Desktop\COPRRA\vendor\laravel\framework\src\Illuminate\Foundation\Testing\Concerns\InteractsWithTestCaseLifecycle.php:97
C:\Users\Gaser\Desktop\COPRRA\vendor\laravel\framework\src\Illuminate\Foundation\Testing\TestCase.php:44
C:\Users\Gaser\Desktop\COPRRA\tests\TestCase.php:25</error>
        </testcase>
        <testcase name="test_security_headers_middleware_handles_api_requests" file="C:\Users\Gaser\Desktop\COPRRA\tests\Feature\Http\Middleware\SecurityHeadersMiddlewareTest.php" line="78" class="Tests\Feature\Http\Middleware\SecurityHeadersMiddlewareTest" classname="Tests.Feature.Http.Middleware.SecurityHeadersMiddlewareTest" assertions="0" time="0.000000">
          <error type="Error">Tests\Feature\Http\Middleware\SecurityHeadersMiddlewareTest::test_security_headers_middleware_handles_api_requests&#13;
Error: Class "Mockery" not found
&#13;
C:\Users\Gaser\Desktop\COPRRA\vendor\laravel\framework\src\Illuminate\Testing\PendingCommand.php:550
C:\Users\Gaser\Desktop\COPRRA\vendor\laravel\framework\src\Illuminate\Testing\PendingCommand.php:448
C:\Users\Gaser\Desktop\COPRRA\vendor\laravel\framework\src\Illuminate\Testing\PendingCommand.php:675
C:\Users\Gaser\Desktop\COPRRA\vendor\laravel\framework\src\Illuminate\Foundation\Testing\Concerns\InteractsWithConsole.php:87
C:\Users\Gaser\Desktop\COPRRA\vendor\laravel\framework\src\Illuminate\Foundation\Testing\RefreshDatabase.php:101
C:\Users\Gaser\Desktop\COPRRA\vendor\laravel\framework\src\Illuminate\Foundation\Testing\RefreshDatabase.php:84
C:\Users\Gaser\Desktop\COPRRA\vendor\laravel\framework\src\Illuminate\Foundation\Testing\RefreshDatabase.php:25
C:\Users\Gaser\Desktop\COPRRA\vendor\laravel\framework\src\Illuminate\Foundation\Testing\Concerns\InteractsWithTestCaseLifecycle.php:209
C:\Users\Gaser\Desktop\COPRRA\vendor\laravel\framework\src\Illuminate\Foundation\Testing\Concerns\InteractsWithTestCaseLifecycle.php:97
C:\Users\Gaser\Desktop\COPRRA\vendor\laravel\framework\src\Illuminate\Foundation\Testing\TestCase.php:44
C:\Users\Gaser\Desktop\COPRRA\tests\TestCase.php:25</error>
        </testcase>
        <testcase name="test_security_headers_middleware_handles_https_redirect" file="C:\Users\Gaser\Desktop\COPRRA\tests\Feature\Http\Middleware\SecurityHeadersMiddlewareTest.php" line="97" class="Tests\Feature\Http\Middleware\SecurityHeadersMiddlewareTest" classname="Tests.Feature.Http.Middleware.SecurityHeadersMiddlewareTest" assertions="0" time="0.000000">
          <error type="Error">Tests\Feature\Http\Middleware\SecurityHeadersMiddlewareTest::test_security_headers_middleware_handles_https_redirect&#13;
Error: Class "Mockery" not found
&#13;
C:\Users\Gaser\Desktop\COPRRA\vendor\laravel\framework\src\Illuminate\Testing\PendingCommand.php:550
C:\Users\Gaser\Desktop\COPRRA\vendor\laravel\framework\src\Illuminate\Testing\PendingCommand.php:448
C:\Users\Gaser\Desktop\COPRRA\vendor\laravel\framework\src\Illuminate\Testing\PendingCommand.php:675
C:\Users\Gaser\Desktop\COPRRA\vendor\laravel\framework\src\Illuminate\Foundation\Testing\Concerns\InteractsWithConsole.php:87
C:\Users\Gaser\Desktop\COPRRA\vendor\laravel\framework\src\Illuminate\Foundation\Testing\RefreshDatabase.php:101
C:\Users\Gaser\Desktop\COPRRA\vendor\laravel\framework\src\Illuminate\Foundation\Testing\RefreshDatabase.php:84
C:\Users\Gaser\Desktop\COPRRA\vendor\laravel\framework\src\Illuminate\Foundation\Testing\RefreshDatabase.php:25
C:\Users\Gaser\Desktop\COPRRA\vendor\laravel\framework\src\Illuminate\Foundation\Testing\Concerns\InteractsWithTestCaseLifecycle.php:209
C:\Users\Gaser\Desktop\COPRRA\vendor\laravel\framework\src\Illuminate\Foundation\Testing\Concerns\InteractsWithTestCaseLifecycle.php:97
C:\Users\Gaser\Desktop\COPRRA\vendor\laravel\framework\src\Illuminate\Foundation\Testing\TestCase.php:44
C:\Users\Gaser\Desktop\COPRRA\tests\TestCase.php:25</error>
        </testcase>
      </testsuite>
      <testsuite name="Tests\Feature\Http\Middleware\SecurityHeadersTest" file="C:\Users\Gaser\Desktop\COPRRA\tests\Feature\Http\Middleware\SecurityHeadersTest.php" tests="12" assertions="0" errors="12" failures="0" skipped="0" time="2.520689">
        <testcase name="test_security_headers_middleware_adds_security_headers" file="C:\Users\Gaser\Desktop\COPRRA\tests\Feature\Http\Middleware\SecurityHeadersTest.php" line="14" class="Tests\Feature\Http\Middleware\SecurityHeadersTest" classname="Tests.Feature.Http.Middleware.SecurityHeadersTest" assertions="0" time="0.283405">
          <error type="Error">Tests\Feature\Http\Middleware\SecurityHeadersTest::test_security_headers_middleware_adds_security_headers&#13;
Error: Class "App\Http\Middleware\SecurityHeaders" not found
&#13;
C:\Users\Gaser\Desktop\COPRRA\tests\Feature\Http\Middleware\SecurityHeadersTest.php:18</error>
        </testcase>
        <testcase name="test_security_headers_middleware_handles_sensitive_routes" file="C:\Users\Gaser\Desktop\COPRRA\tests\Feature\Http\Middleware\SecurityHeadersTest.php" line="34" class="Tests\Feature\Http\Middleware\SecurityHeadersTest" classname="Tests.Feature.Http.Middleware.SecurityHeadersTest" assertions="0" time="0.183347">
          <error type="Error">Tests\Feature\Http\Middleware\SecurityHeadersTest::test_security_headers_middleware_handles_sensitive_routes&#13;
Error: Class "App\Http\Middleware\SecurityHeaders" not found
&#13;
C:\Users\Gaser\Desktop\COPRRA\tests\Feature\Http\Middleware\SecurityHeadersTest.php:38</error>
        </testcase>
        <testcase name="test_security_headers_middleware_handles_settings_routes" file="C:\Users\Gaser\Desktop\COPRRA\tests\Feature\Http\Middleware\SecurityHeadersTest.php" line="47" class="Tests\Feature\Http\Middleware\SecurityHeadersTest" classname="Tests.Feature.Http.Middleware.SecurityHeadersTest" assertions="0" time="0.266265">
          <error type="Error">Tests\Feature\Http\Middleware\SecurityHeadersTest::test_security_headers_middleware_handles_settings_routes&#13;
Error: Class "App\Http\Middleware\SecurityHeaders" not found
&#13;
C:\Users\Gaser\Desktop\COPRRA\tests\Feature\Http\Middleware\SecurityHeadersTest.php:51</error>
        </testcase>
        <testcase name="test_security_headers_middleware_handles_profile_routes" file="C:\Users\Gaser\Desktop\COPRRA\tests\Feature\Http\Middleware\SecurityHeadersTest.php" line="60" class="Tests\Feature\Http\Middleware\SecurityHeadersTest" classname="Tests.Feature.Http.Middleware.SecurityHeadersTest" assertions="0" time="0.180833">
          <error type="Error">Tests\Feature\Http\Middleware\SecurityHeadersTest::test_security_headers_middleware_handles_profile_routes&#13;
Error: Class "App\Http\Middleware\SecurityHeaders" not found
&#13;
C:\Users\Gaser\Desktop\COPRRA\tests\Feature\Http\Middleware\SecurityHeadersTest.php:64</error>
        </testcase>
        <testcase name="test_security_headers_middleware_handles_billing_routes" file="C:\Users\Gaser\Desktop\COPRRA\tests\Feature\Http\Middleware\SecurityHeadersTest.php" line="73" class="Tests\Feature\Http\Middleware\SecurityHeadersTest" classname="Tests.Feature.Http.Middleware.SecurityHeadersTest" assertions="0" time="0.287843">
          <error type="Error">Tests\Feature\Http\Middleware\SecurityHeadersTest::test_security_headers_middleware_handles_billing_routes&#13;
Error: Class "App\Http\Middleware\SecurityHeaders" not found
&#13;
C:\Users\Gaser\Desktop\COPRRA\tests\Feature\Http\Middleware\SecurityHeadersTest.php:77</error>
        </testcase>
        <testcase name="test_security_headers_middleware_handles_admin_api_routes" file="C:\Users\Gaser\Desktop\COPRRA\tests\Feature\Http\Middleware\SecurityHeadersTest.php" line="86" class="Tests\Feature\Http\Middleware\SecurityHeadersTest" classname="Tests.Feature.Http.Middleware.SecurityHeadersTest" assertions="0" time="0.183982">
          <error type="Error">Tests\Feature\Http\Middleware\SecurityHeadersTest::test_security_headers_middleware_handles_admin_api_routes&#13;
Error: Class "App\Http\Middleware\SecurityHeaders" not found
&#13;
C:\Users\Gaser\Desktop\COPRRA\tests\Feature\Http\Middleware\SecurityHeadersTest.php:90</error>
        </testcase>
        <testcase name="test_security_headers_middleware_logs_suspicious_sql_injection_attempts" file="C:\Users\Gaser\Desktop\COPRRA\tests\Feature\Http\Middleware\SecurityHeadersTest.php" line="99" class="Tests\Feature\Http\Middleware\SecurityHeadersTest" classname="Tests.Feature.Http.Middleware.SecurityHeadersTest" assertions="0" time="0.185868">
          <error type="Error">Tests\Feature\Http\Middleware\SecurityHeadersTest::test_security_headers_middleware_logs_suspicious_sql_injection_attempts&#13;
Error: Class "Mockery" not found
&#13;
C:\Users\Gaser\Desktop\COPRRA\vendor\laravel\framework\src\Illuminate\Support\Facades\Facade.php:148
C:\Users\Gaser\Desktop\COPRRA\vendor\laravel\framework\src\Illuminate\Support\Facades\Facade.php:132
C:\Users\Gaser\Desktop\COPRRA\vendor\laravel\framework\src\Illuminate\Support\Facades\Facade.php:104
C:\Users\Gaser\Desktop\COPRRA\tests\Feature\Http\Middleware\SecurityHeadersTest.php:101</error>
        </testcase>
        <testcase name="test_security_headers_middleware_logs_suspicious_xss_attempts" file="C:\Users\Gaser\Desktop\COPRRA\tests\Feature\Http\Middleware\SecurityHeadersTest.php" line="115" class="Tests\Feature\Http\Middleware\SecurityHeadersTest" classname="Tests.Feature.Http.Middleware.SecurityHeadersTest" assertions="0" time="0.187460">
          <error type="Error">Tests\Feature\Http\Middleware\SecurityHeadersTest::test_security_headers_middleware_logs_suspicious_xss_attempts&#13;
Error: Class "Mockery" not found
&#13;
C:\Users\Gaser\Desktop\COPRRA\vendor\laravel\framework\src\Illuminate\Support\Facades\Facade.php:148
C:\Users\Gaser\Desktop\COPRRA\vendor\laravel\framework\src\Illuminate\Support\Facades\Facade.php:132
C:\Users\Gaser\Desktop\COPRRA\vendor\laravel\framework\src\Illuminate\Support\Facades\Facade.php:104
C:\Users\Gaser\Desktop\COPRRA\tests\Feature\Http\Middleware\SecurityHeadersTest.php:117</error>
        </testcase>
        <testcase name="test_security_headers_middleware_logs_suspicious_file_uploads" file="C:\Users\Gaser\Desktop\COPRRA\tests\Feature\Http\Middleware\SecurityHeadersTest.php" line="131" class="Tests\Feature\Http\Middleware\SecurityHeadersTest" classname="Tests.Feature.Http.Middleware.SecurityHeadersTest" assertions="0" time="0.183106">
          <error type="Error">Tests\Feature\Http\Middleware\SecurityHeadersTest::test_security_headers_middleware_logs_suspicious_file_uploads&#13;
Error: Class "Mockery" not found
&#13;
C:\Users\Gaser\Desktop\COPRRA\vendor\laravel\framework\src\Illuminate\Support\Facades\Facade.php:148
C:\Users\Gaser\Desktop\COPRRA\vendor\laravel\framework\src\Illuminate\Support\Facades\Facade.php:132
C:\Users\Gaser\Desktop\COPRRA\vendor\laravel\framework\src\Illuminate\Support\Facades\Facade.php:104
C:\Users\Gaser\Desktop\COPRRA\tests\Feature\Http\Middleware\SecurityHeadersTest.php:133</error>
        </testcase>
        <testcase name="test_security_headers_middleware_does_not_log_normal_requests" file="C:\Users\Gaser\Desktop\COPRRA\tests\Feature\Http\Middleware\SecurityHeadersTest.php" line="160" class="Tests\Feature\Http\Middleware\SecurityHeadersTest" classname="Tests.Feature.Http.Middleware.SecurityHeadersTest" assertions="0" time="0.180584">
          <error type="Error">Tests\Feature\Http\Middleware\SecurityHeadersTest::test_security_headers_middleware_does_not_log_normal_requests&#13;
Error: Class "Mockery" not found
&#13;
C:\Users\Gaser\Desktop\COPRRA\vendor\laravel\framework\src\Illuminate\Support\Facades\Facade.php:148
C:\Users\Gaser\Desktop\COPRRA\vendor\laravel\framework\src\Illuminate\Support\Facades\Facade.php:132
C:\Users\Gaser\Desktop\COPRRA\vendor\laravel\framework\src\Illuminate\Support\Facades\Facade.php:104
C:\Users\Gaser\Desktop\COPRRA\tests\Feature\Http\Middleware\SecurityHeadersTest.php:162</error>
        </testcase>
        <testcase name="test_security_headers_middleware_handles_https_redirect_in_production" file="C:\Users\Gaser\Desktop\COPRRA\tests\Feature\Http\Middleware\SecurityHeadersTest.php" line="177" class="Tests\Feature\Http\Middleware\SecurityHeadersTest" classname="Tests.Feature.Http.Middleware.SecurityHeadersTest" assertions="0" time="0.219397">
          <error type="Error">Tests\Feature\Http\Middleware\SecurityHeadersTest::test_security_headers_middleware_handles_https_redirect_in_production&#13;
Error: Class "App\Http\Middleware\SecurityHeaders" not found
&#13;
C:\Users\Gaser\Desktop\COPRRA\tests\Feature\Http\Middleware\SecurityHeadersTest.php:184</error>
        </testcase>
        <testcase name="test_security_headers_middleware_does_not_redirect_https_in_development" file="C:\Users\Gaser\Desktop\COPRRA\tests\Feature\Http\Middleware\SecurityHeadersTest.php" line="193" class="Tests\Feature\Http\Middleware\SecurityHeadersTest" classname="Tests.Feature.Http.Middleware.SecurityHeadersTest" assertions="0" time="0.178600">
          <error type="Error">Tests\Feature\Http\Middleware\SecurityHeadersTest::test_security_headers_middleware_does_not_redirect_https_in_development&#13;
Error: Class "App\Http\Middleware\SecurityHeaders" not found
&#13;
C:\Users\Gaser\Desktop\COPRRA\tests\Feature\Http\Middleware\SecurityHeadersTest.php:200</error>
        </testcase>
      </testsuite>
      <testsuite name="Tests\Feature\Http\Middleware\SessionManagementMiddlewareTest" file="C:\Users\Gaser\Desktop\COPRRA\tests\Feature\Http\Middleware\SessionManagementMiddlewareTest.php" tests="5" assertions="10" errors="0" failures="0" skipped="0" time="0.949757">
        <testcase name="test_session_management_middleware_manages_session" file="C:\Users\Gaser\Desktop\COPRRA\tests\Feature\Http\Middleware\SessionManagementMiddlewareTest.php" line="14" class="Tests\Feature\Http\Middleware\SessionManagementMiddlewareTest" classname="Tests.Feature.Http.Middleware.SessionManagementMiddlewareTest" assertions="2" time="0.198552"/>
        <testcase name="test_session_management_middleware_handles_session_data" file="C:\Users\Gaser\Desktop\COPRRA\tests\Feature\Http\Middleware\SessionManagementMiddlewareTest.php" line="33" class="Tests\Feature\Http\Middleware\SessionManagementMiddlewareTest" classname="Tests.Feature.Http.Middleware.SessionManagementMiddlewareTest" assertions="2" time="0.185917"/>
        <testcase name="test_session_management_middleware_handles_post_requests" file="C:\Users\Gaser\Desktop\COPRRA\tests\Feature\Http\Middleware\SessionManagementMiddlewareTest.php" line="54" class="Tests\Feature\Http\Middleware\SessionManagementMiddlewareTest" classname="Tests.Feature.Http.Middleware.SessionManagementMiddlewareTest" assertions="2" time="0.192400"/>
        <testcase name="test_session_management_middleware_handles_api_requests" file="C:\Users\Gaser\Desktop\COPRRA\tests\Feature\Http\Middleware\SessionManagementMiddlewareTest.php" line="75" class="Tests\Feature\Http\Middleware\SessionManagementMiddlewareTest" classname="Tests.Feature.Http.Middleware.SessionManagementMiddlewareTest" assertions="2" time="0.188735"/>
        <testcase name="test_session_management_middleware_handles_session_timeout" file="C:\Users\Gaser\Desktop\COPRRA\tests\Feature\Http\Middleware\SessionManagementMiddlewareTest.php" line="95" class="Tests\Feature\Http\Middleware\SessionManagementMiddlewareTest" classname="Tests.Feature.Http.Middleware.SessionManagementMiddlewareTest" assertions="2" time="0.184154"/>
      </testsuite>
      <testsuite name="Tests\Feature\Http\Middleware\SetCacheHeadersTest" file="C:\Users\Gaser\Desktop\COPRRA\tests\Feature\Http\Middleware\SetCacheHeadersTest.php" tests="5" assertions="10" errors="0" failures="0" skipped="0" time="1.015305">
        <testcase name="test_set_cache_headers_middleware_adds_cache_headers" file="C:\Users\Gaser\Desktop\COPRRA\tests\Feature\Http\Middleware\SetCacheHeadersTest.php" line="10" class="Tests\Feature\Http\Middleware\SetCacheHeadersTest" classname="Tests.Feature.Http.Middleware.SetCacheHeadersTest" assertions="2" time="0.220268"/>
        <testcase name="test_set_cache_headers_middleware_passes_request_successfully" file="C:\Users\Gaser\Desktop\COPRRA\tests\Feature\Http\Middleware\SetCacheHeadersTest.php" line="23" class="Tests\Feature\Http\Middleware\SetCacheHeadersTest" classname="Tests.Feature.Http.Middleware.SetCacheHeadersTest" assertions="2" time="0.206463"/>
        <testcase name="test_set_cache_headers_middleware_handles_different_response_codes" file="C:\Users\Gaser\Desktop\COPRRA\tests\Feature\Http\Middleware\SetCacheHeadersTest.php" line="36" class="Tests\Feature\Http\Middleware\SetCacheHeadersTest" classname="Tests.Feature.Http.Middleware.SetCacheHeadersTest" assertions="2" time="0.193483"/>
        <testcase name="test_set_cache_headers_middleware_handles_post_requests" file="C:\Users\Gaser\Desktop\COPRRA\tests\Feature\Http\Middleware\SetCacheHeadersTest.php" line="49" class="Tests\Feature\Http\Middleware\SetCacheHeadersTest" classname="Tests.Feature.Http.Middleware.SetCacheHeadersTest" assertions="2" time="0.200723"/>
        <testcase name="test_set_cache_headers_middleware_handles_api_requests" file="C:\Users\Gaser\Desktop\COPRRA\tests\Feature\Http\Middleware\SetCacheHeadersTest.php" line="64" class="Tests\Feature\Http\Middleware\SetCacheHeadersTest" classname="Tests.Feature.Http.Middleware.SetCacheHeadersTest" assertions="2" time="0.194368"/>
      </testsuite>
      <testsuite name="Tests\Feature\Http\Middleware\SetLocaleAndCurrencyTest" file="C:\Users\Gaser\Desktop\COPRRA\tests\Feature\Http\Middleware\SetLocaleAndCurrencyTest.php" tests="6" assertions="14" errors="0" failures="0" skipped="0" time="0.362102">
        <testcase name="test_can_be_instantiated" file="C:\Users\Gaser\Desktop\COPRRA\tests\SafeTestBase.php" line="65" class="Tests\Feature\Http\Middleware\SetLocaleAndCurrencyTest" classname="Tests.Feature.Http.Middleware.SetLocaleAndCurrencyTest" assertions="4" time="0.053042"/>
        <testcase name="test_set_locale_and_currency_middleware_sets_locale_and_currency" file="C:\Users\Gaser\Desktop\COPRRA\tests\Feature\Http\Middleware\SetLocaleAndCurrencyTest.php" line="13" class="Tests\Feature\Http\Middleware\SetLocaleAndCurrencyTest" classname="Tests.Feature.Http.Middleware.SetLocaleAndCurrencyTest" assertions="2" time="0.054544"/>
        <testcase name="test_set_locale_and_currency_middleware_handles_default_values" file="C:\Users\Gaser\Desktop\COPRRA\tests\Feature\Http\Middleware\SetLocaleAndCurrencyTest.php" line="27" class="Tests\Feature\Http\Middleware\SetLocaleAndCurrencyTest" classname="Tests.Feature.Http.Middleware.SetLocaleAndCurrencyTest" assertions="2" time="0.054995"/>
        <testcase name="test_set_locale_and_currency_middleware_handles_session_values" file="C:\Users\Gaser\Desktop\COPRRA\tests\Feature\Http\Middleware\SetLocaleAndCurrencyTest.php" line="40" class="Tests\Feature\Http\Middleware\SetLocaleAndCurrencyTest" classname="Tests.Feature.Http.Middleware.SetLocaleAndCurrencyTest" assertions="2" time="0.059127"/>
        <testcase name="test_set_locale_and_currency_middleware_handles_cookie_values" file="C:\Users\Gaser\Desktop\COPRRA\tests\Feature\Http\Middleware\SetLocaleAndCurrencyTest.php" line="59" class="Tests\Feature\Http\Middleware\SetLocaleAndCurrencyTest" classname="Tests.Feature.Http.Middleware.SetLocaleAndCurrencyTest" assertions="2" time="0.053059"/>
        <testcase name="test_set_locale_and_currency_middleware_handles_post_requests" file="C:\Users\Gaser\Desktop\COPRRA\tests\Feature\Http\Middleware\SetLocaleAndCurrencyTest.php" line="74" class="Tests\Feature\Http\Middleware\SetLocaleAndCurrencyTest" classname="Tests.Feature.Http.Middleware.SetLocaleAndCurrencyTest" assertions="2" time="0.087334"/>
      </testsuite>
      <testsuite name="Tests\Feature\Http\Middleware\ShareErrorsFromSessionTest" file="C:\Users\Gaser\Desktop\COPRRA\tests\Feature\Http\Middleware\ShareErrorsFromSessionTest.php" tests="6" assertions="4" errors="5" failures="0" skipped="0" time="0.336556">
        <testcase name="test_can_be_instantiated" file="C:\Users\Gaser\Desktop\COPRRA\tests\SafeTestBase.php" line="65" class="Tests\Feature\Http\Middleware\ShareErrorsFromSessionTest" classname="Tests.Feature.Http.Middleware.ShareErrorsFromSessionTest" assertions="4" time="0.054676"/>
        <testcase name="test_share_errors_from_session_middleware_shares_errors" file="C:\Users\Gaser\Desktop\COPRRA\tests\Feature\Http\Middleware\ShareErrorsFromSessionTest.php" line="14" class="Tests\Feature\Http\Middleware\ShareErrorsFromSessionTest" classname="Tests.Feature.Http.Middleware.ShareErrorsFromSessionTest" assertions="0" time="0.059522">
          <error type="TypeError">Tests\Feature\Http\Middleware\ShareErrorsFromSessionTest::test_share_errors_from_session_middleware_shares_errors&#13;
TypeError: Illuminate\Routing\UrlGenerator::__construct(): Argument #2 ($request) must be of type Illuminate\Http\Request, null given, called in C:\Users\Gaser\Desktop\COPRRA\vendor\laravel\framework\src\Illuminate\Routing\RoutingServiceProvider.php on line 63
&#13;
C:\Users\Gaser\Desktop\COPRRA\vendor\laravel\framework\src\Illuminate\Routing\UrlGenerator.php:128
C:\Users\Gaser\Desktop\COPRRA\vendor\laravel\framework\src\Illuminate\Routing\RoutingServiceProvider.php:63
C:\Users\Gaser\Desktop\COPRRA\vendor\laravel\framework\src\Illuminate\Container\Container.php:1154
C:\Users\Gaser\Desktop\COPRRA\vendor\laravel\framework\src\Illuminate\Container\Container.php:972
C:\Users\Gaser\Desktop\COPRRA\vendor\laravel\framework\src\Illuminate\Foundation\Application.php:1078
C:\Users\Gaser\Desktop\COPRRA\vendor\laravel\framework\src\Illuminate\Container\Container.php:903
C:\Users\Gaser\Desktop\COPRRA\vendor\laravel\framework\src\Illuminate\Foundation\Application.php:1058
C:\Users\Gaser\Desktop\COPRRA\vendor\laravel\framework\src\Illuminate\Container\Container.php:1856
C:\Users\Gaser\Desktop\COPRRA\vendor\laravel\framework\src\Illuminate\Routing\RoutingServiceProvider.php:115
C:\Users\Gaser\Desktop\COPRRA\vendor\laravel\framework\src\Illuminate\Container\Container.php:1154
C:\Users\Gaser\Desktop\COPRRA\vendor\laravel\framework\src\Illuminate\Container\Container.php:972
C:\Users\Gaser\Desktop\COPRRA\vendor\laravel\framework\src\Illuminate\Foundation\Application.php:1078
C:\Users\Gaser\Desktop\COPRRA\vendor\laravel\framework\src\Illuminate\Container\Container.php:903
C:\Users\Gaser\Desktop\COPRRA\vendor\laravel\framework\src\Illuminate\Foundation\Application.php:1058
C:\Users\Gaser\Desktop\COPRRA\vendor\laravel\framework\src\Illuminate\Container\Container.php:1856
C:\Users\Gaser\Desktop\COPRRA\vendor\laravel\framework\src\Illuminate\Routing\RoutingServiceProvider.php:177
C:\Users\Gaser\Desktop\COPRRA\vendor\laravel\framework\src\Illuminate\Container\Container.php:1154
C:\Users\Gaser\Desktop\COPRRA\vendor\laravel\framework\src\Illuminate\Container\Container.php:972
C:\Users\Gaser\Desktop\COPRRA\vendor\laravel\framework\src\Illuminate\Foundation\Application.php:1078
C:\Users\Gaser\Desktop\COPRRA\vendor\laravel\framework\src\Illuminate\Container\Container.php:903
C:\Users\Gaser\Desktop\COPRRA\vendor\laravel\framework\src\Illuminate\Foundation\Application.php:1058
C:\Users\Gaser\Desktop\COPRRA\vendor\laravel\framework\src\Illuminate\Foundation\helpers.php:138
C:\Users\Gaser\Desktop\COPRRA\vendor\laravel\framework\src\Illuminate\Foundation\helpers.php:851
C:\Users\Gaser\Desktop\COPRRA\tests\Feature\Http\Middleware\ShareErrorsFromSessionTest.php:23
C:\Users\Gaser\Desktop\COPRRA\app\Http\Middleware\ShareErrorsFromSession.php:17
C:\Users\Gaser\Desktop\COPRRA\tests\Feature\Http\Middleware\ShareErrorsFromSessionTest.php:22</error>
        </testcase>
        <testcase name="test_share_errors_from_session_middleware_handles_no_errors" file="C:\Users\Gaser\Desktop\COPRRA\tests\Feature\Http\Middleware\ShareErrorsFromSessionTest.php" line="30" class="Tests\Feature\Http\Middleware\ShareErrorsFromSessionTest" classname="Tests.Feature.Http.Middleware.ShareErrorsFromSessionTest" assertions="0" time="0.054745">
          <error type="TypeError">Tests\Feature\Http\Middleware\ShareErrorsFromSessionTest::test_share_errors_from_session_middleware_handles_no_errors&#13;
TypeError: Illuminate\Routing\UrlGenerator::__construct(): Argument #2 ($request) must be of type Illuminate\Http\Request, null given, called in C:\Users\Gaser\Desktop\COPRRA\vendor\laravel\framework\src\Illuminate\Routing\RoutingServiceProvider.php on line 63
&#13;
C:\Users\Gaser\Desktop\COPRRA\vendor\laravel\framework\src\Illuminate\Routing\UrlGenerator.php:128
C:\Users\Gaser\Desktop\COPRRA\vendor\laravel\framework\src\Illuminate\Routing\RoutingServiceProvider.php:63
C:\Users\Gaser\Desktop\COPRRA\vendor\laravel\framework\src\Illuminate\Container\Container.php:1154
C:\Users\Gaser\Desktop\COPRRA\vendor\laravel\framework\src\Illuminate\Container\Container.php:972
C:\Users\Gaser\Desktop\COPRRA\vendor\laravel\framework\src\Illuminate\Foundation\Application.php:1078
C:\Users\Gaser\Desktop\COPRRA\vendor\laravel\framework\src\Illuminate\Container\Container.php:903
C:\Users\Gaser\Desktop\COPRRA\vendor\laravel\framework\src\Illuminate\Foundation\Application.php:1058
C:\Users\Gaser\Desktop\COPRRA\vendor\laravel\framework\src\Illuminate\Container\Container.php:1856
C:\Users\Gaser\Desktop\COPRRA\vendor\laravel\framework\src\Illuminate\Routing\RoutingServiceProvider.php:115
C:\Users\Gaser\Desktop\COPRRA\vendor\laravel\framework\src\Illuminate\Container\Container.php:1154
C:\Users\Gaser\Desktop\COPRRA\vendor\laravel\framework\src\Illuminate\Container\Container.php:972
C:\Users\Gaser\Desktop\COPRRA\vendor\laravel\framework\src\Illuminate\Foundation\Application.php:1078
C:\Users\Gaser\Desktop\COPRRA\vendor\laravel\framework\src\Illuminate\Container\Container.php:903
C:\Users\Gaser\Desktop\COPRRA\vendor\laravel\framework\src\Illuminate\Foundation\Application.php:1058
C:\Users\Gaser\Desktop\COPRRA\vendor\laravel\framework\src\Illuminate\Container\Container.php:1856
C:\Users\Gaser\Desktop\COPRRA\vendor\laravel\framework\src\Illuminate\Routing\RoutingServiceProvider.php:177
C:\Users\Gaser\Desktop\COPRRA\vendor\laravel\framework\src\Illuminate\Container\Container.php:1154
C:\Users\Gaser\Desktop\COPRRA\vendor\laravel\framework\src\Illuminate\Container\Container.php:972
C:\Users\Gaser\Desktop\COPRRA\vendor\laravel\framework\src\Illuminate\Foundation\Application.php:1078
C:\Users\Gaser\Desktop\COPRRA\vendor\laravel\framework\src\Illuminate\Container\Container.php:903
C:\Users\Gaser\Desktop\COPRRA\vendor\laravel\framework\src\Illuminate\Foundation\Application.php:1058
C:\Users\Gaser\Desktop\COPRRA\vendor\laravel\framework\src\Illuminate\Foundation\helpers.php:138
C:\Users\Gaser\Desktop\COPRRA\vendor\laravel\framework\src\Illuminate\Foundation\helpers.php:851
C:\Users\Gaser\Desktop\COPRRA\tests\Feature\Http\Middleware\ShareErrorsFromSessionTest.php:38
C:\Users\Gaser\Desktop\COPRRA\app\Http\Middleware\ShareErrorsFromSession.php:17
C:\Users\Gaser\Desktop\COPRRA\tests\Feature\Http\Middleware\ShareErrorsFromSessionTest.php:37</error>
        </testcase>
        <testcase name="test_share_errors_from_session_middleware_handles_multiple_errors" file="C:\Users\Gaser\Desktop\COPRRA\tests\Feature\Http\Middleware\ShareErrorsFromSessionTest.php" line="45" class="Tests\Feature\Http\Middleware\ShareErrorsFromSessionTest" classname="Tests.Feature.Http.Middleware.ShareErrorsFromSessionTest" assertions="0" time="0.055898">
          <error type="TypeError">Tests\Feature\Http\Middleware\ShareErrorsFromSessionTest::test_share_errors_from_session_middleware_handles_multiple_errors&#13;
TypeError: Illuminate\Routing\UrlGenerator::__construct(): Argument #2 ($request) must be of type Illuminate\Http\Request, null given, called in C:\Users\Gaser\Desktop\COPRRA\vendor\laravel\framework\src\Illuminate\Routing\RoutingServiceProvider.php on line 63
&#13;
C:\Users\Gaser\Desktop\COPRRA\vendor\laravel\framework\src\Illuminate\Routing\UrlGenerator.php:128
C:\Users\Gaser\Desktop\COPRRA\vendor\laravel\framework\src\Illuminate\Routing\RoutingServiceProvider.php:63
C:\Users\Gaser\Desktop\COPRRA\vendor\laravel\framework\src\Illuminate\Container\Container.php:1154
C:\Users\Gaser\Desktop\COPRRA\vendor\laravel\framework\src\Illuminate\Container\Container.php:972
C:\Users\Gaser\Desktop\COPRRA\vendor\laravel\framework\src\Illuminate\Foundation\Application.php:1078
C:\Users\Gaser\Desktop\COPRRA\vendor\laravel\framework\src\Illuminate\Container\Container.php:903
C:\Users\Gaser\Desktop\COPRRA\vendor\laravel\framework\src\Illuminate\Foundation\Application.php:1058
C:\Users\Gaser\Desktop\COPRRA\vendor\laravel\framework\src\Illuminate\Container\Container.php:1856
C:\Users\Gaser\Desktop\COPRRA\vendor\laravel\framework\src\Illuminate\Routing\RoutingServiceProvider.php:115
C:\Users\Gaser\Desktop\COPRRA\vendor\laravel\framework\src\Illuminate\Container\Container.php:1154
C:\Users\Gaser\Desktop\COPRRA\vendor\laravel\framework\src\Illuminate\Container\Container.php:972
C:\Users\Gaser\Desktop\COPRRA\vendor\laravel\framework\src\Illuminate\Foundation\Application.php:1078
C:\Users\Gaser\Desktop\COPRRA\vendor\laravel\framework\src\Illuminate\Container\Container.php:903
C:\Users\Gaser\Desktop\COPRRA\vendor\laravel\framework\src\Illuminate\Foundation\Application.php:1058
C:\Users\Gaser\Desktop\COPRRA\vendor\laravel\framework\src\Illuminate\Container\Container.php:1856
C:\Users\Gaser\Desktop\COPRRA\vendor\laravel\framework\src\Illuminate\Routing\RoutingServiceProvider.php:177
C:\Users\Gaser\Desktop\COPRRA\vendor\laravel\framework\src\Illuminate\Container\Container.php:1154
C:\Users\Gaser\Desktop\COPRRA\vendor\laravel\framework\src\Illuminate\Container\Container.php:972
C:\Users\Gaser\Desktop\COPRRA\vendor\laravel\framework\src\Illuminate\Foundation\Application.php:1078
C:\Users\Gaser\Desktop\COPRRA\vendor\laravel\framework\src\Illuminate\Container\Container.php:903
C:\Users\Gaser\Desktop\COPRRA\vendor\laravel\framework\src\Illuminate\Foundation\Application.php:1058
C:\Users\Gaser\Desktop\COPRRA\vendor\laravel\framework\src\Illuminate\Foundation\helpers.php:138
C:\Users\Gaser\Desktop\COPRRA\vendor\laravel\framework\src\Illuminate\Foundation\helpers.php:851
C:\Users\Gaser\Desktop\COPRRA\tests\Feature\Http\Middleware\ShareErrorsFromSessionTest.php:57
C:\Users\Gaser\Desktop\COPRRA\app\Http\Middleware\ShareErrorsFromSession.php:17
C:\Users\Gaser\Desktop\COPRRA\tests\Feature\Http\Middleware\ShareErrorsFromSessionTest.php:56</error>
        </testcase>
        <testcase name="test_share_errors_from_session_middleware_handles_post_requests" file="C:\Users\Gaser\Desktop\COPRRA\tests\Feature\Http\Middleware\ShareErrorsFromSessionTest.php" line="64" class="Tests\Feature\Http\Middleware\ShareErrorsFromSessionTest" classname="Tests.Feature.Http.Middleware.ShareErrorsFromSessionTest" assertions="0" time="0.056129">
          <error type="TypeError">Tests\Feature\Http\Middleware\ShareErrorsFromSessionTest::test_share_errors_from_session_middleware_handles_post_requests&#13;
TypeError: Illuminate\Routing\UrlGenerator::__construct(): Argument #2 ($request) must be of type Illuminate\Http\Request, null given, called in C:\Users\Gaser\Desktop\COPRRA\vendor\laravel\framework\src\Illuminate\Routing\RoutingServiceProvider.php on line 63
&#13;
C:\Users\Gaser\Desktop\COPRRA\vendor\laravel\framework\src\Illuminate\Routing\UrlGenerator.php:128
C:\Users\Gaser\Desktop\COPRRA\vendor\laravel\framework\src\Illuminate\Routing\RoutingServiceProvider.php:63
C:\Users\Gaser\Desktop\COPRRA\vendor\laravel\framework\src\Illuminate\Container\Container.php:1154
C:\Users\Gaser\Desktop\COPRRA\vendor\laravel\framework\src\Illuminate\Container\Container.php:972
C:\Users\Gaser\Desktop\COPRRA\vendor\laravel\framework\src\Illuminate\Foundation\Application.php:1078
C:\Users\Gaser\Desktop\COPRRA\vendor\laravel\framework\src\Illuminate\Container\Container.php:903
C:\Users\Gaser\Desktop\COPRRA\vendor\laravel\framework\src\Illuminate\Foundation\Application.php:1058
C:\Users\Gaser\Desktop\COPRRA\vendor\laravel\framework\src\Illuminate\Container\Container.php:1856
C:\Users\Gaser\Desktop\COPRRA\vendor\laravel\framework\src\Illuminate\Routing\RoutingServiceProvider.php:115
C:\Users\Gaser\Desktop\COPRRA\vendor\laravel\framework\src\Illuminate\Container\Container.php:1154
C:\Users\Gaser\Desktop\COPRRA\vendor\laravel\framework\src\Illuminate\Container\Container.php:972
C:\Users\Gaser\Desktop\COPRRA\vendor\laravel\framework\src\Illuminate\Foundation\Application.php:1078
C:\Users\Gaser\Desktop\COPRRA\vendor\laravel\framework\src\Illuminate\Container\Container.php:903
C:\Users\Gaser\Desktop\COPRRA\vendor\laravel\framework\src\Illuminate\Foundation\Application.php:1058
C:\Users\Gaser\Desktop\COPRRA\vendor\laravel\framework\src\Illuminate\Container\Container.php:1856
C:\Users\Gaser\Desktop\COPRRA\vendor\laravel\framework\src\Illuminate\Routing\RoutingServiceProvider.php:177
C:\Users\Gaser\Desktop\COPRRA\vendor\laravel\framework\src\Illuminate\Container\Container.php:1154
C:\Users\Gaser\Desktop\COPRRA\vendor\laravel\framework\src\Illuminate\Container\Container.php:972
C:\Users\Gaser\Desktop\COPRRA\vendor\laravel\framework\src\Illuminate\Foundation\Application.php:1078
C:\Users\Gaser\Desktop\COPRRA\vendor\laravel\framework\src\Illuminate\Container\Container.php:903
C:\Users\Gaser\Desktop\COPRRA\vendor\laravel\framework\src\Illuminate\Foundation\Application.php:1058
C:\Users\Gaser\Desktop\COPRRA\vendor\laravel\framework\src\Illuminate\Foundation\helpers.php:138
C:\Users\Gaser\Desktop\COPRRA\vendor\laravel\framework\src\Illuminate\Foundation\helpers.php:851
C:\Users\Gaser\Desktop\COPRRA\tests\Feature\Http\Middleware\ShareErrorsFromSessionTest.php:74
C:\Users\Gaser\Desktop\COPRRA\app\Http\Middleware\ShareErrorsFromSession.php:17
C:\Users\Gaser\Desktop\COPRRA\tests\Feature\Http\Middleware\ShareErrorsFromSessionTest.php:73</error>
        </testcase>
        <testcase name="test_share_errors_from_session_middleware_handles_api_requests" file="C:\Users\Gaser\Desktop\COPRRA\tests\Feature\Http\Middleware\ShareErrorsFromSessionTest.php" line="81" class="Tests\Feature\Http\Middleware\ShareErrorsFromSessionTest" classname="Tests.Feature.Http.Middleware.ShareErrorsFromSessionTest" assertions="0" time="0.055587">
          <error type="TypeError">Tests\Feature\Http\Middleware\ShareErrorsFromSessionTest::test_share_errors_from_session_middleware_handles_api_requests&#13;
TypeError: Illuminate\Routing\UrlGenerator::__construct(): Argument #2 ($request) must be of type Illuminate\Http\Request, null given, called in C:\Users\Gaser\Desktop\COPRRA\vendor\laravel\framework\src\Illuminate\Routing\RoutingServiceProvider.php on line 63
&#13;
C:\Users\Gaser\Desktop\COPRRA\vendor\laravel\framework\src\Illuminate\Routing\UrlGenerator.php:128
C:\Users\Gaser\Desktop\COPRRA\vendor\laravel\framework\src\Illuminate\Routing\RoutingServiceProvider.php:63
C:\Users\Gaser\Desktop\COPRRA\vendor\laravel\framework\src\Illuminate\Container\Container.php:1154
C:\Users\Gaser\Desktop\COPRRA\vendor\laravel\framework\src\Illuminate\Container\Container.php:972
C:\Users\Gaser\Desktop\COPRRA\vendor\laravel\framework\src\Illuminate\Foundation\Application.php:1078
C:\Users\Gaser\Desktop\COPRRA\vendor\laravel\framework\src\Illuminate\Container\Container.php:903
C:\Users\Gaser\Desktop\COPRRA\vendor\laravel\framework\src\Illuminate\Foundation\Application.php:1058
C:\Users\Gaser\Desktop\COPRRA\vendor\laravel\framework\src\Illuminate\Container\Container.php:1856
C:\Users\Gaser\Desktop\COPRRA\vendor\laravel\framework\src\Illuminate\Routing\RoutingServiceProvider.php:115
C:\Users\Gaser\Desktop\COPRRA\vendor\laravel\framework\src\Illuminate\Container\Container.php:1154
C:\Users\Gaser\Desktop\COPRRA\vendor\laravel\framework\src\Illuminate\Container\Container.php:972
C:\Users\Gaser\Desktop\COPRRA\vendor\laravel\framework\src\Illuminate\Foundation\Application.php:1078
C:\Users\Gaser\Desktop\COPRRA\vendor\laravel\framework\src\Illuminate\Container\Container.php:903
C:\Users\Gaser\Desktop\COPRRA\vendor\laravel\framework\src\Illuminate\Foundation\Application.php:1058
C:\Users\Gaser\Desktop\COPRRA\vendor\laravel\framework\src\Illuminate\Container\Container.php:1856
C:\Users\Gaser\Desktop\COPRRA\vendor\laravel\framework\src\Illuminate\Routing\RoutingServiceProvider.php:177
C:\Users\Gaser\Desktop\COPRRA\vendor\laravel\framework\src\Illuminate\Container\Container.php:1154
C:\Users\Gaser\Desktop\COPRRA\vendor\laravel\framework\src\Illuminate\Container\Container.php:972
C:\Users\Gaser\Desktop\COPRRA\vendor\laravel\framework\src\Illuminate\Foundation\Application.php:1078
C:\Users\Gaser\Desktop\COPRRA\vendor\laravel\framework\src\Illuminate\Container\Container.php:903
C:\Users\Gaser\Desktop\COPRRA\vendor\laravel\framework\src\Illuminate\Foundation\Application.php:1058
C:\Users\Gaser\Desktop\COPRRA\vendor\laravel\framework\src\Illuminate\Foundation\helpers.php:138
C:\Users\Gaser\Desktop\COPRRA\vendor\laravel\framework\src\Illuminate\Foundation\helpers.php:851
C:\Users\Gaser\Desktop\COPRRA\tests\Feature\Http\Middleware\ShareErrorsFromSessionTest.php:90
C:\Users\Gaser\Desktop\COPRRA\app\Http\Middleware\ShareErrorsFromSession.php:17
C:\Users\Gaser\Desktop\COPRRA\tests\Feature\Http\Middleware\ShareErrorsFromSessionTest.php:89</error>
        </testcase>
      </testsuite>
      <testsuite name="Tests\Feature\Http\Middleware\StartSessionTest" file="C:\Users\Gaser\Desktop\COPRRA\tests\Feature\Http\Middleware\StartSessionTest.php" tests="5" assertions="0" errors="5" failures="0" skipped="0" time="0.000000">
        <testcase name="test_start_session_middleware_starts_session" file="C:\Users\Gaser\Desktop\COPRRA\tests\Feature\Http\Middleware\StartSessionTest.php" line="17" class="Tests\Feature\Http\Middleware\StartSessionTest" classname="Tests.Feature.Http.Middleware.StartSessionTest" assertions="0" time="0.000000">
          <error type="Error">Tests\Feature\Http\Middleware\StartSessionTest::test_start_session_middleware_starts_session&#13;
Error: Class "Mockery" not found
&#13;
C:\Users\Gaser\Desktop\COPRRA\vendor\laravel\framework\src\Illuminate\Testing\PendingCommand.php:550
C:\Users\Gaser\Desktop\COPRRA\vendor\laravel\framework\src\Illuminate\Testing\PendingCommand.php:448
C:\Users\Gaser\Desktop\COPRRA\vendor\laravel\framework\src\Illuminate\Testing\PendingCommand.php:675
C:\Users\Gaser\Desktop\COPRRA\vendor\laravel\framework\src\Illuminate\Foundation\Testing\Concerns\InteractsWithConsole.php:87
C:\Users\Gaser\Desktop\COPRRA\vendor\laravel\framework\src\Illuminate\Foundation\Testing\RefreshDatabase.php:101
C:\Users\Gaser\Desktop\COPRRA\vendor\laravel\framework\src\Illuminate\Foundation\Testing\RefreshDatabase.php:84
C:\Users\Gaser\Desktop\COPRRA\vendor\laravel\framework\src\Illuminate\Foundation\Testing\RefreshDatabase.php:25
C:\Users\Gaser\Desktop\COPRRA\vendor\laravel\framework\src\Illuminate\Foundation\Testing\Concerns\InteractsWithTestCaseLifecycle.php:209
C:\Users\Gaser\Desktop\COPRRA\vendor\laravel\framework\src\Illuminate\Foundation\Testing\Concerns\InteractsWithTestCaseLifecycle.php:97
C:\Users\Gaser\Desktop\COPRRA\vendor\laravel\framework\src\Illuminate\Foundation\Testing\TestCase.php:44
C:\Users\Gaser\Desktop\COPRRA\tests\TestCase.php:25</error>
        </testcase>
        <testcase name="test_start_session_middleware_handles_session_data" file="C:\Users\Gaser\Desktop\COPRRA\tests\Feature\Http\Middleware\StartSessionTest.php" line="30" class="Tests\Feature\Http\Middleware\StartSessionTest" classname="Tests.Feature.Http.Middleware.StartSessionTest" assertions="0" time="0.000000">
          <error type="Error">Tests\Feature\Http\Middleware\StartSessionTest::test_start_session_middleware_handles_session_data&#13;
Error: Class "Mockery" not found
&#13;
C:\Users\Gaser\Desktop\COPRRA\vendor\laravel\framework\src\Illuminate\Testing\PendingCommand.php:550
C:\Users\Gaser\Desktop\COPRRA\vendor\laravel\framework\src\Illuminate\Testing\PendingCommand.php:448
C:\Users\Gaser\Desktop\COPRRA\vendor\laravel\framework\src\Illuminate\Testing\PendingCommand.php:675
C:\Users\Gaser\Desktop\COPRRA\vendor\laravel\framework\src\Illuminate\Foundation\Testing\Concerns\InteractsWithConsole.php:87
C:\Users\Gaser\Desktop\COPRRA\vendor\laravel\framework\src\Illuminate\Foundation\Testing\RefreshDatabase.php:101
C:\Users\Gaser\Desktop\COPRRA\vendor\laravel\framework\src\Illuminate\Foundation\Testing\RefreshDatabase.php:84
C:\Users\Gaser\Desktop\COPRRA\vendor\laravel\framework\src\Illuminate\Foundation\Testing\RefreshDatabase.php:25
C:\Users\Gaser\Desktop\COPRRA\vendor\laravel\framework\src\Illuminate\Foundation\Testing\Concerns\InteractsWithTestCaseLifecycle.php:209
C:\Users\Gaser\Desktop\COPRRA\vendor\laravel\framework\src\Illuminate\Foundation\Testing\Concerns\InteractsWithTestCaseLifecycle.php:97
C:\Users\Gaser\Desktop\COPRRA\vendor\laravel\framework\src\Illuminate\Foundation\Testing\TestCase.php:44
C:\Users\Gaser\Desktop\COPRRA\tests\TestCase.php:25</error>
        </testcase>
        <testcase name="test_start_session_middleware_handles_post_requests" file="C:\Users\Gaser\Desktop\COPRRA\tests\Feature\Http\Middleware\StartSessionTest.php" line="44" class="Tests\Feature\Http\Middleware\StartSessionTest" classname="Tests.Feature.Http.Middleware.StartSessionTest" assertions="0" time="0.000000">
          <error type="Error">Tests\Feature\Http\Middleware\StartSessionTest::test_start_session_middleware_handles_post_requests&#13;
Error: Class "Mockery" not found
&#13;
C:\Users\Gaser\Desktop\COPRRA\vendor\laravel\framework\src\Illuminate\Testing\PendingCommand.php:550
C:\Users\Gaser\Desktop\COPRRA\vendor\laravel\framework\src\Illuminate\Testing\PendingCommand.php:448
C:\Users\Gaser\Desktop\COPRRA\vendor\laravel\framework\src\Illuminate\Testing\PendingCommand.php:675
C:\Users\Gaser\Desktop\COPRRA\vendor\laravel\framework\src\Illuminate\Foundation\Testing\Concerns\InteractsWithConsole.php:87
C:\Users\Gaser\Desktop\COPRRA\vendor\laravel\framework\src\Illuminate\Foundation\Testing\RefreshDatabase.php:101
C:\Users\Gaser\Desktop\COPRRA\vendor\laravel\framework\src\Illuminate\Foundation\Testing\RefreshDatabase.php:84
C:\Users\Gaser\Desktop\COPRRA\vendor\laravel\framework\src\Illuminate\Foundation\Testing\RefreshDatabase.php:25
C:\Users\Gaser\Desktop\COPRRA\vendor\laravel\framework\src\Illuminate\Foundation\Testing\Concerns\InteractsWithTestCaseLifecycle.php:209
C:\Users\Gaser\Desktop\COPRRA\vendor\laravel\framework\src\Illuminate\Foundation\Testing\Concerns\InteractsWithTestCaseLifecycle.php:97
C:\Users\Gaser\Desktop\COPRRA\vendor\laravel\framework\src\Illuminate\Foundation\Testing\TestCase.php:44
C:\Users\Gaser\Desktop\COPRRA\tests\TestCase.php:25</error>
        </testcase>
        <testcase name="test_start_session_middleware_handles_api_requests" file="C:\Users\Gaser\Desktop\COPRRA\tests\Feature\Http\Middleware\StartSessionTest.php" line="59" class="Tests\Feature\Http\Middleware\StartSessionTest" classname="Tests.Feature.Http.Middleware.StartSessionTest" assertions="0" time="0.000000">
          <error type="Error">Tests\Feature\Http\Middleware\StartSessionTest::test_start_session_middleware_handles_api_requests&#13;
Error: Class "Mockery" not found
&#13;
C:\Users\Gaser\Desktop\COPRRA\vendor\laravel\framework\src\Illuminate\Testing\PendingCommand.php:550
C:\Users\Gaser\Desktop\COPRRA\vendor\laravel\framework\src\Illuminate\Testing\PendingCommand.php:448
C:\Users\Gaser\Desktop\COPRRA\vendor\laravel\framework\src\Illuminate\Testing\PendingCommand.php:675
C:\Users\Gaser\Desktop\COPRRA\vendor\laravel\framework\src\Illuminate\Foundation\Testing\Concerns\InteractsWithConsole.php:87
C:\Users\Gaser\Desktop\COPRRA\vendor\laravel\framework\src\Illuminate\Foundation\Testing\RefreshDatabase.php:101
C:\Users\Gaser\Desktop\COPRRA\vendor\laravel\framework\src\Illuminate\Foundation\Testing\RefreshDatabase.php:84
C:\Users\Gaser\Desktop\COPRRA\vendor\laravel\framework\src\Illuminate\Foundation\Testing\RefreshDatabase.php:25
C:\Users\Gaser\Desktop\COPRRA\vendor\laravel\framework\src\Illuminate\Foundation\Testing\Concerns\InteractsWithTestCaseLifecycle.php:209
C:\Users\Gaser\Desktop\COPRRA\vendor\laravel\framework\src\Illuminate\Foundation\Testing\Concerns\InteractsWithTestCaseLifecycle.php:97
C:\Users\Gaser\Desktop\COPRRA\vendor\laravel\framework\src\Illuminate\Foundation\Testing\TestCase.php:44
C:\Users\Gaser\Desktop\COPRRA\tests\TestCase.php:25</error>
        </testcase>
        <testcase name="test_start_session_middleware_handles_different_request_methods" file="C:\Users\Gaser\Desktop\COPRRA\tests\Feature\Http\Middleware\StartSessionTest.php" line="73" class="Tests\Feature\Http\Middleware\StartSessionTest" classname="Tests.Feature.Http.Middleware.StartSessionTest" assertions="0" time="0.000000">
          <error type="Error">Tests\Feature\Http\Middleware\StartSessionTest::test_start_session_middleware_handles_different_request_methods&#13;
Error: Class "Mockery" not found
&#13;
C:\Users\Gaser\Desktop\COPRRA\vendor\laravel\framework\src\Illuminate\Testing\PendingCommand.php:550
C:\Users\Gaser\Desktop\COPRRA\vendor\laravel\framework\src\Illuminate\Testing\PendingCommand.php:448
C:\Users\Gaser\Desktop\COPRRA\vendor\laravel\framework\src\Illuminate\Testing\PendingCommand.php:675
C:\Users\Gaser\Desktop\COPRRA\vendor\laravel\framework\src\Illuminate\Foundation\Testing\Concerns\InteractsWithConsole.php:87
C:\Users\Gaser\Desktop\COPRRA\vendor\laravel\framework\src\Illuminate\Foundation\Testing\RefreshDatabase.php:101
C:\Users\Gaser\Desktop\COPRRA\vendor\laravel\framework\src\Illuminate\Foundation\Testing\RefreshDatabase.php:84
C:\Users\Gaser\Desktop\COPRRA\vendor\laravel\framework\src\Illuminate\Foundation\Testing\RefreshDatabase.php:25
C:\Users\Gaser\Desktop\COPRRA\vendor\laravel\framework\src\Illuminate\Foundation\Testing\Concerns\InteractsWithTestCaseLifecycle.php:209
C:\Users\Gaser\Desktop\COPRRA\vendor\laravel\framework\src\Illuminate\Foundation\Testing\Concerns\InteractsWithTestCaseLifecycle.php:97
C:\Users\Gaser\Desktop\COPRRA\vendor\laravel\framework\src\Illuminate\Foundation\Testing\TestCase.php:44
C:\Users\Gaser\Desktop\COPRRA\tests\TestCase.php:25</error>
        </testcase>
      </testsuite>
      <testsuite name="Tests\Feature\Http\Middleware\SubstituteBindingsTest" file="C:\Users\Gaser\Desktop\COPRRA\tests\Feature\Http\Middleware\SubstituteBindingsTest.php" tests="5" assertions="0" errors="5" failures="0" skipped="0" time="0.000000">
        <testcase name="test_substitute_bindings_middleware_substitutes_route_bindings" file="C:\Users\Gaser\Desktop\COPRRA\tests\Feature\Http\Middleware\SubstituteBindingsTest.php" line="17" class="Tests\Feature\Http\Middleware\SubstituteBindingsTest" classname="Tests.Feature.Http.Middleware.SubstituteBindingsTest" assertions="0" time="0.000000">
          <error type="Error">Tests\Feature\Http\Middleware\SubstituteBindingsTest::test_substitute_bindings_middleware_substitutes_route_bindings&#13;
Error: Class "Mockery" not found
&#13;
C:\Users\Gaser\Desktop\COPRRA\vendor\laravel\framework\src\Illuminate\Testing\PendingCommand.php:550
C:\Users\Gaser\Desktop\COPRRA\vendor\laravel\framework\src\Illuminate\Testing\PendingCommand.php:448
C:\Users\Gaser\Desktop\COPRRA\vendor\laravel\framework\src\Illuminate\Testing\PendingCommand.php:675
C:\Users\Gaser\Desktop\COPRRA\vendor\laravel\framework\src\Illuminate\Foundation\Testing\Concerns\InteractsWithConsole.php:87
C:\Users\Gaser\Desktop\COPRRA\vendor\laravel\framework\src\Illuminate\Foundation\Testing\RefreshDatabase.php:101
C:\Users\Gaser\Desktop\COPRRA\vendor\laravel\framework\src\Illuminate\Foundation\Testing\RefreshDatabase.php:84
C:\Users\Gaser\Desktop\COPRRA\vendor\laravel\framework\src\Illuminate\Foundation\Testing\RefreshDatabase.php:25
C:\Users\Gaser\Desktop\COPRRA\vendor\laravel\framework\src\Illuminate\Foundation\Testing\Concerns\InteractsWithTestCaseLifecycle.php:209
C:\Users\Gaser\Desktop\COPRRA\vendor\laravel\framework\src\Illuminate\Foundation\Testing\Concerns\InteractsWithTestCaseLifecycle.php:97
C:\Users\Gaser\Desktop\COPRRA\vendor\laravel\framework\src\Illuminate\Foundation\Testing\TestCase.php:44
C:\Users\Gaser\Desktop\COPRRA\tests\TestCase.php:25</error>
        </testcase>
        <testcase name="test_substitute_bindings_middleware_handles_missing_bindings" file="C:\Users\Gaser\Desktop\COPRRA\tests\Feature\Http\Middleware\SubstituteBindingsTest.php" line="38" class="Tests\Feature\Http\Middleware\SubstituteBindingsTest" classname="Tests.Feature.Http.Middleware.SubstituteBindingsTest" assertions="0" time="0.000000">
          <error type="Error">Tests\Feature\Http\Middleware\SubstituteBindingsTest::test_substitute_bindings_middleware_handles_missing_bindings&#13;
Error: Class "Mockery" not found
&#13;
C:\Users\Gaser\Desktop\COPRRA\vendor\laravel\framework\src\Illuminate\Testing\PendingCommand.php:550
C:\Users\Gaser\Desktop\COPRRA\vendor\laravel\framework\src\Illuminate\Testing\PendingCommand.php:448
C:\Users\Gaser\Desktop\COPRRA\vendor\laravel\framework\src\Illuminate\Testing\PendingCommand.php:675
C:\Users\Gaser\Desktop\COPRRA\vendor\laravel\framework\src\Illuminate\Foundation\Testing\Concerns\InteractsWithConsole.php:87
C:\Users\Gaser\Desktop\COPRRA\vendor\laravel\framework\src\Illuminate\Foundation\Testing\RefreshDatabase.php:101
C:\Users\Gaser\Desktop\COPRRA\vendor\laravel\framework\src\Illuminate\Foundation\Testing\RefreshDatabase.php:84
C:\Users\Gaser\Desktop\COPRRA\vendor\laravel\framework\src\Illuminate\Foundation\Testing\RefreshDatabase.php:25
C:\Users\Gaser\Desktop\COPRRA\vendor\laravel\framework\src\Illuminate\Foundation\Testing\Concerns\InteractsWithTestCaseLifecycle.php:209
C:\Users\Gaser\Desktop\COPRRA\vendor\laravel\framework\src\Illuminate\Foundation\Testing\Concerns\InteractsWithTestCaseLifecycle.php:97
C:\Users\Gaser\Desktop\COPRRA\vendor\laravel\framework\src\Illuminate\Foundation\Testing\TestCase.php:44
C:\Users\Gaser\Desktop\COPRRA\tests\TestCase.php:25</error>
        </testcase>
        <testcase name="test_substitute_bindings_middleware_handles_no_route" file="C:\Users\Gaser\Desktop\COPRRA\tests\Feature\Http\Middleware\SubstituteBindingsTest.php" line="57" class="Tests\Feature\Http\Middleware\SubstituteBindingsTest" classname="Tests.Feature.Http.Middleware.SubstituteBindingsTest" assertions="0" time="0.000000">
          <error type="Error">Tests\Feature\Http\Middleware\SubstituteBindingsTest::test_substitute_bindings_middleware_handles_no_route&#13;
Error: Class "Mockery" not found
&#13;
C:\Users\Gaser\Desktop\COPRRA\vendor\laravel\framework\src\Illuminate\Testing\PendingCommand.php:550
C:\Users\Gaser\Desktop\COPRRA\vendor\laravel\framework\src\Illuminate\Testing\PendingCommand.php:448
C:\Users\Gaser\Desktop\COPRRA\vendor\laravel\framework\src\Illuminate\Testing\PendingCommand.php:675
C:\Users\Gaser\Desktop\COPRRA\vendor\laravel\framework\src\Illuminate\Foundation\Testing\Concerns\InteractsWithConsole.php:87
C:\Users\Gaser\Desktop\COPRRA\vendor\laravel\framework\src\Illuminate\Foundation\Testing\RefreshDatabase.php:101
C:\Users\Gaser\Desktop\COPRRA\vendor\laravel\framework\src\Illuminate\Foundation\Testing\RefreshDatabase.php:84
C:\Users\Gaser\Desktop\COPRRA\vendor\laravel\framework\src\Illuminate\Foundation\Testing\RefreshDatabase.php:25
C:\Users\Gaser\Desktop\COPRRA\vendor\laravel\framework\src\Illuminate\Foundation\Testing\Concerns\InteractsWithTestCaseLifecycle.php:209
C:\Users\Gaser\Desktop\COPRRA\vendor\laravel\framework\src\Illuminate\Foundation\Testing\Concerns\InteractsWithTestCaseLifecycle.php:97
C:\Users\Gaser\Desktop\COPRRA\vendor\laravel\framework\src\Illuminate\Foundation\Testing\TestCase.php:44
C:\Users\Gaser\Desktop\COPRRA\tests\TestCase.php:25</error>
        </testcase>
        <testcase name="test_substitute_bindings_middleware_handles_post_requests" file="C:\Users\Gaser\Desktop\COPRRA\tests\Feature\Http\Middleware\SubstituteBindingsTest.php" line="70" class="Tests\Feature\Http\Middleware\SubstituteBindingsTest" classname="Tests.Feature.Http.Middleware.SubstituteBindingsTest" assertions="0" time="0.000000">
          <error type="Error">Tests\Feature\Http\Middleware\SubstituteBindingsTest::test_substitute_bindings_middleware_handles_post_requests&#13;
Error: Class "Mockery" not found
&#13;
C:\Users\Gaser\Desktop\COPRRA\vendor\laravel\framework\src\Illuminate\Testing\PendingCommand.php:550
C:\Users\Gaser\Desktop\COPRRA\vendor\laravel\framework\src\Illuminate\Testing\PendingCommand.php:448
C:\Users\Gaser\Desktop\COPRRA\vendor\laravel\framework\src\Illuminate\Testing\PendingCommand.php:675
C:\Users\Gaser\Desktop\COPRRA\vendor\laravel\framework\src\Illuminate\Foundation\Testing\Concerns\InteractsWithConsole.php:87
C:\Users\Gaser\Desktop\COPRRA\vendor\laravel\framework\src\Illuminate\Foundation\Testing\RefreshDatabase.php:101
C:\Users\Gaser\Desktop\COPRRA\vendor\laravel\framework\src\Illuminate\Foundation\Testing\RefreshDatabase.php:84
C:\Users\Gaser\Desktop\COPRRA\vendor\laravel\framework\src\Illuminate\Foundation\Testing\RefreshDatabase.php:25
C:\Users\Gaser\Desktop\COPRRA\vendor\laravel\framework\src\Illuminate\Foundation\Testing\Concerns\InteractsWithTestCaseLifecycle.php:209
C:\Users\Gaser\Desktop\COPRRA\vendor\laravel\framework\src\Illuminate\Foundation\Testing\Concerns\InteractsWithTestCaseLifecycle.php:97
C:\Users\Gaser\Desktop\COPRRA\vendor\laravel\framework\src\Illuminate\Foundation\Testing\TestCase.php:44
C:\Users\Gaser\Desktop\COPRRA\tests\TestCase.php:25</error>
        </testcase>
        <testcase name="test_substitute_bindings_middleware_handles_api_requests" file="C:\Users\Gaser\Desktop\COPRRA\tests\Feature\Http\Middleware\SubstituteBindingsTest.php" line="85" class="Tests\Feature\Http\Middleware\SubstituteBindingsTest" classname="Tests.Feature.Http.Middleware.SubstituteBindingsTest" assertions="0" time="0.000000">
          <error type="Error">Tests\Feature\Http\Middleware\SubstituteBindingsTest::test_substitute_bindings_middleware_handles_api_requests&#13;
Error: Class "Mockery" not found
&#13;
C:\Users\Gaser\Desktop\COPRRA\vendor\laravel\framework\src\Illuminate\Testing\PendingCommand.php:550
C:\Users\Gaser\Desktop\COPRRA\vendor\laravel\framework\src\Illuminate\Testing\PendingCommand.php:448
C:\Users\Gaser\Desktop\COPRRA\vendor\laravel\framework\src\Illuminate\Testing\PendingCommand.php:675
C:\Users\Gaser\Desktop\COPRRA\vendor\laravel\framework\src\Illuminate\Foundation\Testing\Concerns\InteractsWithConsole.php:87
C:\Users\Gaser\Desktop\COPRRA\vendor\laravel\framework\src\Illuminate\Foundation\Testing\RefreshDatabase.php:101
C:\Users\Gaser\Desktop\COPRRA\vendor\laravel\framework\src\Illuminate\Foundation\Testing\RefreshDatabase.php:84
C:\Users\Gaser\Desktop\COPRRA\vendor\laravel\framework\src\Illuminate\Foundation\Testing\RefreshDatabase.php:25
C:\Users\Gaser\Desktop\COPRRA\vendor\laravel\framework\src\Illuminate\Foundation\Testing\Concerns\InteractsWithTestCaseLifecycle.php:209
C:\Users\Gaser\Desktop\COPRRA\vendor\laravel\framework\src\Illuminate\Foundation\Testing\Concerns\InteractsWithTestCaseLifecycle.php:97
C:\Users\Gaser\Desktop\COPRRA\vendor\laravel\framework\src\Illuminate\Foundation\Testing\TestCase.php:44
C:\Users\Gaser\Desktop\COPRRA\tests\TestCase.php:25</error>
        </testcase>
      </testsuite>
      <testsuite name="Tests\Feature\Http\Middleware\ThrottleRequestsTest" file="C:\Users\Gaser\Desktop\COPRRA\tests\Feature\Http\Middleware\ThrottleRequestsTest.php" tests="5" assertions="0" errors="5" failures="0" skipped="0" time="0.000000">
        <testcase name="test_throttle_requests_middleware_allows_requests_within_limit" file="C:\Users\Gaser\Desktop\COPRRA\tests\Feature\Http\Middleware\ThrottleRequestsTest.php" line="23" class="Tests\Feature\Http\Middleware\ThrottleRequestsTest" classname="Tests.Feature.Http.Middleware.ThrottleRequestsTest" assertions="0" time="0.000000">
          <error type="Error">Tests\Feature\Http\Middleware\ThrottleRequestsTest::test_throttle_requests_middleware_allows_requests_within_limit&#13;
Error: Class "Mockery" not found
&#13;
C:\Users\Gaser\Desktop\COPRRA\vendor\laravel\framework\src\Illuminate\Testing\PendingCommand.php:550
C:\Users\Gaser\Desktop\COPRRA\vendor\laravel\framework\src\Illuminate\Testing\PendingCommand.php:448
C:\Users\Gaser\Desktop\COPRRA\vendor\laravel\framework\src\Illuminate\Testing\PendingCommand.php:675
C:\Users\Gaser\Desktop\COPRRA\vendor\laravel\framework\src\Illuminate\Foundation\Testing\Concerns\InteractsWithConsole.php:87
C:\Users\Gaser\Desktop\COPRRA\vendor\laravel\framework\src\Illuminate\Foundation\Testing\RefreshDatabase.php:101
C:\Users\Gaser\Desktop\COPRRA\vendor\laravel\framework\src\Illuminate\Foundation\Testing\RefreshDatabase.php:84
C:\Users\Gaser\Desktop\COPRRA\vendor\laravel\framework\src\Illuminate\Foundation\Testing\RefreshDatabase.php:25
C:\Users\Gaser\Desktop\COPRRA\vendor\laravel\framework\src\Illuminate\Foundation\Testing\Concerns\InteractsWithTestCaseLifecycle.php:209
C:\Users\Gaser\Desktop\COPRRA\vendor\laravel\framework\src\Illuminate\Foundation\Testing\Concerns\InteractsWithTestCaseLifecycle.php:97
C:\Users\Gaser\Desktop\COPRRA\vendor\laravel\framework\src\Illuminate\Foundation\Testing\TestCase.php:44
C:\Users\Gaser\Desktop\COPRRA\tests\TestCase.php:25
C:\Users\Gaser\Desktop\COPRRA\tests\Feature\Http\Middleware\ThrottleRequestsTest.php:19</error>
        </testcase>
        <testcase name="test_throttle_requests_middleware_blocks_requests_exceeding_limit" file="C:\Users\Gaser\Desktop\COPRRA\tests\Feature\Http\Middleware\ThrottleRequestsTest.php" line="37" class="Tests\Feature\Http\Middleware\ThrottleRequestsTest" classname="Tests.Feature.Http.Middleware.ThrottleRequestsTest" assertions="0" time="0.000000">
          <error type="Error">Tests\Feature\Http\Middleware\ThrottleRequestsTest::test_throttle_requests_middleware_blocks_requests_exceeding_limit&#13;
Error: Class "Mockery" not found
&#13;
C:\Users\Gaser\Desktop\COPRRA\vendor\laravel\framework\src\Illuminate\Testing\PendingCommand.php:550
C:\Users\Gaser\Desktop\COPRRA\vendor\laravel\framework\src\Illuminate\Testing\PendingCommand.php:448
C:\Users\Gaser\Desktop\COPRRA\vendor\laravel\framework\src\Illuminate\Testing\PendingCommand.php:675
C:\Users\Gaser\Desktop\COPRRA\vendor\laravel\framework\src\Illuminate\Foundation\Testing\Concerns\InteractsWithConsole.php:87
C:\Users\Gaser\Desktop\COPRRA\vendor\laravel\framework\src\Illuminate\Foundation\Testing\RefreshDatabase.php:101
C:\Users\Gaser\Desktop\COPRRA\vendor\laravel\framework\src\Illuminate\Foundation\Testing\RefreshDatabase.php:84
C:\Users\Gaser\Desktop\COPRRA\vendor\laravel\framework\src\Illuminate\Foundation\Testing\RefreshDatabase.php:25
C:\Users\Gaser\Desktop\COPRRA\vendor\laravel\framework\src\Illuminate\Foundation\Testing\Concerns\InteractsWithTestCaseLifecycle.php:209
C:\Users\Gaser\Desktop\COPRRA\vendor\laravel\framework\src\Illuminate\Foundation\Testing\Concerns\InteractsWithTestCaseLifecycle.php:97
C:\Users\Gaser\Desktop\COPRRA\vendor\laravel\framework\src\Illuminate\Foundation\Testing\TestCase.php:44
C:\Users\Gaser\Desktop\COPRRA\tests\TestCase.php:25
C:\Users\Gaser\Desktop\COPRRA\tests\Feature\Http\Middleware\ThrottleRequestsTest.php:19</error>
        </testcase>
        <testcase name="test_throttle_requests_middleware_includes_retry_after_header" file="C:\Users\Gaser\Desktop\COPRRA\tests\Feature\Http\Middleware\ThrottleRequestsTest.php" line="54" class="Tests\Feature\Http\Middleware\ThrottleRequestsTest" classname="Tests.Feature.Http.Middleware.ThrottleRequestsTest" assertions="0" time="0.000000">
          <error type="Error">Tests\Feature\Http\Middleware\ThrottleRequestsTest::test_throttle_requests_middleware_includes_retry_after_header&#13;
Error: Class "Mockery" not found
&#13;
C:\Users\Gaser\Desktop\COPRRA\vendor\laravel\framework\src\Illuminate\Testing\PendingCommand.php:550
C:\Users\Gaser\Desktop\COPRRA\vendor\laravel\framework\src\Illuminate\Testing\PendingCommand.php:448
C:\Users\Gaser\Desktop\COPRRA\vendor\laravel\framework\src\Illuminate\Testing\PendingCommand.php:675
C:\Users\Gaser\Desktop\COPRRA\vendor\laravel\framework\src\Illuminate\Foundation\Testing\Concerns\InteractsWithConsole.php:87
C:\Users\Gaser\Desktop\COPRRA\vendor\laravel\framework\src\Illuminate\Foundation\Testing\RefreshDatabase.php:101
C:\Users\Gaser\Desktop\COPRRA\vendor\laravel\framework\src\Illuminate\Foundation\Testing\RefreshDatabase.php:84
C:\Users\Gaser\Desktop\COPRRA\vendor\laravel\framework\src\Illuminate\Foundation\Testing\RefreshDatabase.php:25
C:\Users\Gaser\Desktop\COPRRA\vendor\laravel\framework\src\Illuminate\Foundation\Testing\Concerns\InteractsWithTestCaseLifecycle.php:209
C:\Users\Gaser\Desktop\COPRRA\vendor\laravel\framework\src\Illuminate\Foundation\Testing\Concerns\InteractsWithTestCaseLifecycle.php:97
C:\Users\Gaser\Desktop\COPRRA\vendor\laravel\framework\src\Illuminate\Foundation\Testing\TestCase.php:44
C:\Users\Gaser\Desktop\COPRRA\tests\TestCase.php:25
C:\Users\Gaser\Desktop\COPRRA\tests\Feature\Http\Middleware\ThrottleRequestsTest.php:19</error>
        </testcase>
        <testcase name="test_throttle_requests_middleware_handles_different_ips_separately" file="C:\Users\Gaser\Desktop\COPRRA\tests\Feature\Http\Middleware\ThrottleRequestsTest.php" line="77" class="Tests\Feature\Http\Middleware\ThrottleRequestsTest" classname="Tests.Feature.Http.Middleware.ThrottleRequestsTest" assertions="0" time="0.000000">
          <error type="Error">Tests\Feature\Http\Middleware\ThrottleRequestsTest::test_throttle_requests_middleware_handles_different_ips_separately&#13;
Error: Class "Mockery" not found
&#13;
C:\Users\Gaser\Desktop\COPRRA\vendor\laravel\framework\src\Illuminate\Testing\PendingCommand.php:550
C:\Users\Gaser\Desktop\COPRRA\vendor\laravel\framework\src\Illuminate\Testing\PendingCommand.php:448
C:\Users\Gaser\Desktop\COPRRA\vendor\laravel\framework\src\Illuminate\Testing\PendingCommand.php:675
C:\Users\Gaser\Desktop\COPRRA\vendor\laravel\framework\src\Illuminate\Foundation\Testing\Concerns\InteractsWithConsole.php:87
C:\Users\Gaser\Desktop\COPRRA\vendor\laravel\framework\src\Illuminate\Foundation\Testing\RefreshDatabase.php:101
C:\Users\Gaser\Desktop\COPRRA\vendor\laravel\framework\src\Illuminate\Foundation\Testing\RefreshDatabase.php:84
C:\Users\Gaser\Desktop\COPRRA\vendor\laravel\framework\src\Illuminate\Foundation\Testing\RefreshDatabase.php:25
C:\Users\Gaser\Desktop\COPRRA\vendor\laravel\framework\src\Illuminate\Foundation\Testing\Concerns\InteractsWithTestCaseLifecycle.php:209
C:\Users\Gaser\Desktop\COPRRA\vendor\laravel\framework\src\Illuminate\Foundation\Testing\Concerns\InteractsWithTestCaseLifecycle.php:97
C:\Users\Gaser\Desktop\COPRRA\vendor\laravel\framework\src\Illuminate\Foundation\Testing\TestCase.php:44
C:\Users\Gaser\Desktop\COPRRA\tests\TestCase.php:25
C:\Users\Gaser\Desktop\COPRRA\tests\Feature\Http\Middleware\ThrottleRequestsTest.php:19</error>
        </testcase>
        <testcase name="test_throttle_requests_middleware_resets_after_time_window" file="C:\Users\Gaser\Desktop\COPRRA\tests\Feature\Http\Middleware\ThrottleRequestsTest.php" line="105" class="Tests\Feature\Http\Middleware\ThrottleRequestsTest" classname="Tests.Feature.Http.Middleware.ThrottleRequestsTest" assertions="0" time="0.000000">
          <error type="Error">Tests\Feature\Http\Middleware\ThrottleRequestsTest::test_throttle_requests_middleware_resets_after_time_window&#13;
Error: Class "Mockery" not found
&#13;
C:\Users\Gaser\Desktop\COPRRA\vendor\laravel\framework\src\Illuminate\Testing\PendingCommand.php:550
C:\Users\Gaser\Desktop\COPRRA\vendor\laravel\framework\src\Illuminate\Testing\PendingCommand.php:448
C:\Users\Gaser\Desktop\COPRRA\vendor\laravel\framework\src\Illuminate\Testing\PendingCommand.php:675
C:\Users\Gaser\Desktop\COPRRA\vendor\laravel\framework\src\Illuminate\Foundation\Testing\Concerns\InteractsWithConsole.php:87
C:\Users\Gaser\Desktop\COPRRA\vendor\laravel\framework\src\Illuminate\Foundation\Testing\RefreshDatabase.php:101
C:\Users\Gaser\Desktop\COPRRA\vendor\laravel\framework\src\Illuminate\Foundation\Testing\RefreshDatabase.php:84
C:\Users\Gaser\Desktop\COPRRA\vendor\laravel\framework\src\Illuminate\Foundation\Testing\RefreshDatabase.php:25
C:\Users\Gaser\Desktop\COPRRA\vendor\laravel\framework\src\Illuminate\Foundation\Testing\Concerns\InteractsWithTestCaseLifecycle.php:209
C:\Users\Gaser\Desktop\COPRRA\vendor\laravel\framework\src\Illuminate\Foundation\Testing\Concerns\InteractsWithTestCaseLifecycle.php:97
C:\Users\Gaser\Desktop\COPRRA\vendor\laravel\framework\src\Illuminate\Foundation\Testing\TestCase.php:44
C:\Users\Gaser\Desktop\COPRRA\tests\TestCase.php:25
C:\Users\Gaser\Desktop\COPRRA\tests\Feature\Http\Middleware\ThrottleRequestsTest.php:19</error>
        </testcase>
      </testsuite>
      <testsuite name="Tests\Feature\Http\Middleware\ThrottleSensitiveOperationsTest" file="C:\Users\Gaser\Desktop\COPRRA\tests\Feature\Http\Middleware\ThrottleSensitiveOperationsTest.php" tests="5" assertions="0" errors="5" failures="0" skipped="0" time="0.000000">
        <testcase name="test_throttle_sensitive_operations_middleware_allows_requests_within_limit" file="C:\Users\Gaser\Desktop\COPRRA\tests\Feature\Http\Middleware\ThrottleSensitiveOperationsTest.php" line="16" class="Tests\Feature\Http\Middleware\ThrottleSensitiveOperationsTest" classname="Tests.Feature.Http.Middleware.ThrottleSensitiveOperationsTest" assertions="0" time="0.000000">
          <error type="Error">Tests\Feature\Http\Middleware\ThrottleSensitiveOperationsTest::test_throttle_sensitive_operations_middleware_allows_requests_within_limit&#13;
Error: Class "Mockery" not found
&#13;
C:\Users\Gaser\Desktop\COPRRA\vendor\laravel\framework\src\Illuminate\Testing\PendingCommand.php:550
C:\Users\Gaser\Desktop\COPRRA\vendor\laravel\framework\src\Illuminate\Testing\PendingCommand.php:448
C:\Users\Gaser\Desktop\COPRRA\vendor\laravel\framework\src\Illuminate\Testing\PendingCommand.php:675
C:\Users\Gaser\Desktop\COPRRA\vendor\laravel\framework\src\Illuminate\Foundation\Testing\Concerns\InteractsWithConsole.php:87
C:\Users\Gaser\Desktop\COPRRA\vendor\laravel\framework\src\Illuminate\Foundation\Testing\RefreshDatabase.php:101
C:\Users\Gaser\Desktop\COPRRA\vendor\laravel\framework\src\Illuminate\Foundation\Testing\RefreshDatabase.php:84
C:\Users\Gaser\Desktop\COPRRA\vendor\laravel\framework\src\Illuminate\Foundation\Testing\RefreshDatabase.php:25
C:\Users\Gaser\Desktop\COPRRA\vendor\laravel\framework\src\Illuminate\Foundation\Testing\Concerns\InteractsWithTestCaseLifecycle.php:209
C:\Users\Gaser\Desktop\COPRRA\vendor\laravel\framework\src\Illuminate\Foundation\Testing\Concerns\InteractsWithTestCaseLifecycle.php:97
C:\Users\Gaser\Desktop\COPRRA\vendor\laravel\framework\src\Illuminate\Foundation\Testing\TestCase.php:44
C:\Users\Gaser\Desktop\COPRRA\tests\TestCase.php:25</error>
        </testcase>
        <testcase name="test_throttle_sensitive_operations_middleware_handles_password_change" file="C:\Users\Gaser\Desktop\COPRRA\tests\Feature\Http\Middleware\ThrottleSensitiveOperationsTest.php" line="31" class="Tests\Feature\Http\Middleware\ThrottleSensitiveOperationsTest" classname="Tests.Feature.Http.Middleware.ThrottleSensitiveOperationsTest" assertions="0" time="0.000000">
          <error type="Error">Tests\Feature\Http\Middleware\ThrottleSensitiveOperationsTest::test_throttle_sensitive_operations_middleware_handles_password_change&#13;
Error: Class "Mockery" not found
&#13;
C:\Users\Gaser\Desktop\COPRRA\vendor\laravel\framework\src\Illuminate\Testing\PendingCommand.php:550
C:\Users\Gaser\Desktop\COPRRA\vendor\laravel\framework\src\Illuminate\Testing\PendingCommand.php:448
C:\Users\Gaser\Desktop\COPRRA\vendor\laravel\framework\src\Illuminate\Testing\PendingCommand.php:675
C:\Users\Gaser\Desktop\COPRRA\vendor\laravel\framework\src\Illuminate\Foundation\Testing\Concerns\InteractsWithConsole.php:87
C:\Users\Gaser\Desktop\COPRRA\vendor\laravel\framework\src\Illuminate\Foundation\Testing\RefreshDatabase.php:101
C:\Users\Gaser\Desktop\COPRRA\vendor\laravel\framework\src\Illuminate\Foundation\Testing\RefreshDatabase.php:84
C:\Users\Gaser\Desktop\COPRRA\vendor\laravel\framework\src\Illuminate\Foundation\Testing\RefreshDatabase.php:25
C:\Users\Gaser\Desktop\COPRRA\vendor\laravel\framework\src\Illuminate\Foundation\Testing\Concerns\InteractsWithTestCaseLifecycle.php:209
C:\Users\Gaser\Desktop\COPRRA\vendor\laravel\framework\src\Illuminate\Foundation\Testing\Concerns\InteractsWithTestCaseLifecycle.php:97
C:\Users\Gaser\Desktop\COPRRA\vendor\laravel\framework\src\Illuminate\Foundation\Testing\TestCase.php:44
C:\Users\Gaser\Desktop\COPRRA\tests\TestCase.php:25</error>
        </testcase>
        <testcase name="test_throttle_sensitive_operations_middleware_handles_email_change" file="C:\Users\Gaser\Desktop\COPRRA\tests\Feature\Http\Middleware\ThrottleSensitiveOperationsTest.php" line="48" class="Tests\Feature\Http\Middleware\ThrottleSensitiveOperationsTest" classname="Tests.Feature.Http.Middleware.ThrottleSensitiveOperationsTest" assertions="0" time="0.000000">
          <error type="Error">Tests\Feature\Http\Middleware\ThrottleSensitiveOperationsTest::test_throttle_sensitive_operations_middleware_handles_email_change&#13;
Error: Class "Mockery" not found
&#13;
C:\Users\Gaser\Desktop\COPRRA\vendor\laravel\framework\src\Illuminate\Testing\PendingCommand.php:550
C:\Users\Gaser\Desktop\COPRRA\vendor\laravel\framework\src\Illuminate\Testing\PendingCommand.php:448
C:\Users\Gaser\Desktop\COPRRA\vendor\laravel\framework\src\Illuminate\Testing\PendingCommand.php:675
C:\Users\Gaser\Desktop\COPRRA\vendor\laravel\framework\src\Illuminate\Foundation\Testing\Concerns\InteractsWithConsole.php:87
C:\Users\Gaser\Desktop\COPRRA\vendor\laravel\framework\src\Illuminate\Foundation\Testing\RefreshDatabase.php:101
C:\Users\Gaser\Desktop\COPRRA\vendor\laravel\framework\src\Illuminate\Foundation\Testing\RefreshDatabase.php:84
C:\Users\Gaser\Desktop\COPRRA\vendor\laravel\framework\src\Illuminate\Foundation\Testing\RefreshDatabase.php:25
C:\Users\Gaser\Desktop\COPRRA\vendor\laravel\framework\src\Illuminate\Foundation\Testing\Concerns\InteractsWithTestCaseLifecycle.php:209
C:\Users\Gaser\Desktop\COPRRA\vendor\laravel\framework\src\Illuminate\Foundation\Testing\Concerns\InteractsWithTestCaseLifecycle.php:97
C:\Users\Gaser\Desktop\COPRRA\vendor\laravel\framework\src\Illuminate\Foundation\Testing\TestCase.php:44
C:\Users\Gaser\Desktop\COPRRA\tests\TestCase.php:25</error>
        </testcase>
        <testcase name="test_throttle_sensitive_operations_middleware_handles_get_requests" file="C:\Users\Gaser\Desktop\COPRRA\tests\Feature\Http\Middleware\ThrottleSensitiveOperationsTest.php" line="64" class="Tests\Feature\Http\Middleware\ThrottleSensitiveOperationsTest" classname="Tests.Feature.Http.Middleware.ThrottleSensitiveOperationsTest" assertions="0" time="0.000000">
          <error type="Error">Tests\Feature\Http\Middleware\ThrottleSensitiveOperationsTest::test_throttle_sensitive_operations_middleware_handles_get_requests&#13;
Error: Class "Mockery" not found
&#13;
C:\Users\Gaser\Desktop\COPRRA\vendor\laravel\framework\src\Illuminate\Testing\PendingCommand.php:550
C:\Users\Gaser\Desktop\COPRRA\vendor\laravel\framework\src\Illuminate\Testing\PendingCommand.php:448
C:\Users\Gaser\Desktop\COPRRA\vendor\laravel\framework\src\Illuminate\Testing\PendingCommand.php:675
C:\Users\Gaser\Desktop\COPRRA\vendor\laravel\framework\src\Illuminate\Foundation\Testing\Concerns\InteractsWithConsole.php:87
C:\Users\Gaser\Desktop\COPRRA\vendor\laravel\framework\src\Illuminate\Foundation\Testing\RefreshDatabase.php:101
C:\Users\Gaser\Desktop\COPRRA\vendor\laravel\framework\src\Illuminate\Foundation\Testing\RefreshDatabase.php:84
C:\Users\Gaser\Desktop\COPRRA\vendor\laravel\framework\src\Illuminate\Foundation\Testing\RefreshDatabase.php:25
C:\Users\Gaser\Desktop\COPRRA\vendor\laravel\framework\src\Illuminate\Foundation\Testing\Concerns\InteractsWithTestCaseLifecycle.php:209
C:\Users\Gaser\Desktop\COPRRA\vendor\laravel\framework\src\Illuminate\Foundation\Testing\Concerns\InteractsWithTestCaseLifecycle.php:97
C:\Users\Gaser\Desktop\COPRRA\vendor\laravel\framework\src\Illuminate\Foundation\Testing\TestCase.php:44
C:\Users\Gaser\Desktop\COPRRA\tests\TestCase.php:25</error>
        </testcase>
        <testcase name="test_throttle_sensitive_operations_middleware_handles_api_requests" file="C:\Users\Gaser\Desktop\COPRRA\tests\Feature\Http\Middleware\ThrottleSensitiveOperationsTest.php" line="77" class="Tests\Feature\Http\Middleware\ThrottleSensitiveOperationsTest" classname="Tests.Feature.Http.Middleware.ThrottleSensitiveOperationsTest" assertions="0" time="0.000000">
          <error type="Error">Tests\Feature\Http\Middleware\ThrottleSensitiveOperationsTest::test_throttle_sensitive_operations_middleware_handles_api_requests&#13;
Error: Class "Mockery" not found
&#13;
C:\Users\Gaser\Desktop\COPRRA\vendor\laravel\framework\src\Illuminate\Testing\PendingCommand.php:550
C:\Users\Gaser\Desktop\COPRRA\vendor\laravel\framework\src\Illuminate\Testing\PendingCommand.php:448
C:\Users\Gaser\Desktop\COPRRA\vendor\laravel\framework\src\Illuminate\Testing\PendingCommand.php:675
C:\Users\Gaser\Desktop\COPRRA\vendor\laravel\framework\src\Illuminate\Foundation\Testing\Concerns\InteractsWithConsole.php:87
C:\Users\Gaser\Desktop\COPRRA\vendor\laravel\framework\src\Illuminate\Foundation\Testing\RefreshDatabase.php:101
C:\Users\Gaser\Desktop\COPRRA\vendor\laravel\framework\src\Illuminate\Foundation\Testing\RefreshDatabase.php:84
C:\Users\Gaser\Desktop\COPRRA\vendor\laravel\framework\src\Illuminate\Foundation\Testing\RefreshDatabase.php:25
C:\Users\Gaser\Desktop\COPRRA\vendor\laravel\framework\src\Illuminate\Foundation\Testing\Concerns\InteractsWithTestCaseLifecycle.php:209
C:\Users\Gaser\Desktop\COPRRA\vendor\laravel\framework\src\Illuminate\Foundation\Testing\Concerns\InteractsWithTestCaseLifecycle.php:97
C:\Users\Gaser\Desktop\COPRRA\vendor\laravel\framework\src\Illuminate\Foundation\Testing\TestCase.php:44
C:\Users\Gaser\Desktop\COPRRA\tests\TestCase.php:25</error>
        </testcase>
      </testsuite>
      <testsuite name="Tests\Feature\Http\Middleware\TrimStringsTest" file="C:\Users\Gaser\Desktop\COPRRA\tests\Feature\Http\Middleware\TrimStringsTest.php" tests="5" assertions="0" errors="5" failures="0" skipped="0" time="0.015042">
        <testcase name="test_trim_strings_middleware_trims_string_input" file="C:\Users\Gaser\Desktop\COPRRA\tests\Feature\Http\Middleware\TrimStringsTest.php" line="16" class="Tests\Feature\Http\Middleware\TrimStringsTest" classname="Tests.Feature.Http.Middleware.TrimStringsTest" assertions="0" time="0.003769">
          <error type="Illuminate\Contracts\Container\BindingResolutionException">Tests\Feature\Http\Middleware\TrimStringsTest::test_trim_strings_middleware_trims_string_input&#13;
Illuminate\Contracts\Container\BindingResolutionException: Target [Illuminate\Contracts\Routing\ResponseFactory] is not instantiable.
&#13;
C:\Users\Gaser\Desktop\COPRRA\vendor\laravel\framework\src\Illuminate\Container\Container.php:1456
C:\Users\Gaser\Desktop\COPRRA\vendor\laravel\framework\src\Illuminate\Container\Container.php:1170
C:\Users\Gaser\Desktop\COPRRA\vendor\laravel\framework\src\Illuminate\Container\Container.php:972
C:\Users\Gaser\Desktop\COPRRA\vendor\laravel\framework\src\Illuminate\Foundation\Application.php:1078
C:\Users\Gaser\Desktop\COPRRA\vendor\laravel\framework\src\Illuminate\Container\Container.php:903
C:\Users\Gaser\Desktop\COPRRA\vendor\laravel\framework\src\Illuminate\Foundation\Application.php:1058
C:\Users\Gaser\Desktop\COPRRA\vendor\laravel\framework\src\Illuminate\Foundation\helpers.php:138
C:\Users\Gaser\Desktop\COPRRA\vendor\laravel\framework\src\Illuminate\Foundation\helpers.php:851
C:\Users\Gaser\Desktop\COPRRA\tests\Feature\Http\Middleware\TrimStringsTest.php:26
C:\Users\Gaser\Desktop\COPRRA\vendor\laravel\framework\src\Illuminate\Foundation\Http\Middleware\TransformsRequest.php:21
C:\Users\Gaser\Desktop\COPRRA\vendor\laravel\framework\src\Illuminate\Foundation\Http\Middleware\TrimStrings.php:51
C:\Users\Gaser\Desktop\COPRRA\tests\Feature\Http\Middleware\TrimStringsTest.php:25</error>
        </testcase>
        <testcase name="test_trim_strings_middleware_does_not_trim_non_string_input" file="C:\Users\Gaser\Desktop\COPRRA\tests\Feature\Http\Middleware\TrimStringsTest.php" line="35" class="Tests\Feature\Http\Middleware\TrimStringsTest" classname="Tests.Feature.Http.Middleware.TrimStringsTest" assertions="0" time="0.002481">
          <error type="Illuminate\Contracts\Container\BindingResolutionException">Tests\Feature\Http\Middleware\TrimStringsTest::test_trim_strings_middleware_does_not_trim_non_string_input&#13;
Illuminate\Contracts\Container\BindingResolutionException: Target [Illuminate\Contracts\Routing\ResponseFactory] is not instantiable.
&#13;
C:\Users\Gaser\Desktop\COPRRA\vendor\laravel\framework\src\Illuminate\Container\Container.php:1456
C:\Users\Gaser\Desktop\COPRRA\vendor\laravel\framework\src\Illuminate\Container\Container.php:1170
C:\Users\Gaser\Desktop\COPRRA\vendor\laravel\framework\src\Illuminate\Container\Container.php:972
C:\Users\Gaser\Desktop\COPRRA\vendor\laravel\framework\src\Illuminate\Foundation\Application.php:1078
C:\Users\Gaser\Desktop\COPRRA\vendor\laravel\framework\src\Illuminate\Container\Container.php:903
C:\Users\Gaser\Desktop\COPRRA\vendor\laravel\framework\src\Illuminate\Foundation\Application.php:1058
C:\Users\Gaser\Desktop\COPRRA\vendor\laravel\framework\src\Illuminate\Foundation\helpers.php:138
C:\Users\Gaser\Desktop\COPRRA\vendor\laravel\framework\src\Illuminate\Foundation\helpers.php:851
C:\Users\Gaser\Desktop\COPRRA\tests\Feature\Http\Middleware\TrimStringsTest.php:45
C:\Users\Gaser\Desktop\COPRRA\vendor\laravel\framework\src\Illuminate\Foundation\Http\Middleware\TransformsRequest.php:21
C:\Users\Gaser\Desktop\COPRRA\vendor\laravel\framework\src\Illuminate\Foundation\Http\Middleware\TrimStrings.php:51
C:\Users\Gaser\Desktop\COPRRA\tests\Feature\Http\Middleware\TrimStringsTest.php:44</error>
        </testcase>
        <testcase name="test_trim_strings_middleware_handles_nested_arrays" file="C:\Users\Gaser\Desktop\COPRRA\tests\Feature\Http\Middleware\TrimStringsTest.php" line="54" class="Tests\Feature\Http\Middleware\TrimStringsTest" classname="Tests.Feature.Http.Middleware.TrimStringsTest" assertions="0" time="0.002801">
          <error type="Illuminate\Contracts\Container\BindingResolutionException">Tests\Feature\Http\Middleware\TrimStringsTest::test_trim_strings_middleware_handles_nested_arrays&#13;
Illuminate\Contracts\Container\BindingResolutionException: Target [Illuminate\Contracts\Routing\ResponseFactory] is not instantiable.
&#13;
C:\Users\Gaser\Desktop\COPRRA\vendor\laravel\framework\src\Illuminate\Container\Container.php:1456
C:\Users\Gaser\Desktop\COPRRA\vendor\laravel\framework\src\Illuminate\Container\Container.php:1170
C:\Users\Gaser\Desktop\COPRRA\vendor\laravel\framework\src\Illuminate\Container\Container.php:972
C:\Users\Gaser\Desktop\COPRRA\vendor\laravel\framework\src\Illuminate\Foundation\Application.php:1078
C:\Users\Gaser\Desktop\COPRRA\vendor\laravel\framework\src\Illuminate\Container\Container.php:903
C:\Users\Gaser\Desktop\COPRRA\vendor\laravel\framework\src\Illuminate\Foundation\Application.php:1058
C:\Users\Gaser\Desktop\COPRRA\vendor\laravel\framework\src\Illuminate\Foundation\helpers.php:138
C:\Users\Gaser\Desktop\COPRRA\vendor\laravel\framework\src\Illuminate\Foundation\helpers.php:851
C:\Users\Gaser\Desktop\COPRRA\tests\Feature\Http\Middleware\TrimStringsTest.php:69
C:\Users\Gaser\Desktop\COPRRA\vendor\laravel\framework\src\Illuminate\Foundation\Http\Middleware\TransformsRequest.php:21
C:\Users\Gaser\Desktop\COPRRA\vendor\laravel\framework\src\Illuminate\Foundation\Http\Middleware\TrimStrings.php:51
C:\Users\Gaser\Desktop\COPRRA\tests\Feature\Http\Middleware\TrimStringsTest.php:68</error>
        </testcase>
        <testcase name="test_trim_strings_middleware_handles_empty_strings" file="C:\Users\Gaser\Desktop\COPRRA\tests\Feature\Http\Middleware\TrimStringsTest.php" line="79" class="Tests\Feature\Http\Middleware\TrimStringsTest" classname="Tests.Feature.Http.Middleware.TrimStringsTest" assertions="0" time="0.002885">
          <error type="Illuminate\Contracts\Container\BindingResolutionException">Tests\Feature\Http\Middleware\TrimStringsTest::test_trim_strings_middleware_handles_empty_strings&#13;
Illuminate\Contracts\Container\BindingResolutionException: Target [Illuminate\Contracts\Routing\ResponseFactory] is not instantiable.
&#13;
C:\Users\Gaser\Desktop\COPRRA\vendor\laravel\framework\src\Illuminate\Container\Container.php:1456
C:\Users\Gaser\Desktop\COPRRA\vendor\laravel\framework\src\Illuminate\Container\Container.php:1170
C:\Users\Gaser\Desktop\COPRRA\vendor\laravel\framework\src\Illuminate\Container\Container.php:972
C:\Users\Gaser\Desktop\COPRRA\vendor\laravel\framework\src\Illuminate\Foundation\Application.php:1078
C:\Users\Gaser\Desktop\COPRRA\vendor\laravel\framework\src\Illuminate\Container\Container.php:903
C:\Users\Gaser\Desktop\COPRRA\vendor\laravel\framework\src\Illuminate\Foundation\Application.php:1058
C:\Users\Gaser\Desktop\COPRRA\vendor\laravel\framework\src\Illuminate\Foundation\helpers.php:138
C:\Users\Gaser\Desktop\COPRRA\vendor\laravel\framework\src\Illuminate\Foundation\helpers.php:851
C:\Users\Gaser\Desktop\COPRRA\tests\Feature\Http\Middleware\TrimStringsTest.php:89
C:\Users\Gaser\Desktop\COPRRA\vendor\laravel\framework\src\Illuminate\Foundation\Http\Middleware\TransformsRequest.php:21
C:\Users\Gaser\Desktop\COPRRA\vendor\laravel\framework\src\Illuminate\Foundation\Http\Middleware\TrimStrings.php:51
C:\Users\Gaser\Desktop\COPRRA\tests\Feature\Http\Middleware\TrimStringsTest.php:88</error>
        </testcase>
        <testcase name="test_trim_strings_middleware_passes_request_to_next_middleware" file="C:\Users\Gaser\Desktop\COPRRA\tests\Feature\Http\Middleware\TrimStringsTest.php" line="98" class="Tests\Feature\Http\Middleware\TrimStringsTest" classname="Tests.Feature.Http.Middleware.TrimStringsTest" assertions="0" time="0.003106">
          <error type="Illuminate\Contracts\Container\BindingResolutionException">Tests\Feature\Http\Middleware\TrimStringsTest::test_trim_strings_middleware_passes_request_to_next_middleware&#13;
Illuminate\Contracts\Container\BindingResolutionException: Target [Illuminate\Contracts\Routing\ResponseFactory] is not instantiable.
&#13;
C:\Users\Gaser\Desktop\COPRRA\vendor\laravel\framework\src\Illuminate\Container\Container.php:1456
C:\Users\Gaser\Desktop\COPRRA\vendor\laravel\framework\src\Illuminate\Container\Container.php:1170
C:\Users\Gaser\Desktop\COPRRA\vendor\laravel\framework\src\Illuminate\Container\Container.php:972
C:\Users\Gaser\Desktop\COPRRA\vendor\laravel\framework\src\Illuminate\Foundation\Application.php:1078
C:\Users\Gaser\Desktop\COPRRA\vendor\laravel\framework\src\Illuminate\Container\Container.php:903
C:\Users\Gaser\Desktop\COPRRA\vendor\laravel\framework\src\Illuminate\Foundation\Application.php:1058
C:\Users\Gaser\Desktop\COPRRA\vendor\laravel\framework\src\Illuminate\Foundation\helpers.php:138
C:\Users\Gaser\Desktop\COPRRA\vendor\laravel\framework\src\Illuminate\Foundation\helpers.php:851
C:\Users\Gaser\Desktop\COPRRA\tests\Feature\Http\Middleware\TrimStringsTest.php:106
C:\Users\Gaser\Desktop\COPRRA\vendor\laravel\framework\src\Illuminate\Foundation\Http\Middleware\TransformsRequest.php:21
C:\Users\Gaser\Desktop\COPRRA\vendor\laravel\framework\src\Illuminate\Foundation\Http\Middleware\TrimStrings.php:51
C:\Users\Gaser\Desktop\COPRRA\tests\Feature\Http\Middleware\TrimStringsTest.php:105</error>
        </testcase>
      </testsuite>
      <testsuite name="Tests\Feature\Http\Middleware\TrustHostsTest" file="C:\Users\Gaser\Desktop\COPRRA\tests\Feature\Http\Middleware\TrustHostsTest.php" tests="5" assertions="0" errors="5" failures="0" skipped="0" time="0.000000">
        <testcase name="test_trust_hosts_middleware_trusts_valid_hosts" file="C:\Users\Gaser\Desktop\COPRRA\tests\Feature\Http\Middleware\TrustHostsTest.php" line="16" class="Tests\Feature\Http\Middleware\TrustHostsTest" classname="Tests.Feature.Http.Middleware.TrustHostsTest" assertions="0" time="0.000000">
          <error type="Error">Tests\Feature\Http\Middleware\TrustHostsTest::test_trust_hosts_middleware_trusts_valid_hosts&#13;
Error: Class "Mockery" not found
&#13;
C:\Users\Gaser\Desktop\COPRRA\vendor\laravel\framework\src\Illuminate\Testing\PendingCommand.php:550
C:\Users\Gaser\Desktop\COPRRA\vendor\laravel\framework\src\Illuminate\Testing\PendingCommand.php:448
C:\Users\Gaser\Desktop\COPRRA\vendor\laravel\framework\src\Illuminate\Testing\PendingCommand.php:675
C:\Users\Gaser\Desktop\COPRRA\vendor\laravel\framework\src\Illuminate\Foundation\Testing\Concerns\InteractsWithConsole.php:87
C:\Users\Gaser\Desktop\COPRRA\vendor\laravel\framework\src\Illuminate\Foundation\Testing\RefreshDatabase.php:101
C:\Users\Gaser\Desktop\COPRRA\vendor\laravel\framework\src\Illuminate\Foundation\Testing\RefreshDatabase.php:84
C:\Users\Gaser\Desktop\COPRRA\vendor\laravel\framework\src\Illuminate\Foundation\Testing\RefreshDatabase.php:25
C:\Users\Gaser\Desktop\COPRRA\vendor\laravel\framework\src\Illuminate\Foundation\Testing\Concerns\InteractsWithTestCaseLifecycle.php:209
C:\Users\Gaser\Desktop\COPRRA\vendor\laravel\framework\src\Illuminate\Foundation\Testing\Concerns\InteractsWithTestCaseLifecycle.php:97
C:\Users\Gaser\Desktop\COPRRA\vendor\laravel\framework\src\Illuminate\Foundation\Testing\TestCase.php:44
C:\Users\Gaser\Desktop\COPRRA\tests\TestCase.php:25</error>
        </testcase>
        <testcase name="test_trust_hosts_middleware_handles_different_hosts" file="C:\Users\Gaser\Desktop\COPRRA\tests\Feature\Http\Middleware\TrustHostsTest.php" line="31" class="Tests\Feature\Http\Middleware\TrustHostsTest" classname="Tests.Feature.Http.Middleware.TrustHostsTest" assertions="0" time="0.000000">
          <error type="Error">Tests\Feature\Http\Middleware\TrustHostsTest::test_trust_hosts_middleware_handles_different_hosts&#13;
Error: Class "Mockery" not found
&#13;
C:\Users\Gaser\Desktop\COPRRA\vendor\laravel\framework\src\Illuminate\Testing\PendingCommand.php:550
C:\Users\Gaser\Desktop\COPRRA\vendor\laravel\framework\src\Illuminate\Testing\PendingCommand.php:448
C:\Users\Gaser\Desktop\COPRRA\vendor\laravel\framework\src\Illuminate\Testing\PendingCommand.php:675
C:\Users\Gaser\Desktop\COPRRA\vendor\laravel\framework\src\Illuminate\Foundation\Testing\Concerns\InteractsWithConsole.php:87
C:\Users\Gaser\Desktop\COPRRA\vendor\laravel\framework\src\Illuminate\Foundation\Testing\RefreshDatabase.php:101
C:\Users\Gaser\Desktop\COPRRA\vendor\laravel\framework\src\Illuminate\Foundation\Testing\RefreshDatabase.php:84
C:\Users\Gaser\Desktop\COPRRA\vendor\laravel\framework\src\Illuminate\Foundation\Testing\RefreshDatabase.php:25
C:\Users\Gaser\Desktop\COPRRA\vendor\laravel\framework\src\Illuminate\Foundation\Testing\Concerns\InteractsWithTestCaseLifecycle.php:209
C:\Users\Gaser\Desktop\COPRRA\vendor\laravel\framework\src\Illuminate\Foundation\Testing\Concerns\InteractsWithTestCaseLifecycle.php:97
C:\Users\Gaser\Desktop\COPRRA\vendor\laravel\framework\src\Illuminate\Foundation\Testing\TestCase.php:44
C:\Users\Gaser\Desktop\COPRRA\tests\TestCase.php:25</error>
        </testcase>
        <testcase name="test_trust_hosts_middleware_handles_localhost" file="C:\Users\Gaser\Desktop\COPRRA\tests\Feature\Http\Middleware\TrustHostsTest.php" line="46" class="Tests\Feature\Http\Middleware\TrustHostsTest" classname="Tests.Feature.Http.Middleware.TrustHostsTest" assertions="0" time="0.000000">
          <error type="Error">Tests\Feature\Http\Middleware\TrustHostsTest::test_trust_hosts_middleware_handles_localhost&#13;
Error: Class "Mockery" not found
&#13;
C:\Users\Gaser\Desktop\COPRRA\vendor\laravel\framework\src\Illuminate\Testing\PendingCommand.php:550
C:\Users\Gaser\Desktop\COPRRA\vendor\laravel\framework\src\Illuminate\Testing\PendingCommand.php:448
C:\Users\Gaser\Desktop\COPRRA\vendor\laravel\framework\src\Illuminate\Testing\PendingCommand.php:675
C:\Users\Gaser\Desktop\COPRRA\vendor\laravel\framework\src\Illuminate\Foundation\Testing\Concerns\InteractsWithConsole.php:87
C:\Users\Gaser\Desktop\COPRRA\vendor\laravel\framework\src\Illuminate\Foundation\Testing\RefreshDatabase.php:101
C:\Users\Gaser\Desktop\COPRRA\vendor\laravel\framework\src\Illuminate\Foundation\Testing\RefreshDatabase.php:84
C:\Users\Gaser\Desktop\COPRRA\vendor\laravel\framework\src\Illuminate\Foundation\Testing\RefreshDatabase.php:25
C:\Users\Gaser\Desktop\COPRRA\vendor\laravel\framework\src\Illuminate\Foundation\Testing\Concerns\InteractsWithTestCaseLifecycle.php:209
C:\Users\Gaser\Desktop\COPRRA\vendor\laravel\framework\src\Illuminate\Foundation\Testing\Concerns\InteractsWithTestCaseLifecycle.php:97
C:\Users\Gaser\Desktop\COPRRA\vendor\laravel\framework\src\Illuminate\Foundation\Testing\TestCase.php:44
C:\Users\Gaser\Desktop\COPRRA\tests\TestCase.php:25</error>
        </testcase>
        <testcase name="test_trust_hosts_middleware_handles_post_requests" file="C:\Users\Gaser\Desktop\COPRRA\tests\Feature\Http\Middleware\TrustHostsTest.php" line="61" class="Tests\Feature\Http\Middleware\TrustHostsTest" classname="Tests.Feature.Http.Middleware.TrustHostsTest" assertions="0" time="0.000000">
          <error type="Error">Tests\Feature\Http\Middleware\TrustHostsTest::test_trust_hosts_middleware_handles_post_requests&#13;
Error: Class "Mockery" not found
&#13;
C:\Users\Gaser\Desktop\COPRRA\vendor\laravel\framework\src\Illuminate\Testing\PendingCommand.php:550
C:\Users\Gaser\Desktop\COPRRA\vendor\laravel\framework\src\Illuminate\Testing\PendingCommand.php:448
C:\Users\Gaser\Desktop\COPRRA\vendor\laravel\framework\src\Illuminate\Testing\PendingCommand.php:675
C:\Users\Gaser\Desktop\COPRRA\vendor\laravel\framework\src\Illuminate\Foundation\Testing\Concerns\InteractsWithConsole.php:87
C:\Users\Gaser\Desktop\COPRRA\vendor\laravel\framework\src\Illuminate\Foundation\Testing\RefreshDatabase.php:101
C:\Users\Gaser\Desktop\COPRRA\vendor\laravel\framework\src\Illuminate\Foundation\Testing\RefreshDatabase.php:84
C:\Users\Gaser\Desktop\COPRRA\vendor\laravel\framework\src\Illuminate\Foundation\Testing\RefreshDatabase.php:25
C:\Users\Gaser\Desktop\COPRRA\vendor\laravel\framework\src\Illuminate\Foundation\Testing\Concerns\InteractsWithTestCaseLifecycle.php:209
C:\Users\Gaser\Desktop\COPRRA\vendor\laravel\framework\src\Illuminate\Foundation\Testing\Concerns\InteractsWithTestCaseLifecycle.php:97
C:\Users\Gaser\Desktop\COPRRA\vendor\laravel\framework\src\Illuminate\Foundation\Testing\TestCase.php:44
C:\Users\Gaser\Desktop\COPRRA\tests\TestCase.php:25</error>
        </testcase>
        <testcase name="test_trust_hosts_middleware_handles_api_requests" file="C:\Users\Gaser\Desktop\COPRRA\tests\Feature\Http\Middleware\TrustHostsTest.php" line="78" class="Tests\Feature\Http\Middleware\TrustHostsTest" classname="Tests.Feature.Http.Middleware.TrustHostsTest" assertions="0" time="0.000000">
          <error type="Error">Tests\Feature\Http\Middleware\TrustHostsTest::test_trust_hosts_middleware_handles_api_requests&#13;
Error: Class "Mockery" not found
&#13;
C:\Users\Gaser\Desktop\COPRRA\vendor\laravel\framework\src\Illuminate\Testing\PendingCommand.php:550
C:\Users\Gaser\Desktop\COPRRA\vendor\laravel\framework\src\Illuminate\Testing\PendingCommand.php:448
C:\Users\Gaser\Desktop\COPRRA\vendor\laravel\framework\src\Illuminate\Testing\PendingCommand.php:675
C:\Users\Gaser\Desktop\COPRRA\vendor\laravel\framework\src\Illuminate\Foundation\Testing\Concerns\InteractsWithConsole.php:87
C:\Users\Gaser\Desktop\COPRRA\vendor\laravel\framework\src\Illuminate\Foundation\Testing\RefreshDatabase.php:101
C:\Users\Gaser\Desktop\COPRRA\vendor\laravel\framework\src\Illuminate\Foundation\Testing\RefreshDatabase.php:84
C:\Users\Gaser\Desktop\COPRRA\vendor\laravel\framework\src\Illuminate\Foundation\Testing\RefreshDatabase.php:25
C:\Users\Gaser\Desktop\COPRRA\vendor\laravel\framework\src\Illuminate\Foundation\Testing\Concerns\InteractsWithTestCaseLifecycle.php:209
C:\Users\Gaser\Desktop\COPRRA\vendor\laravel\framework\src\Illuminate\Foundation\Testing\Concerns\InteractsWithTestCaseLifecycle.php:97
C:\Users\Gaser\Desktop\COPRRA\vendor\laravel\framework\src\Illuminate\Foundation\Testing\TestCase.php:44
C:\Users\Gaser\Desktop\COPRRA\tests\TestCase.php:25</error>
        </testcase>
      </testsuite>
      <testsuite name="Tests\Feature\Http\Middleware\TrustProxiesTest" file="C:\Users\Gaser\Desktop\COPRRA\tests\Feature\Http\Middleware\TrustProxiesTest.php" tests="5" assertions="0" errors="5" failures="0" skipped="0" time="0.000000">
        <testcase name="test_trust_proxies_middleware_handles_proxy_headers" file="C:\Users\Gaser\Desktop\COPRRA\tests\Feature\Http\Middleware\TrustProxiesTest.php" line="16" class="Tests\Feature\Http\Middleware\TrustProxiesTest" classname="Tests.Feature.Http.Middleware.TrustProxiesTest" assertions="0" time="0.000000">
          <error type="Error">Tests\Feature\Http\Middleware\TrustProxiesTest::test_trust_proxies_middleware_handles_proxy_headers&#13;
Error: Class "Mockery" not found
&#13;
C:\Users\Gaser\Desktop\COPRRA\vendor\laravel\framework\src\Illuminate\Testing\PendingCommand.php:550
C:\Users\Gaser\Desktop\COPRRA\vendor\laravel\framework\src\Illuminate\Testing\PendingCommand.php:448
C:\Users\Gaser\Desktop\COPRRA\vendor\laravel\framework\src\Illuminate\Testing\PendingCommand.php:675
C:\Users\Gaser\Desktop\COPRRA\vendor\laravel\framework\src\Illuminate\Foundation\Testing\Concerns\InteractsWithConsole.php:87
C:\Users\Gaser\Desktop\COPRRA\vendor\laravel\framework\src\Illuminate\Foundation\Testing\RefreshDatabase.php:101
C:\Users\Gaser\Desktop\COPRRA\vendor\laravel\framework\src\Illuminate\Foundation\Testing\RefreshDatabase.php:84
C:\Users\Gaser\Desktop\COPRRA\vendor\laravel\framework\src\Illuminate\Foundation\Testing\RefreshDatabase.php:25
C:\Users\Gaser\Desktop\COPRRA\vendor\laravel\framework\src\Illuminate\Foundation\Testing\Concerns\InteractsWithTestCaseLifecycle.php:209
C:\Users\Gaser\Desktop\COPRRA\vendor\laravel\framework\src\Illuminate\Foundation\Testing\Concerns\InteractsWithTestCaseLifecycle.php:97
C:\Users\Gaser\Desktop\COPRRA\vendor\laravel\framework\src\Illuminate\Foundation\Testing\TestCase.php:44
C:\Users\Gaser\Desktop\COPRRA\tests\TestCase.php:25</error>
        </testcase>
        <testcase name="test_trust_proxies_middleware_handles_https_forwarding" file="C:\Users\Gaser\Desktop\COPRRA\tests\Feature\Http\Middleware\TrustProxiesTest.php" line="31" class="Tests\Feature\Http\Middleware\TrustProxiesTest" classname="Tests.Feature.Http.Middleware.TrustProxiesTest" assertions="0" time="0.000000">
          <error type="Error">Tests\Feature\Http\Middleware\TrustProxiesTest::test_trust_proxies_middleware_handles_https_forwarding&#13;
Error: Class "Mockery" not found
&#13;
C:\Users\Gaser\Desktop\COPRRA\vendor\laravel\framework\src\Illuminate\Testing\PendingCommand.php:550
C:\Users\Gaser\Desktop\COPRRA\vendor\laravel\framework\src\Illuminate\Testing\PendingCommand.php:448
C:\Users\Gaser\Desktop\COPRRA\vendor\laravel\framework\src\Illuminate\Testing\PendingCommand.php:675
C:\Users\Gaser\Desktop\COPRRA\vendor\laravel\framework\src\Illuminate\Foundation\Testing\Concerns\InteractsWithConsole.php:87
C:\Users\Gaser\Desktop\COPRRA\vendor\laravel\framework\src\Illuminate\Foundation\Testing\RefreshDatabase.php:101
C:\Users\Gaser\Desktop\COPRRA\vendor\laravel\framework\src\Illuminate\Foundation\Testing\RefreshDatabase.php:84
C:\Users\Gaser\Desktop\COPRRA\vendor\laravel\framework\src\Illuminate\Foundation\Testing\RefreshDatabase.php:25
C:\Users\Gaser\Desktop\COPRRA\vendor\laravel\framework\src\Illuminate\Foundation\Testing\Concerns\InteractsWithTestCaseLifecycle.php:209
C:\Users\Gaser\Desktop\COPRRA\vendor\laravel\framework\src\Illuminate\Foundation\Testing\Concerns\InteractsWithTestCaseLifecycle.php:97
C:\Users\Gaser\Desktop\COPRRA\vendor\laravel\framework\src\Illuminate\Foundation\Testing\TestCase.php:44
C:\Users\Gaser\Desktop\COPRRA\tests\TestCase.php:25</error>
        </testcase>
        <testcase name="test_trust_proxies_middleware_handles_port_forwarding" file="C:\Users\Gaser\Desktop\COPRRA\tests\Feature\Http\Middleware\TrustProxiesTest.php" line="45" class="Tests\Feature\Http\Middleware\TrustProxiesTest" classname="Tests.Feature.Http.Middleware.TrustProxiesTest" assertions="0" time="0.000000">
          <error type="Error">Tests\Feature\Http\Middleware\TrustProxiesTest::test_trust_proxies_middleware_handles_port_forwarding&#13;
Error: Class "Mockery" not found
&#13;
C:\Users\Gaser\Desktop\COPRRA\vendor\laravel\framework\src\Illuminate\Testing\PendingCommand.php:550
C:\Users\Gaser\Desktop\COPRRA\vendor\laravel\framework\src\Illuminate\Testing\PendingCommand.php:448
C:\Users\Gaser\Desktop\COPRRA\vendor\laravel\framework\src\Illuminate\Testing\PendingCommand.php:675
C:\Users\Gaser\Desktop\COPRRA\vendor\laravel\framework\src\Illuminate\Foundation\Testing\Concerns\InteractsWithConsole.php:87
C:\Users\Gaser\Desktop\COPRRA\vendor\laravel\framework\src\Illuminate\Foundation\Testing\RefreshDatabase.php:101
C:\Users\Gaser\Desktop\COPRRA\vendor\laravel\framework\src\Illuminate\Foundation\Testing\RefreshDatabase.php:84
C:\Users\Gaser\Desktop\COPRRA\vendor\laravel\framework\src\Illuminate\Foundation\Testing\RefreshDatabase.php:25
C:\Users\Gaser\Desktop\COPRRA\vendor\laravel\framework\src\Illuminate\Foundation\Testing\Concerns\InteractsWithTestCaseLifecycle.php:209
C:\Users\Gaser\Desktop\COPRRA\vendor\laravel\framework\src\Illuminate\Foundation\Testing\Concerns\InteractsWithTestCaseLifecycle.php:97
C:\Users\Gaser\Desktop\COPRRA\vendor\laravel\framework\src\Illuminate\Foundation\Testing\TestCase.php:44
C:\Users\Gaser\Desktop\COPRRA\tests\TestCase.php:25</error>
        </testcase>
        <testcase name="test_trust_proxies_middleware_handles_host_forwarding" file="C:\Users\Gaser\Desktop\COPRRA\tests\Feature\Http\Middleware\TrustProxiesTest.php" line="59" class="Tests\Feature\Http\Middleware\TrustProxiesTest" classname="Tests.Feature.Http.Middleware.TrustProxiesTest" assertions="0" time="0.000000">
          <error type="Error">Tests\Feature\Http\Middleware\TrustProxiesTest::test_trust_proxies_middleware_handles_host_forwarding&#13;
Error: Class "Mockery" not found
&#13;
C:\Users\Gaser\Desktop\COPRRA\vendor\laravel\framework\src\Illuminate\Testing\PendingCommand.php:550
C:\Users\Gaser\Desktop\COPRRA\vendor\laravel\framework\src\Illuminate\Testing\PendingCommand.php:448
C:\Users\Gaser\Desktop\COPRRA\vendor\laravel\framework\src\Illuminate\Testing\PendingCommand.php:675
C:\Users\Gaser\Desktop\COPRRA\vendor\laravel\framework\src\Illuminate\Foundation\Testing\Concerns\InteractsWithConsole.php:87
C:\Users\Gaser\Desktop\COPRRA\vendor\laravel\framework\src\Illuminate\Foundation\Testing\RefreshDatabase.php:101
C:\Users\Gaser\Desktop\COPRRA\vendor\laravel\framework\src\Illuminate\Foundation\Testing\RefreshDatabase.php:84
C:\Users\Gaser\Desktop\COPRRA\vendor\laravel\framework\src\Illuminate\Foundation\Testing\RefreshDatabase.php:25
C:\Users\Gaser\Desktop\COPRRA\vendor\laravel\framework\src\Illuminate\Foundation\Testing\Concerns\InteractsWithTestCaseLifecycle.php:209
C:\Users\Gaser\Desktop\COPRRA\vendor\laravel\framework\src\Illuminate\Foundation\Testing\Concerns\InteractsWithTestCaseLifecycle.php:97
C:\Users\Gaser\Desktop\COPRRA\vendor\laravel\framework\src\Illuminate\Foundation\Testing\TestCase.php:44
C:\Users\Gaser\Desktop\COPRRA\tests\TestCase.php:25</error>
        </testcase>
        <testcase name="test_trust_proxies_middleware_handles_no_proxy_headers" file="C:\Users\Gaser\Desktop\COPRRA\tests\Feature\Http\Middleware\TrustProxiesTest.php" line="73" class="Tests\Feature\Http\Middleware\TrustProxiesTest" classname="Tests.Feature.Http.Middleware.TrustProxiesTest" assertions="0" time="0.000000">
          <error type="Error">Tests\Feature\Http\Middleware\TrustProxiesTest::test_trust_proxies_middleware_handles_no_proxy_headers&#13;
Error: Class "Mockery" not found
&#13;
C:\Users\Gaser\Desktop\COPRRA\vendor\laravel\framework\src\Illuminate\Testing\PendingCommand.php:550
C:\Users\Gaser\Desktop\COPRRA\vendor\laravel\framework\src\Illuminate\Testing\PendingCommand.php:448
C:\Users\Gaser\Desktop\COPRRA\vendor\laravel\framework\src\Illuminate\Testing\PendingCommand.php:675
C:\Users\Gaser\Desktop\COPRRA\vendor\laravel\framework\src\Illuminate\Foundation\Testing\Concerns\InteractsWithConsole.php:87
C:\Users\Gaser\Desktop\COPRRA\vendor\laravel\framework\src\Illuminate\Foundation\Testing\RefreshDatabase.php:101
C:\Users\Gaser\Desktop\COPRRA\vendor\laravel\framework\src\Illuminate\Foundation\Testing\RefreshDatabase.php:84
C:\Users\Gaser\Desktop\COPRRA\vendor\laravel\framework\src\Illuminate\Foundation\Testing\RefreshDatabase.php:25
C:\Users\Gaser\Desktop\COPRRA\vendor\laravel\framework\src\Illuminate\Foundation\Testing\Concerns\InteractsWithTestCaseLifecycle.php:209
C:\Users\Gaser\Desktop\COPRRA\vendor\laravel\framework\src\Illuminate\Foundation\Testing\Concerns\InteractsWithTestCaseLifecycle.php:97
C:\Users\Gaser\Desktop\COPRRA\vendor\laravel\framework\src\Illuminate\Foundation\Testing\TestCase.php:44
C:\Users\Gaser\Desktop\COPRRA\tests\TestCase.php:25</error>
        </testcase>
      </testsuite>
      <testsuite name="Tests\Feature\Http\Middleware\ValidateApiRequestTest" file="C:\Users\Gaser\Desktop\COPRRA\tests\Feature\Http\Middleware\ValidateApiRequestTest.php" tests="6" assertions="0" errors="6" failures="0" skipped="0" time="0.000000">
        <testcase name="test_validate_api_request_middleware_validates_valid_api_request" file="C:\Users\Gaser\Desktop\COPRRA\tests\Feature\Http\Middleware\ValidateApiRequestTest.php" line="16" class="Tests\Feature\Http\Middleware\ValidateApiRequestTest" classname="Tests.Feature.Http.Middleware.ValidateApiRequestTest" assertions="0" time="0.000000">
          <error type="Error">Tests\Feature\Http\Middleware\ValidateApiRequestTest::test_validate_api_request_middleware_validates_valid_api_request&#13;
Error: Class "Mockery" not found
&#13;
C:\Users\Gaser\Desktop\COPRRA\vendor\laravel\framework\src\Illuminate\Testing\PendingCommand.php:550
C:\Users\Gaser\Desktop\COPRRA\vendor\laravel\framework\src\Illuminate\Testing\PendingCommand.php:448
C:\Users\Gaser\Desktop\COPRRA\vendor\laravel\framework\src\Illuminate\Testing\PendingCommand.php:675
C:\Users\Gaser\Desktop\COPRRA\vendor\laravel\framework\src\Illuminate\Foundation\Testing\Concerns\InteractsWithConsole.php:87
C:\Users\Gaser\Desktop\COPRRA\vendor\laravel\framework\src\Illuminate\Foundation\Testing\RefreshDatabase.php:101
C:\Users\Gaser\Desktop\COPRRA\vendor\laravel\framework\src\Illuminate\Foundation\Testing\RefreshDatabase.php:84
C:\Users\Gaser\Desktop\COPRRA\vendor\laravel\framework\src\Illuminate\Foundation\Testing\RefreshDatabase.php:25
C:\Users\Gaser\Desktop\COPRRA\vendor\laravel\framework\src\Illuminate\Foundation\Testing\Concerns\InteractsWithTestCaseLifecycle.php:209
C:\Users\Gaser\Desktop\COPRRA\vendor\laravel\framework\src\Illuminate\Foundation\Testing\Concerns\InteractsWithTestCaseLifecycle.php:97
C:\Users\Gaser\Desktop\COPRRA\vendor\laravel\framework\src\Illuminate\Foundation\Testing\TestCase.php:44
C:\Users\Gaser\Desktop\COPRRA\tests\TestCase.php:25</error>
        </testcase>
        <testcase name="test_validate_api_request_middleware_handles_post_requests" file="C:\Users\Gaser\Desktop\COPRRA\tests\Feature\Http\Middleware\ValidateApiRequestTest.php" line="31" class="Tests\Feature\Http\Middleware\ValidateApiRequestTest" classname="Tests.Feature.Http.Middleware.ValidateApiRequestTest" assertions="0" time="0.000000">
          <error type="Error">Tests\Feature\Http\Middleware\ValidateApiRequestTest::test_validate_api_request_middleware_handles_post_requests&#13;
Error: Class "Mockery" not found
&#13;
C:\Users\Gaser\Desktop\COPRRA\vendor\laravel\framework\src\Illuminate\Testing\PendingCommand.php:550
C:\Users\Gaser\Desktop\COPRRA\vendor\laravel\framework\src\Illuminate\Testing\PendingCommand.php:448
C:\Users\Gaser\Desktop\COPRRA\vendor\laravel\framework\src\Illuminate\Testing\PendingCommand.php:675
C:\Users\Gaser\Desktop\COPRRA\vendor\laravel\framework\src\Illuminate\Foundation\Testing\Concerns\InteractsWithConsole.php:87
C:\Users\Gaser\Desktop\COPRRA\vendor\laravel\framework\src\Illuminate\Foundation\Testing\RefreshDatabase.php:101
C:\Users\Gaser\Desktop\COPRRA\vendor\laravel\framework\src\Illuminate\Foundation\Testing\RefreshDatabase.php:84
C:\Users\Gaser\Desktop\COPRRA\vendor\laravel\framework\src\Illuminate\Foundation\Testing\RefreshDatabase.php:25
C:\Users\Gaser\Desktop\COPRRA\vendor\laravel\framework\src\Illuminate\Foundation\Testing\Concerns\InteractsWithTestCaseLifecycle.php:209
C:\Users\Gaser\Desktop\COPRRA\vendor\laravel\framework\src\Illuminate\Foundation\Testing\Concerns\InteractsWithTestCaseLifecycle.php:97
C:\Users\Gaser\Desktop\COPRRA\vendor\laravel\framework\src\Illuminate\Foundation\Testing\TestCase.php:44
C:\Users\Gaser\Desktop\COPRRA\tests\TestCase.php:25</error>
        </testcase>
        <testcase name="test_validate_api_request_middleware_handles_put_requests" file="C:\Users\Gaser\Desktop\COPRRA\tests\Feature\Http\Middleware\ValidateApiRequestTest.php" line="49" class="Tests\Feature\Http\Middleware\ValidateApiRequestTest" classname="Tests.Feature.Http.Middleware.ValidateApiRequestTest" assertions="0" time="0.000000">
          <error type="Error">Tests\Feature\Http\Middleware\ValidateApiRequestTest::test_validate_api_request_middleware_handles_put_requests&#13;
Error: Class "Mockery" not found
&#13;
C:\Users\Gaser\Desktop\COPRRA\vendor\laravel\framework\src\Illuminate\Testing\PendingCommand.php:550
C:\Users\Gaser\Desktop\COPRRA\vendor\laravel\framework\src\Illuminate\Testing\PendingCommand.php:448
C:\Users\Gaser\Desktop\COPRRA\vendor\laravel\framework\src\Illuminate\Testing\PendingCommand.php:675
C:\Users\Gaser\Desktop\COPRRA\vendor\laravel\framework\src\Illuminate\Foundation\Testing\Concerns\InteractsWithConsole.php:87
C:\Users\Gaser\Desktop\COPRRA\vendor\laravel\framework\src\Illuminate\Foundation\Testing\RefreshDatabase.php:101
C:\Users\Gaser\Desktop\COPRRA\vendor\laravel\framework\src\Illuminate\Foundation\Testing\RefreshDatabase.php:84
C:\Users\Gaser\Desktop\COPRRA\vendor\laravel\framework\src\Illuminate\Foundation\Testing\RefreshDatabase.php:25
C:\Users\Gaser\Desktop\COPRRA\vendor\laravel\framework\src\Illuminate\Foundation\Testing\Concerns\InteractsWithTestCaseLifecycle.php:209
C:\Users\Gaser\Desktop\COPRRA\vendor\laravel\framework\src\Illuminate\Foundation\Testing\Concerns\InteractsWithTestCaseLifecycle.php:97
C:\Users\Gaser\Desktop\COPRRA\vendor\laravel\framework\src\Illuminate\Foundation\Testing\TestCase.php:44
C:\Users\Gaser\Desktop\COPRRA\tests\TestCase.php:25</error>
        </testcase>
        <testcase name="test_validate_api_request_middleware_handles_patch_requests" file="C:\Users\Gaser\Desktop\COPRRA\tests\Feature\Http\Middleware\ValidateApiRequestTest.php" line="66" class="Tests\Feature\Http\Middleware\ValidateApiRequestTest" classname="Tests.Feature.Http.Middleware.ValidateApiRequestTest" assertions="0" time="0.000000">
          <error type="Error">Tests\Feature\Http\Middleware\ValidateApiRequestTest::test_validate_api_request_middleware_handles_patch_requests&#13;
Error: Class "Mockery" not found
&#13;
C:\Users\Gaser\Desktop\COPRRA\vendor\laravel\framework\src\Illuminate\Testing\PendingCommand.php:550
C:\Users\Gaser\Desktop\COPRRA\vendor\laravel\framework\src\Illuminate\Testing\PendingCommand.php:448
C:\Users\Gaser\Desktop\COPRRA\vendor\laravel\framework\src\Illuminate\Testing\PendingCommand.php:675
C:\Users\Gaser\Desktop\COPRRA\vendor\laravel\framework\src\Illuminate\Foundation\Testing\Concerns\InteractsWithConsole.php:87
C:\Users\Gaser\Desktop\COPRRA\vendor\laravel\framework\src\Illuminate\Foundation\Testing\RefreshDatabase.php:101
C:\Users\Gaser\Desktop\COPRRA\vendor\laravel\framework\src\Illuminate\Foundation\Testing\RefreshDatabase.php:84
C:\Users\Gaser\Desktop\COPRRA\vendor\laravel\framework\src\Illuminate\Foundation\Testing\RefreshDatabase.php:25
C:\Users\Gaser\Desktop\COPRRA\vendor\laravel\framework\src\Illuminate\Foundation\Testing\Concerns\InteractsWithTestCaseLifecycle.php:209
C:\Users\Gaser\Desktop\COPRRA\vendor\laravel\framework\src\Illuminate\Foundation\Testing\Concerns\InteractsWithTestCaseLifecycle.php:97
C:\Users\Gaser\Desktop\COPRRA\vendor\laravel\framework\src\Illuminate\Foundation\Testing\TestCase.php:44
C:\Users\Gaser\Desktop\COPRRA\tests\TestCase.php:25</error>
        </testcase>
        <testcase name="test_validate_api_request_middleware_handles_delete_requests" file="C:\Users\Gaser\Desktop\COPRRA\tests\Feature\Http\Middleware\ValidateApiRequestTest.php" line="83" class="Tests\Feature\Http\Middleware\ValidateApiRequestTest" classname="Tests.Feature.Http.Middleware.ValidateApiRequestTest" assertions="0" time="0.000000">
          <error type="Error">Tests\Feature\Http\Middleware\ValidateApiRequestTest::test_validate_api_request_middleware_handles_delete_requests&#13;
Error: Class "Mockery" not found
&#13;
C:\Users\Gaser\Desktop\COPRRA\vendor\laravel\framework\src\Illuminate\Testing\PendingCommand.php:550
C:\Users\Gaser\Desktop\COPRRA\vendor\laravel\framework\src\Illuminate\Testing\PendingCommand.php:448
C:\Users\Gaser\Desktop\COPRRA\vendor\laravel\framework\src\Illuminate\Testing\PendingCommand.php:675
C:\Users\Gaser\Desktop\COPRRA\vendor\laravel\framework\src\Illuminate\Foundation\Testing\Concerns\InteractsWithConsole.php:87
C:\Users\Gaser\Desktop\COPRRA\vendor\laravel\framework\src\Illuminate\Foundation\Testing\RefreshDatabase.php:101
C:\Users\Gaser\Desktop\COPRRA\vendor\laravel\framework\src\Illuminate\Foundation\Testing\RefreshDatabase.php:84
C:\Users\Gaser\Desktop\COPRRA\vendor\laravel\framework\src\Illuminate\Foundation\Testing\RefreshDatabase.php:25
C:\Users\Gaser\Desktop\COPRRA\vendor\laravel\framework\src\Illuminate\Foundation\Testing\Concerns\InteractsWithTestCaseLifecycle.php:209
C:\Users\Gaser\Desktop\COPRRA\vendor\laravel\framework\src\Illuminate\Foundation\Testing\Concerns\InteractsWithTestCaseLifecycle.php:97
C:\Users\Gaser\Desktop\COPRRA\vendor\laravel\framework\src\Illuminate\Foundation\Testing\TestCase.php:44
C:\Users\Gaser\Desktop\COPRRA\tests\TestCase.php:25</error>
        </testcase>
        <testcase name="test_validate_api_request_middleware_handles_missing_content_type" file="C:\Users\Gaser\Desktop\COPRRA\tests\Feature\Http\Middleware\ValidateApiRequestTest.php" line="97" class="Tests\Feature\Http\Middleware\ValidateApiRequestTest" classname="Tests.Feature.Http.Middleware.ValidateApiRequestTest" assertions="0" time="0.000000">
          <error type="Error">Tests\Feature\Http\Middleware\ValidateApiRequestTest::test_validate_api_request_middleware_handles_missing_content_type&#13;
Error: Class "Mockery" not found
&#13;
C:\Users\Gaser\Desktop\COPRRA\vendor\laravel\framework\src\Illuminate\Testing\PendingCommand.php:550
C:\Users\Gaser\Desktop\COPRRA\vendor\laravel\framework\src\Illuminate\Testing\PendingCommand.php:448
C:\Users\Gaser\Desktop\COPRRA\vendor\laravel\framework\src\Illuminate\Testing\PendingCommand.php:675
C:\Users\Gaser\Desktop\COPRRA\vendor\laravel\framework\src\Illuminate\Foundation\Testing\Concerns\InteractsWithConsole.php:87
C:\Users\Gaser\Desktop\COPRRA\vendor\laravel\framework\src\Illuminate\Foundation\Testing\RefreshDatabase.php:101
C:\Users\Gaser\Desktop\COPRRA\vendor\laravel\framework\src\Illuminate\Foundation\Testing\RefreshDatabase.php:84
C:\Users\Gaser\Desktop\COPRRA\vendor\laravel\framework\src\Illuminate\Foundation\Testing\RefreshDatabase.php:25
C:\Users\Gaser\Desktop\COPRRA\vendor\laravel\framework\src\Illuminate\Foundation\Testing\Concerns\InteractsWithTestCaseLifecycle.php:209
C:\Users\Gaser\Desktop\COPRRA\vendor\laravel\framework\src\Illuminate\Foundation\Testing\Concerns\InteractsWithTestCaseLifecycle.php:97
C:\Users\Gaser\Desktop\COPRRA\vendor\laravel\framework\src\Illuminate\Foundation\Testing\TestCase.php:44
C:\Users\Gaser\Desktop\COPRRA\tests\TestCase.php:25</error>
        </testcase>
      </testsuite>
      <testsuite name="Tests\Feature\Http\Middleware\ValidatePostSizeTest" file="C:\Users\Gaser\Desktop\COPRRA\tests\Feature\Http\Middleware\ValidatePostSizeTest.php" tests="5" assertions="0" errors="5" failures="0" skipped="0" time="0.000000">
        <testcase name="test_validate_post_size_middleware_allows_valid_post_size" file="C:\Users\Gaser\Desktop\COPRRA\tests\Feature\Http\Middleware\ValidatePostSizeTest.php" line="16" class="Tests\Feature\Http\Middleware\ValidatePostSizeTest" classname="Tests.Feature.Http.Middleware.ValidatePostSizeTest" assertions="0" time="0.000000">
          <error type="Error">Tests\Feature\Http\Middleware\ValidatePostSizeTest::test_validate_post_size_middleware_allows_valid_post_size&#13;
Error: Class "Mockery" not found
&#13;
C:\Users\Gaser\Desktop\COPRRA\vendor\laravel\framework\src\Illuminate\Testing\PendingCommand.php:550
C:\Users\Gaser\Desktop\COPRRA\vendor\laravel\framework\src\Illuminate\Testing\PendingCommand.php:448
C:\Users\Gaser\Desktop\COPRRA\vendor\laravel\framework\src\Illuminate\Testing\PendingCommand.php:675
C:\Users\Gaser\Desktop\COPRRA\vendor\laravel\framework\src\Illuminate\Foundation\Testing\Concerns\InteractsWithConsole.php:87
C:\Users\Gaser\Desktop\COPRRA\vendor\laravel\framework\src\Illuminate\Foundation\Testing\RefreshDatabase.php:101
C:\Users\Gaser\Desktop\COPRRA\vendor\laravel\framework\src\Illuminate\Foundation\Testing\RefreshDatabase.php:84
C:\Users\Gaser\Desktop\COPRRA\vendor\laravel\framework\src\Illuminate\Foundation\Testing\RefreshDatabase.php:25
C:\Users\Gaser\Desktop\COPRRA\vendor\laravel\framework\src\Illuminate\Foundation\Testing\Concerns\InteractsWithTestCaseLifecycle.php:209
C:\Users\Gaser\Desktop\COPRRA\vendor\laravel\framework\src\Illuminate\Foundation\Testing\Concerns\InteractsWithTestCaseLifecycle.php:97
C:\Users\Gaser\Desktop\COPRRA\vendor\laravel\framework\src\Illuminate\Foundation\Testing\TestCase.php:44
C:\Users\Gaser\Desktop\COPRRA\tests\TestCase.php:25</error>
        </testcase>
        <testcase name="test_validate_post_size_middleware_handles_get_requests" file="C:\Users\Gaser\Desktop\COPRRA\tests\Feature\Http\Middleware\ValidatePostSizeTest.php" line="32" class="Tests\Feature\Http\Middleware\ValidatePostSizeTest" classname="Tests.Feature.Http.Middleware.ValidatePostSizeTest" assertions="0" time="0.000000">
          <error type="Error">Tests\Feature\Http\Middleware\ValidatePostSizeTest::test_validate_post_size_middleware_handles_get_requests&#13;
Error: Class "Mockery" not found
&#13;
C:\Users\Gaser\Desktop\COPRRA\vendor\laravel\framework\src\Illuminate\Testing\PendingCommand.php:550
C:\Users\Gaser\Desktop\COPRRA\vendor\laravel\framework\src\Illuminate\Testing\PendingCommand.php:448
C:\Users\Gaser\Desktop\COPRRA\vendor\laravel\framework\src\Illuminate\Testing\PendingCommand.php:675
C:\Users\Gaser\Desktop\COPRRA\vendor\laravel\framework\src\Illuminate\Foundation\Testing\Concerns\InteractsWithConsole.php:87
C:\Users\Gaser\Desktop\COPRRA\vendor\laravel\framework\src\Illuminate\Foundation\Testing\RefreshDatabase.php:101
C:\Users\Gaser\Desktop\COPRRA\vendor\laravel\framework\src\Illuminate\Foundation\Testing\RefreshDatabase.php:84
C:\Users\Gaser\Desktop\COPRRA\vendor\laravel\framework\src\Illuminate\Foundation\Testing\RefreshDatabase.php:25
C:\Users\Gaser\Desktop\COPRRA\vendor\laravel\framework\src\Illuminate\Foundation\Testing\Concerns\InteractsWithTestCaseLifecycle.php:209
C:\Users\Gaser\Desktop\COPRRA\vendor\laravel\framework\src\Illuminate\Foundation\Testing\Concerns\InteractsWithTestCaseLifecycle.php:97
C:\Users\Gaser\Desktop\COPRRA\vendor\laravel\framework\src\Illuminate\Foundation\Testing\TestCase.php:44
C:\Users\Gaser\Desktop\COPRRA\tests\TestCase.php:25</error>
        </testcase>
        <testcase name="test_validate_post_size_middleware_handles_put_requests" file="C:\Users\Gaser\Desktop\COPRRA\tests\Feature\Http\Middleware\ValidatePostSizeTest.php" line="45" class="Tests\Feature\Http\Middleware\ValidatePostSizeTest" classname="Tests.Feature.Http.Middleware.ValidatePostSizeTest" assertions="0" time="0.000000">
          <error type="Error">Tests\Feature\Http\Middleware\ValidatePostSizeTest::test_validate_post_size_middleware_handles_put_requests&#13;
Error: Class "Mockery" not found
&#13;
C:\Users\Gaser\Desktop\COPRRA\vendor\laravel\framework\src\Illuminate\Testing\PendingCommand.php:550
C:\Users\Gaser\Desktop\COPRRA\vendor\laravel\framework\src\Illuminate\Testing\PendingCommand.php:448
C:\Users\Gaser\Desktop\COPRRA\vendor\laravel\framework\src\Illuminate\Testing\PendingCommand.php:675
C:\Users\Gaser\Desktop\COPRRA\vendor\laravel\framework\src\Illuminate\Foundation\Testing\Concerns\InteractsWithConsole.php:87
C:\Users\Gaser\Desktop\COPRRA\vendor\laravel\framework\src\Illuminate\Foundation\Testing\RefreshDatabase.php:101
C:\Users\Gaser\Desktop\COPRRA\vendor\laravel\framework\src\Illuminate\Foundation\Testing\RefreshDatabase.php:84
C:\Users\Gaser\Desktop\COPRRA\vendor\laravel\framework\src\Illuminate\Foundation\Testing\RefreshDatabase.php:25
C:\Users\Gaser\Desktop\COPRRA\vendor\laravel\framework\src\Illuminate\Foundation\Testing\Concerns\InteractsWithTestCaseLifecycle.php:209
C:\Users\Gaser\Desktop\COPRRA\vendor\laravel\framework\src\Illuminate\Foundation\Testing\Concerns\InteractsWithTestCaseLifecycle.php:97
C:\Users\Gaser\Desktop\COPRRA\vendor\laravel\framework\src\Illuminate\Foundation\Testing\TestCase.php:44
C:\Users\Gaser\Desktop\COPRRA\tests\TestCase.php:25</error>
        </testcase>
        <testcase name="test_validate_post_size_middleware_handles_patch_requests" file="C:\Users\Gaser\Desktop\COPRRA\tests\Feature\Http\Middleware\ValidatePostSizeTest.php" line="60" class="Tests\Feature\Http\Middleware\ValidatePostSizeTest" classname="Tests.Feature.Http.Middleware.ValidatePostSizeTest" assertions="0" time="0.000000">
          <error type="Error">Tests\Feature\Http\Middleware\ValidatePostSizeTest::test_validate_post_size_middleware_handles_patch_requests&#13;
Error: Class "Mockery" not found
&#13;
C:\Users\Gaser\Desktop\COPRRA\vendor\laravel\framework\src\Illuminate\Testing\PendingCommand.php:550
C:\Users\Gaser\Desktop\COPRRA\vendor\laravel\framework\src\Illuminate\Testing\PendingCommand.php:448
C:\Users\Gaser\Desktop\COPRRA\vendor\laravel\framework\src\Illuminate\Testing\PendingCommand.php:675
C:\Users\Gaser\Desktop\COPRRA\vendor\laravel\framework\src\Illuminate\Foundation\Testing\Concerns\InteractsWithConsole.php:87
C:\Users\Gaser\Desktop\COPRRA\vendor\laravel\framework\src\Illuminate\Foundation\Testing\RefreshDatabase.php:101
C:\Users\Gaser\Desktop\COPRRA\vendor\laravel\framework\src\Illuminate\Foundation\Testing\RefreshDatabase.php:84
C:\Users\Gaser\Desktop\COPRRA\vendor\laravel\framework\src\Illuminate\Foundation\Testing\RefreshDatabase.php:25
C:\Users\Gaser\Desktop\COPRRA\vendor\laravel\framework\src\Illuminate\Foundation\Testing\Concerns\InteractsWithTestCaseLifecycle.php:209
C:\Users\Gaser\Desktop\COPRRA\vendor\laravel\framework\src\Illuminate\Foundation\Testing\Concerns\InteractsWithTestCaseLifecycle.php:97
C:\Users\Gaser\Desktop\COPRRA\vendor\laravel\framework\src\Illuminate\Foundation\Testing\TestCase.php:44
C:\Users\Gaser\Desktop\COPRRA\tests\TestCase.php:25</error>
        </testcase>
        <testcase name="test_validate_post_size_middleware_handles_delete_requests" file="C:\Users\Gaser\Desktop\COPRRA\tests\Feature\Http\Middleware\ValidatePostSizeTest.php" line="75" class="Tests\Feature\Http\Middleware\ValidatePostSizeTest" classname="Tests.Feature.Http.Middleware.ValidatePostSizeTest" assertions="0" time="0.000000">
          <error type="Error">Tests\Feature\Http\Middleware\ValidatePostSizeTest::test_validate_post_size_middleware_handles_delete_requests&#13;
Error: Class "Mockery" not found
&#13;
C:\Users\Gaser\Desktop\COPRRA\vendor\laravel\framework\src\Illuminate\Testing\PendingCommand.php:550
C:\Users\Gaser\Desktop\COPRRA\vendor\laravel\framework\src\Illuminate\Testing\PendingCommand.php:448
C:\Users\Gaser\Desktop\COPRRA\vendor\laravel\framework\src\Illuminate\Testing\PendingCommand.php:675
C:\Users\Gaser\Desktop\COPRRA\vendor\laravel\framework\src\Illuminate\Foundation\Testing\Concerns\InteractsWithConsole.php:87
C:\Users\Gaser\Desktop\COPRRA\vendor\laravel\framework\src\Illuminate\Foundation\Testing\RefreshDatabase.php:101
C:\Users\Gaser\Desktop\COPRRA\vendor\laravel\framework\src\Illuminate\Foundation\Testing\RefreshDatabase.php:84
C:\Users\Gaser\Desktop\COPRRA\vendor\laravel\framework\src\Illuminate\Foundation\Testing\RefreshDatabase.php:25
C:\Users\Gaser\Desktop\COPRRA\vendor\laravel\framework\src\Illuminate\Foundation\Testing\Concerns\InteractsWithTestCaseLifecycle.php:209
C:\Users\Gaser\Desktop\COPRRA\vendor\laravel\framework\src\Illuminate\Foundation\Testing\Concerns\InteractsWithTestCaseLifecycle.php:97
C:\Users\Gaser\Desktop\COPRRA\vendor\laravel\framework\src\Illuminate\Foundation\Testing\TestCase.php:44
C:\Users\Gaser\Desktop\COPRRA\tests\TestCase.php:25</error>
        </testcase>
      </testsuite>
      <testsuite name="Tests\Feature\Http\Middleware\ValidateSignatureTest" file="C:\Users\Gaser\Desktop\COPRRA\tests\Feature\Http\Middleware\ValidateSignatureTest.php" tests="5" assertions="0" errors="5" failures="0" skipped="0" time="0.000000">
        <testcase name="test_validate_signature_middleware_validates_correct_signature" file="C:\Users\Gaser\Desktop\COPRRA\tests\Feature\Http\Middleware\ValidateSignatureTest.php" line="16" class="Tests\Feature\Http\Middleware\ValidateSignatureTest" classname="Tests.Feature.Http.Middleware.ValidateSignatureTest" assertions="0" time="0.000000">
          <error type="Error">Tests\Feature\Http\Middleware\ValidateSignatureTest::test_validate_signature_middleware_validates_correct_signature&#13;
Error: Class "Mockery" not found
&#13;
C:\Users\Gaser\Desktop\COPRRA\vendor\laravel\framework\src\Illuminate\Testing\PendingCommand.php:550
C:\Users\Gaser\Desktop\COPRRA\vendor\laravel\framework\src\Illuminate\Testing\PendingCommand.php:448
C:\Users\Gaser\Desktop\COPRRA\vendor\laravel\framework\src\Illuminate\Testing\PendingCommand.php:675
C:\Users\Gaser\Desktop\COPRRA\vendor\laravel\framework\src\Illuminate\Foundation\Testing\Concerns\InteractsWithConsole.php:87
C:\Users\Gaser\Desktop\COPRRA\vendor\laravel\framework\src\Illuminate\Foundation\Testing\RefreshDatabase.php:101
C:\Users\Gaser\Desktop\COPRRA\vendor\laravel\framework\src\Illuminate\Foundation\Testing\RefreshDatabase.php:84
C:\Users\Gaser\Desktop\COPRRA\vendor\laravel\framework\src\Illuminate\Foundation\Testing\RefreshDatabase.php:25
C:\Users\Gaser\Desktop\COPRRA\vendor\laravel\framework\src\Illuminate\Foundation\Testing\Concerns\InteractsWithTestCaseLifecycle.php:209
C:\Users\Gaser\Desktop\COPRRA\vendor\laravel\framework\src\Illuminate\Foundation\Testing\Concerns\InteractsWithTestCaseLifecycle.php:97
C:\Users\Gaser\Desktop\COPRRA\vendor\laravel\framework\src\Illuminate\Foundation\Testing\TestCase.php:44
C:\Users\Gaser\Desktop\COPRRA\tests\TestCase.php:25</error>
        </testcase>
        <testcase name="test_validate_signature_middleware_handles_missing_signature" file="C:\Users\Gaser\Desktop\COPRRA\tests\Feature\Http\Middleware\ValidateSignatureTest.php" line="30" class="Tests\Feature\Http\Middleware\ValidateSignatureTest" classname="Tests.Feature.Http.Middleware.ValidateSignatureTest" assertions="0" time="0.000000">
          <error type="Error">Tests\Feature\Http\Middleware\ValidateSignatureTest::test_validate_signature_middleware_handles_missing_signature&#13;
Error: Class "Mockery" not found
&#13;
C:\Users\Gaser\Desktop\COPRRA\vendor\laravel\framework\src\Illuminate\Testing\PendingCommand.php:550
C:\Users\Gaser\Desktop\COPRRA\vendor\laravel\framework\src\Illuminate\Testing\PendingCommand.php:448
C:\Users\Gaser\Desktop\COPRRA\vendor\laravel\framework\src\Illuminate\Testing\PendingCommand.php:675
C:\Users\Gaser\Desktop\COPRRA\vendor\laravel\framework\src\Illuminate\Foundation\Testing\Concerns\InteractsWithConsole.php:87
C:\Users\Gaser\Desktop\COPRRA\vendor\laravel\framework\src\Illuminate\Foundation\Testing\RefreshDatabase.php:101
C:\Users\Gaser\Desktop\COPRRA\vendor\laravel\framework\src\Illuminate\Foundation\Testing\RefreshDatabase.php:84
C:\Users\Gaser\Desktop\COPRRA\vendor\laravel\framework\src\Illuminate\Foundation\Testing\RefreshDatabase.php:25
C:\Users\Gaser\Desktop\COPRRA\vendor\laravel\framework\src\Illuminate\Foundation\Testing\Concerns\InteractsWithTestCaseLifecycle.php:209
C:\Users\Gaser\Desktop\COPRRA\vendor\laravel\framework\src\Illuminate\Foundation\Testing\Concerns\InteractsWithTestCaseLifecycle.php:97
C:\Users\Gaser\Desktop\COPRRA\vendor\laravel\framework\src\Illuminate\Foundation\Testing\TestCase.php:44
C:\Users\Gaser\Desktop\COPRRA\tests\TestCase.php:25</error>
        </testcase>
        <testcase name="test_validate_signature_middleware_handles_invalid_signature" file="C:\Users\Gaser\Desktop\COPRRA\tests\Feature\Http\Middleware\ValidateSignatureTest.php" line="43" class="Tests\Feature\Http\Middleware\ValidateSignatureTest" classname="Tests.Feature.Http.Middleware.ValidateSignatureTest" assertions="0" time="0.000000">
          <error type="Error">Tests\Feature\Http\Middleware\ValidateSignatureTest::test_validate_signature_middleware_handles_invalid_signature&#13;
Error: Class "Mockery" not found
&#13;
C:\Users\Gaser\Desktop\COPRRA\vendor\laravel\framework\src\Illuminate\Testing\PendingCommand.php:550
C:\Users\Gaser\Desktop\COPRRA\vendor\laravel\framework\src\Illuminate\Testing\PendingCommand.php:448
C:\Users\Gaser\Desktop\COPRRA\vendor\laravel\framework\src\Illuminate\Testing\PendingCommand.php:675
C:\Users\Gaser\Desktop\COPRRA\vendor\laravel\framework\src\Illuminate\Foundation\Testing\Concerns\InteractsWithConsole.php:87
C:\Users\Gaser\Desktop\COPRRA\vendor\laravel\framework\src\Illuminate\Foundation\Testing\RefreshDatabase.php:101
C:\Users\Gaser\Desktop\COPRRA\vendor\laravel\framework\src\Illuminate\Foundation\Testing\RefreshDatabase.php:84
C:\Users\Gaser\Desktop\COPRRA\vendor\laravel\framework\src\Illuminate\Foundation\Testing\RefreshDatabase.php:25
C:\Users\Gaser\Desktop\COPRRA\vendor\laravel\framework\src\Illuminate\Foundation\Testing\Concerns\InteractsWithTestCaseLifecycle.php:209
C:\Users\Gaser\Desktop\COPRRA\vendor\laravel\framework\src\Illuminate\Foundation\Testing\Concerns\InteractsWithTestCaseLifecycle.php:97
C:\Users\Gaser\Desktop\COPRRA\vendor\laravel\framework\src\Illuminate\Foundation\Testing\TestCase.php:44
C:\Users\Gaser\Desktop\COPRRA\tests\TestCase.php:25</error>
        </testcase>
        <testcase name="test_validate_signature_middleware_handles_post_requests" file="C:\Users\Gaser\Desktop\COPRRA\tests\Feature\Http\Middleware\ValidateSignatureTest.php" line="57" class="Tests\Feature\Http\Middleware\ValidateSignatureTest" classname="Tests.Feature.Http.Middleware.ValidateSignatureTest" assertions="0" time="0.000000">
          <error type="Error">Tests\Feature\Http\Middleware\ValidateSignatureTest::test_validate_signature_middleware_handles_post_requests&#13;
Error: Class "Mockery" not found
&#13;
C:\Users\Gaser\Desktop\COPRRA\vendor\laravel\framework\src\Illuminate\Testing\PendingCommand.php:550
C:\Users\Gaser\Desktop\COPRRA\vendor\laravel\framework\src\Illuminate\Testing\PendingCommand.php:448
C:\Users\Gaser\Desktop\COPRRA\vendor\laravel\framework\src\Illuminate\Testing\PendingCommand.php:675
C:\Users\Gaser\Desktop\COPRRA\vendor\laravel\framework\src\Illuminate\Foundation\Testing\Concerns\InteractsWithConsole.php:87
C:\Users\Gaser\Desktop\COPRRA\vendor\laravel\framework\src\Illuminate\Foundation\Testing\RefreshDatabase.php:101
C:\Users\Gaser\Desktop\COPRRA\vendor\laravel\framework\src\Illuminate\Foundation\Testing\RefreshDatabase.php:84
C:\Users\Gaser\Desktop\COPRRA\vendor\laravel\framework\src\Illuminate\Foundation\Testing\RefreshDatabase.php:25
C:\Users\Gaser\Desktop\COPRRA\vendor\laravel\framework\src\Illuminate\Foundation\Testing\Concerns\InteractsWithTestCaseLifecycle.php:209
C:\Users\Gaser\Desktop\COPRRA\vendor\laravel\framework\src\Illuminate\Foundation\Testing\Concerns\InteractsWithTestCaseLifecycle.php:97
C:\Users\Gaser\Desktop\COPRRA\vendor\laravel\framework\src\Illuminate\Foundation\Testing\TestCase.php:44
C:\Users\Gaser\Desktop\COPRRA\tests\TestCase.php:25</error>
        </testcase>
        <testcase name="test_validate_signature_middleware_handles_api_requests" file="C:\Users\Gaser\Desktop\COPRRA\tests\Feature\Http\Middleware\ValidateSignatureTest.php" line="72" class="Tests\Feature\Http\Middleware\ValidateSignatureTest" classname="Tests.Feature.Http.Middleware.ValidateSignatureTest" assertions="0" time="0.000000">
          <error type="Error">Tests\Feature\Http\Middleware\ValidateSignatureTest::test_validate_signature_middleware_handles_api_requests&#13;
Error: Class "Mockery" not found
&#13;
C:\Users\Gaser\Desktop\COPRRA\vendor\laravel\framework\src\Illuminate\Testing\PendingCommand.php:550
C:\Users\Gaser\Desktop\COPRRA\vendor\laravel\framework\src\Illuminate\Testing\PendingCommand.php:448
C:\Users\Gaser\Desktop\COPRRA\vendor\laravel\framework\src\Illuminate\Testing\PendingCommand.php:675
C:\Users\Gaser\Desktop\COPRRA\vendor\laravel\framework\src\Illuminate\Foundation\Testing\Concerns\InteractsWithConsole.php:87
C:\Users\Gaser\Desktop\COPRRA\vendor\laravel\framework\src\Illuminate\Foundation\Testing\RefreshDatabase.php:101
C:\Users\Gaser\Desktop\COPRRA\vendor\laravel\framework\src\Illuminate\Foundation\Testing\RefreshDatabase.php:84
C:\Users\Gaser\Desktop\COPRRA\vendor\laravel\framework\src\Illuminate\Foundation\Testing\RefreshDatabase.php:25
C:\Users\Gaser\Desktop\COPRRA\vendor\laravel\framework\src\Illuminate\Foundation\Testing\Concerns\InteractsWithTestCaseLifecycle.php:209
C:\Users\Gaser\Desktop\COPRRA\vendor\laravel\framework\src\Illuminate\Foundation\Testing\Concerns\InteractsWithTestCaseLifecycle.php:97
C:\Users\Gaser\Desktop\COPRRA\vendor\laravel\framework\src\Illuminate\Foundation\Testing\TestCase.php:44
C:\Users\Gaser\Desktop\COPRRA\tests\TestCase.php:25</error>
        </testcase>
      </testsuite>
      <testsuite name="Tests\Feature\Http\Middleware\VerifyCsrfTokenTest" file="C:\Users\Gaser\Desktop\COPRRA\tests\Feature\Http\Middleware\VerifyCsrfTokenTest.php" tests="6" assertions="0" errors="6" failures="0" skipped="0" time="0.000000">
        <testcase name="test_verify_csrf_token_middleware_allows_valid_token" file="C:\Users\Gaser\Desktop\COPRRA\tests\Feature\Http\Middleware\VerifyCsrfTokenTest.php" line="17" class="Tests\Feature\Http\Middleware\VerifyCsrfTokenTest" classname="Tests.Feature.Http.Middleware.VerifyCsrfTokenTest" assertions="0" time="0.000000">
          <error type="Error">Tests\Feature\Http\Middleware\VerifyCsrfTokenTest::test_verify_csrf_token_middleware_allows_valid_token&#13;
Error: Class "Mockery" not found
&#13;
C:\Users\Gaser\Desktop\COPRRA\vendor\laravel\framework\src\Illuminate\Testing\PendingCommand.php:550
C:\Users\Gaser\Desktop\COPRRA\vendor\laravel\framework\src\Illuminate\Testing\PendingCommand.php:448
C:\Users\Gaser\Desktop\COPRRA\vendor\laravel\framework\src\Illuminate\Testing\PendingCommand.php:675
C:\Users\Gaser\Desktop\COPRRA\vendor\laravel\framework\src\Illuminate\Foundation\Testing\Concerns\InteractsWithConsole.php:87
C:\Users\Gaser\Desktop\COPRRA\vendor\laravel\framework\src\Illuminate\Foundation\Testing\RefreshDatabase.php:101
C:\Users\Gaser\Desktop\COPRRA\vendor\laravel\framework\src\Illuminate\Foundation\Testing\RefreshDatabase.php:84
C:\Users\Gaser\Desktop\COPRRA\vendor\laravel\framework\src\Illuminate\Foundation\Testing\RefreshDatabase.php:25
C:\Users\Gaser\Desktop\COPRRA\vendor\laravel\framework\src\Illuminate\Foundation\Testing\Concerns\InteractsWithTestCaseLifecycle.php:209
C:\Users\Gaser\Desktop\COPRRA\vendor\laravel\framework\src\Illuminate\Foundation\Testing\Concerns\InteractsWithTestCaseLifecycle.php:97
C:\Users\Gaser\Desktop\COPRRA\vendor\laravel\framework\src\Illuminate\Foundation\Testing\TestCase.php:44
C:\Users\Gaser\Desktop\COPRRA\tests\TestCase.php:25</error>
        </testcase>
        <testcase name="test_verify_csrf_token_middleware_blocks_invalid_token" file="C:\Users\Gaser\Desktop\COPRRA\tests\Feature\Http\Middleware\VerifyCsrfTokenTest.php" line="36" class="Tests\Feature\Http\Middleware\VerifyCsrfTokenTest" classname="Tests.Feature.Http.Middleware.VerifyCsrfTokenTest" assertions="0" time="0.000000">
          <error type="Error">Tests\Feature\Http\Middleware\VerifyCsrfTokenTest::test_verify_csrf_token_middleware_blocks_invalid_token&#13;
Error: Class "Mockery" not found
&#13;
C:\Users\Gaser\Desktop\COPRRA\vendor\laravel\framework\src\Illuminate\Testing\PendingCommand.php:550
C:\Users\Gaser\Desktop\COPRRA\vendor\laravel\framework\src\Illuminate\Testing\PendingCommand.php:448
C:\Users\Gaser\Desktop\COPRRA\vendor\laravel\framework\src\Illuminate\Testing\PendingCommand.php:675
C:\Users\Gaser\Desktop\COPRRA\vendor\laravel\framework\src\Illuminate\Foundation\Testing\Concerns\InteractsWithConsole.php:87
C:\Users\Gaser\Desktop\COPRRA\vendor\laravel\framework\src\Illuminate\Foundation\Testing\RefreshDatabase.php:101
C:\Users\Gaser\Desktop\COPRRA\vendor\laravel\framework\src\Illuminate\Foundation\Testing\RefreshDatabase.php:84
C:\Users\Gaser\Desktop\COPRRA\vendor\laravel\framework\src\Illuminate\Foundation\Testing\RefreshDatabase.php:25
C:\Users\Gaser\Desktop\COPRRA\vendor\laravel\framework\src\Illuminate\Foundation\Testing\Concerns\InteractsWithTestCaseLifecycle.php:209
C:\Users\Gaser\Desktop\COPRRA\vendor\laravel\framework\src\Illuminate\Foundation\Testing\Concerns\InteractsWithTestCaseLifecycle.php:97
C:\Users\Gaser\Desktop\COPRRA\vendor\laravel\framework\src\Illuminate\Foundation\Testing\TestCase.php:44
C:\Users\Gaser\Desktop\COPRRA\tests\TestCase.php:25</error>
        </testcase>
        <testcase name="test_verify_csrf_token_middleware_allows_get_requests" file="C:\Users\Gaser\Desktop\COPRRA\tests\Feature\Http\Middleware\VerifyCsrfTokenTest.php" line="54" class="Tests\Feature\Http\Middleware\VerifyCsrfTokenTest" classname="Tests.Feature.Http.Middleware.VerifyCsrfTokenTest" assertions="0" time="0.000000">
          <error type="Error">Tests\Feature\Http\Middleware\VerifyCsrfTokenTest::test_verify_csrf_token_middleware_allows_get_requests&#13;
Error: Class "Mockery" not found
&#13;
C:\Users\Gaser\Desktop\COPRRA\vendor\laravel\framework\src\Illuminate\Testing\PendingCommand.php:550
C:\Users\Gaser\Desktop\COPRRA\vendor\laravel\framework\src\Illuminate\Testing\PendingCommand.php:448
C:\Users\Gaser\Desktop\COPRRA\vendor\laravel\framework\src\Illuminate\Testing\PendingCommand.php:675
C:\Users\Gaser\Desktop\COPRRA\vendor\laravel\framework\src\Illuminate\Foundation\Testing\Concerns\InteractsWithConsole.php:87
C:\Users\Gaser\Desktop\COPRRA\vendor\laravel\framework\src\Illuminate\Foundation\Testing\RefreshDatabase.php:101
C:\Users\Gaser\Desktop\COPRRA\vendor\laravel\framework\src\Illuminate\Foundation\Testing\RefreshDatabase.php:84
C:\Users\Gaser\Desktop\COPRRA\vendor\laravel\framework\src\Illuminate\Foundation\Testing\RefreshDatabase.php:25
C:\Users\Gaser\Desktop\COPRRA\vendor\laravel\framework\src\Illuminate\Foundation\Testing\Concerns\InteractsWithTestCaseLifecycle.php:209
C:\Users\Gaser\Desktop\COPRRA\vendor\laravel\framework\src\Illuminate\Foundation\Testing\Concerns\InteractsWithTestCaseLifecycle.php:97
C:\Users\Gaser\Desktop\COPRRA\vendor\laravel\framework\src\Illuminate\Foundation\Testing\TestCase.php:44
C:\Users\Gaser\Desktop\COPRRA\tests\TestCase.php:25</error>
        </testcase>
        <testcase name="test_verify_csrf_token_middleware_allows_head_requests" file="C:\Users\Gaser\Desktop\COPRRA\tests\Feature\Http\Middleware\VerifyCsrfTokenTest.php" line="67" class="Tests\Feature\Http\Middleware\VerifyCsrfTokenTest" classname="Tests.Feature.Http.Middleware.VerifyCsrfTokenTest" assertions="0" time="0.000000">
          <error type="Error">Tests\Feature\Http\Middleware\VerifyCsrfTokenTest::test_verify_csrf_token_middleware_allows_head_requests&#13;
Error: Class "Mockery" not found
&#13;
C:\Users\Gaser\Desktop\COPRRA\vendor\laravel\framework\src\Illuminate\Testing\PendingCommand.php:550
C:\Users\Gaser\Desktop\COPRRA\vendor\laravel\framework\src\Illuminate\Testing\PendingCommand.php:448
C:\Users\Gaser\Desktop\COPRRA\vendor\laravel\framework\src\Illuminate\Testing\PendingCommand.php:675
C:\Users\Gaser\Desktop\COPRRA\vendor\laravel\framework\src\Illuminate\Foundation\Testing\Concerns\InteractsWithConsole.php:87
C:\Users\Gaser\Desktop\COPRRA\vendor\laravel\framework\src\Illuminate\Foundation\Testing\RefreshDatabase.php:101
C:\Users\Gaser\Desktop\COPRRA\vendor\laravel\framework\src\Illuminate\Foundation\Testing\RefreshDatabase.php:84
C:\Users\Gaser\Desktop\COPRRA\vendor\laravel\framework\src\Illuminate\Foundation\Testing\RefreshDatabase.php:25
C:\Users\Gaser\Desktop\COPRRA\vendor\laravel\framework\src\Illuminate\Foundation\Testing\Concerns\InteractsWithTestCaseLifecycle.php:209
C:\Users\Gaser\Desktop\COPRRA\vendor\laravel\framework\src\Illuminate\Foundation\Testing\Concerns\InteractsWithTestCaseLifecycle.php:97
C:\Users\Gaser\Desktop\COPRRA\vendor\laravel\framework\src\Illuminate\Foundation\Testing\TestCase.php:44
C:\Users\Gaser\Desktop\COPRRA\tests\TestCase.php:25</error>
        </testcase>
        <testcase name="test_verify_csrf_token_middleware_allows_options_requests" file="C:\Users\Gaser\Desktop\COPRRA\tests\Feature\Http\Middleware\VerifyCsrfTokenTest.php" line="79" class="Tests\Feature\Http\Middleware\VerifyCsrfTokenTest" classname="Tests.Feature.Http.Middleware.VerifyCsrfTokenTest" assertions="0" time="0.000000">
          <error type="Error">Tests\Feature\Http\Middleware\VerifyCsrfTokenTest::test_verify_csrf_token_middleware_allows_options_requests&#13;
Error: Class "Mockery" not found
&#13;
C:\Users\Gaser\Desktop\COPRRA\vendor\laravel\framework\src\Illuminate\Testing\PendingCommand.php:550
C:\Users\Gaser\Desktop\COPRRA\vendor\laravel\framework\src\Illuminate\Testing\PendingCommand.php:448
C:\Users\Gaser\Desktop\COPRRA\vendor\laravel\framework\src\Illuminate\Testing\PendingCommand.php:675
C:\Users\Gaser\Desktop\COPRRA\vendor\laravel\framework\src\Illuminate\Foundation\Testing\Concerns\InteractsWithConsole.php:87
C:\Users\Gaser\Desktop\COPRRA\vendor\laravel\framework\src\Illuminate\Foundation\Testing\RefreshDatabase.php:101
C:\Users\Gaser\Desktop\COPRRA\vendor\laravel\framework\src\Illuminate\Foundation\Testing\RefreshDatabase.php:84
C:\Users\Gaser\Desktop\COPRRA\vendor\laravel\framework\src\Illuminate\Foundation\Testing\RefreshDatabase.php:25
C:\Users\Gaser\Desktop\COPRRA\vendor\laravel\framework\src\Illuminate\Foundation\Testing\Concerns\InteractsWithTestCaseLifecycle.php:209
C:\Users\Gaser\Desktop\COPRRA\vendor\laravel\framework\src\Illuminate\Foundation\Testing\Concerns\InteractsWithTestCaseLifecycle.php:97
C:\Users\Gaser\Desktop\COPRRA\vendor\laravel\framework\src\Illuminate\Foundation\Testing\TestCase.php:44
C:\Users\Gaser\Desktop\COPRRA\tests\TestCase.php:25</error>
        </testcase>
        <testcase name="test_verify_csrf_token_middleware_blocks_post_requests_without_token" file="C:\Users\Gaser\Desktop\COPRRA\tests\Feature\Http\Middleware\VerifyCsrfTokenTest.php" line="91" class="Tests\Feature\Http\Middleware\VerifyCsrfTokenTest" classname="Tests.Feature.Http.Middleware.VerifyCsrfTokenTest" assertions="0" time="0.000000">
          <error type="Error">Tests\Feature\Http\Middleware\VerifyCsrfTokenTest::test_verify_csrf_token_middleware_blocks_post_requests_without_token&#13;
Error: Class "Mockery" not found
&#13;
C:\Users\Gaser\Desktop\COPRRA\vendor\laravel\framework\src\Illuminate\Testing\PendingCommand.php:550
C:\Users\Gaser\Desktop\COPRRA\vendor\laravel\framework\src\Illuminate\Testing\PendingCommand.php:448
C:\Users\Gaser\Desktop\COPRRA\vendor\laravel\framework\src\Illuminate\Testing\PendingCommand.php:675
C:\Users\Gaser\Desktop\COPRRA\vendor\laravel\framework\src\Illuminate\Foundation\Testing\Concerns\InteractsWithConsole.php:87
C:\Users\Gaser\Desktop\COPRRA\vendor\laravel\framework\src\Illuminate\Foundation\Testing\RefreshDatabase.php:101
C:\Users\Gaser\Desktop\COPRRA\vendor\laravel\framework\src\Illuminate\Foundation\Testing\RefreshDatabase.php:84
C:\Users\Gaser\Desktop\COPRRA\vendor\laravel\framework\src\Illuminate\Foundation\Testing\RefreshDatabase.php:25
C:\Users\Gaser\Desktop\COPRRA\vendor\laravel\framework\src\Illuminate\Foundation\Testing\Concerns\InteractsWithTestCaseLifecycle.php:209
C:\Users\Gaser\Desktop\COPRRA\vendor\laravel\framework\src\Illuminate\Foundation\Testing\Concerns\InteractsWithTestCaseLifecycle.php:97
C:\Users\Gaser\Desktop\COPRRA\vendor\laravel\framework\src\Illuminate\Foundation\Testing\TestCase.php:44
C:\Users\Gaser\Desktop\COPRRA\tests\TestCase.php:25</error>
        </testcase>
      </testsuite>
      <testsuite name="Tests\Feature\Integration\PriceSearchIntegrationTest" file="C:\Users\Gaser\Desktop\COPRRA\tests\Feature\Integration\PriceSearchIntegrationTest.php" tests="3" assertions="0" errors="3" failures="0" skipped="0" time="0.000000">
        <testcase name="test_basic_functionality" file="C:\Users\Gaser\Desktop\COPRRA\tests\Feature\Integration\PriceSearchIntegrationTest.php" line="16" class="Tests\Feature\Integration\PriceSearchIntegrationTest" classname="Tests.Feature.Integration.PriceSearchIntegrationTest" assertions="0" time="0.000000">
          <error type="Error">Tests\Feature\Integration\PriceSearchIntegrationTest::test_basic_functionality&#13;
Error: Class "Mockery" not found
&#13;
C:\Users\Gaser\Desktop\COPRRA\vendor\laravel\framework\src\Illuminate\Testing\PendingCommand.php:550
C:\Users\Gaser\Desktop\COPRRA\vendor\laravel\framework\src\Illuminate\Testing\PendingCommand.php:448
C:\Users\Gaser\Desktop\COPRRA\vendor\laravel\framework\src\Illuminate\Testing\PendingCommand.php:675
C:\Users\Gaser\Desktop\COPRRA\vendor\laravel\framework\src\Illuminate\Foundation\Testing\Concerns\InteractsWithConsole.php:87
C:\Users\Gaser\Desktop\COPRRA\vendor\laravel\framework\src\Illuminate\Foundation\Testing\RefreshDatabase.php:101
C:\Users\Gaser\Desktop\COPRRA\vendor\laravel\framework\src\Illuminate\Foundation\Testing\RefreshDatabase.php:84
C:\Users\Gaser\Desktop\COPRRA\vendor\laravel\framework\src\Illuminate\Foundation\Testing\RefreshDatabase.php:25
C:\Users\Gaser\Desktop\COPRRA\vendor\laravel\framework\src\Illuminate\Foundation\Testing\Concerns\InteractsWithTestCaseLifecycle.php:209
C:\Users\Gaser\Desktop\COPRRA\vendor\laravel\framework\src\Illuminate\Foundation\Testing\Concerns\InteractsWithTestCaseLifecycle.php:97
C:\Users\Gaser\Desktop\COPRRA\vendor\laravel\framework\src\Illuminate\Foundation\Testing\TestCase.php:44
C:\Users\Gaser\Desktop\COPRRA\tests\TestCase.php:25
C:\Users\Gaser\Desktop\COPRRA\tests\Feature\Integration\PriceSearchIntegrationTest.php:38</error>
        </testcase>
        <testcase name="test_expected_behavior" file="C:\Users\Gaser\Desktop\COPRRA\tests\Feature\Integration\PriceSearchIntegrationTest.php" line="23" class="Tests\Feature\Integration\PriceSearchIntegrationTest" classname="Tests.Feature.Integration.PriceSearchIntegrationTest" assertions="0" time="0.000000">
          <error type="Error">Tests\Feature\Integration\PriceSearchIntegrationTest::test_expected_behavior&#13;
Error: Class "Mockery" not found
&#13;
C:\Users\Gaser\Desktop\COPRRA\vendor\laravel\framework\src\Illuminate\Testing\PendingCommand.php:550
C:\Users\Gaser\Desktop\COPRRA\vendor\laravel\framework\src\Illuminate\Testing\PendingCommand.php:448
C:\Users\Gaser\Desktop\COPRRA\vendor\laravel\framework\src\Illuminate\Testing\PendingCommand.php:675
C:\Users\Gaser\Desktop\COPRRA\vendor\laravel\framework\src\Illuminate\Foundation\Testing\Concerns\InteractsWithConsole.php:87
C:\Users\Gaser\Desktop\COPRRA\vendor\laravel\framework\src\Illuminate\Foundation\Testing\RefreshDatabase.php:101
C:\Users\Gaser\Desktop\COPRRA\vendor\laravel\framework\src\Illuminate\Foundation\Testing\RefreshDatabase.php:84
C:\Users\Gaser\Desktop\COPRRA\vendor\laravel\framework\src\Illuminate\Foundation\Testing\RefreshDatabase.php:25
C:\Users\Gaser\Desktop\COPRRA\vendor\laravel\framework\src\Illuminate\Foundation\Testing\Concerns\InteractsWithTestCaseLifecycle.php:209
C:\Users\Gaser\Desktop\COPRRA\vendor\laravel\framework\src\Illuminate\Foundation\Testing\Concerns\InteractsWithTestCaseLifecycle.php:97
C:\Users\Gaser\Desktop\COPRRA\vendor\laravel\framework\src\Illuminate\Foundation\Testing\TestCase.php:44
C:\Users\Gaser\Desktop\COPRRA\tests\TestCase.php:25
C:\Users\Gaser\Desktop\COPRRA\tests\Feature\Integration\PriceSearchIntegrationTest.php:38</error>
        </testcase>
        <testcase name="test_validation" file="C:\Users\Gaser\Desktop\COPRRA\tests\Feature\Integration\PriceSearchIntegrationTest.php" line="30" class="Tests\Feature\Integration\PriceSearchIntegrationTest" classname="Tests.Feature.Integration.PriceSearchIntegrationTest" assertions="0" time="0.000000">
          <error type="Error">Tests\Feature\Integration\PriceSearchIntegrationTest::test_validation&#13;
Error: Class "Mockery" not found
&#13;
C:\Users\Gaser\Desktop\COPRRA\vendor\laravel\framework\src\Illuminate\Testing\PendingCommand.php:550
C:\Users\Gaser\Desktop\COPRRA\vendor\laravel\framework\src\Illuminate\Testing\PendingCommand.php:448
C:\Users\Gaser\Desktop\COPRRA\vendor\laravel\framework\src\Illuminate\Testing\PendingCommand.php:675
C:\Users\Gaser\Desktop\COPRRA\vendor\laravel\framework\src\Illuminate\Foundation\Testing\Concerns\InteractsWithConsole.php:87
C:\Users\Gaser\Desktop\COPRRA\vendor\laravel\framework\src\Illuminate\Foundation\Testing\RefreshDatabase.php:101
C:\Users\Gaser\Desktop\COPRRA\vendor\laravel\framework\src\Illuminate\Foundation\Testing\RefreshDatabase.php:84
C:\Users\Gaser\Desktop\COPRRA\vendor\laravel\framework\src\Illuminate\Foundation\Testing\RefreshDatabase.php:25
C:\Users\Gaser\Desktop\COPRRA\vendor\laravel\framework\src\Illuminate\Foundation\Testing\Concerns\InteractsWithTestCaseLifecycle.php:209
C:\Users\Gaser\Desktop\COPRRA\vendor\laravel\framework\src\Illuminate\Foundation\Testing\Concerns\InteractsWithTestCaseLifecycle.php:97
C:\Users\Gaser\Desktop\COPRRA\vendor\laravel\framework\src\Illuminate\Foundation\Testing\TestCase.php:44
C:\Users\Gaser\Desktop\COPRRA\tests\TestCase.php:25
C:\Users\Gaser\Desktop\COPRRA\tests\Feature\Integration\PriceSearchIntegrationTest.php:38</error>
        </testcase>
      </testsuite>
      <testsuite name="Tests\Feature\LinkCheckerTest" file="C:\Users\Gaser\Desktop\COPRRA\tests\Feature\LinkCheckerTest.php" tests="3" assertions="0" errors="3" failures="0" skipped="0" time="0.000000">
        <testcase name="test_basic_functionality" file="C:\Users\Gaser\Desktop\COPRRA\tests\Feature\LinkCheckerTest.php" line="16" class="Tests\Feature\LinkCheckerTest" classname="Tests.Feature.LinkCheckerTest" assertions="0" time="0.000000">
          <error type="Error">Tests\Feature\LinkCheckerTest::test_basic_functionality&#13;
Error: Class "Mockery" not found
&#13;
C:\Users\Gaser\Desktop\COPRRA\vendor\laravel\framework\src\Illuminate\Testing\PendingCommand.php:550
C:\Users\Gaser\Desktop\COPRRA\vendor\laravel\framework\src\Illuminate\Testing\PendingCommand.php:448
C:\Users\Gaser\Desktop\COPRRA\vendor\laravel\framework\src\Illuminate\Testing\PendingCommand.php:675
C:\Users\Gaser\Desktop\COPRRA\vendor\laravel\framework\src\Illuminate\Foundation\Testing\Concerns\InteractsWithConsole.php:87
C:\Users\Gaser\Desktop\COPRRA\vendor\laravel\framework\src\Illuminate\Foundation\Testing\RefreshDatabase.php:101
C:\Users\Gaser\Desktop\COPRRA\vendor\laravel\framework\src\Illuminate\Foundation\Testing\RefreshDatabase.php:84
C:\Users\Gaser\Desktop\COPRRA\vendor\laravel\framework\src\Illuminate\Foundation\Testing\RefreshDatabase.php:25
C:\Users\Gaser\Desktop\COPRRA\vendor\laravel\framework\src\Illuminate\Foundation\Testing\Concerns\InteractsWithTestCaseLifecycle.php:209
C:\Users\Gaser\Desktop\COPRRA\vendor\laravel\framework\src\Illuminate\Foundation\Testing\Concerns\InteractsWithTestCaseLifecycle.php:97
C:\Users\Gaser\Desktop\COPRRA\vendor\laravel\framework\src\Illuminate\Foundation\Testing\TestCase.php:44
C:\Users\Gaser\Desktop\COPRRA\tests\TestCase.php:25
C:\Users\Gaser\Desktop\COPRRA\tests\Feature\LinkCheckerTest.php:38</error>
        </testcase>
        <testcase name="test_expected_behavior" file="C:\Users\Gaser\Desktop\COPRRA\tests\Feature\LinkCheckerTest.php" line="23" class="Tests\Feature\LinkCheckerTest" classname="Tests.Feature.LinkCheckerTest" assertions="0" time="0.000000">
          <error type="Error">Tests\Feature\LinkCheckerTest::test_expected_behavior&#13;
Error: Class "Mockery" not found
&#13;
C:\Users\Gaser\Desktop\COPRRA\vendor\laravel\framework\src\Illuminate\Testing\PendingCommand.php:550
C:\Users\Gaser\Desktop\COPRRA\vendor\laravel\framework\src\Illuminate\Testing\PendingCommand.php:448
C:\Users\Gaser\Desktop\COPRRA\vendor\laravel\framework\src\Illuminate\Testing\PendingCommand.php:675
C:\Users\Gaser\Desktop\COPRRA\vendor\laravel\framework\src\Illuminate\Foundation\Testing\Concerns\InteractsWithConsole.php:87
C:\Users\Gaser\Desktop\COPRRA\vendor\laravel\framework\src\Illuminate\Foundation\Testing\RefreshDatabase.php:101
C:\Users\Gaser\Desktop\COPRRA\vendor\laravel\framework\src\Illuminate\Foundation\Testing\RefreshDatabase.php:84
C:\Users\Gaser\Desktop\COPRRA\vendor\laravel\framework\src\Illuminate\Foundation\Testing\RefreshDatabase.php:25
C:\Users\Gaser\Desktop\COPRRA\vendor\laravel\framework\src\Illuminate\Foundation\Testing\Concerns\InteractsWithTestCaseLifecycle.php:209
C:\Users\Gaser\Desktop\COPRRA\vendor\laravel\framework\src\Illuminate\Foundation\Testing\Concerns\InteractsWithTestCaseLifecycle.php:97
C:\Users\Gaser\Desktop\COPRRA\vendor\laravel\framework\src\Illuminate\Foundation\Testing\TestCase.php:44
C:\Users\Gaser\Desktop\COPRRA\tests\TestCase.php:25
C:\Users\Gaser\Desktop\COPRRA\tests\Feature\LinkCheckerTest.php:38</error>
        </testcase>
        <testcase name="test_validation" file="C:\Users\Gaser\Desktop\COPRRA\tests\Feature\LinkCheckerTest.php" line="30" class="Tests\Feature\LinkCheckerTest" classname="Tests.Feature.LinkCheckerTest" assertions="0" time="0.000000">
          <error type="Error">Tests\Feature\LinkCheckerTest::test_validation&#13;
Error: Class "Mockery" not found
&#13;
C:\Users\Gaser\Desktop\COPRRA\vendor\laravel\framework\src\Illuminate\Testing\PendingCommand.php:550
C:\Users\Gaser\Desktop\COPRRA\vendor\laravel\framework\src\Illuminate\Testing\PendingCommand.php:448
C:\Users\Gaser\Desktop\COPRRA\vendor\laravel\framework\src\Illuminate\Testing\PendingCommand.php:675
C:\Users\Gaser\Desktop\COPRRA\vendor\laravel\framework\src\Illuminate\Foundation\Testing\Concerns\InteractsWithConsole.php:87
C:\Users\Gaser\Desktop\COPRRA\vendor\laravel\framework\src\Illuminate\Foundation\Testing\RefreshDatabase.php:101
C:\Users\Gaser\Desktop\COPRRA\vendor\laravel\framework\src\Illuminate\Foundation\Testing\RefreshDatabase.php:84
C:\Users\Gaser\Desktop\COPRRA\vendor\laravel\framework\src\Illuminate\Foundation\Testing\RefreshDatabase.php:25
C:\Users\Gaser\Desktop\COPRRA\vendor\laravel\framework\src\Illuminate\Foundation\Testing\Concerns\InteractsWithTestCaseLifecycle.php:209
C:\Users\Gaser\Desktop\COPRRA\vendor\laravel\framework\src\Illuminate\Foundation\Testing\Concerns\InteractsWithTestCaseLifecycle.php:97
C:\Users\Gaser\Desktop\COPRRA\vendor\laravel\framework\src\Illuminate\Foundation\Testing\TestCase.php:44
C:\Users\Gaser\Desktop\COPRRA\tests\TestCase.php:25
C:\Users\Gaser\Desktop\COPRRA\tests\Feature\LinkCheckerTest.php:38</error>
        </testcase>
      </testsuite>
      <testsuite name="Tests\Feature\MemoryLeakTest" file="C:\Users\Gaser\Desktop\COPRRA\tests\Feature\MemoryLeakTest.php" tests="3" assertions="0" errors="3" failures="0" skipped="0" time="0.000000">
        <testcase name="test_basic_functionality" file="C:\Users\Gaser\Desktop\COPRRA\tests\Feature\MemoryLeakTest.php" line="16" class="Tests\Feature\MemoryLeakTest" classname="Tests.Feature.MemoryLeakTest" assertions="0" time="0.000000">
          <error type="Error">Tests\Feature\MemoryLeakTest::test_basic_functionality&#13;
Error: Class "Mockery" not found
&#13;
C:\Users\Gaser\Desktop\COPRRA\vendor\laravel\framework\src\Illuminate\Testing\PendingCommand.php:550
C:\Users\Gaser\Desktop\COPRRA\vendor\laravel\framework\src\Illuminate\Testing\PendingCommand.php:448
C:\Users\Gaser\Desktop\COPRRA\vendor\laravel\framework\src\Illuminate\Testing\PendingCommand.php:675
C:\Users\Gaser\Desktop\COPRRA\vendor\laravel\framework\src\Illuminate\Foundation\Testing\Concerns\InteractsWithConsole.php:87
C:\Users\Gaser\Desktop\COPRRA\vendor\laravel\framework\src\Illuminate\Foundation\Testing\RefreshDatabase.php:101
C:\Users\Gaser\Desktop\COPRRA\vendor\laravel\framework\src\Illuminate\Foundation\Testing\RefreshDatabase.php:84
C:\Users\Gaser\Desktop\COPRRA\vendor\laravel\framework\src\Illuminate\Foundation\Testing\RefreshDatabase.php:25
C:\Users\Gaser\Desktop\COPRRA\vendor\laravel\framework\src\Illuminate\Foundation\Testing\Concerns\InteractsWithTestCaseLifecycle.php:209
C:\Users\Gaser\Desktop\COPRRA\vendor\laravel\framework\src\Illuminate\Foundation\Testing\Concerns\InteractsWithTestCaseLifecycle.php:97
C:\Users\Gaser\Desktop\COPRRA\vendor\laravel\framework\src\Illuminate\Foundation\Testing\TestCase.php:44
C:\Users\Gaser\Desktop\COPRRA\tests\TestCase.php:25
C:\Users\Gaser\Desktop\COPRRA\tests\Feature\MemoryLeakTest.php:38</error>
        </testcase>
        <testcase name="test_expected_behavior" file="C:\Users\Gaser\Desktop\COPRRA\tests\Feature\MemoryLeakTest.php" line="23" class="Tests\Feature\MemoryLeakTest" classname="Tests.Feature.MemoryLeakTest" assertions="0" time="0.000000">
          <error type="Error">Tests\Feature\MemoryLeakTest::test_expected_behavior&#13;
Error: Class "Mockery" not found
&#13;
C:\Users\Gaser\Desktop\COPRRA\vendor\laravel\framework\src\Illuminate\Testing\PendingCommand.php:550
C:\Users\Gaser\Desktop\COPRRA\vendor\laravel\framework\src\Illuminate\Testing\PendingCommand.php:448
C:\Users\Gaser\Desktop\COPRRA\vendor\laravel\framework\src\Illuminate\Testing\PendingCommand.php:675
C:\Users\Gaser\Desktop\COPRRA\vendor\laravel\framework\src\Illuminate\Foundation\Testing\Concerns\InteractsWithConsole.php:87
C:\Users\Gaser\Desktop\COPRRA\vendor\laravel\framework\src\Illuminate\Foundation\Testing\RefreshDatabase.php:101
C:\Users\Gaser\Desktop\COPRRA\vendor\laravel\framework\src\Illuminate\Foundation\Testing\RefreshDatabase.php:84
C:\Users\Gaser\Desktop\COPRRA\vendor\laravel\framework\src\Illuminate\Foundation\Testing\RefreshDatabase.php:25
C:\Users\Gaser\Desktop\COPRRA\vendor\laravel\framework\src\Illuminate\Foundation\Testing\Concerns\InteractsWithTestCaseLifecycle.php:209
C:\Users\Gaser\Desktop\COPRRA\vendor\laravel\framework\src\Illuminate\Foundation\Testing\Concerns\InteractsWithTestCaseLifecycle.php:97
C:\Users\Gaser\Desktop\COPRRA\vendor\laravel\framework\src\Illuminate\Foundation\Testing\TestCase.php:44
C:\Users\Gaser\Desktop\COPRRA\tests\TestCase.php:25
C:\Users\Gaser\Desktop\COPRRA\tests\Feature\MemoryLeakTest.php:38</error>
        </testcase>
        <testcase name="test_validation" file="C:\Users\Gaser\Desktop\COPRRA\tests\Feature\MemoryLeakTest.php" line="30" class="Tests\Feature\MemoryLeakTest" classname="Tests.Feature.MemoryLeakTest" assertions="0" time="0.000000">
          <error type="Error">Tests\Feature\MemoryLeakTest::test_validation&#13;
Error: Class "Mockery" not found
&#13;
C:\Users\Gaser\Desktop\COPRRA\vendor\laravel\framework\src\Illuminate\Testing\PendingCommand.php:550
C:\Users\Gaser\Desktop\COPRRA\vendor\laravel\framework\src\Illuminate\Testing\PendingCommand.php:448
C:\Users\Gaser\Desktop\COPRRA\vendor\laravel\framework\src\Illuminate\Testing\PendingCommand.php:675
C:\Users\Gaser\Desktop\COPRRA\vendor\laravel\framework\src\Illuminate\Foundation\Testing\Concerns\InteractsWithConsole.php:87
C:\Users\Gaser\Desktop\COPRRA\vendor\laravel\framework\src\Illuminate\Foundation\Testing\RefreshDatabase.php:101
C:\Users\Gaser\Desktop\COPRRA\vendor\laravel\framework\src\Illuminate\Foundation\Testing\RefreshDatabase.php:84
C:\Users\Gaser\Desktop\COPRRA\vendor\laravel\framework\src\Illuminate\Foundation\Testing\RefreshDatabase.php:25
C:\Users\Gaser\Desktop\COPRRA\vendor\laravel\framework\src\Illuminate\Foundation\Testing\Concerns\InteractsWithTestCaseLifecycle.php:209
C:\Users\Gaser\Desktop\COPRRA\vendor\laravel\framework\src\Illuminate\Foundation\Testing\Concerns\InteractsWithTestCaseLifecycle.php:97
C:\Users\Gaser\Desktop\COPRRA\vendor\laravel\framework\src\Illuminate\Foundation\Testing\TestCase.php:44
C:\Users\Gaser\Desktop\COPRRA\tests\TestCase.php:25
C:\Users\Gaser\Desktop\COPRRA\tests\Feature\MemoryLeakTest.php:38</error>
        </testcase>
      </testsuite>
      <testsuite name="Tests\Feature\Models\AuditLogSimpleTest" file="C:\Users\Gaser\Desktop\COPRRA\tests\Feature\Models\AuditLogSimpleTest.php" tests="12" assertions="0" errors="12" failures="0" skipped="0" time="0.000000">
        <testcase name="test_it_has_correct_fillable_attributes" file="C:\Users\Gaser\Desktop\COPRRA\tests\Feature\Models\AuditLogSimpleTest.php" line="14" class="Tests\Feature\Models\AuditLogSimpleTest" classname="Tests.Feature.Models.AuditLogSimpleTest" assertions="0" time="0.000000">
          <error type="Error">Tests\Feature\Models\AuditLogSimpleTest::test_it_has_correct_fillable_attributes&#13;
Error: Class "Mockery" not found
&#13;
C:\Users\Gaser\Desktop\COPRRA\vendor\laravel\framework\src\Illuminate\Testing\PendingCommand.php:550
C:\Users\Gaser\Desktop\COPRRA\vendor\laravel\framework\src\Illuminate\Testing\PendingCommand.php:448
C:\Users\Gaser\Desktop\COPRRA\vendor\laravel\framework\src\Illuminate\Testing\PendingCommand.php:675
C:\Users\Gaser\Desktop\COPRRA\vendor\laravel\framework\src\Illuminate\Foundation\Testing\Concerns\InteractsWithConsole.php:87
C:\Users\Gaser\Desktop\COPRRA\vendor\laravel\framework\src\Illuminate\Foundation\Testing\RefreshDatabase.php:101
C:\Users\Gaser\Desktop\COPRRA\vendor\laravel\framework\src\Illuminate\Foundation\Testing\RefreshDatabase.php:84
C:\Users\Gaser\Desktop\COPRRA\vendor\laravel\framework\src\Illuminate\Foundation\Testing\RefreshDatabase.php:25
C:\Users\Gaser\Desktop\COPRRA\vendor\laravel\framework\src\Illuminate\Foundation\Testing\Concerns\InteractsWithTestCaseLifecycle.php:209
C:\Users\Gaser\Desktop\COPRRA\vendor\laravel\framework\src\Illuminate\Foundation\Testing\Concerns\InteractsWithTestCaseLifecycle.php:97
C:\Users\Gaser\Desktop\COPRRA\vendor\laravel\framework\src\Illuminate\Foundation\Testing\TestCase.php:44
C:\Users\Gaser\Desktop\COPRRA\tests\TestCase.php:25</error>
        </testcase>
        <testcase name="test_it_has_correct_casts" file="C:\Users\Gaser\Desktop\COPRRA\tests\Feature\Models\AuditLogSimpleTest.php" line="36" class="Tests\Feature\Models\AuditLogSimpleTest" classname="Tests.Feature.Models.AuditLogSimpleTest" assertions="0" time="0.000000">
          <error type="Error">Tests\Feature\Models\AuditLogSimpleTest::test_it_has_correct_casts&#13;
Error: Class "Mockery" not found
&#13;
C:\Users\Gaser\Desktop\COPRRA\vendor\laravel\framework\src\Illuminate\Testing\PendingCommand.php:550
C:\Users\Gaser\Desktop\COPRRA\vendor\laravel\framework\src\Illuminate\Testing\PendingCommand.php:448
C:\Users\Gaser\Desktop\COPRRA\vendor\laravel\framework\src\Illuminate\Testing\PendingCommand.php:675
C:\Users\Gaser\Desktop\COPRRA\vendor\laravel\framework\src\Illuminate\Foundation\Testing\Concerns\InteractsWithConsole.php:87
C:\Users\Gaser\Desktop\COPRRA\vendor\laravel\framework\src\Illuminate\Foundation\Testing\RefreshDatabase.php:101
C:\Users\Gaser\Desktop\COPRRA\vendor\laravel\framework\src\Illuminate\Foundation\Testing\RefreshDatabase.php:84
C:\Users\Gaser\Desktop\COPRRA\vendor\laravel\framework\src\Illuminate\Foundation\Testing\RefreshDatabase.php:25
C:\Users\Gaser\Desktop\COPRRA\vendor\laravel\framework\src\Illuminate\Foundation\Testing\Concerns\InteractsWithTestCaseLifecycle.php:209
C:\Users\Gaser\Desktop\COPRRA\vendor\laravel\framework\src\Illuminate\Foundation\Testing\Concerns\InteractsWithTestCaseLifecycle.php:97
C:\Users\Gaser\Desktop\COPRRA\vendor\laravel\framework\src\Illuminate\Foundation\Testing\TestCase.php:44
C:\Users\Gaser\Desktop\COPRRA\tests\TestCase.php:25</error>
        </testcase>
        <testcase name="test_it_has_correct_table_name" file="C:\Users\Gaser\Desktop\COPRRA\tests\Feature\Models\AuditLogSimpleTest.php" line="51" class="Tests\Feature\Models\AuditLogSimpleTest" classname="Tests.Feature.Models.AuditLogSimpleTest" assertions="0" time="0.000000">
          <error type="Error">Tests\Feature\Models\AuditLogSimpleTest::test_it_has_correct_table_name&#13;
Error: Class "Mockery" not found
&#13;
C:\Users\Gaser\Desktop\COPRRA\vendor\laravel\framework\src\Illuminate\Testing\PendingCommand.php:550
C:\Users\Gaser\Desktop\COPRRA\vendor\laravel\framework\src\Illuminate\Testing\PendingCommand.php:448
C:\Users\Gaser\Desktop\COPRRA\vendor\laravel\framework\src\Illuminate\Testing\PendingCommand.php:675
C:\Users\Gaser\Desktop\COPRRA\vendor\laravel\framework\src\Illuminate\Foundation\Testing\Concerns\InteractsWithConsole.php:87
C:\Users\Gaser\Desktop\COPRRA\vendor\laravel\framework\src\Illuminate\Foundation\Testing\RefreshDatabase.php:101
C:\Users\Gaser\Desktop\COPRRA\vendor\laravel\framework\src\Illuminate\Foundation\Testing\RefreshDatabase.php:84
C:\Users\Gaser\Desktop\COPRRA\vendor\laravel\framework\src\Illuminate\Foundation\Testing\RefreshDatabase.php:25
C:\Users\Gaser\Desktop\COPRRA\vendor\laravel\framework\src\Illuminate\Foundation\Testing\Concerns\InteractsWithTestCaseLifecycle.php:209
C:\Users\Gaser\Desktop\COPRRA\vendor\laravel\framework\src\Illuminate\Foundation\Testing\Concerns\InteractsWithTestCaseLifecycle.php:97
C:\Users\Gaser\Desktop\COPRRA\vendor\laravel\framework\src\Illuminate\Foundation\Testing\TestCase.php:44
C:\Users\Gaser\Desktop\COPRRA\tests\TestCase.php:25</error>
        </testcase>
        <testcase name="test_it_uses_timestamps" file="C:\Users\Gaser\Desktop\COPRRA\tests\Feature\Models\AuditLogSimpleTest.php" line="59" class="Tests\Feature\Models\AuditLogSimpleTest" classname="Tests.Feature.Models.AuditLogSimpleTest" assertions="0" time="0.000000">
          <error type="Error">Tests\Feature\Models\AuditLogSimpleTest::test_it_uses_timestamps&#13;
Error: Class "Mockery" not found
&#13;
C:\Users\Gaser\Desktop\COPRRA\vendor\laravel\framework\src\Illuminate\Testing\PendingCommand.php:550
C:\Users\Gaser\Desktop\COPRRA\vendor\laravel\framework\src\Illuminate\Testing\PendingCommand.php:448
C:\Users\Gaser\Desktop\COPRRA\vendor\laravel\framework\src\Illuminate\Testing\PendingCommand.php:675
C:\Users\Gaser\Desktop\COPRRA\vendor\laravel\framework\src\Illuminate\Foundation\Testing\Concerns\InteractsWithConsole.php:87
C:\Users\Gaser\Desktop\COPRRA\vendor\laravel\framework\src\Illuminate\Foundation\Testing\RefreshDatabase.php:101
C:\Users\Gaser\Desktop\COPRRA\vendor\laravel\framework\src\Illuminate\Foundation\Testing\RefreshDatabase.php:84
C:\Users\Gaser\Desktop\COPRRA\vendor\laravel\framework\src\Illuminate\Foundation\Testing\RefreshDatabase.php:25
C:\Users\Gaser\Desktop\COPRRA\vendor\laravel\framework\src\Illuminate\Foundation\Testing\Concerns\InteractsWithTestCaseLifecycle.php:209
C:\Users\Gaser\Desktop\COPRRA\vendor\laravel\framework\src\Illuminate\Foundation\Testing\Concerns\InteractsWithTestCaseLifecycle.php:97
C:\Users\Gaser\Desktop\COPRRA\vendor\laravel\framework\src\Illuminate\Foundation\Testing\TestCase.php:44
C:\Users\Gaser\Desktop\COPRRA\tests\TestCase.php:25</error>
        </testcase>
        <testcase name="test_get_formatted_event_attribute" file="C:\Users\Gaser\Desktop\COPRRA\tests\Feature\Models\AuditLogSimpleTest.php" line="67" class="Tests\Feature\Models\AuditLogSimpleTest" classname="Tests.Feature.Models.AuditLogSimpleTest" assertions="0" time="0.000000">
          <error type="Error">Tests\Feature\Models\AuditLogSimpleTest::test_get_formatted_event_attribute&#13;
Error: Class "Mockery" not found
&#13;
C:\Users\Gaser\Desktop\COPRRA\vendor\laravel\framework\src\Illuminate\Testing\PendingCommand.php:550
C:\Users\Gaser\Desktop\COPRRA\vendor\laravel\framework\src\Illuminate\Testing\PendingCommand.php:448
C:\Users\Gaser\Desktop\COPRRA\vendor\laravel\framework\src\Illuminate\Testing\PendingCommand.php:675
C:\Users\Gaser\Desktop\COPRRA\vendor\laravel\framework\src\Illuminate\Foundation\Testing\Concerns\InteractsWithConsole.php:87
C:\Users\Gaser\Desktop\COPRRA\vendor\laravel\framework\src\Illuminate\Foundation\Testing\RefreshDatabase.php:101
C:\Users\Gaser\Desktop\COPRRA\vendor\laravel\framework\src\Illuminate\Foundation\Testing\RefreshDatabase.php:84
C:\Users\Gaser\Desktop\COPRRA\vendor\laravel\framework\src\Illuminate\Foundation\Testing\RefreshDatabase.php:25
C:\Users\Gaser\Desktop\COPRRA\vendor\laravel\framework\src\Illuminate\Foundation\Testing\Concerns\InteractsWithTestCaseLifecycle.php:209
C:\Users\Gaser\Desktop\COPRRA\vendor\laravel\framework\src\Illuminate\Foundation\Testing\Concerns\InteractsWithTestCaseLifecycle.php:97
C:\Users\Gaser\Desktop\COPRRA\vendor\laravel\framework\src\Illuminate\Foundation\Testing\TestCase.php:44
C:\Users\Gaser\Desktop\COPRRA\tests\TestCase.php:25</error>
        </testcase>
        <testcase name="test_get_changes_summary_attribute_with_changes" file="C:\Users\Gaser\Desktop\COPRRA\tests\Feature\Models\AuditLogSimpleTest.php" line="75" class="Tests\Feature\Models\AuditLogSimpleTest" classname="Tests.Feature.Models.AuditLogSimpleTest" assertions="0" time="0.000000">
          <error type="Error">Tests\Feature\Models\AuditLogSimpleTest::test_get_changes_summary_attribute_with_changes&#13;
Error: Class "Mockery" not found
&#13;
C:\Users\Gaser\Desktop\COPRRA\vendor\laravel\framework\src\Illuminate\Testing\PendingCommand.php:550
C:\Users\Gaser\Desktop\COPRRA\vendor\laravel\framework\src\Illuminate\Testing\PendingCommand.php:448
C:\Users\Gaser\Desktop\COPRRA\vendor\laravel\framework\src\Illuminate\Testing\PendingCommand.php:675
C:\Users\Gaser\Desktop\COPRRA\vendor\laravel\framework\src\Illuminate\Foundation\Testing\Concerns\InteractsWithConsole.php:87
C:\Users\Gaser\Desktop\COPRRA\vendor\laravel\framework\src\Illuminate\Foundation\Testing\RefreshDatabase.php:101
C:\Users\Gaser\Desktop\COPRRA\vendor\laravel\framework\src\Illuminate\Foundation\Testing\RefreshDatabase.php:84
C:\Users\Gaser\Desktop\COPRRA\vendor\laravel\framework\src\Illuminate\Foundation\Testing\RefreshDatabase.php:25
C:\Users\Gaser\Desktop\COPRRA\vendor\laravel\framework\src\Illuminate\Foundation\Testing\Concerns\InteractsWithTestCaseLifecycle.php:209
C:\Users\Gaser\Desktop\COPRRA\vendor\laravel\framework\src\Illuminate\Foundation\Testing\Concerns\InteractsWithTestCaseLifecycle.php:97
C:\Users\Gaser\Desktop\COPRRA\vendor\laravel\framework\src\Illuminate\Foundation\Testing\TestCase.php:44
C:\Users\Gaser\Desktop\COPRRA\tests\TestCase.php:25</error>
        </testcase>
        <testcase name="test_get_changes_summary_attribute_without_changes" file="C:\Users\Gaser\Desktop\COPRRA\tests\Feature\Models\AuditLogSimpleTest.php" line="89" class="Tests\Feature\Models\AuditLogSimpleTest" classname="Tests.Feature.Models.AuditLogSimpleTest" assertions="0" time="0.000000">
          <error type="Error">Tests\Feature\Models\AuditLogSimpleTest::test_get_changes_summary_attribute_without_changes&#13;
Error: Class "Mockery" not found
&#13;
C:\Users\Gaser\Desktop\COPRRA\vendor\laravel\framework\src\Illuminate\Testing\PendingCommand.php:550
C:\Users\Gaser\Desktop\COPRRA\vendor\laravel\framework\src\Illuminate\Testing\PendingCommand.php:448
C:\Users\Gaser\Desktop\COPRRA\vendor\laravel\framework\src\Illuminate\Testing\PendingCommand.php:675
C:\Users\Gaser\Desktop\COPRRA\vendor\laravel\framework\src\Illuminate\Foundation\Testing\Concerns\InteractsWithConsole.php:87
C:\Users\Gaser\Desktop\COPRRA\vendor\laravel\framework\src\Illuminate\Foundation\Testing\RefreshDatabase.php:101
C:\Users\Gaser\Desktop\COPRRA\vendor\laravel\framework\src\Illuminate\Foundation\Testing\RefreshDatabase.php:84
C:\Users\Gaser\Desktop\COPRRA\vendor\laravel\framework\src\Illuminate\Foundation\Testing\RefreshDatabase.php:25
C:\Users\Gaser\Desktop\COPRRA\vendor\laravel\framework\src\Illuminate\Foundation\Testing\Concerns\InteractsWithTestCaseLifecycle.php:209
C:\Users\Gaser\Desktop\COPRRA\vendor\laravel\framework\src\Illuminate\Foundation\Testing\Concerns\InteractsWithTestCaseLifecycle.php:97
C:\Users\Gaser\Desktop\COPRRA\vendor\laravel\framework\src\Illuminate\Foundation\Testing\TestCase.php:44
C:\Users\Gaser\Desktop\COPRRA\tests\TestCase.php:25</error>
        </testcase>
        <testcase name="test_get_changes_summary_attribute_with_no_old_values" file="C:\Users\Gaser\Desktop\COPRRA\tests\Feature\Models\AuditLogSimpleTest.php" line="102" class="Tests\Feature\Models\AuditLogSimpleTest" classname="Tests.Feature.Models.AuditLogSimpleTest" assertions="0" time="0.000000">
          <error type="Error">Tests\Feature\Models\AuditLogSimpleTest::test_get_changes_summary_attribute_with_no_old_values&#13;
Error: Class "Mockery" not found
&#13;
C:\Users\Gaser\Desktop\COPRRA\vendor\laravel\framework\src\Illuminate\Testing\PendingCommand.php:550
C:\Users\Gaser\Desktop\COPRRA\vendor\laravel\framework\src\Illuminate\Testing\PendingCommand.php:448
C:\Users\Gaser\Desktop\COPRRA\vendor\laravel\framework\src\Illuminate\Testing\PendingCommand.php:675
C:\Users\Gaser\Desktop\COPRRA\vendor\laravel\framework\src\Illuminate\Foundation\Testing\Concerns\InteractsWithConsole.php:87
C:\Users\Gaser\Desktop\COPRRA\vendor\laravel\framework\src\Illuminate\Foundation\Testing\RefreshDatabase.php:101
C:\Users\Gaser\Desktop\COPRRA\vendor\laravel\framework\src\Illuminate\Foundation\Testing\RefreshDatabase.php:84
C:\Users\Gaser\Desktop\COPRRA\vendor\laravel\framework\src\Illuminate\Foundation\Testing\RefreshDatabase.php:25
C:\Users\Gaser\Desktop\COPRRA\vendor\laravel\framework\src\Illuminate\Foundation\Testing\Concerns\InteractsWithTestCaseLifecycle.php:209
C:\Users\Gaser\Desktop\COPRRA\vendor\laravel\framework\src\Illuminate\Foundation\Testing\Concerns\InteractsWithTestCaseLifecycle.php:97
C:\Users\Gaser\Desktop\COPRRA\vendor\laravel\framework\src\Illuminate\Foundation\Testing\TestCase.php:44
C:\Users\Gaser\Desktop\COPRRA\tests\TestCase.php:25</error>
        </testcase>
        <testcase name="test_get_changes_summary_attribute_with_no_new_values" file="C:\Users\Gaser\Desktop\COPRRA\tests\Feature\Models\AuditLogSimpleTest.php" line="115" class="Tests\Feature\Models\AuditLogSimpleTest" classname="Tests.Feature.Models.AuditLogSimpleTest" assertions="0" time="0.000000">
          <error type="Error">Tests\Feature\Models\AuditLogSimpleTest::test_get_changes_summary_attribute_with_no_new_values&#13;
Error: Class "Mockery" not found
&#13;
C:\Users\Gaser\Desktop\COPRRA\vendor\laravel\framework\src\Illuminate\Testing\PendingCommand.php:550
C:\Users\Gaser\Desktop\COPRRA\vendor\laravel\framework\src\Illuminate\Testing\PendingCommand.php:448
C:\Users\Gaser\Desktop\COPRRA\vendor\laravel\framework\src\Illuminate\Testing\PendingCommand.php:675
C:\Users\Gaser\Desktop\COPRRA\vendor\laravel\framework\src\Illuminate\Foundation\Testing\Concerns\InteractsWithConsole.php:87
C:\Users\Gaser\Desktop\COPRRA\vendor\laravel\framework\src\Illuminate\Foundation\Testing\RefreshDatabase.php:101
C:\Users\Gaser\Desktop\COPRRA\vendor\laravel\framework\src\Illuminate\Foundation\Testing\RefreshDatabase.php:84
C:\Users\Gaser\Desktop\COPRRA\vendor\laravel\framework\src\Illuminate\Foundation\Testing\RefreshDatabase.php:25
C:\Users\Gaser\Desktop\COPRRA\vendor\laravel\framework\src\Illuminate\Foundation\Testing\Concerns\InteractsWithTestCaseLifecycle.php:209
C:\Users\Gaser\Desktop\COPRRA\vendor\laravel\framework\src\Illuminate\Foundation\Testing\Concerns\InteractsWithTestCaseLifecycle.php:97
C:\Users\Gaser\Desktop\COPRRA\vendor\laravel\framework\src\Illuminate\Foundation\Testing\TestCase.php:44
C:\Users\Gaser\Desktop\COPRRA\tests\TestCase.php:25</error>
        </testcase>
        <testcase name="test_get_changes_summary_attribute_with_unchanged_values" file="C:\Users\Gaser\Desktop\COPRRA\tests\Feature\Models\AuditLogSimpleTest.php" line="128" class="Tests\Feature\Models\AuditLogSimpleTest" classname="Tests.Feature.Models.AuditLogSimpleTest" assertions="0" time="0.000000">
          <error type="Error">Tests\Feature\Models\AuditLogSimpleTest::test_get_changes_summary_attribute_with_unchanged_values&#13;
Error: Class "Mockery" not found
&#13;
C:\Users\Gaser\Desktop\COPRRA\vendor\laravel\framework\src\Illuminate\Testing\PendingCommand.php:550
C:\Users\Gaser\Desktop\COPRRA\vendor\laravel\framework\src\Illuminate\Testing\PendingCommand.php:448
C:\Users\Gaser\Desktop\COPRRA\vendor\laravel\framework\src\Illuminate\Testing\PendingCommand.php:675
C:\Users\Gaser\Desktop\COPRRA\vendor\laravel\framework\src\Illuminate\Foundation\Testing\Concerns\InteractsWithConsole.php:87
C:\Users\Gaser\Desktop\COPRRA\vendor\laravel\framework\src\Illuminate\Foundation\Testing\RefreshDatabase.php:101
C:\Users\Gaser\Desktop\COPRRA\vendor\laravel\framework\src\Illuminate\Foundation\Testing\RefreshDatabase.php:84
C:\Users\Gaser\Desktop\COPRRA\vendor\laravel\framework\src\Illuminate\Foundation\Testing\RefreshDatabase.php:25
C:\Users\Gaser\Desktop\COPRRA\vendor\laravel\framework\src\Illuminate\Foundation\Testing\Concerns\InteractsWithTestCaseLifecycle.php:209
C:\Users\Gaser\Desktop\COPRRA\vendor\laravel\framework\src\Illuminate\Foundation\Testing\Concerns\InteractsWithTestCaseLifecycle.php:97
C:\Users\Gaser\Desktop\COPRRA\vendor\laravel\framework\src\Illuminate\Foundation\Testing\TestCase.php:44
C:\Users\Gaser\Desktop\COPRRA\tests\TestCase.php:25</error>
        </testcase>
        <testcase name="test_get_changes_summary_attribute_with_mixed_data_types" file="C:\Users\Gaser\Desktop\COPRRA\tests\Feature\Models\AuditLogSimpleTest.php" line="141" class="Tests\Feature\Models\AuditLogSimpleTest" classname="Tests.Feature.Models.AuditLogSimpleTest" assertions="0" time="0.000000">
          <error type="Error">Tests\Feature\Models\AuditLogSimpleTest::test_get_changes_summary_attribute_with_mixed_data_types&#13;
Error: Class "Mockery" not found
&#13;
C:\Users\Gaser\Desktop\COPRRA\vendor\laravel\framework\src\Illuminate\Testing\PendingCommand.php:550
C:\Users\Gaser\Desktop\COPRRA\vendor\laravel\framework\src\Illuminate\Testing\PendingCommand.php:448
C:\Users\Gaser\Desktop\COPRRA\vendor\laravel\framework\src\Illuminate\Testing\PendingCommand.php:675
C:\Users\Gaser\Desktop\COPRRA\vendor\laravel\framework\src\Illuminate\Foundation\Testing\Concerns\InteractsWithConsole.php:87
C:\Users\Gaser\Desktop\COPRRA\vendor\laravel\framework\src\Illuminate\Foundation\Testing\RefreshDatabase.php:101
C:\Users\Gaser\Desktop\COPRRA\vendor\laravel\framework\src\Illuminate\Foundation\Testing\RefreshDatabase.php:84
C:\Users\Gaser\Desktop\COPRRA\vendor\laravel\framework\src\Illuminate\Foundation\Testing\RefreshDatabase.php:25
C:\Users\Gaser\Desktop\COPRRA\vendor\laravel\framework\src\Illuminate\Foundation\Testing\Concerns\InteractsWithTestCaseLifecycle.php:209
C:\Users\Gaser\Desktop\COPRRA\vendor\laravel\framework\src\Illuminate\Foundation\Testing\Concerns\InteractsWithTestCaseLifecycle.php:97
C:\Users\Gaser\Desktop\COPRRA\vendor\laravel\framework\src\Illuminate\Foundation\Testing\TestCase.php:44
C:\Users\Gaser\Desktop\COPRRA\tests\TestCase.php:25</error>
        </testcase>
        <testcase name="test_can_be_instantiated" file="C:\Users\Gaser\Desktop\COPRRA\tests\Feature\Models\AuditLogSimpleTest.php" line="158" class="Tests\Feature\Models\AuditLogSimpleTest" classname="Tests.Feature.Models.AuditLogSimpleTest" assertions="0" time="0.000000">
          <error type="Error">Tests\Feature\Models\AuditLogSimpleTest::test_can_be_instantiated&#13;
Error: Class "Mockery" not found
&#13;
C:\Users\Gaser\Desktop\COPRRA\vendor\laravel\framework\src\Illuminate\Testing\PendingCommand.php:550
C:\Users\Gaser\Desktop\COPRRA\vendor\laravel\framework\src\Illuminate\Testing\PendingCommand.php:448
C:\Users\Gaser\Desktop\COPRRA\vendor\laravel\framework\src\Illuminate\Testing\PendingCommand.php:675
C:\Users\Gaser\Desktop\COPRRA\vendor\laravel\framework\src\Illuminate\Foundation\Testing\Concerns\InteractsWithConsole.php:87
C:\Users\Gaser\Desktop\COPRRA\vendor\laravel\framework\src\Illuminate\Foundation\Testing\RefreshDatabase.php:101
C:\Users\Gaser\Desktop\COPRRA\vendor\laravel\framework\src\Illuminate\Foundation\Testing\RefreshDatabase.php:84
C:\Users\Gaser\Desktop\COPRRA\vendor\laravel\framework\src\Illuminate\Foundation\Testing\RefreshDatabase.php:25
C:\Users\Gaser\Desktop\COPRRA\vendor\laravel\framework\src\Illuminate\Foundation\Testing\Concerns\InteractsWithTestCaseLifecycle.php:209
C:\Users\Gaser\Desktop\COPRRA\vendor\laravel\framework\src\Illuminate\Foundation\Testing\Concerns\InteractsWithTestCaseLifecycle.php:97
C:\Users\Gaser\Desktop\COPRRA\vendor\laravel\framework\src\Illuminate\Foundation\Testing\TestCase.php:44
C:\Users\Gaser\Desktop\COPRRA\tests\TestCase.php:25</error>
        </testcase>
      </testsuite>
      <testsuite name="Tests\Feature\Models\AuditLogTest" file="C:\Users\Gaser\Desktop\COPRRA\tests\Feature\Models\AuditLogTest.php" tests="17" assertions="0" errors="17" failures="0" skipped="0" time="0.000000">
        <testcase name="test_it_can_create_an_audit_log" file="C:\Users\Gaser\Desktop\COPRRA\tests\Feature\Models\AuditLogTest.php" line="19" class="Tests\Feature\Models\AuditLogTest" classname="Tests.Feature.Models.AuditLogTest" assertions="0" time="0.000000">
          <error type="Error">Tests\Feature\Models\AuditLogTest::test_it_can_create_an_audit_log&#13;
Error: Class "Mockery" not found
&#13;
C:\Users\Gaser\Desktop\COPRRA\vendor\laravel\framework\src\Illuminate\Testing\PendingCommand.php:550
C:\Users\Gaser\Desktop\COPRRA\vendor\laravel\framework\src\Illuminate\Testing\PendingCommand.php:448
C:\Users\Gaser\Desktop\COPRRA\vendor\laravel\framework\src\Illuminate\Testing\PendingCommand.php:675
C:\Users\Gaser\Desktop\COPRRA\vendor\laravel\framework\src\Illuminate\Foundation\Testing\Concerns\InteractsWithConsole.php:87
C:\Users\Gaser\Desktop\COPRRA\vendor\laravel\framework\src\Illuminate\Foundation\Testing\RefreshDatabase.php:101
C:\Users\Gaser\Desktop\COPRRA\vendor\laravel\framework\src\Illuminate\Foundation\Testing\RefreshDatabase.php:84
C:\Users\Gaser\Desktop\COPRRA\vendor\laravel\framework\src\Illuminate\Foundation\Testing\RefreshDatabase.php:25
C:\Users\Gaser\Desktop\COPRRA\vendor\laravel\framework\src\Illuminate\Foundation\Testing\Concerns\InteractsWithTestCaseLifecycle.php:209
C:\Users\Gaser\Desktop\COPRRA\vendor\laravel\framework\src\Illuminate\Foundation\Testing\Concerns\InteractsWithTestCaseLifecycle.php:97
C:\Users\Gaser\Desktop\COPRRA\vendor\laravel\framework\src\Illuminate\Foundation\Testing\TestCase.php:44
C:\Users\Gaser\Desktop\COPRRA\tests\TestCase.php:25</error>
        </testcase>
        <testcase name="test_it_casts_attributes_correctly" file="C:\Users\Gaser\Desktop\COPRRA\tests\Feature\Models\AuditLogTest.php" line="62" class="Tests\Feature\Models\AuditLogTest" classname="Tests.Feature.Models.AuditLogTest" assertions="0" time="0.000000">
          <error type="Error">Tests\Feature\Models\AuditLogTest::test_it_casts_attributes_correctly&#13;
Error: Class "Mockery" not found
&#13;
C:\Users\Gaser\Desktop\COPRRA\vendor\laravel\framework\src\Illuminate\Testing\PendingCommand.php:550
C:\Users\Gaser\Desktop\COPRRA\vendor\laravel\framework\src\Illuminate\Testing\PendingCommand.php:448
C:\Users\Gaser\Desktop\COPRRA\vendor\laravel\framework\src\Illuminate\Testing\PendingCommand.php:675
C:\Users\Gaser\Desktop\COPRRA\vendor\laravel\framework\src\Illuminate\Foundation\Testing\Concerns\InteractsWithConsole.php:87
C:\Users\Gaser\Desktop\COPRRA\vendor\laravel\framework\src\Illuminate\Foundation\Testing\RefreshDatabase.php:101
C:\Users\Gaser\Desktop\COPRRA\vendor\laravel\framework\src\Illuminate\Foundation\Testing\RefreshDatabase.php:84
C:\Users\Gaser\Desktop\COPRRA\vendor\laravel\framework\src\Illuminate\Foundation\Testing\RefreshDatabase.php:25
C:\Users\Gaser\Desktop\COPRRA\vendor\laravel\framework\src\Illuminate\Foundation\Testing\Concerns\InteractsWithTestCaseLifecycle.php:209
C:\Users\Gaser\Desktop\COPRRA\vendor\laravel\framework\src\Illuminate\Foundation\Testing\Concerns\InteractsWithTestCaseLifecycle.php:97
C:\Users\Gaser\Desktop\COPRRA\vendor\laravel\framework\src\Illuminate\Foundation\Testing\TestCase.php:44
C:\Users\Gaser\Desktop\COPRRA\tests\TestCase.php:25</error>
        </testcase>
        <testcase name="test_it_belongs_to_user" file="C:\Users\Gaser\Desktop\COPRRA\tests\Feature\Models\AuditLogTest.php" line="90" class="Tests\Feature\Models\AuditLogTest" classname="Tests.Feature.Models.AuditLogTest" assertions="0" time="0.000000">
          <error type="Error">Tests\Feature\Models\AuditLogTest::test_it_belongs_to_user&#13;
Error: Class "Mockery" not found
&#13;
C:\Users\Gaser\Desktop\COPRRA\vendor\laravel\framework\src\Illuminate\Testing\PendingCommand.php:550
C:\Users\Gaser\Desktop\COPRRA\vendor\laravel\framework\src\Illuminate\Testing\PendingCommand.php:448
C:\Users\Gaser\Desktop\COPRRA\vendor\laravel\framework\src\Illuminate\Testing\PendingCommand.php:675
C:\Users\Gaser\Desktop\COPRRA\vendor\laravel\framework\src\Illuminate\Foundation\Testing\Concerns\InteractsWithConsole.php:87
C:\Users\Gaser\Desktop\COPRRA\vendor\laravel\framework\src\Illuminate\Foundation\Testing\RefreshDatabase.php:101
C:\Users\Gaser\Desktop\COPRRA\vendor\laravel\framework\src\Illuminate\Foundation\Testing\RefreshDatabase.php:84
C:\Users\Gaser\Desktop\COPRRA\vendor\laravel\framework\src\Illuminate\Foundation\Testing\RefreshDatabase.php:25
C:\Users\Gaser\Desktop\COPRRA\vendor\laravel\framework\src\Illuminate\Foundation\Testing\Concerns\InteractsWithTestCaseLifecycle.php:209
C:\Users\Gaser\Desktop\COPRRA\vendor\laravel\framework\src\Illuminate\Foundation\Testing\Concerns\InteractsWithTestCaseLifecycle.php:97
C:\Users\Gaser\Desktop\COPRRA\vendor\laravel\framework\src\Illuminate\Foundation\Testing\TestCase.php:44
C:\Users\Gaser\Desktop\COPRRA\tests\TestCase.php:25</error>
        </testcase>
        <testcase name="test_it_has_morph_to_auditable" file="C:\Users\Gaser\Desktop\COPRRA\tests\Feature\Models\AuditLogTest.php" line="106" class="Tests\Feature\Models\AuditLogTest" classname="Tests.Feature.Models.AuditLogTest" assertions="0" time="0.000000">
          <error type="Error">Tests\Feature\Models\AuditLogTest::test_it_has_morph_to_auditable&#13;
Error: Class "Mockery" not found
&#13;
C:\Users\Gaser\Desktop\COPRRA\vendor\laravel\framework\src\Illuminate\Testing\PendingCommand.php:550
C:\Users\Gaser\Desktop\COPRRA\vendor\laravel\framework\src\Illuminate\Testing\PendingCommand.php:448
C:\Users\Gaser\Desktop\COPRRA\vendor\laravel\framework\src\Illuminate\Testing\PendingCommand.php:675
C:\Users\Gaser\Desktop\COPRRA\vendor\laravel\framework\src\Illuminate\Foundation\Testing\Concerns\InteractsWithConsole.php:87
C:\Users\Gaser\Desktop\COPRRA\vendor\laravel\framework\src\Illuminate\Foundation\Testing\RefreshDatabase.php:101
C:\Users\Gaser\Desktop\COPRRA\vendor\laravel\framework\src\Illuminate\Foundation\Testing\RefreshDatabase.php:84
C:\Users\Gaser\Desktop\COPRRA\vendor\laravel\framework\src\Illuminate\Foundation\Testing\RefreshDatabase.php:25
C:\Users\Gaser\Desktop\COPRRA\vendor\laravel\framework\src\Illuminate\Foundation\Testing\Concerns\InteractsWithTestCaseLifecycle.php:209
C:\Users\Gaser\Desktop\COPRRA\vendor\laravel\framework\src\Illuminate\Foundation\Testing\Concerns\InteractsWithTestCaseLifecycle.php:97
C:\Users\Gaser\Desktop\COPRRA\vendor\laravel\framework\src\Illuminate\Foundation\Testing\TestCase.php:44
C:\Users\Gaser\Desktop\COPRRA\tests\TestCase.php:25</error>
        </testcase>
        <testcase name="test_scope_event_filters_by_event" file="C:\Users\Gaser\Desktop\COPRRA\tests\Feature\Models\AuditLogTest.php" line="119" class="Tests\Feature\Models\AuditLogTest" classname="Tests.Feature.Models.AuditLogTest" assertions="0" time="0.000000">
          <error type="Error">Tests\Feature\Models\AuditLogTest::test_scope_event_filters_by_event&#13;
Error: Class "Mockery" not found
&#13;
C:\Users\Gaser\Desktop\COPRRA\vendor\laravel\framework\src\Illuminate\Testing\PendingCommand.php:550
C:\Users\Gaser\Desktop\COPRRA\vendor\laravel\framework\src\Illuminate\Testing\PendingCommand.php:448
C:\Users\Gaser\Desktop\COPRRA\vendor\laravel\framework\src\Illuminate\Testing\PendingCommand.php:675
C:\Users\Gaser\Desktop\COPRRA\vendor\laravel\framework\src\Illuminate\Foundation\Testing\Concerns\InteractsWithConsole.php:87
C:\Users\Gaser\Desktop\COPRRA\vendor\laravel\framework\src\Illuminate\Foundation\Testing\RefreshDatabase.php:101
C:\Users\Gaser\Desktop\COPRRA\vendor\laravel\framework\src\Illuminate\Foundation\Testing\RefreshDatabase.php:84
C:\Users\Gaser\Desktop\COPRRA\vendor\laravel\framework\src\Illuminate\Foundation\Testing\RefreshDatabase.php:25
C:\Users\Gaser\Desktop\COPRRA\vendor\laravel\framework\src\Illuminate\Foundation\Testing\Concerns\InteractsWithTestCaseLifecycle.php:209
C:\Users\Gaser\Desktop\COPRRA\vendor\laravel\framework\src\Illuminate\Foundation\Testing\Concerns\InteractsWithTestCaseLifecycle.php:97
C:\Users\Gaser\Desktop\COPRRA\vendor\laravel\framework\src\Illuminate\Foundation\Testing\TestCase.php:44
C:\Users\Gaser\Desktop\COPRRA\tests\TestCase.php:25</error>
        </testcase>
        <testcase name="test_scope_for_user_filters_by_user_id" file="C:\Users\Gaser\Desktop\COPRRA\tests\Feature\Models\AuditLogTest.php" line="138" class="Tests\Feature\Models\AuditLogTest" classname="Tests.Feature.Models.AuditLogTest" assertions="0" time="0.000000">
          <error type="Error">Tests\Feature\Models\AuditLogTest::test_scope_for_user_filters_by_user_id&#13;
Error: Class "Mockery" not found
&#13;
C:\Users\Gaser\Desktop\COPRRA\vendor\laravel\framework\src\Illuminate\Testing\PendingCommand.php:550
C:\Users\Gaser\Desktop\COPRRA\vendor\laravel\framework\src\Illuminate\Testing\PendingCommand.php:448
C:\Users\Gaser\Desktop\COPRRA\vendor\laravel\framework\src\Illuminate\Testing\PendingCommand.php:675
C:\Users\Gaser\Desktop\COPRRA\vendor\laravel\framework\src\Illuminate\Foundation\Testing\Concerns\InteractsWithConsole.php:87
C:\Users\Gaser\Desktop\COPRRA\vendor\laravel\framework\src\Illuminate\Foundation\Testing\RefreshDatabase.php:101
C:\Users\Gaser\Desktop\COPRRA\vendor\laravel\framework\src\Illuminate\Foundation\Testing\RefreshDatabase.php:84
C:\Users\Gaser\Desktop\COPRRA\vendor\laravel\framework\src\Illuminate\Foundation\Testing\RefreshDatabase.php:25
C:\Users\Gaser\Desktop\COPRRA\vendor\laravel\framework\src\Illuminate\Foundation\Testing\Concerns\InteractsWithTestCaseLifecycle.php:209
C:\Users\Gaser\Desktop\COPRRA\vendor\laravel\framework\src\Illuminate\Foundation\Testing\Concerns\InteractsWithTestCaseLifecycle.php:97
C:\Users\Gaser\Desktop\COPRRA\vendor\laravel\framework\src\Illuminate\Foundation\Testing\TestCase.php:44
C:\Users\Gaser\Desktop\COPRRA\tests\TestCase.php:25</error>
        </testcase>
        <testcase name="test_scope_for_model_filters_by_auditable_type" file="C:\Users\Gaser\Desktop\COPRRA\tests\Feature\Models\AuditLogTest.php" line="157" class="Tests\Feature\Models\AuditLogTest" classname="Tests.Feature.Models.AuditLogTest" assertions="0" time="0.000000">
          <error type="Error">Tests\Feature\Models\AuditLogTest::test_scope_for_model_filters_by_auditable_type&#13;
Error: Class "Mockery" not found
&#13;
C:\Users\Gaser\Desktop\COPRRA\vendor\laravel\framework\src\Illuminate\Testing\PendingCommand.php:550
C:\Users\Gaser\Desktop\COPRRA\vendor\laravel\framework\src\Illuminate\Testing\PendingCommand.php:448
C:\Users\Gaser\Desktop\COPRRA\vendor\laravel\framework\src\Illuminate\Testing\PendingCommand.php:675
C:\Users\Gaser\Desktop\COPRRA\vendor\laravel\framework\src\Illuminate\Foundation\Testing\Concerns\InteractsWithConsole.php:87
C:\Users\Gaser\Desktop\COPRRA\vendor\laravel\framework\src\Illuminate\Foundation\Testing\RefreshDatabase.php:101
C:\Users\Gaser\Desktop\COPRRA\vendor\laravel\framework\src\Illuminate\Foundation\Testing\RefreshDatabase.php:84
C:\Users\Gaser\Desktop\COPRRA\vendor\laravel\framework\src\Illuminate\Foundation\Testing\RefreshDatabase.php:25
C:\Users\Gaser\Desktop\COPRRA\vendor\laravel\framework\src\Illuminate\Foundation\Testing\Concerns\InteractsWithTestCaseLifecycle.php:209
C:\Users\Gaser\Desktop\COPRRA\vendor\laravel\framework\src\Illuminate\Foundation\Testing\Concerns\InteractsWithTestCaseLifecycle.php:97
C:\Users\Gaser\Desktop\COPRRA\vendor\laravel\framework\src\Illuminate\Foundation\Testing\TestCase.php:44
C:\Users\Gaser\Desktop\COPRRA\tests\TestCase.php:25</error>
        </testcase>
        <testcase name="test_scope_date_range_filters_by_created_at" file="C:\Users\Gaser\Desktop\COPRRA\tests\Feature\Models\AuditLogTest.php" line="173" class="Tests\Feature\Models\AuditLogTest" classname="Tests.Feature.Models.AuditLogTest" assertions="0" time="0.000000">
          <error type="Error">Tests\Feature\Models\AuditLogTest::test_scope_date_range_filters_by_created_at&#13;
Error: Class "Mockery" not found
&#13;
C:\Users\Gaser\Desktop\COPRRA\vendor\laravel\framework\src\Illuminate\Testing\PendingCommand.php:550
C:\Users\Gaser\Desktop\COPRRA\vendor\laravel\framework\src\Illuminate\Testing\PendingCommand.php:448
C:\Users\Gaser\Desktop\COPRRA\vendor\laravel\framework\src\Illuminate\Testing\PendingCommand.php:675
C:\Users\Gaser\Desktop\COPRRA\vendor\laravel\framework\src\Illuminate\Foundation\Testing\Concerns\InteractsWithConsole.php:87
C:\Users\Gaser\Desktop\COPRRA\vendor\laravel\framework\src\Illuminate\Foundation\Testing\RefreshDatabase.php:101
C:\Users\Gaser\Desktop\COPRRA\vendor\laravel\framework\src\Illuminate\Foundation\Testing\RefreshDatabase.php:84
C:\Users\Gaser\Desktop\COPRRA\vendor\laravel\framework\src\Illuminate\Foundation\Testing\RefreshDatabase.php:25
C:\Users\Gaser\Desktop\COPRRA\vendor\laravel\framework\src\Illuminate\Foundation\Testing\Concerns\InteractsWithTestCaseLifecycle.php:209
C:\Users\Gaser\Desktop\COPRRA\vendor\laravel\framework\src\Illuminate\Foundation\Testing\Concerns\InteractsWithTestCaseLifecycle.php:97
C:\Users\Gaser\Desktop\COPRRA\vendor\laravel\framework\src\Illuminate\Foundation\Testing\TestCase.php:44
C:\Users\Gaser\Desktop\COPRRA\tests\TestCase.php:25</error>
        </testcase>
        <testcase name="test_get_formatted_event_attribute" file="C:\Users\Gaser\Desktop\COPRRA\tests\Feature\Models\AuditLogTest.php" line="193" class="Tests\Feature\Models\AuditLogTest" classname="Tests.Feature.Models.AuditLogTest" assertions="0" time="0.000000">
          <error type="Error">Tests\Feature\Models\AuditLogTest::test_get_formatted_event_attribute&#13;
Error: Class "Mockery" not found
&#13;
C:\Users\Gaser\Desktop\COPRRA\vendor\laravel\framework\src\Illuminate\Testing\PendingCommand.php:550
C:\Users\Gaser\Desktop\COPRRA\vendor\laravel\framework\src\Illuminate\Testing\PendingCommand.php:448
C:\Users\Gaser\Desktop\COPRRA\vendor\laravel\framework\src\Illuminate\Testing\PendingCommand.php:675
C:\Users\Gaser\Desktop\COPRRA\vendor\laravel\framework\src\Illuminate\Foundation\Testing\Concerns\InteractsWithConsole.php:87
C:\Users\Gaser\Desktop\COPRRA\vendor\laravel\framework\src\Illuminate\Foundation\Testing\RefreshDatabase.php:101
C:\Users\Gaser\Desktop\COPRRA\vendor\laravel\framework\src\Illuminate\Foundation\Testing\RefreshDatabase.php:84
C:\Users\Gaser\Desktop\COPRRA\vendor\laravel\framework\src\Illuminate\Foundation\Testing\RefreshDatabase.php:25
C:\Users\Gaser\Desktop\COPRRA\vendor\laravel\framework\src\Illuminate\Foundation\Testing\Concerns\InteractsWithTestCaseLifecycle.php:209
C:\Users\Gaser\Desktop\COPRRA\vendor\laravel\framework\src\Illuminate\Foundation\Testing\Concerns\InteractsWithTestCaseLifecycle.php:97
C:\Users\Gaser\Desktop\COPRRA\vendor\laravel\framework\src\Illuminate\Foundation\Testing\TestCase.php:44
C:\Users\Gaser\Desktop\COPRRA\tests\TestCase.php:25</error>
        </testcase>
        <testcase name="test_get_changes_summary_attribute_with_changes" file="C:\Users\Gaser\Desktop\COPRRA\tests\Feature\Models\AuditLogTest.php" line="201" class="Tests\Feature\Models\AuditLogTest" classname="Tests.Feature.Models.AuditLogTest" assertions="0" time="0.000000">
          <error type="Error">Tests\Feature\Models\AuditLogTest::test_get_changes_summary_attribute_with_changes&#13;
Error: Class "Mockery" not found
&#13;
C:\Users\Gaser\Desktop\COPRRA\vendor\laravel\framework\src\Illuminate\Testing\PendingCommand.php:550
C:\Users\Gaser\Desktop\COPRRA\vendor\laravel\framework\src\Illuminate\Testing\PendingCommand.php:448
C:\Users\Gaser\Desktop\COPRRA\vendor\laravel\framework\src\Illuminate\Testing\PendingCommand.php:675
C:\Users\Gaser\Desktop\COPRRA\vendor\laravel\framework\src\Illuminate\Foundation\Testing\Concerns\InteractsWithConsole.php:87
C:\Users\Gaser\Desktop\COPRRA\vendor\laravel\framework\src\Illuminate\Foundation\Testing\RefreshDatabase.php:101
C:\Users\Gaser\Desktop\COPRRA\vendor\laravel\framework\src\Illuminate\Foundation\Testing\RefreshDatabase.php:84
C:\Users\Gaser\Desktop\COPRRA\vendor\laravel\framework\src\Illuminate\Foundation\Testing\RefreshDatabase.php:25
C:\Users\Gaser\Desktop\COPRRA\vendor\laravel\framework\src\Illuminate\Foundation\Testing\Concerns\InteractsWithTestCaseLifecycle.php:209
C:\Users\Gaser\Desktop\COPRRA\vendor\laravel\framework\src\Illuminate\Foundation\Testing\Concerns\InteractsWithTestCaseLifecycle.php:97
C:\Users\Gaser\Desktop\COPRRA\vendor\laravel\framework\src\Illuminate\Foundation\Testing\TestCase.php:44
C:\Users\Gaser\Desktop\COPRRA\tests\TestCase.php:25</error>
        </testcase>
        <testcase name="test_get_changes_summary_attribute_without_changes" file="C:\Users\Gaser\Desktop\COPRRA\tests\Feature\Models\AuditLogTest.php" line="214" class="Tests\Feature\Models\AuditLogTest" classname="Tests.Feature.Models.AuditLogTest" assertions="0" time="0.000000">
          <error type="Error">Tests\Feature\Models\AuditLogTest::test_get_changes_summary_attribute_without_changes&#13;
Error: Class "Mockery" not found
&#13;
C:\Users\Gaser\Desktop\COPRRA\vendor\laravel\framework\src\Illuminate\Testing\PendingCommand.php:550
C:\Users\Gaser\Desktop\COPRRA\vendor\laravel\framework\src\Illuminate\Testing\PendingCommand.php:448
C:\Users\Gaser\Desktop\COPRRA\vendor\laravel\framework\src\Illuminate\Testing\PendingCommand.php:675
C:\Users\Gaser\Desktop\COPRRA\vendor\laravel\framework\src\Illuminate\Foundation\Testing\Concerns\InteractsWithConsole.php:87
C:\Users\Gaser\Desktop\COPRRA\vendor\laravel\framework\src\Illuminate\Foundation\Testing\RefreshDatabase.php:101
C:\Users\Gaser\Desktop\COPRRA\vendor\laravel\framework\src\Illuminate\Foundation\Testing\RefreshDatabase.php:84
C:\Users\Gaser\Desktop\COPRRA\vendor\laravel\framework\src\Illuminate\Foundation\Testing\RefreshDatabase.php:25
C:\Users\Gaser\Desktop\COPRRA\vendor\laravel\framework\src\Illuminate\Foundation\Testing\Concerns\InteractsWithTestCaseLifecycle.php:209
C:\Users\Gaser\Desktop\COPRRA\vendor\laravel\framework\src\Illuminate\Foundation\Testing\Concerns\InteractsWithTestCaseLifecycle.php:97
C:\Users\Gaser\Desktop\COPRRA\vendor\laravel\framework\src\Illuminate\Foundation\Testing\TestCase.php:44
C:\Users\Gaser\Desktop\COPRRA\tests\TestCase.php:25</error>
        </testcase>
        <testcase name="test_get_changes_summary_attribute_with_no_old_values" file="C:\Users\Gaser\Desktop\COPRRA\tests\Feature\Models\AuditLogTest.php" line="225" class="Tests\Feature\Models\AuditLogTest" classname="Tests.Feature.Models.AuditLogTest" assertions="0" time="0.000000">
          <error type="Error">Tests\Feature\Models\AuditLogTest::test_get_changes_summary_attribute_with_no_old_values&#13;
Error: Class "Mockery" not found
&#13;
C:\Users\Gaser\Desktop\COPRRA\vendor\laravel\framework\src\Illuminate\Testing\PendingCommand.php:550
C:\Users\Gaser\Desktop\COPRRA\vendor\laravel\framework\src\Illuminate\Testing\PendingCommand.php:448
C:\Users\Gaser\Desktop\COPRRA\vendor\laravel\framework\src\Illuminate\Testing\PendingCommand.php:675
C:\Users\Gaser\Desktop\COPRRA\vendor\laravel\framework\src\Illuminate\Foundation\Testing\Concerns\InteractsWithConsole.php:87
C:\Users\Gaser\Desktop\COPRRA\vendor\laravel\framework\src\Illuminate\Foundation\Testing\RefreshDatabase.php:101
C:\Users\Gaser\Desktop\COPRRA\vendor\laravel\framework\src\Illuminate\Foundation\Testing\RefreshDatabase.php:84
C:\Users\Gaser\Desktop\COPRRA\vendor\laravel\framework\src\Illuminate\Foundation\Testing\RefreshDatabase.php:25
C:\Users\Gaser\Desktop\COPRRA\vendor\laravel\framework\src\Illuminate\Foundation\Testing\Concerns\InteractsWithTestCaseLifecycle.php:209
C:\Users\Gaser\Desktop\COPRRA\vendor\laravel\framework\src\Illuminate\Foundation\Testing\Concerns\InteractsWithTestCaseLifecycle.php:97
C:\Users\Gaser\Desktop\COPRRA\vendor\laravel\framework\src\Illuminate\Foundation\Testing\TestCase.php:44
C:\Users\Gaser\Desktop\COPRRA\tests\TestCase.php:25</error>
        </testcase>
        <testcase name="test_get_changes_summary_attribute_with_no_new_values" file="C:\Users\Gaser\Desktop\COPRRA\tests\Feature\Models\AuditLogTest.php" line="236" class="Tests\Feature\Models\AuditLogTest" classname="Tests.Feature.Models.AuditLogTest" assertions="0" time="0.000000">
          <error type="Error">Tests\Feature\Models\AuditLogTest::test_get_changes_summary_attribute_with_no_new_values&#13;
Error: Class "Mockery" not found
&#13;
C:\Users\Gaser\Desktop\COPRRA\vendor\laravel\framework\src\Illuminate\Testing\PendingCommand.php:550
C:\Users\Gaser\Desktop\COPRRA\vendor\laravel\framework\src\Illuminate\Testing\PendingCommand.php:448
C:\Users\Gaser\Desktop\COPRRA\vendor\laravel\framework\src\Illuminate\Testing\PendingCommand.php:675
C:\Users\Gaser\Desktop\COPRRA\vendor\laravel\framework\src\Illuminate\Foundation\Testing\Concerns\InteractsWithConsole.php:87
C:\Users\Gaser\Desktop\COPRRA\vendor\laravel\framework\src\Illuminate\Foundation\Testing\RefreshDatabase.php:101
C:\Users\Gaser\Desktop\COPRRA\vendor\laravel\framework\src\Illuminate\Foundation\Testing\RefreshDatabase.php:84
C:\Users\Gaser\Desktop\COPRRA\vendor\laravel\framework\src\Illuminate\Foundation\Testing\RefreshDatabase.php:25
C:\Users\Gaser\Desktop\COPRRA\vendor\laravel\framework\src\Illuminate\Foundation\Testing\Concerns\InteractsWithTestCaseLifecycle.php:209
C:\Users\Gaser\Desktop\COPRRA\vendor\laravel\framework\src\Illuminate\Foundation\Testing\Concerns\InteractsWithTestCaseLifecycle.php:97
C:\Users\Gaser\Desktop\COPRRA\vendor\laravel\framework\src\Illuminate\Foundation\Testing\TestCase.php:44
C:\Users\Gaser\Desktop\COPRRA\tests\TestCase.php:25</error>
        </testcase>
        <testcase name="test_get_changes_summary_attribute_with_unchanged_values" file="C:\Users\Gaser\Desktop\COPRRA\tests\Feature\Models\AuditLogTest.php" line="247" class="Tests\Feature\Models\AuditLogTest" classname="Tests.Feature.Models.AuditLogTest" assertions="0" time="0.000000">
          <error type="Error">Tests\Feature\Models\AuditLogTest::test_get_changes_summary_attribute_with_unchanged_values&#13;
Error: Class "Mockery" not found
&#13;
C:\Users\Gaser\Desktop\COPRRA\vendor\laravel\framework\src\Illuminate\Testing\PendingCommand.php:550
C:\Users\Gaser\Desktop\COPRRA\vendor\laravel\framework\src\Illuminate\Testing\PendingCommand.php:448
C:\Users\Gaser\Desktop\COPRRA\vendor\laravel\framework\src\Illuminate\Testing\PendingCommand.php:675
C:\Users\Gaser\Desktop\COPRRA\vendor\laravel\framework\src\Illuminate\Foundation\Testing\Concerns\InteractsWithConsole.php:87
C:\Users\Gaser\Desktop\COPRRA\vendor\laravel\framework\src\Illuminate\Foundation\Testing\RefreshDatabase.php:101
C:\Users\Gaser\Desktop\COPRRA\vendor\laravel\framework\src\Illuminate\Foundation\Testing\RefreshDatabase.php:84
C:\Users\Gaser\Desktop\COPRRA\vendor\laravel\framework\src\Illuminate\Foundation\Testing\RefreshDatabase.php:25
C:\Users\Gaser\Desktop\COPRRA\vendor\laravel\framework\src\Illuminate\Foundation\Testing\Concerns\InteractsWithTestCaseLifecycle.php:209
C:\Users\Gaser\Desktop\COPRRA\vendor\laravel\framework\src\Illuminate\Foundation\Testing\Concerns\InteractsWithTestCaseLifecycle.php:97
C:\Users\Gaser\Desktop\COPRRA\vendor\laravel\framework\src\Illuminate\Foundation\Testing\TestCase.php:44
C:\Users\Gaser\Desktop\COPRRA\tests\TestCase.php:25</error>
        </testcase>
        <testcase name="test_get_changes_summary_attribute_with_mixed_data_types" file="C:\Users\Gaser\Desktop\COPRRA\tests\Feature\Models\AuditLogTest.php" line="258" class="Tests\Feature\Models\AuditLogTest" classname="Tests.Feature.Models.AuditLogTest" assertions="0" time="0.000000">
          <error type="Error">Tests\Feature\Models\AuditLogTest::test_get_changes_summary_attribute_with_mixed_data_types&#13;
Error: Class "Mockery" not found
&#13;
C:\Users\Gaser\Desktop\COPRRA\vendor\laravel\framework\src\Illuminate\Testing\PendingCommand.php:550
C:\Users\Gaser\Desktop\COPRRA\vendor\laravel\framework\src\Illuminate\Testing\PendingCommand.php:448
C:\Users\Gaser\Desktop\COPRRA\vendor\laravel\framework\src\Illuminate\Testing\PendingCommand.php:675
C:\Users\Gaser\Desktop\COPRRA\vendor\laravel\framework\src\Illuminate\Foundation\Testing\Concerns\InteractsWithConsole.php:87
C:\Users\Gaser\Desktop\COPRRA\vendor\laravel\framework\src\Illuminate\Foundation\Testing\RefreshDatabase.php:101
C:\Users\Gaser\Desktop\COPRRA\vendor\laravel\framework\src\Illuminate\Foundation\Testing\RefreshDatabase.php:84
C:\Users\Gaser\Desktop\COPRRA\vendor\laravel\framework\src\Illuminate\Foundation\Testing\RefreshDatabase.php:25
C:\Users\Gaser\Desktop\COPRRA\vendor\laravel\framework\src\Illuminate\Foundation\Testing\Concerns\InteractsWithTestCaseLifecycle.php:209
C:\Users\Gaser\Desktop\COPRRA\vendor\laravel\framework\src\Illuminate\Foundation\Testing\Concerns\InteractsWithTestCaseLifecycle.php:97
C:\Users\Gaser\Desktop\COPRRA\vendor\laravel\framework\src\Illuminate\Foundation\Testing\TestCase.php:44
C:\Users\Gaser\Desktop\COPRRA\tests\TestCase.php:25</error>
        </testcase>
        <testcase name="test_factory_creates_valid_audit_log" file="C:\Users\Gaser\Desktop\COPRRA\tests\Feature\Models\AuditLogTest.php" line="272" class="Tests\Feature\Models\AuditLogTest" classname="Tests.Feature.Models.AuditLogTest" assertions="0" time="0.000000">
          <error type="Error">Tests\Feature\Models\AuditLogTest::test_factory_creates_valid_audit_log&#13;
Error: Class "Mockery" not found
&#13;
C:\Users\Gaser\Desktop\COPRRA\vendor\laravel\framework\src\Illuminate\Testing\PendingCommand.php:550
C:\Users\Gaser\Desktop\COPRRA\vendor\laravel\framework\src\Illuminate\Testing\PendingCommand.php:448
C:\Users\Gaser\Desktop\COPRRA\vendor\laravel\framework\src\Illuminate\Testing\PendingCommand.php:675
C:\Users\Gaser\Desktop\COPRRA\vendor\laravel\framework\src\Illuminate\Foundation\Testing\Concerns\InteractsWithConsole.php:87
C:\Users\Gaser\Desktop\COPRRA\vendor\laravel\framework\src\Illuminate\Foundation\Testing\RefreshDatabase.php:101
C:\Users\Gaser\Desktop\COPRRA\vendor\laravel\framework\src\Illuminate\Foundation\Testing\RefreshDatabase.php:84
C:\Users\Gaser\Desktop\COPRRA\vendor\laravel\framework\src\Illuminate\Foundation\Testing\RefreshDatabase.php:25
C:\Users\Gaser\Desktop\COPRRA\vendor\laravel\framework\src\Illuminate\Foundation\Testing\Concerns\InteractsWithTestCaseLifecycle.php:209
C:\Users\Gaser\Desktop\COPRRA\vendor\laravel\framework\src\Illuminate\Foundation\Testing\Concerns\InteractsWithTestCaseLifecycle.php:97
C:\Users\Gaser\Desktop\COPRRA\vendor\laravel\framework\src\Illuminate\Foundation\Testing\TestCase.php:44
C:\Users\Gaser\Desktop\COPRRA\tests\TestCase.php:25</error>
        </testcase>
        <testcase name="test_fillable_attributes" file="C:\Users\Gaser\Desktop\COPRRA\tests\Feature\Models\AuditLogTest.php" line="283" class="Tests\Feature\Models\AuditLogTest" classname="Tests.Feature.Models.AuditLogTest" assertions="0" time="0.000000">
          <error type="Error">Tests\Feature\Models\AuditLogTest::test_fillable_attributes&#13;
Error: Class "Mockery" not found
&#13;
C:\Users\Gaser\Desktop\COPRRA\vendor\laravel\framework\src\Illuminate\Testing\PendingCommand.php:550
C:\Users\Gaser\Desktop\COPRRA\vendor\laravel\framework\src\Illuminate\Testing\PendingCommand.php:448
C:\Users\Gaser\Desktop\COPRRA\vendor\laravel\framework\src\Illuminate\Testing\PendingCommand.php:675
C:\Users\Gaser\Desktop\COPRRA\vendor\laravel\framework\src\Illuminate\Foundation\Testing\Concerns\InteractsWithConsole.php:87
C:\Users\Gaser\Desktop\COPRRA\vendor\laravel\framework\src\Illuminate\Foundation\Testing\RefreshDatabase.php:101
C:\Users\Gaser\Desktop\COPRRA\vendor\laravel\framework\src\Illuminate\Foundation\Testing\RefreshDatabase.php:84
C:\Users\Gaser\Desktop\COPRRA\vendor\laravel\framework\src\Illuminate\Foundation\Testing\RefreshDatabase.php:25
C:\Users\Gaser\Desktop\COPRRA\vendor\laravel\framework\src\Illuminate\Foundation\Testing\Concerns\InteractsWithTestCaseLifecycle.php:209
C:\Users\Gaser\Desktop\COPRRA\vendor\laravel\framework\src\Illuminate\Foundation\Testing\Concerns\InteractsWithTestCaseLifecycle.php:97
C:\Users\Gaser\Desktop\COPRRA\vendor\laravel\framework\src\Illuminate\Foundation\Testing\TestCase.php:44
C:\Users\Gaser\Desktop\COPRRA\tests\TestCase.php:25</error>
        </testcase>
      </testsuite>
      <testsuite name="Tests\Feature\Models\BrandTest" file="C:\Users\Gaser\Desktop\COPRRA\tests\Feature\Models\BrandTest.php" tests="12" assertions="0" errors="12" failures="0" skipped="0" time="0.000000">
        <testcase name="test_it_can_create_a_brand" file="C:\Users\Gaser\Desktop\COPRRA\tests\Feature\Models\BrandTest.php" line="18" class="Tests\Feature\Models\BrandTest" classname="Tests.Feature.Models.BrandTest" assertions="0" time="0.000000">
          <error type="Error">Tests\Feature\Models\BrandTest::test_it_can_create_a_brand&#13;
Error: Class "Mockery" not found
&#13;
C:\Users\Gaser\Desktop\COPRRA\vendor\laravel\framework\src\Illuminate\Testing\PendingCommand.php:550
C:\Users\Gaser\Desktop\COPRRA\vendor\laravel\framework\src\Illuminate\Testing\PendingCommand.php:448
C:\Users\Gaser\Desktop\COPRRA\vendor\laravel\framework\src\Illuminate\Testing\PendingCommand.php:675
C:\Users\Gaser\Desktop\COPRRA\vendor\laravel\framework\src\Illuminate\Foundation\Testing\Concerns\InteractsWithConsole.php:87
C:\Users\Gaser\Desktop\COPRRA\vendor\laravel\framework\src\Illuminate\Foundation\Testing\RefreshDatabase.php:101
C:\Users\Gaser\Desktop\COPRRA\vendor\laravel\framework\src\Illuminate\Foundation\Testing\RefreshDatabase.php:84
C:\Users\Gaser\Desktop\COPRRA\vendor\laravel\framework\src\Illuminate\Foundation\Testing\RefreshDatabase.php:25
C:\Users\Gaser\Desktop\COPRRA\vendor\laravel\framework\src\Illuminate\Foundation\Testing\Concerns\InteractsWithTestCaseLifecycle.php:209
C:\Users\Gaser\Desktop\COPRRA\vendor\laravel\framework\src\Illuminate\Foundation\Testing\Concerns\InteractsWithTestCaseLifecycle.php:97
C:\Users\Gaser\Desktop\COPRRA\vendor\laravel\framework\src\Illuminate\Foundation\Testing\TestCase.php:44
C:\Users\Gaser\Desktop\COPRRA\tests\TestCase.php:25</error>
        </testcase>
        <testcase name="test_it_has_products_relationship" file="C:\Users\Gaser\Desktop\COPRRA\tests\Feature\Models\BrandTest.php" line="41" class="Tests\Feature\Models\BrandTest" classname="Tests.Feature.Models.BrandTest" assertions="0" time="0.000000">
          <error type="Error">Tests\Feature\Models\BrandTest::test_it_has_products_relationship&#13;
Error: Class "Mockery" not found
&#13;
C:\Users\Gaser\Desktop\COPRRA\vendor\laravel\framework\src\Illuminate\Testing\PendingCommand.php:550
C:\Users\Gaser\Desktop\COPRRA\vendor\laravel\framework\src\Illuminate\Testing\PendingCommand.php:448
C:\Users\Gaser\Desktop\COPRRA\vendor\laravel\framework\src\Illuminate\Testing\PendingCommand.php:675
C:\Users\Gaser\Desktop\COPRRA\vendor\laravel\framework\src\Illuminate\Foundation\Testing\Concerns\InteractsWithConsole.php:87
C:\Users\Gaser\Desktop\COPRRA\vendor\laravel\framework\src\Illuminate\Foundation\Testing\RefreshDatabase.php:101
C:\Users\Gaser\Desktop\COPRRA\vendor\laravel\framework\src\Illuminate\Foundation\Testing\RefreshDatabase.php:84
C:\Users\Gaser\Desktop\COPRRA\vendor\laravel\framework\src\Illuminate\Foundation\Testing\RefreshDatabase.php:25
C:\Users\Gaser\Desktop\COPRRA\vendor\laravel\framework\src\Illuminate\Foundation\Testing\Concerns\InteractsWithTestCaseLifecycle.php:209
C:\Users\Gaser\Desktop\COPRRA\vendor\laravel\framework\src\Illuminate\Foundation\Testing\Concerns\InteractsWithTestCaseLifecycle.php:97
C:\Users\Gaser\Desktop\COPRRA\vendor\laravel\framework\src\Illuminate\Foundation\Testing\TestCase.php:44
C:\Users\Gaser\Desktop\COPRRA\tests\TestCase.php:25</error>
        </testcase>
        <testcase name="test_it_can_validate_required_fields" file="C:\Users\Gaser\Desktop\COPRRA\tests\Feature\Models\BrandTest.php" line="56" class="Tests\Feature\Models\BrandTest" classname="Tests.Feature.Models.BrandTest" assertions="0" time="0.000000">
          <error type="Error">Tests\Feature\Models\BrandTest::test_it_can_validate_required_fields&#13;
Error: Class "Mockery" not found
&#13;
C:\Users\Gaser\Desktop\COPRRA\vendor\laravel\framework\src\Illuminate\Testing\PendingCommand.php:550
C:\Users\Gaser\Desktop\COPRRA\vendor\laravel\framework\src\Illuminate\Testing\PendingCommand.php:448
C:\Users\Gaser\Desktop\COPRRA\vendor\laravel\framework\src\Illuminate\Testing\PendingCommand.php:675
C:\Users\Gaser\Desktop\COPRRA\vendor\laravel\framework\src\Illuminate\Foundation\Testing\Concerns\InteractsWithConsole.php:87
C:\Users\Gaser\Desktop\COPRRA\vendor\laravel\framework\src\Illuminate\Foundation\Testing\RefreshDatabase.php:101
C:\Users\Gaser\Desktop\COPRRA\vendor\laravel\framework\src\Illuminate\Foundation\Testing\RefreshDatabase.php:84
C:\Users\Gaser\Desktop\COPRRA\vendor\laravel\framework\src\Illuminate\Foundation\Testing\RefreshDatabase.php:25
C:\Users\Gaser\Desktop\COPRRA\vendor\laravel\framework\src\Illuminate\Foundation\Testing\Concerns\InteractsWithTestCaseLifecycle.php:209
C:\Users\Gaser\Desktop\COPRRA\vendor\laravel\framework\src\Illuminate\Foundation\Testing\Concerns\InteractsWithTestCaseLifecycle.php:97
C:\Users\Gaser\Desktop\COPRRA\vendor\laravel\framework\src\Illuminate\Foundation\Testing\TestCase.php:44
C:\Users\Gaser\Desktop\COPRRA\tests\TestCase.php:25</error>
        </testcase>
        <testcase name="test_it_can_validate_name_length" file="C:\Users\Gaser\Desktop\COPRRA\tests\Feature\Models\BrandTest.php" line="70" class="Tests\Feature\Models\BrandTest" classname="Tests.Feature.Models.BrandTest" assertions="0" time="0.000000">
          <error type="Error">Tests\Feature\Models\BrandTest::test_it_can_validate_name_length&#13;
Error: Class "Mockery" not found
&#13;
C:\Users\Gaser\Desktop\COPRRA\vendor\laravel\framework\src\Illuminate\Testing\PendingCommand.php:550
C:\Users\Gaser\Desktop\COPRRA\vendor\laravel\framework\src\Illuminate\Testing\PendingCommand.php:448
C:\Users\Gaser\Desktop\COPRRA\vendor\laravel\framework\src\Illuminate\Testing\PendingCommand.php:675
C:\Users\Gaser\Desktop\COPRRA\vendor\laravel\framework\src\Illuminate\Foundation\Testing\Concerns\InteractsWithConsole.php:87
C:\Users\Gaser\Desktop\COPRRA\vendor\laravel\framework\src\Illuminate\Foundation\Testing\RefreshDatabase.php:101
C:\Users\Gaser\Desktop\COPRRA\vendor\laravel\framework\src\Illuminate\Foundation\Testing\RefreshDatabase.php:84
C:\Users\Gaser\Desktop\COPRRA\vendor\laravel\framework\src\Illuminate\Foundation\Testing\RefreshDatabase.php:25
C:\Users\Gaser\Desktop\COPRRA\vendor\laravel\framework\src\Illuminate\Foundation\Testing\Concerns\InteractsWithTestCaseLifecycle.php:209
C:\Users\Gaser\Desktop\COPRRA\vendor\laravel\framework\src\Illuminate\Foundation\Testing\Concerns\InteractsWithTestCaseLifecycle.php:97
C:\Users\Gaser\Desktop\COPRRA\vendor\laravel\framework\src\Illuminate\Foundation\Testing\TestCase.php:44
C:\Users\Gaser\Desktop\COPRRA\tests\TestCase.php:25</error>
        </testcase>
        <testcase name="test_it_can_validate_website_url_format" file="C:\Users\Gaser\Desktop\COPRRA\tests\Feature\Models\BrandTest.php" line="81" class="Tests\Feature\Models\BrandTest" classname="Tests.Feature.Models.BrandTest" assertions="0" time="0.000000">
          <error type="Error">Tests\Feature\Models\BrandTest::test_it_can_validate_website_url_format&#13;
Error: Class "Mockery" not found
&#13;
C:\Users\Gaser\Desktop\COPRRA\vendor\laravel\framework\src\Illuminate\Testing\PendingCommand.php:550
C:\Users\Gaser\Desktop\COPRRA\vendor\laravel\framework\src\Illuminate\Testing\PendingCommand.php:448
C:\Users\Gaser\Desktop\COPRRA\vendor\laravel\framework\src\Illuminate\Testing\PendingCommand.php:675
C:\Users\Gaser\Desktop\COPRRA\vendor\laravel\framework\src\Illuminate\Foundation\Testing\Concerns\InteractsWithConsole.php:87
C:\Users\Gaser\Desktop\COPRRA\vendor\laravel\framework\src\Illuminate\Foundation\Testing\RefreshDatabase.php:101
C:\Users\Gaser\Desktop\COPRRA\vendor\laravel\framework\src\Illuminate\Foundation\Testing\RefreshDatabase.php:84
C:\Users\Gaser\Desktop\COPRRA\vendor\laravel\framework\src\Illuminate\Foundation\Testing\RefreshDatabase.php:25
C:\Users\Gaser\Desktop\COPRRA\vendor\laravel\framework\src\Illuminate\Foundation\Testing\Concerns\InteractsWithTestCaseLifecycle.php:209
C:\Users\Gaser\Desktop\COPRRA\vendor\laravel\framework\src\Illuminate\Foundation\Testing\Concerns\InteractsWithTestCaseLifecycle.php:97
C:\Users\Gaser\Desktop\COPRRA\vendor\laravel\framework\src\Illuminate\Foundation\Testing\TestCase.php:44
C:\Users\Gaser\Desktop\COPRRA\tests\TestCase.php:25</error>
        </testcase>
        <testcase name="test_it_can_validate_logo_url_format" file="C:\Users\Gaser\Desktop\COPRRA\tests\Feature\Models\BrandTest.php" line="92" class="Tests\Feature\Models\BrandTest" classname="Tests.Feature.Models.BrandTest" assertions="0" time="0.000000">
          <error type="Error">Tests\Feature\Models\BrandTest::test_it_can_validate_logo_url_format&#13;
Error: Class "Mockery" not found
&#13;
C:\Users\Gaser\Desktop\COPRRA\vendor\laravel\framework\src\Illuminate\Testing\PendingCommand.php:550
C:\Users\Gaser\Desktop\COPRRA\vendor\laravel\framework\src\Illuminate\Testing\PendingCommand.php:448
C:\Users\Gaser\Desktop\COPRRA\vendor\laravel\framework\src\Illuminate\Testing\PendingCommand.php:675
C:\Users\Gaser\Desktop\COPRRA\vendor\laravel\framework\src\Illuminate\Foundation\Testing\Concerns\InteractsWithConsole.php:87
C:\Users\Gaser\Desktop\COPRRA\vendor\laravel\framework\src\Illuminate\Foundation\Testing\RefreshDatabase.php:101
C:\Users\Gaser\Desktop\COPRRA\vendor\laravel\framework\src\Illuminate\Foundation\Testing\RefreshDatabase.php:84
C:\Users\Gaser\Desktop\COPRRA\vendor\laravel\framework\src\Illuminate\Foundation\Testing\RefreshDatabase.php:25
C:\Users\Gaser\Desktop\COPRRA\vendor\laravel\framework\src\Illuminate\Foundation\Testing\Concerns\InteractsWithTestCaseLifecycle.php:209
C:\Users\Gaser\Desktop\COPRRA\vendor\laravel\framework\src\Illuminate\Foundation\Testing\Concerns\InteractsWithTestCaseLifecycle.php:97
C:\Users\Gaser\Desktop\COPRRA\vendor\laravel\framework\src\Illuminate\Foundation\Testing\TestCase.php:44
C:\Users\Gaser\Desktop\COPRRA\tests\TestCase.php:25</error>
        </testcase>
        <testcase name="test_it_can_scope_active_brands" file="C:\Users\Gaser\Desktop\COPRRA\tests\Feature\Models\BrandTest.php" line="103" class="Tests\Feature\Models\BrandTest" classname="Tests.Feature.Models.BrandTest" assertions="0" time="0.000000">
          <error type="Error">Tests\Feature\Models\BrandTest::test_it_can_scope_active_brands&#13;
Error: Class "Mockery" not found
&#13;
C:\Users\Gaser\Desktop\COPRRA\vendor\laravel\framework\src\Illuminate\Testing\PendingCommand.php:550
C:\Users\Gaser\Desktop\COPRRA\vendor\laravel\framework\src\Illuminate\Testing\PendingCommand.php:448
C:\Users\Gaser\Desktop\COPRRA\vendor\laravel\framework\src\Illuminate\Testing\PendingCommand.php:675
C:\Users\Gaser\Desktop\COPRRA\vendor\laravel\framework\src\Illuminate\Foundation\Testing\Concerns\InteractsWithConsole.php:87
C:\Users\Gaser\Desktop\COPRRA\vendor\laravel\framework\src\Illuminate\Foundation\Testing\RefreshDatabase.php:101
C:\Users\Gaser\Desktop\COPRRA\vendor\laravel\framework\src\Illuminate\Foundation\Testing\RefreshDatabase.php:84
C:\Users\Gaser\Desktop\COPRRA\vendor\laravel\framework\src\Illuminate\Foundation\Testing\RefreshDatabase.php:25
C:\Users\Gaser\Desktop\COPRRA\vendor\laravel\framework\src\Illuminate\Foundation\Testing\Concerns\InteractsWithTestCaseLifecycle.php:209
C:\Users\Gaser\Desktop\COPRRA\vendor\laravel\framework\src\Illuminate\Foundation\Testing\Concerns\InteractsWithTestCaseLifecycle.php:97
C:\Users\Gaser\Desktop\COPRRA\vendor\laravel\framework\src\Illuminate\Foundation\Testing\TestCase.php:44
C:\Users\Gaser\Desktop\COPRRA\tests\TestCase.php:25</error>
        </testcase>
        <testcase name="test_it_can_search_brands_by_name" file="C:\Users\Gaser\Desktop\COPRRA\tests\Feature\Models\BrandTest.php" line="118" class="Tests\Feature\Models\BrandTest" classname="Tests.Feature.Models.BrandTest" assertions="0" time="0.000000">
          <error type="Error">Tests\Feature\Models\BrandTest::test_it_can_search_brands_by_name&#13;
Error: Class "Mockery" not found
&#13;
C:\Users\Gaser\Desktop\COPRRA\vendor\laravel\framework\src\Illuminate\Testing\PendingCommand.php:550
C:\Users\Gaser\Desktop\COPRRA\vendor\laravel\framework\src\Illuminate\Testing\PendingCommand.php:448
C:\Users\Gaser\Desktop\COPRRA\vendor\laravel\framework\src\Illuminate\Testing\PendingCommand.php:675
C:\Users\Gaser\Desktop\COPRRA\vendor\laravel\framework\src\Illuminate\Foundation\Testing\Concerns\InteractsWithConsole.php:87
C:\Users\Gaser\Desktop\COPRRA\vendor\laravel\framework\src\Illuminate\Foundation\Testing\RefreshDatabase.php:101
C:\Users\Gaser\Desktop\COPRRA\vendor\laravel\framework\src\Illuminate\Foundation\Testing\RefreshDatabase.php:84
C:\Users\Gaser\Desktop\COPRRA\vendor\laravel\framework\src\Illuminate\Foundation\Testing\RefreshDatabase.php:25
C:\Users\Gaser\Desktop\COPRRA\vendor\laravel\framework\src\Illuminate\Foundation\Testing\Concerns\InteractsWithTestCaseLifecycle.php:209
C:\Users\Gaser\Desktop\COPRRA\vendor\laravel\framework\src\Illuminate\Foundation\Testing\Concerns\InteractsWithTestCaseLifecycle.php:97
C:\Users\Gaser\Desktop\COPRRA\vendor\laravel\framework\src\Illuminate\Foundation\Testing\TestCase.php:44
C:\Users\Gaser\Desktop\COPRRA\tests\TestCase.php:25</error>
        </testcase>
        <testcase name="test_it_can_get_brand_with_products_count" file="C:\Users\Gaser\Desktop\COPRRA\tests\Feature\Models\BrandTest.php" line="133" class="Tests\Feature\Models\BrandTest" classname="Tests.Feature.Models.BrandTest" assertions="0" time="0.000000">
          <error type="Error">Tests\Feature\Models\BrandTest::test_it_can_get_brand_with_products_count&#13;
Error: Class "Mockery" not found
&#13;
C:\Users\Gaser\Desktop\COPRRA\vendor\laravel\framework\src\Illuminate\Testing\PendingCommand.php:550
C:\Users\Gaser\Desktop\COPRRA\vendor\laravel\framework\src\Illuminate\Testing\PendingCommand.php:448
C:\Users\Gaser\Desktop\COPRRA\vendor\laravel\framework\src\Illuminate\Testing\PendingCommand.php:675
C:\Users\Gaser\Desktop\COPRRA\vendor\laravel\framework\src\Illuminate\Foundation\Testing\Concerns\InteractsWithConsole.php:87
C:\Users\Gaser\Desktop\COPRRA\vendor\laravel\framework\src\Illuminate\Foundation\Testing\RefreshDatabase.php:101
C:\Users\Gaser\Desktop\COPRRA\vendor\laravel\framework\src\Illuminate\Foundation\Testing\RefreshDatabase.php:84
C:\Users\Gaser\Desktop\COPRRA\vendor\laravel\framework\src\Illuminate\Foundation\Testing\RefreshDatabase.php:25
C:\Users\Gaser\Desktop\COPRRA\vendor\laravel\framework\src\Illuminate\Foundation\Testing\Concerns\InteractsWithTestCaseLifecycle.php:209
C:\Users\Gaser\Desktop\COPRRA\vendor\laravel\framework\src\Illuminate\Foundation\Testing\Concerns\InteractsWithTestCaseLifecycle.php:97
C:\Users\Gaser\Desktop\COPRRA\vendor\laravel\framework\src\Illuminate\Foundation\Testing\TestCase.php:44
C:\Users\Gaser\Desktop\COPRRA\tests\TestCase.php:25</error>
        </testcase>
        <testcase name="test_it_can_soft_delete_brand" file="C:\Users\Gaser\Desktop\COPRRA\tests\Feature\Models\BrandTest.php" line="147" class="Tests\Feature\Models\BrandTest" classname="Tests.Feature.Models.BrandTest" assertions="0" time="0.000000">
          <error type="Error">Tests\Feature\Models\BrandTest::test_it_can_soft_delete_brand&#13;
Error: Class "Mockery" not found
&#13;
C:\Users\Gaser\Desktop\COPRRA\vendor\laravel\framework\src\Illuminate\Testing\PendingCommand.php:550
C:\Users\Gaser\Desktop\COPRRA\vendor\laravel\framework\src\Illuminate\Testing\PendingCommand.php:448
C:\Users\Gaser\Desktop\COPRRA\vendor\laravel\framework\src\Illuminate\Testing\PendingCommand.php:675
C:\Users\Gaser\Desktop\COPRRA\vendor\laravel\framework\src\Illuminate\Foundation\Testing\Concerns\InteractsWithConsole.php:87
C:\Users\Gaser\Desktop\COPRRA\vendor\laravel\framework\src\Illuminate\Foundation\Testing\RefreshDatabase.php:101
C:\Users\Gaser\Desktop\COPRRA\vendor\laravel\framework\src\Illuminate\Foundation\Testing\RefreshDatabase.php:84
C:\Users\Gaser\Desktop\COPRRA\vendor\laravel\framework\src\Illuminate\Foundation\Testing\RefreshDatabase.php:25
C:\Users\Gaser\Desktop\COPRRA\vendor\laravel\framework\src\Illuminate\Foundation\Testing\Concerns\InteractsWithTestCaseLifecycle.php:209
C:\Users\Gaser\Desktop\COPRRA\vendor\laravel\framework\src\Illuminate\Foundation\Testing\Concerns\InteractsWithTestCaseLifecycle.php:97
C:\Users\Gaser\Desktop\COPRRA\vendor\laravel\framework\src\Illuminate\Foundation\Testing\TestCase.php:44
C:\Users\Gaser\Desktop\COPRRA\tests\TestCase.php:25</error>
        </testcase>
        <testcase name="test_it_can_restore_soft_deleted_brand" file="C:\Users\Gaser\Desktop\COPRRA\tests\Feature\Models\BrandTest.php" line="161" class="Tests\Feature\Models\BrandTest" classname="Tests.Feature.Models.BrandTest" assertions="0" time="0.000000">
          <error type="Error">Tests\Feature\Models\BrandTest::test_it_can_restore_soft_deleted_brand&#13;
Error: Class "Mockery" not found
&#13;
C:\Users\Gaser\Desktop\COPRRA\vendor\laravel\framework\src\Illuminate\Testing\PendingCommand.php:550
C:\Users\Gaser\Desktop\COPRRA\vendor\laravel\framework\src\Illuminate\Testing\PendingCommand.php:448
C:\Users\Gaser\Desktop\COPRRA\vendor\laravel\framework\src\Illuminate\Testing\PendingCommand.php:675
C:\Users\Gaser\Desktop\COPRRA\vendor\laravel\framework\src\Illuminate\Foundation\Testing\Concerns\InteractsWithConsole.php:87
C:\Users\Gaser\Desktop\COPRRA\vendor\laravel\framework\src\Illuminate\Foundation\Testing\RefreshDatabase.php:101
C:\Users\Gaser\Desktop\COPRRA\vendor\laravel\framework\src\Illuminate\Foundation\Testing\RefreshDatabase.php:84
C:\Users\Gaser\Desktop\COPRRA\vendor\laravel\framework\src\Illuminate\Foundation\Testing\RefreshDatabase.php:25
C:\Users\Gaser\Desktop\COPRRA\vendor\laravel\framework\src\Illuminate\Foundation\Testing\Concerns\InteractsWithTestCaseLifecycle.php:209
C:\Users\Gaser\Desktop\COPRRA\vendor\laravel\framework\src\Illuminate\Foundation\Testing\Concerns\InteractsWithTestCaseLifecycle.php:97
C:\Users\Gaser\Desktop\COPRRA\vendor\laravel\framework\src\Illuminate\Foundation\Testing\TestCase.php:44
C:\Users\Gaser\Desktop\COPRRA\tests\TestCase.php:25</error>
        </testcase>
        <testcase name="test_slug_generation_on_create" file="C:\Users\Gaser\Desktop\COPRRA\tests\Feature\Models\BrandTest.php" line="176" class="Tests\Feature\Models\BrandTest" classname="Tests.Feature.Models.BrandTest" assertions="0" time="0.000000">
          <error type="Error">Tests\Feature\Models\BrandTest::test_slug_generation_on_create&#13;
Error: Class "Mockery" not found
&#13;
C:\Users\Gaser\Desktop\COPRRA\vendor\laravel\framework\src\Illuminate\Testing\PendingCommand.php:550
C:\Users\Gaser\Desktop\COPRRA\vendor\laravel\framework\src\Illuminate\Testing\PendingCommand.php:448
C:\Users\Gaser\Desktop\COPRRA\vendor\laravel\framework\src\Illuminate\Testing\PendingCommand.php:675
C:\Users\Gaser\Desktop\COPRRA\vendor\laravel\framework\src\Illuminate\Foundation\Testing\Concerns\InteractsWithConsole.php:87
C:\Users\Gaser\Desktop\COPRRA\vendor\laravel\framework\src\Illuminate\Foundation\Testing\RefreshDatabase.php:101
C:\Users\Gaser\Desktop\COPRRA\vendor\laravel\framework\src\Illuminate\Foundation\Testing\RefreshDatabase.php:84
C:\Users\Gaser\Desktop\COPRRA\vendor\laravel\framework\src\Illuminate\Foundation\Testing\RefreshDatabase.php:25
C:\Users\Gaser\Desktop\COPRRA\vendor\laravel\framework\src\Illuminate\Foundation\Testing\Concerns\InteractsWithTestCaseLifecycle.php:209
C:\Users\Gaser\Desktop\COPRRA\vendor\laravel\framework\src\Illuminate\Foundation\Testing\Concerns\InteractsWithTestCaseLifecycle.php:97
C:\Users\Gaser\Desktop\COPRRA\vendor\laravel\framework\src\Illuminate\Foundation\Testing\TestCase.php:44
C:\Users\Gaser\Desktop\COPRRA\tests\TestCase.php:25</error>
        </testcase>
      </testsuite>
      <testsuite name="Tests\Feature\Models\CategoryTest" file="C:\Users\Gaser\Desktop\COPRRA\tests\Feature\Models\CategoryTest.php" tests="13" assertions="0" errors="13" failures="0" skipped="0" time="0.000000">
        <testcase name="test_it_can_create_a_category" file="C:\Users\Gaser\Desktop\COPRRA\tests\Feature\Models\CategoryTest.php" line="18" class="Tests\Feature\Models\CategoryTest" classname="Tests.Feature.Models.CategoryTest" assertions="0" time="0.000000">
          <error type="Error">Tests\Feature\Models\CategoryTest::test_it_can_create_a_category&#13;
Error: Class "Mockery" not found
&#13;
C:\Users\Gaser\Desktop\COPRRA\vendor\laravel\framework\src\Illuminate\Testing\PendingCommand.php:550
C:\Users\Gaser\Desktop\COPRRA\vendor\laravel\framework\src\Illuminate\Testing\PendingCommand.php:448
C:\Users\Gaser\Desktop\COPRRA\vendor\laravel\framework\src\Illuminate\Testing\PendingCommand.php:675
C:\Users\Gaser\Desktop\COPRRA\vendor\laravel\framework\src\Illuminate\Foundation\Testing\Concerns\InteractsWithConsole.php:87
C:\Users\Gaser\Desktop\COPRRA\vendor\laravel\framework\src\Illuminate\Foundation\Testing\RefreshDatabase.php:101
C:\Users\Gaser\Desktop\COPRRA\vendor\laravel\framework\src\Illuminate\Foundation\Testing\RefreshDatabase.php:84
C:\Users\Gaser\Desktop\COPRRA\vendor\laravel\framework\src\Illuminate\Foundation\Testing\RefreshDatabase.php:25
C:\Users\Gaser\Desktop\COPRRA\vendor\laravel\framework\src\Illuminate\Foundation\Testing\Concerns\InteractsWithTestCaseLifecycle.php:209
C:\Users\Gaser\Desktop\COPRRA\vendor\laravel\framework\src\Illuminate\Foundation\Testing\Concerns\InteractsWithTestCaseLifecycle.php:97
C:\Users\Gaser\Desktop\COPRRA\vendor\laravel\framework\src\Illuminate\Foundation\Testing\TestCase.php:44
C:\Users\Gaser\Desktop\COPRRA\tests\TestCase.php:25</error>
        </testcase>
        <testcase name="test_it_has_products_relationship" file="C:\Users\Gaser\Desktop\COPRRA\tests\Feature\Models\CategoryTest.php" line="41" class="Tests\Feature\Models\CategoryTest" classname="Tests.Feature.Models.CategoryTest" assertions="0" time="0.000000">
          <error type="Error">Tests\Feature\Models\CategoryTest::test_it_has_products_relationship&#13;
Error: Class "Mockery" not found
&#13;
C:\Users\Gaser\Desktop\COPRRA\vendor\laravel\framework\src\Illuminate\Testing\PendingCommand.php:550
C:\Users\Gaser\Desktop\COPRRA\vendor\laravel\framework\src\Illuminate\Testing\PendingCommand.php:448
C:\Users\Gaser\Desktop\COPRRA\vendor\laravel\framework\src\Illuminate\Testing\PendingCommand.php:675
C:\Users\Gaser\Desktop\COPRRA\vendor\laravel\framework\src\Illuminate\Foundation\Testing\Concerns\InteractsWithConsole.php:87
C:\Users\Gaser\Desktop\COPRRA\vendor\laravel\framework\src\Illuminate\Foundation\Testing\RefreshDatabase.php:101
C:\Users\Gaser\Desktop\COPRRA\vendor\laravel\framework\src\Illuminate\Foundation\Testing\RefreshDatabase.php:84
C:\Users\Gaser\Desktop\COPRRA\vendor\laravel\framework\src\Illuminate\Foundation\Testing\RefreshDatabase.php:25
C:\Users\Gaser\Desktop\COPRRA\vendor\laravel\framework\src\Illuminate\Foundation\Testing\Concerns\InteractsWithTestCaseLifecycle.php:209
C:\Users\Gaser\Desktop\COPRRA\vendor\laravel\framework\src\Illuminate\Foundation\Testing\Concerns\InteractsWithTestCaseLifecycle.php:97
C:\Users\Gaser\Desktop\COPRRA\vendor\laravel\framework\src\Illuminate\Foundation\Testing\TestCase.php:44
C:\Users\Gaser\Desktop\COPRRA\tests\TestCase.php:25</error>
        </testcase>
        <testcase name="test_it_can_validate_required_fields" file="C:\Users\Gaser\Desktop\COPRRA\tests\Feature\Models\CategoryTest.php" line="56" class="Tests\Feature\Models\CategoryTest" classname="Tests.Feature.Models.CategoryTest" assertions="0" time="0.000000">
          <error type="Error">Tests\Feature\Models\CategoryTest::test_it_can_validate_required_fields&#13;
Error: Class "Mockery" not found
&#13;
C:\Users\Gaser\Desktop\COPRRA\vendor\laravel\framework\src\Illuminate\Testing\PendingCommand.php:550
C:\Users\Gaser\Desktop\COPRRA\vendor\laravel\framework\src\Illuminate\Testing\PendingCommand.php:448
C:\Users\Gaser\Desktop\COPRRA\vendor\laravel\framework\src\Illuminate\Testing\PendingCommand.php:675
C:\Users\Gaser\Desktop\COPRRA\vendor\laravel\framework\src\Illuminate\Foundation\Testing\Concerns\InteractsWithConsole.php:87
C:\Users\Gaser\Desktop\COPRRA\vendor\laravel\framework\src\Illuminate\Foundation\Testing\RefreshDatabase.php:101
C:\Users\Gaser\Desktop\COPRRA\vendor\laravel\framework\src\Illuminate\Foundation\Testing\RefreshDatabase.php:84
C:\Users\Gaser\Desktop\COPRRA\vendor\laravel\framework\src\Illuminate\Foundation\Testing\RefreshDatabase.php:25
C:\Users\Gaser\Desktop\COPRRA\vendor\laravel\framework\src\Illuminate\Foundation\Testing\Concerns\InteractsWithTestCaseLifecycle.php:209
C:\Users\Gaser\Desktop\COPRRA\vendor\laravel\framework\src\Illuminate\Foundation\Testing\Concerns\InteractsWithTestCaseLifecycle.php:97
C:\Users\Gaser\Desktop\COPRRA\vendor\laravel\framework\src\Illuminate\Foundation\Testing\TestCase.php:44
C:\Users\Gaser\Desktop\COPRRA\tests\TestCase.php:25</error>
        </testcase>
        <testcase name="test_it_can_validate_name_length" file="C:\Users\Gaser\Desktop\COPRRA\tests\Feature\Models\CategoryTest.php" line="70" class="Tests\Feature\Models\CategoryTest" classname="Tests.Feature.Models.CategoryTest" assertions="0" time="0.000000">
          <error type="Error">Tests\Feature\Models\CategoryTest::test_it_can_validate_name_length&#13;
Error: Class "Mockery" not found
&#13;
C:\Users\Gaser\Desktop\COPRRA\vendor\laravel\framework\src\Illuminate\Testing\PendingCommand.php:550
C:\Users\Gaser\Desktop\COPRRA\vendor\laravel\framework\src\Illuminate\Testing\PendingCommand.php:448
C:\Users\Gaser\Desktop\COPRRA\vendor\laravel\framework\src\Illuminate\Testing\PendingCommand.php:675
C:\Users\Gaser\Desktop\COPRRA\vendor\laravel\framework\src\Illuminate\Foundation\Testing\Concerns\InteractsWithConsole.php:87
C:\Users\Gaser\Desktop\COPRRA\vendor\laravel\framework\src\Illuminate\Foundation\Testing\RefreshDatabase.php:101
C:\Users\Gaser\Desktop\COPRRA\vendor\laravel\framework\src\Illuminate\Foundation\Testing\RefreshDatabase.php:84
C:\Users\Gaser\Desktop\COPRRA\vendor\laravel\framework\src\Illuminate\Foundation\Testing\RefreshDatabase.php:25
C:\Users\Gaser\Desktop\COPRRA\vendor\laravel\framework\src\Illuminate\Foundation\Testing\Concerns\InteractsWithTestCaseLifecycle.php:209
C:\Users\Gaser\Desktop\COPRRA\vendor\laravel\framework\src\Illuminate\Foundation\Testing\Concerns\InteractsWithTestCaseLifecycle.php:97
C:\Users\Gaser\Desktop\COPRRA\vendor\laravel\framework\src\Illuminate\Foundation\Testing\TestCase.php:44
C:\Users\Gaser\Desktop\COPRRA\tests\TestCase.php:25</error>
        </testcase>
        <testcase name="test_it_can_scope_active_categories" file="C:\Users\Gaser\Desktop\COPRRA\tests\Feature\Models\CategoryTest.php" line="81" class="Tests\Feature\Models\CategoryTest" classname="Tests.Feature.Models.CategoryTest" assertions="0" time="0.000000">
          <error type="Error">Tests\Feature\Models\CategoryTest::test_it_can_scope_active_categories&#13;
Error: Class "Mockery" not found
&#13;
C:\Users\Gaser\Desktop\COPRRA\vendor\laravel\framework\src\Illuminate\Testing\PendingCommand.php:550
C:\Users\Gaser\Desktop\COPRRA\vendor\laravel\framework\src\Illuminate\Testing\PendingCommand.php:448
C:\Users\Gaser\Desktop\COPRRA\vendor\laravel\framework\src\Illuminate\Testing\PendingCommand.php:675
C:\Users\Gaser\Desktop\COPRRA\vendor\laravel\framework\src\Illuminate\Foundation\Testing\Concerns\InteractsWithConsole.php:87
C:\Users\Gaser\Desktop\COPRRA\vendor\laravel\framework\src\Illuminate\Foundation\Testing\RefreshDatabase.php:101
C:\Users\Gaser\Desktop\COPRRA\vendor\laravel\framework\src\Illuminate\Foundation\Testing\RefreshDatabase.php:84
C:\Users\Gaser\Desktop\COPRRA\vendor\laravel\framework\src\Illuminate\Foundation\Testing\RefreshDatabase.php:25
C:\Users\Gaser\Desktop\COPRRA\vendor\laravel\framework\src\Illuminate\Foundation\Testing\Concerns\InteractsWithTestCaseLifecycle.php:209
C:\Users\Gaser\Desktop\COPRRA\vendor\laravel\framework\src\Illuminate\Foundation\Testing\Concerns\InteractsWithTestCaseLifecycle.php:97
C:\Users\Gaser\Desktop\COPRRA\vendor\laravel\framework\src\Illuminate\Foundation\Testing\TestCase.php:44
C:\Users\Gaser\Desktop\COPRRA\tests\TestCase.php:25</error>
        </testcase>
        <testcase name="test_it_can_search_categories_by_name" file="C:\Users\Gaser\Desktop\COPRRA\tests\Feature\Models\CategoryTest.php" line="96" class="Tests\Feature\Models\CategoryTest" classname="Tests.Feature.Models.CategoryTest" assertions="0" time="0.000000">
          <error type="Error">Tests\Feature\Models\CategoryTest::test_it_can_search_categories_by_name&#13;
Error: Class "Mockery" not found
&#13;
C:\Users\Gaser\Desktop\COPRRA\vendor\laravel\framework\src\Illuminate\Testing\PendingCommand.php:550
C:\Users\Gaser\Desktop\COPRRA\vendor\laravel\framework\src\Illuminate\Testing\PendingCommand.php:448
C:\Users\Gaser\Desktop\COPRRA\vendor\laravel\framework\src\Illuminate\Testing\PendingCommand.php:675
C:\Users\Gaser\Desktop\COPRRA\vendor\laravel\framework\src\Illuminate\Foundation\Testing\Concerns\InteractsWithConsole.php:87
C:\Users\Gaser\Desktop\COPRRA\vendor\laravel\framework\src\Illuminate\Foundation\Testing\RefreshDatabase.php:101
C:\Users\Gaser\Desktop\COPRRA\vendor\laravel\framework\src\Illuminate\Foundation\Testing\RefreshDatabase.php:84
C:\Users\Gaser\Desktop\COPRRA\vendor\laravel\framework\src\Illuminate\Foundation\Testing\RefreshDatabase.php:25
C:\Users\Gaser\Desktop\COPRRA\vendor\laravel\framework\src\Illuminate\Foundation\Testing\Concerns\InteractsWithTestCaseLifecycle.php:209
C:\Users\Gaser\Desktop\COPRRA\vendor\laravel\framework\src\Illuminate\Foundation\Testing\Concerns\InteractsWithTestCaseLifecycle.php:97
C:\Users\Gaser\Desktop\COPRRA\vendor\laravel\framework\src\Illuminate\Foundation\Testing\TestCase.php:44
C:\Users\Gaser\Desktop\COPRRA\tests\TestCase.php:25</error>
        </testcase>
        <testcase name="test_it_can_get_category_with_products_count" file="C:\Users\Gaser\Desktop\COPRRA\tests\Feature\Models\CategoryTest.php" line="111" class="Tests\Feature\Models\CategoryTest" classname="Tests.Feature.Models.CategoryTest" assertions="0" time="0.000000">
          <error type="Error">Tests\Feature\Models\CategoryTest::test_it_can_get_category_with_products_count&#13;
Error: Class "Mockery" not found
&#13;
C:\Users\Gaser\Desktop\COPRRA\vendor\laravel\framework\src\Illuminate\Testing\PendingCommand.php:550
C:\Users\Gaser\Desktop\COPRRA\vendor\laravel\framework\src\Illuminate\Testing\PendingCommand.php:448
C:\Users\Gaser\Desktop\COPRRA\vendor\laravel\framework\src\Illuminate\Testing\PendingCommand.php:675
C:\Users\Gaser\Desktop\COPRRA\vendor\laravel\framework\src\Illuminate\Foundation\Testing\Concerns\InteractsWithConsole.php:87
C:\Users\Gaser\Desktop\COPRRA\vendor\laravel\framework\src\Illuminate\Foundation\Testing\RefreshDatabase.php:101
C:\Users\Gaser\Desktop\COPRRA\vendor\laravel\framework\src\Illuminate\Foundation\Testing\RefreshDatabase.php:84
C:\Users\Gaser\Desktop\COPRRA\vendor\laravel\framework\src\Illuminate\Foundation\Testing\RefreshDatabase.php:25
C:\Users\Gaser\Desktop\COPRRA\vendor\laravel\framework\src\Illuminate\Foundation\Testing\Concerns\InteractsWithTestCaseLifecycle.php:209
C:\Users\Gaser\Desktop\COPRRA\vendor\laravel\framework\src\Illuminate\Foundation\Testing\Concerns\InteractsWithTestCaseLifecycle.php:97
C:\Users\Gaser\Desktop\COPRRA\vendor\laravel\framework\src\Illuminate\Foundation\Testing\TestCase.php:44
C:\Users\Gaser\Desktop\COPRRA\tests\TestCase.php:25</error>
        </testcase>
        <testcase name="test_it_can_soft_delete_category" file="C:\Users\Gaser\Desktop\COPRRA\tests\Feature\Models\CategoryTest.php" line="125" class="Tests\Feature\Models\CategoryTest" classname="Tests.Feature.Models.CategoryTest" assertions="0" time="0.000000">
          <error type="Error">Tests\Feature\Models\CategoryTest::test_it_can_soft_delete_category&#13;
Error: Class "Mockery" not found
&#13;
C:\Users\Gaser\Desktop\COPRRA\vendor\laravel\framework\src\Illuminate\Testing\PendingCommand.php:550
C:\Users\Gaser\Desktop\COPRRA\vendor\laravel\framework\src\Illuminate\Testing\PendingCommand.php:448
C:\Users\Gaser\Desktop\COPRRA\vendor\laravel\framework\src\Illuminate\Testing\PendingCommand.php:675
C:\Users\Gaser\Desktop\COPRRA\vendor\laravel\framework\src\Illuminate\Foundation\Testing\Concerns\InteractsWithConsole.php:87
C:\Users\Gaser\Desktop\COPRRA\vendor\laravel\framework\src\Illuminate\Foundation\Testing\RefreshDatabase.php:101
C:\Users\Gaser\Desktop\COPRRA\vendor\laravel\framework\src\Illuminate\Foundation\Testing\RefreshDatabase.php:84
C:\Users\Gaser\Desktop\COPRRA\vendor\laravel\framework\src\Illuminate\Foundation\Testing\RefreshDatabase.php:25
C:\Users\Gaser\Desktop\COPRRA\vendor\laravel\framework\src\Illuminate\Foundation\Testing\Concerns\InteractsWithTestCaseLifecycle.php:209
C:\Users\Gaser\Desktop\COPRRA\vendor\laravel\framework\src\Illuminate\Foundation\Testing\Concerns\InteractsWithTestCaseLifecycle.php:97
C:\Users\Gaser\Desktop\COPRRA\vendor\laravel\framework\src\Illuminate\Foundation\Testing\TestCase.php:44
C:\Users\Gaser\Desktop\COPRRA\tests\TestCase.php:25</error>
        </testcase>
        <testcase name="test_it_can_restore_soft_deleted_category" file="C:\Users\Gaser\Desktop\COPRRA\tests\Feature\Models\CategoryTest.php" line="139" class="Tests\Feature\Models\CategoryTest" classname="Tests.Feature.Models.CategoryTest" assertions="0" time="0.000000">
          <error type="Error">Tests\Feature\Models\CategoryTest::test_it_can_restore_soft_deleted_category&#13;
Error: Class "Mockery" not found
&#13;
C:\Users\Gaser\Desktop\COPRRA\vendor\laravel\framework\src\Illuminate\Testing\PendingCommand.php:550
C:\Users\Gaser\Desktop\COPRRA\vendor\laravel\framework\src\Illuminate\Testing\PendingCommand.php:448
C:\Users\Gaser\Desktop\COPRRA\vendor\laravel\framework\src\Illuminate\Testing\PendingCommand.php:675
C:\Users\Gaser\Desktop\COPRRA\vendor\laravel\framework\src\Illuminate\Foundation\Testing\Concerns\InteractsWithConsole.php:87
C:\Users\Gaser\Desktop\COPRRA\vendor\laravel\framework\src\Illuminate\Foundation\Testing\RefreshDatabase.php:101
C:\Users\Gaser\Desktop\COPRRA\vendor\laravel\framework\src\Illuminate\Foundation\Testing\RefreshDatabase.php:84
C:\Users\Gaser\Desktop\COPRRA\vendor\laravel\framework\src\Illuminate\Foundation\Testing\RefreshDatabase.php:25
C:\Users\Gaser\Desktop\COPRRA\vendor\laravel\framework\src\Illuminate\Foundation\Testing\Concerns\InteractsWithTestCaseLifecycle.php:209
C:\Users\Gaser\Desktop\COPRRA\vendor\laravel\framework\src\Illuminate\Foundation\Testing\Concerns\InteractsWithTestCaseLifecycle.php:97
C:\Users\Gaser\Desktop\COPRRA\vendor\laravel\framework\src\Illuminate\Foundation\Testing\TestCase.php:44
C:\Users\Gaser\Desktop\COPRRA\tests\TestCase.php:25</error>
        </testcase>
        <testcase name="test_it_auto_generates_slug_from_name" file="C:\Users\Gaser\Desktop\COPRRA\tests\Feature\Models\CategoryTest.php" line="154" class="Tests\Feature\Models\CategoryTest" classname="Tests.Feature.Models.CategoryTest" assertions="0" time="0.000000">
          <error type="Error">Tests\Feature\Models\CategoryTest::test_it_auto_generates_slug_from_name&#13;
Error: Class "Mockery" not found
&#13;
C:\Users\Gaser\Desktop\COPRRA\vendor\laravel\framework\src\Illuminate\Testing\PendingCommand.php:550
C:\Users\Gaser\Desktop\COPRRA\vendor\laravel\framework\src\Illuminate\Testing\PendingCommand.php:448
C:\Users\Gaser\Desktop\COPRRA\vendor\laravel\framework\src\Illuminate\Testing\PendingCommand.php:675
C:\Users\Gaser\Desktop\COPRRA\vendor\laravel\framework\src\Illuminate\Foundation\Testing\Concerns\InteractsWithConsole.php:87
C:\Users\Gaser\Desktop\COPRRA\vendor\laravel\framework\src\Illuminate\Foundation\Testing\RefreshDatabase.php:101
C:\Users\Gaser\Desktop\COPRRA\vendor\laravel\framework\src\Illuminate\Foundation\Testing\RefreshDatabase.php:84
C:\Users\Gaser\Desktop\COPRRA\vendor\laravel\framework\src\Illuminate\Foundation\Testing\RefreshDatabase.php:25
C:\Users\Gaser\Desktop\COPRRA\vendor\laravel\framework\src\Illuminate\Foundation\Testing\Concerns\InteractsWithTestCaseLifecycle.php:209
C:\Users\Gaser\Desktop\COPRRA\vendor\laravel\framework\src\Illuminate\Foundation\Testing\Concerns\InteractsWithTestCaseLifecycle.php:97
C:\Users\Gaser\Desktop\COPRRA\vendor\laravel\framework\src\Illuminate\Foundation\Testing\TestCase.php:44
C:\Users\Gaser\Desktop\COPRRA\tests\TestCase.php:25</error>
        </testcase>
        <testcase name="test_it_updates_slug_when_name_changes" file="C:\Users\Gaser\Desktop\COPRRA\tests\Feature\Models\CategoryTest.php" line="164" class="Tests\Feature\Models\CategoryTest" classname="Tests.Feature.Models.CategoryTest" assertions="0" time="0.000000">
          <error type="Error">Tests\Feature\Models\CategoryTest::test_it_updates_slug_when_name_changes&#13;
Error: Class "Mockery" not found
&#13;
C:\Users\Gaser\Desktop\COPRRA\vendor\laravel\framework\src\Illuminate\Testing\PendingCommand.php:550
C:\Users\Gaser\Desktop\COPRRA\vendor\laravel\framework\src\Illuminate\Testing\PendingCommand.php:448
C:\Users\Gaser\Desktop\COPRRA\vendor\laravel\framework\src\Illuminate\Testing\PendingCommand.php:675
C:\Users\Gaser\Desktop\COPRRA\vendor\laravel\framework\src\Illuminate\Foundation\Testing\Concerns\InteractsWithConsole.php:87
C:\Users\Gaser\Desktop\COPRRA\vendor\laravel\framework\src\Illuminate\Foundation\Testing\RefreshDatabase.php:101
C:\Users\Gaser\Desktop\COPRRA\vendor\laravel\framework\src\Illuminate\Foundation\Testing\RefreshDatabase.php:84
C:\Users\Gaser\Desktop\COPRRA\vendor\laravel\framework\src\Illuminate\Foundation\Testing\RefreshDatabase.php:25
C:\Users\Gaser\Desktop\COPRRA\vendor\laravel\framework\src\Illuminate\Foundation\Testing\Concerns\InteractsWithTestCaseLifecycle.php:209
C:\Users\Gaser\Desktop\COPRRA\vendor\laravel\framework\src\Illuminate\Foundation\Testing\Concerns\InteractsWithTestCaseLifecycle.php:97
C:\Users\Gaser\Desktop\COPRRA\vendor\laravel\framework\src\Illuminate\Foundation\Testing\TestCase.php:44
C:\Users\Gaser\Desktop\COPRRA\tests\TestCase.php:25</error>
        </testcase>
        <testcase name="test_category_hierarchy_parent_child" file="C:\Users\Gaser\Desktop\COPRRA\tests\Feature\Models\CategoryTest.php" line="177" class="Tests\Feature\Models\CategoryTest" classname="Tests.Feature.Models.CategoryTest" assertions="0" time="0.000000">
          <error type="Error">Tests\Feature\Models\CategoryTest::test_category_hierarchy_parent_child&#13;
Error: Class "Mockery" not found
&#13;
C:\Users\Gaser\Desktop\COPRRA\vendor\laravel\framework\src\Illuminate\Testing\PendingCommand.php:550
C:\Users\Gaser\Desktop\COPRRA\vendor\laravel\framework\src\Illuminate\Testing\PendingCommand.php:448
C:\Users\Gaser\Desktop\COPRRA\vendor\laravel\framework\src\Illuminate\Testing\PendingCommand.php:675
C:\Users\Gaser\Desktop\COPRRA\vendor\laravel\framework\src\Illuminate\Foundation\Testing\Concerns\InteractsWithConsole.php:87
C:\Users\Gaser\Desktop\COPRRA\vendor\laravel\framework\src\Illuminate\Foundation\Testing\RefreshDatabase.php:101
C:\Users\Gaser\Desktop\COPRRA\vendor\laravel\framework\src\Illuminate\Foundation\Testing\RefreshDatabase.php:84
C:\Users\Gaser\Desktop\COPRRA\vendor\laravel\framework\src\Illuminate\Foundation\Testing\RefreshDatabase.php:25
C:\Users\Gaser\Desktop\COPRRA\vendor\laravel\framework\src\Illuminate\Foundation\Testing\Concerns\InteractsWithTestCaseLifecycle.php:209
C:\Users\Gaser\Desktop\COPRRA\vendor\laravel\framework\src\Illuminate\Foundation\Testing\Concerns\InteractsWithTestCaseLifecycle.php:97
C:\Users\Gaser\Desktop\COPRRA\vendor\laravel\framework\src\Illuminate\Foundation\Testing\TestCase.php:44
C:\Users\Gaser\Desktop\COPRRA\tests\TestCase.php:25</error>
        </testcase>
        <testcase name="test_level_calculation_on_parent_change" file="C:\Users\Gaser\Desktop\COPRRA\tests\Feature\Models\CategoryTest.php" line="196" class="Tests\Feature\Models\CategoryTest" classname="Tests.Feature.Models.CategoryTest" assertions="0" time="0.000000">
          <error type="Error">Tests\Feature\Models\CategoryTest::test_level_calculation_on_parent_change&#13;
Error: Class "Mockery" not found
&#13;
C:\Users\Gaser\Desktop\COPRRA\vendor\laravel\framework\src\Illuminate\Testing\PendingCommand.php:550
C:\Users\Gaser\Desktop\COPRRA\vendor\laravel\framework\src\Illuminate\Testing\PendingCommand.php:448
C:\Users\Gaser\Desktop\COPRRA\vendor\laravel\framework\src\Illuminate\Testing\PendingCommand.php:675
C:\Users\Gaser\Desktop\COPRRA\vendor\laravel\framework\src\Illuminate\Foundation\Testing\Concerns\InteractsWithConsole.php:87
C:\Users\Gaser\Desktop\COPRRA\vendor\laravel\framework\src\Illuminate\Foundation\Testing\RefreshDatabase.php:101
C:\Users\Gaser\Desktop\COPRRA\vendor\laravel\framework\src\Illuminate\Foundation\Testing\RefreshDatabase.php:84
C:\Users\Gaser\Desktop\COPRRA\vendor\laravel\framework\src\Illuminate\Foundation\Testing\RefreshDatabase.php:25
C:\Users\Gaser\Desktop\COPRRA\vendor\laravel\framework\src\Illuminate\Foundation\Testing\Concerns\InteractsWithTestCaseLifecycle.php:209
C:\Users\Gaser\Desktop\COPRRA\vendor\laravel\framework\src\Illuminate\Foundation\Testing\Concerns\InteractsWithTestCaseLifecycle.php:97
C:\Users\Gaser\Desktop\COPRRA\vendor\laravel\framework\src\Illuminate\Foundation\Testing\TestCase.php:44
C:\Users\Gaser\Desktop\COPRRA\tests\TestCase.php:25</error>
        </testcase>
      </testsuite>
      <testsuite name="Tests\Feature\Models\CurrencyTest" file="C:\Users\Gaser\Desktop\COPRRA\tests\Feature\Models\CurrencyTest.php" tests="3" assertions="0" errors="3" failures="0" skipped="0" time="0.000000">
        <testcase name="test_it_can_validate_required_fields" file="C:\Users\Gaser\Desktop\COPRRA\tests\Feature\Models\CurrencyTest.php" line="14" class="Tests\Feature\Models\CurrencyTest" classname="Tests.Feature.Models.CurrencyTest" assertions="0" time="0.000000">
          <error type="Error">Tests\Feature\Models\CurrencyTest::test_it_can_validate_required_fields&#13;
Error: Class "Mockery" not found
&#13;
C:\Users\Gaser\Desktop\COPRRA\vendor\laravel\framework\src\Illuminate\Testing\PendingCommand.php:550
C:\Users\Gaser\Desktop\COPRRA\vendor\laravel\framework\src\Illuminate\Testing\PendingCommand.php:448
C:\Users\Gaser\Desktop\COPRRA\vendor\laravel\framework\src\Illuminate\Testing\PendingCommand.php:675
C:\Users\Gaser\Desktop\COPRRA\vendor\laravel\framework\src\Illuminate\Foundation\Testing\Concerns\InteractsWithConsole.php:87
C:\Users\Gaser\Desktop\COPRRA\vendor\laravel\framework\src\Illuminate\Foundation\Testing\RefreshDatabase.php:101
C:\Users\Gaser\Desktop\COPRRA\vendor\laravel\framework\src\Illuminate\Foundation\Testing\RefreshDatabase.php:84
C:\Users\Gaser\Desktop\COPRRA\vendor\laravel\framework\src\Illuminate\Foundation\Testing\RefreshDatabase.php:25
C:\Users\Gaser\Desktop\COPRRA\vendor\laravel\framework\src\Illuminate\Foundation\Testing\Concerns\InteractsWithTestCaseLifecycle.php:209
C:\Users\Gaser\Desktop\COPRRA\vendor\laravel\framework\src\Illuminate\Foundation\Testing\Concerns\InteractsWithTestCaseLifecycle.php:97
C:\Users\Gaser\Desktop\COPRRA\vendor\laravel\framework\src\Illuminate\Foundation\Testing\TestCase.php:44
C:\Users\Gaser\Desktop\COPRRA\tests\TestCase.php:25
C:\Users\Gaser\Desktop\COPRRA\tests\Feature\Models\CurrencyTest.php:48</error>
        </testcase>
        <testcase name="test_it_can_create_currency" file="C:\Users\Gaser\Desktop\COPRRA\tests\Feature\Models\CurrencyTest.php" line="25" class="Tests\Feature\Models\CurrencyTest" classname="Tests.Feature.Models.CurrencyTest" assertions="0" time="0.000000">
          <error type="Error">Tests\Feature\Models\CurrencyTest::test_it_can_create_currency&#13;
Error: Class "Mockery" not found
&#13;
C:\Users\Gaser\Desktop\COPRRA\vendor\laravel\framework\src\Illuminate\Testing\PendingCommand.php:550
C:\Users\Gaser\Desktop\COPRRA\vendor\laravel\framework\src\Illuminate\Testing\PendingCommand.php:448
C:\Users\Gaser\Desktop\COPRRA\vendor\laravel\framework\src\Illuminate\Testing\PendingCommand.php:675
C:\Users\Gaser\Desktop\COPRRA\vendor\laravel\framework\src\Illuminate\Foundation\Testing\Concerns\InteractsWithConsole.php:87
C:\Users\Gaser\Desktop\COPRRA\vendor\laravel\framework\src\Illuminate\Foundation\Testing\RefreshDatabase.php:101
C:\Users\Gaser\Desktop\COPRRA\vendor\laravel\framework\src\Illuminate\Foundation\Testing\RefreshDatabase.php:84
C:\Users\Gaser\Desktop\COPRRA\vendor\laravel\framework\src\Illuminate\Foundation\Testing\RefreshDatabase.php:25
C:\Users\Gaser\Desktop\COPRRA\vendor\laravel\framework\src\Illuminate\Foundation\Testing\Concerns\InteractsWithTestCaseLifecycle.php:209
C:\Users\Gaser\Desktop\COPRRA\vendor\laravel\framework\src\Illuminate\Foundation\Testing\Concerns\InteractsWithTestCaseLifecycle.php:97
C:\Users\Gaser\Desktop\COPRRA\vendor\laravel\framework\src\Illuminate\Foundation\Testing\TestCase.php:44
C:\Users\Gaser\Desktop\COPRRA\tests\TestCase.php:25
C:\Users\Gaser\Desktop\COPRRA\tests\Feature\Models\CurrencyTest.php:48</error>
        </testcase>
        <testcase name="test_it_can_save_currency" file="C:\Users\Gaser\Desktop\COPRRA\tests\Feature\Models\CurrencyTest.php" line="36" class="Tests\Feature\Models\CurrencyTest" classname="Tests.Feature.Models.CurrencyTest" assertions="0" time="0.000000">
          <error type="Error">Tests\Feature\Models\CurrencyTest::test_it_can_save_currency&#13;
Error: Class "Mockery" not found
&#13;
C:\Users\Gaser\Desktop\COPRRA\vendor\laravel\framework\src\Illuminate\Testing\PendingCommand.php:550
C:\Users\Gaser\Desktop\COPRRA\vendor\laravel\framework\src\Illuminate\Testing\PendingCommand.php:448
C:\Users\Gaser\Desktop\COPRRA\vendor\laravel\framework\src\Illuminate\Testing\PendingCommand.php:675
C:\Users\Gaser\Desktop\COPRRA\vendor\laravel\framework\src\Illuminate\Foundation\Testing\Concerns\InteractsWithConsole.php:87
C:\Users\Gaser\Desktop\COPRRA\vendor\laravel\framework\src\Illuminate\Foundation\Testing\RefreshDatabase.php:101
C:\Users\Gaser\Desktop\COPRRA\vendor\laravel\framework\src\Illuminate\Foundation\Testing\RefreshDatabase.php:84
C:\Users\Gaser\Desktop\COPRRA\vendor\laravel\framework\src\Illuminate\Foundation\Testing\RefreshDatabase.php:25
C:\Users\Gaser\Desktop\COPRRA\vendor\laravel\framework\src\Illuminate\Foundation\Testing\Concerns\InteractsWithTestCaseLifecycle.php:209
C:\Users\Gaser\Desktop\COPRRA\vendor\laravel\framework\src\Illuminate\Foundation\Testing\Concerns\InteractsWithTestCaseLifecycle.php:97
C:\Users\Gaser\Desktop\COPRRA\vendor\laravel\framework\src\Illuminate\Foundation\Testing\TestCase.php:44
C:\Users\Gaser\Desktop\COPRRA\tests\TestCase.php:25
C:\Users\Gaser\Desktop\COPRRA\tests\Feature\Models\CurrencyTest.php:48</error>
        </testcase>
      </testsuite>
      <testsuite name="Tests\Feature\Models\LanguageTest" file="C:\Users\Gaser\Desktop\COPRRA\tests\Feature\Models\LanguageTest.php" tests="3" assertions="0" errors="3" failures="0" skipped="0" time="0.000000">
        <testcase name="test_it_can_create_a_language" file="C:\Users\Gaser\Desktop\COPRRA\tests\Feature\Models\LanguageTest.php" line="14" class="Tests\Feature\Models\LanguageTest" classname="Tests.Feature.Models.LanguageTest" assertions="0" time="0.000000">
          <error type="Error">Tests\Feature\Models\LanguageTest::test_it_can_create_a_language&#13;
Error: Class "Mockery" not found
&#13;
C:\Users\Gaser\Desktop\COPRRA\vendor\laravel\framework\src\Illuminate\Testing\PendingCommand.php:550
C:\Users\Gaser\Desktop\COPRRA\vendor\laravel\framework\src\Illuminate\Testing\PendingCommand.php:448
C:\Users\Gaser\Desktop\COPRRA\vendor\laravel\framework\src\Illuminate\Testing\PendingCommand.php:675
C:\Users\Gaser\Desktop\COPRRA\vendor\laravel\framework\src\Illuminate\Foundation\Testing\Concerns\InteractsWithConsole.php:87
C:\Users\Gaser\Desktop\COPRRA\vendor\laravel\framework\src\Illuminate\Foundation\Testing\RefreshDatabase.php:101
C:\Users\Gaser\Desktop\COPRRA\vendor\laravel\framework\src\Illuminate\Foundation\Testing\RefreshDatabase.php:84
C:\Users\Gaser\Desktop\COPRRA\vendor\laravel\framework\src\Illuminate\Foundation\Testing\RefreshDatabase.php:25
C:\Users\Gaser\Desktop\COPRRA\vendor\laravel\framework\src\Illuminate\Foundation\Testing\Concerns\InteractsWithTestCaseLifecycle.php:209
C:\Users\Gaser\Desktop\COPRRA\vendor\laravel\framework\src\Illuminate\Foundation\Testing\Concerns\InteractsWithTestCaseLifecycle.php:97
C:\Users\Gaser\Desktop\COPRRA\vendor\laravel\framework\src\Illuminate\Foundation\Testing\TestCase.php:44
C:\Users\Gaser\Desktop\COPRRA\tests\TestCase.php:25
C:\Users\Gaser\Desktop\COPRRA\tests\Feature\Models\LanguageTest.php:48</error>
        </testcase>
        <testcase name="test_it_has_expected_properties" file="C:\Users\Gaser\Desktop\COPRRA\tests\Feature\Models\LanguageTest.php" line="25" class="Tests\Feature\Models\LanguageTest" classname="Tests.Feature.Models.LanguageTest" assertions="0" time="0.000000">
          <error type="Error">Tests\Feature\Models\LanguageTest::test_it_has_expected_properties&#13;
Error: Class "Mockery" not found
&#13;
C:\Users\Gaser\Desktop\COPRRA\vendor\laravel\framework\src\Illuminate\Testing\PendingCommand.php:550
C:\Users\Gaser\Desktop\COPRRA\vendor\laravel\framework\src\Illuminate\Testing\PendingCommand.php:448
C:\Users\Gaser\Desktop\COPRRA\vendor\laravel\framework\src\Illuminate\Testing\PendingCommand.php:675
C:\Users\Gaser\Desktop\COPRRA\vendor\laravel\framework\src\Illuminate\Foundation\Testing\Concerns\InteractsWithConsole.php:87
C:\Users\Gaser\Desktop\COPRRA\vendor\laravel\framework\src\Illuminate\Foundation\Testing\RefreshDatabase.php:101
C:\Users\Gaser\Desktop\COPRRA\vendor\laravel\framework\src\Illuminate\Foundation\Testing\RefreshDatabase.php:84
C:\Users\Gaser\Desktop\COPRRA\vendor\laravel\framework\src\Illuminate\Foundation\Testing\RefreshDatabase.php:25
C:\Users\Gaser\Desktop\COPRRA\vendor\laravel\framework\src\Illuminate\Foundation\Testing\Concerns\InteractsWithTestCaseLifecycle.php:209
C:\Users\Gaser\Desktop\COPRRA\vendor\laravel\framework\src\Illuminate\Foundation\Testing\Concerns\InteractsWithTestCaseLifecycle.php:97
C:\Users\Gaser\Desktop\COPRRA\vendor\laravel\framework\src\Illuminate\Foundation\Testing\TestCase.php:44
C:\Users\Gaser\Desktop\COPRRA\tests\TestCase.php:25
C:\Users\Gaser\Desktop\COPRRA\tests\Feature\Models\LanguageTest.php:48</error>
        </testcase>
        <testcase name="test_it_can_be_instantiated" file="C:\Users\Gaser\Desktop\COPRRA\tests\Feature\Models\LanguageTest.php" line="36" class="Tests\Feature\Models\LanguageTest" classname="Tests.Feature.Models.LanguageTest" assertions="0" time="0.000000">
          <error type="Error">Tests\Feature\Models\LanguageTest::test_it_can_be_instantiated&#13;
Error: Class "Mockery" not found
&#13;
C:\Users\Gaser\Desktop\COPRRA\vendor\laravel\framework\src\Illuminate\Testing\PendingCommand.php:550
C:\Users\Gaser\Desktop\COPRRA\vendor\laravel\framework\src\Illuminate\Testing\PendingCommand.php:448
C:\Users\Gaser\Desktop\COPRRA\vendor\laravel\framework\src\Illuminate\Testing\PendingCommand.php:675
C:\Users\Gaser\Desktop\COPRRA\vendor\laravel\framework\src\Illuminate\Foundation\Testing\Concerns\InteractsWithConsole.php:87
C:\Users\Gaser\Desktop\COPRRA\vendor\laravel\framework\src\Illuminate\Foundation\Testing\RefreshDatabase.php:101
C:\Users\Gaser\Desktop\COPRRA\vendor\laravel\framework\src\Illuminate\Foundation\Testing\RefreshDatabase.php:84
C:\Users\Gaser\Desktop\COPRRA\vendor\laravel\framework\src\Illuminate\Foundation\Testing\RefreshDatabase.php:25
C:\Users\Gaser\Desktop\COPRRA\vendor\laravel\framework\src\Illuminate\Foundation\Testing\Concerns\InteractsWithTestCaseLifecycle.php:209
C:\Users\Gaser\Desktop\COPRRA\vendor\laravel\framework\src\Illuminate\Foundation\Testing\Concerns\InteractsWithTestCaseLifecycle.php:97
C:\Users\Gaser\Desktop\COPRRA\vendor\laravel\framework\src\Illuminate\Foundation\Testing\TestCase.php:44
C:\Users\Gaser\Desktop\COPRRA\tests\TestCase.php:25
C:\Users\Gaser\Desktop\COPRRA\tests\Feature\Models\LanguageTest.php:48</error>
        </testcase>
      </testsuite>
      <testsuite name="Tests\Feature\Models\NotificationSimpleTest" file="C:\Users\Gaser\Desktop\COPRRA\tests\Feature\Models\NotificationSimpleTest.php" tests="33" assertions="0" errors="33" failures="0" skipped="0" time="0.000000">
        <testcase name="test_it_has_correct_fillable_attributes" file="C:\Users\Gaser\Desktop\COPRRA\tests\Feature\Models\NotificationSimpleTest.php" line="29" class="Tests\Feature\Models\NotificationSimpleTest" classname="Tests.Feature.Models.NotificationSimpleTest" assertions="0" time="0.000000">
          <error type="Error">Tests\Feature\Models\NotificationSimpleTest::test_it_has_correct_fillable_attributes&#13;
Error: Class "Mockery" not found
&#13;
C:\Users\Gaser\Desktop\COPRRA\vendor\laravel\framework\src\Illuminate\Testing\PendingCommand.php:550
C:\Users\Gaser\Desktop\COPRRA\vendor\laravel\framework\src\Illuminate\Testing\PendingCommand.php:448
C:\Users\Gaser\Desktop\COPRRA\vendor\laravel\framework\src\Illuminate\Testing\PendingCommand.php:675
C:\Users\Gaser\Desktop\COPRRA\vendor\laravel\framework\src\Illuminate\Foundation\Testing\Concerns\InteractsWithConsole.php:87
C:\Users\Gaser\Desktop\COPRRA\vendor\laravel\framework\src\Illuminate\Foundation\Testing\RefreshDatabase.php:101
C:\Users\Gaser\Desktop\COPRRA\vendor\laravel\framework\src\Illuminate\Foundation\Testing\RefreshDatabase.php:84
C:\Users\Gaser\Desktop\COPRRA\vendor\laravel\framework\src\Illuminate\Foundation\Testing\RefreshDatabase.php:25
C:\Users\Gaser\Desktop\COPRRA\vendor\laravel\framework\src\Illuminate\Foundation\Testing\Concerns\InteractsWithTestCaseLifecycle.php:209
C:\Users\Gaser\Desktop\COPRRA\vendor\laravel\framework\src\Illuminate\Foundation\Testing\Concerns\InteractsWithTestCaseLifecycle.php:97
C:\Users\Gaser\Desktop\COPRRA\vendor\laravel\framework\src\Illuminate\Foundation\Testing\TestCase.php:44
C:\Users\Gaser\Desktop\COPRRA\tests\TestCase.php:25
C:\Users\Gaser\Desktop\COPRRA\tests\Feature\Models\NotificationSimpleTest.php:19</error>
        </testcase>
        <testcase name="test_it_has_correct_casts" file="C:\Users\Gaser\Desktop\COPRRA\tests\Feature\Models\NotificationSimpleTest.php" line="52" class="Tests\Feature\Models\NotificationSimpleTest" classname="Tests.Feature.Models.NotificationSimpleTest" assertions="0" time="0.000000">
          <error type="Error">Tests\Feature\Models\NotificationSimpleTest::test_it_has_correct_casts&#13;
Error: Class "Mockery" not found
&#13;
C:\Users\Gaser\Desktop\COPRRA\vendor\laravel\framework\src\Illuminate\Testing\PendingCommand.php:550
C:\Users\Gaser\Desktop\COPRRA\vendor\laravel\framework\src\Illuminate\Testing\PendingCommand.php:448
C:\Users\Gaser\Desktop\COPRRA\vendor\laravel\framework\src\Illuminate\Testing\PendingCommand.php:675
C:\Users\Gaser\Desktop\COPRRA\vendor\laravel\framework\src\Illuminate\Foundation\Testing\Concerns\InteractsWithConsole.php:87
C:\Users\Gaser\Desktop\COPRRA\vendor\laravel\framework\src\Illuminate\Foundation\Testing\RefreshDatabase.php:101
C:\Users\Gaser\Desktop\COPRRA\vendor\laravel\framework\src\Illuminate\Foundation\Testing\RefreshDatabase.php:84
C:\Users\Gaser\Desktop\COPRRA\vendor\laravel\framework\src\Illuminate\Foundation\Testing\RefreshDatabase.php:25
C:\Users\Gaser\Desktop\COPRRA\vendor\laravel\framework\src\Illuminate\Foundation\Testing\Concerns\InteractsWithTestCaseLifecycle.php:209
C:\Users\Gaser\Desktop\COPRRA\vendor\laravel\framework\src\Illuminate\Foundation\Testing\Concerns\InteractsWithTestCaseLifecycle.php:97
C:\Users\Gaser\Desktop\COPRRA\vendor\laravel\framework\src\Illuminate\Foundation\Testing\TestCase.php:44
C:\Users\Gaser\Desktop\COPRRA\tests\TestCase.php:25
C:\Users\Gaser\Desktop\COPRRA\tests\Feature\Models\NotificationSimpleTest.php:19</error>
        </testcase>
        <testcase name="test_it_has_correct_table_name" file="C:\Users\Gaser\Desktop\COPRRA\tests\Feature\Models\NotificationSimpleTest.php" line="70" class="Tests\Feature\Models\NotificationSimpleTest" classname="Tests.Feature.Models.NotificationSimpleTest" assertions="0" time="0.000000">
          <error type="Error">Tests\Feature\Models\NotificationSimpleTest::test_it_has_correct_table_name&#13;
Error: Class "Mockery" not found
&#13;
C:\Users\Gaser\Desktop\COPRRA\vendor\laravel\framework\src\Illuminate\Testing\PendingCommand.php:550
C:\Users\Gaser\Desktop\COPRRA\vendor\laravel\framework\src\Illuminate\Testing\PendingCommand.php:448
C:\Users\Gaser\Desktop\COPRRA\vendor\laravel\framework\src\Illuminate\Testing\PendingCommand.php:675
C:\Users\Gaser\Desktop\COPRRA\vendor\laravel\framework\src\Illuminate\Foundation\Testing\Concerns\InteractsWithConsole.php:87
C:\Users\Gaser\Desktop\COPRRA\vendor\laravel\framework\src\Illuminate\Foundation\Testing\RefreshDatabase.php:101
C:\Users\Gaser\Desktop\COPRRA\vendor\laravel\framework\src\Illuminate\Foundation\Testing\RefreshDatabase.php:84
C:\Users\Gaser\Desktop\COPRRA\vendor\laravel\framework\src\Illuminate\Foundation\Testing\RefreshDatabase.php:25
C:\Users\Gaser\Desktop\COPRRA\vendor\laravel\framework\src\Illuminate\Foundation\Testing\Concerns\InteractsWithTestCaseLifecycle.php:209
C:\Users\Gaser\Desktop\COPRRA\vendor\laravel\framework\src\Illuminate\Foundation\Testing\Concerns\InteractsWithTestCaseLifecycle.php:97
C:\Users\Gaser\Desktop\COPRRA\vendor\laravel\framework\src\Illuminate\Foundation\Testing\TestCase.php:44
C:\Users\Gaser\Desktop\COPRRA\tests\TestCase.php:25
C:\Users\Gaser\Desktop\COPRRA\tests\Feature\Models\NotificationSimpleTest.php:19</error>
        </testcase>
        <testcase name="test_it_uses_timestamps" file="C:\Users\Gaser\Desktop\COPRRA\tests\Feature\Models\NotificationSimpleTest.php" line="78" class="Tests\Feature\Models\NotificationSimpleTest" classname="Tests.Feature.Models.NotificationSimpleTest" assertions="0" time="0.000000">
          <error type="Error">Tests\Feature\Models\NotificationSimpleTest::test_it_uses_timestamps&#13;
Error: Class "Mockery" not found
&#13;
C:\Users\Gaser\Desktop\COPRRA\vendor\laravel\framework\src\Illuminate\Testing\PendingCommand.php:550
C:\Users\Gaser\Desktop\COPRRA\vendor\laravel\framework\src\Illuminate\Testing\PendingCommand.php:448
C:\Users\Gaser\Desktop\COPRRA\vendor\laravel\framework\src\Illuminate\Testing\PendingCommand.php:675
C:\Users\Gaser\Desktop\COPRRA\vendor\laravel\framework\src\Illuminate\Foundation\Testing\Concerns\InteractsWithConsole.php:87
C:\Users\Gaser\Desktop\COPRRA\vendor\laravel\framework\src\Illuminate\Foundation\Testing\RefreshDatabase.php:101
C:\Users\Gaser\Desktop\COPRRA\vendor\laravel\framework\src\Illuminate\Foundation\Testing\RefreshDatabase.php:84
C:\Users\Gaser\Desktop\COPRRA\vendor\laravel\framework\src\Illuminate\Foundation\Testing\RefreshDatabase.php:25
C:\Users\Gaser\Desktop\COPRRA\vendor\laravel\framework\src\Illuminate\Foundation\Testing\Concerns\InteractsWithTestCaseLifecycle.php:209
C:\Users\Gaser\Desktop\COPRRA\vendor\laravel\framework\src\Illuminate\Foundation\Testing\Concerns\InteractsWithTestCaseLifecycle.php:97
C:\Users\Gaser\Desktop\COPRRA\vendor\laravel\framework\src\Illuminate\Foundation\Testing\TestCase.php:44
C:\Users\Gaser\Desktop\COPRRA\tests\TestCase.php:25
C:\Users\Gaser\Desktop\COPRRA\tests\Feature\Models\NotificationSimpleTest.php:19</error>
        </testcase>
        <testcase name="test_it_has_correct_hidden_attributes" file="C:\Users\Gaser\Desktop\COPRRA\tests\Feature\Models\NotificationSimpleTest.php" line="86" class="Tests\Feature\Models\NotificationSimpleTest" classname="Tests.Feature.Models.NotificationSimpleTest" assertions="0" time="0.000000">
          <error type="Error">Tests\Feature\Models\NotificationSimpleTest::test_it_has_correct_hidden_attributes&#13;
Error: Class "Mockery" not found
&#13;
C:\Users\Gaser\Desktop\COPRRA\vendor\laravel\framework\src\Illuminate\Testing\PendingCommand.php:550
C:\Users\Gaser\Desktop\COPRRA\vendor\laravel\framework\src\Illuminate\Testing\PendingCommand.php:448
C:\Users\Gaser\Desktop\COPRRA\vendor\laravel\framework\src\Illuminate\Testing\PendingCommand.php:675
C:\Users\Gaser\Desktop\COPRRA\vendor\laravel\framework\src\Illuminate\Foundation\Testing\Concerns\InteractsWithConsole.php:87
C:\Users\Gaser\Desktop\COPRRA\vendor\laravel\framework\src\Illuminate\Foundation\Testing\RefreshDatabase.php:101
C:\Users\Gaser\Desktop\COPRRA\vendor\laravel\framework\src\Illuminate\Foundation\Testing\RefreshDatabase.php:84
C:\Users\Gaser\Desktop\COPRRA\vendor\laravel\framework\src\Illuminate\Foundation\Testing\RefreshDatabase.php:25
C:\Users\Gaser\Desktop\COPRRA\vendor\laravel\framework\src\Illuminate\Foundation\Testing\Concerns\InteractsWithTestCaseLifecycle.php:209
C:\Users\Gaser\Desktop\COPRRA\vendor\laravel\framework\src\Illuminate\Foundation\Testing\Concerns\InteractsWithTestCaseLifecycle.php:97
C:\Users\Gaser\Desktop\COPRRA\vendor\laravel\framework\src\Illuminate\Foundation\Testing\TestCase.php:44
C:\Users\Gaser\Desktop\COPRRA\tests\TestCase.php:25
C:\Users\Gaser\Desktop\COPRRA\tests\Feature\Models\NotificationSimpleTest.php:19</error>
        </testcase>
        <testcase name="test_is_read_returns_true_when_read_at_is_set" file="C:\Users\Gaser\Desktop\COPRRA\tests\Feature\Models\NotificationSimpleTest.php" line="96" class="Tests\Feature\Models\NotificationSimpleTest" classname="Tests.Feature.Models.NotificationSimpleTest" assertions="0" time="0.000000">
          <error type="Error">Tests\Feature\Models\NotificationSimpleTest::test_is_read_returns_true_when_read_at_is_set&#13;
Error: Class "Mockery" not found
&#13;
C:\Users\Gaser\Desktop\COPRRA\vendor\laravel\framework\src\Illuminate\Testing\PendingCommand.php:550
C:\Users\Gaser\Desktop\COPRRA\vendor\laravel\framework\src\Illuminate\Testing\PendingCommand.php:448
C:\Users\Gaser\Desktop\COPRRA\vendor\laravel\framework\src\Illuminate\Testing\PendingCommand.php:675
C:\Users\Gaser\Desktop\COPRRA\vendor\laravel\framework\src\Illuminate\Foundation\Testing\Concerns\InteractsWithConsole.php:87
C:\Users\Gaser\Desktop\COPRRA\vendor\laravel\framework\src\Illuminate\Foundation\Testing\RefreshDatabase.php:101
C:\Users\Gaser\Desktop\COPRRA\vendor\laravel\framework\src\Illuminate\Foundation\Testing\RefreshDatabase.php:84
C:\Users\Gaser\Desktop\COPRRA\vendor\laravel\framework\src\Illuminate\Foundation\Testing\RefreshDatabase.php:25
C:\Users\Gaser\Desktop\COPRRA\vendor\laravel\framework\src\Illuminate\Foundation\Testing\Concerns\InteractsWithTestCaseLifecycle.php:209
C:\Users\Gaser\Desktop\COPRRA\vendor\laravel\framework\src\Illuminate\Foundation\Testing\Concerns\InteractsWithTestCaseLifecycle.php:97
C:\Users\Gaser\Desktop\COPRRA\vendor\laravel\framework\src\Illuminate\Foundation\Testing\TestCase.php:44
C:\Users\Gaser\Desktop\COPRRA\tests\TestCase.php:25
C:\Users\Gaser\Desktop\COPRRA\tests\Feature\Models\NotificationSimpleTest.php:19</error>
        </testcase>
        <testcase name="test_is_read_returns_false_when_read_at_is_null" file="C:\Users\Gaser\Desktop\COPRRA\tests\Feature\Models\NotificationSimpleTest.php" line="104" class="Tests\Feature\Models\NotificationSimpleTest" classname="Tests.Feature.Models.NotificationSimpleTest" assertions="0" time="0.000000">
          <error type="Error">Tests\Feature\Models\NotificationSimpleTest::test_is_read_returns_false_when_read_at_is_null&#13;
Error: Class "Mockery" not found
&#13;
C:\Users\Gaser\Desktop\COPRRA\vendor\laravel\framework\src\Illuminate\Testing\PendingCommand.php:550
C:\Users\Gaser\Desktop\COPRRA\vendor\laravel\framework\src\Illuminate\Testing\PendingCommand.php:448
C:\Users\Gaser\Desktop\COPRRA\vendor\laravel\framework\src\Illuminate\Testing\PendingCommand.php:675
C:\Users\Gaser\Desktop\COPRRA\vendor\laravel\framework\src\Illuminate\Foundation\Testing\Concerns\InteractsWithConsole.php:87
C:\Users\Gaser\Desktop\COPRRA\vendor\laravel\framework\src\Illuminate\Foundation\Testing\RefreshDatabase.php:101
C:\Users\Gaser\Desktop\COPRRA\vendor\laravel\framework\src\Illuminate\Foundation\Testing\RefreshDatabase.php:84
C:\Users\Gaser\Desktop\COPRRA\vendor\laravel\framework\src\Illuminate\Foundation\Testing\RefreshDatabase.php:25
C:\Users\Gaser\Desktop\COPRRA\vendor\laravel\framework\src\Illuminate\Foundation\Testing\Concerns\InteractsWithTestCaseLifecycle.php:209
C:\Users\Gaser\Desktop\COPRRA\vendor\laravel\framework\src\Illuminate\Foundation\Testing\Concerns\InteractsWithTestCaseLifecycle.php:97
C:\Users\Gaser\Desktop\COPRRA\vendor\laravel\framework\src\Illuminate\Foundation\Testing\TestCase.php:44
C:\Users\Gaser\Desktop\COPRRA\tests\TestCase.php:25
C:\Users\Gaser\Desktop\COPRRA\tests\Feature\Models\NotificationSimpleTest.php:19</error>
        </testcase>
        <testcase name="test_is_unread_returns_true_when_read_at_is_null" file="C:\Users\Gaser\Desktop\COPRRA\tests\Feature\Models\NotificationSimpleTest.php" line="112" class="Tests\Feature\Models\NotificationSimpleTest" classname="Tests.Feature.Models.NotificationSimpleTest" assertions="0" time="0.000000">
          <error type="Error">Tests\Feature\Models\NotificationSimpleTest::test_is_unread_returns_true_when_read_at_is_null&#13;
Error: Class "Mockery" not found
&#13;
C:\Users\Gaser\Desktop\COPRRA\vendor\laravel\framework\src\Illuminate\Testing\PendingCommand.php:550
C:\Users\Gaser\Desktop\COPRRA\vendor\laravel\framework\src\Illuminate\Testing\PendingCommand.php:448
C:\Users\Gaser\Desktop\COPRRA\vendor\laravel\framework\src\Illuminate\Testing\PendingCommand.php:675
C:\Users\Gaser\Desktop\COPRRA\vendor\laravel\framework\src\Illuminate\Foundation\Testing\Concerns\InteractsWithConsole.php:87
C:\Users\Gaser\Desktop\COPRRA\vendor\laravel\framework\src\Illuminate\Foundation\Testing\RefreshDatabase.php:101
C:\Users\Gaser\Desktop\COPRRA\vendor\laravel\framework\src\Illuminate\Foundation\Testing\RefreshDatabase.php:84
C:\Users\Gaser\Desktop\COPRRA\vendor\laravel\framework\src\Illuminate\Foundation\Testing\RefreshDatabase.php:25
C:\Users\Gaser\Desktop\COPRRA\vendor\laravel\framework\src\Illuminate\Foundation\Testing\Concerns\InteractsWithTestCaseLifecycle.php:209
C:\Users\Gaser\Desktop\COPRRA\vendor\laravel\framework\src\Illuminate\Foundation\Testing\Concerns\InteractsWithTestCaseLifecycle.php:97
C:\Users\Gaser\Desktop\COPRRA\vendor\laravel\framework\src\Illuminate\Foundation\Testing\TestCase.php:44
C:\Users\Gaser\Desktop\COPRRA\tests\TestCase.php:25
C:\Users\Gaser\Desktop\COPRRA\tests\Feature\Models\NotificationSimpleTest.php:19</error>
        </testcase>
        <testcase name="test_is_unread_returns_false_when_read_at_is_set" file="C:\Users\Gaser\Desktop\COPRRA\tests\Feature\Models\NotificationSimpleTest.php" line="120" class="Tests\Feature\Models\NotificationSimpleTest" classname="Tests.Feature.Models.NotificationSimpleTest" assertions="0" time="0.000000">
          <error type="Error">Tests\Feature\Models\NotificationSimpleTest::test_is_unread_returns_false_when_read_at_is_set&#13;
Error: Class "Mockery" not found
&#13;
C:\Users\Gaser\Desktop\COPRRA\vendor\laravel\framework\src\Illuminate\Testing\PendingCommand.php:550
C:\Users\Gaser\Desktop\COPRRA\vendor\laravel\framework\src\Illuminate\Testing\PendingCommand.php:448
C:\Users\Gaser\Desktop\COPRRA\vendor\laravel\framework\src\Illuminate\Testing\PendingCommand.php:675
C:\Users\Gaser\Desktop\COPRRA\vendor\laravel\framework\src\Illuminate\Foundation\Testing\Concerns\InteractsWithConsole.php:87
C:\Users\Gaser\Desktop\COPRRA\vendor\laravel\framework\src\Illuminate\Foundation\Testing\RefreshDatabase.php:101
C:\Users\Gaser\Desktop\COPRRA\vendor\laravel\framework\src\Illuminate\Foundation\Testing\RefreshDatabase.php:84
C:\Users\Gaser\Desktop\COPRRA\vendor\laravel\framework\src\Illuminate\Foundation\Testing\RefreshDatabase.php:25
C:\Users\Gaser\Desktop\COPRRA\vendor\laravel\framework\src\Illuminate\Foundation\Testing\Concerns\InteractsWithTestCaseLifecycle.php:209
C:\Users\Gaser\Desktop\COPRRA\vendor\laravel\framework\src\Illuminate\Foundation\Testing\Concerns\InteractsWithTestCaseLifecycle.php:97
C:\Users\Gaser\Desktop\COPRRA\vendor\laravel\framework\src\Illuminate\Foundation\Testing\TestCase.php:44
C:\Users\Gaser\Desktop\COPRRA\tests\TestCase.php:25
C:\Users\Gaser\Desktop\COPRRA\tests\Feature\Models\NotificationSimpleTest.php:19</error>
        </testcase>
        <testcase name="test_is_sent_returns_true_when_sent_at_is_set" file="C:\Users\Gaser\Desktop\COPRRA\tests\Feature\Models\NotificationSimpleTest.php" line="128" class="Tests\Feature\Models\NotificationSimpleTest" classname="Tests.Feature.Models.NotificationSimpleTest" assertions="0" time="0.000000">
          <error type="Error">Tests\Feature\Models\NotificationSimpleTest::test_is_sent_returns_true_when_sent_at_is_set&#13;
Error: Class "Mockery" not found
&#13;
C:\Users\Gaser\Desktop\COPRRA\vendor\laravel\framework\src\Illuminate\Testing\PendingCommand.php:550
C:\Users\Gaser\Desktop\COPRRA\vendor\laravel\framework\src\Illuminate\Testing\PendingCommand.php:448
C:\Users\Gaser\Desktop\COPRRA\vendor\laravel\framework\src\Illuminate\Testing\PendingCommand.php:675
C:\Users\Gaser\Desktop\COPRRA\vendor\laravel\framework\src\Illuminate\Foundation\Testing\Concerns\InteractsWithConsole.php:87
C:\Users\Gaser\Desktop\COPRRA\vendor\laravel\framework\src\Illuminate\Foundation\Testing\RefreshDatabase.php:101
C:\Users\Gaser\Desktop\COPRRA\vendor\laravel\framework\src\Illuminate\Foundation\Testing\RefreshDatabase.php:84
C:\Users\Gaser\Desktop\COPRRA\vendor\laravel\framework\src\Illuminate\Foundation\Testing\RefreshDatabase.php:25
C:\Users\Gaser\Desktop\COPRRA\vendor\laravel\framework\src\Illuminate\Foundation\Testing\Concerns\InteractsWithTestCaseLifecycle.php:209
C:\Users\Gaser\Desktop\COPRRA\vendor\laravel\framework\src\Illuminate\Foundation\Testing\Concerns\InteractsWithTestCaseLifecycle.php:97
C:\Users\Gaser\Desktop\COPRRA\vendor\laravel\framework\src\Illuminate\Foundation\Testing\TestCase.php:44
C:\Users\Gaser\Desktop\COPRRA\tests\TestCase.php:25
C:\Users\Gaser\Desktop\COPRRA\tests\Feature\Models\NotificationSimpleTest.php:19</error>
        </testcase>
        <testcase name="test_is_sent_returns_false_when_sent_at_is_null" file="C:\Users\Gaser\Desktop\COPRRA\tests\Feature\Models\NotificationSimpleTest.php" line="137" class="Tests\Feature\Models\NotificationSimpleTest" classname="Tests.Feature.Models.NotificationSimpleTest" assertions="0" time="0.000000">
          <error type="Error">Tests\Feature\Models\NotificationSimpleTest::test_is_sent_returns_false_when_sent_at_is_null&#13;
Error: Class "Mockery" not found
&#13;
C:\Users\Gaser\Desktop\COPRRA\vendor\laravel\framework\src\Illuminate\Testing\PendingCommand.php:550
C:\Users\Gaser\Desktop\COPRRA\vendor\laravel\framework\src\Illuminate\Testing\PendingCommand.php:448
C:\Users\Gaser\Desktop\COPRRA\vendor\laravel\framework\src\Illuminate\Testing\PendingCommand.php:675
C:\Users\Gaser\Desktop\COPRRA\vendor\laravel\framework\src\Illuminate\Foundation\Testing\Concerns\InteractsWithConsole.php:87
C:\Users\Gaser\Desktop\COPRRA\vendor\laravel\framework\src\Illuminate\Foundation\Testing\RefreshDatabase.php:101
C:\Users\Gaser\Desktop\COPRRA\vendor\laravel\framework\src\Illuminate\Foundation\Testing\RefreshDatabase.php:84
C:\Users\Gaser\Desktop\COPRRA\vendor\laravel\framework\src\Illuminate\Foundation\Testing\RefreshDatabase.php:25
C:\Users\Gaser\Desktop\COPRRA\vendor\laravel\framework\src\Illuminate\Foundation\Testing\Concerns\InteractsWithTestCaseLifecycle.php:209
C:\Users\Gaser\Desktop\COPRRA\vendor\laravel\framework\src\Illuminate\Foundation\Testing\Concerns\InteractsWithTestCaseLifecycle.php:97
C:\Users\Gaser\Desktop\COPRRA\vendor\laravel\framework\src\Illuminate\Foundation\Testing\TestCase.php:44
C:\Users\Gaser\Desktop\COPRRA\tests\TestCase.php:25
C:\Users\Gaser\Desktop\COPRRA\tests\Feature\Models\NotificationSimpleTest.php:19</error>
        </testcase>
        <testcase name="test_is_pending_returns_true_when_sent_at_is_null_and_status_is_pending" file="C:\Users\Gaser\Desktop\COPRRA\tests\Feature\Models\NotificationSimpleTest.php" line="146" class="Tests\Feature\Models\NotificationSimpleTest" classname="Tests.Feature.Models.NotificationSimpleTest" assertions="0" time="0.000000">
          <error type="Error">Tests\Feature\Models\NotificationSimpleTest::test_is_pending_returns_true_when_sent_at_is_null_and_status_is_pending&#13;
Error: Class "Mockery" not found
&#13;
C:\Users\Gaser\Desktop\COPRRA\vendor\laravel\framework\src\Illuminate\Testing\PendingCommand.php:550
C:\Users\Gaser\Desktop\COPRRA\vendor\laravel\framework\src\Illuminate\Testing\PendingCommand.php:448
C:\Users\Gaser\Desktop\COPRRA\vendor\laravel\framework\src\Illuminate\Testing\PendingCommand.php:675
C:\Users\Gaser\Desktop\COPRRA\vendor\laravel\framework\src\Illuminate\Foundation\Testing\Concerns\InteractsWithConsole.php:87
C:\Users\Gaser\Desktop\COPRRA\vendor\laravel\framework\src\Illuminate\Foundation\Testing\RefreshDatabase.php:101
C:\Users\Gaser\Desktop\COPRRA\vendor\laravel\framework\src\Illuminate\Foundation\Testing\RefreshDatabase.php:84
C:\Users\Gaser\Desktop\COPRRA\vendor\laravel\framework\src\Illuminate\Foundation\Testing\RefreshDatabase.php:25
C:\Users\Gaser\Desktop\COPRRA\vendor\laravel\framework\src\Illuminate\Foundation\Testing\Concerns\InteractsWithTestCaseLifecycle.php:209
C:\Users\Gaser\Desktop\COPRRA\vendor\laravel\framework\src\Illuminate\Foundation\Testing\Concerns\InteractsWithTestCaseLifecycle.php:97
C:\Users\Gaser\Desktop\COPRRA\vendor\laravel\framework\src\Illuminate\Foundation\Testing\TestCase.php:44
C:\Users\Gaser\Desktop\COPRRA\tests\TestCase.php:25
C:\Users\Gaser\Desktop\COPRRA\tests\Feature\Models\NotificationSimpleTest.php:19</error>
        </testcase>
        <testcase name="test_is_pending_returns_false_when_sent_at_is_set" file="C:\Users\Gaser\Desktop\COPRRA\tests\Feature\Models\NotificationSimpleTest.php" line="156" class="Tests\Feature\Models\NotificationSimpleTest" classname="Tests.Feature.Models.NotificationSimpleTest" assertions="0" time="0.000000">
          <error type="Error">Tests\Feature\Models\NotificationSimpleTest::test_is_pending_returns_false_when_sent_at_is_set&#13;
Error: Class "Mockery" not found
&#13;
C:\Users\Gaser\Desktop\COPRRA\vendor\laravel\framework\src\Illuminate\Testing\PendingCommand.php:550
C:\Users\Gaser\Desktop\COPRRA\vendor\laravel\framework\src\Illuminate\Testing\PendingCommand.php:448
C:\Users\Gaser\Desktop\COPRRA\vendor\laravel\framework\src\Illuminate\Testing\PendingCommand.php:675
C:\Users\Gaser\Desktop\COPRRA\vendor\laravel\framework\src\Illuminate\Foundation\Testing\Concerns\InteractsWithConsole.php:87
C:\Users\Gaser\Desktop\COPRRA\vendor\laravel\framework\src\Illuminate\Foundation\Testing\RefreshDatabase.php:101
C:\Users\Gaser\Desktop\COPRRA\vendor\laravel\framework\src\Illuminate\Foundation\Testing\RefreshDatabase.php:84
C:\Users\Gaser\Desktop\COPRRA\vendor\laravel\framework\src\Illuminate\Foundation\Testing\RefreshDatabase.php:25
C:\Users\Gaser\Desktop\COPRRA\vendor\laravel\framework\src\Illuminate\Foundation\Testing\Concerns\InteractsWithTestCaseLifecycle.php:209
C:\Users\Gaser\Desktop\COPRRA\vendor\laravel\framework\src\Illuminate\Foundation\Testing\Concerns\InteractsWithTestCaseLifecycle.php:97
C:\Users\Gaser\Desktop\COPRRA\vendor\laravel\framework\src\Illuminate\Foundation\Testing\TestCase.php:44
C:\Users\Gaser\Desktop\COPRRA\tests\TestCase.php:25
C:\Users\Gaser\Desktop\COPRRA\tests\Feature\Models\NotificationSimpleTest.php:19</error>
        </testcase>
        <testcase name="test_is_failed_returns_true_when_status_is_failed" file="C:\Users\Gaser\Desktop\COPRRA\tests\Feature\Models\NotificationSimpleTest.php" line="166" class="Tests\Feature\Models\NotificationSimpleTest" classname="Tests.Feature.Models.NotificationSimpleTest" assertions="0" time="0.000000">
          <error type="Error">Tests\Feature\Models\NotificationSimpleTest::test_is_failed_returns_true_when_status_is_failed&#13;
Error: Class "Mockery" not found
&#13;
C:\Users\Gaser\Desktop\COPRRA\vendor\laravel\framework\src\Illuminate\Testing\PendingCommand.php:550
C:\Users\Gaser\Desktop\COPRRA\vendor\laravel\framework\src\Illuminate\Testing\PendingCommand.php:448
C:\Users\Gaser\Desktop\COPRRA\vendor\laravel\framework\src\Illuminate\Testing\PendingCommand.php:675
C:\Users\Gaser\Desktop\COPRRA\vendor\laravel\framework\src\Illuminate\Foundation\Testing\Concerns\InteractsWithConsole.php:87
C:\Users\Gaser\Desktop\COPRRA\vendor\laravel\framework\src\Illuminate\Foundation\Testing\RefreshDatabase.php:101
C:\Users\Gaser\Desktop\COPRRA\vendor\laravel\framework\src\Illuminate\Foundation\Testing\RefreshDatabase.php:84
C:\Users\Gaser\Desktop\COPRRA\vendor\laravel\framework\src\Illuminate\Foundation\Testing\RefreshDatabase.php:25
C:\Users\Gaser\Desktop\COPRRA\vendor\laravel\framework\src\Illuminate\Foundation\Testing\Concerns\InteractsWithTestCaseLifecycle.php:209
C:\Users\Gaser\Desktop\COPRRA\vendor\laravel\framework\src\Illuminate\Foundation\Testing\Concerns\InteractsWithTestCaseLifecycle.php:97
C:\Users\Gaser\Desktop\COPRRA\vendor\laravel\framework\src\Illuminate\Foundation\Testing\TestCase.php:44
C:\Users\Gaser\Desktop\COPRRA\tests\TestCase.php:25
C:\Users\Gaser\Desktop\COPRRA\tests\Feature\Models\NotificationSimpleTest.php:19</error>
        </testcase>
        <testcase name="test_is_failed_returns_false_when_status_is_not_failed" file="C:\Users\Gaser\Desktop\COPRRA\tests\Feature\Models\NotificationSimpleTest.php" line="175" class="Tests\Feature\Models\NotificationSimpleTest" classname="Tests.Feature.Models.NotificationSimpleTest" assertions="0" time="0.000000">
          <error type="Error">Tests\Feature\Models\NotificationSimpleTest::test_is_failed_returns_false_when_status_is_not_failed&#13;
Error: Class "Mockery" not found
&#13;
C:\Users\Gaser\Desktop\COPRRA\vendor\laravel\framework\src\Illuminate\Testing\PendingCommand.php:550
C:\Users\Gaser\Desktop\COPRRA\vendor\laravel\framework\src\Illuminate\Testing\PendingCommand.php:448
C:\Users\Gaser\Desktop\COPRRA\vendor\laravel\framework\src\Illuminate\Testing\PendingCommand.php:675
C:\Users\Gaser\Desktop\COPRRA\vendor\laravel\framework\src\Illuminate\Foundation\Testing\Concerns\InteractsWithConsole.php:87
C:\Users\Gaser\Desktop\COPRRA\vendor\laravel\framework\src\Illuminate\Foundation\Testing\RefreshDatabase.php:101
C:\Users\Gaser\Desktop\COPRRA\vendor\laravel\framework\src\Illuminate\Foundation\Testing\RefreshDatabase.php:84
C:\Users\Gaser\Desktop\COPRRA\vendor\laravel\framework\src\Illuminate\Foundation\Testing\RefreshDatabase.php:25
C:\Users\Gaser\Desktop\COPRRA\vendor\laravel\framework\src\Illuminate\Foundation\Testing\Concerns\InteractsWithTestCaseLifecycle.php:209
C:\Users\Gaser\Desktop\COPRRA\vendor\laravel\framework\src\Illuminate\Foundation\Testing\Concerns\InteractsWithTestCaseLifecycle.php:97
C:\Users\Gaser\Desktop\COPRRA\vendor\laravel\framework\src\Illuminate\Foundation\Testing\TestCase.php:44
C:\Users\Gaser\Desktop\COPRRA\tests\TestCase.php:25
C:\Users\Gaser\Desktop\COPRRA\tests\Feature\Models\NotificationSimpleTest.php:19</error>
        </testcase>
        <testcase name="test_get_priority_level_returns_correct_levels" file="C:\Users\Gaser\Desktop\COPRRA\tests\Feature\Models\NotificationSimpleTest.php" line="184" class="Tests\Feature\Models\NotificationSimpleTest" classname="Tests.Feature.Models.NotificationSimpleTest" assertions="0" time="0.000000">
          <error type="Error">Tests\Feature\Models\NotificationSimpleTest::test_get_priority_level_returns_correct_levels&#13;
Error: Class "Mockery" not found
&#13;
C:\Users\Gaser\Desktop\COPRRA\vendor\laravel\framework\src\Illuminate\Testing\PendingCommand.php:550
C:\Users\Gaser\Desktop\COPRRA\vendor\laravel\framework\src\Illuminate\Testing\PendingCommand.php:448
C:\Users\Gaser\Desktop\COPRRA\vendor\laravel\framework\src\Illuminate\Testing\PendingCommand.php:675
C:\Users\Gaser\Desktop\COPRRA\vendor\laravel\framework\src\Illuminate\Foundation\Testing\Concerns\InteractsWithConsole.php:87
C:\Users\Gaser\Desktop\COPRRA\vendor\laravel\framework\src\Illuminate\Foundation\Testing\RefreshDatabase.php:101
C:\Users\Gaser\Desktop\COPRRA\vendor\laravel\framework\src\Illuminate\Foundation\Testing\RefreshDatabase.php:84
C:\Users\Gaser\Desktop\COPRRA\vendor\laravel\framework\src\Illuminate\Foundation\Testing\RefreshDatabase.php:25
C:\Users\Gaser\Desktop\COPRRA\vendor\laravel\framework\src\Illuminate\Foundation\Testing\Concerns\InteractsWithTestCaseLifecycle.php:209
C:\Users\Gaser\Desktop\COPRRA\vendor\laravel\framework\src\Illuminate\Foundation\Testing\Concerns\InteractsWithTestCaseLifecycle.php:97
C:\Users\Gaser\Desktop\COPRRA\vendor\laravel\framework\src\Illuminate\Foundation\Testing\TestCase.php:44
C:\Users\Gaser\Desktop\COPRRA\tests\TestCase.php:25
C:\Users\Gaser\Desktop\COPRRA\tests\Feature\Models\NotificationSimpleTest.php:19</error>
        </testcase>
        <testcase name="test_get_type_display_name_returns_correct_names" file="C:\Users\Gaser\Desktop\COPRRA\tests\Feature\Models\NotificationSimpleTest.php" line="205" class="Tests\Feature\Models\NotificationSimpleTest" classname="Tests.Feature.Models.NotificationSimpleTest" assertions="0" time="0.000000">
          <error type="Error">Tests\Feature\Models\NotificationSimpleTest::test_get_type_display_name_returns_correct_names&#13;
Error: Class "Mockery" not found
&#13;
C:\Users\Gaser\Desktop\COPRRA\vendor\laravel\framework\src\Illuminate\Testing\PendingCommand.php:550
C:\Users\Gaser\Desktop\COPRRA\vendor\laravel\framework\src\Illuminate\Testing\PendingCommand.php:448
C:\Users\Gaser\Desktop\COPRRA\vendor\laravel\framework\src\Illuminate\Testing\PendingCommand.php:675
C:\Users\Gaser\Desktop\COPRRA\vendor\laravel\framework\src\Illuminate\Foundation\Testing\Concerns\InteractsWithConsole.php:87
C:\Users\Gaser\Desktop\COPRRA\vendor\laravel\framework\src\Illuminate\Foundation\Testing\RefreshDatabase.php:101
C:\Users\Gaser\Desktop\COPRRA\vendor\laravel\framework\src\Illuminate\Foundation\Testing\RefreshDatabase.php:84
C:\Users\Gaser\Desktop\COPRRA\vendor\laravel\framework\src\Illuminate\Foundation\Testing\RefreshDatabase.php:25
C:\Users\Gaser\Desktop\COPRRA\vendor\laravel\framework\src\Illuminate\Foundation\Testing\Concerns\InteractsWithTestCaseLifecycle.php:209
C:\Users\Gaser\Desktop\COPRRA\vendor\laravel\framework\src\Illuminate\Foundation\Testing\Concerns\InteractsWithTestCaseLifecycle.php:97
C:\Users\Gaser\Desktop\COPRRA\vendor\laravel\framework\src\Illuminate\Foundation\Testing\TestCase.php:44
C:\Users\Gaser\Desktop\COPRRA\tests\TestCase.php:25
C:\Users\Gaser\Desktop\COPRRA\tests\Feature\Models\NotificationSimpleTest.php:19</error>
        </testcase>
        <testcase name="test_get_channel_display_name_returns_correct_names" file="C:\Users\Gaser\Desktop\COPRRA\tests\Feature\Models\NotificationSimpleTest.php" line="221" class="Tests\Feature\Models\NotificationSimpleTest" classname="Tests.Feature.Models.NotificationSimpleTest" assertions="0" time="0.000000">
          <error type="Error">Tests\Feature\Models\NotificationSimpleTest::test_get_channel_display_name_returns_correct_names&#13;
Error: Class "Mockery" not found
&#13;
C:\Users\Gaser\Desktop\COPRRA\vendor\laravel\framework\src\Illuminate\Testing\PendingCommand.php:550
C:\Users\Gaser\Desktop\COPRRA\vendor\laravel\framework\src\Illuminate\Testing\PendingCommand.php:448
C:\Users\Gaser\Desktop\COPRRA\vendor\laravel\framework\src\Illuminate\Testing\PendingCommand.php:675
C:\Users\Gaser\Desktop\COPRRA\vendor\laravel\framework\src\Illuminate\Foundation\Testing\Concerns\InteractsWithConsole.php:87
C:\Users\Gaser\Desktop\COPRRA\vendor\laravel\framework\src\Illuminate\Foundation\Testing\RefreshDatabase.php:101
C:\Users\Gaser\Desktop\COPRRA\vendor\laravel\framework\src\Illuminate\Foundation\Testing\RefreshDatabase.php:84
C:\Users\Gaser\Desktop\COPRRA\vendor\laravel\framework\src\Illuminate\Foundation\Testing\RefreshDatabase.php:25
C:\Users\Gaser\Desktop\COPRRA\vendor\laravel\framework\src\Illuminate\Foundation\Testing\Concerns\InteractsWithTestCaseLifecycle.php:209
C:\Users\Gaser\Desktop\COPRRA\vendor\laravel\framework\src\Illuminate\Foundation\Testing\Concerns\InteractsWithTestCaseLifecycle.php:97
C:\Users\Gaser\Desktop\COPRRA\vendor\laravel\framework\src\Illuminate\Foundation\Testing\TestCase.php:44
C:\Users\Gaser\Desktop\COPRRA\tests\TestCase.php:25
C:\Users\Gaser\Desktop\COPRRA\tests\Feature\Models\NotificationSimpleTest.php:19</error>
        </testcase>
        <testcase name="test_get_status_display_name_returns_correct_names" file="C:\Users\Gaser\Desktop\COPRRA\tests\Feature\Models\NotificationSimpleTest.php" line="239" class="Tests\Feature\Models\NotificationSimpleTest" classname="Tests.Feature.Models.NotificationSimpleTest" assertions="0" time="0.000000">
          <error type="Error">Tests\Feature\Models\NotificationSimpleTest::test_get_status_display_name_returns_correct_names&#13;
Error: Class "Mockery" not found
&#13;
C:\Users\Gaser\Desktop\COPRRA\vendor\laravel\framework\src\Illuminate\Testing\PendingCommand.php:550
C:\Users\Gaser\Desktop\COPRRA\vendor\laravel\framework\src\Illuminate\Testing\PendingCommand.php:448
C:\Users\Gaser\Desktop\COPRRA\vendor\laravel\framework\src\Illuminate\Testing\PendingCommand.php:675
C:\Users\Gaser\Desktop\COPRRA\vendor\laravel\framework\src\Illuminate\Foundation\Testing\Concerns\InteractsWithConsole.php:87
C:\Users\Gaser\Desktop\COPRRA\vendor\laravel\framework\src\Illuminate\Foundation\Testing\RefreshDatabase.php:101
C:\Users\Gaser\Desktop\COPRRA\vendor\laravel\framework\src\Illuminate\Foundation\Testing\RefreshDatabase.php:84
C:\Users\Gaser\Desktop\COPRRA\vendor\laravel\framework\src\Illuminate\Foundation\Testing\RefreshDatabase.php:25
C:\Users\Gaser\Desktop\COPRRA\vendor\laravel\framework\src\Illuminate\Foundation\Testing\Concerns\InteractsWithTestCaseLifecycle.php:209
C:\Users\Gaser\Desktop\COPRRA\vendor\laravel\framework\src\Illuminate\Foundation\Testing\Concerns\InteractsWithTestCaseLifecycle.php:97
C:\Users\Gaser\Desktop\COPRRA\vendor\laravel\framework\src\Illuminate\Foundation\Testing\TestCase.php:44
C:\Users\Gaser\Desktop\COPRRA\tests\TestCase.php:25
C:\Users\Gaser\Desktop\COPRRA\tests\Feature\Models\NotificationSimpleTest.php:19</error>
        </testcase>
        <testcase name="test_get_icon_returns_correct_icons" file="C:\Users\Gaser\Desktop\COPRRA\tests\Feature\Models\NotificationSimpleTest.php" line="257" class="Tests\Feature\Models\NotificationSimpleTest" classname="Tests.Feature.Models.NotificationSimpleTest" assertions="0" time="0.000000">
          <error type="Error">Tests\Feature\Models\NotificationSimpleTest::test_get_icon_returns_correct_icons&#13;
Error: Class "Mockery" not found
&#13;
C:\Users\Gaser\Desktop\COPRRA\vendor\laravel\framework\src\Illuminate\Testing\PendingCommand.php:550
C:\Users\Gaser\Desktop\COPRRA\vendor\laravel\framework\src\Illuminate\Testing\PendingCommand.php:448
C:\Users\Gaser\Desktop\COPRRA\vendor\laravel\framework\src\Illuminate\Testing\PendingCommand.php:675
C:\Users\Gaser\Desktop\COPRRA\vendor\laravel\framework\src\Illuminate\Foundation\Testing\Concerns\InteractsWithConsole.php:87
C:\Users\Gaser\Desktop\COPRRA\vendor\laravel\framework\src\Illuminate\Foundation\Testing\RefreshDatabase.php:101
C:\Users\Gaser\Desktop\COPRRA\vendor\laravel\framework\src\Illuminate\Foundation\Testing\RefreshDatabase.php:84
C:\Users\Gaser\Desktop\COPRRA\vendor\laravel\framework\src\Illuminate\Foundation\Testing\RefreshDatabase.php:25
C:\Users\Gaser\Desktop\COPRRA\vendor\laravel\framework\src\Illuminate\Foundation\Testing\Concerns\InteractsWithTestCaseLifecycle.php:209
C:\Users\Gaser\Desktop\COPRRA\vendor\laravel\framework\src\Illuminate\Foundation\Testing\Concerns\InteractsWithTestCaseLifecycle.php:97
C:\Users\Gaser\Desktop\COPRRA\vendor\laravel\framework\src\Illuminate\Foundation\Testing\TestCase.php:44
C:\Users\Gaser\Desktop\COPRRA\tests\TestCase.php:25
C:\Users\Gaser\Desktop\COPRRA\tests\Feature\Models\NotificationSimpleTest.php:19</error>
        </testcase>
        <testcase name="test_get_color_returns_correct_colors" file="C:\Users\Gaser\Desktop\COPRRA\tests\Feature\Models\NotificationSimpleTest.php" line="273" class="Tests\Feature\Models\NotificationSimpleTest" classname="Tests.Feature.Models.NotificationSimpleTest" assertions="0" time="0.000000">
          <error type="Error">Tests\Feature\Models\NotificationSimpleTest::test_get_color_returns_correct_colors&#13;
Error: Class "Mockery" not found
&#13;
C:\Users\Gaser\Desktop\COPRRA\vendor\laravel\framework\src\Illuminate\Testing\PendingCommand.php:550
C:\Users\Gaser\Desktop\COPRRA\vendor\laravel\framework\src\Illuminate\Testing\PendingCommand.php:448
C:\Users\Gaser\Desktop\COPRRA\vendor\laravel\framework\src\Illuminate\Testing\PendingCommand.php:675
C:\Users\Gaser\Desktop\COPRRA\vendor\laravel\framework\src\Illuminate\Foundation\Testing\Concerns\InteractsWithConsole.php:87
C:\Users\Gaser\Desktop\COPRRA\vendor\laravel\framework\src\Illuminate\Foundation\Testing\RefreshDatabase.php:101
C:\Users\Gaser\Desktop\COPRRA\vendor\laravel\framework\src\Illuminate\Foundation\Testing\RefreshDatabase.php:84
C:\Users\Gaser\Desktop\COPRRA\vendor\laravel\framework\src\Illuminate\Foundation\Testing\RefreshDatabase.php:25
C:\Users\Gaser\Desktop\COPRRA\vendor\laravel\framework\src\Illuminate\Foundation\Testing\Concerns\InteractsWithTestCaseLifecycle.php:209
C:\Users\Gaser\Desktop\COPRRA\vendor\laravel\framework\src\Illuminate\Foundation\Testing\Concerns\InteractsWithTestCaseLifecycle.php:97
C:\Users\Gaser\Desktop\COPRRA\vendor\laravel\framework\src\Illuminate\Foundation\Testing\TestCase.php:44
C:\Users\Gaser\Desktop\COPRRA\tests\TestCase.php:25
C:\Users\Gaser\Desktop\COPRRA\tests\Feature\Models\NotificationSimpleTest.php:19</error>
        </testcase>
        <testcase name="test_get_badge_text_returns_correct_text" file="C:\Users\Gaser\Desktop\COPRRA\tests\Feature\Models\NotificationSimpleTest.php" line="291" class="Tests\Feature\Models\NotificationSimpleTest" classname="Tests.Feature.Models.NotificationSimpleTest" assertions="0" time="0.000000">
          <error type="Error">Tests\Feature\Models\NotificationSimpleTest::test_get_badge_text_returns_correct_text&#13;
Error: Class "Mockery" not found
&#13;
C:\Users\Gaser\Desktop\COPRRA\vendor\laravel\framework\src\Illuminate\Testing\PendingCommand.php:550
C:\Users\Gaser\Desktop\COPRRA\vendor\laravel\framework\src\Illuminate\Testing\PendingCommand.php:448
C:\Users\Gaser\Desktop\COPRRA\vendor\laravel\framework\src\Illuminate\Testing\PendingCommand.php:675
C:\Users\Gaser\Desktop\COPRRA\vendor\laravel\framework\src\Illuminate\Foundation\Testing\Concerns\InteractsWithConsole.php:87
C:\Users\Gaser\Desktop\COPRRA\vendor\laravel\framework\src\Illuminate\Foundation\Testing\RefreshDatabase.php:101
C:\Users\Gaser\Desktop\COPRRA\vendor\laravel\framework\src\Illuminate\Foundation\Testing\RefreshDatabase.php:84
C:\Users\Gaser\Desktop\COPRRA\vendor\laravel\framework\src\Illuminate\Foundation\Testing\RefreshDatabase.php:25
C:\Users\Gaser\Desktop\COPRRA\vendor\laravel\framework\src\Illuminate\Foundation\Testing\Concerns\InteractsWithTestCaseLifecycle.php:209
C:\Users\Gaser\Desktop\COPRRA\vendor\laravel\framework\src\Illuminate\Foundation\Testing\Concerns\InteractsWithTestCaseLifecycle.php:97
C:\Users\Gaser\Desktop\COPRRA\vendor\laravel\framework\src\Illuminate\Foundation\Testing\TestCase.php:44
C:\Users\Gaser\Desktop\COPRRA\tests\TestCase.php:25
C:\Users\Gaser\Desktop\COPRRA\tests\Feature\Models\NotificationSimpleTest.php:19</error>
        </testcase>
        <testcase name="test_get_summary_truncates_long_messages" file="C:\Users\Gaser\Desktop\COPRRA\tests\Feature\Models\NotificationSimpleTest.php" line="311" class="Tests\Feature\Models\NotificationSimpleTest" classname="Tests.Feature.Models.NotificationSimpleTest" assertions="0" time="0.000000">
          <error type="Error">Tests\Feature\Models\NotificationSimpleTest::test_get_summary_truncates_long_messages&#13;
Error: Class "Mockery" not found
&#13;
C:\Users\Gaser\Desktop\COPRRA\vendor\laravel\framework\src\Illuminate\Testing\PendingCommand.php:550
C:\Users\Gaser\Desktop\COPRRA\vendor\laravel\framework\src\Illuminate\Testing\PendingCommand.php:448
C:\Users\Gaser\Desktop\COPRRA\vendor\laravel\framework\src\Illuminate\Testing\PendingCommand.php:675
C:\Users\Gaser\Desktop\COPRRA\vendor\laravel\framework\src\Illuminate\Foundation\Testing\Concerns\InteractsWithConsole.php:87
C:\Users\Gaser\Desktop\COPRRA\vendor\laravel\framework\src\Illuminate\Foundation\Testing\RefreshDatabase.php:101
C:\Users\Gaser\Desktop\COPRRA\vendor\laravel\framework\src\Illuminate\Foundation\Testing\RefreshDatabase.php:84
C:\Users\Gaser\Desktop\COPRRA\vendor\laravel\framework\src\Illuminate\Foundation\Testing\RefreshDatabase.php:25
C:\Users\Gaser\Desktop\COPRRA\vendor\laravel\framework\src\Illuminate\Foundation\Testing\Concerns\InteractsWithTestCaseLifecycle.php:209
C:\Users\Gaser\Desktop\COPRRA\vendor\laravel\framework\src\Illuminate\Foundation\Testing\Concerns\InteractsWithTestCaseLifecycle.php:97
C:\Users\Gaser\Desktop\COPRRA\vendor\laravel\framework\src\Illuminate\Foundation\Testing\TestCase.php:44
C:\Users\Gaser\Desktop\COPRRA\tests\TestCase.php:25
C:\Users\Gaser\Desktop\COPRRA\tests\Feature\Models\NotificationSimpleTest.php:19</error>
        </testcase>
        <testcase name="test_get_summary_returns_full_message_when_short" file="C:\Users\Gaser\Desktop\COPRRA\tests\Feature\Models\NotificationSimpleTest.php" line="323" class="Tests\Feature\Models\NotificationSimpleTest" classname="Tests.Feature.Models.NotificationSimpleTest" assertions="0" time="0.000000">
          <error type="Error">Tests\Feature\Models\NotificationSimpleTest::test_get_summary_returns_full_message_when_short&#13;
Error: Class "Mockery" not found
&#13;
C:\Users\Gaser\Desktop\COPRRA\vendor\laravel\framework\src\Illuminate\Testing\PendingCommand.php:550
C:\Users\Gaser\Desktop\COPRRA\vendor\laravel\framework\src\Illuminate\Testing\PendingCommand.php:448
C:\Users\Gaser\Desktop\COPRRA\vendor\laravel\framework\src\Illuminate\Testing\PendingCommand.php:675
C:\Users\Gaser\Desktop\COPRRA\vendor\laravel\framework\src\Illuminate\Foundation\Testing\Concerns\InteractsWithConsole.php:87
C:\Users\Gaser\Desktop\COPRRA\vendor\laravel\framework\src\Illuminate\Foundation\Testing\RefreshDatabase.php:101
C:\Users\Gaser\Desktop\COPRRA\vendor\laravel\framework\src\Illuminate\Foundation\Testing\RefreshDatabase.php:84
C:\Users\Gaser\Desktop\COPRRA\vendor\laravel\framework\src\Illuminate\Foundation\Testing\RefreshDatabase.php:25
C:\Users\Gaser\Desktop\COPRRA\vendor\laravel\framework\src\Illuminate\Foundation\Testing\Concerns\InteractsWithTestCaseLifecycle.php:209
C:\Users\Gaser\Desktop\COPRRA\vendor\laravel\framework\src\Illuminate\Foundation\Testing\Concerns\InteractsWithTestCaseLifecycle.php:97
C:\Users\Gaser\Desktop\COPRRA\vendor\laravel\framework\src\Illuminate\Foundation\Testing\TestCase.php:44
C:\Users\Gaser\Desktop\COPRRA\tests\TestCase.php:25
C:\Users\Gaser\Desktop\COPRRA\tests\Feature\Models\NotificationSimpleTest.php:19</error>
        </testcase>
        <testcase name="test_get_data_returns_data_array" file="C:\Users\Gaser\Desktop\COPRRA\tests\Feature\Models\NotificationSimpleTest.php" line="334" class="Tests\Feature\Models\NotificationSimpleTest" classname="Tests.Feature.Models.NotificationSimpleTest" assertions="0" time="0.000000">
          <error type="Error">Tests\Feature\Models\NotificationSimpleTest::test_get_data_returns_data_array&#13;
Error: Class "Mockery" not found
&#13;
C:\Users\Gaser\Desktop\COPRRA\vendor\laravel\framework\src\Illuminate\Testing\PendingCommand.php:550
C:\Users\Gaser\Desktop\COPRRA\vendor\laravel\framework\src\Illuminate\Testing\PendingCommand.php:448
C:\Users\Gaser\Desktop\COPRRA\vendor\laravel\framework\src\Illuminate\Testing\PendingCommand.php:675
C:\Users\Gaser\Desktop\COPRRA\vendor\laravel\framework\src\Illuminate\Foundation\Testing\Concerns\InteractsWithConsole.php:87
C:\Users\Gaser\Desktop\COPRRA\vendor\laravel\framework\src\Illuminate\Foundation\Testing\RefreshDatabase.php:101
C:\Users\Gaser\Desktop\COPRRA\vendor\laravel\framework\src\Illuminate\Foundation\Testing\RefreshDatabase.php:84
C:\Users\Gaser\Desktop\COPRRA\vendor\laravel\framework\src\Illuminate\Foundation\Testing\RefreshDatabase.php:25
C:\Users\Gaser\Desktop\COPRRA\vendor\laravel\framework\src\Illuminate\Foundation\Testing\Concerns\InteractsWithTestCaseLifecycle.php:209
C:\Users\Gaser\Desktop\COPRRA\vendor\laravel\framework\src\Illuminate\Foundation\Testing\Concerns\InteractsWithTestCaseLifecycle.php:97
C:\Users\Gaser\Desktop\COPRRA\vendor\laravel\framework\src\Illuminate\Foundation\Testing\TestCase.php:44
C:\Users\Gaser\Desktop\COPRRA\tests\TestCase.php:25
C:\Users\Gaser\Desktop\COPRRA\tests\Feature\Models\NotificationSimpleTest.php:19</error>
        </testcase>
        <testcase name="test_get_data_returns_specific_key" file="C:\Users\Gaser\Desktop\COPRRA\tests\Feature\Models\NotificationSimpleTest.php" line="343" class="Tests\Feature\Models\NotificationSimpleTest" classname="Tests.Feature.Models.NotificationSimpleTest" assertions="0" time="0.000000">
          <error type="Error">Tests\Feature\Models\NotificationSimpleTest::test_get_data_returns_specific_key&#13;
Error: Class "Mockery" not found
&#13;
C:\Users\Gaser\Desktop\COPRRA\vendor\laravel\framework\src\Illuminate\Testing\PendingCommand.php:550
C:\Users\Gaser\Desktop\COPRRA\vendor\laravel\framework\src\Illuminate\Testing\PendingCommand.php:448
C:\Users\Gaser\Desktop\COPRRA\vendor\laravel\framework\src\Illuminate\Testing\PendingCommand.php:675
C:\Users\Gaser\Desktop\COPRRA\vendor\laravel\framework\src\Illuminate\Foundation\Testing\Concerns\InteractsWithConsole.php:87
C:\Users\Gaser\Desktop\COPRRA\vendor\laravel\framework\src\Illuminate\Foundation\Testing\RefreshDatabase.php:101
C:\Users\Gaser\Desktop\COPRRA\vendor\laravel\framework\src\Illuminate\Foundation\Testing\RefreshDatabase.php:84
C:\Users\Gaser\Desktop\COPRRA\vendor\laravel\framework\src\Illuminate\Foundation\Testing\RefreshDatabase.php:25
C:\Users\Gaser\Desktop\COPRRA\vendor\laravel\framework\src\Illuminate\Foundation\Testing\Concerns\InteractsWithTestCaseLifecycle.php:209
C:\Users\Gaser\Desktop\COPRRA\vendor\laravel\framework\src\Illuminate\Foundation\Testing\Concerns\InteractsWithTestCaseLifecycle.php:97
C:\Users\Gaser\Desktop\COPRRA\vendor\laravel\framework\src\Illuminate\Foundation\Testing\TestCase.php:44
C:\Users\Gaser\Desktop\COPRRA\tests\TestCase.php:25
C:\Users\Gaser\Desktop\COPRRA\tests\Feature\Models\NotificationSimpleTest.php:19</error>
        </testcase>
        <testcase name="test_get_metadata_returns_metadata_array" file="C:\Users\Gaser\Desktop\COPRRA\tests\Feature\Models\NotificationSimpleTest.php" line="354" class="Tests\Feature\Models\NotificationSimpleTest" classname="Tests.Feature.Models.NotificationSimpleTest" assertions="0" time="0.000000">
          <error type="Error">Tests\Feature\Models\NotificationSimpleTest::test_get_metadata_returns_metadata_array&#13;
Error: Class "Mockery" not found
&#13;
C:\Users\Gaser\Desktop\COPRRA\vendor\laravel\framework\src\Illuminate\Testing\PendingCommand.php:550
C:\Users\Gaser\Desktop\COPRRA\vendor\laravel\framework\src\Illuminate\Testing\PendingCommand.php:448
C:\Users\Gaser\Desktop\COPRRA\vendor\laravel\framework\src\Illuminate\Testing\PendingCommand.php:675
C:\Users\Gaser\Desktop\COPRRA\vendor\laravel\framework\src\Illuminate\Foundation\Testing\Concerns\InteractsWithConsole.php:87
C:\Users\Gaser\Desktop\COPRRA\vendor\laravel\framework\src\Illuminate\Foundation\Testing\RefreshDatabase.php:101
C:\Users\Gaser\Desktop\COPRRA\vendor\laravel\framework\src\Illuminate\Foundation\Testing\RefreshDatabase.php:84
C:\Users\Gaser\Desktop\COPRRA\vendor\laravel\framework\src\Illuminate\Foundation\Testing\RefreshDatabase.php:25
C:\Users\Gaser\Desktop\COPRRA\vendor\laravel\framework\src\Illuminate\Foundation\Testing\Concerns\InteractsWithTestCaseLifecycle.php:209
C:\Users\Gaser\Desktop\COPRRA\vendor\laravel\framework\src\Illuminate\Foundation\Testing\Concerns\InteractsWithTestCaseLifecycle.php:97
C:\Users\Gaser\Desktop\COPRRA\vendor\laravel\framework\src\Illuminate\Foundation\Testing\TestCase.php:44
C:\Users\Gaser\Desktop\COPRRA\tests\TestCase.php:25
C:\Users\Gaser\Desktop\COPRRA\tests\Feature\Models\NotificationSimpleTest.php:19</error>
        </testcase>
        <testcase name="test_get_tags_returns_tags_array" file="C:\Users\Gaser\Desktop\COPRRA\tests\Feature\Models\NotificationSimpleTest.php" line="363" class="Tests\Feature\Models\NotificationSimpleTest" classname="Tests.Feature.Models.NotificationSimpleTest" assertions="0" time="0.000000">
          <error type="Error">Tests\Feature\Models\NotificationSimpleTest::test_get_tags_returns_tags_array&#13;
Error: Class "Mockery" not found
&#13;
C:\Users\Gaser\Desktop\COPRRA\vendor\laravel\framework\src\Illuminate\Testing\PendingCommand.php:550
C:\Users\Gaser\Desktop\COPRRA\vendor\laravel\framework\src\Illuminate\Testing\PendingCommand.php:448
C:\Users\Gaser\Desktop\COPRRA\vendor\laravel\framework\src\Illuminate\Testing\PendingCommand.php:675
C:\Users\Gaser\Desktop\COPRRA\vendor\laravel\framework\src\Illuminate\Foundation\Testing\Concerns\InteractsWithConsole.php:87
C:\Users\Gaser\Desktop\COPRRA\vendor\laravel\framework\src\Illuminate\Foundation\Testing\RefreshDatabase.php:101
C:\Users\Gaser\Desktop\COPRRA\vendor\laravel\framework\src\Illuminate\Foundation\Testing\RefreshDatabase.php:84
C:\Users\Gaser\Desktop\COPRRA\vendor\laravel\framework\src\Illuminate\Foundation\Testing\RefreshDatabase.php:25
C:\Users\Gaser\Desktop\COPRRA\vendor\laravel\framework\src\Illuminate\Foundation\Testing\Concerns\InteractsWithTestCaseLifecycle.php:209
C:\Users\Gaser\Desktop\COPRRA\vendor\laravel\framework\src\Illuminate\Foundation\Testing\Concerns\InteractsWithTestCaseLifecycle.php:97
C:\Users\Gaser\Desktop\COPRRA\vendor\laravel\framework\src\Illuminate\Foundation\Testing\TestCase.php:44
C:\Users\Gaser\Desktop\COPRRA\tests\TestCase.php:25
C:\Users\Gaser\Desktop\COPRRA\tests\Feature\Models\NotificationSimpleTest.php:19</error>
        </testcase>
        <testcase name="test_has_tag_returns_correct_boolean" file="C:\Users\Gaser\Desktop\COPRRA\tests\Feature\Models\NotificationSimpleTest.php" line="372" class="Tests\Feature\Models\NotificationSimpleTest" classname="Tests.Feature.Models.NotificationSimpleTest" assertions="0" time="0.000000">
          <error type="Error">Tests\Feature\Models\NotificationSimpleTest::test_has_tag_returns_correct_boolean&#13;
Error: Class "Mockery" not found
&#13;
C:\Users\Gaser\Desktop\COPRRA\vendor\laravel\framework\src\Illuminate\Testing\PendingCommand.php:550
C:\Users\Gaser\Desktop\COPRRA\vendor\laravel\framework\src\Illuminate\Testing\PendingCommand.php:448
C:\Users\Gaser\Desktop\COPRRA\vendor\laravel\framework\src\Illuminate\Testing\PendingCommand.php:675
C:\Users\Gaser\Desktop\COPRRA\vendor\laravel\framework\src\Illuminate\Foundation\Testing\Concerns\InteractsWithConsole.php:87
C:\Users\Gaser\Desktop\COPRRA\vendor\laravel\framework\src\Illuminate\Foundation\Testing\RefreshDatabase.php:101
C:\Users\Gaser\Desktop\COPRRA\vendor\laravel\framework\src\Illuminate\Foundation\Testing\RefreshDatabase.php:84
C:\Users\Gaser\Desktop\COPRRA\vendor\laravel\framework\src\Illuminate\Foundation\Testing\RefreshDatabase.php:25
C:\Users\Gaser\Desktop\COPRRA\vendor\laravel\framework\src\Illuminate\Foundation\Testing\Concerns\InteractsWithTestCaseLifecycle.php:209
C:\Users\Gaser\Desktop\COPRRA\vendor\laravel\framework\src\Illuminate\Foundation\Testing\Concerns\InteractsWithTestCaseLifecycle.php:97
C:\Users\Gaser\Desktop\COPRRA\vendor\laravel\framework\src\Illuminate\Foundation\Testing\TestCase.php:44
C:\Users\Gaser\Desktop\COPRRA\tests\TestCase.php:25
C:\Users\Gaser\Desktop\COPRRA\tests\Feature\Models\NotificationSimpleTest.php:19</error>
        </testcase>
        <testcase name="test_get_retry_count_returns_correct_count" file="C:\Users\Gaser\Desktop\COPRRA\tests\Feature\Models\NotificationSimpleTest.php" line="383" class="Tests\Feature\Models\NotificationSimpleTest" classname="Tests.Feature.Models.NotificationSimpleTest" assertions="0" time="0.000000">
          <error type="Error">Tests\Feature\Models\NotificationSimpleTest::test_get_retry_count_returns_correct_count&#13;
Error: Class "Mockery" not found
&#13;
C:\Users\Gaser\Desktop\COPRRA\vendor\laravel\framework\src\Illuminate\Testing\PendingCommand.php:550
C:\Users\Gaser\Desktop\COPRRA\vendor\laravel\framework\src\Illuminate\Testing\PendingCommand.php:448
C:\Users\Gaser\Desktop\COPRRA\vendor\laravel\framework\src\Illuminate\Testing\PendingCommand.php:675
C:\Users\Gaser\Desktop\COPRRA\vendor\laravel\framework\src\Illuminate\Foundation\Testing\Concerns\InteractsWithConsole.php:87
C:\Users\Gaser\Desktop\COPRRA\vendor\laravel\framework\src\Illuminate\Foundation\Testing\RefreshDatabase.php:101
C:\Users\Gaser\Desktop\COPRRA\vendor\laravel\framework\src\Illuminate\Foundation\Testing\RefreshDatabase.php:84
C:\Users\Gaser\Desktop\COPRRA\vendor\laravel\framework\src\Illuminate\Foundation\Testing\RefreshDatabase.php:25
C:\Users\Gaser\Desktop\COPRRA\vendor\laravel\framework\src\Illuminate\Foundation\Testing\Concerns\InteractsWithTestCaseLifecycle.php:209
C:\Users\Gaser\Desktop\COPRRA\vendor\laravel\framework\src\Illuminate\Foundation\Testing\Concerns\InteractsWithTestCaseLifecycle.php:97
C:\Users\Gaser\Desktop\COPRRA\vendor\laravel\framework\src\Illuminate\Foundation\Testing\TestCase.php:44
C:\Users\Gaser\Desktop\COPRRA\tests\TestCase.php:25
C:\Users\Gaser\Desktop\COPRRA\tests\Feature\Models\NotificationSimpleTest.php:19</error>
        </testcase>
        <testcase name="test_get_retry_count_returns_zero_when_not_set" file="C:\Users\Gaser\Desktop\COPRRA\tests\Feature\Models\NotificationSimpleTest.php" line="391" class="Tests\Feature\Models\NotificationSimpleTest" classname="Tests.Feature.Models.NotificationSimpleTest" assertions="0" time="0.000000">
          <error type="Error">Tests\Feature\Models\NotificationSimpleTest::test_get_retry_count_returns_zero_when_not_set&#13;
Error: Class "Mockery" not found
&#13;
C:\Users\Gaser\Desktop\COPRRA\vendor\laravel\framework\src\Illuminate\Testing\PendingCommand.php:550
C:\Users\Gaser\Desktop\COPRRA\vendor\laravel\framework\src\Illuminate\Testing\PendingCommand.php:448
C:\Users\Gaser\Desktop\COPRRA\vendor\laravel\framework\src\Illuminate\Testing\PendingCommand.php:675
C:\Users\Gaser\Desktop\COPRRA\vendor\laravel\framework\src\Illuminate\Foundation\Testing\Concerns\InteractsWithConsole.php:87
C:\Users\Gaser\Desktop\COPRRA\vendor\laravel\framework\src\Illuminate\Foundation\Testing\RefreshDatabase.php:101
C:\Users\Gaser\Desktop\COPRRA\vendor\laravel\framework\src\Illuminate\Foundation\Testing\RefreshDatabase.php:84
C:\Users\Gaser\Desktop\COPRRA\vendor\laravel\framework\src\Illuminate\Foundation\Testing\RefreshDatabase.php:25
C:\Users\Gaser\Desktop\COPRRA\vendor\laravel\framework\src\Illuminate\Foundation\Testing\Concerns\InteractsWithTestCaseLifecycle.php:209
C:\Users\Gaser\Desktop\COPRRA\vendor\laravel\framework\src\Illuminate\Foundation\Testing\Concerns\InteractsWithTestCaseLifecycle.php:97
C:\Users\Gaser\Desktop\COPRRA\vendor\laravel\framework\src\Illuminate\Foundation\Testing\TestCase.php:44
C:\Users\Gaser\Desktop\COPRRA\tests\TestCase.php:25
C:\Users\Gaser\Desktop\COPRRA\tests\Feature\Models\NotificationSimpleTest.php:19</error>
        </testcase>
        <testcase name="test_can_retry_returns_correct_boolean" file="C:\Users\Gaser\Desktop\COPRRA\tests\Feature\Models\NotificationSimpleTest.php" line="399" class="Tests\Feature\Models\NotificationSimpleTest" classname="Tests.Feature.Models.NotificationSimpleTest" assertions="0" time="0.000000">
          <error type="Error">Tests\Feature\Models\NotificationSimpleTest::test_can_retry_returns_correct_boolean&#13;
Error: Class "Mockery" not found
&#13;
C:\Users\Gaser\Desktop\COPRRA\vendor\laravel\framework\src\Illuminate\Testing\PendingCommand.php:550
C:\Users\Gaser\Desktop\COPRRA\vendor\laravel\framework\src\Illuminate\Testing\PendingCommand.php:448
C:\Users\Gaser\Desktop\COPRRA\vendor\laravel\framework\src\Illuminate\Testing\PendingCommand.php:675
C:\Users\Gaser\Desktop\COPRRA\vendor\laravel\framework\src\Illuminate\Foundation\Testing\Concerns\InteractsWithConsole.php:87
C:\Users\Gaser\Desktop\COPRRA\vendor\laravel\framework\src\Illuminate\Foundation\Testing\RefreshDatabase.php:101
C:\Users\Gaser\Desktop\COPRRA\vendor\laravel\framework\src\Illuminate\Foundation\Testing\RefreshDatabase.php:84
C:\Users\Gaser\Desktop\COPRRA\vendor\laravel\framework\src\Illuminate\Foundation\Testing\RefreshDatabase.php:25
C:\Users\Gaser\Desktop\COPRRA\vendor\laravel\framework\src\Illuminate\Foundation\Testing\Concerns\InteractsWithTestCaseLifecycle.php:209
C:\Users\Gaser\Desktop\COPRRA\vendor\laravel\framework\src\Illuminate\Foundation\Testing\Concerns\InteractsWithTestCaseLifecycle.php:97
C:\Users\Gaser\Desktop\COPRRA\vendor\laravel\framework\src\Illuminate\Foundation\Testing\TestCase.php:44
C:\Users\Gaser\Desktop\COPRRA\tests\TestCase.php:25
C:\Users\Gaser\Desktop\COPRRA\tests\Feature\Models\NotificationSimpleTest.php:19</error>
        </testcase>
        <testcase name="test_can_retry_returns_false_when_not_failed" file="C:\Users\Gaser\Desktop\COPRRA\tests\Feature\Models\NotificationSimpleTest.php" line="410" class="Tests\Feature\Models\NotificationSimpleTest" classname="Tests.Feature.Models.NotificationSimpleTest" assertions="0" time="0.000000">
          <error type="Error">Tests\Feature\Models\NotificationSimpleTest::test_can_retry_returns_false_when_not_failed&#13;
Error: Class "Mockery" not found
&#13;
C:\Users\Gaser\Desktop\COPRRA\vendor\laravel\framework\src\Illuminate\Testing\PendingCommand.php:550
C:\Users\Gaser\Desktop\COPRRA\vendor\laravel\framework\src\Illuminate\Testing\PendingCommand.php:448
C:\Users\Gaser\Desktop\COPRRA\vendor\laravel\framework\src\Illuminate\Testing\PendingCommand.php:675
C:\Users\Gaser\Desktop\COPRRA\vendor\laravel\framework\src\Illuminate\Foundation\Testing\Concerns\InteractsWithConsole.php:87
C:\Users\Gaser\Desktop\COPRRA\vendor\laravel\framework\src\Illuminate\Foundation\Testing\RefreshDatabase.php:101
C:\Users\Gaser\Desktop\COPRRA\vendor\laravel\framework\src\Illuminate\Foundation\Testing\RefreshDatabase.php:84
C:\Users\Gaser\Desktop\COPRRA\vendor\laravel\framework\src\Illuminate\Foundation\Testing\RefreshDatabase.php:25
C:\Users\Gaser\Desktop\COPRRA\vendor\laravel\framework\src\Illuminate\Foundation\Testing\Concerns\InteractsWithTestCaseLifecycle.php:209
C:\Users\Gaser\Desktop\COPRRA\vendor\laravel\framework\src\Illuminate\Foundation\Testing\Concerns\InteractsWithTestCaseLifecycle.php:97
C:\Users\Gaser\Desktop\COPRRA\vendor\laravel\framework\src\Illuminate\Foundation\Testing\TestCase.php:44
C:\Users\Gaser\Desktop\COPRRA\tests\TestCase.php:25
C:\Users\Gaser\Desktop\COPRRA\tests\Feature\Models\NotificationSimpleTest.php:19</error>
        </testcase>
      </testsuite>
      <testsuite name="Tests\Feature\Models\NotificationTest" file="C:\Users\Gaser\Desktop\COPRRA\tests\Feature\Models\NotificationTest.php" tests="57" assertions="0" errors="57" failures="0" skipped="0" time="0.000000">
        <testcase name="test_it_can_create_a_notification" file="C:\Users\Gaser\Desktop\COPRRA\tests\Feature\Models\NotificationTest.php" line="21" class="Tests\Feature\Models\NotificationTest" classname="Tests.Feature.Models.NotificationTest" assertions="0" time="0.000000">
          <error type="Error">Tests\Feature\Models\NotificationTest::test_it_can_create_a_notification&#13;
Error: Class "Mockery" not found
&#13;
C:\Users\Gaser\Desktop\COPRRA\vendor\laravel\framework\src\Illuminate\Testing\PendingCommand.php:550
C:\Users\Gaser\Desktop\COPRRA\vendor\laravel\framework\src\Illuminate\Testing\PendingCommand.php:448
C:\Users\Gaser\Desktop\COPRRA\vendor\laravel\framework\src\Illuminate\Testing\PendingCommand.php:675
C:\Users\Gaser\Desktop\COPRRA\vendor\laravel\framework\src\Illuminate\Foundation\Testing\Concerns\InteractsWithConsole.php:87
C:\Users\Gaser\Desktop\COPRRA\vendor\laravel\framework\src\Illuminate\Foundation\Testing\RefreshDatabase.php:101
C:\Users\Gaser\Desktop\COPRRA\vendor\laravel\framework\src\Illuminate\Foundation\Testing\RefreshDatabase.php:84
C:\Users\Gaser\Desktop\COPRRA\vendor\laravel\framework\src\Illuminate\Foundation\Testing\RefreshDatabase.php:25
C:\Users\Gaser\Desktop\COPRRA\vendor\laravel\framework\src\Illuminate\Foundation\Testing\Concerns\InteractsWithTestCaseLifecycle.php:209
C:\Users\Gaser\Desktop\COPRRA\vendor\laravel\framework\src\Illuminate\Foundation\Testing\Concerns\InteractsWithTestCaseLifecycle.php:97
C:\Users\Gaser\Desktop\COPRRA\vendor\laravel\framework\src\Illuminate\Foundation\Testing\TestCase.php:44
C:\Users\Gaser\Desktop\COPRRA\tests\TestCase.php:25
C:\Users\Gaser\Desktop\COPRRA\tests\Feature\Models\NotificationTest.php:17</error>
        </testcase>
        <testcase name="test_it_casts_attributes_correctly" file="C:\Users\Gaser\Desktop\COPRRA\tests\Feature\Models\NotificationTest.php" line="62" class="Tests\Feature\Models\NotificationTest" classname="Tests.Feature.Models.NotificationTest" assertions="0" time="0.000000">
          <error type="Error">Tests\Feature\Models\NotificationTest::test_it_casts_attributes_correctly&#13;
Error: Class "Mockery" not found
&#13;
C:\Users\Gaser\Desktop\COPRRA\vendor\laravel\framework\src\Illuminate\Testing\PendingCommand.php:550
C:\Users\Gaser\Desktop\COPRRA\vendor\laravel\framework\src\Illuminate\Testing\PendingCommand.php:448
C:\Users\Gaser\Desktop\COPRRA\vendor\laravel\framework\src\Illuminate\Testing\PendingCommand.php:675
C:\Users\Gaser\Desktop\COPRRA\vendor\laravel\framework\src\Illuminate\Foundation\Testing\Concerns\InteractsWithConsole.php:87
C:\Users\Gaser\Desktop\COPRRA\vendor\laravel\framework\src\Illuminate\Foundation\Testing\RefreshDatabase.php:101
C:\Users\Gaser\Desktop\COPRRA\vendor\laravel\framework\src\Illuminate\Foundation\Testing\RefreshDatabase.php:84
C:\Users\Gaser\Desktop\COPRRA\vendor\laravel\framework\src\Illuminate\Foundation\Testing\RefreshDatabase.php:25
C:\Users\Gaser\Desktop\COPRRA\vendor\laravel\framework\src\Illuminate\Foundation\Testing\Concerns\InteractsWithTestCaseLifecycle.php:209
C:\Users\Gaser\Desktop\COPRRA\vendor\laravel\framework\src\Illuminate\Foundation\Testing\Concerns\InteractsWithTestCaseLifecycle.php:97
C:\Users\Gaser\Desktop\COPRRA\vendor\laravel\framework\src\Illuminate\Foundation\Testing\TestCase.php:44
C:\Users\Gaser\Desktop\COPRRA\tests\TestCase.php:25
C:\Users\Gaser\Desktop\COPRRA\tests\Feature\Models\NotificationTest.php:17</error>
        </testcase>
        <testcase name="test_it_belongs_to_user" file="C:\Users\Gaser\Desktop\COPRRA\tests\Feature\Models\NotificationTest.php" line="84" class="Tests\Feature\Models\NotificationTest" classname="Tests.Feature.Models.NotificationTest" assertions="0" time="0.000000">
          <error type="Error">Tests\Feature\Models\NotificationTest::test_it_belongs_to_user&#13;
Error: Class "Mockery" not found
&#13;
C:\Users\Gaser\Desktop\COPRRA\vendor\laravel\framework\src\Illuminate\Testing\PendingCommand.php:550
C:\Users\Gaser\Desktop\COPRRA\vendor\laravel\framework\src\Illuminate\Testing\PendingCommand.php:448
C:\Users\Gaser\Desktop\COPRRA\vendor\laravel\framework\src\Illuminate\Testing\PendingCommand.php:675
C:\Users\Gaser\Desktop\COPRRA\vendor\laravel\framework\src\Illuminate\Foundation\Testing\Concerns\InteractsWithConsole.php:87
C:\Users\Gaser\Desktop\COPRRA\vendor\laravel\framework\src\Illuminate\Foundation\Testing\RefreshDatabase.php:101
C:\Users\Gaser\Desktop\COPRRA\vendor\laravel\framework\src\Illuminate\Foundation\Testing\RefreshDatabase.php:84
C:\Users\Gaser\Desktop\COPRRA\vendor\laravel\framework\src\Illuminate\Foundation\Testing\RefreshDatabase.php:25
C:\Users\Gaser\Desktop\COPRRA\vendor\laravel\framework\src\Illuminate\Foundation\Testing\Concerns\InteractsWithTestCaseLifecycle.php:209
C:\Users\Gaser\Desktop\COPRRA\vendor\laravel\framework\src\Illuminate\Foundation\Testing\Concerns\InteractsWithTestCaseLifecycle.php:97
C:\Users\Gaser\Desktop\COPRRA\vendor\laravel\framework\src\Illuminate\Foundation\Testing\TestCase.php:44
C:\Users\Gaser\Desktop\COPRRA\tests\TestCase.php:25
C:\Users\Gaser\Desktop\COPRRA\tests\Feature\Models\NotificationTest.php:17</error>
        </testcase>
        <testcase name="test_scope_unread_filters_unread_notifications" file="C:\Users\Gaser\Desktop\COPRRA\tests\Feature\Models\NotificationTest.php" line="94" class="Tests\Feature\Models\NotificationTest" classname="Tests.Feature.Models.NotificationTest" assertions="0" time="0.000000">
          <error type="Error">Tests\Feature\Models\NotificationTest::test_scope_unread_filters_unread_notifications&#13;
Error: Class "Mockery" not found
&#13;
C:\Users\Gaser\Desktop\COPRRA\vendor\laravel\framework\src\Illuminate\Testing\PendingCommand.php:550
C:\Users\Gaser\Desktop\COPRRA\vendor\laravel\framework\src\Illuminate\Testing\PendingCommand.php:448
C:\Users\Gaser\Desktop\COPRRA\vendor\laravel\framework\src\Illuminate\Testing\PendingCommand.php:675
C:\Users\Gaser\Desktop\COPRRA\vendor\laravel\framework\src\Illuminate\Foundation\Testing\Concerns\InteractsWithConsole.php:87
C:\Users\Gaser\Desktop\COPRRA\vendor\laravel\framework\src\Illuminate\Foundation\Testing\RefreshDatabase.php:101
C:\Users\Gaser\Desktop\COPRRA\vendor\laravel\framework\src\Illuminate\Foundation\Testing\RefreshDatabase.php:84
C:\Users\Gaser\Desktop\COPRRA\vendor\laravel\framework\src\Illuminate\Foundation\Testing\RefreshDatabase.php:25
C:\Users\Gaser\Desktop\COPRRA\vendor\laravel\framework\src\Illuminate\Foundation\Testing\Concerns\InteractsWithTestCaseLifecycle.php:209
C:\Users\Gaser\Desktop\COPRRA\vendor\laravel\framework\src\Illuminate\Foundation\Testing\Concerns\InteractsWithTestCaseLifecycle.php:97
C:\Users\Gaser\Desktop\COPRRA\vendor\laravel\framework\src\Illuminate\Foundation\Testing\TestCase.php:44
C:\Users\Gaser\Desktop\COPRRA\tests\TestCase.php:25
C:\Users\Gaser\Desktop\COPRRA\tests\Feature\Models\NotificationTest.php:17</error>
        </testcase>
        <testcase name="test_scope_read_filters_read_notifications" file="C:\Users\Gaser\Desktop\COPRRA\tests\Feature\Models\NotificationTest.php" line="107" class="Tests\Feature\Models\NotificationTest" classname="Tests.Feature.Models.NotificationTest" assertions="0" time="0.000000">
          <error type="Error">Tests\Feature\Models\NotificationTest::test_scope_read_filters_read_notifications&#13;
Error: Class "Mockery" not found
&#13;
C:\Users\Gaser\Desktop\COPRRA\vendor\laravel\framework\src\Illuminate\Testing\PendingCommand.php:550
C:\Users\Gaser\Desktop\COPRRA\vendor\laravel\framework\src\Illuminate\Testing\PendingCommand.php:448
C:\Users\Gaser\Desktop\COPRRA\vendor\laravel\framework\src\Illuminate\Testing\PendingCommand.php:675
C:\Users\Gaser\Desktop\COPRRA\vendor\laravel\framework\src\Illuminate\Foundation\Testing\Concerns\InteractsWithConsole.php:87
C:\Users\Gaser\Desktop\COPRRA\vendor\laravel\framework\src\Illuminate\Foundation\Testing\RefreshDatabase.php:101
C:\Users\Gaser\Desktop\COPRRA\vendor\laravel\framework\src\Illuminate\Foundation\Testing\RefreshDatabase.php:84
C:\Users\Gaser\Desktop\COPRRA\vendor\laravel\framework\src\Illuminate\Foundation\Testing\RefreshDatabase.php:25
C:\Users\Gaser\Desktop\COPRRA\vendor\laravel\framework\src\Illuminate\Foundation\Testing\Concerns\InteractsWithTestCaseLifecycle.php:209
C:\Users\Gaser\Desktop\COPRRA\vendor\laravel\framework\src\Illuminate\Foundation\Testing\Concerns\InteractsWithTestCaseLifecycle.php:97
C:\Users\Gaser\Desktop\COPRRA\vendor\laravel\framework\src\Illuminate\Foundation\Testing\TestCase.php:44
C:\Users\Gaser\Desktop\COPRRA\tests\TestCase.php:25
C:\Users\Gaser\Desktop\COPRRA\tests\Feature\Models\NotificationTest.php:17</error>
        </testcase>
        <testcase name="test_scope_of_type_filters_by_type" file="C:\Users\Gaser\Desktop\COPRRA\tests\Feature\Models\NotificationTest.php" line="120" class="Tests\Feature\Models\NotificationTest" classname="Tests.Feature.Models.NotificationTest" assertions="0" time="0.000000">
          <error type="Error">Tests\Feature\Models\NotificationTest::test_scope_of_type_filters_by_type&#13;
Error: Class "Mockery" not found
&#13;
C:\Users\Gaser\Desktop\COPRRA\vendor\laravel\framework\src\Illuminate\Testing\PendingCommand.php:550
C:\Users\Gaser\Desktop\COPRRA\vendor\laravel\framework\src\Illuminate\Testing\PendingCommand.php:448
C:\Users\Gaser\Desktop\COPRRA\vendor\laravel\framework\src\Illuminate\Testing\PendingCommand.php:675
C:\Users\Gaser\Desktop\COPRRA\vendor\laravel\framework\src\Illuminate\Foundation\Testing\Concerns\InteractsWithConsole.php:87
C:\Users\Gaser\Desktop\COPRRA\vendor\laravel\framework\src\Illuminate\Foundation\Testing\RefreshDatabase.php:101
C:\Users\Gaser\Desktop\COPRRA\vendor\laravel\framework\src\Illuminate\Foundation\Testing\RefreshDatabase.php:84
C:\Users\Gaser\Desktop\COPRRA\vendor\laravel\framework\src\Illuminate\Foundation\Testing\RefreshDatabase.php:25
C:\Users\Gaser\Desktop\COPRRA\vendor\laravel\framework\src\Illuminate\Foundation\Testing\Concerns\InteractsWithTestCaseLifecycle.php:209
C:\Users\Gaser\Desktop\COPRRA\vendor\laravel\framework\src\Illuminate\Foundation\Testing\Concerns\InteractsWithTestCaseLifecycle.php:97
C:\Users\Gaser\Desktop\COPRRA\vendor\laravel\framework\src\Illuminate\Foundation\Testing\TestCase.php:44
C:\Users\Gaser\Desktop\COPRRA\tests\TestCase.php:25
C:\Users\Gaser\Desktop\COPRRA\tests\Feature\Models\NotificationTest.php:17</error>
        </testcase>
        <testcase name="test_scope_of_priority_filters_by_priority" file="C:\Users\Gaser\Desktop\COPRRA\tests\Feature\Models\NotificationTest.php" line="136" class="Tests\Feature\Models\NotificationTest" classname="Tests.Feature.Models.NotificationTest" assertions="0" time="0.000000">
          <error type="Error">Tests\Feature\Models\NotificationTest::test_scope_of_priority_filters_by_priority&#13;
Error: Class "Mockery" not found
&#13;
C:\Users\Gaser\Desktop\COPRRA\vendor\laravel\framework\src\Illuminate\Testing\PendingCommand.php:550
C:\Users\Gaser\Desktop\COPRRA\vendor\laravel\framework\src\Illuminate\Testing\PendingCommand.php:448
C:\Users\Gaser\Desktop\COPRRA\vendor\laravel\framework\src\Illuminate\Testing\PendingCommand.php:675
C:\Users\Gaser\Desktop\COPRRA\vendor\laravel\framework\src\Illuminate\Foundation\Testing\Concerns\InteractsWithConsole.php:87
C:\Users\Gaser\Desktop\COPRRA\vendor\laravel\framework\src\Illuminate\Foundation\Testing\RefreshDatabase.php:101
C:\Users\Gaser\Desktop\COPRRA\vendor\laravel\framework\src\Illuminate\Foundation\Testing\RefreshDatabase.php:84
C:\Users\Gaser\Desktop\COPRRA\vendor\laravel\framework\src\Illuminate\Foundation\Testing\RefreshDatabase.php:25
C:\Users\Gaser\Desktop\COPRRA\vendor\laravel\framework\src\Illuminate\Foundation\Testing\Concerns\InteractsWithTestCaseLifecycle.php:209
C:\Users\Gaser\Desktop\COPRRA\vendor\laravel\framework\src\Illuminate\Foundation\Testing\Concerns\InteractsWithTestCaseLifecycle.php:97
C:\Users\Gaser\Desktop\COPRRA\vendor\laravel\framework\src\Illuminate\Foundation\Testing\TestCase.php:44
C:\Users\Gaser\Desktop\COPRRA\tests\TestCase.php:25
C:\Users\Gaser\Desktop\COPRRA\tests\Feature\Models\NotificationTest.php:17</error>
        </testcase>
        <testcase name="test_scope_of_status_filters_by_status" file="C:\Users\Gaser\Desktop\COPRRA\tests\Feature\Models\NotificationTest.php" line="152" class="Tests\Feature\Models\NotificationTest" classname="Tests.Feature.Models.NotificationTest" assertions="0" time="0.000000">
          <error type="Error">Tests\Feature\Models\NotificationTest::test_scope_of_status_filters_by_status&#13;
Error: Class "Mockery" not found
&#13;
C:\Users\Gaser\Desktop\COPRRA\vendor\laravel\framework\src\Illuminate\Testing\PendingCommand.php:550
C:\Users\Gaser\Desktop\COPRRA\vendor\laravel\framework\src\Illuminate\Testing\PendingCommand.php:448
C:\Users\Gaser\Desktop\COPRRA\vendor\laravel\framework\src\Illuminate\Testing\PendingCommand.php:675
C:\Users\Gaser\Desktop\COPRRA\vendor\laravel\framework\src\Illuminate\Foundation\Testing\Concerns\InteractsWithConsole.php:87
C:\Users\Gaser\Desktop\COPRRA\vendor\laravel\framework\src\Illuminate\Foundation\Testing\RefreshDatabase.php:101
C:\Users\Gaser\Desktop\COPRRA\vendor\laravel\framework\src\Illuminate\Foundation\Testing\RefreshDatabase.php:84
C:\Users\Gaser\Desktop\COPRRA\vendor\laravel\framework\src\Illuminate\Foundation\Testing\RefreshDatabase.php:25
C:\Users\Gaser\Desktop\COPRRA\vendor\laravel\framework\src\Illuminate\Foundation\Testing\Concerns\InteractsWithTestCaseLifecycle.php:209
C:\Users\Gaser\Desktop\COPRRA\vendor\laravel\framework\src\Illuminate\Foundation\Testing\Concerns\InteractsWithTestCaseLifecycle.php:97
C:\Users\Gaser\Desktop\COPRRA\vendor\laravel\framework\src\Illuminate\Foundation\Testing\TestCase.php:44
C:\Users\Gaser\Desktop\COPRRA\tests\TestCase.php:25
C:\Users\Gaser\Desktop\COPRRA\tests\Feature\Models\NotificationTest.php:17</error>
        </testcase>
        <testcase name="test_scope_sent_filters_sent_notifications" file="C:\Users\Gaser\Desktop\COPRRA\tests\Feature\Models\NotificationTest.php" line="168" class="Tests\Feature\Models\NotificationTest" classname="Tests.Feature.Models.NotificationTest" assertions="0" time="0.000000">
          <error type="Error">Tests\Feature\Models\NotificationTest::test_scope_sent_filters_sent_notifications&#13;
Error: Class "Mockery" not found
&#13;
C:\Users\Gaser\Desktop\COPRRA\vendor\laravel\framework\src\Illuminate\Testing\PendingCommand.php:550
C:\Users\Gaser\Desktop\COPRRA\vendor\laravel\framework\src\Illuminate\Testing\PendingCommand.php:448
C:\Users\Gaser\Desktop\COPRRA\vendor\laravel\framework\src\Illuminate\Testing\PendingCommand.php:675
C:\Users\Gaser\Desktop\COPRRA\vendor\laravel\framework\src\Illuminate\Foundation\Testing\Concerns\InteractsWithConsole.php:87
C:\Users\Gaser\Desktop\COPRRA\vendor\laravel\framework\src\Illuminate\Foundation\Testing\RefreshDatabase.php:101
C:\Users\Gaser\Desktop\COPRRA\vendor\laravel\framework\src\Illuminate\Foundation\Testing\RefreshDatabase.php:84
C:\Users\Gaser\Desktop\COPRRA\vendor\laravel\framework\src\Illuminate\Foundation\Testing\RefreshDatabase.php:25
C:\Users\Gaser\Desktop\COPRRA\vendor\laravel\framework\src\Illuminate\Foundation\Testing\Concerns\InteractsWithTestCaseLifecycle.php:209
C:\Users\Gaser\Desktop\COPRRA\vendor\laravel\framework\src\Illuminate\Foundation\Testing\Concerns\InteractsWithTestCaseLifecycle.php:97
C:\Users\Gaser\Desktop\COPRRA\vendor\laravel\framework\src\Illuminate\Foundation\Testing\TestCase.php:44
C:\Users\Gaser\Desktop\COPRRA\tests\TestCase.php:25
C:\Users\Gaser\Desktop\COPRRA\tests\Feature\Models\NotificationTest.php:17</error>
        </testcase>
        <testcase name="test_scope_pending_filters_pending_notifications" file="C:\Users\Gaser\Desktop\COPRRA\tests\Feature\Models\NotificationTest.php" line="181" class="Tests\Feature\Models\NotificationTest" classname="Tests.Feature.Models.NotificationTest" assertions="0" time="0.000000">
          <error type="Error">Tests\Feature\Models\NotificationTest::test_scope_pending_filters_pending_notifications&#13;
Error: Class "Mockery" not found
&#13;
C:\Users\Gaser\Desktop\COPRRA\vendor\laravel\framework\src\Illuminate\Testing\PendingCommand.php:550
C:\Users\Gaser\Desktop\COPRRA\vendor\laravel\framework\src\Illuminate\Testing\PendingCommand.php:448
C:\Users\Gaser\Desktop\COPRRA\vendor\laravel\framework\src\Illuminate\Testing\PendingCommand.php:675
C:\Users\Gaser\Desktop\COPRRA\vendor\laravel\framework\src\Illuminate\Foundation\Testing\Concerns\InteractsWithConsole.php:87
C:\Users\Gaser\Desktop\COPRRA\vendor\laravel\framework\src\Illuminate\Foundation\Testing\RefreshDatabase.php:101
C:\Users\Gaser\Desktop\COPRRA\vendor\laravel\framework\src\Illuminate\Foundation\Testing\RefreshDatabase.php:84
C:\Users\Gaser\Desktop\COPRRA\vendor\laravel\framework\src\Illuminate\Foundation\Testing\RefreshDatabase.php:25
C:\Users\Gaser\Desktop\COPRRA\vendor\laravel\framework\src\Illuminate\Foundation\Testing\Concerns\InteractsWithTestCaseLifecycle.php:209
C:\Users\Gaser\Desktop\COPRRA\vendor\laravel\framework\src\Illuminate\Foundation\Testing\Concerns\InteractsWithTestCaseLifecycle.php:97
C:\Users\Gaser\Desktop\COPRRA\vendor\laravel\framework\src\Illuminate\Foundation\Testing\TestCase.php:44
C:\Users\Gaser\Desktop\COPRRA\tests\TestCase.php:25
C:\Users\Gaser\Desktop\COPRRA\tests\Feature\Models\NotificationTest.php:17</error>
        </testcase>
        <testcase name="test_scope_failed_filters_failed_notifications" file="C:\Users\Gaser\Desktop\COPRRA\tests\Feature\Models\NotificationTest.php" line="194" class="Tests\Feature\Models\NotificationTest" classname="Tests.Feature.Models.NotificationTest" assertions="0" time="0.000000">
          <error type="Error">Tests\Feature\Models\NotificationTest::test_scope_failed_filters_failed_notifications&#13;
Error: Class "Mockery" not found
&#13;
C:\Users\Gaser\Desktop\COPRRA\vendor\laravel\framework\src\Illuminate\Testing\PendingCommand.php:550
C:\Users\Gaser\Desktop\COPRRA\vendor\laravel\framework\src\Illuminate\Testing\PendingCommand.php:448
C:\Users\Gaser\Desktop\COPRRA\vendor\laravel\framework\src\Illuminate\Testing\PendingCommand.php:675
C:\Users\Gaser\Desktop\COPRRA\vendor\laravel\framework\src\Illuminate\Foundation\Testing\Concerns\InteractsWithConsole.php:87
C:\Users\Gaser\Desktop\COPRRA\vendor\laravel\framework\src\Illuminate\Foundation\Testing\RefreshDatabase.php:101
C:\Users\Gaser\Desktop\COPRRA\vendor\laravel\framework\src\Illuminate\Foundation\Testing\RefreshDatabase.php:84
C:\Users\Gaser\Desktop\COPRRA\vendor\laravel\framework\src\Illuminate\Foundation\Testing\RefreshDatabase.php:25
C:\Users\Gaser\Desktop\COPRRA\vendor\laravel\framework\src\Illuminate\Foundation\Testing\Concerns\InteractsWithTestCaseLifecycle.php:209
C:\Users\Gaser\Desktop\COPRRA\vendor\laravel\framework\src\Illuminate\Foundation\Testing\Concerns\InteractsWithTestCaseLifecycle.php:97
C:\Users\Gaser\Desktop\COPRRA\vendor\laravel\framework\src\Illuminate\Foundation\Testing\TestCase.php:44
C:\Users\Gaser\Desktop\COPRRA\tests\TestCase.php:25
C:\Users\Gaser\Desktop\COPRRA\tests\Feature\Models\NotificationTest.php:17</error>
        </testcase>
        <testcase name="test_scope_for_user_filters_by_user_id" file="C:\Users\Gaser\Desktop\COPRRA\tests\Feature\Models\NotificationTest.php" line="207" class="Tests\Feature\Models\NotificationTest" classname="Tests.Feature.Models.NotificationTest" assertions="0" time="0.000000">
          <error type="Error">Tests\Feature\Models\NotificationTest::test_scope_for_user_filters_by_user_id&#13;
Error: Class "Mockery" not found
&#13;
C:\Users\Gaser\Desktop\COPRRA\vendor\laravel\framework\src\Illuminate\Testing\PendingCommand.php:550
C:\Users\Gaser\Desktop\COPRRA\vendor\laravel\framework\src\Illuminate\Testing\PendingCommand.php:448
C:\Users\Gaser\Desktop\COPRRA\vendor\laravel\framework\src\Illuminate\Testing\PendingCommand.php:675
C:\Users\Gaser\Desktop\COPRRA\vendor\laravel\framework\src\Illuminate\Foundation\Testing\Concerns\InteractsWithConsole.php:87
C:\Users\Gaser\Desktop\COPRRA\vendor\laravel\framework\src\Illuminate\Foundation\Testing\RefreshDatabase.php:101
C:\Users\Gaser\Desktop\COPRRA\vendor\laravel\framework\src\Illuminate\Foundation\Testing\RefreshDatabase.php:84
C:\Users\Gaser\Desktop\COPRRA\vendor\laravel\framework\src\Illuminate\Foundation\Testing\RefreshDatabase.php:25
C:\Users\Gaser\Desktop\COPRRA\vendor\laravel\framework\src\Illuminate\Foundation\Testing\Concerns\InteractsWithTestCaseLifecycle.php:209
C:\Users\Gaser\Desktop\COPRRA\vendor\laravel\framework\src\Illuminate\Foundation\Testing\Concerns\InteractsWithTestCaseLifecycle.php:97
C:\Users\Gaser\Desktop\COPRRA\vendor\laravel\framework\src\Illuminate\Foundation\Testing\TestCase.php:44
C:\Users\Gaser\Desktop\COPRRA\tests\TestCase.php:25
C:\Users\Gaser\Desktop\COPRRA\tests\Feature\Models\NotificationTest.php:17</error>
        </testcase>
        <testcase name="test_scope_after_filters_notifications_after_date" file="C:\Users\Gaser\Desktop\COPRRA\tests\Feature\Models\NotificationTest.php" line="226" class="Tests\Feature\Models\NotificationTest" classname="Tests.Feature.Models.NotificationTest" assertions="0" time="0.000000">
          <error type="Error">Tests\Feature\Models\NotificationTest::test_scope_after_filters_notifications_after_date&#13;
Error: Class "Mockery" not found
&#13;
C:\Users\Gaser\Desktop\COPRRA\vendor\laravel\framework\src\Illuminate\Testing\PendingCommand.php:550
C:\Users\Gaser\Desktop\COPRRA\vendor\laravel\framework\src\Illuminate\Testing\PendingCommand.php:448
C:\Users\Gaser\Desktop\COPRRA\vendor\laravel\framework\src\Illuminate\Testing\PendingCommand.php:675
C:\Users\Gaser\Desktop\COPRRA\vendor\laravel\framework\src\Illuminate\Foundation\Testing\Concerns\InteractsWithConsole.php:87
C:\Users\Gaser\Desktop\COPRRA\vendor\laravel\framework\src\Illuminate\Foundation\Testing\RefreshDatabase.php:101
C:\Users\Gaser\Desktop\COPRRA\vendor\laravel\framework\src\Illuminate\Foundation\Testing\RefreshDatabase.php:84
C:\Users\Gaser\Desktop\COPRRA\vendor\laravel\framework\src\Illuminate\Foundation\Testing\RefreshDatabase.php:25
C:\Users\Gaser\Desktop\COPRRA\vendor\laravel\framework\src\Illuminate\Foundation\Testing\Concerns\InteractsWithTestCaseLifecycle.php:209
C:\Users\Gaser\Desktop\COPRRA\vendor\laravel\framework\src\Illuminate\Foundation\Testing\Concerns\InteractsWithTestCaseLifecycle.php:97
C:\Users\Gaser\Desktop\COPRRA\vendor\laravel\framework\src\Illuminate\Foundation\Testing\TestCase.php:44
C:\Users\Gaser\Desktop\COPRRA\tests\TestCase.php:25
C:\Users\Gaser\Desktop\COPRRA\tests\Feature\Models\NotificationTest.php:17</error>
        </testcase>
        <testcase name="test_scope_before_filters_notifications_before_date" file="C:\Users\Gaser\Desktop\COPRRA\tests\Feature\Models\NotificationTest.php" line="243" class="Tests\Feature\Models\NotificationTest" classname="Tests.Feature.Models.NotificationTest" assertions="0" time="0.000000">
          <error type="Error">Tests\Feature\Models\NotificationTest::test_scope_before_filters_notifications_before_date&#13;
Error: Class "Mockery" not found
&#13;
C:\Users\Gaser\Desktop\COPRRA\vendor\laravel\framework\src\Illuminate\Testing\PendingCommand.php:550
C:\Users\Gaser\Desktop\COPRRA\vendor\laravel\framework\src\Illuminate\Testing\PendingCommand.php:448
C:\Users\Gaser\Desktop\COPRRA\vendor\laravel\framework\src\Illuminate\Testing\PendingCommand.php:675
C:\Users\Gaser\Desktop\COPRRA\vendor\laravel\framework\src\Illuminate\Foundation\Testing\Concerns\InteractsWithConsole.php:87
C:\Users\Gaser\Desktop\COPRRA\vendor\laravel\framework\src\Illuminate\Foundation\Testing\RefreshDatabase.php:101
C:\Users\Gaser\Desktop\COPRRA\vendor\laravel\framework\src\Illuminate\Foundation\Testing\RefreshDatabase.php:84
C:\Users\Gaser\Desktop\COPRRA\vendor\laravel\framework\src\Illuminate\Foundation\Testing\RefreshDatabase.php:25
C:\Users\Gaser\Desktop\COPRRA\vendor\laravel\framework\src\Illuminate\Foundation\Testing\Concerns\InteractsWithTestCaseLifecycle.php:209
C:\Users\Gaser\Desktop\COPRRA\vendor\laravel\framework\src\Illuminate\Foundation\Testing\Concerns\InteractsWithTestCaseLifecycle.php:97
C:\Users\Gaser\Desktop\COPRRA\vendor\laravel\framework\src\Illuminate\Foundation\Testing\TestCase.php:44
C:\Users\Gaser\Desktop\COPRRA\tests\TestCase.php:25
C:\Users\Gaser\Desktop\COPRRA\tests\Feature\Models\NotificationTest.php:17</error>
        </testcase>
        <testcase name="test_scope_between_filters_notifications_between_dates" file="C:\Users\Gaser\Desktop\COPRRA\tests\Feature\Models\NotificationTest.php" line="260" class="Tests\Feature\Models\NotificationTest" classname="Tests.Feature.Models.NotificationTest" assertions="0" time="0.000000">
          <error type="Error">Tests\Feature\Models\NotificationTest::test_scope_between_filters_notifications_between_dates&#13;
Error: Class "Mockery" not found
&#13;
C:\Users\Gaser\Desktop\COPRRA\vendor\laravel\framework\src\Illuminate\Testing\PendingCommand.php:550
C:\Users\Gaser\Desktop\COPRRA\vendor\laravel\framework\src\Illuminate\Testing\PendingCommand.php:448
C:\Users\Gaser\Desktop\COPRRA\vendor\laravel\framework\src\Illuminate\Testing\PendingCommand.php:675
C:\Users\Gaser\Desktop\COPRRA\vendor\laravel\framework\src\Illuminate\Foundation\Testing\Concerns\InteractsWithConsole.php:87
C:\Users\Gaser\Desktop\COPRRA\vendor\laravel\framework\src\Illuminate\Foundation\Testing\RefreshDatabase.php:101
C:\Users\Gaser\Desktop\COPRRA\vendor\laravel\framework\src\Illuminate\Foundation\Testing\RefreshDatabase.php:84
C:\Users\Gaser\Desktop\COPRRA\vendor\laravel\framework\src\Illuminate\Foundation\Testing\RefreshDatabase.php:25
C:\Users\Gaser\Desktop\COPRRA\vendor\laravel\framework\src\Illuminate\Foundation\Testing\Concerns\InteractsWithTestCaseLifecycle.php:209
C:\Users\Gaser\Desktop\COPRRA\vendor\laravel\framework\src\Illuminate\Foundation\Testing\Concerns\InteractsWithTestCaseLifecycle.php:97
C:\Users\Gaser\Desktop\COPRRA\vendor\laravel\framework\src\Illuminate\Foundation\Testing\TestCase.php:44
C:\Users\Gaser\Desktop\COPRRA\tests\TestCase.php:25
C:\Users\Gaser\Desktop\COPRRA\tests\Feature\Models\NotificationTest.php:17</error>
        </testcase>
        <testcase name="test_mark_as_read" file="C:\Users\Gaser\Desktop\COPRRA\tests\Feature\Models\NotificationTest.php" line="281" class="Tests\Feature\Models\NotificationTest" classname="Tests.Feature.Models.NotificationTest" assertions="0" time="0.000000">
          <error type="Error">Tests\Feature\Models\NotificationTest::test_mark_as_read&#13;
Error: Class "Mockery" not found
&#13;
C:\Users\Gaser\Desktop\COPRRA\vendor\laravel\framework\src\Illuminate\Testing\PendingCommand.php:550
C:\Users\Gaser\Desktop\COPRRA\vendor\laravel\framework\src\Illuminate\Testing\PendingCommand.php:448
C:\Users\Gaser\Desktop\COPRRA\vendor\laravel\framework\src\Illuminate\Testing\PendingCommand.php:675
C:\Users\Gaser\Desktop\COPRRA\vendor\laravel\framework\src\Illuminate\Foundation\Testing\Concerns\InteractsWithConsole.php:87
C:\Users\Gaser\Desktop\COPRRA\vendor\laravel\framework\src\Illuminate\Foundation\Testing\RefreshDatabase.php:101
C:\Users\Gaser\Desktop\COPRRA\vendor\laravel\framework\src\Illuminate\Foundation\Testing\RefreshDatabase.php:84
C:\Users\Gaser\Desktop\COPRRA\vendor\laravel\framework\src\Illuminate\Foundation\Testing\RefreshDatabase.php:25
C:\Users\Gaser\Desktop\COPRRA\vendor\laravel\framework\src\Illuminate\Foundation\Testing\Concerns\InteractsWithTestCaseLifecycle.php:209
C:\Users\Gaser\Desktop\COPRRA\vendor\laravel\framework\src\Illuminate\Foundation\Testing\Concerns\InteractsWithTestCaseLifecycle.php:97
C:\Users\Gaser\Desktop\COPRRA\vendor\laravel\framework\src\Illuminate\Foundation\Testing\TestCase.php:44
C:\Users\Gaser\Desktop\COPRRA\tests\TestCase.php:25
C:\Users\Gaser\Desktop\COPRRA\tests\Feature\Models\NotificationTest.php:17</error>
        </testcase>
        <testcase name="test_mark_as_unread" file="C:\Users\Gaser\Desktop\COPRRA\tests\Feature\Models\NotificationTest.php" line="292" class="Tests\Feature\Models\NotificationTest" classname="Tests.Feature.Models.NotificationTest" assertions="0" time="0.000000">
          <error type="Error">Tests\Feature\Models\NotificationTest::test_mark_as_unread&#13;
Error: Class "Mockery" not found
&#13;
C:\Users\Gaser\Desktop\COPRRA\vendor\laravel\framework\src\Illuminate\Testing\PendingCommand.php:550
C:\Users\Gaser\Desktop\COPRRA\vendor\laravel\framework\src\Illuminate\Testing\PendingCommand.php:448
C:\Users\Gaser\Desktop\COPRRA\vendor\laravel\framework\src\Illuminate\Testing\PendingCommand.php:675
C:\Users\Gaser\Desktop\COPRRA\vendor\laravel\framework\src\Illuminate\Foundation\Testing\Concerns\InteractsWithConsole.php:87
C:\Users\Gaser\Desktop\COPRRA\vendor\laravel\framework\src\Illuminate\Foundation\Testing\RefreshDatabase.php:101
C:\Users\Gaser\Desktop\COPRRA\vendor\laravel\framework\src\Illuminate\Foundation\Testing\RefreshDatabase.php:84
C:\Users\Gaser\Desktop\COPRRA\vendor\laravel\framework\src\Illuminate\Foundation\Testing\RefreshDatabase.php:25
C:\Users\Gaser\Desktop\COPRRA\vendor\laravel\framework\src\Illuminate\Foundation\Testing\Concerns\InteractsWithTestCaseLifecycle.php:209
C:\Users\Gaser\Desktop\COPRRA\vendor\laravel\framework\src\Illuminate\Foundation\Testing\Concerns\InteractsWithTestCaseLifecycle.php:97
C:\Users\Gaser\Desktop\COPRRA\vendor\laravel\framework\src\Illuminate\Foundation\Testing\TestCase.php:44
C:\Users\Gaser\Desktop\COPRRA\tests\TestCase.php:25
C:\Users\Gaser\Desktop\COPRRA\tests\Feature\Models\NotificationTest.php:17</error>
        </testcase>
        <testcase name="test_mark_as_sent" file="C:\Users\Gaser\Desktop\COPRRA\tests\Feature\Models\NotificationTest.php" line="303" class="Tests\Feature\Models\NotificationTest" classname="Tests.Feature.Models.NotificationTest" assertions="0" time="0.000000">
          <error type="Error">Tests\Feature\Models\NotificationTest::test_mark_as_sent&#13;
Error: Class "Mockery" not found
&#13;
C:\Users\Gaser\Desktop\COPRRA\vendor\laravel\framework\src\Illuminate\Testing\PendingCommand.php:550
C:\Users\Gaser\Desktop\COPRRA\vendor\laravel\framework\src\Illuminate\Testing\PendingCommand.php:448
C:\Users\Gaser\Desktop\COPRRA\vendor\laravel\framework\src\Illuminate\Testing\PendingCommand.php:675
C:\Users\Gaser\Desktop\COPRRA\vendor\laravel\framework\src\Illuminate\Foundation\Testing\Concerns\InteractsWithConsole.php:87
C:\Users\Gaser\Desktop\COPRRA\vendor\laravel\framework\src\Illuminate\Foundation\Testing\RefreshDatabase.php:101
C:\Users\Gaser\Desktop\COPRRA\vendor\laravel\framework\src\Illuminate\Foundation\Testing\RefreshDatabase.php:84
C:\Users\Gaser\Desktop\COPRRA\vendor\laravel\framework\src\Illuminate\Foundation\Testing\RefreshDatabase.php:25
C:\Users\Gaser\Desktop\COPRRA\vendor\laravel\framework\src\Illuminate\Foundation\Testing\Concerns\InteractsWithTestCaseLifecycle.php:209
C:\Users\Gaser\Desktop\COPRRA\vendor\laravel\framework\src\Illuminate\Foundation\Testing\Concerns\InteractsWithTestCaseLifecycle.php:97
C:\Users\Gaser\Desktop\COPRRA\vendor\laravel\framework\src\Illuminate\Foundation\Testing\TestCase.php:44
C:\Users\Gaser\Desktop\COPRRA\tests\TestCase.php:25
C:\Users\Gaser\Desktop\COPRRA\tests\Feature\Models\NotificationTest.php:17</error>
        </testcase>
        <testcase name="test_mark_as_failed" file="C:\Users\Gaser\Desktop\COPRRA\tests\Feature\Models\NotificationTest.php" line="315" class="Tests\Feature\Models\NotificationTest" classname="Tests.Feature.Models.NotificationTest" assertions="0" time="0.000000">
          <error type="Error">Tests\Feature\Models\NotificationTest::test_mark_as_failed&#13;
Error: Class "Mockery" not found
&#13;
C:\Users\Gaser\Desktop\COPRRA\vendor\laravel\framework\src\Illuminate\Testing\PendingCommand.php:550
C:\Users\Gaser\Desktop\COPRRA\vendor\laravel\framework\src\Illuminate\Testing\PendingCommand.php:448
C:\Users\Gaser\Desktop\COPRRA\vendor\laravel\framework\src\Illuminate\Testing\PendingCommand.php:675
C:\Users\Gaser\Desktop\COPRRA\vendor\laravel\framework\src\Illuminate\Foundation\Testing\Concerns\InteractsWithConsole.php:87
C:\Users\Gaser\Desktop\COPRRA\vendor\laravel\framework\src\Illuminate\Foundation\Testing\RefreshDatabase.php:101
C:\Users\Gaser\Desktop\COPRRA\vendor\laravel\framework\src\Illuminate\Foundation\Testing\RefreshDatabase.php:84
C:\Users\Gaser\Desktop\COPRRA\vendor\laravel\framework\src\Illuminate\Foundation\Testing\RefreshDatabase.php:25
C:\Users\Gaser\Desktop\COPRRA\vendor\laravel\framework\src\Illuminate\Foundation\Testing\Concerns\InteractsWithTestCaseLifecycle.php:209
C:\Users\Gaser\Desktop\COPRRA\vendor\laravel\framework\src\Illuminate\Foundation\Testing\Concerns\InteractsWithTestCaseLifecycle.php:97
C:\Users\Gaser\Desktop\COPRRA\vendor\laravel\framework\src\Illuminate\Foundation\Testing\TestCase.php:44
C:\Users\Gaser\Desktop\COPRRA\tests\TestCase.php:25
C:\Users\Gaser\Desktop\COPRRA\tests\Feature\Models\NotificationTest.php:17</error>
        </testcase>
        <testcase name="test_is_read" file="C:\Users\Gaser\Desktop\COPRRA\tests\Feature\Models\NotificationTest.php" line="327" class="Tests\Feature\Models\NotificationTest" classname="Tests.Feature.Models.NotificationTest" assertions="0" time="0.000000">
          <error type="Error">Tests\Feature\Models\NotificationTest::test_is_read&#13;
Error: Class "Mockery" not found
&#13;
C:\Users\Gaser\Desktop\COPRRA\vendor\laravel\framework\src\Illuminate\Testing\PendingCommand.php:550
C:\Users\Gaser\Desktop\COPRRA\vendor\laravel\framework\src\Illuminate\Testing\PendingCommand.php:448
C:\Users\Gaser\Desktop\COPRRA\vendor\laravel\framework\src\Illuminate\Testing\PendingCommand.php:675
C:\Users\Gaser\Desktop\COPRRA\vendor\laravel\framework\src\Illuminate\Foundation\Testing\Concerns\InteractsWithConsole.php:87
C:\Users\Gaser\Desktop\COPRRA\vendor\laravel\framework\src\Illuminate\Foundation\Testing\RefreshDatabase.php:101
C:\Users\Gaser\Desktop\COPRRA\vendor\laravel\framework\src\Illuminate\Foundation\Testing\RefreshDatabase.php:84
C:\Users\Gaser\Desktop\COPRRA\vendor\laravel\framework\src\Illuminate\Foundation\Testing\RefreshDatabase.php:25
C:\Users\Gaser\Desktop\COPRRA\vendor\laravel\framework\src\Illuminate\Foundation\Testing\Concerns\InteractsWithTestCaseLifecycle.php:209
C:\Users\Gaser\Desktop\COPRRA\vendor\laravel\framework\src\Illuminate\Foundation\Testing\Concerns\InteractsWithTestCaseLifecycle.php:97
C:\Users\Gaser\Desktop\COPRRA\vendor\laravel\framework\src\Illuminate\Foundation\Testing\TestCase.php:44
C:\Users\Gaser\Desktop\COPRRA\tests\TestCase.php:25
C:\Users\Gaser\Desktop\COPRRA\tests\Feature\Models\NotificationTest.php:17</error>
        </testcase>
        <testcase name="test_is_unread" file="C:\Users\Gaser\Desktop\COPRRA\tests\Feature\Models\NotificationTest.php" line="337" class="Tests\Feature\Models\NotificationTest" classname="Tests.Feature.Models.NotificationTest" assertions="0" time="0.000000">
          <error type="Error">Tests\Feature\Models\NotificationTest::test_is_unread&#13;
Error: Class "Mockery" not found
&#13;
C:\Users\Gaser\Desktop\COPRRA\vendor\laravel\framework\src\Illuminate\Testing\PendingCommand.php:550
C:\Users\Gaser\Desktop\COPRRA\vendor\laravel\framework\src\Illuminate\Testing\PendingCommand.php:448
C:\Users\Gaser\Desktop\COPRRA\vendor\laravel\framework\src\Illuminate\Testing\PendingCommand.php:675
C:\Users\Gaser\Desktop\COPRRA\vendor\laravel\framework\src\Illuminate\Foundation\Testing\Concerns\InteractsWithConsole.php:87
C:\Users\Gaser\Desktop\COPRRA\vendor\laravel\framework\src\Illuminate\Foundation\Testing\RefreshDatabase.php:101
C:\Users\Gaser\Desktop\COPRRA\vendor\laravel\framework\src\Illuminate\Foundation\Testing\RefreshDatabase.php:84
C:\Users\Gaser\Desktop\COPRRA\vendor\laravel\framework\src\Illuminate\Foundation\Testing\RefreshDatabase.php:25
C:\Users\Gaser\Desktop\COPRRA\vendor\laravel\framework\src\Illuminate\Foundation\Testing\Concerns\InteractsWithTestCaseLifecycle.php:209
C:\Users\Gaser\Desktop\COPRRA\vendor\laravel\framework\src\Illuminate\Foundation\Testing\Concerns\InteractsWithTestCaseLifecycle.php:97
C:\Users\Gaser\Desktop\COPRRA\vendor\laravel\framework\src\Illuminate\Foundation\Testing\TestCase.php:44
C:\Users\Gaser\Desktop\COPRRA\tests\TestCase.php:25
C:\Users\Gaser\Desktop\COPRRA\tests\Feature\Models\NotificationTest.php:17</error>
        </testcase>
        <testcase name="test_is_sent" file="C:\Users\Gaser\Desktop\COPRRA\tests\Feature\Models\NotificationTest.php" line="347" class="Tests\Feature\Models\NotificationTest" classname="Tests.Feature.Models.NotificationTest" assertions="0" time="0.000000">
          <error type="Error">Tests\Feature\Models\NotificationTest::test_is_sent&#13;
Error: Class "Mockery" not found
&#13;
C:\Users\Gaser\Desktop\COPRRA\vendor\laravel\framework\src\Illuminate\Testing\PendingCommand.php:550
C:\Users\Gaser\Desktop\COPRRA\vendor\laravel\framework\src\Illuminate\Testing\PendingCommand.php:448
C:\Users\Gaser\Desktop\COPRRA\vendor\laravel\framework\src\Illuminate\Testing\PendingCommand.php:675
C:\Users\Gaser\Desktop\COPRRA\vendor\laravel\framework\src\Illuminate\Foundation\Testing\Concerns\InteractsWithConsole.php:87
C:\Users\Gaser\Desktop\COPRRA\vendor\laravel\framework\src\Illuminate\Foundation\Testing\RefreshDatabase.php:101
C:\Users\Gaser\Desktop\COPRRA\vendor\laravel\framework\src\Illuminate\Foundation\Testing\RefreshDatabase.php:84
C:\Users\Gaser\Desktop\COPRRA\vendor\laravel\framework\src\Illuminate\Foundation\Testing\RefreshDatabase.php:25
C:\Users\Gaser\Desktop\COPRRA\vendor\laravel\framework\src\Illuminate\Foundation\Testing\Concerns\InteractsWithTestCaseLifecycle.php:209
C:\Users\Gaser\Desktop\COPRRA\vendor\laravel\framework\src\Illuminate\Foundation\Testing\Concerns\InteractsWithTestCaseLifecycle.php:97
C:\Users\Gaser\Desktop\COPRRA\vendor\laravel\framework\src\Illuminate\Foundation\Testing\TestCase.php:44
C:\Users\Gaser\Desktop\COPRRA\tests\TestCase.php:25
C:\Users\Gaser\Desktop\COPRRA\tests\Feature\Models\NotificationTest.php:17</error>
        </testcase>
        <testcase name="test_is_pending" file="C:\Users\Gaser\Desktop\COPRRA\tests\Feature\Models\NotificationTest.php" line="357" class="Tests\Feature\Models\NotificationTest" classname="Tests.Feature.Models.NotificationTest" assertions="0" time="0.000000">
          <error type="Error">Tests\Feature\Models\NotificationTest::test_is_pending&#13;
Error: Class "Mockery" not found
&#13;
C:\Users\Gaser\Desktop\COPRRA\vendor\laravel\framework\src\Illuminate\Testing\PendingCommand.php:550
C:\Users\Gaser\Desktop\COPRRA\vendor\laravel\framework\src\Illuminate\Testing\PendingCommand.php:448
C:\Users\Gaser\Desktop\COPRRA\vendor\laravel\framework\src\Illuminate\Testing\PendingCommand.php:675
C:\Users\Gaser\Desktop\COPRRA\vendor\laravel\framework\src\Illuminate\Foundation\Testing\Concerns\InteractsWithConsole.php:87
C:\Users\Gaser\Desktop\COPRRA\vendor\laravel\framework\src\Illuminate\Foundation\Testing\RefreshDatabase.php:101
C:\Users\Gaser\Desktop\COPRRA\vendor\laravel\framework\src\Illuminate\Foundation\Testing\RefreshDatabase.php:84
C:\Users\Gaser\Desktop\COPRRA\vendor\laravel\framework\src\Illuminate\Foundation\Testing\RefreshDatabase.php:25
C:\Users\Gaser\Desktop\COPRRA\vendor\laravel\framework\src\Illuminate\Foundation\Testing\Concerns\InteractsWithTestCaseLifecycle.php:209
C:\Users\Gaser\Desktop\COPRRA\vendor\laravel\framework\src\Illuminate\Foundation\Testing\Concerns\InteractsWithTestCaseLifecycle.php:97
C:\Users\Gaser\Desktop\COPRRA\vendor\laravel\framework\src\Illuminate\Foundation\Testing\TestCase.php:44
C:\Users\Gaser\Desktop\COPRRA\tests\TestCase.php:25
C:\Users\Gaser\Desktop\COPRRA\tests\Feature\Models\NotificationTest.php:17</error>
        </testcase>
        <testcase name="test_is_failed" file="C:\Users\Gaser\Desktop\COPRRA\tests\Feature\Models\NotificationTest.php" line="369" class="Tests\Feature\Models\NotificationTest" classname="Tests.Feature.Models.NotificationTest" assertions="0" time="0.000000">
          <error type="Error">Tests\Feature\Models\NotificationTest::test_is_failed&#13;
Error: Class "Mockery" not found
&#13;
C:\Users\Gaser\Desktop\COPRRA\vendor\laravel\framework\src\Illuminate\Testing\PendingCommand.php:550
C:\Users\Gaser\Desktop\COPRRA\vendor\laravel\framework\src\Illuminate\Testing\PendingCommand.php:448
C:\Users\Gaser\Desktop\COPRRA\vendor\laravel\framework\src\Illuminate\Testing\PendingCommand.php:675
C:\Users\Gaser\Desktop\COPRRA\vendor\laravel\framework\src\Illuminate\Foundation\Testing\Concerns\InteractsWithConsole.php:87
C:\Users\Gaser\Desktop\COPRRA\vendor\laravel\framework\src\Illuminate\Foundation\Testing\RefreshDatabase.php:101
C:\Users\Gaser\Desktop\COPRRA\vendor\laravel\framework\src\Illuminate\Foundation\Testing\RefreshDatabase.php:84
C:\Users\Gaser\Desktop\COPRRA\vendor\laravel\framework\src\Illuminate\Foundation\Testing\RefreshDatabase.php:25
C:\Users\Gaser\Desktop\COPRRA\vendor\laravel\framework\src\Illuminate\Foundation\Testing\Concerns\InteractsWithTestCaseLifecycle.php:209
C:\Users\Gaser\Desktop\COPRRA\vendor\laravel\framework\src\Illuminate\Foundation\Testing\Concerns\InteractsWithTestCaseLifecycle.php:97
C:\Users\Gaser\Desktop\COPRRA\vendor\laravel\framework\src\Illuminate\Foundation\Testing\TestCase.php:44
C:\Users\Gaser\Desktop\COPRRA\tests\TestCase.php:25
C:\Users\Gaser\Desktop\COPRRA\tests\Feature\Models\NotificationTest.php:17</error>
        </testcase>
        <testcase name="test_get_priority_level" file="C:\Users\Gaser\Desktop\COPRRA\tests\Feature\Models\NotificationTest.php" line="379" class="Tests\Feature\Models\NotificationTest" classname="Tests.Feature.Models.NotificationTest" assertions="0" time="0.000000">
          <error type="Error">Tests\Feature\Models\NotificationTest::test_get_priority_level&#13;
Error: Class "Mockery" not found
&#13;
C:\Users\Gaser\Desktop\COPRRA\vendor\laravel\framework\src\Illuminate\Testing\PendingCommand.php:550
C:\Users\Gaser\Desktop\COPRRA\vendor\laravel\framework\src\Illuminate\Testing\PendingCommand.php:448
C:\Users\Gaser\Desktop\COPRRA\vendor\laravel\framework\src\Illuminate\Testing\PendingCommand.php:675
C:\Users\Gaser\Desktop\COPRRA\vendor\laravel\framework\src\Illuminate\Foundation\Testing\Concerns\InteractsWithConsole.php:87
C:\Users\Gaser\Desktop\COPRRA\vendor\laravel\framework\src\Illuminate\Foundation\Testing\RefreshDatabase.php:101
C:\Users\Gaser\Desktop\COPRRA\vendor\laravel\framework\src\Illuminate\Foundation\Testing\RefreshDatabase.php:84
C:\Users\Gaser\Desktop\COPRRA\vendor\laravel\framework\src\Illuminate\Foundation\Testing\RefreshDatabase.php:25
C:\Users\Gaser\Desktop\COPRRA\vendor\laravel\framework\src\Illuminate\Foundation\Testing\Concerns\InteractsWithTestCaseLifecycle.php:209
C:\Users\Gaser\Desktop\COPRRA\vendor\laravel\framework\src\Illuminate\Foundation\Testing\Concerns\InteractsWithTestCaseLifecycle.php:97
C:\Users\Gaser\Desktop\COPRRA\vendor\laravel\framework\src\Illuminate\Foundation\Testing\TestCase.php:44
C:\Users\Gaser\Desktop\COPRRA\tests\TestCase.php:25
C:\Users\Gaser\Desktop\COPRRA\tests\Feature\Models\NotificationTest.php:17</error>
        </testcase>
        <testcase name="test_get_type_display_name" file="C:\Users\Gaser\Desktop\COPRRA\tests\Feature\Models\NotificationTest.php" line="395" class="Tests\Feature\Models\NotificationTest" classname="Tests.Feature.Models.NotificationTest" assertions="0" time="0.000000">
          <error type="Error">Tests\Feature\Models\NotificationTest::test_get_type_display_name&#13;
Error: Class "Mockery" not found
&#13;
C:\Users\Gaser\Desktop\COPRRA\vendor\laravel\framework\src\Illuminate\Testing\PendingCommand.php:550
C:\Users\Gaser\Desktop\COPRRA\vendor\laravel\framework\src\Illuminate\Testing\PendingCommand.php:448
C:\Users\Gaser\Desktop\COPRRA\vendor\laravel\framework\src\Illuminate\Testing\PendingCommand.php:675
C:\Users\Gaser\Desktop\COPRRA\vendor\laravel\framework\src\Illuminate\Foundation\Testing\Concerns\InteractsWithConsole.php:87
C:\Users\Gaser\Desktop\COPRRA\vendor\laravel\framework\src\Illuminate\Foundation\Testing\RefreshDatabase.php:101
C:\Users\Gaser\Desktop\COPRRA\vendor\laravel\framework\src\Illuminate\Foundation\Testing\RefreshDatabase.php:84
C:\Users\Gaser\Desktop\COPRRA\vendor\laravel\framework\src\Illuminate\Foundation\Testing\RefreshDatabase.php:25
C:\Users\Gaser\Desktop\COPRRA\vendor\laravel\framework\src\Illuminate\Foundation\Testing\Concerns\InteractsWithTestCaseLifecycle.php:209
C:\Users\Gaser\Desktop\COPRRA\vendor\laravel\framework\src\Illuminate\Foundation\Testing\Concerns\InteractsWithTestCaseLifecycle.php:97
C:\Users\Gaser\Desktop\COPRRA\vendor\laravel\framework\src\Illuminate\Foundation\Testing\TestCase.php:44
C:\Users\Gaser\Desktop\COPRRA\tests\TestCase.php:25
C:\Users\Gaser\Desktop\COPRRA\tests\Feature\Models\NotificationTest.php:17</error>
        </testcase>
        <testcase name="test_get_channel_display_name" file="C:\Users\Gaser\Desktop\COPRRA\tests\Feature\Models\NotificationTest.php" line="409" class="Tests\Feature\Models\NotificationTest" classname="Tests.Feature.Models.NotificationTest" assertions="0" time="0.000000">
          <error type="Error">Tests\Feature\Models\NotificationTest::test_get_channel_display_name&#13;
Error: Class "Mockery" not found
&#13;
C:\Users\Gaser\Desktop\COPRRA\vendor\laravel\framework\src\Illuminate\Testing\PendingCommand.php:550
C:\Users\Gaser\Desktop\COPRRA\vendor\laravel\framework\src\Illuminate\Testing\PendingCommand.php:448
C:\Users\Gaser\Desktop\COPRRA\vendor\laravel\framework\src\Illuminate\Testing\PendingCommand.php:675
C:\Users\Gaser\Desktop\COPRRA\vendor\laravel\framework\src\Illuminate\Foundation\Testing\Concerns\InteractsWithConsole.php:87
C:\Users\Gaser\Desktop\COPRRA\vendor\laravel\framework\src\Illuminate\Foundation\Testing\RefreshDatabase.php:101
C:\Users\Gaser\Desktop\COPRRA\vendor\laravel\framework\src\Illuminate\Foundation\Testing\RefreshDatabase.php:84
C:\Users\Gaser\Desktop\COPRRA\vendor\laravel\framework\src\Illuminate\Foundation\Testing\RefreshDatabase.php:25
C:\Users\Gaser\Desktop\COPRRA\vendor\laravel\framework\src\Illuminate\Foundation\Testing\Concerns\InteractsWithTestCaseLifecycle.php:209
C:\Users\Gaser\Desktop\COPRRA\vendor\laravel\framework\src\Illuminate\Foundation\Testing\Concerns\InteractsWithTestCaseLifecycle.php:97
C:\Users\Gaser\Desktop\COPRRA\vendor\laravel\framework\src\Illuminate\Foundation\Testing\TestCase.php:44
C:\Users\Gaser\Desktop\COPRRA\tests\TestCase.php:25
C:\Users\Gaser\Desktop\COPRRA\tests\Feature\Models\NotificationTest.php:17</error>
        </testcase>
        <testcase name="test_get_status_display_name" file="C:\Users\Gaser\Desktop\COPRRA\tests\Feature\Models\NotificationTest.php" line="423" class="Tests\Feature\Models\NotificationTest" classname="Tests.Feature.Models.NotificationTest" assertions="0" time="0.000000">
          <error type="Error">Tests\Feature\Models\NotificationTest::test_get_status_display_name&#13;
Error: Class "Mockery" not found
&#13;
C:\Users\Gaser\Desktop\COPRRA\vendor\laravel\framework\src\Illuminate\Testing\PendingCommand.php:550
C:\Users\Gaser\Desktop\COPRRA\vendor\laravel\framework\src\Illuminate\Testing\PendingCommand.php:448
C:\Users\Gaser\Desktop\COPRRA\vendor\laravel\framework\src\Illuminate\Testing\PendingCommand.php:675
C:\Users\Gaser\Desktop\COPRRA\vendor\laravel\framework\src\Illuminate\Foundation\Testing\Concerns\InteractsWithConsole.php:87
C:\Users\Gaser\Desktop\COPRRA\vendor\laravel\framework\src\Illuminate\Foundation\Testing\RefreshDatabase.php:101
C:\Users\Gaser\Desktop\COPRRA\vendor\laravel\framework\src\Illuminate\Foundation\Testing\RefreshDatabase.php:84
C:\Users\Gaser\Desktop\COPRRA\vendor\laravel\framework\src\Illuminate\Foundation\Testing\RefreshDatabase.php:25
C:\Users\Gaser\Desktop\COPRRA\vendor\laravel\framework\src\Illuminate\Foundation\Testing\Concerns\InteractsWithTestCaseLifecycle.php:209
C:\Users\Gaser\Desktop\COPRRA\vendor\laravel\framework\src\Illuminate\Foundation\Testing\Concerns\InteractsWithTestCaseLifecycle.php:97
C:\Users\Gaser\Desktop\COPRRA\vendor\laravel\framework\src\Illuminate\Foundation\Testing\TestCase.php:44
C:\Users\Gaser\Desktop\COPRRA\tests\TestCase.php:25
C:\Users\Gaser\Desktop\COPRRA\tests\Feature\Models\NotificationTest.php:17</error>
        </testcase>
        <testcase name="test_get_time_ago" file="C:\Users\Gaser\Desktop\COPRRA\tests\Feature\Models\NotificationTest.php" line="437" class="Tests\Feature\Models\NotificationTest" classname="Tests.Feature.Models.NotificationTest" assertions="0" time="0.000000">
          <error type="Error">Tests\Feature\Models\NotificationTest::test_get_time_ago&#13;
Error: Class "Mockery" not found
&#13;
C:\Users\Gaser\Desktop\COPRRA\vendor\laravel\framework\src\Illuminate\Testing\PendingCommand.php:550
C:\Users\Gaser\Desktop\COPRRA\vendor\laravel\framework\src\Illuminate\Testing\PendingCommand.php:448
C:\Users\Gaser\Desktop\COPRRA\vendor\laravel\framework\src\Illuminate\Testing\PendingCommand.php:675
C:\Users\Gaser\Desktop\COPRRA\vendor\laravel\framework\src\Illuminate\Foundation\Testing\Concerns\InteractsWithConsole.php:87
C:\Users\Gaser\Desktop\COPRRA\vendor\laravel\framework\src\Illuminate\Foundation\Testing\RefreshDatabase.php:101
C:\Users\Gaser\Desktop\COPRRA\vendor\laravel\framework\src\Illuminate\Foundation\Testing\RefreshDatabase.php:84
C:\Users\Gaser\Desktop\COPRRA\vendor\laravel\framework\src\Illuminate\Foundation\Testing\RefreshDatabase.php:25
C:\Users\Gaser\Desktop\COPRRA\vendor\laravel\framework\src\Illuminate\Foundation\Testing\Concerns\InteractsWithTestCaseLifecycle.php:209
C:\Users\Gaser\Desktop\COPRRA\vendor\laravel\framework\src\Illuminate\Foundation\Testing\Concerns\InteractsWithTestCaseLifecycle.php:97
C:\Users\Gaser\Desktop\COPRRA\vendor\laravel\framework\src\Illuminate\Foundation\Testing\TestCase.php:44
C:\Users\Gaser\Desktop\COPRRA\tests\TestCase.php:25
C:\Users\Gaser\Desktop\COPRRA\tests\Feature\Models\NotificationTest.php:17</error>
        </testcase>
        <testcase name="test_get_read_time_ago" file="C:\Users\Gaser\Desktop\COPRRA\tests\Feature\Models\NotificationTest.php" line="445" class="Tests\Feature\Models\NotificationTest" classname="Tests.Feature.Models.NotificationTest" assertions="0" time="0.000000">
          <error type="Error">Tests\Feature\Models\NotificationTest::test_get_read_time_ago&#13;
Error: Class "Mockery" not found
&#13;
C:\Users\Gaser\Desktop\COPRRA\vendor\laravel\framework\src\Illuminate\Testing\PendingCommand.php:550
C:\Users\Gaser\Desktop\COPRRA\vendor\laravel\framework\src\Illuminate\Testing\PendingCommand.php:448
C:\Users\Gaser\Desktop\COPRRA\vendor\laravel\framework\src\Illuminate\Testing\PendingCommand.php:675
C:\Users\Gaser\Desktop\COPRRA\vendor\laravel\framework\src\Illuminate\Foundation\Testing\Concerns\InteractsWithConsole.php:87
C:\Users\Gaser\Desktop\COPRRA\vendor\laravel\framework\src\Illuminate\Foundation\Testing\RefreshDatabase.php:101
C:\Users\Gaser\Desktop\COPRRA\vendor\laravel\framework\src\Illuminate\Foundation\Testing\RefreshDatabase.php:84
C:\Users\Gaser\Desktop\COPRRA\vendor\laravel\framework\src\Illuminate\Foundation\Testing\RefreshDatabase.php:25
C:\Users\Gaser\Desktop\COPRRA\vendor\laravel\framework\src\Illuminate\Foundation\Testing\Concerns\InteractsWithTestCaseLifecycle.php:209
C:\Users\Gaser\Desktop\COPRRA\vendor\laravel\framework\src\Illuminate\Foundation\Testing\Concerns\InteractsWithTestCaseLifecycle.php:97
C:\Users\Gaser\Desktop\COPRRA\vendor\laravel\framework\src\Illuminate\Foundation\Testing\TestCase.php:44
C:\Users\Gaser\Desktop\COPRRA\tests\TestCase.php:25
C:\Users\Gaser\Desktop\COPRRA\tests\Feature\Models\NotificationTest.php:17</error>
        </testcase>
        <testcase name="test_get_sent_time_ago" file="C:\Users\Gaser\Desktop\COPRRA\tests\Feature\Models\NotificationTest.php" line="455" class="Tests\Feature\Models\NotificationTest" classname="Tests.Feature.Models.NotificationTest" assertions="0" time="0.000000">
          <error type="Error">Tests\Feature\Models\NotificationTest::test_get_sent_time_ago&#13;
Error: Class "Mockery" not found
&#13;
C:\Users\Gaser\Desktop\COPRRA\vendor\laravel\framework\src\Illuminate\Testing\PendingCommand.php:550
C:\Users\Gaser\Desktop\COPRRA\vendor\laravel\framework\src\Illuminate\Testing\PendingCommand.php:448
C:\Users\Gaser\Desktop\COPRRA\vendor\laravel\framework\src\Illuminate\Testing\PendingCommand.php:675
C:\Users\Gaser\Desktop\COPRRA\vendor\laravel\framework\src\Illuminate\Foundation\Testing\Concerns\InteractsWithConsole.php:87
C:\Users\Gaser\Desktop\COPRRA\vendor\laravel\framework\src\Illuminate\Foundation\Testing\RefreshDatabase.php:101
C:\Users\Gaser\Desktop\COPRRA\vendor\laravel\framework\src\Illuminate\Foundation\Testing\RefreshDatabase.php:84
C:\Users\Gaser\Desktop\COPRRA\vendor\laravel\framework\src\Illuminate\Foundation\Testing\RefreshDatabase.php:25
C:\Users\Gaser\Desktop\COPRRA\vendor\laravel\framework\src\Illuminate\Foundation\Testing\Concerns\InteractsWithTestCaseLifecycle.php:209
C:\Users\Gaser\Desktop\COPRRA\vendor\laravel\framework\src\Illuminate\Foundation\Testing\Concerns\InteractsWithTestCaseLifecycle.php:97
C:\Users\Gaser\Desktop\COPRRA\vendor\laravel\framework\src\Illuminate\Foundation\Testing\TestCase.php:44
C:\Users\Gaser\Desktop\COPRRA\tests\TestCase.php:25
C:\Users\Gaser\Desktop\COPRRA\tests\Feature\Models\NotificationTest.php:17</error>
        </testcase>
        <testcase name="test_get_data" file="C:\Users\Gaser\Desktop\COPRRA\tests\Feature\Models\NotificationTest.php" line="465" class="Tests\Feature\Models\NotificationTest" classname="Tests.Feature.Models.NotificationTest" assertions="0" time="0.000000">
          <error type="Error">Tests\Feature\Models\NotificationTest::test_get_data&#13;
Error: Class "Mockery" not found
&#13;
C:\Users\Gaser\Desktop\COPRRA\vendor\laravel\framework\src\Illuminate\Testing\PendingCommand.php:550
C:\Users\Gaser\Desktop\COPRRA\vendor\laravel\framework\src\Illuminate\Testing\PendingCommand.php:448
C:\Users\Gaser\Desktop\COPRRA\vendor\laravel\framework\src\Illuminate\Testing\PendingCommand.php:675
C:\Users\Gaser\Desktop\COPRRA\vendor\laravel\framework\src\Illuminate\Foundation\Testing\Concerns\InteractsWithConsole.php:87
C:\Users\Gaser\Desktop\COPRRA\vendor\laravel\framework\src\Illuminate\Foundation\Testing\RefreshDatabase.php:101
C:\Users\Gaser\Desktop\COPRRA\vendor\laravel\framework\src\Illuminate\Foundation\Testing\RefreshDatabase.php:84
C:\Users\Gaser\Desktop\COPRRA\vendor\laravel\framework\src\Illuminate\Foundation\Testing\RefreshDatabase.php:25
C:\Users\Gaser\Desktop\COPRRA\vendor\laravel\framework\src\Illuminate\Foundation\Testing\Concerns\InteractsWithTestCaseLifecycle.php:209
C:\Users\Gaser\Desktop\COPRRA\vendor\laravel\framework\src\Illuminate\Foundation\Testing\Concerns\InteractsWithTestCaseLifecycle.php:97
C:\Users\Gaser\Desktop\COPRRA\vendor\laravel\framework\src\Illuminate\Foundation\Testing\TestCase.php:44
C:\Users\Gaser\Desktop\COPRRA\tests\TestCase.php:25
C:\Users\Gaser\Desktop\COPRRA\tests\Feature\Models\NotificationTest.php:17</error>
        </testcase>
        <testcase name="test_set_data" file="C:\Users\Gaser\Desktop\COPRRA\tests\Feature\Models\NotificationTest.php" line="479" class="Tests\Feature\Models\NotificationTest" classname="Tests.Feature.Models.NotificationTest" assertions="0" time="0.000000">
          <error type="Error">Tests\Feature\Models\NotificationTest::test_set_data&#13;
Error: Class "Mockery" not found
&#13;
C:\Users\Gaser\Desktop\COPRRA\vendor\laravel\framework\src\Illuminate\Testing\PendingCommand.php:550
C:\Users\Gaser\Desktop\COPRRA\vendor\laravel\framework\src\Illuminate\Testing\PendingCommand.php:448
C:\Users\Gaser\Desktop\COPRRA\vendor\laravel\framework\src\Illuminate\Testing\PendingCommand.php:675
C:\Users\Gaser\Desktop\COPRRA\vendor\laravel\framework\src\Illuminate\Foundation\Testing\Concerns\InteractsWithConsole.php:87
C:\Users\Gaser\Desktop\COPRRA\vendor\laravel\framework\src\Illuminate\Foundation\Testing\RefreshDatabase.php:101
C:\Users\Gaser\Desktop\COPRRA\vendor\laravel\framework\src\Illuminate\Foundation\Testing\RefreshDatabase.php:84
C:\Users\Gaser\Desktop\COPRRA\vendor\laravel\framework\src\Illuminate\Foundation\Testing\RefreshDatabase.php:25
C:\Users\Gaser\Desktop\COPRRA\vendor\laravel\framework\src\Illuminate\Foundation\Testing\Concerns\InteractsWithTestCaseLifecycle.php:209
C:\Users\Gaser\Desktop\COPRRA\vendor\laravel\framework\src\Illuminate\Foundation\Testing\Concerns\InteractsWithTestCaseLifecycle.php:97
C:\Users\Gaser\Desktop\COPRRA\vendor\laravel\framework\src\Illuminate\Foundation\Testing\TestCase.php:44
C:\Users\Gaser\Desktop\COPRRA\tests\TestCase.php:25
C:\Users\Gaser\Desktop\COPRRA\tests\Feature\Models\NotificationTest.php:17</error>
        </testcase>
        <testcase name="test_get_icon" file="C:\Users\Gaser\Desktop\COPRRA\tests\Feature\Models\NotificationTest.php" line="490" class="Tests\Feature\Models\NotificationTest" classname="Tests.Feature.Models.NotificationTest" assertions="0" time="0.000000">
          <error type="Error">Tests\Feature\Models\NotificationTest::test_get_icon&#13;
Error: Class "Mockery" not found
&#13;
C:\Users\Gaser\Desktop\COPRRA\vendor\laravel\framework\src\Illuminate\Testing\PendingCommand.php:550
C:\Users\Gaser\Desktop\COPRRA\vendor\laravel\framework\src\Illuminate\Testing\PendingCommand.php:448
C:\Users\Gaser\Desktop\COPRRA\vendor\laravel\framework\src\Illuminate\Testing\PendingCommand.php:675
C:\Users\Gaser\Desktop\COPRRA\vendor\laravel\framework\src\Illuminate\Foundation\Testing\Concerns\InteractsWithConsole.php:87
C:\Users\Gaser\Desktop\COPRRA\vendor\laravel\framework\src\Illuminate\Foundation\Testing\RefreshDatabase.php:101
C:\Users\Gaser\Desktop\COPRRA\vendor\laravel\framework\src\Illuminate\Foundation\Testing\RefreshDatabase.php:84
C:\Users\Gaser\Desktop\COPRRA\vendor\laravel\framework\src\Illuminate\Foundation\Testing\RefreshDatabase.php:25
C:\Users\Gaser\Desktop\COPRRA\vendor\laravel\framework\src\Illuminate\Foundation\Testing\Concerns\InteractsWithTestCaseLifecycle.php:209
C:\Users\Gaser\Desktop\COPRRA\vendor\laravel\framework\src\Illuminate\Foundation\Testing\Concerns\InteractsWithTestCaseLifecycle.php:97
C:\Users\Gaser\Desktop\COPRRA\vendor\laravel\framework\src\Illuminate\Foundation\Testing\TestCase.php:44
C:\Users\Gaser\Desktop\COPRRA\tests\TestCase.php:25
C:\Users\Gaser\Desktop\COPRRA\tests\Feature\Models\NotificationTest.php:17</error>
        </testcase>
        <testcase name="test_get_color" file="C:\Users\Gaser\Desktop\COPRRA\tests\Feature\Models\NotificationTest.php" line="504" class="Tests\Feature\Models\NotificationTest" classname="Tests.Feature.Models.NotificationTest" assertions="0" time="0.000000">
          <error type="Error">Tests\Feature\Models\NotificationTest::test_get_color&#13;
Error: Class "Mockery" not found
&#13;
C:\Users\Gaser\Desktop\COPRRA\vendor\laravel\framework\src\Illuminate\Testing\PendingCommand.php:550
C:\Users\Gaser\Desktop\COPRRA\vendor\laravel\framework\src\Illuminate\Testing\PendingCommand.php:448
C:\Users\Gaser\Desktop\COPRRA\vendor\laravel\framework\src\Illuminate\Testing\PendingCommand.php:675
C:\Users\Gaser\Desktop\COPRRA\vendor\laravel\framework\src\Illuminate\Foundation\Testing\Concerns\InteractsWithConsole.php:87
C:\Users\Gaser\Desktop\COPRRA\vendor\laravel\framework\src\Illuminate\Foundation\Testing\RefreshDatabase.php:101
C:\Users\Gaser\Desktop\COPRRA\vendor\laravel\framework\src\Illuminate\Foundation\Testing\RefreshDatabase.php:84
C:\Users\Gaser\Desktop\COPRRA\vendor\laravel\framework\src\Illuminate\Foundation\Testing\RefreshDatabase.php:25
C:\Users\Gaser\Desktop\COPRRA\vendor\laravel\framework\src\Illuminate\Foundation\Testing\Concerns\InteractsWithTestCaseLifecycle.php:209
C:\Users\Gaser\Desktop\COPRRA\vendor\laravel\framework\src\Illuminate\Foundation\Testing\Concerns\InteractsWithTestCaseLifecycle.php:97
C:\Users\Gaser\Desktop\COPRRA\vendor\laravel\framework\src\Illuminate\Foundation\Testing\TestCase.php:44
C:\Users\Gaser\Desktop\COPRRA\tests\TestCase.php:25
C:\Users\Gaser\Desktop\COPRRA\tests\Feature\Models\NotificationTest.php:17</error>
        </testcase>
        <testcase name="test_get_badge_text" file="C:\Users\Gaser\Desktop\COPRRA\tests\Feature\Models\NotificationTest.php" line="518" class="Tests\Feature\Models\NotificationTest" classname="Tests.Feature.Models.NotificationTest" assertions="0" time="0.000000">
          <error type="Error">Tests\Feature\Models\NotificationTest::test_get_badge_text&#13;
Error: Class "Mockery" not found
&#13;
C:\Users\Gaser\Desktop\COPRRA\vendor\laravel\framework\src\Illuminate\Testing\PendingCommand.php:550
C:\Users\Gaser\Desktop\COPRRA\vendor\laravel\framework\src\Illuminate\Testing\PendingCommand.php:448
C:\Users\Gaser\Desktop\COPRRA\vendor\laravel\framework\src\Illuminate\Testing\PendingCommand.php:675
C:\Users\Gaser\Desktop\COPRRA\vendor\laravel\framework\src\Illuminate\Foundation\Testing\Concerns\InteractsWithConsole.php:87
C:\Users\Gaser\Desktop\COPRRA\vendor\laravel\framework\src\Illuminate\Foundation\Testing\RefreshDatabase.php:101
C:\Users\Gaser\Desktop\COPRRA\vendor\laravel\framework\src\Illuminate\Foundation\Testing\RefreshDatabase.php:84
C:\Users\Gaser\Desktop\COPRRA\vendor\laravel\framework\src\Illuminate\Foundation\Testing\RefreshDatabase.php:25
C:\Users\Gaser\Desktop\COPRRA\vendor\laravel\framework\src\Illuminate\Foundation\Testing\Concerns\InteractsWithTestCaseLifecycle.php:209
C:\Users\Gaser\Desktop\COPRRA\vendor\laravel\framework\src\Illuminate\Foundation\Testing\Concerns\InteractsWithTestCaseLifecycle.php:97
C:\Users\Gaser\Desktop\COPRRA\vendor\laravel\framework\src\Illuminate\Foundation\Testing\TestCase.php:44
C:\Users\Gaser\Desktop\COPRRA\tests\TestCase.php:25
C:\Users\Gaser\Desktop\COPRRA\tests\Feature\Models\NotificationTest.php:17</error>
        </testcase>
        <testcase name="test_get_summary" file="C:\Users\Gaser\Desktop\COPRRA\tests\Feature\Models\NotificationTest.php" line="532" class="Tests\Feature\Models\NotificationTest" classname="Tests.Feature.Models.NotificationTest" assertions="0" time="0.000000">
          <error type="Error">Tests\Feature\Models\NotificationTest::test_get_summary&#13;
Error: Class "Mockery" not found
&#13;
C:\Users\Gaser\Desktop\COPRRA\vendor\laravel\framework\src\Illuminate\Testing\PendingCommand.php:550
C:\Users\Gaser\Desktop\COPRRA\vendor\laravel\framework\src\Illuminate\Testing\PendingCommand.php:448
C:\Users\Gaser\Desktop\COPRRA\vendor\laravel\framework\src\Illuminate\Testing\PendingCommand.php:675
C:\Users\Gaser\Desktop\COPRRA\vendor\laravel\framework\src\Illuminate\Foundation\Testing\Concerns\InteractsWithConsole.php:87
C:\Users\Gaser\Desktop\COPRRA\vendor\laravel\framework\src\Illuminate\Foundation\Testing\RefreshDatabase.php:101
C:\Users\Gaser\Desktop\COPRRA\vendor\laravel\framework\src\Illuminate\Foundation\Testing\RefreshDatabase.php:84
C:\Users\Gaser\Desktop\COPRRA\vendor\laravel\framework\src\Illuminate\Foundation\Testing\RefreshDatabase.php:25
C:\Users\Gaser\Desktop\COPRRA\vendor\laravel\framework\src\Illuminate\Foundation\Testing\Concerns\InteractsWithTestCaseLifecycle.php:209
C:\Users\Gaser\Desktop\COPRRA\vendor\laravel\framework\src\Illuminate\Foundation\Testing\Concerns\InteractsWithTestCaseLifecycle.php:97
C:\Users\Gaser\Desktop\COPRRA\vendor\laravel\framework\src\Illuminate\Foundation\Testing\TestCase.php:44
C:\Users\Gaser\Desktop\COPRRA\tests\TestCase.php:25
C:\Users\Gaser\Desktop\COPRRA\tests\Feature\Models\NotificationTest.php:17</error>
        </testcase>
        <testcase name="test_get_url" file="C:\Users\Gaser\Desktop\COPRRA\tests\Feature\Models\NotificationTest.php" line="543" class="Tests\Feature\Models\NotificationTest" classname="Tests.Feature.Models.NotificationTest" assertions="0" time="0.000000">
          <error type="Error">Tests\Feature\Models\NotificationTest::test_get_url&#13;
Error: Class "Mockery" not found
&#13;
C:\Users\Gaser\Desktop\COPRRA\vendor\laravel\framework\src\Illuminate\Testing\PendingCommand.php:550
C:\Users\Gaser\Desktop\COPRRA\vendor\laravel\framework\src\Illuminate\Testing\PendingCommand.php:448
C:\Users\Gaser\Desktop\COPRRA\vendor\laravel\framework\src\Illuminate\Testing\PendingCommand.php:675
C:\Users\Gaser\Desktop\COPRRA\vendor\laravel\framework\src\Illuminate\Foundation\Testing\Concerns\InteractsWithConsole.php:87
C:\Users\Gaser\Desktop\COPRRA\vendor\laravel\framework\src\Illuminate\Foundation\Testing\RefreshDatabase.php:101
C:\Users\Gaser\Desktop\COPRRA\vendor\laravel\framework\src\Illuminate\Foundation\Testing\RefreshDatabase.php:84
C:\Users\Gaser\Desktop\COPRRA\vendor\laravel\framework\src\Illuminate\Foundation\Testing\RefreshDatabase.php:25
C:\Users\Gaser\Desktop\COPRRA\vendor\laravel\framework\src\Illuminate\Foundation\Testing\Concerns\InteractsWithTestCaseLifecycle.php:209
C:\Users\Gaser\Desktop\COPRRA\vendor\laravel\framework\src\Illuminate\Foundation\Testing\Concerns\InteractsWithTestCaseLifecycle.php:97
C:\Users\Gaser\Desktop\COPRRA\vendor\laravel\framework\src\Illuminate\Foundation\Testing\TestCase.php:44
C:\Users\Gaser\Desktop\COPRRA\tests\TestCase.php:25
C:\Users\Gaser\Desktop\COPRRA\tests\Feature\Models\NotificationTest.php:17</error>
        </testcase>
        <testcase name="test_get_action_text" file="C:\Users\Gaser\Desktop\COPRRA\tests\Feature\Models\NotificationTest.php" line="553" class="Tests\Feature\Models\NotificationTest" classname="Tests.Feature.Models.NotificationTest" assertions="0" time="0.000000">
          <error type="Error">Tests\Feature\Models\NotificationTest::test_get_action_text&#13;
Error: Class "Mockery" not found
&#13;
C:\Users\Gaser\Desktop\COPRRA\vendor\laravel\framework\src\Illuminate\Testing\PendingCommand.php:550
C:\Users\Gaser\Desktop\COPRRA\vendor\laravel\framework\src\Illuminate\Testing\PendingCommand.php:448
C:\Users\Gaser\Desktop\COPRRA\vendor\laravel\framework\src\Illuminate\Testing\PendingCommand.php:675
C:\Users\Gaser\Desktop\COPRRA\vendor\laravel\framework\src\Illuminate\Foundation\Testing\Concerns\InteractsWithConsole.php:87
C:\Users\Gaser\Desktop\COPRRA\vendor\laravel\framework\src\Illuminate\Foundation\Testing\RefreshDatabase.php:101
C:\Users\Gaser\Desktop\COPRRA\vendor\laravel\framework\src\Illuminate\Foundation\Testing\RefreshDatabase.php:84
C:\Users\Gaser\Desktop\COPRRA\vendor\laravel\framework\src\Illuminate\Foundation\Testing\RefreshDatabase.php:25
C:\Users\Gaser\Desktop\COPRRA\vendor\laravel\framework\src\Illuminate\Foundation\Testing\Concerns\InteractsWithTestCaseLifecycle.php:209
C:\Users\Gaser\Desktop\COPRRA\vendor\laravel\framework\src\Illuminate\Foundation\Testing\Concerns\InteractsWithTestCaseLifecycle.php:97
C:\Users\Gaser\Desktop\COPRRA\vendor\laravel\framework\src\Illuminate\Foundation\Testing\TestCase.php:44
C:\Users\Gaser\Desktop\COPRRA\tests\TestCase.php:25
C:\Users\Gaser\Desktop\COPRRA\tests\Feature\Models\NotificationTest.php:17</error>
        </testcase>
        <testcase name="test_has_action" file="C:\Users\Gaser\Desktop\COPRRA\tests\Feature\Models\NotificationTest.php" line="563" class="Tests\Feature\Models\NotificationTest" classname="Tests.Feature.Models.NotificationTest" assertions="0" time="0.000000">
          <error type="Error">Tests\Feature\Models\NotificationTest::test_has_action&#13;
Error: Class "Mockery" not found
&#13;
C:\Users\Gaser\Desktop\COPRRA\vendor\laravel\framework\src\Illuminate\Testing\PendingCommand.php:550
C:\Users\Gaser\Desktop\COPRRA\vendor\laravel\framework\src\Illuminate\Testing\PendingCommand.php:448
C:\Users\Gaser\Desktop\COPRRA\vendor\laravel\framework\src\Illuminate\Testing\PendingCommand.php:675
C:\Users\Gaser\Desktop\COPRRA\vendor\laravel\framework\src\Illuminate\Foundation\Testing\Concerns\InteractsWithConsole.php:87
C:\Users\Gaser\Desktop\COPRRA\vendor\laravel\framework\src\Illuminate\Foundation\Testing\RefreshDatabase.php:101
C:\Users\Gaser\Desktop\COPRRA\vendor\laravel\framework\src\Illuminate\Foundation\Testing\RefreshDatabase.php:84
C:\Users\Gaser\Desktop\COPRRA\vendor\laravel\framework\src\Illuminate\Foundation\Testing\RefreshDatabase.php:25
C:\Users\Gaser\Desktop\COPRRA\vendor\laravel\framework\src\Illuminate\Foundation\Testing\Concerns\InteractsWithTestCaseLifecycle.php:209
C:\Users\Gaser\Desktop\COPRRA\vendor\laravel\framework\src\Illuminate\Foundation\Testing\Concerns\InteractsWithTestCaseLifecycle.php:97
C:\Users\Gaser\Desktop\COPRRA\vendor\laravel\framework\src\Illuminate\Foundation\Testing\TestCase.php:44
C:\Users\Gaser\Desktop\COPRRA\tests\TestCase.php:25
C:\Users\Gaser\Desktop\COPRRA\tests\Feature\Models\NotificationTest.php:17</error>
        </testcase>
        <testcase name="test_get_expiration_date" file="C:\Users\Gaser\Desktop\COPRRA\tests\Feature\Models\NotificationTest.php" line="573" class="Tests\Feature\Models\NotificationTest" classname="Tests.Feature.Models.NotificationTest" assertions="0" time="0.000000">
          <error type="Error">Tests\Feature\Models\NotificationTest::test_get_expiration_date&#13;
Error: Class "Mockery" not found
&#13;
C:\Users\Gaser\Desktop\COPRRA\vendor\laravel\framework\src\Illuminate\Testing\PendingCommand.php:550
C:\Users\Gaser\Desktop\COPRRA\vendor\laravel\framework\src\Illuminate\Testing\PendingCommand.php:448
C:\Users\Gaser\Desktop\COPRRA\vendor\laravel\framework\src\Illuminate\Testing\PendingCommand.php:675
C:\Users\Gaser\Desktop\COPRRA\vendor\laravel\framework\src\Illuminate\Foundation\Testing\Concerns\InteractsWithConsole.php:87
C:\Users\Gaser\Desktop\COPRRA\vendor\laravel\framework\src\Illuminate\Foundation\Testing\RefreshDatabase.php:101
C:\Users\Gaser\Desktop\COPRRA\vendor\laravel\framework\src\Illuminate\Foundation\Testing\RefreshDatabase.php:84
C:\Users\Gaser\Desktop\COPRRA\vendor\laravel\framework\src\Illuminate\Foundation\Testing\RefreshDatabase.php:25
C:\Users\Gaser\Desktop\COPRRA\vendor\laravel\framework\src\Illuminate\Foundation\Testing\Concerns\InteractsWithTestCaseLifecycle.php:209
C:\Users\Gaser\Desktop\COPRRA\vendor\laravel\framework\src\Illuminate\Foundation\Testing\Concerns\InteractsWithTestCaseLifecycle.php:97
C:\Users\Gaser\Desktop\COPRRA\vendor\laravel\framework\src\Illuminate\Foundation\Testing\TestCase.php:44
C:\Users\Gaser\Desktop\COPRRA\tests\TestCase.php:25
C:\Users\Gaser\Desktop\COPRRA\tests\Feature\Models\NotificationTest.php:17</error>
        </testcase>
        <testcase name="test_is_expired" file="C:\Users\Gaser\Desktop\COPRRA\tests\Feature\Models\NotificationTest.php" line="586" class="Tests\Feature\Models\NotificationTest" classname="Tests.Feature.Models.NotificationTest" assertions="0" time="0.000000">
          <error type="Error">Tests\Feature\Models\NotificationTest::test_is_expired&#13;
Error: Class "Mockery" not found
&#13;
C:\Users\Gaser\Desktop\COPRRA\vendor\laravel\framework\src\Illuminate\Testing\PendingCommand.php:550
C:\Users\Gaser\Desktop\COPRRA\vendor\laravel\framework\src\Illuminate\Testing\PendingCommand.php:448
C:\Users\Gaser\Desktop\COPRRA\vendor\laravel\framework\src\Illuminate\Testing\PendingCommand.php:675
C:\Users\Gaser\Desktop\COPRRA\vendor\laravel\framework\src\Illuminate\Foundation\Testing\Concerns\InteractsWithConsole.php:87
C:\Users\Gaser\Desktop\COPRRA\vendor\laravel\framework\src\Illuminate\Foundation\Testing\RefreshDatabase.php:101
C:\Users\Gaser\Desktop\COPRRA\vendor\laravel\framework\src\Illuminate\Foundation\Testing\RefreshDatabase.php:84
C:\Users\Gaser\Desktop\COPRRA\vendor\laravel\framework\src\Illuminate\Foundation\Testing\RefreshDatabase.php:25
C:\Users\Gaser\Desktop\COPRRA\vendor\laravel\framework\src\Illuminate\Foundation\Testing\Concerns\InteractsWithTestCaseLifecycle.php:209
C:\Users\Gaser\Desktop\COPRRA\vendor\laravel\framework\src\Illuminate\Foundation\Testing\Concerns\InteractsWithTestCaseLifecycle.php:97
C:\Users\Gaser\Desktop\COPRRA\vendor\laravel\framework\src\Illuminate\Foundation\Testing\TestCase.php:44
C:\Users\Gaser\Desktop\COPRRA\tests\TestCase.php:25
C:\Users\Gaser\Desktop\COPRRA\tests\Feature\Models\NotificationTest.php:17</error>
        </testcase>
        <testcase name="test_get_retry_count" file="C:\Users\Gaser\Desktop\COPRRA\tests\Feature\Models\NotificationTest.php" line="602" class="Tests\Feature\Models\NotificationTest" classname="Tests.Feature.Models.NotificationTest" assertions="0" time="0.000000">
          <error type="Error">Tests\Feature\Models\NotificationTest::test_get_retry_count&#13;
Error: Class "Mockery" not found
&#13;
C:\Users\Gaser\Desktop\COPRRA\vendor\laravel\framework\src\Illuminate\Testing\PendingCommand.php:550
C:\Users\Gaser\Desktop\COPRRA\vendor\laravel\framework\src\Illuminate\Testing\PendingCommand.php:448
C:\Users\Gaser\Desktop\COPRRA\vendor\laravel\framework\src\Illuminate\Testing\PendingCommand.php:675
C:\Users\Gaser\Desktop\COPRRA\vendor\laravel\framework\src\Illuminate\Foundation\Testing\Concerns\InteractsWithConsole.php:87
C:\Users\Gaser\Desktop\COPRRA\vendor\laravel\framework\src\Illuminate\Foundation\Testing\RefreshDatabase.php:101
C:\Users\Gaser\Desktop\COPRRA\vendor\laravel\framework\src\Illuminate\Foundation\Testing\RefreshDatabase.php:84
C:\Users\Gaser\Desktop\COPRRA\vendor\laravel\framework\src\Illuminate\Foundation\Testing\RefreshDatabase.php:25
C:\Users\Gaser\Desktop\COPRRA\vendor\laravel\framework\src\Illuminate\Foundation\Testing\Concerns\InteractsWithTestCaseLifecycle.php:209
C:\Users\Gaser\Desktop\COPRRA\vendor\laravel\framework\src\Illuminate\Foundation\Testing\Concerns\InteractsWithTestCaseLifecycle.php:97
C:\Users\Gaser\Desktop\COPRRA\vendor\laravel\framework\src\Illuminate\Foundation\Testing\TestCase.php:44
C:\Users\Gaser\Desktop\COPRRA\tests\TestCase.php:25
C:\Users\Gaser\Desktop\COPRRA\tests\Feature\Models\NotificationTest.php:17</error>
        </testcase>
        <testcase name="test_increment_retry_count" file="C:\Users\Gaser\Desktop\COPRRA\tests\Feature\Models\NotificationTest.php" line="612" class="Tests\Feature\Models\NotificationTest" classname="Tests.Feature.Models.NotificationTest" assertions="0" time="0.000000">
          <error type="Error">Tests\Feature\Models\NotificationTest::test_increment_retry_count&#13;
Error: Class "Mockery" not found
&#13;
C:\Users\Gaser\Desktop\COPRRA\vendor\laravel\framework\src\Illuminate\Testing\PendingCommand.php:550
C:\Users\Gaser\Desktop\COPRRA\vendor\laravel\framework\src\Illuminate\Testing\PendingCommand.php:448
C:\Users\Gaser\Desktop\COPRRA\vendor\laravel\framework\src\Illuminate\Testing\PendingCommand.php:675
C:\Users\Gaser\Desktop\COPRRA\vendor\laravel\framework\src\Illuminate\Foundation\Testing\Concerns\InteractsWithConsole.php:87
C:\Users\Gaser\Desktop\COPRRA\vendor\laravel\framework\src\Illuminate\Foundation\Testing\RefreshDatabase.php:101
C:\Users\Gaser\Desktop\COPRRA\vendor\laravel\framework\src\Illuminate\Foundation\Testing\RefreshDatabase.php:84
C:\Users\Gaser\Desktop\COPRRA\vendor\laravel\framework\src\Illuminate\Foundation\Testing\RefreshDatabase.php:25
C:\Users\Gaser\Desktop\COPRRA\vendor\laravel\framework\src\Illuminate\Foundation\Testing\Concerns\InteractsWithTestCaseLifecycle.php:209
C:\Users\Gaser\Desktop\COPRRA\vendor\laravel\framework\src\Illuminate\Foundation\Testing\Concerns\InteractsWithTestCaseLifecycle.php:97
C:\Users\Gaser\Desktop\COPRRA\vendor\laravel\framework\src\Illuminate\Foundation\Testing\TestCase.php:44
C:\Users\Gaser\Desktop\COPRRA\tests\TestCase.php:25
C:\Users\Gaser\Desktop\COPRRA\tests\Feature\Models\NotificationTest.php:17</error>
        </testcase>
        <testcase name="test_can_retry" file="C:\Users\Gaser\Desktop\COPRRA\tests\Feature\Models\NotificationTest.php" line="623" class="Tests\Feature\Models\NotificationTest" classname="Tests.Feature.Models.NotificationTest" assertions="0" time="0.000000">
          <error type="Error">Tests\Feature\Models\NotificationTest::test_can_retry&#13;
Error: Class "Mockery" not found
&#13;
C:\Users\Gaser\Desktop\COPRRA\vendor\laravel\framework\src\Illuminate\Testing\PendingCommand.php:550
C:\Users\Gaser\Desktop\COPRRA\vendor\laravel\framework\src\Illuminate\Testing\PendingCommand.php:448
C:\Users\Gaser\Desktop\COPRRA\vendor\laravel\framework\src\Illuminate\Testing\PendingCommand.php:675
C:\Users\Gaser\Desktop\COPRRA\vendor\laravel\framework\src\Illuminate\Foundation\Testing\Concerns\InteractsWithConsole.php:87
C:\Users\Gaser\Desktop\COPRRA\vendor\laravel\framework\src\Illuminate\Foundation\Testing\RefreshDatabase.php:101
C:\Users\Gaser\Desktop\COPRRA\vendor\laravel\framework\src\Illuminate\Foundation\Testing\RefreshDatabase.php:84
C:\Users\Gaser\Desktop\COPRRA\vendor\laravel\framework\src\Illuminate\Foundation\Testing\RefreshDatabase.php:25
C:\Users\Gaser\Desktop\COPRRA\vendor\laravel\framework\src\Illuminate\Foundation\Testing\Concerns\InteractsWithTestCaseLifecycle.php:209
C:\Users\Gaser\Desktop\COPRRA\vendor\laravel\framework\src\Illuminate\Foundation\Testing\Concerns\InteractsWithTestCaseLifecycle.php:97
C:\Users\Gaser\Desktop\COPRRA\vendor\laravel\framework\src\Illuminate\Foundation\Testing\TestCase.php:44
C:\Users\Gaser\Desktop\COPRRA\tests\TestCase.php:25
C:\Users\Gaser\Desktop\COPRRA\tests\Feature\Models\NotificationTest.php:17</error>
        </testcase>
        <testcase name="test_get_failure_reason" file="C:\Users\Gaser\Desktop\COPRRA\tests\Feature\Models\NotificationTest.php" line="635" class="Tests\Feature\Models\NotificationTest" classname="Tests.Feature.Models.NotificationTest" assertions="0" time="0.000000">
          <error type="Error">Tests\Feature\Models\NotificationTest::test_get_failure_reason&#13;
Error: Class "Mockery" not found
&#13;
C:\Users\Gaser\Desktop\COPRRA\vendor\laravel\framework\src\Illuminate\Testing\PendingCommand.php:550
C:\Users\Gaser\Desktop\COPRRA\vendor\laravel\framework\src\Illuminate\Testing\PendingCommand.php:448
C:\Users\Gaser\Desktop\COPRRA\vendor\laravel\framework\src\Illuminate\Testing\PendingCommand.php:675
C:\Users\Gaser\Desktop\COPRRA\vendor\laravel\framework\src\Illuminate\Foundation\Testing\Concerns\InteractsWithConsole.php:87
C:\Users\Gaser\Desktop\COPRRA\vendor\laravel\framework\src\Illuminate\Foundation\Testing\RefreshDatabase.php:101
C:\Users\Gaser\Desktop\COPRRA\vendor\laravel\framework\src\Illuminate\Foundation\Testing\RefreshDatabase.php:84
C:\Users\Gaser\Desktop\COPRRA\vendor\laravel\framework\src\Illuminate\Foundation\Testing\RefreshDatabase.php:25
C:\Users\Gaser\Desktop\COPRRA\vendor\laravel\framework\src\Illuminate\Foundation\Testing\Concerns\InteractsWithTestCaseLifecycle.php:209
C:\Users\Gaser\Desktop\COPRRA\vendor\laravel\framework\src\Illuminate\Foundation\Testing\Concerns\InteractsWithTestCaseLifecycle.php:97
C:\Users\Gaser\Desktop\COPRRA\vendor\laravel\framework\src\Illuminate\Foundation\Testing\TestCase.php:44
C:\Users\Gaser\Desktop\COPRRA\tests\TestCase.php:25
C:\Users\Gaser\Desktop\COPRRA\tests\Feature\Models\NotificationTest.php:17</error>
        </testcase>
        <testcase name="test_get_metadata" file="C:\Users\Gaser\Desktop\COPRRA\tests\Feature\Models\NotificationTest.php" line="645" class="Tests\Feature\Models\NotificationTest" classname="Tests.Feature.Models.NotificationTest" assertions="0" time="0.000000">
          <error type="Error">Tests\Feature\Models\NotificationTest::test_get_metadata&#13;
Error: Class "Mockery" not found
&#13;
C:\Users\Gaser\Desktop\COPRRA\vendor\laravel\framework\src\Illuminate\Testing\PendingCommand.php:550
C:\Users\Gaser\Desktop\COPRRA\vendor\laravel\framework\src\Illuminate\Testing\PendingCommand.php:448
C:\Users\Gaser\Desktop\COPRRA\vendor\laravel\framework\src\Illuminate\Testing\PendingCommand.php:675
C:\Users\Gaser\Desktop\COPRRA\vendor\laravel\framework\src\Illuminate\Foundation\Testing\Concerns\InteractsWithConsole.php:87
C:\Users\Gaser\Desktop\COPRRA\vendor\laravel\framework\src\Illuminate\Foundation\Testing\RefreshDatabase.php:101
C:\Users\Gaser\Desktop\COPRRA\vendor\laravel\framework\src\Illuminate\Foundation\Testing\RefreshDatabase.php:84
C:\Users\Gaser\Desktop\COPRRA\vendor\laravel\framework\src\Illuminate\Foundation\Testing\RefreshDatabase.php:25
C:\Users\Gaser\Desktop\COPRRA\vendor\laravel\framework\src\Illuminate\Foundation\Testing\Concerns\InteractsWithTestCaseLifecycle.php:209
C:\Users\Gaser\Desktop\COPRRA\vendor\laravel\framework\src\Illuminate\Foundation\Testing\Concerns\InteractsWithTestCaseLifecycle.php:97
C:\Users\Gaser\Desktop\COPRRA\vendor\laravel\framework\src\Illuminate\Foundation\Testing\TestCase.php:44
C:\Users\Gaser\Desktop\COPRRA\tests\TestCase.php:25
C:\Users\Gaser\Desktop\COPRRA\tests\Feature\Models\NotificationTest.php:17</error>
        </testcase>
        <testcase name="test_set_metadata" file="C:\Users\Gaser\Desktop\COPRRA\tests\Feature\Models\NotificationTest.php" line="653" class="Tests\Feature\Models\NotificationTest" classname="Tests.Feature.Models.NotificationTest" assertions="0" time="0.000000">
          <error type="Error">Tests\Feature\Models\NotificationTest::test_set_metadata&#13;
Error: Class "Mockery" not found
&#13;
C:\Users\Gaser\Desktop\COPRRA\vendor\laravel\framework\src\Illuminate\Testing\PendingCommand.php:550
C:\Users\Gaser\Desktop\COPRRA\vendor\laravel\framework\src\Illuminate\Testing\PendingCommand.php:448
C:\Users\Gaser\Desktop\COPRRA\vendor\laravel\framework\src\Illuminate\Testing\PendingCommand.php:675
C:\Users\Gaser\Desktop\COPRRA\vendor\laravel\framework\src\Illuminate\Foundation\Testing\Concerns\InteractsWithConsole.php:87
C:\Users\Gaser\Desktop\COPRRA\vendor\laravel\framework\src\Illuminate\Foundation\Testing\RefreshDatabase.php:101
C:\Users\Gaser\Desktop\COPRRA\vendor\laravel\framework\src\Illuminate\Foundation\Testing\RefreshDatabase.php:84
C:\Users\Gaser\Desktop\COPRRA\vendor\laravel\framework\src\Illuminate\Foundation\Testing\RefreshDatabase.php:25
C:\Users\Gaser\Desktop\COPRRA\vendor\laravel\framework\src\Illuminate\Foundation\Testing\Concerns\InteractsWithTestCaseLifecycle.php:209
C:\Users\Gaser\Desktop\COPRRA\vendor\laravel\framework\src\Illuminate\Foundation\Testing\Concerns\InteractsWithTestCaseLifecycle.php:97
C:\Users\Gaser\Desktop\COPRRA\vendor\laravel\framework\src\Illuminate\Foundation\Testing\TestCase.php:44
C:\Users\Gaser\Desktop\COPRRA\tests\TestCase.php:25
C:\Users\Gaser\Desktop\COPRRA\tests\Feature\Models\NotificationTest.php:17</error>
        </testcase>
        <testcase name="test_get_tags" file="C:\Users\Gaser\Desktop\COPRRA\tests\Feature\Models\NotificationTest.php" line="664" class="Tests\Feature\Models\NotificationTest" classname="Tests.Feature.Models.NotificationTest" assertions="0" time="0.000000">
          <error type="Error">Tests\Feature\Models\NotificationTest::test_get_tags&#13;
Error: Class "Mockery" not found
&#13;
C:\Users\Gaser\Desktop\COPRRA\vendor\laravel\framework\src\Illuminate\Testing\PendingCommand.php:550
C:\Users\Gaser\Desktop\COPRRA\vendor\laravel\framework\src\Illuminate\Testing\PendingCommand.php:448
C:\Users\Gaser\Desktop\COPRRA\vendor\laravel\framework\src\Illuminate\Testing\PendingCommand.php:675
C:\Users\Gaser\Desktop\COPRRA\vendor\laravel\framework\src\Illuminate\Foundation\Testing\Concerns\InteractsWithConsole.php:87
C:\Users\Gaser\Desktop\COPRRA\vendor\laravel\framework\src\Illuminate\Foundation\Testing\RefreshDatabase.php:101
C:\Users\Gaser\Desktop\COPRRA\vendor\laravel\framework\src\Illuminate\Foundation\Testing\RefreshDatabase.php:84
C:\Users\Gaser\Desktop\COPRRA\vendor\laravel\framework\src\Illuminate\Foundation\Testing\RefreshDatabase.php:25
C:\Users\Gaser\Desktop\COPRRA\vendor\laravel\framework\src\Illuminate\Foundation\Testing\Concerns\InteractsWithTestCaseLifecycle.php:209
C:\Users\Gaser\Desktop\COPRRA\vendor\laravel\framework\src\Illuminate\Foundation\Testing\Concerns\InteractsWithTestCaseLifecycle.php:97
C:\Users\Gaser\Desktop\COPRRA\vendor\laravel\framework\src\Illuminate\Foundation\Testing\TestCase.php:44
C:\Users\Gaser\Desktop\COPRRA\tests\TestCase.php:25
C:\Users\Gaser\Desktop\COPRRA\tests\Feature\Models\NotificationTest.php:17</error>
        </testcase>
        <testcase name="test_set_tags" file="C:\Users\Gaser\Desktop\COPRRA\tests\Feature\Models\NotificationTest.php" line="672" class="Tests\Feature\Models\NotificationTest" classname="Tests.Feature.Models.NotificationTest" assertions="0" time="0.000000">
          <error type="Error">Tests\Feature\Models\NotificationTest::test_set_tags&#13;
Error: Class "Mockery" not found
&#13;
C:\Users\Gaser\Desktop\COPRRA\vendor\laravel\framework\src\Illuminate\Testing\PendingCommand.php:550
C:\Users\Gaser\Desktop\COPRRA\vendor\laravel\framework\src\Illuminate\Testing\PendingCommand.php:448
C:\Users\Gaser\Desktop\COPRRA\vendor\laravel\framework\src\Illuminate\Testing\PendingCommand.php:675
C:\Users\Gaser\Desktop\COPRRA\vendor\laravel\framework\src\Illuminate\Foundation\Testing\Concerns\InteractsWithConsole.php:87
C:\Users\Gaser\Desktop\COPRRA\vendor\laravel\framework\src\Illuminate\Foundation\Testing\RefreshDatabase.php:101
C:\Users\Gaser\Desktop\COPRRA\vendor\laravel\framework\src\Illuminate\Foundation\Testing\RefreshDatabase.php:84
C:\Users\Gaser\Desktop\COPRRA\vendor\laravel\framework\src\Illuminate\Foundation\Testing\RefreshDatabase.php:25
C:\Users\Gaser\Desktop\COPRRA\vendor\laravel\framework\src\Illuminate\Foundation\Testing\Concerns\InteractsWithTestCaseLifecycle.php:209
C:\Users\Gaser\Desktop\COPRRA\vendor\laravel\framework\src\Illuminate\Foundation\Testing\Concerns\InteractsWithTestCaseLifecycle.php:97
C:\Users\Gaser\Desktop\COPRRA\vendor\laravel\framework\src\Illuminate\Foundation\Testing\TestCase.php:44
C:\Users\Gaser\Desktop\COPRRA\tests\TestCase.php:25
C:\Users\Gaser\Desktop\COPRRA\tests\Feature\Models\NotificationTest.php:17</error>
        </testcase>
        <testcase name="test_add_tag" file="C:\Users\Gaser\Desktop\COPRRA\tests\Feature\Models\NotificationTest.php" line="683" class="Tests\Feature\Models\NotificationTest" classname="Tests.Feature.Models.NotificationTest" assertions="0" time="0.000000">
          <error type="Error">Tests\Feature\Models\NotificationTest::test_add_tag&#13;
Error: Class "Mockery" not found
&#13;
C:\Users\Gaser\Desktop\COPRRA\vendor\laravel\framework\src\Illuminate\Testing\PendingCommand.php:550
C:\Users\Gaser\Desktop\COPRRA\vendor\laravel\framework\src\Illuminate\Testing\PendingCommand.php:448
C:\Users\Gaser\Desktop\COPRRA\vendor\laravel\framework\src\Illuminate\Testing\PendingCommand.php:675
C:\Users\Gaser\Desktop\COPRRA\vendor\laravel\framework\src\Illuminate\Foundation\Testing\Concerns\InteractsWithConsole.php:87
C:\Users\Gaser\Desktop\COPRRA\vendor\laravel\framework\src\Illuminate\Foundation\Testing\RefreshDatabase.php:101
C:\Users\Gaser\Desktop\COPRRA\vendor\laravel\framework\src\Illuminate\Foundation\Testing\RefreshDatabase.php:84
C:\Users\Gaser\Desktop\COPRRA\vendor\laravel\framework\src\Illuminate\Foundation\Testing\RefreshDatabase.php:25
C:\Users\Gaser\Desktop\COPRRA\vendor\laravel\framework\src\Illuminate\Foundation\Testing\Concerns\InteractsWithTestCaseLifecycle.php:209
C:\Users\Gaser\Desktop\COPRRA\vendor\laravel\framework\src\Illuminate\Foundation\Testing\Concerns\InteractsWithTestCaseLifecycle.php:97
C:\Users\Gaser\Desktop\COPRRA\vendor\laravel\framework\src\Illuminate\Foundation\Testing\TestCase.php:44
C:\Users\Gaser\Desktop\COPRRA\tests\TestCase.php:25
C:\Users\Gaser\Desktop\COPRRA\tests\Feature\Models\NotificationTest.php:17</error>
        </testcase>
        <testcase name="test_add_existing_tag" file="C:\Users\Gaser\Desktop\COPRRA\tests\Feature\Models\NotificationTest.php" line="694" class="Tests\Feature\Models\NotificationTest" classname="Tests.Feature.Models.NotificationTest" assertions="0" time="0.000000">
          <error type="Error">Tests\Feature\Models\NotificationTest::test_add_existing_tag&#13;
Error: Class "Mockery" not found
&#13;
C:\Users\Gaser\Desktop\COPRRA\vendor\laravel\framework\src\Illuminate\Testing\PendingCommand.php:550
C:\Users\Gaser\Desktop\COPRRA\vendor\laravel\framework\src\Illuminate\Testing\PendingCommand.php:448
C:\Users\Gaser\Desktop\COPRRA\vendor\laravel\framework\src\Illuminate\Testing\PendingCommand.php:675
C:\Users\Gaser\Desktop\COPRRA\vendor\laravel\framework\src\Illuminate\Foundation\Testing\Concerns\InteractsWithConsole.php:87
C:\Users\Gaser\Desktop\COPRRA\vendor\laravel\framework\src\Illuminate\Foundation\Testing\RefreshDatabase.php:101
C:\Users\Gaser\Desktop\COPRRA\vendor\laravel\framework\src\Illuminate\Foundation\Testing\RefreshDatabase.php:84
C:\Users\Gaser\Desktop\COPRRA\vendor\laravel\framework\src\Illuminate\Foundation\Testing\RefreshDatabase.php:25
C:\Users\Gaser\Desktop\COPRRA\vendor\laravel\framework\src\Illuminate\Foundation\Testing\Concerns\InteractsWithTestCaseLifecycle.php:209
C:\Users\Gaser\Desktop\COPRRA\vendor\laravel\framework\src\Illuminate\Foundation\Testing\Concerns\InteractsWithTestCaseLifecycle.php:97
C:\Users\Gaser\Desktop\COPRRA\vendor\laravel\framework\src\Illuminate\Foundation\Testing\TestCase.php:44
C:\Users\Gaser\Desktop\COPRRA\tests\TestCase.php:25
C:\Users\Gaser\Desktop\COPRRA\tests\Feature\Models\NotificationTest.php:17</error>
        </testcase>
        <testcase name="test_remove_tag" file="C:\Users\Gaser\Desktop\COPRRA\tests\Feature\Models\NotificationTest.php" line="705" class="Tests\Feature\Models\NotificationTest" classname="Tests.Feature.Models.NotificationTest" assertions="0" time="0.000000">
          <error type="Error">Tests\Feature\Models\NotificationTest::test_remove_tag&#13;
Error: Class "Mockery" not found
&#13;
C:\Users\Gaser\Desktop\COPRRA\vendor\laravel\framework\src\Illuminate\Testing\PendingCommand.php:550
C:\Users\Gaser\Desktop\COPRRA\vendor\laravel\framework\src\Illuminate\Testing\PendingCommand.php:448
C:\Users\Gaser\Desktop\COPRRA\vendor\laravel\framework\src\Illuminate\Testing\PendingCommand.php:675
C:\Users\Gaser\Desktop\COPRRA\vendor\laravel\framework\src\Illuminate\Foundation\Testing\Concerns\InteractsWithConsole.php:87
C:\Users\Gaser\Desktop\COPRRA\vendor\laravel\framework\src\Illuminate\Foundation\Testing\RefreshDatabase.php:101
C:\Users\Gaser\Desktop\COPRRA\vendor\laravel\framework\src\Illuminate\Foundation\Testing\RefreshDatabase.php:84
C:\Users\Gaser\Desktop\COPRRA\vendor\laravel\framework\src\Illuminate\Foundation\Testing\RefreshDatabase.php:25
C:\Users\Gaser\Desktop\COPRRA\vendor\laravel\framework\src\Illuminate\Foundation\Testing\Concerns\InteractsWithTestCaseLifecycle.php:209
C:\Users\Gaser\Desktop\COPRRA\vendor\laravel\framework\src\Illuminate\Foundation\Testing\Concerns\InteractsWithTestCaseLifecycle.php:97
C:\Users\Gaser\Desktop\COPRRA\vendor\laravel\framework\src\Illuminate\Foundation\Testing\TestCase.php:44
C:\Users\Gaser\Desktop\COPRRA\tests\TestCase.php:25
C:\Users\Gaser\Desktop\COPRRA\tests\Feature\Models\NotificationTest.php:17</error>
        </testcase>
        <testcase name="test_has_tag" file="C:\Users\Gaser\Desktop\COPRRA\tests\Feature\Models\NotificationTest.php" line="716" class="Tests\Feature\Models\NotificationTest" classname="Tests.Feature.Models.NotificationTest" assertions="0" time="0.000000">
          <error type="Error">Tests\Feature\Models\NotificationTest::test_has_tag&#13;
Error: Class "Mockery" not found
&#13;
C:\Users\Gaser\Desktop\COPRRA\vendor\laravel\framework\src\Illuminate\Testing\PendingCommand.php:550
C:\Users\Gaser\Desktop\COPRRA\vendor\laravel\framework\src\Illuminate\Testing\PendingCommand.php:448
C:\Users\Gaser\Desktop\COPRRA\vendor\laravel\framework\src\Illuminate\Testing\PendingCommand.php:675
C:\Users\Gaser\Desktop\COPRRA\vendor\laravel\framework\src\Illuminate\Foundation\Testing\Concerns\InteractsWithConsole.php:87
C:\Users\Gaser\Desktop\COPRRA\vendor\laravel\framework\src\Illuminate\Foundation\Testing\RefreshDatabase.php:101
C:\Users\Gaser\Desktop\COPRRA\vendor\laravel\framework\src\Illuminate\Foundation\Testing\RefreshDatabase.php:84
C:\Users\Gaser\Desktop\COPRRA\vendor\laravel\framework\src\Illuminate\Foundation\Testing\RefreshDatabase.php:25
C:\Users\Gaser\Desktop\COPRRA\vendor\laravel\framework\src\Illuminate\Foundation\Testing\Concerns\InteractsWithTestCaseLifecycle.php:209
C:\Users\Gaser\Desktop\COPRRA\vendor\laravel\framework\src\Illuminate\Foundation\Testing\Concerns\InteractsWithTestCaseLifecycle.php:97
C:\Users\Gaser\Desktop\COPRRA\vendor\laravel\framework\src\Illuminate\Foundation\Testing\TestCase.php:44
C:\Users\Gaser\Desktop\COPRRA\tests\TestCase.php:25
C:\Users\Gaser\Desktop\COPRRA\tests\Feature\Models\NotificationTest.php:17</error>
        </testcase>
        <testcase name="test_factory_creates_valid_notification" file="C:\Users\Gaser\Desktop\COPRRA\tests\Feature\Models\NotificationTest.php" line="726" class="Tests\Feature\Models\NotificationTest" classname="Tests.Feature.Models.NotificationTest" assertions="0" time="0.000000">
          <error type="Error">Tests\Feature\Models\NotificationTest::test_factory_creates_valid_notification&#13;
Error: Class "Mockery" not found
&#13;
C:\Users\Gaser\Desktop\COPRRA\vendor\laravel\framework\src\Illuminate\Testing\PendingCommand.php:550
C:\Users\Gaser\Desktop\COPRRA\vendor\laravel\framework\src\Illuminate\Testing\PendingCommand.php:448
C:\Users\Gaser\Desktop\COPRRA\vendor\laravel\framework\src\Illuminate\Testing\PendingCommand.php:675
C:\Users\Gaser\Desktop\COPRRA\vendor\laravel\framework\src\Illuminate\Foundation\Testing\Concerns\InteractsWithConsole.php:87
C:\Users\Gaser\Desktop\COPRRA\vendor\laravel\framework\src\Illuminate\Foundation\Testing\RefreshDatabase.php:101
C:\Users\Gaser\Desktop\COPRRA\vendor\laravel\framework\src\Illuminate\Foundation\Testing\RefreshDatabase.php:84
C:\Users\Gaser\Desktop\COPRRA\vendor\laravel\framework\src\Illuminate\Foundation\Testing\RefreshDatabase.php:25
C:\Users\Gaser\Desktop\COPRRA\vendor\laravel\framework\src\Illuminate\Foundation\Testing\Concerns\InteractsWithTestCaseLifecycle.php:209
C:\Users\Gaser\Desktop\COPRRA\vendor\laravel\framework\src\Illuminate\Foundation\Testing\Concerns\InteractsWithTestCaseLifecycle.php:97
C:\Users\Gaser\Desktop\COPRRA\vendor\laravel\framework\src\Illuminate\Foundation\Testing\TestCase.php:44
C:\Users\Gaser\Desktop\COPRRA\tests\TestCase.php:25
C:\Users\Gaser\Desktop\COPRRA\tests\Feature\Models\NotificationTest.php:17</error>
        </testcase>
        <testcase name="test_fillable_attributes" file="C:\Users\Gaser\Desktop\COPRRA\tests\Feature\Models\NotificationTest.php" line="737" class="Tests\Feature\Models\NotificationTest" classname="Tests.Feature.Models.NotificationTest" assertions="0" time="0.000000">
          <error type="Error">Tests\Feature\Models\NotificationTest::test_fillable_attributes&#13;
Error: Class "Mockery" not found
&#13;
C:\Users\Gaser\Desktop\COPRRA\vendor\laravel\framework\src\Illuminate\Testing\PendingCommand.php:550
C:\Users\Gaser\Desktop\COPRRA\vendor\laravel\framework\src\Illuminate\Testing\PendingCommand.php:448
C:\Users\Gaser\Desktop\COPRRA\vendor\laravel\framework\src\Illuminate\Testing\PendingCommand.php:675
C:\Users\Gaser\Desktop\COPRRA\vendor\laravel\framework\src\Illuminate\Foundation\Testing\Concerns\InteractsWithConsole.php:87
C:\Users\Gaser\Desktop\COPRRA\vendor\laravel\framework\src\Illuminate\Foundation\Testing\RefreshDatabase.php:101
C:\Users\Gaser\Desktop\COPRRA\vendor\laravel\framework\src\Illuminate\Foundation\Testing\RefreshDatabase.php:84
C:\Users\Gaser\Desktop\COPRRA\vendor\laravel\framework\src\Illuminate\Foundation\Testing\RefreshDatabase.php:25
C:\Users\Gaser\Desktop\COPRRA\vendor\laravel\framework\src\Illuminate\Foundation\Testing\Concerns\InteractsWithTestCaseLifecycle.php:209
C:\Users\Gaser\Desktop\COPRRA\vendor\laravel\framework\src\Illuminate\Foundation\Testing\Concerns\InteractsWithTestCaseLifecycle.php:97
C:\Users\Gaser\Desktop\COPRRA\vendor\laravel\framework\src\Illuminate\Foundation\Testing\TestCase.php:44
C:\Users\Gaser\Desktop\COPRRA\tests\TestCase.php:25
C:\Users\Gaser\Desktop\COPRRA\tests\Feature\Models\NotificationTest.php:17</error>
        </testcase>
        <testcase name="test_hidden_attributes" file="C:\Users\Gaser\Desktop\COPRRA\tests\Feature\Models\NotificationTest.php" line="758" class="Tests\Feature\Models\NotificationTest" classname="Tests.Feature.Models.NotificationTest" assertions="0" time="0.000000">
          <error type="Error">Tests\Feature\Models\NotificationTest::test_hidden_attributes&#13;
Error: Class "Mockery" not found
&#13;
C:\Users\Gaser\Desktop\COPRRA\vendor\laravel\framework\src\Illuminate\Testing\PendingCommand.php:550
C:\Users\Gaser\Desktop\COPRRA\vendor\laravel\framework\src\Illuminate\Testing\PendingCommand.php:448
C:\Users\Gaser\Desktop\COPRRA\vendor\laravel\framework\src\Illuminate\Testing\PendingCommand.php:675
C:\Users\Gaser\Desktop\COPRRA\vendor\laravel\framework\src\Illuminate\Foundation\Testing\Concerns\InteractsWithConsole.php:87
C:\Users\Gaser\Desktop\COPRRA\vendor\laravel\framework\src\Illuminate\Foundation\Testing\RefreshDatabase.php:101
C:\Users\Gaser\Desktop\COPRRA\vendor\laravel\framework\src\Illuminate\Foundation\Testing\RefreshDatabase.php:84
C:\Users\Gaser\Desktop\COPRRA\vendor\laravel\framework\src\Illuminate\Foundation\Testing\RefreshDatabase.php:25
C:\Users\Gaser\Desktop\COPRRA\vendor\laravel\framework\src\Illuminate\Foundation\Testing\Concerns\InteractsWithTestCaseLifecycle.php:209
C:\Users\Gaser\Desktop\COPRRA\vendor\laravel\framework\src\Illuminate\Foundation\Testing\Concerns\InteractsWithTestCaseLifecycle.php:97
C:\Users\Gaser\Desktop\COPRRA\vendor\laravel\framework\src\Illuminate\Foundation\Testing\TestCase.php:44
C:\Users\Gaser\Desktop\COPRRA\tests\TestCase.php:25
C:\Users\Gaser\Desktop\COPRRA\tests\Feature\Models\NotificationTest.php:17</error>
        </testcase>
      </testsuite>
      <testsuite name="Tests\Feature\Models\OrderTest" file="C:\Users\Gaser\Desktop\COPRRA\tests\Feature\Models\OrderTest.php" tests="8" assertions="0" errors="8" failures="0" skipped="0" time="0.000000">
        <testcase name="test_it_can_create_an_order" file="C:\Users\Gaser\Desktop\COPRRA\tests\Feature\Models\OrderTest.php" line="20" class="Tests\Feature\Models\OrderTest" classname="Tests.Feature.Models.OrderTest" assertions="0" time="0.000000">
          <error type="Error">Tests\Feature\Models\OrderTest::test_it_can_create_an_order&#13;
Error: Class "Mockery" not found
&#13;
C:\Users\Gaser\Desktop\COPRRA\vendor\laravel\framework\src\Illuminate\Testing\PendingCommand.php:550
C:\Users\Gaser\Desktop\COPRRA\vendor\laravel\framework\src\Illuminate\Testing\PendingCommand.php:448
C:\Users\Gaser\Desktop\COPRRA\vendor\laravel\framework\src\Illuminate\Testing\PendingCommand.php:675
C:\Users\Gaser\Desktop\COPRRA\vendor\laravel\framework\src\Illuminate\Foundation\Testing\Concerns\InteractsWithConsole.php:87
C:\Users\Gaser\Desktop\COPRRA\vendor\laravel\framework\src\Illuminate\Foundation\Testing\RefreshDatabase.php:101
C:\Users\Gaser\Desktop\COPRRA\vendor\laravel\framework\src\Illuminate\Foundation\Testing\RefreshDatabase.php:84
C:\Users\Gaser\Desktop\COPRRA\vendor\laravel\framework\src\Illuminate\Foundation\Testing\RefreshDatabase.php:25
C:\Users\Gaser\Desktop\COPRRA\vendor\laravel\framework\src\Illuminate\Foundation\Testing\Concerns\InteractsWithTestCaseLifecycle.php:209
C:\Users\Gaser\Desktop\COPRRA\vendor\laravel\framework\src\Illuminate\Foundation\Testing\Concerns\InteractsWithTestCaseLifecycle.php:97
C:\Users\Gaser\Desktop\COPRRA\vendor\laravel\framework\src\Illuminate\Foundation\Testing\TestCase.php:44
C:\Users\Gaser\Desktop\COPRRA\tests\TestCase.php:25</error>
        </testcase>
        <testcase name="test_order_relationships" file="C:\Users\Gaser\Desktop\COPRRA\tests\Feature\Models\OrderTest.php" line="53" class="Tests\Feature\Models\OrderTest" classname="Tests.Feature.Models.OrderTest" assertions="0" time="0.000000">
          <error type="Error">Tests\Feature\Models\OrderTest::test_order_relationships&#13;
Error: Class "Mockery" not found
&#13;
C:\Users\Gaser\Desktop\COPRRA\vendor\laravel\framework\src\Illuminate\Testing\PendingCommand.php:550
C:\Users\Gaser\Desktop\COPRRA\vendor\laravel\framework\src\Illuminate\Testing\PendingCommand.php:448
C:\Users\Gaser\Desktop\COPRRA\vendor\laravel\framework\src\Illuminate\Testing\PendingCommand.php:675
C:\Users\Gaser\Desktop\COPRRA\vendor\laravel\framework\src\Illuminate\Foundation\Testing\Concerns\InteractsWithConsole.php:87
C:\Users\Gaser\Desktop\COPRRA\vendor\laravel\framework\src\Illuminate\Foundation\Testing\RefreshDatabase.php:101
C:\Users\Gaser\Desktop\COPRRA\vendor\laravel\framework\src\Illuminate\Foundation\Testing\RefreshDatabase.php:84
C:\Users\Gaser\Desktop\COPRRA\vendor\laravel\framework\src\Illuminate\Foundation\Testing\RefreshDatabase.php:25
C:\Users\Gaser\Desktop\COPRRA\vendor\laravel\framework\src\Illuminate\Foundation\Testing\Concerns\InteractsWithTestCaseLifecycle.php:209
C:\Users\Gaser\Desktop\COPRRA\vendor\laravel\framework\src\Illuminate\Foundation\Testing\Concerns\InteractsWithTestCaseLifecycle.php:97
C:\Users\Gaser\Desktop\COPRRA\vendor\laravel\framework\src\Illuminate\Foundation\Testing\TestCase.php:44
C:\Users\Gaser\Desktop\COPRRA\tests\TestCase.php:25</error>
        </testcase>
        <testcase name="test_order_casts_attributes_correctly" file="C:\Users\Gaser\Desktop\COPRRA\tests\Feature\Models\OrderTest.php" line="72" class="Tests\Feature\Models\OrderTest" classname="Tests.Feature.Models.OrderTest" assertions="0" time="0.000000">
          <error type="Error">Tests\Feature\Models\OrderTest::test_order_casts_attributes_correctly&#13;
Error: Class "Mockery" not found
&#13;
C:\Users\Gaser\Desktop\COPRRA\vendor\laravel\framework\src\Illuminate\Testing\PendingCommand.php:550
C:\Users\Gaser\Desktop\COPRRA\vendor\laravel\framework\src\Illuminate\Testing\PendingCommand.php:448
C:\Users\Gaser\Desktop\COPRRA\vendor\laravel\framework\src\Illuminate\Testing\PendingCommand.php:675
C:\Users\Gaser\Desktop\COPRRA\vendor\laravel\framework\src\Illuminate\Foundation\Testing\Concerns\InteractsWithConsole.php:87
C:\Users\Gaser\Desktop\COPRRA\vendor\laravel\framework\src\Illuminate\Foundation\Testing\RefreshDatabase.php:101
C:\Users\Gaser\Desktop\COPRRA\vendor\laravel\framework\src\Illuminate\Foundation\Testing\RefreshDatabase.php:84
C:\Users\Gaser\Desktop\COPRRA\vendor\laravel\framework\src\Illuminate\Foundation\Testing\RefreshDatabase.php:25
C:\Users\Gaser\Desktop\COPRRA\vendor\laravel\framework\src\Illuminate\Foundation\Testing\Concerns\InteractsWithTestCaseLifecycle.php:209
C:\Users\Gaser\Desktop\COPRRA\vendor\laravel\framework\src\Illuminate\Foundation\Testing\Concerns\InteractsWithTestCaseLifecycle.php:97
C:\Users\Gaser\Desktop\COPRRA\vendor\laravel\framework\src\Illuminate\Foundation\Testing\TestCase.php:44
C:\Users\Gaser\Desktop\COPRRA\tests\TestCase.php:25</error>
        </testcase>
        <testcase name="test_scope_by_status" file="C:\Users\Gaser\Desktop\COPRRA\tests\Feature\Models\OrderTest.php" line="91" class="Tests\Feature\Models\OrderTest" classname="Tests.Feature.Models.OrderTest" assertions="0" time="0.000000">
          <error type="Error">Tests\Feature\Models\OrderTest::test_scope_by_status&#13;
Error: Class "Mockery" not found
&#13;
C:\Users\Gaser\Desktop\COPRRA\vendor\laravel\framework\src\Illuminate\Testing\PendingCommand.php:550
C:\Users\Gaser\Desktop\COPRRA\vendor\laravel\framework\src\Illuminate\Testing\PendingCommand.php:448
C:\Users\Gaser\Desktop\COPRRA\vendor\laravel\framework\src\Illuminate\Testing\PendingCommand.php:675
C:\Users\Gaser\Desktop\COPRRA\vendor\laravel\framework\src\Illuminate\Foundation\Testing\Concerns\InteractsWithConsole.php:87
C:\Users\Gaser\Desktop\COPRRA\vendor\laravel\framework\src\Illuminate\Foundation\Testing\RefreshDatabase.php:101
C:\Users\Gaser\Desktop\COPRRA\vendor\laravel\framework\src\Illuminate\Foundation\Testing\RefreshDatabase.php:84
C:\Users\Gaser\Desktop\COPRRA\vendor\laravel\framework\src\Illuminate\Foundation\Testing\RefreshDatabase.php:25
C:\Users\Gaser\Desktop\COPRRA\vendor\laravel\framework\src\Illuminate\Foundation\Testing\Concerns\InteractsWithTestCaseLifecycle.php:209
C:\Users\Gaser\Desktop\COPRRA\vendor\laravel\framework\src\Illuminate\Foundation\Testing\Concerns\InteractsWithTestCaseLifecycle.php:97
C:\Users\Gaser\Desktop\COPRRA\vendor\laravel\framework\src\Illuminate\Foundation\Testing\TestCase.php:44
C:\Users\Gaser\Desktop\COPRRA\tests\TestCase.php:25</error>
        </testcase>
        <testcase name="test_scope_for_user" file="C:\Users\Gaser\Desktop\COPRRA\tests\Feature\Models\OrderTest.php" line="109" class="Tests\Feature\Models\OrderTest" classname="Tests.Feature.Models.OrderTest" assertions="0" time="0.000000">
          <error type="Error">Tests\Feature\Models\OrderTest::test_scope_for_user&#13;
Error: Class "Mockery" not found
&#13;
C:\Users\Gaser\Desktop\COPRRA\vendor\laravel\framework\src\Illuminate\Testing\PendingCommand.php:550
C:\Users\Gaser\Desktop\COPRRA\vendor\laravel\framework\src\Illuminate\Testing\PendingCommand.php:448
C:\Users\Gaser\Desktop\COPRRA\vendor\laravel\framework\src\Illuminate\Testing\PendingCommand.php:675
C:\Users\Gaser\Desktop\COPRRA\vendor\laravel\framework\src\Illuminate\Foundation\Testing\Concerns\InteractsWithConsole.php:87
C:\Users\Gaser\Desktop\COPRRA\vendor\laravel\framework\src\Illuminate\Foundation\Testing\RefreshDatabase.php:101
C:\Users\Gaser\Desktop\COPRRA\vendor\laravel\framework\src\Illuminate\Foundation\Testing\RefreshDatabase.php:84
C:\Users\Gaser\Desktop\COPRRA\vendor\laravel\framework\src\Illuminate\Foundation\Testing\RefreshDatabase.php:25
C:\Users\Gaser\Desktop\COPRRA\vendor\laravel\framework\src\Illuminate\Foundation\Testing\Concerns\InteractsWithTestCaseLifecycle.php:209
C:\Users\Gaser\Desktop\COPRRA\vendor\laravel\framework\src\Illuminate\Foundation\Testing\Concerns\InteractsWithTestCaseLifecycle.php:97
C:\Users\Gaser\Desktop\COPRRA\vendor\laravel\framework\src\Illuminate\Foundation\Testing\TestCase.php:44
C:\Users\Gaser\Desktop\COPRRA\tests\TestCase.php:25</error>
        </testcase>
        <testcase name="test_order_fillable_attributes" file="C:\Users\Gaser\Desktop\COPRRA\tests\Feature\Models\OrderTest.php" line="129" class="Tests\Feature\Models\OrderTest" classname="Tests.Feature.Models.OrderTest" assertions="0" time="0.000000">
          <error type="Error">Tests\Feature\Models\OrderTest::test_order_fillable_attributes&#13;
Error: Class "Mockery" not found
&#13;
C:\Users\Gaser\Desktop\COPRRA\vendor\laravel\framework\src\Illuminate\Testing\PendingCommand.php:550
C:\Users\Gaser\Desktop\COPRRA\vendor\laravel\framework\src\Illuminate\Testing\PendingCommand.php:448
C:\Users\Gaser\Desktop\COPRRA\vendor\laravel\framework\src\Illuminate\Testing\PendingCommand.php:675
C:\Users\Gaser\Desktop\COPRRA\vendor\laravel\framework\src\Illuminate\Foundation\Testing\Concerns\InteractsWithConsole.php:87
C:\Users\Gaser\Desktop\COPRRA\vendor\laravel\framework\src\Illuminate\Foundation\Testing\RefreshDatabase.php:101
C:\Users\Gaser\Desktop\COPRRA\vendor\laravel\framework\src\Illuminate\Foundation\Testing\RefreshDatabase.php:84
C:\Users\Gaser\Desktop\COPRRA\vendor\laravel\framework\src\Illuminate\Foundation\Testing\RefreshDatabase.php:25
C:\Users\Gaser\Desktop\COPRRA\vendor\laravel\framework\src\Illuminate\Foundation\Testing\Concerns\InteractsWithTestCaseLifecycle.php:209
C:\Users\Gaser\Desktop\COPRRA\vendor\laravel\framework\src\Illuminate\Foundation\Testing\Concerns\InteractsWithTestCaseLifecycle.php:97
C:\Users\Gaser\Desktop\COPRRA\vendor\laravel\framework\src\Illuminate\Foundation\Testing\TestCase.php:44
C:\Users\Gaser\Desktop\COPRRA\tests\TestCase.php:25</error>
        </testcase>
        <testcase name="test_order_status_transitions" file="C:\Users\Gaser\Desktop\COPRRA\tests\Feature\Models\OrderTest.php" line="157" class="Tests\Feature\Models\OrderTest" classname="Tests.Feature.Models.OrderTest" assertions="0" time="0.000000">
          <error type="Error">Tests\Feature\Models\OrderTest::test_order_status_transitions&#13;
Error: Class "Mockery" not found
&#13;
C:\Users\Gaser\Desktop\COPRRA\vendor\laravel\framework\src\Illuminate\Testing\PendingCommand.php:550
C:\Users\Gaser\Desktop\COPRRA\vendor\laravel\framework\src\Illuminate\Testing\PendingCommand.php:448
C:\Users\Gaser\Desktop\COPRRA\vendor\laravel\framework\src\Illuminate\Testing\PendingCommand.php:675
C:\Users\Gaser\Desktop\COPRRA\vendor\laravel\framework\src\Illuminate\Foundation\Testing\Concerns\InteractsWithConsole.php:87
C:\Users\Gaser\Desktop\COPRRA\vendor\laravel\framework\src\Illuminate\Foundation\Testing\RefreshDatabase.php:101
C:\Users\Gaser\Desktop\COPRRA\vendor\laravel\framework\src\Illuminate\Foundation\Testing\RefreshDatabase.php:84
C:\Users\Gaser\Desktop\COPRRA\vendor\laravel\framework\src\Illuminate\Foundation\Testing\RefreshDatabase.php:25
C:\Users\Gaser\Desktop\COPRRA\vendor\laravel\framework\src\Illuminate\Foundation\Testing\Concerns\InteractsWithTestCaseLifecycle.php:209
C:\Users\Gaser\Desktop\COPRRA\vendor\laravel\framework\src\Illuminate\Foundation\Testing\Concerns\InteractsWithTestCaseLifecycle.php:97
C:\Users\Gaser\Desktop\COPRRA\vendor\laravel\framework\src\Illuminate\Foundation\Testing\TestCase.php:44
C:\Users\Gaser\Desktop\COPRRA\tests\TestCase.php:25</error>
        </testcase>
        <testcase name="test_order_totals_calculation" file="C:\Users\Gaser\Desktop\COPRRA\tests\Feature\Models\OrderTest.php" line="173" class="Tests\Feature\Models\OrderTest" classname="Tests.Feature.Models.OrderTest" assertions="0" time="0.000000">
          <error type="Error">Tests\Feature\Models\OrderTest::test_order_totals_calculation&#13;
Error: Class "Mockery" not found
&#13;
C:\Users\Gaser\Desktop\COPRRA\vendor\laravel\framework\src\Illuminate\Testing\PendingCommand.php:550
C:\Users\Gaser\Desktop\COPRRA\vendor\laravel\framework\src\Illuminate\Testing\PendingCommand.php:448
C:\Users\Gaser\Desktop\COPRRA\vendor\laravel\framework\src\Illuminate\Testing\PendingCommand.php:675
C:\Users\Gaser\Desktop\COPRRA\vendor\laravel\framework\src\Illuminate\Foundation\Testing\Concerns\InteractsWithConsole.php:87
C:\Users\Gaser\Desktop\COPRRA\vendor\laravel\framework\src\Illuminate\Foundation\Testing\RefreshDatabase.php:101
C:\Users\Gaser\Desktop\COPRRA\vendor\laravel\framework\src\Illuminate\Foundation\Testing\RefreshDatabase.php:84
C:\Users\Gaser\Desktop\COPRRA\vendor\laravel\framework\src\Illuminate\Foundation\Testing\RefreshDatabase.php:25
C:\Users\Gaser\Desktop\COPRRA\vendor\laravel\framework\src\Illuminate\Foundation\Testing\Concerns\InteractsWithTestCaseLifecycle.php:209
C:\Users\Gaser\Desktop\COPRRA\vendor\laravel\framework\src\Illuminate\Foundation\Testing\Concerns\InteractsWithTestCaseLifecycle.php:97
C:\Users\Gaser\Desktop\COPRRA\vendor\laravel\framework\src\Illuminate\Foundation\Testing\TestCase.php:44
C:\Users\Gaser\Desktop\COPRRA\tests\TestCase.php:25</error>
        </testcase>
      </testsuite>
      <testsuite name="Tests\Feature\Models\PaymentMethodTest" file="C:\Users\Gaser\Desktop\COPRRA\tests\Feature\Models\PaymentMethodTest.php" tests="6" assertions="0" errors="6" failures="0" skipped="0" time="0.000000">
        <testcase name="it_can_create_a_payment_method" file="C:\Users\Gaser\Desktop\COPRRA\tests\Feature\Models\PaymentMethodTest.php" line="15" class="Tests\Feature\Models\PaymentMethodTest" classname="Tests.Feature.Models.PaymentMethodTest" assertions="0" time="0.000000">
          <error type="Error">Tests\Feature\Models\PaymentMethodTest::it_can_create_a_payment_method&#13;
Error: Class "Mockery" not found
&#13;
C:\Users\Gaser\Desktop\COPRRA\vendor\laravel\framework\src\Illuminate\Testing\PendingCommand.php:550
C:\Users\Gaser\Desktop\COPRRA\vendor\laravel\framework\src\Illuminate\Testing\PendingCommand.php:448
C:\Users\Gaser\Desktop\COPRRA\vendor\laravel\framework\src\Illuminate\Testing\PendingCommand.php:675
C:\Users\Gaser\Desktop\COPRRA\vendor\laravel\framework\src\Illuminate\Foundation\Testing\Concerns\InteractsWithConsole.php:87
C:\Users\Gaser\Desktop\COPRRA\vendor\laravel\framework\src\Illuminate\Foundation\Testing\RefreshDatabase.php:101
C:\Users\Gaser\Desktop\COPRRA\vendor\laravel\framework\src\Illuminate\Foundation\Testing\RefreshDatabase.php:84
C:\Users\Gaser\Desktop\COPRRA\vendor\laravel\framework\src\Illuminate\Foundation\Testing\RefreshDatabase.php:25
C:\Users\Gaser\Desktop\COPRRA\vendor\laravel\framework\src\Illuminate\Foundation\Testing\Concerns\InteractsWithTestCaseLifecycle.php:209
C:\Users\Gaser\Desktop\COPRRA\vendor\laravel\framework\src\Illuminate\Foundation\Testing\Concerns\InteractsWithTestCaseLifecycle.php:97
C:\Users\Gaser\Desktop\COPRRA\vendor\laravel\framework\src\Illuminate\Foundation\Testing\TestCase.php:44
C:\Users\Gaser\Desktop\COPRRA\tests\TestCase.php:25</error>
        </testcase>
        <testcase name="it_casts_attributes_correctly" file="C:\Users\Gaser\Desktop\COPRRA\tests\Feature\Models\PaymentMethodTest.php" line="44" class="Tests\Feature\Models\PaymentMethodTest" classname="Tests.Feature.Models.PaymentMethodTest" assertions="0" time="0.000000">
          <error type="Error">Tests\Feature\Models\PaymentMethodTest::it_casts_attributes_correctly&#13;
Error: Class "Mockery" not found
&#13;
C:\Users\Gaser\Desktop\COPRRA\vendor\laravel\framework\src\Illuminate\Testing\PendingCommand.php:550
C:\Users\Gaser\Desktop\COPRRA\vendor\laravel\framework\src\Illuminate\Testing\PendingCommand.php:448
C:\Users\Gaser\Desktop\COPRRA\vendor\laravel\framework\src\Illuminate\Testing\PendingCommand.php:675
C:\Users\Gaser\Desktop\COPRRA\vendor\laravel\framework\src\Illuminate\Foundation\Testing\Concerns\InteractsWithConsole.php:87
C:\Users\Gaser\Desktop\COPRRA\vendor\laravel\framework\src\Illuminate\Foundation\Testing\RefreshDatabase.php:101
C:\Users\Gaser\Desktop\COPRRA\vendor\laravel\framework\src\Illuminate\Foundation\Testing\RefreshDatabase.php:84
C:\Users\Gaser\Desktop\COPRRA\vendor\laravel\framework\src\Illuminate\Foundation\Testing\RefreshDatabase.php:25
C:\Users\Gaser\Desktop\COPRRA\vendor\laravel\framework\src\Illuminate\Foundation\Testing\Concerns\InteractsWithTestCaseLifecycle.php:209
C:\Users\Gaser\Desktop\COPRRA\vendor\laravel\framework\src\Illuminate\Foundation\Testing\Concerns\InteractsWithTestCaseLifecycle.php:97
C:\Users\Gaser\Desktop\COPRRA\vendor\laravel\framework\src\Illuminate\Foundation\Testing\TestCase.php:44
C:\Users\Gaser\Desktop\COPRRA\tests\TestCase.php:25</error>
        </testcase>
        <testcase name="it_has_many_payments" file="C:\Users\Gaser\Desktop\COPRRA\tests\Feature\Models\PaymentMethodTest.php" line="61" class="Tests\Feature\Models\PaymentMethodTest" classname="Tests.Feature.Models.PaymentMethodTest" assertions="0" time="0.000000">
          <error type="Error">Tests\Feature\Models\PaymentMethodTest::it_has_many_payments&#13;
Error: Class "Mockery" not found
&#13;
C:\Users\Gaser\Desktop\COPRRA\vendor\laravel\framework\src\Illuminate\Testing\PendingCommand.php:550
C:\Users\Gaser\Desktop\COPRRA\vendor\laravel\framework\src\Illuminate\Testing\PendingCommand.php:448
C:\Users\Gaser\Desktop\COPRRA\vendor\laravel\framework\src\Illuminate\Testing\PendingCommand.php:675
C:\Users\Gaser\Desktop\COPRRA\vendor\laravel\framework\src\Illuminate\Foundation\Testing\Concerns\InteractsWithConsole.php:87
C:\Users\Gaser\Desktop\COPRRA\vendor\laravel\framework\src\Illuminate\Foundation\Testing\RefreshDatabase.php:101
C:\Users\Gaser\Desktop\COPRRA\vendor\laravel\framework\src\Illuminate\Foundation\Testing\RefreshDatabase.php:84
C:\Users\Gaser\Desktop\COPRRA\vendor\laravel\framework\src\Illuminate\Foundation\Testing\RefreshDatabase.php:25
C:\Users\Gaser\Desktop\COPRRA\vendor\laravel\framework\src\Illuminate\Foundation\Testing\Concerns\InteractsWithTestCaseLifecycle.php:209
C:\Users\Gaser\Desktop\COPRRA\vendor\laravel\framework\src\Illuminate\Foundation\Testing\Concerns\InteractsWithTestCaseLifecycle.php:97
C:\Users\Gaser\Desktop\COPRRA\vendor\laravel\framework\src\Illuminate\Foundation\Testing\TestCase.php:44
C:\Users\Gaser\Desktop\COPRRA\tests\TestCase.php:25</error>
        </testcase>
        <testcase name="it_has_active_scope" file="C:\Users\Gaser\Desktop\COPRRA\tests\Feature\Models\PaymentMethodTest.php" line="73" class="Tests\Feature\Models\PaymentMethodTest" classname="Tests.Feature.Models.PaymentMethodTest" assertions="0" time="0.000000">
          <error type="Error">Tests\Feature\Models\PaymentMethodTest::it_has_active_scope&#13;
Error: Class "Mockery" not found
&#13;
C:\Users\Gaser\Desktop\COPRRA\vendor\laravel\framework\src\Illuminate\Testing\PendingCommand.php:550
C:\Users\Gaser\Desktop\COPRRA\vendor\laravel\framework\src\Illuminate\Testing\PendingCommand.php:448
C:\Users\Gaser\Desktop\COPRRA\vendor\laravel\framework\src\Illuminate\Testing\PendingCommand.php:675
C:\Users\Gaser\Desktop\COPRRA\vendor\laravel\framework\src\Illuminate\Foundation\Testing\Concerns\InteractsWithConsole.php:87
C:\Users\Gaser\Desktop\COPRRA\vendor\laravel\framework\src\Illuminate\Foundation\Testing\RefreshDatabase.php:101
C:\Users\Gaser\Desktop\COPRRA\vendor\laravel\framework\src\Illuminate\Foundation\Testing\RefreshDatabase.php:84
C:\Users\Gaser\Desktop\COPRRA\vendor\laravel\framework\src\Illuminate\Foundation\Testing\RefreshDatabase.php:25
C:\Users\Gaser\Desktop\COPRRA\vendor\laravel\framework\src\Illuminate\Foundation\Testing\Concerns\InteractsWithTestCaseLifecycle.php:209
C:\Users\Gaser\Desktop\COPRRA\vendor\laravel\framework\src\Illuminate\Foundation\Testing\Concerns\InteractsWithTestCaseLifecycle.php:97
C:\Users\Gaser\Desktop\COPRRA\vendor\laravel\framework\src\Illuminate\Foundation\Testing\TestCase.php:44
C:\Users\Gaser\Desktop\COPRRA\tests\TestCase.php:25</error>
        </testcase>
        <testcase name="it_has_default_scope" file="C:\Users\Gaser\Desktop\COPRRA\tests\Feature\Models\PaymentMethodTest.php" line="85" class="Tests\Feature\Models\PaymentMethodTest" classname="Tests.Feature.Models.PaymentMethodTest" assertions="0" time="0.000000">
          <error type="Error">Tests\Feature\Models\PaymentMethodTest::it_has_default_scope&#13;
Error: Class "Mockery" not found
&#13;
C:\Users\Gaser\Desktop\COPRRA\vendor\laravel\framework\src\Illuminate\Testing\PendingCommand.php:550
C:\Users\Gaser\Desktop\COPRRA\vendor\laravel\framework\src\Illuminate\Testing\PendingCommand.php:448
C:\Users\Gaser\Desktop\COPRRA\vendor\laravel\framework\src\Illuminate\Testing\PendingCommand.php:675
C:\Users\Gaser\Desktop\COPRRA\vendor\laravel\framework\src\Illuminate\Foundation\Testing\Concerns\InteractsWithConsole.php:87
C:\Users\Gaser\Desktop\COPRRA\vendor\laravel\framework\src\Illuminate\Foundation\Testing\RefreshDatabase.php:101
C:\Users\Gaser\Desktop\COPRRA\vendor\laravel\framework\src\Illuminate\Foundation\Testing\RefreshDatabase.php:84
C:\Users\Gaser\Desktop\COPRRA\vendor\laravel\framework\src\Illuminate\Foundation\Testing\RefreshDatabase.php:25
C:\Users\Gaser\Desktop\COPRRA\vendor\laravel\framework\src\Illuminate\Foundation\Testing\Concerns\InteractsWithTestCaseLifecycle.php:209
C:\Users\Gaser\Desktop\COPRRA\vendor\laravel\framework\src\Illuminate\Foundation\Testing\Concerns\InteractsWithTestCaseLifecycle.php:97
C:\Users\Gaser\Desktop\COPRRA\vendor\laravel\framework\src\Illuminate\Foundation\Testing\TestCase.php:44
C:\Users\Gaser\Desktop\COPRRA\tests\TestCase.php:25</error>
        </testcase>
        <testcase name="it_has_fillable_attributes" file="C:\Users\Gaser\Desktop\COPRRA\tests\Feature\Models\PaymentMethodTest.php" line="97" class="Tests\Feature\Models\PaymentMethodTest" classname="Tests.Feature.Models.PaymentMethodTest" assertions="0" time="0.000000">
          <error type="Error">Tests\Feature\Models\PaymentMethodTest::it_has_fillable_attributes&#13;
Error: Class "Mockery" not found
&#13;
C:\Users\Gaser\Desktop\COPRRA\vendor\laravel\framework\src\Illuminate\Testing\PendingCommand.php:550
C:\Users\Gaser\Desktop\COPRRA\vendor\laravel\framework\src\Illuminate\Testing\PendingCommand.php:448
C:\Users\Gaser\Desktop\COPRRA\vendor\laravel\framework\src\Illuminate\Testing\PendingCommand.php:675
C:\Users\Gaser\Desktop\COPRRA\vendor\laravel\framework\src\Illuminate\Foundation\Testing\Concerns\InteractsWithConsole.php:87
C:\Users\Gaser\Desktop\COPRRA\vendor\laravel\framework\src\Illuminate\Foundation\Testing\RefreshDatabase.php:101
C:\Users\Gaser\Desktop\COPRRA\vendor\laravel\framework\src\Illuminate\Foundation\Testing\RefreshDatabase.php:84
C:\Users\Gaser\Desktop\COPRRA\vendor\laravel\framework\src\Illuminate\Foundation\Testing\RefreshDatabase.php:25
C:\Users\Gaser\Desktop\COPRRA\vendor\laravel\framework\src\Illuminate\Foundation\Testing\Concerns\InteractsWithTestCaseLifecycle.php:209
C:\Users\Gaser\Desktop\COPRRA\vendor\laravel\framework\src\Illuminate\Foundation\Testing\Concerns\InteractsWithTestCaseLifecycle.php:97
C:\Users\Gaser\Desktop\COPRRA\vendor\laravel\framework\src\Illuminate\Foundation\Testing\TestCase.php:44
C:\Users\Gaser\Desktop\COPRRA\tests\TestCase.php:25</error>
        </testcase>
      </testsuite>
      <testsuite name="Tests\Feature\Models\PaymentTest" file="C:\Users\Gaser\Desktop\COPRRA\tests\Feature\Models\PaymentTest.php" tests="8" assertions="0" errors="8" failures="0" skipped="0" time="0.000000">
        <testcase name="test_it_can_create_a_payment" file="C:\Users\Gaser\Desktop\COPRRA\tests\Feature\Models\PaymentTest.php" line="19" class="Tests\Feature\Models\PaymentTest" classname="Tests.Feature.Models.PaymentTest" assertions="0" time="0.000000">
          <error type="Error">Tests\Feature\Models\PaymentTest::test_it_can_create_a_payment&#13;
Error: Class "Mockery" not found
&#13;
C:\Users\Gaser\Desktop\COPRRA\vendor\laravel\framework\src\Illuminate\Testing\PendingCommand.php:550
C:\Users\Gaser\Desktop\COPRRA\vendor\laravel\framework\src\Illuminate\Testing\PendingCommand.php:448
C:\Users\Gaser\Desktop\COPRRA\vendor\laravel\framework\src\Illuminate\Testing\PendingCommand.php:675
C:\Users\Gaser\Desktop\COPRRA\vendor\laravel\framework\src\Illuminate\Foundation\Testing\Concerns\InteractsWithConsole.php:87
C:\Users\Gaser\Desktop\COPRRA\vendor\laravel\framework\src\Illuminate\Foundation\Testing\RefreshDatabase.php:101
C:\Users\Gaser\Desktop\COPRRA\vendor\laravel\framework\src\Illuminate\Foundation\Testing\RefreshDatabase.php:84
C:\Users\Gaser\Desktop\COPRRA\vendor\laravel\framework\src\Illuminate\Foundation\Testing\RefreshDatabase.php:25
C:\Users\Gaser\Desktop\COPRRA\vendor\laravel\framework\src\Illuminate\Foundation\Testing\Concerns\InteractsWithTestCaseLifecycle.php:209
C:\Users\Gaser\Desktop\COPRRA\vendor\laravel\framework\src\Illuminate\Foundation\Testing\Concerns\InteractsWithTestCaseLifecycle.php:97
C:\Users\Gaser\Desktop\COPRRA\vendor\laravel\framework\src\Illuminate\Foundation\Testing\TestCase.php:44
C:\Users\Gaser\Desktop\COPRRA\tests\TestCase.php:25</error>
        </testcase>
        <testcase name="test_payment_relationships" file="C:\Users\Gaser\Desktop\COPRRA\tests\Feature\Models\PaymentTest.php" line="49" class="Tests\Feature\Models\PaymentTest" classname="Tests.Feature.Models.PaymentTest" assertions="0" time="0.000000">
          <error type="Error">Tests\Feature\Models\PaymentTest::test_payment_relationships&#13;
Error: Class "Mockery" not found
&#13;
C:\Users\Gaser\Desktop\COPRRA\vendor\laravel\framework\src\Illuminate\Testing\PendingCommand.php:550
C:\Users\Gaser\Desktop\COPRRA\vendor\laravel\framework\src\Illuminate\Testing\PendingCommand.php:448
C:\Users\Gaser\Desktop\COPRRA\vendor\laravel\framework\src\Illuminate\Testing\PendingCommand.php:675
C:\Users\Gaser\Desktop\COPRRA\vendor\laravel\framework\src\Illuminate\Foundation\Testing\Concerns\InteractsWithConsole.php:87
C:\Users\Gaser\Desktop\COPRRA\vendor\laravel\framework\src\Illuminate\Foundation\Testing\RefreshDatabase.php:101
C:\Users\Gaser\Desktop\COPRRA\vendor\laravel\framework\src\Illuminate\Foundation\Testing\RefreshDatabase.php:84
C:\Users\Gaser\Desktop\COPRRA\vendor\laravel\framework\src\Illuminate\Foundation\Testing\RefreshDatabase.php:25
C:\Users\Gaser\Desktop\COPRRA\vendor\laravel\framework\src\Illuminate\Foundation\Testing\Concerns\InteractsWithTestCaseLifecycle.php:209
C:\Users\Gaser\Desktop\COPRRA\vendor\laravel\framework\src\Illuminate\Foundation\Testing\Concerns\InteractsWithTestCaseLifecycle.php:97
C:\Users\Gaser\Desktop\COPRRA\vendor\laravel\framework\src\Illuminate\Foundation\Testing\TestCase.php:44
C:\Users\Gaser\Desktop\COPRRA\tests\TestCase.php:25</error>
        </testcase>
        <testcase name="test_payment_casts_attributes_correctly" file="C:\Users\Gaser\Desktop\COPRRA\tests\Feature\Models\PaymentTest.php" line="70" class="Tests\Feature\Models\PaymentTest" classname="Tests.Feature.Models.PaymentTest" assertions="0" time="0.000000">
          <error type="Error">Tests\Feature\Models\PaymentTest::test_payment_casts_attributes_correctly&#13;
Error: Class "Mockery" not found
&#13;
C:\Users\Gaser\Desktop\COPRRA\vendor\laravel\framework\src\Illuminate\Testing\PendingCommand.php:550
C:\Users\Gaser\Desktop\COPRRA\vendor\laravel\framework\src\Illuminate\Testing\PendingCommand.php:448
C:\Users\Gaser\Desktop\COPRRA\vendor\laravel\framework\src\Illuminate\Testing\PendingCommand.php:675
C:\Users\Gaser\Desktop\COPRRA\vendor\laravel\framework\src\Illuminate\Foundation\Testing\Concerns\InteractsWithConsole.php:87
C:\Users\Gaser\Desktop\COPRRA\vendor\laravel\framework\src\Illuminate\Foundation\Testing\RefreshDatabase.php:101
C:\Users\Gaser\Desktop\COPRRA\vendor\laravel\framework\src\Illuminate\Foundation\Testing\RefreshDatabase.php:84
C:\Users\Gaser\Desktop\COPRRA\vendor\laravel\framework\src\Illuminate\Foundation\Testing\RefreshDatabase.php:25
C:\Users\Gaser\Desktop\COPRRA\vendor\laravel\framework\src\Illuminate\Foundation\Testing\Concerns\InteractsWithTestCaseLifecycle.php:209
C:\Users\Gaser\Desktop\COPRRA\vendor\laravel\framework\src\Illuminate\Foundation\Testing\Concerns\InteractsWithTestCaseLifecycle.php:97
C:\Users\Gaser\Desktop\COPRRA\vendor\laravel\framework\src\Illuminate\Foundation\Testing\TestCase.php:44
C:\Users\Gaser\Desktop\COPRRA\tests\TestCase.php:25</error>
        </testcase>
        <testcase name="test_scope_by_status" file="C:\Users\Gaser\Desktop\COPRRA\tests\Feature\Models\PaymentTest.php" line="85" class="Tests\Feature\Models\PaymentTest" classname="Tests.Feature.Models.PaymentTest" assertions="0" time="0.000000">
          <error type="Error">Tests\Feature\Models\PaymentTest::test_scope_by_status&#13;
Error: Class "Mockery" not found
&#13;
C:\Users\Gaser\Desktop\COPRRA\vendor\laravel\framework\src\Illuminate\Testing\PendingCommand.php:550
C:\Users\Gaser\Desktop\COPRRA\vendor\laravel\framework\src\Illuminate\Testing\PendingCommand.php:448
C:\Users\Gaser\Desktop\COPRRA\vendor\laravel\framework\src\Illuminate\Testing\PendingCommand.php:675
C:\Users\Gaser\Desktop\COPRRA\vendor\laravel\framework\src\Illuminate\Foundation\Testing\Concerns\InteractsWithConsole.php:87
C:\Users\Gaser\Desktop\COPRRA\vendor\laravel\framework\src\Illuminate\Foundation\Testing\RefreshDatabase.php:101
C:\Users\Gaser\Desktop\COPRRA\vendor\laravel\framework\src\Illuminate\Foundation\Testing\RefreshDatabase.php:84
C:\Users\Gaser\Desktop\COPRRA\vendor\laravel\framework\src\Illuminate\Foundation\Testing\RefreshDatabase.php:25
C:\Users\Gaser\Desktop\COPRRA\vendor\laravel\framework\src\Illuminate\Foundation\Testing\Concerns\InteractsWithTestCaseLifecycle.php:209
C:\Users\Gaser\Desktop\COPRRA\vendor\laravel\framework\src\Illuminate\Foundation\Testing\Concerns\InteractsWithTestCaseLifecycle.php:97
C:\Users\Gaser\Desktop\COPRRA\vendor\laravel\framework\src\Illuminate\Foundation\Testing\TestCase.php:44
C:\Users\Gaser\Desktop\COPRRA\tests\TestCase.php:25</error>
        </testcase>
        <testcase name="test_payment_fillable_attributes" file="C:\Users\Gaser\Desktop\COPRRA\tests\Feature\Models\PaymentTest.php" line="106" class="Tests\Feature\Models\PaymentTest" classname="Tests.Feature.Models.PaymentTest" assertions="0" time="0.000000">
          <error type="Error">Tests\Feature\Models\PaymentTest::test_payment_fillable_attributes&#13;
Error: Class "Mockery" not found
&#13;
C:\Users\Gaser\Desktop\COPRRA\vendor\laravel\framework\src\Illuminate\Testing\PendingCommand.php:550
C:\Users\Gaser\Desktop\COPRRA\vendor\laravel\framework\src\Illuminate\Testing\PendingCommand.php:448
C:\Users\Gaser\Desktop\COPRRA\vendor\laravel\framework\src\Illuminate\Testing\PendingCommand.php:675
C:\Users\Gaser\Desktop\COPRRA\vendor\laravel\framework\src\Illuminate\Foundation\Testing\Concerns\InteractsWithConsole.php:87
C:\Users\Gaser\Desktop\COPRRA\vendor\laravel\framework\src\Illuminate\Foundation\Testing\RefreshDatabase.php:101
C:\Users\Gaser\Desktop\COPRRA\vendor\laravel\framework\src\Illuminate\Foundation\Testing\RefreshDatabase.php:84
C:\Users\Gaser\Desktop\COPRRA\vendor\laravel\framework\src\Illuminate\Foundation\Testing\RefreshDatabase.php:25
C:\Users\Gaser\Desktop\COPRRA\vendor\laravel\framework\src\Illuminate\Foundation\Testing\Concerns\InteractsWithTestCaseLifecycle.php:209
C:\Users\Gaser\Desktop\COPRRA\vendor\laravel\framework\src\Illuminate\Foundation\Testing\Concerns\InteractsWithTestCaseLifecycle.php:97
C:\Users\Gaser\Desktop\COPRRA\vendor\laravel\framework\src\Illuminate\Foundation\Testing\TestCase.php:44
C:\Users\Gaser\Desktop\COPRRA\tests\TestCase.php:25</error>
        </testcase>
        <testcase name="test_payment_status_transitions" file="C:\Users\Gaser\Desktop\COPRRA\tests\Feature\Models\PaymentTest.php" line="128" class="Tests\Feature\Models\PaymentTest" classname="Tests.Feature.Models.PaymentTest" assertions="0" time="0.000000">
          <error type="Error">Tests\Feature\Models\PaymentTest::test_payment_status_transitions&#13;
Error: Class "Mockery" not found
&#13;
C:\Users\Gaser\Desktop\COPRRA\vendor\laravel\framework\src\Illuminate\Testing\PendingCommand.php:550
C:\Users\Gaser\Desktop\COPRRA\vendor\laravel\framework\src\Illuminate\Testing\PendingCommand.php:448
C:\Users\Gaser\Desktop\COPRRA\vendor\laravel\framework\src\Illuminate\Testing\PendingCommand.php:675
C:\Users\Gaser\Desktop\COPRRA\vendor\laravel\framework\src\Illuminate\Foundation\Testing\Concerns\InteractsWithConsole.php:87
C:\Users\Gaser\Desktop\COPRRA\vendor\laravel\framework\src\Illuminate\Foundation\Testing\RefreshDatabase.php:101
C:\Users\Gaser\Desktop\COPRRA\vendor\laravel\framework\src\Illuminate\Foundation\Testing\RefreshDatabase.php:84
C:\Users\Gaser\Desktop\COPRRA\vendor\laravel\framework\src\Illuminate\Foundation\Testing\RefreshDatabase.php:25
C:\Users\Gaser\Desktop\COPRRA\vendor\laravel\framework\src\Illuminate\Foundation\Testing\Concerns\InteractsWithTestCaseLifecycle.php:209
C:\Users\Gaser\Desktop\COPRRA\vendor\laravel\framework\src\Illuminate\Foundation\Testing\Concerns\InteractsWithTestCaseLifecycle.php:97
C:\Users\Gaser\Desktop\COPRRA\vendor\laravel\framework\src\Illuminate\Foundation\Testing\TestCase.php:44
C:\Users\Gaser\Desktop\COPRRA\tests\TestCase.php:25</error>
        </testcase>
        <testcase name="test_payment_amount_and_currency" file="C:\Users\Gaser\Desktop\COPRRA\tests\Feature\Models\PaymentTest.php" line="143" class="Tests\Feature\Models\PaymentTest" classname="Tests.Feature.Models.PaymentTest" assertions="0" time="0.000000">
          <error type="Error">Tests\Feature\Models\PaymentTest::test_payment_amount_and_currency&#13;
Error: Class "Mockery" not found
&#13;
C:\Users\Gaser\Desktop\COPRRA\vendor\laravel\framework\src\Illuminate\Testing\PendingCommand.php:550
C:\Users\Gaser\Desktop\COPRRA\vendor\laravel\framework\src\Illuminate\Testing\PendingCommand.php:448
C:\Users\Gaser\Desktop\COPRRA\vendor\laravel\framework\src\Illuminate\Testing\PendingCommand.php:675
C:\Users\Gaser\Desktop\COPRRA\vendor\laravel\framework\src\Illuminate\Foundation\Testing\Concerns\InteractsWithConsole.php:87
C:\Users\Gaser\Desktop\COPRRA\vendor\laravel\framework\src\Illuminate\Foundation\Testing\RefreshDatabase.php:101
C:\Users\Gaser\Desktop\COPRRA\vendor\laravel\framework\src\Illuminate\Foundation\Testing\RefreshDatabase.php:84
C:\Users\Gaser\Desktop\COPRRA\vendor\laravel\framework\src\Illuminate\Foundation\Testing\RefreshDatabase.php:25
C:\Users\Gaser\Desktop\COPRRA\vendor\laravel\framework\src\Illuminate\Foundation\Testing\Concerns\InteractsWithTestCaseLifecycle.php:209
C:\Users\Gaser\Desktop\COPRRA\vendor\laravel\framework\src\Illuminate\Foundation\Testing\Concerns\InteractsWithTestCaseLifecycle.php:97
C:\Users\Gaser\Desktop\COPRRA\vendor\laravel\framework\src\Illuminate\Foundation\Testing\TestCase.php:44
C:\Users\Gaser\Desktop\COPRRA\tests\TestCase.php:25</error>
        </testcase>
        <testcase name="test_payment_gateway_response_storage" file="C:\Users\Gaser\Desktop\COPRRA\tests\Feature\Models\PaymentTest.php" line="157" class="Tests\Feature\Models\PaymentTest" classname="Tests.Feature.Models.PaymentTest" assertions="0" time="0.000000">
          <error type="Error">Tests\Feature\Models\PaymentTest::test_payment_gateway_response_storage&#13;
Error: Class "Mockery" not found
&#13;
C:\Users\Gaser\Desktop\COPRRA\vendor\laravel\framework\src\Illuminate\Testing\PendingCommand.php:550
C:\Users\Gaser\Desktop\COPRRA\vendor\laravel\framework\src\Illuminate\Testing\PendingCommand.php:448
C:\Users\Gaser\Desktop\COPRRA\vendor\laravel\framework\src\Illuminate\Testing\PendingCommand.php:675
C:\Users\Gaser\Desktop\COPRRA\vendor\laravel\framework\src\Illuminate\Foundation\Testing\Concerns\InteractsWithConsole.php:87
C:\Users\Gaser\Desktop\COPRRA\vendor\laravel\framework\src\Illuminate\Foundation\Testing\RefreshDatabase.php:101
C:\Users\Gaser\Desktop\COPRRA\vendor\laravel\framework\src\Illuminate\Foundation\Testing\RefreshDatabase.php:84
C:\Users\Gaser\Desktop\COPRRA\vendor\laravel\framework\src\Illuminate\Foundation\Testing\RefreshDatabase.php:25
C:\Users\Gaser\Desktop\COPRRA\vendor\laravel\framework\src\Illuminate\Foundation\Testing\Concerns\InteractsWithTestCaseLifecycle.php:209
C:\Users\Gaser\Desktop\COPRRA\vendor\laravel\framework\src\Illuminate\Foundation\Testing\Concerns\InteractsWithTestCaseLifecycle.php:97
C:\Users\Gaser\Desktop\COPRRA\vendor\laravel\framework\src\Illuminate\Foundation\Testing\TestCase.php:44
C:\Users\Gaser\Desktop\COPRRA\tests\TestCase.php:25</error>
        </testcase>
      </testsuite>
      <testsuite name="Tests\Feature\Models\PriceAlertTest" file="C:\Users\Gaser\Desktop\COPRRA\tests\Feature\Models\PriceAlertTest.php" tests="16" assertions="0" errors="16" failures="0" skipped="0" time="0.000000">
        <testcase name="test_it_can_create_a_price_alert" file="C:\Users\Gaser\Desktop\COPRRA\tests\Feature\Models\PriceAlertTest.php" line="21" class="Tests\Feature\Models\PriceAlertTest" classname="Tests.Feature.Models.PriceAlertTest" assertions="0" time="0.000000">
          <error type="Error">Tests\Feature\Models\PriceAlertTest::test_it_can_create_a_price_alert&#13;
Error: Class "Mockery" not found
&#13;
C:\Users\Gaser\Desktop\COPRRA\vendor\laravel\framework\src\Illuminate\Testing\PendingCommand.php:550
C:\Users\Gaser\Desktop\COPRRA\vendor\laravel\framework\src\Illuminate\Testing\PendingCommand.php:448
C:\Users\Gaser\Desktop\COPRRA\vendor\laravel\framework\src\Illuminate\Testing\PendingCommand.php:675
C:\Users\Gaser\Desktop\COPRRA\vendor\laravel\framework\src\Illuminate\Foundation\Testing\Concerns\InteractsWithConsole.php:87
C:\Users\Gaser\Desktop\COPRRA\vendor\laravel\framework\src\Illuminate\Foundation\Testing\RefreshDatabase.php:101
C:\Users\Gaser\Desktop\COPRRA\vendor\laravel\framework\src\Illuminate\Foundation\Testing\RefreshDatabase.php:84
C:\Users\Gaser\Desktop\COPRRA\vendor\laravel\framework\src\Illuminate\Foundation\Testing\RefreshDatabase.php:25
C:\Users\Gaser\Desktop\COPRRA\vendor\laravel\framework\src\Illuminate\Foundation\Testing\Concerns\InteractsWithTestCaseLifecycle.php:209
C:\Users\Gaser\Desktop\COPRRA\vendor\laravel\framework\src\Illuminate\Foundation\Testing\Concerns\InteractsWithTestCaseLifecycle.php:97
C:\Users\Gaser\Desktop\COPRRA\vendor\laravel\framework\src\Illuminate\Foundation\Testing\TestCase.php:44
C:\Users\Gaser\Desktop\COPRRA\tests\TestCase.php:25
C:\Users\Gaser\Desktop\COPRRA\tests\Feature\Models\PriceAlertTest.php:17</error>
        </testcase>
        <testcase name="test_it_casts_attributes_correctly" file="C:\Users\Gaser\Desktop\COPRRA\tests\Feature\Models\PriceAlertTest.php" line="51" class="Tests\Feature\Models\PriceAlertTest" classname="Tests.Feature.Models.PriceAlertTest" assertions="0" time="0.000000">
          <error type="Error">Tests\Feature\Models\PriceAlertTest::test_it_casts_attributes_correctly&#13;
Error: Class "Mockery" not found
&#13;
C:\Users\Gaser\Desktop\COPRRA\vendor\laravel\framework\src\Illuminate\Testing\PendingCommand.php:550
C:\Users\Gaser\Desktop\COPRRA\vendor\laravel\framework\src\Illuminate\Testing\PendingCommand.php:448
C:\Users\Gaser\Desktop\COPRRA\vendor\laravel\framework\src\Illuminate\Testing\PendingCommand.php:675
C:\Users\Gaser\Desktop\COPRRA\vendor\laravel\framework\src\Illuminate\Foundation\Testing\Concerns\InteractsWithConsole.php:87
C:\Users\Gaser\Desktop\COPRRA\vendor\laravel\framework\src\Illuminate\Foundation\Testing\RefreshDatabase.php:101
C:\Users\Gaser\Desktop\COPRRA\vendor\laravel\framework\src\Illuminate\Foundation\Testing\RefreshDatabase.php:84
C:\Users\Gaser\Desktop\COPRRA\vendor\laravel\framework\src\Illuminate\Foundation\Testing\RefreshDatabase.php:25
C:\Users\Gaser\Desktop\COPRRA\vendor\laravel\framework\src\Illuminate\Foundation\Testing\Concerns\InteractsWithTestCaseLifecycle.php:209
C:\Users\Gaser\Desktop\COPRRA\vendor\laravel\framework\src\Illuminate\Foundation\Testing\Concerns\InteractsWithTestCaseLifecycle.php:97
C:\Users\Gaser\Desktop\COPRRA\vendor\laravel\framework\src\Illuminate\Foundation\Testing\TestCase.php:44
C:\Users\Gaser\Desktop\COPRRA\tests\TestCase.php:25
C:\Users\Gaser\Desktop\COPRRA\tests\Feature\Models\PriceAlertTest.php:17</error>
        </testcase>
        <testcase name="test_it_belongs_to_user" file="C:\Users\Gaser\Desktop\COPRRA\tests\Feature\Models\PriceAlertTest.php" line="73" class="Tests\Feature\Models\PriceAlertTest" classname="Tests.Feature.Models.PriceAlertTest" assertions="0" time="0.000000">
          <error type="Error">Tests\Feature\Models\PriceAlertTest::test_it_belongs_to_user&#13;
Error: Class "Mockery" not found
&#13;
C:\Users\Gaser\Desktop\COPRRA\vendor\laravel\framework\src\Illuminate\Testing\PendingCommand.php:550
C:\Users\Gaser\Desktop\COPRRA\vendor\laravel\framework\src\Illuminate\Testing\PendingCommand.php:448
C:\Users\Gaser\Desktop\COPRRA\vendor\laravel\framework\src\Illuminate\Testing\PendingCommand.php:675
C:\Users\Gaser\Desktop\COPRRA\vendor\laravel\framework\src\Illuminate\Foundation\Testing\Concerns\InteractsWithConsole.php:87
C:\Users\Gaser\Desktop\COPRRA\vendor\laravel\framework\src\Illuminate\Foundation\Testing\RefreshDatabase.php:101
C:\Users\Gaser\Desktop\COPRRA\vendor\laravel\framework\src\Illuminate\Foundation\Testing\RefreshDatabase.php:84
C:\Users\Gaser\Desktop\COPRRA\vendor\laravel\framework\src\Illuminate\Foundation\Testing\RefreshDatabase.php:25
C:\Users\Gaser\Desktop\COPRRA\vendor\laravel\framework\src\Illuminate\Foundation\Testing\Concerns\InteractsWithTestCaseLifecycle.php:209
C:\Users\Gaser\Desktop\COPRRA\vendor\laravel\framework\src\Illuminate\Foundation\Testing\Concerns\InteractsWithTestCaseLifecycle.php:97
C:\Users\Gaser\Desktop\COPRRA\vendor\laravel\framework\src\Illuminate\Foundation\Testing\TestCase.php:44
C:\Users\Gaser\Desktop\COPRRA\tests\TestCase.php:25
C:\Users\Gaser\Desktop\COPRRA\tests\Feature\Models\PriceAlertTest.php:17</error>
        </testcase>
        <testcase name="test_it_belongs_to_product" file="C:\Users\Gaser\Desktop\COPRRA\tests\Feature\Models\PriceAlertTest.php" line="84" class="Tests\Feature\Models\PriceAlertTest" classname="Tests.Feature.Models.PriceAlertTest" assertions="0" time="0.000000">
          <error type="Error">Tests\Feature\Models\PriceAlertTest::test_it_belongs_to_product&#13;
Error: Class "Mockery" not found
&#13;
C:\Users\Gaser\Desktop\COPRRA\vendor\laravel\framework\src\Illuminate\Testing\PendingCommand.php:550
C:\Users\Gaser\Desktop\COPRRA\vendor\laravel\framework\src\Illuminate\Testing\PendingCommand.php:448
C:\Users\Gaser\Desktop\COPRRA\vendor\laravel\framework\src\Illuminate\Testing\PendingCommand.php:675
C:\Users\Gaser\Desktop\COPRRA\vendor\laravel\framework\src\Illuminate\Foundation\Testing\Concerns\InteractsWithConsole.php:87
C:\Users\Gaser\Desktop\COPRRA\vendor\laravel\framework\src\Illuminate\Foundation\Testing\RefreshDatabase.php:101
C:\Users\Gaser\Desktop\COPRRA\vendor\laravel\framework\src\Illuminate\Foundation\Testing\RefreshDatabase.php:84
C:\Users\Gaser\Desktop\COPRRA\vendor\laravel\framework\src\Illuminate\Foundation\Testing\RefreshDatabase.php:25
C:\Users\Gaser\Desktop\COPRRA\vendor\laravel\framework\src\Illuminate\Foundation\Testing\Concerns\InteractsWithTestCaseLifecycle.php:209
C:\Users\Gaser\Desktop\COPRRA\vendor\laravel\framework\src\Illuminate\Foundation\Testing\Concerns\InteractsWithTestCaseLifecycle.php:97
C:\Users\Gaser\Desktop\COPRRA\vendor\laravel\framework\src\Illuminate\Foundation\Testing\TestCase.php:44
C:\Users\Gaser\Desktop\COPRRA\tests\TestCase.php:25
C:\Users\Gaser\Desktop\COPRRA\tests\Feature\Models\PriceAlertTest.php:17</error>
        </testcase>
        <testcase name="test_scope_active" file="C:\Users\Gaser\Desktop\COPRRA\tests\Feature\Models\PriceAlertTest.php" line="95" class="Tests\Feature\Models\PriceAlertTest" classname="Tests.Feature.Models.PriceAlertTest" assertions="0" time="0.000000">
          <error type="Error">Tests\Feature\Models\PriceAlertTest::test_scope_active&#13;
Error: Class "Mockery" not found
&#13;
C:\Users\Gaser\Desktop\COPRRA\vendor\laravel\framework\src\Illuminate\Testing\PendingCommand.php:550
C:\Users\Gaser\Desktop\COPRRA\vendor\laravel\framework\src\Illuminate\Testing\PendingCommand.php:448
C:\Users\Gaser\Desktop\COPRRA\vendor\laravel\framework\src\Illuminate\Testing\PendingCommand.php:675
C:\Users\Gaser\Desktop\COPRRA\vendor\laravel\framework\src\Illuminate\Foundation\Testing\Concerns\InteractsWithConsole.php:87
C:\Users\Gaser\Desktop\COPRRA\vendor\laravel\framework\src\Illuminate\Foundation\Testing\RefreshDatabase.php:101
C:\Users\Gaser\Desktop\COPRRA\vendor\laravel\framework\src\Illuminate\Foundation\Testing\RefreshDatabase.php:84
C:\Users\Gaser\Desktop\COPRRA\vendor\laravel\framework\src\Illuminate\Foundation\Testing\RefreshDatabase.php:25
C:\Users\Gaser\Desktop\COPRRA\vendor\laravel\framework\src\Illuminate\Foundation\Testing\Concerns\InteractsWithTestCaseLifecycle.php:209
C:\Users\Gaser\Desktop\COPRRA\vendor\laravel\framework\src\Illuminate\Foundation\Testing\Concerns\InteractsWithTestCaseLifecycle.php:97
C:\Users\Gaser\Desktop\COPRRA\vendor\laravel\framework\src\Illuminate\Foundation\Testing\TestCase.php:44
C:\Users\Gaser\Desktop\COPRRA\tests\TestCase.php:25
C:\Users\Gaser\Desktop\COPRRA\tests\Feature\Models\PriceAlertTest.php:17</error>
        </testcase>
        <testcase name="test_scope_for_user" file="C:\Users\Gaser\Desktop\COPRRA\tests\Feature\Models\PriceAlertTest.php" line="109" class="Tests\Feature\Models\PriceAlertTest" classname="Tests.Feature.Models.PriceAlertTest" assertions="0" time="0.000000">
          <error type="Error">Tests\Feature\Models\PriceAlertTest::test_scope_for_user&#13;
Error: Class "Mockery" not found
&#13;
C:\Users\Gaser\Desktop\COPRRA\vendor\laravel\framework\src\Illuminate\Testing\PendingCommand.php:550
C:\Users\Gaser\Desktop\COPRRA\vendor\laravel\framework\src\Illuminate\Testing\PendingCommand.php:448
C:\Users\Gaser\Desktop\COPRRA\vendor\laravel\framework\src\Illuminate\Testing\PendingCommand.php:675
C:\Users\Gaser\Desktop\COPRRA\vendor\laravel\framework\src\Illuminate\Foundation\Testing\Concerns\InteractsWithConsole.php:87
C:\Users\Gaser\Desktop\COPRRA\vendor\laravel\framework\src\Illuminate\Foundation\Testing\RefreshDatabase.php:101
C:\Users\Gaser\Desktop\COPRRA\vendor\laravel\framework\src\Illuminate\Foundation\Testing\RefreshDatabase.php:84
C:\Users\Gaser\Desktop\COPRRA\vendor\laravel\framework\src\Illuminate\Foundation\Testing\RefreshDatabase.php:25
C:\Users\Gaser\Desktop\COPRRA\vendor\laravel\framework\src\Illuminate\Foundation\Testing\Concerns\InteractsWithTestCaseLifecycle.php:209
C:\Users\Gaser\Desktop\COPRRA\vendor\laravel\framework\src\Illuminate\Foundation\Testing\Concerns\InteractsWithTestCaseLifecycle.php:97
C:\Users\Gaser\Desktop\COPRRA\vendor\laravel\framework\src\Illuminate\Foundation\Testing\TestCase.php:44
C:\Users\Gaser\Desktop\COPRRA\tests\TestCase.php:25
C:\Users\Gaser\Desktop\COPRRA\tests\Feature\Models\PriceAlertTest.php:17</error>
        </testcase>
        <testcase name="test_scope_for_product" file="C:\Users\Gaser\Desktop\COPRRA\tests\Feature\Models\PriceAlertTest.php" line="124" class="Tests\Feature\Models\PriceAlertTest" classname="Tests.Feature.Models.PriceAlertTest" assertions="0" time="0.000000">
          <error type="Error">Tests\Feature\Models\PriceAlertTest::test_scope_for_product&#13;
Error: Class "Mockery" not found
&#13;
C:\Users\Gaser\Desktop\COPRRA\vendor\laravel\framework\src\Illuminate\Testing\PendingCommand.php:550
C:\Users\Gaser\Desktop\COPRRA\vendor\laravel\framework\src\Illuminate\Testing\PendingCommand.php:448
C:\Users\Gaser\Desktop\COPRRA\vendor\laravel\framework\src\Illuminate\Testing\PendingCommand.php:675
C:\Users\Gaser\Desktop\COPRRA\vendor\laravel\framework\src\Illuminate\Foundation\Testing\Concerns\InteractsWithConsole.php:87
C:\Users\Gaser\Desktop\COPRRA\vendor\laravel\framework\src\Illuminate\Foundation\Testing\RefreshDatabase.php:101
C:\Users\Gaser\Desktop\COPRRA\vendor\laravel\framework\src\Illuminate\Foundation\Testing\RefreshDatabase.php:84
C:\Users\Gaser\Desktop\COPRRA\vendor\laravel\framework\src\Illuminate\Foundation\Testing\RefreshDatabase.php:25
C:\Users\Gaser\Desktop\COPRRA\vendor\laravel\framework\src\Illuminate\Foundation\Testing\Concerns\InteractsWithTestCaseLifecycle.php:209
C:\Users\Gaser\Desktop\COPRRA\vendor\laravel\framework\src\Illuminate\Foundation\Testing\Concerns\InteractsWithTestCaseLifecycle.php:97
C:\Users\Gaser\Desktop\COPRRA\vendor\laravel\framework\src\Illuminate\Foundation\Testing\TestCase.php:44
C:\Users\Gaser\Desktop\COPRRA\tests\TestCase.php:25
C:\Users\Gaser\Desktop\COPRRA\tests\Feature\Models\PriceAlertTest.php:17</error>
        </testcase>
        <testcase name="test_is_price_target_reached" file="C:\Users\Gaser\Desktop\COPRRA\tests\Feature\Models\PriceAlertTest.php" line="139" class="Tests\Feature\Models\PriceAlertTest" classname="Tests.Feature.Models.PriceAlertTest" assertions="0" time="0.000000">
          <error type="Error">Tests\Feature\Models\PriceAlertTest::test_is_price_target_reached&#13;
Error: Class "Mockery" not found
&#13;
C:\Users\Gaser\Desktop\COPRRA\vendor\laravel\framework\src\Illuminate\Testing\PendingCommand.php:550
C:\Users\Gaser\Desktop\COPRRA\vendor\laravel\framework\src\Illuminate\Testing\PendingCommand.php:448
C:\Users\Gaser\Desktop\COPRRA\vendor\laravel\framework\src\Illuminate\Testing\PendingCommand.php:675
C:\Users\Gaser\Desktop\COPRRA\vendor\laravel\framework\src\Illuminate\Foundation\Testing\Concerns\InteractsWithConsole.php:87
C:\Users\Gaser\Desktop\COPRRA\vendor\laravel\framework\src\Illuminate\Foundation\Testing\RefreshDatabase.php:101
C:\Users\Gaser\Desktop\COPRRA\vendor\laravel\framework\src\Illuminate\Foundation\Testing\RefreshDatabase.php:84
C:\Users\Gaser\Desktop\COPRRA\vendor\laravel\framework\src\Illuminate\Foundation\Testing\RefreshDatabase.php:25
C:\Users\Gaser\Desktop\COPRRA\vendor\laravel\framework\src\Illuminate\Foundation\Testing\Concerns\InteractsWithTestCaseLifecycle.php:209
C:\Users\Gaser\Desktop\COPRRA\vendor\laravel\framework\src\Illuminate\Foundation\Testing\Concerns\InteractsWithTestCaseLifecycle.php:97
C:\Users\Gaser\Desktop\COPRRA\vendor\laravel\framework\src\Illuminate\Foundation\Testing\TestCase.php:44
C:\Users\Gaser\Desktop\COPRRA\tests\TestCase.php:25
C:\Users\Gaser\Desktop\COPRRA\tests\Feature\Models\PriceAlertTest.php:17</error>
        </testcase>
        <testcase name="test_activate" file="C:\Users\Gaser\Desktop\COPRRA\tests\Feature\Models\PriceAlertTest.php" line="151" class="Tests\Feature\Models\PriceAlertTest" classname="Tests.Feature.Models.PriceAlertTest" assertions="0" time="0.000000">
          <error type="Error">Tests\Feature\Models\PriceAlertTest::test_activate&#13;
Error: Class "Mockery" not found
&#13;
C:\Users\Gaser\Desktop\COPRRA\vendor\laravel\framework\src\Illuminate\Testing\PendingCommand.php:550
C:\Users\Gaser\Desktop\COPRRA\vendor\laravel\framework\src\Illuminate\Testing\PendingCommand.php:448
C:\Users\Gaser\Desktop\COPRRA\vendor\laravel\framework\src\Illuminate\Testing\PendingCommand.php:675
C:\Users\Gaser\Desktop\COPRRA\vendor\laravel\framework\src\Illuminate\Foundation\Testing\Concerns\InteractsWithConsole.php:87
C:\Users\Gaser\Desktop\COPRRA\vendor\laravel\framework\src\Illuminate\Foundation\Testing\RefreshDatabase.php:101
C:\Users\Gaser\Desktop\COPRRA\vendor\laravel\framework\src\Illuminate\Foundation\Testing\RefreshDatabase.php:84
C:\Users\Gaser\Desktop\COPRRA\vendor\laravel\framework\src\Illuminate\Foundation\Testing\RefreshDatabase.php:25
C:\Users\Gaser\Desktop\COPRRA\vendor\laravel\framework\src\Illuminate\Foundation\Testing\Concerns\InteractsWithTestCaseLifecycle.php:209
C:\Users\Gaser\Desktop\COPRRA\vendor\laravel\framework\src\Illuminate\Foundation\Testing\Concerns\InteractsWithTestCaseLifecycle.php:97
C:\Users\Gaser\Desktop\COPRRA\vendor\laravel\framework\src\Illuminate\Foundation\Testing\TestCase.php:44
C:\Users\Gaser\Desktop\COPRRA\tests\TestCase.php:25
C:\Users\Gaser\Desktop\COPRRA\tests\Feature\Models\PriceAlertTest.php:17</error>
        </testcase>
        <testcase name="test_deactivate" file="C:\Users\Gaser\Desktop\COPRRA\tests\Feature\Models\PriceAlertTest.php" line="163" class="Tests\Feature\Models\PriceAlertTest" classname="Tests.Feature.Models.PriceAlertTest" assertions="0" time="0.000000">
          <error type="Error">Tests\Feature\Models\PriceAlertTest::test_deactivate&#13;
Error: Class "Mockery" not found
&#13;
C:\Users\Gaser\Desktop\COPRRA\vendor\laravel\framework\src\Illuminate\Testing\PendingCommand.php:550
C:\Users\Gaser\Desktop\COPRRA\vendor\laravel\framework\src\Illuminate\Testing\PendingCommand.php:448
C:\Users\Gaser\Desktop\COPRRA\vendor\laravel\framework\src\Illuminate\Testing\PendingCommand.php:675
C:\Users\Gaser\Desktop\COPRRA\vendor\laravel\framework\src\Illuminate\Foundation\Testing\Concerns\InteractsWithConsole.php:87
C:\Users\Gaser\Desktop\COPRRA\vendor\laravel\framework\src\Illuminate\Foundation\Testing\RefreshDatabase.php:101
C:\Users\Gaser\Desktop\COPRRA\vendor\laravel\framework\src\Illuminate\Foundation\Testing\RefreshDatabase.php:84
C:\Users\Gaser\Desktop\COPRRA\vendor\laravel\framework\src\Illuminate\Foundation\Testing\RefreshDatabase.php:25
C:\Users\Gaser\Desktop\COPRRA\vendor\laravel\framework\src\Illuminate\Foundation\Testing\Concerns\InteractsWithTestCaseLifecycle.php:209
C:\Users\Gaser\Desktop\COPRRA\vendor\laravel\framework\src\Illuminate\Foundation\Testing\Concerns\InteractsWithTestCaseLifecycle.php:97
C:\Users\Gaser\Desktop\COPRRA\vendor\laravel\framework\src\Illuminate\Foundation\Testing\TestCase.php:44
C:\Users\Gaser\Desktop\COPRRA\tests\TestCase.php:25
C:\Users\Gaser\Desktop\COPRRA\tests\Feature\Models\PriceAlertTest.php:17</error>
        </testcase>
        <testcase name="test_validation_passes_with_valid_data" file="C:\Users\Gaser\Desktop\COPRRA\tests\Feature\Models\PriceAlertTest.php" line="175" class="Tests\Feature\Models\PriceAlertTest" classname="Tests.Feature.Models.PriceAlertTest" assertions="0" time="0.000000">
          <error type="Error">Tests\Feature\Models\PriceAlertTest::test_validation_passes_with_valid_data&#13;
Error: Class "Mockery" not found
&#13;
C:\Users\Gaser\Desktop\COPRRA\vendor\laravel\framework\src\Illuminate\Testing\PendingCommand.php:550
C:\Users\Gaser\Desktop\COPRRA\vendor\laravel\framework\src\Illuminate\Testing\PendingCommand.php:448
C:\Users\Gaser\Desktop\COPRRA\vendor\laravel\framework\src\Illuminate\Testing\PendingCommand.php:675
C:\Users\Gaser\Desktop\COPRRA\vendor\laravel\framework\src\Illuminate\Foundation\Testing\Concerns\InteractsWithConsole.php:87
C:\Users\Gaser\Desktop\COPRRA\vendor\laravel\framework\src\Illuminate\Foundation\Testing\RefreshDatabase.php:101
C:\Users\Gaser\Desktop\COPRRA\vendor\laravel\framework\src\Illuminate\Foundation\Testing\RefreshDatabase.php:84
C:\Users\Gaser\Desktop\COPRRA\vendor\laravel\framework\src\Illuminate\Foundation\Testing\RefreshDatabase.php:25
C:\Users\Gaser\Desktop\COPRRA\vendor\laravel\framework\src\Illuminate\Foundation\Testing\Concerns\InteractsWithTestCaseLifecycle.php:209
C:\Users\Gaser\Desktop\COPRRA\vendor\laravel\framework\src\Illuminate\Foundation\Testing\Concerns\InteractsWithTestCaseLifecycle.php:97
C:\Users\Gaser\Desktop\COPRRA\vendor\laravel\framework\src\Illuminate\Foundation\Testing\TestCase.php:44
C:\Users\Gaser\Desktop\COPRRA\tests\TestCase.php:25
C:\Users\Gaser\Desktop\COPRRA\tests\Feature\Models\PriceAlertTest.php:17</error>
        </testcase>
        <testcase name="test_validation_fails_with_missing_required_fields" file="C:\Users\Gaser\Desktop\COPRRA\tests\Feature\Models\PriceAlertTest.php" line="193" class="Tests\Feature\Models\PriceAlertTest" classname="Tests.Feature.Models.PriceAlertTest" assertions="0" time="0.000000">
          <error type="Error">Tests\Feature\Models\PriceAlertTest::test_validation_fails_with_missing_required_fields&#13;
Error: Class "Mockery" not found
&#13;
C:\Users\Gaser\Desktop\COPRRA\vendor\laravel\framework\src\Illuminate\Testing\PendingCommand.php:550
C:\Users\Gaser\Desktop\COPRRA\vendor\laravel\framework\src\Illuminate\Testing\PendingCommand.php:448
C:\Users\Gaser\Desktop\COPRRA\vendor\laravel\framework\src\Illuminate\Testing\PendingCommand.php:675
C:\Users\Gaser\Desktop\COPRRA\vendor\laravel\framework\src\Illuminate\Foundation\Testing\Concerns\InteractsWithConsole.php:87
C:\Users\Gaser\Desktop\COPRRA\vendor\laravel\framework\src\Illuminate\Foundation\Testing\RefreshDatabase.php:101
C:\Users\Gaser\Desktop\COPRRA\vendor\laravel\framework\src\Illuminate\Foundation\Testing\RefreshDatabase.php:84
C:\Users\Gaser\Desktop\COPRRA\vendor\laravel\framework\src\Illuminate\Foundation\Testing\RefreshDatabase.php:25
C:\Users\Gaser\Desktop\COPRRA\vendor\laravel\framework\src\Illuminate\Foundation\Testing\Concerns\InteractsWithTestCaseLifecycle.php:209
C:\Users\Gaser\Desktop\COPRRA\vendor\laravel\framework\src\Illuminate\Foundation\Testing\Concerns\InteractsWithTestCaseLifecycle.php:97
C:\Users\Gaser\Desktop\COPRRA\vendor\laravel\framework\src\Illuminate\Foundation\Testing\TestCase.php:44
C:\Users\Gaser\Desktop\COPRRA\tests\TestCase.php:25
C:\Users\Gaser\Desktop\COPRRA\tests\Feature\Models\PriceAlertTest.php:17</error>
        </testcase>
        <testcase name="test_validation_fails_with_invalid_target_price" file="C:\Users\Gaser\Desktop\COPRRA\tests\Feature\Models\PriceAlertTest.php" line="205" class="Tests\Feature\Models\PriceAlertTest" classname="Tests.Feature.Models.PriceAlertTest" assertions="0" time="0.000000">
          <error type="Error">Tests\Feature\Models\PriceAlertTest::test_validation_fails_with_invalid_target_price&#13;
Error: Class "Mockery" not found
&#13;
C:\Users\Gaser\Desktop\COPRRA\vendor\laravel\framework\src\Illuminate\Testing\PendingCommand.php:550
C:\Users\Gaser\Desktop\COPRRA\vendor\laravel\framework\src\Illuminate\Testing\PendingCommand.php:448
C:\Users\Gaser\Desktop\COPRRA\vendor\laravel\framework\src\Illuminate\Testing\PendingCommand.php:675
C:\Users\Gaser\Desktop\COPRRA\vendor\laravel\framework\src\Illuminate\Foundation\Testing\Concerns\InteractsWithConsole.php:87
C:\Users\Gaser\Desktop\COPRRA\vendor\laravel\framework\src\Illuminate\Foundation\Testing\RefreshDatabase.php:101
C:\Users\Gaser\Desktop\COPRRA\vendor\laravel\framework\src\Illuminate\Foundation\Testing\RefreshDatabase.php:84
C:\Users\Gaser\Desktop\COPRRA\vendor\laravel\framework\src\Illuminate\Foundation\Testing\RefreshDatabase.php:25
C:\Users\Gaser\Desktop\COPRRA\vendor\laravel\framework\src\Illuminate\Foundation\Testing\Concerns\InteractsWithTestCaseLifecycle.php:209
C:\Users\Gaser\Desktop\COPRRA\vendor\laravel\framework\src\Illuminate\Foundation\Testing\Concerns\InteractsWithTestCaseLifecycle.php:97
C:\Users\Gaser\Desktop\COPRRA\vendor\laravel\framework\src\Illuminate\Foundation\Testing\TestCase.php:44
C:\Users\Gaser\Desktop\COPRRA\tests\TestCase.php:25
C:\Users\Gaser\Desktop\COPRRA\tests\Feature\Models\PriceAlertTest.php:17</error>
        </testcase>
        <testcase name="test_soft_deletes" file="C:\Users\Gaser\Desktop\COPRRA\tests\Feature\Models\PriceAlertTest.php" line="222" class="Tests\Feature\Models\PriceAlertTest" classname="Tests.Feature.Models.PriceAlertTest" assertions="0" time="0.000000">
          <error type="Error">Tests\Feature\Models\PriceAlertTest::test_soft_deletes&#13;
Error: Class "Mockery" not found
&#13;
C:\Users\Gaser\Desktop\COPRRA\vendor\laravel\framework\src\Illuminate\Testing\PendingCommand.php:550
C:\Users\Gaser\Desktop\COPRRA\vendor\laravel\framework\src\Illuminate\Testing\PendingCommand.php:448
C:\Users\Gaser\Desktop\COPRRA\vendor\laravel\framework\src\Illuminate\Testing\PendingCommand.php:675
C:\Users\Gaser\Desktop\COPRRA\vendor\laravel\framework\src\Illuminate\Foundation\Testing\Concerns\InteractsWithConsole.php:87
C:\Users\Gaser\Desktop\COPRRA\vendor\laravel\framework\src\Illuminate\Foundation\Testing\RefreshDatabase.php:101
C:\Users\Gaser\Desktop\COPRRA\vendor\laravel\framework\src\Illuminate\Foundation\Testing\RefreshDatabase.php:84
C:\Users\Gaser\Desktop\COPRRA\vendor\laravel\framework\src\Illuminate\Foundation\Testing\RefreshDatabase.php:25
C:\Users\Gaser\Desktop\COPRRA\vendor\laravel\framework\src\Illuminate\Foundation\Testing\Concerns\InteractsWithTestCaseLifecycle.php:209
C:\Users\Gaser\Desktop\COPRRA\vendor\laravel\framework\src\Illuminate\Foundation\Testing\Concerns\InteractsWithTestCaseLifecycle.php:97
C:\Users\Gaser\Desktop\COPRRA\vendor\laravel\framework\src\Illuminate\Foundation\Testing\TestCase.php:44
C:\Users\Gaser\Desktop\COPRRA\tests\TestCase.php:25
C:\Users\Gaser\Desktop\COPRRA\tests\Feature\Models\PriceAlertTest.php:17</error>
        </testcase>
        <testcase name="test_fillable_attributes" file="C:\Users\Gaser\Desktop\COPRRA\tests\Feature\Models\PriceAlertTest.php" line="234" class="Tests\Feature\Models\PriceAlertTest" classname="Tests.Feature.Models.PriceAlertTest" assertions="0" time="0.000000">
          <error type="Error">Tests\Feature\Models\PriceAlertTest::test_fillable_attributes&#13;
Error: Class "Mockery" not found
&#13;
C:\Users\Gaser\Desktop\COPRRA\vendor\laravel\framework\src\Illuminate\Testing\PendingCommand.php:550
C:\Users\Gaser\Desktop\COPRRA\vendor\laravel\framework\src\Illuminate\Testing\PendingCommand.php:448
C:\Users\Gaser\Desktop\COPRRA\vendor\laravel\framework\src\Illuminate\Testing\PendingCommand.php:675
C:\Users\Gaser\Desktop\COPRRA\vendor\laravel\framework\src\Illuminate\Foundation\Testing\Concerns\InteractsWithConsole.php:87
C:\Users\Gaser\Desktop\COPRRA\vendor\laravel\framework\src\Illuminate\Foundation\Testing\RefreshDatabase.php:101
C:\Users\Gaser\Desktop\COPRRA\vendor\laravel\framework\src\Illuminate\Foundation\Testing\RefreshDatabase.php:84
C:\Users\Gaser\Desktop\COPRRA\vendor\laravel\framework\src\Illuminate\Foundation\Testing\RefreshDatabase.php:25
C:\Users\Gaser\Desktop\COPRRA\vendor\laravel\framework\src\Illuminate\Foundation\Testing\Concerns\InteractsWithTestCaseLifecycle.php:209
C:\Users\Gaser\Desktop\COPRRA\vendor\laravel\framework\src\Illuminate\Foundation\Testing\Concerns\InteractsWithTestCaseLifecycle.php:97
C:\Users\Gaser\Desktop\COPRRA\vendor\laravel\framework\src\Illuminate\Foundation\Testing\TestCase.php:44
C:\Users\Gaser\Desktop\COPRRA\tests\TestCase.php:25
C:\Users\Gaser\Desktop\COPRRA\tests\Feature\Models\PriceAlertTest.php:17</error>
        </testcase>
        <testcase name="test_factory_creates_valid_price_alert" file="C:\Users\Gaser\Desktop\COPRRA\tests\Feature\Models\PriceAlertTest.php" line="248" class="Tests\Feature\Models\PriceAlertTest" classname="Tests.Feature.Models.PriceAlertTest" assertions="0" time="0.000000">
          <error type="Error">Tests\Feature\Models\PriceAlertTest::test_factory_creates_valid_price_alert&#13;
Error: Class "Mockery" not found
&#13;
C:\Users\Gaser\Desktop\COPRRA\vendor\laravel\framework\src\Illuminate\Testing\PendingCommand.php:550
C:\Users\Gaser\Desktop\COPRRA\vendor\laravel\framework\src\Illuminate\Testing\PendingCommand.php:448
C:\Users\Gaser\Desktop\COPRRA\vendor\laravel\framework\src\Illuminate\Testing\PendingCommand.php:675
C:\Users\Gaser\Desktop\COPRRA\vendor\laravel\framework\src\Illuminate\Foundation\Testing\Concerns\InteractsWithConsole.php:87
C:\Users\Gaser\Desktop\COPRRA\vendor\laravel\framework\src\Illuminate\Foundation\Testing\RefreshDatabase.php:101
C:\Users\Gaser\Desktop\COPRRA\vendor\laravel\framework\src\Illuminate\Foundation\Testing\RefreshDatabase.php:84
C:\Users\Gaser\Desktop\COPRRA\vendor\laravel\framework\src\Illuminate\Foundation\Testing\RefreshDatabase.php:25
C:\Users\Gaser\Desktop\COPRRA\vendor\laravel\framework\src\Illuminate\Foundation\Testing\Concerns\InteractsWithTestCaseLifecycle.php:209
C:\Users\Gaser\Desktop\COPRRA\vendor\laravel\framework\src\Illuminate\Foundation\Testing\Concerns\InteractsWithTestCaseLifecycle.php:97
C:\Users\Gaser\Desktop\COPRRA\vendor\laravel\framework\src\Illuminate\Foundation\Testing\TestCase.php:44
C:\Users\Gaser\Desktop\COPRRA\tests\TestCase.php:25
C:\Users\Gaser\Desktop\COPRRA\tests\Feature\Models\PriceAlertTest.php:17</error>
        </testcase>
      </testsuite>
      <testsuite name="Tests\Feature\Models\PriceOfferTest" file="C:\Users\Gaser\Desktop\COPRRA\tests\Feature\Models\PriceOfferTest.php" tests="3" assertions="0" errors="3" failures="0" skipped="0" time="0.000000">
        <testcase name="test_it_can_create_a_price_offer" file="C:\Users\Gaser\Desktop\COPRRA\tests\Feature\Models\PriceOfferTest.php" line="14" class="Tests\Feature\Models\PriceOfferTest" classname="Tests.Feature.Models.PriceOfferTest" assertions="0" time="0.000000">
          <error type="Error">Tests\Feature\Models\PriceOfferTest::test_it_can_create_a_price_offer&#13;
Error: Class "Mockery" not found
&#13;
C:\Users\Gaser\Desktop\COPRRA\vendor\laravel\framework\src\Illuminate\Testing\PendingCommand.php:550
C:\Users\Gaser\Desktop\COPRRA\vendor\laravel\framework\src\Illuminate\Testing\PendingCommand.php:448
C:\Users\Gaser\Desktop\COPRRA\vendor\laravel\framework\src\Illuminate\Testing\PendingCommand.php:675
C:\Users\Gaser\Desktop\COPRRA\vendor\laravel\framework\src\Illuminate\Foundation\Testing\Concerns\InteractsWithConsole.php:87
C:\Users\Gaser\Desktop\COPRRA\vendor\laravel\framework\src\Illuminate\Foundation\Testing\RefreshDatabase.php:101
C:\Users\Gaser\Desktop\COPRRA\vendor\laravel\framework\src\Illuminate\Foundation\Testing\RefreshDatabase.php:84
C:\Users\Gaser\Desktop\COPRRA\vendor\laravel\framework\src\Illuminate\Foundation\Testing\RefreshDatabase.php:25
C:\Users\Gaser\Desktop\COPRRA\vendor\laravel\framework\src\Illuminate\Foundation\Testing\Concerns\InteractsWithTestCaseLifecycle.php:209
C:\Users\Gaser\Desktop\COPRRA\vendor\laravel\framework\src\Illuminate\Foundation\Testing\Concerns\InteractsWithTestCaseLifecycle.php:97
C:\Users\Gaser\Desktop\COPRRA\vendor\laravel\framework\src\Illuminate\Foundation\Testing\TestCase.php:44
C:\Users\Gaser\Desktop\COPRRA\tests\TestCase.php:25
C:\Users\Gaser\Desktop\COPRRA\tests\Feature\Models\PriceOfferTest.php:48</error>
        </testcase>
        <testcase name="test_it_has_expected_properties" file="C:\Users\Gaser\Desktop\COPRRA\tests\Feature\Models\PriceOfferTest.php" line="25" class="Tests\Feature\Models\PriceOfferTest" classname="Tests.Feature.Models.PriceOfferTest" assertions="0" time="0.000000">
          <error type="Error">Tests\Feature\Models\PriceOfferTest::test_it_has_expected_properties&#13;
Error: Class "Mockery" not found
&#13;
C:\Users\Gaser\Desktop\COPRRA\vendor\laravel\framework\src\Illuminate\Testing\PendingCommand.php:550
C:\Users\Gaser\Desktop\COPRRA\vendor\laravel\framework\src\Illuminate\Testing\PendingCommand.php:448
C:\Users\Gaser\Desktop\COPRRA\vendor\laravel\framework\src\Illuminate\Testing\PendingCommand.php:675
C:\Users\Gaser\Desktop\COPRRA\vendor\laravel\framework\src\Illuminate\Foundation\Testing\Concerns\InteractsWithConsole.php:87
C:\Users\Gaser\Desktop\COPRRA\vendor\laravel\framework\src\Illuminate\Foundation\Testing\RefreshDatabase.php:101
C:\Users\Gaser\Desktop\COPRRA\vendor\laravel\framework\src\Illuminate\Foundation\Testing\RefreshDatabase.php:84
C:\Users\Gaser\Desktop\COPRRA\vendor\laravel\framework\src\Illuminate\Foundation\Testing\RefreshDatabase.php:25
C:\Users\Gaser\Desktop\COPRRA\vendor\laravel\framework\src\Illuminate\Foundation\Testing\Concerns\InteractsWithTestCaseLifecycle.php:209
C:\Users\Gaser\Desktop\COPRRA\vendor\laravel\framework\src\Illuminate\Foundation\Testing\Concerns\InteractsWithTestCaseLifecycle.php:97
C:\Users\Gaser\Desktop\COPRRA\vendor\laravel\framework\src\Illuminate\Foundation\Testing\TestCase.php:44
C:\Users\Gaser\Desktop\COPRRA\tests\TestCase.php:25
C:\Users\Gaser\Desktop\COPRRA\tests\Feature\Models\PriceOfferTest.php:48</error>
        </testcase>
        <testcase name="test_it_can_be_instantiated" file="C:\Users\Gaser\Desktop\COPRRA\tests\Feature\Models\PriceOfferTest.php" line="36" class="Tests\Feature\Models\PriceOfferTest" classname="Tests.Feature.Models.PriceOfferTest" assertions="0" time="0.000000">
          <error type="Error">Tests\Feature\Models\PriceOfferTest::test_it_can_be_instantiated&#13;
Error: Class "Mockery" not found
&#13;
C:\Users\Gaser\Desktop\COPRRA\vendor\laravel\framework\src\Illuminate\Testing\PendingCommand.php:550
C:\Users\Gaser\Desktop\COPRRA\vendor\laravel\framework\src\Illuminate\Testing\PendingCommand.php:448
C:\Users\Gaser\Desktop\COPRRA\vendor\laravel\framework\src\Illuminate\Testing\PendingCommand.php:675
C:\Users\Gaser\Desktop\COPRRA\vendor\laravel\framework\src\Illuminate\Foundation\Testing\Concerns\InteractsWithConsole.php:87
C:\Users\Gaser\Desktop\COPRRA\vendor\laravel\framework\src\Illuminate\Foundation\Testing\RefreshDatabase.php:101
C:\Users\Gaser\Desktop\COPRRA\vendor\laravel\framework\src\Illuminate\Foundation\Testing\RefreshDatabase.php:84
C:\Users\Gaser\Desktop\COPRRA\vendor\laravel\framework\src\Illuminate\Foundation\Testing\RefreshDatabase.php:25
C:\Users\Gaser\Desktop\COPRRA\vendor\laravel\framework\src\Illuminate\Foundation\Testing\Concerns\InteractsWithTestCaseLifecycle.php:209
C:\Users\Gaser\Desktop\COPRRA\vendor\laravel\framework\src\Illuminate\Foundation\Testing\Concerns\InteractsWithTestCaseLifecycle.php:97
C:\Users\Gaser\Desktop\COPRRA\vendor\laravel\framework\src\Illuminate\Foundation\Testing\TestCase.php:44
C:\Users\Gaser\Desktop\COPRRA\tests\TestCase.php:25
C:\Users\Gaser\Desktop\COPRRA\tests\Feature\Models\PriceOfferTest.php:48</error>
        </testcase>
      </testsuite>
      <testsuite name="Tests\Feature\Models\ProductTest" file="C:\Users\Gaser\Desktop\COPRRA\tests\Feature\Models\ProductTest.php" tests="27" assertions="0" errors="27" failures="0" skipped="0" time="0.000000">
        <testcase name="test_it_can_create_a_product" file="C:\Users\Gaser\Desktop\COPRRA\tests\Feature\Models\ProductTest.php" line="26" class="Tests\Feature\Models\ProductTest" classname="Tests.Feature.Models.ProductTest" assertions="0" time="0.000000">
          <error type="Error">Tests\Feature\Models\ProductTest::test_it_can_create_a_product&#13;
Error: Class "Mockery" not found
&#13;
C:\Users\Gaser\Desktop\COPRRA\vendor\laravel\framework\src\Illuminate\Testing\PendingCommand.php:550
C:\Users\Gaser\Desktop\COPRRA\vendor\laravel\framework\src\Illuminate\Testing\PendingCommand.php:448
C:\Users\Gaser\Desktop\COPRRA\vendor\laravel\framework\src\Illuminate\Testing\PendingCommand.php:675
C:\Users\Gaser\Desktop\COPRRA\vendor\laravel\framework\src\Illuminate\Foundation\Testing\Concerns\InteractsWithConsole.php:87
C:\Users\Gaser\Desktop\COPRRA\vendor\laravel\framework\src\Illuminate\Foundation\Testing\RefreshDatabase.php:101
C:\Users\Gaser\Desktop\COPRRA\vendor\laravel\framework\src\Illuminate\Foundation\Testing\RefreshDatabase.php:84
C:\Users\Gaser\Desktop\COPRRA\vendor\laravel\framework\src\Illuminate\Foundation\Testing\RefreshDatabase.php:25
C:\Users\Gaser\Desktop\COPRRA\vendor\laravel\framework\src\Illuminate\Foundation\Testing\Concerns\InteractsWithTestCaseLifecycle.php:209
C:\Users\Gaser\Desktop\COPRRA\vendor\laravel\framework\src\Illuminate\Foundation\Testing\Concerns\InteractsWithTestCaseLifecycle.php:97
C:\Users\Gaser\Desktop\COPRRA\vendor\laravel\framework\src\Illuminate\Foundation\Testing\TestCase.php:44
C:\Users\Gaser\Desktop\COPRRA\tests\TestCase.php:25
C:\Users\Gaser\Desktop\COPRRA\tests\Feature\Models\ProductTest.php:22</error>
        </testcase>
        <testcase name="test_it_casts_attributes_correctly" file="C:\Users\Gaser\Desktop\COPRRA\tests\Feature\Models\ProductTest.php" line="60" class="Tests\Feature\Models\ProductTest" classname="Tests.Feature.Models.ProductTest" assertions="0" time="0.000000">
          <error type="Error">Tests\Feature\Models\ProductTest::test_it_casts_attributes_correctly&#13;
Error: Class "Mockery" not found
&#13;
C:\Users\Gaser\Desktop\COPRRA\vendor\laravel\framework\src\Illuminate\Testing\PendingCommand.php:550
C:\Users\Gaser\Desktop\COPRRA\vendor\laravel\framework\src\Illuminate\Testing\PendingCommand.php:448
C:\Users\Gaser\Desktop\COPRRA\vendor\laravel\framework\src\Illuminate\Testing\PendingCommand.php:675
C:\Users\Gaser\Desktop\COPRRA\vendor\laravel\framework\src\Illuminate\Foundation\Testing\Concerns\InteractsWithConsole.php:87
C:\Users\Gaser\Desktop\COPRRA\vendor\laravel\framework\src\Illuminate\Foundation\Testing\RefreshDatabase.php:101
C:\Users\Gaser\Desktop\COPRRA\vendor\laravel\framework\src\Illuminate\Foundation\Testing\RefreshDatabase.php:84
C:\Users\Gaser\Desktop\COPRRA\vendor\laravel\framework\src\Illuminate\Foundation\Testing\RefreshDatabase.php:25
C:\Users\Gaser\Desktop\COPRRA\vendor\laravel\framework\src\Illuminate\Foundation\Testing\Concerns\InteractsWithTestCaseLifecycle.php:209
C:\Users\Gaser\Desktop\COPRRA\vendor\laravel\framework\src\Illuminate\Foundation\Testing\Concerns\InteractsWithTestCaseLifecycle.php:97
C:\Users\Gaser\Desktop\COPRRA\vendor\laravel\framework\src\Illuminate\Foundation\Testing\TestCase.php:44
C:\Users\Gaser\Desktop\COPRRA\tests\TestCase.php:25
C:\Users\Gaser\Desktop\COPRRA\tests\Feature\Models\ProductTest.php:22</error>
        </testcase>
        <testcase name="test_it_belongs_to_brand" file="C:\Users\Gaser\Desktop\COPRRA\tests\Feature\Models\ProductTest.php" line="77" class="Tests\Feature\Models\ProductTest" classname="Tests.Feature.Models.ProductTest" assertions="0" time="0.000000">
          <error type="Error">Tests\Feature\Models\ProductTest::test_it_belongs_to_brand&#13;
Error: Class "Mockery" not found
&#13;
C:\Users\Gaser\Desktop\COPRRA\vendor\laravel\framework\src\Illuminate\Testing\PendingCommand.php:550
C:\Users\Gaser\Desktop\COPRRA\vendor\laravel\framework\src\Illuminate\Testing\PendingCommand.php:448
C:\Users\Gaser\Desktop\COPRRA\vendor\laravel\framework\src\Illuminate\Testing\PendingCommand.php:675
C:\Users\Gaser\Desktop\COPRRA\vendor\laravel\framework\src\Illuminate\Foundation\Testing\Concerns\InteractsWithConsole.php:87
C:\Users\Gaser\Desktop\COPRRA\vendor\laravel\framework\src\Illuminate\Foundation\Testing\RefreshDatabase.php:101
C:\Users\Gaser\Desktop\COPRRA\vendor\laravel\framework\src\Illuminate\Foundation\Testing\RefreshDatabase.php:84
C:\Users\Gaser\Desktop\COPRRA\vendor\laravel\framework\src\Illuminate\Foundation\Testing\RefreshDatabase.php:25
C:\Users\Gaser\Desktop\COPRRA\vendor\laravel\framework\src\Illuminate\Foundation\Testing\Concerns\InteractsWithTestCaseLifecycle.php:209
C:\Users\Gaser\Desktop\COPRRA\vendor\laravel\framework\src\Illuminate\Foundation\Testing\Concerns\InteractsWithTestCaseLifecycle.php:97
C:\Users\Gaser\Desktop\COPRRA\vendor\laravel\framework\src\Illuminate\Foundation\Testing\TestCase.php:44
C:\Users\Gaser\Desktop\COPRRA\tests\TestCase.php:25
C:\Users\Gaser\Desktop\COPRRA\tests\Feature\Models\ProductTest.php:22</error>
        </testcase>
        <testcase name="test_it_belongs_to_category" file="C:\Users\Gaser\Desktop\COPRRA\tests\Feature\Models\ProductTest.php" line="87" class="Tests\Feature\Models\ProductTest" classname="Tests.Feature.Models.ProductTest" assertions="0" time="0.000000">
          <error type="Error">Tests\Feature\Models\ProductTest::test_it_belongs_to_category&#13;
Error: Class "Mockery" not found
&#13;
C:\Users\Gaser\Desktop\COPRRA\vendor\laravel\framework\src\Illuminate\Testing\PendingCommand.php:550
C:\Users\Gaser\Desktop\COPRRA\vendor\laravel\framework\src\Illuminate\Testing\PendingCommand.php:448
C:\Users\Gaser\Desktop\COPRRA\vendor\laravel\framework\src\Illuminate\Testing\PendingCommand.php:675
C:\Users\Gaser\Desktop\COPRRA\vendor\laravel\framework\src\Illuminate\Foundation\Testing\Concerns\InteractsWithConsole.php:87
C:\Users\Gaser\Desktop\COPRRA\vendor\laravel\framework\src\Illuminate\Foundation\Testing\RefreshDatabase.php:101
C:\Users\Gaser\Desktop\COPRRA\vendor\laravel\framework\src\Illuminate\Foundation\Testing\RefreshDatabase.php:84
C:\Users\Gaser\Desktop\COPRRA\vendor\laravel\framework\src\Illuminate\Foundation\Testing\RefreshDatabase.php:25
C:\Users\Gaser\Desktop\COPRRA\vendor\laravel\framework\src\Illuminate\Foundation\Testing\Concerns\InteractsWithTestCaseLifecycle.php:209
C:\Users\Gaser\Desktop\COPRRA\vendor\laravel\framework\src\Illuminate\Foundation\Testing\Concerns\InteractsWithTestCaseLifecycle.php:97
C:\Users\Gaser\Desktop\COPRRA\vendor\laravel\framework\src\Illuminate\Foundation\Testing\TestCase.php:44
C:\Users\Gaser\Desktop\COPRRA\tests\TestCase.php:25
C:\Users\Gaser\Desktop\COPRRA\tests\Feature\Models\ProductTest.php:22</error>
        </testcase>
        <testcase name="test_it_belongs_to_store" file="C:\Users\Gaser\Desktop\COPRRA\tests\Feature\Models\ProductTest.php" line="97" class="Tests\Feature\Models\ProductTest" classname="Tests.Feature.Models.ProductTest" assertions="0" time="0.000000">
          <error type="Error">Tests\Feature\Models\ProductTest::test_it_belongs_to_store&#13;
Error: Class "Mockery" not found
&#13;
C:\Users\Gaser\Desktop\COPRRA\vendor\laravel\framework\src\Illuminate\Testing\PendingCommand.php:550
C:\Users\Gaser\Desktop\COPRRA\vendor\laravel\framework\src\Illuminate\Testing\PendingCommand.php:448
C:\Users\Gaser\Desktop\COPRRA\vendor\laravel\framework\src\Illuminate\Testing\PendingCommand.php:675
C:\Users\Gaser\Desktop\COPRRA\vendor\laravel\framework\src\Illuminate\Foundation\Testing\Concerns\InteractsWithConsole.php:87
C:\Users\Gaser\Desktop\COPRRA\vendor\laravel\framework\src\Illuminate\Foundation\Testing\RefreshDatabase.php:101
C:\Users\Gaser\Desktop\COPRRA\vendor\laravel\framework\src\Illuminate\Foundation\Testing\RefreshDatabase.php:84
C:\Users\Gaser\Desktop\COPRRA\vendor\laravel\framework\src\Illuminate\Foundation\Testing\RefreshDatabase.php:25
C:\Users\Gaser\Desktop\COPRRA\vendor\laravel\framework\src\Illuminate\Foundation\Testing\Concerns\InteractsWithTestCaseLifecycle.php:209
C:\Users\Gaser\Desktop\COPRRA\vendor\laravel\framework\src\Illuminate\Foundation\Testing\Concerns\InteractsWithTestCaseLifecycle.php:97
C:\Users\Gaser\Desktop\COPRRA\vendor\laravel\framework\src\Illuminate\Foundation\Testing\TestCase.php:44
C:\Users\Gaser\Desktop\COPRRA\tests\TestCase.php:25
C:\Users\Gaser\Desktop\COPRRA\tests\Feature\Models\ProductTest.php:22</error>
        </testcase>
        <testcase name="test_it_has_many_price_alerts" file="C:\Users\Gaser\Desktop\COPRRA\tests\Feature\Models\ProductTest.php" line="107" class="Tests\Feature\Models\ProductTest" classname="Tests.Feature.Models.ProductTest" assertions="0" time="0.000000">
          <error type="Error">Tests\Feature\Models\ProductTest::test_it_has_many_price_alerts&#13;
Error: Class "Mockery" not found
&#13;
C:\Users\Gaser\Desktop\COPRRA\vendor\laravel\framework\src\Illuminate\Testing\PendingCommand.php:550
C:\Users\Gaser\Desktop\COPRRA\vendor\laravel\framework\src\Illuminate\Testing\PendingCommand.php:448
C:\Users\Gaser\Desktop\COPRRA\vendor\laravel\framework\src\Illuminate\Testing\PendingCommand.php:675
C:\Users\Gaser\Desktop\COPRRA\vendor\laravel\framework\src\Illuminate\Foundation\Testing\Concerns\InteractsWithConsole.php:87
C:\Users\Gaser\Desktop\COPRRA\vendor\laravel\framework\src\Illuminate\Foundation\Testing\RefreshDatabase.php:101
C:\Users\Gaser\Desktop\COPRRA\vendor\laravel\framework\src\Illuminate\Foundation\Testing\RefreshDatabase.php:84
C:\Users\Gaser\Desktop\COPRRA\vendor\laravel\framework\src\Illuminate\Foundation\Testing\RefreshDatabase.php:25
C:\Users\Gaser\Desktop\COPRRA\vendor\laravel\framework\src\Illuminate\Foundation\Testing\Concerns\InteractsWithTestCaseLifecycle.php:209
C:\Users\Gaser\Desktop\COPRRA\vendor\laravel\framework\src\Illuminate\Foundation\Testing\Concerns\InteractsWithTestCaseLifecycle.php:97
C:\Users\Gaser\Desktop\COPRRA\vendor\laravel\framework\src\Illuminate\Foundation\Testing\TestCase.php:44
C:\Users\Gaser\Desktop\COPRRA\tests\TestCase.php:25
C:\Users\Gaser\Desktop\COPRRA\tests\Feature\Models\ProductTest.php:22</error>
        </testcase>
        <testcase name="test_it_has_many_reviews" file="C:\Users\Gaser\Desktop\COPRRA\tests\Feature\Models\ProductTest.php" line="121" class="Tests\Feature\Models\ProductTest" classname="Tests.Feature.Models.ProductTest" assertions="0" time="0.000000">
          <error type="Error">Tests\Feature\Models\ProductTest::test_it_has_many_reviews&#13;
Error: Class "Mockery" not found
&#13;
C:\Users\Gaser\Desktop\COPRRA\vendor\laravel\framework\src\Illuminate\Testing\PendingCommand.php:550
C:\Users\Gaser\Desktop\COPRRA\vendor\laravel\framework\src\Illuminate\Testing\PendingCommand.php:448
C:\Users\Gaser\Desktop\COPRRA\vendor\laravel\framework\src\Illuminate\Testing\PendingCommand.php:675
C:\Users\Gaser\Desktop\COPRRA\vendor\laravel\framework\src\Illuminate\Foundation\Testing\Concerns\InteractsWithConsole.php:87
C:\Users\Gaser\Desktop\COPRRA\vendor\laravel\framework\src\Illuminate\Foundation\Testing\RefreshDatabase.php:101
C:\Users\Gaser\Desktop\COPRRA\vendor\laravel\framework\src\Illuminate\Foundation\Testing\RefreshDatabase.php:84
C:\Users\Gaser\Desktop\COPRRA\vendor\laravel\framework\src\Illuminate\Foundation\Testing\RefreshDatabase.php:25
C:\Users\Gaser\Desktop\COPRRA\vendor\laravel\framework\src\Illuminate\Foundation\Testing\Concerns\InteractsWithTestCaseLifecycle.php:209
C:\Users\Gaser\Desktop\COPRRA\vendor\laravel\framework\src\Illuminate\Foundation\Testing\Concerns\InteractsWithTestCaseLifecycle.php:97
C:\Users\Gaser\Desktop\COPRRA\vendor\laravel\framework\src\Illuminate\Foundation\Testing\TestCase.php:44
C:\Users\Gaser\Desktop\COPRRA\tests\TestCase.php:25
C:\Users\Gaser\Desktop\COPRRA\tests\Feature\Models\ProductTest.php:22</error>
        </testcase>
        <testcase name="test_it_has_many_wishlists" file="C:\Users\Gaser\Desktop\COPRRA\tests\Feature\Models\ProductTest.php" line="135" class="Tests\Feature\Models\ProductTest" classname="Tests.Feature.Models.ProductTest" assertions="0" time="0.000000">
          <error type="Error">Tests\Feature\Models\ProductTest::test_it_has_many_wishlists&#13;
Error: Class "Mockery" not found
&#13;
C:\Users\Gaser\Desktop\COPRRA\vendor\laravel\framework\src\Illuminate\Testing\PendingCommand.php:550
C:\Users\Gaser\Desktop\COPRRA\vendor\laravel\framework\src\Illuminate\Testing\PendingCommand.php:448
C:\Users\Gaser\Desktop\COPRRA\vendor\laravel\framework\src\Illuminate\Testing\PendingCommand.php:675
C:\Users\Gaser\Desktop\COPRRA\vendor\laravel\framework\src\Illuminate\Foundation\Testing\Concerns\InteractsWithConsole.php:87
C:\Users\Gaser\Desktop\COPRRA\vendor\laravel\framework\src\Illuminate\Foundation\Testing\RefreshDatabase.php:101
C:\Users\Gaser\Desktop\COPRRA\vendor\laravel\framework\src\Illuminate\Foundation\Testing\RefreshDatabase.php:84
C:\Users\Gaser\Desktop\COPRRA\vendor\laravel\framework\src\Illuminate\Foundation\Testing\RefreshDatabase.php:25
C:\Users\Gaser\Desktop\COPRRA\vendor\laravel\framework\src\Illuminate\Foundation\Testing\Concerns\InteractsWithTestCaseLifecycle.php:209
C:\Users\Gaser\Desktop\COPRRA\vendor\laravel\framework\src\Illuminate\Foundation\Testing\Concerns\InteractsWithTestCaseLifecycle.php:97
C:\Users\Gaser\Desktop\COPRRA\vendor\laravel\framework\src\Illuminate\Foundation\Testing\TestCase.php:44
C:\Users\Gaser\Desktop\COPRRA\tests\TestCase.php:25
C:\Users\Gaser\Desktop\COPRRA\tests\Feature\Models\ProductTest.php:22</error>
        </testcase>
        <testcase name="test_it_has_many_price_offers" file="C:\Users\Gaser\Desktop\COPRRA\tests\Feature\Models\ProductTest.php" line="149" class="Tests\Feature\Models\ProductTest" classname="Tests.Feature.Models.ProductTest" assertions="0" time="0.000000">
          <error type="Error">Tests\Feature\Models\ProductTest::test_it_has_many_price_offers&#13;
Error: Class "Mockery" not found
&#13;
C:\Users\Gaser\Desktop\COPRRA\vendor\laravel\framework\src\Illuminate\Testing\PendingCommand.php:550
C:\Users\Gaser\Desktop\COPRRA\vendor\laravel\framework\src\Illuminate\Testing\PendingCommand.php:448
C:\Users\Gaser\Desktop\COPRRA\vendor\laravel\framework\src\Illuminate\Testing\PendingCommand.php:675
C:\Users\Gaser\Desktop\COPRRA\vendor\laravel\framework\src\Illuminate\Foundation\Testing\Concerns\InteractsWithConsole.php:87
C:\Users\Gaser\Desktop\COPRRA\vendor\laravel\framework\src\Illuminate\Foundation\Testing\RefreshDatabase.php:101
C:\Users\Gaser\Desktop\COPRRA\vendor\laravel\framework\src\Illuminate\Foundation\Testing\RefreshDatabase.php:84
C:\Users\Gaser\Desktop\COPRRA\vendor\laravel\framework\src\Illuminate\Foundation\Testing\RefreshDatabase.php:25
C:\Users\Gaser\Desktop\COPRRA\vendor\laravel\framework\src\Illuminate\Foundation\Testing\Concerns\InteractsWithTestCaseLifecycle.php:209
C:\Users\Gaser\Desktop\COPRRA\vendor\laravel\framework\src\Illuminate\Foundation\Testing\Concerns\InteractsWithTestCaseLifecycle.php:97
C:\Users\Gaser\Desktop\COPRRA\vendor\laravel\framework\src\Illuminate\Foundation\Testing\TestCase.php:44
C:\Users\Gaser\Desktop\COPRRA\tests\TestCase.php:25
C:\Users\Gaser\Desktop\COPRRA\tests\Feature\Models\ProductTest.php:22</error>
        </testcase>
        <testcase name="test_scope_active_filters_active_products" file="C:\Users\Gaser\Desktop\COPRRA\tests\Feature\Models\ProductTest.php" line="163" class="Tests\Feature\Models\ProductTest" classname="Tests.Feature.Models.ProductTest" assertions="0" time="0.000000">
          <error type="Error">Tests\Feature\Models\ProductTest::test_scope_active_filters_active_products&#13;
Error: Class "Mockery" not found
&#13;
C:\Users\Gaser\Desktop\COPRRA\vendor\laravel\framework\src\Illuminate\Testing\PendingCommand.php:550
C:\Users\Gaser\Desktop\COPRRA\vendor\laravel\framework\src\Illuminate\Testing\PendingCommand.php:448
C:\Users\Gaser\Desktop\COPRRA\vendor\laravel\framework\src\Illuminate\Testing\PendingCommand.php:675
C:\Users\Gaser\Desktop\COPRRA\vendor\laravel\framework\src\Illuminate\Foundation\Testing\Concerns\InteractsWithConsole.php:87
C:\Users\Gaser\Desktop\COPRRA\vendor\laravel\framework\src\Illuminate\Foundation\Testing\RefreshDatabase.php:101
C:\Users\Gaser\Desktop\COPRRA\vendor\laravel\framework\src\Illuminate\Foundation\Testing\RefreshDatabase.php:84
C:\Users\Gaser\Desktop\COPRRA\vendor\laravel\framework\src\Illuminate\Foundation\Testing\RefreshDatabase.php:25
C:\Users\Gaser\Desktop\COPRRA\vendor\laravel\framework\src\Illuminate\Foundation\Testing\Concerns\InteractsWithTestCaseLifecycle.php:209
C:\Users\Gaser\Desktop\COPRRA\vendor\laravel\framework\src\Illuminate\Foundation\Testing\Concerns\InteractsWithTestCaseLifecycle.php:97
C:\Users\Gaser\Desktop\COPRRA\vendor\laravel\framework\src\Illuminate\Foundation\Testing\TestCase.php:44
C:\Users\Gaser\Desktop\COPRRA\tests\TestCase.php:25
C:\Users\Gaser\Desktop\COPRRA\tests\Feature\Models\ProductTest.php:22</error>
        </testcase>
        <testcase name="test_scope_search_filters_by_name" file="C:\Users\Gaser\Desktop\COPRRA\tests\Feature\Models\ProductTest.php" line="176" class="Tests\Feature\Models\ProductTest" classname="Tests.Feature.Models.ProductTest" assertions="0" time="0.000000">
          <error type="Error">Tests\Feature\Models\ProductTest::test_scope_search_filters_by_name&#13;
Error: Class "Mockery" not found
&#13;
C:\Users\Gaser\Desktop\COPRRA\vendor\laravel\framework\src\Illuminate\Testing\PendingCommand.php:550
C:\Users\Gaser\Desktop\COPRRA\vendor\laravel\framework\src\Illuminate\Testing\PendingCommand.php:448
C:\Users\Gaser\Desktop\COPRRA\vendor\laravel\framework\src\Illuminate\Testing\PendingCommand.php:675
C:\Users\Gaser\Desktop\COPRRA\vendor\laravel\framework\src\Illuminate\Foundation\Testing\Concerns\InteractsWithConsole.php:87
C:\Users\Gaser\Desktop\COPRRA\vendor\laravel\framework\src\Illuminate\Foundation\Testing\RefreshDatabase.php:101
C:\Users\Gaser\Desktop\COPRRA\vendor\laravel\framework\src\Illuminate\Foundation\Testing\RefreshDatabase.php:84
C:\Users\Gaser\Desktop\COPRRA\vendor\laravel\framework\src\Illuminate\Foundation\Testing\RefreshDatabase.php:25
C:\Users\Gaser\Desktop\COPRRA\vendor\laravel\framework\src\Illuminate\Foundation\Testing\Concerns\InteractsWithTestCaseLifecycle.php:209
C:\Users\Gaser\Desktop\COPRRA\vendor\laravel\framework\src\Illuminate\Foundation\Testing\Concerns\InteractsWithTestCaseLifecycle.php:97
C:\Users\Gaser\Desktop\COPRRA\vendor\laravel\framework\src\Illuminate\Foundation\Testing\TestCase.php:44
C:\Users\Gaser\Desktop\COPRRA\tests\TestCase.php:25
C:\Users\Gaser\Desktop\COPRRA\tests\Feature\Models\ProductTest.php:22</error>
        </testcase>
        <testcase name="test_scope_with_reviews_count_adds_reviews_count" file="C:\Users\Gaser\Desktop\COPRRA\tests\Feature\Models\ProductTest.php" line="192" class="Tests\Feature\Models\ProductTest" classname="Tests.Feature.Models.ProductTest" assertions="0" time="0.000000">
          <error type="Error">Tests\Feature\Models\ProductTest::test_scope_with_reviews_count_adds_reviews_count&#13;
Error: Class "Mockery" not found
&#13;
C:\Users\Gaser\Desktop\COPRRA\vendor\laravel\framework\src\Illuminate\Testing\PendingCommand.php:550
C:\Users\Gaser\Desktop\COPRRA\vendor\laravel\framework\src\Illuminate\Testing\PendingCommand.php:448
C:\Users\Gaser\Desktop\COPRRA\vendor\laravel\framework\src\Illuminate\Testing\PendingCommand.php:675
C:\Users\Gaser\Desktop\COPRRA\vendor\laravel\framework\src\Illuminate\Foundation\Testing\Concerns\InteractsWithConsole.php:87
C:\Users\Gaser\Desktop\COPRRA\vendor\laravel\framework\src\Illuminate\Foundation\Testing\RefreshDatabase.php:101
C:\Users\Gaser\Desktop\COPRRA\vendor\laravel\framework\src\Illuminate\Foundation\Testing\RefreshDatabase.php:84
C:\Users\Gaser\Desktop\COPRRA\vendor\laravel\framework\src\Illuminate\Foundation\Testing\RefreshDatabase.php:25
C:\Users\Gaser\Desktop\COPRRA\vendor\laravel\framework\src\Illuminate\Foundation\Testing\Concerns\InteractsWithTestCaseLifecycle.php:209
C:\Users\Gaser\Desktop\COPRRA\vendor\laravel\framework\src\Illuminate\Foundation\Testing\Concerns\InteractsWithTestCaseLifecycle.php:97
C:\Users\Gaser\Desktop\COPRRA\vendor\laravel\framework\src\Illuminate\Foundation\Testing\TestCase.php:44
C:\Users\Gaser\Desktop\COPRRA\tests\TestCase.php:25
C:\Users\Gaser\Desktop\COPRRA\tests\Feature\Models\ProductTest.php:22</error>
        </testcase>
        <testcase name="test_get_average_rating" file="C:\Users\Gaser\Desktop\COPRRA\tests\Feature\Models\ProductTest.php" line="208" class="Tests\Feature\Models\ProductTest" classname="Tests.Feature.Models.ProductTest" assertions="0" time="0.000000">
          <error type="Error">Tests\Feature\Models\ProductTest::test_get_average_rating&#13;
Error: Class "Mockery" not found
&#13;
C:\Users\Gaser\Desktop\COPRRA\vendor\laravel\framework\src\Illuminate\Testing\PendingCommand.php:550
C:\Users\Gaser\Desktop\COPRRA\vendor\laravel\framework\src\Illuminate\Testing\PendingCommand.php:448
C:\Users\Gaser\Desktop\COPRRA\vendor\laravel\framework\src\Illuminate\Testing\PendingCommand.php:675
C:\Users\Gaser\Desktop\COPRRA\vendor\laravel\framework\src\Illuminate\Foundation\Testing\Concerns\InteractsWithConsole.php:87
C:\Users\Gaser\Desktop\COPRRA\vendor\laravel\framework\src\Illuminate\Foundation\Testing\RefreshDatabase.php:101
C:\Users\Gaser\Desktop\COPRRA\vendor\laravel\framework\src\Illuminate\Foundation\Testing\RefreshDatabase.php:84
C:\Users\Gaser\Desktop\COPRRA\vendor\laravel\framework\src\Illuminate\Foundation\Testing\RefreshDatabase.php:25
C:\Users\Gaser\Desktop\COPRRA\vendor\laravel\framework\src\Illuminate\Foundation\Testing\Concerns\InteractsWithTestCaseLifecycle.php:209
C:\Users\Gaser\Desktop\COPRRA\vendor\laravel\framework\src\Illuminate\Foundation\Testing\Concerns\InteractsWithTestCaseLifecycle.php:97
C:\Users\Gaser\Desktop\COPRRA\vendor\laravel\framework\src\Illuminate\Foundation\Testing\TestCase.php:44
C:\Users\Gaser\Desktop\COPRRA\tests\TestCase.php:25
C:\Users\Gaser\Desktop\COPRRA\tests\Feature\Models\ProductTest.php:22</error>
        </testcase>
        <testcase name="test_get_average_rating_returns_zero_when_no_reviews" file="C:\Users\Gaser\Desktop\COPRRA\tests\Feature\Models\ProductTest.php" line="224" class="Tests\Feature\Models\ProductTest" classname="Tests.Feature.Models.ProductTest" assertions="0" time="0.000000">
          <error type="Error">Tests\Feature\Models\ProductTest::test_get_average_rating_returns_zero_when_no_reviews&#13;
Error: Class "Mockery" not found
&#13;
C:\Users\Gaser\Desktop\COPRRA\vendor\laravel\framework\src\Illuminate\Testing\PendingCommand.php:550
C:\Users\Gaser\Desktop\COPRRA\vendor\laravel\framework\src\Illuminate\Testing\PendingCommand.php:448
C:\Users\Gaser\Desktop\COPRRA\vendor\laravel\framework\src\Illuminate\Testing\PendingCommand.php:675
C:\Users\Gaser\Desktop\COPRRA\vendor\laravel\framework\src\Illuminate\Foundation\Testing\Concerns\InteractsWithConsole.php:87
C:\Users\Gaser\Desktop\COPRRA\vendor\laravel\framework\src\Illuminate\Foundation\Testing\RefreshDatabase.php:101
C:\Users\Gaser\Desktop\COPRRA\vendor\laravel\framework\src\Illuminate\Foundation\Testing\RefreshDatabase.php:84
C:\Users\Gaser\Desktop\COPRRA\vendor\laravel\framework\src\Illuminate\Foundation\Testing\RefreshDatabase.php:25
C:\Users\Gaser\Desktop\COPRRA\vendor\laravel\framework\src\Illuminate\Foundation\Testing\Concerns\InteractsWithTestCaseLifecycle.php:209
C:\Users\Gaser\Desktop\COPRRA\vendor\laravel\framework\src\Illuminate\Foundation\Testing\Concerns\InteractsWithTestCaseLifecycle.php:97
C:\Users\Gaser\Desktop\COPRRA\vendor\laravel\framework\src\Illuminate\Foundation\Testing\TestCase.php:44
C:\Users\Gaser\Desktop\COPRRA\tests\TestCase.php:25
C:\Users\Gaser\Desktop\COPRRA\tests\Feature\Models\ProductTest.php:22</error>
        </testcase>
        <testcase name="test_get_total_reviews" file="C:\Users\Gaser\Desktop\COPRRA\tests\Feature\Models\ProductTest.php" line="234" class="Tests\Feature\Models\ProductTest" classname="Tests.Feature.Models.ProductTest" assertions="0" time="0.000000">
          <error type="Error">Tests\Feature\Models\ProductTest::test_get_total_reviews&#13;
Error: Class "Mockery" not found
&#13;
C:\Users\Gaser\Desktop\COPRRA\vendor\laravel\framework\src\Illuminate\Testing\PendingCommand.php:550
C:\Users\Gaser\Desktop\COPRRA\vendor\laravel\framework\src\Illuminate\Testing\PendingCommand.php:448
C:\Users\Gaser\Desktop\COPRRA\vendor\laravel\framework\src\Illuminate\Testing\PendingCommand.php:675
C:\Users\Gaser\Desktop\COPRRA\vendor\laravel\framework\src\Illuminate\Foundation\Testing\Concerns\InteractsWithConsole.php:87
C:\Users\Gaser\Desktop\COPRRA\vendor\laravel\framework\src\Illuminate\Foundation\Testing\RefreshDatabase.php:101
C:\Users\Gaser\Desktop\COPRRA\vendor\laravel\framework\src\Illuminate\Foundation\Testing\RefreshDatabase.php:84
C:\Users\Gaser\Desktop\COPRRA\vendor\laravel\framework\src\Illuminate\Foundation\Testing\RefreshDatabase.php:25
C:\Users\Gaser\Desktop\COPRRA\vendor\laravel\framework\src\Illuminate\Foundation\Testing\Concerns\InteractsWithTestCaseLifecycle.php:209
C:\Users\Gaser\Desktop\COPRRA\vendor\laravel\framework\src\Illuminate\Foundation\Testing\Concerns\InteractsWithTestCaseLifecycle.php:97
C:\Users\Gaser\Desktop\COPRRA\vendor\laravel\framework\src\Illuminate\Foundation\Testing\TestCase.php:44
C:\Users\Gaser\Desktop\COPRRA\tests\TestCase.php:25
C:\Users\Gaser\Desktop\COPRRA\tests\Feature\Models\ProductTest.php:22</error>
        </testcase>
        <testcase name="test_is_in_wishlist" file="C:\Users\Gaser\Desktop\COPRRA\tests\Feature\Models\ProductTest.php" line="254" class="Tests\Feature\Models\ProductTest" classname="Tests.Feature.Models.ProductTest" assertions="0" time="0.000000">
          <error type="Error">Tests\Feature\Models\ProductTest::test_is_in_wishlist&#13;
Error: Class "Mockery" not found
&#13;
C:\Users\Gaser\Desktop\COPRRA\vendor\laravel\framework\src\Illuminate\Testing\PendingCommand.php:550
C:\Users\Gaser\Desktop\COPRRA\vendor\laravel\framework\src\Illuminate\Testing\PendingCommand.php:448
C:\Users\Gaser\Desktop\COPRRA\vendor\laravel\framework\src\Illuminate\Testing\PendingCommand.php:675
C:\Users\Gaser\Desktop\COPRRA\vendor\laravel\framework\src\Illuminate\Foundation\Testing\Concerns\InteractsWithConsole.php:87
C:\Users\Gaser\Desktop\COPRRA\vendor\laravel\framework\src\Illuminate\Foundation\Testing\RefreshDatabase.php:101
C:\Users\Gaser\Desktop\COPRRA\vendor\laravel\framework\src\Illuminate\Foundation\Testing\RefreshDatabase.php:84
C:\Users\Gaser\Desktop\COPRRA\vendor\laravel\framework\src\Illuminate\Foundation\Testing\RefreshDatabase.php:25
C:\Users\Gaser\Desktop\COPRRA\vendor\laravel\framework\src\Illuminate\Foundation\Testing\Concerns\InteractsWithTestCaseLifecycle.php:209
C:\Users\Gaser\Desktop\COPRRA\vendor\laravel\framework\src\Illuminate\Foundation\Testing\Concerns\InteractsWithTestCaseLifecycle.php:97
C:\Users\Gaser\Desktop\COPRRA\vendor\laravel\framework\src\Illuminate\Foundation\Testing\TestCase.php:44
C:\Users\Gaser\Desktop\COPRRA\tests\TestCase.php:25
C:\Users\Gaser\Desktop\COPRRA\tests\Feature\Models\ProductTest.php:22</error>
        </testcase>
        <testcase name="test_get_current_price_with_active_offer" file="C:\Users\Gaser\Desktop\COPRRA\tests\Feature\Models\ProductTest.php" line="265" class="Tests\Feature\Models\ProductTest" classname="Tests.Feature.Models.ProductTest" assertions="0" time="0.000000">
          <error type="Error">Tests\Feature\Models\ProductTest::test_get_current_price_with_active_offer&#13;
Error: Class "Mockery" not found
&#13;
C:\Users\Gaser\Desktop\COPRRA\vendor\laravel\framework\src\Illuminate\Testing\PendingCommand.php:550
C:\Users\Gaser\Desktop\COPRRA\vendor\laravel\framework\src\Illuminate\Testing\PendingCommand.php:448
C:\Users\Gaser\Desktop\COPRRA\vendor\laravel\framework\src\Illuminate\Testing\PendingCommand.php:675
C:\Users\Gaser\Desktop\COPRRA\vendor\laravel\framework\src\Illuminate\Foundation\Testing\Concerns\InteractsWithConsole.php:87
C:\Users\Gaser\Desktop\COPRRA\vendor\laravel\framework\src\Illuminate\Foundation\Testing\RefreshDatabase.php:101
C:\Users\Gaser\Desktop\COPRRA\vendor\laravel\framework\src\Illuminate\Foundation\Testing\RefreshDatabase.php:84
C:\Users\Gaser\Desktop\COPRRA\vendor\laravel\framework\src\Illuminate\Foundation\Testing\RefreshDatabase.php:25
C:\Users\Gaser\Desktop\COPRRA\vendor\laravel\framework\src\Illuminate\Foundation\Testing\Concerns\InteractsWithTestCaseLifecycle.php:209
C:\Users\Gaser\Desktop\COPRRA\vendor\laravel\framework\src\Illuminate\Foundation\Testing\Concerns\InteractsWithTestCaseLifecycle.php:97
C:\Users\Gaser\Desktop\COPRRA\vendor\laravel\framework\src\Illuminate\Foundation\Testing\TestCase.php:44
C:\Users\Gaser\Desktop\COPRRA\tests\TestCase.php:25
C:\Users\Gaser\Desktop\COPRRA\tests\Feature\Models\ProductTest.php:22</error>
        </testcase>
        <testcase name="test_get_current_price_without_active_offer" file="C:\Users\Gaser\Desktop\COPRRA\tests\Feature\Models\ProductTest.php" line="281" class="Tests\Feature\Models\ProductTest" classname="Tests.Feature.Models.ProductTest" assertions="0" time="0.000000">
          <error type="Error">Tests\Feature\Models\ProductTest::test_get_current_price_without_active_offer&#13;
Error: Class "Mockery" not found
&#13;
C:\Users\Gaser\Desktop\COPRRA\vendor\laravel\framework\src\Illuminate\Testing\PendingCommand.php:550
C:\Users\Gaser\Desktop\COPRRA\vendor\laravel\framework\src\Illuminate\Testing\PendingCommand.php:448
C:\Users\Gaser\Desktop\COPRRA\vendor\laravel\framework\src\Illuminate\Testing\PendingCommand.php:675
C:\Users\Gaser\Desktop\COPRRA\vendor\laravel\framework\src\Illuminate\Foundation\Testing\Concerns\InteractsWithConsole.php:87
C:\Users\Gaser\Desktop\COPRRA\vendor\laravel\framework\src\Illuminate\Foundation\Testing\RefreshDatabase.php:101
C:\Users\Gaser\Desktop\COPRRA\vendor\laravel\framework\src\Illuminate\Foundation\Testing\RefreshDatabase.php:84
C:\Users\Gaser\Desktop\COPRRA\vendor\laravel\framework\src\Illuminate\Foundation\Testing\RefreshDatabase.php:25
C:\Users\Gaser\Desktop\COPRRA\vendor\laravel\framework\src\Illuminate\Foundation\Testing\Concerns\InteractsWithTestCaseLifecycle.php:209
C:\Users\Gaser\Desktop\COPRRA\vendor\laravel\framework\src\Illuminate\Foundation\Testing\Concerns\InteractsWithTestCaseLifecycle.php:97
C:\Users\Gaser\Desktop\COPRRA\vendor\laravel\framework\src\Illuminate\Foundation\Testing\TestCase.php:44
C:\Users\Gaser\Desktop\COPRRA\tests\TestCase.php:25
C:\Users\Gaser\Desktop\COPRRA\tests\Feature\Models\ProductTest.php:22</error>
        </testcase>
        <testcase name="test_get_price_history" file="C:\Users\Gaser\Desktop\COPRRA\tests\Feature\Models\ProductTest.php" line="291" class="Tests\Feature\Models\ProductTest" classname="Tests.Feature.Models.ProductTest" assertions="0" time="0.000000">
          <error type="Error">Tests\Feature\Models\ProductTest::test_get_price_history&#13;
Error: Class "Mockery" not found
&#13;
C:\Users\Gaser\Desktop\COPRRA\vendor\laravel\framework\src\Illuminate\Testing\PendingCommand.php:550
C:\Users\Gaser\Desktop\COPRRA\vendor\laravel\framework\src\Illuminate\Testing\PendingCommand.php:448
C:\Users\Gaser\Desktop\COPRRA\vendor\laravel\framework\src\Illuminate\Testing\PendingCommand.php:675
C:\Users\Gaser\Desktop\COPRRA\vendor\laravel\framework\src\Illuminate\Foundation\Testing\Concerns\InteractsWithConsole.php:87
C:\Users\Gaser\Desktop\COPRRA\vendor\laravel\framework\src\Illuminate\Foundation\Testing\RefreshDatabase.php:101
C:\Users\Gaser\Desktop\COPRRA\vendor\laravel\framework\src\Illuminate\Foundation\Testing\RefreshDatabase.php:84
C:\Users\Gaser\Desktop\COPRRA\vendor\laravel\framework\src\Illuminate\Foundation\Testing\RefreshDatabase.php:25
C:\Users\Gaser\Desktop\COPRRA\vendor\laravel\framework\src\Illuminate\Foundation\Testing\Concerns\InteractsWithTestCaseLifecycle.php:209
C:\Users\Gaser\Desktop\COPRRA\vendor\laravel\framework\src\Illuminate\Foundation\Testing\Concerns\InteractsWithTestCaseLifecycle.php:97
C:\Users\Gaser\Desktop\COPRRA\vendor\laravel\framework\src\Illuminate\Foundation\Testing\TestCase.php:44
C:\Users\Gaser\Desktop\COPRRA\tests\TestCase.php:25
C:\Users\Gaser\Desktop\COPRRA\tests\Feature\Models\ProductTest.php:22</error>
        </testcase>
        <testcase name="test_validation_passes_with_valid_data" file="C:\Users\Gaser\Desktop\COPRRA\tests\Feature\Models\ProductTest.php" line="313" class="Tests\Feature\Models\ProductTest" classname="Tests.Feature.Models.ProductTest" assertions="0" time="0.000000">
          <error type="Error">Tests\Feature\Models\ProductTest::test_validation_passes_with_valid_data&#13;
Error: Class "Mockery" not found
&#13;
C:\Users\Gaser\Desktop\COPRRA\vendor\laravel\framework\src\Illuminate\Testing\PendingCommand.php:550
C:\Users\Gaser\Desktop\COPRRA\vendor\laravel\framework\src\Illuminate\Testing\PendingCommand.php:448
C:\Users\Gaser\Desktop\COPRRA\vendor\laravel\framework\src\Illuminate\Testing\PendingCommand.php:675
C:\Users\Gaser\Desktop\COPRRA\vendor\laravel\framework\src\Illuminate\Foundation\Testing\Concerns\InteractsWithConsole.php:87
C:\Users\Gaser\Desktop\COPRRA\vendor\laravel\framework\src\Illuminate\Foundation\Testing\RefreshDatabase.php:101
C:\Users\Gaser\Desktop\COPRRA\vendor\laravel\framework\src\Illuminate\Foundation\Testing\RefreshDatabase.php:84
C:\Users\Gaser\Desktop\COPRRA\vendor\laravel\framework\src\Illuminate\Foundation\Testing\RefreshDatabase.php:25
C:\Users\Gaser\Desktop\COPRRA\vendor\laravel\framework\src\Illuminate\Foundation\Testing\Concerns\InteractsWithTestCaseLifecycle.php:209
C:\Users\Gaser\Desktop\COPRRA\vendor\laravel\framework\src\Illuminate\Foundation\Testing\Concerns\InteractsWithTestCaseLifecycle.php:97
C:\Users\Gaser\Desktop\COPRRA\vendor\laravel\framework\src\Illuminate\Foundation\Testing\TestCase.php:44
C:\Users\Gaser\Desktop\COPRRA\tests\TestCase.php:25
C:\Users\Gaser\Desktop\COPRRA\tests\Feature\Models\ProductTest.php:22</error>
        </testcase>
        <testcase name="test_validation_fails_with_missing_required_fields" file="C:\Users\Gaser\Desktop\COPRRA\tests\Feature\Models\ProductTest.php" line="330" class="Tests\Feature\Models\ProductTest" classname="Tests.Feature.Models.ProductTest" assertions="0" time="0.000000">
          <error type="Error">Tests\Feature\Models\ProductTest::test_validation_fails_with_missing_required_fields&#13;
Error: Class "Mockery" not found
&#13;
C:\Users\Gaser\Desktop\COPRRA\vendor\laravel\framework\src\Illuminate\Testing\PendingCommand.php:550
C:\Users\Gaser\Desktop\COPRRA\vendor\laravel\framework\src\Illuminate\Testing\PendingCommand.php:448
C:\Users\Gaser\Desktop\COPRRA\vendor\laravel\framework\src\Illuminate\Testing\PendingCommand.php:675
C:\Users\Gaser\Desktop\COPRRA\vendor\laravel\framework\src\Illuminate\Foundation\Testing\Concerns\InteractsWithConsole.php:87
C:\Users\Gaser\Desktop\COPRRA\vendor\laravel\framework\src\Illuminate\Foundation\Testing\RefreshDatabase.php:101
C:\Users\Gaser\Desktop\COPRRA\vendor\laravel\framework\src\Illuminate\Foundation\Testing\RefreshDatabase.php:84
C:\Users\Gaser\Desktop\COPRRA\vendor\laravel\framework\src\Illuminate\Foundation\Testing\RefreshDatabase.php:25
C:\Users\Gaser\Desktop\COPRRA\vendor\laravel\framework\src\Illuminate\Foundation\Testing\Concerns\InteractsWithTestCaseLifecycle.php:209
C:\Users\Gaser\Desktop\COPRRA\vendor\laravel\framework\src\Illuminate\Foundation\Testing\Concerns\InteractsWithTestCaseLifecycle.php:97
C:\Users\Gaser\Desktop\COPRRA\vendor\laravel\framework\src\Illuminate\Foundation\Testing\TestCase.php:44
C:\Users\Gaser\Desktop\COPRRA\tests\TestCase.php:25
C:\Users\Gaser\Desktop\COPRRA\tests\Feature\Models\ProductTest.php:22</error>
        </testcase>
        <testcase name="test_validation_passes_with_string_price" file="C:\Users\Gaser\Desktop\COPRRA\tests\Feature\Models\ProductTest.php" line="343" class="Tests\Feature\Models\ProductTest" classname="Tests.Feature.Models.ProductTest" assertions="0" time="0.000000">
          <error type="Error">Tests\Feature\Models\ProductTest::test_validation_passes_with_string_price&#13;
Error: Class "Mockery" not found
&#13;
C:\Users\Gaser\Desktop\COPRRA\vendor\laravel\framework\src\Illuminate\Testing\PendingCommand.php:550
C:\Users\Gaser\Desktop\COPRRA\vendor\laravel\framework\src\Illuminate\Testing\PendingCommand.php:448
C:\Users\Gaser\Desktop\COPRRA\vendor\laravel\framework\src\Illuminate\Testing\PendingCommand.php:675
C:\Users\Gaser\Desktop\COPRRA\vendor\laravel\framework\src\Illuminate\Foundation\Testing\Concerns\InteractsWithConsole.php:87
C:\Users\Gaser\Desktop\COPRRA\vendor\laravel\framework\src\Illuminate\Foundation\Testing\RefreshDatabase.php:101
C:\Users\Gaser\Desktop\COPRRA\vendor\laravel\framework\src\Illuminate\Foundation\Testing\RefreshDatabase.php:84
C:\Users\Gaser\Desktop\COPRRA\vendor\laravel\framework\src\Illuminate\Foundation\Testing\RefreshDatabase.php:25
C:\Users\Gaser\Desktop\COPRRA\vendor\laravel\framework\src\Illuminate\Foundation\Testing\Concerns\InteractsWithTestCaseLifecycle.php:209
C:\Users\Gaser\Desktop\COPRRA\vendor\laravel\framework\src\Illuminate\Foundation\Testing\Concerns\InteractsWithTestCaseLifecycle.php:97
C:\Users\Gaser\Desktop\COPRRA\vendor\laravel\framework\src\Illuminate\Foundation\Testing\TestCase.php:44
C:\Users\Gaser\Desktop\COPRRA\tests\TestCase.php:25
C:\Users\Gaser\Desktop\COPRRA\tests\Feature\Models\ProductTest.php:22</error>
        </testcase>
        <testcase name="test_validation_fails_with_negative_price" file="C:\Users\Gaser\Desktop\COPRRA\tests\Feature\Models\ProductTest.php" line="361" class="Tests\Feature\Models\ProductTest" classname="Tests.Feature.Models.ProductTest" assertions="0" time="0.000000">
          <error type="Error">Tests\Feature\Models\ProductTest::test_validation_fails_with_negative_price&#13;
Error: Class "Mockery" not found
&#13;
C:\Users\Gaser\Desktop\COPRRA\vendor\laravel\framework\src\Illuminate\Testing\PendingCommand.php:550
C:\Users\Gaser\Desktop\COPRRA\vendor\laravel\framework\src\Illuminate\Testing\PendingCommand.php:448
C:\Users\Gaser\Desktop\COPRRA\vendor\laravel\framework\src\Illuminate\Testing\PendingCommand.php:675
C:\Users\Gaser\Desktop\COPRRA\vendor\laravel\framework\src\Illuminate\Foundation\Testing\Concerns\InteractsWithConsole.php:87
C:\Users\Gaser\Desktop\COPRRA\vendor\laravel\framework\src\Illuminate\Foundation\Testing\RefreshDatabase.php:101
C:\Users\Gaser\Desktop\COPRRA\vendor\laravel\framework\src\Illuminate\Foundation\Testing\RefreshDatabase.php:84
C:\Users\Gaser\Desktop\COPRRA\vendor\laravel\framework\src\Illuminate\Foundation\Testing\RefreshDatabase.php:25
C:\Users\Gaser\Desktop\COPRRA\vendor\laravel\framework\src\Illuminate\Foundation\Testing\Concerns\InteractsWithTestCaseLifecycle.php:209
C:\Users\Gaser\Desktop\COPRRA\vendor\laravel\framework\src\Illuminate\Foundation\Testing\Concerns\InteractsWithTestCaseLifecycle.php:97
C:\Users\Gaser\Desktop\COPRRA\vendor\laravel\framework\src\Illuminate\Foundation\Testing\TestCase.php:44
C:\Users\Gaser\Desktop\COPRRA\tests\TestCase.php:25
C:\Users\Gaser\Desktop\COPRRA\tests\Feature\Models\ProductTest.php:22</error>
        </testcase>
        <testcase name="test_soft_deletes" file="C:\Users\Gaser\Desktop\COPRRA\tests\Feature\Models\ProductTest.php" line="379" class="Tests\Feature\Models\ProductTest" classname="Tests.Feature.Models.ProductTest" assertions="0" time="0.000000">
          <error type="Error">Tests\Feature\Models\ProductTest::test_soft_deletes&#13;
Error: Class "Mockery" not found
&#13;
C:\Users\Gaser\Desktop\COPRRA\vendor\laravel\framework\src\Illuminate\Testing\PendingCommand.php:550
C:\Users\Gaser\Desktop\COPRRA\vendor\laravel\framework\src\Illuminate\Testing\PendingCommand.php:448
C:\Users\Gaser\Desktop\COPRRA\vendor\laravel\framework\src\Illuminate\Testing\PendingCommand.php:675
C:\Users\Gaser\Desktop\COPRRA\vendor\laravel\framework\src\Illuminate\Foundation\Testing\Concerns\InteractsWithConsole.php:87
C:\Users\Gaser\Desktop\COPRRA\vendor\laravel\framework\src\Illuminate\Foundation\Testing\RefreshDatabase.php:101
C:\Users\Gaser\Desktop\COPRRA\vendor\laravel\framework\src\Illuminate\Foundation\Testing\RefreshDatabase.php:84
C:\Users\Gaser\Desktop\COPRRA\vendor\laravel\framework\src\Illuminate\Foundation\Testing\RefreshDatabase.php:25
C:\Users\Gaser\Desktop\COPRRA\vendor\laravel\framework\src\Illuminate\Foundation\Testing\Concerns\InteractsWithTestCaseLifecycle.php:209
C:\Users\Gaser\Desktop\COPRRA\vendor\laravel\framework\src\Illuminate\Foundation\Testing\Concerns\InteractsWithTestCaseLifecycle.php:97
C:\Users\Gaser\Desktop\COPRRA\vendor\laravel\framework\src\Illuminate\Foundation\Testing\TestCase.php:44
C:\Users\Gaser\Desktop\COPRRA\tests\TestCase.php:25
C:\Users\Gaser\Desktop\COPRRA\tests\Feature\Models\ProductTest.php:22</error>
        </testcase>
        <testcase name="test_booted_deletes_related_records" file="C:\Users\Gaser\Desktop\COPRRA\tests\Feature\Models\ProductTest.php" line="389" class="Tests\Feature\Models\ProductTest" classname="Tests.Feature.Models.ProductTest" assertions="0" time="0.000000">
          <error type="Error">Tests\Feature\Models\ProductTest::test_booted_deletes_related_records&#13;
Error: Class "Mockery" not found
&#13;
C:\Users\Gaser\Desktop\COPRRA\vendor\laravel\framework\src\Illuminate\Testing\PendingCommand.php:550
C:\Users\Gaser\Desktop\COPRRA\vendor\laravel\framework\src\Illuminate\Testing\PendingCommand.php:448
C:\Users\Gaser\Desktop\COPRRA\vendor\laravel\framework\src\Illuminate\Testing\PendingCommand.php:675
C:\Users\Gaser\Desktop\COPRRA\vendor\laravel\framework\src\Illuminate\Foundation\Testing\Concerns\InteractsWithConsole.php:87
C:\Users\Gaser\Desktop\COPRRA\vendor\laravel\framework\src\Illuminate\Foundation\Testing\RefreshDatabase.php:101
C:\Users\Gaser\Desktop\COPRRA\vendor\laravel\framework\src\Illuminate\Foundation\Testing\RefreshDatabase.php:84
C:\Users\Gaser\Desktop\COPRRA\vendor\laravel\framework\src\Illuminate\Foundation\Testing\RefreshDatabase.php:25
C:\Users\Gaser\Desktop\COPRRA\vendor\laravel\framework\src\Illuminate\Foundation\Testing\Concerns\InteractsWithTestCaseLifecycle.php:209
C:\Users\Gaser\Desktop\COPRRA\vendor\laravel\framework\src\Illuminate\Foundation\Testing\Concerns\InteractsWithTestCaseLifecycle.php:97
C:\Users\Gaser\Desktop\COPRRA\vendor\laravel\framework\src\Illuminate\Foundation\Testing\TestCase.php:44
C:\Users\Gaser\Desktop\COPRRA\tests\TestCase.php:25
C:\Users\Gaser\Desktop\COPRRA\tests\Feature\Models\ProductTest.php:22</error>
        </testcase>
        <testcase name="test_factory_creates_valid_product" file="C:\Users\Gaser\Desktop\COPRRA\tests\Feature\Models\ProductTest.php" line="410" class="Tests\Feature\Models\ProductTest" classname="Tests.Feature.Models.ProductTest" assertions="0" time="0.000000">
          <error type="Error">Tests\Feature\Models\ProductTest::test_factory_creates_valid_product&#13;
Error: Class "Mockery" not found
&#13;
C:\Users\Gaser\Desktop\COPRRA\vendor\laravel\framework\src\Illuminate\Testing\PendingCommand.php:550
C:\Users\Gaser\Desktop\COPRRA\vendor\laravel\framework\src\Illuminate\Testing\PendingCommand.php:448
C:\Users\Gaser\Desktop\COPRRA\vendor\laravel\framework\src\Illuminate\Testing\PendingCommand.php:675
C:\Users\Gaser\Desktop\COPRRA\vendor\laravel\framework\src\Illuminate\Foundation\Testing\Concerns\InteractsWithConsole.php:87
C:\Users\Gaser\Desktop\COPRRA\vendor\laravel\framework\src\Illuminate\Foundation\Testing\RefreshDatabase.php:101
C:\Users\Gaser\Desktop\COPRRA\vendor\laravel\framework\src\Illuminate\Foundation\Testing\RefreshDatabase.php:84
C:\Users\Gaser\Desktop\COPRRA\vendor\laravel\framework\src\Illuminate\Foundation\Testing\RefreshDatabase.php:25
C:\Users\Gaser\Desktop\COPRRA\vendor\laravel\framework\src\Illuminate\Foundation\Testing\Concerns\InteractsWithTestCaseLifecycle.php:209
C:\Users\Gaser\Desktop\COPRRA\vendor\laravel\framework\src\Illuminate\Foundation\Testing\Concerns\InteractsWithTestCaseLifecycle.php:97
C:\Users\Gaser\Desktop\COPRRA\vendor\laravel\framework\src\Illuminate\Foundation\Testing\TestCase.php:44
C:\Users\Gaser\Desktop\COPRRA\tests\TestCase.php:25
C:\Users\Gaser\Desktop\COPRRA\tests\Feature\Models\ProductTest.php:22</error>
        </testcase>
        <testcase name="test_fillable_attributes" file="C:\Users\Gaser\Desktop\COPRRA\tests\Feature\Models\ProductTest.php" line="424" class="Tests\Feature\Models\ProductTest" classname="Tests.Feature.Models.ProductTest" assertions="0" time="0.000000">
          <error type="Error">Tests\Feature\Models\ProductTest::test_fillable_attributes&#13;
Error: Class "Mockery" not found
&#13;
C:\Users\Gaser\Desktop\COPRRA\vendor\laravel\framework\src\Illuminate\Testing\PendingCommand.php:550
C:\Users\Gaser\Desktop\COPRRA\vendor\laravel\framework\src\Illuminate\Testing\PendingCommand.php:448
C:\Users\Gaser\Desktop\COPRRA\vendor\laravel\framework\src\Illuminate\Testing\PendingCommand.php:675
C:\Users\Gaser\Desktop\COPRRA\vendor\laravel\framework\src\Illuminate\Foundation\Testing\Concerns\InteractsWithConsole.php:87
C:\Users\Gaser\Desktop\COPRRA\vendor\laravel\framework\src\Illuminate\Foundation\Testing\RefreshDatabase.php:101
C:\Users\Gaser\Desktop\COPRRA\vendor\laravel\framework\src\Illuminate\Foundation\Testing\RefreshDatabase.php:84
C:\Users\Gaser\Desktop\COPRRA\vendor\laravel\framework\src\Illuminate\Foundation\Testing\RefreshDatabase.php:25
C:\Users\Gaser\Desktop\COPRRA\vendor\laravel\framework\src\Illuminate\Foundation\Testing\Concerns\InteractsWithTestCaseLifecycle.php:209
C:\Users\Gaser\Desktop\COPRRA\vendor\laravel\framework\src\Illuminate\Foundation\Testing\Concerns\InteractsWithTestCaseLifecycle.php:97
C:\Users\Gaser\Desktop\COPRRA\vendor\laravel\framework\src\Illuminate\Foundation\Testing\TestCase.php:44
C:\Users\Gaser\Desktop\COPRRA\tests\TestCase.php:25
C:\Users\Gaser\Desktop\COPRRA\tests\Feature\Models\ProductTest.php:22</error>
        </testcase>
      </testsuite>
      <testsuite name="Tests\Feature\Models\ReviewTest" file="C:\Users\Gaser\Desktop\COPRRA\tests\Feature\Models\ReviewTest.php" tests="7" assertions="0" errors="7" failures="0" skipped="0" time="0.000000">
        <testcase name="test_it_can_create_a_review" file="C:\Users\Gaser\Desktop\COPRRA\tests\Feature\Models\ReviewTest.php" line="21" class="Tests\Feature\Models\ReviewTest" classname="Tests.Feature.Models.ReviewTest" assertions="0" time="0.000000">
          <error type="Error">Tests\Feature\Models\ReviewTest::test_it_can_create_a_review&#13;
Error: Class "Mockery" not found
&#13;
C:\Users\Gaser\Desktop\COPRRA\vendor\laravel\framework\src\Illuminate\Testing\PendingCommand.php:550
C:\Users\Gaser\Desktop\COPRRA\vendor\laravel\framework\src\Illuminate\Testing\PendingCommand.php:448
C:\Users\Gaser\Desktop\COPRRA\vendor\laravel\framework\src\Illuminate\Testing\PendingCommand.php:675
C:\Users\Gaser\Desktop\COPRRA\vendor\laravel\framework\src\Illuminate\Foundation\Testing\Concerns\InteractsWithConsole.php:87
C:\Users\Gaser\Desktop\COPRRA\vendor\laravel\framework\src\Illuminate\Foundation\Testing\RefreshDatabase.php:101
C:\Users\Gaser\Desktop\COPRRA\vendor\laravel\framework\src\Illuminate\Foundation\Testing\RefreshDatabase.php:84
C:\Users\Gaser\Desktop\COPRRA\vendor\laravel\framework\src\Illuminate\Foundation\Testing\RefreshDatabase.php:25
C:\Users\Gaser\Desktop\COPRRA\vendor\laravel\framework\src\Illuminate\Foundation\Testing\Concerns\InteractsWithTestCaseLifecycle.php:209
C:\Users\Gaser\Desktop\COPRRA\vendor\laravel\framework\src\Illuminate\Foundation\Testing\Concerns\InteractsWithTestCaseLifecycle.php:97
C:\Users\Gaser\Desktop\COPRRA\vendor\laravel\framework\src\Illuminate\Foundation\Testing\TestCase.php:44
C:\Users\Gaser\Desktop\COPRRA\tests\TestCase.php:25
C:\Users\Gaser\Desktop\COPRRA\tests\Feature\Models\ReviewTest.php:17</error>
        </testcase>
        <testcase name="test_it_casts_attributes_correctly" file="C:\Users\Gaser\Desktop\COPRRA\tests\Feature\Models\ReviewTest.php" line="59" class="Tests\Feature\Models\ReviewTest" classname="Tests.Feature.Models.ReviewTest" assertions="0" time="0.000000">
          <error type="Error">Tests\Feature\Models\ReviewTest::test_it_casts_attributes_correctly&#13;
Error: Class "Mockery" not found
&#13;
C:\Users\Gaser\Desktop\COPRRA\vendor\laravel\framework\src\Illuminate\Testing\PendingCommand.php:550
C:\Users\Gaser\Desktop\COPRRA\vendor\laravel\framework\src\Illuminate\Testing\PendingCommand.php:448
C:\Users\Gaser\Desktop\COPRRA\vendor\laravel\framework\src\Illuminate\Testing\PendingCommand.php:675
C:\Users\Gaser\Desktop\COPRRA\vendor\laravel\framework\src\Illuminate\Foundation\Testing\Concerns\InteractsWithConsole.php:87
C:\Users\Gaser\Desktop\COPRRA\vendor\laravel\framework\src\Illuminate\Foundation\Testing\RefreshDatabase.php:101
C:\Users\Gaser\Desktop\COPRRA\vendor\laravel\framework\src\Illuminate\Foundation\Testing\RefreshDatabase.php:84
C:\Users\Gaser\Desktop\COPRRA\vendor\laravel\framework\src\Illuminate\Foundation\Testing\RefreshDatabase.php:25
C:\Users\Gaser\Desktop\COPRRA\vendor\laravel\framework\src\Illuminate\Foundation\Testing\Concerns\InteractsWithTestCaseLifecycle.php:209
C:\Users\Gaser\Desktop\COPRRA\vendor\laravel\framework\src\Illuminate\Foundation\Testing\Concerns\InteractsWithTestCaseLifecycle.php:97
C:\Users\Gaser\Desktop\COPRRA\vendor\laravel\framework\src\Illuminate\Foundation\Testing\TestCase.php:44
C:\Users\Gaser\Desktop\COPRRA\tests\TestCase.php:25
C:\Users\Gaser\Desktop\COPRRA\tests\Feature\Models\ReviewTest.php:17</error>
        </testcase>
        <testcase name="test_it_belongs_to_user" file="C:\Users\Gaser\Desktop\COPRRA\tests\Feature\Models\ReviewTest.php" line="82" class="Tests\Feature\Models\ReviewTest" classname="Tests.Feature.Models.ReviewTest" assertions="0" time="0.000000">
          <error type="Error">Tests\Feature\Models\ReviewTest::test_it_belongs_to_user&#13;
Error: Class "Mockery" not found
&#13;
C:\Users\Gaser\Desktop\COPRRA\vendor\laravel\framework\src\Illuminate\Testing\PendingCommand.php:550
C:\Users\Gaser\Desktop\COPRRA\vendor\laravel\framework\src\Illuminate\Testing\PendingCommand.php:448
C:\Users\Gaser\Desktop\COPRRA\vendor\laravel\framework\src\Illuminate\Testing\PendingCommand.php:675
C:\Users\Gaser\Desktop\COPRRA\vendor\laravel\framework\src\Illuminate\Foundation\Testing\Concerns\InteractsWithConsole.php:87
C:\Users\Gaser\Desktop\COPRRA\vendor\laravel\framework\src\Illuminate\Foundation\Testing\RefreshDatabase.php:101
C:\Users\Gaser\Desktop\COPRRA\vendor\laravel\framework\src\Illuminate\Foundation\Testing\RefreshDatabase.php:84
C:\Users\Gaser\Desktop\COPRRA\vendor\laravel\framework\src\Illuminate\Foundation\Testing\RefreshDatabase.php:25
C:\Users\Gaser\Desktop\COPRRA\vendor\laravel\framework\src\Illuminate\Foundation\Testing\Concerns\InteractsWithTestCaseLifecycle.php:209
C:\Users\Gaser\Desktop\COPRRA\vendor\laravel\framework\src\Illuminate\Foundation\Testing\Concerns\InteractsWithTestCaseLifecycle.php:97
C:\Users\Gaser\Desktop\COPRRA\vendor\laravel\framework\src\Illuminate\Foundation\Testing\TestCase.php:44
C:\Users\Gaser\Desktop\COPRRA\tests\TestCase.php:25
C:\Users\Gaser\Desktop\COPRRA\tests\Feature\Models\ReviewTest.php:17</error>
        </testcase>
        <testcase name="test_it_belongs_to_product" file="C:\Users\Gaser\Desktop\COPRRA\tests\Feature\Models\ReviewTest.php" line="93" class="Tests\Feature\Models\ReviewTest" classname="Tests.Feature.Models.ReviewTest" assertions="0" time="0.000000">
          <error type="Error">Tests\Feature\Models\ReviewTest::test_it_belongs_to_product&#13;
Error: Class "Mockery" not found
&#13;
C:\Users\Gaser\Desktop\COPRRA\vendor\laravel\framework\src\Illuminate\Testing\PendingCommand.php:550
C:\Users\Gaser\Desktop\COPRRA\vendor\laravel\framework\src\Illuminate\Testing\PendingCommand.php:448
C:\Users\Gaser\Desktop\COPRRA\vendor\laravel\framework\src\Illuminate\Testing\PendingCommand.php:675
C:\Users\Gaser\Desktop\COPRRA\vendor\laravel\framework\src\Illuminate\Foundation\Testing\Concerns\InteractsWithConsole.php:87
C:\Users\Gaser\Desktop\COPRRA\vendor\laravel\framework\src\Illuminate\Foundation\Testing\RefreshDatabase.php:101
C:\Users\Gaser\Desktop\COPRRA\vendor\laravel\framework\src\Illuminate\Foundation\Testing\RefreshDatabase.php:84
C:\Users\Gaser\Desktop\COPRRA\vendor\laravel\framework\src\Illuminate\Foundation\Testing\RefreshDatabase.php:25
C:\Users\Gaser\Desktop\COPRRA\vendor\laravel\framework\src\Illuminate\Foundation\Testing\Concerns\InteractsWithTestCaseLifecycle.php:209
C:\Users\Gaser\Desktop\COPRRA\vendor\laravel\framework\src\Illuminate\Foundation\Testing\Concerns\InteractsWithTestCaseLifecycle.php:97
C:\Users\Gaser\Desktop\COPRRA\vendor\laravel\framework\src\Illuminate\Foundation\Testing\TestCase.php:44
C:\Users\Gaser\Desktop\COPRRA\tests\TestCase.php:25
C:\Users\Gaser\Desktop\COPRRA\tests\Feature\Models\ReviewTest.php:17</error>
        </testcase>
        <testcase name="test_get_review_text_attribute" file="C:\Users\Gaser\Desktop\COPRRA\tests\Feature\Models\ReviewTest.php" line="104" class="Tests\Feature\Models\ReviewTest" classname="Tests.Feature.Models.ReviewTest" assertions="0" time="0.000000">
          <error type="Error">Tests\Feature\Models\ReviewTest::test_get_review_text_attribute&#13;
Error: Class "Mockery" not found
&#13;
C:\Users\Gaser\Desktop\COPRRA\vendor\laravel\framework\src\Illuminate\Testing\PendingCommand.php:550
C:\Users\Gaser\Desktop\COPRRA\vendor\laravel\framework\src\Illuminate\Testing\PendingCommand.php:448
C:\Users\Gaser\Desktop\COPRRA\vendor\laravel\framework\src\Illuminate\Testing\PendingCommand.php:675
C:\Users\Gaser\Desktop\COPRRA\vendor\laravel\framework\src\Illuminate\Foundation\Testing\Concerns\InteractsWithConsole.php:87
C:\Users\Gaser\Desktop\COPRRA\vendor\laravel\framework\src\Illuminate\Foundation\Testing\RefreshDatabase.php:101
C:\Users\Gaser\Desktop\COPRRA\vendor\laravel\framework\src\Illuminate\Foundation\Testing\RefreshDatabase.php:84
C:\Users\Gaser\Desktop\COPRRA\vendor\laravel\framework\src\Illuminate\Foundation\Testing\RefreshDatabase.php:25
C:\Users\Gaser\Desktop\COPRRA\vendor\laravel\framework\src\Illuminate\Foundation\Testing\Concerns\InteractsWithTestCaseLifecycle.php:209
C:\Users\Gaser\Desktop\COPRRA\vendor\laravel\framework\src\Illuminate\Foundation\Testing\Concerns\InteractsWithTestCaseLifecycle.php:97
C:\Users\Gaser\Desktop\COPRRA\vendor\laravel\framework\src\Illuminate\Foundation\Testing\TestCase.php:44
C:\Users\Gaser\Desktop\COPRRA\tests\TestCase.php:25
C:\Users\Gaser\Desktop\COPRRA\tests\Feature\Models\ReviewTest.php:17</error>
        </testcase>
        <testcase name="test_fillable_attributes" file="C:\Users\Gaser\Desktop\COPRRA\tests\Feature\Models\ReviewTest.php" line="113" class="Tests\Feature\Models\ReviewTest" classname="Tests.Feature.Models.ReviewTest" assertions="0" time="0.000000">
          <error type="Error">Tests\Feature\Models\ReviewTest::test_fillable_attributes&#13;
Error: Class "Mockery" not found
&#13;
C:\Users\Gaser\Desktop\COPRRA\vendor\laravel\framework\src\Illuminate\Testing\PendingCommand.php:550
C:\Users\Gaser\Desktop\COPRRA\vendor\laravel\framework\src\Illuminate\Testing\PendingCommand.php:448
C:\Users\Gaser\Desktop\COPRRA\vendor\laravel\framework\src\Illuminate\Testing\PendingCommand.php:675
C:\Users\Gaser\Desktop\COPRRA\vendor\laravel\framework\src\Illuminate\Foundation\Testing\Concerns\InteractsWithConsole.php:87
C:\Users\Gaser\Desktop\COPRRA\vendor\laravel\framework\src\Illuminate\Foundation\Testing\RefreshDatabase.php:101
C:\Users\Gaser\Desktop\COPRRA\vendor\laravel\framework\src\Illuminate\Foundation\Testing\RefreshDatabase.php:84
C:\Users\Gaser\Desktop\COPRRA\vendor\laravel\framework\src\Illuminate\Foundation\Testing\RefreshDatabase.php:25
C:\Users\Gaser\Desktop\COPRRA\vendor\laravel\framework\src\Illuminate\Foundation\Testing\Concerns\InteractsWithTestCaseLifecycle.php:209
C:\Users\Gaser\Desktop\COPRRA\vendor\laravel\framework\src\Illuminate\Foundation\Testing\Concerns\InteractsWithTestCaseLifecycle.php:97
C:\Users\Gaser\Desktop\COPRRA\vendor\laravel\framework\src\Illuminate\Foundation\Testing\TestCase.php:44
C:\Users\Gaser\Desktop\COPRRA\tests\TestCase.php:25
C:\Users\Gaser\Desktop\COPRRA\tests\Feature\Models\ReviewTest.php:17</error>
        </testcase>
        <testcase name="test_factory_creates_valid_review" file="C:\Users\Gaser\Desktop\COPRRA\tests\Feature\Models\ReviewTest.php" line="131" class="Tests\Feature\Models\ReviewTest" classname="Tests.Feature.Models.ReviewTest" assertions="0" time="0.000000">
          <error type="Error">Tests\Feature\Models\ReviewTest::test_factory_creates_valid_review&#13;
Error: Class "Mockery" not found
&#13;
C:\Users\Gaser\Desktop\COPRRA\vendor\laravel\framework\src\Illuminate\Testing\PendingCommand.php:550
C:\Users\Gaser\Desktop\COPRRA\vendor\laravel\framework\src\Illuminate\Testing\PendingCommand.php:448
C:\Users\Gaser\Desktop\COPRRA\vendor\laravel\framework\src\Illuminate\Testing\PendingCommand.php:675
C:\Users\Gaser\Desktop\COPRRA\vendor\laravel\framework\src\Illuminate\Foundation\Testing\Concerns\InteractsWithConsole.php:87
C:\Users\Gaser\Desktop\COPRRA\vendor\laravel\framework\src\Illuminate\Foundation\Testing\RefreshDatabase.php:101
C:\Users\Gaser\Desktop\COPRRA\vendor\laravel\framework\src\Illuminate\Foundation\Testing\RefreshDatabase.php:84
C:\Users\Gaser\Desktop\COPRRA\vendor\laravel\framework\src\Illuminate\Foundation\Testing\RefreshDatabase.php:25
C:\Users\Gaser\Desktop\COPRRA\vendor\laravel\framework\src\Illuminate\Foundation\Testing\Concerns\InteractsWithTestCaseLifecycle.php:209
C:\Users\Gaser\Desktop\COPRRA\vendor\laravel\framework\src\Illuminate\Foundation\Testing\Concerns\InteractsWithTestCaseLifecycle.php:97
C:\Users\Gaser\Desktop\COPRRA\vendor\laravel\framework\src\Illuminate\Foundation\Testing\TestCase.php:44
C:\Users\Gaser\Desktop\COPRRA\tests\TestCase.php:25
C:\Users\Gaser\Desktop\COPRRA\tests\Feature\Models\ReviewTest.php:17</error>
        </testcase>
      </testsuite>
      <testsuite name="Tests\Feature\Models\RewardTest" file="C:\Users\Gaser\Desktop\COPRRA\tests\Feature\Models\RewardTest.php" tests="5" assertions="0" errors="5" failures="0" skipped="0" time="0.000000">
        <testcase name="it_can_create_a_reward" file="C:\Users\Gaser\Desktop\COPRRA\tests\Feature\Models\RewardTest.php" line="15" class="Tests\Feature\Models\RewardTest" classname="Tests.Feature.Models.RewardTest" assertions="0" time="0.000000">
          <error type="Error">Tests\Feature\Models\RewardTest::it_can_create_a_reward&#13;
Error: Class "Mockery" not found
&#13;
C:\Users\Gaser\Desktop\COPRRA\vendor\laravel\framework\src\Illuminate\Testing\PendingCommand.php:550
C:\Users\Gaser\Desktop\COPRRA\vendor\laravel\framework\src\Illuminate\Testing\PendingCommand.php:448
C:\Users\Gaser\Desktop\COPRRA\vendor\laravel\framework\src\Illuminate\Testing\PendingCommand.php:675
C:\Users\Gaser\Desktop\COPRRA\vendor\laravel\framework\src\Illuminate\Foundation\Testing\Concerns\InteractsWithConsole.php:87
C:\Users\Gaser\Desktop\COPRRA\vendor\laravel\framework\src\Illuminate\Foundation\Testing\RefreshDatabase.php:101
C:\Users\Gaser\Desktop\COPRRA\vendor\laravel\framework\src\Illuminate\Foundation\Testing\RefreshDatabase.php:84
C:\Users\Gaser\Desktop\COPRRA\vendor\laravel\framework\src\Illuminate\Foundation\Testing\RefreshDatabase.php:25
C:\Users\Gaser\Desktop\COPRRA\vendor\laravel\framework\src\Illuminate\Foundation\Testing\Concerns\InteractsWithTestCaseLifecycle.php:209
C:\Users\Gaser\Desktop\COPRRA\vendor\laravel\framework\src\Illuminate\Foundation\Testing\Concerns\InteractsWithTestCaseLifecycle.php:97
C:\Users\Gaser\Desktop\COPRRA\vendor\laravel\framework\src\Illuminate\Foundation\Testing\TestCase.php:44
C:\Users\Gaser\Desktop\COPRRA\tests\TestCase.php:25</error>
        </testcase>
        <testcase name="it_casts_attributes_correctly" file="C:\Users\Gaser\Desktop\COPRRA\tests\Feature\Models\RewardTest.php" line="49" class="Tests\Feature\Models\RewardTest" classname="Tests.Feature.Models.RewardTest" assertions="0" time="0.000000">
          <error type="Error">Tests\Feature\Models\RewardTest::it_casts_attributes_correctly&#13;
Error: Class "Mockery" not found
&#13;
C:\Users\Gaser\Desktop\COPRRA\vendor\laravel\framework\src\Illuminate\Testing\PendingCommand.php:550
C:\Users\Gaser\Desktop\COPRRA\vendor\laravel\framework\src\Illuminate\Testing\PendingCommand.php:448
C:\Users\Gaser\Desktop\COPRRA\vendor\laravel\framework\src\Illuminate\Testing\PendingCommand.php:675
C:\Users\Gaser\Desktop\COPRRA\vendor\laravel\framework\src\Illuminate\Foundation\Testing\Concerns\InteractsWithConsole.php:87
C:\Users\Gaser\Desktop\COPRRA\vendor\laravel\framework\src\Illuminate\Foundation\Testing\RefreshDatabase.php:101
C:\Users\Gaser\Desktop\COPRRA\vendor\laravel\framework\src\Illuminate\Foundation\Testing\RefreshDatabase.php:84
C:\Users\Gaser\Desktop\COPRRA\vendor\laravel\framework\src\Illuminate\Foundation\Testing\RefreshDatabase.php:25
C:\Users\Gaser\Desktop\COPRRA\vendor\laravel\framework\src\Illuminate\Foundation\Testing\Concerns\InteractsWithTestCaseLifecycle.php:209
C:\Users\Gaser\Desktop\COPRRA\vendor\laravel\framework\src\Illuminate\Foundation\Testing\Concerns\InteractsWithTestCaseLifecycle.php:97
C:\Users\Gaser\Desktop\COPRRA\vendor\laravel\framework\src\Illuminate\Foundation\Testing\TestCase.php:44
C:\Users\Gaser\Desktop\COPRRA\tests\TestCase.php:25</error>
        </testcase>
        <testcase name="it_has_active_scope" file="C:\Users\Gaser\Desktop\COPRRA\tests\Feature\Models\RewardTest.php" line="67" class="Tests\Feature\Models\RewardTest" classname="Tests.Feature.Models.RewardTest" assertions="0" time="0.000000">
          <error type="Error">Tests\Feature\Models\RewardTest::it_has_active_scope&#13;
Error: Class "Mockery" not found
&#13;
C:\Users\Gaser\Desktop\COPRRA\vendor\laravel\framework\src\Illuminate\Testing\PendingCommand.php:550
C:\Users\Gaser\Desktop\COPRRA\vendor\laravel\framework\src\Illuminate\Testing\PendingCommand.php:448
C:\Users\Gaser\Desktop\COPRRA\vendor\laravel\framework\src\Illuminate\Testing\PendingCommand.php:675
C:\Users\Gaser\Desktop\COPRRA\vendor\laravel\framework\src\Illuminate\Foundation\Testing\Concerns\InteractsWithConsole.php:87
C:\Users\Gaser\Desktop\COPRRA\vendor\laravel\framework\src\Illuminate\Foundation\Testing\RefreshDatabase.php:101
C:\Users\Gaser\Desktop\COPRRA\vendor\laravel\framework\src\Illuminate\Foundation\Testing\RefreshDatabase.php:84
C:\Users\Gaser\Desktop\COPRRA\vendor\laravel\framework\src\Illuminate\Foundation\Testing\RefreshDatabase.php:25
C:\Users\Gaser\Desktop\COPRRA\vendor\laravel\framework\src\Illuminate\Foundation\Testing\Concerns\InteractsWithTestCaseLifecycle.php:209
C:\Users\Gaser\Desktop\COPRRA\vendor\laravel\framework\src\Illuminate\Foundation\Testing\Concerns\InteractsWithTestCaseLifecycle.php:97
C:\Users\Gaser\Desktop\COPRRA\vendor\laravel\framework\src\Illuminate\Foundation\Testing\TestCase.php:44
C:\Users\Gaser\Desktop\COPRRA\tests\TestCase.php:25</error>
        </testcase>
        <testcase name="it_has_available_for_points_scope" file="C:\Users\Gaser\Desktop\COPRRA\tests\Feature\Models\RewardTest.php" line="98" class="Tests\Feature\Models\RewardTest" classname="Tests.Feature.Models.RewardTest" assertions="0" time="0.000000">
          <error type="Error">Tests\Feature\Models\RewardTest::it_has_available_for_points_scope&#13;
Error: Class "Mockery" not found
&#13;
C:\Users\Gaser\Desktop\COPRRA\vendor\laravel\framework\src\Illuminate\Testing\PendingCommand.php:550
C:\Users\Gaser\Desktop\COPRRA\vendor\laravel\framework\src\Illuminate\Testing\PendingCommand.php:448
C:\Users\Gaser\Desktop\COPRRA\vendor\laravel\framework\src\Illuminate\Testing\PendingCommand.php:675
C:\Users\Gaser\Desktop\COPRRA\vendor\laravel\framework\src\Illuminate\Foundation\Testing\Concerns\InteractsWithConsole.php:87
C:\Users\Gaser\Desktop\COPRRA\vendor\laravel\framework\src\Illuminate\Foundation\Testing\RefreshDatabase.php:101
C:\Users\Gaser\Desktop\COPRRA\vendor\laravel\framework\src\Illuminate\Foundation\Testing\RefreshDatabase.php:84
C:\Users\Gaser\Desktop\COPRRA\vendor\laravel\framework\src\Illuminate\Foundation\Testing\RefreshDatabase.php:25
C:\Users\Gaser\Desktop\COPRRA\vendor\laravel\framework\src\Illuminate\Foundation\Testing\Concerns\InteractsWithTestCaseLifecycle.php:209
C:\Users\Gaser\Desktop\COPRRA\vendor\laravel\framework\src\Illuminate\Foundation\Testing\Concerns\InteractsWithTestCaseLifecycle.php:97
C:\Users\Gaser\Desktop\COPRRA\vendor\laravel\framework\src\Illuminate\Foundation\Testing\TestCase.php:44
C:\Users\Gaser\Desktop\COPRRA\tests\TestCase.php:25</error>
        </testcase>
        <testcase name="it_has_fillable_attributes" file="C:\Users\Gaser\Desktop\COPRRA\tests\Feature\Models\RewardTest.php" line="121" class="Tests\Feature\Models\RewardTest" classname="Tests.Feature.Models.RewardTest" assertions="0" time="0.000000">
          <error type="Error">Tests\Feature\Models\RewardTest::it_has_fillable_attributes&#13;
Error: Class "Mockery" not found
&#13;
C:\Users\Gaser\Desktop\COPRRA\vendor\laravel\framework\src\Illuminate\Testing\PendingCommand.php:550
C:\Users\Gaser\Desktop\COPRRA\vendor\laravel\framework\src\Illuminate\Testing\PendingCommand.php:448
C:\Users\Gaser\Desktop\COPRRA\vendor\laravel\framework\src\Illuminate\Testing\PendingCommand.php:675
C:\Users\Gaser\Desktop\COPRRA\vendor\laravel\framework\src\Illuminate\Foundation\Testing\Concerns\InteractsWithConsole.php:87
C:\Users\Gaser\Desktop\COPRRA\vendor\laravel\framework\src\Illuminate\Foundation\Testing\RefreshDatabase.php:101
C:\Users\Gaser\Desktop\COPRRA\vendor\laravel\framework\src\Illuminate\Foundation\Testing\RefreshDatabase.php:84
C:\Users\Gaser\Desktop\COPRRA\vendor\laravel\framework\src\Illuminate\Foundation\Testing\RefreshDatabase.php:25
C:\Users\Gaser\Desktop\COPRRA\vendor\laravel\framework\src\Illuminate\Foundation\Testing\Concerns\InteractsWithTestCaseLifecycle.php:209
C:\Users\Gaser\Desktop\COPRRA\vendor\laravel\framework\src\Illuminate\Foundation\Testing\Concerns\InteractsWithTestCaseLifecycle.php:97
C:\Users\Gaser\Desktop\COPRRA\vendor\laravel\framework\src\Illuminate\Foundation\Testing\TestCase.php:44
C:\Users\Gaser\Desktop\COPRRA\tests\TestCase.php:25</error>
        </testcase>
      </testsuite>
      <testsuite name="Tests\Feature\Models\StoreTest" file="C:\Users\Gaser\Desktop\COPRRA\tests\Feature\Models\StoreTest.php" tests="3" assertions="0" errors="3" failures="0" skipped="0" time="0.000000">
        <testcase name="test_it_can_create_a_store" file="C:\Users\Gaser\Desktop\COPRRA\tests\Feature\Models\StoreTest.php" line="14" class="Tests\Feature\Models\StoreTest" classname="Tests.Feature.Models.StoreTest" assertions="0" time="0.000000">
          <error type="Error">Tests\Feature\Models\StoreTest::test_it_can_create_a_store&#13;
Error: Class "Mockery" not found
&#13;
C:\Users\Gaser\Desktop\COPRRA\vendor\laravel\framework\src\Illuminate\Testing\PendingCommand.php:550
C:\Users\Gaser\Desktop\COPRRA\vendor\laravel\framework\src\Illuminate\Testing\PendingCommand.php:448
C:\Users\Gaser\Desktop\COPRRA\vendor\laravel\framework\src\Illuminate\Testing\PendingCommand.php:675
C:\Users\Gaser\Desktop\COPRRA\vendor\laravel\framework\src\Illuminate\Foundation\Testing\Concerns\InteractsWithConsole.php:87
C:\Users\Gaser\Desktop\COPRRA\vendor\laravel\framework\src\Illuminate\Foundation\Testing\RefreshDatabase.php:101
C:\Users\Gaser\Desktop\COPRRA\vendor\laravel\framework\src\Illuminate\Foundation\Testing\RefreshDatabase.php:84
C:\Users\Gaser\Desktop\COPRRA\vendor\laravel\framework\src\Illuminate\Foundation\Testing\RefreshDatabase.php:25
C:\Users\Gaser\Desktop\COPRRA\vendor\laravel\framework\src\Illuminate\Foundation\Testing\Concerns\InteractsWithTestCaseLifecycle.php:209
C:\Users\Gaser\Desktop\COPRRA\vendor\laravel\framework\src\Illuminate\Foundation\Testing\Concerns\InteractsWithTestCaseLifecycle.php:97
C:\Users\Gaser\Desktop\COPRRA\vendor\laravel\framework\src\Illuminate\Foundation\Testing\TestCase.php:44
C:\Users\Gaser\Desktop\COPRRA\tests\TestCase.php:25
C:\Users\Gaser\Desktop\COPRRA\tests\Feature\Models\StoreTest.php:48</error>
        </testcase>
        <testcase name="test_it_has_expected_properties" file="C:\Users\Gaser\Desktop\COPRRA\tests\Feature\Models\StoreTest.php" line="25" class="Tests\Feature\Models\StoreTest" classname="Tests.Feature.Models.StoreTest" assertions="0" time="0.000000">
          <error type="Error">Tests\Feature\Models\StoreTest::test_it_has_expected_properties&#13;
Error: Class "Mockery" not found
&#13;
C:\Users\Gaser\Desktop\COPRRA\vendor\laravel\framework\src\Illuminate\Testing\PendingCommand.php:550
C:\Users\Gaser\Desktop\COPRRA\vendor\laravel\framework\src\Illuminate\Testing\PendingCommand.php:448
C:\Users\Gaser\Desktop\COPRRA\vendor\laravel\framework\src\Illuminate\Testing\PendingCommand.php:675
C:\Users\Gaser\Desktop\COPRRA\vendor\laravel\framework\src\Illuminate\Foundation\Testing\Concerns\InteractsWithConsole.php:87
C:\Users\Gaser\Desktop\COPRRA\vendor\laravel\framework\src\Illuminate\Foundation\Testing\RefreshDatabase.php:101
C:\Users\Gaser\Desktop\COPRRA\vendor\laravel\framework\src\Illuminate\Foundation\Testing\RefreshDatabase.php:84
C:\Users\Gaser\Desktop\COPRRA\vendor\laravel\framework\src\Illuminate\Foundation\Testing\RefreshDatabase.php:25
C:\Users\Gaser\Desktop\COPRRA\vendor\laravel\framework\src\Illuminate\Foundation\Testing\Concerns\InteractsWithTestCaseLifecycle.php:209
C:\Users\Gaser\Desktop\COPRRA\vendor\laravel\framework\src\Illuminate\Foundation\Testing\Concerns\InteractsWithTestCaseLifecycle.php:97
C:\Users\Gaser\Desktop\COPRRA\vendor\laravel\framework\src\Illuminate\Foundation\Testing\TestCase.php:44
C:\Users\Gaser\Desktop\COPRRA\tests\TestCase.php:25
C:\Users\Gaser\Desktop\COPRRA\tests\Feature\Models\StoreTest.php:48</error>
        </testcase>
        <testcase name="test_it_can_be_instantiated" file="C:\Users\Gaser\Desktop\COPRRA\tests\Feature\Models\StoreTest.php" line="36" class="Tests\Feature\Models\StoreTest" classname="Tests.Feature.Models.StoreTest" assertions="0" time="0.000000">
          <error type="Error">Tests\Feature\Models\StoreTest::test_it_can_be_instantiated&#13;
Error: Class "Mockery" not found
&#13;
C:\Users\Gaser\Desktop\COPRRA\vendor\laravel\framework\src\Illuminate\Testing\PendingCommand.php:550
C:\Users\Gaser\Desktop\COPRRA\vendor\laravel\framework\src\Illuminate\Testing\PendingCommand.php:448
C:\Users\Gaser\Desktop\COPRRA\vendor\laravel\framework\src\Illuminate\Testing\PendingCommand.php:675
C:\Users\Gaser\Desktop\COPRRA\vendor\laravel\framework\src\Illuminate\Foundation\Testing\Concerns\InteractsWithConsole.php:87
C:\Users\Gaser\Desktop\COPRRA\vendor\laravel\framework\src\Illuminate\Foundation\Testing\RefreshDatabase.php:101
C:\Users\Gaser\Desktop\COPRRA\vendor\laravel\framework\src\Illuminate\Foundation\Testing\RefreshDatabase.php:84
C:\Users\Gaser\Desktop\COPRRA\vendor\laravel\framework\src\Illuminate\Foundation\Testing\RefreshDatabase.php:25
C:\Users\Gaser\Desktop\COPRRA\vendor\laravel\framework\src\Illuminate\Foundation\Testing\Concerns\InteractsWithTestCaseLifecycle.php:209
C:\Users\Gaser\Desktop\COPRRA\vendor\laravel\framework\src\Illuminate\Foundation\Testing\Concerns\InteractsWithTestCaseLifecycle.php:97
C:\Users\Gaser\Desktop\COPRRA\vendor\laravel\framework\src\Illuminate\Foundation\Testing\TestCase.php:44
C:\Users\Gaser\Desktop\COPRRA\tests\TestCase.php:25
C:\Users\Gaser\Desktop\COPRRA\tests\Feature\Models\StoreTest.php:48</error>
        </testcase>
      </testsuite>
      <testsuite name="Tests\Feature\Models\UserLocaleSettingTest" file="C:\Users\Gaser\Desktop\COPRRA\tests\Feature\Models\UserLocaleSettingTest.php" tests="22" assertions="0" errors="22" failures="0" skipped="0" time="0.000000">
        <testcase name="test_it_can_create_a_user_locale_setting" file="C:\Users\Gaser\Desktop\COPRRA\tests\Feature\Models\UserLocaleSettingTest.php" line="28" class="Tests\Feature\Models\UserLocaleSettingTest" classname="Tests.Feature.Models.UserLocaleSettingTest" assertions="0" time="0.000000">
          <error type="Error">Tests\Feature\Models\UserLocaleSettingTest::test_it_can_create_a_user_locale_setting&#13;
Error: Class "Mockery" not found
&#13;
C:\Users\Gaser\Desktop\COPRRA\vendor\laravel\framework\src\Illuminate\Testing\PendingCommand.php:550
C:\Users\Gaser\Desktop\COPRRA\vendor\laravel\framework\src\Illuminate\Testing\PendingCommand.php:448
C:\Users\Gaser\Desktop\COPRRA\vendor\laravel\framework\src\Illuminate\Testing\PendingCommand.php:675
C:\Users\Gaser\Desktop\COPRRA\vendor\laravel\framework\src\Illuminate\Foundation\Testing\Concerns\InteractsWithConsole.php:87
C:\Users\Gaser\Desktop\COPRRA\vendor\laravel\framework\src\Illuminate\Foundation\Testing\RefreshDatabase.php:101
C:\Users\Gaser\Desktop\COPRRA\vendor\laravel\framework\src\Illuminate\Foundation\Testing\RefreshDatabase.php:84
C:\Users\Gaser\Desktop\COPRRA\vendor\laravel\framework\src\Illuminate\Foundation\Testing\RefreshDatabase.php:25
C:\Users\Gaser\Desktop\COPRRA\vendor\laravel\framework\src\Illuminate\Foundation\Testing\Concerns\InteractsWithTestCaseLifecycle.php:209
C:\Users\Gaser\Desktop\COPRRA\vendor\laravel\framework\src\Illuminate\Foundation\Testing\Concerns\InteractsWithTestCaseLifecycle.php:97
C:\Users\Gaser\Desktop\COPRRA\vendor\laravel\framework\src\Illuminate\Foundation\Testing\TestCase.php:44
C:\Users\Gaser\Desktop\COPRRA\tests\TestCase.php:25
C:\Users\Gaser\Desktop\COPRRA\tests\Feature\Models\UserLocaleSettingTest.php:23</error>
        </testcase>
        <testcase name="test_it_casts_attributes_correctly" file="C:\Users\Gaser\Desktop\COPRRA\tests\Feature\Models\UserLocaleSettingTest.php" line="53" class="Tests\Feature\Models\UserLocaleSettingTest" classname="Tests.Feature.Models.UserLocaleSettingTest" assertions="0" time="0.000000">
          <error type="Error">Tests\Feature\Models\UserLocaleSettingTest::test_it_casts_attributes_correctly&#13;
Error: Class "Mockery" not found
&#13;
C:\Users\Gaser\Desktop\COPRRA\vendor\laravel\framework\src\Illuminate\Testing\PendingCommand.php:550
C:\Users\Gaser\Desktop\COPRRA\vendor\laravel\framework\src\Illuminate\Testing\PendingCommand.php:448
C:\Users\Gaser\Desktop\COPRRA\vendor\laravel\framework\src\Illuminate\Testing\PendingCommand.php:675
C:\Users\Gaser\Desktop\COPRRA\vendor\laravel\framework\src\Illuminate\Foundation\Testing\Concerns\InteractsWithConsole.php:87
C:\Users\Gaser\Desktop\COPRRA\vendor\laravel\framework\src\Illuminate\Foundation\Testing\RefreshDatabase.php:101
C:\Users\Gaser\Desktop\COPRRA\vendor\laravel\framework\src\Illuminate\Foundation\Testing\RefreshDatabase.php:84
C:\Users\Gaser\Desktop\COPRRA\vendor\laravel\framework\src\Illuminate\Foundation\Testing\RefreshDatabase.php:25
C:\Users\Gaser\Desktop\COPRRA\vendor\laravel\framework\src\Illuminate\Foundation\Testing\Concerns\InteractsWithTestCaseLifecycle.php:209
C:\Users\Gaser\Desktop\COPRRA\vendor\laravel\framework\src\Illuminate\Foundation\Testing\Concerns\InteractsWithTestCaseLifecycle.php:97
C:\Users\Gaser\Desktop\COPRRA\vendor\laravel\framework\src\Illuminate\Foundation\Testing\TestCase.php:44
C:\Users\Gaser\Desktop\COPRRA\tests\TestCase.php:25
C:\Users\Gaser\Desktop\COPRRA\tests\Feature\Models\UserLocaleSettingTest.php:23</error>
        </testcase>
        <testcase name="test_it_belongs_to_user" file="C:\Users\Gaser\Desktop\COPRRA\tests\Feature\Models\UserLocaleSettingTest.php" line="71" class="Tests\Feature\Models\UserLocaleSettingTest" classname="Tests.Feature.Models.UserLocaleSettingTest" assertions="0" time="0.000000">
          <error type="Error">Tests\Feature\Models\UserLocaleSettingTest::test_it_belongs_to_user&#13;
Error: Class "Mockery" not found
&#13;
C:\Users\Gaser\Desktop\COPRRA\vendor\laravel\framework\src\Illuminate\Testing\PendingCommand.php:550
C:\Users\Gaser\Desktop\COPRRA\vendor\laravel\framework\src\Illuminate\Testing\PendingCommand.php:448
C:\Users\Gaser\Desktop\COPRRA\vendor\laravel\framework\src\Illuminate\Testing\PendingCommand.php:675
C:\Users\Gaser\Desktop\COPRRA\vendor\laravel\framework\src\Illuminate\Foundation\Testing\Concerns\InteractsWithConsole.php:87
C:\Users\Gaser\Desktop\COPRRA\vendor\laravel\framework\src\Illuminate\Foundation\Testing\RefreshDatabase.php:101
C:\Users\Gaser\Desktop\COPRRA\vendor\laravel\framework\src\Illuminate\Foundation\Testing\RefreshDatabase.php:84
C:\Users\Gaser\Desktop\COPRRA\vendor\laravel\framework\src\Illuminate\Foundation\Testing\RefreshDatabase.php:25
C:\Users\Gaser\Desktop\COPRRA\vendor\laravel\framework\src\Illuminate\Foundation\Testing\Concerns\InteractsWithTestCaseLifecycle.php:209
C:\Users\Gaser\Desktop\COPRRA\vendor\laravel\framework\src\Illuminate\Foundation\Testing\Concerns\InteractsWithTestCaseLifecycle.php:97
C:\Users\Gaser\Desktop\COPRRA\vendor\laravel\framework\src\Illuminate\Foundation\Testing\TestCase.php:44
C:\Users\Gaser\Desktop\COPRRA\tests\TestCase.php:25
C:\Users\Gaser\Desktop\COPRRA\tests\Feature\Models\UserLocaleSettingTest.php:23</error>
        </testcase>
        <testcase name="test_it_belongs_to_language" file="C:\Users\Gaser\Desktop\COPRRA\tests\Feature\Models\UserLocaleSettingTest.php" line="81" class="Tests\Feature\Models\UserLocaleSettingTest" classname="Tests.Feature.Models.UserLocaleSettingTest" assertions="0" time="0.000000">
          <error type="Error">Tests\Feature\Models\UserLocaleSettingTest::test_it_belongs_to_language&#13;
Error: Class "Mockery" not found
&#13;
C:\Users\Gaser\Desktop\COPRRA\vendor\laravel\framework\src\Illuminate\Testing\PendingCommand.php:550
C:\Users\Gaser\Desktop\COPRRA\vendor\laravel\framework\src\Illuminate\Testing\PendingCommand.php:448
C:\Users\Gaser\Desktop\COPRRA\vendor\laravel\framework\src\Illuminate\Testing\PendingCommand.php:675
C:\Users\Gaser\Desktop\COPRRA\vendor\laravel\framework\src\Illuminate\Foundation\Testing\Concerns\InteractsWithConsole.php:87
C:\Users\Gaser\Desktop\COPRRA\vendor\laravel\framework\src\Illuminate\Foundation\Testing\RefreshDatabase.php:101
C:\Users\Gaser\Desktop\COPRRA\vendor\laravel\framework\src\Illuminate\Foundation\Testing\RefreshDatabase.php:84
C:\Users\Gaser\Desktop\COPRRA\vendor\laravel\framework\src\Illuminate\Foundation\Testing\RefreshDatabase.php:25
C:\Users\Gaser\Desktop\COPRRA\vendor\laravel\framework\src\Illuminate\Foundation\Testing\Concerns\InteractsWithTestCaseLifecycle.php:209
C:\Users\Gaser\Desktop\COPRRA\vendor\laravel\framework\src\Illuminate\Foundation\Testing\Concerns\InteractsWithTestCaseLifecycle.php:97
C:\Users\Gaser\Desktop\COPRRA\vendor\laravel\framework\src\Illuminate\Foundation\Testing\TestCase.php:44
C:\Users\Gaser\Desktop\COPRRA\tests\TestCase.php:25
C:\Users\Gaser\Desktop\COPRRA\tests\Feature\Models\UserLocaleSettingTest.php:23</error>
        </testcase>
        <testcase name="test_it_belongs_to_currency" file="C:\Users\Gaser\Desktop\COPRRA\tests\Feature\Models\UserLocaleSettingTest.php" line="91" class="Tests\Feature\Models\UserLocaleSettingTest" classname="Tests.Feature.Models.UserLocaleSettingTest" assertions="0" time="0.000000">
          <error type="Error">Tests\Feature\Models\UserLocaleSettingTest::test_it_belongs_to_currency&#13;
Error: Class "Mockery" not found
&#13;
C:\Users\Gaser\Desktop\COPRRA\vendor\laravel\framework\src\Illuminate\Testing\PendingCommand.php:550
C:\Users\Gaser\Desktop\COPRRA\vendor\laravel\framework\src\Illuminate\Testing\PendingCommand.php:448
C:\Users\Gaser\Desktop\COPRRA\vendor\laravel\framework\src\Illuminate\Testing\PendingCommand.php:675
C:\Users\Gaser\Desktop\COPRRA\vendor\laravel\framework\src\Illuminate\Foundation\Testing\Concerns\InteractsWithConsole.php:87
C:\Users\Gaser\Desktop\COPRRA\vendor\laravel\framework\src\Illuminate\Foundation\Testing\RefreshDatabase.php:101
C:\Users\Gaser\Desktop\COPRRA\vendor\laravel\framework\src\Illuminate\Foundation\Testing\RefreshDatabase.php:84
C:\Users\Gaser\Desktop\COPRRA\vendor\laravel\framework\src\Illuminate\Foundation\Testing\RefreshDatabase.php:25
C:\Users\Gaser\Desktop\COPRRA\vendor\laravel\framework\src\Illuminate\Foundation\Testing\Concerns\InteractsWithTestCaseLifecycle.php:209
C:\Users\Gaser\Desktop\COPRRA\vendor\laravel\framework\src\Illuminate\Foundation\Testing\Concerns\InteractsWithTestCaseLifecycle.php:97
C:\Users\Gaser\Desktop\COPRRA\vendor\laravel\framework\src\Illuminate\Foundation\Testing\TestCase.php:44
C:\Users\Gaser\Desktop\COPRRA\tests\TestCase.php:25
C:\Users\Gaser\Desktop\COPRRA\tests\Feature\Models\UserLocaleSettingTest.php:23</error>
        </testcase>
        <testcase name="test_find_for_user_with_user_id" file="C:\Users\Gaser\Desktop\COPRRA\tests\Feature\Models\UserLocaleSettingTest.php" line="101" class="Tests\Feature\Models\UserLocaleSettingTest" classname="Tests.Feature.Models.UserLocaleSettingTest" assertions="0" time="0.000000">
          <error type="Error">Tests\Feature\Models\UserLocaleSettingTest::test_find_for_user_with_user_id&#13;
Error: Class "Mockery" not found
&#13;
C:\Users\Gaser\Desktop\COPRRA\vendor\laravel\framework\src\Illuminate\Testing\PendingCommand.php:550
C:\Users\Gaser\Desktop\COPRRA\vendor\laravel\framework\src\Illuminate\Testing\PendingCommand.php:448
C:\Users\Gaser\Desktop\COPRRA\vendor\laravel\framework\src\Illuminate\Testing\PendingCommand.php:675
C:\Users\Gaser\Desktop\COPRRA\vendor\laravel\framework\src\Illuminate\Foundation\Testing\Concerns\InteractsWithConsole.php:87
C:\Users\Gaser\Desktop\COPRRA\vendor\laravel\framework\src\Illuminate\Foundation\Testing\RefreshDatabase.php:101
C:\Users\Gaser\Desktop\COPRRA\vendor\laravel\framework\src\Illuminate\Foundation\Testing\RefreshDatabase.php:84
C:\Users\Gaser\Desktop\COPRRA\vendor\laravel\framework\src\Illuminate\Foundation\Testing\RefreshDatabase.php:25
C:\Users\Gaser\Desktop\COPRRA\vendor\laravel\framework\src\Illuminate\Foundation\Testing\Concerns\InteractsWithTestCaseLifecycle.php:209
C:\Users\Gaser\Desktop\COPRRA\vendor\laravel\framework\src\Illuminate\Foundation\Testing\Concerns\InteractsWithTestCaseLifecycle.php:97
C:\Users\Gaser\Desktop\COPRRA\vendor\laravel\framework\src\Illuminate\Foundation\Testing\TestCase.php:44
C:\Users\Gaser\Desktop\COPRRA\tests\TestCase.php:25
C:\Users\Gaser\Desktop\COPRRA\tests\Feature\Models\UserLocaleSettingTest.php:23</error>
        </testcase>
        <testcase name="test_find_for_user_with_session_id" file="C:\Users\Gaser\Desktop\COPRRA\tests\Feature\Models\UserLocaleSettingTest.php" line="121" class="Tests\Feature\Models\UserLocaleSettingTest" classname="Tests.Feature.Models.UserLocaleSettingTest" assertions="0" time="0.000000">
          <error type="Error">Tests\Feature\Models\UserLocaleSettingTest::test_find_for_user_with_session_id&#13;
Error: Class "Mockery" not found
&#13;
C:\Users\Gaser\Desktop\COPRRA\vendor\laravel\framework\src\Illuminate\Testing\PendingCommand.php:550
C:\Users\Gaser\Desktop\COPRRA\vendor\laravel\framework\src\Illuminate\Testing\PendingCommand.php:448
C:\Users\Gaser\Desktop\COPRRA\vendor\laravel\framework\src\Illuminate\Testing\PendingCommand.php:675
C:\Users\Gaser\Desktop\COPRRA\vendor\laravel\framework\src\Illuminate\Foundation\Testing\Concerns\InteractsWithConsole.php:87
C:\Users\Gaser\Desktop\COPRRA\vendor\laravel\framework\src\Illuminate\Foundation\Testing\RefreshDatabase.php:101
C:\Users\Gaser\Desktop\COPRRA\vendor\laravel\framework\src\Illuminate\Foundation\Testing\RefreshDatabase.php:84
C:\Users\Gaser\Desktop\COPRRA\vendor\laravel\framework\src\Illuminate\Foundation\Testing\RefreshDatabase.php:25
C:\Users\Gaser\Desktop\COPRRA\vendor\laravel\framework\src\Illuminate\Foundation\Testing\Concerns\InteractsWithTestCaseLifecycle.php:209
C:\Users\Gaser\Desktop\COPRRA\vendor\laravel\framework\src\Illuminate\Foundation\Testing\Concerns\InteractsWithTestCaseLifecycle.php:97
C:\Users\Gaser\Desktop\COPRRA\vendor\laravel\framework\src\Illuminate\Foundation\Testing\TestCase.php:44
C:\Users\Gaser\Desktop\COPRRA\tests\TestCase.php:25
C:\Users\Gaser\Desktop\COPRRA\tests\Feature\Models\UserLocaleSettingTest.php:23</error>
        </testcase>
        <testcase name="test_find_for_user_returns_latest_when_multiple_exist" file="C:\Users\Gaser\Desktop\COPRRA\tests\Feature\Models\UserLocaleSettingTest.php" line="142" class="Tests\Feature\Models\UserLocaleSettingTest" classname="Tests.Feature.Models.UserLocaleSettingTest" assertions="0" time="0.000000">
          <error type="Error">Tests\Feature\Models\UserLocaleSettingTest::test_find_for_user_returns_latest_when_multiple_exist&#13;
Error: Class "Mockery" not found
&#13;
C:\Users\Gaser\Desktop\COPRRA\vendor\laravel\framework\src\Illuminate\Testing\PendingCommand.php:550
C:\Users\Gaser\Desktop\COPRRA\vendor\laravel\framework\src\Illuminate\Testing\PendingCommand.php:448
C:\Users\Gaser\Desktop\COPRRA\vendor\laravel\framework\src\Illuminate\Testing\PendingCommand.php:675
C:\Users\Gaser\Desktop\COPRRA\vendor\laravel\framework\src\Illuminate\Foundation\Testing\Concerns\InteractsWithConsole.php:87
C:\Users\Gaser\Desktop\COPRRA\vendor\laravel\framework\src\Illuminate\Foundation\Testing\RefreshDatabase.php:101
C:\Users\Gaser\Desktop\COPRRA\vendor\laravel\framework\src\Illuminate\Foundation\Testing\RefreshDatabase.php:84
C:\Users\Gaser\Desktop\COPRRA\vendor\laravel\framework\src\Illuminate\Foundation\Testing\RefreshDatabase.php:25
C:\Users\Gaser\Desktop\COPRRA\vendor\laravel\framework\src\Illuminate\Foundation\Testing\Concerns\InteractsWithTestCaseLifecycle.php:209
C:\Users\Gaser\Desktop\COPRRA\vendor\laravel\framework\src\Illuminate\Foundation\Testing\Concerns\InteractsWithTestCaseLifecycle.php:97
C:\Users\Gaser\Desktop\COPRRA\vendor\laravel\framework\src\Illuminate\Foundation\Testing\TestCase.php:44
C:\Users\Gaser\Desktop\COPRRA\tests\TestCase.php:25
C:\Users\Gaser\Desktop\COPRRA\tests\Feature\Models\UserLocaleSettingTest.php:23</error>
        </testcase>
        <testcase name="test_find_for_user_returns_null_when_no_user_or_session" file="C:\Users\Gaser\Desktop\COPRRA\tests\Feature\Models\UserLocaleSettingTest.php" line="174" class="Tests\Feature\Models\UserLocaleSettingTest" classname="Tests.Feature.Models.UserLocaleSettingTest" assertions="0" time="0.000000">
          <error type="Error">Tests\Feature\Models\UserLocaleSettingTest::test_find_for_user_returns_null_when_no_user_or_session&#13;
Error: Class "Mockery" not found
&#13;
C:\Users\Gaser\Desktop\COPRRA\vendor\laravel\framework\src\Illuminate\Testing\PendingCommand.php:550
C:\Users\Gaser\Desktop\COPRRA\vendor\laravel\framework\src\Illuminate\Testing\PendingCommand.php:448
C:\Users\Gaser\Desktop\COPRRA\vendor\laravel\framework\src\Illuminate\Testing\PendingCommand.php:675
C:\Users\Gaser\Desktop\COPRRA\vendor\laravel\framework\src\Illuminate\Foundation\Testing\Concerns\InteractsWithConsole.php:87
C:\Users\Gaser\Desktop\COPRRA\vendor\laravel\framework\src\Illuminate\Foundation\Testing\RefreshDatabase.php:101
C:\Users\Gaser\Desktop\COPRRA\vendor\laravel\framework\src\Illuminate\Foundation\Testing\RefreshDatabase.php:84
C:\Users\Gaser\Desktop\COPRRA\vendor\laravel\framework\src\Illuminate\Foundation\Testing\RefreshDatabase.php:25
C:\Users\Gaser\Desktop\COPRRA\vendor\laravel\framework\src\Illuminate\Foundation\Testing\Concerns\InteractsWithTestCaseLifecycle.php:209
C:\Users\Gaser\Desktop\COPRRA\vendor\laravel\framework\src\Illuminate\Foundation\Testing\Concerns\InteractsWithTestCaseLifecycle.php:97
C:\Users\Gaser\Desktop\COPRRA\vendor\laravel\framework\src\Illuminate\Foundation\Testing\TestCase.php:44
C:\Users\Gaser\Desktop\COPRRA\tests\TestCase.php:25
C:\Users\Gaser\Desktop\COPRRA\tests\Feature\Models\UserLocaleSettingTest.php:23</error>
        </testcase>
        <testcase name="test_find_for_user_returns_null_when_no_match" file="C:\Users\Gaser\Desktop\COPRRA\tests\Feature\Models\UserLocaleSettingTest.php" line="182" class="Tests\Feature\Models\UserLocaleSettingTest" classname="Tests.Feature.Models.UserLocaleSettingTest" assertions="0" time="0.000000">
          <error type="Error">Tests\Feature\Models\UserLocaleSettingTest::test_find_for_user_returns_null_when_no_match&#13;
Error: Class "Mockery" not found
&#13;
C:\Users\Gaser\Desktop\COPRRA\vendor\laravel\framework\src\Illuminate\Testing\PendingCommand.php:550
C:\Users\Gaser\Desktop\COPRRA\vendor\laravel\framework\src\Illuminate\Testing\PendingCommand.php:448
C:\Users\Gaser\Desktop\COPRRA\vendor\laravel\framework\src\Illuminate\Testing\PendingCommand.php:675
C:\Users\Gaser\Desktop\COPRRA\vendor\laravel\framework\src\Illuminate\Foundation\Testing\Concerns\InteractsWithConsole.php:87
C:\Users\Gaser\Desktop\COPRRA\vendor\laravel\framework\src\Illuminate\Foundation\Testing\RefreshDatabase.php:101
C:\Users\Gaser\Desktop\COPRRA\vendor\laravel\framework\src\Illuminate\Foundation\Testing\RefreshDatabase.php:84
C:\Users\Gaser\Desktop\COPRRA\vendor\laravel\framework\src\Illuminate\Foundation\Testing\RefreshDatabase.php:25
C:\Users\Gaser\Desktop\COPRRA\vendor\laravel\framework\src\Illuminate\Foundation\Testing\Concerns\InteractsWithTestCaseLifecycle.php:209
C:\Users\Gaser\Desktop\COPRRA\vendor\laravel\framework\src\Illuminate\Foundation\Testing\Concerns\InteractsWithTestCaseLifecycle.php:97
C:\Users\Gaser\Desktop\COPRRA\vendor\laravel\framework\src\Illuminate\Foundation\Testing\TestCase.php:44
C:\Users\Gaser\Desktop\COPRRA\tests\TestCase.php:25
C:\Users\Gaser\Desktop\COPRRA\tests\Feature\Models\UserLocaleSettingTest.php:23</error>
        </testcase>
        <testcase name="test_update_or_create_for_user_with_user_id" file="C:\Users\Gaser\Desktop\COPRRA\tests\Feature\Models\UserLocaleSettingTest.php" line="190" class="Tests\Feature\Models\UserLocaleSettingTest" classname="Tests.Feature.Models.UserLocaleSettingTest" assertions="0" time="0.000000">
          <error type="Error">Tests\Feature\Models\UserLocaleSettingTest::test_update_or_create_for_user_with_user_id&#13;
Error: Class "Mockery" not found
&#13;
C:\Users\Gaser\Desktop\COPRRA\vendor\laravel\framework\src\Illuminate\Testing\PendingCommand.php:550
C:\Users\Gaser\Desktop\COPRRA\vendor\laravel\framework\src\Illuminate\Testing\PendingCommand.php:448
C:\Users\Gaser\Desktop\COPRRA\vendor\laravel\framework\src\Illuminate\Testing\PendingCommand.php:675
C:\Users\Gaser\Desktop\COPRRA\vendor\laravel\framework\src\Illuminate\Foundation\Testing\Concerns\InteractsWithConsole.php:87
C:\Users\Gaser\Desktop\COPRRA\vendor\laravel\framework\src\Illuminate\Foundation\Testing\RefreshDatabase.php:101
C:\Users\Gaser\Desktop\COPRRA\vendor\laravel\framework\src\Illuminate\Foundation\Testing\RefreshDatabase.php:84
C:\Users\Gaser\Desktop\COPRRA\vendor\laravel\framework\src\Illuminate\Foundation\Testing\RefreshDatabase.php:25
C:\Users\Gaser\Desktop\COPRRA\vendor\laravel\framework\src\Illuminate\Foundation\Testing\Concerns\InteractsWithTestCaseLifecycle.php:209
C:\Users\Gaser\Desktop\COPRRA\vendor\laravel\framework\src\Illuminate\Foundation\Testing\Concerns\InteractsWithTestCaseLifecycle.php:97
C:\Users\Gaser\Desktop\COPRRA\vendor\laravel\framework\src\Illuminate\Foundation\Testing\TestCase.php:44
C:\Users\Gaser\Desktop\COPRRA\tests\TestCase.php:25
C:\Users\Gaser\Desktop\COPRRA\tests\Feature\Models\UserLocaleSettingTest.php:23</error>
        </testcase>
        <testcase name="test_update_or_create_for_user_with_session_id" file="C:\Users\Gaser\Desktop\COPRRA\tests\Feature\Models\UserLocaleSettingTest.php" line="215" class="Tests\Feature\Models\UserLocaleSettingTest" classname="Tests.Feature.Models.UserLocaleSettingTest" assertions="0" time="0.000000">
          <error type="Error">Tests\Feature\Models\UserLocaleSettingTest::test_update_or_create_for_user_with_session_id&#13;
Error: Class "Mockery" not found
&#13;
C:\Users\Gaser\Desktop\COPRRA\vendor\laravel\framework\src\Illuminate\Testing\PendingCommand.php:550
C:\Users\Gaser\Desktop\COPRRA\vendor\laravel\framework\src\Illuminate\Testing\PendingCommand.php:448
C:\Users\Gaser\Desktop\COPRRA\vendor\laravel\framework\src\Illuminate\Testing\PendingCommand.php:675
C:\Users\Gaser\Desktop\COPRRA\vendor\laravel\framework\src\Illuminate\Foundation\Testing\Concerns\InteractsWithConsole.php:87
C:\Users\Gaser\Desktop\COPRRA\vendor\laravel\framework\src\Illuminate\Foundation\Testing\RefreshDatabase.php:101
C:\Users\Gaser\Desktop\COPRRA\vendor\laravel\framework\src\Illuminate\Foundation\Testing\RefreshDatabase.php:84
C:\Users\Gaser\Desktop\COPRRA\vendor\laravel\framework\src\Illuminate\Foundation\Testing\RefreshDatabase.php:25
C:\Users\Gaser\Desktop\COPRRA\vendor\laravel\framework\src\Illuminate\Foundation\Testing\Concerns\InteractsWithTestCaseLifecycle.php:209
C:\Users\Gaser\Desktop\COPRRA\vendor\laravel\framework\src\Illuminate\Foundation\Testing\Concerns\InteractsWithTestCaseLifecycle.php:97
C:\Users\Gaser\Desktop\COPRRA\vendor\laravel\framework\src\Illuminate\Foundation\Testing\TestCase.php:44
C:\Users\Gaser\Desktop\COPRRA\tests\TestCase.php:25
C:\Users\Gaser\Desktop\COPRRA\tests\Feature\Models\UserLocaleSettingTest.php:23</error>
        </testcase>
        <testcase name="test_update_or_create_for_user_updates_existing" file="C:\Users\Gaser\Desktop\COPRRA\tests\Feature\Models\UserLocaleSettingTest.php" line="240" class="Tests\Feature\Models\UserLocaleSettingTest" classname="Tests.Feature.Models.UserLocaleSettingTest" assertions="0" time="0.000000">
          <error type="Error">Tests\Feature\Models\UserLocaleSettingTest::test_update_or_create_for_user_updates_existing&#13;
Error: Class "Mockery" not found
&#13;
C:\Users\Gaser\Desktop\COPRRA\vendor\laravel\framework\src\Illuminate\Testing\PendingCommand.php:550
C:\Users\Gaser\Desktop\COPRRA\vendor\laravel\framework\src\Illuminate\Testing\PendingCommand.php:448
C:\Users\Gaser\Desktop\COPRRA\vendor\laravel\framework\src\Illuminate\Testing\PendingCommand.php:675
C:\Users\Gaser\Desktop\COPRRA\vendor\laravel\framework\src\Illuminate\Foundation\Testing\Concerns\InteractsWithConsole.php:87
C:\Users\Gaser\Desktop\COPRRA\vendor\laravel\framework\src\Illuminate\Foundation\Testing\RefreshDatabase.php:101
C:\Users\Gaser\Desktop\COPRRA\vendor\laravel\framework\src\Illuminate\Foundation\Testing\RefreshDatabase.php:84
C:\Users\Gaser\Desktop\COPRRA\vendor\laravel\framework\src\Illuminate\Foundation\Testing\RefreshDatabase.php:25
C:\Users\Gaser\Desktop\COPRRA\vendor\laravel\framework\src\Illuminate\Foundation\Testing\Concerns\InteractsWithTestCaseLifecycle.php:209
C:\Users\Gaser\Desktop\COPRRA\vendor\laravel\framework\src\Illuminate\Foundation\Testing\Concerns\InteractsWithTestCaseLifecycle.php:97
C:\Users\Gaser\Desktop\COPRRA\vendor\laravel\framework\src\Illuminate\Foundation\Testing\TestCase.php:44
C:\Users\Gaser\Desktop\COPRRA\tests\TestCase.php:25
C:\Users\Gaser\Desktop\COPRRA\tests\Feature\Models\UserLocaleSettingTest.php:23</error>
        </testcase>
        <testcase name="test_update_or_create_for_user_throws_exception_without_user_or_session" file="C:\Users\Gaser\Desktop\COPRRA\tests\Feature\Models\UserLocaleSettingTest.php" line="276" class="Tests\Feature\Models\UserLocaleSettingTest" classname="Tests.Feature.Models.UserLocaleSettingTest" assertions="0" time="0.000000">
          <error type="Error">Tests\Feature\Models\UserLocaleSettingTest::test_update_or_create_for_user_throws_exception_without_user_or_session&#13;
Error: Class "Mockery" not found
&#13;
C:\Users\Gaser\Desktop\COPRRA\vendor\laravel\framework\src\Illuminate\Testing\PendingCommand.php:550
C:\Users\Gaser\Desktop\COPRRA\vendor\laravel\framework\src\Illuminate\Testing\PendingCommand.php:448
C:\Users\Gaser\Desktop\COPRRA\vendor\laravel\framework\src\Illuminate\Testing\PendingCommand.php:675
C:\Users\Gaser\Desktop\COPRRA\vendor\laravel\framework\src\Illuminate\Foundation\Testing\Concerns\InteractsWithConsole.php:87
C:\Users\Gaser\Desktop\COPRRA\vendor\laravel\framework\src\Illuminate\Foundation\Testing\RefreshDatabase.php:101
C:\Users\Gaser\Desktop\COPRRA\vendor\laravel\framework\src\Illuminate\Foundation\Testing\RefreshDatabase.php:84
C:\Users\Gaser\Desktop\COPRRA\vendor\laravel\framework\src\Illuminate\Foundation\Testing\RefreshDatabase.php:25
C:\Users\Gaser\Desktop\COPRRA\vendor\laravel\framework\src\Illuminate\Foundation\Testing\Concerns\InteractsWithTestCaseLifecycle.php:209
C:\Users\Gaser\Desktop\COPRRA\vendor\laravel\framework\src\Illuminate\Foundation\Testing\Concerns\InteractsWithTestCaseLifecycle.php:97
C:\Users\Gaser\Desktop\COPRRA\vendor\laravel\framework\src\Illuminate\Foundation\Testing\TestCase.php:44
C:\Users\Gaser\Desktop\COPRRA\tests\TestCase.php:25
C:\Users\Gaser\Desktop\COPRRA\tests\Feature\Models\UserLocaleSettingTest.php:23</error>
        </testcase>
        <testcase name="test_update_or_create_for_user_with_minimal_parameters" file="C:\Users\Gaser\Desktop\COPRRA\tests\Feature\Models\UserLocaleSettingTest.php" line="292" class="Tests\Feature\Models\UserLocaleSettingTest" classname="Tests.Feature.Models.UserLocaleSettingTest" assertions="0" time="0.000000">
          <error type="Error">Tests\Feature\Models\UserLocaleSettingTest::test_update_or_create_for_user_with_minimal_parameters&#13;
Error: Class "Mockery" not found
&#13;
C:\Users\Gaser\Desktop\COPRRA\vendor\laravel\framework\src\Illuminate\Testing\PendingCommand.php:550
C:\Users\Gaser\Desktop\COPRRA\vendor\laravel\framework\src\Illuminate\Testing\PendingCommand.php:448
C:\Users\Gaser\Desktop\COPRRA\vendor\laravel\framework\src\Illuminate\Testing\PendingCommand.php:675
C:\Users\Gaser\Desktop\COPRRA\vendor\laravel\framework\src\Illuminate\Foundation\Testing\Concerns\InteractsWithConsole.php:87
C:\Users\Gaser\Desktop\COPRRA\vendor\laravel\framework\src\Illuminate\Foundation\Testing\RefreshDatabase.php:101
C:\Users\Gaser\Desktop\COPRRA\vendor\laravel\framework\src\Illuminate\Foundation\Testing\RefreshDatabase.php:84
C:\Users\Gaser\Desktop\COPRRA\vendor\laravel\framework\src\Illuminate\Foundation\Testing\RefreshDatabase.php:25
C:\Users\Gaser\Desktop\COPRRA\vendor\laravel\framework\src\Illuminate\Foundation\Testing\Concerns\InteractsWithTestCaseLifecycle.php:209
C:\Users\Gaser\Desktop\COPRRA\vendor\laravel\framework\src\Illuminate\Foundation\Testing\Concerns\InteractsWithTestCaseLifecycle.php:97
C:\Users\Gaser\Desktop\COPRRA\vendor\laravel\framework\src\Illuminate\Foundation\Testing\TestCase.php:44
C:\Users\Gaser\Desktop\COPRRA\tests\TestCase.php:25
C:\Users\Gaser\Desktop\COPRRA\tests\Feature\Models\UserLocaleSettingTest.php:23</error>
        </testcase>
        <testcase name="test_factory_creates_valid_user_locale_setting" file="C:\Users\Gaser\Desktop\COPRRA\tests\Feature\Models\UserLocaleSettingTest.php" line="314" class="Tests\Feature\Models\UserLocaleSettingTest" classname="Tests.Feature.Models.UserLocaleSettingTest" assertions="0" time="0.000000">
          <error type="Error">Tests\Feature\Models\UserLocaleSettingTest::test_factory_creates_valid_user_locale_setting&#13;
Error: Class "Mockery" not found
&#13;
C:\Users\Gaser\Desktop\COPRRA\vendor\laravel\framework\src\Illuminate\Testing\PendingCommand.php:550
C:\Users\Gaser\Desktop\COPRRA\vendor\laravel\framework\src\Illuminate\Testing\PendingCommand.php:448
C:\Users\Gaser\Desktop\COPRRA\vendor\laravel\framework\src\Illuminate\Testing\PendingCommand.php:675
C:\Users\Gaser\Desktop\COPRRA\vendor\laravel\framework\src\Illuminate\Foundation\Testing\Concerns\InteractsWithConsole.php:87
C:\Users\Gaser\Desktop\COPRRA\vendor\laravel\framework\src\Illuminate\Foundation\Testing\RefreshDatabase.php:101
C:\Users\Gaser\Desktop\COPRRA\vendor\laravel\framework\src\Illuminate\Foundation\Testing\RefreshDatabase.php:84
C:\Users\Gaser\Desktop\COPRRA\vendor\laravel\framework\src\Illuminate\Foundation\Testing\RefreshDatabase.php:25
C:\Users\Gaser\Desktop\COPRRA\vendor\laravel\framework\src\Illuminate\Foundation\Testing\Concerns\InteractsWithTestCaseLifecycle.php:209
C:\Users\Gaser\Desktop\COPRRA\vendor\laravel\framework\src\Illuminate\Foundation\Testing\Concerns\InteractsWithTestCaseLifecycle.php:97
C:\Users\Gaser\Desktop\COPRRA\vendor\laravel\framework\src\Illuminate\Foundation\Testing\TestCase.php:44
C:\Users\Gaser\Desktop\COPRRA\tests\TestCase.php:25
C:\Users\Gaser\Desktop\COPRRA\tests\Feature\Models\UserLocaleSettingTest.php:23</error>
        </testcase>
        <testcase name="test_fillable_attributes" file="C:\Users\Gaser\Desktop\COPRRA\tests\Feature\Models\UserLocaleSettingTest.php" line="324" class="Tests\Feature\Models\UserLocaleSettingTest" classname="Tests.Feature.Models.UserLocaleSettingTest" assertions="0" time="0.000000">
          <error type="Error">Tests\Feature\Models\UserLocaleSettingTest::test_fillable_attributes&#13;
Error: Class "Mockery" not found
&#13;
C:\Users\Gaser\Desktop\COPRRA\vendor\laravel\framework\src\Illuminate\Testing\PendingCommand.php:550
C:\Users\Gaser\Desktop\COPRRA\vendor\laravel\framework\src\Illuminate\Testing\PendingCommand.php:448
C:\Users\Gaser\Desktop\COPRRA\vendor\laravel\framework\src\Illuminate\Testing\PendingCommand.php:675
C:\Users\Gaser\Desktop\COPRRA\vendor\laravel\framework\src\Illuminate\Foundation\Testing\Concerns\InteractsWithConsole.php:87
C:\Users\Gaser\Desktop\COPRRA\vendor\laravel\framework\src\Illuminate\Foundation\Testing\RefreshDatabase.php:101
C:\Users\Gaser\Desktop\COPRRA\vendor\laravel\framework\src\Illuminate\Foundation\Testing\RefreshDatabase.php:84
C:\Users\Gaser\Desktop\COPRRA\vendor\laravel\framework\src\Illuminate\Foundation\Testing\RefreshDatabase.php:25
C:\Users\Gaser\Desktop\COPRRA\vendor\laravel\framework\src\Illuminate\Foundation\Testing\Concerns\InteractsWithTestCaseLifecycle.php:209
C:\Users\Gaser\Desktop\COPRRA\vendor\laravel\framework\src\Illuminate\Foundation\Testing\Concerns\InteractsWithTestCaseLifecycle.php:97
C:\Users\Gaser\Desktop\COPRRA\vendor\laravel\framework\src\Illuminate\Foundation\Testing\TestCase.php:44
C:\Users\Gaser\Desktop\COPRRA\tests\TestCase.php:25
C:\Users\Gaser\Desktop\COPRRA\tests\Feature\Models\UserLocaleSettingTest.php:23</error>
        </testcase>
        <testcase name="test_relationships_work_correctly" file="C:\Users\Gaser\Desktop\COPRRA\tests\Feature\Models\UserLocaleSettingTest.php" line="339" class="Tests\Feature\Models\UserLocaleSettingTest" classname="Tests.Feature.Models.UserLocaleSettingTest" assertions="0" time="0.000000">
          <error type="Error">Tests\Feature\Models\UserLocaleSettingTest::test_relationships_work_correctly&#13;
Error: Class "Mockery" not found
&#13;
C:\Users\Gaser\Desktop\COPRRA\vendor\laravel\framework\src\Illuminate\Testing\PendingCommand.php:550
C:\Users\Gaser\Desktop\COPRRA\vendor\laravel\framework\src\Illuminate\Testing\PendingCommand.php:448
C:\Users\Gaser\Desktop\COPRRA\vendor\laravel\framework\src\Illuminate\Testing\PendingCommand.php:675
C:\Users\Gaser\Desktop\COPRRA\vendor\laravel\framework\src\Illuminate\Foundation\Testing\Concerns\InteractsWithConsole.php:87
C:\Users\Gaser\Desktop\COPRRA\vendor\laravel\framework\src\Illuminate\Foundation\Testing\RefreshDatabase.php:101
C:\Users\Gaser\Desktop\COPRRA\vendor\laravel\framework\src\Illuminate\Foundation\Testing\RefreshDatabase.php:84
C:\Users\Gaser\Desktop\COPRRA\vendor\laravel\framework\src\Illuminate\Foundation\Testing\RefreshDatabase.php:25
C:\Users\Gaser\Desktop\COPRRA\vendor\laravel\framework\src\Illuminate\Foundation\Testing\Concerns\InteractsWithTestCaseLifecycle.php:209
C:\Users\Gaser\Desktop\COPRRA\vendor\laravel\framework\src\Illuminate\Foundation\Testing\Concerns\InteractsWithTestCaseLifecycle.php:97
C:\Users\Gaser\Desktop\COPRRA\vendor\laravel\framework\src\Illuminate\Foundation\Testing\TestCase.php:44
C:\Users\Gaser\Desktop\COPRRA\tests\TestCase.php:25
C:\Users\Gaser\Desktop\COPRRA\tests\Feature\Models\UserLocaleSettingTest.php:23</error>
        </testcase>
        <testcase name="test_can_have_null_user_id" file="C:\Users\Gaser\Desktop\COPRRA\tests\Feature\Models\UserLocaleSettingTest.php" line="365" class="Tests\Feature\Models\UserLocaleSettingTest" classname="Tests.Feature.Models.UserLocaleSettingTest" assertions="0" time="0.000000">
          <error type="Error">Tests\Feature\Models\UserLocaleSettingTest::test_can_have_null_user_id&#13;
Error: Class "Mockery" not found
&#13;
C:\Users\Gaser\Desktop\COPRRA\vendor\laravel\framework\src\Illuminate\Testing\PendingCommand.php:550
C:\Users\Gaser\Desktop\COPRRA\vendor\laravel\framework\src\Illuminate\Testing\PendingCommand.php:448
C:\Users\Gaser\Desktop\COPRRA\vendor\laravel\framework\src\Illuminate\Testing\PendingCommand.php:675
C:\Users\Gaser\Desktop\COPRRA\vendor\laravel\framework\src\Illuminate\Foundation\Testing\Concerns\InteractsWithConsole.php:87
C:\Users\Gaser\Desktop\COPRRA\vendor\laravel\framework\src\Illuminate\Foundation\Testing\RefreshDatabase.php:101
C:\Users\Gaser\Desktop\COPRRA\vendor\laravel\framework\src\Illuminate\Foundation\Testing\RefreshDatabase.php:84
C:\Users\Gaser\Desktop\COPRRA\vendor\laravel\framework\src\Illuminate\Foundation\Testing\RefreshDatabase.php:25
C:\Users\Gaser\Desktop\COPRRA\vendor\laravel\framework\src\Illuminate\Foundation\Testing\Concerns\InteractsWithTestCaseLifecycle.php:209
C:\Users\Gaser\Desktop\COPRRA\vendor\laravel\framework\src\Illuminate\Foundation\Testing\Concerns\InteractsWithTestCaseLifecycle.php:97
C:\Users\Gaser\Desktop\COPRRA\vendor\laravel\framework\src\Illuminate\Foundation\Testing\TestCase.php:44
C:\Users\Gaser\Desktop\COPRRA\tests\TestCase.php:25
C:\Users\Gaser\Desktop\COPRRA\tests\Feature\Models\UserLocaleSettingTest.php:23</error>
        </testcase>
        <testcase name="test_can_have_null_session_id" file="C:\Users\Gaser\Desktop\COPRRA\tests\Feature\Models\UserLocaleSettingTest.php" line="377" class="Tests\Feature\Models\UserLocaleSettingTest" classname="Tests.Feature.Models.UserLocaleSettingTest" assertions="0" time="0.000000">
          <error type="Error">Tests\Feature\Models\UserLocaleSettingTest::test_can_have_null_session_id&#13;
Error: Class "Mockery" not found
&#13;
C:\Users\Gaser\Desktop\COPRRA\vendor\laravel\framework\src\Illuminate\Testing\PendingCommand.php:550
C:\Users\Gaser\Desktop\COPRRA\vendor\laravel\framework\src\Illuminate\Testing\PendingCommand.php:448
C:\Users\Gaser\Desktop\COPRRA\vendor\laravel\framework\src\Illuminate\Testing\PendingCommand.php:675
C:\Users\Gaser\Desktop\COPRRA\vendor\laravel\framework\src\Illuminate\Foundation\Testing\Concerns\InteractsWithConsole.php:87
C:\Users\Gaser\Desktop\COPRRA\vendor\laravel\framework\src\Illuminate\Foundation\Testing\RefreshDatabase.php:101
C:\Users\Gaser\Desktop\COPRRA\vendor\laravel\framework\src\Illuminate\Foundation\Testing\RefreshDatabase.php:84
C:\Users\Gaser\Desktop\COPRRA\vendor\laravel\framework\src\Illuminate\Foundation\Testing\RefreshDatabase.php:25
C:\Users\Gaser\Desktop\COPRRA\vendor\laravel\framework\src\Illuminate\Foundation\Testing\Concerns\InteractsWithTestCaseLifecycle.php:209
C:\Users\Gaser\Desktop\COPRRA\vendor\laravel\framework\src\Illuminate\Foundation\Testing\Concerns\InteractsWithTestCaseLifecycle.php:97
C:\Users\Gaser\Desktop\COPRRA\vendor\laravel\framework\src\Illuminate\Foundation\Testing\TestCase.php:44
C:\Users\Gaser\Desktop\COPRRA\tests\TestCase.php:25
C:\Users\Gaser\Desktop\COPRRA\tests\Feature\Models\UserLocaleSettingTest.php:23</error>
        </testcase>
        <testcase name="test_can_have_null_ip_address" file="C:\Users\Gaser\Desktop\COPRRA\tests\Feature\Models\UserLocaleSettingTest.php" line="390" class="Tests\Feature\Models\UserLocaleSettingTest" classname="Tests.Feature.Models.UserLocaleSettingTest" assertions="0" time="0.000000">
          <error type="Error">Tests\Feature\Models\UserLocaleSettingTest::test_can_have_null_ip_address&#13;
Error: Class "Mockery" not found
&#13;
C:\Users\Gaser\Desktop\COPRRA\vendor\laravel\framework\src\Illuminate\Testing\PendingCommand.php:550
C:\Users\Gaser\Desktop\COPRRA\vendor\laravel\framework\src\Illuminate\Testing\PendingCommand.php:448
C:\Users\Gaser\Desktop\COPRRA\vendor\laravel\framework\src\Illuminate\Testing\PendingCommand.php:675
C:\Users\Gaser\Desktop\COPRRA\vendor\laravel\framework\src\Illuminate\Foundation\Testing\Concerns\InteractsWithConsole.php:87
C:\Users\Gaser\Desktop\COPRRA\vendor\laravel\framework\src\Illuminate\Foundation\Testing\RefreshDatabase.php:101
C:\Users\Gaser\Desktop\COPRRA\vendor\laravel\framework\src\Illuminate\Foundation\Testing\RefreshDatabase.php:84
C:\Users\Gaser\Desktop\COPRRA\vendor\laravel\framework\src\Illuminate\Foundation\Testing\RefreshDatabase.php:25
C:\Users\Gaser\Desktop\COPRRA\vendor\laravel\framework\src\Illuminate\Foundation\Testing\Concerns\InteractsWithTestCaseLifecycle.php:209
C:\Users\Gaser\Desktop\COPRRA\vendor\laravel\framework\src\Illuminate\Foundation\Testing\Concerns\InteractsWithTestCaseLifecycle.php:97
C:\Users\Gaser\Desktop\COPRRA\vendor\laravel\framework\src\Illuminate\Foundation\Testing\TestCase.php:44
C:\Users\Gaser\Desktop\COPRRA\tests\TestCase.php:25
C:\Users\Gaser\Desktop\COPRRA\tests\Feature\Models\UserLocaleSettingTest.php:23</error>
        </testcase>
        <testcase name="test_can_have_null_country_code" file="C:\Users\Gaser\Desktop\COPRRA\tests\Feature\Models\UserLocaleSettingTest.php" line="400" class="Tests\Feature\Models\UserLocaleSettingTest" classname="Tests.Feature.Models.UserLocaleSettingTest" assertions="0" time="0.000000">
          <error type="Error">Tests\Feature\Models\UserLocaleSettingTest::test_can_have_null_country_code&#13;
Error: Class "Mockery" not found
&#13;
C:\Users\Gaser\Desktop\COPRRA\vendor\laravel\framework\src\Illuminate\Testing\PendingCommand.php:550
C:\Users\Gaser\Desktop\COPRRA\vendor\laravel\framework\src\Illuminate\Testing\PendingCommand.php:448
C:\Users\Gaser\Desktop\COPRRA\vendor\laravel\framework\src\Illuminate\Testing\PendingCommand.php:675
C:\Users\Gaser\Desktop\COPRRA\vendor\laravel\framework\src\Illuminate\Foundation\Testing\Concerns\InteractsWithConsole.php:87
C:\Users\Gaser\Desktop\COPRRA\vendor\laravel\framework\src\Illuminate\Foundation\Testing\RefreshDatabase.php:101
C:\Users\Gaser\Desktop\COPRRA\vendor\laravel\framework\src\Illuminate\Foundation\Testing\RefreshDatabase.php:84
C:\Users\Gaser\Desktop\COPRRA\vendor\laravel\framework\src\Illuminate\Foundation\Testing\RefreshDatabase.php:25
C:\Users\Gaser\Desktop\COPRRA\vendor\laravel\framework\src\Illuminate\Foundation\Testing\Concerns\InteractsWithTestCaseLifecycle.php:209
C:\Users\Gaser\Desktop\COPRRA\vendor\laravel\framework\src\Illuminate\Foundation\Testing\Concerns\InteractsWithTestCaseLifecycle.php:97
C:\Users\Gaser\Desktop\COPRRA\vendor\laravel\framework\src\Illuminate\Foundation\Testing\TestCase.php:44
C:\Users\Gaser\Desktop\COPRRA\tests\TestCase.php:25
C:\Users\Gaser\Desktop\COPRRA\tests\Feature\Models\UserLocaleSettingTest.php:23</error>
        </testcase>
      </testsuite>
      <testsuite name="Tests\Feature\Models\UserPointTest" file="C:\Users\Gaser\Desktop\COPRRA\tests\Feature\Models\UserPointTest.php" tests="8" assertions="0" errors="8" failures="0" skipped="0" time="0.000000">
        <testcase name="it_can_create_a_user_point" file="C:\Users\Gaser\Desktop\COPRRA\tests\Feature\Models\UserPointTest.php" line="17" class="Tests\Feature\Models\UserPointTest" classname="Tests.Feature.Models.UserPointTest" assertions="0" time="0.000000">
          <error type="Error">Tests\Feature\Models\UserPointTest::it_can_create_a_user_point&#13;
Error: Class "Mockery" not found
&#13;
C:\Users\Gaser\Desktop\COPRRA\vendor\laravel\framework\src\Illuminate\Testing\PendingCommand.php:550
C:\Users\Gaser\Desktop\COPRRA\vendor\laravel\framework\src\Illuminate\Testing\PendingCommand.php:448
C:\Users\Gaser\Desktop\COPRRA\vendor\laravel\framework\src\Illuminate\Testing\PendingCommand.php:675
C:\Users\Gaser\Desktop\COPRRA\vendor\laravel\framework\src\Illuminate\Foundation\Testing\Concerns\InteractsWithConsole.php:87
C:\Users\Gaser\Desktop\COPRRA\vendor\laravel\framework\src\Illuminate\Foundation\Testing\RefreshDatabase.php:101
C:\Users\Gaser\Desktop\COPRRA\vendor\laravel\framework\src\Illuminate\Foundation\Testing\RefreshDatabase.php:84
C:\Users\Gaser\Desktop\COPRRA\vendor\laravel\framework\src\Illuminate\Foundation\Testing\RefreshDatabase.php:25
C:\Users\Gaser\Desktop\COPRRA\vendor\laravel\framework\src\Illuminate\Foundation\Testing\Concerns\InteractsWithTestCaseLifecycle.php:209
C:\Users\Gaser\Desktop\COPRRA\vendor\laravel\framework\src\Illuminate\Foundation\Testing\Concerns\InteractsWithTestCaseLifecycle.php:97
C:\Users\Gaser\Desktop\COPRRA\vendor\laravel\framework\src\Illuminate\Foundation\Testing\TestCase.php:44
C:\Users\Gaser\Desktop\COPRRA\tests\TestCase.php:25</error>
        </testcase>
        <testcase name="it_casts_expires_at_to_datetime" file="C:\Users\Gaser\Desktop\COPRRA\tests\Feature\Models\UserPointTest.php" line="49" class="Tests\Feature\Models\UserPointTest" classname="Tests.Feature.Models.UserPointTest" assertions="0" time="0.000000">
          <error type="Error">Tests\Feature\Models\UserPointTest::it_casts_expires_at_to_datetime&#13;
Error: Class "Mockery" not found
&#13;
C:\Users\Gaser\Desktop\COPRRA\vendor\laravel\framework\src\Illuminate\Testing\PendingCommand.php:550
C:\Users\Gaser\Desktop\COPRRA\vendor\laravel\framework\src\Illuminate\Testing\PendingCommand.php:448
C:\Users\Gaser\Desktop\COPRRA\vendor\laravel\framework\src\Illuminate\Testing\PendingCommand.php:675
C:\Users\Gaser\Desktop\COPRRA\vendor\laravel\framework\src\Illuminate\Foundation\Testing\Concerns\InteractsWithConsole.php:87
C:\Users\Gaser\Desktop\COPRRA\vendor\laravel\framework\src\Illuminate\Foundation\Testing\RefreshDatabase.php:101
C:\Users\Gaser\Desktop\COPRRA\vendor\laravel\framework\src\Illuminate\Foundation\Testing\RefreshDatabase.php:84
C:\Users\Gaser\Desktop\COPRRA\vendor\laravel\framework\src\Illuminate\Foundation\Testing\RefreshDatabase.php:25
C:\Users\Gaser\Desktop\COPRRA\vendor\laravel\framework\src\Illuminate\Foundation\Testing\Concerns\InteractsWithTestCaseLifecycle.php:209
C:\Users\Gaser\Desktop\COPRRA\vendor\laravel\framework\src\Illuminate\Foundation\Testing\Concerns\InteractsWithTestCaseLifecycle.php:97
C:\Users\Gaser\Desktop\COPRRA\vendor\laravel\framework\src\Illuminate\Foundation\Testing\TestCase.php:44
C:\Users\Gaser\Desktop\COPRRA\tests\TestCase.php:25</error>
        </testcase>
        <testcase name="it_belongs_to_user" file="C:\Users\Gaser\Desktop\COPRRA\tests\Feature\Models\UserPointTest.php" line="59" class="Tests\Feature\Models\UserPointTest" classname="Tests.Feature.Models.UserPointTest" assertions="0" time="0.000000">
          <error type="Error">Tests\Feature\Models\UserPointTest::it_belongs_to_user&#13;
Error: Class "Mockery" not found
&#13;
C:\Users\Gaser\Desktop\COPRRA\vendor\laravel\framework\src\Illuminate\Testing\PendingCommand.php:550
C:\Users\Gaser\Desktop\COPRRA\vendor\laravel\framework\src\Illuminate\Testing\PendingCommand.php:448
C:\Users\Gaser\Desktop\COPRRA\vendor\laravel\framework\src\Illuminate\Testing\PendingCommand.php:675
C:\Users\Gaser\Desktop\COPRRA\vendor\laravel\framework\src\Illuminate\Foundation\Testing\Concerns\InteractsWithConsole.php:87
C:\Users\Gaser\Desktop\COPRRA\vendor\laravel\framework\src\Illuminate\Foundation\Testing\RefreshDatabase.php:101
C:\Users\Gaser\Desktop\COPRRA\vendor\laravel\framework\src\Illuminate\Foundation\Testing\RefreshDatabase.php:84
C:\Users\Gaser\Desktop\COPRRA\vendor\laravel\framework\src\Illuminate\Foundation\Testing\RefreshDatabase.php:25
C:\Users\Gaser\Desktop\COPRRA\vendor\laravel\framework\src\Illuminate\Foundation\Testing\Concerns\InteractsWithTestCaseLifecycle.php:209
C:\Users\Gaser\Desktop\COPRRA\vendor\laravel\framework\src\Illuminate\Foundation\Testing\Concerns\InteractsWithTestCaseLifecycle.php:97
C:\Users\Gaser\Desktop\COPRRA\vendor\laravel\framework\src\Illuminate\Foundation\Testing\TestCase.php:44
C:\Users\Gaser\Desktop\COPRRA\tests\TestCase.php:25</error>
        </testcase>
        <testcase name="it_belongs_to_order" file="C:\Users\Gaser\Desktop\COPRRA\tests\Feature\Models\UserPointTest.php" line="69" class="Tests\Feature\Models\UserPointTest" classname="Tests.Feature.Models.UserPointTest" assertions="0" time="0.000000">
          <error type="Error">Tests\Feature\Models\UserPointTest::it_belongs_to_order&#13;
Error: Class "Mockery" not found
&#13;
C:\Users\Gaser\Desktop\COPRRA\vendor\laravel\framework\src\Illuminate\Testing\PendingCommand.php:550
C:\Users\Gaser\Desktop\COPRRA\vendor\laravel\framework\src\Illuminate\Testing\PendingCommand.php:448
C:\Users\Gaser\Desktop\COPRRA\vendor\laravel\framework\src\Illuminate\Testing\PendingCommand.php:675
C:\Users\Gaser\Desktop\COPRRA\vendor\laravel\framework\src\Illuminate\Foundation\Testing\Concerns\InteractsWithConsole.php:87
C:\Users\Gaser\Desktop\COPRRA\vendor\laravel\framework\src\Illuminate\Foundation\Testing\RefreshDatabase.php:101
C:\Users\Gaser\Desktop\COPRRA\vendor\laravel\framework\src\Illuminate\Foundation\Testing\RefreshDatabase.php:84
C:\Users\Gaser\Desktop\COPRRA\vendor\laravel\framework\src\Illuminate\Foundation\Testing\RefreshDatabase.php:25
C:\Users\Gaser\Desktop\COPRRA\vendor\laravel\framework\src\Illuminate\Foundation\Testing\Concerns\InteractsWithTestCaseLifecycle.php:209
C:\Users\Gaser\Desktop\COPRRA\vendor\laravel\framework\src\Illuminate\Foundation\Testing\Concerns\InteractsWithTestCaseLifecycle.php:97
C:\Users\Gaser\Desktop\COPRRA\vendor\laravel\framework\src\Illuminate\Foundation\Testing\TestCase.php:44
C:\Users\Gaser\Desktop\COPRRA\tests\TestCase.php:25</error>
        </testcase>
        <testcase name="it_has_earned_scope" file="C:\Users\Gaser\Desktop\COPRRA\tests\Feature\Models\UserPointTest.php" line="79" class="Tests\Feature\Models\UserPointTest" classname="Tests.Feature.Models.UserPointTest" assertions="0" time="0.000000">
          <error type="Error">Tests\Feature\Models\UserPointTest::it_has_earned_scope&#13;
Error: Class "Mockery" not found
&#13;
C:\Users\Gaser\Desktop\COPRRA\vendor\laravel\framework\src\Illuminate\Testing\PendingCommand.php:550
C:\Users\Gaser\Desktop\COPRRA\vendor\laravel\framework\src\Illuminate\Testing\PendingCommand.php:448
C:\Users\Gaser\Desktop\COPRRA\vendor\laravel\framework\src\Illuminate\Testing\PendingCommand.php:675
C:\Users\Gaser\Desktop\COPRRA\vendor\laravel\framework\src\Illuminate\Foundation\Testing\Concerns\InteractsWithConsole.php:87
C:\Users\Gaser\Desktop\COPRRA\vendor\laravel\framework\src\Illuminate\Foundation\Testing\RefreshDatabase.php:101
C:\Users\Gaser\Desktop\COPRRA\vendor\laravel\framework\src\Illuminate\Foundation\Testing\RefreshDatabase.php:84
C:\Users\Gaser\Desktop\COPRRA\vendor\laravel\framework\src\Illuminate\Foundation\Testing\RefreshDatabase.php:25
C:\Users\Gaser\Desktop\COPRRA\vendor\laravel\framework\src\Illuminate\Foundation\Testing\Concerns\InteractsWithTestCaseLifecycle.php:209
C:\Users\Gaser\Desktop\COPRRA\vendor\laravel\framework\src\Illuminate\Foundation\Testing\Concerns\InteractsWithTestCaseLifecycle.php:97
C:\Users\Gaser\Desktop\COPRRA\vendor\laravel\framework\src\Illuminate\Foundation\Testing\TestCase.php:44
C:\Users\Gaser\Desktop\COPRRA\tests\TestCase.php:25</error>
        </testcase>
        <testcase name="it_has_redeemed_scope" file="C:\Users\Gaser\Desktop\COPRRA\tests\Feature\Models\UserPointTest.php" line="91" class="Tests\Feature\Models\UserPointTest" classname="Tests.Feature.Models.UserPointTest" assertions="0" time="0.000000">
          <error type="Error">Tests\Feature\Models\UserPointTest::it_has_redeemed_scope&#13;
Error: Class "Mockery" not found
&#13;
C:\Users\Gaser\Desktop\COPRRA\vendor\laravel\framework\src\Illuminate\Testing\PendingCommand.php:550
C:\Users\Gaser\Desktop\COPRRA\vendor\laravel\framework\src\Illuminate\Testing\PendingCommand.php:448
C:\Users\Gaser\Desktop\COPRRA\vendor\laravel\framework\src\Illuminate\Testing\PendingCommand.php:675
C:\Users\Gaser\Desktop\COPRRA\vendor\laravel\framework\src\Illuminate\Foundation\Testing\Concerns\InteractsWithConsole.php:87
C:\Users\Gaser\Desktop\COPRRA\vendor\laravel\framework\src\Illuminate\Foundation\Testing\RefreshDatabase.php:101
C:\Users\Gaser\Desktop\COPRRA\vendor\laravel\framework\src\Illuminate\Foundation\Testing\RefreshDatabase.php:84
C:\Users\Gaser\Desktop\COPRRA\vendor\laravel\framework\src\Illuminate\Foundation\Testing\RefreshDatabase.php:25
C:\Users\Gaser\Desktop\COPRRA\vendor\laravel\framework\src\Illuminate\Foundation\Testing\Concerns\InteractsWithTestCaseLifecycle.php:209
C:\Users\Gaser\Desktop\COPRRA\vendor\laravel\framework\src\Illuminate\Foundation\Testing\Concerns\InteractsWithTestCaseLifecycle.php:97
C:\Users\Gaser\Desktop\COPRRA\vendor\laravel\framework\src\Illuminate\Foundation\Testing\TestCase.php:44
C:\Users\Gaser\Desktop\COPRRA\tests\TestCase.php:25</error>
        </testcase>
        <testcase name="it_has_valid_scope" file="C:\Users\Gaser\Desktop\COPRRA\tests\Feature\Models\UserPointTest.php" line="103" class="Tests\Feature\Models\UserPointTest" classname="Tests.Feature.Models.UserPointTest" assertions="0" time="0.000000">
          <error type="Error">Tests\Feature\Models\UserPointTest::it_has_valid_scope&#13;
Error: Class "Mockery" not found
&#13;
C:\Users\Gaser\Desktop\COPRRA\vendor\laravel\framework\src\Illuminate\Testing\PendingCommand.php:550
C:\Users\Gaser\Desktop\COPRRA\vendor\laravel\framework\src\Illuminate\Testing\PendingCommand.php:448
C:\Users\Gaser\Desktop\COPRRA\vendor\laravel\framework\src\Illuminate\Testing\PendingCommand.php:675
C:\Users\Gaser\Desktop\COPRRA\vendor\laravel\framework\src\Illuminate\Foundation\Testing\Concerns\InteractsWithConsole.php:87
C:\Users\Gaser\Desktop\COPRRA\vendor\laravel\framework\src\Illuminate\Foundation\Testing\RefreshDatabase.php:101
C:\Users\Gaser\Desktop\COPRRA\vendor\laravel\framework\src\Illuminate\Foundation\Testing\RefreshDatabase.php:84
C:\Users\Gaser\Desktop\COPRRA\vendor\laravel\framework\src\Illuminate\Foundation\Testing\RefreshDatabase.php:25
C:\Users\Gaser\Desktop\COPRRA\vendor\laravel\framework\src\Illuminate\Foundation\Testing\Concerns\InteractsWithTestCaseLifecycle.php:209
C:\Users\Gaser\Desktop\COPRRA\vendor\laravel\framework\src\Illuminate\Foundation\Testing\Concerns\InteractsWithTestCaseLifecycle.php:97
C:\Users\Gaser\Desktop\COPRRA\vendor\laravel\framework\src\Illuminate\Foundation\Testing\TestCase.php:44
C:\Users\Gaser\Desktop\COPRRA\tests\TestCase.php:25</error>
        </testcase>
        <testcase name="it_has_fillable_attributes" file="C:\Users\Gaser\Desktop\COPRRA\tests\Feature\Models\UserPointTest.php" line="120" class="Tests\Feature\Models\UserPointTest" classname="Tests.Feature.Models.UserPointTest" assertions="0" time="0.000000">
          <error type="Error">Tests\Feature\Models\UserPointTest::it_has_fillable_attributes&#13;
Error: Class "Mockery" not found
&#13;
C:\Users\Gaser\Desktop\COPRRA\vendor\laravel\framework\src\Illuminate\Testing\PendingCommand.php:550
C:\Users\Gaser\Desktop\COPRRA\vendor\laravel\framework\src\Illuminate\Testing\PendingCommand.php:448
C:\Users\Gaser\Desktop\COPRRA\vendor\laravel\framework\src\Illuminate\Testing\PendingCommand.php:675
C:\Users\Gaser\Desktop\COPRRA\vendor\laravel\framework\src\Illuminate\Foundation\Testing\Concerns\InteractsWithConsole.php:87
C:\Users\Gaser\Desktop\COPRRA\vendor\laravel\framework\src\Illuminate\Foundation\Testing\RefreshDatabase.php:101
C:\Users\Gaser\Desktop\COPRRA\vendor\laravel\framework\src\Illuminate\Foundation\Testing\RefreshDatabase.php:84
C:\Users\Gaser\Desktop\COPRRA\vendor\laravel\framework\src\Illuminate\Foundation\Testing\RefreshDatabase.php:25
C:\Users\Gaser\Desktop\COPRRA\vendor\laravel\framework\src\Illuminate\Foundation\Testing\Concerns\InteractsWithTestCaseLifecycle.php:209
C:\Users\Gaser\Desktop\COPRRA\vendor\laravel\framework\src\Illuminate\Foundation\Testing\Concerns\InteractsWithTestCaseLifecycle.php:97
C:\Users\Gaser\Desktop\COPRRA\vendor\laravel\framework\src\Illuminate\Foundation\Testing\TestCase.php:44
C:\Users\Gaser\Desktop\COPRRA\tests\TestCase.php:25</error>
        </testcase>
      </testsuite>
      <testsuite name="Tests\Feature\Models\UserTest" file="C:\Users\Gaser\Desktop\COPRRA\tests\Feature\Models\UserTest.php" tests="12" assertions="0" errors="12" failures="0" skipped="0" time="0.000000">
        <testcase name="test_it_can_create_a_user" file="C:\Users\Gaser\Desktop\COPRRA\tests\Feature\Models\UserTest.php" line="25" class="Tests\Feature\Models\UserTest" classname="Tests.Feature.Models.UserTest" assertions="0" time="0.000000">
          <error type="Error">Tests\Feature\Models\UserTest::test_it_can_create_a_user&#13;
Error: Class "Mockery" not found
&#13;
C:\Users\Gaser\Desktop\COPRRA\vendor\laravel\framework\src\Illuminate\Testing\PendingCommand.php:550
C:\Users\Gaser\Desktop\COPRRA\vendor\laravel\framework\src\Illuminate\Testing\PendingCommand.php:448
C:\Users\Gaser\Desktop\COPRRA\vendor\laravel\framework\src\Illuminate\Testing\PendingCommand.php:675
C:\Users\Gaser\Desktop\COPRRA\vendor\laravel\framework\src\Illuminate\Foundation\Testing\Concerns\InteractsWithConsole.php:87
C:\Users\Gaser\Desktop\COPRRA\vendor\laravel\framework\src\Illuminate\Foundation\Testing\RefreshDatabase.php:101
C:\Users\Gaser\Desktop\COPRRA\vendor\laravel\framework\src\Illuminate\Foundation\Testing\RefreshDatabase.php:84
C:\Users\Gaser\Desktop\COPRRA\vendor\laravel\framework\src\Illuminate\Foundation\Testing\RefreshDatabase.php:25
C:\Users\Gaser\Desktop\COPRRA\vendor\laravel\framework\src\Illuminate\Foundation\Testing\Concerns\InteractsWithTestCaseLifecycle.php:209
C:\Users\Gaser\Desktop\COPRRA\vendor\laravel\framework\src\Illuminate\Foundation\Testing\Concerns\InteractsWithTestCaseLifecycle.php:97
C:\Users\Gaser\Desktop\COPRRA\vendor\laravel\framework\src\Illuminate\Foundation\Testing\TestCase.php:44
C:\Users\Gaser\Desktop\COPRRA\tests\TestCase.php:25
C:\Users\Gaser\Desktop\COPRRA\tests\Feature\Models\UserTest.php:21</error>
        </testcase>
        <testcase name="test_it_casts_attributes_correctly" file="C:\Users\Gaser\Desktop\COPRRA\tests\Feature\Models\UserTest.php" line="56" class="Tests\Feature\Models\UserTest" classname="Tests.Feature.Models.UserTest" assertions="0" time="0.000000">
          <error type="Error">Tests\Feature\Models\UserTest::test_it_casts_attributes_correctly&#13;
Error: Class "Mockery" not found
&#13;
C:\Users\Gaser\Desktop\COPRRA\vendor\laravel\framework\src\Illuminate\Testing\PendingCommand.php:550
C:\Users\Gaser\Desktop\COPRRA\vendor\laravel\framework\src\Illuminate\Testing\PendingCommand.php:448
C:\Users\Gaser\Desktop\COPRRA\vendor\laravel\framework\src\Illuminate\Testing\PendingCommand.php:675
C:\Users\Gaser\Desktop\COPRRA\vendor\laravel\framework\src\Illuminate\Foundation\Testing\Concerns\InteractsWithConsole.php:87
C:\Users\Gaser\Desktop\COPRRA\vendor\laravel\framework\src\Illuminate\Foundation\Testing\RefreshDatabase.php:101
C:\Users\Gaser\Desktop\COPRRA\vendor\laravel\framework\src\Illuminate\Foundation\Testing\RefreshDatabase.php:84
C:\Users\Gaser\Desktop\COPRRA\vendor\laravel\framework\src\Illuminate\Foundation\Testing\RefreshDatabase.php:25
C:\Users\Gaser\Desktop\COPRRA\vendor\laravel\framework\src\Illuminate\Foundation\Testing\Concerns\InteractsWithTestCaseLifecycle.php:209
C:\Users\Gaser\Desktop\COPRRA\vendor\laravel\framework\src\Illuminate\Foundation\Testing\Concerns\InteractsWithTestCaseLifecycle.php:97
C:\Users\Gaser\Desktop\COPRRA\vendor\laravel\framework\src\Illuminate\Foundation\Testing\TestCase.php:44
C:\Users\Gaser\Desktop\COPRRA\tests\TestCase.php:25
C:\Users\Gaser\Desktop\COPRRA\tests\Feature\Models\UserTest.php:21</error>
        </testcase>
        <testcase name="test_it_hides_sensitive_attributes" file="C:\Users\Gaser\Desktop\COPRRA\tests\Feature\Models\UserTest.php" line="79" class="Tests\Feature\Models\UserTest" classname="Tests.Feature.Models.UserTest" assertions="0" time="0.000000">
          <error type="Error">Tests\Feature\Models\UserTest::test_it_hides_sensitive_attributes&#13;
Error: Class "Mockery" not found
&#13;
C:\Users\Gaser\Desktop\COPRRA\vendor\laravel\framework\src\Illuminate\Testing\PendingCommand.php:550
C:\Users\Gaser\Desktop\COPRRA\vendor\laravel\framework\src\Illuminate\Testing\PendingCommand.php:448
C:\Users\Gaser\Desktop\COPRRA\vendor\laravel\framework\src\Illuminate\Testing\PendingCommand.php:675
C:\Users\Gaser\Desktop\COPRRA\vendor\laravel\framework\src\Illuminate\Foundation\Testing\Concerns\InteractsWithConsole.php:87
C:\Users\Gaser\Desktop\COPRRA\vendor\laravel\framework\src\Illuminate\Foundation\Testing\RefreshDatabase.php:101
C:\Users\Gaser\Desktop\COPRRA\vendor\laravel\framework\src\Illuminate\Foundation\Testing\RefreshDatabase.php:84
C:\Users\Gaser\Desktop\COPRRA\vendor\laravel\framework\src\Illuminate\Foundation\Testing\RefreshDatabase.php:25
C:\Users\Gaser\Desktop\COPRRA\vendor\laravel\framework\src\Illuminate\Foundation\Testing\Concerns\InteractsWithTestCaseLifecycle.php:209
C:\Users\Gaser\Desktop\COPRRA\vendor\laravel\framework\src\Illuminate\Foundation\Testing\Concerns\InteractsWithTestCaseLifecycle.php:97
C:\Users\Gaser\Desktop\COPRRA\vendor\laravel\framework\src\Illuminate\Foundation\Testing\TestCase.php:44
C:\Users\Gaser\Desktop\COPRRA\tests\TestCase.php:25
C:\Users\Gaser\Desktop\COPRRA\tests\Feature\Models\UserTest.php:21</error>
        </testcase>
        <testcase name="test_it_has_many_reviews" file="C:\Users\Gaser\Desktop\COPRRA\tests\Feature\Models\UserTest.php" line="90" class="Tests\Feature\Models\UserTest" classname="Tests.Feature.Models.UserTest" assertions="0" time="0.000000">
          <error type="Error">Tests\Feature\Models\UserTest::test_it_has_many_reviews&#13;
Error: Class "Mockery" not found
&#13;
C:\Users\Gaser\Desktop\COPRRA\vendor\laravel\framework\src\Illuminate\Testing\PendingCommand.php:550
C:\Users\Gaser\Desktop\COPRRA\vendor\laravel\framework\src\Illuminate\Testing\PendingCommand.php:448
C:\Users\Gaser\Desktop\COPRRA\vendor\laravel\framework\src\Illuminate\Testing\PendingCommand.php:675
C:\Users\Gaser\Desktop\COPRRA\vendor\laravel\framework\src\Illuminate\Foundation\Testing\Concerns\InteractsWithConsole.php:87
C:\Users\Gaser\Desktop\COPRRA\vendor\laravel\framework\src\Illuminate\Foundation\Testing\RefreshDatabase.php:101
C:\Users\Gaser\Desktop\COPRRA\vendor\laravel\framework\src\Illuminate\Foundation\Testing\RefreshDatabase.php:84
C:\Users\Gaser\Desktop\COPRRA\vendor\laravel\framework\src\Illuminate\Foundation\Testing\RefreshDatabase.php:25
C:\Users\Gaser\Desktop\COPRRA\vendor\laravel\framework\src\Illuminate\Foundation\Testing\Concerns\InteractsWithTestCaseLifecycle.php:209
C:\Users\Gaser\Desktop\COPRRA\vendor\laravel\framework\src\Illuminate\Foundation\Testing\Concerns\InteractsWithTestCaseLifecycle.php:97
C:\Users\Gaser\Desktop\COPRRA\vendor\laravel\framework\src\Illuminate\Foundation\Testing\TestCase.php:44
C:\Users\Gaser\Desktop\COPRRA\tests\TestCase.php:25
C:\Users\Gaser\Desktop\COPRRA\tests\Feature\Models\UserTest.php:21</error>
        </testcase>
        <testcase name="test_it_has_many_wishlists" file="C:\Users\Gaser\Desktop\COPRRA\tests\Feature\Models\UserTest.php" line="104" class="Tests\Feature\Models\UserTest" classname="Tests.Feature.Models.UserTest" assertions="0" time="0.000000">
          <error type="Error">Tests\Feature\Models\UserTest::test_it_has_many_wishlists&#13;
Error: Class "Mockery" not found
&#13;
C:\Users\Gaser\Desktop\COPRRA\vendor\laravel\framework\src\Illuminate\Testing\PendingCommand.php:550
C:\Users\Gaser\Desktop\COPRRA\vendor\laravel\framework\src\Illuminate\Testing\PendingCommand.php:448
C:\Users\Gaser\Desktop\COPRRA\vendor\laravel\framework\src\Illuminate\Testing\PendingCommand.php:675
C:\Users\Gaser\Desktop\COPRRA\vendor\laravel\framework\src\Illuminate\Foundation\Testing\Concerns\InteractsWithConsole.php:87
C:\Users\Gaser\Desktop\COPRRA\vendor\laravel\framework\src\Illuminate\Foundation\Testing\RefreshDatabase.php:101
C:\Users\Gaser\Desktop\COPRRA\vendor\laravel\framework\src\Illuminate\Foundation\Testing\RefreshDatabase.php:84
C:\Users\Gaser\Desktop\COPRRA\vendor\laravel\framework\src\Illuminate\Foundation\Testing\RefreshDatabase.php:25
C:\Users\Gaser\Desktop\COPRRA\vendor\laravel\framework\src\Illuminate\Foundation\Testing\Concerns\InteractsWithTestCaseLifecycle.php:209
C:\Users\Gaser\Desktop\COPRRA\vendor\laravel\framework\src\Illuminate\Foundation\Testing\Concerns\InteractsWithTestCaseLifecycle.php:97
C:\Users\Gaser\Desktop\COPRRA\vendor\laravel\framework\src\Illuminate\Foundation\Testing\TestCase.php:44
C:\Users\Gaser\Desktop\COPRRA\tests\TestCase.php:25
C:\Users\Gaser\Desktop\COPRRA\tests\Feature\Models\UserTest.php:21</error>
        </testcase>
        <testcase name="test_it_has_many_price_alerts" file="C:\Users\Gaser\Desktop\COPRRA\tests\Feature\Models\UserTest.php" line="118" class="Tests\Feature\Models\UserTest" classname="Tests.Feature.Models.UserTest" assertions="0" time="0.000000">
          <error type="Error">Tests\Feature\Models\UserTest::test_it_has_many_price_alerts&#13;
Error: Class "Mockery" not found
&#13;
C:\Users\Gaser\Desktop\COPRRA\vendor\laravel\framework\src\Illuminate\Testing\PendingCommand.php:550
C:\Users\Gaser\Desktop\COPRRA\vendor\laravel\framework\src\Illuminate\Testing\PendingCommand.php:448
C:\Users\Gaser\Desktop\COPRRA\vendor\laravel\framework\src\Illuminate\Testing\PendingCommand.php:675
C:\Users\Gaser\Desktop\COPRRA\vendor\laravel\framework\src\Illuminate\Foundation\Testing\Concerns\InteractsWithConsole.php:87
C:\Users\Gaser\Desktop\COPRRA\vendor\laravel\framework\src\Illuminate\Foundation\Testing\RefreshDatabase.php:101
C:\Users\Gaser\Desktop\COPRRA\vendor\laravel\framework\src\Illuminate\Foundation\Testing\RefreshDatabase.php:84
C:\Users\Gaser\Desktop\COPRRA\vendor\laravel\framework\src\Illuminate\Foundation\Testing\RefreshDatabase.php:25
C:\Users\Gaser\Desktop\COPRRA\vendor\laravel\framework\src\Illuminate\Foundation\Testing\Concerns\InteractsWithTestCaseLifecycle.php:209
C:\Users\Gaser\Desktop\COPRRA\vendor\laravel\framework\src\Illuminate\Foundation\Testing\Concerns\InteractsWithTestCaseLifecycle.php:97
C:\Users\Gaser\Desktop\COPRRA\vendor\laravel\framework\src\Illuminate\Foundation\Testing\TestCase.php:44
C:\Users\Gaser\Desktop\COPRRA\tests\TestCase.php:25
C:\Users\Gaser\Desktop\COPRRA\tests\Feature\Models\UserTest.php:21</error>
        </testcase>
        <testcase name="test_it_has_one_locale_setting" file="C:\Users\Gaser\Desktop\COPRRA\tests\Feature\Models\UserTest.php" line="132" class="Tests\Feature\Models\UserTest" classname="Tests.Feature.Models.UserTest" assertions="0" time="0.000000">
          <error type="Error">Tests\Feature\Models\UserTest::test_it_has_one_locale_setting&#13;
Error: Class "Mockery" not found
&#13;
C:\Users\Gaser\Desktop\COPRRA\vendor\laravel\framework\src\Illuminate\Testing\PendingCommand.php:550
C:\Users\Gaser\Desktop\COPRRA\vendor\laravel\framework\src\Illuminate\Testing\PendingCommand.php:448
C:\Users\Gaser\Desktop\COPRRA\vendor\laravel\framework\src\Illuminate\Testing\PendingCommand.php:675
C:\Users\Gaser\Desktop\COPRRA\vendor\laravel\framework\src\Illuminate\Foundation\Testing\Concerns\InteractsWithConsole.php:87
C:\Users\Gaser\Desktop\COPRRA\vendor\laravel\framework\src\Illuminate\Foundation\Testing\RefreshDatabase.php:101
C:\Users\Gaser\Desktop\COPRRA\vendor\laravel\framework\src\Illuminate\Foundation\Testing\RefreshDatabase.php:84
C:\Users\Gaser\Desktop\COPRRA\vendor\laravel\framework\src\Illuminate\Foundation\Testing\RefreshDatabase.php:25
C:\Users\Gaser\Desktop\COPRRA\vendor\laravel\framework\src\Illuminate\Foundation\Testing\Concerns\InteractsWithTestCaseLifecycle.php:209
C:\Users\Gaser\Desktop\COPRRA\vendor\laravel\framework\src\Illuminate\Foundation\Testing\Concerns\InteractsWithTestCaseLifecycle.php:97
C:\Users\Gaser\Desktop\COPRRA\vendor\laravel\framework\src\Illuminate\Foundation\Testing\TestCase.php:44
C:\Users\Gaser\Desktop\COPRRA\tests\TestCase.php:25
C:\Users\Gaser\Desktop\COPRRA\tests\Feature\Models\UserTest.php:21</error>
        </testcase>
        <testcase name="test_is_admin_method" file="C:\Users\Gaser\Desktop\COPRRA\tests\Feature\Models\UserTest.php" line="142" class="Tests\Feature\Models\UserTest" classname="Tests.Feature.Models.UserTest" assertions="0" time="0.000000">
          <error type="Error">Tests\Feature\Models\UserTest::test_is_admin_method&#13;
Error: Class "Mockery" not found
&#13;
C:\Users\Gaser\Desktop\COPRRA\vendor\laravel\framework\src\Illuminate\Testing\PendingCommand.php:550
C:\Users\Gaser\Desktop\COPRRA\vendor\laravel\framework\src\Illuminate\Testing\PendingCommand.php:448
C:\Users\Gaser\Desktop\COPRRA\vendor\laravel\framework\src\Illuminate\Testing\PendingCommand.php:675
C:\Users\Gaser\Desktop\COPRRA\vendor\laravel\framework\src\Illuminate\Foundation\Testing\Concerns\InteractsWithConsole.php:87
C:\Users\Gaser\Desktop\COPRRA\vendor\laravel\framework\src\Illuminate\Foundation\Testing\RefreshDatabase.php:101
C:\Users\Gaser\Desktop\COPRRA\vendor\laravel\framework\src\Illuminate\Foundation\Testing\RefreshDatabase.php:84
C:\Users\Gaser\Desktop\COPRRA\vendor\laravel\framework\src\Illuminate\Foundation\Testing\RefreshDatabase.php:25
C:\Users\Gaser\Desktop\COPRRA\vendor\laravel\framework\src\Illuminate\Foundation\Testing\Concerns\InteractsWithTestCaseLifecycle.php:209
C:\Users\Gaser\Desktop\COPRRA\vendor\laravel\framework\src\Illuminate\Foundation\Testing\Concerns\InteractsWithTestCaseLifecycle.php:97
C:\Users\Gaser\Desktop\COPRRA\vendor\laravel\framework\src\Illuminate\Foundation\Testing\TestCase.php:44
C:\Users\Gaser\Desktop\COPRRA\tests\TestCase.php:25
C:\Users\Gaser\Desktop\COPRRA\tests\Feature\Models\UserTest.php:21</error>
        </testcase>
        <testcase name="test_is_banned_method" file="C:\Users\Gaser\Desktop\COPRRA\tests\Feature\Models\UserTest.php" line="152" class="Tests\Feature\Models\UserTest" classname="Tests.Feature.Models.UserTest" assertions="0" time="0.000000">
          <error type="Error">Tests\Feature\Models\UserTest::test_is_banned_method&#13;
Error: Class "Mockery" not found
&#13;
C:\Users\Gaser\Desktop\COPRRA\vendor\laravel\framework\src\Illuminate\Testing\PendingCommand.php:550
C:\Users\Gaser\Desktop\COPRRA\vendor\laravel\framework\src\Illuminate\Testing\PendingCommand.php:448
C:\Users\Gaser\Desktop\COPRRA\vendor\laravel\framework\src\Illuminate\Testing\PendingCommand.php:675
C:\Users\Gaser\Desktop\COPRRA\vendor\laravel\framework\src\Illuminate\Foundation\Testing\Concerns\InteractsWithConsole.php:87
C:\Users\Gaser\Desktop\COPRRA\vendor\laravel\framework\src\Illuminate\Foundation\Testing\RefreshDatabase.php:101
C:\Users\Gaser\Desktop\COPRRA\vendor\laravel\framework\src\Illuminate\Foundation\Testing\RefreshDatabase.php:84
C:\Users\Gaser\Desktop\COPRRA\vendor\laravel\framework\src\Illuminate\Foundation\Testing\RefreshDatabase.php:25
C:\Users\Gaser\Desktop\COPRRA\vendor\laravel\framework\src\Illuminate\Foundation\Testing\Concerns\InteractsWithTestCaseLifecycle.php:209
C:\Users\Gaser\Desktop\COPRRA\vendor\laravel\framework\src\Illuminate\Foundation\Testing\Concerns\InteractsWithTestCaseLifecycle.php:97
C:\Users\Gaser\Desktop\COPRRA\vendor\laravel\framework\src\Illuminate\Foundation\Testing\TestCase.php:44
C:\Users\Gaser\Desktop\COPRRA\tests\TestCase.php:25
C:\Users\Gaser\Desktop\COPRRA\tests\Feature\Models\UserTest.php:21</error>
        </testcase>
        <testcase name="test_is_ban_expired_method" file="C:\Users\Gaser\Desktop\COPRRA\tests\Feature\Models\UserTest.php" line="162" class="Tests\Feature\Models\UserTest" classname="Tests.Feature.Models.UserTest" assertions="0" time="0.000000">
          <error type="Error">Tests\Feature\Models\UserTest::test_is_ban_expired_method&#13;
Error: Class "Mockery" not found
&#13;
C:\Users\Gaser\Desktop\COPRRA\vendor\laravel\framework\src\Illuminate\Testing\PendingCommand.php:550
C:\Users\Gaser\Desktop\COPRRA\vendor\laravel\framework\src\Illuminate\Testing\PendingCommand.php:448
C:\Users\Gaser\Desktop\COPRRA\vendor\laravel\framework\src\Illuminate\Testing\PendingCommand.php:675
C:\Users\Gaser\Desktop\COPRRA\vendor\laravel\framework\src\Illuminate\Foundation\Testing\Concerns\InteractsWithConsole.php:87
C:\Users\Gaser\Desktop\COPRRA\vendor\laravel\framework\src\Illuminate\Foundation\Testing\RefreshDatabase.php:101
C:\Users\Gaser\Desktop\COPRRA\vendor\laravel\framework\src\Illuminate\Foundation\Testing\RefreshDatabase.php:84
C:\Users\Gaser\Desktop\COPRRA\vendor\laravel\framework\src\Illuminate\Foundation\Testing\RefreshDatabase.php:25
C:\Users\Gaser\Desktop\COPRRA\vendor\laravel\framework\src\Illuminate\Foundation\Testing\Concerns\InteractsWithTestCaseLifecycle.php:209
C:\Users\Gaser\Desktop\COPRRA\vendor\laravel\framework\src\Illuminate\Foundation\Testing\Concerns\InteractsWithTestCaseLifecycle.php:97
C:\Users\Gaser\Desktop\COPRRA\vendor\laravel\framework\src\Illuminate\Foundation\Testing\TestCase.php:44
C:\Users\Gaser\Desktop\COPRRA\tests\TestCase.php:25
C:\Users\Gaser\Desktop\COPRRA\tests\Feature\Models\UserTest.php:21</error>
        </testcase>
        <testcase name="test_fillable_attributes" file="C:\Users\Gaser\Desktop\COPRRA\tests\Feature\Models\UserTest.php" line="176" class="Tests\Feature\Models\UserTest" classname="Tests.Feature.Models.UserTest" assertions="0" time="0.000000">
          <error type="Error">Tests\Feature\Models\UserTest::test_fillable_attributes&#13;
Error: Class "Mockery" not found
&#13;
C:\Users\Gaser\Desktop\COPRRA\vendor\laravel\framework\src\Illuminate\Testing\PendingCommand.php:550
C:\Users\Gaser\Desktop\COPRRA\vendor\laravel\framework\src\Illuminate\Testing\PendingCommand.php:448
C:\Users\Gaser\Desktop\COPRRA\vendor\laravel\framework\src\Illuminate\Testing\PendingCommand.php:675
C:\Users\Gaser\Desktop\COPRRA\vendor\laravel\framework\src\Illuminate\Foundation\Testing\Concerns\InteractsWithConsole.php:87
C:\Users\Gaser\Desktop\COPRRA\vendor\laravel\framework\src\Illuminate\Foundation\Testing\RefreshDatabase.php:101
C:\Users\Gaser\Desktop\COPRRA\vendor\laravel\framework\src\Illuminate\Foundation\Testing\RefreshDatabase.php:84
C:\Users\Gaser\Desktop\COPRRA\vendor\laravel\framework\src\Illuminate\Foundation\Testing\RefreshDatabase.php:25
C:\Users\Gaser\Desktop\COPRRA\vendor\laravel\framework\src\Illuminate\Foundation\Testing\Concerns\InteractsWithTestCaseLifecycle.php:209
C:\Users\Gaser\Desktop\COPRRA\vendor\laravel\framework\src\Illuminate\Foundation\Testing\Concerns\InteractsWithTestCaseLifecycle.php:97
C:\Users\Gaser\Desktop\COPRRA\vendor\laravel\framework\src\Illuminate\Foundation\Testing\TestCase.php:44
C:\Users\Gaser\Desktop\COPRRA\tests\TestCase.php:25
C:\Users\Gaser\Desktop\COPRRA\tests\Feature\Models\UserTest.php:21</error>
        </testcase>
        <testcase name="test_factory_creates_valid_user" file="C:\Users\Gaser\Desktop\COPRRA\tests\Feature\Models\UserTest.php" line="198" class="Tests\Feature\Models\UserTest" classname="Tests.Feature.Models.UserTest" assertions="0" time="0.000000">
          <error type="Error">Tests\Feature\Models\UserTest::test_factory_creates_valid_user&#13;
Error: Class "Mockery" not found
&#13;
C:\Users\Gaser\Desktop\COPRRA\vendor\laravel\framework\src\Illuminate\Testing\PendingCommand.php:550
C:\Users\Gaser\Desktop\COPRRA\vendor\laravel\framework\src\Illuminate\Testing\PendingCommand.php:448
C:\Users\Gaser\Desktop\COPRRA\vendor\laravel\framework\src\Illuminate\Testing\PendingCommand.php:675
C:\Users\Gaser\Desktop\COPRRA\vendor\laravel\framework\src\Illuminate\Foundation\Testing\Concerns\InteractsWithConsole.php:87
C:\Users\Gaser\Desktop\COPRRA\vendor\laravel\framework\src\Illuminate\Foundation\Testing\RefreshDatabase.php:101
C:\Users\Gaser\Desktop\COPRRA\vendor\laravel\framework\src\Illuminate\Foundation\Testing\RefreshDatabase.php:84
C:\Users\Gaser\Desktop\COPRRA\vendor\laravel\framework\src\Illuminate\Foundation\Testing\RefreshDatabase.php:25
C:\Users\Gaser\Desktop\COPRRA\vendor\laravel\framework\src\Illuminate\Foundation\Testing\Concerns\InteractsWithTestCaseLifecycle.php:209
C:\Users\Gaser\Desktop\COPRRA\vendor\laravel\framework\src\Illuminate\Foundation\Testing\Concerns\InteractsWithTestCaseLifecycle.php:97
C:\Users\Gaser\Desktop\COPRRA\vendor\laravel\framework\src\Illuminate\Foundation\Testing\TestCase.php:44
C:\Users\Gaser\Desktop\COPRRA\tests\TestCase.php:25
C:\Users\Gaser\Desktop\COPRRA\tests\Feature\Models\UserTest.php:21</error>
        </testcase>
      </testsuite>
      <testsuite name="Tests\Feature\Models\WishlistTest" file="C:\Users\Gaser\Desktop\COPRRA\tests\Feature\Models\WishlistTest.php" tests="14" assertions="0" errors="14" failures="0" skipped="0" time="0.000000">
        <testcase name="test_it_can_create_a_wishlist" file="C:\Users\Gaser\Desktop\COPRRA\tests\Feature\Models\WishlistTest.php" line="21" class="Tests\Feature\Models\WishlistTest" classname="Tests.Feature.Models.WishlistTest" assertions="0" time="0.000000">
          <error type="Error">Tests\Feature\Models\WishlistTest::test_it_can_create_a_wishlist&#13;
Error: Class "Mockery" not found
&#13;
C:\Users\Gaser\Desktop\COPRRA\vendor\laravel\framework\src\Illuminate\Testing\PendingCommand.php:550
C:\Users\Gaser\Desktop\COPRRA\vendor\laravel\framework\src\Illuminate\Testing\PendingCommand.php:448
C:\Users\Gaser\Desktop\COPRRA\vendor\laravel\framework\src\Illuminate\Testing\PendingCommand.php:675
C:\Users\Gaser\Desktop\COPRRA\vendor\laravel\framework\src\Illuminate\Foundation\Testing\Concerns\InteractsWithConsole.php:87
C:\Users\Gaser\Desktop\COPRRA\vendor\laravel\framework\src\Illuminate\Foundation\Testing\RefreshDatabase.php:101
C:\Users\Gaser\Desktop\COPRRA\vendor\laravel\framework\src\Illuminate\Foundation\Testing\RefreshDatabase.php:84
C:\Users\Gaser\Desktop\COPRRA\vendor\laravel\framework\src\Illuminate\Foundation\Testing\RefreshDatabase.php:25
C:\Users\Gaser\Desktop\COPRRA\vendor\laravel\framework\src\Illuminate\Foundation\Testing\Concerns\InteractsWithTestCaseLifecycle.php:209
C:\Users\Gaser\Desktop\COPRRA\vendor\laravel\framework\src\Illuminate\Foundation\Testing\Concerns\InteractsWithTestCaseLifecycle.php:97
C:\Users\Gaser\Desktop\COPRRA\vendor\laravel\framework\src\Illuminate\Foundation\Testing\TestCase.php:44
C:\Users\Gaser\Desktop\COPRRA\tests\TestCase.php:25
C:\Users\Gaser\Desktop\COPRRA\tests\Feature\Models\WishlistTest.php:17</error>
        </testcase>
        <testcase name="test_it_belongs_to_user" file="C:\Users\Gaser\Desktop\COPRRA\tests\Feature\Models\WishlistTest.php" line="45" class="Tests\Feature\Models\WishlistTest" classname="Tests.Feature.Models.WishlistTest" assertions="0" time="0.000000">
          <error type="Error">Tests\Feature\Models\WishlistTest::test_it_belongs_to_user&#13;
Error: Class "Mockery" not found
&#13;
C:\Users\Gaser\Desktop\COPRRA\vendor\laravel\framework\src\Illuminate\Testing\PendingCommand.php:550
C:\Users\Gaser\Desktop\COPRRA\vendor\laravel\framework\src\Illuminate\Testing\PendingCommand.php:448
C:\Users\Gaser\Desktop\COPRRA\vendor\laravel\framework\src\Illuminate\Testing\PendingCommand.php:675
C:\Users\Gaser\Desktop\COPRRA\vendor\laravel\framework\src\Illuminate\Foundation\Testing\Concerns\InteractsWithConsole.php:87
C:\Users\Gaser\Desktop\COPRRA\vendor\laravel\framework\src\Illuminate\Foundation\Testing\RefreshDatabase.php:101
C:\Users\Gaser\Desktop\COPRRA\vendor\laravel\framework\src\Illuminate\Foundation\Testing\RefreshDatabase.php:84
C:\Users\Gaser\Desktop\COPRRA\vendor\laravel\framework\src\Illuminate\Foundation\Testing\RefreshDatabase.php:25
C:\Users\Gaser\Desktop\COPRRA\vendor\laravel\framework\src\Illuminate\Foundation\Testing\Concerns\InteractsWithTestCaseLifecycle.php:209
C:\Users\Gaser\Desktop\COPRRA\vendor\laravel\framework\src\Illuminate\Foundation\Testing\Concerns\InteractsWithTestCaseLifecycle.php:97
C:\Users\Gaser\Desktop\COPRRA\vendor\laravel\framework\src\Illuminate\Foundation\Testing\TestCase.php:44
C:\Users\Gaser\Desktop\COPRRA\tests\TestCase.php:25
C:\Users\Gaser\Desktop\COPRRA\tests\Feature\Models\WishlistTest.php:17</error>
        </testcase>
        <testcase name="test_it_belongs_to_product" file="C:\Users\Gaser\Desktop\COPRRA\tests\Feature\Models\WishlistTest.php" line="56" class="Tests\Feature\Models\WishlistTest" classname="Tests.Feature.Models.WishlistTest" assertions="0" time="0.000000">
          <error type="Error">Tests\Feature\Models\WishlistTest::test_it_belongs_to_product&#13;
Error: Class "Mockery" not found
&#13;
C:\Users\Gaser\Desktop\COPRRA\vendor\laravel\framework\src\Illuminate\Testing\PendingCommand.php:550
C:\Users\Gaser\Desktop\COPRRA\vendor\laravel\framework\src\Illuminate\Testing\PendingCommand.php:448
C:\Users\Gaser\Desktop\COPRRA\vendor\laravel\framework\src\Illuminate\Testing\PendingCommand.php:675
C:\Users\Gaser\Desktop\COPRRA\vendor\laravel\framework\src\Illuminate\Foundation\Testing\Concerns\InteractsWithConsole.php:87
C:\Users\Gaser\Desktop\COPRRA\vendor\laravel\framework\src\Illuminate\Foundation\Testing\RefreshDatabase.php:101
C:\Users\Gaser\Desktop\COPRRA\vendor\laravel\framework\src\Illuminate\Foundation\Testing\RefreshDatabase.php:84
C:\Users\Gaser\Desktop\COPRRA\vendor\laravel\framework\src\Illuminate\Foundation\Testing\RefreshDatabase.php:25
C:\Users\Gaser\Desktop\COPRRA\vendor\laravel\framework\src\Illuminate\Foundation\Testing\Concerns\InteractsWithTestCaseLifecycle.php:209
C:\Users\Gaser\Desktop\COPRRA\vendor\laravel\framework\src\Illuminate\Foundation\Testing\Concerns\InteractsWithTestCaseLifecycle.php:97
C:\Users\Gaser\Desktop\COPRRA\vendor\laravel\framework\src\Illuminate\Foundation\Testing\TestCase.php:44
C:\Users\Gaser\Desktop\COPRRA\tests\TestCase.php:25
C:\Users\Gaser\Desktop\COPRRA\tests\Feature\Models\WishlistTest.php:17</error>
        </testcase>
        <testcase name="test_scope_for_user" file="C:\Users\Gaser\Desktop\COPRRA\tests\Feature\Models\WishlistTest.php" line="67" class="Tests\Feature\Models\WishlistTest" classname="Tests.Feature.Models.WishlistTest" assertions="0" time="0.000000">
          <error type="Error">Tests\Feature\Models\WishlistTest::test_scope_for_user&#13;
Error: Class "Mockery" not found
&#13;
C:\Users\Gaser\Desktop\COPRRA\vendor\laravel\framework\src\Illuminate\Testing\PendingCommand.php:550
C:\Users\Gaser\Desktop\COPRRA\vendor\laravel\framework\src\Illuminate\Testing\PendingCommand.php:448
C:\Users\Gaser\Desktop\COPRRA\vendor\laravel\framework\src\Illuminate\Testing\PendingCommand.php:675
C:\Users\Gaser\Desktop\COPRRA\vendor\laravel\framework\src\Illuminate\Foundation\Testing\Concerns\InteractsWithConsole.php:87
C:\Users\Gaser\Desktop\COPRRA\vendor\laravel\framework\src\Illuminate\Foundation\Testing\RefreshDatabase.php:101
C:\Users\Gaser\Desktop\COPRRA\vendor\laravel\framework\src\Illuminate\Foundation\Testing\RefreshDatabase.php:84
C:\Users\Gaser\Desktop\COPRRA\vendor\laravel\framework\src\Illuminate\Foundation\Testing\RefreshDatabase.php:25
C:\Users\Gaser\Desktop\COPRRA\vendor\laravel\framework\src\Illuminate\Foundation\Testing\Concerns\InteractsWithTestCaseLifecycle.php:209
C:\Users\Gaser\Desktop\COPRRA\vendor\laravel\framework\src\Illuminate\Foundation\Testing\Concerns\InteractsWithTestCaseLifecycle.php:97
C:\Users\Gaser\Desktop\COPRRA\vendor\laravel\framework\src\Illuminate\Foundation\Testing\TestCase.php:44
C:\Users\Gaser\Desktop\COPRRA\tests\TestCase.php:25
C:\Users\Gaser\Desktop\COPRRA\tests\Feature\Models\WishlistTest.php:17</error>
        </testcase>
        <testcase name="test_scope_for_product" file="C:\Users\Gaser\Desktop\COPRRA\tests\Feature\Models\WishlistTest.php" line="84" class="Tests\Feature\Models\WishlistTest" classname="Tests.Feature.Models.WishlistTest" assertions="0" time="0.000000">
          <error type="Error">Tests\Feature\Models\WishlistTest::test_scope_for_product&#13;
Error: Class "Mockery" not found
&#13;
C:\Users\Gaser\Desktop\COPRRA\vendor\laravel\framework\src\Illuminate\Testing\PendingCommand.php:550
C:\Users\Gaser\Desktop\COPRRA\vendor\laravel\framework\src\Illuminate\Testing\PendingCommand.php:448
C:\Users\Gaser\Desktop\COPRRA\vendor\laravel\framework\src\Illuminate\Testing\PendingCommand.php:675
C:\Users\Gaser\Desktop\COPRRA\vendor\laravel\framework\src\Illuminate\Foundation\Testing\Concerns\InteractsWithConsole.php:87
C:\Users\Gaser\Desktop\COPRRA\vendor\laravel\framework\src\Illuminate\Foundation\Testing\RefreshDatabase.php:101
C:\Users\Gaser\Desktop\COPRRA\vendor\laravel\framework\src\Illuminate\Foundation\Testing\RefreshDatabase.php:84
C:\Users\Gaser\Desktop\COPRRA\vendor\laravel\framework\src\Illuminate\Foundation\Testing\RefreshDatabase.php:25
C:\Users\Gaser\Desktop\COPRRA\vendor\laravel\framework\src\Illuminate\Foundation\Testing\Concerns\InteractsWithTestCaseLifecycle.php:209
C:\Users\Gaser\Desktop\COPRRA\vendor\laravel\framework\src\Illuminate\Foundation\Testing\Concerns\InteractsWithTestCaseLifecycle.php:97
C:\Users\Gaser\Desktop\COPRRA\vendor\laravel\framework\src\Illuminate\Foundation\Testing\TestCase.php:44
C:\Users\Gaser\Desktop\COPRRA\tests\TestCase.php:25
C:\Users\Gaser\Desktop\COPRRA\tests\Feature\Models\WishlistTest.php:17</error>
        </testcase>
        <testcase name="test_is_product_in_wishlist" file="C:\Users\Gaser\Desktop\COPRRA\tests\Feature\Models\WishlistTest.php" line="101" class="Tests\Feature\Models\WishlistTest" classname="Tests.Feature.Models.WishlistTest" assertions="0" time="0.000000">
          <error type="Error">Tests\Feature\Models\WishlistTest::test_is_product_in_wishlist&#13;
Error: Class "Mockery" not found
&#13;
C:\Users\Gaser\Desktop\COPRRA\vendor\laravel\framework\src\Illuminate\Testing\PendingCommand.php:550
C:\Users\Gaser\Desktop\COPRRA\vendor\laravel\framework\src\Illuminate\Testing\PendingCommand.php:448
C:\Users\Gaser\Desktop\COPRRA\vendor\laravel\framework\src\Illuminate\Testing\PendingCommand.php:675
C:\Users\Gaser\Desktop\COPRRA\vendor\laravel\framework\src\Illuminate\Foundation\Testing\Concerns\InteractsWithConsole.php:87
C:\Users\Gaser\Desktop\COPRRA\vendor\laravel\framework\src\Illuminate\Foundation\Testing\RefreshDatabase.php:101
C:\Users\Gaser\Desktop\COPRRA\vendor\laravel\framework\src\Illuminate\Foundation\Testing\RefreshDatabase.php:84
C:\Users\Gaser\Desktop\COPRRA\vendor\laravel\framework\src\Illuminate\Foundation\Testing\RefreshDatabase.php:25
C:\Users\Gaser\Desktop\COPRRA\vendor\laravel\framework\src\Illuminate\Foundation\Testing\Concerns\InteractsWithTestCaseLifecycle.php:209
C:\Users\Gaser\Desktop\COPRRA\vendor\laravel\framework\src\Illuminate\Foundation\Testing\Concerns\InteractsWithTestCaseLifecycle.php:97
C:\Users\Gaser\Desktop\COPRRA\vendor\laravel\framework\src\Illuminate\Foundation\Testing\TestCase.php:44
C:\Users\Gaser\Desktop\COPRRA\tests\TestCase.php:25
C:\Users\Gaser\Desktop\COPRRA\tests\Feature\Models\WishlistTest.php:17</error>
        </testcase>
        <testcase name="test_add_to_wishlist" file="C:\Users\Gaser\Desktop\COPRRA\tests\Feature\Models\WishlistTest.php" line="113" class="Tests\Feature\Models\WishlistTest" classname="Tests.Feature.Models.WishlistTest" assertions="0" time="0.000000">
          <error type="Error">Tests\Feature\Models\WishlistTest::test_add_to_wishlist&#13;
Error: Class "Mockery" not found
&#13;
C:\Users\Gaser\Desktop\COPRRA\vendor\laravel\framework\src\Illuminate\Testing\PendingCommand.php:550
C:\Users\Gaser\Desktop\COPRRA\vendor\laravel\framework\src\Illuminate\Testing\PendingCommand.php:448
C:\Users\Gaser\Desktop\COPRRA\vendor\laravel\framework\src\Illuminate\Testing\PendingCommand.php:675
C:\Users\Gaser\Desktop\COPRRA\vendor\laravel\framework\src\Illuminate\Foundation\Testing\Concerns\InteractsWithConsole.php:87
C:\Users\Gaser\Desktop\COPRRA\vendor\laravel\framework\src\Illuminate\Foundation\Testing\RefreshDatabase.php:101
C:\Users\Gaser\Desktop\COPRRA\vendor\laravel\framework\src\Illuminate\Foundation\Testing\RefreshDatabase.php:84
C:\Users\Gaser\Desktop\COPRRA\vendor\laravel\framework\src\Illuminate\Foundation\Testing\RefreshDatabase.php:25
C:\Users\Gaser\Desktop\COPRRA\vendor\laravel\framework\src\Illuminate\Foundation\Testing\Concerns\InteractsWithTestCaseLifecycle.php:209
C:\Users\Gaser\Desktop\COPRRA\vendor\laravel\framework\src\Illuminate\Foundation\Testing\Concerns\InteractsWithTestCaseLifecycle.php:97
C:\Users\Gaser\Desktop\COPRRA\vendor\laravel\framework\src\Illuminate\Foundation\Testing\TestCase.php:44
C:\Users\Gaser\Desktop\COPRRA\tests\TestCase.php:25
C:\Users\Gaser\Desktop\COPRRA\tests\Feature\Models\WishlistTest.php:17</error>
        </testcase>
        <testcase name="test_remove_from_wishlist" file="C:\Users\Gaser\Desktop\COPRRA\tests\Feature\Models\WishlistTest.php" line="127" class="Tests\Feature\Models\WishlistTest" classname="Tests.Feature.Models.WishlistTest" assertions="0" time="0.000000">
          <error type="Error">Tests\Feature\Models\WishlistTest::test_remove_from_wishlist&#13;
Error: Class "Mockery" not found
&#13;
C:\Users\Gaser\Desktop\COPRRA\vendor\laravel\framework\src\Illuminate\Testing\PendingCommand.php:550
C:\Users\Gaser\Desktop\COPRRA\vendor\laravel\framework\src\Illuminate\Testing\PendingCommand.php:448
C:\Users\Gaser\Desktop\COPRRA\vendor\laravel\framework\src\Illuminate\Testing\PendingCommand.php:675
C:\Users\Gaser\Desktop\COPRRA\vendor\laravel\framework\src\Illuminate\Foundation\Testing\Concerns\InteractsWithConsole.php:87
C:\Users\Gaser\Desktop\COPRRA\vendor\laravel\framework\src\Illuminate\Foundation\Testing\RefreshDatabase.php:101
C:\Users\Gaser\Desktop\COPRRA\vendor\laravel\framework\src\Illuminate\Foundation\Testing\RefreshDatabase.php:84
C:\Users\Gaser\Desktop\COPRRA\vendor\laravel\framework\src\Illuminate\Foundation\Testing\RefreshDatabase.php:25
C:\Users\Gaser\Desktop\COPRRA\vendor\laravel\framework\src\Illuminate\Foundation\Testing\Concerns\InteractsWithTestCaseLifecycle.php:209
C:\Users\Gaser\Desktop\COPRRA\vendor\laravel\framework\src\Illuminate\Foundation\Testing\Concerns\InteractsWithTestCaseLifecycle.php:97
C:\Users\Gaser\Desktop\COPRRA\vendor\laravel\framework\src\Illuminate\Foundation\Testing\TestCase.php:44
C:\Users\Gaser\Desktop\COPRRA\tests\TestCase.php:25
C:\Users\Gaser\Desktop\COPRRA\tests\Feature\Models\WishlistTest.php:17</error>
        </testcase>
        <testcase name="test_get_wishlist_count" file="C:\Users\Gaser\Desktop\COPRRA\tests\Feature\Models\WishlistTest.php" line="140" class="Tests\Feature\Models\WishlistTest" classname="Tests.Feature.Models.WishlistTest" assertions="0" time="0.000000">
          <error type="Error">Tests\Feature\Models\WishlistTest::test_get_wishlist_count&#13;
Error: Class "Mockery" not found
&#13;
C:\Users\Gaser\Desktop\COPRRA\vendor\laravel\framework\src\Illuminate\Testing\PendingCommand.php:550
C:\Users\Gaser\Desktop\COPRRA\vendor\laravel\framework\src\Illuminate\Testing\PendingCommand.php:448
C:\Users\Gaser\Desktop\COPRRA\vendor\laravel\framework\src\Illuminate\Testing\PendingCommand.php:675
C:\Users\Gaser\Desktop\COPRRA\vendor\laravel\framework\src\Illuminate\Foundation\Testing\Concerns\InteractsWithConsole.php:87
C:\Users\Gaser\Desktop\COPRRA\vendor\laravel\framework\src\Illuminate\Foundation\Testing\RefreshDatabase.php:101
C:\Users\Gaser\Desktop\COPRRA\vendor\laravel\framework\src\Illuminate\Foundation\Testing\RefreshDatabase.php:84
C:\Users\Gaser\Desktop\COPRRA\vendor\laravel\framework\src\Illuminate\Foundation\Testing\RefreshDatabase.php:25
C:\Users\Gaser\Desktop\COPRRA\vendor\laravel\framework\src\Illuminate\Foundation\Testing\Concerns\InteractsWithTestCaseLifecycle.php:209
C:\Users\Gaser\Desktop\COPRRA\vendor\laravel\framework\src\Illuminate\Foundation\Testing\Concerns\InteractsWithTestCaseLifecycle.php:97
C:\Users\Gaser\Desktop\COPRRA\vendor\laravel\framework\src\Illuminate\Foundation\Testing\TestCase.php:44
C:\Users\Gaser\Desktop\COPRRA\tests\TestCase.php:25
C:\Users\Gaser\Desktop\COPRRA\tests\Feature\Models\WishlistTest.php:17</error>
        </testcase>
        <testcase name="test_validation_passes_with_valid_data" file="C:\Users\Gaser\Desktop\COPRRA\tests\Feature\Models\WishlistTest.php" line="155" class="Tests\Feature\Models\WishlistTest" classname="Tests.Feature.Models.WishlistTest" assertions="0" time="0.000000">
          <error type="Error">Tests\Feature\Models\WishlistTest::test_validation_passes_with_valid_data&#13;
Error: Class "Mockery" not found
&#13;
C:\Users\Gaser\Desktop\COPRRA\vendor\laravel\framework\src\Illuminate\Testing\PendingCommand.php:550
C:\Users\Gaser\Desktop\COPRRA\vendor\laravel\framework\src\Illuminate\Testing\PendingCommand.php:448
C:\Users\Gaser\Desktop\COPRRA\vendor\laravel\framework\src\Illuminate\Testing\PendingCommand.php:675
C:\Users\Gaser\Desktop\COPRRA\vendor\laravel\framework\src\Illuminate\Foundation\Testing\Concerns\InteractsWithConsole.php:87
C:\Users\Gaser\Desktop\COPRRA\vendor\laravel\framework\src\Illuminate\Foundation\Testing\RefreshDatabase.php:101
C:\Users\Gaser\Desktop\COPRRA\vendor\laravel\framework\src\Illuminate\Foundation\Testing\RefreshDatabase.php:84
C:\Users\Gaser\Desktop\COPRRA\vendor\laravel\framework\src\Illuminate\Foundation\Testing\RefreshDatabase.php:25
C:\Users\Gaser\Desktop\COPRRA\vendor\laravel\framework\src\Illuminate\Foundation\Testing\Concerns\InteractsWithTestCaseLifecycle.php:209
C:\Users\Gaser\Desktop\COPRRA\vendor\laravel\framework\src\Illuminate\Foundation\Testing\Concerns\InteractsWithTestCaseLifecycle.php:97
C:\Users\Gaser\Desktop\COPRRA\vendor\laravel\framework\src\Illuminate\Foundation\Testing\TestCase.php:44
C:\Users\Gaser\Desktop\COPRRA\tests\TestCase.php:25
C:\Users\Gaser\Desktop\COPRRA\tests\Feature\Models\WishlistTest.php:17</error>
        </testcase>
        <testcase name="test_validation_fails_with_missing_required_fields" file="C:\Users\Gaser\Desktop\COPRRA\tests\Feature\Models\WishlistTest.php" line="171" class="Tests\Feature\Models\WishlistTest" classname="Tests.Feature.Models.WishlistTest" assertions="0" time="0.000000">
          <error type="Error">Tests\Feature\Models\WishlistTest::test_validation_fails_with_missing_required_fields&#13;
Error: Class "Mockery" not found
&#13;
C:\Users\Gaser\Desktop\COPRRA\vendor\laravel\framework\src\Illuminate\Testing\PendingCommand.php:550
C:\Users\Gaser\Desktop\COPRRA\vendor\laravel\framework\src\Illuminate\Testing\PendingCommand.php:448
C:\Users\Gaser\Desktop\COPRRA\vendor\laravel\framework\src\Illuminate\Testing\PendingCommand.php:675
C:\Users\Gaser\Desktop\COPRRA\vendor\laravel\framework\src\Illuminate\Foundation\Testing\Concerns\InteractsWithConsole.php:87
C:\Users\Gaser\Desktop\COPRRA\vendor\laravel\framework\src\Illuminate\Foundation\Testing\RefreshDatabase.php:101
C:\Users\Gaser\Desktop\COPRRA\vendor\laravel\framework\src\Illuminate\Foundation\Testing\RefreshDatabase.php:84
C:\Users\Gaser\Desktop\COPRRA\vendor\laravel\framework\src\Illuminate\Foundation\Testing\RefreshDatabase.php:25
C:\Users\Gaser\Desktop\COPRRA\vendor\laravel\framework\src\Illuminate\Foundation\Testing\Concerns\InteractsWithTestCaseLifecycle.php:209
C:\Users\Gaser\Desktop\COPRRA\vendor\laravel\framework\src\Illuminate\Foundation\Testing\Concerns\InteractsWithTestCaseLifecycle.php:97
C:\Users\Gaser\Desktop\COPRRA\vendor\laravel\framework\src\Illuminate\Foundation\Testing\TestCase.php:44
C:\Users\Gaser\Desktop\COPRRA\tests\TestCase.php:25
C:\Users\Gaser\Desktop\COPRRA\tests\Feature\Models\WishlistTest.php:17</error>
        </testcase>
        <testcase name="test_soft_deletes" file="C:\Users\Gaser\Desktop\COPRRA\tests\Feature\Models\WishlistTest.php" line="182" class="Tests\Feature\Models\WishlistTest" classname="Tests.Feature.Models.WishlistTest" assertions="0" time="0.000000">
          <error type="Error">Tests\Feature\Models\WishlistTest::test_soft_deletes&#13;
Error: Class "Mockery" not found
&#13;
C:\Users\Gaser\Desktop\COPRRA\vendor\laravel\framework\src\Illuminate\Testing\PendingCommand.php:550
C:\Users\Gaser\Desktop\COPRRA\vendor\laravel\framework\src\Illuminate\Testing\PendingCommand.php:448
C:\Users\Gaser\Desktop\COPRRA\vendor\laravel\framework\src\Illuminate\Testing\PendingCommand.php:675
C:\Users\Gaser\Desktop\COPRRA\vendor\laravel\framework\src\Illuminate\Foundation\Testing\Concerns\InteractsWithConsole.php:87
C:\Users\Gaser\Desktop\COPRRA\vendor\laravel\framework\src\Illuminate\Foundation\Testing\RefreshDatabase.php:101
C:\Users\Gaser\Desktop\COPRRA\vendor\laravel\framework\src\Illuminate\Foundation\Testing\RefreshDatabase.php:84
C:\Users\Gaser\Desktop\COPRRA\vendor\laravel\framework\src\Illuminate\Foundation\Testing\RefreshDatabase.php:25
C:\Users\Gaser\Desktop\COPRRA\vendor\laravel\framework\src\Illuminate\Foundation\Testing\Concerns\InteractsWithTestCaseLifecycle.php:209
C:\Users\Gaser\Desktop\COPRRA\vendor\laravel\framework\src\Illuminate\Foundation\Testing\Concerns\InteractsWithTestCaseLifecycle.php:97
C:\Users\Gaser\Desktop\COPRRA\vendor\laravel\framework\src\Illuminate\Foundation\Testing\TestCase.php:44
C:\Users\Gaser\Desktop\COPRRA\tests\TestCase.php:25
C:\Users\Gaser\Desktop\COPRRA\tests\Feature\Models\WishlistTest.php:17</error>
        </testcase>
        <testcase name="test_fillable_attributes" file="C:\Users\Gaser\Desktop\COPRRA\tests\Feature\Models\WishlistTest.php" line="194" class="Tests\Feature\Models\WishlistTest" classname="Tests.Feature.Models.WishlistTest" assertions="0" time="0.000000">
          <error type="Error">Tests\Feature\Models\WishlistTest::test_fillable_attributes&#13;
Error: Class "Mockery" not found
&#13;
C:\Users\Gaser\Desktop\COPRRA\vendor\laravel\framework\src\Illuminate\Testing\PendingCommand.php:550
C:\Users\Gaser\Desktop\COPRRA\vendor\laravel\framework\src\Illuminate\Testing\PendingCommand.php:448
C:\Users\Gaser\Desktop\COPRRA\vendor\laravel\framework\src\Illuminate\Testing\PendingCommand.php:675
C:\Users\Gaser\Desktop\COPRRA\vendor\laravel\framework\src\Illuminate\Foundation\Testing\Concerns\InteractsWithConsole.php:87
C:\Users\Gaser\Desktop\COPRRA\vendor\laravel\framework\src\Illuminate\Foundation\Testing\RefreshDatabase.php:101
C:\Users\Gaser\Desktop\COPRRA\vendor\laravel\framework\src\Illuminate\Foundation\Testing\RefreshDatabase.php:84
C:\Users\Gaser\Desktop\COPRRA\vendor\laravel\framework\src\Illuminate\Foundation\Testing\RefreshDatabase.php:25
C:\Users\Gaser\Desktop\COPRRA\vendor\laravel\framework\src\Illuminate\Foundation\Testing\Concerns\InteractsWithTestCaseLifecycle.php:209
C:\Users\Gaser\Desktop\COPRRA\vendor\laravel\framework\src\Illuminate\Foundation\Testing\Concerns\InteractsWithTestCaseLifecycle.php:97
C:\Users\Gaser\Desktop\COPRRA\vendor\laravel\framework\src\Illuminate\Foundation\Testing\TestCase.php:44
C:\Users\Gaser\Desktop\COPRRA\tests\TestCase.php:25
C:\Users\Gaser\Desktop\COPRRA\tests\Feature\Models\WishlistTest.php:17</error>
        </testcase>
        <testcase name="test_factory_creates_valid_wishlist" file="C:\Users\Gaser\Desktop\COPRRA\tests\Feature\Models\WishlistTest.php" line="206" class="Tests\Feature\Models\WishlistTest" classname="Tests.Feature.Models.WishlistTest" assertions="0" time="0.000000">
          <error type="Error">Tests\Feature\Models\WishlistTest::test_factory_creates_valid_wishlist&#13;
Error: Class "Mockery" not found
&#13;
C:\Users\Gaser\Desktop\COPRRA\vendor\laravel\framework\src\Illuminate\Testing\PendingCommand.php:550
C:\Users\Gaser\Desktop\COPRRA\vendor\laravel\framework\src\Illuminate\Testing\PendingCommand.php:448
C:\Users\Gaser\Desktop\COPRRA\vendor\laravel\framework\src\Illuminate\Testing\PendingCommand.php:675
C:\Users\Gaser\Desktop\COPRRA\vendor\laravel\framework\src\Illuminate\Foundation\Testing\Concerns\InteractsWithConsole.php:87
C:\Users\Gaser\Desktop\COPRRA\vendor\laravel\framework\src\Illuminate\Foundation\Testing\RefreshDatabase.php:101
C:\Users\Gaser\Desktop\COPRRA\vendor\laravel\framework\src\Illuminate\Foundation\Testing\RefreshDatabase.php:84
C:\Users\Gaser\Desktop\COPRRA\vendor\laravel\framework\src\Illuminate\Foundation\Testing\RefreshDatabase.php:25
C:\Users\Gaser\Desktop\COPRRA\vendor\laravel\framework\src\Illuminate\Foundation\Testing\Concerns\InteractsWithTestCaseLifecycle.php:209
C:\Users\Gaser\Desktop\COPRRA\vendor\laravel\framework\src\Illuminate\Foundation\Testing\Concerns\InteractsWithTestCaseLifecycle.php:97
C:\Users\Gaser\Desktop\COPRRA\vendor\laravel\framework\src\Illuminate\Foundation\Testing\TestCase.php:44
C:\Users\Gaser\Desktop\COPRRA\tests\TestCase.php:25
C:\Users\Gaser\Desktop\COPRRA\tests\Feature\Models\WishlistTest.php:17</error>
        </testcase>
      </testsuite>
      <testsuite name="Tests\Feature\Performance\PerformanceTest" file="C:\Users\Gaser\Desktop\COPRRA\tests\Feature\Performance\PerformanceTest.php" tests="3" assertions="0" errors="3" failures="0" skipped="0" time="0.000000">
        <testcase name="test_basic_functionality" file="C:\Users\Gaser\Desktop\COPRRA\tests\Feature\Performance\PerformanceTest.php" line="16" class="Tests\Feature\Performance\PerformanceTest" classname="Tests.Feature.Performance.PerformanceTest" assertions="0" time="0.000000">
          <error type="Error">Tests\Feature\Performance\PerformanceTest::test_basic_functionality&#13;
Error: Class "Mockery" not found
&#13;
C:\Users\Gaser\Desktop\COPRRA\vendor\laravel\framework\src\Illuminate\Testing\PendingCommand.php:550
C:\Users\Gaser\Desktop\COPRRA\vendor\laravel\framework\src\Illuminate\Testing\PendingCommand.php:448
C:\Users\Gaser\Desktop\COPRRA\vendor\laravel\framework\src\Illuminate\Testing\PendingCommand.php:675
C:\Users\Gaser\Desktop\COPRRA\vendor\laravel\framework\src\Illuminate\Foundation\Testing\Concerns\InteractsWithConsole.php:87
C:\Users\Gaser\Desktop\COPRRA\vendor\laravel\framework\src\Illuminate\Foundation\Testing\RefreshDatabase.php:101
C:\Users\Gaser\Desktop\COPRRA\vendor\laravel\framework\src\Illuminate\Foundation\Testing\RefreshDatabase.php:84
C:\Users\Gaser\Desktop\COPRRA\vendor\laravel\framework\src\Illuminate\Foundation\Testing\RefreshDatabase.php:25
C:\Users\Gaser\Desktop\COPRRA\vendor\laravel\framework\src\Illuminate\Foundation\Testing\Concerns\InteractsWithTestCaseLifecycle.php:209
C:\Users\Gaser\Desktop\COPRRA\vendor\laravel\framework\src\Illuminate\Foundation\Testing\Concerns\InteractsWithTestCaseLifecycle.php:97
C:\Users\Gaser\Desktop\COPRRA\vendor\laravel\framework\src\Illuminate\Foundation\Testing\TestCase.php:44
C:\Users\Gaser\Desktop\COPRRA\tests\TestCase.php:25
C:\Users\Gaser\Desktop\COPRRA\tests\Feature\Performance\PerformanceTest.php:38</error>
        </testcase>
        <testcase name="test_expected_behavior" file="C:\Users\Gaser\Desktop\COPRRA\tests\Feature\Performance\PerformanceTest.php" line="23" class="Tests\Feature\Performance\PerformanceTest" classname="Tests.Feature.Performance.PerformanceTest" assertions="0" time="0.000000">
          <error type="Error">Tests\Feature\Performance\PerformanceTest::test_expected_behavior&#13;
Error: Class "Mockery" not found
&#13;
C:\Users\Gaser\Desktop\COPRRA\vendor\laravel\framework\src\Illuminate\Testing\PendingCommand.php:550
C:\Users\Gaser\Desktop\COPRRA\vendor\laravel\framework\src\Illuminate\Testing\PendingCommand.php:448
C:\Users\Gaser\Desktop\COPRRA\vendor\laravel\framework\src\Illuminate\Testing\PendingCommand.php:675
C:\Users\Gaser\Desktop\COPRRA\vendor\laravel\framework\src\Illuminate\Foundation\Testing\Concerns\InteractsWithConsole.php:87
C:\Users\Gaser\Desktop\COPRRA\vendor\laravel\framework\src\Illuminate\Foundation\Testing\RefreshDatabase.php:101
C:\Users\Gaser\Desktop\COPRRA\vendor\laravel\framework\src\Illuminate\Foundation\Testing\RefreshDatabase.php:84
C:\Users\Gaser\Desktop\COPRRA\vendor\laravel\framework\src\Illuminate\Foundation\Testing\RefreshDatabase.php:25
C:\Users\Gaser\Desktop\COPRRA\vendor\laravel\framework\src\Illuminate\Foundation\Testing\Concerns\InteractsWithTestCaseLifecycle.php:209
C:\Users\Gaser\Desktop\COPRRA\vendor\laravel\framework\src\Illuminate\Foundation\Testing\Concerns\InteractsWithTestCaseLifecycle.php:97
C:\Users\Gaser\Desktop\COPRRA\vendor\laravel\framework\src\Illuminate\Foundation\Testing\TestCase.php:44
C:\Users\Gaser\Desktop\COPRRA\tests\TestCase.php:25
C:\Users\Gaser\Desktop\COPRRA\tests\Feature\Performance\PerformanceTest.php:38</error>
        </testcase>
        <testcase name="test_validation" file="C:\Users\Gaser\Desktop\COPRRA\tests\Feature\Performance\PerformanceTest.php" line="30" class="Tests\Feature\Performance\PerformanceTest" classname="Tests.Feature.Performance.PerformanceTest" assertions="0" time="0.000000">
          <error type="Error">Tests\Feature\Performance\PerformanceTest::test_validation&#13;
Error: Class "Mockery" not found
&#13;
C:\Users\Gaser\Desktop\COPRRA\vendor\laravel\framework\src\Illuminate\Testing\PendingCommand.php:550
C:\Users\Gaser\Desktop\COPRRA\vendor\laravel\framework\src\Illuminate\Testing\PendingCommand.php:448
C:\Users\Gaser\Desktop\COPRRA\vendor\laravel\framework\src\Illuminate\Testing\PendingCommand.php:675
C:\Users\Gaser\Desktop\COPRRA\vendor\laravel\framework\src\Illuminate\Foundation\Testing\Concerns\InteractsWithConsole.php:87
C:\Users\Gaser\Desktop\COPRRA\vendor\laravel\framework\src\Illuminate\Foundation\Testing\RefreshDatabase.php:101
C:\Users\Gaser\Desktop\COPRRA\vendor\laravel\framework\src\Illuminate\Foundation\Testing\RefreshDatabase.php:84
C:\Users\Gaser\Desktop\COPRRA\vendor\laravel\framework\src\Illuminate\Foundation\Testing\RefreshDatabase.php:25
C:\Users\Gaser\Desktop\COPRRA\vendor\laravel\framework\src\Illuminate\Foundation\Testing\Concerns\InteractsWithTestCaseLifecycle.php:209
C:\Users\Gaser\Desktop\COPRRA\vendor\laravel\framework\src\Illuminate\Foundation\Testing\Concerns\InteractsWithTestCaseLifecycle.php:97
C:\Users\Gaser\Desktop\COPRRA\vendor\laravel\framework\src\Illuminate\Foundation\Testing\TestCase.php:44
C:\Users\Gaser\Desktop\COPRRA\tests\TestCase.php:25
C:\Users\Gaser\Desktop\COPRRA\tests\Feature\Performance\PerformanceTest.php:38</error>
        </testcase>
      </testsuite>
      <testsuite name="Tests\Feature\PermissionControlTest" file="C:\Users\Gaser\Desktop\COPRRA\tests\Feature\PermissionControlTest.php" tests="3" assertions="0" errors="3" failures="0" skipped="0" time="0.000000">
        <testcase name="test_basic_functionality" file="C:\Users\Gaser\Desktop\COPRRA\tests\Feature\PermissionControlTest.php" line="16" class="Tests\Feature\PermissionControlTest" classname="Tests.Feature.PermissionControlTest" assertions="0" time="0.000000">
          <error type="Error">Tests\Feature\PermissionControlTest::test_basic_functionality&#13;
Error: Class "Mockery" not found
&#13;
C:\Users\Gaser\Desktop\COPRRA\vendor\laravel\framework\src\Illuminate\Testing\PendingCommand.php:550
C:\Users\Gaser\Desktop\COPRRA\vendor\laravel\framework\src\Illuminate\Testing\PendingCommand.php:448
C:\Users\Gaser\Desktop\COPRRA\vendor\laravel\framework\src\Illuminate\Testing\PendingCommand.php:675
C:\Users\Gaser\Desktop\COPRRA\vendor\laravel\framework\src\Illuminate\Foundation\Testing\Concerns\InteractsWithConsole.php:87
C:\Users\Gaser\Desktop\COPRRA\vendor\laravel\framework\src\Illuminate\Foundation\Testing\RefreshDatabase.php:101
C:\Users\Gaser\Desktop\COPRRA\vendor\laravel\framework\src\Illuminate\Foundation\Testing\RefreshDatabase.php:84
C:\Users\Gaser\Desktop\COPRRA\vendor\laravel\framework\src\Illuminate\Foundation\Testing\RefreshDatabase.php:25
C:\Users\Gaser\Desktop\COPRRA\vendor\laravel\framework\src\Illuminate\Foundation\Testing\Concerns\InteractsWithTestCaseLifecycle.php:209
C:\Users\Gaser\Desktop\COPRRA\vendor\laravel\framework\src\Illuminate\Foundation\Testing\Concerns\InteractsWithTestCaseLifecycle.php:97
C:\Users\Gaser\Desktop\COPRRA\vendor\laravel\framework\src\Illuminate\Foundation\Testing\TestCase.php:44
C:\Users\Gaser\Desktop\COPRRA\tests\TestCase.php:25
C:\Users\Gaser\Desktop\COPRRA\tests\Feature\PermissionControlTest.php:38</error>
        </testcase>
        <testcase name="test_expected_behavior" file="C:\Users\Gaser\Desktop\COPRRA\tests\Feature\PermissionControlTest.php" line="23" class="Tests\Feature\PermissionControlTest" classname="Tests.Feature.PermissionControlTest" assertions="0" time="0.000000">
          <error type="Error">Tests\Feature\PermissionControlTest::test_expected_behavior&#13;
Error: Class "Mockery" not found
&#13;
C:\Users\Gaser\Desktop\COPRRA\vendor\laravel\framework\src\Illuminate\Testing\PendingCommand.php:550
C:\Users\Gaser\Desktop\COPRRA\vendor\laravel\framework\src\Illuminate\Testing\PendingCommand.php:448
C:\Users\Gaser\Desktop\COPRRA\vendor\laravel\framework\src\Illuminate\Testing\PendingCommand.php:675
C:\Users\Gaser\Desktop\COPRRA\vendor\laravel\framework\src\Illuminate\Foundation\Testing\Concerns\InteractsWithConsole.php:87
C:\Users\Gaser\Desktop\COPRRA\vendor\laravel\framework\src\Illuminate\Foundation\Testing\RefreshDatabase.php:101
C:\Users\Gaser\Desktop\COPRRA\vendor\laravel\framework\src\Illuminate\Foundation\Testing\RefreshDatabase.php:84
C:\Users\Gaser\Desktop\COPRRA\vendor\laravel\framework\src\Illuminate\Foundation\Testing\RefreshDatabase.php:25
C:\Users\Gaser\Desktop\COPRRA\vendor\laravel\framework\src\Illuminate\Foundation\Testing\Concerns\InteractsWithTestCaseLifecycle.php:209
C:\Users\Gaser\Desktop\COPRRA\vendor\laravel\framework\src\Illuminate\Foundation\Testing\Concerns\InteractsWithTestCaseLifecycle.php:97
C:\Users\Gaser\Desktop\COPRRA\vendor\laravel\framework\src\Illuminate\Foundation\Testing\TestCase.php:44
C:\Users\Gaser\Desktop\COPRRA\tests\TestCase.php:25
C:\Users\Gaser\Desktop\COPRRA\tests\Feature\PermissionControlTest.php:38</error>
        </testcase>
        <testcase name="test_validation" file="C:\Users\Gaser\Desktop\COPRRA\tests\Feature\PermissionControlTest.php" line="30" class="Tests\Feature\PermissionControlTest" classname="Tests.Feature.PermissionControlTest" assertions="0" time="0.000000">
          <error type="Error">Tests\Feature\PermissionControlTest::test_validation&#13;
Error: Class "Mockery" not found
&#13;
C:\Users\Gaser\Desktop\COPRRA\vendor\laravel\framework\src\Illuminate\Testing\PendingCommand.php:550
C:\Users\Gaser\Desktop\COPRRA\vendor\laravel\framework\src\Illuminate\Testing\PendingCommand.php:448
C:\Users\Gaser\Desktop\COPRRA\vendor\laravel\framework\src\Illuminate\Testing\PendingCommand.php:675
C:\Users\Gaser\Desktop\COPRRA\vendor\laravel\framework\src\Illuminate\Foundation\Testing\Concerns\InteractsWithConsole.php:87
C:\Users\Gaser\Desktop\COPRRA\vendor\laravel\framework\src\Illuminate\Foundation\Testing\RefreshDatabase.php:101
C:\Users\Gaser\Desktop\COPRRA\vendor\laravel\framework\src\Illuminate\Foundation\Testing\RefreshDatabase.php:84
C:\Users\Gaser\Desktop\COPRRA\vendor\laravel\framework\src\Illuminate\Foundation\Testing\RefreshDatabase.php:25
C:\Users\Gaser\Desktop\COPRRA\vendor\laravel\framework\src\Illuminate\Foundation\Testing\Concerns\InteractsWithTestCaseLifecycle.php:209
C:\Users\Gaser\Desktop\COPRRA\vendor\laravel\framework\src\Illuminate\Foundation\Testing\Concerns\InteractsWithTestCaseLifecycle.php:97
C:\Users\Gaser\Desktop\COPRRA\vendor\laravel\framework\src\Illuminate\Foundation\Testing\TestCase.php:44
C:\Users\Gaser\Desktop\COPRRA\tests\TestCase.php:25
C:\Users\Gaser\Desktop\COPRRA\tests\Feature\PermissionControlTest.php:38</error>
        </testcase>
      </testsuite>
      <testsuite name="Tests\Feature\RoutingTest" file="C:\Users\Gaser\Desktop\COPRRA\tests\Feature\RoutingTest.php" tests="3" assertions="0" errors="3" failures="0" skipped="0" time="0.000000">
        <testcase name="test_basic_functionality" file="C:\Users\Gaser\Desktop\COPRRA\tests\Feature\RoutingTest.php" line="16" class="Tests\Feature\RoutingTest" classname="Tests.Feature.RoutingTest" assertions="0" time="0.000000">
          <error type="Error">Tests\Feature\RoutingTest::test_basic_functionality&#13;
Error: Class "Mockery" not found
&#13;
C:\Users\Gaser\Desktop\COPRRA\vendor\laravel\framework\src\Illuminate\Testing\PendingCommand.php:550
C:\Users\Gaser\Desktop\COPRRA\vendor\laravel\framework\src\Illuminate\Testing\PendingCommand.php:448
C:\Users\Gaser\Desktop\COPRRA\vendor\laravel\framework\src\Illuminate\Testing\PendingCommand.php:675
C:\Users\Gaser\Desktop\COPRRA\vendor\laravel\framework\src\Illuminate\Foundation\Testing\Concerns\InteractsWithConsole.php:87
C:\Users\Gaser\Desktop\COPRRA\vendor\laravel\framework\src\Illuminate\Foundation\Testing\RefreshDatabase.php:101
C:\Users\Gaser\Desktop\COPRRA\vendor\laravel\framework\src\Illuminate\Foundation\Testing\RefreshDatabase.php:84
C:\Users\Gaser\Desktop\COPRRA\vendor\laravel\framework\src\Illuminate\Foundation\Testing\RefreshDatabase.php:25
C:\Users\Gaser\Desktop\COPRRA\vendor\laravel\framework\src\Illuminate\Foundation\Testing\Concerns\InteractsWithTestCaseLifecycle.php:209
C:\Users\Gaser\Desktop\COPRRA\vendor\laravel\framework\src\Illuminate\Foundation\Testing\Concerns\InteractsWithTestCaseLifecycle.php:97
C:\Users\Gaser\Desktop\COPRRA\vendor\laravel\framework\src\Illuminate\Foundation\Testing\TestCase.php:44
C:\Users\Gaser\Desktop\COPRRA\tests\TestCase.php:25
C:\Users\Gaser\Desktop\COPRRA\tests\Feature\RoutingTest.php:38</error>
        </testcase>
        <testcase name="test_expected_behavior" file="C:\Users\Gaser\Desktop\COPRRA\tests\Feature\RoutingTest.php" line="23" class="Tests\Feature\RoutingTest" classname="Tests.Feature.RoutingTest" assertions="0" time="0.000000">
          <error type="Error">Tests\Feature\RoutingTest::test_expected_behavior&#13;
Error: Class "Mockery" not found
&#13;
C:\Users\Gaser\Desktop\COPRRA\vendor\laravel\framework\src\Illuminate\Testing\PendingCommand.php:550
C:\Users\Gaser\Desktop\COPRRA\vendor\laravel\framework\src\Illuminate\Testing\PendingCommand.php:448
C:\Users\Gaser\Desktop\COPRRA\vendor\laravel\framework\src\Illuminate\Testing\PendingCommand.php:675
C:\Users\Gaser\Desktop\COPRRA\vendor\laravel\framework\src\Illuminate\Foundation\Testing\Concerns\InteractsWithConsole.php:87
C:\Users\Gaser\Desktop\COPRRA\vendor\laravel\framework\src\Illuminate\Foundation\Testing\RefreshDatabase.php:101
C:\Users\Gaser\Desktop\COPRRA\vendor\laravel\framework\src\Illuminate\Foundation\Testing\RefreshDatabase.php:84
C:\Users\Gaser\Desktop\COPRRA\vendor\laravel\framework\src\Illuminate\Foundation\Testing\RefreshDatabase.php:25
C:\Users\Gaser\Desktop\COPRRA\vendor\laravel\framework\src\Illuminate\Foundation\Testing\Concerns\InteractsWithTestCaseLifecycle.php:209
C:\Users\Gaser\Desktop\COPRRA\vendor\laravel\framework\src\Illuminate\Foundation\Testing\Concerns\InteractsWithTestCaseLifecycle.php:97
C:\Users\Gaser\Desktop\COPRRA\vendor\laravel\framework\src\Illuminate\Foundation\Testing\TestCase.php:44
C:\Users\Gaser\Desktop\COPRRA\tests\TestCase.php:25
C:\Users\Gaser\Desktop\COPRRA\tests\Feature\RoutingTest.php:38</error>
        </testcase>
        <testcase name="test_validation" file="C:\Users\Gaser\Desktop\COPRRA\tests\Feature\RoutingTest.php" line="30" class="Tests\Feature\RoutingTest" classname="Tests.Feature.RoutingTest" assertions="0" time="0.000000">
          <error type="Error">Tests\Feature\RoutingTest::test_validation&#13;
Error: Class "Mockery" not found
&#13;
C:\Users\Gaser\Desktop\COPRRA\vendor\laravel\framework\src\Illuminate\Testing\PendingCommand.php:550
C:\Users\Gaser\Desktop\COPRRA\vendor\laravel\framework\src\Illuminate\Testing\PendingCommand.php:448
C:\Users\Gaser\Desktop\COPRRA\vendor\laravel\framework\src\Illuminate\Testing\PendingCommand.php:675
C:\Users\Gaser\Desktop\COPRRA\vendor\laravel\framework\src\Illuminate\Foundation\Testing\Concerns\InteractsWithConsole.php:87
C:\Users\Gaser\Desktop\COPRRA\vendor\laravel\framework\src\Illuminate\Foundation\Testing\RefreshDatabase.php:101
C:\Users\Gaser\Desktop\COPRRA\vendor\laravel\framework\src\Illuminate\Foundation\Testing\RefreshDatabase.php:84
C:\Users\Gaser\Desktop\COPRRA\vendor\laravel\framework\src\Illuminate\Foundation\Testing\RefreshDatabase.php:25
C:\Users\Gaser\Desktop\COPRRA\vendor\laravel\framework\src\Illuminate\Foundation\Testing\Concerns\InteractsWithTestCaseLifecycle.php:209
C:\Users\Gaser\Desktop\COPRRA\vendor\laravel\framework\src\Illuminate\Foundation\Testing\Concerns\InteractsWithTestCaseLifecycle.php:97
C:\Users\Gaser\Desktop\COPRRA\vendor\laravel\framework\src\Illuminate\Foundation\Testing\TestCase.php:44
C:\Users\Gaser\Desktop\COPRRA\tests\TestCase.php:25
C:\Users\Gaser\Desktop\COPRRA\tests\Feature\RoutingTest.php:38</error>
        </testcase>
      </testsuite>
      <testsuite name="Tests\Feature\SEOTest" file="C:\Users\Gaser\Desktop\COPRRA\tests\Feature\SEOTest.php" tests="18" assertions="0" errors="18" failures="0" skipped="0" time="0.000000">
        <testcase name="test_generates_meta_data_for_product" file="C:\Users\Gaser\Desktop\COPRRA\tests\Feature\SEOTest.php" line="34" class="Tests\Feature\SEOTest" classname="Tests.Feature.SEOTest" assertions="0" time="0.000000">
          <error type="Error">Tests\Feature\SEOTest::test_generates_meta_data_for_product&#13;
Error: Class "Mockery" not found
&#13;
C:\Users\Gaser\Desktop\COPRRA\vendor\laravel\framework\src\Illuminate\Testing\PendingCommand.php:550
C:\Users\Gaser\Desktop\COPRRA\vendor\laravel\framework\src\Illuminate\Testing\PendingCommand.php:448
C:\Users\Gaser\Desktop\COPRRA\vendor\laravel\framework\src\Illuminate\Testing\PendingCommand.php:675
C:\Users\Gaser\Desktop\COPRRA\vendor\laravel\framework\src\Illuminate\Foundation\Testing\Concerns\InteractsWithConsole.php:87
C:\Users\Gaser\Desktop\COPRRA\vendor\laravel\framework\src\Illuminate\Foundation\Testing\RefreshDatabase.php:101
C:\Users\Gaser\Desktop\COPRRA\vendor\laravel\framework\src\Illuminate\Foundation\Testing\RefreshDatabase.php:84
C:\Users\Gaser\Desktop\COPRRA\vendor\laravel\framework\src\Illuminate\Foundation\Testing\RefreshDatabase.php:25
C:\Users\Gaser\Desktop\COPRRA\vendor\laravel\framework\src\Illuminate\Foundation\Testing\Concerns\InteractsWithTestCaseLifecycle.php:209
C:\Users\Gaser\Desktop\COPRRA\vendor\laravel\framework\src\Illuminate\Foundation\Testing\Concerns\InteractsWithTestCaseLifecycle.php:97
C:\Users\Gaser\Desktop\COPRRA\vendor\laravel\framework\src\Illuminate\Foundation\Testing\TestCase.php:44
C:\Users\Gaser\Desktop\COPRRA\tests\TestCase.php:25
C:\Users\Gaser\Desktop\COPRRA\tests\Feature\SEOTest.php:29</error>
        </testcase>
        <testcase name="test_generates_meta_data_for_category" file="C:\Users\Gaser\Desktop\COPRRA\tests\Feature\SEOTest.php" line="56" class="Tests\Feature\SEOTest" classname="Tests.Feature.SEOTest" assertions="0" time="0.000000">
          <error type="Error">Tests\Feature\SEOTest::test_generates_meta_data_for_category&#13;
Error: Class "Mockery" not found
&#13;
C:\Users\Gaser\Desktop\COPRRA\vendor\laravel\framework\src\Illuminate\Testing\PendingCommand.php:550
C:\Users\Gaser\Desktop\COPRRA\vendor\laravel\framework\src\Illuminate\Testing\PendingCommand.php:448
C:\Users\Gaser\Desktop\COPRRA\vendor\laravel\framework\src\Illuminate\Testing\PendingCommand.php:675
C:\Users\Gaser\Desktop\COPRRA\vendor\laravel\framework\src\Illuminate\Foundation\Testing\Concerns\InteractsWithConsole.php:87
C:\Users\Gaser\Desktop\COPRRA\vendor\laravel\framework\src\Illuminate\Foundation\Testing\RefreshDatabase.php:101
C:\Users\Gaser\Desktop\COPRRA\vendor\laravel\framework\src\Illuminate\Foundation\Testing\RefreshDatabase.php:84
C:\Users\Gaser\Desktop\COPRRA\vendor\laravel\framework\src\Illuminate\Foundation\Testing\RefreshDatabase.php:25
C:\Users\Gaser\Desktop\COPRRA\vendor\laravel\framework\src\Illuminate\Foundation\Testing\Concerns\InteractsWithTestCaseLifecycle.php:209
C:\Users\Gaser\Desktop\COPRRA\vendor\laravel\framework\src\Illuminate\Foundation\Testing\Concerns\InteractsWithTestCaseLifecycle.php:97
C:\Users\Gaser\Desktop\COPRRA\vendor\laravel\framework\src\Illuminate\Foundation\Testing\TestCase.php:44
C:\Users\Gaser\Desktop\COPRRA\tests\TestCase.php:25
C:\Users\Gaser\Desktop\COPRRA\tests\Feature\SEOTest.php:29</error>
        </testcase>
        <testcase name="test_generates_meta_data_for_store" file="C:\Users\Gaser\Desktop\COPRRA\tests\Feature\SEOTest.php" line="70" class="Tests\Feature\SEOTest" classname="Tests.Feature.SEOTest" assertions="0" time="0.000000">
          <error type="Error">Tests\Feature\SEOTest::test_generates_meta_data_for_store&#13;
Error: Class "Mockery" not found
&#13;
C:\Users\Gaser\Desktop\COPRRA\vendor\laravel\framework\src\Illuminate\Testing\PendingCommand.php:550
C:\Users\Gaser\Desktop\COPRRA\vendor\laravel\framework\src\Illuminate\Testing\PendingCommand.php:448
C:\Users\Gaser\Desktop\COPRRA\vendor\laravel\framework\src\Illuminate\Testing\PendingCommand.php:675
C:\Users\Gaser\Desktop\COPRRA\vendor\laravel\framework\src\Illuminate\Foundation\Testing\Concerns\InteractsWithConsole.php:87
C:\Users\Gaser\Desktop\COPRRA\vendor\laravel\framework\src\Illuminate\Foundation\Testing\RefreshDatabase.php:101
C:\Users\Gaser\Desktop\COPRRA\vendor\laravel\framework\src\Illuminate\Foundation\Testing\RefreshDatabase.php:84
C:\Users\Gaser\Desktop\COPRRA\vendor\laravel\framework\src\Illuminate\Foundation\Testing\RefreshDatabase.php:25
C:\Users\Gaser\Desktop\COPRRA\vendor\laravel\framework\src\Illuminate\Foundation\Testing\Concerns\InteractsWithTestCaseLifecycle.php:209
C:\Users\Gaser\Desktop\COPRRA\vendor\laravel\framework\src\Illuminate\Foundation\Testing\Concerns\InteractsWithTestCaseLifecycle.php:97
C:\Users\Gaser\Desktop\COPRRA\vendor\laravel\framework\src\Illuminate\Foundation\Testing\TestCase.php:44
C:\Users\Gaser\Desktop\COPRRA\tests\TestCase.php:25
C:\Users\Gaser\Desktop\COPRRA\tests\Feature\SEOTest.php:29</error>
        </testcase>
        <testcase name="test_generates_title_with_correct_length" file="C:\Users\Gaser\Desktop\COPRRA\tests\Feature\SEOTest.php" line="84" class="Tests\Feature\SEOTest" classname="Tests.Feature.SEOTest" assertions="0" time="0.000000">
          <error type="Error">Tests\Feature\SEOTest::test_generates_title_with_correct_length&#13;
Error: Class "Mockery" not found
&#13;
C:\Users\Gaser\Desktop\COPRRA\vendor\laravel\framework\src\Illuminate\Testing\PendingCommand.php:550
C:\Users\Gaser\Desktop\COPRRA\vendor\laravel\framework\src\Illuminate\Testing\PendingCommand.php:448
C:\Users\Gaser\Desktop\COPRRA\vendor\laravel\framework\src\Illuminate\Testing\PendingCommand.php:675
C:\Users\Gaser\Desktop\COPRRA\vendor\laravel\framework\src\Illuminate\Foundation\Testing\Concerns\InteractsWithConsole.php:87
C:\Users\Gaser\Desktop\COPRRA\vendor\laravel\framework\src\Illuminate\Foundation\Testing\RefreshDatabase.php:101
C:\Users\Gaser\Desktop\COPRRA\vendor\laravel\framework\src\Illuminate\Foundation\Testing\RefreshDatabase.php:84
C:\Users\Gaser\Desktop\COPRRA\vendor\laravel\framework\src\Illuminate\Foundation\Testing\RefreshDatabase.php:25
C:\Users\Gaser\Desktop\COPRRA\vendor\laravel\framework\src\Illuminate\Foundation\Testing\Concerns\InteractsWithTestCaseLifecycle.php:209
C:\Users\Gaser\Desktop\COPRRA\vendor\laravel\framework\src\Illuminate\Foundation\Testing\Concerns\InteractsWithTestCaseLifecycle.php:97
C:\Users\Gaser\Desktop\COPRRA\vendor\laravel\framework\src\Illuminate\Foundation\Testing\TestCase.php:44
C:\Users\Gaser\Desktop\COPRRA\tests\TestCase.php:25
C:\Users\Gaser\Desktop\COPRRA\tests\Feature\SEOTest.php:29</error>
        </testcase>
        <testcase name="test_generates_description_with_correct_length" file="C:\Users\Gaser\Desktop\COPRRA\tests\Feature\SEOTest.php" line="95" class="Tests\Feature\SEOTest" classname="Tests.Feature.SEOTest" assertions="0" time="0.000000">
          <error type="Error">Tests\Feature\SEOTest::test_generates_description_with_correct_length&#13;
Error: Class "Mockery" not found
&#13;
C:\Users\Gaser\Desktop\COPRRA\vendor\laravel\framework\src\Illuminate\Testing\PendingCommand.php:550
C:\Users\Gaser\Desktop\COPRRA\vendor\laravel\framework\src\Illuminate\Testing\PendingCommand.php:448
C:\Users\Gaser\Desktop\COPRRA\vendor\laravel\framework\src\Illuminate\Testing\PendingCommand.php:675
C:\Users\Gaser\Desktop\COPRRA\vendor\laravel\framework\src\Illuminate\Foundation\Testing\Concerns\InteractsWithConsole.php:87
C:\Users\Gaser\Desktop\COPRRA\vendor\laravel\framework\src\Illuminate\Foundation\Testing\RefreshDatabase.php:101
C:\Users\Gaser\Desktop\COPRRA\vendor\laravel\framework\src\Illuminate\Foundation\Testing\RefreshDatabase.php:84
C:\Users\Gaser\Desktop\COPRRA\vendor\laravel\framework\src\Illuminate\Foundation\Testing\RefreshDatabase.php:25
C:\Users\Gaser\Desktop\COPRRA\vendor\laravel\framework\src\Illuminate\Foundation\Testing\Concerns\InteractsWithTestCaseLifecycle.php:209
C:\Users\Gaser\Desktop\COPRRA\vendor\laravel\framework\src\Illuminate\Foundation\Testing\Concerns\InteractsWithTestCaseLifecycle.php:97
C:\Users\Gaser\Desktop\COPRRA\vendor\laravel\framework\src\Illuminate\Foundation\Testing\TestCase.php:44
C:\Users\Gaser\Desktop\COPRRA\tests\TestCase.php:25
C:\Users\Gaser\Desktop\COPRRA\tests\Feature\SEOTest.php:29</error>
        </testcase>
        <testcase name="test_validates_meta_data_correctly" file="C:\Users\Gaser\Desktop\COPRRA\tests\Feature\SEOTest.php" line="106" class="Tests\Feature\SEOTest" classname="Tests.Feature.SEOTest" assertions="0" time="0.000000">
          <error type="Error">Tests\Feature\SEOTest::test_validates_meta_data_correctly&#13;
Error: Class "Mockery" not found
&#13;
C:\Users\Gaser\Desktop\COPRRA\vendor\laravel\framework\src\Illuminate\Testing\PendingCommand.php:550
C:\Users\Gaser\Desktop\COPRRA\vendor\laravel\framework\src\Illuminate\Testing\PendingCommand.php:448
C:\Users\Gaser\Desktop\COPRRA\vendor\laravel\framework\src\Illuminate\Testing\PendingCommand.php:675
C:\Users\Gaser\Desktop\COPRRA\vendor\laravel\framework\src\Illuminate\Foundation\Testing\Concerns\InteractsWithConsole.php:87
C:\Users\Gaser\Desktop\COPRRA\vendor\laravel\framework\src\Illuminate\Foundation\Testing\RefreshDatabase.php:101
C:\Users\Gaser\Desktop\COPRRA\vendor\laravel\framework\src\Illuminate\Foundation\Testing\RefreshDatabase.php:84
C:\Users\Gaser\Desktop\COPRRA\vendor\laravel\framework\src\Illuminate\Foundation\Testing\RefreshDatabase.php:25
C:\Users\Gaser\Desktop\COPRRA\vendor\laravel\framework\src\Illuminate\Foundation\Testing\Concerns\InteractsWithTestCaseLifecycle.php:209
C:\Users\Gaser\Desktop\COPRRA\vendor\laravel\framework\src\Illuminate\Foundation\Testing\Concerns\InteractsWithTestCaseLifecycle.php:97
C:\Users\Gaser\Desktop\COPRRA\vendor\laravel\framework\src\Illuminate\Foundation\Testing\TestCase.php:44
C:\Users\Gaser\Desktop\COPRRA\tests\TestCase.php:25
C:\Users\Gaser\Desktop\COPRRA\tests\Feature\SEOTest.php:29</error>
        </testcase>
        <testcase name="test_detects_missing_title" file="C:\Users\Gaser\Desktop\COPRRA\tests\Feature\SEOTest.php" line="120" class="Tests\Feature\SEOTest" classname="Tests.Feature.SEOTest" assertions="0" time="0.000000">
          <error type="Error">Tests\Feature\SEOTest::test_detects_missing_title&#13;
Error: Class "Mockery" not found
&#13;
C:\Users\Gaser\Desktop\COPRRA\vendor\laravel\framework\src\Illuminate\Testing\PendingCommand.php:550
C:\Users\Gaser\Desktop\COPRRA\vendor\laravel\framework\src\Illuminate\Testing\PendingCommand.php:448
C:\Users\Gaser\Desktop\COPRRA\vendor\laravel\framework\src\Illuminate\Testing\PendingCommand.php:675
C:\Users\Gaser\Desktop\COPRRA\vendor\laravel\framework\src\Illuminate\Foundation\Testing\Concerns\InteractsWithConsole.php:87
C:\Users\Gaser\Desktop\COPRRA\vendor\laravel\framework\src\Illuminate\Foundation\Testing\RefreshDatabase.php:101
C:\Users\Gaser\Desktop\COPRRA\vendor\laravel\framework\src\Illuminate\Foundation\Testing\RefreshDatabase.php:84
C:\Users\Gaser\Desktop\COPRRA\vendor\laravel\framework\src\Illuminate\Foundation\Testing\RefreshDatabase.php:25
C:\Users\Gaser\Desktop\COPRRA\vendor\laravel\framework\src\Illuminate\Foundation\Testing\Concerns\InteractsWithTestCaseLifecycle.php:209
C:\Users\Gaser\Desktop\COPRRA\vendor\laravel\framework\src\Illuminate\Foundation\Testing\Concerns\InteractsWithTestCaseLifecycle.php:97
C:\Users\Gaser\Desktop\COPRRA\vendor\laravel\framework\src\Illuminate\Foundation\Testing\TestCase.php:44
C:\Users\Gaser\Desktop\COPRRA\tests\TestCase.php:25
C:\Users\Gaser\Desktop\COPRRA\tests\Feature\SEOTest.php:29</error>
        </testcase>
        <testcase name="test_detects_short_title" file="C:\Users\Gaser\Desktop\COPRRA\tests\Feature\SEOTest.php" line="135" class="Tests\Feature\SEOTest" classname="Tests.Feature.SEOTest" assertions="0" time="0.000000">
          <error type="Error">Tests\Feature\SEOTest::test_detects_short_title&#13;
Error: Class "Mockery" not found
&#13;
C:\Users\Gaser\Desktop\COPRRA\vendor\laravel\framework\src\Illuminate\Testing\PendingCommand.php:550
C:\Users\Gaser\Desktop\COPRRA\vendor\laravel\framework\src\Illuminate\Testing\PendingCommand.php:448
C:\Users\Gaser\Desktop\COPRRA\vendor\laravel\framework\src\Illuminate\Testing\PendingCommand.php:675
C:\Users\Gaser\Desktop\COPRRA\vendor\laravel\framework\src\Illuminate\Foundation\Testing\Concerns\InteractsWithConsole.php:87
C:\Users\Gaser\Desktop\COPRRA\vendor\laravel\framework\src\Illuminate\Foundation\Testing\RefreshDatabase.php:101
C:\Users\Gaser\Desktop\COPRRA\vendor\laravel\framework\src\Illuminate\Foundation\Testing\RefreshDatabase.php:84
C:\Users\Gaser\Desktop\COPRRA\vendor\laravel\framework\src\Illuminate\Foundation\Testing\RefreshDatabase.php:25
C:\Users\Gaser\Desktop\COPRRA\vendor\laravel\framework\src\Illuminate\Foundation\Testing\Concerns\InteractsWithTestCaseLifecycle.php:209
C:\Users\Gaser\Desktop\COPRRA\vendor\laravel\framework\src\Illuminate\Foundation\Testing\Concerns\InteractsWithTestCaseLifecycle.php:97
C:\Users\Gaser\Desktop\COPRRA\vendor\laravel\framework\src\Illuminate\Foundation\Testing\TestCase.php:44
C:\Users\Gaser\Desktop\COPRRA\tests\TestCase.php:25
C:\Users\Gaser\Desktop\COPRRA\tests\Feature\SEOTest.php:29</error>
        </testcase>
        <testcase name="test_detects_long_title" file="C:\Users\Gaser\Desktop\COPRRA\tests\Feature\SEOTest.php" line="150" class="Tests\Feature\SEOTest" classname="Tests.Feature.SEOTest" assertions="0" time="0.000000">
          <error type="Error">Tests\Feature\SEOTest::test_detects_long_title&#13;
Error: Class "Mockery" not found
&#13;
C:\Users\Gaser\Desktop\COPRRA\vendor\laravel\framework\src\Illuminate\Testing\PendingCommand.php:550
C:\Users\Gaser\Desktop\COPRRA\vendor\laravel\framework\src\Illuminate\Testing\PendingCommand.php:448
C:\Users\Gaser\Desktop\COPRRA\vendor\laravel\framework\src\Illuminate\Testing\PendingCommand.php:675
C:\Users\Gaser\Desktop\COPRRA\vendor\laravel\framework\src\Illuminate\Foundation\Testing\Concerns\InteractsWithConsole.php:87
C:\Users\Gaser\Desktop\COPRRA\vendor\laravel\framework\src\Illuminate\Foundation\Testing\RefreshDatabase.php:101
C:\Users\Gaser\Desktop\COPRRA\vendor\laravel\framework\src\Illuminate\Foundation\Testing\RefreshDatabase.php:84
C:\Users\Gaser\Desktop\COPRRA\vendor\laravel\framework\src\Illuminate\Foundation\Testing\RefreshDatabase.php:25
C:\Users\Gaser\Desktop\COPRRA\vendor\laravel\framework\src\Illuminate\Foundation\Testing\Concerns\InteractsWithTestCaseLifecycle.php:209
C:\Users\Gaser\Desktop\COPRRA\vendor\laravel\framework\src\Illuminate\Foundation\Testing\Concerns\InteractsWithTestCaseLifecycle.php:97
C:\Users\Gaser\Desktop\COPRRA\vendor\laravel\framework\src\Illuminate\Foundation\Testing\TestCase.php:44
C:\Users\Gaser\Desktop\COPRRA\tests\TestCase.php:25
C:\Users\Gaser\Desktop\COPRRA\tests\Feature\SEOTest.php:29</error>
        </testcase>
        <testcase name="test_detects_missing_description" file="C:\Users\Gaser\Desktop\COPRRA\tests\Feature\SEOTest.php" line="165" class="Tests\Feature\SEOTest" classname="Tests.Feature.SEOTest" assertions="0" time="0.000000">
          <error type="Error">Tests\Feature\SEOTest::test_detects_missing_description&#13;
Error: Class "Mockery" not found
&#13;
C:\Users\Gaser\Desktop\COPRRA\vendor\laravel\framework\src\Illuminate\Testing\PendingCommand.php:550
C:\Users\Gaser\Desktop\COPRRA\vendor\laravel\framework\src\Illuminate\Testing\PendingCommand.php:448
C:\Users\Gaser\Desktop\COPRRA\vendor\laravel\framework\src\Illuminate\Testing\PendingCommand.php:675
C:\Users\Gaser\Desktop\COPRRA\vendor\laravel\framework\src\Illuminate\Foundation\Testing\Concerns\InteractsWithConsole.php:87
C:\Users\Gaser\Desktop\COPRRA\vendor\laravel\framework\src\Illuminate\Foundation\Testing\RefreshDatabase.php:101
C:\Users\Gaser\Desktop\COPRRA\vendor\laravel\framework\src\Illuminate\Foundation\Testing\RefreshDatabase.php:84
C:\Users\Gaser\Desktop\COPRRA\vendor\laravel\framework\src\Illuminate\Foundation\Testing\RefreshDatabase.php:25
C:\Users\Gaser\Desktop\COPRRA\vendor\laravel\framework\src\Illuminate\Foundation\Testing\Concerns\InteractsWithTestCaseLifecycle.php:209
C:\Users\Gaser\Desktop\COPRRA\vendor\laravel\framework\src\Illuminate\Foundation\Testing\Concerns\InteractsWithTestCaseLifecycle.php:97
C:\Users\Gaser\Desktop\COPRRA\vendor\laravel\framework\src\Illuminate\Foundation\Testing\TestCase.php:44
C:\Users\Gaser\Desktop\COPRRA\tests\TestCase.php:25
C:\Users\Gaser\Desktop\COPRRA\tests\Feature\SEOTest.php:29</error>
        </testcase>
        <testcase name="test_generates_structured_data_for_product" file="C:\Users\Gaser\Desktop\COPRRA\tests\Feature\SEOTest.php" line="180" class="Tests\Feature\SEOTest" classname="Tests.Feature.SEOTest" assertions="0" time="0.000000">
          <error type="Error">Tests\Feature\SEOTest::test_generates_structured_data_for_product&#13;
Error: Class "Mockery" not found
&#13;
C:\Users\Gaser\Desktop\COPRRA\vendor\laravel\framework\src\Illuminate\Testing\PendingCommand.php:550
C:\Users\Gaser\Desktop\COPRRA\vendor\laravel\framework\src\Illuminate\Testing\PendingCommand.php:448
C:\Users\Gaser\Desktop\COPRRA\vendor\laravel\framework\src\Illuminate\Testing\PendingCommand.php:675
C:\Users\Gaser\Desktop\COPRRA\vendor\laravel\framework\src\Illuminate\Foundation\Testing\Concerns\InteractsWithConsole.php:87
C:\Users\Gaser\Desktop\COPRRA\vendor\laravel\framework\src\Illuminate\Foundation\Testing\RefreshDatabase.php:101
C:\Users\Gaser\Desktop\COPRRA\vendor\laravel\framework\src\Illuminate\Foundation\Testing\RefreshDatabase.php:84
C:\Users\Gaser\Desktop\COPRRA\vendor\laravel\framework\src\Illuminate\Foundation\Testing\RefreshDatabase.php:25
C:\Users\Gaser\Desktop\COPRRA\vendor\laravel\framework\src\Illuminate\Foundation\Testing\Concerns\InteractsWithTestCaseLifecycle.php:209
C:\Users\Gaser\Desktop\COPRRA\vendor\laravel\framework\src\Illuminate\Foundation\Testing\Concerns\InteractsWithTestCaseLifecycle.php:97
C:\Users\Gaser\Desktop\COPRRA\vendor\laravel\framework\src\Illuminate\Foundation\Testing\TestCase.php:44
C:\Users\Gaser\Desktop\COPRRA\tests\TestCase.php:25
C:\Users\Gaser\Desktop\COPRRA\tests\Feature\SEOTest.php:29</error>
        </testcase>
        <testcase name="test_generates_breadcrumb_structured_data" file="C:\Users\Gaser\Desktop\COPRRA\tests\Feature\SEOTest.php" line="197" class="Tests\Feature\SEOTest" classname="Tests.Feature.SEOTest" assertions="0" time="0.000000">
          <error type="Error">Tests\Feature\SEOTest::test_generates_breadcrumb_structured_data&#13;
Error: Class "Mockery" not found
&#13;
C:\Users\Gaser\Desktop\COPRRA\vendor\laravel\framework\src\Illuminate\Testing\PendingCommand.php:550
C:\Users\Gaser\Desktop\COPRRA\vendor\laravel\framework\src\Illuminate\Testing\PendingCommand.php:448
C:\Users\Gaser\Desktop\COPRRA\vendor\laravel\framework\src\Illuminate\Testing\PendingCommand.php:675
C:\Users\Gaser\Desktop\COPRRA\vendor\laravel\framework\src\Illuminate\Foundation\Testing\Concerns\InteractsWithConsole.php:87
C:\Users\Gaser\Desktop\COPRRA\vendor\laravel\framework\src\Illuminate\Foundation\Testing\RefreshDatabase.php:101
C:\Users\Gaser\Desktop\COPRRA\vendor\laravel\framework\src\Illuminate\Foundation\Testing\RefreshDatabase.php:84
C:\Users\Gaser\Desktop\COPRRA\vendor\laravel\framework\src\Illuminate\Foundation\Testing\RefreshDatabase.php:25
C:\Users\Gaser\Desktop\COPRRA\vendor\laravel\framework\src\Illuminate\Foundation\Testing\Concerns\InteractsWithTestCaseLifecycle.php:209
C:\Users\Gaser\Desktop\COPRRA\vendor\laravel\framework\src\Illuminate\Foundation\Testing\Concerns\InteractsWithTestCaseLifecycle.php:97
C:\Users\Gaser\Desktop\COPRRA\vendor\laravel\framework\src\Illuminate\Foundation\Testing\TestCase.php:44
C:\Users\Gaser\Desktop\COPRRA\tests\TestCase.php:25
C:\Users\Gaser\Desktop\COPRRA\tests\Feature\SEOTest.php:29</error>
        </testcase>
        <testcase name="test_generates_sitemap_successfully" file="C:\Users\Gaser\Desktop\COPRRA\tests\Feature\SEOTest.php" line="213" class="Tests\Feature\SEOTest" classname="Tests.Feature.SEOTest" assertions="0" time="0.000000">
          <error type="Error">Tests\Feature\SEOTest::test_generates_sitemap_successfully&#13;
Error: Class "Mockery" not found
&#13;
C:\Users\Gaser\Desktop\COPRRA\vendor\laravel\framework\src\Illuminate\Testing\PendingCommand.php:550
C:\Users\Gaser\Desktop\COPRRA\vendor\laravel\framework\src\Illuminate\Testing\PendingCommand.php:448
C:\Users\Gaser\Desktop\COPRRA\vendor\laravel\framework\src\Illuminate\Testing\PendingCommand.php:675
C:\Users\Gaser\Desktop\COPRRA\vendor\laravel\framework\src\Illuminate\Foundation\Testing\Concerns\InteractsWithConsole.php:87
C:\Users\Gaser\Desktop\COPRRA\vendor\laravel\framework\src\Illuminate\Foundation\Testing\RefreshDatabase.php:101
C:\Users\Gaser\Desktop\COPRRA\vendor\laravel\framework\src\Illuminate\Foundation\Testing\RefreshDatabase.php:84
C:\Users\Gaser\Desktop\COPRRA\vendor\laravel\framework\src\Illuminate\Foundation\Testing\RefreshDatabase.php:25
C:\Users\Gaser\Desktop\COPRRA\vendor\laravel\framework\src\Illuminate\Foundation\Testing\Concerns\InteractsWithTestCaseLifecycle.php:209
C:\Users\Gaser\Desktop\COPRRA\vendor\laravel\framework\src\Illuminate\Foundation\Testing\Concerns\InteractsWithTestCaseLifecycle.php:97
C:\Users\Gaser\Desktop\COPRRA\vendor\laravel\framework\src\Illuminate\Foundation\Testing\TestCase.php:44
C:\Users\Gaser\Desktop\COPRRA\tests\TestCase.php:25
C:\Users\Gaser\Desktop\COPRRA\tests\Feature\SEOTest.php:29</error>
        </testcase>
        <testcase name="test_sitemap_includes_products" file="C:\Users\Gaser\Desktop\COPRRA\tests\Feature\SEOTest.php" line="236" class="Tests\Feature\SEOTest" classname="Tests.Feature.SEOTest" assertions="0" time="0.000000">
          <error type="Error">Tests\Feature\SEOTest::test_sitemap_includes_products&#13;
Error: Class "Mockery" not found
&#13;
C:\Users\Gaser\Desktop\COPRRA\vendor\laravel\framework\src\Illuminate\Testing\PendingCommand.php:550
C:\Users\Gaser\Desktop\COPRRA\vendor\laravel\framework\src\Illuminate\Testing\PendingCommand.php:448
C:\Users\Gaser\Desktop\COPRRA\vendor\laravel\framework\src\Illuminate\Testing\PendingCommand.php:675
C:\Users\Gaser\Desktop\COPRRA\vendor\laravel\framework\src\Illuminate\Foundation\Testing\Concerns\InteractsWithConsole.php:87
C:\Users\Gaser\Desktop\COPRRA\vendor\laravel\framework\src\Illuminate\Foundation\Testing\RefreshDatabase.php:101
C:\Users\Gaser\Desktop\COPRRA\vendor\laravel\framework\src\Illuminate\Foundation\Testing\RefreshDatabase.php:84
C:\Users\Gaser\Desktop\COPRRA\vendor\laravel\framework\src\Illuminate\Foundation\Testing\RefreshDatabase.php:25
C:\Users\Gaser\Desktop\COPRRA\vendor\laravel\framework\src\Illuminate\Foundation\Testing\Concerns\InteractsWithTestCaseLifecycle.php:209
C:\Users\Gaser\Desktop\COPRRA\vendor\laravel\framework\src\Illuminate\Foundation\Testing\Concerns\InteractsWithTestCaseLifecycle.php:97
C:\Users\Gaser\Desktop\COPRRA\vendor\laravel\framework\src\Illuminate\Foundation\Testing\TestCase.php:44
C:\Users\Gaser\Desktop\COPRRA\tests\TestCase.php:25
C:\Users\Gaser\Desktop\COPRRA\tests\Feature\SEOTest.php:29</error>
        </testcase>
        <testcase name="test_seo_audit_command_runs_successfully" file="C:\Users\Gaser\Desktop\COPRRA\tests\Feature\SEOTest.php" line="252" class="Tests\Feature\SEOTest" classname="Tests.Feature.SEOTest" assertions="0" time="0.000000">
          <error type="Error">Tests\Feature\SEOTest::test_seo_audit_command_runs_successfully&#13;
Error: Class "Mockery" not found
&#13;
C:\Users\Gaser\Desktop\COPRRA\vendor\laravel\framework\src\Illuminate\Testing\PendingCommand.php:550
C:\Users\Gaser\Desktop\COPRRA\vendor\laravel\framework\src\Illuminate\Testing\PendingCommand.php:448
C:\Users\Gaser\Desktop\COPRRA\vendor\laravel\framework\src\Illuminate\Testing\PendingCommand.php:675
C:\Users\Gaser\Desktop\COPRRA\vendor\laravel\framework\src\Illuminate\Foundation\Testing\Concerns\InteractsWithConsole.php:87
C:\Users\Gaser\Desktop\COPRRA\vendor\laravel\framework\src\Illuminate\Foundation\Testing\RefreshDatabase.php:101
C:\Users\Gaser\Desktop\COPRRA\vendor\laravel\framework\src\Illuminate\Foundation\Testing\RefreshDatabase.php:84
C:\Users\Gaser\Desktop\COPRRA\vendor\laravel\framework\src\Illuminate\Foundation\Testing\RefreshDatabase.php:25
C:\Users\Gaser\Desktop\COPRRA\vendor\laravel\framework\src\Illuminate\Foundation\Testing\Concerns\InteractsWithTestCaseLifecycle.php:209
C:\Users\Gaser\Desktop\COPRRA\vendor\laravel\framework\src\Illuminate\Foundation\Testing\Concerns\InteractsWithTestCaseLifecycle.php:97
C:\Users\Gaser\Desktop\COPRRA\vendor\laravel\framework\src\Illuminate\Foundation\Testing\TestCase.php:44
C:\Users\Gaser\Desktop\COPRRA\tests\TestCase.php:25
C:\Users\Gaser\Desktop\COPRRA\tests\Feature\SEOTest.php:29</error>
        </testcase>
        <testcase name="test_seo_audit_can_fix_issues" file="C:\Users\Gaser\Desktop\COPRRA\tests\Feature\SEOTest.php" line="261" class="Tests\Feature\SEOTest" classname="Tests.Feature.SEOTest" assertions="0" time="0.000000">
          <error type="Error">Tests\Feature\SEOTest::test_seo_audit_can_fix_issues&#13;
Error: Class "Mockery" not found
&#13;
C:\Users\Gaser\Desktop\COPRRA\vendor\laravel\framework\src\Illuminate\Testing\PendingCommand.php:550
C:\Users\Gaser\Desktop\COPRRA\vendor\laravel\framework\src\Illuminate\Testing\PendingCommand.php:448
C:\Users\Gaser\Desktop\COPRRA\vendor\laravel\framework\src\Illuminate\Testing\PendingCommand.php:675
C:\Users\Gaser\Desktop\COPRRA\vendor\laravel\framework\src\Illuminate\Foundation\Testing\Concerns\InteractsWithConsole.php:87
C:\Users\Gaser\Desktop\COPRRA\vendor\laravel\framework\src\Illuminate\Foundation\Testing\RefreshDatabase.php:101
C:\Users\Gaser\Desktop\COPRRA\vendor\laravel\framework\src\Illuminate\Foundation\Testing\RefreshDatabase.php:84
C:\Users\Gaser\Desktop\COPRRA\vendor\laravel\framework\src\Illuminate\Foundation\Testing\RefreshDatabase.php:25
C:\Users\Gaser\Desktop\COPRRA\vendor\laravel\framework\src\Illuminate\Foundation\Testing\Concerns\InteractsWithTestCaseLifecycle.php:209
C:\Users\Gaser\Desktop\COPRRA\vendor\laravel\framework\src\Illuminate\Foundation\Testing\Concerns\InteractsWithTestCaseLifecycle.php:97
C:\Users\Gaser\Desktop\COPRRA\vendor\laravel\framework\src\Illuminate\Foundation\Testing\TestCase.php:44
C:\Users\Gaser\Desktop\COPRRA\tests\TestCase.php:25
C:\Users\Gaser\Desktop\COPRRA\tests\Feature\SEOTest.php:29</error>
        </testcase>
        <testcase name="test_robots_txt_file_exists" file="C:\Users\Gaser\Desktop\COPRRA\tests\Feature\SEOTest.php" line="278" class="Tests\Feature\SEOTest" classname="Tests.Feature.SEOTest" assertions="0" time="0.000000">
          <error type="Error">Tests\Feature\SEOTest::test_robots_txt_file_exists&#13;
Error: Class "Mockery" not found
&#13;
C:\Users\Gaser\Desktop\COPRRA\vendor\laravel\framework\src\Illuminate\Testing\PendingCommand.php:550
C:\Users\Gaser\Desktop\COPRRA\vendor\laravel\framework\src\Illuminate\Testing\PendingCommand.php:448
C:\Users\Gaser\Desktop\COPRRA\vendor\laravel\framework\src\Illuminate\Testing\PendingCommand.php:675
C:\Users\Gaser\Desktop\COPRRA\vendor\laravel\framework\src\Illuminate\Foundation\Testing\Concerns\InteractsWithConsole.php:87
C:\Users\Gaser\Desktop\COPRRA\vendor\laravel\framework\src\Illuminate\Foundation\Testing\RefreshDatabase.php:101
C:\Users\Gaser\Desktop\COPRRA\vendor\laravel\framework\src\Illuminate\Foundation\Testing\RefreshDatabase.php:84
C:\Users\Gaser\Desktop\COPRRA\vendor\laravel\framework\src\Illuminate\Foundation\Testing\RefreshDatabase.php:25
C:\Users\Gaser\Desktop\COPRRA\vendor\laravel\framework\src\Illuminate\Foundation\Testing\Concerns\InteractsWithTestCaseLifecycle.php:209
C:\Users\Gaser\Desktop\COPRRA\vendor\laravel\framework\src\Illuminate\Foundation\Testing\Concerns\InteractsWithTestCaseLifecycle.php:97
C:\Users\Gaser\Desktop\COPRRA\vendor\laravel\framework\src\Illuminate\Foundation\Testing\TestCase.php:44
C:\Users\Gaser\Desktop\COPRRA\tests\TestCase.php:25
C:\Users\Gaser\Desktop\COPRRA\tests\Feature\SEOTest.php:29</error>
        </testcase>
        <testcase name="test_robots_txt_has_correct_content" file="C:\Users\Gaser\Desktop\COPRRA\tests\Feature\SEOTest.php" line="283" class="Tests\Feature\SEOTest" classname="Tests.Feature.SEOTest" assertions="0" time="0.000000">
          <error type="Error">Tests\Feature\SEOTest::test_robots_txt_has_correct_content&#13;
Error: Class "Mockery" not found
&#13;
C:\Users\Gaser\Desktop\COPRRA\vendor\laravel\framework\src\Illuminate\Testing\PendingCommand.php:550
C:\Users\Gaser\Desktop\COPRRA\vendor\laravel\framework\src\Illuminate\Testing\PendingCommand.php:448
C:\Users\Gaser\Desktop\COPRRA\vendor\laravel\framework\src\Illuminate\Testing\PendingCommand.php:675
C:\Users\Gaser\Desktop\COPRRA\vendor\laravel\framework\src\Illuminate\Foundation\Testing\Concerns\InteractsWithConsole.php:87
C:\Users\Gaser\Desktop\COPRRA\vendor\laravel\framework\src\Illuminate\Foundation\Testing\RefreshDatabase.php:101
C:\Users\Gaser\Desktop\COPRRA\vendor\laravel\framework\src\Illuminate\Foundation\Testing\RefreshDatabase.php:84
C:\Users\Gaser\Desktop\COPRRA\vendor\laravel\framework\src\Illuminate\Foundation\Testing\RefreshDatabase.php:25
C:\Users\Gaser\Desktop\COPRRA\vendor\laravel\framework\src\Illuminate\Foundation\Testing\Concerns\InteractsWithTestCaseLifecycle.php:209
C:\Users\Gaser\Desktop\COPRRA\vendor\laravel\framework\src\Illuminate\Foundation\Testing\Concerns\InteractsWithTestCaseLifecycle.php:97
C:\Users\Gaser\Desktop\COPRRA\vendor\laravel\framework\src\Illuminate\Foundation\Testing\TestCase.php:44
C:\Users\Gaser\Desktop\COPRRA\tests\TestCase.php:25
C:\Users\Gaser\Desktop\COPRRA\tests\Feature\SEOTest.php:29</error>
        </testcase>
      </testsuite>
      <testsuite name="Tests\Feature\Security\SecurityTest" file="C:\Users\Gaser\Desktop\COPRRA\tests\Feature\Security\SecurityTest.php" tests="3" assertions="0" errors="3" failures="0" skipped="0" time="0.000000">
        <testcase name="test_basic_functionality" file="C:\Users\Gaser\Desktop\COPRRA\tests\Feature\Security\SecurityTest.php" line="16" class="Tests\Feature\Security\SecurityTest" classname="Tests.Feature.Security.SecurityTest" assertions="0" time="0.000000">
          <error type="Error">Tests\Feature\Security\SecurityTest::test_basic_functionality&#13;
Error: Class "Mockery" not found
&#13;
C:\Users\Gaser\Desktop\COPRRA\vendor\laravel\framework\src\Illuminate\Testing\PendingCommand.php:550
C:\Users\Gaser\Desktop\COPRRA\vendor\laravel\framework\src\Illuminate\Testing\PendingCommand.php:448
C:\Users\Gaser\Desktop\COPRRA\vendor\laravel\framework\src\Illuminate\Testing\PendingCommand.php:675
C:\Users\Gaser\Desktop\COPRRA\vendor\laravel\framework\src\Illuminate\Foundation\Testing\Concerns\InteractsWithConsole.php:87
C:\Users\Gaser\Desktop\COPRRA\vendor\laravel\framework\src\Illuminate\Foundation\Testing\RefreshDatabase.php:101
C:\Users\Gaser\Desktop\COPRRA\vendor\laravel\framework\src\Illuminate\Foundation\Testing\RefreshDatabase.php:84
C:\Users\Gaser\Desktop\COPRRA\vendor\laravel\framework\src\Illuminate\Foundation\Testing\RefreshDatabase.php:25
C:\Users\Gaser\Desktop\COPRRA\vendor\laravel\framework\src\Illuminate\Foundation\Testing\Concerns\InteractsWithTestCaseLifecycle.php:209
C:\Users\Gaser\Desktop\COPRRA\vendor\laravel\framework\src\Illuminate\Foundation\Testing\Concerns\InteractsWithTestCaseLifecycle.php:97
C:\Users\Gaser\Desktop\COPRRA\vendor\laravel\framework\src\Illuminate\Foundation\Testing\TestCase.php:44
C:\Users\Gaser\Desktop\COPRRA\tests\TestCase.php:25
C:\Users\Gaser\Desktop\COPRRA\tests\Feature\Security\SecurityTest.php:38</error>
        </testcase>
        <testcase name="test_expected_behavior" file="C:\Users\Gaser\Desktop\COPRRA\tests\Feature\Security\SecurityTest.php" line="23" class="Tests\Feature\Security\SecurityTest" classname="Tests.Feature.Security.SecurityTest" assertions="0" time="0.000000">
          <error type="Error">Tests\Feature\Security\SecurityTest::test_expected_behavior&#13;
Error: Class "Mockery" not found
&#13;
C:\Users\Gaser\Desktop\COPRRA\vendor\laravel\framework\src\Illuminate\Testing\PendingCommand.php:550
C:\Users\Gaser\Desktop\COPRRA\vendor\laravel\framework\src\Illuminate\Testing\PendingCommand.php:448
C:\Users\Gaser\Desktop\COPRRA\vendor\laravel\framework\src\Illuminate\Testing\PendingCommand.php:675
C:\Users\Gaser\Desktop\COPRRA\vendor\laravel\framework\src\Illuminate\Foundation\Testing\Concerns\InteractsWithConsole.php:87
C:\Users\Gaser\Desktop\COPRRA\vendor\laravel\framework\src\Illuminate\Foundation\Testing\RefreshDatabase.php:101
C:\Users\Gaser\Desktop\COPRRA\vendor\laravel\framework\src\Illuminate\Foundation\Testing\RefreshDatabase.php:84
C:\Users\Gaser\Desktop\COPRRA\vendor\laravel\framework\src\Illuminate\Foundation\Testing\RefreshDatabase.php:25
C:\Users\Gaser\Desktop\COPRRA\vendor\laravel\framework\src\Illuminate\Foundation\Testing\Concerns\InteractsWithTestCaseLifecycle.php:209
C:\Users\Gaser\Desktop\COPRRA\vendor\laravel\framework\src\Illuminate\Foundation\Testing\Concerns\InteractsWithTestCaseLifecycle.php:97
C:\Users\Gaser\Desktop\COPRRA\vendor\laravel\framework\src\Illuminate\Foundation\Testing\TestCase.php:44
C:\Users\Gaser\Desktop\COPRRA\tests\TestCase.php:25
C:\Users\Gaser\Desktop\COPRRA\tests\Feature\Security\SecurityTest.php:38</error>
        </testcase>
        <testcase name="test_validation" file="C:\Users\Gaser\Desktop\COPRRA\tests\Feature\Security\SecurityTest.php" line="30" class="Tests\Feature\Security\SecurityTest" classname="Tests.Feature.Security.SecurityTest" assertions="0" time="0.000000">
          <error type="Error">Tests\Feature\Security\SecurityTest::test_validation&#13;
Error: Class "Mockery" not found
&#13;
C:\Users\Gaser\Desktop\COPRRA\vendor\laravel\framework\src\Illuminate\Testing\PendingCommand.php:550
C:\Users\Gaser\Desktop\COPRRA\vendor\laravel\framework\src\Illuminate\Testing\PendingCommand.php:448
C:\Users\Gaser\Desktop\COPRRA\vendor\laravel\framework\src\Illuminate\Testing\PendingCommand.php:675
C:\Users\Gaser\Desktop\COPRRA\vendor\laravel\framework\src\Illuminate\Foundation\Testing\Concerns\InteractsWithConsole.php:87
C:\Users\Gaser\Desktop\COPRRA\vendor\laravel\framework\src\Illuminate\Foundation\Testing\RefreshDatabase.php:101
C:\Users\Gaser\Desktop\COPRRA\vendor\laravel\framework\src\Illuminate\Foundation\Testing\RefreshDatabase.php:84
C:\Users\Gaser\Desktop\COPRRA\vendor\laravel\framework\src\Illuminate\Foundation\Testing\RefreshDatabase.php:25
C:\Users\Gaser\Desktop\COPRRA\vendor\laravel\framework\src\Illuminate\Foundation\Testing\Concerns\InteractsWithTestCaseLifecycle.php:209
C:\Users\Gaser\Desktop\COPRRA\vendor\laravel\framework\src\Illuminate\Foundation\Testing\Concerns\InteractsWithTestCaseLifecycle.php:97
C:\Users\Gaser\Desktop\COPRRA\vendor\laravel\framework\src\Illuminate\Foundation\Testing\TestCase.php:44
C:\Users\Gaser\Desktop\COPRRA\tests\TestCase.php:25
C:\Users\Gaser\Desktop\COPRRA\tests\Feature\Security\SecurityTest.php:38</error>
        </testcase>
      </testsuite>
      <testsuite name="Tests\Feature\Services\AuditServiceTest" file="C:\Users\Gaser\Desktop\COPRRA\tests\Feature\Services\AuditServiceTest.php" tests="13" assertions="0" errors="13" failures="0" skipped="0" time="0.000000">
        <testcase name="test_can_be_instantiated" file="C:\Users\Gaser\Desktop\COPRRA\tests\Feature\Services\AuditServiceTest.php" line="39" class="Tests\Feature\Services\AuditServiceTest" classname="Tests.Feature.Services.AuditServiceTest" assertions="0" time="0.000000">
          <error type="Error">Tests\Feature\Services\AuditServiceTest::test_can_be_instantiated&#13;
Error: Class "Mockery" not found
&#13;
C:\Users\Gaser\Desktop\COPRRA\vendor\laravel\framework\src\Illuminate\Testing\PendingCommand.php:550
C:\Users\Gaser\Desktop\COPRRA\vendor\laravel\framework\src\Illuminate\Testing\PendingCommand.php:448
C:\Users\Gaser\Desktop\COPRRA\vendor\laravel\framework\src\Illuminate\Testing\PendingCommand.php:675
C:\Users\Gaser\Desktop\COPRRA\vendor\laravel\framework\src\Illuminate\Foundation\Testing\Concerns\InteractsWithConsole.php:87
C:\Users\Gaser\Desktop\COPRRA\vendor\laravel\framework\src\Illuminate\Foundation\Testing\RefreshDatabase.php:101
C:\Users\Gaser\Desktop\COPRRA\vendor\laravel\framework\src\Illuminate\Foundation\Testing\RefreshDatabase.php:84
C:\Users\Gaser\Desktop\COPRRA\vendor\laravel\framework\src\Illuminate\Foundation\Testing\RefreshDatabase.php:25
C:\Users\Gaser\Desktop\COPRRA\vendor\laravel\framework\src\Illuminate\Foundation\Testing\Concerns\InteractsWithTestCaseLifecycle.php:209
C:\Users\Gaser\Desktop\COPRRA\vendor\laravel\framework\src\Illuminate\Foundation\Testing\Concerns\InteractsWithTestCaseLifecycle.php:97
C:\Users\Gaser\Desktop\COPRRA\vendor\laravel\framework\src\Illuminate\Foundation\Testing\TestCase.php:44
C:\Users\Gaser\Desktop\COPRRA\tests\TestCase.php:25
C:\Users\Gaser\Desktop\COPRRA\tests\Feature\Services\AuditServiceTest.php:23</error>
        </testcase>
        <testcase name="test_logs_created_event" file="C:\Users\Gaser\Desktop\COPRRA\tests\Feature\Services\AuditServiceTest.php" line="44" class="Tests\Feature\Services\AuditServiceTest" classname="Tests.Feature.Services.AuditServiceTest" assertions="0" time="0.000000">
          <error type="Error">Tests\Feature\Services\AuditServiceTest::test_logs_created_event&#13;
Error: Class "Mockery" not found
&#13;
C:\Users\Gaser\Desktop\COPRRA\vendor\laravel\framework\src\Illuminate\Testing\PendingCommand.php:550
C:\Users\Gaser\Desktop\COPRRA\vendor\laravel\framework\src\Illuminate\Testing\PendingCommand.php:448
C:\Users\Gaser\Desktop\COPRRA\vendor\laravel\framework\src\Illuminate\Testing\PendingCommand.php:675
C:\Users\Gaser\Desktop\COPRRA\vendor\laravel\framework\src\Illuminate\Foundation\Testing\Concerns\InteractsWithConsole.php:87
C:\Users\Gaser\Desktop\COPRRA\vendor\laravel\framework\src\Illuminate\Foundation\Testing\RefreshDatabase.php:101
C:\Users\Gaser\Desktop\COPRRA\vendor\laravel\framework\src\Illuminate\Foundation\Testing\RefreshDatabase.php:84
C:\Users\Gaser\Desktop\COPRRA\vendor\laravel\framework\src\Illuminate\Foundation\Testing\RefreshDatabase.php:25
C:\Users\Gaser\Desktop\COPRRA\vendor\laravel\framework\src\Illuminate\Foundation\Testing\Concerns\InteractsWithTestCaseLifecycle.php:209
C:\Users\Gaser\Desktop\COPRRA\vendor\laravel\framework\src\Illuminate\Foundation\Testing\Concerns\InteractsWithTestCaseLifecycle.php:97
C:\Users\Gaser\Desktop\COPRRA\vendor\laravel\framework\src\Illuminate\Foundation\Testing\TestCase.php:44
C:\Users\Gaser\Desktop\COPRRA\tests\TestCase.php:25
C:\Users\Gaser\Desktop\COPRRA\tests\Feature\Services\AuditServiceTest.php:23</error>
        </testcase>
        <testcase name="test_logs_updated_event" file="C:\Users\Gaser\Desktop\COPRRA\tests\Feature\Services\AuditServiceTest.php" line="68" class="Tests\Feature\Services\AuditServiceTest" classname="Tests.Feature.Services.AuditServiceTest" assertions="0" time="0.000000">
          <error type="Error">Tests\Feature\Services\AuditServiceTest::test_logs_updated_event&#13;
Error: Class "Mockery" not found
&#13;
C:\Users\Gaser\Desktop\COPRRA\vendor\laravel\framework\src\Illuminate\Testing\PendingCommand.php:550
C:\Users\Gaser\Desktop\COPRRA\vendor\laravel\framework\src\Illuminate\Testing\PendingCommand.php:448
C:\Users\Gaser\Desktop\COPRRA\vendor\laravel\framework\src\Illuminate\Testing\PendingCommand.php:675
C:\Users\Gaser\Desktop\COPRRA\vendor\laravel\framework\src\Illuminate\Foundation\Testing\Concerns\InteractsWithConsole.php:87
C:\Users\Gaser\Desktop\COPRRA\vendor\laravel\framework\src\Illuminate\Foundation\Testing\RefreshDatabase.php:101
C:\Users\Gaser\Desktop\COPRRA\vendor\laravel\framework\src\Illuminate\Foundation\Testing\RefreshDatabase.php:84
C:\Users\Gaser\Desktop\COPRRA\vendor\laravel\framework\src\Illuminate\Foundation\Testing\RefreshDatabase.php:25
C:\Users\Gaser\Desktop\COPRRA\vendor\laravel\framework\src\Illuminate\Foundation\Testing\Concerns\InteractsWithTestCaseLifecycle.php:209
C:\Users\Gaser\Desktop\COPRRA\vendor\laravel\framework\src\Illuminate\Foundation\Testing\Concerns\InteractsWithTestCaseLifecycle.php:97
C:\Users\Gaser\Desktop\COPRRA\vendor\laravel\framework\src\Illuminate\Foundation\Testing\TestCase.php:44
C:\Users\Gaser\Desktop\COPRRA\tests\TestCase.php:25
C:\Users\Gaser\Desktop\COPRRA\tests\Feature\Services\AuditServiceTest.php:23</error>
        </testcase>
        <testcase name="test_logs_deleted_event" file="C:\Users\Gaser\Desktop\COPRRA\tests\Feature\Services\AuditServiceTest.php" line="89" class="Tests\Feature\Services\AuditServiceTest" classname="Tests.Feature.Services.AuditServiceTest" assertions="0" time="0.000000">
          <error type="Error">Tests\Feature\Services\AuditServiceTest::test_logs_deleted_event&#13;
Error: Class "Mockery" not found
&#13;
C:\Users\Gaser\Desktop\COPRRA\vendor\laravel\framework\src\Illuminate\Testing\PendingCommand.php:550
C:\Users\Gaser\Desktop\COPRRA\vendor\laravel\framework\src\Illuminate\Testing\PendingCommand.php:448
C:\Users\Gaser\Desktop\COPRRA\vendor\laravel\framework\src\Illuminate\Testing\PendingCommand.php:675
C:\Users\Gaser\Desktop\COPRRA\vendor\laravel\framework\src\Illuminate\Foundation\Testing\Concerns\InteractsWithConsole.php:87
C:\Users\Gaser\Desktop\COPRRA\vendor\laravel\framework\src\Illuminate\Foundation\Testing\RefreshDatabase.php:101
C:\Users\Gaser\Desktop\COPRRA\vendor\laravel\framework\src\Illuminate\Foundation\Testing\RefreshDatabase.php:84
C:\Users\Gaser\Desktop\COPRRA\vendor\laravel\framework\src\Illuminate\Foundation\Testing\RefreshDatabase.php:25
C:\Users\Gaser\Desktop\COPRRA\vendor\laravel\framework\src\Illuminate\Foundation\Testing\Concerns\InteractsWithTestCaseLifecycle.php:209
C:\Users\Gaser\Desktop\COPRRA\vendor\laravel\framework\src\Illuminate\Foundation\Testing\Concerns\InteractsWithTestCaseLifecycle.php:97
C:\Users\Gaser\Desktop\COPRRA\vendor\laravel\framework\src\Illuminate\Foundation\Testing\TestCase.php:44
C:\Users\Gaser\Desktop\COPRRA\tests\TestCase.php:25
C:\Users\Gaser\Desktop\COPRRA\tests\Feature\Services\AuditServiceTest.php:23</error>
        </testcase>
        <testcase name="test_logs_viewed_event" file="C:\Users\Gaser\Desktop\COPRRA\tests\Feature\Services\AuditServiceTest.php" line="109" class="Tests\Feature\Services\AuditServiceTest" classname="Tests.Feature.Services.AuditServiceTest" assertions="0" time="0.000000">
          <error type="Error">Tests\Feature\Services\AuditServiceTest::test_logs_viewed_event&#13;
Error: Class "Mockery" not found
&#13;
C:\Users\Gaser\Desktop\COPRRA\vendor\laravel\framework\src\Illuminate\Testing\PendingCommand.php:550
C:\Users\Gaser\Desktop\COPRRA\vendor\laravel\framework\src\Illuminate\Testing\PendingCommand.php:448
C:\Users\Gaser\Desktop\COPRRA\vendor\laravel\framework\src\Illuminate\Testing\PendingCommand.php:675
C:\Users\Gaser\Desktop\COPRRA\vendor\laravel\framework\src\Illuminate\Foundation\Testing\Concerns\InteractsWithConsole.php:87
C:\Users\Gaser\Desktop\COPRRA\vendor\laravel\framework\src\Illuminate\Foundation\Testing\RefreshDatabase.php:101
C:\Users\Gaser\Desktop\COPRRA\vendor\laravel\framework\src\Illuminate\Foundation\Testing\RefreshDatabase.php:84
C:\Users\Gaser\Desktop\COPRRA\vendor\laravel\framework\src\Illuminate\Foundation\Testing\RefreshDatabase.php:25
C:\Users\Gaser\Desktop\COPRRA\vendor\laravel\framework\src\Illuminate\Foundation\Testing\Concerns\InteractsWithTestCaseLifecycle.php:209
C:\Users\Gaser\Desktop\COPRRA\vendor\laravel\framework\src\Illuminate\Foundation\Testing\Concerns\InteractsWithTestCaseLifecycle.php:97
C:\Users\Gaser\Desktop\COPRRA\vendor\laravel\framework\src\Illuminate\Foundation\Testing\TestCase.php:44
C:\Users\Gaser\Desktop\COPRRA\tests\TestCase.php:25
C:\Users\Gaser\Desktop\COPRRA\tests\Feature\Services\AuditServiceTest.php:23</error>
        </testcase>
        <testcase name="test_logs_sensitive_operation" file="C:\Users\Gaser\Desktop\COPRRA\tests\Feature\Services\AuditServiceTest.php" line="129" class="Tests\Feature\Services\AuditServiceTest" classname="Tests.Feature.Services.AuditServiceTest" assertions="0" time="0.000000">
          <error type="Error">Tests\Feature\Services\AuditServiceTest::test_logs_sensitive_operation&#13;
Error: Class "Mockery" not found
&#13;
C:\Users\Gaser\Desktop\COPRRA\vendor\laravel\framework\src\Illuminate\Testing\PendingCommand.php:550
C:\Users\Gaser\Desktop\COPRRA\vendor\laravel\framework\src\Illuminate\Testing\PendingCommand.php:448
C:\Users\Gaser\Desktop\COPRRA\vendor\laravel\framework\src\Illuminate\Testing\PendingCommand.php:675
C:\Users\Gaser\Desktop\COPRRA\vendor\laravel\framework\src\Illuminate\Foundation\Testing\Concerns\InteractsWithConsole.php:87
C:\Users\Gaser\Desktop\COPRRA\vendor\laravel\framework\src\Illuminate\Foundation\Testing\RefreshDatabase.php:101
C:\Users\Gaser\Desktop\COPRRA\vendor\laravel\framework\src\Illuminate\Foundation\Testing\RefreshDatabase.php:84
C:\Users\Gaser\Desktop\COPRRA\vendor\laravel\framework\src\Illuminate\Foundation\Testing\RefreshDatabase.php:25
C:\Users\Gaser\Desktop\COPRRA\vendor\laravel\framework\src\Illuminate\Foundation\Testing\Concerns\InteractsWithTestCaseLifecycle.php:209
C:\Users\Gaser\Desktop\COPRRA\vendor\laravel\framework\src\Illuminate\Foundation\Testing\Concerns\InteractsWithTestCaseLifecycle.php:97
C:\Users\Gaser\Desktop\COPRRA\vendor\laravel\framework\src\Illuminate\Foundation\Testing\TestCase.php:44
C:\Users\Gaser\Desktop\COPRRA\tests\TestCase.php:25
C:\Users\Gaser\Desktop\COPRRA\tests\Feature\Services\AuditServiceTest.php:23</error>
        </testcase>
        <testcase name="test_logs_auth_event_with_user_id" file="C:\Users\Gaser\Desktop\COPRRA\tests\Feature\Services\AuditServiceTest.php" line="145" class="Tests\Feature\Services\AuditServiceTest" classname="Tests.Feature.Services.AuditServiceTest" assertions="0" time="0.000000">
          <error type="Error">Tests\Feature\Services\AuditServiceTest::test_logs_auth_event_with_user_id&#13;
Error: Class "Mockery" not found
&#13;
C:\Users\Gaser\Desktop\COPRRA\vendor\laravel\framework\src\Illuminate\Testing\PendingCommand.php:550
C:\Users\Gaser\Desktop\COPRRA\vendor\laravel\framework\src\Illuminate\Testing\PendingCommand.php:448
C:\Users\Gaser\Desktop\COPRRA\vendor\laravel\framework\src\Illuminate\Testing\PendingCommand.php:675
C:\Users\Gaser\Desktop\COPRRA\vendor\laravel\framework\src\Illuminate\Foundation\Testing\Concerns\InteractsWithConsole.php:87
C:\Users\Gaser\Desktop\COPRRA\vendor\laravel\framework\src\Illuminate\Foundation\Testing\RefreshDatabase.php:101
C:\Users\Gaser\Desktop\COPRRA\vendor\laravel\framework\src\Illuminate\Foundation\Testing\RefreshDatabase.php:84
C:\Users\Gaser\Desktop\COPRRA\vendor\laravel\framework\src\Illuminate\Foundation\Testing\RefreshDatabase.php:25
C:\Users\Gaser\Desktop\COPRRA\vendor\laravel\framework\src\Illuminate\Foundation\Testing\Concerns\InteractsWithTestCaseLifecycle.php:209
C:\Users\Gaser\Desktop\COPRRA\vendor\laravel\framework\src\Illuminate\Foundation\Testing\Concerns\InteractsWithTestCaseLifecycle.php:97
C:\Users\Gaser\Desktop\COPRRA\vendor\laravel\framework\src\Illuminate\Foundation\Testing\TestCase.php:44
C:\Users\Gaser\Desktop\COPRRA\tests\TestCase.php:25
C:\Users\Gaser\Desktop\COPRRA\tests\Feature\Services\AuditServiceTest.php:23</error>
        </testcase>
        <testcase name="test_logs_auth_event_without_user_id" file="C:\Users\Gaser\Desktop\COPRRA\tests\Feature\Services\AuditServiceTest.php" line="162" class="Tests\Feature\Services\AuditServiceTest" classname="Tests.Feature.Services.AuditServiceTest" assertions="0" time="0.000000">
          <error type="Error">Tests\Feature\Services\AuditServiceTest::test_logs_auth_event_without_user_id&#13;
Error: Class "Mockery" not found
&#13;
C:\Users\Gaser\Desktop\COPRRA\vendor\laravel\framework\src\Illuminate\Testing\PendingCommand.php:550
C:\Users\Gaser\Desktop\COPRRA\vendor\laravel\framework\src\Illuminate\Testing\PendingCommand.php:448
C:\Users\Gaser\Desktop\COPRRA\vendor\laravel\framework\src\Illuminate\Testing\PendingCommand.php:675
C:\Users\Gaser\Desktop\COPRRA\vendor\laravel\framework\src\Illuminate\Foundation\Testing\Concerns\InteractsWithConsole.php:87
C:\Users\Gaser\Desktop\COPRRA\vendor\laravel\framework\src\Illuminate\Foundation\Testing\RefreshDatabase.php:101
C:\Users\Gaser\Desktop\COPRRA\vendor\laravel\framework\src\Illuminate\Foundation\Testing\RefreshDatabase.php:84
C:\Users\Gaser\Desktop\COPRRA\vendor\laravel\framework\src\Illuminate\Foundation\Testing\RefreshDatabase.php:25
C:\Users\Gaser\Desktop\COPRRA\vendor\laravel\framework\src\Illuminate\Foundation\Testing\Concerns\InteractsWithTestCaseLifecycle.php:209
C:\Users\Gaser\Desktop\COPRRA\vendor\laravel\framework\src\Illuminate\Foundation\Testing\Concerns\InteractsWithTestCaseLifecycle.php:97
C:\Users\Gaser\Desktop\COPRRA\vendor\laravel\framework\src\Illuminate\Foundation\Testing\TestCase.php:44
C:\Users\Gaser\Desktop\COPRRA\tests\TestCase.php:25
C:\Users\Gaser\Desktop\COPRRA\tests\Feature\Services\AuditServiceTest.php:23</error>
        </testcase>
        <testcase name="test_logs_api_access" file="C:\Users\Gaser\Desktop\COPRRA\tests\Feature\Services\AuditServiceTest.php" line="178" class="Tests\Feature\Services\AuditServiceTest" classname="Tests.Feature.Services.AuditServiceTest" assertions="0" time="0.000000">
          <error type="Error">Tests\Feature\Services\AuditServiceTest::test_logs_api_access&#13;
Error: Class "Mockery" not found
&#13;
C:\Users\Gaser\Desktop\COPRRA\vendor\laravel\framework\src\Illuminate\Testing\PendingCommand.php:550
C:\Users\Gaser\Desktop\COPRRA\vendor\laravel\framework\src\Illuminate\Testing\PendingCommand.php:448
C:\Users\Gaser\Desktop\COPRRA\vendor\laravel\framework\src\Illuminate\Testing\PendingCommand.php:675
C:\Users\Gaser\Desktop\COPRRA\vendor\laravel\framework\src\Illuminate\Foundation\Testing\Concerns\InteractsWithConsole.php:87
C:\Users\Gaser\Desktop\COPRRA\vendor\laravel\framework\src\Illuminate\Foundation\Testing\RefreshDatabase.php:101
C:\Users\Gaser\Desktop\COPRRA\vendor\laravel\framework\src\Illuminate\Foundation\Testing\RefreshDatabase.php:84
C:\Users\Gaser\Desktop\COPRRA\vendor\laravel\framework\src\Illuminate\Foundation\Testing\RefreshDatabase.php:25
C:\Users\Gaser\Desktop\COPRRA\vendor\laravel\framework\src\Illuminate\Foundation\Testing\Concerns\InteractsWithTestCaseLifecycle.php:209
C:\Users\Gaser\Desktop\COPRRA\vendor\laravel\framework\src\Illuminate\Foundation\Testing\Concerns\InteractsWithTestCaseLifecycle.php:97
C:\Users\Gaser\Desktop\COPRRA\vendor\laravel\framework\src\Illuminate\Foundation\Testing\TestCase.php:44
C:\Users\Gaser\Desktop\COPRRA\tests\TestCase.php:25
C:\Users\Gaser\Desktop\COPRRA\tests\Feature\Services\AuditServiceTest.php:23</error>
        </testcase>
        <testcase name="test_gets_model_logs" file="C:\Users\Gaser\Desktop\COPRRA\tests\Feature\Services\AuditServiceTest.php" line="198" class="Tests\Feature\Services\AuditServiceTest" classname="Tests.Feature.Services.AuditServiceTest" assertions="0" time="0.000000">
          <error type="Error">Tests\Feature\Services\AuditServiceTest::test_gets_model_logs&#13;
Error: Class "Mockery" not found
&#13;
C:\Users\Gaser\Desktop\COPRRA\vendor\laravel\framework\src\Illuminate\Testing\PendingCommand.php:550
C:\Users\Gaser\Desktop\COPRRA\vendor\laravel\framework\src\Illuminate\Testing\PendingCommand.php:448
C:\Users\Gaser\Desktop\COPRRA\vendor\laravel\framework\src\Illuminate\Testing\PendingCommand.php:675
C:\Users\Gaser\Desktop\COPRRA\vendor\laravel\framework\src\Illuminate\Foundation\Testing\Concerns\InteractsWithConsole.php:87
C:\Users\Gaser\Desktop\COPRRA\vendor\laravel\framework\src\Illuminate\Foundation\Testing\RefreshDatabase.php:101
C:\Users\Gaser\Desktop\COPRRA\vendor\laravel\framework\src\Illuminate\Foundation\Testing\RefreshDatabase.php:84
C:\Users\Gaser\Desktop\COPRRA\vendor\laravel\framework\src\Illuminate\Foundation\Testing\RefreshDatabase.php:25
C:\Users\Gaser\Desktop\COPRRA\vendor\laravel\framework\src\Illuminate\Foundation\Testing\Concerns\InteractsWithTestCaseLifecycle.php:209
C:\Users\Gaser\Desktop\COPRRA\vendor\laravel\framework\src\Illuminate\Foundation\Testing\Concerns\InteractsWithTestCaseLifecycle.php:97
C:\Users\Gaser\Desktop\COPRRA\vendor\laravel\framework\src\Illuminate\Foundation\Testing\TestCase.php:44
C:\Users\Gaser\Desktop\COPRRA\tests\TestCase.php:25
C:\Users\Gaser\Desktop\COPRRA\tests\Feature\Services\AuditServiceTest.php:23</error>
        </testcase>
        <testcase name="test_gets_user_logs" file="C:\Users\Gaser\Desktop\COPRRA\tests\Feature\Services\AuditServiceTest.php" line="214" class="Tests\Feature\Services\AuditServiceTest" classname="Tests.Feature.Services.AuditServiceTest" assertions="0" time="0.000000">
          <error type="Error">Tests\Feature\Services\AuditServiceTest::test_gets_user_logs&#13;
Error: Class "Mockery" not found
&#13;
C:\Users\Gaser\Desktop\COPRRA\vendor\laravel\framework\src\Illuminate\Testing\PendingCommand.php:550
C:\Users\Gaser\Desktop\COPRRA\vendor\laravel\framework\src\Illuminate\Testing\PendingCommand.php:448
C:\Users\Gaser\Desktop\COPRRA\vendor\laravel\framework\src\Illuminate\Testing\PendingCommand.php:675
C:\Users\Gaser\Desktop\COPRRA\vendor\laravel\framework\src\Illuminate\Foundation\Testing\Concerns\InteractsWithConsole.php:87
C:\Users\Gaser\Desktop\COPRRA\vendor\laravel\framework\src\Illuminate\Foundation\Testing\RefreshDatabase.php:101
C:\Users\Gaser\Desktop\COPRRA\vendor\laravel\framework\src\Illuminate\Foundation\Testing\RefreshDatabase.php:84
C:\Users\Gaser\Desktop\COPRRA\vendor\laravel\framework\src\Illuminate\Foundation\Testing\RefreshDatabase.php:25
C:\Users\Gaser\Desktop\COPRRA\vendor\laravel\framework\src\Illuminate\Foundation\Testing\Concerns\InteractsWithTestCaseLifecycle.php:209
C:\Users\Gaser\Desktop\COPRRA\vendor\laravel\framework\src\Illuminate\Foundation\Testing\Concerns\InteractsWithTestCaseLifecycle.php:97
C:\Users\Gaser\Desktop\COPRRA\vendor\laravel\framework\src\Illuminate\Foundation\Testing\TestCase.php:44
C:\Users\Gaser\Desktop\COPRRA\tests\TestCase.php:25
C:\Users\Gaser\Desktop\COPRRA\tests\Feature\Services\AuditServiceTest.php:23</error>
        </testcase>
        <testcase name="test_gets_event_logs" file="C:\Users\Gaser\Desktop\COPRRA\tests\Feature\Services\AuditServiceTest.php" line="227" class="Tests\Feature\Services\AuditServiceTest" classname="Tests.Feature.Services.AuditServiceTest" assertions="0" time="0.000000">
          <error type="Error">Tests\Feature\Services\AuditServiceTest::test_gets_event_logs&#13;
Error: Class "Mockery" not found
&#13;
C:\Users\Gaser\Desktop\COPRRA\vendor\laravel\framework\src\Illuminate\Testing\PendingCommand.php:550
C:\Users\Gaser\Desktop\COPRRA\vendor\laravel\framework\src\Illuminate\Testing\PendingCommand.php:448
C:\Users\Gaser\Desktop\COPRRA\vendor\laravel\framework\src\Illuminate\Testing\PendingCommand.php:675
C:\Users\Gaser\Desktop\COPRRA\vendor\laravel\framework\src\Illuminate\Foundation\Testing\Concerns\InteractsWithConsole.php:87
C:\Users\Gaser\Desktop\COPRRA\vendor\laravel\framework\src\Illuminate\Foundation\Testing\RefreshDatabase.php:101
C:\Users\Gaser\Desktop\COPRRA\vendor\laravel\framework\src\Illuminate\Foundation\Testing\RefreshDatabase.php:84
C:\Users\Gaser\Desktop\COPRRA\vendor\laravel\framework\src\Illuminate\Foundation\Testing\RefreshDatabase.php:25
C:\Users\Gaser\Desktop\COPRRA\vendor\laravel\framework\src\Illuminate\Foundation\Testing\Concerns\InteractsWithTestCaseLifecycle.php:209
C:\Users\Gaser\Desktop\COPRRA\vendor\laravel\framework\src\Illuminate\Foundation\Testing\Concerns\InteractsWithTestCaseLifecycle.php:97
C:\Users\Gaser\Desktop\COPRRA\vendor\laravel\framework\src\Illuminate\Foundation\Testing\TestCase.php:44
C:\Users\Gaser\Desktop\COPRRA\tests\TestCase.php:25
C:\Users\Gaser\Desktop\COPRRA\tests\Feature\Services\AuditServiceTest.php:23</error>
        </testcase>
        <testcase name="test_cleans_old_logs" file="C:\Users\Gaser\Desktop\COPRRA\tests\Feature\Services\AuditServiceTest.php" line="240" class="Tests\Feature\Services\AuditServiceTest" classname="Tests.Feature.Services.AuditServiceTest" assertions="0" time="0.000000">
          <error type="Error">Tests\Feature\Services\AuditServiceTest::test_cleans_old_logs&#13;
Error: Class "Mockery" not found
&#13;
C:\Users\Gaser\Desktop\COPRRA\vendor\laravel\framework\src\Illuminate\Testing\PendingCommand.php:550
C:\Users\Gaser\Desktop\COPRRA\vendor\laravel\framework\src\Illuminate\Testing\PendingCommand.php:448
C:\Users\Gaser\Desktop\COPRRA\vendor\laravel\framework\src\Illuminate\Testing\PendingCommand.php:675
C:\Users\Gaser\Desktop\COPRRA\vendor\laravel\framework\src\Illuminate\Foundation\Testing\Concerns\InteractsWithConsole.php:87
C:\Users\Gaser\Desktop\COPRRA\vendor\laravel\framework\src\Illuminate\Foundation\Testing\RefreshDatabase.php:101
C:\Users\Gaser\Desktop\COPRRA\vendor\laravel\framework\src\Illuminate\Foundation\Testing\RefreshDatabase.php:84
C:\Users\Gaser\Desktop\COPRRA\vendor\laravel\framework\src\Illuminate\Foundation\Testing\RefreshDatabase.php:25
C:\Users\Gaser\Desktop\COPRRA\vendor\laravel\framework\src\Illuminate\Foundation\Testing\Concerns\InteractsWithTestCaseLifecycle.php:209
C:\Users\Gaser\Desktop\COPRRA\vendor\laravel\framework\src\Illuminate\Foundation\Testing\Concerns\InteractsWithTestCaseLifecycle.php:97
C:\Users\Gaser\Desktop\COPRRA\vendor\laravel\framework\src\Illuminate\Foundation\Testing\TestCase.php:44
C:\Users\Gaser\Desktop\COPRRA\tests\TestCase.php:25
C:\Users\Gaser\Desktop\COPRRA\tests\Feature\Services\AuditServiceTest.php:23</error>
        </testcase>
      </testsuite>
      <testsuite name="Tests\Feature\Services\BackupServiceTest" file="C:\Users\Gaser\Desktop\COPRRA\tests\Feature\Services\BackupServiceTest.php" tests="11" assertions="0" errors="11" failures="0" skipped="0" time="0.000000">
        <testcase name="test_creates_full_backup_successfully" file="C:\Users\Gaser\Desktop\COPRRA\tests\Feature\Services\BackupServiceTest.php" line="50" class="Tests\Feature\Services\BackupServiceTest" classname="Tests.Feature.Services.BackupServiceTest" assertions="0" time="0.000000">
          <error type="Error">Tests\Feature\Services\BackupServiceTest::test_creates_full_backup_successfully&#13;
Error: Class "Mockery" not found
&#13;
C:\Users\Gaser\Desktop\COPRRA\vendor\laravel\framework\src\Illuminate\Testing\PendingCommand.php:550
C:\Users\Gaser\Desktop\COPRRA\vendor\laravel\framework\src\Illuminate\Testing\PendingCommand.php:448
C:\Users\Gaser\Desktop\COPRRA\vendor\laravel\framework\src\Illuminate\Testing\PendingCommand.php:675
C:\Users\Gaser\Desktop\COPRRA\vendor\laravel\framework\src\Illuminate\Foundation\Testing\Concerns\InteractsWithConsole.php:87
C:\Users\Gaser\Desktop\COPRRA\vendor\laravel\framework\src\Illuminate\Foundation\Testing\RefreshDatabase.php:101
C:\Users\Gaser\Desktop\COPRRA\vendor\laravel\framework\src\Illuminate\Foundation\Testing\RefreshDatabase.php:84
C:\Users\Gaser\Desktop\COPRRA\vendor\laravel\framework\src\Illuminate\Foundation\Testing\RefreshDatabase.php:25
C:\Users\Gaser\Desktop\COPRRA\vendor\laravel\framework\src\Illuminate\Foundation\Testing\Concerns\InteractsWithTestCaseLifecycle.php:209
C:\Users\Gaser\Desktop\COPRRA\vendor\laravel\framework\src\Illuminate\Foundation\Testing\Concerns\InteractsWithTestCaseLifecycle.php:97
C:\Users\Gaser\Desktop\COPRRA\vendor\laravel\framework\src\Illuminate\Foundation\Testing\TestCase.php:44
C:\Users\Gaser\Desktop\COPRRA\tests\TestCase.php:25
C:\Users\Gaser\Desktop\COPRRA\tests\Feature\Services\BackupServiceTest.php:26</error>
        </testcase>
        <testcase name="test_handles_full_backup_exception" file="C:\Users\Gaser\Desktop\COPRRA\tests\Feature\Services\BackupServiceTest.php" line="133" class="Tests\Feature\Services\BackupServiceTest" classname="Tests.Feature.Services.BackupServiceTest" assertions="0" time="0.000000">
          <error type="Error">Tests\Feature\Services\BackupServiceTest::test_handles_full_backup_exception&#13;
Error: Class "Mockery" not found
&#13;
C:\Users\Gaser\Desktop\COPRRA\vendor\laravel\framework\src\Illuminate\Testing\PendingCommand.php:550
C:\Users\Gaser\Desktop\COPRRA\vendor\laravel\framework\src\Illuminate\Testing\PendingCommand.php:448
C:\Users\Gaser\Desktop\COPRRA\vendor\laravel\framework\src\Illuminate\Testing\PendingCommand.php:675
C:\Users\Gaser\Desktop\COPRRA\vendor\laravel\framework\src\Illuminate\Foundation\Testing\Concerns\InteractsWithConsole.php:87
C:\Users\Gaser\Desktop\COPRRA\vendor\laravel\framework\src\Illuminate\Foundation\Testing\RefreshDatabase.php:101
C:\Users\Gaser\Desktop\COPRRA\vendor\laravel\framework\src\Illuminate\Foundation\Testing\RefreshDatabase.php:84
C:\Users\Gaser\Desktop\COPRRA\vendor\laravel\framework\src\Illuminate\Foundation\Testing\RefreshDatabase.php:25
C:\Users\Gaser\Desktop\COPRRA\vendor\laravel\framework\src\Illuminate\Foundation\Testing\Concerns\InteractsWithTestCaseLifecycle.php:209
C:\Users\Gaser\Desktop\COPRRA\vendor\laravel\framework\src\Illuminate\Foundation\Testing\Concerns\InteractsWithTestCaseLifecycle.php:97
C:\Users\Gaser\Desktop\COPRRA\vendor\laravel\framework\src\Illuminate\Foundation\Testing\TestCase.php:44
C:\Users\Gaser\Desktop\COPRRA\tests\TestCase.php:25
C:\Users\Gaser\Desktop\COPRRA\tests\Feature\Services\BackupServiceTest.php:26</error>
        </testcase>
        <testcase name="test_creates_database_backup_successfully" file="C:\Users\Gaser\Desktop\COPRRA\tests\Feature\Services\BackupServiceTest.php" line="158" class="Tests\Feature\Services\BackupServiceTest" classname="Tests.Feature.Services.BackupServiceTest" assertions="0" time="0.000000">
          <error type="Error">Tests\Feature\Services\BackupServiceTest::test_creates_database_backup_successfully&#13;
Error: Class "Mockery" not found
&#13;
C:\Users\Gaser\Desktop\COPRRA\vendor\laravel\framework\src\Illuminate\Testing\PendingCommand.php:550
C:\Users\Gaser\Desktop\COPRRA\vendor\laravel\framework\src\Illuminate\Testing\PendingCommand.php:448
C:\Users\Gaser\Desktop\COPRRA\vendor\laravel\framework\src\Illuminate\Testing\PendingCommand.php:675
C:\Users\Gaser\Desktop\COPRRA\vendor\laravel\framework\src\Illuminate\Foundation\Testing\Concerns\InteractsWithConsole.php:87
C:\Users\Gaser\Desktop\COPRRA\vendor\laravel\framework\src\Illuminate\Foundation\Testing\RefreshDatabase.php:101
C:\Users\Gaser\Desktop\COPRRA\vendor\laravel\framework\src\Illuminate\Foundation\Testing\RefreshDatabase.php:84
C:\Users\Gaser\Desktop\COPRRA\vendor\laravel\framework\src\Illuminate\Foundation\Testing\RefreshDatabase.php:25
C:\Users\Gaser\Desktop\COPRRA\vendor\laravel\framework\src\Illuminate\Foundation\Testing\Concerns\InteractsWithTestCaseLifecycle.php:209
C:\Users\Gaser\Desktop\COPRRA\vendor\laravel\framework\src\Illuminate\Foundation\Testing\Concerns\InteractsWithTestCaseLifecycle.php:97
C:\Users\Gaser\Desktop\COPRRA\vendor\laravel\framework\src\Illuminate\Foundation\Testing\TestCase.php:44
C:\Users\Gaser\Desktop\COPRRA\tests\TestCase.php:25
C:\Users\Gaser\Desktop\COPRRA\tests\Feature\Services\BackupServiceTest.php:26</error>
        </testcase>
        <testcase name="test_creates_files_backup_successfully" file="C:\Users\Gaser\Desktop\COPRRA\tests\Feature\Services\BackupServiceTest.php" line="231" class="Tests\Feature\Services\BackupServiceTest" classname="Tests.Feature.Services.BackupServiceTest" assertions="0" time="0.000000">
          <error type="Error">Tests\Feature\Services\BackupServiceTest::test_creates_files_backup_successfully&#13;
Error: Class "Mockery" not found
&#13;
C:\Users\Gaser\Desktop\COPRRA\vendor\laravel\framework\src\Illuminate\Testing\PendingCommand.php:550
C:\Users\Gaser\Desktop\COPRRA\vendor\laravel\framework\src\Illuminate\Testing\PendingCommand.php:448
C:\Users\Gaser\Desktop\COPRRA\vendor\laravel\framework\src\Illuminate\Testing\PendingCommand.php:675
C:\Users\Gaser\Desktop\COPRRA\vendor\laravel\framework\src\Illuminate\Foundation\Testing\Concerns\InteractsWithConsole.php:87
C:\Users\Gaser\Desktop\COPRRA\vendor\laravel\framework\src\Illuminate\Foundation\Testing\RefreshDatabase.php:101
C:\Users\Gaser\Desktop\COPRRA\vendor\laravel\framework\src\Illuminate\Foundation\Testing\RefreshDatabase.php:84
C:\Users\Gaser\Desktop\COPRRA\vendor\laravel\framework\src\Illuminate\Foundation\Testing\RefreshDatabase.php:25
C:\Users\Gaser\Desktop\COPRRA\vendor\laravel\framework\src\Illuminate\Foundation\Testing\Concerns\InteractsWithTestCaseLifecycle.php:209
C:\Users\Gaser\Desktop\COPRRA\vendor\laravel\framework\src\Illuminate\Foundation\Testing\Concerns\InteractsWithTestCaseLifecycle.php:97
C:\Users\Gaser\Desktop\COPRRA\vendor\laravel\framework\src\Illuminate\Foundation\Testing\TestCase.php:44
C:\Users\Gaser\Desktop\COPRRA\tests\TestCase.php:25
C:\Users\Gaser\Desktop\COPRRA\tests\Feature\Services\BackupServiceTest.php:26</error>
        </testcase>
        <testcase name="test_restores_from_backup_successfully" file="C:\Users\Gaser\Desktop\COPRRA\tests\Feature\Services\BackupServiceTest.php" line="268" class="Tests\Feature\Services\BackupServiceTest" classname="Tests.Feature.Services.BackupServiceTest" assertions="0" time="0.000000">
          <error type="Error">Tests\Feature\Services\BackupServiceTest::test_restores_from_backup_successfully&#13;
Error: Class "Mockery" not found
&#13;
C:\Users\Gaser\Desktop\COPRRA\vendor\laravel\framework\src\Illuminate\Testing\PendingCommand.php:550
C:\Users\Gaser\Desktop\COPRRA\vendor\laravel\framework\src\Illuminate\Testing\PendingCommand.php:448
C:\Users\Gaser\Desktop\COPRRA\vendor\laravel\framework\src\Illuminate\Testing\PendingCommand.php:675
C:\Users\Gaser\Desktop\COPRRA\vendor\laravel\framework\src\Illuminate\Foundation\Testing\Concerns\InteractsWithConsole.php:87
C:\Users\Gaser\Desktop\COPRRA\vendor\laravel\framework\src\Illuminate\Foundation\Testing\RefreshDatabase.php:101
C:\Users\Gaser\Desktop\COPRRA\vendor\laravel\framework\src\Illuminate\Foundation\Testing\RefreshDatabase.php:84
C:\Users\Gaser\Desktop\COPRRA\vendor\laravel\framework\src\Illuminate\Foundation\Testing\RefreshDatabase.php:25
C:\Users\Gaser\Desktop\COPRRA\vendor\laravel\framework\src\Illuminate\Foundation\Testing\Concerns\InteractsWithTestCaseLifecycle.php:209
C:\Users\Gaser\Desktop\COPRRA\vendor\laravel\framework\src\Illuminate\Foundation\Testing\Concerns\InteractsWithTestCaseLifecycle.php:97
C:\Users\Gaser\Desktop\COPRRA\vendor\laravel\framework\src\Illuminate\Foundation\Testing\TestCase.php:44
C:\Users\Gaser\Desktop\COPRRA\tests\TestCase.php:25
C:\Users\Gaser\Desktop\COPRRA\tests\Feature\Services\BackupServiceTest.php:26</error>
        </testcase>
        <testcase name="test_handles_restore_with_nonexistent_backup" file="C:\Users\Gaser\Desktop\COPRRA\tests\Feature\Services\BackupServiceTest.php" line="336" class="Tests\Feature\Services\BackupServiceTest" classname="Tests.Feature.Services.BackupServiceTest" assertions="0" time="0.000000">
          <error type="Error">Tests\Feature\Services\BackupServiceTest::test_handles_restore_with_nonexistent_backup&#13;
Error: Class "Mockery" not found
&#13;
C:\Users\Gaser\Desktop\COPRRA\vendor\laravel\framework\src\Illuminate\Testing\PendingCommand.php:550
C:\Users\Gaser\Desktop\COPRRA\vendor\laravel\framework\src\Illuminate\Testing\PendingCommand.php:448
C:\Users\Gaser\Desktop\COPRRA\vendor\laravel\framework\src\Illuminate\Testing\PendingCommand.php:675
C:\Users\Gaser\Desktop\COPRRA\vendor\laravel\framework\src\Illuminate\Foundation\Testing\Concerns\InteractsWithConsole.php:87
C:\Users\Gaser\Desktop\COPRRA\vendor\laravel\framework\src\Illuminate\Foundation\Testing\RefreshDatabase.php:101
C:\Users\Gaser\Desktop\COPRRA\vendor\laravel\framework\src\Illuminate\Foundation\Testing\RefreshDatabase.php:84
C:\Users\Gaser\Desktop\COPRRA\vendor\laravel\framework\src\Illuminate\Foundation\Testing\RefreshDatabase.php:25
C:\Users\Gaser\Desktop\COPRRA\vendor\laravel\framework\src\Illuminate\Foundation\Testing\Concerns\InteractsWithTestCaseLifecycle.php:209
C:\Users\Gaser\Desktop\COPRRA\vendor\laravel\framework\src\Illuminate\Foundation\Testing\Concerns\InteractsWithTestCaseLifecycle.php:97
C:\Users\Gaser\Desktop\COPRRA\vendor\laravel\framework\src\Illuminate\Foundation\Testing\TestCase.php:44
C:\Users\Gaser\Desktop\COPRRA\tests\TestCase.php:25
C:\Users\Gaser\Desktop\COPRRA\tests\Feature\Services\BackupServiceTest.php:26</error>
        </testcase>
        <testcase name="test_lists_backups_successfully" file="C:\Users\Gaser\Desktop\COPRRA\tests\Feature\Services\BackupServiceTest.php" line="352" class="Tests\Feature\Services\BackupServiceTest" classname="Tests.Feature.Services.BackupServiceTest" assertions="0" time="0.000000">
          <error type="Error">Tests\Feature\Services\BackupServiceTest::test_lists_backups_successfully&#13;
Error: Class "Mockery" not found
&#13;
C:\Users\Gaser\Desktop\COPRRA\vendor\laravel\framework\src\Illuminate\Testing\PendingCommand.php:550
C:\Users\Gaser\Desktop\COPRRA\vendor\laravel\framework\src\Illuminate\Testing\PendingCommand.php:448
C:\Users\Gaser\Desktop\COPRRA\vendor\laravel\framework\src\Illuminate\Testing\PendingCommand.php:675
C:\Users\Gaser\Desktop\COPRRA\vendor\laravel\framework\src\Illuminate\Foundation\Testing\Concerns\InteractsWithConsole.php:87
C:\Users\Gaser\Desktop\COPRRA\vendor\laravel\framework\src\Illuminate\Foundation\Testing\RefreshDatabase.php:101
C:\Users\Gaser\Desktop\COPRRA\vendor\laravel\framework\src\Illuminate\Foundation\Testing\RefreshDatabase.php:84
C:\Users\Gaser\Desktop\COPRRA\vendor\laravel\framework\src\Illuminate\Foundation\Testing\RefreshDatabase.php:25
C:\Users\Gaser\Desktop\COPRRA\vendor\laravel\framework\src\Illuminate\Foundation\Testing\Concerns\InteractsWithTestCaseLifecycle.php:209
C:\Users\Gaser\Desktop\COPRRA\vendor\laravel\framework\src\Illuminate\Foundation\Testing\Concerns\InteractsWithTestCaseLifecycle.php:97
C:\Users\Gaser\Desktop\COPRRA\vendor\laravel\framework\src\Illuminate\Foundation\Testing\TestCase.php:44
C:\Users\Gaser\Desktop\COPRRA\tests\TestCase.php:25
C:\Users\Gaser\Desktop\COPRRA\tests\Feature\Services\BackupServiceTest.php:26</error>
        </testcase>
        <testcase name="test_returns_empty_list_when_no_backup_directory" file="C:\Users\Gaser\Desktop\COPRRA\tests\Feature\Services\BackupServiceTest.php" line="391" class="Tests\Feature\Services\BackupServiceTest" classname="Tests.Feature.Services.BackupServiceTest" assertions="0" time="0.000000">
          <error type="Error">Tests\Feature\Services\BackupServiceTest::test_returns_empty_list_when_no_backup_directory&#13;
Error: Class "Mockery" not found
&#13;
C:\Users\Gaser\Desktop\COPRRA\vendor\laravel\framework\src\Illuminate\Testing\PendingCommand.php:550
C:\Users\Gaser\Desktop\COPRRA\vendor\laravel\framework\src\Illuminate\Testing\PendingCommand.php:448
C:\Users\Gaser\Desktop\COPRRA\vendor\laravel\framework\src\Illuminate\Testing\PendingCommand.php:675
C:\Users\Gaser\Desktop\COPRRA\vendor\laravel\framework\src\Illuminate\Foundation\Testing\Concerns\InteractsWithConsole.php:87
C:\Users\Gaser\Desktop\COPRRA\vendor\laravel\framework\src\Illuminate\Foundation\Testing\RefreshDatabase.php:101
C:\Users\Gaser\Desktop\COPRRA\vendor\laravel\framework\src\Illuminate\Foundation\Testing\RefreshDatabase.php:84
C:\Users\Gaser\Desktop\COPRRA\vendor\laravel\framework\src\Illuminate\Foundation\Testing\RefreshDatabase.php:25
C:\Users\Gaser\Desktop\COPRRA\vendor\laravel\framework\src\Illuminate\Foundation\Testing\Concerns\InteractsWithTestCaseLifecycle.php:209
C:\Users\Gaser\Desktop\COPRRA\vendor\laravel\framework\src\Illuminate\Foundation\Testing\Concerns\InteractsWithTestCaseLifecycle.php:97
C:\Users\Gaser\Desktop\COPRRA\vendor\laravel\framework\src\Illuminate\Foundation\Testing\TestCase.php:44
C:\Users\Gaser\Desktop\COPRRA\tests\TestCase.php:25
C:\Users\Gaser\Desktop\COPRRA\tests\Feature\Services\BackupServiceTest.php:26</error>
        </testcase>
        <testcase name="test_deletes_backup_successfully" file="C:\Users\Gaser\Desktop\COPRRA\tests\Feature\Services\BackupServiceTest.php" line="406" class="Tests\Feature\Services\BackupServiceTest" classname="Tests.Feature.Services.BackupServiceTest" assertions="0" time="0.000000">
          <error type="Error">Tests\Feature\Services\BackupServiceTest::test_deletes_backup_successfully&#13;
Error: Class "Mockery" not found
&#13;
C:\Users\Gaser\Desktop\COPRRA\vendor\laravel\framework\src\Illuminate\Testing\PendingCommand.php:550
C:\Users\Gaser\Desktop\COPRRA\vendor\laravel\framework\src\Illuminate\Testing\PendingCommand.php:448
C:\Users\Gaser\Desktop\COPRRA\vendor\laravel\framework\src\Illuminate\Testing\PendingCommand.php:675
C:\Users\Gaser\Desktop\COPRRA\vendor\laravel\framework\src\Illuminate\Foundation\Testing\Concerns\InteractsWithConsole.php:87
C:\Users\Gaser\Desktop\COPRRA\vendor\laravel\framework\src\Illuminate\Foundation\Testing\RefreshDatabase.php:101
C:\Users\Gaser\Desktop\COPRRA\vendor\laravel\framework\src\Illuminate\Foundation\Testing\RefreshDatabase.php:84
C:\Users\Gaser\Desktop\COPRRA\vendor\laravel\framework\src\Illuminate\Foundation\Testing\RefreshDatabase.php:25
C:\Users\Gaser\Desktop\COPRRA\vendor\laravel\framework\src\Illuminate\Foundation\Testing\Concerns\InteractsWithTestCaseLifecycle.php:209
C:\Users\Gaser\Desktop\COPRRA\vendor\laravel\framework\src\Illuminate\Foundation\Testing\Concerns\InteractsWithTestCaseLifecycle.php:97
C:\Users\Gaser\Desktop\COPRRA\vendor\laravel\framework\src\Illuminate\Foundation\Testing\TestCase.php:44
C:\Users\Gaser\Desktop\COPRRA\tests\TestCase.php:25
C:\Users\Gaser\Desktop\COPRRA\tests\Feature\Services\BackupServiceTest.php:26</error>
        </testcase>
        <testcase name="test_handles_delete_nonexistent_backup" file="C:\Users\Gaser\Desktop\COPRRA\tests\Feature\Services\BackupServiceTest.php" line="427" class="Tests\Feature\Services\BackupServiceTest" classname="Tests.Feature.Services.BackupServiceTest" assertions="0" time="0.000000">
          <error type="Error">Tests\Feature\Services\BackupServiceTest::test_handles_delete_nonexistent_backup&#13;
Error: Class "Mockery" not found
&#13;
C:\Users\Gaser\Desktop\COPRRA\vendor\laravel\framework\src\Illuminate\Testing\PendingCommand.php:550
C:\Users\Gaser\Desktop\COPRRA\vendor\laravel\framework\src\Illuminate\Testing\PendingCommand.php:448
C:\Users\Gaser\Desktop\COPRRA\vendor\laravel\framework\src\Illuminate\Testing\PendingCommand.php:675
C:\Users\Gaser\Desktop\COPRRA\vendor\laravel\framework\src\Illuminate\Foundation\Testing\Concerns\InteractsWithConsole.php:87
C:\Users\Gaser\Desktop\COPRRA\vendor\laravel\framework\src\Illuminate\Foundation\Testing\RefreshDatabase.php:101
C:\Users\Gaser\Desktop\COPRRA\vendor\laravel\framework\src\Illuminate\Foundation\Testing\RefreshDatabase.php:84
C:\Users\Gaser\Desktop\COPRRA\vendor\laravel\framework\src\Illuminate\Foundation\Testing\RefreshDatabase.php:25
C:\Users\Gaser\Desktop\COPRRA\vendor\laravel\framework\src\Illuminate\Foundation\Testing\Concerns\InteractsWithTestCaseLifecycle.php:209
C:\Users\Gaser\Desktop\COPRRA\vendor\laravel\framework\src\Illuminate\Foundation\Testing\Concerns\InteractsWithTestCaseLifecycle.php:97
C:\Users\Gaser\Desktop\COPRRA\vendor\laravel\framework\src\Illuminate\Foundation\Testing\TestCase.php:44
C:\Users\Gaser\Desktop\COPRRA\tests\TestCase.php:25
C:\Users\Gaser\Desktop\COPRRA\tests\Feature\Services\BackupServiceTest.php:26</error>
        </testcase>
        <testcase name="test_cleans_old_backups" file="C:\Users\Gaser\Desktop\COPRRA\tests\Feature\Services\BackupServiceTest.php" line="442" class="Tests\Feature\Services\BackupServiceTest" classname="Tests.Feature.Services.BackupServiceTest" assertions="0" time="0.000000">
          <error type="Error">Tests\Feature\Services\BackupServiceTest::test_cleans_old_backups&#13;
Error: Class "Mockery" not found
&#13;
C:\Users\Gaser\Desktop\COPRRA\vendor\laravel\framework\src\Illuminate\Testing\PendingCommand.php:550
C:\Users\Gaser\Desktop\COPRRA\vendor\laravel\framework\src\Illuminate\Testing\PendingCommand.php:448
C:\Users\Gaser\Desktop\COPRRA\vendor\laravel\framework\src\Illuminate\Testing\PendingCommand.php:675
C:\Users\Gaser\Desktop\COPRRA\vendor\laravel\framework\src\Illuminate\Foundation\Testing\Concerns\InteractsWithConsole.php:87
C:\Users\Gaser\Desktop\COPRRA\vendor\laravel\framework\src\Illuminate\Foundation\Testing\RefreshDatabase.php:101
C:\Users\Gaser\Desktop\COPRRA\vendor\laravel\framework\src\Illuminate\Foundation\Testing\RefreshDatabase.php:84
C:\Users\Gaser\Desktop\COPRRA\vendor\laravel\framework\src\Illuminate\Foundation\Testing\RefreshDatabase.php:25
C:\Users\Gaser\Desktop\COPRRA\vendor\laravel\framework\src\Illuminate\Foundation\Testing\Concerns\InteractsWithTestCaseLifecycle.php:209
C:\Users\Gaser\Desktop\COPRRA\vendor\laravel\framework\src\Illuminate\Foundation\Testing\Concerns\InteractsWithTestCaseLifecycle.php:97
C:\Users\Gaser\Desktop\COPRRA\vendor\laravel\framework\src\Illuminate\Foundation\Testing\TestCase.php:44
C:\Users\Gaser\Desktop\COPRRA\tests\TestCase.php:25
C:\Users\Gaser\Desktop\COPRRA\tests\Feature\Services\BackupServiceTest.php:26</error>
        </testcase>
      </testsuite>
      <testsuite name="Tests\Feature\Services\CacheServiceTest" file="C:\Users\Gaser\Desktop\COPRRA\tests\Feature\Services\CacheServiceTest.php" tests="9" assertions="0" errors="9" failures="0" skipped="0" time="0.000000">
        <testcase name="test_remembers_data_with_cache_hit" file="C:\Users\Gaser\Desktop\COPRRA\tests\Feature\Services\CacheServiceTest.php" line="32" class="Tests\Feature\Services\CacheServiceTest" classname="Tests.Feature.Services.CacheServiceTest" assertions="0" time="0.000000">
          <error type="Error">Tests\Feature\Services\CacheServiceTest::test_remembers_data_with_cache_hit&#13;
Error: Class "Mockery" not found
&#13;
C:\Users\Gaser\Desktop\COPRRA\vendor\laravel\framework\src\Illuminate\Testing\PendingCommand.php:550
C:\Users\Gaser\Desktop\COPRRA\vendor\laravel\framework\src\Illuminate\Testing\PendingCommand.php:448
C:\Users\Gaser\Desktop\COPRRA\vendor\laravel\framework\src\Illuminate\Testing\PendingCommand.php:675
C:\Users\Gaser\Desktop\COPRRA\vendor\laravel\framework\src\Illuminate\Foundation\Testing\Concerns\InteractsWithConsole.php:87
C:\Users\Gaser\Desktop\COPRRA\vendor\laravel\framework\src\Illuminate\Foundation\Testing\RefreshDatabase.php:101
C:\Users\Gaser\Desktop\COPRRA\vendor\laravel\framework\src\Illuminate\Foundation\Testing\RefreshDatabase.php:84
C:\Users\Gaser\Desktop\COPRRA\vendor\laravel\framework\src\Illuminate\Foundation\Testing\RefreshDatabase.php:25
C:\Users\Gaser\Desktop\COPRRA\vendor\laravel\framework\src\Illuminate\Foundation\Testing\Concerns\InteractsWithTestCaseLifecycle.php:209
C:\Users\Gaser\Desktop\COPRRA\vendor\laravel\framework\src\Illuminate\Foundation\Testing\Concerns\InteractsWithTestCaseLifecycle.php:97
C:\Users\Gaser\Desktop\COPRRA\vendor\laravel\framework\src\Illuminate\Foundation\Testing\TestCase.php:44
C:\Users\Gaser\Desktop\COPRRA\tests\TestCase.php:25
C:\Users\Gaser\Desktop\COPRRA\tests\Feature\Services\CacheServiceTest.php:22</error>
        </testcase>
        <testcase name="test_executes_callback_on_cache_miss" file="C:\Users\Gaser\Desktop\COPRRA\tests\Feature\Services\CacheServiceTest.php" line="51" class="Tests\Feature\Services\CacheServiceTest" classname="Tests.Feature.Services.CacheServiceTest" assertions="0" time="0.000000">
          <error type="Error">Tests\Feature\Services\CacheServiceTest::test_executes_callback_on_cache_miss&#13;
Error: Class "Mockery" not found
&#13;
C:\Users\Gaser\Desktop\COPRRA\vendor\laravel\framework\src\Illuminate\Testing\PendingCommand.php:550
C:\Users\Gaser\Desktop\COPRRA\vendor\laravel\framework\src\Illuminate\Testing\PendingCommand.php:448
C:\Users\Gaser\Desktop\COPRRA\vendor\laravel\framework\src\Illuminate\Testing\PendingCommand.php:675
C:\Users\Gaser\Desktop\COPRRA\vendor\laravel\framework\src\Illuminate\Foundation\Testing\Concerns\InteractsWithConsole.php:87
C:\Users\Gaser\Desktop\COPRRA\vendor\laravel\framework\src\Illuminate\Foundation\Testing\RefreshDatabase.php:101
C:\Users\Gaser\Desktop\COPRRA\vendor\laravel\framework\src\Illuminate\Foundation\Testing\RefreshDatabase.php:84
C:\Users\Gaser\Desktop\COPRRA\vendor\laravel\framework\src\Illuminate\Foundation\Testing\RefreshDatabase.php:25
C:\Users\Gaser\Desktop\COPRRA\vendor\laravel\framework\src\Illuminate\Foundation\Testing\Concerns\InteractsWithTestCaseLifecycle.php:209
C:\Users\Gaser\Desktop\COPRRA\vendor\laravel\framework\src\Illuminate\Foundation\Testing\Concerns\InteractsWithTestCaseLifecycle.php:97
C:\Users\Gaser\Desktop\COPRRA\vendor\laravel\framework\src\Illuminate\Foundation\Testing\TestCase.php:44
C:\Users\Gaser\Desktop\COPRRA\tests\TestCase.php:25
C:\Users\Gaser\Desktop\COPRRA\tests\Feature\Services\CacheServiceTest.php:22</error>
        </testcase>
        <testcase name="test_handles_cache_exception_gracefully" file="C:\Users\Gaser\Desktop\COPRRA\tests\Feature\Services\CacheServiceTest.php" line="74" class="Tests\Feature\Services\CacheServiceTest" classname="Tests.Feature.Services.CacheServiceTest" assertions="0" time="0.000000">
          <error type="Error">Tests\Feature\Services\CacheServiceTest::test_handles_cache_exception_gracefully&#13;
Error: Class "Mockery" not found
&#13;
C:\Users\Gaser\Desktop\COPRRA\vendor\laravel\framework\src\Illuminate\Testing\PendingCommand.php:550
C:\Users\Gaser\Desktop\COPRRA\vendor\laravel\framework\src\Illuminate\Testing\PendingCommand.php:448
C:\Users\Gaser\Desktop\COPRRA\vendor\laravel\framework\src\Illuminate\Testing\PendingCommand.php:675
C:\Users\Gaser\Desktop\COPRRA\vendor\laravel\framework\src\Illuminate\Foundation\Testing\Concerns\InteractsWithConsole.php:87
C:\Users\Gaser\Desktop\COPRRA\vendor\laravel\framework\src\Illuminate\Foundation\Testing\RefreshDatabase.php:101
C:\Users\Gaser\Desktop\COPRRA\vendor\laravel\framework\src\Illuminate\Foundation\Testing\RefreshDatabase.php:84
C:\Users\Gaser\Desktop\COPRRA\vendor\laravel\framework\src\Illuminate\Foundation\Testing\RefreshDatabase.php:25
C:\Users\Gaser\Desktop\COPRRA\vendor\laravel\framework\src\Illuminate\Foundation\Testing\Concerns\InteractsWithTestCaseLifecycle.php:209
C:\Users\Gaser\Desktop\COPRRA\vendor\laravel\framework\src\Illuminate\Foundation\Testing\Concerns\InteractsWithTestCaseLifecycle.php:97
C:\Users\Gaser\Desktop\COPRRA\vendor\laravel\framework\src\Illuminate\Foundation\Testing\TestCase.php:44
C:\Users\Gaser\Desktop\COPRRA\tests\TestCase.php:25
C:\Users\Gaser\Desktop\COPRRA\tests\Feature\Services\CacheServiceTest.php:22</error>
        </testcase>
        <testcase name="test_builds_cache_key_correctly" file="C:\Users\Gaser\Desktop\COPRRA\tests\Feature\Services\CacheServiceTest.php" line="92" class="Tests\Feature\Services\CacheServiceTest" classname="Tests.Feature.Services.CacheServiceTest" assertions="0" time="0.000000">
          <error type="Error">Tests\Feature\Services\CacheServiceTest::test_builds_cache_key_correctly&#13;
Error: Class "Mockery" not found
&#13;
C:\Users\Gaser\Desktop\COPRRA\vendor\laravel\framework\src\Illuminate\Testing\PendingCommand.php:550
C:\Users\Gaser\Desktop\COPRRA\vendor\laravel\framework\src\Illuminate\Testing\PendingCommand.php:448
C:\Users\Gaser\Desktop\COPRRA\vendor\laravel\framework\src\Illuminate\Testing\PendingCommand.php:675
C:\Users\Gaser\Desktop\COPRRA\vendor\laravel\framework\src\Illuminate\Foundation\Testing\Concerns\InteractsWithConsole.php:87
C:\Users\Gaser\Desktop\COPRRA\vendor\laravel\framework\src\Illuminate\Foundation\Testing\RefreshDatabase.php:101
C:\Users\Gaser\Desktop\COPRRA\vendor\laravel\framework\src\Illuminate\Foundation\Testing\RefreshDatabase.php:84
C:\Users\Gaser\Desktop\COPRRA\vendor\laravel\framework\src\Illuminate\Foundation\Testing\RefreshDatabase.php:25
C:\Users\Gaser\Desktop\COPRRA\vendor\laravel\framework\src\Illuminate\Foundation\Testing\Concerns\InteractsWithTestCaseLifecycle.php:209
C:\Users\Gaser\Desktop\COPRRA\vendor\laravel\framework\src\Illuminate\Foundation\Testing\Concerns\InteractsWithTestCaseLifecycle.php:97
C:\Users\Gaser\Desktop\COPRRA\vendor\laravel\framework\src\Illuminate\Foundation\Testing\TestCase.php:44
C:\Users\Gaser\Desktop\COPRRA\tests\TestCase.php:25
C:\Users\Gaser\Desktop\COPRRA\tests\Feature\Services\CacheServiceTest.php:22</error>
        </testcase>
        <testcase name="test_handles_tags_when_supported" file="C:\Users\Gaser\Desktop\COPRRA\tests\Feature\Services\CacheServiceTest.php" line="109" class="Tests\Feature\Services\CacheServiceTest" classname="Tests.Feature.Services.CacheServiceTest" assertions="0" time="0.000000">
          <error type="Error">Tests\Feature\Services\CacheServiceTest::test_handles_tags_when_supported&#13;
Error: Class "Mockery" not found
&#13;
C:\Users\Gaser\Desktop\COPRRA\vendor\laravel\framework\src\Illuminate\Testing\PendingCommand.php:550
C:\Users\Gaser\Desktop\COPRRA\vendor\laravel\framework\src\Illuminate\Testing\PendingCommand.php:448
C:\Users\Gaser\Desktop\COPRRA\vendor\laravel\framework\src\Illuminate\Testing\PendingCommand.php:675
C:\Users\Gaser\Desktop\COPRRA\vendor\laravel\framework\src\Illuminate\Foundation\Testing\Concerns\InteractsWithConsole.php:87
C:\Users\Gaser\Desktop\COPRRA\vendor\laravel\framework\src\Illuminate\Foundation\Testing\RefreshDatabase.php:101
C:\Users\Gaser\Desktop\COPRRA\vendor\laravel\framework\src\Illuminate\Foundation\Testing\RefreshDatabase.php:84
C:\Users\Gaser\Desktop\COPRRA\vendor\laravel\framework\src\Illuminate\Foundation\Testing\RefreshDatabase.php:25
C:\Users\Gaser\Desktop\COPRRA\vendor\laravel\framework\src\Illuminate\Foundation\Testing\Concerns\InteractsWithTestCaseLifecycle.php:209
C:\Users\Gaser\Desktop\COPRRA\vendor\laravel\framework\src\Illuminate\Foundation\Testing\Concerns\InteractsWithTestCaseLifecycle.php:97
C:\Users\Gaser\Desktop\COPRRA\vendor\laravel\framework\src\Illuminate\Foundation\Testing\TestCase.php:44
C:\Users\Gaser\Desktop\COPRRA\tests\TestCase.php:25
C:\Users\Gaser\Desktop\COPRRA\tests\Feature\Services\CacheServiceTest.php:22</error>
        </testcase>
        <testcase name="test_logs_cache_miss_with_execution_time" file="C:\Users\Gaser\Desktop\COPRRA\tests\Feature\Services\CacheServiceTest.php" line="136" class="Tests\Feature\Services\CacheServiceTest" classname="Tests.Feature.Services.CacheServiceTest" assertions="0" time="0.000000">
          <error type="Error">Tests\Feature\Services\CacheServiceTest::test_logs_cache_miss_with_execution_time&#13;
Error: Class "Mockery" not found
&#13;
C:\Users\Gaser\Desktop\COPRRA\vendor\laravel\framework\src\Illuminate\Testing\PendingCommand.php:550
C:\Users\Gaser\Desktop\COPRRA\vendor\laravel\framework\src\Illuminate\Testing\PendingCommand.php:448
C:\Users\Gaser\Desktop\COPRRA\vendor\laravel\framework\src\Illuminate\Testing\PendingCommand.php:675
C:\Users\Gaser\Desktop\COPRRA\vendor\laravel\framework\src\Illuminate\Foundation\Testing\Concerns\InteractsWithConsole.php:87
C:\Users\Gaser\Desktop\COPRRA\vendor\laravel\framework\src\Illuminate\Foundation\Testing\RefreshDatabase.php:101
C:\Users\Gaser\Desktop\COPRRA\vendor\laravel\framework\src\Illuminate\Foundation\Testing\RefreshDatabase.php:84
C:\Users\Gaser\Desktop\COPRRA\vendor\laravel\framework\src\Illuminate\Foundation\Testing\RefreshDatabase.php:25
C:\Users\Gaser\Desktop\COPRRA\vendor\laravel\framework\src\Illuminate\Foundation\Testing\Concerns\InteractsWithTestCaseLifecycle.php:209
C:\Users\Gaser\Desktop\COPRRA\vendor\laravel\framework\src\Illuminate\Foundation\Testing\Concerns\InteractsWithTestCaseLifecycle.php:97
C:\Users\Gaser\Desktop\COPRRA\vendor\laravel\framework\src\Illuminate\Foundation\Testing\TestCase.php:44
C:\Users\Gaser\Desktop\COPRRA\tests\TestCase.php:25
C:\Users\Gaser\Desktop\COPRRA\tests\Feature\Services\CacheServiceTest.php:22</error>
        </testcase>
        <testcase name="test_forgets_cache_by_key" file="C:\Users\Gaser\Desktop\COPRRA\tests\Feature\Services\CacheServiceTest.php" line="165" class="Tests\Feature\Services\CacheServiceTest" classname="Tests.Feature.Services.CacheServiceTest" assertions="0" time="0.000000">
          <error type="Error">Tests\Feature\Services\CacheServiceTest::test_forgets_cache_by_key&#13;
Error: Class "Mockery" not found
&#13;
C:\Users\Gaser\Desktop\COPRRA\vendor\laravel\framework\src\Illuminate\Testing\PendingCommand.php:550
C:\Users\Gaser\Desktop\COPRRA\vendor\laravel\framework\src\Illuminate\Testing\PendingCommand.php:448
C:\Users\Gaser\Desktop\COPRRA\vendor\laravel\framework\src\Illuminate\Testing\PendingCommand.php:675
C:\Users\Gaser\Desktop\COPRRA\vendor\laravel\framework\src\Illuminate\Foundation\Testing\Concerns\InteractsWithConsole.php:87
C:\Users\Gaser\Desktop\COPRRA\vendor\laravel\framework\src\Illuminate\Foundation\Testing\RefreshDatabase.php:101
C:\Users\Gaser\Desktop\COPRRA\vendor\laravel\framework\src\Illuminate\Foundation\Testing\RefreshDatabase.php:84
C:\Users\Gaser\Desktop\COPRRA\vendor\laravel\framework\src\Illuminate\Foundation\Testing\RefreshDatabase.php:25
C:\Users\Gaser\Desktop\COPRRA\vendor\laravel\framework\src\Illuminate\Foundation\Testing\Concerns\InteractsWithTestCaseLifecycle.php:209
C:\Users\Gaser\Desktop\COPRRA\vendor\laravel\framework\src\Illuminate\Foundation\Testing\Concerns\InteractsWithTestCaseLifecycle.php:97
C:\Users\Gaser\Desktop\COPRRA\vendor\laravel\framework\src\Illuminate\Foundation\Testing\TestCase.php:44
C:\Users\Gaser\Desktop\COPRRA\tests\TestCase.php:25
C:\Users\Gaser\Desktop\COPRRA\tests\Feature\Services\CacheServiceTest.php:22</error>
        </testcase>
        <testcase name="test_forgets_cache_by_tags" file="C:\Users\Gaser\Desktop\COPRRA\tests\Feature\Services\CacheServiceTest.php" line="181" class="Tests\Feature\Services\CacheServiceTest" classname="Tests.Feature.Services.CacheServiceTest" assertions="0" time="0.000000">
          <error type="Error">Tests\Feature\Services\CacheServiceTest::test_forgets_cache_by_tags&#13;
Error: Class "Mockery" not found
&#13;
C:\Users\Gaser\Desktop\COPRRA\vendor\laravel\framework\src\Illuminate\Testing\PendingCommand.php:550
C:\Users\Gaser\Desktop\COPRRA\vendor\laravel\framework\src\Illuminate\Testing\PendingCommand.php:448
C:\Users\Gaser\Desktop\COPRRA\vendor\laravel\framework\src\Illuminate\Testing\PendingCommand.php:675
C:\Users\Gaser\Desktop\COPRRA\vendor\laravel\framework\src\Illuminate\Foundation\Testing\Concerns\InteractsWithConsole.php:87
C:\Users\Gaser\Desktop\COPRRA\vendor\laravel\framework\src\Illuminate\Foundation\Testing\RefreshDatabase.php:101
C:\Users\Gaser\Desktop\COPRRA\vendor\laravel\framework\src\Illuminate\Foundation\Testing\RefreshDatabase.php:84
C:\Users\Gaser\Desktop\COPRRA\vendor\laravel\framework\src\Illuminate\Foundation\Testing\RefreshDatabase.php:25
C:\Users\Gaser\Desktop\COPRRA\vendor\laravel\framework\src\Illuminate\Foundation\Testing\Concerns\InteractsWithTestCaseLifecycle.php:209
C:\Users\Gaser\Desktop\COPRRA\vendor\laravel\framework\src\Illuminate\Foundation\Testing\Concerns\InteractsWithTestCaseLifecycle.php:97
C:\Users\Gaser\Desktop\COPRRA\vendor\laravel\framework\src\Illuminate\Foundation\Testing\TestCase.php:44
C:\Users\Gaser\Desktop\COPRRA\tests\TestCase.php:25
C:\Users\Gaser\Desktop\COPRRA\tests\Feature\Services\CacheServiceTest.php:22</error>
        </testcase>
        <testcase name="test_handles_forget_exception" file="C:\Users\Gaser\Desktop\COPRRA\tests\Feature\Services\CacheServiceTest.php" line="206" class="Tests\Feature\Services\CacheServiceTest" classname="Tests.Feature.Services.CacheServiceTest" assertions="0" time="0.000000">
          <error type="Error">Tests\Feature\Services\CacheServiceTest::test_handles_forget_exception&#13;
Error: Class "Mockery" not found
&#13;
C:\Users\Gaser\Desktop\COPRRA\vendor\laravel\framework\src\Illuminate\Testing\PendingCommand.php:550
C:\Users\Gaser\Desktop\COPRRA\vendor\laravel\framework\src\Illuminate\Testing\PendingCommand.php:448
C:\Users\Gaser\Desktop\COPRRA\vendor\laravel\framework\src\Illuminate\Testing\PendingCommand.php:675
C:\Users\Gaser\Desktop\COPRRA\vendor\laravel\framework\src\Illuminate\Foundation\Testing\Concerns\InteractsWithConsole.php:87
C:\Users\Gaser\Desktop\COPRRA\vendor\laravel\framework\src\Illuminate\Foundation\Testing\RefreshDatabase.php:101
C:\Users\Gaser\Desktop\COPRRA\vendor\laravel\framework\src\Illuminate\Foundation\Testing\RefreshDatabase.php:84
C:\Users\Gaser\Desktop\COPRRA\vendor\laravel\framework\src\Illuminate\Foundation\Testing\RefreshDatabase.php:25
C:\Users\Gaser\Desktop\COPRRA\vendor\laravel\framework\src\Illuminate\Foundation\Testing\Concerns\InteractsWithTestCaseLifecycle.php:209
C:\Users\Gaser\Desktop\COPRRA\vendor\laravel\framework\src\Illuminate\Foundation\Testing\Concerns\InteractsWithTestCaseLifecycle.php:97
C:\Users\Gaser\Desktop\COPRRA\vendor\laravel\framework\src\Illuminate\Foundation\Testing\TestCase.php:44
C:\Users\Gaser\Desktop\COPRRA\tests\TestCase.php:25
C:\Users\Gaser\Desktop\COPRRA\tests\Feature\Services\CacheServiceTest.php:22</error>
        </testcase>
      </testsuite>
      <testsuite name="Tests\Feature\Services\FileCleanupServiceTest" file="C:\Users\Gaser\Desktop\COPRRA\tests\Feature\Services\FileCleanupServiceTest.php" tests="13" assertions="0" errors="13" failures="0" skipped="0" time="0.000000">
        <testcase name="test_cleans_up_temp_files" file="C:\Users\Gaser\Desktop\COPRRA\tests\Feature\Services\FileCleanupServiceTest.php" line="34" class="Tests\Feature\Services\FileCleanupServiceTest" classname="Tests.Feature.Services.FileCleanupServiceTest" assertions="0" time="0.000000">
          <error type="Error">Tests\Feature\Services\FileCleanupServiceTest::test_cleans_up_temp_files&#13;
Error: Class "Mockery" not found
&#13;
C:\Users\Gaser\Desktop\COPRRA\vendor\laravel\framework\src\Illuminate\Testing\PendingCommand.php:550
C:\Users\Gaser\Desktop\COPRRA\vendor\laravel\framework\src\Illuminate\Testing\PendingCommand.php:448
C:\Users\Gaser\Desktop\COPRRA\vendor\laravel\framework\src\Illuminate\Testing\PendingCommand.php:675
C:\Users\Gaser\Desktop\COPRRA\vendor\laravel\framework\src\Illuminate\Foundation\Testing\Concerns\InteractsWithConsole.php:87
C:\Users\Gaser\Desktop\COPRRA\vendor\laravel\framework\src\Illuminate\Foundation\Testing\RefreshDatabase.php:101
C:\Users\Gaser\Desktop\COPRRA\vendor\laravel\framework\src\Illuminate\Foundation\Testing\RefreshDatabase.php:84
C:\Users\Gaser\Desktop\COPRRA\vendor\laravel\framework\src\Illuminate\Foundation\Testing\RefreshDatabase.php:25
C:\Users\Gaser\Desktop\COPRRA\vendor\laravel\framework\src\Illuminate\Foundation\Testing\Concerns\InteractsWithTestCaseLifecycle.php:209
C:\Users\Gaser\Desktop\COPRRA\vendor\laravel\framework\src\Illuminate\Foundation\Testing\Concerns\InteractsWithTestCaseLifecycle.php:97
C:\Users\Gaser\Desktop\COPRRA\vendor\laravel\framework\src\Illuminate\Foundation\Testing\TestCase.php:44
C:\Users\Gaser\Desktop\COPRRA\tests\TestCase.php:25
C:\Users\Gaser\Desktop\COPRRA\tests\Feature\Services\FileCleanupServiceTest.php:24</error>
        </testcase>
        <testcase name="test_handles_temp_files_cleanup_exception" file="C:\Users\Gaser\Desktop\COPRRA\tests\Feature\Services\FileCleanupServiceTest.php" line="91" class="Tests\Feature\Services\FileCleanupServiceTest" classname="Tests.Feature.Services.FileCleanupServiceTest" assertions="0" time="0.000000">
          <error type="Error">Tests\Feature\Services\FileCleanupServiceTest::test_handles_temp_files_cleanup_exception&#13;
Error: Class "Mockery" not found
&#13;
C:\Users\Gaser\Desktop\COPRRA\vendor\laravel\framework\src\Illuminate\Testing\PendingCommand.php:550
C:\Users\Gaser\Desktop\COPRRA\vendor\laravel\framework\src\Illuminate\Testing\PendingCommand.php:448
C:\Users\Gaser\Desktop\COPRRA\vendor\laravel\framework\src\Illuminate\Testing\PendingCommand.php:675
C:\Users\Gaser\Desktop\COPRRA\vendor\laravel\framework\src\Illuminate\Foundation\Testing\Concerns\InteractsWithConsole.php:87
C:\Users\Gaser\Desktop\COPRRA\vendor\laravel\framework\src\Illuminate\Foundation\Testing\RefreshDatabase.php:101
C:\Users\Gaser\Desktop\COPRRA\vendor\laravel\framework\src\Illuminate\Foundation\Testing\RefreshDatabase.php:84
C:\Users\Gaser\Desktop\COPRRA\vendor\laravel\framework\src\Illuminate\Foundation\Testing\RefreshDatabase.php:25
C:\Users\Gaser\Desktop\COPRRA\vendor\laravel\framework\src\Illuminate\Foundation\Testing\Concerns\InteractsWithTestCaseLifecycle.php:209
C:\Users\Gaser\Desktop\COPRRA\vendor\laravel\framework\src\Illuminate\Foundation\Testing\Concerns\InteractsWithTestCaseLifecycle.php:97
C:\Users\Gaser\Desktop\COPRRA\vendor\laravel\framework\src\Illuminate\Foundation\Testing\TestCase.php:44
C:\Users\Gaser\Desktop\COPRRA\tests\TestCase.php:25
C:\Users\Gaser\Desktop\COPRRA\tests\Feature\Services\FileCleanupServiceTest.php:24</error>
        </testcase>
        <testcase name="test_cleans_up_log_files" file="C:\Users\Gaser\Desktop\COPRRA\tests\Feature\Services\FileCleanupServiceTest.php" line="109" class="Tests\Feature\Services\FileCleanupServiceTest" classname="Tests.Feature.Services.FileCleanupServiceTest" assertions="0" time="0.000000">
          <error type="Error">Tests\Feature\Services\FileCleanupServiceTest::test_cleans_up_log_files&#13;
Error: Class "Mockery" not found
&#13;
C:\Users\Gaser\Desktop\COPRRA\vendor\laravel\framework\src\Illuminate\Testing\PendingCommand.php:550
C:\Users\Gaser\Desktop\COPRRA\vendor\laravel\framework\src\Illuminate\Testing\PendingCommand.php:448
C:\Users\Gaser\Desktop\COPRRA\vendor\laravel\framework\src\Illuminate\Testing\PendingCommand.php:675
C:\Users\Gaser\Desktop\COPRRA\vendor\laravel\framework\src\Illuminate\Foundation\Testing\Concerns\InteractsWithConsole.php:87
C:\Users\Gaser\Desktop\COPRRA\vendor\laravel\framework\src\Illuminate\Foundation\Testing\RefreshDatabase.php:101
C:\Users\Gaser\Desktop\COPRRA\vendor\laravel\framework\src\Illuminate\Foundation\Testing\RefreshDatabase.php:84
C:\Users\Gaser\Desktop\COPRRA\vendor\laravel\framework\src\Illuminate\Foundation\Testing\RefreshDatabase.php:25
C:\Users\Gaser\Desktop\COPRRA\vendor\laravel\framework\src\Illuminate\Foundation\Testing\Concerns\InteractsWithTestCaseLifecycle.php:209
C:\Users\Gaser\Desktop\COPRRA\vendor\laravel\framework\src\Illuminate\Foundation\Testing\Concerns\InteractsWithTestCaseLifecycle.php:97
C:\Users\Gaser\Desktop\COPRRA\vendor\laravel\framework\src\Illuminate\Foundation\Testing\TestCase.php:44
C:\Users\Gaser\Desktop\COPRRA\tests\TestCase.php:25
C:\Users\Gaser\Desktop\COPRRA\tests\Feature\Services\FileCleanupServiceTest.php:24</error>
        </testcase>
        <testcase name="test_handles_log_files_cleanup_exception" file="C:\Users\Gaser\Desktop\COPRRA\tests\Feature\Services\FileCleanupServiceTest.php" line="155" class="Tests\Feature\Services\FileCleanupServiceTest" classname="Tests.Feature.Services.FileCleanupServiceTest" assertions="0" time="0.000000">
          <error type="Error">Tests\Feature\Services\FileCleanupServiceTest::test_handles_log_files_cleanup_exception&#13;
Error: Class "Mockery" not found
&#13;
C:\Users\Gaser\Desktop\COPRRA\vendor\laravel\framework\src\Illuminate\Testing\PendingCommand.php:550
C:\Users\Gaser\Desktop\COPRRA\vendor\laravel\framework\src\Illuminate\Testing\PendingCommand.php:448
C:\Users\Gaser\Desktop\COPRRA\vendor\laravel\framework\src\Illuminate\Testing\PendingCommand.php:675
C:\Users\Gaser\Desktop\COPRRA\vendor\laravel\framework\src\Illuminate\Foundation\Testing\Concerns\InteractsWithConsole.php:87
C:\Users\Gaser\Desktop\COPRRA\vendor\laravel\framework\src\Illuminate\Foundation\Testing\RefreshDatabase.php:101
C:\Users\Gaser\Desktop\COPRRA\vendor\laravel\framework\src\Illuminate\Foundation\Testing\RefreshDatabase.php:84
C:\Users\Gaser\Desktop\COPRRA\vendor\laravel\framework\src\Illuminate\Foundation\Testing\RefreshDatabase.php:25
C:\Users\Gaser\Desktop\COPRRA\vendor\laravel\framework\src\Illuminate\Foundation\Testing\Concerns\InteractsWithTestCaseLifecycle.php:209
C:\Users\Gaser\Desktop\COPRRA\vendor\laravel\framework\src\Illuminate\Foundation\Testing\Concerns\InteractsWithTestCaseLifecycle.php:97
C:\Users\Gaser\Desktop\COPRRA\vendor\laravel\framework\src\Illuminate\Foundation\Testing\TestCase.php:44
C:\Users\Gaser\Desktop\COPRRA\tests\TestCase.php:25
C:\Users\Gaser\Desktop\COPRRA\tests\Feature\Services\FileCleanupServiceTest.php:24</error>
        </testcase>
        <testcase name="test_cleans_up_cache_files" file="C:\Users\Gaser\Desktop\COPRRA\tests\Feature\Services\FileCleanupServiceTest.php" line="176" class="Tests\Feature\Services\FileCleanupServiceTest" classname="Tests.Feature.Services.FileCleanupServiceTest" assertions="0" time="0.000000">
          <error type="Error">Tests\Feature\Services\FileCleanupServiceTest::test_cleans_up_cache_files&#13;
Error: Class "Mockery" not found
&#13;
C:\Users\Gaser\Desktop\COPRRA\vendor\laravel\framework\src\Illuminate\Testing\PendingCommand.php:550
C:\Users\Gaser\Desktop\COPRRA\vendor\laravel\framework\src\Illuminate\Testing\PendingCommand.php:448
C:\Users\Gaser\Desktop\COPRRA\vendor\laravel\framework\src\Illuminate\Testing\PendingCommand.php:675
C:\Users\Gaser\Desktop\COPRRA\vendor\laravel\framework\src\Illuminate\Foundation\Testing\Concerns\InteractsWithConsole.php:87
C:\Users\Gaser\Desktop\COPRRA\vendor\laravel\framework\src\Illuminate\Foundation\Testing\RefreshDatabase.php:101
C:\Users\Gaser\Desktop\COPRRA\vendor\laravel\framework\src\Illuminate\Foundation\Testing\RefreshDatabase.php:84
C:\Users\Gaser\Desktop\COPRRA\vendor\laravel\framework\src\Illuminate\Foundation\Testing\RefreshDatabase.php:25
C:\Users\Gaser\Desktop\COPRRA\vendor\laravel\framework\src\Illuminate\Foundation\Testing\Concerns\InteractsWithTestCaseLifecycle.php:209
C:\Users\Gaser\Desktop\COPRRA\vendor\laravel\framework\src\Illuminate\Foundation\Testing\Concerns\InteractsWithTestCaseLifecycle.php:97
C:\Users\Gaser\Desktop\COPRRA\vendor\laravel\framework\src\Illuminate\Foundation\Testing\TestCase.php:44
C:\Users\Gaser\Desktop\COPRRA\tests\TestCase.php:25
C:\Users\Gaser\Desktop\COPRRA\tests\Feature\Services\FileCleanupServiceTest.php:24</error>
        </testcase>
        <testcase name="test_cleans_up_backup_files" file="C:\Users\Gaser\Desktop\COPRRA\tests\Feature\Services\FileCleanupServiceTest.php" line="235" class="Tests\Feature\Services\FileCleanupServiceTest" classname="Tests.Feature.Services.FileCleanupServiceTest" assertions="0" time="0.000000">
          <error type="Error">Tests\Feature\Services\FileCleanupServiceTest::test_cleans_up_backup_files&#13;
Error: Class "Mockery" not found
&#13;
C:\Users\Gaser\Desktop\COPRRA\vendor\laravel\framework\src\Illuminate\Testing\PendingCommand.php:550
C:\Users\Gaser\Desktop\COPRRA\vendor\laravel\framework\src\Illuminate\Testing\PendingCommand.php:448
C:\Users\Gaser\Desktop\COPRRA\vendor\laravel\framework\src\Illuminate\Testing\PendingCommand.php:675
C:\Users\Gaser\Desktop\COPRRA\vendor\laravel\framework\src\Illuminate\Foundation\Testing\Concerns\InteractsWithConsole.php:87
C:\Users\Gaser\Desktop\COPRRA\vendor\laravel\framework\src\Illuminate\Foundation\Testing\RefreshDatabase.php:101
C:\Users\Gaser\Desktop\COPRRA\vendor\laravel\framework\src\Illuminate\Foundation\Testing\RefreshDatabase.php:84
C:\Users\Gaser\Desktop\COPRRA\vendor\laravel\framework\src\Illuminate\Foundation\Testing\RefreshDatabase.php:25
C:\Users\Gaser\Desktop\COPRRA\vendor\laravel\framework\src\Illuminate\Foundation\Testing\Concerns\InteractsWithTestCaseLifecycle.php:209
C:\Users\Gaser\Desktop\COPRRA\vendor\laravel\framework\src\Illuminate\Foundation\Testing\Concerns\InteractsWithTestCaseLifecycle.php:97
C:\Users\Gaser\Desktop\COPRRA\vendor\laravel\framework\src\Illuminate\Foundation\Testing\TestCase.php:44
C:\Users\Gaser\Desktop\COPRRA\tests\TestCase.php:25
C:\Users\Gaser\Desktop\COPRRA\tests\Feature\Services\FileCleanupServiceTest.php:24</error>
        </testcase>
        <testcase name="test_cleans_up_uploaded_files" file="C:\Users\Gaser\Desktop\COPRRA\tests\Feature\Services\FileCleanupServiceTest.php" line="281" class="Tests\Feature\Services\FileCleanupServiceTest" classname="Tests.Feature.Services.FileCleanupServiceTest" assertions="0" time="0.000000">
          <error type="Error">Tests\Feature\Services\FileCleanupServiceTest::test_cleans_up_uploaded_files&#13;
Error: Class "Mockery" not found
&#13;
C:\Users\Gaser\Desktop\COPRRA\vendor\laravel\framework\src\Illuminate\Testing\PendingCommand.php:550
C:\Users\Gaser\Desktop\COPRRA\vendor\laravel\framework\src\Illuminate\Testing\PendingCommand.php:448
C:\Users\Gaser\Desktop\COPRRA\vendor\laravel\framework\src\Illuminate\Testing\PendingCommand.php:675
C:\Users\Gaser\Desktop\COPRRA\vendor\laravel\framework\src\Illuminate\Foundation\Testing\Concerns\InteractsWithConsole.php:87
C:\Users\Gaser\Desktop\COPRRA\vendor\laravel\framework\src\Illuminate\Foundation\Testing\RefreshDatabase.php:101
C:\Users\Gaser\Desktop\COPRRA\vendor\laravel\framework\src\Illuminate\Foundation\Testing\RefreshDatabase.php:84
C:\Users\Gaser\Desktop\COPRRA\vendor\laravel\framework\src\Illuminate\Foundation\Testing\RefreshDatabase.php:25
C:\Users\Gaser\Desktop\COPRRA\vendor\laravel\framework\src\Illuminate\Foundation\Testing\Concerns\InteractsWithTestCaseLifecycle.php:209
C:\Users\Gaser\Desktop\COPRRA\vendor\laravel\framework\src\Illuminate\Foundation\Testing\Concerns\InteractsWithTestCaseLifecycle.php:97
C:\Users\Gaser\Desktop\COPRRA\vendor\laravel\framework\src\Illuminate\Foundation\Testing\TestCase.php:44
C:\Users\Gaser\Desktop\COPRRA\tests\TestCase.php:25
C:\Users\Gaser\Desktop\COPRRA\tests\Feature\Services\FileCleanupServiceTest.php:24</error>
        </testcase>
        <testcase name="test_performs_complete_cleanup" file="C:\Users\Gaser\Desktop\COPRRA\tests\Feature\Services\FileCleanupServiceTest.php" line="330" class="Tests\Feature\Services\FileCleanupServiceTest" classname="Tests.Feature.Services.FileCleanupServiceTest" assertions="0" time="0.000000">
          <error type="Error">Tests\Feature\Services\FileCleanupServiceTest::test_performs_complete_cleanup&#13;
Error: Class "Mockery" not found
&#13;
C:\Users\Gaser\Desktop\COPRRA\vendor\laravel\framework\src\Illuminate\Testing\PendingCommand.php:550
C:\Users\Gaser\Desktop\COPRRA\vendor\laravel\framework\src\Illuminate\Testing\PendingCommand.php:448
C:\Users\Gaser\Desktop\COPRRA\vendor\laravel\framework\src\Illuminate\Testing\PendingCommand.php:675
C:\Users\Gaser\Desktop\COPRRA\vendor\laravel\framework\src\Illuminate\Foundation\Testing\Concerns\InteractsWithConsole.php:87
C:\Users\Gaser\Desktop\COPRRA\vendor\laravel\framework\src\Illuminate\Foundation\Testing\RefreshDatabase.php:101
C:\Users\Gaser\Desktop\COPRRA\vendor\laravel\framework\src\Illuminate\Foundation\Testing\RefreshDatabase.php:84
C:\Users\Gaser\Desktop\COPRRA\vendor\laravel\framework\src\Illuminate\Foundation\Testing\RefreshDatabase.php:25
C:\Users\Gaser\Desktop\COPRRA\vendor\laravel\framework\src\Illuminate\Foundation\Testing\Concerns\InteractsWithTestCaseLifecycle.php:209
C:\Users\Gaser\Desktop\COPRRA\vendor\laravel\framework\src\Illuminate\Foundation\Testing\Concerns\InteractsWithTestCaseLifecycle.php:97
C:\Users\Gaser\Desktop\COPRRA\vendor\laravel\framework\src\Illuminate\Foundation\Testing\TestCase.php:44
C:\Users\Gaser\Desktop\COPRRA\tests\TestCase.php:25
C:\Users\Gaser\Desktop\COPRRA\tests\Feature\Services\FileCleanupServiceTest.php:24</error>
        </testcase>
        <testcase name="test_checks_storage_usage" file="C:\Users\Gaser\Desktop\COPRRA\tests\Feature\Services\FileCleanupServiceTest.php" line="355" class="Tests\Feature\Services\FileCleanupServiceTest" classname="Tests.Feature.Services.FileCleanupServiceTest" assertions="0" time="0.000000">
          <error type="Error">Tests\Feature\Services\FileCleanupServiceTest::test_checks_storage_usage&#13;
Error: Class "Mockery" not found
&#13;
C:\Users\Gaser\Desktop\COPRRA\vendor\laravel\framework\src\Illuminate\Testing\PendingCommand.php:550
C:\Users\Gaser\Desktop\COPRRA\vendor\laravel\framework\src\Illuminate\Testing\PendingCommand.php:448
C:\Users\Gaser\Desktop\COPRRA\vendor\laravel\framework\src\Illuminate\Testing\PendingCommand.php:675
C:\Users\Gaser\Desktop\COPRRA\vendor\laravel\framework\src\Illuminate\Foundation\Testing\Concerns\InteractsWithConsole.php:87
C:\Users\Gaser\Desktop\COPRRA\vendor\laravel\framework\src\Illuminate\Foundation\Testing\RefreshDatabase.php:101
C:\Users\Gaser\Desktop\COPRRA\vendor\laravel\framework\src\Illuminate\Foundation\Testing\RefreshDatabase.php:84
C:\Users\Gaser\Desktop\COPRRA\vendor\laravel\framework\src\Illuminate\Foundation\Testing\RefreshDatabase.php:25
C:\Users\Gaser\Desktop\COPRRA\vendor\laravel\framework\src\Illuminate\Foundation\Testing\Concerns\InteractsWithTestCaseLifecycle.php:209
C:\Users\Gaser\Desktop\COPRRA\vendor\laravel\framework\src\Illuminate\Foundation\Testing\Concerns\InteractsWithTestCaseLifecycle.php:97
C:\Users\Gaser\Desktop\COPRRA\vendor\laravel\framework\src\Illuminate\Foundation\Testing\TestCase.php:44
C:\Users\Gaser\Desktop\COPRRA\tests\TestCase.php:25
C:\Users\Gaser\Desktop\COPRRA\tests\Feature\Services\FileCleanupServiceTest.php:24</error>
        </testcase>
        <testcase name="test_checks_storage_usage_over_limit" file="C:\Users\Gaser\Desktop\COPRRA\tests\Feature\Services\FileCleanupServiceTest.php" line="392" class="Tests\Feature\Services\FileCleanupServiceTest" classname="Tests.Feature.Services.FileCleanupServiceTest" assertions="0" time="0.000000">
          <error type="Error">Tests\Feature\Services\FileCleanupServiceTest::test_checks_storage_usage_over_limit&#13;
Error: Class "Mockery" not found
&#13;
C:\Users\Gaser\Desktop\COPRRA\vendor\laravel\framework\src\Illuminate\Testing\PendingCommand.php:550
C:\Users\Gaser\Desktop\COPRRA\vendor\laravel\framework\src\Illuminate\Testing\PendingCommand.php:448
C:\Users\Gaser\Desktop\COPRRA\vendor\laravel\framework\src\Illuminate\Testing\PendingCommand.php:675
C:\Users\Gaser\Desktop\COPRRA\vendor\laravel\framework\src\Illuminate\Foundation\Testing\Concerns\InteractsWithConsole.php:87
C:\Users\Gaser\Desktop\COPRRA\vendor\laravel\framework\src\Illuminate\Foundation\Testing\RefreshDatabase.php:101
C:\Users\Gaser\Desktop\COPRRA\vendor\laravel\framework\src\Illuminate\Foundation\Testing\RefreshDatabase.php:84
C:\Users\Gaser\Desktop\COPRRA\vendor\laravel\framework\src\Illuminate\Foundation\Testing\RefreshDatabase.php:25
C:\Users\Gaser\Desktop\COPRRA\vendor\laravel\framework\src\Illuminate\Foundation\Testing\Concerns\InteractsWithTestCaseLifecycle.php:209
C:\Users\Gaser\Desktop\COPRRA\vendor\laravel\framework\src\Illuminate\Foundation\Testing\Concerns\InteractsWithTestCaseLifecycle.php:97
C:\Users\Gaser\Desktop\COPRRA\vendor\laravel\framework\src\Illuminate\Foundation\Testing\TestCase.php:44
C:\Users\Gaser\Desktop\COPRRA\tests\TestCase.php:25
C:\Users\Gaser\Desktop\COPRRA\tests\Feature\Services\FileCleanupServiceTest.php:24</error>
        </testcase>
        <testcase name="test_gets_cleanup_statistics" file="C:\Users\Gaser\Desktop\COPRRA\tests\Feature\Services\FileCleanupServiceTest.php" line="427" class="Tests\Feature\Services\FileCleanupServiceTest" classname="Tests.Feature.Services.FileCleanupServiceTest" assertions="0" time="0.000000">
          <error type="Error">Tests\Feature\Services\FileCleanupServiceTest::test_gets_cleanup_statistics&#13;
Error: Class "Mockery" not found
&#13;
C:\Users\Gaser\Desktop\COPRRA\vendor\laravel\framework\src\Illuminate\Testing\PendingCommand.php:550
C:\Users\Gaser\Desktop\COPRRA\vendor\laravel\framework\src\Illuminate\Testing\PendingCommand.php:448
C:\Users\Gaser\Desktop\COPRRA\vendor\laravel\framework\src\Illuminate\Testing\PendingCommand.php:675
C:\Users\Gaser\Desktop\COPRRA\vendor\laravel\framework\src\Illuminate\Foundation\Testing\Concerns\InteractsWithConsole.php:87
C:\Users\Gaser\Desktop\COPRRA\vendor\laravel\framework\src\Illuminate\Foundation\Testing\RefreshDatabase.php:101
C:\Users\Gaser\Desktop\COPRRA\vendor\laravel\framework\src\Illuminate\Foundation\Testing\RefreshDatabase.php:84
C:\Users\Gaser\Desktop\COPRRA\vendor\laravel\framework\src\Illuminate\Foundation\Testing\RefreshDatabase.php:25
C:\Users\Gaser\Desktop\COPRRA\vendor\laravel\framework\src\Illuminate\Foundation\Testing\Concerns\InteractsWithTestCaseLifecycle.php:209
C:\Users\Gaser\Desktop\COPRRA\vendor\laravel\framework\src\Illuminate\Foundation\Testing\Concerns\InteractsWithTestCaseLifecycle.php:97
C:\Users\Gaser\Desktop\COPRRA\vendor\laravel\framework\src\Illuminate\Foundation\Testing\TestCase.php:44
C:\Users\Gaser\Desktop\COPRRA\tests\TestCase.php:25
C:\Users\Gaser\Desktop\COPRRA\tests\Feature\Services\FileCleanupServiceTest.php:24</error>
        </testcase>
        <testcase name="test_schedules_cleanup_daily" file="C:\Users\Gaser\Desktop\COPRRA\tests\Feature\Services\FileCleanupServiceTest.php" line="447" class="Tests\Feature\Services\FileCleanupServiceTest" classname="Tests.Feature.Services.FileCleanupServiceTest" assertions="0" time="0.000000">
          <error type="Error">Tests\Feature\Services\FileCleanupServiceTest::test_schedules_cleanup_daily&#13;
Error: Class "Mockery" not found
&#13;
C:\Users\Gaser\Desktop\COPRRA\vendor\laravel\framework\src\Illuminate\Testing\PendingCommand.php:550
C:\Users\Gaser\Desktop\COPRRA\vendor\laravel\framework\src\Illuminate\Testing\PendingCommand.php:448
C:\Users\Gaser\Desktop\COPRRA\vendor\laravel\framework\src\Illuminate\Testing\PendingCommand.php:675
C:\Users\Gaser\Desktop\COPRRA\vendor\laravel\framework\src\Illuminate\Foundation\Testing\Concerns\InteractsWithConsole.php:87
C:\Users\Gaser\Desktop\COPRRA\vendor\laravel\framework\src\Illuminate\Foundation\Testing\RefreshDatabase.php:101
C:\Users\Gaser\Desktop\COPRRA\vendor\laravel\framework\src\Illuminate\Foundation\Testing\RefreshDatabase.php:84
C:\Users\Gaser\Desktop\COPRRA\vendor\laravel\framework\src\Illuminate\Foundation\Testing\RefreshDatabase.php:25
C:\Users\Gaser\Desktop\COPRRA\vendor\laravel\framework\src\Illuminate\Foundation\Testing\Concerns\InteractsWithTestCaseLifecycle.php:209
C:\Users\Gaser\Desktop\COPRRA\vendor\laravel\framework\src\Illuminate\Foundation\Testing\Concerns\InteractsWithTestCaseLifecycle.php:97
C:\Users\Gaser\Desktop\COPRRA\vendor\laravel\framework\src\Illuminate\Foundation\Testing\TestCase.php:44
C:\Users\Gaser\Desktop\COPRRA\tests\TestCase.php:25
C:\Users\Gaser\Desktop\COPRRA\tests\Feature\Services\FileCleanupServiceTest.php:24</error>
        </testcase>
        <testcase name="test_schedules_cleanup_weekly_on_sunday" file="C:\Users\Gaser\Desktop\COPRRA\tests\Feature\Services\FileCleanupServiceTest.php" line="461" class="Tests\Feature\Services\FileCleanupServiceTest" classname="Tests.Feature.Services.FileCleanupServiceTest" assertions="0" time="0.000000">
          <error type="Error">Tests\Feature\Services\FileCleanupServiceTest::test_schedules_cleanup_weekly_on_sunday&#13;
Error: Class "Mockery" not found
&#13;
C:\Users\Gaser\Desktop\COPRRA\vendor\laravel\framework\src\Illuminate\Testing\PendingCommand.php:550
C:\Users\Gaser\Desktop\COPRRA\vendor\laravel\framework\src\Illuminate\Testing\PendingCommand.php:448
C:\Users\Gaser\Desktop\COPRRA\vendor\laravel\framework\src\Illuminate\Testing\PendingCommand.php:675
C:\Users\Gaser\Desktop\COPRRA\vendor\laravel\framework\src\Illuminate\Foundation\Testing\Concerns\InteractsWithConsole.php:87
C:\Users\Gaser\Desktop\COPRRA\vendor\laravel\framework\src\Illuminate\Foundation\Testing\RefreshDatabase.php:101
C:\Users\Gaser\Desktop\COPRRA\vendor\laravel\framework\src\Illuminate\Foundation\Testing\RefreshDatabase.php:84
C:\Users\Gaser\Desktop\COPRRA\vendor\laravel\framework\src\Illuminate\Foundation\Testing\RefreshDatabase.php:25
C:\Users\Gaser\Desktop\COPRRA\vendor\laravel\framework\src\Illuminate\Foundation\Testing\Concerns\InteractsWithTestCaseLifecycle.php:209
C:\Users\Gaser\Desktop\COPRRA\vendor\laravel\framework\src\Illuminate\Foundation\Testing\Concerns\InteractsWithTestCaseLifecycle.php:97
C:\Users\Gaser\Desktop\COPRRA\vendor\laravel\framework\src\Illuminate\Foundation\Testing\TestCase.php:44
C:\Users\Gaser\Desktop\COPRRA\tests\TestCase.php:25
C:\Users\Gaser\Desktop\COPRRA\tests\Feature\Services\FileCleanupServiceTest.php:24</error>
        </testcase>
      </testsuite>
      <testsuite name="Tests\Feature\Services\FinancialTransactionServiceTest" file="C:\Users\Gaser\Desktop\COPRRA\tests\Feature\Services\FinancialTransactionServiceTest.php" tests="7" assertions="0" errors="7" failures="0" skipped="0" time="0.000000">
        <testcase name="test_processes_payment_successfully" file="C:\Users\Gaser\Desktop\COPRRA\tests\Feature\Services\FinancialTransactionServiceTest.php" line="32" class="Tests\Feature\Services\FinancialTransactionServiceTest" classname="Tests.Feature.Services.FinancialTransactionServiceTest" assertions="0" time="0.000000">
          <error type="Error">Tests\Feature\Services\FinancialTransactionServiceTest::test_processes_payment_successfully&#13;
Error: Class "Mockery" not found
&#13;
C:\Users\Gaser\Desktop\COPRRA\vendor\laravel\framework\src\Illuminate\Testing\PendingCommand.php:550
C:\Users\Gaser\Desktop\COPRRA\vendor\laravel\framework\src\Illuminate\Testing\PendingCommand.php:448
C:\Users\Gaser\Desktop\COPRRA\vendor\laravel\framework\src\Illuminate\Testing\PendingCommand.php:675
C:\Users\Gaser\Desktop\COPRRA\vendor\laravel\framework\src\Illuminate\Foundation\Testing\Concerns\InteractsWithConsole.php:87
C:\Users\Gaser\Desktop\COPRRA\vendor\laravel\framework\src\Illuminate\Foundation\Testing\RefreshDatabase.php:101
C:\Users\Gaser\Desktop\COPRRA\vendor\laravel\framework\src\Illuminate\Foundation\Testing\RefreshDatabase.php:84
C:\Users\Gaser\Desktop\COPRRA\vendor\laravel\framework\src\Illuminate\Foundation\Testing\RefreshDatabase.php:25
C:\Users\Gaser\Desktop\COPRRA\vendor\laravel\framework\src\Illuminate\Foundation\Testing\Concerns\InteractsWithTestCaseLifecycle.php:209
C:\Users\Gaser\Desktop\COPRRA\vendor\laravel\framework\src\Illuminate\Foundation\Testing\Concerns\InteractsWithTestCaseLifecycle.php:97
C:\Users\Gaser\Desktop\COPRRA\vendor\laravel\framework\src\Illuminate\Foundation\Testing\TestCase.php:44
C:\Users\Gaser\Desktop\COPRRA\tests\TestCase.php:25
C:\Users\Gaser\Desktop\COPRRA\tests\Feature\Services\FinancialTransactionServiceTest.php:20</error>
        </testcase>
        <testcase name="test_handles_payment_failure" file="C:\Users\Gaser\Desktop\COPRRA\tests\Feature\Services\FinancialTransactionServiceTest.php" line="62" class="Tests\Feature\Services\FinancialTransactionServiceTest" classname="Tests.Feature.Services.FinancialTransactionServiceTest" assertions="0" time="0.000000">
          <error type="Error">Tests\Feature\Services\FinancialTransactionServiceTest::test_handles_payment_failure&#13;
Error: Class "Mockery" not found
&#13;
C:\Users\Gaser\Desktop\COPRRA\vendor\laravel\framework\src\Illuminate\Testing\PendingCommand.php:550
C:\Users\Gaser\Desktop\COPRRA\vendor\laravel\framework\src\Illuminate\Testing\PendingCommand.php:448
C:\Users\Gaser\Desktop\COPRRA\vendor\laravel\framework\src\Illuminate\Testing\PendingCommand.php:675
C:\Users\Gaser\Desktop\COPRRA\vendor\laravel\framework\src\Illuminate\Foundation\Testing\Concerns\InteractsWithConsole.php:87
C:\Users\Gaser\Desktop\COPRRA\vendor\laravel\framework\src\Illuminate\Foundation\Testing\RefreshDatabase.php:101
C:\Users\Gaser\Desktop\COPRRA\vendor\laravel\framework\src\Illuminate\Foundation\Testing\RefreshDatabase.php:84
C:\Users\Gaser\Desktop\COPRRA\vendor\laravel\framework\src\Illuminate\Foundation\Testing\RefreshDatabase.php:25
C:\Users\Gaser\Desktop\COPRRA\vendor\laravel\framework\src\Illuminate\Foundation\Testing\Concerns\InteractsWithTestCaseLifecycle.php:209
C:\Users\Gaser\Desktop\COPRRA\vendor\laravel\framework\src\Illuminate\Foundation\Testing\Concerns\InteractsWithTestCaseLifecycle.php:97
C:\Users\Gaser\Desktop\COPRRA\vendor\laravel\framework\src\Illuminate\Foundation\Testing\TestCase.php:44
C:\Users\Gaser\Desktop\COPRRA\tests\TestCase.php:25
C:\Users\Gaser\Desktop\COPRRA\tests\Feature\Services\FinancialTransactionServiceTest.php:20</error>
        </testcase>
        <testcase name="test_refunds_transaction" file="C:\Users\Gaser\Desktop\COPRRA\tests\Feature\Services\FinancialTransactionServiceTest.php" line="86" class="Tests\Feature\Services\FinancialTransactionServiceTest" classname="Tests.Feature.Services.FinancialTransactionServiceTest" assertions="0" time="0.000000">
          <error type="Error">Tests\Feature\Services\FinancialTransactionServiceTest::test_refunds_transaction&#13;
Error: Class "Mockery" not found
&#13;
C:\Users\Gaser\Desktop\COPRRA\vendor\laravel\framework\src\Illuminate\Testing\PendingCommand.php:550
C:\Users\Gaser\Desktop\COPRRA\vendor\laravel\framework\src\Illuminate\Testing\PendingCommand.php:448
C:\Users\Gaser\Desktop\COPRRA\vendor\laravel\framework\src\Illuminate\Testing\PendingCommand.php:675
C:\Users\Gaser\Desktop\COPRRA\vendor\laravel\framework\src\Illuminate\Foundation\Testing\Concerns\InteractsWithConsole.php:87
C:\Users\Gaser\Desktop\COPRRA\vendor\laravel\framework\src\Illuminate\Foundation\Testing\RefreshDatabase.php:101
C:\Users\Gaser\Desktop\COPRRA\vendor\laravel\framework\src\Illuminate\Foundation\Testing\RefreshDatabase.php:84
C:\Users\Gaser\Desktop\COPRRA\vendor\laravel\framework\src\Illuminate\Foundation\Testing\RefreshDatabase.php:25
C:\Users\Gaser\Desktop\COPRRA\vendor\laravel\framework\src\Illuminate\Foundation\Testing\Concerns\InteractsWithTestCaseLifecycle.php:209
C:\Users\Gaser\Desktop\COPRRA\vendor\laravel\framework\src\Illuminate\Foundation\Testing\Concerns\InteractsWithTestCaseLifecycle.php:97
C:\Users\Gaser\Desktop\COPRRA\vendor\laravel\framework\src\Illuminate\Foundation\Testing\TestCase.php:44
C:\Users\Gaser\Desktop\COPRRA\tests\TestCase.php:25
C:\Users\Gaser\Desktop\COPRRA\tests\Feature\Services\FinancialTransactionServiceTest.php:20</error>
        </testcase>
        <testcase name="test_gets_transaction_history" file="C:\Users\Gaser\Desktop\COPRRA\tests\Feature\Services\FinancialTransactionServiceTest.php" line="117" class="Tests\Feature\Services\FinancialTransactionServiceTest" classname="Tests.Feature.Services.FinancialTransactionServiceTest" assertions="0" time="0.000000">
          <error type="Error">Tests\Feature\Services\FinancialTransactionServiceTest::test_gets_transaction_history&#13;
Error: Class "Mockery" not found
&#13;
C:\Users\Gaser\Desktop\COPRRA\vendor\laravel\framework\src\Illuminate\Testing\PendingCommand.php:550
C:\Users\Gaser\Desktop\COPRRA\vendor\laravel\framework\src\Illuminate\Testing\PendingCommand.php:448
C:\Users\Gaser\Desktop\COPRRA\vendor\laravel\framework\src\Illuminate\Testing\PendingCommand.php:675
C:\Users\Gaser\Desktop\COPRRA\vendor\laravel\framework\src\Illuminate\Foundation\Testing\Concerns\InteractsWithConsole.php:87
C:\Users\Gaser\Desktop\COPRRA\vendor\laravel\framework\src\Illuminate\Foundation\Testing\RefreshDatabase.php:101
C:\Users\Gaser\Desktop\COPRRA\vendor\laravel\framework\src\Illuminate\Foundation\Testing\RefreshDatabase.php:84
C:\Users\Gaser\Desktop\COPRRA\vendor\laravel\framework\src\Illuminate\Foundation\Testing\RefreshDatabase.php:25
C:\Users\Gaser\Desktop\COPRRA\vendor\laravel\framework\src\Illuminate\Foundation\Testing\Concerns\InteractsWithTestCaseLifecycle.php:209
C:\Users\Gaser\Desktop\COPRRA\vendor\laravel\framework\src\Illuminate\Foundation\Testing\Concerns\InteractsWithTestCaseLifecycle.php:97
C:\Users\Gaser\Desktop\COPRRA\vendor\laravel\framework\src\Illuminate\Foundation\Testing\TestCase.php:44
C:\Users\Gaser\Desktop\COPRRA\tests\TestCase.php:25
C:\Users\Gaser\Desktop\COPRRA\tests\Feature\Services\FinancialTransactionServiceTest.php:20</error>
        </testcase>
        <testcase name="test_calculates_tax" file="C:\Users\Gaser\Desktop\COPRRA\tests\Feature\Services\FinancialTransactionServiceTest.php" line="131" class="Tests\Feature\Services\FinancialTransactionServiceTest" classname="Tests.Feature.Services.FinancialTransactionServiceTest" assertions="0" time="0.000000">
          <error type="Error">Tests\Feature\Services\FinancialTransactionServiceTest::test_calculates_tax&#13;
Error: Class "Mockery" not found
&#13;
C:\Users\Gaser\Desktop\COPRRA\vendor\laravel\framework\src\Illuminate\Testing\PendingCommand.php:550
C:\Users\Gaser\Desktop\COPRRA\vendor\laravel\framework\src\Illuminate\Testing\PendingCommand.php:448
C:\Users\Gaser\Desktop\COPRRA\vendor\laravel\framework\src\Illuminate\Testing\PendingCommand.php:675
C:\Users\Gaser\Desktop\COPRRA\vendor\laravel\framework\src\Illuminate\Foundation\Testing\Concerns\InteractsWithConsole.php:87
C:\Users\Gaser\Desktop\COPRRA\vendor\laravel\framework\src\Illuminate\Foundation\Testing\RefreshDatabase.php:101
C:\Users\Gaser\Desktop\COPRRA\vendor\laravel\framework\src\Illuminate\Foundation\Testing\RefreshDatabase.php:84
C:\Users\Gaser\Desktop\COPRRA\vendor\laravel\framework\src\Illuminate\Foundation\Testing\RefreshDatabase.php:25
C:\Users\Gaser\Desktop\COPRRA\vendor\laravel\framework\src\Illuminate\Foundation\Testing\Concerns\InteractsWithTestCaseLifecycle.php:209
C:\Users\Gaser\Desktop\COPRRA\vendor\laravel\framework\src\Illuminate\Foundation\Testing\Concerns\InteractsWithTestCaseLifecycle.php:97
C:\Users\Gaser\Desktop\COPRRA\vendor\laravel\framework\src\Illuminate\Foundation\Testing\TestCase.php:44
C:\Users\Gaser\Desktop\COPRRA\tests\TestCase.php:25
C:\Users\Gaser\Desktop\COPRRA\tests\Feature\Services\FinancialTransactionServiceTest.php:20</error>
        </testcase>
        <testcase name="test_validates_payment_method" file="C:\Users\Gaser\Desktop\COPRRA\tests\Feature\Services\FinancialTransactionServiceTest.php" line="145" class="Tests\Feature\Services\FinancialTransactionServiceTest" classname="Tests.Feature.Services.FinancialTransactionServiceTest" assertions="0" time="0.000000">
          <error type="Error">Tests\Feature\Services\FinancialTransactionServiceTest::test_validates_payment_method&#13;
Error: Class "Mockery" not found
&#13;
C:\Users\Gaser\Desktop\COPRRA\vendor\laravel\framework\src\Illuminate\Testing\PendingCommand.php:550
C:\Users\Gaser\Desktop\COPRRA\vendor\laravel\framework\src\Illuminate\Testing\PendingCommand.php:448
C:\Users\Gaser\Desktop\COPRRA\vendor\laravel\framework\src\Illuminate\Testing\PendingCommand.php:675
C:\Users\Gaser\Desktop\COPRRA\vendor\laravel\framework\src\Illuminate\Foundation\Testing\Concerns\InteractsWithConsole.php:87
C:\Users\Gaser\Desktop\COPRRA\vendor\laravel\framework\src\Illuminate\Foundation\Testing\RefreshDatabase.php:101
C:\Users\Gaser\Desktop\COPRRA\vendor\laravel\framework\src\Illuminate\Foundation\Testing\RefreshDatabase.php:84
C:\Users\Gaser\Desktop\COPRRA\vendor\laravel\framework\src\Illuminate\Foundation\Testing\RefreshDatabase.php:25
C:\Users\Gaser\Desktop\COPRRA\vendor\laravel\framework\src\Illuminate\Foundation\Testing\Concerns\InteractsWithTestCaseLifecycle.php:209
C:\Users\Gaser\Desktop\COPRRA\vendor\laravel\framework\src\Illuminate\Foundation\Testing\Concerns\InteractsWithTestCaseLifecycle.php:97
C:\Users\Gaser\Desktop\COPRRA\vendor\laravel\framework\src\Illuminate\Foundation\Testing\TestCase.php:44
C:\Users\Gaser\Desktop\COPRRA\tests\TestCase.php:25
C:\Users\Gaser\Desktop\COPRRA\tests\Feature\Services\FinancialTransactionServiceTest.php:20</error>
        </testcase>
        <testcase name="test_handles_invalid_payment_method" file="C:\Users\Gaser\Desktop\COPRRA\tests\Feature\Services\FinancialTransactionServiceTest.php" line="159" class="Tests\Feature\Services\FinancialTransactionServiceTest" classname="Tests.Feature.Services.FinancialTransactionServiceTest" assertions="0" time="0.000000">
          <error type="Error">Tests\Feature\Services\FinancialTransactionServiceTest::test_handles_invalid_payment_method&#13;
Error: Class "Mockery" not found
&#13;
C:\Users\Gaser\Desktop\COPRRA\vendor\laravel\framework\src\Illuminate\Testing\PendingCommand.php:550
C:\Users\Gaser\Desktop\COPRRA\vendor\laravel\framework\src\Illuminate\Testing\PendingCommand.php:448
C:\Users\Gaser\Desktop\COPRRA\vendor\laravel\framework\src\Illuminate\Testing\PendingCommand.php:675
C:\Users\Gaser\Desktop\COPRRA\vendor\laravel\framework\src\Illuminate\Foundation\Testing\Concerns\InteractsWithConsole.php:87
C:\Users\Gaser\Desktop\COPRRA\vendor\laravel\framework\src\Illuminate\Foundation\Testing\RefreshDatabase.php:101
C:\Users\Gaser\Desktop\COPRRA\vendor\laravel\framework\src\Illuminate\Foundation\Testing\RefreshDatabase.php:84
C:\Users\Gaser\Desktop\COPRRA\vendor\laravel\framework\src\Illuminate\Foundation\Testing\RefreshDatabase.php:25
C:\Users\Gaser\Desktop\COPRRA\vendor\laravel\framework\src\Illuminate\Foundation\Testing\Concerns\InteractsWithTestCaseLifecycle.php:209
C:\Users\Gaser\Desktop\COPRRA\vendor\laravel\framework\src\Illuminate\Foundation\Testing\Concerns\InteractsWithTestCaseLifecycle.php:97
C:\Users\Gaser\Desktop\COPRRA\vendor\laravel\framework\src\Illuminate\Foundation\Testing\TestCase.php:44
C:\Users\Gaser\Desktop\COPRRA\tests\TestCase.php:25
C:\Users\Gaser\Desktop\COPRRA\tests\Feature\Services\FinancialTransactionServiceTest.php:20</error>
        </testcase>
      </testsuite>
      <testsuite name="Tests\Feature\Services\LoginAttemptServiceTest" file="C:\Users\Gaser\Desktop\COPRRA\tests\Feature\Services\LoginAttemptServiceTest.php" tests="23" assertions="0" errors="23" failures="0" skipped="0" time="0.000000">
        <testcase name="test_records_failed_attempt_with_email" file="C:\Users\Gaser\Desktop\COPRRA\tests\Feature\Services\LoginAttemptServiceTest.php" line="40" class="Tests\Feature\Services\LoginAttemptServiceTest" classname="Tests.Feature.Services.LoginAttemptServiceTest" assertions="0" time="0.000000">
          <error type="Error">Tests\Feature\Services\LoginAttemptServiceTest::test_records_failed_attempt_with_email&#13;
Error: Class "Mockery" not found
&#13;
C:\Users\Gaser\Desktop\COPRRA\vendor\laravel\framework\src\Illuminate\Testing\PendingCommand.php:550
C:\Users\Gaser\Desktop\COPRRA\vendor\laravel\framework\src\Illuminate\Testing\PendingCommand.php:448
C:\Users\Gaser\Desktop\COPRRA\vendor\laravel\framework\src\Illuminate\Testing\PendingCommand.php:675
C:\Users\Gaser\Desktop\COPRRA\vendor\laravel\framework\src\Illuminate\Foundation\Testing\Concerns\InteractsWithConsole.php:87
C:\Users\Gaser\Desktop\COPRRA\vendor\laravel\framework\src\Illuminate\Foundation\Testing\RefreshDatabase.php:101
C:\Users\Gaser\Desktop\COPRRA\vendor\laravel\framework\src\Illuminate\Foundation\Testing\RefreshDatabase.php:84
C:\Users\Gaser\Desktop\COPRRA\vendor\laravel\framework\src\Illuminate\Foundation\Testing\RefreshDatabase.php:25
C:\Users\Gaser\Desktop\COPRRA\vendor\laravel\framework\src\Illuminate\Foundation\Testing\Concerns\InteractsWithTestCaseLifecycle.php:209
C:\Users\Gaser\Desktop\COPRRA\vendor\laravel\framework\src\Illuminate\Foundation\Testing\Concerns\InteractsWithTestCaseLifecycle.php:97
C:\Users\Gaser\Desktop\COPRRA\vendor\laravel\framework\src\Illuminate\Foundation\Testing\TestCase.php:44
C:\Users\Gaser\Desktop\COPRRA\tests\TestCase.php:25
C:\Users\Gaser\Desktop\COPRRA\tests\Feature\Services\LoginAttemptServiceTest.php:25</error>
        </testcase>
        <testcase name="test_records_failed_attempt_without_email" file="C:\Users\Gaser\Desktop\COPRRA\tests\Feature\Services\LoginAttemptServiceTest.php" line="91" class="Tests\Feature\Services\LoginAttemptServiceTest" classname="Tests.Feature.Services.LoginAttemptServiceTest" assertions="0" time="0.000000">
          <error type="Error">Tests\Feature\Services\LoginAttemptServiceTest::test_records_failed_attempt_without_email&#13;
Error: Class "Mockery" not found
&#13;
C:\Users\Gaser\Desktop\COPRRA\vendor\laravel\framework\src\Illuminate\Testing\PendingCommand.php:550
C:\Users\Gaser\Desktop\COPRRA\vendor\laravel\framework\src\Illuminate\Testing\PendingCommand.php:448
C:\Users\Gaser\Desktop\COPRRA\vendor\laravel\framework\src\Illuminate\Testing\PendingCommand.php:675
C:\Users\Gaser\Desktop\COPRRA\vendor\laravel\framework\src\Illuminate\Foundation\Testing\Concerns\InteractsWithConsole.php:87
C:\Users\Gaser\Desktop\COPRRA\vendor\laravel\framework\src\Illuminate\Foundation\Testing\RefreshDatabase.php:101
C:\Users\Gaser\Desktop\COPRRA\vendor\laravel\framework\src\Illuminate\Foundation\Testing\RefreshDatabase.php:84
C:\Users\Gaser\Desktop\COPRRA\vendor\laravel\framework\src\Illuminate\Foundation\Testing\RefreshDatabase.php:25
C:\Users\Gaser\Desktop\COPRRA\vendor\laravel\framework\src\Illuminate\Foundation\Testing\Concerns\InteractsWithTestCaseLifecycle.php:209
C:\Users\Gaser\Desktop\COPRRA\vendor\laravel\framework\src\Illuminate\Foundation\Testing\Concerns\InteractsWithTestCaseLifecycle.php:97
C:\Users\Gaser\Desktop\COPRRA\vendor\laravel\framework\src\Illuminate\Foundation\Testing\TestCase.php:44
C:\Users\Gaser\Desktop\COPRRA\tests\TestCase.php:25
C:\Users\Gaser\Desktop\COPRRA\tests\Feature\Services\LoginAttemptServiceTest.php:25</error>
        </testcase>
        <testcase name="test_records_successful_attempt" file="C:\Users\Gaser\Desktop\COPRRA\tests\Feature\Services\LoginAttemptServiceTest.php" line="121" class="Tests\Feature\Services\LoginAttemptServiceTest" classname="Tests.Feature.Services.LoginAttemptServiceTest" assertions="0" time="0.000000">
          <error type="Error">Tests\Feature\Services\LoginAttemptServiceTest::test_records_successful_attempt&#13;
Error: Class "Mockery" not found
&#13;
C:\Users\Gaser\Desktop\COPRRA\vendor\laravel\framework\src\Illuminate\Testing\PendingCommand.php:550
C:\Users\Gaser\Desktop\COPRRA\vendor\laravel\framework\src\Illuminate\Testing\PendingCommand.php:448
C:\Users\Gaser\Desktop\COPRRA\vendor\laravel\framework\src\Illuminate\Testing\PendingCommand.php:675
C:\Users\Gaser\Desktop\COPRRA\vendor\laravel\framework\src\Illuminate\Foundation\Testing\Concerns\InteractsWithConsole.php:87
C:\Users\Gaser\Desktop\COPRRA\vendor\laravel\framework\src\Illuminate\Foundation\Testing\RefreshDatabase.php:101
C:\Users\Gaser\Desktop\COPRRA\vendor\laravel\framework\src\Illuminate\Foundation\Testing\RefreshDatabase.php:84
C:\Users\Gaser\Desktop\COPRRA\vendor\laravel\framework\src\Illuminate\Foundation\Testing\RefreshDatabase.php:25
C:\Users\Gaser\Desktop\COPRRA\vendor\laravel\framework\src\Illuminate\Foundation\Testing\Concerns\InteractsWithTestCaseLifecycle.php:209
C:\Users\Gaser\Desktop\COPRRA\vendor\laravel\framework\src\Illuminate\Foundation\Testing\Concerns\InteractsWithTestCaseLifecycle.php:97
C:\Users\Gaser\Desktop\COPRRA\vendor\laravel\framework\src\Illuminate\Foundation\Testing\TestCase.php:44
C:\Users\Gaser\Desktop\COPRRA\tests\TestCase.php:25
C:\Users\Gaser\Desktop\COPRRA\tests\Feature\Services\LoginAttemptServiceTest.php:25</error>
        </testcase>
        <testcase name="test_checks_email_blocked_when_under_limit" file="C:\Users\Gaser\Desktop\COPRRA\tests\Feature\Services\LoginAttemptServiceTest.php" line="157" class="Tests\Feature\Services\LoginAttemptServiceTest" classname="Tests.Feature.Services.LoginAttemptServiceTest" assertions="0" time="0.000000">
          <error type="Error">Tests\Feature\Services\LoginAttemptServiceTest::test_checks_email_blocked_when_under_limit&#13;
Error: Class "Mockery" not found
&#13;
C:\Users\Gaser\Desktop\COPRRA\vendor\laravel\framework\src\Illuminate\Testing\PendingCommand.php:550
C:\Users\Gaser\Desktop\COPRRA\vendor\laravel\framework\src\Illuminate\Testing\PendingCommand.php:448
C:\Users\Gaser\Desktop\COPRRA\vendor\laravel\framework\src\Illuminate\Testing\PendingCommand.php:675
C:\Users\Gaser\Desktop\COPRRA\vendor\laravel\framework\src\Illuminate\Foundation\Testing\Concerns\InteractsWithConsole.php:87
C:\Users\Gaser\Desktop\COPRRA\vendor\laravel\framework\src\Illuminate\Foundation\Testing\RefreshDatabase.php:101
C:\Users\Gaser\Desktop\COPRRA\vendor\laravel\framework\src\Illuminate\Foundation\Testing\RefreshDatabase.php:84
C:\Users\Gaser\Desktop\COPRRA\vendor\laravel\framework\src\Illuminate\Foundation\Testing\RefreshDatabase.php:25
C:\Users\Gaser\Desktop\COPRRA\vendor\laravel\framework\src\Illuminate\Foundation\Testing\Concerns\InteractsWithTestCaseLifecycle.php:209
C:\Users\Gaser\Desktop\COPRRA\vendor\laravel\framework\src\Illuminate\Foundation\Testing\Concerns\InteractsWithTestCaseLifecycle.php:97
C:\Users\Gaser\Desktop\COPRRA\vendor\laravel\framework\src\Illuminate\Foundation\Testing\TestCase.php:44
C:\Users\Gaser\Desktop\COPRRA\tests\TestCase.php:25
C:\Users\Gaser\Desktop\COPRRA\tests\Feature\Services\LoginAttemptServiceTest.php:25</error>
        </testcase>
        <testcase name="test_checks_email_blocked_when_over_limit" file="C:\Users\Gaser\Desktop\COPRRA\tests\Feature\Services\LoginAttemptServiceTest.php" line="174" class="Tests\Feature\Services\LoginAttemptServiceTest" classname="Tests.Feature.Services.LoginAttemptServiceTest" assertions="0" time="0.000000">
          <error type="Error">Tests\Feature\Services\LoginAttemptServiceTest::test_checks_email_blocked_when_over_limit&#13;
Error: Class "Mockery" not found
&#13;
C:\Users\Gaser\Desktop\COPRRA\vendor\laravel\framework\src\Illuminate\Testing\PendingCommand.php:550
C:\Users\Gaser\Desktop\COPRRA\vendor\laravel\framework\src\Illuminate\Testing\PendingCommand.php:448
C:\Users\Gaser\Desktop\COPRRA\vendor\laravel\framework\src\Illuminate\Testing\PendingCommand.php:675
C:\Users\Gaser\Desktop\COPRRA\vendor\laravel\framework\src\Illuminate\Foundation\Testing\Concerns\InteractsWithConsole.php:87
C:\Users\Gaser\Desktop\COPRRA\vendor\laravel\framework\src\Illuminate\Foundation\Testing\RefreshDatabase.php:101
C:\Users\Gaser\Desktop\COPRRA\vendor\laravel\framework\src\Illuminate\Foundation\Testing\RefreshDatabase.php:84
C:\Users\Gaser\Desktop\COPRRA\vendor\laravel\framework\src\Illuminate\Foundation\Testing\RefreshDatabase.php:25
C:\Users\Gaser\Desktop\COPRRA\vendor\laravel\framework\src\Illuminate\Foundation\Testing\Concerns\InteractsWithTestCaseLifecycle.php:209
C:\Users\Gaser\Desktop\COPRRA\vendor\laravel\framework\src\Illuminate\Foundation\Testing\Concerns\InteractsWithTestCaseLifecycle.php:97
C:\Users\Gaser\Desktop\COPRRA\vendor\laravel\framework\src\Illuminate\Foundation\Testing\TestCase.php:44
C:\Users\Gaser\Desktop\COPRRA\tests\TestCase.php:25
C:\Users\Gaser\Desktop\COPRRA\tests\Feature\Services\LoginAttemptServiceTest.php:25</error>
        </testcase>
        <testcase name="test_checks_ip_blocked_when_under_limit" file="C:\Users\Gaser\Desktop\COPRRA\tests\Feature\Services\LoginAttemptServiceTest.php" line="191" class="Tests\Feature\Services\LoginAttemptServiceTest" classname="Tests.Feature.Services.LoginAttemptServiceTest" assertions="0" time="0.000000">
          <error type="Error">Tests\Feature\Services\LoginAttemptServiceTest::test_checks_ip_blocked_when_under_limit&#13;
Error: Class "Mockery" not found
&#13;
C:\Users\Gaser\Desktop\COPRRA\vendor\laravel\framework\src\Illuminate\Testing\PendingCommand.php:550
C:\Users\Gaser\Desktop\COPRRA\vendor\laravel\framework\src\Illuminate\Testing\PendingCommand.php:448
C:\Users\Gaser\Desktop\COPRRA\vendor\laravel\framework\src\Illuminate\Testing\PendingCommand.php:675
C:\Users\Gaser\Desktop\COPRRA\vendor\laravel\framework\src\Illuminate\Foundation\Testing\Concerns\InteractsWithConsole.php:87
C:\Users\Gaser\Desktop\COPRRA\vendor\laravel\framework\src\Illuminate\Foundation\Testing\RefreshDatabase.php:101
C:\Users\Gaser\Desktop\COPRRA\vendor\laravel\framework\src\Illuminate\Foundation\Testing\RefreshDatabase.php:84
C:\Users\Gaser\Desktop\COPRRA\vendor\laravel\framework\src\Illuminate\Foundation\Testing\RefreshDatabase.php:25
C:\Users\Gaser\Desktop\COPRRA\vendor\laravel\framework\src\Illuminate\Foundation\Testing\Concerns\InteractsWithTestCaseLifecycle.php:209
C:\Users\Gaser\Desktop\COPRRA\vendor\laravel\framework\src\Illuminate\Foundation\Testing\Concerns\InteractsWithTestCaseLifecycle.php:97
C:\Users\Gaser\Desktop\COPRRA\vendor\laravel\framework\src\Illuminate\Foundation\Testing\TestCase.php:44
C:\Users\Gaser\Desktop\COPRRA\tests\TestCase.php:25
C:\Users\Gaser\Desktop\COPRRA\tests\Feature\Services\LoginAttemptServiceTest.php:25</error>
        </testcase>
        <testcase name="test_checks_ip_blocked_when_over_limit" file="C:\Users\Gaser\Desktop\COPRRA\tests\Feature\Services\LoginAttemptServiceTest.php" line="208" class="Tests\Feature\Services\LoginAttemptServiceTest" classname="Tests.Feature.Services.LoginAttemptServiceTest" assertions="0" time="0.000000">
          <error type="Error">Tests\Feature\Services\LoginAttemptServiceTest::test_checks_ip_blocked_when_over_limit&#13;
Error: Class "Mockery" not found
&#13;
C:\Users\Gaser\Desktop\COPRRA\vendor\laravel\framework\src\Illuminate\Testing\PendingCommand.php:550
C:\Users\Gaser\Desktop\COPRRA\vendor\laravel\framework\src\Illuminate\Testing\PendingCommand.php:448
C:\Users\Gaser\Desktop\COPRRA\vendor\laravel\framework\src\Illuminate\Testing\PendingCommand.php:675
C:\Users\Gaser\Desktop\COPRRA\vendor\laravel\framework\src\Illuminate\Foundation\Testing\Concerns\InteractsWithConsole.php:87
C:\Users\Gaser\Desktop\COPRRA\vendor\laravel\framework\src\Illuminate\Foundation\Testing\RefreshDatabase.php:101
C:\Users\Gaser\Desktop\COPRRA\vendor\laravel\framework\src\Illuminate\Foundation\Testing\RefreshDatabase.php:84
C:\Users\Gaser\Desktop\COPRRA\vendor\laravel\framework\src\Illuminate\Foundation\Testing\RefreshDatabase.php:25
C:\Users\Gaser\Desktop\COPRRA\vendor\laravel\framework\src\Illuminate\Foundation\Testing\Concerns\InteractsWithTestCaseLifecycle.php:209
C:\Users\Gaser\Desktop\COPRRA\vendor\laravel\framework\src\Illuminate\Foundation\Testing\Concerns\InteractsWithTestCaseLifecycle.php:97
C:\Users\Gaser\Desktop\COPRRA\vendor\laravel\framework\src\Illuminate\Foundation\Testing\TestCase.php:44
C:\Users\Gaser\Desktop\COPRRA\tests\TestCase.php:25
C:\Users\Gaser\Desktop\COPRRA\tests\Feature\Services\LoginAttemptServiceTest.php:25</error>
        </testcase>
        <testcase name="test_gets_remaining_attempts_for_email" file="C:\Users\Gaser\Desktop\COPRRA\tests\Feature\Services\LoginAttemptServiceTest.php" line="225" class="Tests\Feature\Services\LoginAttemptServiceTest" classname="Tests.Feature.Services.LoginAttemptServiceTest" assertions="0" time="0.000000">
          <error type="Error">Tests\Feature\Services\LoginAttemptServiceTest::test_gets_remaining_attempts_for_email&#13;
Error: Class "Mockery" not found
&#13;
C:\Users\Gaser\Desktop\COPRRA\vendor\laravel\framework\src\Illuminate\Testing\PendingCommand.php:550
C:\Users\Gaser\Desktop\COPRRA\vendor\laravel\framework\src\Illuminate\Testing\PendingCommand.php:448
C:\Users\Gaser\Desktop\COPRRA\vendor\laravel\framework\src\Illuminate\Testing\PendingCommand.php:675
C:\Users\Gaser\Desktop\COPRRA\vendor\laravel\framework\src\Illuminate\Foundation\Testing\Concerns\InteractsWithConsole.php:87
C:\Users\Gaser\Desktop\COPRRA\vendor\laravel\framework\src\Illuminate\Foundation\Testing\RefreshDatabase.php:101
C:\Users\Gaser\Desktop\COPRRA\vendor\laravel\framework\src\Illuminate\Foundation\Testing\RefreshDatabase.php:84
C:\Users\Gaser\Desktop\COPRRA\vendor\laravel\framework\src\Illuminate\Foundation\Testing\RefreshDatabase.php:25
C:\Users\Gaser\Desktop\COPRRA\vendor\laravel\framework\src\Illuminate\Foundation\Testing\Concerns\InteractsWithTestCaseLifecycle.php:209
C:\Users\Gaser\Desktop\COPRRA\vendor\laravel\framework\src\Illuminate\Foundation\Testing\Concerns\InteractsWithTestCaseLifecycle.php:97
C:\Users\Gaser\Desktop\COPRRA\vendor\laravel\framework\src\Illuminate\Foundation\Testing\TestCase.php:44
C:\Users\Gaser\Desktop\COPRRA\tests\TestCase.php:25
C:\Users\Gaser\Desktop\COPRRA\tests\Feature\Services\LoginAttemptServiceTest.php:25</error>
        </testcase>
        <testcase name="test_gets_remaining_attempts_for_ip" file="C:\Users\Gaser\Desktop\COPRRA\tests\Feature\Services\LoginAttemptServiceTest.php" line="242" class="Tests\Feature\Services\LoginAttemptServiceTest" classname="Tests.Feature.Services.LoginAttemptServiceTest" assertions="0" time="0.000000">
          <error type="Error">Tests\Feature\Services\LoginAttemptServiceTest::test_gets_remaining_attempts_for_ip&#13;
Error: Class "Mockery" not found
&#13;
C:\Users\Gaser\Desktop\COPRRA\vendor\laravel\framework\src\Illuminate\Testing\PendingCommand.php:550
C:\Users\Gaser\Desktop\COPRRA\vendor\laravel\framework\src\Illuminate\Testing\PendingCommand.php:448
C:\Users\Gaser\Desktop\COPRRA\vendor\laravel\framework\src\Illuminate\Testing\PendingCommand.php:675
C:\Users\Gaser\Desktop\COPRRA\vendor\laravel\framework\src\Illuminate\Foundation\Testing\Concerns\InteractsWithConsole.php:87
C:\Users\Gaser\Desktop\COPRRA\vendor\laravel\framework\src\Illuminate\Foundation\Testing\RefreshDatabase.php:101
C:\Users\Gaser\Desktop\COPRRA\vendor\laravel\framework\src\Illuminate\Foundation\Testing\RefreshDatabase.php:84
C:\Users\Gaser\Desktop\COPRRA\vendor\laravel\framework\src\Illuminate\Foundation\Testing\RefreshDatabase.php:25
C:\Users\Gaser\Desktop\COPRRA\vendor\laravel\framework\src\Illuminate\Foundation\Testing\Concerns\InteractsWithTestCaseLifecycle.php:209
C:\Users\Gaser\Desktop\COPRRA\vendor\laravel\framework\src\Illuminate\Foundation\Testing\Concerns\InteractsWithTestCaseLifecycle.php:97
C:\Users\Gaser\Desktop\COPRRA\vendor\laravel\framework\src\Illuminate\Foundation\Testing\TestCase.php:44
C:\Users\Gaser\Desktop\COPRRA\tests\TestCase.php:25
C:\Users\Gaser\Desktop\COPRRA\tests\Feature\Services\LoginAttemptServiceTest.php:25</error>
        </testcase>
        <testcase name="test_gets_lockout_time_remaining_for_email" file="C:\Users\Gaser\Desktop\COPRRA\tests\Feature\Services\LoginAttemptServiceTest.php" line="259" class="Tests\Feature\Services\LoginAttemptServiceTest" classname="Tests.Feature.Services.LoginAttemptServiceTest" assertions="0" time="0.000000">
          <error type="Error">Tests\Feature\Services\LoginAttemptServiceTest::test_gets_lockout_time_remaining_for_email&#13;
Error: Class "Mockery" not found
&#13;
C:\Users\Gaser\Desktop\COPRRA\vendor\laravel\framework\src\Illuminate\Testing\PendingCommand.php:550
C:\Users\Gaser\Desktop\COPRRA\vendor\laravel\framework\src\Illuminate\Testing\PendingCommand.php:448
C:\Users\Gaser\Desktop\COPRRA\vendor\laravel\framework\src\Illuminate\Testing\PendingCommand.php:675
C:\Users\Gaser\Desktop\COPRRA\vendor\laravel\framework\src\Illuminate\Foundation\Testing\Concerns\InteractsWithConsole.php:87
C:\Users\Gaser\Desktop\COPRRA\vendor\laravel\framework\src\Illuminate\Foundation\Testing\RefreshDatabase.php:101
C:\Users\Gaser\Desktop\COPRRA\vendor\laravel\framework\src\Illuminate\Foundation\Testing\RefreshDatabase.php:84
C:\Users\Gaser\Desktop\COPRRA\vendor\laravel\framework\src\Illuminate\Foundation\Testing\RefreshDatabase.php:25
C:\Users\Gaser\Desktop\COPRRA\vendor\laravel\framework\src\Illuminate\Foundation\Testing\Concerns\InteractsWithTestCaseLifecycle.php:209
C:\Users\Gaser\Desktop\COPRRA\vendor\laravel\framework\src\Illuminate\Foundation\Testing\Concerns\InteractsWithTestCaseLifecycle.php:97
C:\Users\Gaser\Desktop\COPRRA\vendor\laravel\framework\src\Illuminate\Foundation\Testing\TestCase.php:44
C:\Users\Gaser\Desktop\COPRRA\tests\TestCase.php:25
C:\Users\Gaser\Desktop\COPRRA\tests\Feature\Services\LoginAttemptServiceTest.php:25</error>
        </testcase>
        <testcase name="test_gets_lockout_time_remaining_for_ip" file="C:\Users\Gaser\Desktop\COPRRA\tests\Feature\Services\LoginAttemptServiceTest.php" line="278" class="Tests\Feature\Services\LoginAttemptServiceTest" classname="Tests.Feature.Services.LoginAttemptServiceTest" assertions="0" time="0.000000">
          <error type="Error">Tests\Feature\Services\LoginAttemptServiceTest::test_gets_lockout_time_remaining_for_ip&#13;
Error: Class "Mockery" not found
&#13;
C:\Users\Gaser\Desktop\COPRRA\vendor\laravel\framework\src\Illuminate\Testing\PendingCommand.php:550
C:\Users\Gaser\Desktop\COPRRA\vendor\laravel\framework\src\Illuminate\Testing\PendingCommand.php:448
C:\Users\Gaser\Desktop\COPRRA\vendor\laravel\framework\src\Illuminate\Testing\PendingCommand.php:675
C:\Users\Gaser\Desktop\COPRRA\vendor\laravel\framework\src\Illuminate\Foundation\Testing\Concerns\InteractsWithConsole.php:87
C:\Users\Gaser\Desktop\COPRRA\vendor\laravel\framework\src\Illuminate\Foundation\Testing\RefreshDatabase.php:101
C:\Users\Gaser\Desktop\COPRRA\vendor\laravel\framework\src\Illuminate\Foundation\Testing\RefreshDatabase.php:84
C:\Users\Gaser\Desktop\COPRRA\vendor\laravel\framework\src\Illuminate\Foundation\Testing\RefreshDatabase.php:25
C:\Users\Gaser\Desktop\COPRRA\vendor\laravel\framework\src\Illuminate\Foundation\Testing\Concerns\InteractsWithTestCaseLifecycle.php:209
C:\Users\Gaser\Desktop\COPRRA\vendor\laravel\framework\src\Illuminate\Foundation\Testing\Concerns\InteractsWithTestCaseLifecycle.php:97
C:\Users\Gaser\Desktop\COPRRA\vendor\laravel\framework\src\Illuminate\Foundation\Testing\TestCase.php:44
C:\Users\Gaser\Desktop\COPRRA\tests\TestCase.php:25
C:\Users\Gaser\Desktop\COPRRA\tests\Feature\Services\LoginAttemptServiceTest.php:25</error>
        </testcase>
        <testcase name="test_returns_null_when_no_lockout" file="C:\Users\Gaser\Desktop\COPRRA\tests\Feature\Services\LoginAttemptServiceTest.php" line="297" class="Tests\Feature\Services\LoginAttemptServiceTest" classname="Tests.Feature.Services.LoginAttemptServiceTest" assertions="0" time="0.000000">
          <error type="Error">Tests\Feature\Services\LoginAttemptServiceTest::test_returns_null_when_no_lockout&#13;
Error: Class "Mockery" not found
&#13;
C:\Users\Gaser\Desktop\COPRRA\vendor\laravel\framework\src\Illuminate\Testing\PendingCommand.php:550
C:\Users\Gaser\Desktop\COPRRA\vendor\laravel\framework\src\Illuminate\Testing\PendingCommand.php:448
C:\Users\Gaser\Desktop\COPRRA\vendor\laravel\framework\src\Illuminate\Testing\PendingCommand.php:675
C:\Users\Gaser\Desktop\COPRRA\vendor\laravel\framework\src\Illuminate\Foundation\Testing\Concerns\InteractsWithConsole.php:87
C:\Users\Gaser\Desktop\COPRRA\vendor\laravel\framework\src\Illuminate\Foundation\Testing\RefreshDatabase.php:101
C:\Users\Gaser\Desktop\COPRRA\vendor\laravel\framework\src\Illuminate\Foundation\Testing\RefreshDatabase.php:84
C:\Users\Gaser\Desktop\COPRRA\vendor\laravel\framework\src\Illuminate\Foundation\Testing\RefreshDatabase.php:25
C:\Users\Gaser\Desktop\COPRRA\vendor\laravel\framework\src\Illuminate\Foundation\Testing\Concerns\InteractsWithTestCaseLifecycle.php:209
C:\Users\Gaser\Desktop\COPRRA\vendor\laravel\framework\src\Illuminate\Foundation\Testing\Concerns\InteractsWithTestCaseLifecycle.php:97
C:\Users\Gaser\Desktop\COPRRA\vendor\laravel\framework\src\Illuminate\Foundation\Testing\TestCase.php:44
C:\Users\Gaser\Desktop\COPRRA\tests\TestCase.php:25
C:\Users\Gaser\Desktop\COPRRA\tests\Feature\Services\LoginAttemptServiceTest.php:25</error>
        </testcase>
        <testcase name="test_handles_invalid_attempts_data" file="C:\Users\Gaser\Desktop\COPRRA\tests\Feature\Services\LoginAttemptServiceTest.php" line="314" class="Tests\Feature\Services\LoginAttemptServiceTest" classname="Tests.Feature.Services.LoginAttemptServiceTest" assertions="0" time="0.000000">
          <error type="Error">Tests\Feature\Services\LoginAttemptServiceTest::test_handles_invalid_attempts_data&#13;
Error: Class "Mockery" not found
&#13;
C:\Users\Gaser\Desktop\COPRRA\vendor\laravel\framework\src\Illuminate\Testing\PendingCommand.php:550
C:\Users\Gaser\Desktop\COPRRA\vendor\laravel\framework\src\Illuminate\Testing\PendingCommand.php:448
C:\Users\Gaser\Desktop\COPRRA\vendor\laravel\framework\src\Illuminate\Testing\PendingCommand.php:675
C:\Users\Gaser\Desktop\COPRRA\vendor\laravel\framework\src\Illuminate\Foundation\Testing\Concerns\InteractsWithConsole.php:87
C:\Users\Gaser\Desktop\COPRRA\vendor\laravel\framework\src\Illuminate\Foundation\Testing\RefreshDatabase.php:101
C:\Users\Gaser\Desktop\COPRRA\vendor\laravel\framework\src\Illuminate\Foundation\Testing\RefreshDatabase.php:84
C:\Users\Gaser\Desktop\COPRRA\vendor\laravel\framework\src\Illuminate\Foundation\Testing\RefreshDatabase.php:25
C:\Users\Gaser\Desktop\COPRRA\vendor\laravel\framework\src\Illuminate\Foundation\Testing\Concerns\InteractsWithTestCaseLifecycle.php:209
C:\Users\Gaser\Desktop\COPRRA\vendor\laravel\framework\src\Illuminate\Foundation\Testing\Concerns\InteractsWithTestCaseLifecycle.php:97
C:\Users\Gaser\Desktop\COPRRA\vendor\laravel\framework\src\Illuminate\Foundation\Testing\TestCase.php:44
C:\Users\Gaser\Desktop\COPRRA\tests\TestCase.php:25
C:\Users\Gaser\Desktop\COPRRA\tests\Feature\Services\LoginAttemptServiceTest.php:25</error>
        </testcase>
        <testcase name="test_handles_null_attempts_data" file="C:\Users\Gaser\Desktop\COPRRA\tests\Feature\Services\LoginAttemptServiceTest.php" line="331" class="Tests\Feature\Services\LoginAttemptServiceTest" classname="Tests.Feature.Services.LoginAttemptServiceTest" assertions="0" time="0.000000">
          <error type="Error">Tests\Feature\Services\LoginAttemptServiceTest::test_handles_null_attempts_data&#13;
Error: Class "Mockery" not found
&#13;
C:\Users\Gaser\Desktop\COPRRA\vendor\laravel\framework\src\Illuminate\Testing\PendingCommand.php:550
C:\Users\Gaser\Desktop\COPRRA\vendor\laravel\framework\src\Illuminate\Testing\PendingCommand.php:448
C:\Users\Gaser\Desktop\COPRRA\vendor\laravel\framework\src\Illuminate\Testing\PendingCommand.php:675
C:\Users\Gaser\Desktop\COPRRA\vendor\laravel\framework\src\Illuminate\Foundation\Testing\Concerns\InteractsWithConsole.php:87
C:\Users\Gaser\Desktop\COPRRA\vendor\laravel\framework\src\Illuminate\Foundation\Testing\RefreshDatabase.php:101
C:\Users\Gaser\Desktop\COPRRA\vendor\laravel\framework\src\Illuminate\Foundation\Testing\RefreshDatabase.php:84
C:\Users\Gaser\Desktop\COPRRA\vendor\laravel\framework\src\Illuminate\Foundation\Testing\RefreshDatabase.php:25
C:\Users\Gaser\Desktop\COPRRA\vendor\laravel\framework\src\Illuminate\Foundation\Testing\Concerns\InteractsWithTestCaseLifecycle.php:209
C:\Users\Gaser\Desktop\COPRRA\vendor\laravel\framework\src\Illuminate\Foundation\Testing\Concerns\InteractsWithTestCaseLifecycle.php:97
C:\Users\Gaser\Desktop\COPRRA\vendor\laravel\framework\src\Illuminate\Foundation\Testing\TestCase.php:44
C:\Users\Gaser\Desktop\COPRRA\tests\TestCase.php:25
C:\Users\Gaser\Desktop\COPRRA\tests\Feature\Services\LoginAttemptServiceTest.php:25</error>
        </testcase>
        <testcase name="test_unblocks_email" file="C:\Users\Gaser\Desktop\COPRRA\tests\Feature\Services\LoginAttemptServiceTest.php" line="347" class="Tests\Feature\Services\LoginAttemptServiceTest" classname="Tests.Feature.Services.LoginAttemptServiceTest" assertions="0" time="0.000000">
          <error type="Error">Tests\Feature\Services\LoginAttemptServiceTest::test_unblocks_email&#13;
Error: Class "Mockery" not found
&#13;
C:\Users\Gaser\Desktop\COPRRA\vendor\laravel\framework\src\Illuminate\Testing\PendingCommand.php:550
C:\Users\Gaser\Desktop\COPRRA\vendor\laravel\framework\src\Illuminate\Testing\PendingCommand.php:448
C:\Users\Gaser\Desktop\COPRRA\vendor\laravel\framework\src\Illuminate\Testing\PendingCommand.php:675
C:\Users\Gaser\Desktop\COPRRA\vendor\laravel\framework\src\Illuminate\Foundation\Testing\Concerns\InteractsWithConsole.php:87
C:\Users\Gaser\Desktop\COPRRA\vendor\laravel\framework\src\Illuminate\Foundation\Testing\RefreshDatabase.php:101
C:\Users\Gaser\Desktop\COPRRA\vendor\laravel\framework\src\Illuminate\Foundation\Testing\RefreshDatabase.php:84
C:\Users\Gaser\Desktop\COPRRA\vendor\laravel\framework\src\Illuminate\Foundation\Testing\RefreshDatabase.php:25
C:\Users\Gaser\Desktop\COPRRA\vendor\laravel\framework\src\Illuminate\Foundation\Testing\Concerns\InteractsWithTestCaseLifecycle.php:209
C:\Users\Gaser\Desktop\COPRRA\vendor\laravel\framework\src\Illuminate\Foundation\Testing\Concerns\InteractsWithTestCaseLifecycle.php:97
C:\Users\Gaser\Desktop\COPRRA\vendor\laravel\framework\src\Illuminate\Foundation\Testing\TestCase.php:44
C:\Users\Gaser\Desktop\COPRRA\tests\TestCase.php:25
C:\Users\Gaser\Desktop\COPRRA\tests\Feature\Services\LoginAttemptServiceTest.php:25</error>
        </testcase>
        <testcase name="test_unblocks_ip" file="C:\Users\Gaser\Desktop\COPRRA\tests\Feature\Services\LoginAttemptServiceTest.php" line="366" class="Tests\Feature\Services\LoginAttemptServiceTest" classname="Tests.Feature.Services.LoginAttemptServiceTest" assertions="0" time="0.000000">
          <error type="Error">Tests\Feature\Services\LoginAttemptServiceTest::test_unblocks_ip&#13;
Error: Class "Mockery" not found
&#13;
C:\Users\Gaser\Desktop\COPRRA\vendor\laravel\framework\src\Illuminate\Testing\PendingCommand.php:550
C:\Users\Gaser\Desktop\COPRRA\vendor\laravel\framework\src\Illuminate\Testing\PendingCommand.php:448
C:\Users\Gaser\Desktop\COPRRA\vendor\laravel\framework\src\Illuminate\Testing\PendingCommand.php:675
C:\Users\Gaser\Desktop\COPRRA\vendor\laravel\framework\src\Illuminate\Foundation\Testing\Concerns\InteractsWithConsole.php:87
C:\Users\Gaser\Desktop\COPRRA\vendor\laravel\framework\src\Illuminate\Foundation\Testing\RefreshDatabase.php:101
C:\Users\Gaser\Desktop\COPRRA\vendor\laravel\framework\src\Illuminate\Foundation\Testing\RefreshDatabase.php:84
C:\Users\Gaser\Desktop\COPRRA\vendor\laravel\framework\src\Illuminate\Foundation\Testing\RefreshDatabase.php:25
C:\Users\Gaser\Desktop\COPRRA\vendor\laravel\framework\src\Illuminate\Foundation\Testing\Concerns\InteractsWithTestCaseLifecycle.php:209
C:\Users\Gaser\Desktop\COPRRA\vendor\laravel\framework\src\Illuminate\Foundation\Testing\Concerns\InteractsWithTestCaseLifecycle.php:97
C:\Users\Gaser\Desktop\COPRRA\vendor\laravel\framework\src\Illuminate\Foundation\Testing\TestCase.php:44
C:\Users\Gaser\Desktop\COPRRA\tests\TestCase.php:25
C:\Users\Gaser\Desktop\COPRRA\tests\Feature\Services\LoginAttemptServiceTest.php:25</error>
        </testcase>
        <testcase name="test_gets_statistics" file="C:\Users\Gaser\Desktop\COPRRA\tests\Feature\Services\LoginAttemptServiceTest.php" line="385" class="Tests\Feature\Services\LoginAttemptServiceTest" classname="Tests.Feature.Services.LoginAttemptServiceTest" assertions="0" time="0.000000">
          <error type="Error">Tests\Feature\Services\LoginAttemptServiceTest::test_gets_statistics&#13;
Error: Class "Mockery" not found
&#13;
C:\Users\Gaser\Desktop\COPRRA\vendor\laravel\framework\src\Illuminate\Testing\PendingCommand.php:550
C:\Users\Gaser\Desktop\COPRRA\vendor\laravel\framework\src\Illuminate\Testing\PendingCommand.php:448
C:\Users\Gaser\Desktop\COPRRA\vendor\laravel\framework\src\Illuminate\Testing\PendingCommand.php:675
C:\Users\Gaser\Desktop\COPRRA\vendor\laravel\framework\src\Illuminate\Foundation\Testing\Concerns\InteractsWithConsole.php:87
C:\Users\Gaser\Desktop\COPRRA\vendor\laravel\framework\src\Illuminate\Foundation\Testing\RefreshDatabase.php:101
C:\Users\Gaser\Desktop\COPRRA\vendor\laravel\framework\src\Illuminate\Foundation\Testing\RefreshDatabase.php:84
C:\Users\Gaser\Desktop\COPRRA\vendor\laravel\framework\src\Illuminate\Foundation\Testing\RefreshDatabase.php:25
C:\Users\Gaser\Desktop\COPRRA\vendor\laravel\framework\src\Illuminate\Foundation\Testing\Concerns\InteractsWithTestCaseLifecycle.php:209
C:\Users\Gaser\Desktop\COPRRA\vendor\laravel\framework\src\Illuminate\Foundation\Testing\Concerns\InteractsWithTestCaseLifecycle.php:97
C:\Users\Gaser\Desktop\COPRRA\vendor\laravel\framework\src\Illuminate\Foundation\Testing\TestCase.php:44
C:\Users\Gaser\Desktop\COPRRA\tests\TestCase.php:25
C:\Users\Gaser\Desktop\COPRRA\tests\Feature\Services\LoginAttemptServiceTest.php:25</error>
        </testcase>
        <testcase name="test_handles_expired_lockout" file="C:\Users\Gaser\Desktop\COPRRA\tests\Feature\Services\LoginAttemptServiceTest.php" line="405" class="Tests\Feature\Services\LoginAttemptServiceTest" classname="Tests.Feature.Services.LoginAttemptServiceTest" assertions="0" time="0.000000">
          <error type="Error">Tests\Feature\Services\LoginAttemptServiceTest::test_handles_expired_lockout&#13;
Error: Class "Mockery" not found
&#13;
C:\Users\Gaser\Desktop\COPRRA\vendor\laravel\framework\src\Illuminate\Testing\PendingCommand.php:550
C:\Users\Gaser\Desktop\COPRRA\vendor\laravel\framework\src\Illuminate\Testing\PendingCommand.php:448
C:\Users\Gaser\Desktop\COPRRA\vendor\laravel\framework\src\Illuminate\Testing\PendingCommand.php:675
C:\Users\Gaser\Desktop\COPRRA\vendor\laravel\framework\src\Illuminate\Foundation\Testing\Concerns\InteractsWithConsole.php:87
C:\Users\Gaser\Desktop\COPRRA\vendor\laravel\framework\src\Illuminate\Foundation\Testing\RefreshDatabase.php:101
C:\Users\Gaser\Desktop\COPRRA\vendor\laravel\framework\src\Illuminate\Foundation\Testing\RefreshDatabase.php:84
C:\Users\Gaser\Desktop\COPRRA\vendor\laravel\framework\src\Illuminate\Foundation\Testing\RefreshDatabase.php:25
C:\Users\Gaser\Desktop\COPRRA\vendor\laravel\framework\src\Illuminate\Foundation\Testing\Concerns\InteractsWithTestCaseLifecycle.php:209
C:\Users\Gaser\Desktop\COPRRA\vendor\laravel\framework\src\Illuminate\Foundation\Testing\Concerns\InteractsWithTestCaseLifecycle.php:97
C:\Users\Gaser\Desktop\COPRRA\vendor\laravel\framework\src\Illuminate\Foundation\Testing\TestCase.php:44
C:\Users\Gaser\Desktop\COPRRA\tests\TestCase.php:25
C:\Users\Gaser\Desktop\COPRRA\tests\Feature\Services\LoginAttemptServiceTest.php:25</error>
        </testcase>
        <testcase name="test_handles_malformed_timestamp" file="C:\Users\Gaser\Desktop\COPRRA\tests\Feature\Services\LoginAttemptServiceTest.php" line="422" class="Tests\Feature\Services\LoginAttemptServiceTest" classname="Tests.Feature.Services.LoginAttemptServiceTest" assertions="0" time="0.000000">
          <error type="Error">Tests\Feature\Services\LoginAttemptServiceTest::test_handles_malformed_timestamp&#13;
Error: Class "Mockery" not found
&#13;
C:\Users\Gaser\Desktop\COPRRA\vendor\laravel\framework\src\Illuminate\Testing\PendingCommand.php:550
C:\Users\Gaser\Desktop\COPRRA\vendor\laravel\framework\src\Illuminate\Testing\PendingCommand.php:448
C:\Users\Gaser\Desktop\COPRRA\vendor\laravel\framework\src\Illuminate\Testing\PendingCommand.php:675
C:\Users\Gaser\Desktop\COPRRA\vendor\laravel\framework\src\Illuminate\Foundation\Testing\Concerns\InteractsWithConsole.php:87
C:\Users\Gaser\Desktop\COPRRA\vendor\laravel\framework\src\Illuminate\Foundation\Testing\RefreshDatabase.php:101
C:\Users\Gaser\Desktop\COPRRA\vendor\laravel\framework\src\Illuminate\Foundation\Testing\RefreshDatabase.php:84
C:\Users\Gaser\Desktop\COPRRA\vendor\laravel\framework\src\Illuminate\Foundation\Testing\RefreshDatabase.php:25
C:\Users\Gaser\Desktop\COPRRA\vendor\laravel\framework\src\Illuminate\Foundation\Testing\Concerns\InteractsWithTestCaseLifecycle.php:209
C:\Users\Gaser\Desktop\COPRRA\vendor\laravel\framework\src\Illuminate\Foundation\Testing\Concerns\InteractsWithTestCaseLifecycle.php:97
C:\Users\Gaser\Desktop\COPRRA\vendor\laravel\framework\src\Illuminate\Foundation\Testing\TestCase.php:44
C:\Users\Gaser\Desktop\COPRRA\tests\TestCase.php:25
C:\Users\Gaser\Desktop\COPRRA\tests\Feature\Services\LoginAttemptServiceTest.php:25</error>
        </testcase>
        <testcase name="test_handles_empty_attempts_array" file="C:\Users\Gaser\Desktop\COPRRA\tests\Feature\Services\LoginAttemptServiceTest.php" line="437" class="Tests\Feature\Services\LoginAttemptServiceTest" classname="Tests.Feature.Services.LoginAttemptServiceTest" assertions="0" time="0.000000">
          <error type="Error">Tests\Feature\Services\LoginAttemptServiceTest::test_handles_empty_attempts_array&#13;
Error: Class "Mockery" not found
&#13;
C:\Users\Gaser\Desktop\COPRRA\vendor\laravel\framework\src\Illuminate\Testing\PendingCommand.php:550
C:\Users\Gaser\Desktop\COPRRA\vendor\laravel\framework\src\Illuminate\Testing\PendingCommand.php:448
C:\Users\Gaser\Desktop\COPRRA\vendor\laravel\framework\src\Illuminate\Testing\PendingCommand.php:675
C:\Users\Gaser\Desktop\COPRRA\vendor\laravel\framework\src\Illuminate\Foundation\Testing\Concerns\InteractsWithConsole.php:87
C:\Users\Gaser\Desktop\COPRRA\vendor\laravel\framework\src\Illuminate\Foundation\Testing\RefreshDatabase.php:101
C:\Users\Gaser\Desktop\COPRRA\vendor\laravel\framework\src\Illuminate\Foundation\Testing\RefreshDatabase.php:84
C:\Users\Gaser\Desktop\COPRRA\vendor\laravel\framework\src\Illuminate\Foundation\Testing\RefreshDatabase.php:25
C:\Users\Gaser\Desktop\COPRRA\vendor\laravel\framework\src\Illuminate\Foundation\Testing\Concerns\InteractsWithTestCaseLifecycle.php:209
C:\Users\Gaser\Desktop\COPRRA\vendor\laravel\framework\src\Illuminate\Foundation\Testing\Concerns\InteractsWithTestCaseLifecycle.php:97
C:\Users\Gaser\Desktop\COPRRA\vendor\laravel\framework\src\Illuminate\Foundation\Testing\TestCase.php:44
C:\Users\Gaser\Desktop\COPRRA\tests\TestCase.php:25
C:\Users\Gaser\Desktop\COPRRA\tests\Feature\Services\LoginAttemptServiceTest.php:25</error>
        </testcase>
        <testcase name="test_handles_non_array_attempts_data" file="C:\Users\Gaser\Desktop\COPRRA\tests\Feature\Services\LoginAttemptServiceTest.php" line="454" class="Tests\Feature\Services\LoginAttemptServiceTest" classname="Tests.Feature.Services.LoginAttemptServiceTest" assertions="0" time="0.000000">
          <error type="Error">Tests\Feature\Services\LoginAttemptServiceTest::test_handles_non_array_attempts_data&#13;
Error: Class "Mockery" not found
&#13;
C:\Users\Gaser\Desktop\COPRRA\vendor\laravel\framework\src\Illuminate\Testing\PendingCommand.php:550
C:\Users\Gaser\Desktop\COPRRA\vendor\laravel\framework\src\Illuminate\Testing\PendingCommand.php:448
C:\Users\Gaser\Desktop\COPRRA\vendor\laravel\framework\src\Illuminate\Testing\PendingCommand.php:675
C:\Users\Gaser\Desktop\COPRRA\vendor\laravel\framework\src\Illuminate\Foundation\Testing\Concerns\InteractsWithConsole.php:87
C:\Users\Gaser\Desktop\COPRRA\vendor\laravel\framework\src\Illuminate\Foundation\Testing\RefreshDatabase.php:101
C:\Users\Gaser\Desktop\COPRRA\vendor\laravel\framework\src\Illuminate\Foundation\Testing\RefreshDatabase.php:84
C:\Users\Gaser\Desktop\COPRRA\vendor\laravel\framework\src\Illuminate\Foundation\Testing\RefreshDatabase.php:25
C:\Users\Gaser\Desktop\COPRRA\vendor\laravel\framework\src\Illuminate\Foundation\Testing\Concerns\InteractsWithTestCaseLifecycle.php:209
C:\Users\Gaser\Desktop\COPRRA\vendor\laravel\framework\src\Illuminate\Foundation\Testing\Concerns\InteractsWithTestCaseLifecycle.php:97
C:\Users\Gaser\Desktop\COPRRA\vendor\laravel\framework\src\Illuminate\Foundation\Testing\TestCase.php:44
C:\Users\Gaser\Desktop\COPRRA\tests\TestCase.php:25
C:\Users\Gaser\Desktop\COPRRA\tests\Feature\Services\LoginAttemptServiceTest.php:25</error>
        </testcase>
        <testcase name="test_handles_missing_timestamp_in_attempt" file="C:\Users\Gaser\Desktop\COPRRA\tests\Feature\Services\LoginAttemptServiceTest.php" line="471" class="Tests\Feature\Services\LoginAttemptServiceTest" classname="Tests.Feature.Services.LoginAttemptServiceTest" assertions="0" time="0.000000">
          <error type="Error">Tests\Feature\Services\LoginAttemptServiceTest::test_handles_missing_timestamp_in_attempt&#13;
Error: Class "Mockery" not found
&#13;
C:\Users\Gaser\Desktop\COPRRA\vendor\laravel\framework\src\Illuminate\Testing\PendingCommand.php:550
C:\Users\Gaser\Desktop\COPRRA\vendor\laravel\framework\src\Illuminate\Testing\PendingCommand.php:448
C:\Users\Gaser\Desktop\COPRRA\vendor\laravel\framework\src\Illuminate\Testing\PendingCommand.php:675
C:\Users\Gaser\Desktop\COPRRA\vendor\laravel\framework\src\Illuminate\Foundation\Testing\Concerns\InteractsWithConsole.php:87
C:\Users\Gaser\Desktop\COPRRA\vendor\laravel\framework\src\Illuminate\Foundation\Testing\RefreshDatabase.php:101
C:\Users\Gaser\Desktop\COPRRA\vendor\laravel\framework\src\Illuminate\Foundation\Testing\RefreshDatabase.php:84
C:\Users\Gaser\Desktop\COPRRA\vendor\laravel\framework\src\Illuminate\Foundation\Testing\RefreshDatabase.php:25
C:\Users\Gaser\Desktop\COPRRA\vendor\laravel\framework\src\Illuminate\Foundation\Testing\Concerns\InteractsWithTestCaseLifecycle.php:209
C:\Users\Gaser\Desktop\COPRRA\vendor\laravel\framework\src\Illuminate\Foundation\Testing\Concerns\InteractsWithTestCaseLifecycle.php:97
C:\Users\Gaser\Desktop\COPRRA\vendor\laravel\framework\src\Illuminate\Foundation\Testing\TestCase.php:44
C:\Users\Gaser\Desktop\COPRRA\tests\TestCase.php:25
C:\Users\Gaser\Desktop\COPRRA\tests\Feature\Services\LoginAttemptServiceTest.php:25</error>
        </testcase>
        <testcase name="test_handles_non_string_timestamp" file="C:\Users\Gaser\Desktop\COPRRA\tests\Feature\Services\LoginAttemptServiceTest.php" line="488" class="Tests\Feature\Services\LoginAttemptServiceTest" classname="Tests.Feature.Services.LoginAttemptServiceTest" assertions="0" time="0.000000">
          <error type="Error">Tests\Feature\Services\LoginAttemptServiceTest::test_handles_non_string_timestamp&#13;
Error: Class "Mockery" not found
&#13;
C:\Users\Gaser\Desktop\COPRRA\vendor\laravel\framework\src\Illuminate\Testing\PendingCommand.php:550
C:\Users\Gaser\Desktop\COPRRA\vendor\laravel\framework\src\Illuminate\Testing\PendingCommand.php:448
C:\Users\Gaser\Desktop\COPRRA\vendor\laravel\framework\src\Illuminate\Testing\PendingCommand.php:675
C:\Users\Gaser\Desktop\COPRRA\vendor\laravel\framework\src\Illuminate\Foundation\Testing\Concerns\InteractsWithConsole.php:87
C:\Users\Gaser\Desktop\COPRRA\vendor\laravel\framework\src\Illuminate\Foundation\Testing\RefreshDatabase.php:101
C:\Users\Gaser\Desktop\COPRRA\vendor\laravel\framework\src\Illuminate\Foundation\Testing\RefreshDatabase.php:84
C:\Users\Gaser\Desktop\COPRRA\vendor\laravel\framework\src\Illuminate\Foundation\Testing\RefreshDatabase.php:25
C:\Users\Gaser\Desktop\COPRRA\vendor\laravel\framework\src\Illuminate\Foundation\Testing\Concerns\InteractsWithTestCaseLifecycle.php:209
C:\Users\Gaser\Desktop\COPRRA\vendor\laravel\framework\src\Illuminate\Foundation\Testing\Concerns\InteractsWithTestCaseLifecycle.php:97
C:\Users\Gaser\Desktop\COPRRA\vendor\laravel\framework\src\Illuminate\Foundation\Testing\TestCase.php:44
C:\Users\Gaser\Desktop\COPRRA\tests\TestCase.php:25
C:\Users\Gaser\Desktop\COPRRA\tests\Feature\Services\LoginAttemptServiceTest.php:25</error>
        </testcase>
      </testsuite>
      <testsuite name="Tests\Feature\Services\NotificationServiceTest" file="C:\Users\Gaser\Desktop\COPRRA\tests\Feature\Services\NotificationServiceTest.php" tests="5" assertions="0" errors="5" failures="0" skipped="0" time="0.000000">
        <testcase name="test_sends_price_drop_notification_to_active_alerts" file="C:\Users\Gaser\Desktop\COPRRA\tests\Feature\Services\NotificationServiceTest.php" line="42" class="Tests\Feature\Services\NotificationServiceTest" classname="Tests.Feature.Services.NotificationServiceTest" assertions="0" time="0.000000">
          <error type="Error">Tests\Feature\Services\NotificationServiceTest::test_sends_price_drop_notification_to_active_alerts&#13;
Error: Class "Mockery" not found
&#13;
C:\Users\Gaser\Desktop\COPRRA\vendor\laravel\framework\src\Illuminate\Testing\PendingCommand.php:550
C:\Users\Gaser\Desktop\COPRRA\vendor\laravel\framework\src\Illuminate\Testing\PendingCommand.php:448
C:\Users\Gaser\Desktop\COPRRA\vendor\laravel\framework\src\Illuminate\Testing\PendingCommand.php:675
C:\Users\Gaser\Desktop\COPRRA\vendor\laravel\framework\src\Illuminate\Foundation\Testing\Concerns\InteractsWithConsole.php:87
C:\Users\Gaser\Desktop\COPRRA\vendor\laravel\framework\src\Illuminate\Foundation\Testing\RefreshDatabase.php:101
C:\Users\Gaser\Desktop\COPRRA\vendor\laravel\framework\src\Illuminate\Foundation\Testing\RefreshDatabase.php:84
C:\Users\Gaser\Desktop\COPRRA\vendor\laravel\framework\src\Illuminate\Foundation\Testing\RefreshDatabase.php:25
C:\Users\Gaser\Desktop\COPRRA\vendor\laravel\framework\src\Illuminate\Foundation\Testing\Concerns\InteractsWithTestCaseLifecycle.php:209
C:\Users\Gaser\Desktop\COPRRA\vendor\laravel\framework\src\Illuminate\Foundation\Testing\Concerns\InteractsWithTestCaseLifecycle.php:97
C:\Users\Gaser\Desktop\COPRRA\vendor\laravel\framework\src\Illuminate\Foundation\Testing\TestCase.php:44
C:\Users\Gaser\Desktop\COPRRA\tests\TestCase.php:25
C:\Users\Gaser\Desktop\COPRRA\tests\Feature\Services\NotificationServiceTest.php:28</error>
        </testcase>
        <testcase name="test_does_not_send_notification_when_no_active_alerts" file="C:\Users\Gaser\Desktop\COPRRA\tests\Feature\Services\NotificationServiceTest.php" line="75" class="Tests\Feature\Services\NotificationServiceTest" classname="Tests.Feature.Services.NotificationServiceTest" assertions="0" time="0.000000">
          <error type="Error">Tests\Feature\Services\NotificationServiceTest::test_does_not_send_notification_when_no_active_alerts&#13;
Error: Class "Mockery" not found
&#13;
C:\Users\Gaser\Desktop\COPRRA\vendor\laravel\framework\src\Illuminate\Testing\PendingCommand.php:550
C:\Users\Gaser\Desktop\COPRRA\vendor\laravel\framework\src\Illuminate\Testing\PendingCommand.php:448
C:\Users\Gaser\Desktop\COPRRA\vendor\laravel\framework\src\Illuminate\Testing\PendingCommand.php:675
C:\Users\Gaser\Desktop\COPRRA\vendor\laravel\framework\src\Illuminate\Foundation\Testing\Concerns\InteractsWithConsole.php:87
C:\Users\Gaser\Desktop\COPRRA\vendor\laravel\framework\src\Illuminate\Foundation\Testing\RefreshDatabase.php:101
C:\Users\Gaser\Desktop\COPRRA\vendor\laravel\framework\src\Illuminate\Foundation\Testing\RefreshDatabase.php:84
C:\Users\Gaser\Desktop\COPRRA\vendor\laravel\framework\src\Illuminate\Foundation\Testing\RefreshDatabase.php:25
C:\Users\Gaser\Desktop\COPRRA\vendor\laravel\framework\src\Illuminate\Foundation\Testing\Concerns\InteractsWithTestCaseLifecycle.php:209
C:\Users\Gaser\Desktop\COPRRA\vendor\laravel\framework\src\Illuminate\Foundation\Testing\Concerns\InteractsWithTestCaseLifecycle.php:97
C:\Users\Gaser\Desktop\COPRRA\vendor\laravel\framework\src\Illuminate\Foundation\Testing\TestCase.php:44
C:\Users\Gaser\Desktop\COPRRA\tests\TestCase.php:25
C:\Users\Gaser\Desktop\COPRRA\tests\Feature\Services\NotificationServiceTest.php:28</error>
        </testcase>
        <testcase name="test_skips_notification_for_user_without_email" file="C:\Users\Gaser\Desktop\COPRRA\tests\Feature\Services\NotificationServiceTest.php" line="91" class="Tests\Feature\Services\NotificationServiceTest" classname="Tests.Feature.Services.NotificationServiceTest" assertions="0" time="0.000000">
          <error type="Error">Tests\Feature\Services\NotificationServiceTest::test_skips_notification_for_user_without_email&#13;
Error: Class "Mockery" not found
&#13;
C:\Users\Gaser\Desktop\COPRRA\vendor\laravel\framework\src\Illuminate\Testing\PendingCommand.php:550
C:\Users\Gaser\Desktop\COPRRA\vendor\laravel\framework\src\Illuminate\Testing\PendingCommand.php:448
C:\Users\Gaser\Desktop\COPRRA\vendor\laravel\framework\src\Illuminate\Testing\PendingCommand.php:675
C:\Users\Gaser\Desktop\COPRRA\vendor\laravel\framework\src\Illuminate\Foundation\Testing\Concerns\InteractsWithConsole.php:87
C:\Users\Gaser\Desktop\COPRRA\vendor\laravel\framework\src\Illuminate\Foundation\Testing\RefreshDatabase.php:101
C:\Users\Gaser\Desktop\COPRRA\vendor\laravel\framework\src\Illuminate\Foundation\Testing\RefreshDatabase.php:84
C:\Users\Gaser\Desktop\COPRRA\vendor\laravel\framework\src\Illuminate\Foundation\Testing\RefreshDatabase.php:25
C:\Users\Gaser\Desktop\COPRRA\vendor\laravel\framework\src\Illuminate\Foundation\Testing\Concerns\InteractsWithTestCaseLifecycle.php:209
C:\Users\Gaser\Desktop\COPRRA\vendor\laravel\framework\src\Illuminate\Foundation\Testing\Concerns\InteractsWithTestCaseLifecycle.php:97
C:\Users\Gaser\Desktop\COPRRA\vendor\laravel\framework\src\Illuminate\Foundation\Testing\TestCase.php:44
C:\Users\Gaser\Desktop\COPRRA\tests\TestCase.php:25
C:\Users\Gaser\Desktop\COPRRA\tests\Feature\Services\NotificationServiceTest.php:28</error>
        </testcase>
        <testcase name="test_handles_exception_during_notification_sending" file="C:\Users\Gaser\Desktop\COPRRA\tests\Feature\Services\NotificationServiceTest.php" line="118" class="Tests\Feature\Services\NotificationServiceTest" classname="Tests.Feature.Services.NotificationServiceTest" assertions="0" time="0.000000">
          <error type="Error">Tests\Feature\Services\NotificationServiceTest::test_handles_exception_during_notification_sending&#13;
Error: Class "Mockery" not found
&#13;
C:\Users\Gaser\Desktop\COPRRA\vendor\laravel\framework\src\Illuminate\Testing\PendingCommand.php:550
C:\Users\Gaser\Desktop\COPRRA\vendor\laravel\framework\src\Illuminate\Testing\PendingCommand.php:448
C:\Users\Gaser\Desktop\COPRRA\vendor\laravel\framework\src\Illuminate\Testing\PendingCommand.php:675
C:\Users\Gaser\Desktop\COPRRA\vendor\laravel\framework\src\Illuminate\Foundation\Testing\Concerns\InteractsWithConsole.php:87
C:\Users\Gaser\Desktop\COPRRA\vendor\laravel\framework\src\Illuminate\Foundation\Testing\RefreshDatabase.php:101
C:\Users\Gaser\Desktop\COPRRA\vendor\laravel\framework\src\Illuminate\Foundation\Testing\RefreshDatabase.php:84
C:\Users\Gaser\Desktop\COPRRA\vendor\laravel\framework\src\Illuminate\Foundation\Testing\RefreshDatabase.php:25
C:\Users\Gaser\Desktop\COPRRA\vendor\laravel\framework\src\Illuminate\Foundation\Testing\Concerns\InteractsWithTestCaseLifecycle.php:209
C:\Users\Gaser\Desktop\COPRRA\vendor\laravel\framework\src\Illuminate\Foundation\Testing\Concerns\InteractsWithTestCaseLifecycle.php:97
C:\Users\Gaser\Desktop\COPRRA\vendor\laravel\framework\src\Illuminate\Foundation\Testing\TestCase.php:44
C:\Users\Gaser\Desktop\COPRRA\tests\TestCase.php:25
C:\Users\Gaser\Desktop\COPRRA\tests\Feature\Services\NotificationServiceTest.php:28</error>
        </testcase>
        <testcase name="test_logs_audit_trail_for_notification" file="C:\Users\Gaser\Desktop\COPRRA\tests\Feature\Services\NotificationServiceTest.php" line="142" class="Tests\Feature\Services\NotificationServiceTest" classname="Tests.Feature.Services.NotificationServiceTest" assertions="0" time="0.000000">
          <error type="Error">Tests\Feature\Services\NotificationServiceTest::test_logs_audit_trail_for_notification&#13;
Error: Class "Mockery" not found
&#13;
C:\Users\Gaser\Desktop\COPRRA\vendor\laravel\framework\src\Illuminate\Testing\PendingCommand.php:550
C:\Users\Gaser\Desktop\COPRRA\vendor\laravel\framework\src\Illuminate\Testing\PendingCommand.php:448
C:\Users\Gaser\Desktop\COPRRA\vendor\laravel\framework\src\Illuminate\Testing\PendingCommand.php:675
C:\Users\Gaser\Desktop\COPRRA\vendor\laravel\framework\src\Illuminate\Foundation\Testing\Concerns\InteractsWithConsole.php:87
C:\Users\Gaser\Desktop\COPRRA\vendor\laravel\framework\src\Illuminate\Foundation\Testing\RefreshDatabase.php:101
C:\Users\Gaser\Desktop\COPRRA\vendor\laravel\framework\src\Illuminate\Foundation\Testing\RefreshDatabase.php:84
C:\Users\Gaser\Desktop\COPRRA\vendor\laravel\framework\src\Illuminate\Foundation\Testing\RefreshDatabase.php:25
C:\Users\Gaser\Desktop\COPRRA\vendor\laravel\framework\src\Illuminate\Foundation\Testing\Concerns\InteractsWithTestCaseLifecycle.php:209
C:\Users\Gaser\Desktop\COPRRA\vendor\laravel\framework\src\Illuminate\Foundation\Testing\Concerns\InteractsWithTestCaseLifecycle.php:97
C:\Users\Gaser\Desktop\COPRRA\vendor\laravel\framework\src\Illuminate\Foundation\Testing\TestCase.php:44
C:\Users\Gaser\Desktop\COPRRA\tests\TestCase.php:25
C:\Users\Gaser\Desktop\COPRRA\tests\Feature\Services\NotificationServiceTest.php:28</error>
        </testcase>
      </testsuite>
      <testsuite name="Tests\Feature\Services\PasswordHistoryServiceTest" file="C:\Users\Gaser\Desktop\COPRRA\tests\Feature\Services\PasswordHistoryServiceTest.php" tests="7" assertions="0" errors="7" failures="0" skipped="0" time="0.000000">
        <testcase name="test_checks_password_not_in_history" file="C:\Users\Gaser\Desktop\COPRRA\tests\Feature\Services\PasswordHistoryServiceTest.php" line="33" class="Tests\Feature\Services\PasswordHistoryServiceTest" classname="Tests.Feature.Services.PasswordHistoryServiceTest" assertions="0" time="0.000000">
          <error type="Error">Tests\Feature\Services\PasswordHistoryServiceTest::test_checks_password_not_in_history&#13;
Error: Class "Mockery" not found
&#13;
C:\Users\Gaser\Desktop\COPRRA\vendor\laravel\framework\src\Illuminate\Testing\PendingCommand.php:550
C:\Users\Gaser\Desktop\COPRRA\vendor\laravel\framework\src\Illuminate\Testing\PendingCommand.php:448
C:\Users\Gaser\Desktop\COPRRA\vendor\laravel\framework\src\Illuminate\Testing\PendingCommand.php:675
C:\Users\Gaser\Desktop\COPRRA\vendor\laravel\framework\src\Illuminate\Foundation\Testing\Concerns\InteractsWithConsole.php:87
C:\Users\Gaser\Desktop\COPRRA\vendor\laravel\framework\src\Illuminate\Foundation\Testing\RefreshDatabase.php:101
C:\Users\Gaser\Desktop\COPRRA\vendor\laravel\framework\src\Illuminate\Foundation\Testing\RefreshDatabase.php:84
C:\Users\Gaser\Desktop\COPRRA\vendor\laravel\framework\src\Illuminate\Foundation\Testing\RefreshDatabase.php:25
C:\Users\Gaser\Desktop\COPRRA\vendor\laravel\framework\src\Illuminate\Foundation\Testing\Concerns\InteractsWithTestCaseLifecycle.php:209
C:\Users\Gaser\Desktop\COPRRA\vendor\laravel\framework\src\Illuminate\Foundation\Testing\Concerns\InteractsWithTestCaseLifecycle.php:97
C:\Users\Gaser\Desktop\COPRRA\vendor\laravel\framework\src\Illuminate\Foundation\Testing\TestCase.php:44
C:\Users\Gaser\Desktop\COPRRA\tests\TestCase.php:25
C:\Users\Gaser\Desktop\COPRRA\tests\Feature\Services\PasswordHistoryServiceTest.php:23</error>
        </testcase>
        <testcase name="test_checks_password_in_history" file="C:\Users\Gaser\Desktop\COPRRA\tests\Feature\Services\PasswordHistoryServiceTest.php" line="50" class="Tests\Feature\Services\PasswordHistoryServiceTest" classname="Tests.Feature.Services.PasswordHistoryServiceTest" assertions="0" time="0.000000">
          <error type="Error">Tests\Feature\Services\PasswordHistoryServiceTest::test_checks_password_in_history&#13;
Error: Class "Mockery" not found
&#13;
C:\Users\Gaser\Desktop\COPRRA\vendor\laravel\framework\src\Illuminate\Testing\PendingCommand.php:550
C:\Users\Gaser\Desktop\COPRRA\vendor\laravel\framework\src\Illuminate\Testing\PendingCommand.php:448
C:\Users\Gaser\Desktop\COPRRA\vendor\laravel\framework\src\Illuminate\Testing\PendingCommand.php:675
C:\Users\Gaser\Desktop\COPRRA\vendor\laravel\framework\src\Illuminate\Foundation\Testing\Concerns\InteractsWithConsole.php:87
C:\Users\Gaser\Desktop\COPRRA\vendor\laravel\framework\src\Illuminate\Foundation\Testing\RefreshDatabase.php:101
C:\Users\Gaser\Desktop\COPRRA\vendor\laravel\framework\src\Illuminate\Foundation\Testing\RefreshDatabase.php:84
C:\Users\Gaser\Desktop\COPRRA\vendor\laravel\framework\src\Illuminate\Foundation\Testing\RefreshDatabase.php:25
C:\Users\Gaser\Desktop\COPRRA\vendor\laravel\framework\src\Illuminate\Foundation\Testing\Concerns\InteractsWithTestCaseLifecycle.php:209
C:\Users\Gaser\Desktop\COPRRA\vendor\laravel\framework\src\Illuminate\Foundation\Testing\Concerns\InteractsWithTestCaseLifecycle.php:97
C:\Users\Gaser\Desktop\COPRRA\vendor\laravel\framework\src\Illuminate\Foundation\Testing\TestCase.php:44
C:\Users\Gaser\Desktop\COPRRA\tests\TestCase.php:25
C:\Users\Gaser\Desktop\COPRRA\tests\Feature\Services\PasswordHistoryServiceTest.php:23</error>
        </testcase>
        <testcase name="test_saves_password_to_history" file="C:\Users\Gaser\Desktop\COPRRA\tests\Feature\Services\PasswordHistoryServiceTest.php" line="68" class="Tests\Feature\Services\PasswordHistoryServiceTest" classname="Tests.Feature.Services.PasswordHistoryServiceTest" assertions="0" time="0.000000">
          <error type="Error">Tests\Feature\Services\PasswordHistoryServiceTest::test_saves_password_to_history&#13;
Error: Class "Mockery" not found
&#13;
C:\Users\Gaser\Desktop\COPRRA\vendor\laravel\framework\src\Illuminate\Testing\PendingCommand.php:550
C:\Users\Gaser\Desktop\COPRRA\vendor\laravel\framework\src\Illuminate\Testing\PendingCommand.php:448
C:\Users\Gaser\Desktop\COPRRA\vendor\laravel\framework\src\Illuminate\Testing\PendingCommand.php:675
C:\Users\Gaser\Desktop\COPRRA\vendor\laravel\framework\src\Illuminate\Foundation\Testing\Concerns\InteractsWithConsole.php:87
C:\Users\Gaser\Desktop\COPRRA\vendor\laravel\framework\src\Illuminate\Foundation\Testing\RefreshDatabase.php:101
C:\Users\Gaser\Desktop\COPRRA\vendor\laravel\framework\src\Illuminate\Foundation\Testing\RefreshDatabase.php:84
C:\Users\Gaser\Desktop\COPRRA\vendor\laravel\framework\src\Illuminate\Foundation\Testing\RefreshDatabase.php:25
C:\Users\Gaser\Desktop\COPRRA\vendor\laravel\framework\src\Illuminate\Foundation\Testing\Concerns\InteractsWithTestCaseLifecycle.php:209
C:\Users\Gaser\Desktop\COPRRA\vendor\laravel\framework\src\Illuminate\Foundation\Testing\Concerns\InteractsWithTestCaseLifecycle.php:97
C:\Users\Gaser\Desktop\COPRRA\vendor\laravel\framework\src\Illuminate\Foundation\Testing\TestCase.php:44
C:\Users\Gaser\Desktop\COPRRA\tests\TestCase.php:25
C:\Users\Gaser\Desktop\COPRRA\tests\Feature\Services\PasswordHistoryServiceTest.php:23</error>
        </testcase>
        <testcase name="test_clears_password_history" file="C:\Users\Gaser\Desktop\COPRRA\tests\Feature\Services\PasswordHistoryServiceTest.php" line="92" class="Tests\Feature\Services\PasswordHistoryServiceTest" classname="Tests.Feature.Services.PasswordHistoryServiceTest" assertions="0" time="0.000000">
          <error type="Error">Tests\Feature\Services\PasswordHistoryServiceTest::test_clears_password_history&#13;
Error: Class "Mockery" not found
&#13;
C:\Users\Gaser\Desktop\COPRRA\vendor\laravel\framework\src\Illuminate\Testing\PendingCommand.php:550
C:\Users\Gaser\Desktop\COPRRA\vendor\laravel\framework\src\Illuminate\Testing\PendingCommand.php:448
C:\Users\Gaser\Desktop\COPRRA\vendor\laravel\framework\src\Illuminate\Testing\PendingCommand.php:675
C:\Users\Gaser\Desktop\COPRRA\vendor\laravel\framework\src\Illuminate\Foundation\Testing\Concerns\InteractsWithConsole.php:87
C:\Users\Gaser\Desktop\COPRRA\vendor\laravel\framework\src\Illuminate\Foundation\Testing\RefreshDatabase.php:101
C:\Users\Gaser\Desktop\COPRRA\vendor\laravel\framework\src\Illuminate\Foundation\Testing\RefreshDatabase.php:84
C:\Users\Gaser\Desktop\COPRRA\vendor\laravel\framework\src\Illuminate\Foundation\Testing\RefreshDatabase.php:25
C:\Users\Gaser\Desktop\COPRRA\vendor\laravel\framework\src\Illuminate\Foundation\Testing\Concerns\InteractsWithTestCaseLifecycle.php:209
C:\Users\Gaser\Desktop\COPRRA\vendor\laravel\framework\src\Illuminate\Foundation\Testing\Concerns\InteractsWithTestCaseLifecycle.php:97
C:\Users\Gaser\Desktop\COPRRA\vendor\laravel\framework\src\Illuminate\Foundation\Testing\TestCase.php:44
C:\Users\Gaser\Desktop\COPRRA\tests\TestCase.php:25
C:\Users\Gaser\Desktop\COPRRA\tests\Feature\Services\PasswordHistoryServiceTest.php:23</error>
        </testcase>
        <testcase name="test_handles_password_history_check_exception" file="C:\Users\Gaser\Desktop\COPRRA\tests\Feature\Services\PasswordHistoryServiceTest.php" line="111" class="Tests\Feature\Services\PasswordHistoryServiceTest" classname="Tests.Feature.Services.PasswordHistoryServiceTest" assertions="0" time="0.000000">
          <error type="Error">Tests\Feature\Services\PasswordHistoryServiceTest::test_handles_password_history_check_exception&#13;
Error: Class "Mockery" not found
&#13;
C:\Users\Gaser\Desktop\COPRRA\vendor\laravel\framework\src\Illuminate\Testing\PendingCommand.php:550
C:\Users\Gaser\Desktop\COPRRA\vendor\laravel\framework\src\Illuminate\Testing\PendingCommand.php:448
C:\Users\Gaser\Desktop\COPRRA\vendor\laravel\framework\src\Illuminate\Testing\PendingCommand.php:675
C:\Users\Gaser\Desktop\COPRRA\vendor\laravel\framework\src\Illuminate\Foundation\Testing\Concerns\InteractsWithConsole.php:87
C:\Users\Gaser\Desktop\COPRRA\vendor\laravel\framework\src\Illuminate\Foundation\Testing\RefreshDatabase.php:101
C:\Users\Gaser\Desktop\COPRRA\vendor\laravel\framework\src\Illuminate\Foundation\Testing\RefreshDatabase.php:84
C:\Users\Gaser\Desktop\COPRRA\vendor\laravel\framework\src\Illuminate\Foundation\Testing\RefreshDatabase.php:25
C:\Users\Gaser\Desktop\COPRRA\vendor\laravel\framework\src\Illuminate\Foundation\Testing\Concerns\InteractsWithTestCaseLifecycle.php:209
C:\Users\Gaser\Desktop\COPRRA\vendor\laravel\framework\src\Illuminate\Foundation\Testing\Concerns\InteractsWithTestCaseLifecycle.php:97
C:\Users\Gaser\Desktop\COPRRA\vendor\laravel\framework\src\Illuminate\Foundation\Testing\TestCase.php:44
C:\Users\Gaser\Desktop\COPRRA\tests\TestCase.php:25
C:\Users\Gaser\Desktop\COPRRA\tests\Feature\Services\PasswordHistoryServiceTest.php:23</error>
        </testcase>
        <testcase name="test_handles_save_password_history_exception" file="C:\Users\Gaser\Desktop\COPRRA\tests\Feature\Services\PasswordHistoryServiceTest.php" line="130" class="Tests\Feature\Services\PasswordHistoryServiceTest" classname="Tests.Feature.Services.PasswordHistoryServiceTest" assertions="0" time="0.000000">
          <error type="Error">Tests\Feature\Services\PasswordHistoryServiceTest::test_handles_save_password_history_exception&#13;
Error: Class "Mockery" not found
&#13;
C:\Users\Gaser\Desktop\COPRRA\vendor\laravel\framework\src\Illuminate\Testing\PendingCommand.php:550
C:\Users\Gaser\Desktop\COPRRA\vendor\laravel\framework\src\Illuminate\Testing\PendingCommand.php:448
C:\Users\Gaser\Desktop\COPRRA\vendor\laravel\framework\src\Illuminate\Testing\PendingCommand.php:675
C:\Users\Gaser\Desktop\COPRRA\vendor\laravel\framework\src\Illuminate\Foundation\Testing\Concerns\InteractsWithConsole.php:87
C:\Users\Gaser\Desktop\COPRRA\vendor\laravel\framework\src\Illuminate\Foundation\Testing\RefreshDatabase.php:101
C:\Users\Gaser\Desktop\COPRRA\vendor\laravel\framework\src\Illuminate\Foundation\Testing\RefreshDatabase.php:84
C:\Users\Gaser\Desktop\COPRRA\vendor\laravel\framework\src\Illuminate\Foundation\Testing\RefreshDatabase.php:25
C:\Users\Gaser\Desktop\COPRRA\vendor\laravel\framework\src\Illuminate\Foundation\Testing\Concerns\InteractsWithTestCaseLifecycle.php:209
C:\Users\Gaser\Desktop\COPRRA\vendor\laravel\framework\src\Illuminate\Foundation\Testing\Concerns\InteractsWithTestCaseLifecycle.php:97
C:\Users\Gaser\Desktop\COPRRA\vendor\laravel\framework\src\Illuminate\Foundation\Testing\TestCase.php:44
C:\Users\Gaser\Desktop\COPRRA\tests\TestCase.php:25
C:\Users\Gaser\Desktop\COPRRA\tests\Feature\Services\PasswordHistoryServiceTest.php:23</error>
        </testcase>
        <testcase name="test_limits_password_history_count" file="C:\Users\Gaser\Desktop\COPRRA\tests\Feature\Services\PasswordHistoryServiceTest.php" line="149" class="Tests\Feature\Services\PasswordHistoryServiceTest" classname="Tests.Feature.Services.PasswordHistoryServiceTest" assertions="0" time="0.000000">
          <error type="Error">Tests\Feature\Services\PasswordHistoryServiceTest::test_limits_password_history_count&#13;
Error: Class "Mockery" not found
&#13;
C:\Users\Gaser\Desktop\COPRRA\vendor\laravel\framework\src\Illuminate\Testing\PendingCommand.php:550
C:\Users\Gaser\Desktop\COPRRA\vendor\laravel\framework\src\Illuminate\Testing\PendingCommand.php:448
C:\Users\Gaser\Desktop\COPRRA\vendor\laravel\framework\src\Illuminate\Testing\PendingCommand.php:675
C:\Users\Gaser\Desktop\COPRRA\vendor\laravel\framework\src\Illuminate\Foundation\Testing\Concerns\InteractsWithConsole.php:87
C:\Users\Gaser\Desktop\COPRRA\vendor\laravel\framework\src\Illuminate\Foundation\Testing\RefreshDatabase.php:101
C:\Users\Gaser\Desktop\COPRRA\vendor\laravel\framework\src\Illuminate\Foundation\Testing\RefreshDatabase.php:84
C:\Users\Gaser\Desktop\COPRRA\vendor\laravel\framework\src\Illuminate\Foundation\Testing\RefreshDatabase.php:25
C:\Users\Gaser\Desktop\COPRRA\vendor\laravel\framework\src\Illuminate\Foundation\Testing\Concerns\InteractsWithTestCaseLifecycle.php:209
C:\Users\Gaser\Desktop\COPRRA\vendor\laravel\framework\src\Illuminate\Foundation\Testing\Concerns\InteractsWithTestCaseLifecycle.php:97
C:\Users\Gaser\Desktop\COPRRA\vendor\laravel\framework\src\Illuminate\Foundation\Testing\TestCase.php:44
C:\Users\Gaser\Desktop\COPRRA\tests\TestCase.php:25
C:\Users\Gaser\Desktop\COPRRA\tests\Feature\Services\PasswordHistoryServiceTest.php:23</error>
        </testcase>
      </testsuite>
      <testsuite name="Tests\Feature\Services\PasswordPolicyServiceTest" file="C:\Users\Gaser\Desktop\COPRRA\tests\Feature\Services\PasswordPolicyServiceTest.php" tests="31" assertions="0" errors="31" failures="0" skipped="0" time="0.000000">
        <testcase name="test_validates_strong_password" file="C:\Users\Gaser\Desktop\COPRRA\tests\Feature\Services\PasswordPolicyServiceTest.php" line="32" class="Tests\Feature\Services\PasswordPolicyServiceTest" classname="Tests.Feature.Services.PasswordPolicyServiceTest" assertions="0" time="0.000000">
          <error type="Error">Tests\Feature\Services\PasswordPolicyServiceTest::test_validates_strong_password&#13;
Error: Class "Mockery" not found
&#13;
C:\Users\Gaser\Desktop\COPRRA\vendor\laravel\framework\src\Illuminate\Testing\PendingCommand.php:550
C:\Users\Gaser\Desktop\COPRRA\vendor\laravel\framework\src\Illuminate\Testing\PendingCommand.php:448
C:\Users\Gaser\Desktop\COPRRA\vendor\laravel\framework\src\Illuminate\Testing\PendingCommand.php:675
C:\Users\Gaser\Desktop\COPRRA\vendor\laravel\framework\src\Illuminate\Foundation\Testing\Concerns\InteractsWithConsole.php:87
C:\Users\Gaser\Desktop\COPRRA\vendor\laravel\framework\src\Illuminate\Foundation\Testing\RefreshDatabase.php:101
C:\Users\Gaser\Desktop\COPRRA\vendor\laravel\framework\src\Illuminate\Foundation\Testing\RefreshDatabase.php:84
C:\Users\Gaser\Desktop\COPRRA\vendor\laravel\framework\src\Illuminate\Foundation\Testing\RefreshDatabase.php:25
C:\Users\Gaser\Desktop\COPRRA\vendor\laravel\framework\src\Illuminate\Foundation\Testing\Concerns\InteractsWithTestCaseLifecycle.php:209
C:\Users\Gaser\Desktop\COPRRA\vendor\laravel\framework\src\Illuminate\Foundation\Testing\Concerns\InteractsWithTestCaseLifecycle.php:97
C:\Users\Gaser\Desktop\COPRRA\vendor\laravel\framework\src\Illuminate\Foundation\Testing\TestCase.php:44
C:\Users\Gaser\Desktop\COPRRA\tests\TestCase.php:25
C:\Users\Gaser\Desktop\COPRRA\tests\Feature\Services\PasswordPolicyServiceTest.php:22</error>
        </testcase>
        <testcase name="test_validates_weak_password" file="C:\Users\Gaser\Desktop\COPRRA\tests\Feature\Services\PasswordPolicyServiceTest.php" line="46" class="Tests\Feature\Services\PasswordPolicyServiceTest" classname="Tests.Feature.Services.PasswordPolicyServiceTest" assertions="0" time="0.000000">
          <error type="Error">Tests\Feature\Services\PasswordPolicyServiceTest::test_validates_weak_password&#13;
Error: Class "Mockery" not found
&#13;
C:\Users\Gaser\Desktop\COPRRA\vendor\laravel\framework\src\Illuminate\Testing\PendingCommand.php:550
C:\Users\Gaser\Desktop\COPRRA\vendor\laravel\framework\src\Illuminate\Testing\PendingCommand.php:448
C:\Users\Gaser\Desktop\COPRRA\vendor\laravel\framework\src\Illuminate\Testing\PendingCommand.php:675
C:\Users\Gaser\Desktop\COPRRA\vendor\laravel\framework\src\Illuminate\Foundation\Testing\Concerns\InteractsWithConsole.php:87
C:\Users\Gaser\Desktop\COPRRA\vendor\laravel\framework\src\Illuminate\Foundation\Testing\RefreshDatabase.php:101
C:\Users\Gaser\Desktop\COPRRA\vendor\laravel\framework\src\Illuminate\Foundation\Testing\RefreshDatabase.php:84
C:\Users\Gaser\Desktop\COPRRA\vendor\laravel\framework\src\Illuminate\Foundation\Testing\RefreshDatabase.php:25
C:\Users\Gaser\Desktop\COPRRA\vendor\laravel\framework\src\Illuminate\Foundation\Testing\Concerns\InteractsWithTestCaseLifecycle.php:209
C:\Users\Gaser\Desktop\COPRRA\vendor\laravel\framework\src\Illuminate\Foundation\Testing\Concerns\InteractsWithTestCaseLifecycle.php:97
C:\Users\Gaser\Desktop\COPRRA\vendor\laravel\framework\src\Illuminate\Foundation\Testing\TestCase.php:44
C:\Users\Gaser\Desktop\COPRRA\tests\TestCase.php:25
C:\Users\Gaser\Desktop\COPRRA\tests\Feature\Services\PasswordPolicyServiceTest.php:22</error>
        </testcase>
        <testcase name="test_validates_password_without_uppercase" file="C:\Users\Gaser\Desktop\COPRRA\tests\Feature\Services\PasswordPolicyServiceTest.php" line="60" class="Tests\Feature\Services\PasswordPolicyServiceTest" classname="Tests.Feature.Services.PasswordPolicyServiceTest" assertions="0" time="0.000000">
          <error type="Error">Tests\Feature\Services\PasswordPolicyServiceTest::test_validates_password_without_uppercase&#13;
Error: Class "Mockery" not found
&#13;
C:\Users\Gaser\Desktop\COPRRA\vendor\laravel\framework\src\Illuminate\Testing\PendingCommand.php:550
C:\Users\Gaser\Desktop\COPRRA\vendor\laravel\framework\src\Illuminate\Testing\PendingCommand.php:448
C:\Users\Gaser\Desktop\COPRRA\vendor\laravel\framework\src\Illuminate\Testing\PendingCommand.php:675
C:\Users\Gaser\Desktop\COPRRA\vendor\laravel\framework\src\Illuminate\Foundation\Testing\Concerns\InteractsWithConsole.php:87
C:\Users\Gaser\Desktop\COPRRA\vendor\laravel\framework\src\Illuminate\Foundation\Testing\RefreshDatabase.php:101
C:\Users\Gaser\Desktop\COPRRA\vendor\laravel\framework\src\Illuminate\Foundation\Testing\RefreshDatabase.php:84
C:\Users\Gaser\Desktop\COPRRA\vendor\laravel\framework\src\Illuminate\Foundation\Testing\RefreshDatabase.php:25
C:\Users\Gaser\Desktop\COPRRA\vendor\laravel\framework\src\Illuminate\Foundation\Testing\Concerns\InteractsWithTestCaseLifecycle.php:209
C:\Users\Gaser\Desktop\COPRRA\vendor\laravel\framework\src\Illuminate\Foundation\Testing\Concerns\InteractsWithTestCaseLifecycle.php:97
C:\Users\Gaser\Desktop\COPRRA\vendor\laravel\framework\src\Illuminate\Foundation\Testing\TestCase.php:44
C:\Users\Gaser\Desktop\COPRRA\tests\TestCase.php:25
C:\Users\Gaser\Desktop\COPRRA\tests\Feature\Services\PasswordPolicyServiceTest.php:22</error>
        </testcase>
        <testcase name="test_validates_password_without_lowercase" file="C:\Users\Gaser\Desktop\COPRRA\tests\Feature\Services\PasswordPolicyServiceTest.php" line="73" class="Tests\Feature\Services\PasswordPolicyServiceTest" classname="Tests.Feature.Services.PasswordPolicyServiceTest" assertions="0" time="0.000000">
          <error type="Error">Tests\Feature\Services\PasswordPolicyServiceTest::test_validates_password_without_lowercase&#13;
Error: Class "Mockery" not found
&#13;
C:\Users\Gaser\Desktop\COPRRA\vendor\laravel\framework\src\Illuminate\Testing\PendingCommand.php:550
C:\Users\Gaser\Desktop\COPRRA\vendor\laravel\framework\src\Illuminate\Testing\PendingCommand.php:448
C:\Users\Gaser\Desktop\COPRRA\vendor\laravel\framework\src\Illuminate\Testing\PendingCommand.php:675
C:\Users\Gaser\Desktop\COPRRA\vendor\laravel\framework\src\Illuminate\Foundation\Testing\Concerns\InteractsWithConsole.php:87
C:\Users\Gaser\Desktop\COPRRA\vendor\laravel\framework\src\Illuminate\Foundation\Testing\RefreshDatabase.php:101
C:\Users\Gaser\Desktop\COPRRA\vendor\laravel\framework\src\Illuminate\Foundation\Testing\RefreshDatabase.php:84
C:\Users\Gaser\Desktop\COPRRA\vendor\laravel\framework\src\Illuminate\Foundation\Testing\RefreshDatabase.php:25
C:\Users\Gaser\Desktop\COPRRA\vendor\laravel\framework\src\Illuminate\Foundation\Testing\Concerns\InteractsWithTestCaseLifecycle.php:209
C:\Users\Gaser\Desktop\COPRRA\vendor\laravel\framework\src\Illuminate\Foundation\Testing\Concerns\InteractsWithTestCaseLifecycle.php:97
C:\Users\Gaser\Desktop\COPRRA\vendor\laravel\framework\src\Illuminate\Foundation\Testing\TestCase.php:44
C:\Users\Gaser\Desktop\COPRRA\tests\TestCase.php:25
C:\Users\Gaser\Desktop\COPRRA\tests\Feature\Services\PasswordPolicyServiceTest.php:22</error>
        </testcase>
        <testcase name="test_validates_password_without_numbers" file="C:\Users\Gaser\Desktop\COPRRA\tests\Feature\Services\PasswordPolicyServiceTest.php" line="86" class="Tests\Feature\Services\PasswordPolicyServiceTest" classname="Tests.Feature.Services.PasswordPolicyServiceTest" assertions="0" time="0.000000">
          <error type="Error">Tests\Feature\Services\PasswordPolicyServiceTest::test_validates_password_without_numbers&#13;
Error: Class "Mockery" not found
&#13;
C:\Users\Gaser\Desktop\COPRRA\vendor\laravel\framework\src\Illuminate\Testing\PendingCommand.php:550
C:\Users\Gaser\Desktop\COPRRA\vendor\laravel\framework\src\Illuminate\Testing\PendingCommand.php:448
C:\Users\Gaser\Desktop\COPRRA\vendor\laravel\framework\src\Illuminate\Testing\PendingCommand.php:675
C:\Users\Gaser\Desktop\COPRRA\vendor\laravel\framework\src\Illuminate\Foundation\Testing\Concerns\InteractsWithConsole.php:87
C:\Users\Gaser\Desktop\COPRRA\vendor\laravel\framework\src\Illuminate\Foundation\Testing\RefreshDatabase.php:101
C:\Users\Gaser\Desktop\COPRRA\vendor\laravel\framework\src\Illuminate\Foundation\Testing\RefreshDatabase.php:84
C:\Users\Gaser\Desktop\COPRRA\vendor\laravel\framework\src\Illuminate\Foundation\Testing\RefreshDatabase.php:25
C:\Users\Gaser\Desktop\COPRRA\vendor\laravel\framework\src\Illuminate\Foundation\Testing\Concerns\InteractsWithTestCaseLifecycle.php:209
C:\Users\Gaser\Desktop\COPRRA\vendor\laravel\framework\src\Illuminate\Foundation\Testing\Concerns\InteractsWithTestCaseLifecycle.php:97
C:\Users\Gaser\Desktop\COPRRA\vendor\laravel\framework\src\Illuminate\Foundation\Testing\TestCase.php:44
C:\Users\Gaser\Desktop\COPRRA\tests\TestCase.php:25
C:\Users\Gaser\Desktop\COPRRA\tests\Feature\Services\PasswordPolicyServiceTest.php:22</error>
        </testcase>
        <testcase name="test_validates_password_without_symbols" file="C:\Users\Gaser\Desktop\COPRRA\tests\Feature\Services\PasswordPolicyServiceTest.php" line="99" class="Tests\Feature\Services\PasswordPolicyServiceTest" classname="Tests.Feature.Services.PasswordPolicyServiceTest" assertions="0" time="0.000000">
          <error type="Error">Tests\Feature\Services\PasswordPolicyServiceTest::test_validates_password_without_symbols&#13;
Error: Class "Mockery" not found
&#13;
C:\Users\Gaser\Desktop\COPRRA\vendor\laravel\framework\src\Illuminate\Testing\PendingCommand.php:550
C:\Users\Gaser\Desktop\COPRRA\vendor\laravel\framework\src\Illuminate\Testing\PendingCommand.php:448
C:\Users\Gaser\Desktop\COPRRA\vendor\laravel\framework\src\Illuminate\Testing\PendingCommand.php:675
C:\Users\Gaser\Desktop\COPRRA\vendor\laravel\framework\src\Illuminate\Foundation\Testing\Concerns\InteractsWithConsole.php:87
C:\Users\Gaser\Desktop\COPRRA\vendor\laravel\framework\src\Illuminate\Foundation\Testing\RefreshDatabase.php:101
C:\Users\Gaser\Desktop\COPRRA\vendor\laravel\framework\src\Illuminate\Foundation\Testing\RefreshDatabase.php:84
C:\Users\Gaser\Desktop\COPRRA\vendor\laravel\framework\src\Illuminate\Foundation\Testing\RefreshDatabase.php:25
C:\Users\Gaser\Desktop\COPRRA\vendor\laravel\framework\src\Illuminate\Foundation\Testing\Concerns\InteractsWithTestCaseLifecycle.php:209
C:\Users\Gaser\Desktop\COPRRA\vendor\laravel\framework\src\Illuminate\Foundation\Testing\Concerns\InteractsWithTestCaseLifecycle.php:97
C:\Users\Gaser\Desktop\COPRRA\vendor\laravel\framework\src\Illuminate\Foundation\Testing\TestCase.php:44
C:\Users\Gaser\Desktop\COPRRA\tests\TestCase.php:25
C:\Users\Gaser\Desktop\COPRRA\tests\Feature\Services\PasswordPolicyServiceTest.php:22</error>
        </testcase>
        <testcase name="test_validates_forbidden_password" file="C:\Users\Gaser\Desktop\COPRRA\tests\Feature\Services\PasswordPolicyServiceTest.php" line="112" class="Tests\Feature\Services\PasswordPolicyServiceTest" classname="Tests.Feature.Services.PasswordPolicyServiceTest" assertions="0" time="0.000000">
          <error type="Error">Tests\Feature\Services\PasswordPolicyServiceTest::test_validates_forbidden_password&#13;
Error: Class "Mockery" not found
&#13;
C:\Users\Gaser\Desktop\COPRRA\vendor\laravel\framework\src\Illuminate\Testing\PendingCommand.php:550
C:\Users\Gaser\Desktop\COPRRA\vendor\laravel\framework\src\Illuminate\Testing\PendingCommand.php:448
C:\Users\Gaser\Desktop\COPRRA\vendor\laravel\framework\src\Illuminate\Testing\PendingCommand.php:675
C:\Users\Gaser\Desktop\COPRRA\vendor\laravel\framework\src\Illuminate\Foundation\Testing\Concerns\InteractsWithConsole.php:87
C:\Users\Gaser\Desktop\COPRRA\vendor\laravel\framework\src\Illuminate\Foundation\Testing\RefreshDatabase.php:101
C:\Users\Gaser\Desktop\COPRRA\vendor\laravel\framework\src\Illuminate\Foundation\Testing\RefreshDatabase.php:84
C:\Users\Gaser\Desktop\COPRRA\vendor\laravel\framework\src\Illuminate\Foundation\Testing\RefreshDatabase.php:25
C:\Users\Gaser\Desktop\COPRRA\vendor\laravel\framework\src\Illuminate\Foundation\Testing\Concerns\InteractsWithTestCaseLifecycle.php:209
C:\Users\Gaser\Desktop\COPRRA\vendor\laravel\framework\src\Illuminate\Foundation\Testing\Concerns\InteractsWithTestCaseLifecycle.php:97
C:\Users\Gaser\Desktop\COPRRA\vendor\laravel\framework\src\Illuminate\Foundation\Testing\TestCase.php:44
C:\Users\Gaser\Desktop\COPRRA\tests\TestCase.php:25
C:\Users\Gaser\Desktop\COPRRA\tests\Feature\Services\PasswordPolicyServiceTest.php:22</error>
        </testcase>
        <testcase name="test_validates_password_with_repeated_characters" file="C:\Users\Gaser\Desktop\COPRRA\tests\Feature\Services\PasswordPolicyServiceTest.php" line="125" class="Tests\Feature\Services\PasswordPolicyServiceTest" classname="Tests.Feature.Services.PasswordPolicyServiceTest" assertions="0" time="0.000000">
          <error type="Error">Tests\Feature\Services\PasswordPolicyServiceTest::test_validates_password_with_repeated_characters&#13;
Error: Class "Mockery" not found
&#13;
C:\Users\Gaser\Desktop\COPRRA\vendor\laravel\framework\src\Illuminate\Testing\PendingCommand.php:550
C:\Users\Gaser\Desktop\COPRRA\vendor\laravel\framework\src\Illuminate\Testing\PendingCommand.php:448
C:\Users\Gaser\Desktop\COPRRA\vendor\laravel\framework\src\Illuminate\Testing\PendingCommand.php:675
C:\Users\Gaser\Desktop\COPRRA\vendor\laravel\framework\src\Illuminate\Foundation\Testing\Concerns\InteractsWithConsole.php:87
C:\Users\Gaser\Desktop\COPRRA\vendor\laravel\framework\src\Illuminate\Foundation\Testing\RefreshDatabase.php:101
C:\Users\Gaser\Desktop\COPRRA\vendor\laravel\framework\src\Illuminate\Foundation\Testing\RefreshDatabase.php:84
C:\Users\Gaser\Desktop\COPRRA\vendor\laravel\framework\src\Illuminate\Foundation\Testing\RefreshDatabase.php:25
C:\Users\Gaser\Desktop\COPRRA\vendor\laravel\framework\src\Illuminate\Foundation\Testing\Concerns\InteractsWithTestCaseLifecycle.php:209
C:\Users\Gaser\Desktop\COPRRA\vendor\laravel\framework\src\Illuminate\Foundation\Testing\Concerns\InteractsWithTestCaseLifecycle.php:97
C:\Users\Gaser\Desktop\COPRRA\vendor\laravel\framework\src\Illuminate\Foundation\Testing\TestCase.php:44
C:\Users\Gaser\Desktop\COPRRA\tests\TestCase.php:25
C:\Users\Gaser\Desktop\COPRRA\tests\Feature\Services\PasswordPolicyServiceTest.php:22</error>
        </testcase>
        <testcase name="test_validates_password_with_keyboard_patterns" file="C:\Users\Gaser\Desktop\COPRRA\tests\Feature\Services\PasswordPolicyServiceTest.php" line="138" class="Tests\Feature\Services\PasswordPolicyServiceTest" classname="Tests.Feature.Services.PasswordPolicyServiceTest" assertions="0" time="0.000000">
          <error type="Error">Tests\Feature\Services\PasswordPolicyServiceTest::test_validates_password_with_keyboard_patterns&#13;
Error: Class "Mockery" not found
&#13;
C:\Users\Gaser\Desktop\COPRRA\vendor\laravel\framework\src\Illuminate\Testing\PendingCommand.php:550
C:\Users\Gaser\Desktop\COPRRA\vendor\laravel\framework\src\Illuminate\Testing\PendingCommand.php:448
C:\Users\Gaser\Desktop\COPRRA\vendor\laravel\framework\src\Illuminate\Testing\PendingCommand.php:675
C:\Users\Gaser\Desktop\COPRRA\vendor\laravel\framework\src\Illuminate\Foundation\Testing\Concerns\InteractsWithConsole.php:87
C:\Users\Gaser\Desktop\COPRRA\vendor\laravel\framework\src\Illuminate\Foundation\Testing\RefreshDatabase.php:101
C:\Users\Gaser\Desktop\COPRRA\vendor\laravel\framework\src\Illuminate\Foundation\Testing\RefreshDatabase.php:84
C:\Users\Gaser\Desktop\COPRRA\vendor\laravel\framework\src\Illuminate\Foundation\Testing\RefreshDatabase.php:25
C:\Users\Gaser\Desktop\COPRRA\vendor\laravel\framework\src\Illuminate\Foundation\Testing\Concerns\InteractsWithTestCaseLifecycle.php:209
C:\Users\Gaser\Desktop\COPRRA\vendor\laravel\framework\src\Illuminate\Foundation\Testing\Concerns\InteractsWithTestCaseLifecycle.php:97
C:\Users\Gaser\Desktop\COPRRA\vendor\laravel\framework\src\Illuminate\Foundation\Testing\TestCase.php:44
C:\Users\Gaser\Desktop\COPRRA\tests\TestCase.php:25
C:\Users\Gaser\Desktop\COPRRA\tests\Feature\Services\PasswordPolicyServiceTest.php:22</error>
        </testcase>
        <testcase name="test_validates_password_with_common_substitutions" file="C:\Users\Gaser\Desktop\COPRRA\tests\Feature\Services\PasswordPolicyServiceTest.php" line="151" class="Tests\Feature\Services\PasswordPolicyServiceTest" classname="Tests.Feature.Services.PasswordPolicyServiceTest" assertions="0" time="0.000000">
          <error type="Error">Tests\Feature\Services\PasswordPolicyServiceTest::test_validates_password_with_common_substitutions&#13;
Error: Class "Mockery" not found
&#13;
C:\Users\Gaser\Desktop\COPRRA\vendor\laravel\framework\src\Illuminate\Testing\PendingCommand.php:550
C:\Users\Gaser\Desktop\COPRRA\vendor\laravel\framework\src\Illuminate\Testing\PendingCommand.php:448
C:\Users\Gaser\Desktop\COPRRA\vendor\laravel\framework\src\Illuminate\Testing\PendingCommand.php:675
C:\Users\Gaser\Desktop\COPRRA\vendor\laravel\framework\src\Illuminate\Foundation\Testing\Concerns\InteractsWithConsole.php:87
C:\Users\Gaser\Desktop\COPRRA\vendor\laravel\framework\src\Illuminate\Foundation\Testing\RefreshDatabase.php:101
C:\Users\Gaser\Desktop\COPRRA\vendor\laravel\framework\src\Illuminate\Foundation\Testing\RefreshDatabase.php:84
C:\Users\Gaser\Desktop\COPRRA\vendor\laravel\framework\src\Illuminate\Foundation\Testing\RefreshDatabase.php:25
C:\Users\Gaser\Desktop\COPRRA\vendor\laravel\framework\src\Illuminate\Foundation\Testing\Concerns\InteractsWithTestCaseLifecycle.php:209
C:\Users\Gaser\Desktop\COPRRA\vendor\laravel\framework\src\Illuminate\Foundation\Testing\Concerns\InteractsWithTestCaseLifecycle.php:97
C:\Users\Gaser\Desktop\COPRRA\vendor\laravel\framework\src\Illuminate\Foundation\Testing\TestCase.php:44
C:\Users\Gaser\Desktop\COPRRA\tests\TestCase.php:25
C:\Users\Gaser\Desktop\COPRRA\tests\Feature\Services\PasswordPolicyServiceTest.php:22</error>
        </testcase>
        <testcase name="test_calculates_password_strength_weak" file="C:\Users\Gaser\Desktop\COPRRA\tests\Feature\Services\PasswordPolicyServiceTest.php" line="164" class="Tests\Feature\Services\PasswordPolicyServiceTest" classname="Tests.Feature.Services.PasswordPolicyServiceTest" assertions="0" time="0.000000">
          <error type="Error">Tests\Feature\Services\PasswordPolicyServiceTest::test_calculates_password_strength_weak&#13;
Error: Class "Mockery" not found
&#13;
C:\Users\Gaser\Desktop\COPRRA\vendor\laravel\framework\src\Illuminate\Testing\PendingCommand.php:550
C:\Users\Gaser\Desktop\COPRRA\vendor\laravel\framework\src\Illuminate\Testing\PendingCommand.php:448
C:\Users\Gaser\Desktop\COPRRA\vendor\laravel\framework\src\Illuminate\Testing\PendingCommand.php:675
C:\Users\Gaser\Desktop\COPRRA\vendor\laravel\framework\src\Illuminate\Foundation\Testing\Concerns\InteractsWithConsole.php:87
C:\Users\Gaser\Desktop\COPRRA\vendor\laravel\framework\src\Illuminate\Foundation\Testing\RefreshDatabase.php:101
C:\Users\Gaser\Desktop\COPRRA\vendor\laravel\framework\src\Illuminate\Foundation\Testing\RefreshDatabase.php:84
C:\Users\Gaser\Desktop\COPRRA\vendor\laravel\framework\src\Illuminate\Foundation\Testing\RefreshDatabase.php:25
C:\Users\Gaser\Desktop\COPRRA\vendor\laravel\framework\src\Illuminate\Foundation\Testing\Concerns\InteractsWithTestCaseLifecycle.php:209
C:\Users\Gaser\Desktop\COPRRA\vendor\laravel\framework\src\Illuminate\Foundation\Testing\Concerns\InteractsWithTestCaseLifecycle.php:97
C:\Users\Gaser\Desktop\COPRRA\vendor\laravel\framework\src\Illuminate\Foundation\Testing\TestCase.php:44
C:\Users\Gaser\Desktop\COPRRA\tests\TestCase.php:25
C:\Users\Gaser\Desktop\COPRRA\tests\Feature\Services\PasswordPolicyServiceTest.php:22</error>
        </testcase>
        <testcase name="test_calculates_password_strength_medium" file="C:\Users\Gaser\Desktop\COPRRA\tests\Feature\Services\PasswordPolicyServiceTest.php" line="176" class="Tests\Feature\Services\PasswordPolicyServiceTest" classname="Tests.Feature.Services.PasswordPolicyServiceTest" assertions="0" time="0.000000">
          <error type="Error">Tests\Feature\Services\PasswordPolicyServiceTest::test_calculates_password_strength_medium&#13;
Error: Class "Mockery" not found
&#13;
C:\Users\Gaser\Desktop\COPRRA\vendor\laravel\framework\src\Illuminate\Testing\PendingCommand.php:550
C:\Users\Gaser\Desktop\COPRRA\vendor\laravel\framework\src\Illuminate\Testing\PendingCommand.php:448
C:\Users\Gaser\Desktop\COPRRA\vendor\laravel\framework\src\Illuminate\Testing\PendingCommand.php:675
C:\Users\Gaser\Desktop\COPRRA\vendor\laravel\framework\src\Illuminate\Foundation\Testing\Concerns\InteractsWithConsole.php:87
C:\Users\Gaser\Desktop\COPRRA\vendor\laravel\framework\src\Illuminate\Foundation\Testing\RefreshDatabase.php:101
C:\Users\Gaser\Desktop\COPRRA\vendor\laravel\framework\src\Illuminate\Foundation\Testing\RefreshDatabase.php:84
C:\Users\Gaser\Desktop\COPRRA\vendor\laravel\framework\src\Illuminate\Foundation\Testing\RefreshDatabase.php:25
C:\Users\Gaser\Desktop\COPRRA\vendor\laravel\framework\src\Illuminate\Foundation\Testing\Concerns\InteractsWithTestCaseLifecycle.php:209
C:\Users\Gaser\Desktop\COPRRA\vendor\laravel\framework\src\Illuminate\Foundation\Testing\Concerns\InteractsWithTestCaseLifecycle.php:97
C:\Users\Gaser\Desktop\COPRRA\vendor\laravel\framework\src\Illuminate\Foundation\Testing\TestCase.php:44
C:\Users\Gaser\Desktop\COPRRA\tests\TestCase.php:25
C:\Users\Gaser\Desktop\COPRRA\tests\Feature\Services\PasswordPolicyServiceTest.php:22</error>
        </testcase>
        <testcase name="test_calculates_password_strength_strong" file="C:\Users\Gaser\Desktop\COPRRA\tests\Feature\Services\PasswordPolicyServiceTest.php" line="188" class="Tests\Feature\Services\PasswordPolicyServiceTest" classname="Tests.Feature.Services.PasswordPolicyServiceTest" assertions="0" time="0.000000">
          <error type="Error">Tests\Feature\Services\PasswordPolicyServiceTest::test_calculates_password_strength_strong&#13;
Error: Class "Mockery" not found
&#13;
C:\Users\Gaser\Desktop\COPRRA\vendor\laravel\framework\src\Illuminate\Testing\PendingCommand.php:550
C:\Users\Gaser\Desktop\COPRRA\vendor\laravel\framework\src\Illuminate\Testing\PendingCommand.php:448
C:\Users\Gaser\Desktop\COPRRA\vendor\laravel\framework\src\Illuminate\Testing\PendingCommand.php:675
C:\Users\Gaser\Desktop\COPRRA\vendor\laravel\framework\src\Illuminate\Foundation\Testing\Concerns\InteractsWithConsole.php:87
C:\Users\Gaser\Desktop\COPRRA\vendor\laravel\framework\src\Illuminate\Foundation\Testing\RefreshDatabase.php:101
C:\Users\Gaser\Desktop\COPRRA\vendor\laravel\framework\src\Illuminate\Foundation\Testing\RefreshDatabase.php:84
C:\Users\Gaser\Desktop\COPRRA\vendor\laravel\framework\src\Illuminate\Foundation\Testing\RefreshDatabase.php:25
C:\Users\Gaser\Desktop\COPRRA\vendor\laravel\framework\src\Illuminate\Foundation\Testing\Concerns\InteractsWithTestCaseLifecycle.php:209
C:\Users\Gaser\Desktop\COPRRA\vendor\laravel\framework\src\Illuminate\Foundation\Testing\Concerns\InteractsWithTestCaseLifecycle.php:97
C:\Users\Gaser\Desktop\COPRRA\vendor\laravel\framework\src\Illuminate\Foundation\Testing\TestCase.php:44
C:\Users\Gaser\Desktop\COPRRA\tests\TestCase.php:25
C:\Users\Gaser\Desktop\COPRRA\tests\Feature\Services\PasswordPolicyServiceTest.php:22</error>
        </testcase>
        <testcase name="test_calculates_password_strength_very_strong" file="C:\Users\Gaser\Desktop\COPRRA\tests\Feature\Services\PasswordPolicyServiceTest.php" line="200" class="Tests\Feature\Services\PasswordPolicyServiceTest" classname="Tests.Feature.Services.PasswordPolicyServiceTest" assertions="0" time="0.000000">
          <error type="Error">Tests\Feature\Services\PasswordPolicyServiceTest::test_calculates_password_strength_very_strong&#13;
Error: Class "Mockery" not found
&#13;
C:\Users\Gaser\Desktop\COPRRA\vendor\laravel\framework\src\Illuminate\Testing\PendingCommand.php:550
C:\Users\Gaser\Desktop\COPRRA\vendor\laravel\framework\src\Illuminate\Testing\PendingCommand.php:448
C:\Users\Gaser\Desktop\COPRRA\vendor\laravel\framework\src\Illuminate\Testing\PendingCommand.php:675
C:\Users\Gaser\Desktop\COPRRA\vendor\laravel\framework\src\Illuminate\Foundation\Testing\Concerns\InteractsWithConsole.php:87
C:\Users\Gaser\Desktop\COPRRA\vendor\laravel\framework\src\Illuminate\Foundation\Testing\RefreshDatabase.php:101
C:\Users\Gaser\Desktop\COPRRA\vendor\laravel\framework\src\Illuminate\Foundation\Testing\RefreshDatabase.php:84
C:\Users\Gaser\Desktop\COPRRA\vendor\laravel\framework\src\Illuminate\Foundation\Testing\RefreshDatabase.php:25
C:\Users\Gaser\Desktop\COPRRA\vendor\laravel\framework\src\Illuminate\Foundation\Testing\Concerns\InteractsWithTestCaseLifecycle.php:209
C:\Users\Gaser\Desktop\COPRRA\vendor\laravel\framework\src\Illuminate\Foundation\Testing\Concerns\InteractsWithTestCaseLifecycle.php:97
C:\Users\Gaser\Desktop\COPRRA\vendor\laravel\framework\src\Illuminate\Foundation\Testing\TestCase.php:44
C:\Users\Gaser\Desktop\COPRRA\tests\TestCase.php:25
C:\Users\Gaser\Desktop\COPRRA\tests\Feature\Services\PasswordPolicyServiceTest.php:22</error>
        </testcase>
        <testcase name="test_checks_password_not_in_history" file="C:\Users\Gaser\Desktop\COPRRA\tests\Feature\Services\PasswordPolicyServiceTest.php" line="212" class="Tests\Feature\Services\PasswordPolicyServiceTest" classname="Tests.Feature.Services.PasswordPolicyServiceTest" assertions="0" time="0.000000">
          <error type="Error">Tests\Feature\Services\PasswordPolicyServiceTest::test_checks_password_not_in_history&#13;
Error: Class "Mockery" not found
&#13;
C:\Users\Gaser\Desktop\COPRRA\vendor\laravel\framework\src\Illuminate\Testing\PendingCommand.php:550
C:\Users\Gaser\Desktop\COPRRA\vendor\laravel\framework\src\Illuminate\Testing\PendingCommand.php:448
C:\Users\Gaser\Desktop\COPRRA\vendor\laravel\framework\src\Illuminate\Testing\PendingCommand.php:675
C:\Users\Gaser\Desktop\COPRRA\vendor\laravel\framework\src\Illuminate\Foundation\Testing\Concerns\InteractsWithConsole.php:87
C:\Users\Gaser\Desktop\COPRRA\vendor\laravel\framework\src\Illuminate\Foundation\Testing\RefreshDatabase.php:101
C:\Users\Gaser\Desktop\COPRRA\vendor\laravel\framework\src\Illuminate\Foundation\Testing\RefreshDatabase.php:84
C:\Users\Gaser\Desktop\COPRRA\vendor\laravel\framework\src\Illuminate\Foundation\Testing\RefreshDatabase.php:25
C:\Users\Gaser\Desktop\COPRRA\vendor\laravel\framework\src\Illuminate\Foundation\Testing\Concerns\InteractsWithTestCaseLifecycle.php:209
C:\Users\Gaser\Desktop\COPRRA\vendor\laravel\framework\src\Illuminate\Foundation\Testing\Concerns\InteractsWithTestCaseLifecycle.php:97
C:\Users\Gaser\Desktop\COPRRA\vendor\laravel\framework\src\Illuminate\Foundation\Testing\TestCase.php:44
C:\Users\Gaser\Desktop\COPRRA\tests\TestCase.php:25
C:\Users\Gaser\Desktop\COPRRA\tests\Feature\Services\PasswordPolicyServiceTest.php:22</error>
        </testcase>
        <testcase name="test_saves_password_to_history" file="C:\Users\Gaser\Desktop\COPRRA\tests\Feature\Services\PasswordPolicyServiceTest.php" line="225" class="Tests\Feature\Services\PasswordPolicyServiceTest" classname="Tests.Feature.Services.PasswordPolicyServiceTest" assertions="0" time="0.000000">
          <error type="Error">Tests\Feature\Services\PasswordPolicyServiceTest::test_saves_password_to_history&#13;
Error: Class "Mockery" not found
&#13;
C:\Users\Gaser\Desktop\COPRRA\vendor\laravel\framework\src\Illuminate\Testing\PendingCommand.php:550
C:\Users\Gaser\Desktop\COPRRA\vendor\laravel\framework\src\Illuminate\Testing\PendingCommand.php:448
C:\Users\Gaser\Desktop\COPRRA\vendor\laravel\framework\src\Illuminate\Testing\PendingCommand.php:675
C:\Users\Gaser\Desktop\COPRRA\vendor\laravel\framework\src\Illuminate\Foundation\Testing\Concerns\InteractsWithConsole.php:87
C:\Users\Gaser\Desktop\COPRRA\vendor\laravel\framework\src\Illuminate\Foundation\Testing\RefreshDatabase.php:101
C:\Users\Gaser\Desktop\COPRRA\vendor\laravel\framework\src\Illuminate\Foundation\Testing\RefreshDatabase.php:84
C:\Users\Gaser\Desktop\COPRRA\vendor\laravel\framework\src\Illuminate\Foundation\Testing\RefreshDatabase.php:25
C:\Users\Gaser\Desktop\COPRRA\vendor\laravel\framework\src\Illuminate\Foundation\Testing\Concerns\InteractsWithTestCaseLifecycle.php:209
C:\Users\Gaser\Desktop\COPRRA\vendor\laravel\framework\src\Illuminate\Foundation\Testing\Concerns\InteractsWithTestCaseLifecycle.php:97
C:\Users\Gaser\Desktop\COPRRA\vendor\laravel\framework\src\Illuminate\Foundation\Testing\TestCase.php:44
C:\Users\Gaser\Desktop\COPRRA\tests\TestCase.php:25
C:\Users\Gaser\Desktop\COPRRA\tests\Feature\Services\PasswordPolicyServiceTest.php:22</error>
        </testcase>
        <testcase name="test_handles_save_password_history_exception" file="C:\Users\Gaser\Desktop\COPRRA\tests\Feature\Services\PasswordPolicyServiceTest.php" line="241" class="Tests\Feature\Services\PasswordPolicyServiceTest" classname="Tests.Feature.Services.PasswordPolicyServiceTest" assertions="0" time="0.000000">
          <error type="Error">Tests\Feature\Services\PasswordPolicyServiceTest::test_handles_save_password_history_exception&#13;
Error: Class "Mockery" not found
&#13;
C:\Users\Gaser\Desktop\COPRRA\vendor\laravel\framework\src\Illuminate\Testing\PendingCommand.php:550
C:\Users\Gaser\Desktop\COPRRA\vendor\laravel\framework\src\Illuminate\Testing\PendingCommand.php:448
C:\Users\Gaser\Desktop\COPRRA\vendor\laravel\framework\src\Illuminate\Testing\PendingCommand.php:675
C:\Users\Gaser\Desktop\COPRRA\vendor\laravel\framework\src\Illuminate\Foundation\Testing\Concerns\InteractsWithConsole.php:87
C:\Users\Gaser\Desktop\COPRRA\vendor\laravel\framework\src\Illuminate\Foundation\Testing\RefreshDatabase.php:101
C:\Users\Gaser\Desktop\COPRRA\vendor\laravel\framework\src\Illuminate\Foundation\Testing\RefreshDatabase.php:84
C:\Users\Gaser\Desktop\COPRRA\vendor\laravel\framework\src\Illuminate\Foundation\Testing\RefreshDatabase.php:25
C:\Users\Gaser\Desktop\COPRRA\vendor\laravel\framework\src\Illuminate\Foundation\Testing\Concerns\InteractsWithTestCaseLifecycle.php:209
C:\Users\Gaser\Desktop\COPRRA\vendor\laravel\framework\src\Illuminate\Foundation\Testing\Concerns\InteractsWithTestCaseLifecycle.php:97
C:\Users\Gaser\Desktop\COPRRA\vendor\laravel\framework\src\Illuminate\Foundation\Testing\TestCase.php:44
C:\Users\Gaser\Desktop\COPRRA\tests\TestCase.php:25
C:\Users\Gaser\Desktop\COPRRA\tests\Feature\Services\PasswordPolicyServiceTest.php:22</error>
        </testcase>
        <testcase name="test_checks_password_expired" file="C:\Users\Gaser\Desktop\COPRRA\tests\Feature\Services\PasswordPolicyServiceTest.php" line="261" class="Tests\Feature\Services\PasswordPolicyServiceTest" classname="Tests.Feature.Services.PasswordPolicyServiceTest" assertions="0" time="0.000000">
          <error type="Error">Tests\Feature\Services\PasswordPolicyServiceTest::test_checks_password_expired&#13;
Error: Class "Mockery" not found
&#13;
C:\Users\Gaser\Desktop\COPRRA\vendor\laravel\framework\src\Illuminate\Testing\PendingCommand.php:550
C:\Users\Gaser\Desktop\COPRRA\vendor\laravel\framework\src\Illuminate\Testing\PendingCommand.php:448
C:\Users\Gaser\Desktop\COPRRA\vendor\laravel\framework\src\Illuminate\Testing\PendingCommand.php:675
C:\Users\Gaser\Desktop\COPRRA\vendor\laravel\framework\src\Illuminate\Foundation\Testing\Concerns\InteractsWithConsole.php:87
C:\Users\Gaser\Desktop\COPRRA\vendor\laravel\framework\src\Illuminate\Foundation\Testing\RefreshDatabase.php:101
C:\Users\Gaser\Desktop\COPRRA\vendor\laravel\framework\src\Illuminate\Foundation\Testing\RefreshDatabase.php:84
C:\Users\Gaser\Desktop\COPRRA\vendor\laravel\framework\src\Illuminate\Foundation\Testing\RefreshDatabase.php:25
C:\Users\Gaser\Desktop\COPRRA\vendor\laravel\framework\src\Illuminate\Foundation\Testing\Concerns\InteractsWithTestCaseLifecycle.php:209
C:\Users\Gaser\Desktop\COPRRA\vendor\laravel\framework\src\Illuminate\Foundation\Testing\Concerns\InteractsWithTestCaseLifecycle.php:97
C:\Users\Gaser\Desktop\COPRRA\vendor\laravel\framework\src\Illuminate\Foundation\Testing\TestCase.php:44
C:\Users\Gaser\Desktop\COPRRA\tests\TestCase.php:25
C:\Users\Gaser\Desktop\COPRRA\tests\Feature\Services\PasswordPolicyServiceTest.php:22</error>
        </testcase>
        <testcase name="test_handles_password_expiry_check_exception" file="C:\Users\Gaser\Desktop\COPRRA\tests\Feature\Services\PasswordPolicyServiceTest.php" line="273" class="Tests\Feature\Services\PasswordPolicyServiceTest" classname="Tests.Feature.Services.PasswordPolicyServiceTest" assertions="0" time="0.000000">
          <error type="Error">Tests\Feature\Services\PasswordPolicyServiceTest::test_handles_password_expiry_check_exception&#13;
Error: Class "Mockery" not found
&#13;
C:\Users\Gaser\Desktop\COPRRA\vendor\laravel\framework\src\Illuminate\Testing\PendingCommand.php:550
C:\Users\Gaser\Desktop\COPRRA\vendor\laravel\framework\src\Illuminate\Testing\PendingCommand.php:448
C:\Users\Gaser\Desktop\COPRRA\vendor\laravel\framework\src\Illuminate\Testing\PendingCommand.php:675
C:\Users\Gaser\Desktop\COPRRA\vendor\laravel\framework\src\Illuminate\Foundation\Testing\Concerns\InteractsWithConsole.php:87
C:\Users\Gaser\Desktop\COPRRA\vendor\laravel\framework\src\Illuminate\Foundation\Testing\RefreshDatabase.php:101
C:\Users\Gaser\Desktop\COPRRA\vendor\laravel\framework\src\Illuminate\Foundation\Testing\RefreshDatabase.php:84
C:\Users\Gaser\Desktop\COPRRA\vendor\laravel\framework\src\Illuminate\Foundation\Testing\RefreshDatabase.php:25
C:\Users\Gaser\Desktop\COPRRA\vendor\laravel\framework\src\Illuminate\Foundation\Testing\Concerns\InteractsWithTestCaseLifecycle.php:209
C:\Users\Gaser\Desktop\COPRRA\vendor\laravel\framework\src\Illuminate\Foundation\Testing\Concerns\InteractsWithTestCaseLifecycle.php:97
C:\Users\Gaser\Desktop\COPRRA\vendor\laravel\framework\src\Illuminate\Foundation\Testing\TestCase.php:44
C:\Users\Gaser\Desktop\COPRRA\tests\TestCase.php:25
C:\Users\Gaser\Desktop\COPRRA\tests\Feature\Services\PasswordPolicyServiceTest.php:22</error>
        </testcase>
        <testcase name="test_checks_account_not_locked" file="C:\Users\Gaser\Desktop\COPRRA\tests\Feature\Services\PasswordPolicyServiceTest.php" line="289" class="Tests\Feature\Services\PasswordPolicyServiceTest" classname="Tests.Feature.Services.PasswordPolicyServiceTest" assertions="0" time="0.000000">
          <error type="Error">Tests\Feature\Services\PasswordPolicyServiceTest::test_checks_account_not_locked&#13;
Error: Class "Mockery" not found
&#13;
C:\Users\Gaser\Desktop\COPRRA\vendor\laravel\framework\src\Illuminate\Testing\PendingCommand.php:550
C:\Users\Gaser\Desktop\COPRRA\vendor\laravel\framework\src\Illuminate\Testing\PendingCommand.php:448
C:\Users\Gaser\Desktop\COPRRA\vendor\laravel\framework\src\Illuminate\Testing\PendingCommand.php:675
C:\Users\Gaser\Desktop\COPRRA\vendor\laravel\framework\src\Illuminate\Foundation\Testing\Concerns\InteractsWithConsole.php:87
C:\Users\Gaser\Desktop\COPRRA\vendor\laravel\framework\src\Illuminate\Foundation\Testing\RefreshDatabase.php:101
C:\Users\Gaser\Desktop\COPRRA\vendor\laravel\framework\src\Illuminate\Foundation\Testing\RefreshDatabase.php:84
C:\Users\Gaser\Desktop\COPRRA\vendor\laravel\framework\src\Illuminate\Foundation\Testing\RefreshDatabase.php:25
C:\Users\Gaser\Desktop\COPRRA\vendor\laravel\framework\src\Illuminate\Foundation\Testing\Concerns\InteractsWithTestCaseLifecycle.php:209
C:\Users\Gaser\Desktop\COPRRA\vendor\laravel\framework\src\Illuminate\Foundation\Testing\Concerns\InteractsWithTestCaseLifecycle.php:97
C:\Users\Gaser\Desktop\COPRRA\vendor\laravel\framework\src\Illuminate\Foundation\Testing\TestCase.php:44
C:\Users\Gaser\Desktop\COPRRA\tests\TestCase.php:25
C:\Users\Gaser\Desktop\COPRRA\tests\Feature\Services\PasswordPolicyServiceTest.php:22</error>
        </testcase>
        <testcase name="test_handles_account_lock_check_exception" file="C:\Users\Gaser\Desktop\COPRRA\tests\Feature\Services\PasswordPolicyServiceTest.php" line="301" class="Tests\Feature\Services\PasswordPolicyServiceTest" classname="Tests.Feature.Services.PasswordPolicyServiceTest" assertions="0" time="0.000000">
          <error type="Error">Tests\Feature\Services\PasswordPolicyServiceTest::test_handles_account_lock_check_exception&#13;
Error: Class "Mockery" not found
&#13;
C:\Users\Gaser\Desktop\COPRRA\vendor\laravel\framework\src\Illuminate\Testing\PendingCommand.php:550
C:\Users\Gaser\Desktop\COPRRA\vendor\laravel\framework\src\Illuminate\Testing\PendingCommand.php:448
C:\Users\Gaser\Desktop\COPRRA\vendor\laravel\framework\src\Illuminate\Testing\PendingCommand.php:675
C:\Users\Gaser\Desktop\COPRRA\vendor\laravel\framework\src\Illuminate\Foundation\Testing\Concerns\InteractsWithConsole.php:87
C:\Users\Gaser\Desktop\COPRRA\vendor\laravel\framework\src\Illuminate\Foundation\Testing\RefreshDatabase.php:101
C:\Users\Gaser\Desktop\COPRRA\vendor\laravel\framework\src\Illuminate\Foundation\Testing\RefreshDatabase.php:84
C:\Users\Gaser\Desktop\COPRRA\vendor\laravel\framework\src\Illuminate\Foundation\Testing\RefreshDatabase.php:25
C:\Users\Gaser\Desktop\COPRRA\vendor\laravel\framework\src\Illuminate\Foundation\Testing\Concerns\InteractsWithTestCaseLifecycle.php:209
C:\Users\Gaser\Desktop\COPRRA\vendor\laravel\framework\src\Illuminate\Foundation\Testing\Concerns\InteractsWithTestCaseLifecycle.php:97
C:\Users\Gaser\Desktop\COPRRA\vendor\laravel\framework\src\Illuminate\Foundation\Testing\TestCase.php:44
C:\Users\Gaser\Desktop\COPRRA\tests\TestCase.php:25
C:\Users\Gaser\Desktop\COPRRA\tests\Feature\Services\PasswordPolicyServiceTest.php:22</error>
        </testcase>
        <testcase name="test_records_failed_attempt" file="C:\Users\Gaser\Desktop\COPRRA\tests\Feature\Services\PasswordPolicyServiceTest.php" line="317" class="Tests\Feature\Services\PasswordPolicyServiceTest" classname="Tests.Feature.Services.PasswordPolicyServiceTest" assertions="0" time="0.000000">
          <error type="Error">Tests\Feature\Services\PasswordPolicyServiceTest::test_records_failed_attempt&#13;
Error: Class "Mockery" not found
&#13;
C:\Users\Gaser\Desktop\COPRRA\vendor\laravel\framework\src\Illuminate\Testing\PendingCommand.php:550
C:\Users\Gaser\Desktop\COPRRA\vendor\laravel\framework\src\Illuminate\Testing\PendingCommand.php:448
C:\Users\Gaser\Desktop\COPRRA\vendor\laravel\framework\src\Illuminate\Testing\PendingCommand.php:675
C:\Users\Gaser\Desktop\COPRRA\vendor\laravel\framework\src\Illuminate\Foundation\Testing\Concerns\InteractsWithConsole.php:87
C:\Users\Gaser\Desktop\COPRRA\vendor\laravel\framework\src\Illuminate\Foundation\Testing\RefreshDatabase.php:101
C:\Users\Gaser\Desktop\COPRRA\vendor\laravel\framework\src\Illuminate\Foundation\Testing\RefreshDatabase.php:84
C:\Users\Gaser\Desktop\COPRRA\vendor\laravel\framework\src\Illuminate\Foundation\Testing\RefreshDatabase.php:25
C:\Users\Gaser\Desktop\COPRRA\vendor\laravel\framework\src\Illuminate\Foundation\Testing\Concerns\InteractsWithTestCaseLifecycle.php:209
C:\Users\Gaser\Desktop\COPRRA\vendor\laravel\framework\src\Illuminate\Foundation\Testing\Concerns\InteractsWithTestCaseLifecycle.php:97
C:\Users\Gaser\Desktop\COPRRA\vendor\laravel\framework\src\Illuminate\Foundation\Testing\TestCase.php:44
C:\Users\Gaser\Desktop\COPRRA\tests\TestCase.php:25
C:\Users\Gaser\Desktop\COPRRA\tests\Feature\Services\PasswordPolicyServiceTest.php:22</error>
        </testcase>
        <testcase name="test_handles_record_failed_attempt_exception" file="C:\Users\Gaser\Desktop\COPRRA\tests\Feature\Services\PasswordPolicyServiceTest.php" line="333" class="Tests\Feature\Services\PasswordPolicyServiceTest" classname="Tests.Feature.Services.PasswordPolicyServiceTest" assertions="0" time="0.000000">
          <error type="Error">Tests\Feature\Services\PasswordPolicyServiceTest::test_handles_record_failed_attempt_exception&#13;
Error: Class "Mockery" not found
&#13;
C:\Users\Gaser\Desktop\COPRRA\vendor\laravel\framework\src\Illuminate\Testing\PendingCommand.php:550
C:\Users\Gaser\Desktop\COPRRA\vendor\laravel\framework\src\Illuminate\Testing\PendingCommand.php:448
C:\Users\Gaser\Desktop\COPRRA\vendor\laravel\framework\src\Illuminate\Testing\PendingCommand.php:675
C:\Users\Gaser\Desktop\COPRRA\vendor\laravel\framework\src\Illuminate\Foundation\Testing\Concerns\InteractsWithConsole.php:87
C:\Users\Gaser\Desktop\COPRRA\vendor\laravel\framework\src\Illuminate\Foundation\Testing\RefreshDatabase.php:101
C:\Users\Gaser\Desktop\COPRRA\vendor\laravel\framework\src\Illuminate\Foundation\Testing\RefreshDatabase.php:84
C:\Users\Gaser\Desktop\COPRRA\vendor\laravel\framework\src\Illuminate\Foundation\Testing\RefreshDatabase.php:25
C:\Users\Gaser\Desktop\COPRRA\vendor\laravel\framework\src\Illuminate\Foundation\Testing\Concerns\InteractsWithTestCaseLifecycle.php:209
C:\Users\Gaser\Desktop\COPRRA\vendor\laravel\framework\src\Illuminate\Foundation\Testing\Concerns\InteractsWithTestCaseLifecycle.php:97
C:\Users\Gaser\Desktop\COPRRA\vendor\laravel\framework\src\Illuminate\Foundation\Testing\TestCase.php:44
C:\Users\Gaser\Desktop\COPRRA\tests\TestCase.php:25
C:\Users\Gaser\Desktop\COPRRA\tests\Feature\Services\PasswordPolicyServiceTest.php:22</error>
        </testcase>
        <testcase name="test_clears_failed_attempts" file="C:\Users\Gaser\Desktop\COPRRA\tests\Feature\Services\PasswordPolicyServiceTest.php" line="354" class="Tests\Feature\Services\PasswordPolicyServiceTest" classname="Tests.Feature.Services.PasswordPolicyServiceTest" assertions="0" time="0.000000">
          <error type="Error">Tests\Feature\Services\PasswordPolicyServiceTest::test_clears_failed_attempts&#13;
Error: Class "Mockery" not found
&#13;
C:\Users\Gaser\Desktop\COPRRA\vendor\laravel\framework\src\Illuminate\Testing\PendingCommand.php:550
C:\Users\Gaser\Desktop\COPRRA\vendor\laravel\framework\src\Illuminate\Testing\PendingCommand.php:448
C:\Users\Gaser\Desktop\COPRRA\vendor\laravel\framework\src\Illuminate\Testing\PendingCommand.php:675
C:\Users\Gaser\Desktop\COPRRA\vendor\laravel\framework\src\Illuminate\Foundation\Testing\Concerns\InteractsWithConsole.php:87
C:\Users\Gaser\Desktop\COPRRA\vendor\laravel\framework\src\Illuminate\Foundation\Testing\RefreshDatabase.php:101
C:\Users\Gaser\Desktop\COPRRA\vendor\laravel\framework\src\Illuminate\Foundation\Testing\RefreshDatabase.php:84
C:\Users\Gaser\Desktop\COPRRA\vendor\laravel\framework\src\Illuminate\Foundation\Testing\RefreshDatabase.php:25
C:\Users\Gaser\Desktop\COPRRA\vendor\laravel\framework\src\Illuminate\Foundation\Testing\Concerns\InteractsWithTestCaseLifecycle.php:209
C:\Users\Gaser\Desktop\COPRRA\vendor\laravel\framework\src\Illuminate\Foundation\Testing\Concerns\InteractsWithTestCaseLifecycle.php:97
C:\Users\Gaser\Desktop\COPRRA\vendor\laravel\framework\src\Illuminate\Foundation\Testing\TestCase.php:44
C:\Users\Gaser\Desktop\COPRRA\tests\TestCase.php:25
C:\Users\Gaser\Desktop\COPRRA\tests\Feature\Services\PasswordPolicyServiceTest.php:22</error>
        </testcase>
        <testcase name="test_generates_secure_password" file="C:\Users\Gaser\Desktop\COPRRA\tests\Feature\Services\PasswordPolicyServiceTest.php" line="369" class="Tests\Feature\Services\PasswordPolicyServiceTest" classname="Tests.Feature.Services.PasswordPolicyServiceTest" assertions="0" time="0.000000">
          <error type="Error">Tests\Feature\Services\PasswordPolicyServiceTest::test_generates_secure_password&#13;
Error: Class "Mockery" not found
&#13;
C:\Users\Gaser\Desktop\COPRRA\vendor\laravel\framework\src\Illuminate\Testing\PendingCommand.php:550
C:\Users\Gaser\Desktop\COPRRA\vendor\laravel\framework\src\Illuminate\Testing\PendingCommand.php:448
C:\Users\Gaser\Desktop\COPRRA\vendor\laravel\framework\src\Illuminate\Testing\PendingCommand.php:675
C:\Users\Gaser\Desktop\COPRRA\vendor\laravel\framework\src\Illuminate\Foundation\Testing\Concerns\InteractsWithConsole.php:87
C:\Users\Gaser\Desktop\COPRRA\vendor\laravel\framework\src\Illuminate\Foundation\Testing\RefreshDatabase.php:101
C:\Users\Gaser\Desktop\COPRRA\vendor\laravel\framework\src\Illuminate\Foundation\Testing\RefreshDatabase.php:84
C:\Users\Gaser\Desktop\COPRRA\vendor\laravel\framework\src\Illuminate\Foundation\Testing\RefreshDatabase.php:25
C:\Users\Gaser\Desktop\COPRRA\vendor\laravel\framework\src\Illuminate\Foundation\Testing\Concerns\InteractsWithTestCaseLifecycle.php:209
C:\Users\Gaser\Desktop\COPRRA\vendor\laravel\framework\src\Illuminate\Foundation\Testing\Concerns\InteractsWithTestCaseLifecycle.php:97
C:\Users\Gaser\Desktop\COPRRA\vendor\laravel\framework\src\Illuminate\Foundation\Testing\TestCase.php:44
C:\Users\Gaser\Desktop\COPRRA\tests\TestCase.php:25
C:\Users\Gaser\Desktop\COPRRA\tests\Feature\Services\PasswordPolicyServiceTest.php:22</error>
        </testcase>
        <testcase name="test_generates_secure_password_with_default_length" file="C:\Users\Gaser\Desktop\COPRRA\tests\Feature\Services\PasswordPolicyServiceTest.php" line="383" class="Tests\Feature\Services\PasswordPolicyServiceTest" classname="Tests.Feature.Services.PasswordPolicyServiceTest" assertions="0" time="0.000000">
          <error type="Error">Tests\Feature\Services\PasswordPolicyServiceTest::test_generates_secure_password_with_default_length&#13;
Error: Class "Mockery" not found
&#13;
C:\Users\Gaser\Desktop\COPRRA\vendor\laravel\framework\src\Illuminate\Testing\PendingCommand.php:550
C:\Users\Gaser\Desktop\COPRRA\vendor\laravel\framework\src\Illuminate\Testing\PendingCommand.php:448
C:\Users\Gaser\Desktop\COPRRA\vendor\laravel\framework\src\Illuminate\Testing\PendingCommand.php:675
C:\Users\Gaser\Desktop\COPRRA\vendor\laravel\framework\src\Illuminate\Foundation\Testing\Concerns\InteractsWithConsole.php:87
C:\Users\Gaser\Desktop\COPRRA\vendor\laravel\framework\src\Illuminate\Foundation\Testing\RefreshDatabase.php:101
C:\Users\Gaser\Desktop\COPRRA\vendor\laravel\framework\src\Illuminate\Foundation\Testing\RefreshDatabase.php:84
C:\Users\Gaser\Desktop\COPRRA\vendor\laravel\framework\src\Illuminate\Foundation\Testing\RefreshDatabase.php:25
C:\Users\Gaser\Desktop\COPRRA\vendor\laravel\framework\src\Illuminate\Foundation\Testing\Concerns\InteractsWithTestCaseLifecycle.php:209
C:\Users\Gaser\Desktop\COPRRA\vendor\laravel\framework\src\Illuminate\Foundation\Testing\Concerns\InteractsWithTestCaseLifecycle.php:97
C:\Users\Gaser\Desktop\COPRRA\vendor\laravel\framework\src\Illuminate\Foundation\Testing\TestCase.php:44
C:\Users\Gaser\Desktop\COPRRA\tests\TestCase.php:25
C:\Users\Gaser\Desktop\COPRRA\tests\Feature\Services\PasswordPolicyServiceTest.php:22</error>
        </testcase>
        <testcase name="test_gets_policy_requirements" file="C:\Users\Gaser\Desktop\COPRRA\tests\Feature\Services\PasswordPolicyServiceTest.php" line="393" class="Tests\Feature\Services\PasswordPolicyServiceTest" classname="Tests.Feature.Services.PasswordPolicyServiceTest" assertions="0" time="0.000000">
          <error type="Error">Tests\Feature\Services\PasswordPolicyServiceTest::test_gets_policy_requirements&#13;
Error: Class "Mockery" not found
&#13;
C:\Users\Gaser\Desktop\COPRRA\vendor\laravel\framework\src\Illuminate\Testing\PendingCommand.php:550
C:\Users\Gaser\Desktop\COPRRA\vendor\laravel\framework\src\Illuminate\Testing\PendingCommand.php:448
C:\Users\Gaser\Desktop\COPRRA\vendor\laravel\framework\src\Illuminate\Testing\PendingCommand.php:675
C:\Users\Gaser\Desktop\COPRRA\vendor\laravel\framework\src\Illuminate\Foundation\Testing\Concerns\InteractsWithConsole.php:87
C:\Users\Gaser\Desktop\COPRRA\vendor\laravel\framework\src\Illuminate\Foundation\Testing\RefreshDatabase.php:101
C:\Users\Gaser\Desktop\COPRRA\vendor\laravel\framework\src\Illuminate\Foundation\Testing\RefreshDatabase.php:84
C:\Users\Gaser\Desktop\COPRRA\vendor\laravel\framework\src\Illuminate\Foundation\Testing\RefreshDatabase.php:25
C:\Users\Gaser\Desktop\COPRRA\vendor\laravel\framework\src\Illuminate\Foundation\Testing\Concerns\InteractsWithTestCaseLifecycle.php:209
C:\Users\Gaser\Desktop\COPRRA\vendor\laravel\framework\src\Illuminate\Foundation\Testing\Concerns\InteractsWithTestCaseLifecycle.php:97
C:\Users\Gaser\Desktop\COPRRA\vendor\laravel\framework\src\Illuminate\Foundation\Testing\TestCase.php:44
C:\Users\Gaser\Desktop\COPRRA\tests\TestCase.php:25
C:\Users\Gaser\Desktop\COPRRA\tests\Feature\Services\PasswordPolicyServiceTest.php:22</error>
        </testcase>
        <testcase name="test_updates_policy" file="C:\Users\Gaser\Desktop\COPRRA\tests\Feature\Services\PasswordPolicyServiceTest.php" line="410" class="Tests\Feature\Services\PasswordPolicyServiceTest" classname="Tests.Feature.Services.PasswordPolicyServiceTest" assertions="0" time="0.000000">
          <error type="Error">Tests\Feature\Services\PasswordPolicyServiceTest::test_updates_policy&#13;
Error: Class "Mockery" not found
&#13;
C:\Users\Gaser\Desktop\COPRRA\vendor\laravel\framework\src\Illuminate\Testing\PendingCommand.php:550
C:\Users\Gaser\Desktop\COPRRA\vendor\laravel\framework\src\Illuminate\Testing\PendingCommand.php:448
C:\Users\Gaser\Desktop\COPRRA\vendor\laravel\framework\src\Illuminate\Testing\PendingCommand.php:675
C:\Users\Gaser\Desktop\COPRRA\vendor\laravel\framework\src\Illuminate\Foundation\Testing\Concerns\InteractsWithConsole.php:87
C:\Users\Gaser\Desktop\COPRRA\vendor\laravel\framework\src\Illuminate\Foundation\Testing\RefreshDatabase.php:101
C:\Users\Gaser\Desktop\COPRRA\vendor\laravel\framework\src\Illuminate\Foundation\Testing\RefreshDatabase.php:84
C:\Users\Gaser\Desktop\COPRRA\vendor\laravel\framework\src\Illuminate\Foundation\Testing\RefreshDatabase.php:25
C:\Users\Gaser\Desktop\COPRRA\vendor\laravel\framework\src\Illuminate\Foundation\Testing\Concerns\InteractsWithTestCaseLifecycle.php:209
C:\Users\Gaser\Desktop\COPRRA\vendor\laravel\framework\src\Illuminate\Foundation\Testing\Concerns\InteractsWithTestCaseLifecycle.php:97
C:\Users\Gaser\Desktop\COPRRA\vendor\laravel\framework\src\Illuminate\Foundation\Testing\TestCase.php:44
C:\Users\Gaser\Desktop\COPRRA\tests\TestCase.php:25
C:\Users\Gaser\Desktop\COPRRA\tests\Feature\Services\PasswordPolicyServiceTest.php:22</error>
        </testcase>
        <testcase name="test_handles_update_policy_exception" file="C:\Users\Gaser\Desktop\COPRRA\tests\Feature\Services\PasswordPolicyServiceTest.php" line="433" class="Tests\Feature\Services\PasswordPolicyServiceTest" classname="Tests.Feature.Services.PasswordPolicyServiceTest" assertions="0" time="0.000000">
          <error type="Error">Tests\Feature\Services\PasswordPolicyServiceTest::test_handles_update_policy_exception&#13;
Error: Class "Mockery" not found
&#13;
C:\Users\Gaser\Desktop\COPRRA\vendor\laravel\framework\src\Illuminate\Testing\PendingCommand.php:550
C:\Users\Gaser\Desktop\COPRRA\vendor\laravel\framework\src\Illuminate\Testing\PendingCommand.php:448
C:\Users\Gaser\Desktop\COPRRA\vendor\laravel\framework\src\Illuminate\Testing\PendingCommand.php:675
C:\Users\Gaser\Desktop\COPRRA\vendor\laravel\framework\src\Illuminate\Foundation\Testing\Concerns\InteractsWithConsole.php:87
C:\Users\Gaser\Desktop\COPRRA\vendor\laravel\framework\src\Illuminate\Foundation\Testing\RefreshDatabase.php:101
C:\Users\Gaser\Desktop\COPRRA\vendor\laravel\framework\src\Illuminate\Foundation\Testing\RefreshDatabase.php:84
C:\Users\Gaser\Desktop\COPRRA\vendor\laravel\framework\src\Illuminate\Foundation\Testing\RefreshDatabase.php:25
C:\Users\Gaser\Desktop\COPRRA\vendor\laravel\framework\src\Illuminate\Foundation\Testing\Concerns\InteractsWithTestCaseLifecycle.php:209
C:\Users\Gaser\Desktop\COPRRA\vendor\laravel\framework\src\Illuminate\Foundation\Testing\Concerns\InteractsWithTestCaseLifecycle.php:97
C:\Users\Gaser\Desktop\COPRRA\vendor\laravel\framework\src\Illuminate\Foundation\Testing\TestCase.php:44
C:\Users\Gaser\Desktop\COPRRA\tests\TestCase.php:25
C:\Users\Gaser\Desktop\COPRRA\tests\Feature\Services\PasswordPolicyServiceTest.php:22</error>
        </testcase>
        <testcase name="test_validates_password_with_maximum_length" file="C:\Users\Gaser\Desktop\COPRRA\tests\Feature\Services\PasswordPolicyServiceTest.php" line="455" class="Tests\Feature\Services\PasswordPolicyServiceTest" classname="Tests.Feature.Services.PasswordPolicyServiceTest" assertions="0" time="0.000000">
          <error type="Error">Tests\Feature\Services\PasswordPolicyServiceTest::test_validates_password_with_maximum_length&#13;
Error: Class "Mockery" not found
&#13;
C:\Users\Gaser\Desktop\COPRRA\vendor\laravel\framework\src\Illuminate\Testing\PendingCommand.php:550
C:\Users\Gaser\Desktop\COPRRA\vendor\laravel\framework\src\Illuminate\Testing\PendingCommand.php:448
C:\Users\Gaser\Desktop\COPRRA\vendor\laravel\framework\src\Illuminate\Testing\PendingCommand.php:675
C:\Users\Gaser\Desktop\COPRRA\vendor\laravel\framework\src\Illuminate\Foundation\Testing\Concerns\InteractsWithConsole.php:87
C:\Users\Gaser\Desktop\COPRRA\vendor\laravel\framework\src\Illuminate\Foundation\Testing\RefreshDatabase.php:101
C:\Users\Gaser\Desktop\COPRRA\vendor\laravel\framework\src\Illuminate\Foundation\Testing\RefreshDatabase.php:84
C:\Users\Gaser\Desktop\COPRRA\vendor\laravel\framework\src\Illuminate\Foundation\Testing\RefreshDatabase.php:25
C:\Users\Gaser\Desktop\COPRRA\vendor\laravel\framework\src\Illuminate\Foundation\Testing\Concerns\InteractsWithTestCaseLifecycle.php:209
C:\Users\Gaser\Desktop\COPRRA\vendor\laravel\framework\src\Illuminate\Foundation\Testing\Concerns\InteractsWithTestCaseLifecycle.php:97
C:\Users\Gaser\Desktop\COPRRA\vendor\laravel\framework\src\Illuminate\Foundation\Testing\TestCase.php:44
C:\Users\Gaser\Desktop\COPRRA\tests\TestCase.php:25
C:\Users\Gaser\Desktop\COPRRA\tests\Feature\Services\PasswordPolicyServiceTest.php:22</error>
        </testcase>
        <testcase name="test_validates_password_with_case_insensitive_forbidden" file="C:\Users\Gaser\Desktop\COPRRA\tests\Feature\Services\PasswordPolicyServiceTest.php" line="468" class="Tests\Feature\Services\PasswordPolicyServiceTest" classname="Tests.Feature.Services.PasswordPolicyServiceTest" assertions="0" time="0.000000">
          <error type="Error">Tests\Feature\Services\PasswordPolicyServiceTest::test_validates_password_with_case_insensitive_forbidden&#13;
Error: Class "Mockery" not found
&#13;
C:\Users\Gaser\Desktop\COPRRA\vendor\laravel\framework\src\Illuminate\Testing\PendingCommand.php:550
C:\Users\Gaser\Desktop\COPRRA\vendor\laravel\framework\src\Illuminate\Testing\PendingCommand.php:448
C:\Users\Gaser\Desktop\COPRRA\vendor\laravel\framework\src\Illuminate\Testing\PendingCommand.php:675
C:\Users\Gaser\Desktop\COPRRA\vendor\laravel\framework\src\Illuminate\Foundation\Testing\Concerns\InteractsWithConsole.php:87
C:\Users\Gaser\Desktop\COPRRA\vendor\laravel\framework\src\Illuminate\Foundation\Testing\RefreshDatabase.php:101
C:\Users\Gaser\Desktop\COPRRA\vendor\laravel\framework\src\Illuminate\Foundation\Testing\RefreshDatabase.php:84
C:\Users\Gaser\Desktop\COPRRA\vendor\laravel\framework\src\Illuminate\Foundation\Testing\RefreshDatabase.php:25
C:\Users\Gaser\Desktop\COPRRA\vendor\laravel\framework\src\Illuminate\Foundation\Testing\Concerns\InteractsWithTestCaseLifecycle.php:209
C:\Users\Gaser\Desktop\COPRRA\vendor\laravel\framework\src\Illuminate\Foundation\Testing\Concerns\InteractsWithTestCaseLifecycle.php:97
C:\Users\Gaser\Desktop\COPRRA\vendor\laravel\framework\src\Illuminate\Foundation\Testing\TestCase.php:44
C:\Users\Gaser\Desktop\COPRRA\tests\TestCase.php:25
C:\Users\Gaser\Desktop\COPRRA\tests\Feature\Services\PasswordPolicyServiceTest.php:22</error>
        </testcase>
      </testsuite>
      <testsuite name="Tests\Feature\Services\PasswordResetServiceTest" file="C:\Users\Gaser\Desktop\COPRRA\tests\Feature\Services\PasswordResetServiceTest.php" tests="2" assertions="5" errors="0" failures="1" skipped="0" time="0.004235">
        <testcase name="test_can_be_instantiated" file="C:\Users\Gaser\Desktop\COPRRA\tests\Feature\Services\PasswordResetServiceTest.php" line="23" class="Tests\Feature\Services\PasswordResetServiceTest" classname="Tests.Feature.Services.PasswordResetServiceTest" assertions="1" time="0.002207"/>
        <testcase name="test_handles_send_reset_email_with_valid_email" file="C:\Users\Gaser\Desktop\COPRRA\tests\Feature\Services\PasswordResetServiceTest.php" line="29" class="Tests\Feature\Services\PasswordResetServiceTest" classname="Tests.Feature.Services.PasswordResetServiceTest" assertions="4" time="0.002028">
          <failure type="PHPUnit\Framework\ExpectationFailedException">Tests\Feature\Services\PasswordResetServiceTest::test_handles_send_reset_email_with_valid_email&#13;
Failed asserting that 2 matches expected 1.
&#13;
C:\Users\Gaser\Desktop\COPRRA\tests\Feature\Services\PasswordResetServiceTest.php:40</failure>
        </testcase>
      </testsuite>
    </testsuite>
  </testsuite>
</testsuites>
