<?xml version="1.0" encoding="UTF-8"?>
<testsuites>
  <testsuite name="C:\Users\Gaser\Desktop\COPRRA\phpunit.xml" tests="26" assertions="83" errors="0" failures="0" skipped="0" time="7.148788">
    <testsuite name="Security" tests="26" assertions="83" errors="0" failures="0" skipped="0" time="7.148788">
      <testsuite name="Tests\Security\AuthenticationSecurityTest" file="C:\Users\Gaser\Desktop\COPRRA\tests\Security\AuthenticationSecurityTest.php" tests="3" assertions="3" errors="0" failures="0" skipped="0" time="1.001601">
        <testcase name="test_authentication_security" file="C:\Users\Gaser\Desktop\COPRRA\tests\Security\AuthenticationSecurityTest.php" line="9" class="Tests\Security\AuthenticationSecurityTest" classname="Tests.Security.AuthenticationSecurityTest" assertions="1" time="0.717393"/>
        <testcase name="test_password_security" file="C:\Users\Gaser\Desktop\COPRRA\tests\Security\AuthenticationSecurityTest.php" line="15" class="Tests\Security\AuthenticationSecurityTest" classname="Tests.Security.AuthenticationSecurityTest" assertions="1" time="0.142586"/>
        <testcase name="test_session_security" file="C:\Users\Gaser\Desktop\COPRRA\tests\Security\AuthenticationSecurityTest.php" line="21" class="Tests\Security\AuthenticationSecurityTest" classname="Tests.Security.AuthenticationSecurityTest" assertions="1" time="0.141622"/>
      </testsuite>
      <testsuite name="Tests\Security\CSRFTest" file="C:\Users\Gaser\Desktop\COPRRA\tests\Security\CSRFTest.php" tests="6" assertions="8" errors="0" failures="0" skipped="0" time="4.323271">
        <testcase name="test_csrf_protection_on_state_changing_endpoints" file="C:\Users\Gaser\Desktop\COPRRA\tests\Security\CSRFTest.php" line="22" class="Tests\Security\CSRFTest" classname="Tests.Security.CSRFTest" assertions="1" time="0.639661"/>
        <testcase name="test_csrf_token_validation_in_forms" file="C:\Users\Gaser\Desktop\COPRRA\tests\Security\CSRFTest.php" line="37" class="Tests\Security\CSRFTest" classname="Tests.Security.CSRFTest" assertions="2" time="0.814579"/>
        <testcase name="test_csrf_protection_bypassing_with_valid_token" file="C:\Users\Gaser\Desktop\COPRRA\tests\Security\CSRFTest.php" line="50" class="Tests\Security\CSRFTest" classname="Tests.Security.CSRFTest" assertions="1" time="0.778443"/>
        <testcase name="test_api_routes_bypass_csrf" file="C:\Users\Gaser\Desktop\COPRRA\tests\Security\CSRFTest.php" line="76" class="Tests\Security\CSRFTest" classname="Tests.Security.CSRFTest" assertions="1" time="0.645469"/>
        <testcase name="test_csrf_token_regeneration" file="C:\Users\Gaser\Desktop\COPRRA\tests\Security\CSRFTest.php" line="90" class="Tests\Security\CSRFTest" classname="Tests.Security.CSRFTest" assertions="2" time="0.709395"/>
        <testcase name="test_csrf_protection_on_delete_requests" file="C:\Users\Gaser\Desktop\COPRRA\tests\Security\CSRFTest.php" line="114" class="Tests\Security\CSRFTest" classname="Tests.Security.CSRFTest" assertions="1" time="0.735724"/>
      </testsuite>
      <testsuite name="Tests\Security\DataEncryptionTest" file="C:\Users\Gaser\Desktop\COPRRA\tests\Security\DataEncryptionTest.php" tests="3" assertions="6" errors="0" failures="0" skipped="0" time="0.515340">
        <testcase name="test_data_encryption" file="C:\Users\Gaser\Desktop\COPRRA\tests\Security\DataEncryptionTest.php" line="10" class="Tests\Security\DataEncryptionTest" classname="Tests.Security.DataEncryptionTest" assertions="2" time="0.160901"/>
        <testcase name="test_encryption_keys" file="C:\Users\Gaser\Desktop\COPRRA\tests\Security\DataEncryptionTest.php" line="18" class="Tests\Security\DataEncryptionTest" classname="Tests.Security.DataEncryptionTest" assertions="3" time="0.187459"/>
        <testcase name="test_decryption_works" file="C:\Users\Gaser\Desktop\COPRRA\tests\Security\DataEncryptionTest.php" line="28" class="Tests\Security\DataEncryptionTest" classname="Tests.Security.DataEncryptionTest" assertions="1" time="0.166981"/>
      </testsuite>
      <testsuite name="Tests\Security\PermissionSecurityTest" file="C:\Users\Gaser\Desktop\COPRRA\tests\Security\PermissionSecurityTest.php" tests="3" assertions="3" errors="0" failures="0" skipped="0" time="0.434314">
        <testcase name="test_permission_security" file="C:\Users\Gaser\Desktop\COPRRA\tests\Security\PermissionSecurityTest.php" line="9" class="Tests\Security\PermissionSecurityTest" classname="Tests.Security.PermissionSecurityTest" assertions="1" time="0.144094"/>
        <testcase name="test_role_security" file="C:\Users\Gaser\Desktop\COPRRA\tests\Security\PermissionSecurityTest.php" line="14" class="Tests\Security\PermissionSecurityTest" classname="Tests.Security.PermissionSecurityTest" assertions="1" time="0.142733"/>
        <testcase name="test_access_control" file="C:\Users\Gaser\Desktop\COPRRA\tests\Security\PermissionSecurityTest.php" line="19" class="Tests\Security\PermissionSecurityTest" classname="Tests.Security.PermissionSecurityTest" assertions="1" time="0.147488"/>
      </testsuite>
      <testsuite name="Tests\Security\SQLInjectionTest" file="C:\Users\Gaser\Desktop\COPRRA\tests\Security\SQLInjectionTest.php" tests="6" assertions="37" errors="0" failures="0" skipped="0" time="0.575446">
        <testcase name="test_sql_injection_protection_in_product_search" file="C:\Users\Gaser\Desktop\COPRRA\tests\Security\SQLInjectionTest.php" line="17" class="Tests\Security\SQLInjectionTest" classname="Tests.Security.SQLInjectionTest" assertions="20" time="0.239472"/>
        <testcase name="test_parameterized_queries_are_used" file="C:\Users\Gaser\Desktop\COPRRA\tests\Security\SQLInjectionTest.php" line="50" class="Tests\Security\SQLInjectionTest" classname="Tests.Security.SQLInjectionTest" assertions="2" time="0.082518"/>
        <testcase name="test_input_sanitization_in_search" file="C:\Users\Gaser\Desktop\COPRRA\tests\Security\SQLInjectionTest.php" line="66" class="Tests\Security\SQLInjectionTest" classname="Tests.Security.SQLInjectionTest" assertions="6" time="0.053935"/>
        <testcase name="test_sql_injection_in_user_registration" file="C:\Users\Gaser\Desktop\COPRRA\tests\Security\SQLInjectionTest.php" line="89" class="Tests\Security\SQLInjectionTest" classname="Tests.Security.SQLInjectionTest" assertions="3" time="0.066611"/>
        <testcase name="test_sql_injection_in_order_processing" file="C:\Users\Gaser\Desktop\COPRRA\tests\Security\SQLInjectionTest.php" line="118" class="Tests\Security\SQLInjectionTest" classname="Tests.Security.SQLInjectionTest" assertions="2" time="0.066906"/>
        <testcase name="test_sql_injection_in_profile_update" file="C:\Users\Gaser\Desktop\COPRRA\tests\Security\SQLInjectionTest.php" line="152" class="Tests\Security\SQLInjectionTest" classname="Tests.Security.SQLInjectionTest" assertions="4" time="0.066005"/>
      </testsuite>
      <testsuite name="Tests\Security\XSSTest" file="C:\Users\Gaser\Desktop\COPRRA\tests\Security\XSSTest.php" tests="5" assertions="26" errors="0" failures="0" skipped="0" time="0.298816">
        <testcase name="test_xss_protection_in_product_creation" file="C:\Users\Gaser\Desktop\COPRRA\tests\Security\XSSTest.php" line="16" class="Tests\Security\XSSTest" classname="Tests.Security.XSSTest" assertions="10" time="0.060606"/>
        <testcase name="test_input_escaping_in_reviews" file="C:\Users\Gaser\Desktop\COPRRA\tests\Security\XSSTest.php" line="57" class="Tests\Security\XSSTest" classname="Tests.Security.XSSTest" assertions="3" time="0.071821"/>
        <testcase name="test_output_encoding_in_product_display" file="C:\Users\Gaser\Desktop\COPRRA\tests\Security\XSSTest.php" line="92" class="Tests\Security\XSSTest" classname="Tests.Security.XSSTest" assertions="2" time="0.058037"/>
        <testcase name="test_xss_in_search_parameters" file="C:\Users\Gaser\Desktop\COPRRA\tests\Security\XSSTest.php" line="119" class="Tests\Security\XSSTest" classname="Tests.Security.XSSTest" assertions="9" time="0.056654"/>
        <testcase name="test_xss_protection_in_error_messages" file="C:\Users\Gaser\Desktop\COPRRA\tests\Security\XSSTest.php" line="144" class="Tests\Security\XSSTest" classname="Tests.Security.XSSTest" assertions="2" time="0.051698"/>
      </testsuite>
    </testsuite>
  </testsuite>
</testsuites>
