<?xml version="1.0" encoding="UTF-8"?>
<testsuites>
  <testsuite name="/var/www/html/phpunit.xml" tests="1056" assertions="66" errors="1046" failures="0" skipped="0" time="0.017088">
    <testsuite name="Feature" tests="1056" assertions="66" errors="1046" failures="0" skipped="0" time="0.017088">
      <testsuite name="Tests\Feature\Http\Middleware\AuthenticateTest" file="/var/www/html/tests/Feature/Http/Middleware/AuthenticateTest.php" tests="5" assertions="0" errors="5" failures="0" skipped="0" time="0.000000">
        <testcase name="test_authenticate_middleware_redirects_web_requests_to_login" file="/var/www/html/tests/Feature/Http/Middleware/AuthenticateTest.php" line="29" class="Tests\Feature\Http\Middleware\AuthenticateTest" classname="Tests.Feature.Http.Middleware.AuthenticateTest" assertions="0" time="0.000000">
          <error type="Error">Tests\Feature\Http\Middleware\AuthenticateTest::test_authenticate_middleware_redirects_web_requests_to_login
Error: Class "Laravel\Dusk\DuskServiceProvider" not found

/var/www/html/vendor/laravel/framework/src/Illuminate/Foundation/Application.php:961
/var/www/html/vendor/laravel/framework/src/Illuminate/Foundation/Application.php:893
/var/www/html/app/Providers/AppServiceProvider.php:51
/var/www/html/vendor/laravel/framework/src/Illuminate/Foundation/Application.php:896
/var/www/html/vendor/laravel/framework/src/Illuminate/Foundation/ProviderRepository.php:74
/var/www/html/vendor/laravel/framework/src/Illuminate/Foundation/Application.php:871
/var/www/html/vendor/laravel/framework/src/Illuminate/Foundation/Bootstrap/RegisterProviders.php:37
/var/www/html/vendor/laravel/framework/src/Illuminate/Foundation/Application.php:342
/var/www/html/vendor/laravel/framework/src/Illuminate/Foundation/Console/Kernel.php:473
/var/www/html/tests/CreatesApplication.php:31
/var/www/html/vendor/laravel/framework/src/Illuminate/Foundation/Testing/TestCase.php:54
/var/www/html/vendor/laravel/framework/src/Illuminate/Foundation/Testing/Concerns/InteractsWithTestCaseLifecycle.php:92
/var/www/html/vendor/laravel/framework/src/Illuminate/Foundation/Testing/TestCase.php:44
/var/www/html/tests/TestCase.php:36
/var/www/html/tests/Feature/Http/Middleware/AuthenticateTest.php:21</error>
        </testcase>
        <testcase name="test_authenticate_middleware_handles_api_route_pattern" file="/var/www/html/tests/Feature/Http/Middleware/AuthenticateTest.php" line="58" class="Tests\Feature\Http\Middleware\AuthenticateTest" classname="Tests.Feature.Http.Middleware.AuthenticateTest" assertions="0" time="0.000000">
          <error type="Error">Tests\Feature\Http\Middleware\AuthenticateTest::test_authenticate_middleware_handles_api_route_pattern
Error: Class "Laravel\Dusk\DuskServiceProvider" not found

/var/www/html/vendor/laravel/framework/src/Illuminate/Foundation/Application.php:961
/var/www/html/vendor/laravel/framework/src/Illuminate/Foundation/Application.php:893
/var/www/html/app/Providers/AppServiceProvider.php:51
/var/www/html/vendor/laravel/framework/src/Illuminate/Foundation/Application.php:896
/var/www/html/vendor/laravel/framework/src/Illuminate/Foundation/ProviderRepository.php:74
/var/www/html/vendor/laravel/framework/src/Illuminate/Foundation/Application.php:871
/var/www/html/vendor/laravel/framework/src/Illuminate/Foundation/Bootstrap/RegisterProviders.php:37
/var/www/html/vendor/laravel/framework/src/Illuminate/Foundation/Application.php:342
/var/www/html/vendor/laravel/framework/src/Illuminate/Foundation/Console/Kernel.php:473
/var/www/html/tests/CreatesApplication.php:31
/var/www/html/vendor/laravel/framework/src/Illuminate/Foundation/Testing/TestCase.php:54
/var/www/html/vendor/laravel/framework/src/Illuminate/Foundation/Testing/Concerns/InteractsWithTestCaseLifecycle.php:92
/var/www/html/vendor/laravel/framework/src/Illuminate/Foundation/Testing/TestCase.php:44
/var/www/html/tests/TestCase.php:36
/var/www/html/tests/Feature/Http/Middleware/AuthenticateTest.php:21</error>
        </testcase>
        <testcase name="test_authenticate_middleware_passes_authenticated_requests" file="/var/www/html/tests/Feature/Http/Middleware/AuthenticateTest.php" line="72" class="Tests\Feature\Http\Middleware\AuthenticateTest" classname="Tests.Feature.Http.Middleware.AuthenticateTest" assertions="0" time="0.000000">
          <error type="Error">Tests\Feature\Http\Middleware\AuthenticateTest::test_authenticate_middleware_passes_authenticated_requests
Error: Class "Laravel\Dusk\DuskServiceProvider" not found

/var/www/html/vendor/laravel/framework/src/Illuminate/Foundation/Application.php:961
/var/www/html/vendor/laravel/framework/src/Illuminate/Foundation/Application.php:893
/var/www/html/app/Providers/AppServiceProvider.php:51
/var/www/html/vendor/laravel/framework/src/Illuminate/Foundation/Application.php:896
/var/www/html/vendor/laravel/framework/src/Illuminate/Foundation/ProviderRepository.php:74
/var/www/html/vendor/laravel/framework/src/Illuminate/Foundation/Application.php:871
/var/www/html/vendor/laravel/framework/src/Illuminate/Foundation/Bootstrap/RegisterProviders.php:37
/var/www/html/vendor/laravel/framework/src/Illuminate/Foundation/Application.php:342
/var/www/html/vendor/laravel/framework/src/Illuminate/Foundation/Console/Kernel.php:473
/var/www/html/tests/CreatesApplication.php:31
/var/www/html/vendor/laravel/framework/src/Illuminate/Foundation/Testing/TestCase.php:54
/var/www/html/vendor/laravel/framework/src/Illuminate/Foundation/Testing/Concerns/InteractsWithTestCaseLifecycle.php:92
/var/www/html/vendor/laravel/framework/src/Illuminate/Foundation/Testing/TestCase.php:44
/var/www/html/tests/TestCase.php:36
/var/www/html/tests/Feature/Http/Middleware/AuthenticateTest.php:21</error>
        </testcase>
        <testcase name="test_authenticate_middleware_handles_different_request_types" file="/var/www/html/tests/Feature/Http/Middleware/AuthenticateTest.php" line="98" class="Tests\Feature\Http\Middleware\AuthenticateTest" classname="Tests.Feature.Http.Middleware.AuthenticateTest" assertions="0" time="0.000000">
          <error type="Error">Tests\Feature\Http\Middleware\AuthenticateTest::test_authenticate_middleware_handles_different_request_types
Error: Class "Laravel\Dusk\DuskServiceProvider" not found

/var/www/html/vendor/laravel/framework/src/Illuminate/Foundation/Application.php:961
/var/www/html/vendor/laravel/framework/src/Illuminate/Foundation/Application.php:893
/var/www/html/app/Providers/AppServiceProvider.php:51
/var/www/html/vendor/laravel/framework/src/Illuminate/Foundation/Application.php:896
/var/www/html/vendor/laravel/framework/src/Illuminate/Foundation/ProviderRepository.php:74
/var/www/html/vendor/laravel/framework/src/Illuminate/Foundation/Application.php:871
/var/www/html/vendor/laravel/framework/src/Illuminate/Foundation/Bootstrap/RegisterProviders.php:37
/var/www/html/vendor/laravel/framework/src/Illuminate/Foundation/Application.php:342
/var/www/html/vendor/laravel/framework/src/Illuminate/Foundation/Console/Kernel.php:473
/var/www/html/tests/CreatesApplication.php:31
/var/www/html/vendor/laravel/framework/src/Illuminate/Foundation/Testing/TestCase.php:54
/var/www/html/vendor/laravel/framework/src/Illuminate/Foundation/Testing/Concerns/InteractsWithTestCaseLifecycle.php:92
/var/www/html/vendor/laravel/framework/src/Illuminate/Foundation/Testing/TestCase.php:44
/var/www/html/tests/TestCase.php:36
/var/www/html/tests/Feature/Http/Middleware/AuthenticateTest.php:21</error>
        </testcase>
        <testcase name="test_authenticate_middleware_returns_json_for_api_requests" file="/var/www/html/tests/Feature/Http/Middleware/AuthenticateTest.php" line="44" class="Tests\Feature\Http\Middleware\AuthenticateTest" classname="Tests.Feature.Http.Middleware.AuthenticateTest" assertions="0" time="0.000000">
          <error type="Error">Tests\Feature\Http\Middleware\AuthenticateTest::test_authenticate_middleware_returns_json_for_api_requests
Error: Class "Laravel\Dusk\DuskServiceProvider" not found

/var/www/html/vendor/laravel/framework/src/Illuminate/Foundation/Application.php:961
/var/www/html/vendor/laravel/framework/src/Illuminate/Foundation/Application.php:893
/var/www/html/app/Providers/AppServiceProvider.php:51
/var/www/html/vendor/laravel/framework/src/Illuminate/Foundation/Application.php:896
/var/www/html/vendor/laravel/framework/src/Illuminate/Foundation/ProviderRepository.php:74
/var/www/html/vendor/laravel/framework/src/Illuminate/Foundation/Application.php:871
/var/www/html/vendor/laravel/framework/src/Illuminate/Foundation/Bootstrap/RegisterProviders.php:37
/var/www/html/vendor/laravel/framework/src/Illuminate/Foundation/Application.php:342
/var/www/html/vendor/laravel/framework/src/Illuminate/Foundation/Console/Kernel.php:473
/var/www/html/tests/CreatesApplication.php:31
/var/www/html/vendor/laravel/framework/src/Illuminate/Foundation/Testing/TestCase.php:54
/var/www/html/vendor/laravel/framework/src/Illuminate/Foundation/Testing/Concerns/InteractsWithTestCaseLifecycle.php:92
/var/www/html/vendor/laravel/framework/src/Illuminate/Foundation/Testing/TestCase.php:44
/var/www/html/tests/TestCase.php:36
/var/www/html/tests/Feature/Http/Middleware/AuthenticateTest.php:21</error>
        </testcase>
      </testsuite>
      <testsuite name="Tests\Feature\Models\PaymentMethodTest" file="/var/www/html/tests/Feature/Models/PaymentMethodTest.php" tests="6" assertions="0" errors="6" failures="0" skipped="0" time="0.000000">
        <testcase name="it_casts_attributes_correctly" file="/var/www/html/tests/Feature/Models/PaymentMethodTest.php" line="46" class="Tests\Feature\Models\PaymentMethodTest" classname="Tests.Feature.Models.PaymentMethodTest" assertions="0" time="0.000000">
          <error type="Error">Tests\Feature\Models\PaymentMethodTest::it_casts_attributes_correctly
Error: Class "Laravel\Dusk\DuskServiceProvider" not found

/var/www/html/vendor/laravel/framework/src/Illuminate/Foundation/Application.php:961
/var/www/html/vendor/laravel/framework/src/Illuminate/Foundation/Application.php:893
/var/www/html/app/Providers/AppServiceProvider.php:51
/var/www/html/vendor/laravel/framework/src/Illuminate/Foundation/Application.php:896
/var/www/html/vendor/laravel/framework/src/Illuminate/Foundation/ProviderRepository.php:74
/var/www/html/vendor/laravel/framework/src/Illuminate/Foundation/Application.php:871
/var/www/html/vendor/laravel/framework/src/Illuminate/Foundation/Bootstrap/RegisterProviders.php:37
/var/www/html/vendor/laravel/framework/src/Illuminate/Foundation/Application.php:342
/var/www/html/vendor/laravel/framework/src/Illuminate/Foundation/Console/Kernel.php:473
/var/www/html/tests/CreatesApplication.php:31
/var/www/html/vendor/laravel/framework/src/Illuminate/Foundation/Testing/TestCase.php:54
/var/www/html/vendor/laravel/framework/src/Illuminate/Foundation/Testing/Concerns/InteractsWithTestCaseLifecycle.php:92
/var/www/html/vendor/laravel/framework/src/Illuminate/Foundation/Testing/TestCase.php:44
/var/www/html/tests/TestCase.php:36</error>
        </testcase>
        <testcase name="it_has_many_payments" file="/var/www/html/tests/Feature/Models/PaymentMethodTest.php" line="63" class="Tests\Feature\Models\PaymentMethodTest" classname="Tests.Feature.Models.PaymentMethodTest" assertions="0" time="0.000000">
          <error type="Error">Tests\Feature\Models\PaymentMethodTest::it_has_many_payments
Error: Class "Laravel\Dusk\DuskServiceProvider" not found

/var/www/html/vendor/laravel/framework/src/Illuminate/Foundation/Application.php:961
/var/www/html/vendor/laravel/framework/src/Illuminate/Foundation/Application.php:893
/var/www/html/app/Providers/AppServiceProvider.php:51
/var/www/html/vendor/laravel/framework/src/Illuminate/Foundation/Application.php:896
/var/www/html/vendor/laravel/framework/src/Illuminate/Foundation/ProviderRepository.php:74
/var/www/html/vendor/laravel/framework/src/Illuminate/Foundation/Application.php:871
/var/www/html/vendor/laravel/framework/src/Illuminate/Foundation/Bootstrap/RegisterProviders.php:37
/var/www/html/vendor/laravel/framework/src/Illuminate/Foundation/Application.php:342
/var/www/html/vendor/laravel/framework/src/Illuminate/Foundation/Console/Kernel.php:473
/var/www/html/tests/CreatesApplication.php:31
/var/www/html/vendor/laravel/framework/src/Illuminate/Foundation/Testing/TestCase.php:54
/var/www/html/vendor/laravel/framework/src/Illuminate/Foundation/Testing/Concerns/InteractsWithTestCaseLifecycle.php:92
/var/www/html/vendor/laravel/framework/src/Illuminate/Foundation/Testing/TestCase.php:44
/var/www/html/tests/TestCase.php:36</error>
        </testcase>
        <testcase name="it_has_default_scope" file="/var/www/html/tests/Feature/Models/PaymentMethodTest.php" line="87" class="Tests\Feature\Models\PaymentMethodTest" classname="Tests.Feature.Models.PaymentMethodTest" assertions="0" time="0.000000">
          <error type="Error">Tests\Feature\Models\PaymentMethodTest::it_has_default_scope
Error: Class "Laravel\Dusk\DuskServiceProvider" not found

/var/www/html/vendor/laravel/framework/src/Illuminate/Foundation/Application.php:961
/var/www/html/vendor/laravel/framework/src/Illuminate/Foundation/Application.php:893
/var/www/html/app/Providers/AppServiceProvider.php:51
/var/www/html/vendor/laravel/framework/src/Illuminate/Foundation/Application.php:896
/var/www/html/vendor/laravel/framework/src/Illuminate/Foundation/ProviderRepository.php:74
/var/www/html/vendor/laravel/framework/src/Illuminate/Foundation/Application.php:871
/var/www/html/vendor/laravel/framework/src/Illuminate/Foundation/Bootstrap/RegisterProviders.php:37
/var/www/html/vendor/laravel/framework/src/Illuminate/Foundation/Application.php:342
/var/www/html/vendor/laravel/framework/src/Illuminate/Foundation/Console/Kernel.php:473
/var/www/html/tests/CreatesApplication.php:31
/var/www/html/vendor/laravel/framework/src/Illuminate/Foundation/Testing/TestCase.php:54
/var/www/html/vendor/laravel/framework/src/Illuminate/Foundation/Testing/Concerns/InteractsWithTestCaseLifecycle.php:92
/var/www/html/vendor/laravel/framework/src/Illuminate/Foundation/Testing/TestCase.php:44
/var/www/html/tests/TestCase.php:36</error>
        </testcase>
        <testcase name="it_has_fillable_attributes" file="/var/www/html/tests/Feature/Models/PaymentMethodTest.php" line="99" class="Tests\Feature\Models\PaymentMethodTest" classname="Tests.Feature.Models.PaymentMethodTest" assertions="0" time="0.000000">
          <error type="Error">Tests\Feature\Models\PaymentMethodTest::it_has_fillable_attributes
Error: Class "Laravel\Dusk\DuskServiceProvider" not found

/var/www/html/vendor/laravel/framework/src/Illuminate/Foundation/Application.php:961
/var/www/html/vendor/laravel/framework/src/Illuminate/Foundation/Application.php:893
/var/www/html/app/Providers/AppServiceProvider.php:51
/var/www/html/vendor/laravel/framework/src/Illuminate/Foundation/Application.php:896
/var/www/html/vendor/laravel/framework/src/Illuminate/Foundation/ProviderRepository.php:74
/var/www/html/vendor/laravel/framework/src/Illuminate/Foundation/Application.php:871
/var/www/html/vendor/laravel/framework/src/Illuminate/Foundation/Bootstrap/RegisterProviders.php:37
/var/www/html/vendor/laravel/framework/src/Illuminate/Foundation/Application.php:342
/var/www/html/vendor/laravel/framework/src/Illuminate/Foundation/Console/Kernel.php:473
/var/www/html/tests/CreatesApplication.php:31
/var/www/html/vendor/laravel/framework/src/Illuminate/Foundation/Testing/TestCase.php:54
/var/www/html/vendor/laravel/framework/src/Illuminate/Foundation/Testing/Concerns/InteractsWithTestCaseLifecycle.php:92
/var/www/html/vendor/laravel/framework/src/Illuminate/Foundation/Testing/TestCase.php:44
/var/www/html/tests/TestCase.php:36</error>
        </testcase>
        <testcase name="it_can_create_a_payment_method" file="/var/www/html/tests/Feature/Models/PaymentMethodTest.php" line="17" class="Tests\Feature\Models\PaymentMethodTest" classname="Tests.Feature.Models.PaymentMethodTest" assertions="0" time="0.000000">
          <error type="Error">Tests\Feature\Models\PaymentMethodTest::it_can_create_a_payment_method
Error: Class "Laravel\Dusk\DuskServiceProvider" not found

/var/www/html/vendor/laravel/framework/src/Illuminate/Foundation/Application.php:961
/var/www/html/vendor/laravel/framework/src/Illuminate/Foundation/Application.php:893
/var/www/html/app/Providers/AppServiceProvider.php:51
/var/www/html/vendor/laravel/framework/src/Illuminate/Foundation/Application.php:896
/var/www/html/vendor/laravel/framework/src/Illuminate/Foundation/ProviderRepository.php:74
/var/www/html/vendor/laravel/framework/src/Illuminate/Foundation/Application.php:871
/var/www/html/vendor/laravel/framework/src/Illuminate/Foundation/Bootstrap/RegisterProviders.php:37
/var/www/html/vendor/laravel/framework/src/Illuminate/Foundation/Application.php:342
/var/www/html/vendor/laravel/framework/src/Illuminate/Foundation/Console/Kernel.php:473
/var/www/html/tests/CreatesApplication.php:31
/var/www/html/vendor/laravel/framework/src/Illuminate/Foundation/Testing/TestCase.php:54
/var/www/html/vendor/laravel/framework/src/Illuminate/Foundation/Testing/Concerns/InteractsWithTestCaseLifecycle.php:92
/var/www/html/vendor/laravel/framework/src/Illuminate/Foundation/Testing/TestCase.php:44
/var/www/html/tests/TestCase.php:36</error>
        </testcase>
        <testcase name="it_has_active_scope" file="/var/www/html/tests/Feature/Models/PaymentMethodTest.php" line="75" class="Tests\Feature\Models\PaymentMethodTest" classname="Tests.Feature.Models.PaymentMethodTest" assertions="0" time="0.000000">
          <error type="Error">Tests\Feature\Models\PaymentMethodTest::it_has_active_scope
Error: Class "Laravel\Dusk\DuskServiceProvider" not found

/var/www/html/vendor/laravel/framework/src/Illuminate/Foundation/Application.php:961
/var/www/html/vendor/laravel/framework/src/Illuminate/Foundation/Application.php:893
/var/www/html/app/Providers/AppServiceProvider.php:51
/var/www/html/vendor/laravel/framework/src/Illuminate/Foundation/Application.php:896
/var/www/html/vendor/laravel/framework/src/Illuminate/Foundation/ProviderRepository.php:74
/var/www/html/vendor/laravel/framework/src/Illuminate/Foundation/Application.php:871
/var/www/html/vendor/laravel/framework/src/Illuminate/Foundation/Bootstrap/RegisterProviders.php:37
/var/www/html/vendor/laravel/framework/src/Illuminate/Foundation/Application.php:342
/var/www/html/vendor/laravel/framework/src/Illuminate/Foundation/Console/Kernel.php:473
/var/www/html/tests/CreatesApplication.php:31
/var/www/html/vendor/laravel/framework/src/Illuminate/Foundation/Testing/TestCase.php:54
/var/www/html/vendor/laravel/framework/src/Illuminate/Foundation/Testing/Concerns/InteractsWithTestCaseLifecycle.php:92
/var/www/html/vendor/laravel/framework/src/Illuminate/Foundation/Testing/TestCase.php:44
/var/www/html/tests/TestCase.php:36</error>
        </testcase>
      </testsuite>
      <testsuite name="Tests\Feature\FeatureTest" file="/var/www/html/tests/Feature/FeatureTest.php" tests="2" assertions="0" errors="2" failures="0" skipped="0" time="0.000000">
        <testcase name="test_feature_basic_functionality" file="/var/www/html/tests/Feature/FeatureTest.php" line="19" class="Tests\Feature\FeatureTest" classname="Tests.Feature.FeatureTest" assertions="0" time="0.000000">
          <error type="Error">Tests\Feature\FeatureTest::test_feature_basic_functionality
Error: Class "Laravel\Dusk\DuskServiceProvider" not found

/var/www/html/vendor/laravel/framework/src/Illuminate/Foundation/Application.php:961
/var/www/html/vendor/laravel/framework/src/Illuminate/Foundation/Application.php:893
/var/www/html/app/Providers/AppServiceProvider.php:51
/var/www/html/vendor/laravel/framework/src/Illuminate/Foundation/Application.php:896
/var/www/html/vendor/laravel/framework/src/Illuminate/Foundation/ProviderRepository.php:74
/var/www/html/vendor/laravel/framework/src/Illuminate/Foundation/Application.php:871
/var/www/html/vendor/laravel/framework/src/Illuminate/Foundation/Bootstrap/RegisterProviders.php:37
/var/www/html/vendor/laravel/framework/src/Illuminate/Foundation/Application.php:342
/var/www/html/vendor/laravel/framework/src/Illuminate/Foundation/Console/Kernel.php:473
/var/www/html/tests/CreatesApplication.php:31
/var/www/html/vendor/laravel/framework/src/Illuminate/Foundation/Testing/TestCase.php:54
/var/www/html/vendor/laravel/framework/src/Illuminate/Foundation/Testing/Concerns/InteractsWithTestCaseLifecycle.php:92
/var/www/html/vendor/laravel/framework/src/Illuminate/Foundation/Testing/TestCase.php:44
/var/www/html/tests/TestCase.php:36
/var/www/html/tests/Feature/FeatureTest.php:34</error>
        </testcase>
        <testcase name="test_feature_expected_behavior" file="/var/www/html/tests/Feature/FeatureTest.php" line="26" class="Tests\Feature\FeatureTest" classname="Tests.Feature.FeatureTest" assertions="0" time="0.000000">
          <error type="Error">Tests\Feature\FeatureTest::test_feature_expected_behavior
Error: Class "Laravel\Dusk\DuskServiceProvider" not found

/var/www/html/vendor/laravel/framework/src/Illuminate/Foundation/Application.php:961
/var/www/html/vendor/laravel/framework/src/Illuminate/Foundation/Application.php:893
/var/www/html/app/Providers/AppServiceProvider.php:51
/var/www/html/vendor/laravel/framework/src/Illuminate/Foundation/Application.php:896
/var/www/html/vendor/laravel/framework/src/Illuminate/Foundation/ProviderRepository.php:74
/var/www/html/vendor/laravel/framework/src/Illuminate/Foundation/Application.php:871
/var/www/html/vendor/laravel/framework/src/Illuminate/Foundation/Bootstrap/RegisterProviders.php:37
/var/www/html/vendor/laravel/framework/src/Illuminate/Foundation/Application.php:342
/var/www/html/vendor/laravel/framework/src/Illuminate/Foundation/Console/Kernel.php:473
/var/www/html/tests/CreatesApplication.php:31
/var/www/html/vendor/laravel/framework/src/Illuminate/Foundation/Testing/TestCase.php:54
/var/www/html/vendor/laravel/framework/src/Illuminate/Foundation/Testing/Concerns/InteractsWithTestCaseLifecycle.php:92
/var/www/html/vendor/laravel/framework/src/Illuminate/Foundation/Testing/TestCase.php:44
/var/www/html/tests/TestCase.php:36
/var/www/html/tests/Feature/FeatureTest.php:34</error>
        </testcase>
      </testsuite>
      <testsuite name="Tests\Feature\UITest" file="/var/www/html/tests/Feature/UITest.php" tests="3" assertions="0" errors="3" failures="0" skipped="0" time="0.000000">
        <testcase name="test_validation" file="/var/www/html/tests/Feature/UITest.php" line="32" class="Tests\Feature\UITest" classname="Tests.Feature.UITest" assertions="0" time="0.000000">
          <error type="Error">Tests\Feature\UITest::test_validation
Error: Class "Laravel\Dusk\DuskServiceProvider" not found

/var/www/html/vendor/laravel/framework/src/Illuminate/Foundation/Application.php:961
/var/www/html/vendor/laravel/framework/src/Illuminate/Foundation/Application.php:893
/var/www/html/app/Providers/AppServiceProvider.php:51
/var/www/html/vendor/laravel/framework/src/Illuminate/Foundation/Application.php:896
/var/www/html/vendor/laravel/framework/src/Illuminate/Foundation/ProviderRepository.php:74
/var/www/html/vendor/laravel/framework/src/Illuminate/Foundation/Application.php:871
/var/www/html/vendor/laravel/framework/src/Illuminate/Foundation/Bootstrap/RegisterProviders.php:37
/var/www/html/vendor/laravel/framework/src/Illuminate/Foundation/Application.php:342
/var/www/html/vendor/laravel/framework/src/Illuminate/Foundation/Console/Kernel.php:473
/var/www/html/tests/CreatesApplication.php:31
/var/www/html/vendor/laravel/framework/src/Illuminate/Foundation/Testing/TestCase.php:54
/var/www/html/vendor/laravel/framework/src/Illuminate/Foundation/Testing/Concerns/InteractsWithTestCaseLifecycle.php:92
/var/www/html/vendor/laravel/framework/src/Illuminate/Foundation/Testing/TestCase.php:44
/var/www/html/tests/TestCase.php:36
/var/www/html/tests/Feature/UITest.php:40</error>
        </testcase>
        <testcase name="test_basic_functionality" file="/var/www/html/tests/Feature/UITest.php" line="18" class="Tests\Feature\UITest" classname="Tests.Feature.UITest" assertions="0" time="0.000000">
          <error type="Error">Tests\Feature\UITest::test_basic_functionality
Error: Class "Laravel\Dusk\DuskServiceProvider" not found

/var/www/html/vendor/laravel/framework/src/Illuminate/Foundation/Application.php:961
/var/www/html/vendor/laravel/framework/src/Illuminate/Foundation/Application.php:893
/var/www/html/app/Providers/AppServiceProvider.php:51
/var/www/html/vendor/laravel/framework/src/Illuminate/Foundation/Application.php:896
/var/www/html/vendor/laravel/framework/src/Illuminate/Foundation/ProviderRepository.php:74
/var/www/html/vendor/laravel/framework/src/Illuminate/Foundation/Application.php:871
/var/www/html/vendor/laravel/framework/src/Illuminate/Foundation/Bootstrap/RegisterProviders.php:37
/var/www/html/vendor/laravel/framework/src/Illuminate/Foundation/Application.php:342
/var/www/html/vendor/laravel/framework/src/Illuminate/Foundation/Console/Kernel.php:473
/var/www/html/tests/CreatesApplication.php:31
/var/www/html/vendor/laravel/framework/src/Illuminate/Foundation/Testing/TestCase.php:54
/var/www/html/vendor/laravel/framework/src/Illuminate/Foundation/Testing/Concerns/InteractsWithTestCaseLifecycle.php:92
/var/www/html/vendor/laravel/framework/src/Illuminate/Foundation/Testing/TestCase.php:44
/var/www/html/tests/TestCase.php:36
/var/www/html/tests/Feature/UITest.php:40</error>
        </testcase>
        <testcase name="test_expected_behavior" file="/var/www/html/tests/Feature/UITest.php" line="25" class="Tests\Feature\UITest" classname="Tests.Feature.UITest" assertions="0" time="0.000000">
          <error type="Error">Tests\Feature\UITest::test_expected_behavior
Error: Class "Laravel\Dusk\DuskServiceProvider" not found

/var/www/html/vendor/laravel/framework/src/Illuminate/Foundation/Application.php:961
/var/www/html/vendor/laravel/framework/src/Illuminate/Foundation/Application.php:893
/var/www/html/app/Providers/AppServiceProvider.php:51
/var/www/html/vendor/laravel/framework/src/Illuminate/Foundation/Application.php:896
/var/www/html/vendor/laravel/framework/src/Illuminate/Foundation/ProviderRepository.php:74
/var/www/html/vendor/laravel/framework/src/Illuminate/Foundation/Application.php:871
/var/www/html/vendor/laravel/framework/src/Illuminate/Foundation/Bootstrap/RegisterProviders.php:37
/var/www/html/vendor/laravel/framework/src/Illuminate/Foundation/Application.php:342
/var/www/html/vendor/laravel/framework/src/Illuminate/Foundation/Console/Kernel.php:473
/var/www/html/tests/CreatesApplication.php:31
/var/www/html/vendor/laravel/framework/src/Illuminate/Foundation/Testing/TestCase.php:54
/var/www/html/vendor/laravel/framework/src/Illuminate/Foundation/Testing/Concerns/InteractsWithTestCaseLifecycle.php:92
/var/www/html/vendor/laravel/framework/src/Illuminate/Foundation/Testing/TestCase.php:44
/var/www/html/tests/TestCase.php:36
/var/www/html/tests/Feature/UITest.php:40</error>
        </testcase>
      </testsuite>
      <testsuite name="Tests\Feature\Auth\AuthControllerTest" file="/var/www/html/tests/Feature/Auth/AuthControllerTest.php" tests="11" assertions="0" errors="11" failures="0" skipped="0" time="0.000000">
        <testcase name="test_login_is_rate_limited" file="/var/www/html/tests/Feature/Auth/AuthControllerTest.php" line="133" class="Tests\Feature\Auth\AuthControllerTest" classname="Tests.Feature.Auth.AuthControllerTest" assertions="0" time="0.000000">
          <error type="Error">Tests\Feature\Auth\AuthControllerTest::test_login_is_rate_limited
Error: Class "Laravel\Dusk\DuskServiceProvider" not found

/var/www/html/vendor/laravel/framework/src/Illuminate/Foundation/Application.php:961
/var/www/html/vendor/laravel/framework/src/Illuminate/Foundation/Application.php:893
/var/www/html/app/Providers/AppServiceProvider.php:51
/var/www/html/vendor/laravel/framework/src/Illuminate/Foundation/Application.php:896
/var/www/html/vendor/laravel/framework/src/Illuminate/Foundation/ProviderRepository.php:74
/var/www/html/vendor/laravel/framework/src/Illuminate/Foundation/Application.php:871
/var/www/html/vendor/laravel/framework/src/Illuminate/Foundation/Bootstrap/RegisterProviders.php:37
/var/www/html/vendor/laravel/framework/src/Illuminate/Foundation/Application.php:342
/var/www/html/vendor/laravel/framework/src/Illuminate/Foundation/Console/Kernel.php:473
/var/www/html/tests/CreatesApplication.php:31
/var/www/html/vendor/laravel/framework/src/Illuminate/Foundation/Testing/TestCase.php:54
/var/www/html/vendor/laravel/framework/src/Illuminate/Foundation/Testing/Concerns/InteractsWithTestCaseLifecycle.php:92
/var/www/html/vendor/laravel/framework/src/Illuminate/Foundation/Testing/TestCase.php:44
/var/www/html/tests/TestCase.php:36</error>
        </testcase>
        <testcase name="test_user_cannot_register_with_weak_password" file="/var/www/html/tests/Feature/Auth/AuthControllerTest.php" line="66" class="Tests\Feature\Auth\AuthControllerTest" classname="Tests.Feature.Auth.AuthControllerTest" assertions="0" time="0.000000">
          <error type="Error">Tests\Feature\Auth\AuthControllerTest::test_user_cannot_register_with_weak_password
Error: Class "Laravel\Dusk\DuskServiceProvider" not found

/var/www/html/vendor/laravel/framework/src/Illuminate/Foundation/Application.php:961
/var/www/html/vendor/laravel/framework/src/Illuminate/Foundation/Application.php:893
/var/www/html/app/Providers/AppServiceProvider.php:51
/var/www/html/vendor/laravel/framework/src/Illuminate/Foundation/Application.php:896
/var/www/html/vendor/laravel/framework/src/Illuminate/Foundation/ProviderRepository.php:74
/var/www/html/vendor/laravel/framework/src/Illuminate/Foundation/Application.php:871
/var/www/html/vendor/laravel/framework/src/Illuminate/Foundation/Bootstrap/RegisterProviders.php:37
/var/www/html/vendor/laravel/framework/src/Illuminate/Foundation/Application.php:342
/var/www/html/vendor/laravel/framework/src/Illuminate/Foundation/Console/Kernel.php:473
/var/www/html/tests/CreatesApplication.php:31
/var/www/html/vendor/laravel/framework/src/Illuminate/Foundation/Testing/TestCase.php:54
/var/www/html/vendor/laravel/framework/src/Illuminate/Foundation/Testing/Concerns/InteractsWithTestCaseLifecycle.php:92
/var/www/html/vendor/laravel/framework/src/Illuminate/Foundation/Testing/TestCase.php:44
/var/www/html/tests/TestCase.php:36</error>
        </testcase>
        <testcase name="test_register_is_rate_limited" file="/var/www/html/tests/Feature/Auth/AuthControllerTest.php" line="156" class="Tests\Feature\Auth\AuthControllerTest" classname="Tests.Feature.Auth.AuthControllerTest" assertions="0" time="0.000000">
          <error type="Error">Tests\Feature\Auth\AuthControllerTest::test_register_is_rate_limited
Error: Class "Laravel\Dusk\DuskServiceProvider" not found

/var/www/html/vendor/laravel/framework/src/Illuminate/Foundation/Application.php:961
/var/www/html/vendor/laravel/framework/src/Illuminate/Foundation/Application.php:893
/var/www/html/app/Providers/AppServiceProvider.php:51
/var/www/html/vendor/laravel/framework/src/Illuminate/Foundation/Application.php:896
/var/www/html/vendor/laravel/framework/src/Illuminate/Foundation/ProviderRepository.php:74
/var/www/html/vendor/laravel/framework/src/Illuminate/Foundation/Application.php:871
/var/www/html/vendor/laravel/framework/src/Illuminate/Foundation/Bootstrap/RegisterProviders.php:37
/var/www/html/vendor/laravel/framework/src/Illuminate/Foundation/Application.php:342
/var/www/html/vendor/laravel/framework/src/Illuminate/Foundation/Console/Kernel.php:473
/var/www/html/tests/CreatesApplication.php:31
/var/www/html/vendor/laravel/framework/src/Illuminate/Foundation/Testing/TestCase.php:54
/var/www/html/vendor/laravel/framework/src/Illuminate/Foundation/Testing/Concerns/InteractsWithTestCaseLifecycle.php:92
/var/www/html/vendor/laravel/framework/src/Illuminate/Foundation/Testing/TestCase.php:44
/var/www/html/tests/TestCase.php:36</error>
        </testcase>
        <testcase name="test_password_uses_hash_make_not_bcrypt" file="/var/www/html/tests/Feature/Auth/AuthControllerTest.php" line="178" class="Tests\Feature\Auth\AuthControllerTest" classname="Tests.Feature.Auth.AuthControllerTest" assertions="0" time="0.000000">
          <error type="Error">Tests\Feature\Auth\AuthControllerTest::test_password_uses_hash_make_not_bcrypt
Error: Class "Laravel\Dusk\DuskServiceProvider" not found

/var/www/html/vendor/laravel/framework/src/Illuminate/Foundation/Application.php:961
/var/www/html/vendor/laravel/framework/src/Illuminate/Foundation/Application.php:893
/var/www/html/app/Providers/AppServiceProvider.php:51
/var/www/html/vendor/laravel/framework/src/Illuminate/Foundation/Application.php:896
/var/www/html/vendor/laravel/framework/src/Illuminate/Foundation/ProviderRepository.php:74
/var/www/html/vendor/laravel/framework/src/Illuminate/Foundation/Application.php:871
/var/www/html/vendor/laravel/framework/src/Illuminate/Foundation/Bootstrap/RegisterProviders.php:37
/var/www/html/vendor/laravel/framework/src/Illuminate/Foundation/Application.php:342
/var/www/html/vendor/laravel/framework/src/Illuminate/Foundation/Console/Kernel.php:473
/var/www/html/tests/CreatesApplication.php:31
/var/www/html/vendor/laravel/framework/src/Illuminate/Foundation/Testing/TestCase.php:54
/var/www/html/vendor/laravel/framework/src/Illuminate/Foundation/Testing/Concerns/InteractsWithTestCaseLifecycle.php:92
/var/www/html/vendor/laravel/framework/src/Illuminate/Foundation/Testing/TestCase.php:44
/var/www/html/tests/TestCase.php:36</error>
        </testcase>
        <testcase name="test_user_can_login_with_valid_credentials" file="/var/www/html/tests/Feature/Auth/AuthControllerTest.php" line="17" class="Tests\Feature\Auth\AuthControllerTest" classname="Tests.Feature.Auth.AuthControllerTest" assertions="0" time="0.000000">
          <error type="Error">Tests\Feature\Auth\AuthControllerTest::test_user_can_login_with_valid_credentials
Error: Class "Laravel\Dusk\DuskServiceProvider" not found

/var/www/html/vendor/laravel/framework/src/Illuminate/Foundation/Application.php:961
/var/www/html/vendor/laravel/framework/src/Illuminate/Foundation/Application.php:893
/var/www/html/app/Providers/AppServiceProvider.php:51
/var/www/html/vendor/laravel/framework/src/Illuminate/Foundation/Application.php:896
/var/www/html/vendor/laravel/framework/src/Illuminate/Foundation/ProviderRepository.php:74
/var/www/html/vendor/laravel/framework/src/Illuminate/Foundation/Application.php:871
/var/www/html/vendor/laravel/framework/src/Illuminate/Foundation/Bootstrap/RegisterProviders.php:37
/var/www/html/vendor/laravel/framework/src/Illuminate/Foundation/Application.php:342
/var/www/html/vendor/laravel/framework/src/Illuminate/Foundation/Console/Kernel.php:473
/var/www/html/tests/CreatesApplication.php:31
/var/www/html/vendor/laravel/framework/src/Illuminate/Foundation/Testing/TestCase.php:54
/var/www/html/vendor/laravel/framework/src/Illuminate/Foundation/Testing/Concerns/InteractsWithTestCaseLifecycle.php:92
/var/www/html/vendor/laravel/framework/src/Illuminate/Foundation/Testing/TestCase.php:44
/var/www/html/tests/TestCase.php:36</error>
        </testcase>
        <testcase name="test_user_cannot_register_with_existing_email" file="/var/www/html/tests/Feature/Auth/AuthControllerTest.php" line="79" class="Tests\Feature\Auth\AuthControllerTest" classname="Tests.Feature.Auth.AuthControllerTest" assertions="0" time="0.000000">
          <error type="Error">Tests\Feature\Auth\AuthControllerTest::test_user_cannot_register_with_existing_email
Error: Class "Laravel\Dusk\DuskServiceProvider" not found

/var/www/html/vendor/laravel/framework/src/Illuminate/Foundation/Application.php:961
/var/www/html/vendor/laravel/framework/src/Illuminate/Foundation/Application.php:893
/var/www/html/app/Providers/AppServiceProvider.php:51
/var/www/html/vendor/laravel/framework/src/Illuminate/Foundation/Application.php:896
/var/www/html/vendor/laravel/framework/src/Illuminate/Foundation/ProviderRepository.php:74
/var/www/html/vendor/laravel/framework/src/Illuminate/Foundation/Application.php:871
/var/www/html/vendor/laravel/framework/src/Illuminate/Foundation/Bootstrap/RegisterProviders.php:37
/var/www/html/vendor/laravel/framework/src/Illuminate/Foundation/Application.php:342
/var/www/html/vendor/laravel/framework/src/Illuminate/Foundation/Console/Kernel.php:473
/var/www/html/tests/CreatesApplication.php:31
/var/www/html/vendor/laravel/framework/src/Illuminate/Foundation/Testing/TestCase.php:54
/var/www/html/vendor/laravel/framework/src/Illuminate/Foundation/Testing/Concerns/InteractsWithTestCaseLifecycle.php:92
/var/www/html/vendor/laravel/framework/src/Illuminate/Foundation/Testing/TestCase.php:44
/var/www/html/tests/TestCase.php:36</error>
        </testcase>
        <testcase name="test_user_can_request_password_reset" file="/var/www/html/tests/Feature/Auth/AuthControllerTest.php" line="105" class="Tests\Feature\Auth\AuthControllerTest" classname="Tests.Feature.Auth.AuthControllerTest" assertions="0" time="0.000000">
          <error type="Error">Tests\Feature\Auth\AuthControllerTest::test_user_can_request_password_reset
Error: Class "Laravel\Dusk\DuskServiceProvider" not found

/var/www/html/vendor/laravel/framework/src/Illuminate/Foundation/Application.php:961
/var/www/html/vendor/laravel/framework/src/Illuminate/Foundation/Application.php:893
/var/www/html/app/Providers/AppServiceProvider.php:51
/var/www/html/vendor/laravel/framework/src/Illuminate/Foundation/Application.php:896
/var/www/html/vendor/laravel/framework/src/Illuminate/Foundation/ProviderRepository.php:74
/var/www/html/vendor/laravel/framework/src/Illuminate/Foundation/Application.php:871
/var/www/html/vendor/laravel/framework/src/Illuminate/Foundation/Bootstrap/RegisterProviders.php:37
/var/www/html/vendor/laravel/framework/src/Illuminate/Foundation/Application.php:342
/var/www/html/vendor/laravel/framework/src/Illuminate/Foundation/Console/Kernel.php:473
/var/www/html/tests/CreatesApplication.php:31
/var/www/html/vendor/laravel/framework/src/Illuminate/Foundation/Testing/TestCase.php:54
/var/www/html/vendor/laravel/framework/src/Illuminate/Foundation/Testing/Concerns/InteractsWithTestCaseLifecycle.php:92
/var/www/html/vendor/laravel/framework/src/Illuminate/Foundation/Testing/TestCase.php:44
/var/www/html/tests/TestCase.php:36</error>
        </testcase>
        <testcase name="test_user_can_reset_password_with_valid_token" file="/var/www/html/tests/Feature/Auth/AuthControllerTest.php" line="117" class="Tests\Feature\Auth\AuthControllerTest" classname="Tests.Feature.Auth.AuthControllerTest" assertions="0" time="0.000000">
          <error type="Error">Tests\Feature\Auth\AuthControllerTest::test_user_can_reset_password_with_valid_token
Error: Class "Laravel\Dusk\DuskServiceProvider" not found

/var/www/html/vendor/laravel/framework/src/Illuminate/Foundation/Application.php:961
/var/www/html/vendor/laravel/framework/src/Illuminate/Foundation/Application.php:893
/var/www/html/app/Providers/AppServiceProvider.php:51
/var/www/html/vendor/laravel/framework/src/Illuminate/Foundation/Application.php:896
/var/www/html/vendor/laravel/framework/src/Illuminate/Foundation/ProviderRepository.php:74
/var/www/html/vendor/laravel/framework/src/Illuminate/Foundation/Application.php:871
/var/www/html/vendor/laravel/framework/src/Illuminate/Foundation/Bootstrap/RegisterProviders.php:37
/var/www/html/vendor/laravel/framework/src/Illuminate/Foundation/Application.php:342
/var/www/html/vendor/laravel/framework/src/Illuminate/Foundation/Console/Kernel.php:473
/var/www/html/tests/CreatesApplication.php:31
/var/www/html/vendor/laravel/framework/src/Illuminate/Foundation/Testing/TestCase.php:54
/var/www/html/vendor/laravel/framework/src/Illuminate/Foundation/Testing/Concerns/InteractsWithTestCaseLifecycle.php:92
/var/www/html/vendor/laravel/framework/src/Illuminate/Foundation/Testing/TestCase.php:44
/var/www/html/tests/TestCase.php:36</error>
        </testcase>
        <testcase name="test_user_cannot_login_with_invalid_credentials" file="/var/www/html/tests/Feature/Auth/AuthControllerTest.php" line="33" class="Tests\Feature\Auth\AuthControllerTest" classname="Tests.Feature.Auth.AuthControllerTest" assertions="0" time="0.000000">
          <error type="Error">Tests\Feature\Auth\AuthControllerTest::test_user_cannot_login_with_invalid_credentials
Error: Class "Laravel\Dusk\DuskServiceProvider" not found

/var/www/html/vendor/laravel/framework/src/Illuminate/Foundation/Application.php:961
/var/www/html/vendor/laravel/framework/src/Illuminate/Foundation/Application.php:893
/var/www/html/app/Providers/AppServiceProvider.php:51
/var/www/html/vendor/laravel/framework/src/Illuminate/Foundation/Application.php:896
/var/www/html/vendor/laravel/framework/src/Illuminate/Foundation/ProviderRepository.php:74
/var/www/html/vendor/laravel/framework/src/Illuminate/Foundation/Application.php:871
/var/www/html/vendor/laravel/framework/src/Illuminate/Foundation/Bootstrap/RegisterProviders.php:37
/var/www/html/vendor/laravel/framework/src/Illuminate/Foundation/Application.php:342
/var/www/html/vendor/laravel/framework/src/Illuminate/Foundation/Console/Kernel.php:473
/var/www/html/tests/CreatesApplication.php:31
/var/www/html/vendor/laravel/framework/src/Illuminate/Foundation/Testing/TestCase.php:54
/var/www/html/vendor/laravel/framework/src/Illuminate/Foundation/Testing/Concerns/InteractsWithTestCaseLifecycle.php:92
/var/www/html/vendor/laravel/framework/src/Illuminate/Foundation/Testing/TestCase.php:44
/var/www/html/tests/TestCase.php:36</error>
        </testcase>
        <testcase name="test_user_can_logout" file="/var/www/html/tests/Feature/Auth/AuthControllerTest.php" line="94" class="Tests\Feature\Auth\AuthControllerTest" classname="Tests.Feature.Auth.AuthControllerTest" assertions="0" time="0.000000">
          <error type="Error">Tests\Feature\Auth\AuthControllerTest::test_user_can_logout
Error: Class "Laravel\Dusk\DuskServiceProvider" not found

/var/www/html/vendor/laravel/framework/src/Illuminate/Foundation/Application.php:961
/var/www/html/vendor/laravel/framework/src/Illuminate/Foundation/Application.php:893
/var/www/html/app/Providers/AppServiceProvider.php:51
/var/www/html/vendor/laravel/framework/src/Illuminate/Foundation/Application.php:896
/var/www/html/vendor/laravel/framework/src/Illuminate/Foundation/ProviderRepository.php:74
/var/www/html/vendor/laravel/framework/src/Illuminate/Foundation/Application.php:871
/var/www/html/vendor/laravel/framework/src/Illuminate/Foundation/Bootstrap/RegisterProviders.php:37
/var/www/html/vendor/laravel/framework/src/Illuminate/Foundation/Application.php:342
/var/www/html/vendor/laravel/framework/src/Illuminate/Foundation/Console/Kernel.php:473
/var/www/html/tests/CreatesApplication.php:31
/var/www/html/vendor/laravel/framework/src/Illuminate/Foundation/Testing/TestCase.php:54
/var/www/html/vendor/laravel/framework/src/Illuminate/Foundation/Testing/Concerns/InteractsWithTestCaseLifecycle.php:92
/var/www/html/vendor/laravel/framework/src/Illuminate/Foundation/Testing/TestCase.php:44
/var/www/html/tests/TestCase.php:36</error>
        </testcase>
        <testcase name="test_user_can_register_with_valid_data" file="/var/www/html/tests/Feature/Auth/AuthControllerTest.php" line="49" class="Tests\Feature\Auth\AuthControllerTest" classname="Tests.Feature.Auth.AuthControllerTest" assertions="0" time="0.000000">
          <error type="Error">Tests\Feature\Auth\AuthControllerTest::test_user_can_register_with_valid_data
Error: Class "Laravel\Dusk\DuskServiceProvider" not found

/var/www/html/vendor/laravel/framework/src/Illuminate/Foundation/Application.php:961
/var/www/html/vendor/laravel/framework/src/Illuminate/Foundation/Application.php:893
/var/www/html/app/Providers/AppServiceProvider.php:51
/var/www/html/vendor/laravel/framework/src/Illuminate/Foundation/Application.php:896
/var/www/html/vendor/laravel/framework/src/Illuminate/Foundation/ProviderRepository.php:74
/var/www/html/vendor/laravel/framework/src/Illuminate/Foundation/Application.php:871
/var/www/html/vendor/laravel/framework/src/Illuminate/Foundation/Bootstrap/RegisterProviders.php:37
/var/www/html/vendor/laravel/framework/src/Illuminate/Foundation/Application.php:342
/var/www/html/vendor/laravel/framework/src/Illuminate/Foundation/Console/Kernel.php:473
/var/www/html/tests/CreatesApplication.php:31
/var/www/html/vendor/laravel/framework/src/Illuminate/Foundation/Testing/TestCase.php:54
/var/www/html/vendor/laravel/framework/src/Illuminate/Foundation/Testing/Concerns/InteractsWithTestCaseLifecycle.php:92
/var/www/html/vendor/laravel/framework/src/Illuminate/Foundation/Testing/TestCase.php:44
/var/www/html/tests/TestCase.php:36</error>
        </testcase>
      </testsuite>
      <testsuite name="Tests\Feature\RoutingTest" file="/var/www/html/tests/Feature/RoutingTest.php" tests="3" assertions="0" errors="3" failures="0" skipped="0" time="0.000000">
        <testcase name="test_basic_functionality" file="/var/www/html/tests/Feature/RoutingTest.php" line="18" class="Tests\Feature\RoutingTest" classname="Tests.Feature.RoutingTest" assertions="0" time="0.000000">
          <error type="Error">Tests\Feature\RoutingTest::test_basic_functionality
Error: Class "Laravel\Dusk\DuskServiceProvider" not found

/var/www/html/vendor/laravel/framework/src/Illuminate/Foundation/Application.php:961
/var/www/html/vendor/laravel/framework/src/Illuminate/Foundation/Application.php:893
/var/www/html/app/Providers/AppServiceProvider.php:51
/var/www/html/vendor/laravel/framework/src/Illuminate/Foundation/Application.php:896
/var/www/html/vendor/laravel/framework/src/Illuminate/Foundation/ProviderRepository.php:74
/var/www/html/vendor/laravel/framework/src/Illuminate/Foundation/Application.php:871
/var/www/html/vendor/laravel/framework/src/Illuminate/Foundation/Bootstrap/RegisterProviders.php:37
/var/www/html/vendor/laravel/framework/src/Illuminate/Foundation/Application.php:342
/var/www/html/vendor/laravel/framework/src/Illuminate/Foundation/Console/Kernel.php:473
/var/www/html/tests/CreatesApplication.php:31
/var/www/html/vendor/laravel/framework/src/Illuminate/Foundation/Testing/TestCase.php:54
/var/www/html/vendor/laravel/framework/src/Illuminate/Foundation/Testing/Concerns/InteractsWithTestCaseLifecycle.php:92
/var/www/html/vendor/laravel/framework/src/Illuminate/Foundation/Testing/TestCase.php:44
/var/www/html/tests/TestCase.php:36
/var/www/html/tests/Feature/RoutingTest.php:40</error>
        </testcase>
        <testcase name="test_expected_behavior" file="/var/www/html/tests/Feature/RoutingTest.php" line="25" class="Tests\Feature\RoutingTest" classname="Tests.Feature.RoutingTest" assertions="0" time="0.000000">
          <error type="Error">Tests\Feature\RoutingTest::test_expected_behavior
Error: Class "Laravel\Dusk\DuskServiceProvider" not found

/var/www/html/vendor/laravel/framework/src/Illuminate/Foundation/Application.php:961
/var/www/html/vendor/laravel/framework/src/Illuminate/Foundation/Application.php:893
/var/www/html/app/Providers/AppServiceProvider.php:51
/var/www/html/vendor/laravel/framework/src/Illuminate/Foundation/Application.php:896
/var/www/html/vendor/laravel/framework/src/Illuminate/Foundation/ProviderRepository.php:74
/var/www/html/vendor/laravel/framework/src/Illuminate/Foundation/Application.php:871
/var/www/html/vendor/laravel/framework/src/Illuminate/Foundation/Bootstrap/RegisterProviders.php:37
/var/www/html/vendor/laravel/framework/src/Illuminate/Foundation/Application.php:342
/var/www/html/vendor/laravel/framework/src/Illuminate/Foundation/Console/Kernel.php:473
/var/www/html/tests/CreatesApplication.php:31
/var/www/html/vendor/laravel/framework/src/Illuminate/Foundation/Testing/TestCase.php:54
/var/www/html/vendor/laravel/framework/src/Illuminate/Foundation/Testing/Concerns/InteractsWithTestCaseLifecycle.php:92
/var/www/html/vendor/laravel/framework/src/Illuminate/Foundation/Testing/TestCase.php:44
/var/www/html/tests/TestCase.php:36
/var/www/html/tests/Feature/RoutingTest.php:40</error>
        </testcase>
        <testcase name="test_validation" file="/var/www/html/tests/Feature/RoutingTest.php" line="32" class="Tests\Feature\RoutingTest" classname="Tests.Feature.RoutingTest" assertions="0" time="0.000000">
          <error type="Error">Tests\Feature\RoutingTest::test_validation
Error: Class "Laravel\Dusk\DuskServiceProvider" not found

/var/www/html/vendor/laravel/framework/src/Illuminate/Foundation/Application.php:961
/var/www/html/vendor/laravel/framework/src/Illuminate/Foundation/Application.php:893
/var/www/html/app/Providers/AppServiceProvider.php:51
/var/www/html/vendor/laravel/framework/src/Illuminate/Foundation/Application.php:896
/var/www/html/vendor/laravel/framework/src/Illuminate/Foundation/ProviderRepository.php:74
/var/www/html/vendor/laravel/framework/src/Illuminate/Foundation/Application.php:871
/var/www/html/vendor/laravel/framework/src/Illuminate/Foundation/Bootstrap/RegisterProviders.php:37
/var/www/html/vendor/laravel/framework/src/Illuminate/Foundation/Application.php:342
/var/www/html/vendor/laravel/framework/src/Illuminate/Foundation/Console/Kernel.php:473
/var/www/html/tests/CreatesApplication.php:31
/var/www/html/vendor/laravel/framework/src/Illuminate/Foundation/Testing/TestCase.php:54
/var/www/html/vendor/laravel/framework/src/Illuminate/Foundation/Testing/Concerns/InteractsWithTestCaseLifecycle.php:92
/var/www/html/vendor/laravel/framework/src/Illuminate/Foundation/Testing/TestCase.php:44
/var/www/html/tests/TestCase.php:36
/var/www/html/tests/Feature/RoutingTest.php:40</error>
        </testcase>
      </testsuite>
      <testsuite name="Tests\Feature\Services\UserBanServiceTest" file="/var/www/html/tests/Feature/Services/UserBanServiceTest.php" tests="18" assertions="0" errors="18" failures="0" skipped="0" time="0.000000">
        <testcase name="test_handles_ban_user_with_invalid_reason" file="/var/www/html/tests/Feature/Services/UserBanServiceTest.php" line="77" class="Tests\Feature\Services\UserBanServiceTest" classname="Tests.Feature.Services.UserBanServiceTest" assertions="0" time="0.000000">
          <error type="Error">Tests\Feature\Services\UserBanServiceTest::test_handles_ban_user_with_invalid_reason
Error: Class "Laravel\Dusk\DuskServiceProvider" not found

/var/www/html/vendor/laravel/framework/src/Illuminate/Foundation/Application.php:961
/var/www/html/vendor/laravel/framework/src/Illuminate/Foundation/Application.php:893
/var/www/html/app/Providers/AppServiceProvider.php:51
/var/www/html/vendor/laravel/framework/src/Illuminate/Foundation/Application.php:896
/var/www/html/vendor/laravel/framework/src/Illuminate/Foundation/ProviderRepository.php:74
/var/www/html/vendor/laravel/framework/src/Illuminate/Foundation/Application.php:871
/var/www/html/vendor/laravel/framework/src/Illuminate/Foundation/Bootstrap/RegisterProviders.php:37
/var/www/html/vendor/laravel/framework/src/Illuminate/Foundation/Application.php:342
/var/www/html/vendor/laravel/framework/src/Illuminate/Foundation/Console/Kernel.php:473
/var/www/html/tests/CreatesApplication.php:31
/var/www/html/vendor/laravel/framework/src/Illuminate/Foundation/Testing/TestCase.php:54
/var/www/html/vendor/laravel/framework/src/Illuminate/Foundation/Testing/Concerns/InteractsWithTestCaseLifecycle.php:92
/var/www/html/vendor/laravel/framework/src/Illuminate/Foundation/Testing/TestCase.php:44
/var/www/html/tests/TestCase.php:36
/var/www/html/tests/Feature/Services/UserBanServiceTest.php:20</error>
        </testcase>
        <testcase name="test_checks_can_unban_user" file="/var/www/html/tests/Feature/Services/UserBanServiceTest.php" line="203" class="Tests\Feature\Services\UserBanServiceTest" classname="Tests.Feature.Services.UserBanServiceTest" assertions="0" time="0.000000">
          <error type="Error">Tests\Feature\Services\UserBanServiceTest::test_checks_can_unban_user
Error: Class "Laravel\Dusk\DuskServiceProvider" not found

/var/www/html/vendor/laravel/framework/src/Illuminate/Foundation/Application.php:961
/var/www/html/vendor/laravel/framework/src/Illuminate/Foundation/Application.php:893
/var/www/html/app/Providers/AppServiceProvider.php:51
/var/www/html/vendor/laravel/framework/src/Illuminate/Foundation/Application.php:896
/var/www/html/vendor/laravel/framework/src/Illuminate/Foundation/ProviderRepository.php:74
/var/www/html/vendor/laravel/framework/src/Illuminate/Foundation/Application.php:871
/var/www/html/vendor/laravel/framework/src/Illuminate/Foundation/Bootstrap/RegisterProviders.php:37
/var/www/html/vendor/laravel/framework/src/Illuminate/Foundation/Application.php:342
/var/www/html/vendor/laravel/framework/src/Illuminate/Foundation/Console/Kernel.php:473
/var/www/html/tests/CreatesApplication.php:31
/var/www/html/vendor/laravel/framework/src/Illuminate/Foundation/Testing/TestCase.php:54
/var/www/html/vendor/laravel/framework/src/Illuminate/Foundation/Testing/Concerns/InteractsWithTestCaseLifecycle.php:92
/var/www/html/vendor/laravel/framework/src/Illuminate/Foundation/Testing/TestCase.php:44
/var/www/html/tests/TestCase.php:36
/var/www/html/tests/Feature/Services/UserBanServiceTest.php:20</error>
        </testcase>
        <testcase name="test_handles_ban_user_with_valid_reason" file="/var/www/html/tests/Feature/Services/UserBanServiceTest.php" line="63" class="Tests\Feature\Services\UserBanServiceTest" classname="Tests.Feature.Services.UserBanServiceTest" assertions="0" time="0.000000">
          <error type="Error">Tests\Feature\Services\UserBanServiceTest::test_handles_ban_user_with_valid_reason
Error: Class "Laravel\Dusk\DuskServiceProvider" not found

/var/www/html/vendor/laravel/framework/src/Illuminate/Foundation/Application.php:961
/var/www/html/vendor/laravel/framework/src/Illuminate/Foundation/Application.php:893
/var/www/html/app/Providers/AppServiceProvider.php:51
/var/www/html/vendor/laravel/framework/src/Illuminate/Foundation/Application.php:896
/var/www/html/vendor/laravel/framework/src/Illuminate/Foundation/ProviderRepository.php:74
/var/www/html/vendor/laravel/framework/src/Illuminate/Foundation/Application.php:871
/var/www/html/vendor/laravel/framework/src/Illuminate/Foundation/Bootstrap/RegisterProviders.php:37
/var/www/html/vendor/laravel/framework/src/Illuminate/Foundation/Application.php:342
/var/www/html/vendor/laravel/framework/src/Illuminate/Foundation/Console/Kernel.php:473
/var/www/html/tests/CreatesApplication.php:31
/var/www/html/vendor/laravel/framework/src/Illuminate/Foundation/Testing/TestCase.php:54
/var/www/html/vendor/laravel/framework/src/Illuminate/Foundation/Testing/Concerns/InteractsWithTestCaseLifecycle.php:92
/var/www/html/vendor/laravel/framework/src/Illuminate/Foundation/Testing/TestCase.php:44
/var/www/html/tests/TestCase.php:36
/var/www/html/tests/Feature/Services/UserBanServiceTest.php:20</error>
        </testcase>
        <testcase name="test_gets_ban_history" file="/var/www/html/tests/Feature/Services/UserBanServiceTest.php" line="215" class="Tests\Feature\Services\UserBanServiceTest" classname="Tests.Feature.Services.UserBanServiceTest" assertions="0" time="0.000000">
          <error type="Error">Tests\Feature\Services\UserBanServiceTest::test_gets_ban_history
Error: Class "Laravel\Dusk\DuskServiceProvider" not found

/var/www/html/vendor/laravel/framework/src/Illuminate/Foundation/Application.php:961
/var/www/html/vendor/laravel/framework/src/Illuminate/Foundation/Application.php:893
/var/www/html/app/Providers/AppServiceProvider.php:51
/var/www/html/vendor/laravel/framework/src/Illuminate/Foundation/Application.php:896
/var/www/html/vendor/laravel/framework/src/Illuminate/Foundation/ProviderRepository.php:74
/var/www/html/vendor/laravel/framework/src/Illuminate/Foundation/Application.php:871
/var/www/html/vendor/laravel/framework/src/Illuminate/Foundation/Bootstrap/RegisterProviders.php:37
/var/www/html/vendor/laravel/framework/src/Illuminate/Foundation/Application.php:342
/var/www/html/vendor/laravel/framework/src/Illuminate/Foundation/Console/Kernel.php:473
/var/www/html/tests/CreatesApplication.php:31
/var/www/html/vendor/laravel/framework/src/Illuminate/Foundation/Testing/TestCase.php:54
/var/www/html/vendor/laravel/framework/src/Illuminate/Foundation/Testing/Concerns/InteractsWithTestCaseLifecycle.php:92
/var/www/html/vendor/laravel/framework/src/Illuminate/Foundation/Testing/TestCase.php:44
/var/www/html/tests/TestCase.php:36
/var/www/html/tests/Feature/Services/UserBanServiceTest.php:20</error>
        </testcase>
        <testcase name="test_handles_reduce_ban" file="/var/www/html/tests/Feature/Services/UserBanServiceTest.php" line="240" class="Tests\Feature\Services\UserBanServiceTest" classname="Tests.Feature.Services.UserBanServiceTest" assertions="0" time="0.000000">
          <error type="Error">Tests\Feature\Services\UserBanServiceTest::test_handles_reduce_ban
Error: Class "Laravel\Dusk\DuskServiceProvider" not found

/var/www/html/vendor/laravel/framework/src/Illuminate/Foundation/Application.php:961
/var/www/html/vendor/laravel/framework/src/Illuminate/Foundation/Application.php:893
/var/www/html/app/Providers/AppServiceProvider.php:51
/var/www/html/vendor/laravel/framework/src/Illuminate/Foundation/Application.php:896
/var/www/html/vendor/laravel/framework/src/Illuminate/Foundation/ProviderRepository.php:74
/var/www/html/vendor/laravel/framework/src/Illuminate/Foundation/Application.php:871
/var/www/html/vendor/laravel/framework/src/Illuminate/Foundation/Bootstrap/RegisterProviders.php:37
/var/www/html/vendor/laravel/framework/src/Illuminate/Foundation/Application.php:342
/var/www/html/vendor/laravel/framework/src/Illuminate/Foundation/Console/Kernel.php:473
/var/www/html/tests/CreatesApplication.php:31
/var/www/html/vendor/laravel/framework/src/Illuminate/Foundation/Testing/TestCase.php:54
/var/www/html/vendor/laravel/framework/src/Illuminate/Foundation/Testing/Concerns/InteractsWithTestCaseLifecycle.php:92
/var/www/html/vendor/laravel/framework/src/Illuminate/Foundation/Testing/TestCase.php:44
/var/www/html/tests/TestCase.php:36
/var/www/html/tests/Feature/Services/UserBanServiceTest.php:20</error>
        </testcase>
        <testcase name="test_gets_ban_statistics" file="/var/www/html/tests/Feature/Services/UserBanServiceTest.php" line="169" class="Tests\Feature\Services\UserBanServiceTest" classname="Tests.Feature.Services.UserBanServiceTest" assertions="0" time="0.000000">
          <error type="Error">Tests\Feature\Services\UserBanServiceTest::test_gets_ban_statistics
Error: Class "Laravel\Dusk\DuskServiceProvider" not found

/var/www/html/vendor/laravel/framework/src/Illuminate/Foundation/Application.php:961
/var/www/html/vendor/laravel/framework/src/Illuminate/Foundation/Application.php:893
/var/www/html/app/Providers/AppServiceProvider.php:51
/var/www/html/vendor/laravel/framework/src/Illuminate/Foundation/Application.php:896
/var/www/html/vendor/laravel/framework/src/Illuminate/Foundation/ProviderRepository.php:74
/var/www/html/vendor/laravel/framework/src/Illuminate/Foundation/Application.php:871
/var/www/html/vendor/laravel/framework/src/Illuminate/Foundation/Bootstrap/RegisterProviders.php:37
/var/www/html/vendor/laravel/framework/src/Illuminate/Foundation/Application.php:342
/var/www/html/vendor/laravel/framework/src/Illuminate/Foundation/Console/Kernel.php:473
/var/www/html/tests/CreatesApplication.php:31
/var/www/html/vendor/laravel/framework/src/Illuminate/Foundation/Testing/TestCase.php:54
/var/www/html/vendor/laravel/framework/src/Illuminate/Foundation/Testing/Concerns/InteractsWithTestCaseLifecycle.php:92
/var/www/html/vendor/laravel/framework/src/Illuminate/Foundation/Testing/TestCase.php:44
/var/www/html/tests/TestCase.php:36
/var/www/html/tests/Feature/Services/UserBanServiceTest.php:20</error>
        </testcase>
        <testcase name="test_gets_ban_info_for_user" file="/var/www/html/tests/Feature/Services/UserBanServiceTest.php" line="117" class="Tests\Feature\Services\UserBanServiceTest" classname="Tests.Feature.Services.UserBanServiceTest" assertions="0" time="0.000000">
          <error type="Error">Tests\Feature\Services\UserBanServiceTest::test_gets_ban_info_for_user
Error: Class "Laravel\Dusk\DuskServiceProvider" not found

/var/www/html/vendor/laravel/framework/src/Illuminate/Foundation/Application.php:961
/var/www/html/vendor/laravel/framework/src/Illuminate/Foundation/Application.php:893
/var/www/html/app/Providers/AppServiceProvider.php:51
/var/www/html/vendor/laravel/framework/src/Illuminate/Foundation/Application.php:896
/var/www/html/vendor/laravel/framework/src/Illuminate/Foundation/ProviderRepository.php:74
/var/www/html/vendor/laravel/framework/src/Illuminate/Foundation/Application.php:871
/var/www/html/vendor/laravel/framework/src/Illuminate/Foundation/Bootstrap/RegisterProviders.php:37
/var/www/html/vendor/laravel/framework/src/Illuminate/Foundation/Application.php:342
/var/www/html/vendor/laravel/framework/src/Illuminate/Foundation/Console/Kernel.php:473
/var/www/html/tests/CreatesApplication.php:31
/var/www/html/vendor/laravel/framework/src/Illuminate/Foundation/Testing/TestCase.php:54
/var/www/html/vendor/laravel/framework/src/Illuminate/Foundation/Testing/Concerns/InteractsWithTestCaseLifecycle.php:92
/var/www/html/vendor/laravel/framework/src/Illuminate/Foundation/Testing/TestCase.php:44
/var/www/html/tests/TestCase.php:36
/var/www/html/tests/Feature/Services/UserBanServiceTest.php:20</error>
        </testcase>
        <testcase name="test_gets_banned_users" file="/var/www/html/tests/Feature/Services/UserBanServiceTest.php" line="141" class="Tests\Feature\Services\UserBanServiceTest" classname="Tests.Feature.Services.UserBanServiceTest" assertions="0" time="0.000000">
          <error type="Error">Tests\Feature\Services\UserBanServiceTest::test_gets_banned_users
Error: Class "Laravel\Dusk\DuskServiceProvider" not found

/var/www/html/vendor/laravel/framework/src/Illuminate/Foundation/Application.php:961
/var/www/html/vendor/laravel/framework/src/Illuminate/Foundation/Application.php:893
/var/www/html/app/Providers/AppServiceProvider.php:51
/var/www/html/vendor/laravel/framework/src/Illuminate/Foundation/Application.php:896
/var/www/html/vendor/laravel/framework/src/Illuminate/Foundation/ProviderRepository.php:74
/var/www/html/vendor/laravel/framework/src/Illuminate/Foundation/Application.php:871
/var/www/html/vendor/laravel/framework/src/Illuminate/Foundation/Bootstrap/RegisterProviders.php:37
/var/www/html/vendor/laravel/framework/src/Illuminate/Foundation/Application.php:342
/var/www/html/vendor/laravel/framework/src/Illuminate/Foundation/Console/Kernel.php:473
/var/www/html/tests/CreatesApplication.php:31
/var/www/html/vendor/laravel/framework/src/Illuminate/Foundation/Testing/TestCase.php:54
/var/www/html/vendor/laravel/framework/src/Illuminate/Foundation/Testing/Concerns/InteractsWithTestCaseLifecycle.php:92
/var/www/html/vendor/laravel/framework/src/Illuminate/Foundation/Testing/TestCase.php:44
/var/www/html/tests/TestCase.php:36
/var/www/html/tests/Feature/Services/UserBanServiceTest.php:20</error>
        </testcase>
        <testcase name="test_cleans_up_expired_bans" file="/var/www/html/tests/Feature/Services/UserBanServiceTest.php" line="159" class="Tests\Feature\Services\UserBanServiceTest" classname="Tests.Feature.Services.UserBanServiceTest" assertions="0" time="0.000000">
          <error type="Error">Tests\Feature\Services\UserBanServiceTest::test_cleans_up_expired_bans
Error: Class "Laravel\Dusk\DuskServiceProvider" not found

/var/www/html/vendor/laravel/framework/src/Illuminate/Foundation/Application.php:961
/var/www/html/vendor/laravel/framework/src/Illuminate/Foundation/Application.php:893
/var/www/html/app/Providers/AppServiceProvider.php:51
/var/www/html/vendor/laravel/framework/src/Illuminate/Foundation/Application.php:896
/var/www/html/vendor/laravel/framework/src/Illuminate/Foundation/ProviderRepository.php:74
/var/www/html/vendor/laravel/framework/src/Illuminate/Foundation/Application.php:871
/var/www/html/vendor/laravel/framework/src/Illuminate/Foundation/Bootstrap/RegisterProviders.php:37
/var/www/html/vendor/laravel/framework/src/Illuminate/Foundation/Application.php:342
/var/www/html/vendor/laravel/framework/src/Illuminate/Foundation/Console/Kernel.php:473
/var/www/html/tests/CreatesApplication.php:31
/var/www/html/vendor/laravel/framework/src/Illuminate/Foundation/Testing/TestCase.php:54
/var/www/html/vendor/laravel/framework/src/Illuminate/Foundation/Testing/Concerns/InteractsWithTestCaseLifecycle.php:92
/var/www/html/vendor/laravel/framework/src/Illuminate/Foundation/Testing/TestCase.php:44
/var/www/html/tests/TestCase.php:36
/var/www/html/tests/Feature/Services/UserBanServiceTest.php:20</error>
        </testcase>
        <testcase name="test_handles_auto_unban_expired_user" file="/var/www/html/tests/Feature/Services/UserBanServiceTest.php" line="129" class="Tests\Feature\Services\UserBanServiceTest" classname="Tests.Feature.Services.UserBanServiceTest" assertions="0" time="0.000000">
          <error type="Error">Tests\Feature\Services\UserBanServiceTest::test_handles_auto_unban_expired_user
Error: Class "Laravel\Dusk\DuskServiceProvider" not found

/var/www/html/vendor/laravel/framework/src/Illuminate/Foundation/Application.php:961
/var/www/html/vendor/laravel/framework/src/Illuminate/Foundation/Application.php:893
/var/www/html/app/Providers/AppServiceProvider.php:51
/var/www/html/vendor/laravel/framework/src/Illuminate/Foundation/Application.php:896
/var/www/html/vendor/laravel/framework/src/Illuminate/Foundation/ProviderRepository.php:74
/var/www/html/vendor/laravel/framework/src/Illuminate/Foundation/Application.php:871
/var/www/html/vendor/laravel/framework/src/Illuminate/Foundation/Bootstrap/RegisterProviders.php:37
/var/www/html/vendor/laravel/framework/src/Illuminate/Foundation/Application.php:342
/var/www/html/vendor/laravel/framework/src/Illuminate/Foundation/Console/Kernel.php:473
/var/www/html/tests/CreatesApplication.php:31
/var/www/html/vendor/laravel/framework/src/Illuminate/Foundation/Testing/TestCase.php:54
/var/www/html/vendor/laravel/framework/src/Illuminate/Foundation/Testing/Concerns/InteractsWithTestCaseLifecycle.php:92
/var/www/html/vendor/laravel/framework/src/Illuminate/Foundation/Testing/TestCase.php:44
/var/www/html/tests/TestCase.php:36
/var/www/html/tests/Feature/Services/UserBanServiceTest.php:20</error>
        </testcase>
        <testcase name="test_handles_permanent_ban" file="/var/www/html/tests/Feature/Services/UserBanServiceTest.php" line="91" class="Tests\Feature\Services\UserBanServiceTest" classname="Tests.Feature.Services.UserBanServiceTest" assertions="0" time="0.000000">
          <error type="Error">Tests\Feature\Services\UserBanServiceTest::test_handles_permanent_ban
Error: Class "Laravel\Dusk\DuskServiceProvider" not found

/var/www/html/vendor/laravel/framework/src/Illuminate/Foundation/Application.php:961
/var/www/html/vendor/laravel/framework/src/Illuminate/Foundation/Application.php:893
/var/www/html/app/Providers/AppServiceProvider.php:51
/var/www/html/vendor/laravel/framework/src/Illuminate/Foundation/Application.php:896
/var/www/html/vendor/laravel/framework/src/Illuminate/Foundation/ProviderRepository.php:74
/var/www/html/vendor/laravel/framework/src/Illuminate/Foundation/Application.php:871
/var/www/html/vendor/laravel/framework/src/Illuminate/Foundation/Bootstrap/RegisterProviders.php:37
/var/www/html/vendor/laravel/framework/src/Illuminate/Foundation/Application.php:342
/var/www/html/vendor/laravel/framework/src/Illuminate/Foundation/Console/Kernel.php:473
/var/www/html/tests/CreatesApplication.php:31
/var/www/html/vendor/laravel/framework/src/Illuminate/Foundation/Testing/TestCase.php:54
/var/www/html/vendor/laravel/framework/src/Illuminate/Foundation/Testing/Concerns/InteractsWithTestCaseLifecycle.php:92
/var/www/html/vendor/laravel/framework/src/Illuminate/Foundation/Testing/TestCase.php:44
/var/www/html/tests/TestCase.php:36
/var/www/html/tests/Feature/Services/UserBanServiceTest.php:20</error>
        </testcase>
        <testcase name="test_gets_users_with_expired_bans" file="/var/www/html/tests/Feature/Services/UserBanServiceTest.php" line="150" class="Tests\Feature\Services\UserBanServiceTest" classname="Tests.Feature.Services.UserBanServiceTest" assertions="0" time="0.000000">
          <error type="Error">Tests\Feature\Services\UserBanServiceTest::test_gets_users_with_expired_bans
Error: Class "Laravel\Dusk\DuskServiceProvider" not found

/var/www/html/vendor/laravel/framework/src/Illuminate/Foundation/Application.php:961
/var/www/html/vendor/laravel/framework/src/Illuminate/Foundation/Application.php:893
/var/www/html/app/Providers/AppServiceProvider.php:51
/var/www/html/vendor/laravel/framework/src/Illuminate/Foundation/Application.php:896
/var/www/html/vendor/laravel/framework/src/Illuminate/Foundation/ProviderRepository.php:74
/var/www/html/vendor/laravel/framework/src/Illuminate/Foundation/Application.php:871
/var/www/html/vendor/laravel/framework/src/Illuminate/Foundation/Bootstrap/RegisterProviders.php:37
/var/www/html/vendor/laravel/framework/src/Illuminate/Foundation/Application.php:342
/var/www/html/vendor/laravel/framework/src/Illuminate/Foundation/Console/Kernel.php:473
/var/www/html/tests/CreatesApplication.php:31
/var/www/html/vendor/laravel/framework/src/Illuminate/Foundation/Testing/TestCase.php:54
/var/www/html/vendor/laravel/framework/src/Illuminate/Foundation/Testing/Concerns/InteractsWithTestCaseLifecycle.php:92
/var/www/html/vendor/laravel/framework/src/Illuminate/Foundation/Testing/TestCase.php:44
/var/www/html/tests/TestCase.php:36
/var/www/html/tests/Feature/Services/UserBanServiceTest.php:20</error>
        </testcase>
        <testcase name="test_handles_extend_ban" file="/var/www/html/tests/Feature/Services/UserBanServiceTest.php" line="227" class="Tests\Feature\Services\UserBanServiceTest" classname="Tests.Feature.Services.UserBanServiceTest" assertions="0" time="0.000000">
          <error type="Error">Tests\Feature\Services\UserBanServiceTest::test_handles_extend_ban
Error: Class "Laravel\Dusk\DuskServiceProvider" not found

/var/www/html/vendor/laravel/framework/src/Illuminate/Foundation/Application.php:961
/var/www/html/vendor/laravel/framework/src/Illuminate/Foundation/Application.php:893
/var/www/html/app/Providers/AppServiceProvider.php:51
/var/www/html/vendor/laravel/framework/src/Illuminate/Foundation/Application.php:896
/var/www/html/vendor/laravel/framework/src/Illuminate/Foundation/ProviderRepository.php:74
/var/www/html/vendor/laravel/framework/src/Illuminate/Foundation/Application.php:871
/var/www/html/vendor/laravel/framework/src/Illuminate/Foundation/Bootstrap/RegisterProviders.php:37
/var/www/html/vendor/laravel/framework/src/Illuminate/Foundation/Application.php:342
/var/www/html/vendor/laravel/framework/src/Illuminate/Foundation/Console/Kernel.php:473
/var/www/html/tests/CreatesApplication.php:31
/var/www/html/vendor/laravel/framework/src/Illuminate/Foundation/Testing/TestCase.php:54
/var/www/html/vendor/laravel/framework/src/Illuminate/Foundation/Testing/Concerns/InteractsWithTestCaseLifecycle.php:92
/var/www/html/vendor/laravel/framework/src/Illuminate/Foundation/Testing/TestCase.php:44
/var/www/html/tests/TestCase.php:36
/var/www/html/tests/Feature/Services/UserBanServiceTest.php:20</error>
        </testcase>
        <testcase name="test_can_be_instantiated" file="/var/www/html/tests/Feature/Services/UserBanServiceTest.php" line="45" class="Tests\Feature\Services\UserBanServiceTest" classname="Tests.Feature.Services.UserBanServiceTest" assertions="0" time="0.000000">
          <error type="Error">Tests\Feature\Services\UserBanServiceTest::test_can_be_instantiated
Error: Class "Laravel\Dusk\DuskServiceProvider" not found

/var/www/html/vendor/laravel/framework/src/Illuminate/Foundation/Application.php:961
/var/www/html/vendor/laravel/framework/src/Illuminate/Foundation/Application.php:893
/var/www/html/app/Providers/AppServiceProvider.php:51
/var/www/html/vendor/laravel/framework/src/Illuminate/Foundation/Application.php:896
/var/www/html/vendor/laravel/framework/src/Illuminate/Foundation/ProviderRepository.php:74
/var/www/html/vendor/laravel/framework/src/Illuminate/Foundation/Application.php:871
/var/www/html/vendor/laravel/framework/src/Illuminate/Foundation/Bootstrap/RegisterProviders.php:37
/var/www/html/vendor/laravel/framework/src/Illuminate/Foundation/Application.php:342
/var/www/html/vendor/laravel/framework/src/Illuminate/Foundation/Console/Kernel.php:473
/var/www/html/tests/CreatesApplication.php:31
/var/www/html/vendor/laravel/framework/src/Illuminate/Foundation/Testing/TestCase.php:54
/var/www/html/vendor/laravel/framework/src/Illuminate/Foundation/Testing/Concerns/InteractsWithTestCaseLifecycle.php:92
/var/www/html/vendor/laravel/framework/src/Illuminate/Foundation/Testing/TestCase.php:44
/var/www/html/tests/TestCase.php:36
/var/www/html/tests/Feature/Services/UserBanServiceTest.php:20</error>
        </testcase>
        <testcase name="test_gets_ban_reasons" file="/var/www/html/tests/Feature/Services/UserBanServiceTest.php" line="182" class="Tests\Feature\Services\UserBanServiceTest" classname="Tests.Feature.Services.UserBanServiceTest" assertions="0" time="0.000000">
          <error type="Error">Tests\Feature\Services\UserBanServiceTest::test_gets_ban_reasons
Error: Class "Laravel\Dusk\DuskServiceProvider" not found

/var/www/html/vendor/laravel/framework/src/Illuminate/Foundation/Application.php:961
/var/www/html/vendor/laravel/framework/src/Illuminate/Foundation/Application.php:893
/var/www/html/app/Providers/AppServiceProvider.php:51
/var/www/html/vendor/laravel/framework/src/Illuminate/Foundation/Application.php:896
/var/www/html/vendor/laravel/framework/src/Illuminate/Foundation/ProviderRepository.php:74
/var/www/html/vendor/laravel/framework/src/Illuminate/Foundation/Application.php:871
/var/www/html/vendor/laravel/framework/src/Illuminate/Foundation/Bootstrap/RegisterProviders.php:37
/var/www/html/vendor/laravel/framework/src/Illuminate/Foundation/Application.php:342
/var/www/html/vendor/laravel/framework/src/Illuminate/Foundation/Console/Kernel.php:473
/var/www/html/tests/CreatesApplication.php:31
/var/www/html/vendor/laravel/framework/src/Illuminate/Foundation/Testing/TestCase.php:54
/var/www/html/vendor/laravel/framework/src/Illuminate/Foundation/Testing/Concerns/InteractsWithTestCaseLifecycle.php:92
/var/www/html/vendor/laravel/framework/src/Illuminate/Foundation/Testing/TestCase.php:44
/var/www/html/tests/TestCase.php:36
/var/www/html/tests/Feature/Services/UserBanServiceTest.php:20</error>
        </testcase>
        <testcase name="test_handles_unban_user" file="/var/www/html/tests/Feature/Services/UserBanServiceTest.php" line="105" class="Tests\Feature\Services\UserBanServiceTest" classname="Tests.Feature.Services.UserBanServiceTest" assertions="0" time="0.000000">
          <error type="Error">Tests\Feature\Services\UserBanServiceTest::test_handles_unban_user
Error: Class "Laravel\Dusk\DuskServiceProvider" not found

/var/www/html/vendor/laravel/framework/src/Illuminate/Foundation/Application.php:961
/var/www/html/vendor/laravel/framework/src/Illuminate/Foundation/Application.php:893
/var/www/html/app/Providers/AppServiceProvider.php:51
/var/www/html/vendor/laravel/framework/src/Illuminate/Foundation/Application.php:896
/var/www/html/vendor/laravel/framework/src/Illuminate/Foundation/ProviderRepository.php:74
/var/www/html/vendor/laravel/framework/src/Illuminate/Foundation/Application.php:871
/var/www/html/vendor/laravel/framework/src/Illuminate/Foundation/Bootstrap/RegisterProviders.php:37
/var/www/html/vendor/laravel/framework/src/Illuminate/Foundation/Application.php:342
/var/www/html/vendor/laravel/framework/src/Illuminate/Foundation/Console/Kernel.php:473
/var/www/html/tests/CreatesApplication.php:31
/var/www/html/vendor/laravel/framework/src/Illuminate/Foundation/Testing/TestCase.php:54
/var/www/html/vendor/laravel/framework/src/Illuminate/Foundation/Testing/Concerns/InteractsWithTestCaseLifecycle.php:92
/var/www/html/vendor/laravel/framework/src/Illuminate/Foundation/Testing/TestCase.php:44
/var/www/html/tests/TestCase.php:36
/var/www/html/tests/Feature/Services/UserBanServiceTest.php:20</error>
        </testcase>
        <testcase name="test_checks_can_ban_user" file="/var/www/html/tests/Feature/Services/UserBanServiceTest.php" line="191" class="Tests\Feature\Services\UserBanServiceTest" classname="Tests.Feature.Services.UserBanServiceTest" assertions="0" time="0.000000">
          <error type="Error">Tests\Feature\Services\UserBanServiceTest::test_checks_can_ban_user
Error: Class "Laravel\Dusk\DuskServiceProvider" not found

/var/www/html/vendor/laravel/framework/src/Illuminate/Foundation/Application.php:961
/var/www/html/vendor/laravel/framework/src/Illuminate/Foundation/Application.php:893
/var/www/html/app/Providers/AppServiceProvider.php:51
/var/www/html/vendor/laravel/framework/src/Illuminate/Foundation/Application.php:896
/var/www/html/vendor/laravel/framework/src/Illuminate/Foundation/ProviderRepository.php:74
/var/www/html/vendor/laravel/framework/src/Illuminate/Foundation/Application.php:871
/var/www/html/vendor/laravel/framework/src/Illuminate/Foundation/Bootstrap/RegisterProviders.php:37
/var/www/html/vendor/laravel/framework/src/Illuminate/Foundation/Application.php:342
/var/www/html/vendor/laravel/framework/src/Illuminate/Foundation/Console/Kernel.php:473
/var/www/html/tests/CreatesApplication.php:31
/var/www/html/vendor/laravel/framework/src/Illuminate/Foundation/Testing/TestCase.php:54
/var/www/html/vendor/laravel/framework/src/Illuminate/Foundation/Testing/Concerns/InteractsWithTestCaseLifecycle.php:92
/var/www/html/vendor/laravel/framework/src/Illuminate/Foundation/Testing/TestCase.php:44
/var/www/html/tests/TestCase.php:36
/var/www/html/tests/Feature/Services/UserBanServiceTest.php:20</error>
        </testcase>
        <testcase name="test_checks_user_is_not_banned_by_default" file="/var/www/html/tests/Feature/Services/UserBanServiceTest.php" line="51" class="Tests\Feature\Services\UserBanServiceTest" classname="Tests.Feature.Services.UserBanServiceTest" assertions="0" time="0.000000">
          <error type="Error">Tests\Feature\Services\UserBanServiceTest::test_checks_user_is_not_banned_by_default
Error: Class "Laravel\Dusk\DuskServiceProvider" not found

/var/www/html/vendor/laravel/framework/src/Illuminate/Foundation/Application.php:961
/var/www/html/vendor/laravel/framework/src/Illuminate/Foundation/Application.php:893
/var/www/html/app/Providers/AppServiceProvider.php:51
/var/www/html/vendor/laravel/framework/src/Illuminate/Foundation/Application.php:896
/var/www/html/vendor/laravel/framework/src/Illuminate/Foundation/ProviderRepository.php:74
/var/www/html/vendor/laravel/framework/src/Illuminate/Foundation/Application.php:871
/var/www/html/vendor/laravel/framework/src/Illuminate/Foundation/Bootstrap/RegisterProviders.php:37
/var/www/html/vendor/laravel/framework/src/Illuminate/Foundation/Application.php:342
/var/www/html/vendor/laravel/framework/src/Illuminate/Foundation/Console/Kernel.php:473
/var/www/html/tests/CreatesApplication.php:31
/var/www/html/vendor/laravel/framework/src/Illuminate/Foundation/Testing/TestCase.php:54
/var/www/html/vendor/laravel/framework/src/Illuminate/Foundation/Testing/Concerns/InteractsWithTestCaseLifecycle.php:92
/var/www/html/vendor/laravel/framework/src/Illuminate/Foundation/Testing/TestCase.php:44
/var/www/html/tests/TestCase.php:36
/var/www/html/tests/Feature/Services/UserBanServiceTest.php:20</error>
        </testcase>
      </testsuite>
      <testsuite name="Tests\Feature\DatabaseMigrationTest" file="/var/www/html/tests/Feature/DatabaseMigrationTest.php" tests="3" assertions="0" errors="3" failures="0" skipped="0" time="0.000000">
        <testcase name="test_expected_behavior" file="/var/www/html/tests/Feature/DatabaseMigrationTest.php" line="25" class="Tests\Feature\DatabaseMigrationTest" classname="Tests.Feature.DatabaseMigrationTest" assertions="0" time="0.000000">
          <error type="Error">Tests\Feature\DatabaseMigrationTest::test_expected_behavior
Error: Class "Laravel\Dusk\DuskServiceProvider" not found

/var/www/html/vendor/laravel/framework/src/Illuminate/Foundation/Application.php:961
/var/www/html/vendor/laravel/framework/src/Illuminate/Foundation/Application.php:893
/var/www/html/app/Providers/AppServiceProvider.php:51
/var/www/html/vendor/laravel/framework/src/Illuminate/Foundation/Application.php:896
/var/www/html/vendor/laravel/framework/src/Illuminate/Foundation/ProviderRepository.php:74
/var/www/html/vendor/laravel/framework/src/Illuminate/Foundation/Application.php:871
/var/www/html/vendor/laravel/framework/src/Illuminate/Foundation/Bootstrap/RegisterProviders.php:37
/var/www/html/vendor/laravel/framework/src/Illuminate/Foundation/Application.php:342
/var/www/html/vendor/laravel/framework/src/Illuminate/Foundation/Console/Kernel.php:473
/var/www/html/tests/CreatesApplication.php:31
/var/www/html/vendor/laravel/framework/src/Illuminate/Foundation/Testing/TestCase.php:54
/var/www/html/vendor/laravel/framework/src/Illuminate/Foundation/Testing/Concerns/InteractsWithTestCaseLifecycle.php:92
/var/www/html/vendor/laravel/framework/src/Illuminate/Foundation/Testing/TestCase.php:44
/var/www/html/tests/TestCase.php:36
/var/www/html/tests/Feature/DatabaseMigrationTest.php:40</error>
        </testcase>
        <testcase name="test_validation" file="/var/www/html/tests/Feature/DatabaseMigrationTest.php" line="32" class="Tests\Feature\DatabaseMigrationTest" classname="Tests.Feature.DatabaseMigrationTest" assertions="0" time="0.000000">
          <error type="Error">Tests\Feature\DatabaseMigrationTest::test_validation
Error: Class "Laravel\Dusk\DuskServiceProvider" not found

/var/www/html/vendor/laravel/framework/src/Illuminate/Foundation/Application.php:961
/var/www/html/vendor/laravel/framework/src/Illuminate/Foundation/Application.php:893
/var/www/html/app/Providers/AppServiceProvider.php:51
/var/www/html/vendor/laravel/framework/src/Illuminate/Foundation/Application.php:896
/var/www/html/vendor/laravel/framework/src/Illuminate/Foundation/ProviderRepository.php:74
/var/www/html/vendor/laravel/framework/src/Illuminate/Foundation/Application.php:871
/var/www/html/vendor/laravel/framework/src/Illuminate/Foundation/Bootstrap/RegisterProviders.php:37
/var/www/html/vendor/laravel/framework/src/Illuminate/Foundation/Application.php:342
/var/www/html/vendor/laravel/framework/src/Illuminate/Foundation/Console/Kernel.php:473
/var/www/html/tests/CreatesApplication.php:31
/var/www/html/vendor/laravel/framework/src/Illuminate/Foundation/Testing/TestCase.php:54
/var/www/html/vendor/laravel/framework/src/Illuminate/Foundation/Testing/Concerns/InteractsWithTestCaseLifecycle.php:92
/var/www/html/vendor/laravel/framework/src/Illuminate/Foundation/Testing/TestCase.php:44
/var/www/html/tests/TestCase.php:36
/var/www/html/tests/Feature/DatabaseMigrationTest.php:40</error>
        </testcase>
        <testcase name="test_basic_functionality" file="/var/www/html/tests/Feature/DatabaseMigrationTest.php" line="18" class="Tests\Feature\DatabaseMigrationTest" classname="Tests.Feature.DatabaseMigrationTest" assertions="0" time="0.000000">
          <error type="Error">Tests\Feature\DatabaseMigrationTest::test_basic_functionality
Error: Class "Laravel\Dusk\DuskServiceProvider" not found

/var/www/html/vendor/laravel/framework/src/Illuminate/Foundation/Application.php:961
/var/www/html/vendor/laravel/framework/src/Illuminate/Foundation/Application.php:893
/var/www/html/app/Providers/AppServiceProvider.php:51
/var/www/html/vendor/laravel/framework/src/Illuminate/Foundation/Application.php:896
/var/www/html/vendor/laravel/framework/src/Illuminate/Foundation/ProviderRepository.php:74
/var/www/html/vendor/laravel/framework/src/Illuminate/Foundation/Application.php:871
/var/www/html/vendor/laravel/framework/src/Illuminate/Foundation/Bootstrap/RegisterProviders.php:37
/var/www/html/vendor/laravel/framework/src/Illuminate/Foundation/Application.php:342
/var/www/html/vendor/laravel/framework/src/Illuminate/Foundation/Console/Kernel.php:473
/var/www/html/tests/CreatesApplication.php:31
/var/www/html/vendor/laravel/framework/src/Illuminate/Foundation/Testing/TestCase.php:54
/var/www/html/vendor/laravel/framework/src/Illuminate/Foundation/Testing/Concerns/InteractsWithTestCaseLifecycle.php:92
/var/www/html/vendor/laravel/framework/src/Illuminate/Foundation/Testing/TestCase.php:44
/var/www/html/tests/TestCase.php:36
/var/www/html/tests/Feature/DatabaseMigrationTest.php:40</error>
        </testcase>
      </testsuite>
      <testsuite name="Tests\Feature\Http\Middleware\PreventRequestsDuringMaintenanceTest" file="/var/www/html/tests/Feature/Http/Middleware/PreventRequestsDuringMaintenanceTest.php" tests="5" assertions="0" errors="5" failures="0" skipped="0" time="0.000000">
        <testcase name="test_prevent_requests_during_maintenance_middleware_handles_api_requests" file="/var/www/html/tests/Feature/Http/Middleware/PreventRequestsDuringMaintenanceTest.php" line="104" class="Tests\Feature\Http\Middleware\PreventRequestsDuringMaintenanceTest" classname="Tests.Feature.Http.Middleware.PreventRequestsDuringMaintenanceTest" assertions="0" time="0.000000">
          <error type="Error">Tests\Feature\Http\Middleware\PreventRequestsDuringMaintenanceTest::test_prevent_requests_during_maintenance_middleware_handles_api_requests
Error: Class "Laravel\Dusk\DuskServiceProvider" not found

/var/www/html/vendor/laravel/framework/src/Illuminate/Foundation/Application.php:961
/var/www/html/vendor/laravel/framework/src/Illuminate/Foundation/Application.php:893
/var/www/html/app/Providers/AppServiceProvider.php:51
/var/www/html/vendor/laravel/framework/src/Illuminate/Foundation/Application.php:896
/var/www/html/vendor/laravel/framework/src/Illuminate/Foundation/ProviderRepository.php:74
/var/www/html/vendor/laravel/framework/src/Illuminate/Foundation/Application.php:871
/var/www/html/vendor/laravel/framework/src/Illuminate/Foundation/Bootstrap/RegisterProviders.php:37
/var/www/html/vendor/laravel/framework/src/Illuminate/Foundation/Application.php:342
/var/www/html/vendor/laravel/framework/src/Illuminate/Foundation/Console/Kernel.php:473
/var/www/html/tests/CreatesApplication.php:31
/var/www/html/vendor/laravel/framework/src/Illuminate/Foundation/Testing/TestCase.php:54
/var/www/html/vendor/laravel/framework/src/Illuminate/Foundation/Testing/Concerns/InteractsWithTestCaseLifecycle.php:92
/var/www/html/vendor/laravel/framework/src/Illuminate/Foundation/Testing/TestCase.php:44
/var/www/html/tests/TestCase.php:36</error>
        </testcase>
        <testcase name="test_prevent_requests_during_maintenance_middleware_blocks_requests_during_maintenance" file="/var/www/html/tests/Feature/Http/Middleware/PreventRequestsDuringMaintenanceTest.php" line="43" class="Tests\Feature\Http\Middleware\PreventRequestsDuringMaintenanceTest" classname="Tests.Feature.Http.Middleware.PreventRequestsDuringMaintenanceTest" assertions="0" time="0.000000">
          <error type="Error">Tests\Feature\Http\Middleware\PreventRequestsDuringMaintenanceTest::test_prevent_requests_during_maintenance_middleware_blocks_requests_during_maintenance
Error: Class "Laravel\Dusk\DuskServiceProvider" not found

/var/www/html/vendor/laravel/framework/src/Illuminate/Foundation/Application.php:961
/var/www/html/vendor/laravel/framework/src/Illuminate/Foundation/Application.php:893
/var/www/html/app/Providers/AppServiceProvider.php:51
/var/www/html/vendor/laravel/framework/src/Illuminate/Foundation/Application.php:896
/var/www/html/vendor/laravel/framework/src/Illuminate/Foundation/ProviderRepository.php:74
/var/www/html/vendor/laravel/framework/src/Illuminate/Foundation/Application.php:871
/var/www/html/vendor/laravel/framework/src/Illuminate/Foundation/Bootstrap/RegisterProviders.php:37
/var/www/html/vendor/laravel/framework/src/Illuminate/Foundation/Application.php:342
/var/www/html/vendor/laravel/framework/src/Illuminate/Foundation/Console/Kernel.php:473
/var/www/html/tests/CreatesApplication.php:31
/var/www/html/vendor/laravel/framework/src/Illuminate/Foundation/Testing/TestCase.php:54
/var/www/html/vendor/laravel/framework/src/Illuminate/Foundation/Testing/Concerns/InteractsWithTestCaseLifecycle.php:92
/var/www/html/vendor/laravel/framework/src/Illuminate/Foundation/Testing/TestCase.php:44
/var/www/html/tests/TestCase.php:36</error>
        </testcase>
        <testcase name="test_prevent_requests_during_maintenance_middleware_handles_different_request_methods" file="/var/www/html/tests/Feature/Http/Middleware/PreventRequestsDuringMaintenanceTest.php" line="87" class="Tests\Feature\Http\Middleware\PreventRequestsDuringMaintenanceTest" classname="Tests.Feature.Http.Middleware.PreventRequestsDuringMaintenanceTest" assertions="0" time="0.000000">
          <error type="Error">Tests\Feature\Http\Middleware\PreventRequestsDuringMaintenanceTest::test_prevent_requests_during_maintenance_middleware_handles_different_request_methods
Error: Class "Laravel\Dusk\DuskServiceProvider" not found

/var/www/html/vendor/laravel/framework/src/Illuminate/Foundation/Application.php:961
/var/www/html/vendor/laravel/framework/src/Illuminate/Foundation/Application.php:893
/var/www/html/app/Providers/AppServiceProvider.php:51
/var/www/html/vendor/laravel/framework/src/Illuminate/Foundation/Application.php:896
/var/www/html/vendor/laravel/framework/src/Illuminate/Foundation/ProviderRepository.php:74
/var/www/html/vendor/laravel/framework/src/Illuminate/Foundation/Application.php:871
/var/www/html/vendor/laravel/framework/src/Illuminate/Foundation/Bootstrap/RegisterProviders.php:37
/var/www/html/vendor/laravel/framework/src/Illuminate/Foundation/Application.php:342
/var/www/html/vendor/laravel/framework/src/Illuminate/Foundation/Console/Kernel.php:473
/var/www/html/tests/CreatesApplication.php:31
/var/www/html/vendor/laravel/framework/src/Illuminate/Foundation/Testing/TestCase.php:54
/var/www/html/vendor/laravel/framework/src/Illuminate/Foundation/Testing/Concerns/InteractsWithTestCaseLifecycle.php:92
/var/www/html/vendor/laravel/framework/src/Illuminate/Foundation/Testing/TestCase.php:44
/var/www/html/tests/TestCase.php:36</error>
        </testcase>
        <testcase name="test_prevent_requests_during_maintenance_middleware_handles_maintenance_mode_with_exceptions" file="/var/www/html/tests/Feature/Http/Middleware/PreventRequestsDuringMaintenanceTest.php" line="66" class="Tests\Feature\Http\Middleware\PreventRequestsDuringMaintenanceTest" classname="Tests.Feature.Http.Middleware.PreventRequestsDuringMaintenanceTest" assertions="0" time="0.000000">
          <error type="Error">Tests\Feature\Http\Middleware\PreventRequestsDuringMaintenanceTest::test_prevent_requests_during_maintenance_middleware_handles_maintenance_mode_with_exceptions
Error: Class "Laravel\Dusk\DuskServiceProvider" not found

/var/www/html/vendor/laravel/framework/src/Illuminate/Foundation/Application.php:961
/var/www/html/vendor/laravel/framework/src/Illuminate/Foundation/Application.php:893
/var/www/html/app/Providers/AppServiceProvider.php:51
/var/www/html/vendor/laravel/framework/src/Illuminate/Foundation/Application.php:896
/var/www/html/vendor/laravel/framework/src/Illuminate/Foundation/ProviderRepository.php:74
/var/www/html/vendor/laravel/framework/src/Illuminate/Foundation/Application.php:871
/var/www/html/vendor/laravel/framework/src/Illuminate/Foundation/Bootstrap/RegisterProviders.php:37
/var/www/html/vendor/laravel/framework/src/Illuminate/Foundation/Application.php:342
/var/www/html/vendor/laravel/framework/src/Illuminate/Foundation/Console/Kernel.php:473
/var/www/html/tests/CreatesApplication.php:31
/var/www/html/vendor/laravel/framework/src/Illuminate/Foundation/Testing/TestCase.php:54
/var/www/html/vendor/laravel/framework/src/Illuminate/Foundation/Testing/Concerns/InteractsWithTestCaseLifecycle.php:92
/var/www/html/vendor/laravel/framework/src/Illuminate/Foundation/Testing/TestCase.php:44
/var/www/html/tests/TestCase.php:36</error>
        </testcase>
        <testcase name="test_prevent_requests_during_maintenance_middleware_allows_requests_when_not_in_maintenance" file="/var/www/html/tests/Feature/Http/Middleware/PreventRequestsDuringMaintenanceTest.php" line="18" class="Tests\Feature\Http\Middleware\PreventRequestsDuringMaintenanceTest" classname="Tests.Feature.Http.Middleware.PreventRequestsDuringMaintenanceTest" assertions="0" time="0.000000">
          <error type="Error">Tests\Feature\Http\Middleware\PreventRequestsDuringMaintenanceTest::test_prevent_requests_during_maintenance_middleware_allows_requests_when_not_in_maintenance
Error: Class "Laravel\Dusk\DuskServiceProvider" not found

/var/www/html/vendor/laravel/framework/src/Illuminate/Foundation/Application.php:961
/var/www/html/vendor/laravel/framework/src/Illuminate/Foundation/Application.php:893
/var/www/html/app/Providers/AppServiceProvider.php:51
/var/www/html/vendor/laravel/framework/src/Illuminate/Foundation/Application.php:896
/var/www/html/vendor/laravel/framework/src/Illuminate/Foundation/ProviderRepository.php:74
/var/www/html/vendor/laravel/framework/src/Illuminate/Foundation/Application.php:871
/var/www/html/vendor/laravel/framework/src/Illuminate/Foundation/Bootstrap/RegisterProviders.php:37
/var/www/html/vendor/laravel/framework/src/Illuminate/Foundation/Application.php:342
/var/www/html/vendor/laravel/framework/src/Illuminate/Foundation/Console/Kernel.php:473
/var/www/html/tests/CreatesApplication.php:31
/var/www/html/vendor/laravel/framework/src/Illuminate/Foundation/Testing/TestCase.php:54
/var/www/html/vendor/laravel/framework/src/Illuminate/Foundation/Testing/Concerns/InteractsWithTestCaseLifecycle.php:92
/var/www/html/vendor/laravel/framework/src/Illuminate/Foundation/Testing/TestCase.php:44
/var/www/html/tests/TestCase.php:36</error>
        </testcase>
      </testsuite>
      <testsuite name="Tests\Feature\Services\ReportServiceTest" file="/var/www/html/tests/Feature/Services/ReportServiceTest.php" tests="5" assertions="0" errors="5" failures="0" skipped="0" time="0.000000">
        <testcase name="test_generates_sales_report_with_null_end_date" file="/var/www/html/tests/Feature/Services/ReportServiceTest.php" line="55" class="Tests\Feature\Services\ReportServiceTest" classname="Tests.Feature.Services.ReportServiceTest" assertions="0" time="0.000000">
          <error type="Error">Tests\Feature\Services\ReportServiceTest::test_generates_sales_report_with_null_end_date
Error: Class "Laravel\Dusk\DuskServiceProvider" not found

/var/www/html/vendor/laravel/framework/src/Illuminate/Foundation/Application.php:961
/var/www/html/vendor/laravel/framework/src/Illuminate/Foundation/Application.php:893
/var/www/html/app/Providers/AppServiceProvider.php:51
/var/www/html/vendor/laravel/framework/src/Illuminate/Foundation/Application.php:896
/var/www/html/vendor/laravel/framework/src/Illuminate/Foundation/ProviderRepository.php:74
/var/www/html/vendor/laravel/framework/src/Illuminate/Foundation/Application.php:871
/var/www/html/vendor/laravel/framework/src/Illuminate/Foundation/Bootstrap/RegisterProviders.php:37
/var/www/html/vendor/laravel/framework/src/Illuminate/Foundation/Application.php:342
/var/www/html/vendor/laravel/framework/src/Illuminate/Foundation/Console/Kernel.php:473
/var/www/html/tests/CreatesApplication.php:31
/var/www/html/vendor/laravel/framework/src/Illuminate/Foundation/Testing/TestCase.php:54
/var/www/html/vendor/laravel/framework/src/Illuminate/Foundation/Testing/Concerns/InteractsWithTestCaseLifecycle.php:92
/var/www/html/vendor/laravel/framework/src/Illuminate/Foundation/Testing/TestCase.php:44
/var/www/html/tests/TestCase.php:36
/var/www/html/tests/Feature/Services/ReportServiceTest.php:19</error>
        </testcase>
        <testcase name="test_handles_invalid_date_range" file="/var/www/html/tests/Feature/Services/ReportServiceTest.php" line="64" class="Tests\Feature\Services\ReportServiceTest" classname="Tests.Feature.Services.ReportServiceTest" assertions="0" time="0.000000">
          <error type="Error">Tests\Feature\Services\ReportServiceTest::test_handles_invalid_date_range
Error: Class "Laravel\Dusk\DuskServiceProvider" not found

/var/www/html/vendor/laravel/framework/src/Illuminate/Foundation/Application.php:961
/var/www/html/vendor/laravel/framework/src/Illuminate/Foundation/Application.php:893
/var/www/html/app/Providers/AppServiceProvider.php:51
/var/www/html/vendor/laravel/framework/src/Illuminate/Foundation/Application.php:896
/var/www/html/vendor/laravel/framework/src/Illuminate/Foundation/ProviderRepository.php:74
/var/www/html/vendor/laravel/framework/src/Illuminate/Foundation/Application.php:871
/var/www/html/vendor/laravel/framework/src/Illuminate/Foundation/Bootstrap/RegisterProviders.php:37
/var/www/html/vendor/laravel/framework/src/Illuminate/Foundation/Application.php:342
/var/www/html/vendor/laravel/framework/src/Illuminate/Foundation/Console/Kernel.php:473
/var/www/html/tests/CreatesApplication.php:31
/var/www/html/vendor/laravel/framework/src/Illuminate/Foundation/Testing/TestCase.php:54
/var/www/html/vendor/laravel/framework/src/Illuminate/Foundation/Testing/Concerns/InteractsWithTestCaseLifecycle.php:92
/var/www/html/vendor/laravel/framework/src/Illuminate/Foundation/Testing/TestCase.php:44
/var/www/html/tests/TestCase.php:36
/var/www/html/tests/Feature/Services/ReportServiceTest.php:19</error>
        </testcase>
        <testcase name="test_generates_sales_report" file="/var/www/html/tests/Feature/Services/ReportServiceTest.php" line="28" class="Tests\Feature\Services\ReportServiceTest" classname="Tests.Feature.Services.ReportServiceTest" assertions="0" time="0.000000">
          <error type="Error">Tests\Feature\Services\ReportServiceTest::test_generates_sales_report
Error: Class "Laravel\Dusk\DuskServiceProvider" not found

/var/www/html/vendor/laravel/framework/src/Illuminate/Foundation/Application.php:961
/var/www/html/vendor/laravel/framework/src/Illuminate/Foundation/Application.php:893
/var/www/html/app/Providers/AppServiceProvider.php:51
/var/www/html/vendor/laravel/framework/src/Illuminate/Foundation/Application.php:896
/var/www/html/vendor/laravel/framework/src/Illuminate/Foundation/ProviderRepository.php:74
/var/www/html/vendor/laravel/framework/src/Illuminate/Foundation/Application.php:871
/var/www/html/vendor/laravel/framework/src/Illuminate/Foundation/Bootstrap/RegisterProviders.php:37
/var/www/html/vendor/laravel/framework/src/Illuminate/Foundation/Application.php:342
/var/www/html/vendor/laravel/framework/src/Illuminate/Foundation/Console/Kernel.php:473
/var/www/html/tests/CreatesApplication.php:31
/var/www/html/vendor/laravel/framework/src/Illuminate/Foundation/Testing/TestCase.php:54
/var/www/html/vendor/laravel/framework/src/Illuminate/Foundation/Testing/Concerns/InteractsWithTestCaseLifecycle.php:92
/var/www/html/vendor/laravel/framework/src/Illuminate/Foundation/Testing/TestCase.php:44
/var/www/html/tests/TestCase.php:36
/var/www/html/tests/Feature/Services/ReportServiceTest.php:19</error>
        </testcase>
        <testcase name="test_generates_sales_report_with_null_start_date" file="/var/www/html/tests/Feature/Services/ReportServiceTest.php" line="46" class="Tests\Feature\Services\ReportServiceTest" classname="Tests.Feature.Services.ReportServiceTest" assertions="0" time="0.000000">
          <error type="Error">Tests\Feature\Services\ReportServiceTest::test_generates_sales_report_with_null_start_date
Error: Class "Laravel\Dusk\DuskServiceProvider" not found

/var/www/html/vendor/laravel/framework/src/Illuminate/Foundation/Application.php:961
/var/www/html/vendor/laravel/framework/src/Illuminate/Foundation/Application.php:893
/var/www/html/app/Providers/AppServiceProvider.php:51
/var/www/html/vendor/laravel/framework/src/Illuminate/Foundation/Application.php:896
/var/www/html/vendor/laravel/framework/src/Illuminate/Foundation/ProviderRepository.php:74
/var/www/html/vendor/laravel/framework/src/Illuminate/Foundation/Application.php:871
/var/www/html/vendor/laravel/framework/src/Illuminate/Foundation/Bootstrap/RegisterProviders.php:37
/var/www/html/vendor/laravel/framework/src/Illuminate/Foundation/Application.php:342
/var/www/html/vendor/laravel/framework/src/Illuminate/Foundation/Console/Kernel.php:473
/var/www/html/tests/CreatesApplication.php:31
/var/www/html/vendor/laravel/framework/src/Illuminate/Foundation/Testing/TestCase.php:54
/var/www/html/vendor/laravel/framework/src/Illuminate/Foundation/Testing/Concerns/InteractsWithTestCaseLifecycle.php:92
/var/www/html/vendor/laravel/framework/src/Illuminate/Foundation/Testing/TestCase.php:44
/var/www/html/tests/TestCase.php:36
/var/www/html/tests/Feature/Services/ReportServiceTest.php:19</error>
        </testcase>
        <testcase name="test_generates_sales_report_with_default_dates" file="/var/www/html/tests/Feature/Services/ReportServiceTest.php" line="37" class="Tests\Feature\Services\ReportServiceTest" classname="Tests.Feature.Services.ReportServiceTest" assertions="0" time="0.000000">
          <error type="Error">Tests\Feature\Services\ReportServiceTest::test_generates_sales_report_with_default_dates
Error: Class "Laravel\Dusk\DuskServiceProvider" not found

/var/www/html/vendor/laravel/framework/src/Illuminate/Foundation/Application.php:961
/var/www/html/vendor/laravel/framework/src/Illuminate/Foundation/Application.php:893
/var/www/html/app/Providers/AppServiceProvider.php:51
/var/www/html/vendor/laravel/framework/src/Illuminate/Foundation/Application.php:896
/var/www/html/vendor/laravel/framework/src/Illuminate/Foundation/ProviderRepository.php:74
/var/www/html/vendor/laravel/framework/src/Illuminate/Foundation/Application.php:871
/var/www/html/vendor/laravel/framework/src/Illuminate/Foundation/Bootstrap/RegisterProviders.php:37
/var/www/html/vendor/laravel/framework/src/Illuminate/Foundation/Application.php:342
/var/www/html/vendor/laravel/framework/src/Illuminate/Foundation/Console/Kernel.php:473
/var/www/html/tests/CreatesApplication.php:31
/var/www/html/vendor/laravel/framework/src/Illuminate/Foundation/Testing/TestCase.php:54
/var/www/html/vendor/laravel/framework/src/Illuminate/Foundation/Testing/Concerns/InteractsWithTestCaseLifecycle.php:92
/var/www/html/vendor/laravel/framework/src/Illuminate/Foundation/Testing/TestCase.php:44
/var/www/html/tests/TestCase.php:36
/var/www/html/tests/Feature/Services/ReportServiceTest.php:19</error>
        </testcase>
      </testsuite>
      <testsuite name="Tests\Feature\Models\PriceAlertTest" file="/var/www/html/tests/Feature/Models/PriceAlertTest.php" tests="16" assertions="0" errors="16" failures="0" skipped="0" time="0.000000">
        <testcase name="test_it_belongs_to_product" file="/var/www/html/tests/Feature/Models/PriceAlertTest.php" line="86" class="Tests\Feature\Models\PriceAlertTest" classname="Tests.Feature.Models.PriceAlertTest" assertions="0" time="0.000000">
          <error type="Error">Tests\Feature\Models\PriceAlertTest::test_it_belongs_to_product
Error: Class "Laravel\Dusk\DuskServiceProvider" not found

/var/www/html/vendor/laravel/framework/src/Illuminate/Foundation/Application.php:961
/var/www/html/vendor/laravel/framework/src/Illuminate/Foundation/Application.php:893
/var/www/html/app/Providers/AppServiceProvider.php:51
/var/www/html/vendor/laravel/framework/src/Illuminate/Foundation/Application.php:896
/var/www/html/vendor/laravel/framework/src/Illuminate/Foundation/ProviderRepository.php:74
/var/www/html/vendor/laravel/framework/src/Illuminate/Foundation/Application.php:871
/var/www/html/vendor/laravel/framework/src/Illuminate/Foundation/Bootstrap/RegisterProviders.php:37
/var/www/html/vendor/laravel/framework/src/Illuminate/Foundation/Application.php:342
/var/www/html/vendor/laravel/framework/src/Illuminate/Foundation/Console/Kernel.php:473
/var/www/html/tests/CreatesApplication.php:31
/var/www/html/vendor/laravel/framework/src/Illuminate/Foundation/Testing/TestCase.php:54
/var/www/html/vendor/laravel/framework/src/Illuminate/Foundation/Testing/Concerns/InteractsWithTestCaseLifecycle.php:92
/var/www/html/vendor/laravel/framework/src/Illuminate/Foundation/Testing/TestCase.php:44
/var/www/html/tests/TestCase.php:36
/var/www/html/tests/Feature/Models/PriceAlertTest.php:19</error>
        </testcase>
        <testcase name="test_validation_fails_with_missing_required_fields" file="/var/www/html/tests/Feature/Models/PriceAlertTest.php" line="195" class="Tests\Feature\Models\PriceAlertTest" classname="Tests.Feature.Models.PriceAlertTest" assertions="0" time="0.000000">
          <error type="Error">Tests\Feature\Models\PriceAlertTest::test_validation_fails_with_missing_required_fields
Error: Class "Laravel\Dusk\DuskServiceProvider" not found

/var/www/html/vendor/laravel/framework/src/Illuminate/Foundation/Application.php:961
/var/www/html/vendor/laravel/framework/src/Illuminate/Foundation/Application.php:893
/var/www/html/app/Providers/AppServiceProvider.php:51
/var/www/html/vendor/laravel/framework/src/Illuminate/Foundation/Application.php:896
/var/www/html/vendor/laravel/framework/src/Illuminate/Foundation/ProviderRepository.php:74
/var/www/html/vendor/laravel/framework/src/Illuminate/Foundation/Application.php:871
/var/www/html/vendor/laravel/framework/src/Illuminate/Foundation/Bootstrap/RegisterProviders.php:37
/var/www/html/vendor/laravel/framework/src/Illuminate/Foundation/Application.php:342
/var/www/html/vendor/laravel/framework/src/Illuminate/Foundation/Console/Kernel.php:473
/var/www/html/tests/CreatesApplication.php:31
/var/www/html/vendor/laravel/framework/src/Illuminate/Foundation/Testing/TestCase.php:54
/var/www/html/vendor/laravel/framework/src/Illuminate/Foundation/Testing/Concerns/InteractsWithTestCaseLifecycle.php:92
/var/www/html/vendor/laravel/framework/src/Illuminate/Foundation/Testing/TestCase.php:44
/var/www/html/tests/TestCase.php:36
/var/www/html/tests/Feature/Models/PriceAlertTest.php:19</error>
        </testcase>
        <testcase name="test_it_belongs_to_user" file="/var/www/html/tests/Feature/Models/PriceAlertTest.php" line="75" class="Tests\Feature\Models\PriceAlertTest" classname="Tests.Feature.Models.PriceAlertTest" assertions="0" time="0.000000">
          <error type="Error">Tests\Feature\Models\PriceAlertTest::test_it_belongs_to_user
Error: Class "Laravel\Dusk\DuskServiceProvider" not found

/var/www/html/vendor/laravel/framework/src/Illuminate/Foundation/Application.php:961
/var/www/html/vendor/laravel/framework/src/Illuminate/Foundation/Application.php:893
/var/www/html/app/Providers/AppServiceProvider.php:51
/var/www/html/vendor/laravel/framework/src/Illuminate/Foundation/Application.php:896
/var/www/html/vendor/laravel/framework/src/Illuminate/Foundation/ProviderRepository.php:74
/var/www/html/vendor/laravel/framework/src/Illuminate/Foundation/Application.php:871
/var/www/html/vendor/laravel/framework/src/Illuminate/Foundation/Bootstrap/RegisterProviders.php:37
/var/www/html/vendor/laravel/framework/src/Illuminate/Foundation/Application.php:342
/var/www/html/vendor/laravel/framework/src/Illuminate/Foundation/Console/Kernel.php:473
/var/www/html/tests/CreatesApplication.php:31
/var/www/html/vendor/laravel/framework/src/Illuminate/Foundation/Testing/TestCase.php:54
/var/www/html/vendor/laravel/framework/src/Illuminate/Foundation/Testing/Concerns/InteractsWithTestCaseLifecycle.php:92
/var/www/html/vendor/laravel/framework/src/Illuminate/Foundation/Testing/TestCase.php:44
/var/www/html/tests/TestCase.php:36
/var/www/html/tests/Feature/Models/PriceAlertTest.php:19</error>
        </testcase>
        <testcase name="test_it_casts_attributes_correctly" file="/var/www/html/tests/Feature/Models/PriceAlertTest.php" line="53" class="Tests\Feature\Models\PriceAlertTest" classname="Tests.Feature.Models.PriceAlertTest" assertions="0" time="0.000000">
          <error type="Error">Tests\Feature\Models\PriceAlertTest::test_it_casts_attributes_correctly
Error: Class "Laravel\Dusk\DuskServiceProvider" not found

/var/www/html/vendor/laravel/framework/src/Illuminate/Foundation/Application.php:961
/var/www/html/vendor/laravel/framework/src/Illuminate/Foundation/Application.php:893
/var/www/html/app/Providers/AppServiceProvider.php:51
/var/www/html/vendor/laravel/framework/src/Illuminate/Foundation/Application.php:896
/var/www/html/vendor/laravel/framework/src/Illuminate/Foundation/ProviderRepository.php:74
/var/www/html/vendor/laravel/framework/src/Illuminate/Foundation/Application.php:871
/var/www/html/vendor/laravel/framework/src/Illuminate/Foundation/Bootstrap/RegisterProviders.php:37
/var/www/html/vendor/laravel/framework/src/Illuminate/Foundation/Application.php:342
/var/www/html/vendor/laravel/framework/src/Illuminate/Foundation/Console/Kernel.php:473
/var/www/html/tests/CreatesApplication.php:31
/var/www/html/vendor/laravel/framework/src/Illuminate/Foundation/Testing/TestCase.php:54
/var/www/html/vendor/laravel/framework/src/Illuminate/Foundation/Testing/Concerns/InteractsWithTestCaseLifecycle.php:92
/var/www/html/vendor/laravel/framework/src/Illuminate/Foundation/Testing/TestCase.php:44
/var/www/html/tests/TestCase.php:36
/var/www/html/tests/Feature/Models/PriceAlertTest.php:19</error>
        </testcase>
        <testcase name="test_scope_active" file="/var/www/html/tests/Feature/Models/PriceAlertTest.php" line="97" class="Tests\Feature\Models\PriceAlertTest" classname="Tests.Feature.Models.PriceAlertTest" assertions="0" time="0.000000">
          <error type="Error">Tests\Feature\Models\PriceAlertTest::test_scope_active
Error: Class "Laravel\Dusk\DuskServiceProvider" not found

/var/www/html/vendor/laravel/framework/src/Illuminate/Foundation/Application.php:961
/var/www/html/vendor/laravel/framework/src/Illuminate/Foundation/Application.php:893
/var/www/html/app/Providers/AppServiceProvider.php:51
/var/www/html/vendor/laravel/framework/src/Illuminate/Foundation/Application.php:896
/var/www/html/vendor/laravel/framework/src/Illuminate/Foundation/ProviderRepository.php:74
/var/www/html/vendor/laravel/framework/src/Illuminate/Foundation/Application.php:871
/var/www/html/vendor/laravel/framework/src/Illuminate/Foundation/Bootstrap/RegisterProviders.php:37
/var/www/html/vendor/laravel/framework/src/Illuminate/Foundation/Application.php:342
/var/www/html/vendor/laravel/framework/src/Illuminate/Foundation/Console/Kernel.php:473
/var/www/html/tests/CreatesApplication.php:31
/var/www/html/vendor/laravel/framework/src/Illuminate/Foundation/Testing/TestCase.php:54
/var/www/html/vendor/laravel/framework/src/Illuminate/Foundation/Testing/Concerns/InteractsWithTestCaseLifecycle.php:92
/var/www/html/vendor/laravel/framework/src/Illuminate/Foundation/Testing/TestCase.php:44
/var/www/html/tests/TestCase.php:36
/var/www/html/tests/Feature/Models/PriceAlertTest.php:19</error>
        </testcase>
        <testcase name="test_soft_deletes" file="/var/www/html/tests/Feature/Models/PriceAlertTest.php" line="224" class="Tests\Feature\Models\PriceAlertTest" classname="Tests.Feature.Models.PriceAlertTest" assertions="0" time="0.000000">
          <error type="Error">Tests\Feature\Models\PriceAlertTest::test_soft_deletes
Error: Class "Laravel\Dusk\DuskServiceProvider" not found

/var/www/html/vendor/laravel/framework/src/Illuminate/Foundation/Application.php:961
/var/www/html/vendor/laravel/framework/src/Illuminate/Foundation/Application.php:893
/var/www/html/app/Providers/AppServiceProvider.php:51
/var/www/html/vendor/laravel/framework/src/Illuminate/Foundation/Application.php:896
/var/www/html/vendor/laravel/framework/src/Illuminate/Foundation/ProviderRepository.php:74
/var/www/html/vendor/laravel/framework/src/Illuminate/Foundation/Application.php:871
/var/www/html/vendor/laravel/framework/src/Illuminate/Foundation/Bootstrap/RegisterProviders.php:37
/var/www/html/vendor/laravel/framework/src/Illuminate/Foundation/Application.php:342
/var/www/html/vendor/laravel/framework/src/Illuminate/Foundation/Console/Kernel.php:473
/var/www/html/tests/CreatesApplication.php:31
/var/www/html/vendor/laravel/framework/src/Illuminate/Foundation/Testing/TestCase.php:54
/var/www/html/vendor/laravel/framework/src/Illuminate/Foundation/Testing/Concerns/InteractsWithTestCaseLifecycle.php:92
/var/www/html/vendor/laravel/framework/src/Illuminate/Foundation/Testing/TestCase.php:44
/var/www/html/tests/TestCase.php:36
/var/www/html/tests/Feature/Models/PriceAlertTest.php:19</error>
        </testcase>
        <testcase name="test_validation_passes_with_valid_data" file="/var/www/html/tests/Feature/Models/PriceAlertTest.php" line="177" class="Tests\Feature\Models\PriceAlertTest" classname="Tests.Feature.Models.PriceAlertTest" assertions="0" time="0.000000">
          <error type="Error">Tests\Feature\Models\PriceAlertTest::test_validation_passes_with_valid_data
Error: Class "Laravel\Dusk\DuskServiceProvider" not found

/var/www/html/vendor/laravel/framework/src/Illuminate/Foundation/Application.php:961
/var/www/html/vendor/laravel/framework/src/Illuminate/Foundation/Application.php:893
/var/www/html/app/Providers/AppServiceProvider.php:51
/var/www/html/vendor/laravel/framework/src/Illuminate/Foundation/Application.php:896
/var/www/html/vendor/laravel/framework/src/Illuminate/Foundation/ProviderRepository.php:74
/var/www/html/vendor/laravel/framework/src/Illuminate/Foundation/Application.php:871
/var/www/html/vendor/laravel/framework/src/Illuminate/Foundation/Bootstrap/RegisterProviders.php:37
/var/www/html/vendor/laravel/framework/src/Illuminate/Foundation/Application.php:342
/var/www/html/vendor/laravel/framework/src/Illuminate/Foundation/Console/Kernel.php:473
/var/www/html/tests/CreatesApplication.php:31
/var/www/html/vendor/laravel/framework/src/Illuminate/Foundation/Testing/TestCase.php:54
/var/www/html/vendor/laravel/framework/src/Illuminate/Foundation/Testing/Concerns/InteractsWithTestCaseLifecycle.php:92
/var/www/html/vendor/laravel/framework/src/Illuminate/Foundation/Testing/TestCase.php:44
/var/www/html/tests/TestCase.php:36
/var/www/html/tests/Feature/Models/PriceAlertTest.php:19</error>
        </testcase>
        <testcase name="test_scope_for_user" file="/var/www/html/tests/Feature/Models/PriceAlertTest.php" line="111" class="Tests\Feature\Models\PriceAlertTest" classname="Tests.Feature.Models.PriceAlertTest" assertions="0" time="0.000000">
          <error type="Error">Tests\Feature\Models\PriceAlertTest::test_scope_for_user
Error: Class "Laravel\Dusk\DuskServiceProvider" not found

/var/www/html/vendor/laravel/framework/src/Illuminate/Foundation/Application.php:961
/var/www/html/vendor/laravel/framework/src/Illuminate/Foundation/Application.php:893
/var/www/html/app/Providers/AppServiceProvider.php:51
/var/www/html/vendor/laravel/framework/src/Illuminate/Foundation/Application.php:896
/var/www/html/vendor/laravel/framework/src/Illuminate/Foundation/ProviderRepository.php:74
/var/www/html/vendor/laravel/framework/src/Illuminate/Foundation/Application.php:871
/var/www/html/vendor/laravel/framework/src/Illuminate/Foundation/Bootstrap/RegisterProviders.php:37
/var/www/html/vendor/laravel/framework/src/Illuminate/Foundation/Application.php:342
/var/www/html/vendor/laravel/framework/src/Illuminate/Foundation/Console/Kernel.php:473
/var/www/html/tests/CreatesApplication.php:31
/var/www/html/vendor/laravel/framework/src/Illuminate/Foundation/Testing/TestCase.php:54
/var/www/html/vendor/laravel/framework/src/Illuminate/Foundation/Testing/Concerns/InteractsWithTestCaseLifecycle.php:92
/var/www/html/vendor/laravel/framework/src/Illuminate/Foundation/Testing/TestCase.php:44
/var/www/html/tests/TestCase.php:36
/var/www/html/tests/Feature/Models/PriceAlertTest.php:19</error>
        </testcase>
        <testcase name="test_fillable_attributes" file="/var/www/html/tests/Feature/Models/PriceAlertTest.php" line="236" class="Tests\Feature\Models\PriceAlertTest" classname="Tests.Feature.Models.PriceAlertTest" assertions="0" time="0.000000">
          <error type="Error">Tests\Feature\Models\PriceAlertTest::test_fillable_attributes
Error: Class "Laravel\Dusk\DuskServiceProvider" not found

/var/www/html/vendor/laravel/framework/src/Illuminate/Foundation/Application.php:961
/var/www/html/vendor/laravel/framework/src/Illuminate/Foundation/Application.php:893
/var/www/html/app/Providers/AppServiceProvider.php:51
/var/www/html/vendor/laravel/framework/src/Illuminate/Foundation/Application.php:896
/var/www/html/vendor/laravel/framework/src/Illuminate/Foundation/ProviderRepository.php:74
/var/www/html/vendor/laravel/framework/src/Illuminate/Foundation/Application.php:871
/var/www/html/vendor/laravel/framework/src/Illuminate/Foundation/Bootstrap/RegisterProviders.php:37
/var/www/html/vendor/laravel/framework/src/Illuminate/Foundation/Application.php:342
/var/www/html/vendor/laravel/framework/src/Illuminate/Foundation/Console/Kernel.php:473
/var/www/html/tests/CreatesApplication.php:31
/var/www/html/vendor/laravel/framework/src/Illuminate/Foundation/Testing/TestCase.php:54
/var/www/html/vendor/laravel/framework/src/Illuminate/Foundation/Testing/Concerns/InteractsWithTestCaseLifecycle.php:92
/var/www/html/vendor/laravel/framework/src/Illuminate/Foundation/Testing/TestCase.php:44
/var/www/html/tests/TestCase.php:36
/var/www/html/tests/Feature/Models/PriceAlertTest.php:19</error>
        </testcase>
        <testcase name="test_it_can_create_a_price_alert" file="/var/www/html/tests/Feature/Models/PriceAlertTest.php" line="23" class="Tests\Feature\Models\PriceAlertTest" classname="Tests.Feature.Models.PriceAlertTest" assertions="0" time="0.000000">
          <error type="Error">Tests\Feature\Models\PriceAlertTest::test_it_can_create_a_price_alert
Error: Class "Laravel\Dusk\DuskServiceProvider" not found

/var/www/html/vendor/laravel/framework/src/Illuminate/Foundation/Application.php:961
/var/www/html/vendor/laravel/framework/src/Illuminate/Foundation/Application.php:893
/var/www/html/app/Providers/AppServiceProvider.php:51
/var/www/html/vendor/laravel/framework/src/Illuminate/Foundation/Application.php:896
/var/www/html/vendor/laravel/framework/src/Illuminate/Foundation/ProviderRepository.php:74
/var/www/html/vendor/laravel/framework/src/Illuminate/Foundation/Application.php:871
/var/www/html/vendor/laravel/framework/src/Illuminate/Foundation/Bootstrap/RegisterProviders.php:37
/var/www/html/vendor/laravel/framework/src/Illuminate/Foundation/Application.php:342
/var/www/html/vendor/laravel/framework/src/Illuminate/Foundation/Console/Kernel.php:473
/var/www/html/tests/CreatesApplication.php:31
/var/www/html/vendor/laravel/framework/src/Illuminate/Foundation/Testing/TestCase.php:54
/var/www/html/vendor/laravel/framework/src/Illuminate/Foundation/Testing/Concerns/InteractsWithTestCaseLifecycle.php:92
/var/www/html/vendor/laravel/framework/src/Illuminate/Foundation/Testing/TestCase.php:44
/var/www/html/tests/TestCase.php:36
/var/www/html/tests/Feature/Models/PriceAlertTest.php:19</error>
        </testcase>
        <testcase name="test_activate" file="/var/www/html/tests/Feature/Models/PriceAlertTest.php" line="153" class="Tests\Feature\Models\PriceAlertTest" classname="Tests.Feature.Models.PriceAlertTest" assertions="0" time="0.000000">
          <error type="Error">Tests\Feature\Models\PriceAlertTest::test_activate
Error: Class "Laravel\Dusk\DuskServiceProvider" not found

/var/www/html/vendor/laravel/framework/src/Illuminate/Foundation/Application.php:961
/var/www/html/vendor/laravel/framework/src/Illuminate/Foundation/Application.php:893
/var/www/html/app/Providers/AppServiceProvider.php:51
/var/www/html/vendor/laravel/framework/src/Illuminate/Foundation/Application.php:896
/var/www/html/vendor/laravel/framework/src/Illuminate/Foundation/ProviderRepository.php:74
/var/www/html/vendor/laravel/framework/src/Illuminate/Foundation/Application.php:871
/var/www/html/vendor/laravel/framework/src/Illuminate/Foundation/Bootstrap/RegisterProviders.php:37
/var/www/html/vendor/laravel/framework/src/Illuminate/Foundation/Application.php:342
/var/www/html/vendor/laravel/framework/src/Illuminate/Foundation/Console/Kernel.php:473
/var/www/html/tests/CreatesApplication.php:31
/var/www/html/vendor/laravel/framework/src/Illuminate/Foundation/Testing/TestCase.php:54
/var/www/html/vendor/laravel/framework/src/Illuminate/Foundation/Testing/Concerns/InteractsWithTestCaseLifecycle.php:92
/var/www/html/vendor/laravel/framework/src/Illuminate/Foundation/Testing/TestCase.php:44
/var/www/html/tests/TestCase.php:36
/var/www/html/tests/Feature/Models/PriceAlertTest.php:19</error>
        </testcase>
        <testcase name="test_deactivate" file="/var/www/html/tests/Feature/Models/PriceAlertTest.php" line="165" class="Tests\Feature\Models\PriceAlertTest" classname="Tests.Feature.Models.PriceAlertTest" assertions="0" time="0.000000">
          <error type="Error">Tests\Feature\Models\PriceAlertTest::test_deactivate
Error: Class "Laravel\Dusk\DuskServiceProvider" not found

/var/www/html/vendor/laravel/framework/src/Illuminate/Foundation/Application.php:961
/var/www/html/vendor/laravel/framework/src/Illuminate/Foundation/Application.php:893
/var/www/html/app/Providers/AppServiceProvider.php:51
/var/www/html/vendor/laravel/framework/src/Illuminate/Foundation/Application.php:896
/var/www/html/vendor/laravel/framework/src/Illuminate/Foundation/ProviderRepository.php:74
/var/www/html/vendor/laravel/framework/src/Illuminate/Foundation/Application.php:871
/var/www/html/vendor/laravel/framework/src/Illuminate/Foundation/Bootstrap/RegisterProviders.php:37
/var/www/html/vendor/laravel/framework/src/Illuminate/Foundation/Application.php:342
/var/www/html/vendor/laravel/framework/src/Illuminate/Foundation/Console/Kernel.php:473
/var/www/html/tests/CreatesApplication.php:31
/var/www/html/vendor/laravel/framework/src/Illuminate/Foundation/Testing/TestCase.php:54
/var/www/html/vendor/laravel/framework/src/Illuminate/Foundation/Testing/Concerns/InteractsWithTestCaseLifecycle.php:92
/var/www/html/vendor/laravel/framework/src/Illuminate/Foundation/Testing/TestCase.php:44
/var/www/html/tests/TestCase.php:36
/var/www/html/tests/Feature/Models/PriceAlertTest.php:19</error>
        </testcase>
        <testcase name="test_is_price_target_reached" file="/var/www/html/tests/Feature/Models/PriceAlertTest.php" line="141" class="Tests\Feature\Models\PriceAlertTest" classname="Tests.Feature.Models.PriceAlertTest" assertions="0" time="0.000000">
          <error type="Error">Tests\Feature\Models\PriceAlertTest::test_is_price_target_reached
Error: Class "Laravel\Dusk\DuskServiceProvider" not found

/var/www/html/vendor/laravel/framework/src/Illuminate/Foundation/Application.php:961
/var/www/html/vendor/laravel/framework/src/Illuminate/Foundation/Application.php:893
/var/www/html/app/Providers/AppServiceProvider.php:51
/var/www/html/vendor/laravel/framework/src/Illuminate/Foundation/Application.php:896
/var/www/html/vendor/laravel/framework/src/Illuminate/Foundation/ProviderRepository.php:74
/var/www/html/vendor/laravel/framework/src/Illuminate/Foundation/Application.php:871
/var/www/html/vendor/laravel/framework/src/Illuminate/Foundation/Bootstrap/RegisterProviders.php:37
/var/www/html/vendor/laravel/framework/src/Illuminate/Foundation/Application.php:342
/var/www/html/vendor/laravel/framework/src/Illuminate/Foundation/Console/Kernel.php:473
/var/www/html/tests/CreatesApplication.php:31
/var/www/html/vendor/laravel/framework/src/Illuminate/Foundation/Testing/TestCase.php:54
/var/www/html/vendor/laravel/framework/src/Illuminate/Foundation/Testing/Concerns/InteractsWithTestCaseLifecycle.php:92
/var/www/html/vendor/laravel/framework/src/Illuminate/Foundation/Testing/TestCase.php:44
/var/www/html/tests/TestCase.php:36
/var/www/html/tests/Feature/Models/PriceAlertTest.php:19</error>
        </testcase>
        <testcase name="test_scope_for_product" file="/var/www/html/tests/Feature/Models/PriceAlertTest.php" line="126" class="Tests\Feature\Models\PriceAlertTest" classname="Tests.Feature.Models.PriceAlertTest" assertions="0" time="0.000000">
          <error type="Error">Tests\Feature\Models\PriceAlertTest::test_scope_for_product
Error: Class "Laravel\Dusk\DuskServiceProvider" not found

/var/www/html/vendor/laravel/framework/src/Illuminate/Foundation/Application.php:961
/var/www/html/vendor/laravel/framework/src/Illuminate/Foundation/Application.php:893
/var/www/html/app/Providers/AppServiceProvider.php:51
/var/www/html/vendor/laravel/framework/src/Illuminate/Foundation/Application.php:896
/var/www/html/vendor/laravel/framework/src/Illuminate/Foundation/ProviderRepository.php:74
/var/www/html/vendor/laravel/framework/src/Illuminate/Foundation/Application.php:871
/var/www/html/vendor/laravel/framework/src/Illuminate/Foundation/Bootstrap/RegisterProviders.php:37
/var/www/html/vendor/laravel/framework/src/Illuminate/Foundation/Application.php:342
/var/www/html/vendor/laravel/framework/src/Illuminate/Foundation/Console/Kernel.php:473
/var/www/html/tests/CreatesApplication.php:31
/var/www/html/vendor/laravel/framework/src/Illuminate/Foundation/Testing/TestCase.php:54
/var/www/html/vendor/laravel/framework/src/Illuminate/Foundation/Testing/Concerns/InteractsWithTestCaseLifecycle.php:92
/var/www/html/vendor/laravel/framework/src/Illuminate/Foundation/Testing/TestCase.php:44
/var/www/html/tests/TestCase.php:36
/var/www/html/tests/Feature/Models/PriceAlertTest.php:19</error>
        </testcase>
        <testcase name="test_factory_creates_valid_price_alert" file="/var/www/html/tests/Feature/Models/PriceAlertTest.php" line="250" class="Tests\Feature\Models\PriceAlertTest" classname="Tests.Feature.Models.PriceAlertTest" assertions="0" time="0.000000">
          <error type="Error">Tests\Feature\Models\PriceAlertTest::test_factory_creates_valid_price_alert
Error: Class "Laravel\Dusk\DuskServiceProvider" not found

/var/www/html/vendor/laravel/framework/src/Illuminate/Foundation/Application.php:961
/var/www/html/vendor/laravel/framework/src/Illuminate/Foundation/Application.php:893
/var/www/html/app/Providers/AppServiceProvider.php:51
/var/www/html/vendor/laravel/framework/src/Illuminate/Foundation/Application.php:896
/var/www/html/vendor/laravel/framework/src/Illuminate/Foundation/ProviderRepository.php:74
/var/www/html/vendor/laravel/framework/src/Illuminate/Foundation/Application.php:871
/var/www/html/vendor/laravel/framework/src/Illuminate/Foundation/Bootstrap/RegisterProviders.php:37
/var/www/html/vendor/laravel/framework/src/Illuminate/Foundation/Application.php:342
/var/www/html/vendor/laravel/framework/src/Illuminate/Foundation/Console/Kernel.php:473
/var/www/html/tests/CreatesApplication.php:31
/var/www/html/vendor/laravel/framework/src/Illuminate/Foundation/Testing/TestCase.php:54
/var/www/html/vendor/laravel/framework/src/Illuminate/Foundation/Testing/Concerns/InteractsWithTestCaseLifecycle.php:92
/var/www/html/vendor/laravel/framework/src/Illuminate/Foundation/Testing/TestCase.php:44
/var/www/html/tests/TestCase.php:36
/var/www/html/tests/Feature/Models/PriceAlertTest.php:19</error>
        </testcase>
        <testcase name="test_validation_fails_with_invalid_target_price" file="/var/www/html/tests/Feature/Models/PriceAlertTest.php" line="207" class="Tests\Feature\Models\PriceAlertTest" classname="Tests.Feature.Models.PriceAlertTest" assertions="0" time="0.000000">
          <error type="Error">Tests\Feature\Models\PriceAlertTest::test_validation_fails_with_invalid_target_price
Error: Class "Laravel\Dusk\DuskServiceProvider" not found

/var/www/html/vendor/laravel/framework/src/Illuminate/Foundation/Application.php:961
/var/www/html/vendor/laravel/framework/src/Illuminate/Foundation/Application.php:893
/var/www/html/app/Providers/AppServiceProvider.php:51
/var/www/html/vendor/laravel/framework/src/Illuminate/Foundation/Application.php:896
/var/www/html/vendor/laravel/framework/src/Illuminate/Foundation/ProviderRepository.php:74
/var/www/html/vendor/laravel/framework/src/Illuminate/Foundation/Application.php:871
/var/www/html/vendor/laravel/framework/src/Illuminate/Foundation/Bootstrap/RegisterProviders.php:37
/var/www/html/vendor/laravel/framework/src/Illuminate/Foundation/Application.php:342
/var/www/html/vendor/laravel/framework/src/Illuminate/Foundation/Console/Kernel.php:473
/var/www/html/tests/CreatesApplication.php:31
/var/www/html/vendor/laravel/framework/src/Illuminate/Foundation/Testing/TestCase.php:54
/var/www/html/vendor/laravel/framework/src/Illuminate/Foundation/Testing/Concerns/InteractsWithTestCaseLifecycle.php:92
/var/www/html/vendor/laravel/framework/src/Illuminate/Foundation/Testing/TestCase.php:44
/var/www/html/tests/TestCase.php:36
/var/www/html/tests/Feature/Models/PriceAlertTest.php:19</error>
        </testcase>
      </testsuite>
      <testsuite name="Tests\Feature\Models\CurrencyTest" file="/var/www/html/tests/Feature/Models/CurrencyTest.php" tests="3" assertions="0" errors="3" failures="0" skipped="0" time="0.000000">
        <testcase name="test_it_can_validate_required_fields" file="/var/www/html/tests/Feature/Models/CurrencyTest.php" line="16" class="Tests\Feature\Models\CurrencyTest" classname="Tests.Feature.Models.CurrencyTest" assertions="0" time="0.000000">
          <error type="Error">Tests\Feature\Models\CurrencyTest::test_it_can_validate_required_fields
Error: Class "Laravel\Dusk\DuskServiceProvider" not found

/var/www/html/vendor/laravel/framework/src/Illuminate/Foundation/Application.php:961
/var/www/html/vendor/laravel/framework/src/Illuminate/Foundation/Application.php:893
/var/www/html/app/Providers/AppServiceProvider.php:51
/var/www/html/vendor/laravel/framework/src/Illuminate/Foundation/Application.php:896
/var/www/html/vendor/laravel/framework/src/Illuminate/Foundation/ProviderRepository.php:74
/var/www/html/vendor/laravel/framework/src/Illuminate/Foundation/Application.php:871
/var/www/html/vendor/laravel/framework/src/Illuminate/Foundation/Bootstrap/RegisterProviders.php:37
/var/www/html/vendor/laravel/framework/src/Illuminate/Foundation/Application.php:342
/var/www/html/vendor/laravel/framework/src/Illuminate/Foundation/Console/Kernel.php:473
/var/www/html/tests/CreatesApplication.php:31
/var/www/html/vendor/laravel/framework/src/Illuminate/Foundation/Testing/TestCase.php:54
/var/www/html/vendor/laravel/framework/src/Illuminate/Foundation/Testing/Concerns/InteractsWithTestCaseLifecycle.php:92
/var/www/html/vendor/laravel/framework/src/Illuminate/Foundation/Testing/TestCase.php:44
/var/www/html/tests/TestCase.php:36
/var/www/html/tests/Feature/Models/CurrencyTest.php:50</error>
        </testcase>
        <testcase name="test_it_can_create_currency" file="/var/www/html/tests/Feature/Models/CurrencyTest.php" line="27" class="Tests\Feature\Models\CurrencyTest" classname="Tests.Feature.Models.CurrencyTest" assertions="0" time="0.000000">
          <error type="Error">Tests\Feature\Models\CurrencyTest::test_it_can_create_currency
Error: Class "Laravel\Dusk\DuskServiceProvider" not found

/var/www/html/vendor/laravel/framework/src/Illuminate/Foundation/Application.php:961
/var/www/html/vendor/laravel/framework/src/Illuminate/Foundation/Application.php:893
/var/www/html/app/Providers/AppServiceProvider.php:51
/var/www/html/vendor/laravel/framework/src/Illuminate/Foundation/Application.php:896
/var/www/html/vendor/laravel/framework/src/Illuminate/Foundation/ProviderRepository.php:74
/var/www/html/vendor/laravel/framework/src/Illuminate/Foundation/Application.php:871
/var/www/html/vendor/laravel/framework/src/Illuminate/Foundation/Bootstrap/RegisterProviders.php:37
/var/www/html/vendor/laravel/framework/src/Illuminate/Foundation/Application.php:342
/var/www/html/vendor/laravel/framework/src/Illuminate/Foundation/Console/Kernel.php:473
/var/www/html/tests/CreatesApplication.php:31
/var/www/html/vendor/laravel/framework/src/Illuminate/Foundation/Testing/TestCase.php:54
/var/www/html/vendor/laravel/framework/src/Illuminate/Foundation/Testing/Concerns/InteractsWithTestCaseLifecycle.php:92
/var/www/html/vendor/laravel/framework/src/Illuminate/Foundation/Testing/TestCase.php:44
/var/www/html/tests/TestCase.php:36
/var/www/html/tests/Feature/Models/CurrencyTest.php:50</error>
        </testcase>
        <testcase name="test_it_can_save_currency" file="/var/www/html/tests/Feature/Models/CurrencyTest.php" line="38" class="Tests\Feature\Models\CurrencyTest" classname="Tests.Feature.Models.CurrencyTest" assertions="0" time="0.000000">
          <error type="Error">Tests\Feature\Models\CurrencyTest::test_it_can_save_currency
Error: Class "Laravel\Dusk\DuskServiceProvider" not found

/var/www/html/vendor/laravel/framework/src/Illuminate/Foundation/Application.php:961
/var/www/html/vendor/laravel/framework/src/Illuminate/Foundation/Application.php:893
/var/www/html/app/Providers/AppServiceProvider.php:51
/var/www/html/vendor/laravel/framework/src/Illuminate/Foundation/Application.php:896
/var/www/html/vendor/laravel/framework/src/Illuminate/Foundation/ProviderRepository.php:74
/var/www/html/vendor/laravel/framework/src/Illuminate/Foundation/Application.php:871
/var/www/html/vendor/laravel/framework/src/Illuminate/Foundation/Bootstrap/RegisterProviders.php:37
/var/www/html/vendor/laravel/framework/src/Illuminate/Foundation/Application.php:342
/var/www/html/vendor/laravel/framework/src/Illuminate/Foundation/Console/Kernel.php:473
/var/www/html/tests/CreatesApplication.php:31
/var/www/html/vendor/laravel/framework/src/Illuminate/Foundation/Testing/TestCase.php:54
/var/www/html/vendor/laravel/framework/src/Illuminate/Foundation/Testing/Concerns/InteractsWithTestCaseLifecycle.php:92
/var/www/html/vendor/laravel/framework/src/Illuminate/Foundation/Testing/TestCase.php:44
/var/www/html/tests/TestCase.php:36
/var/www/html/tests/Feature/Models/CurrencyTest.php:50</error>
        </testcase>
      </testsuite>
      <testsuite name="Tests\Feature\Http\Controllers\Api\PriceSearchControllerTest" file="/var/www/html/tests/Feature/Http/Controllers/Api/PriceSearchControllerTest.php" tests="30" assertions="0" errors="30" failures="0" skipped="0" time="0.000000">
        <testcase name="test_handles_search_with_whitespace_only" file="/var/www/html/tests/Feature/Http/Controllers/Api/PriceSearchControllerTest.php" line="413" class="Tests\Feature\Http\Controllers\Api\PriceSearchControllerTest" classname="Tests.Feature.Http.Controllers.Api.PriceSearchControllerTest" assertions="0" time="0.000000">
          <error type="Error">Tests\Feature\Http\Controllers\Api\PriceSearchControllerTest::test_handles_search_with_whitespace_only
Error: Class "Laravel\Dusk\DuskServiceProvider" not found

/var/www/html/vendor/laravel/framework/src/Illuminate/Foundation/Application.php:961
/var/www/html/vendor/laravel/framework/src/Illuminate/Foundation/Application.php:893
/var/www/html/app/Providers/AppServiceProvider.php:51
/var/www/html/vendor/laravel/framework/src/Illuminate/Foundation/Application.php:896
/var/www/html/vendor/laravel/framework/src/Illuminate/Foundation/ProviderRepository.php:74
/var/www/html/vendor/laravel/framework/src/Illuminate/Foundation/Application.php:871
/var/www/html/vendor/laravel/framework/src/Illuminate/Foundation/Bootstrap/RegisterProviders.php:37
/var/www/html/vendor/laravel/framework/src/Illuminate/Foundation/Application.php:342
/var/www/html/vendor/laravel/framework/src/Illuminate/Foundation/Console/Kernel.php:473
/var/www/html/tests/CreatesApplication.php:31
/var/www/html/vendor/laravel/framework/src/Illuminate/Foundation/Testing/TestCase.php:54
/var/www/html/vendor/laravel/framework/src/Illuminate/Foundation/Testing/Concerns/InteractsWithTestCaseLifecycle.php:92
/var/www/html/vendor/laravel/framework/src/Illuminate/Foundation/Testing/TestCase.php:44
/var/www/html/tests/TestCase.php:36
/var/www/html/tests/Feature/Http/Controllers/Api/PriceSearchControllerTest.php:26</error>
        </testcase>
        <testcase name="test_handles_search_with_empty_results" file="/var/www/html/tests/Feature/Http/Controllers/Api/PriceSearchControllerTest.php" line="393" class="Tests\Feature\Http\Controllers\Api\PriceSearchControllerTest" classname="Tests.Feature.Http.Controllers.Api.PriceSearchControllerTest" assertions="0" time="0.000000">
          <error type="Error">Tests\Feature\Http\Controllers\Api\PriceSearchControllerTest::test_handles_search_with_empty_results
Error: Class "Laravel\Dusk\DuskServiceProvider" not found

/var/www/html/vendor/laravel/framework/src/Illuminate/Foundation/Application.php:961
/var/www/html/vendor/laravel/framework/src/Illuminate/Foundation/Application.php:893
/var/www/html/app/Providers/AppServiceProvider.php:51
/var/www/html/vendor/laravel/framework/src/Illuminate/Foundation/Application.php:896
/var/www/html/vendor/laravel/framework/src/Illuminate/Foundation/ProviderRepository.php:74
/var/www/html/vendor/laravel/framework/src/Illuminate/Foundation/Application.php:871
/var/www/html/vendor/laravel/framework/src/Illuminate/Foundation/Bootstrap/RegisterProviders.php:37
/var/www/html/vendor/laravel/framework/src/Illuminate/Foundation/Application.php:342
/var/www/html/vendor/laravel/framework/src/Illuminate/Foundation/Console/Kernel.php:473
/var/www/html/tests/CreatesApplication.php:31
/var/www/html/vendor/laravel/framework/src/Illuminate/Foundation/Testing/TestCase.php:54
/var/www/html/vendor/laravel/framework/src/Illuminate/Foundation/Testing/Concerns/InteractsWithTestCaseLifecycle.php:92
/var/www/html/vendor/laravel/framework/src/Illuminate/Foundation/Testing/TestCase.php:44
/var/www/html/tests/TestCase.php:36
/var/www/html/tests/Feature/Http/Controllers/Api/PriceSearchControllerTest.php:26</error>
        </testcase>
        <testcase name="test_can_search_products_with_query_parameter" file="/var/www/html/tests/Feature/Http/Controllers/Api/PriceSearchControllerTest.php" line="205" class="Tests\Feature\Http\Controllers\Api\PriceSearchControllerTest" classname="Tests.Feature.Http.Controllers.Api.PriceSearchControllerTest" assertions="0" time="0.000000">
          <error type="Error">Tests\Feature\Http\Controllers\Api\PriceSearchControllerTest::test_can_search_products_with_query_parameter
Error: Class "Laravel\Dusk\DuskServiceProvider" not found

/var/www/html/vendor/laravel/framework/src/Illuminate/Foundation/Application.php:961
/var/www/html/vendor/laravel/framework/src/Illuminate/Foundation/Application.php:893
/var/www/html/app/Providers/AppServiceProvider.php:51
/var/www/html/vendor/laravel/framework/src/Illuminate/Foundation/Application.php:896
/var/www/html/vendor/laravel/framework/src/Illuminate/Foundation/ProviderRepository.php:74
/var/www/html/vendor/laravel/framework/src/Illuminate/Foundation/Application.php:871
/var/www/html/vendor/laravel/framework/src/Illuminate/Foundation/Bootstrap/RegisterProviders.php:37
/var/www/html/vendor/laravel/framework/src/Illuminate/Foundation/Application.php:342
/var/www/html/vendor/laravel/framework/src/Illuminate/Foundation/Console/Kernel.php:473
/var/www/html/tests/CreatesApplication.php:31
/var/www/html/vendor/laravel/framework/src/Illuminate/Foundation/Testing/TestCase.php:54
/var/www/html/vendor/laravel/framework/src/Illuminate/Foundation/Testing/Concerns/InteractsWithTestCaseLifecycle.php:92
/var/www/html/vendor/laravel/framework/src/Illuminate/Foundation/Testing/TestCase.php:44
/var/www/html/tests/TestCase.php:36
/var/www/html/tests/Feature/Http/Controllers/Api/PriceSearchControllerTest.php:26</error>
        </testcase>
        <testcase name="test_handles_search_with_special_characters" file="/var/www/html/tests/Feature/Http/Controllers/Api/PriceSearchControllerTest.php" line="263" class="Tests\Feature\Http\Controllers\Api\PriceSearchControllerTest" classname="Tests.Feature.Http.Controllers.Api.PriceSearchControllerTest" assertions="0" time="0.000000">
          <error type="Error">Tests\Feature\Http\Controllers\Api\PriceSearchControllerTest::test_handles_search_with_special_characters
Error: Class "Laravel\Dusk\DuskServiceProvider" not found

/var/www/html/vendor/laravel/framework/src/Illuminate/Foundation/Application.php:961
/var/www/html/vendor/laravel/framework/src/Illuminate/Foundation/Application.php:893
/var/www/html/app/Providers/AppServiceProvider.php:51
/var/www/html/vendor/laravel/framework/src/Illuminate/Foundation/Application.php:896
/var/www/html/vendor/laravel/framework/src/Illuminate/Foundation/ProviderRepository.php:74
/var/www/html/vendor/laravel/framework/src/Illuminate/Foundation/Application.php:871
/var/www/html/vendor/laravel/framework/src/Illuminate/Foundation/Bootstrap/RegisterProviders.php:37
/var/www/html/vendor/laravel/framework/src/Illuminate/Foundation/Application.php:342
/var/www/html/vendor/laravel/framework/src/Illuminate/Foundation/Console/Kernel.php:473
/var/www/html/tests/CreatesApplication.php:31
/var/www/html/vendor/laravel/framework/src/Illuminate/Foundation/Testing/TestCase.php:54
/var/www/html/vendor/laravel/framework/src/Illuminate/Foundation/Testing/Concerns/InteractsWithTestCaseLifecycle.php:92
/var/www/html/vendor/laravel/framework/src/Illuminate/Foundation/Testing/TestCase.php:44
/var/www/html/tests/TestCase.php:36
/var/www/html/tests/Feature/Http/Controllers/Api/PriceSearchControllerTest.php:26</error>
        </testcase>
        <testcase name="test_handles_search_with_array_parameter" file="/var/www/html/tests/Feature/Http/Controllers/Api/PriceSearchControllerTest.php" line="449" class="Tests\Feature\Http\Controllers\Api\PriceSearchControllerTest" classname="Tests.Feature.Http.Controllers.Api.PriceSearchControllerTest" assertions="0" time="0.000000">
          <error type="Error">Tests\Feature\Http\Controllers\Api\PriceSearchControllerTest::test_handles_search_with_array_parameter
Error: Class "Laravel\Dusk\DuskServiceProvider" not found

/var/www/html/vendor/laravel/framework/src/Illuminate/Foundation/Application.php:961
/var/www/html/vendor/laravel/framework/src/Illuminate/Foundation/Application.php:893
/var/www/html/app/Providers/AppServiceProvider.php:51
/var/www/html/vendor/laravel/framework/src/Illuminate/Foundation/Application.php:896
/var/www/html/vendor/laravel/framework/src/Illuminate/Foundation/ProviderRepository.php:74
/var/www/html/vendor/laravel/framework/src/Illuminate/Foundation/Application.php:871
/var/www/html/vendor/laravel/framework/src/Illuminate/Foundation/Bootstrap/RegisterProviders.php:37
/var/www/html/vendor/laravel/framework/src/Illuminate/Foundation/Application.php:342
/var/www/html/vendor/laravel/framework/src/Illuminate/Foundation/Console/Kernel.php:473
/var/www/html/tests/CreatesApplication.php:31
/var/www/html/vendor/laravel/framework/src/Illuminate/Foundation/Testing/TestCase.php:54
/var/www/html/vendor/laravel/framework/src/Illuminate/Foundation/Testing/Concerns/InteractsWithTestCaseLifecycle.php:92
/var/www/html/vendor/laravel/framework/src/Illuminate/Foundation/Testing/TestCase.php:44
/var/www/html/tests/TestCase.php:36
/var/www/html/tests/Feature/Http/Controllers/Api/PriceSearchControllerTest.php:26</error>
        </testcase>
        <testcase name="test_returns_404_when_no_products_exist" file="/var/www/html/tests/Feature/Http/Controllers/Api/PriceSearchControllerTest.php" line="159" class="Tests\Feature\Http\Controllers\Api\PriceSearchControllerTest" classname="Tests.Feature.Http.Controllers.Api.PriceSearchControllerTest" assertions="0" time="0.000000">
          <error type="Error">Tests\Feature\Http\Controllers\Api\PriceSearchControllerTest::test_returns_404_when_no_products_exist
Error: Class "Laravel\Dusk\DuskServiceProvider" not found

/var/www/html/vendor/laravel/framework/src/Illuminate/Foundation/Application.php:961
/var/www/html/vendor/laravel/framework/src/Illuminate/Foundation/Application.php:893
/var/www/html/app/Providers/AppServiceProvider.php:51
/var/www/html/vendor/laravel/framework/src/Illuminate/Foundation/Application.php:896
/var/www/html/vendor/laravel/framework/src/Illuminate/Foundation/ProviderRepository.php:74
/var/www/html/vendor/laravel/framework/src/Illuminate/Foundation/Application.php:871
/var/www/html/vendor/laravel/framework/src/Illuminate/Foundation/Bootstrap/RegisterProviders.php:37
/var/www/html/vendor/laravel/framework/src/Illuminate/Foundation/Application.php:342
/var/www/html/vendor/laravel/framework/src/Illuminate/Foundation/Console/Kernel.php:473
/var/www/html/tests/CreatesApplication.php:31
/var/www/html/vendor/laravel/framework/src/Illuminate/Foundation/Testing/TestCase.php:54
/var/www/html/vendor/laravel/framework/src/Illuminate/Foundation/Testing/Concerns/InteractsWithTestCaseLifecycle.php:92
/var/www/html/vendor/laravel/framework/src/Illuminate/Foundation/Testing/TestCase.php:44
/var/www/html/tests/TestCase.php:36
/var/www/html/tests/Feature/Http/Controllers/Api/PriceSearchControllerTest.php:26</error>
        </testcase>
        <testcase name="test_handles_search_with_numeric_parameter" file="/var/www/html/tests/Feature/Http/Controllers/Api/PriceSearchControllerTest.php" line="485" class="Tests\Feature\Http\Controllers\Api\PriceSearchControllerTest" classname="Tests.Feature.Http.Controllers.Api.PriceSearchControllerTest" assertions="0" time="0.000000">
          <error type="Error">Tests\Feature\Http\Controllers\Api\PriceSearchControllerTest::test_handles_search_with_numeric_parameter
Error: Class "Laravel\Dusk\DuskServiceProvider" not found

/var/www/html/vendor/laravel/framework/src/Illuminate/Foundation/Application.php:961
/var/www/html/vendor/laravel/framework/src/Illuminate/Foundation/Application.php:893
/var/www/html/app/Providers/AppServiceProvider.php:51
/var/www/html/vendor/laravel/framework/src/Illuminate/Foundation/Application.php:896
/var/www/html/vendor/laravel/framework/src/Illuminate/Foundation/ProviderRepository.php:74
/var/www/html/vendor/laravel/framework/src/Illuminate/Foundation/Application.php:871
/var/www/html/vendor/laravel/framework/src/Illuminate/Foundation/Bootstrap/RegisterProviders.php:37
/var/www/html/vendor/laravel/framework/src/Illuminate/Foundation/Application.php:342
/var/www/html/vendor/laravel/framework/src/Illuminate/Foundation/Console/Kernel.php:473
/var/www/html/tests/CreatesApplication.php:31
/var/www/html/vendor/laravel/framework/src/Illuminate/Foundation/Testing/TestCase.php:54
/var/www/html/vendor/laravel/framework/src/Illuminate/Foundation/Testing/Concerns/InteractsWithTestCaseLifecycle.php:92
/var/www/html/vendor/laravel/framework/src/Illuminate/Foundation/Testing/TestCase.php:44
/var/www/html/tests/TestCase.php:36
/var/www/html/tests/Feature/Http/Controllers/Api/PriceSearchControllerTest.php:26</error>
        </testcase>
        <testcase name="test_can_search_products" file="/var/www/html/tests/Feature/Http/Controllers/Api/PriceSearchControllerTest.php" line="187" class="Tests\Feature\Http\Controllers\Api\PriceSearchControllerTest" classname="Tests.Feature.Http.Controllers.Api.PriceSearchControllerTest" assertions="0" time="0.000000">
          <error type="Error">Tests\Feature\Http\Controllers\Api\PriceSearchControllerTest::test_can_search_products
Error: Class "Laravel\Dusk\DuskServiceProvider" not found

/var/www/html/vendor/laravel/framework/src/Illuminate/Foundation/Application.php:961
/var/www/html/vendor/laravel/framework/src/Illuminate/Foundation/Application.php:893
/var/www/html/app/Providers/AppServiceProvider.php:51
/var/www/html/vendor/laravel/framework/src/Illuminate/Foundation/Application.php:896
/var/www/html/vendor/laravel/framework/src/Illuminate/Foundation/ProviderRepository.php:74
/var/www/html/vendor/laravel/framework/src/Illuminate/Foundation/Application.php:871
/var/www/html/vendor/laravel/framework/src/Illuminate/Foundation/Bootstrap/RegisterProviders.php:37
/var/www/html/vendor/laravel/framework/src/Illuminate/Foundation/Application.php:342
/var/www/html/vendor/laravel/framework/src/Illuminate/Foundation/Console/Kernel.php:473
/var/www/html/tests/CreatesApplication.php:31
/var/www/html/vendor/laravel/framework/src/Illuminate/Foundation/Testing/TestCase.php:54
/var/www/html/vendor/laravel/framework/src/Illuminate/Foundation/Testing/Concerns/InteractsWithTestCaseLifecycle.php:92
/var/www/html/vendor/laravel/framework/src/Illuminate/Foundation/Testing/TestCase.php:44
/var/www/html/tests/TestCase.php:36
/var/www/html/tests/Feature/Http/Controllers/Api/PriceSearchControllerTest.php:26</error>
        </testcase>
        <testcase name="test_handles_search_with_object_parameter" file="/var/www/html/tests/Feature/Http/Controllers/Api/PriceSearchControllerTest.php" line="461" class="Tests\Feature\Http\Controllers\Api\PriceSearchControllerTest" classname="Tests.Feature.Http.Controllers.Api.PriceSearchControllerTest" assertions="0" time="0.000000">
          <error type="Error">Tests\Feature\Http\Controllers\Api\PriceSearchControllerTest::test_handles_search_with_object_parameter
Error: Class "Laravel\Dusk\DuskServiceProvider" not found

/var/www/html/vendor/laravel/framework/src/Illuminate/Foundation/Application.php:961
/var/www/html/vendor/laravel/framework/src/Illuminate/Foundation/Application.php:893
/var/www/html/app/Providers/AppServiceProvider.php:51
/var/www/html/vendor/laravel/framework/src/Illuminate/Foundation/Application.php:896
/var/www/html/vendor/laravel/framework/src/Illuminate/Foundation/ProviderRepository.php:74
/var/www/html/vendor/laravel/framework/src/Illuminate/Foundation/Application.php:871
/var/www/html/vendor/laravel/framework/src/Illuminate/Foundation/Bootstrap/RegisterProviders.php:37
/var/www/html/vendor/laravel/framework/src/Illuminate/Foundation/Application.php:342
/var/www/html/vendor/laravel/framework/src/Illuminate/Foundation/Console/Kernel.php:473
/var/www/html/tests/CreatesApplication.php:31
/var/www/html/vendor/laravel/framework/src/Illuminate/Foundation/Testing/TestCase.php:54
/var/www/html/vendor/laravel/framework/src/Illuminate/Foundation/Testing/Concerns/InteractsWithTestCaseLifecycle.php:92
/var/www/html/vendor/laravel/framework/src/Illuminate/Foundation/Testing/TestCase.php:44
/var/www/html/tests/TestCase.php:36
/var/www/html/tests/Feature/Http/Controllers/Api/PriceSearchControllerTest.php:26</error>
        </testcase>
        <testcase name="test_can_search_products_with_name_parameter" file="/var/www/html/tests/Feature/Http/Controllers/Api/PriceSearchControllerTest.php" line="223" class="Tests\Feature\Http\Controllers\Api\PriceSearchControllerTest" classname="Tests.Feature.Http.Controllers.Api.PriceSearchControllerTest" assertions="0" time="0.000000">
          <error type="Error">Tests\Feature\Http\Controllers\Api\PriceSearchControllerTest::test_can_search_products_with_name_parameter
Error: Class "Laravel\Dusk\DuskServiceProvider" not found

/var/www/html/vendor/laravel/framework/src/Illuminate/Foundation/Application.php:961
/var/www/html/vendor/laravel/framework/src/Illuminate/Foundation/Application.php:893
/var/www/html/app/Providers/AppServiceProvider.php:51
/var/www/html/vendor/laravel/framework/src/Illuminate/Foundation/Application.php:896
/var/www/html/vendor/laravel/framework/src/Illuminate/Foundation/ProviderRepository.php:74
/var/www/html/vendor/laravel/framework/src/Illuminate/Foundation/Application.php:871
/var/www/html/vendor/laravel/framework/src/Illuminate/Foundation/Bootstrap/RegisterProviders.php:37
/var/www/html/vendor/laravel/framework/src/Illuminate/Foundation/Application.php:342
/var/www/html/vendor/laravel/framework/src/Illuminate/Foundation/Console/Kernel.php:473
/var/www/html/tests/CreatesApplication.php:31
/var/www/html/vendor/laravel/framework/src/Illuminate/Foundation/Testing/TestCase.php:54
/var/www/html/vendor/laravel/framework/src/Illuminate/Foundation/Testing/Concerns/InteractsWithTestCaseLifecycle.php:92
/var/www/html/vendor/laravel/framework/src/Illuminate/Foundation/Testing/TestCase.php:44
/var/www/html/tests/TestCase.php:36
/var/www/html/tests/Feature/Http/Controllers/Api/PriceSearchControllerTest.php:26</error>
        </testcase>
        <testcase name="test_handles_search_with_xss_attempt" file="/var/www/html/tests/Feature/Http/Controllers/Api/PriceSearchControllerTest.php" line="295" class="Tests\Feature\Http\Controllers\Api\PriceSearchControllerTest" classname="Tests.Feature.Http.Controllers.Api.PriceSearchControllerTest" assertions="0" time="0.000000">
          <error type="Error">Tests\Feature\Http\Controllers\Api\PriceSearchControllerTest::test_handles_search_with_xss_attempt
Error: Class "Laravel\Dusk\DuskServiceProvider" not found

/var/www/html/vendor/laravel/framework/src/Illuminate/Foundation/Application.php:961
/var/www/html/vendor/laravel/framework/src/Illuminate/Foundation/Application.php:893
/var/www/html/app/Providers/AppServiceProvider.php:51
/var/www/html/vendor/laravel/framework/src/Illuminate/Foundation/Application.php:896
/var/www/html/vendor/laravel/framework/src/Illuminate/Foundation/ProviderRepository.php:74
/var/www/html/vendor/laravel/framework/src/Illuminate/Foundation/Application.php:871
/var/www/html/vendor/laravel/framework/src/Illuminate/Foundation/Bootstrap/RegisterProviders.php:37
/var/www/html/vendor/laravel/framework/src/Illuminate/Foundation/Application.php:342
/var/www/html/vendor/laravel/framework/src/Illuminate/Foundation/Console/Kernel.php:473
/var/www/html/tests/CreatesApplication.php:31
/var/www/html/vendor/laravel/framework/src/Illuminate/Foundation/Testing/TestCase.php:54
/var/www/html/vendor/laravel/framework/src/Illuminate/Foundation/Testing/Concerns/InteractsWithTestCaseLifecycle.php:92
/var/www/html/vendor/laravel/framework/src/Illuminate/Foundation/Testing/TestCase.php:44
/var/www/html/tests/TestCase.php:36
/var/www/html/tests/Feature/Http/Controllers/Api/PriceSearchControllerTest.php:26</error>
        </testcase>
        <testcase name="test_handles_search_with_sql_injection_attempt" file="/var/www/html/tests/Feature/Http/Controllers/Api/PriceSearchControllerTest.php" line="279" class="Tests\Feature\Http\Controllers\Api\PriceSearchControllerTest" classname="Tests.Feature.Http.Controllers.Api.PriceSearchControllerTest" assertions="0" time="0.000000">
          <error type="Error">Tests\Feature\Http\Controllers\Api\PriceSearchControllerTest::test_handles_search_with_sql_injection_attempt
Error: Class "Laravel\Dusk\DuskServiceProvider" not found

/var/www/html/vendor/laravel/framework/src/Illuminate/Foundation/Application.php:961
/var/www/html/vendor/laravel/framework/src/Illuminate/Foundation/Application.php:893
/var/www/html/app/Providers/AppServiceProvider.php:51
/var/www/html/vendor/laravel/framework/src/Illuminate/Foundation/Application.php:896
/var/www/html/vendor/laravel/framework/src/Illuminate/Foundation/ProviderRepository.php:74
/var/www/html/vendor/laravel/framework/src/Illuminate/Foundation/Application.php:871
/var/www/html/vendor/laravel/framework/src/Illuminate/Foundation/Bootstrap/RegisterProviders.php:37
/var/www/html/vendor/laravel/framework/src/Illuminate/Foundation/Application.php:342
/var/www/html/vendor/laravel/framework/src/Illuminate/Foundation/Console/Kernel.php:473
/var/www/html/tests/CreatesApplication.php:31
/var/www/html/vendor/laravel/framework/src/Illuminate/Foundation/Testing/TestCase.php:54
/var/www/html/vendor/laravel/framework/src/Illuminate/Foundation/Testing/Concerns/InteractsWithTestCaseLifecycle.php:92
/var/www/html/vendor/laravel/framework/src/Illuminate/Foundation/Testing/TestCase.php:44
/var/www/html/tests/TestCase.php:36
/var/www/html/tests/Feature/Http/Controllers/Api/PriceSearchControllerTest.php:26</error>
        </testcase>
        <testcase name="test_returns_404_when_no_offers_available" file="/var/www/html/tests/Feature/Http/Controllers/Api/PriceSearchControllerTest.php" line="125" class="Tests\Feature\Http\Controllers\Api\PriceSearchControllerTest" classname="Tests.Feature.Http.Controllers.Api.PriceSearchControllerTest" assertions="0" time="0.000000">
          <error type="Error">Tests\Feature\Http\Controllers\Api\PriceSearchControllerTest::test_returns_404_when_no_offers_available
Error: Class "Laravel\Dusk\DuskServiceProvider" not found

/var/www/html/vendor/laravel/framework/src/Illuminate/Foundation/Application.php:961
/var/www/html/vendor/laravel/framework/src/Illuminate/Foundation/Application.php:893
/var/www/html/app/Providers/AppServiceProvider.php:51
/var/www/html/vendor/laravel/framework/src/Illuminate/Foundation/Application.php:896
/var/www/html/vendor/laravel/framework/src/Illuminate/Foundation/ProviderRepository.php:74
/var/www/html/vendor/laravel/framework/src/Illuminate/Foundation/Application.php:871
/var/www/html/vendor/laravel/framework/src/Illuminate/Foundation/Bootstrap/RegisterProviders.php:37
/var/www/html/vendor/laravel/framework/src/Illuminate/Foundation/Application.php:342
/var/www/html/vendor/laravel/framework/src/Illuminate/Foundation/Console/Kernel.php:473
/var/www/html/tests/CreatesApplication.php:31
/var/www/html/vendor/laravel/framework/src/Illuminate/Foundation/Testing/TestCase.php:54
/var/www/html/vendor/laravel/framework/src/Illuminate/Foundation/Testing/Concerns/InteractsWithTestCaseLifecycle.php:92
/var/www/html/vendor/laravel/framework/src/Illuminate/Foundation/Testing/TestCase.php:44
/var/www/html/tests/TestCase.php:36
/var/www/html/tests/Feature/Http/Controllers/Api/PriceSearchControllerTest.php:26</error>
        </testcase>
        <testcase name="test_handles_search_with_unicode_characters" file="/var/www/html/tests/Feature/Http/Controllers/Api/PriceSearchControllerTest.php" line="329" class="Tests\Feature\Http\Controllers\Api\PriceSearchControllerTest" classname="Tests.Feature.Http.Controllers.Api.PriceSearchControllerTest" assertions="0" time="0.000000">
          <error type="Error">Tests\Feature\Http\Controllers\Api\PriceSearchControllerTest::test_handles_search_with_unicode_characters
Error: Class "Laravel\Dusk\DuskServiceProvider" not found

/var/www/html/vendor/laravel/framework/src/Illuminate/Foundation/Application.php:961
/var/www/html/vendor/laravel/framework/src/Illuminate/Foundation/Application.php:893
/var/www/html/app/Providers/AppServiceProvider.php:51
/var/www/html/vendor/laravel/framework/src/Illuminate/Foundation/Application.php:896
/var/www/html/vendor/laravel/framework/src/Illuminate/Foundation/ProviderRepository.php:74
/var/www/html/vendor/laravel/framework/src/Illuminate/Foundation/Application.php:871
/var/www/html/vendor/laravel/framework/src/Illuminate/Foundation/Bootstrap/RegisterProviders.php:37
/var/www/html/vendor/laravel/framework/src/Illuminate/Foundation/Application.php:342
/var/www/html/vendor/laravel/framework/src/Illuminate/Foundation/Console/Kernel.php:473
/var/www/html/tests/CreatesApplication.php:31
/var/www/html/vendor/laravel/framework/src/Illuminate/Foundation/Testing/TestCase.php:54
/var/www/html/vendor/laravel/framework/src/Illuminate/Foundation/Testing/Concerns/InteractsWithTestCaseLifecycle.php:92
/var/www/html/vendor/laravel/framework/src/Illuminate/Foundation/Testing/TestCase.php:44
/var/www/html/tests/TestCase.php:36
/var/www/html/tests/Feature/Http/Controllers/Api/PriceSearchControllerTest.php:26</error>
        </testcase>
        <testcase name="test_handles_search_with_mixed_content" file="/var/www/html/tests/Feature/Http/Controllers/Api/PriceSearchControllerTest.php" line="377" class="Tests\Feature\Http\Controllers\Api\PriceSearchControllerTest" classname="Tests.Feature.Http.Controllers.Api.PriceSearchControllerTest" assertions="0" time="0.000000">
          <error type="Error">Tests\Feature\Http\Controllers\Api\PriceSearchControllerTest::test_handles_search_with_mixed_content
Error: Class "Laravel\Dusk\DuskServiceProvider" not found

/var/www/html/vendor/laravel/framework/src/Illuminate/Foundation/Application.php:961
/var/www/html/vendor/laravel/framework/src/Illuminate/Foundation/Application.php:893
/var/www/html/app/Providers/AppServiceProvider.php:51
/var/www/html/vendor/laravel/framework/src/Illuminate/Foundation/Application.php:896
/var/www/html/vendor/laravel/framework/src/Illuminate/Foundation/ProviderRepository.php:74
/var/www/html/vendor/laravel/framework/src/Illuminate/Foundation/Application.php:871
/var/www/html/vendor/laravel/framework/src/Illuminate/Foundation/Bootstrap/RegisterProviders.php:37
/var/www/html/vendor/laravel/framework/src/Illuminate/Foundation/Application.php:342
/var/www/html/vendor/laravel/framework/src/Illuminate/Foundation/Console/Kernel.php:473
/var/www/html/tests/CreatesApplication.php:31
/var/www/html/vendor/laravel/framework/src/Illuminate/Foundation/Testing/TestCase.php:54
/var/www/html/vendor/laravel/framework/src/Illuminate/Foundation/Testing/Concerns/InteractsWithTestCaseLifecycle.php:92
/var/www/html/vendor/laravel/framework/src/Illuminate/Foundation/Testing/TestCase.php:44
/var/www/html/tests/TestCase.php:36
/var/www/html/tests/Feature/Http/Controllers/Api/PriceSearchControllerTest.php:26</error>
        </testcase>
        <testcase name="test_handles_search_with_boolean_parameter" file="/var/www/html/tests/Feature/Http/Controllers/Api/PriceSearchControllerTest.php" line="473" class="Tests\Feature\Http\Controllers\Api\PriceSearchControllerTest" classname="Tests.Feature.Http.Controllers.Api.PriceSearchControllerTest" assertions="0" time="0.000000">
          <error type="Error">Tests\Feature\Http\Controllers\Api\PriceSearchControllerTest::test_handles_search_with_boolean_parameter
Error: Class "Laravel\Dusk\DuskServiceProvider" not found

/var/www/html/vendor/laravel/framework/src/Illuminate/Foundation/Application.php:961
/var/www/html/vendor/laravel/framework/src/Illuminate/Foundation/Application.php:893
/var/www/html/app/Providers/AppServiceProvider.php:51
/var/www/html/vendor/laravel/framework/src/Illuminate/Foundation/Application.php:896
/var/www/html/vendor/laravel/framework/src/Illuminate/Foundation/ProviderRepository.php:74
/var/www/html/vendor/laravel/framework/src/Illuminate/Foundation/Application.php:871
/var/www/html/vendor/laravel/framework/src/Illuminate/Foundation/Bootstrap/RegisterProviders.php:37
/var/www/html/vendor/laravel/framework/src/Illuminate/Foundation/Application.php:342
/var/www/html/vendor/laravel/framework/src/Illuminate/Foundation/Console/Kernel.php:473
/var/www/html/tests/CreatesApplication.php:31
/var/www/html/vendor/laravel/framework/src/Illuminate/Foundation/Testing/TestCase.php:54
/var/www/html/vendor/laravel/framework/src/Illuminate/Foundation/Testing/Concerns/InteractsWithTestCaseLifecycle.php:92
/var/www/html/vendor/laravel/framework/src/Illuminate/Foundation/Testing/TestCase.php:44
/var/www/html/tests/TestCase.php:36
/var/www/html/tests/Feature/Http/Controllers/Api/PriceSearchControllerTest.php:26</error>
        </testcase>
        <testcase name="test_handles_search_with_multiple_words" file="/var/www/html/tests/Feature/Http/Controllers/Api/PriceSearchControllerTest.php" line="345" class="Tests\Feature\Http\Controllers\Api\PriceSearchControllerTest" classname="Tests.Feature.Http.Controllers.Api.PriceSearchControllerTest" assertions="0" time="0.000000">
          <error type="Error">Tests\Feature\Http\Controllers\Api\PriceSearchControllerTest::test_handles_search_with_multiple_words
Error: Class "Laravel\Dusk\DuskServiceProvider" not found

/var/www/html/vendor/laravel/framework/src/Illuminate/Foundation/Application.php:961
/var/www/html/vendor/laravel/framework/src/Illuminate/Foundation/Application.php:893
/var/www/html/app/Providers/AppServiceProvider.php:51
/var/www/html/vendor/laravel/framework/src/Illuminate/Foundation/Application.php:896
/var/www/html/vendor/laravel/framework/src/Illuminate/Foundation/ProviderRepository.php:74
/var/www/html/vendor/laravel/framework/src/Illuminate/Foundation/Application.php:871
/var/www/html/vendor/laravel/framework/src/Illuminate/Foundation/Bootstrap/RegisterProviders.php:37
/var/www/html/vendor/laravel/framework/src/Illuminate/Foundation/Application.php:342
/var/www/html/vendor/laravel/framework/src/Illuminate/Foundation/Console/Kernel.php:473
/var/www/html/tests/CreatesApplication.php:31
/var/www/html/vendor/laravel/framework/src/Illuminate/Foundation/Testing/TestCase.php:54
/var/www/html/vendor/laravel/framework/src/Illuminate/Foundation/Testing/Concerns/InteractsWithTestCaseLifecycle.php:92
/var/www/html/vendor/laravel/framework/src/Illuminate/Foundation/Testing/TestCase.php:44
/var/www/html/tests/TestCase.php:36
/var/www/html/tests/Feature/Http/Controllers/Api/PriceSearchControllerTest.php:26</error>
        </testcase>
        <testcase name="test_handles_search_with_null_parameter" file="/var/www/html/tests/Feature/Http/Controllers/Api/PriceSearchControllerTest.php" line="437" class="Tests\Feature\Http\Controllers\Api\PriceSearchControllerTest" classname="Tests.Feature.Http.Controllers.Api.PriceSearchControllerTest" assertions="0" time="0.000000">
          <error type="Error">Tests\Feature\Http\Controllers\Api\PriceSearchControllerTest::test_handles_search_with_null_parameter
Error: Class "Laravel\Dusk\DuskServiceProvider" not found

/var/www/html/vendor/laravel/framework/src/Illuminate/Foundation/Application.php:961
/var/www/html/vendor/laravel/framework/src/Illuminate/Foundation/Application.php:893
/var/www/html/app/Providers/AppServiceProvider.php:51
/var/www/html/vendor/laravel/framework/src/Illuminate/Foundation/Application.php:896
/var/www/html/vendor/laravel/framework/src/Illuminate/Foundation/ProviderRepository.php:74
/var/www/html/vendor/laravel/framework/src/Illuminate/Foundation/Application.php:871
/var/www/html/vendor/laravel/framework/src/Illuminate/Foundation/Bootstrap/RegisterProviders.php:37
/var/www/html/vendor/laravel/framework/src/Illuminate/Foundation/Application.php:342
/var/www/html/vendor/laravel/framework/src/Illuminate/Foundation/Console/Kernel.php:473
/var/www/html/tests/CreatesApplication.php:31
/var/www/html/vendor/laravel/framework/src/Illuminate/Foundation/Testing/TestCase.php:54
/var/www/html/vendor/laravel/framework/src/Illuminate/Foundation/Testing/Concerns/InteractsWithTestCaseLifecycle.php:92
/var/www/html/vendor/laravel/framework/src/Illuminate/Foundation/Testing/TestCase.php:44
/var/www/html/tests/TestCase.php:36
/var/www/html/tests/Feature/Http/Controllers/Api/PriceSearchControllerTest.php:26</error>
        </testcase>
        <testcase name="test_returns_404_for_nonexistent_product_by_name" file="/var/www/html/tests/Feature/Http/Controllers/Api/PriceSearchControllerTest.php" line="113" class="Tests\Feature\Http\Controllers\Api\PriceSearchControllerTest" classname="Tests.Feature.Http.Controllers.Api.PriceSearchControllerTest" assertions="0" time="0.000000">
          <error type="Error">Tests\Feature\Http\Controllers\Api\PriceSearchControllerTest::test_returns_404_for_nonexistent_product_by_name
Error: Class "Laravel\Dusk\DuskServiceProvider" not found

/var/www/html/vendor/laravel/framework/src/Illuminate/Foundation/Application.php:961
/var/www/html/vendor/laravel/framework/src/Illuminate/Foundation/Application.php:893
/var/www/html/app/Providers/AppServiceProvider.php:51
/var/www/html/vendor/laravel/framework/src/Illuminate/Foundation/Application.php:896
/var/www/html/vendor/laravel/framework/src/Illuminate/Foundation/ProviderRepository.php:74
/var/www/html/vendor/laravel/framework/src/Illuminate/Foundation/Application.php:871
/var/www/html/vendor/laravel/framework/src/Illuminate/Foundation/Bootstrap/RegisterProviders.php:37
/var/www/html/vendor/laravel/framework/src/Illuminate/Foundation/Application.php:342
/var/www/html/vendor/laravel/framework/src/Illuminate/Foundation/Console/Kernel.php:473
/var/www/html/tests/CreatesApplication.php:31
/var/www/html/vendor/laravel/framework/src/Illuminate/Foundation/Testing/TestCase.php:54
/var/www/html/vendor/laravel/framework/src/Illuminate/Foundation/Testing/Concerns/InteractsWithTestCaseLifecycle.php:92
/var/www/html/vendor/laravel/framework/src/Illuminate/Foundation/Testing/TestCase.php:44
/var/www/html/tests/TestCase.php:36
/var/www/html/tests/Feature/Http/Controllers/Api/PriceSearchControllerTest.php:26</error>
        </testcase>
        <testcase name="test_returns_all_products_when_no_parameters_provided" file="/var/www/html/tests/Feature/Http/Controllers/Api/PriceSearchControllerTest.php" line="141" class="Tests\Feature\Http\Controllers\Api\PriceSearchControllerTest" classname="Tests.Feature.Http.Controllers.Api.PriceSearchControllerTest" assertions="0" time="0.000000">
          <error type="Error">Tests\Feature\Http\Controllers\Api\PriceSearchControllerTest::test_returns_all_products_when_no_parameters_provided
Error: Class "Laravel\Dusk\DuskServiceProvider" not found

/var/www/html/vendor/laravel/framework/src/Illuminate/Foundation/Application.php:961
/var/www/html/vendor/laravel/framework/src/Illuminate/Foundation/Application.php:893
/var/www/html/app/Providers/AppServiceProvider.php:51
/var/www/html/vendor/laravel/framework/src/Illuminate/Foundation/Application.php:896
/var/www/html/vendor/laravel/framework/src/Illuminate/Foundation/ProviderRepository.php:74
/var/www/html/vendor/laravel/framework/src/Illuminate/Foundation/Application.php:871
/var/www/html/vendor/laravel/framework/src/Illuminate/Foundation/Bootstrap/RegisterProviders.php:37
/var/www/html/vendor/laravel/framework/src/Illuminate/Foundation/Application.php:342
/var/www/html/vendor/laravel/framework/src/Illuminate/Foundation/Console/Kernel.php:473
/var/www/html/tests/CreatesApplication.php:31
/var/www/html/vendor/laravel/framework/src/Illuminate/Foundation/Testing/TestCase.php:54
/var/www/html/vendor/laravel/framework/src/Illuminate/Foundation/Testing/Concerns/InteractsWithTestCaseLifecycle.php:92
/var/www/html/vendor/laravel/framework/src/Illuminate/Foundation/Testing/TestCase.php:44
/var/www/html/tests/TestCase.php:36
/var/www/html/tests/Feature/Http/Controllers/Api/PriceSearchControllerTest.php:26</error>
        </testcase>
        <testcase name="test_returns_400_when_search_query_is_missing" file="/var/www/html/tests/Feature/Http/Controllers/Api/PriceSearchControllerTest.php" line="253" class="Tests\Feature\Http\Controllers\Api\PriceSearchControllerTest" classname="Tests.Feature.Http.Controllers.Api.PriceSearchControllerTest" assertions="0" time="0.000000">
          <error type="Error">Tests\Feature\Http\Controllers\Api\PriceSearchControllerTest::test_returns_400_when_search_query_is_missing
Error: Class "Laravel\Dusk\DuskServiceProvider" not found

/var/www/html/vendor/laravel/framework/src/Illuminate/Foundation/Application.php:961
/var/www/html/vendor/laravel/framework/src/Illuminate/Foundation/Application.php:893
/var/www/html/app/Providers/AppServiceProvider.php:51
/var/www/html/vendor/laravel/framework/src/Illuminate/Foundation/Application.php:896
/var/www/html/vendor/laravel/framework/src/Illuminate/Foundation/ProviderRepository.php:74
/var/www/html/vendor/laravel/framework/src/Illuminate/Foundation/Application.php:871
/var/www/html/vendor/laravel/framework/src/Illuminate/Foundation/Bootstrap/RegisterProviders.php:37
/var/www/html/vendor/laravel/framework/src/Illuminate/Foundation/Application.php:342
/var/www/html/vendor/laravel/framework/src/Illuminate/Foundation/Console/Kernel.php:473
/var/www/html/tests/CreatesApplication.php:31
/var/www/html/vendor/laravel/framework/src/Illuminate/Foundation/Testing/TestCase.php:54
/var/www/html/vendor/laravel/framework/src/Illuminate/Foundation/Testing/Concerns/InteractsWithTestCaseLifecycle.php:92
/var/www/html/vendor/laravel/framework/src/Illuminate/Foundation/Testing/TestCase.php:44
/var/www/html/tests/TestCase.php:36
/var/www/html/tests/Feature/Http/Controllers/Api/PriceSearchControllerTest.php:26</error>
        </testcase>
        <testcase name="test_can_get_supported_stores" file="/var/www/html/tests/Feature/Http/Controllers/Api/PriceSearchControllerTest.php" line="172" class="Tests\Feature\Http\Controllers\Api\PriceSearchControllerTest" classname="Tests.Feature.Http.Controllers.Api.PriceSearchControllerTest" assertions="0" time="0.000000">
          <error type="Error">Tests\Feature\Http\Controllers\Api\PriceSearchControllerTest::test_can_get_supported_stores
Error: Class "Laravel\Dusk\DuskServiceProvider" not found

/var/www/html/vendor/laravel/framework/src/Illuminate/Foundation/Application.php:961
/var/www/html/vendor/laravel/framework/src/Illuminate/Foundation/Application.php:893
/var/www/html/app/Providers/AppServiceProvider.php:51
/var/www/html/vendor/laravel/framework/src/Illuminate/Foundation/Application.php:896
/var/www/html/vendor/laravel/framework/src/Illuminate/Foundation/ProviderRepository.php:74
/var/www/html/vendor/laravel/framework/src/Illuminate/Foundation/Application.php:871
/var/www/html/vendor/laravel/framework/src/Illuminate/Foundation/Bootstrap/RegisterProviders.php:37
/var/www/html/vendor/laravel/framework/src/Illuminate/Foundation/Application.php:342
/var/www/html/vendor/laravel/framework/src/Illuminate/Foundation/Console/Kernel.php:473
/var/www/html/tests/CreatesApplication.php:31
/var/www/html/vendor/laravel/framework/src/Illuminate/Foundation/Testing/TestCase.php:54
/var/www/html/vendor/laravel/framework/src/Illuminate/Foundation/Testing/Concerns/InteractsWithTestCaseLifecycle.php:92
/var/www/html/vendor/laravel/framework/src/Illuminate/Foundation/Testing/TestCase.php:44
/var/www/html/tests/TestCase.php:36
/var/www/html/tests/Feature/Http/Controllers/Api/PriceSearchControllerTest.php:26</error>
        </testcase>
        <testcase name="test_handles_search_with_float_parameter" file="/var/www/html/tests/Feature/Http/Controllers/Api/PriceSearchControllerTest.php" line="501" class="Tests\Feature\Http\Controllers\Api\PriceSearchControllerTest" classname="Tests.Feature.Http.Controllers.Api.PriceSearchControllerTest" assertions="0" time="0.000000">
          <error type="Error">Tests\Feature\Http\Controllers\Api\PriceSearchControllerTest::test_handles_search_with_float_parameter
Error: Class "Laravel\Dusk\DuskServiceProvider" not found

/var/www/html/vendor/laravel/framework/src/Illuminate/Foundation/Application.php:961
/var/www/html/vendor/laravel/framework/src/Illuminate/Foundation/Application.php:893
/var/www/html/app/Providers/AppServiceProvider.php:51
/var/www/html/vendor/laravel/framework/src/Illuminate/Foundation/Application.php:896
/var/www/html/vendor/laravel/framework/src/Illuminate/Foundation/ProviderRepository.php:74
/var/www/html/vendor/laravel/framework/src/Illuminate/Foundation/Application.php:871
/var/www/html/vendor/laravel/framework/src/Illuminate/Foundation/Bootstrap/RegisterProviders.php:37
/var/www/html/vendor/laravel/framework/src/Illuminate/Foundation/Application.php:342
/var/www/html/vendor/laravel/framework/src/Illuminate/Foundation/Console/Kernel.php:473
/var/www/html/tests/CreatesApplication.php:31
/var/www/html/vendor/laravel/framework/src/Illuminate/Foundation/Testing/TestCase.php:54
/var/www/html/vendor/laravel/framework/src/Illuminate/Foundation/Testing/Concerns/InteractsWithTestCaseLifecycle.php:92
/var/www/html/vendor/laravel/framework/src/Illuminate/Foundation/Testing/TestCase.php:44
/var/www/html/tests/TestCase.php:36
/var/www/html/tests/Feature/Http/Controllers/Api/PriceSearchControllerTest.php:26</error>
        </testcase>
        <testcase name="test_returns_400_when_search_query_is_empty" file="/var/www/html/tests/Feature/Http/Controllers/Api/PriceSearchControllerTest.php" line="241" class="Tests\Feature\Http\Controllers\Api\PriceSearchControllerTest" classname="Tests.Feature.Http.Controllers.Api.PriceSearchControllerTest" assertions="0" time="0.000000">
          <error type="Error">Tests\Feature\Http\Controllers\Api\PriceSearchControllerTest::test_returns_400_when_search_query_is_empty
Error: Class "Laravel\Dusk\DuskServiceProvider" not found

/var/www/html/vendor/laravel/framework/src/Illuminate/Foundation/Application.php:961
/var/www/html/vendor/laravel/framework/src/Illuminate/Foundation/Application.php:893
/var/www/html/app/Providers/AppServiceProvider.php:51
/var/www/html/vendor/laravel/framework/src/Illuminate/Foundation/Application.php:896
/var/www/html/vendor/laravel/framework/src/Illuminate/Foundation/ProviderRepository.php:74
/var/www/html/vendor/laravel/framework/src/Illuminate/Foundation/Application.php:871
/var/www/html/vendor/laravel/framework/src/Illuminate/Foundation/Bootstrap/RegisterProviders.php:37
/var/www/html/vendor/laravel/framework/src/Illuminate/Foundation/Application.php:342
/var/www/html/vendor/laravel/framework/src/Illuminate/Foundation/Console/Kernel.php:473
/var/www/html/tests/CreatesApplication.php:31
/var/www/html/vendor/laravel/framework/src/Illuminate/Foundation/Testing/TestCase.php:54
/var/www/html/vendor/laravel/framework/src/Illuminate/Foundation/Testing/Concerns/InteractsWithTestCaseLifecycle.php:92
/var/www/html/vendor/laravel/framework/src/Illuminate/Foundation/Testing/TestCase.php:44
/var/www/html/tests/TestCase.php:36
/var/www/html/tests/Feature/Http/Controllers/Api/PriceSearchControllerTest.php:26</error>
        </testcase>
        <testcase name="test_returns_404_for_nonexistent_product_by_id" file="/var/www/html/tests/Feature/Http/Controllers/Api/PriceSearchControllerTest.php" line="101" class="Tests\Feature\Http\Controllers\Api\PriceSearchControllerTest" classname="Tests.Feature.Http.Controllers.Api.PriceSearchControllerTest" assertions="0" time="0.000000">
          <error type="Error">Tests\Feature\Http\Controllers\Api\PriceSearchControllerTest::test_returns_404_for_nonexistent_product_by_id
Error: Class "Laravel\Dusk\DuskServiceProvider" not found

/var/www/html/vendor/laravel/framework/src/Illuminate/Foundation/Application.php:961
/var/www/html/vendor/laravel/framework/src/Illuminate/Foundation/Application.php:893
/var/www/html/app/Providers/AppServiceProvider.php:51
/var/www/html/vendor/laravel/framework/src/Illuminate/Foundation/Application.php:896
/var/www/html/vendor/laravel/framework/src/Illuminate/Foundation/ProviderRepository.php:74
/var/www/html/vendor/laravel/framework/src/Illuminate/Foundation/Application.php:871
/var/www/html/vendor/laravel/framework/src/Illuminate/Foundation/Bootstrap/RegisterProviders.php:37
/var/www/html/vendor/laravel/framework/src/Illuminate/Foundation/Application.php:342
/var/www/html/vendor/laravel/framework/src/Illuminate/Foundation/Console/Kernel.php:473
/var/www/html/tests/CreatesApplication.php:31
/var/www/html/vendor/laravel/framework/src/Illuminate/Foundation/Testing/TestCase.php:54
/var/www/html/vendor/laravel/framework/src/Illuminate/Foundation/Testing/Concerns/InteractsWithTestCaseLifecycle.php:92
/var/www/html/vendor/laravel/framework/src/Illuminate/Foundation/Testing/TestCase.php:44
/var/www/html/tests/TestCase.php:36
/var/www/html/tests/Feature/Http/Controllers/Api/PriceSearchControllerTest.php:26</error>
        </testcase>
        <testcase name="test_handles_search_with_very_long_query" file="/var/www/html/tests/Feature/Http/Controllers/Api/PriceSearchControllerTest.php" line="311" class="Tests\Feature\Http\Controllers\Api\PriceSearchControllerTest" classname="Tests.Feature.Http.Controllers.Api.PriceSearchControllerTest" assertions="0" time="0.000000">
          <error type="Error">Tests\Feature\Http\Controllers\Api\PriceSearchControllerTest::test_handles_search_with_very_long_query
Error: Class "Laravel\Dusk\DuskServiceProvider" not found

/var/www/html/vendor/laravel/framework/src/Illuminate/Foundation/Application.php:961
/var/www/html/vendor/laravel/framework/src/Illuminate/Foundation/Application.php:893
/var/www/html/app/Providers/AppServiceProvider.php:51
/var/www/html/vendor/laravel/framework/src/Illuminate/Foundation/Application.php:896
/var/www/html/vendor/laravel/framework/src/Illuminate/Foundation/ProviderRepository.php:74
/var/www/html/vendor/laravel/framework/src/Illuminate/Foundation/Application.php:871
/var/www/html/vendor/laravel/framework/src/Illuminate/Foundation/Bootstrap/RegisterProviders.php:37
/var/www/html/vendor/laravel/framework/src/Illuminate/Foundation/Application.php:342
/var/www/html/vendor/laravel/framework/src/Illuminate/Foundation/Console/Kernel.php:473
/var/www/html/tests/CreatesApplication.php:31
/var/www/html/vendor/laravel/framework/src/Illuminate/Foundation/Testing/TestCase.php:54
/var/www/html/vendor/laravel/framework/src/Illuminate/Foundation/Testing/Concerns/InteractsWithTestCaseLifecycle.php:92
/var/www/html/vendor/laravel/framework/src/Illuminate/Foundation/Testing/TestCase.php:44
/var/www/html/tests/TestCase.php:36
/var/www/html/tests/Feature/Http/Controllers/Api/PriceSearchControllerTest.php:26</error>
        </testcase>
        <testcase name="test_can_get_best_offer_by_product_id" file="/var/www/html/tests/Feature/Http/Controllers/Api/PriceSearchControllerTest.php" line="47" class="Tests\Feature\Http\Controllers\Api\PriceSearchControllerTest" classname="Tests.Feature.Http.Controllers.Api.PriceSearchControllerTest" assertions="0" time="0.000000">
          <error type="Error">Tests\Feature\Http\Controllers\Api\PriceSearchControllerTest::test_can_get_best_offer_by_product_id
Error: Class "Laravel\Dusk\DuskServiceProvider" not found

/var/www/html/vendor/laravel/framework/src/Illuminate/Foundation/Application.php:961
/var/www/html/vendor/laravel/framework/src/Illuminate/Foundation/Application.php:893
/var/www/html/app/Providers/AppServiceProvider.php:51
/var/www/html/vendor/laravel/framework/src/Illuminate/Foundation/Application.php:896
/var/www/html/vendor/laravel/framework/src/Illuminate/Foundation/ProviderRepository.php:74
/var/www/html/vendor/laravel/framework/src/Illuminate/Foundation/Application.php:871
/var/www/html/vendor/laravel/framework/src/Illuminate/Foundation/Bootstrap/RegisterProviders.php:37
/var/www/html/vendor/laravel/framework/src/Illuminate/Foundation/Application.php:342
/var/www/html/vendor/laravel/framework/src/Illuminate/Foundation/Console/Kernel.php:473
/var/www/html/tests/CreatesApplication.php:31
/var/www/html/vendor/laravel/framework/src/Illuminate/Foundation/Testing/TestCase.php:54
/var/www/html/vendor/laravel/framework/src/Illuminate/Foundation/Testing/Concerns/InteractsWithTestCaseLifecycle.php:92
/var/www/html/vendor/laravel/framework/src/Illuminate/Foundation/Testing/TestCase.php:44
/var/www/html/tests/TestCase.php:36
/var/www/html/tests/Feature/Http/Controllers/Api/PriceSearchControllerTest.php:26</error>
        </testcase>
        <testcase name="test_handles_search_with_tabs_and_newlines" file="/var/www/html/tests/Feature/Http/Controllers/Api/PriceSearchControllerTest.php" line="425" class="Tests\Feature\Http\Controllers\Api\PriceSearchControllerTest" classname="Tests.Feature.Http.Controllers.Api.PriceSearchControllerTest" assertions="0" time="0.000000">
          <error type="Error">Tests\Feature\Http\Controllers\Api\PriceSearchControllerTest::test_handles_search_with_tabs_and_newlines
Error: Class "Laravel\Dusk\DuskServiceProvider" not found

/var/www/html/vendor/laravel/framework/src/Illuminate/Foundation/Application.php:961
/var/www/html/vendor/laravel/framework/src/Illuminate/Foundation/Application.php:893
/var/www/html/app/Providers/AppServiceProvider.php:51
/var/www/html/vendor/laravel/framework/src/Illuminate/Foundation/Application.php:896
/var/www/html/vendor/laravel/framework/src/Illuminate/Foundation/ProviderRepository.php:74
/var/www/html/vendor/laravel/framework/src/Illuminate/Foundation/Application.php:871
/var/www/html/vendor/laravel/framework/src/Illuminate/Foundation/Bootstrap/RegisterProviders.php:37
/var/www/html/vendor/laravel/framework/src/Illuminate/Foundation/Application.php:342
/var/www/html/vendor/laravel/framework/src/Illuminate/Foundation/Console/Kernel.php:473
/var/www/html/tests/CreatesApplication.php:31
/var/www/html/vendor/laravel/framework/src/Illuminate/Foundation/Testing/TestCase.php:54
/var/www/html/vendor/laravel/framework/src/Illuminate/Foundation/Testing/Concerns/InteractsWithTestCaseLifecycle.php:92
/var/www/html/vendor/laravel/framework/src/Illuminate/Foundation/Testing/TestCase.php:44
/var/www/html/tests/TestCase.php:36
/var/www/html/tests/Feature/Http/Controllers/Api/PriceSearchControllerTest.php:26</error>
        </testcase>
        <testcase name="test_can_get_best_offer_by_product_name" file="/var/www/html/tests/Feature/Http/Controllers/Api/PriceSearchControllerTest.php" line="79" class="Tests\Feature\Http\Controllers\Api\PriceSearchControllerTest" classname="Tests.Feature.Http.Controllers.Api.PriceSearchControllerTest" assertions="0" time="0.000000">
          <error type="Error">Tests\Feature\Http\Controllers\Api\PriceSearchControllerTest::test_can_get_best_offer_by_product_name
Error: Class "Laravel\Dusk\DuskServiceProvider" not found

/var/www/html/vendor/laravel/framework/src/Illuminate/Foundation/Application.php:961
/var/www/html/vendor/laravel/framework/src/Illuminate/Foundation/Application.php:893
/var/www/html/app/Providers/AppServiceProvider.php:51
/var/www/html/vendor/laravel/framework/src/Illuminate/Foundation/Application.php:896
/var/www/html/vendor/laravel/framework/src/Illuminate/Foundation/ProviderRepository.php:74
/var/www/html/vendor/laravel/framework/src/Illuminate/Foundation/Application.php:871
/var/www/html/vendor/laravel/framework/src/Illuminate/Foundation/Bootstrap/RegisterProviders.php:37
/var/www/html/vendor/laravel/framework/src/Illuminate/Foundation/Application.php:342
/var/www/html/vendor/laravel/framework/src/Illuminate/Foundation/Console/Kernel.php:473
/var/www/html/tests/CreatesApplication.php:31
/var/www/html/vendor/laravel/framework/src/Illuminate/Foundation/Testing/TestCase.php:54
/var/www/html/vendor/laravel/framework/src/Illuminate/Foundation/Testing/Concerns/InteractsWithTestCaseLifecycle.php:92
/var/www/html/vendor/laravel/framework/src/Illuminate/Foundation/Testing/TestCase.php:44
/var/www/html/tests/TestCase.php:36
/var/www/html/tests/Feature/Http/Controllers/Api/PriceSearchControllerTest.php:26</error>
        </testcase>
        <testcase name="test_handles_search_with_numbers" file="/var/www/html/tests/Feature/Http/Controllers/Api/PriceSearchControllerTest.php" line="361" class="Tests\Feature\Http\Controllers\Api\PriceSearchControllerTest" classname="Tests.Feature.Http.Controllers.Api.PriceSearchControllerTest" assertions="0" time="0.000000">
          <error type="Error">Tests\Feature\Http\Controllers\Api\PriceSearchControllerTest::test_handles_search_with_numbers
Error: Class "Laravel\Dusk\DuskServiceProvider" not found

/var/www/html/vendor/laravel/framework/src/Illuminate/Foundation/Application.php:961
/var/www/html/vendor/laravel/framework/src/Illuminate/Foundation/Application.php:893
/var/www/html/app/Providers/AppServiceProvider.php:51
/var/www/html/vendor/laravel/framework/src/Illuminate/Foundation/Application.php:896
/var/www/html/vendor/laravel/framework/src/Illuminate/Foundation/ProviderRepository.php:74
/var/www/html/vendor/laravel/framework/src/Illuminate/Foundation/Application.php:871
/var/www/html/vendor/laravel/framework/src/Illuminate/Foundation/Bootstrap/RegisterProviders.php:37
/var/www/html/vendor/laravel/framework/src/Illuminate/Foundation/Application.php:342
/var/www/html/vendor/laravel/framework/src/Illuminate/Foundation/Console/Kernel.php:473
/var/www/html/tests/CreatesApplication.php:31
/var/www/html/vendor/laravel/framework/src/Illuminate/Foundation/Testing/TestCase.php:54
/var/www/html/vendor/laravel/framework/src/Illuminate/Foundation/Testing/Concerns/InteractsWithTestCaseLifecycle.php:92
/var/www/html/vendor/laravel/framework/src/Illuminate/Foundation/Testing/TestCase.php:44
/var/www/html/tests/TestCase.php:36
/var/www/html/tests/Feature/Http/Controllers/Api/PriceSearchControllerTest.php:26</error>
        </testcase>
      </testsuite>
      <testsuite name="Tests\Feature\Models\UserTest" file="/var/www/html/tests/Feature/Models/UserTest.php" tests="12" assertions="0" errors="12" failures="0" skipped="0" time="0.000000">
        <testcase name="test_is_banned_method" file="/var/www/html/tests/Feature/Models/UserTest.php" line="154" class="Tests\Feature\Models\UserTest" classname="Tests.Feature.Models.UserTest" assertions="0" time="0.000000">
          <error type="Error">Tests\Feature\Models\UserTest::test_is_banned_method
Error: Class "Laravel\Dusk\DuskServiceProvider" not found

/var/www/html/vendor/laravel/framework/src/Illuminate/Foundation/Application.php:961
/var/www/html/vendor/laravel/framework/src/Illuminate/Foundation/Application.php:893
/var/www/html/app/Providers/AppServiceProvider.php:51
/var/www/html/vendor/laravel/framework/src/Illuminate/Foundation/Application.php:896
/var/www/html/vendor/laravel/framework/src/Illuminate/Foundation/ProviderRepository.php:74
/var/www/html/vendor/laravel/framework/src/Illuminate/Foundation/Application.php:871
/var/www/html/vendor/laravel/framework/src/Illuminate/Foundation/Bootstrap/RegisterProviders.php:37
/var/www/html/vendor/laravel/framework/src/Illuminate/Foundation/Application.php:342
/var/www/html/vendor/laravel/framework/src/Illuminate/Foundation/Console/Kernel.php:473
/var/www/html/tests/CreatesApplication.php:31
/var/www/html/vendor/laravel/framework/src/Illuminate/Foundation/Testing/TestCase.php:54
/var/www/html/vendor/laravel/framework/src/Illuminate/Foundation/Testing/Concerns/InteractsWithTestCaseLifecycle.php:92
/var/www/html/vendor/laravel/framework/src/Illuminate/Foundation/Testing/TestCase.php:44
/var/www/html/tests/TestCase.php:36
/var/www/html/tests/Feature/Models/UserTest.php:23</error>
        </testcase>
        <testcase name="test_it_has_many_reviews" file="/var/www/html/tests/Feature/Models/UserTest.php" line="92" class="Tests\Feature\Models\UserTest" classname="Tests.Feature.Models.UserTest" assertions="0" time="0.000000">
          <error type="Error">Tests\Feature\Models\UserTest::test_it_has_many_reviews
Error: Class "Laravel\Dusk\DuskServiceProvider" not found

/var/www/html/vendor/laravel/framework/src/Illuminate/Foundation/Application.php:961
/var/www/html/vendor/laravel/framework/src/Illuminate/Foundation/Application.php:893
/var/www/html/app/Providers/AppServiceProvider.php:51
/var/www/html/vendor/laravel/framework/src/Illuminate/Foundation/Application.php:896
/var/www/html/vendor/laravel/framework/src/Illuminate/Foundation/ProviderRepository.php:74
/var/www/html/vendor/laravel/framework/src/Illuminate/Foundation/Application.php:871
/var/www/html/vendor/laravel/framework/src/Illuminate/Foundation/Bootstrap/RegisterProviders.php:37
/var/www/html/vendor/laravel/framework/src/Illuminate/Foundation/Application.php:342
/var/www/html/vendor/laravel/framework/src/Illuminate/Foundation/Console/Kernel.php:473
/var/www/html/tests/CreatesApplication.php:31
/var/www/html/vendor/laravel/framework/src/Illuminate/Foundation/Testing/TestCase.php:54
/var/www/html/vendor/laravel/framework/src/Illuminate/Foundation/Testing/Concerns/InteractsWithTestCaseLifecycle.php:92
/var/www/html/vendor/laravel/framework/src/Illuminate/Foundation/Testing/TestCase.php:44
/var/www/html/tests/TestCase.php:36
/var/www/html/tests/Feature/Models/UserTest.php:23</error>
        </testcase>
        <testcase name="test_it_has_many_wishlists" file="/var/www/html/tests/Feature/Models/UserTest.php" line="106" class="Tests\Feature\Models\UserTest" classname="Tests.Feature.Models.UserTest" assertions="0" time="0.000000">
          <error type="Error">Tests\Feature\Models\UserTest::test_it_has_many_wishlists
Error: Class "Laravel\Dusk\DuskServiceProvider" not found

/var/www/html/vendor/laravel/framework/src/Illuminate/Foundation/Application.php:961
/var/www/html/vendor/laravel/framework/src/Illuminate/Foundation/Application.php:893
/var/www/html/app/Providers/AppServiceProvider.php:51
/var/www/html/vendor/laravel/framework/src/Illuminate/Foundation/Application.php:896
/var/www/html/vendor/laravel/framework/src/Illuminate/Foundation/ProviderRepository.php:74
/var/www/html/vendor/laravel/framework/src/Illuminate/Foundation/Application.php:871
/var/www/html/vendor/laravel/framework/src/Illuminate/Foundation/Bootstrap/RegisterProviders.php:37
/var/www/html/vendor/laravel/framework/src/Illuminate/Foundation/Application.php:342
/var/www/html/vendor/laravel/framework/src/Illuminate/Foundation/Console/Kernel.php:473
/var/www/html/tests/CreatesApplication.php:31
/var/www/html/vendor/laravel/framework/src/Illuminate/Foundation/Testing/TestCase.php:54
/var/www/html/vendor/laravel/framework/src/Illuminate/Foundation/Testing/Concerns/InteractsWithTestCaseLifecycle.php:92
/var/www/html/vendor/laravel/framework/src/Illuminate/Foundation/Testing/TestCase.php:44
/var/www/html/tests/TestCase.php:36
/var/www/html/tests/Feature/Models/UserTest.php:23</error>
        </testcase>
        <testcase name="test_it_casts_attributes_correctly" file="/var/www/html/tests/Feature/Models/UserTest.php" line="58" class="Tests\Feature\Models\UserTest" classname="Tests.Feature.Models.UserTest" assertions="0" time="0.000000">
          <error type="Error">Tests\Feature\Models\UserTest::test_it_casts_attributes_correctly
Error: Class "Laravel\Dusk\DuskServiceProvider" not found

/var/www/html/vendor/laravel/framework/src/Illuminate/Foundation/Application.php:961
/var/www/html/vendor/laravel/framework/src/Illuminate/Foundation/Application.php:893
/var/www/html/app/Providers/AppServiceProvider.php:51
/var/www/html/vendor/laravel/framework/src/Illuminate/Foundation/Application.php:896
/var/www/html/vendor/laravel/framework/src/Illuminate/Foundation/ProviderRepository.php:74
/var/www/html/vendor/laravel/framework/src/Illuminate/Foundation/Application.php:871
/var/www/html/vendor/laravel/framework/src/Illuminate/Foundation/Bootstrap/RegisterProviders.php:37
/var/www/html/vendor/laravel/framework/src/Illuminate/Foundation/Application.php:342
/var/www/html/vendor/laravel/framework/src/Illuminate/Foundation/Console/Kernel.php:473
/var/www/html/tests/CreatesApplication.php:31
/var/www/html/vendor/laravel/framework/src/Illuminate/Foundation/Testing/TestCase.php:54
/var/www/html/vendor/laravel/framework/src/Illuminate/Foundation/Testing/Concerns/InteractsWithTestCaseLifecycle.php:92
/var/www/html/vendor/laravel/framework/src/Illuminate/Foundation/Testing/TestCase.php:44
/var/www/html/tests/TestCase.php:36
/var/www/html/tests/Feature/Models/UserTest.php:23</error>
        </testcase>
        <testcase name="test_is_admin_method" file="/var/www/html/tests/Feature/Models/UserTest.php" line="144" class="Tests\Feature\Models\UserTest" classname="Tests.Feature.Models.UserTest" assertions="0" time="0.000000">
          <error type="Error">Tests\Feature\Models\UserTest::test_is_admin_method
Error: Class "Laravel\Dusk\DuskServiceProvider" not found

/var/www/html/vendor/laravel/framework/src/Illuminate/Foundation/Application.php:961
/var/www/html/vendor/laravel/framework/src/Illuminate/Foundation/Application.php:893
/var/www/html/app/Providers/AppServiceProvider.php:51
/var/www/html/vendor/laravel/framework/src/Illuminate/Foundation/Application.php:896
/var/www/html/vendor/laravel/framework/src/Illuminate/Foundation/ProviderRepository.php:74
/var/www/html/vendor/laravel/framework/src/Illuminate/Foundation/Application.php:871
/var/www/html/vendor/laravel/framework/src/Illuminate/Foundation/Bootstrap/RegisterProviders.php:37
/var/www/html/vendor/laravel/framework/src/Illuminate/Foundation/Application.php:342
/var/www/html/vendor/laravel/framework/src/Illuminate/Foundation/Console/Kernel.php:473
/var/www/html/tests/CreatesApplication.php:31
/var/www/html/vendor/laravel/framework/src/Illuminate/Foundation/Testing/TestCase.php:54
/var/www/html/vendor/laravel/framework/src/Illuminate/Foundation/Testing/Concerns/InteractsWithTestCaseLifecycle.php:92
/var/www/html/vendor/laravel/framework/src/Illuminate/Foundation/Testing/TestCase.php:44
/var/www/html/tests/TestCase.php:36
/var/www/html/tests/Feature/Models/UserTest.php:23</error>
        </testcase>
        <testcase name="test_it_has_many_price_alerts" file="/var/www/html/tests/Feature/Models/UserTest.php" line="120" class="Tests\Feature\Models\UserTest" classname="Tests.Feature.Models.UserTest" assertions="0" time="0.000000">
          <error type="Error">Tests\Feature\Models\UserTest::test_it_has_many_price_alerts
Error: Class "Laravel\Dusk\DuskServiceProvider" not found

/var/www/html/vendor/laravel/framework/src/Illuminate/Foundation/Application.php:961
/var/www/html/vendor/laravel/framework/src/Illuminate/Foundation/Application.php:893
/var/www/html/app/Providers/AppServiceProvider.php:51
/var/www/html/vendor/laravel/framework/src/Illuminate/Foundation/Application.php:896
/var/www/html/vendor/laravel/framework/src/Illuminate/Foundation/ProviderRepository.php:74
/var/www/html/vendor/laravel/framework/src/Illuminate/Foundation/Application.php:871
/var/www/html/vendor/laravel/framework/src/Illuminate/Foundation/Bootstrap/RegisterProviders.php:37
/var/www/html/vendor/laravel/framework/src/Illuminate/Foundation/Application.php:342
/var/www/html/vendor/laravel/framework/src/Illuminate/Foundation/Console/Kernel.php:473
/var/www/html/tests/CreatesApplication.php:31
/var/www/html/vendor/laravel/framework/src/Illuminate/Foundation/Testing/TestCase.php:54
/var/www/html/vendor/laravel/framework/src/Illuminate/Foundation/Testing/Concerns/InteractsWithTestCaseLifecycle.php:92
/var/www/html/vendor/laravel/framework/src/Illuminate/Foundation/Testing/TestCase.php:44
/var/www/html/tests/TestCase.php:36
/var/www/html/tests/Feature/Models/UserTest.php:23</error>
        </testcase>
        <testcase name="test_it_hides_sensitive_attributes" file="/var/www/html/tests/Feature/Models/UserTest.php" line="81" class="Tests\Feature\Models\UserTest" classname="Tests.Feature.Models.UserTest" assertions="0" time="0.000000">
          <error type="Error">Tests\Feature\Models\UserTest::test_it_hides_sensitive_attributes
Error: Class "Laravel\Dusk\DuskServiceProvider" not found

/var/www/html/vendor/laravel/framework/src/Illuminate/Foundation/Application.php:961
/var/www/html/vendor/laravel/framework/src/Illuminate/Foundation/Application.php:893
/var/www/html/app/Providers/AppServiceProvider.php:51
/var/www/html/vendor/laravel/framework/src/Illuminate/Foundation/Application.php:896
/var/www/html/vendor/laravel/framework/src/Illuminate/Foundation/ProviderRepository.php:74
/var/www/html/vendor/laravel/framework/src/Illuminate/Foundation/Application.php:871
/var/www/html/vendor/laravel/framework/src/Illuminate/Foundation/Bootstrap/RegisterProviders.php:37
/var/www/html/vendor/laravel/framework/src/Illuminate/Foundation/Application.php:342
/var/www/html/vendor/laravel/framework/src/Illuminate/Foundation/Console/Kernel.php:473
/var/www/html/tests/CreatesApplication.php:31
/var/www/html/vendor/laravel/framework/src/Illuminate/Foundation/Testing/TestCase.php:54
/var/www/html/vendor/laravel/framework/src/Illuminate/Foundation/Testing/Concerns/InteractsWithTestCaseLifecycle.php:92
/var/www/html/vendor/laravel/framework/src/Illuminate/Foundation/Testing/TestCase.php:44
/var/www/html/tests/TestCase.php:36
/var/www/html/tests/Feature/Models/UserTest.php:23</error>
        </testcase>
        <testcase name="test_is_ban_expired_method" file="/var/www/html/tests/Feature/Models/UserTest.php" line="164" class="Tests\Feature\Models\UserTest" classname="Tests.Feature.Models.UserTest" assertions="0" time="0.000000">
          <error type="Error">Tests\Feature\Models\UserTest::test_is_ban_expired_method
Error: Class "Laravel\Dusk\DuskServiceProvider" not found

/var/www/html/vendor/laravel/framework/src/Illuminate/Foundation/Application.php:961
/var/www/html/vendor/laravel/framework/src/Illuminate/Foundation/Application.php:893
/var/www/html/app/Providers/AppServiceProvider.php:51
/var/www/html/vendor/laravel/framework/src/Illuminate/Foundation/Application.php:896
/var/www/html/vendor/laravel/framework/src/Illuminate/Foundation/ProviderRepository.php:74
/var/www/html/vendor/laravel/framework/src/Illuminate/Foundation/Application.php:871
/var/www/html/vendor/laravel/framework/src/Illuminate/Foundation/Bootstrap/RegisterProviders.php:37
/var/www/html/vendor/laravel/framework/src/Illuminate/Foundation/Application.php:342
/var/www/html/vendor/laravel/framework/src/Illuminate/Foundation/Console/Kernel.php:473
/var/www/html/tests/CreatesApplication.php:31
/var/www/html/vendor/laravel/framework/src/Illuminate/Foundation/Testing/TestCase.php:54
/var/www/html/vendor/laravel/framework/src/Illuminate/Foundation/Testing/Concerns/InteractsWithTestCaseLifecycle.php:92
/var/www/html/vendor/laravel/framework/src/Illuminate/Foundation/Testing/TestCase.php:44
/var/www/html/tests/TestCase.php:36
/var/www/html/tests/Feature/Models/UserTest.php:23</error>
        </testcase>
        <testcase name="test_it_can_create_a_user" file="/var/www/html/tests/Feature/Models/UserTest.php" line="27" class="Tests\Feature\Models\UserTest" classname="Tests.Feature.Models.UserTest" assertions="0" time="0.000000">
          <error type="Error">Tests\Feature\Models\UserTest::test_it_can_create_a_user
Error: Class "Laravel\Dusk\DuskServiceProvider" not found

/var/www/html/vendor/laravel/framework/src/Illuminate/Foundation/Application.php:961
/var/www/html/vendor/laravel/framework/src/Illuminate/Foundation/Application.php:893
/var/www/html/app/Providers/AppServiceProvider.php:51
/var/www/html/vendor/laravel/framework/src/Illuminate/Foundation/Application.php:896
/var/www/html/vendor/laravel/framework/src/Illuminate/Foundation/ProviderRepository.php:74
/var/www/html/vendor/laravel/framework/src/Illuminate/Foundation/Application.php:871
/var/www/html/vendor/laravel/framework/src/Illuminate/Foundation/Bootstrap/RegisterProviders.php:37
/var/www/html/vendor/laravel/framework/src/Illuminate/Foundation/Application.php:342
/var/www/html/vendor/laravel/framework/src/Illuminate/Foundation/Console/Kernel.php:473
/var/www/html/tests/CreatesApplication.php:31
/var/www/html/vendor/laravel/framework/src/Illuminate/Foundation/Testing/TestCase.php:54
/var/www/html/vendor/laravel/framework/src/Illuminate/Foundation/Testing/Concerns/InteractsWithTestCaseLifecycle.php:92
/var/www/html/vendor/laravel/framework/src/Illuminate/Foundation/Testing/TestCase.php:44
/var/www/html/tests/TestCase.php:36
/var/www/html/tests/Feature/Models/UserTest.php:23</error>
        </testcase>
        <testcase name="test_factory_creates_valid_user" file="/var/www/html/tests/Feature/Models/UserTest.php" line="200" class="Tests\Feature\Models\UserTest" classname="Tests.Feature.Models.UserTest" assertions="0" time="0.000000">
          <error type="Error">Tests\Feature\Models\UserTest::test_factory_creates_valid_user
Error: Class "Laravel\Dusk\DuskServiceProvider" not found

/var/www/html/vendor/laravel/framework/src/Illuminate/Foundation/Application.php:961
/var/www/html/vendor/laravel/framework/src/Illuminate/Foundation/Application.php:893
/var/www/html/app/Providers/AppServiceProvider.php:51
/var/www/html/vendor/laravel/framework/src/Illuminate/Foundation/Application.php:896
/var/www/html/vendor/laravel/framework/src/Illuminate/Foundation/ProviderRepository.php:74
/var/www/html/vendor/laravel/framework/src/Illuminate/Foundation/Application.php:871
/var/www/html/vendor/laravel/framework/src/Illuminate/Foundation/Bootstrap/RegisterProviders.php:37
/var/www/html/vendor/laravel/framework/src/Illuminate/Foundation/Application.php:342
/var/www/html/vendor/laravel/framework/src/Illuminate/Foundation/Console/Kernel.php:473
/var/www/html/tests/CreatesApplication.php:31
/var/www/html/vendor/laravel/framework/src/Illuminate/Foundation/Testing/TestCase.php:54
/var/www/html/vendor/laravel/framework/src/Illuminate/Foundation/Testing/Concerns/InteractsWithTestCaseLifecycle.php:92
/var/www/html/vendor/laravel/framework/src/Illuminate/Foundation/Testing/TestCase.php:44
/var/www/html/tests/TestCase.php:36
/var/www/html/tests/Feature/Models/UserTest.php:23</error>
        </testcase>
        <testcase name="test_it_has_one_locale_setting" file="/var/www/html/tests/Feature/Models/UserTest.php" line="134" class="Tests\Feature\Models\UserTest" classname="Tests.Feature.Models.UserTest" assertions="0" time="0.000000">
          <error type="Error">Tests\Feature\Models\UserTest::test_it_has_one_locale_setting
Error: Class "Laravel\Dusk\DuskServiceProvider" not found

/var/www/html/vendor/laravel/framework/src/Illuminate/Foundation/Application.php:961
/var/www/html/vendor/laravel/framework/src/Illuminate/Foundation/Application.php:893
/var/www/html/app/Providers/AppServiceProvider.php:51
/var/www/html/vendor/laravel/framework/src/Illuminate/Foundation/Application.php:896
/var/www/html/vendor/laravel/framework/src/Illuminate/Foundation/ProviderRepository.php:74
/var/www/html/vendor/laravel/framework/src/Illuminate/Foundation/Application.php:871
/var/www/html/vendor/laravel/framework/src/Illuminate/Foundation/Bootstrap/RegisterProviders.php:37
/var/www/html/vendor/laravel/framework/src/Illuminate/Foundation/Application.php:342
/var/www/html/vendor/laravel/framework/src/Illuminate/Foundation/Console/Kernel.php:473
/var/www/html/tests/CreatesApplication.php:31
/var/www/html/vendor/laravel/framework/src/Illuminate/Foundation/Testing/TestCase.php:54
/var/www/html/vendor/laravel/framework/src/Illuminate/Foundation/Testing/Concerns/InteractsWithTestCaseLifecycle.php:92
/var/www/html/vendor/laravel/framework/src/Illuminate/Foundation/Testing/TestCase.php:44
/var/www/html/tests/TestCase.php:36
/var/www/html/tests/Feature/Models/UserTest.php:23</error>
        </testcase>
        <testcase name="test_fillable_attributes" file="/var/www/html/tests/Feature/Models/UserTest.php" line="178" class="Tests\Feature\Models\UserTest" classname="Tests.Feature.Models.UserTest" assertions="0" time="0.000000">
          <error type="Error">Tests\Feature\Models\UserTest::test_fillable_attributes
Error: Class "Laravel\Dusk\DuskServiceProvider" not found

/var/www/html/vendor/laravel/framework/src/Illuminate/Foundation/Application.php:961
/var/www/html/vendor/laravel/framework/src/Illuminate/Foundation/Application.php:893
/var/www/html/app/Providers/AppServiceProvider.php:51
/var/www/html/vendor/laravel/framework/src/Illuminate/Foundation/Application.php:896
/var/www/html/vendor/laravel/framework/src/Illuminate/Foundation/ProviderRepository.php:74
/var/www/html/vendor/laravel/framework/src/Illuminate/Foundation/Application.php:871
/var/www/html/vendor/laravel/framework/src/Illuminate/Foundation/Bootstrap/RegisterProviders.php:37
/var/www/html/vendor/laravel/framework/src/Illuminate/Foundation/Application.php:342
/var/www/html/vendor/laravel/framework/src/Illuminate/Foundation/Console/Kernel.php:473
/var/www/html/tests/CreatesApplication.php:31
/var/www/html/vendor/laravel/framework/src/Illuminate/Foundation/Testing/TestCase.php:54
/var/www/html/vendor/laravel/framework/src/Illuminate/Foundation/Testing/Concerns/InteractsWithTestCaseLifecycle.php:92
/var/www/html/vendor/laravel/framework/src/Illuminate/Foundation/Testing/TestCase.php:44
/var/www/html/tests/TestCase.php:36
/var/www/html/tests/Feature/Models/UserTest.php:23</error>
        </testcase>
      </testsuite>
      <testsuite name="Tests\Feature\Http\Middleware\InputSanitizationMiddlewareTest" file="/var/www/html/tests/Feature/Http/Middleware/InputSanitizationMiddlewareTest.php" tests="5" assertions="0" errors="5" failures="0" skipped="0" time="0.000000">
        <testcase name="test_input_sanitization_middleware_handles_nested_arrays" file="/var/www/html/tests/Feature/Http/Middleware/InputSanitizationMiddlewareTest.php" line="50" class="Tests\Feature\Http\Middleware\InputSanitizationMiddlewareTest" classname="Tests.Feature.Http.Middleware.InputSanitizationMiddlewareTest" assertions="0" time="0.000000">
          <error type="Error">Tests\Feature\Http\Middleware\InputSanitizationMiddlewareTest::test_input_sanitization_middleware_handles_nested_arrays
Error: Class "Laravel\Dusk\DuskServiceProvider" not found

/var/www/html/vendor/laravel/framework/src/Illuminate/Foundation/Application.php:961
/var/www/html/vendor/laravel/framework/src/Illuminate/Foundation/Application.php:893
/var/www/html/app/Providers/AppServiceProvider.php:51
/var/www/html/vendor/laravel/framework/src/Illuminate/Foundation/Application.php:896
/var/www/html/vendor/laravel/framework/src/Illuminate/Foundation/ProviderRepository.php:74
/var/www/html/vendor/laravel/framework/src/Illuminate/Foundation/Application.php:871
/var/www/html/vendor/laravel/framework/src/Illuminate/Foundation/Bootstrap/RegisterProviders.php:37
/var/www/html/vendor/laravel/framework/src/Illuminate/Foundation/Application.php:342
/var/www/html/vendor/laravel/framework/src/Illuminate/Foundation/Console/Kernel.php:473
/var/www/html/tests/CreatesApplication.php:31
/var/www/html/vendor/laravel/framework/src/Illuminate/Foundation/Testing/TestCase.php:54
/var/www/html/vendor/laravel/framework/src/Illuminate/Foundation/Testing/Concerns/InteractsWithTestCaseLifecycle.php:92
/var/www/html/vendor/laravel/framework/src/Illuminate/Foundation/Testing/TestCase.php:44
/var/www/html/tests/TestCase.php:36</error>
        </testcase>
        <testcase name="test_input_sanitization_middleware_handles_get_requests" file="/var/www/html/tests/Feature/Http/Middleware/InputSanitizationMiddlewareTest.php" line="35" class="Tests\Feature\Http\Middleware\InputSanitizationMiddlewareTest" classname="Tests.Feature.Http.Middleware.InputSanitizationMiddlewareTest" assertions="0" time="0.000000">
          <error type="Error">Tests\Feature\Http\Middleware\InputSanitizationMiddlewareTest::test_input_sanitization_middleware_handles_get_requests
Error: Class "Laravel\Dusk\DuskServiceProvider" not found

/var/www/html/vendor/laravel/framework/src/Illuminate/Foundation/Application.php:961
/var/www/html/vendor/laravel/framework/src/Illuminate/Foundation/Application.php:893
/var/www/html/app/Providers/AppServiceProvider.php:51
/var/www/html/vendor/laravel/framework/src/Illuminate/Foundation/Application.php:896
/var/www/html/vendor/laravel/framework/src/Illuminate/Foundation/ProviderRepository.php:74
/var/www/html/vendor/laravel/framework/src/Illuminate/Foundation/Application.php:871
/var/www/html/vendor/laravel/framework/src/Illuminate/Foundation/Bootstrap/RegisterProviders.php:37
/var/www/html/vendor/laravel/framework/src/Illuminate/Foundation/Application.php:342
/var/www/html/vendor/laravel/framework/src/Illuminate/Foundation/Console/Kernel.php:473
/var/www/html/tests/CreatesApplication.php:31
/var/www/html/vendor/laravel/framework/src/Illuminate/Foundation/Testing/TestCase.php:54
/var/www/html/vendor/laravel/framework/src/Illuminate/Foundation/Testing/Concerns/InteractsWithTestCaseLifecycle.php:92
/var/www/html/vendor/laravel/framework/src/Illuminate/Foundation/Testing/TestCase.php:44
/var/www/html/tests/TestCase.php:36</error>
        </testcase>
        <testcase name="test_input_sanitization_middleware_sanitizes_input" file="/var/www/html/tests/Feature/Http/Middleware/InputSanitizationMiddlewareTest.php" line="18" class="Tests\Feature\Http\Middleware\InputSanitizationMiddlewareTest" classname="Tests.Feature.Http.Middleware.InputSanitizationMiddlewareTest" assertions="0" time="0.000000">
          <error type="Error">Tests\Feature\Http\Middleware\InputSanitizationMiddlewareTest::test_input_sanitization_middleware_sanitizes_input
Error: Class "Laravel\Dusk\DuskServiceProvider" not found

/var/www/html/vendor/laravel/framework/src/Illuminate/Foundation/Application.php:961
/var/www/html/vendor/laravel/framework/src/Illuminate/Foundation/Application.php:893
/var/www/html/app/Providers/AppServiceProvider.php:51
/var/www/html/vendor/laravel/framework/src/Illuminate/Foundation/Application.php:896
/var/www/html/vendor/laravel/framework/src/Illuminate/Foundation/ProviderRepository.php:74
/var/www/html/vendor/laravel/framework/src/Illuminate/Foundation/Application.php:871
/var/www/html/vendor/laravel/framework/src/Illuminate/Foundation/Bootstrap/RegisterProviders.php:37
/var/www/html/vendor/laravel/framework/src/Illuminate/Foundation/Application.php:342
/var/www/html/vendor/laravel/framework/src/Illuminate/Foundation/Console/Kernel.php:473
/var/www/html/tests/CreatesApplication.php:31
/var/www/html/vendor/laravel/framework/src/Illuminate/Foundation/Testing/TestCase.php:54
/var/www/html/vendor/laravel/framework/src/Illuminate/Foundation/Testing/Concerns/InteractsWithTestCaseLifecycle.php:92
/var/www/html/vendor/laravel/framework/src/Illuminate/Foundation/Testing/TestCase.php:44
/var/www/html/tests/TestCase.php:36</error>
        </testcase>
        <testcase name="test_input_sanitization_middleware_handles_clean_input" file="/var/www/html/tests/Feature/Http/Middleware/InputSanitizationMiddlewareTest.php" line="88" class="Tests\Feature\Http\Middleware\InputSanitizationMiddlewareTest" classname="Tests.Feature.Http.Middleware.InputSanitizationMiddlewareTest" assertions="0" time="0.000000">
          <error type="Error">Tests\Feature\Http\Middleware\InputSanitizationMiddlewareTest::test_input_sanitization_middleware_handles_clean_input
Error: Class "Laravel\Dusk\DuskServiceProvider" not found

/var/www/html/vendor/laravel/framework/src/Illuminate/Foundation/Application.php:961
/var/www/html/vendor/laravel/framework/src/Illuminate/Foundation/Application.php:893
/var/www/html/app/Providers/AppServiceProvider.php:51
/var/www/html/vendor/laravel/framework/src/Illuminate/Foundation/Application.php:896
/var/www/html/vendor/laravel/framework/src/Illuminate/Foundation/ProviderRepository.php:74
/var/www/html/vendor/laravel/framework/src/Illuminate/Foundation/Application.php:871
/var/www/html/vendor/laravel/framework/src/Illuminate/Foundation/Bootstrap/RegisterProviders.php:37
/var/www/html/vendor/laravel/framework/src/Illuminate/Foundation/Application.php:342
/var/www/html/vendor/laravel/framework/src/Illuminate/Foundation/Console/Kernel.php:473
/var/www/html/tests/CreatesApplication.php:31
/var/www/html/vendor/laravel/framework/src/Illuminate/Foundation/Testing/TestCase.php:54
/var/www/html/vendor/laravel/framework/src/Illuminate/Foundation/Testing/Concerns/InteractsWithTestCaseLifecycle.php:92
/var/www/html/vendor/laravel/framework/src/Illuminate/Foundation/Testing/TestCase.php:44
/var/www/html/tests/TestCase.php:36</error>
        </testcase>
        <testcase name="test_input_sanitization_middleware_handles_api_requests" file="/var/www/html/tests/Feature/Http/Middleware/InputSanitizationMiddlewareTest.php" line="72" class="Tests\Feature\Http\Middleware\InputSanitizationMiddlewareTest" classname="Tests.Feature.Http.Middleware.InputSanitizationMiddlewareTest" assertions="0" time="0.000000">
          <error type="Error">Tests\Feature\Http\Middleware\InputSanitizationMiddlewareTest::test_input_sanitization_middleware_handles_api_requests
Error: Class "Laravel\Dusk\DuskServiceProvider" not found

/var/www/html/vendor/laravel/framework/src/Illuminate/Foundation/Application.php:961
/var/www/html/vendor/laravel/framework/src/Illuminate/Foundation/Application.php:893
/var/www/html/app/Providers/AppServiceProvider.php:51
/var/www/html/vendor/laravel/framework/src/Illuminate/Foundation/Application.php:896
/var/www/html/vendor/laravel/framework/src/Illuminate/Foundation/ProviderRepository.php:74
/var/www/html/vendor/laravel/framework/src/Illuminate/Foundation/Application.php:871
/var/www/html/vendor/laravel/framework/src/Illuminate/Foundation/Bootstrap/RegisterProviders.php:37
/var/www/html/vendor/laravel/framework/src/Illuminate/Foundation/Application.php:342
/var/www/html/vendor/laravel/framework/src/Illuminate/Foundation/Console/Kernel.php:473
/var/www/html/tests/CreatesApplication.php:31
/var/www/html/vendor/laravel/framework/src/Illuminate/Foundation/Testing/TestCase.php:54
/var/www/html/vendor/laravel/framework/src/Illuminate/Foundation/Testing/Concerns/InteractsWithTestCaseLifecycle.php:92
/var/www/html/vendor/laravel/framework/src/Illuminate/Foundation/Testing/TestCase.php:44
/var/www/html/tests/TestCase.php:36</error>
        </testcase>
      </testsuite>
      <testsuite name="Tests\Feature\SEOTest" file="/var/www/html/tests/Feature/SEOTest.php" tests="18" assertions="0" errors="18" failures="0" skipped="0" time="0.000000">
        <testcase name="test_sitemap_includes_products" file="/var/www/html/tests/Feature/SEOTest.php" line="235" class="Tests\Feature\SEOTest" classname="Tests.Feature.SEOTest" assertions="0" time="0.000000">
          <error type="Error">Tests\Feature\SEOTest::test_sitemap_includes_products
Error: Class "Laravel\Dusk\DuskServiceProvider" not found

/var/www/html/vendor/laravel/framework/src/Illuminate/Foundation/Application.php:961
/var/www/html/vendor/laravel/framework/src/Illuminate/Foundation/Application.php:893
/var/www/html/app/Providers/AppServiceProvider.php:51
/var/www/html/vendor/laravel/framework/src/Illuminate/Foundation/Application.php:896
/var/www/html/vendor/laravel/framework/src/Illuminate/Foundation/ProviderRepository.php:74
/var/www/html/vendor/laravel/framework/src/Illuminate/Foundation/Application.php:871
/var/www/html/vendor/laravel/framework/src/Illuminate/Foundation/Bootstrap/RegisterProviders.php:37
/var/www/html/vendor/laravel/framework/src/Illuminate/Foundation/Application.php:342
/var/www/html/vendor/laravel/framework/src/Illuminate/Foundation/Console/Kernel.php:473
/var/www/html/tests/CreatesApplication.php:31
/var/www/html/vendor/laravel/framework/src/Illuminate/Foundation/Testing/TestCase.php:54
/var/www/html/vendor/laravel/framework/src/Illuminate/Foundation/Testing/Concerns/InteractsWithTestCaseLifecycle.php:92
/var/www/html/vendor/laravel/framework/src/Illuminate/Foundation/Testing/TestCase.php:44
/var/www/html/tests/TestCase.php:36
/var/www/html/tests/Feature/SEOTest.php:28</error>
        </testcase>
        <testcase name="test_detects_missing_description" file="/var/www/html/tests/Feature/SEOTest.php" line="164" class="Tests\Feature\SEOTest" classname="Tests.Feature.SEOTest" assertions="0" time="0.000000">
          <error type="Error">Tests\Feature\SEOTest::test_detects_missing_description
Error: Class "Laravel\Dusk\DuskServiceProvider" not found

/var/www/html/vendor/laravel/framework/src/Illuminate/Foundation/Application.php:961
/var/www/html/vendor/laravel/framework/src/Illuminate/Foundation/Application.php:893
/var/www/html/app/Providers/AppServiceProvider.php:51
/var/www/html/vendor/laravel/framework/src/Illuminate/Foundation/Application.php:896
/var/www/html/vendor/laravel/framework/src/Illuminate/Foundation/ProviderRepository.php:74
/var/www/html/vendor/laravel/framework/src/Illuminate/Foundation/Application.php:871
/var/www/html/vendor/laravel/framework/src/Illuminate/Foundation/Bootstrap/RegisterProviders.php:37
/var/www/html/vendor/laravel/framework/src/Illuminate/Foundation/Application.php:342
/var/www/html/vendor/laravel/framework/src/Illuminate/Foundation/Console/Kernel.php:473
/var/www/html/tests/CreatesApplication.php:31
/var/www/html/vendor/laravel/framework/src/Illuminate/Foundation/Testing/TestCase.php:54
/var/www/html/vendor/laravel/framework/src/Illuminate/Foundation/Testing/Concerns/InteractsWithTestCaseLifecycle.php:92
/var/www/html/vendor/laravel/framework/src/Illuminate/Foundation/Testing/TestCase.php:44
/var/www/html/tests/TestCase.php:36
/var/www/html/tests/Feature/SEOTest.php:28</error>
        </testcase>
        <testcase name="test_generates_meta_data_for_product" file="/var/www/html/tests/Feature/SEOTest.php" line="33" class="Tests\Feature\SEOTest" classname="Tests.Feature.SEOTest" assertions="0" time="0.000000">
          <error type="Error">Tests\Feature\SEOTest::test_generates_meta_data_for_product
Error: Class "Laravel\Dusk\DuskServiceProvider" not found

/var/www/html/vendor/laravel/framework/src/Illuminate/Foundation/Application.php:961
/var/www/html/vendor/laravel/framework/src/Illuminate/Foundation/Application.php:893
/var/www/html/app/Providers/AppServiceProvider.php:51
/var/www/html/vendor/laravel/framework/src/Illuminate/Foundation/Application.php:896
/var/www/html/vendor/laravel/framework/src/Illuminate/Foundation/ProviderRepository.php:74
/var/www/html/vendor/laravel/framework/src/Illuminate/Foundation/Application.php:871
/var/www/html/vendor/laravel/framework/src/Illuminate/Foundation/Bootstrap/RegisterProviders.php:37
/var/www/html/vendor/laravel/framework/src/Illuminate/Foundation/Application.php:342
/var/www/html/vendor/laravel/framework/src/Illuminate/Foundation/Console/Kernel.php:473
/var/www/html/tests/CreatesApplication.php:31
/var/www/html/vendor/laravel/framework/src/Illuminate/Foundation/Testing/TestCase.php:54
/var/www/html/vendor/laravel/framework/src/Illuminate/Foundation/Testing/Concerns/InteractsWithTestCaseLifecycle.php:92
/var/www/html/vendor/laravel/framework/src/Illuminate/Foundation/Testing/TestCase.php:44
/var/www/html/tests/TestCase.php:36
/var/www/html/tests/Feature/SEOTest.php:28</error>
        </testcase>
        <testcase name="test_validates_meta_data_correctly" file="/var/www/html/tests/Feature/SEOTest.php" line="105" class="Tests\Feature\SEOTest" classname="Tests.Feature.SEOTest" assertions="0" time="0.000000">
          <error type="Error">Tests\Feature\SEOTest::test_validates_meta_data_correctly
Error: Class "Laravel\Dusk\DuskServiceProvider" not found

/var/www/html/vendor/laravel/framework/src/Illuminate/Foundation/Application.php:961
/var/www/html/vendor/laravel/framework/src/Illuminate/Foundation/Application.php:893
/var/www/html/app/Providers/AppServiceProvider.php:51
/var/www/html/vendor/laravel/framework/src/Illuminate/Foundation/Application.php:896
/var/www/html/vendor/laravel/framework/src/Illuminate/Foundation/ProviderRepository.php:74
/var/www/html/vendor/laravel/framework/src/Illuminate/Foundation/Application.php:871
/var/www/html/vendor/laravel/framework/src/Illuminate/Foundation/Bootstrap/RegisterProviders.php:37
/var/www/html/vendor/laravel/framework/src/Illuminate/Foundation/Application.php:342
/var/www/html/vendor/laravel/framework/src/Illuminate/Foundation/Console/Kernel.php:473
/var/www/html/tests/CreatesApplication.php:31
/var/www/html/vendor/laravel/framework/src/Illuminate/Foundation/Testing/TestCase.php:54
/var/www/html/vendor/laravel/framework/src/Illuminate/Foundation/Testing/Concerns/InteractsWithTestCaseLifecycle.php:92
/var/www/html/vendor/laravel/framework/src/Illuminate/Foundation/Testing/TestCase.php:44
/var/www/html/tests/TestCase.php:36
/var/www/html/tests/Feature/SEOTest.php:28</error>
        </testcase>
        <testcase name="test_detects_long_title" file="/var/www/html/tests/Feature/SEOTest.php" line="149" class="Tests\Feature\SEOTest" classname="Tests.Feature.SEOTest" assertions="0" time="0.000000">
          <error type="Error">Tests\Feature\SEOTest::test_detects_long_title
Error: Class "Laravel\Dusk\DuskServiceProvider" not found

/var/www/html/vendor/laravel/framework/src/Illuminate/Foundation/Application.php:961
/var/www/html/vendor/laravel/framework/src/Illuminate/Foundation/Application.php:893
/var/www/html/app/Providers/AppServiceProvider.php:51
/var/www/html/vendor/laravel/framework/src/Illuminate/Foundation/Application.php:896
/var/www/html/vendor/laravel/framework/src/Illuminate/Foundation/ProviderRepository.php:74
/var/www/html/vendor/laravel/framework/src/Illuminate/Foundation/Application.php:871
/var/www/html/vendor/laravel/framework/src/Illuminate/Foundation/Bootstrap/RegisterProviders.php:37
/var/www/html/vendor/laravel/framework/src/Illuminate/Foundation/Application.php:342
/var/www/html/vendor/laravel/framework/src/Illuminate/Foundation/Console/Kernel.php:473
/var/www/html/tests/CreatesApplication.php:31
/var/www/html/vendor/laravel/framework/src/Illuminate/Foundation/Testing/TestCase.php:54
/var/www/html/vendor/laravel/framework/src/Illuminate/Foundation/Testing/Concerns/InteractsWithTestCaseLifecycle.php:92
/var/www/html/vendor/laravel/framework/src/Illuminate/Foundation/Testing/TestCase.php:44
/var/www/html/tests/TestCase.php:36
/var/www/html/tests/Feature/SEOTest.php:28</error>
        </testcase>
        <testcase name="test_detects_short_title" file="/var/www/html/tests/Feature/SEOTest.php" line="134" class="Tests\Feature\SEOTest" classname="Tests.Feature.SEOTest" assertions="0" time="0.000000">
          <error type="Error">Tests\Feature\SEOTest::test_detects_short_title
Error: Class "Laravel\Dusk\DuskServiceProvider" not found

/var/www/html/vendor/laravel/framework/src/Illuminate/Foundation/Application.php:961
/var/www/html/vendor/laravel/framework/src/Illuminate/Foundation/Application.php:893
/var/www/html/app/Providers/AppServiceProvider.php:51
/var/www/html/vendor/laravel/framework/src/Illuminate/Foundation/Application.php:896
/var/www/html/vendor/laravel/framework/src/Illuminate/Foundation/ProviderRepository.php:74
/var/www/html/vendor/laravel/framework/src/Illuminate/Foundation/Application.php:871
/var/www/html/vendor/laravel/framework/src/Illuminate/Foundation/Bootstrap/RegisterProviders.php:37
/var/www/html/vendor/laravel/framework/src/Illuminate/Foundation/Application.php:342
/var/www/html/vendor/laravel/framework/src/Illuminate/Foundation/Console/Kernel.php:473
/var/www/html/tests/CreatesApplication.php:31
/var/www/html/vendor/laravel/framework/src/Illuminate/Foundation/Testing/TestCase.php:54
/var/www/html/vendor/laravel/framework/src/Illuminate/Foundation/Testing/Concerns/InteractsWithTestCaseLifecycle.php:92
/var/www/html/vendor/laravel/framework/src/Illuminate/Foundation/Testing/TestCase.php:44
/var/www/html/tests/TestCase.php:36
/var/www/html/tests/Feature/SEOTest.php:28</error>
        </testcase>
        <testcase name="test_robots_txt_file_exists" file="/var/www/html/tests/Feature/SEOTest.php" line="277" class="Tests\Feature\SEOTest" classname="Tests.Feature.SEOTest" assertions="0" time="0.000000">
          <error type="Error">Tests\Feature\SEOTest::test_robots_txt_file_exists
Error: Class "Laravel\Dusk\DuskServiceProvider" not found

/var/www/html/vendor/laravel/framework/src/Illuminate/Foundation/Application.php:961
/var/www/html/vendor/laravel/framework/src/Illuminate/Foundation/Application.php:893
/var/www/html/app/Providers/AppServiceProvider.php:51
/var/www/html/vendor/laravel/framework/src/Illuminate/Foundation/Application.php:896
/var/www/html/vendor/laravel/framework/src/Illuminate/Foundation/ProviderRepository.php:74
/var/www/html/vendor/laravel/framework/src/Illuminate/Foundation/Application.php:871
/var/www/html/vendor/laravel/framework/src/Illuminate/Foundation/Bootstrap/RegisterProviders.php:37
/var/www/html/vendor/laravel/framework/src/Illuminate/Foundation/Application.php:342
/var/www/html/vendor/laravel/framework/src/Illuminate/Foundation/Console/Kernel.php:473
/var/www/html/tests/CreatesApplication.php:31
/var/www/html/vendor/laravel/framework/src/Illuminate/Foundation/Testing/TestCase.php:54
/var/www/html/vendor/laravel/framework/src/Illuminate/Foundation/Testing/Concerns/InteractsWithTestCaseLifecycle.php:92
/var/www/html/vendor/laravel/framework/src/Illuminate/Foundation/Testing/TestCase.php:44
/var/www/html/tests/TestCase.php:36
/var/www/html/tests/Feature/SEOTest.php:28</error>
        </testcase>
        <testcase name="test_generates_description_with_correct_length" file="/var/www/html/tests/Feature/SEOTest.php" line="94" class="Tests\Feature\SEOTest" classname="Tests.Feature.SEOTest" assertions="0" time="0.000000">
          <error type="Error">Tests\Feature\SEOTest::test_generates_description_with_correct_length
Error: Class "Laravel\Dusk\DuskServiceProvider" not found

/var/www/html/vendor/laravel/framework/src/Illuminate/Foundation/Application.php:961
/var/www/html/vendor/laravel/framework/src/Illuminate/Foundation/Application.php:893
/var/www/html/app/Providers/AppServiceProvider.php:51
/var/www/html/vendor/laravel/framework/src/Illuminate/Foundation/Application.php:896
/var/www/html/vendor/laravel/framework/src/Illuminate/Foundation/ProviderRepository.php:74
/var/www/html/vendor/laravel/framework/src/Illuminate/Foundation/Application.php:871
/var/www/html/vendor/laravel/framework/src/Illuminate/Foundation/Bootstrap/RegisterProviders.php:37
/var/www/html/vendor/laravel/framework/src/Illuminate/Foundation/Application.php:342
/var/www/html/vendor/laravel/framework/src/Illuminate/Foundation/Console/Kernel.php:473
/var/www/html/tests/CreatesApplication.php:31
/var/www/html/vendor/laravel/framework/src/Illuminate/Foundation/Testing/TestCase.php:54
/var/www/html/vendor/laravel/framework/src/Illuminate/Foundation/Testing/Concerns/InteractsWithTestCaseLifecycle.php:92
/var/www/html/vendor/laravel/framework/src/Illuminate/Foundation/Testing/TestCase.php:44
/var/www/html/tests/TestCase.php:36
/var/www/html/tests/Feature/SEOTest.php:28</error>
        </testcase>
        <testcase name="test_detects_missing_title" file="/var/www/html/tests/Feature/SEOTest.php" line="119" class="Tests\Feature\SEOTest" classname="Tests.Feature.SEOTest" assertions="0" time="0.000000">
          <error type="Error">Tests\Feature\SEOTest::test_detects_missing_title
Error: Class "Laravel\Dusk\DuskServiceProvider" not found

/var/www/html/vendor/laravel/framework/src/Illuminate/Foundation/Application.php:961
/var/www/html/vendor/laravel/framework/src/Illuminate/Foundation/Application.php:893
/var/www/html/app/Providers/AppServiceProvider.php:51
/var/www/html/vendor/laravel/framework/src/Illuminate/Foundation/Application.php:896
/var/www/html/vendor/laravel/framework/src/Illuminate/Foundation/ProviderRepository.php:74
/var/www/html/vendor/laravel/framework/src/Illuminate/Foundation/Application.php:871
/var/www/html/vendor/laravel/framework/src/Illuminate/Foundation/Bootstrap/RegisterProviders.php:37
/var/www/html/vendor/laravel/framework/src/Illuminate/Foundation/Application.php:342
/var/www/html/vendor/laravel/framework/src/Illuminate/Foundation/Console/Kernel.php:473
/var/www/html/tests/CreatesApplication.php:31
/var/www/html/vendor/laravel/framework/src/Illuminate/Foundation/Testing/TestCase.php:54
/var/www/html/vendor/laravel/framework/src/Illuminate/Foundation/Testing/Concerns/InteractsWithTestCaseLifecycle.php:92
/var/www/html/vendor/laravel/framework/src/Illuminate/Foundation/Testing/TestCase.php:44
/var/www/html/tests/TestCase.php:36
/var/www/html/tests/Feature/SEOTest.php:28</error>
        </testcase>
        <testcase name="test_generates_title_with_correct_length" file="/var/www/html/tests/Feature/SEOTest.php" line="83" class="Tests\Feature\SEOTest" classname="Tests.Feature.SEOTest" assertions="0" time="0.000000">
          <error type="Error">Tests\Feature\SEOTest::test_generates_title_with_correct_length
Error: Class "Laravel\Dusk\DuskServiceProvider" not found

/var/www/html/vendor/laravel/framework/src/Illuminate/Foundation/Application.php:961
/var/www/html/vendor/laravel/framework/src/Illuminate/Foundation/Application.php:893
/var/www/html/app/Providers/AppServiceProvider.php:51
/var/www/html/vendor/laravel/framework/src/Illuminate/Foundation/Application.php:896
/var/www/html/vendor/laravel/framework/src/Illuminate/Foundation/ProviderRepository.php:74
/var/www/html/vendor/laravel/framework/src/Illuminate/Foundation/Application.php:871
/var/www/html/vendor/laravel/framework/src/Illuminate/Foundation/Bootstrap/RegisterProviders.php:37
/var/www/html/vendor/laravel/framework/src/Illuminate/Foundation/Application.php:342
/var/www/html/vendor/laravel/framework/src/Illuminate/Foundation/Console/Kernel.php:473
/var/www/html/tests/CreatesApplication.php:31
/var/www/html/vendor/laravel/framework/src/Illuminate/Foundation/Testing/TestCase.php:54
/var/www/html/vendor/laravel/framework/src/Illuminate/Foundation/Testing/Concerns/InteractsWithTestCaseLifecycle.php:92
/var/www/html/vendor/laravel/framework/src/Illuminate/Foundation/Testing/TestCase.php:44
/var/www/html/tests/TestCase.php:36
/var/www/html/tests/Feature/SEOTest.php:28</error>
        </testcase>
        <testcase name="test_generates_structured_data_for_product" file="/var/www/html/tests/Feature/SEOTest.php" line="179" class="Tests\Feature\SEOTest" classname="Tests.Feature.SEOTest" assertions="0" time="0.000000">
          <error type="Error">Tests\Feature\SEOTest::test_generates_structured_data_for_product
Error: Class "Laravel\Dusk\DuskServiceProvider" not found

/var/www/html/vendor/laravel/framework/src/Illuminate/Foundation/Application.php:961
/var/www/html/vendor/laravel/framework/src/Illuminate/Foundation/Application.php:893
/var/www/html/app/Providers/AppServiceProvider.php:51
/var/www/html/vendor/laravel/framework/src/Illuminate/Foundation/Application.php:896
/var/www/html/vendor/laravel/framework/src/Illuminate/Foundation/ProviderRepository.php:74
/var/www/html/vendor/laravel/framework/src/Illuminate/Foundation/Application.php:871
/var/www/html/vendor/laravel/framework/src/Illuminate/Foundation/Bootstrap/RegisterProviders.php:37
/var/www/html/vendor/laravel/framework/src/Illuminate/Foundation/Application.php:342
/var/www/html/vendor/laravel/framework/src/Illuminate/Foundation/Console/Kernel.php:473
/var/www/html/tests/CreatesApplication.php:31
/var/www/html/vendor/laravel/framework/src/Illuminate/Foundation/Testing/TestCase.php:54
/var/www/html/vendor/laravel/framework/src/Illuminate/Foundation/Testing/Concerns/InteractsWithTestCaseLifecycle.php:92
/var/www/html/vendor/laravel/framework/src/Illuminate/Foundation/Testing/TestCase.php:44
/var/www/html/tests/TestCase.php:36
/var/www/html/tests/Feature/SEOTest.php:28</error>
        </testcase>
        <testcase name="test_generates_sitemap_successfully" file="/var/www/html/tests/Feature/SEOTest.php" line="212" class="Tests\Feature\SEOTest" classname="Tests.Feature.SEOTest" assertions="0" time="0.000000">
          <error type="Error">Tests\Feature\SEOTest::test_generates_sitemap_successfully
Error: Class "Laravel\Dusk\DuskServiceProvider" not found

/var/www/html/vendor/laravel/framework/src/Illuminate/Foundation/Application.php:961
/var/www/html/vendor/laravel/framework/src/Illuminate/Foundation/Application.php:893
/var/www/html/app/Providers/AppServiceProvider.php:51
/var/www/html/vendor/laravel/framework/src/Illuminate/Foundation/Application.php:896
/var/www/html/vendor/laravel/framework/src/Illuminate/Foundation/ProviderRepository.php:74
/var/www/html/vendor/laravel/framework/src/Illuminate/Foundation/Application.php:871
/var/www/html/vendor/laravel/framework/src/Illuminate/Foundation/Bootstrap/RegisterProviders.php:37
/var/www/html/vendor/laravel/framework/src/Illuminate/Foundation/Application.php:342
/var/www/html/vendor/laravel/framework/src/Illuminate/Foundation/Console/Kernel.php:473
/var/www/html/tests/CreatesApplication.php:31
/var/www/html/vendor/laravel/framework/src/Illuminate/Foundation/Testing/TestCase.php:54
/var/www/html/vendor/laravel/framework/src/Illuminate/Foundation/Testing/Concerns/InteractsWithTestCaseLifecycle.php:92
/var/www/html/vendor/laravel/framework/src/Illuminate/Foundation/Testing/TestCase.php:44
/var/www/html/tests/TestCase.php:36
/var/www/html/tests/Feature/SEOTest.php:28</error>
        </testcase>
        <testcase name="test_generates_breadcrumb_structured_data" file="/var/www/html/tests/Feature/SEOTest.php" line="196" class="Tests\Feature\SEOTest" classname="Tests.Feature.SEOTest" assertions="0" time="0.000000">
          <error type="Error">Tests\Feature\SEOTest::test_generates_breadcrumb_structured_data
Error: Class "Laravel\Dusk\DuskServiceProvider" not found

/var/www/html/vendor/laravel/framework/src/Illuminate/Foundation/Application.php:961
/var/www/html/vendor/laravel/framework/src/Illuminate/Foundation/Application.php:893
/var/www/html/app/Providers/AppServiceProvider.php:51
/var/www/html/vendor/laravel/framework/src/Illuminate/Foundation/Application.php:896
/var/www/html/vendor/laravel/framework/src/Illuminate/Foundation/ProviderRepository.php:74
/var/www/html/vendor/laravel/framework/src/Illuminate/Foundation/Application.php:871
/var/www/html/vendor/laravel/framework/src/Illuminate/Foundation/Bootstrap/RegisterProviders.php:37
/var/www/html/vendor/laravel/framework/src/Illuminate/Foundation/Application.php:342
/var/www/html/vendor/laravel/framework/src/Illuminate/Foundation/Console/Kernel.php:473
/var/www/html/tests/CreatesApplication.php:31
/var/www/html/vendor/laravel/framework/src/Illuminate/Foundation/Testing/TestCase.php:54
/var/www/html/vendor/laravel/framework/src/Illuminate/Foundation/Testing/Concerns/InteractsWithTestCaseLifecycle.php:92
/var/www/html/vendor/laravel/framework/src/Illuminate/Foundation/Testing/TestCase.php:44
/var/www/html/tests/TestCase.php:36
/var/www/html/tests/Feature/SEOTest.php:28</error>
        </testcase>
        <testcase name="test_robots_txt_has_correct_content" file="/var/www/html/tests/Feature/SEOTest.php" line="282" class="Tests\Feature\SEOTest" classname="Tests.Feature.SEOTest" assertions="0" time="0.000000">
          <error type="Error">Tests\Feature\SEOTest::test_robots_txt_has_correct_content
Error: Class "Laravel\Dusk\DuskServiceProvider" not found

/var/www/html/vendor/laravel/framework/src/Illuminate/Foundation/Application.php:961
/var/www/html/vendor/laravel/framework/src/Illuminate/Foundation/Application.php:893
/var/www/html/app/Providers/AppServiceProvider.php:51
/var/www/html/vendor/laravel/framework/src/Illuminate/Foundation/Application.php:896
/var/www/html/vendor/laravel/framework/src/Illuminate/Foundation/ProviderRepository.php:74
/var/www/html/vendor/laravel/framework/src/Illuminate/Foundation/Application.php:871
/var/www/html/vendor/laravel/framework/src/Illuminate/Foundation/Bootstrap/RegisterProviders.php:37
/var/www/html/vendor/laravel/framework/src/Illuminate/Foundation/Application.php:342
/var/www/html/vendor/laravel/framework/src/Illuminate/Foundation/Console/Kernel.php:473
/var/www/html/tests/CreatesApplication.php:31
/var/www/html/vendor/laravel/framework/src/Illuminate/Foundation/Testing/TestCase.php:54
/var/www/html/vendor/laravel/framework/src/Illuminate/Foundation/Testing/Concerns/InteractsWithTestCaseLifecycle.php:92
/var/www/html/vendor/laravel/framework/src/Illuminate/Foundation/Testing/TestCase.php:44
/var/www/html/tests/TestCase.php:36
/var/www/html/tests/Feature/SEOTest.php:28</error>
        </testcase>
        <testcase name="test_generates_meta_data_for_category" file="/var/www/html/tests/Feature/SEOTest.php" line="55" class="Tests\Feature\SEOTest" classname="Tests.Feature.SEOTest" assertions="0" time="0.000000">
          <error type="Error">Tests\Feature\SEOTest::test_generates_meta_data_for_category
Error: Class "Laravel\Dusk\DuskServiceProvider" not found

/var/www/html/vendor/laravel/framework/src/Illuminate/Foundation/Application.php:961
/var/www/html/vendor/laravel/framework/src/Illuminate/Foundation/Application.php:893
/var/www/html/app/Providers/AppServiceProvider.php:51
/var/www/html/vendor/laravel/framework/src/Illuminate/Foundation/Application.php:896
/var/www/html/vendor/laravel/framework/src/Illuminate/Foundation/ProviderRepository.php:74
/var/www/html/vendor/laravel/framework/src/Illuminate/Foundation/Application.php:871
/var/www/html/vendor/laravel/framework/src/Illuminate/Foundation/Bootstrap/RegisterProviders.php:37
/var/www/html/vendor/laravel/framework/src/Illuminate/Foundation/Application.php:342
/var/www/html/vendor/laravel/framework/src/Illuminate/Foundation/Console/Kernel.php:473
/var/www/html/tests/CreatesApplication.php:31
/var/www/html/vendor/laravel/framework/src/Illuminate/Foundation/Testing/TestCase.php:54
/var/www/html/vendor/laravel/framework/src/Illuminate/Foundation/Testing/Concerns/InteractsWithTestCaseLifecycle.php:92
/var/www/html/vendor/laravel/framework/src/Illuminate/Foundation/Testing/TestCase.php:44
/var/www/html/tests/TestCase.php:36
/var/www/html/tests/Feature/SEOTest.php:28</error>
        </testcase>
        <testcase name="test_generates_meta_data_for_store" file="/var/www/html/tests/Feature/SEOTest.php" line="69" class="Tests\Feature\SEOTest" classname="Tests.Feature.SEOTest" assertions="0" time="0.000000">
          <error type="Error">Tests\Feature\SEOTest::test_generates_meta_data_for_store
Error: Class "Laravel\Dusk\DuskServiceProvider" not found

/var/www/html/vendor/laravel/framework/src/Illuminate/Foundation/Application.php:961
/var/www/html/vendor/laravel/framework/src/Illuminate/Foundation/Application.php:893
/var/www/html/app/Providers/AppServiceProvider.php:51
/var/www/html/vendor/laravel/framework/src/Illuminate/Foundation/Application.php:896
/var/www/html/vendor/laravel/framework/src/Illuminate/Foundation/ProviderRepository.php:74
/var/www/html/vendor/laravel/framework/src/Illuminate/Foundation/Application.php:871
/var/www/html/vendor/laravel/framework/src/Illuminate/Foundation/Bootstrap/RegisterProviders.php:37
/var/www/html/vendor/laravel/framework/src/Illuminate/Foundation/Application.php:342
/var/www/html/vendor/laravel/framework/src/Illuminate/Foundation/Console/Kernel.php:473
/var/www/html/tests/CreatesApplication.php:31
/var/www/html/vendor/laravel/framework/src/Illuminate/Foundation/Testing/TestCase.php:54
/var/www/html/vendor/laravel/framework/src/Illuminate/Foundation/Testing/Concerns/InteractsWithTestCaseLifecycle.php:92
/var/www/html/vendor/laravel/framework/src/Illuminate/Foundation/Testing/TestCase.php:44
/var/www/html/tests/TestCase.php:36
/var/www/html/tests/Feature/SEOTest.php:28</error>
        </testcase>
        <testcase name="test_seo_audit_can_fix_issues" file="/var/www/html/tests/Feature/SEOTest.php" line="260" class="Tests\Feature\SEOTest" classname="Tests.Feature.SEOTest" assertions="0" time="0.000000">
          <error type="Error">Tests\Feature\SEOTest::test_seo_audit_can_fix_issues
Error: Class "Laravel\Dusk\DuskServiceProvider" not found

/var/www/html/vendor/laravel/framework/src/Illuminate/Foundation/Application.php:961
/var/www/html/vendor/laravel/framework/src/Illuminate/Foundation/Application.php:893
/var/www/html/app/Providers/AppServiceProvider.php:51
/var/www/html/vendor/laravel/framework/src/Illuminate/Foundation/Application.php:896
/var/www/html/vendor/laravel/framework/src/Illuminate/Foundation/ProviderRepository.php:74
/var/www/html/vendor/laravel/framework/src/Illuminate/Foundation/Application.php:871
/var/www/html/vendor/laravel/framework/src/Illuminate/Foundation/Bootstrap/RegisterProviders.php:37
/var/www/html/vendor/laravel/framework/src/Illuminate/Foundation/Application.php:342
/var/www/html/vendor/laravel/framework/src/Illuminate/Foundation/Console/Kernel.php:473
/var/www/html/tests/CreatesApplication.php:31
/var/www/html/vendor/laravel/framework/src/Illuminate/Foundation/Testing/TestCase.php:54
/var/www/html/vendor/laravel/framework/src/Illuminate/Foundation/Testing/Concerns/InteractsWithTestCaseLifecycle.php:92
/var/www/html/vendor/laravel/framework/src/Illuminate/Foundation/Testing/TestCase.php:44
/var/www/html/tests/TestCase.php:36
/var/www/html/tests/Feature/SEOTest.php:28</error>
        </testcase>
        <testcase name="test_seo_audit_command_runs_successfully" file="/var/www/html/tests/Feature/SEOTest.php" line="251" class="Tests\Feature\SEOTest" classname="Tests.Feature.SEOTest" assertions="0" time="0.000000">
          <error type="Error">Tests\Feature\SEOTest::test_seo_audit_command_runs_successfully
Error: Class "Laravel\Dusk\DuskServiceProvider" not found

/var/www/html/vendor/laravel/framework/src/Illuminate/Foundation/Application.php:961
/var/www/html/vendor/laravel/framework/src/Illuminate/Foundation/Application.php:893
/var/www/html/app/Providers/AppServiceProvider.php:51
/var/www/html/vendor/laravel/framework/src/Illuminate/Foundation/Application.php:896
/var/www/html/vendor/laravel/framework/src/Illuminate/Foundation/ProviderRepository.php:74
/var/www/html/vendor/laravel/framework/src/Illuminate/Foundation/Application.php:871
/var/www/html/vendor/laravel/framework/src/Illuminate/Foundation/Bootstrap/RegisterProviders.php:37
/var/www/html/vendor/laravel/framework/src/Illuminate/Foundation/Application.php:342
/var/www/html/vendor/laravel/framework/src/Illuminate/Foundation/Console/Kernel.php:473
/var/www/html/tests/CreatesApplication.php:31
/var/www/html/vendor/laravel/framework/src/Illuminate/Foundation/Testing/TestCase.php:54
/var/www/html/vendor/laravel/framework/src/Illuminate/Foundation/Testing/Concerns/InteractsWithTestCaseLifecycle.php:92
/var/www/html/vendor/laravel/framework/src/Illuminate/Foundation/Testing/TestCase.php:44
/var/www/html/tests/TestCase.php:36
/var/www/html/tests/Feature/SEOTest.php:28</error>
        </testcase>
      </testsuite>
      <testsuite name="Tests\Feature\Api\OrderApiTest" file="/var/www/html/tests/Feature/Api/OrderApiTest.php" tests="10" assertions="0" errors="10" failures="0" skipped="0" time="0.000000">
        <testcase name="test_user_can_filter_orders_by_status" file="/var/www/html/tests/Feature/Api/OrderApiTest.php" line="38" class="Tests\Feature\Api\OrderApiTest" classname="Tests.Feature.Api.OrderApiTest" assertions="0" time="0.000000">
          <error type="Error">Tests\Feature\Api\OrderApiTest::test_user_can_filter_orders_by_status
Error: Class "Laravel\Dusk\DuskServiceProvider" not found

/var/www/html/vendor/laravel/framework/src/Illuminate/Foundation/Application.php:961
/var/www/html/vendor/laravel/framework/src/Illuminate/Foundation/Application.php:893
/var/www/html/app/Providers/AppServiceProvider.php:51
/var/www/html/vendor/laravel/framework/src/Illuminate/Foundation/Application.php:896
/var/www/html/vendor/laravel/framework/src/Illuminate/Foundation/ProviderRepository.php:74
/var/www/html/vendor/laravel/framework/src/Illuminate/Foundation/Application.php:871
/var/www/html/vendor/laravel/framework/src/Illuminate/Foundation/Bootstrap/RegisterProviders.php:37
/var/www/html/vendor/laravel/framework/src/Illuminate/Foundation/Application.php:342
/var/www/html/vendor/laravel/framework/src/Illuminate/Foundation/Console/Kernel.php:473
/var/www/html/tests/CreatesApplication.php:31
/var/www/html/vendor/laravel/framework/src/Illuminate/Foundation/Testing/TestCase.php:54
/var/www/html/vendor/laravel/framework/src/Illuminate/Foundation/Testing/Concerns/InteractsWithTestCaseLifecycle.php:92
/var/www/html/vendor/laravel/framework/src/Illuminate/Foundation/Testing/TestCase.php:44
/var/www/html/tests/TestCase.php:36
/var/www/html/tests/Feature/Api/OrderApiTest.php:22</error>
        </testcase>
        <testcase name="test_create_order_validates_product_exists" file="/var/www/html/tests/Feature/Api/OrderApiTest.php" line="123" class="Tests\Feature\Api\OrderApiTest" classname="Tests.Feature.Api.OrderApiTest" assertions="0" time="0.000000">
          <error type="Error">Tests\Feature\Api\OrderApiTest::test_create_order_validates_product_exists
Error: Class "Laravel\Dusk\DuskServiceProvider" not found

/var/www/html/vendor/laravel/framework/src/Illuminate/Foundation/Application.php:961
/var/www/html/vendor/laravel/framework/src/Illuminate/Foundation/Application.php:893
/var/www/html/app/Providers/AppServiceProvider.php:51
/var/www/html/vendor/laravel/framework/src/Illuminate/Foundation/Application.php:896
/var/www/html/vendor/laravel/framework/src/Illuminate/Foundation/ProviderRepository.php:74
/var/www/html/vendor/laravel/framework/src/Illuminate/Foundation/Application.php:871
/var/www/html/vendor/laravel/framework/src/Illuminate/Foundation/Bootstrap/RegisterProviders.php:37
/var/www/html/vendor/laravel/framework/src/Illuminate/Foundation/Application.php:342
/var/www/html/vendor/laravel/framework/src/Illuminate/Foundation/Console/Kernel.php:473
/var/www/html/tests/CreatesApplication.php:31
/var/www/html/vendor/laravel/framework/src/Illuminate/Foundation/Testing/TestCase.php:54
/var/www/html/vendor/laravel/framework/src/Illuminate/Foundation/Testing/Concerns/InteractsWithTestCaseLifecycle.php:92
/var/www/html/vendor/laravel/framework/src/Illuminate/Foundation/Testing/TestCase.php:44
/var/www/html/tests/TestCase.php:36
/var/www/html/tests/Feature/Api/OrderApiTest.php:22</error>
        </testcase>
        <testcase name="test_create_order_validates_required_fields" file="/var/www/html/tests/Feature/Api/OrderApiTest.php" line="114" class="Tests\Feature\Api\OrderApiTest" classname="Tests.Feature.Api.OrderApiTest" assertions="0" time="0.000000">
          <error type="Error">Tests\Feature\Api\OrderApiTest::test_create_order_validates_required_fields
Error: Class "Laravel\Dusk\DuskServiceProvider" not found

/var/www/html/vendor/laravel/framework/src/Illuminate/Foundation/Application.php:961
/var/www/html/vendor/laravel/framework/src/Illuminate/Foundation/Application.php:893
/var/www/html/app/Providers/AppServiceProvider.php:51
/var/www/html/vendor/laravel/framework/src/Illuminate/Foundation/Application.php:896
/var/www/html/vendor/laravel/framework/src/Illuminate/Foundation/ProviderRepository.php:74
/var/www/html/vendor/laravel/framework/src/Illuminate/Foundation/Application.php:871
/var/www/html/vendor/laravel/framework/src/Illuminate/Foundation/Bootstrap/RegisterProviders.php:37
/var/www/html/vendor/laravel/framework/src/Illuminate/Foundation/Application.php:342
/var/www/html/vendor/laravel/framework/src/Illuminate/Foundation/Console/Kernel.php:473
/var/www/html/tests/CreatesApplication.php:31
/var/www/html/vendor/laravel/framework/src/Illuminate/Foundation/Testing/TestCase.php:54
/var/www/html/vendor/laravel/framework/src/Illuminate/Foundation/Testing/Concerns/InteractsWithTestCaseLifecycle.php:92
/var/www/html/vendor/laravel/framework/src/Illuminate/Foundation/Testing/TestCase.php:44
/var/www/html/tests/TestCase.php:36
/var/www/html/tests/Feature/Api/OrderApiTest.php:22</error>
        </testcase>
        <testcase name="test_guest_cannot_access_orders" file="/var/www/html/tests/Feature/Api/OrderApiTest.php" line="138" class="Tests\Feature\Api\OrderApiTest" classname="Tests.Feature.Api.OrderApiTest" assertions="0" time="0.000000">
          <error type="Error">Tests\Feature\Api\OrderApiTest::test_guest_cannot_access_orders
Error: Class "Laravel\Dusk\DuskServiceProvider" not found

/var/www/html/vendor/laravel/framework/src/Illuminate/Foundation/Application.php:961
/var/www/html/vendor/laravel/framework/src/Illuminate/Foundation/Application.php:893
/var/www/html/app/Providers/AppServiceProvider.php:51
/var/www/html/vendor/laravel/framework/src/Illuminate/Foundation/Application.php:896
/var/www/html/vendor/laravel/framework/src/Illuminate/Foundation/ProviderRepository.php:74
/var/www/html/vendor/laravel/framework/src/Illuminate/Foundation/Application.php:871
/var/www/html/vendor/laravel/framework/src/Illuminate/Foundation/Bootstrap/RegisterProviders.php:37
/var/www/html/vendor/laravel/framework/src/Illuminate/Foundation/Application.php:342
/var/www/html/vendor/laravel/framework/src/Illuminate/Foundation/Console/Kernel.php:473
/var/www/html/tests/CreatesApplication.php:31
/var/www/html/vendor/laravel/framework/src/Illuminate/Foundation/Testing/TestCase.php:54
/var/www/html/vendor/laravel/framework/src/Illuminate/Foundation/Testing/Concerns/InteractsWithTestCaseLifecycle.php:92
/var/www/html/vendor/laravel/framework/src/Illuminate/Foundation/Testing/TestCase.php:44
/var/www/html/tests/TestCase.php:36
/var/www/html/tests/Feature/Api/OrderApiTest.php:22</error>
        </testcase>
        <testcase name="test_order_response_includes_status_details" file="/var/www/html/tests/Feature/Api/OrderApiTest.php" line="145" class="Tests\Feature\Api\OrderApiTest" classname="Tests.Feature.Api.OrderApiTest" assertions="0" time="0.000000">
          <error type="Error">Tests\Feature\Api\OrderApiTest::test_order_response_includes_status_details
Error: Class "Laravel\Dusk\DuskServiceProvider" not found

/var/www/html/vendor/laravel/framework/src/Illuminate/Foundation/Application.php:961
/var/www/html/vendor/laravel/framework/src/Illuminate/Foundation/Application.php:893
/var/www/html/app/Providers/AppServiceProvider.php:51
/var/www/html/vendor/laravel/framework/src/Illuminate/Foundation/Application.php:896
/var/www/html/vendor/laravel/framework/src/Illuminate/Foundation/ProviderRepository.php:74
/var/www/html/vendor/laravel/framework/src/Illuminate/Foundation/Application.php:871
/var/www/html/vendor/laravel/framework/src/Illuminate/Foundation/Bootstrap/RegisterProviders.php:37
/var/www/html/vendor/laravel/framework/src/Illuminate/Foundation/Application.php:342
/var/www/html/vendor/laravel/framework/src/Illuminate/Foundation/Console/Kernel.php:473
/var/www/html/tests/CreatesApplication.php:31
/var/www/html/vendor/laravel/framework/src/Illuminate/Foundation/Testing/TestCase.php:54
/var/www/html/vendor/laravel/framework/src/Illuminate/Foundation/Testing/Concerns/InteractsWithTestCaseLifecycle.php:92
/var/www/html/vendor/laravel/framework/src/Illuminate/Foundation/Testing/TestCase.php:44
/var/www/html/tests/TestCase.php:36
/var/www/html/tests/Feature/Api/OrderApiTest.php:22</error>
        </testcase>
        <testcase name="test_user_can_list_their_orders" file="/var/www/html/tests/Feature/Api/OrderApiTest.php" line="26" class="Tests\Feature\Api\OrderApiTest" classname="Tests.Feature.Api.OrderApiTest" assertions="0" time="0.000000">
          <error type="Error">Tests\Feature\Api\OrderApiTest::test_user_can_list_their_orders
Error: Class "Laravel\Dusk\DuskServiceProvider" not found

/var/www/html/vendor/laravel/framework/src/Illuminate/Foundation/Application.php:961
/var/www/html/vendor/laravel/framework/src/Illuminate/Foundation/Application.php:893
/var/www/html/app/Providers/AppServiceProvider.php:51
/var/www/html/vendor/laravel/framework/src/Illuminate/Foundation/Application.php:896
/var/www/html/vendor/laravel/framework/src/Illuminate/Foundation/ProviderRepository.php:74
/var/www/html/vendor/laravel/framework/src/Illuminate/Foundation/Application.php:871
/var/www/html/vendor/laravel/framework/src/Illuminate/Foundation/Bootstrap/RegisterProviders.php:37
/var/www/html/vendor/laravel/framework/src/Illuminate/Foundation/Application.php:342
/var/www/html/vendor/laravel/framework/src/Illuminate/Foundation/Console/Kernel.php:473
/var/www/html/tests/CreatesApplication.php:31
/var/www/html/vendor/laravel/framework/src/Illuminate/Foundation/Testing/TestCase.php:54
/var/www/html/vendor/laravel/framework/src/Illuminate/Foundation/Testing/Concerns/InteractsWithTestCaseLifecycle.php:92
/var/www/html/vendor/laravel/framework/src/Illuminate/Foundation/Testing/TestCase.php:44
/var/www/html/tests/TestCase.php:36
/var/www/html/tests/Feature/Api/OrderApiTest.php:22</error>
        </testcase>
        <testcase name="test_user_can_view_single_order" file="/var/www/html/tests/Feature/Api/OrderApiTest.php" line="57" class="Tests\Feature\Api\OrderApiTest" classname="Tests.Feature.Api.OrderApiTest" assertions="0" time="0.000000">
          <error type="Error">Tests\Feature\Api\OrderApiTest::test_user_can_view_single_order
Error: Class "Laravel\Dusk\DuskServiceProvider" not found

/var/www/html/vendor/laravel/framework/src/Illuminate/Foundation/Application.php:961
/var/www/html/vendor/laravel/framework/src/Illuminate/Foundation/Application.php:893
/var/www/html/app/Providers/AppServiceProvider.php:51
/var/www/html/vendor/laravel/framework/src/Illuminate/Foundation/Application.php:896
/var/www/html/vendor/laravel/framework/src/Illuminate/Foundation/ProviderRepository.php:74
/var/www/html/vendor/laravel/framework/src/Illuminate/Foundation/Application.php:871
/var/www/html/vendor/laravel/framework/src/Illuminate/Foundation/Bootstrap/RegisterProviders.php:37
/var/www/html/vendor/laravel/framework/src/Illuminate/Foundation/Application.php:342
/var/www/html/vendor/laravel/framework/src/Illuminate/Foundation/Console/Kernel.php:473
/var/www/html/tests/CreatesApplication.php:31
/var/www/html/vendor/laravel/framework/src/Illuminate/Foundation/Testing/TestCase.php:54
/var/www/html/vendor/laravel/framework/src/Illuminate/Foundation/Testing/Concerns/InteractsWithTestCaseLifecycle.php:92
/var/www/html/vendor/laravel/framework/src/Illuminate/Foundation/Testing/TestCase.php:44
/var/www/html/tests/TestCase.php:36
/var/www/html/tests/Feature/Api/OrderApiTest.php:22</error>
        </testcase>
        <testcase name="test_order_list_is_paginated" file="/var/www/html/tests/Feature/Api/OrderApiTest.php" line="167" class="Tests\Feature\Api\OrderApiTest" classname="Tests.Feature.Api.OrderApiTest" assertions="0" time="0.000000">
          <error type="Error">Tests\Feature\Api\OrderApiTest::test_order_list_is_paginated
Error: Class "Laravel\Dusk\DuskServiceProvider" not found

/var/www/html/vendor/laravel/framework/src/Illuminate/Foundation/Application.php:961
/var/www/html/vendor/laravel/framework/src/Illuminate/Foundation/Application.php:893
/var/www/html/app/Providers/AppServiceProvider.php:51
/var/www/html/vendor/laravel/framework/src/Illuminate/Foundation/Application.php:896
/var/www/html/vendor/laravel/framework/src/Illuminate/Foundation/ProviderRepository.php:74
/var/www/html/vendor/laravel/framework/src/Illuminate/Foundation/Application.php:871
/var/www/html/vendor/laravel/framework/src/Illuminate/Foundation/Bootstrap/RegisterProviders.php:37
/var/www/html/vendor/laravel/framework/src/Illuminate/Foundation/Application.php:342
/var/www/html/vendor/laravel/framework/src/Illuminate/Foundation/Console/Kernel.php:473
/var/www/html/tests/CreatesApplication.php:31
/var/www/html/vendor/laravel/framework/src/Illuminate/Foundation/Testing/TestCase.php:54
/var/www/html/vendor/laravel/framework/src/Illuminate/Foundation/Testing/Concerns/InteractsWithTestCaseLifecycle.php:92
/var/www/html/vendor/laravel/framework/src/Illuminate/Foundation/Testing/TestCase.php:44
/var/www/html/tests/TestCase.php:36
/var/www/html/tests/Feature/Api/OrderApiTest.php:22</error>
        </testcase>
        <testcase name="test_user_cannot_view_other_users_order" file="/var/www/html/tests/Feature/Api/OrderApiTest.php" line="69" class="Tests\Feature\Api\OrderApiTest" classname="Tests.Feature.Api.OrderApiTest" assertions="0" time="0.000000">
          <error type="Error">Tests\Feature\Api\OrderApiTest::test_user_cannot_view_other_users_order
Error: Class "Laravel\Dusk\DuskServiceProvider" not found

/var/www/html/vendor/laravel/framework/src/Illuminate/Foundation/Application.php:961
/var/www/html/vendor/laravel/framework/src/Illuminate/Foundation/Application.php:893
/var/www/html/app/Providers/AppServiceProvider.php:51
/var/www/html/vendor/laravel/framework/src/Illuminate/Foundation/Application.php:896
/var/www/html/vendor/laravel/framework/src/Illuminate/Foundation/ProviderRepository.php:74
/var/www/html/vendor/laravel/framework/src/Illuminate/Foundation/Application.php:871
/var/www/html/vendor/laravel/framework/src/Illuminate/Foundation/Bootstrap/RegisterProviders.php:37
/var/www/html/vendor/laravel/framework/src/Illuminate/Foundation/Application.php:342
/var/www/html/vendor/laravel/framework/src/Illuminate/Foundation/Console/Kernel.php:473
/var/www/html/tests/CreatesApplication.php:31
/var/www/html/vendor/laravel/framework/src/Illuminate/Foundation/Testing/TestCase.php:54
/var/www/html/vendor/laravel/framework/src/Illuminate/Foundation/Testing/Concerns/InteractsWithTestCaseLifecycle.php:92
/var/www/html/vendor/laravel/framework/src/Illuminate/Foundation/Testing/TestCase.php:44
/var/www/html/tests/TestCase.php:36
/var/www/html/tests/Feature/Api/OrderApiTest.php:22</error>
        </testcase>
        <testcase name="test_user_can_create_order" file="/var/www/html/tests/Feature/Api/OrderApiTest.php" line="79" class="Tests\Feature\Api\OrderApiTest" classname="Tests.Feature.Api.OrderApiTest" assertions="0" time="0.000000">
          <error type="Error">Tests\Feature\Api\OrderApiTest::test_user_can_create_order
Error: Class "Laravel\Dusk\DuskServiceProvider" not found

/var/www/html/vendor/laravel/framework/src/Illuminate/Foundation/Application.php:961
/var/www/html/vendor/laravel/framework/src/Illuminate/Foundation/Application.php:893
/var/www/html/app/Providers/AppServiceProvider.php:51
/var/www/html/vendor/laravel/framework/src/Illuminate/Foundation/Application.php:896
/var/www/html/vendor/laravel/framework/src/Illuminate/Foundation/ProviderRepository.php:74
/var/www/html/vendor/laravel/framework/src/Illuminate/Foundation/Application.php:871
/var/www/html/vendor/laravel/framework/src/Illuminate/Foundation/Bootstrap/RegisterProviders.php:37
/var/www/html/vendor/laravel/framework/src/Illuminate/Foundation/Application.php:342
/var/www/html/vendor/laravel/framework/src/Illuminate/Foundation/Console/Kernel.php:473
/var/www/html/tests/CreatesApplication.php:31
/var/www/html/vendor/laravel/framework/src/Illuminate/Foundation/Testing/TestCase.php:54
/var/www/html/vendor/laravel/framework/src/Illuminate/Foundation/Testing/Concerns/InteractsWithTestCaseLifecycle.php:92
/var/www/html/vendor/laravel/framework/src/Illuminate/Foundation/Testing/TestCase.php:44
/var/www/html/tests/TestCase.php:36
/var/www/html/tests/Feature/Api/OrderApiTest.php:22</error>
        </testcase>
      </testsuite>
      <testsuite name="Tests\Feature\Http\Middleware\SecurityHeadersMiddlewareTest" file="/var/www/html/tests/Feature/Http/Middleware/SecurityHeadersMiddlewareTest.php" tests="5" assertions="0" errors="5" failures="0" skipped="0" time="0.000000">
        <testcase name="test_security_headers_middleware_handles_https_redirect" file="/var/www/html/tests/Feature/Http/Middleware/SecurityHeadersMiddlewareTest.php" line="99" class="Tests\Feature\Http\Middleware\SecurityHeadersMiddlewareTest" classname="Tests.Feature.Http.Middleware.SecurityHeadersMiddlewareTest" assertions="0" time="0.000000">
          <error type="Error">Tests\Feature\Http\Middleware\SecurityHeadersMiddlewareTest::test_security_headers_middleware_handles_https_redirect
Error: Class "Laravel\Dusk\DuskServiceProvider" not found

/var/www/html/vendor/laravel/framework/src/Illuminate/Foundation/Application.php:961
/var/www/html/vendor/laravel/framework/src/Illuminate/Foundation/Application.php:893
/var/www/html/app/Providers/AppServiceProvider.php:51
/var/www/html/vendor/laravel/framework/src/Illuminate/Foundation/Application.php:896
/var/www/html/vendor/laravel/framework/src/Illuminate/Foundation/ProviderRepository.php:74
/var/www/html/vendor/laravel/framework/src/Illuminate/Foundation/Application.php:871
/var/www/html/vendor/laravel/framework/src/Illuminate/Foundation/Bootstrap/RegisterProviders.php:37
/var/www/html/vendor/laravel/framework/src/Illuminate/Foundation/Application.php:342
/var/www/html/vendor/laravel/framework/src/Illuminate/Foundation/Console/Kernel.php:473
/var/www/html/tests/CreatesApplication.php:31
/var/www/html/vendor/laravel/framework/src/Illuminate/Foundation/Testing/TestCase.php:54
/var/www/html/vendor/laravel/framework/src/Illuminate/Foundation/Testing/Concerns/InteractsWithTestCaseLifecycle.php:92
/var/www/html/vendor/laravel/framework/src/Illuminate/Foundation/Testing/TestCase.php:44
/var/www/html/tests/TestCase.php:36</error>
        </testcase>
        <testcase name="test_security_headers_middleware_handles_post_requests" file="/var/www/html/tests/Feature/Http/Middleware/SecurityHeadersMiddlewareTest.php" line="60" class="Tests\Feature\Http\Middleware\SecurityHeadersMiddlewareTest" classname="Tests.Feature.Http.Middleware.SecurityHeadersMiddlewareTest" assertions="0" time="0.000000">
          <error type="Error">Tests\Feature\Http\Middleware\SecurityHeadersMiddlewareTest::test_security_headers_middleware_handles_post_requests
Error: Class "Laravel\Dusk\DuskServiceProvider" not found

/var/www/html/vendor/laravel/framework/src/Illuminate/Foundation/Application.php:961
/var/www/html/vendor/laravel/framework/src/Illuminate/Foundation/Application.php:893
/var/www/html/app/Providers/AppServiceProvider.php:51
/var/www/html/vendor/laravel/framework/src/Illuminate/Foundation/Application.php:896
/var/www/html/vendor/laravel/framework/src/Illuminate/Foundation/ProviderRepository.php:74
/var/www/html/vendor/laravel/framework/src/Illuminate/Foundation/Application.php:871
/var/www/html/vendor/laravel/framework/src/Illuminate/Foundation/Bootstrap/RegisterProviders.php:37
/var/www/html/vendor/laravel/framework/src/Illuminate/Foundation/Application.php:342
/var/www/html/vendor/laravel/framework/src/Illuminate/Foundation/Console/Kernel.php:473
/var/www/html/tests/CreatesApplication.php:31
/var/www/html/vendor/laravel/framework/src/Illuminate/Foundation/Testing/TestCase.php:54
/var/www/html/vendor/laravel/framework/src/Illuminate/Foundation/Testing/Concerns/InteractsWithTestCaseLifecycle.php:92
/var/www/html/vendor/laravel/framework/src/Illuminate/Foundation/Testing/TestCase.php:44
/var/www/html/tests/TestCase.php:36</error>
        </testcase>
        <testcase name="test_security_headers_middleware_handles_api_requests" file="/var/www/html/tests/Feature/Http/Middleware/SecurityHeadersMiddlewareTest.php" line="80" class="Tests\Feature\Http\Middleware\SecurityHeadersMiddlewareTest" classname="Tests.Feature.Http.Middleware.SecurityHeadersMiddlewareTest" assertions="0" time="0.000000">
          <error type="Error">Tests\Feature\Http\Middleware\SecurityHeadersMiddlewareTest::test_security_headers_middleware_handles_api_requests
Error: Class "Laravel\Dusk\DuskServiceProvider" not found

/var/www/html/vendor/laravel/framework/src/Illuminate/Foundation/Application.php:961
/var/www/html/vendor/laravel/framework/src/Illuminate/Foundation/Application.php:893
/var/www/html/app/Providers/AppServiceProvider.php:51
/var/www/html/vendor/laravel/framework/src/Illuminate/Foundation/Application.php:896
/var/www/html/vendor/laravel/framework/src/Illuminate/Foundation/ProviderRepository.php:74
/var/www/html/vendor/laravel/framework/src/Illuminate/Foundation/Application.php:871
/var/www/html/vendor/laravel/framework/src/Illuminate/Foundation/Bootstrap/RegisterProviders.php:37
/var/www/html/vendor/laravel/framework/src/Illuminate/Foundation/Application.php:342
/var/www/html/vendor/laravel/framework/src/Illuminate/Foundation/Console/Kernel.php:473
/var/www/html/tests/CreatesApplication.php:31
/var/www/html/vendor/laravel/framework/src/Illuminate/Foundation/Testing/TestCase.php:54
/var/www/html/vendor/laravel/framework/src/Illuminate/Foundation/Testing/Concerns/InteractsWithTestCaseLifecycle.php:92
/var/www/html/vendor/laravel/framework/src/Illuminate/Foundation/Testing/TestCase.php:44
/var/www/html/tests/TestCase.php:36</error>
        </testcase>
        <testcase name="test_security_headers_middleware_adds_security_headers" file="/var/www/html/tests/Feature/Http/Middleware/SecurityHeadersMiddlewareTest.php" line="20" class="Tests\Feature\Http\Middleware\SecurityHeadersMiddlewareTest" classname="Tests.Feature.Http.Middleware.SecurityHeadersMiddlewareTest" assertions="0" time="0.000000">
          <error type="Error">Tests\Feature\Http\Middleware\SecurityHeadersMiddlewareTest::test_security_headers_middleware_adds_security_headers
Error: Class "Laravel\Dusk\DuskServiceProvider" not found

/var/www/html/vendor/laravel/framework/src/Illuminate/Foundation/Application.php:961
/var/www/html/vendor/laravel/framework/src/Illuminate/Foundation/Application.php:893
/var/www/html/app/Providers/AppServiceProvider.php:51
/var/www/html/vendor/laravel/framework/src/Illuminate/Foundation/Application.php:896
/var/www/html/vendor/laravel/framework/src/Illuminate/Foundation/ProviderRepository.php:74
/var/www/html/vendor/laravel/framework/src/Illuminate/Foundation/Application.php:871
/var/www/html/vendor/laravel/framework/src/Illuminate/Foundation/Bootstrap/RegisterProviders.php:37
/var/www/html/vendor/laravel/framework/src/Illuminate/Foundation/Application.php:342
/var/www/html/vendor/laravel/framework/src/Illuminate/Foundation/Console/Kernel.php:473
/var/www/html/tests/CreatesApplication.php:31
/var/www/html/vendor/laravel/framework/src/Illuminate/Foundation/Testing/TestCase.php:54
/var/www/html/vendor/laravel/framework/src/Illuminate/Foundation/Testing/Concerns/InteractsWithTestCaseLifecycle.php:92
/var/www/html/vendor/laravel/framework/src/Illuminate/Foundation/Testing/TestCase.php:44
/var/www/html/tests/TestCase.php:36</error>
        </testcase>
        <testcase name="test_security_headers_middleware_handles_sensitive_routes" file="/var/www/html/tests/Feature/Http/Middleware/SecurityHeadersMiddlewareTest.php" line="42" class="Tests\Feature\Http\Middleware\SecurityHeadersMiddlewareTest" classname="Tests.Feature.Http.Middleware.SecurityHeadersMiddlewareTest" assertions="0" time="0.000000">
          <error type="Error">Tests\Feature\Http\Middleware\SecurityHeadersMiddlewareTest::test_security_headers_middleware_handles_sensitive_routes
Error: Class "Laravel\Dusk\DuskServiceProvider" not found

/var/www/html/vendor/laravel/framework/src/Illuminate/Foundation/Application.php:961
/var/www/html/vendor/laravel/framework/src/Illuminate/Foundation/Application.php:893
/var/www/html/app/Providers/AppServiceProvider.php:51
/var/www/html/vendor/laravel/framework/src/Illuminate/Foundation/Application.php:896
/var/www/html/vendor/laravel/framework/src/Illuminate/Foundation/ProviderRepository.php:74
/var/www/html/vendor/laravel/framework/src/Illuminate/Foundation/Application.php:871
/var/www/html/vendor/laravel/framework/src/Illuminate/Foundation/Bootstrap/RegisterProviders.php:37
/var/www/html/vendor/laravel/framework/src/Illuminate/Foundation/Application.php:342
/var/www/html/vendor/laravel/framework/src/Illuminate/Foundation/Console/Kernel.php:473
/var/www/html/tests/CreatesApplication.php:31
/var/www/html/vendor/laravel/framework/src/Illuminate/Foundation/Testing/TestCase.php:54
/var/www/html/vendor/laravel/framework/src/Illuminate/Foundation/Testing/Concerns/InteractsWithTestCaseLifecycle.php:92
/var/www/html/vendor/laravel/framework/src/Illuminate/Foundation/Testing/TestCase.php:44
/var/www/html/tests/TestCase.php:36</error>
        </testcase>
      </testsuite>
      <testsuite name="Tests\Feature\Services\PasswordResetServiceTest" file="/var/www/html/tests/Feature/Services/PasswordResetServiceTest.php" tests="10" assertions="66" errors="0" failures="0" skipped="0" time="0.017088">
        <testcase name="test_handles_send_reset_email_with_nonexistent_email" file="/var/www/html/tests/Feature/Services/PasswordResetServiceTest.php" line="45" class="Tests\Feature\Services\PasswordResetServiceTest" classname="Tests.Feature.Services.PasswordResetServiceTest" assertions="6" time="0.012737"/>
        <testcase name="test_handles_send_reset_email_with_valid_email" file="/var/www/html/tests/Feature/Services/PasswordResetServiceTest.php" line="29" class="Tests\Feature\Services\PasswordResetServiceTest" classname="Tests.Feature.Services.PasswordResetServiceTest" assertions="6" time="0.000511"/>
        <testcase name="test_handles_reset_password_with_valid_token" file="/var/www/html/tests/Feature/Services/PasswordResetServiceTest.php" line="61" class="Tests\Feature\Services\PasswordResetServiceTest" classname="Tests.Feature.Services.PasswordResetServiceTest" assertions="8" time="0.000477"/>
        <testcase name="test_can_be_instantiated" file="/var/www/html/tests/Feature/Services/PasswordResetServiceTest.php" line="23" class="Tests\Feature\Services\PasswordResetServiceTest" classname="Tests.Feature.Services.PasswordResetServiceTest" assertions="1" time="0.000353"/>
        <testcase name="test_checks_reset_token_exists" file="/var/www/html/tests/Feature/Services/PasswordResetServiceTest.php" line="97" class="Tests\Feature\Services\PasswordResetServiceTest" classname="Tests.Feature.Services.PasswordResetServiceTest" assertions="6" time="0.000364"/>
        <testcase name="test_handles_expired_token" file="/var/www/html/tests/Feature/Services/PasswordResetServiceTest.php" line="129" class="Tests\Feature\Services\PasswordResetServiceTest" classname="Tests.Feature.Services.PasswordResetServiceTest" assertions="8" time="0.000333"/>
        <testcase name="test_handles_reset_password_with_invalid_token" file="/var/www/html/tests/Feature/Services/PasswordResetServiceTest.php" line="79" class="Tests\Feature\Services\PasswordResetServiceTest" classname="Tests.Feature.Services.PasswordResetServiceTest" assertions="8" time="0.000364"/>
        <testcase name="test_gets_statistics" file="/var/www/html/tests/Feature/Services/PasswordResetServiceTest.php" line="165" class="Tests\Feature\Services\PasswordResetServiceTest" classname="Tests.Feature.Services.PasswordResetServiceTest" assertions="9" time="0.000339"/>
        <testcase name="test_gets_reset_token_info" file="/var/www/html/tests/Feature/Services/PasswordResetServiceTest.php" line="113" class="Tests\Feature\Services\PasswordResetServiceTest" classname="Tests.Feature.Services.PasswordResetServiceTest" assertions="6" time="0.000861"/>
        <testcase name="test_handles_too_many_attempts" file="/var/www/html/tests/Feature/Services/PasswordResetServiceTest.php" line="147" class="Tests\Feature\Services\PasswordResetServiceTest" classname="Tests.Feature.Services.PasswordResetServiceTest" assertions="8" time="0.000749"/>
      </testsuite>
      <testsuite name="Tests\Feature\Models\PriceOfferTest" file="/var/www/html/tests/Feature/Models/PriceOfferTest.php" tests="3" assertions="0" errors="3" failures="0" skipped="0" time="0.000000">
        <testcase name="test_it_can_be_instantiated" file="/var/www/html/tests/Feature/Models/PriceOfferTest.php" line="38" class="Tests\Feature\Models\PriceOfferTest" classname="Tests.Feature.Models.PriceOfferTest" assertions="0" time="0.000000">
          <error type="Error">Tests\Feature\Models\PriceOfferTest::test_it_can_be_instantiated
Error: Class "Laravel\Dusk\DuskServiceProvider" not found

/var/www/html/vendor/laravel/framework/src/Illuminate/Foundation/Application.php:961
/var/www/html/vendor/laravel/framework/src/Illuminate/Foundation/Application.php:893
/var/www/html/app/Providers/AppServiceProvider.php:51
/var/www/html/vendor/laravel/framework/src/Illuminate/Foundation/Application.php:896
/var/www/html/vendor/laravel/framework/src/Illuminate/Foundation/ProviderRepository.php:74
/var/www/html/vendor/laravel/framework/src/Illuminate/Foundation/Application.php:871
/var/www/html/vendor/laravel/framework/src/Illuminate/Foundation/Bootstrap/RegisterProviders.php:37
/var/www/html/vendor/laravel/framework/src/Illuminate/Foundation/Application.php:342
/var/www/html/vendor/laravel/framework/src/Illuminate/Foundation/Console/Kernel.php:473
/var/www/html/tests/CreatesApplication.php:31
/var/www/html/vendor/laravel/framework/src/Illuminate/Foundation/Testing/TestCase.php:54
/var/www/html/vendor/laravel/framework/src/Illuminate/Foundation/Testing/Concerns/InteractsWithTestCaseLifecycle.php:92
/var/www/html/vendor/laravel/framework/src/Illuminate/Foundation/Testing/TestCase.php:44
/var/www/html/tests/TestCase.php:36
/var/www/html/tests/Feature/Models/PriceOfferTest.php:50</error>
        </testcase>
        <testcase name="test_it_has_expected_properties" file="/var/www/html/tests/Feature/Models/PriceOfferTest.php" line="27" class="Tests\Feature\Models\PriceOfferTest" classname="Tests.Feature.Models.PriceOfferTest" assertions="0" time="0.000000">
          <error type="Error">Tests\Feature\Models\PriceOfferTest::test_it_has_expected_properties
Error: Class "Laravel\Dusk\DuskServiceProvider" not found

/var/www/html/vendor/laravel/framework/src/Illuminate/Foundation/Application.php:961
/var/www/html/vendor/laravel/framework/src/Illuminate/Foundation/Application.php:893
/var/www/html/app/Providers/AppServiceProvider.php:51
/var/www/html/vendor/laravel/framework/src/Illuminate/Foundation/Application.php:896
/var/www/html/vendor/laravel/framework/src/Illuminate/Foundation/ProviderRepository.php:74
/var/www/html/vendor/laravel/framework/src/Illuminate/Foundation/Application.php:871
/var/www/html/vendor/laravel/framework/src/Illuminate/Foundation/Bootstrap/RegisterProviders.php:37
/var/www/html/vendor/laravel/framework/src/Illuminate/Foundation/Application.php:342
/var/www/html/vendor/laravel/framework/src/Illuminate/Foundation/Console/Kernel.php:473
/var/www/html/tests/CreatesApplication.php:31
/var/www/html/vendor/laravel/framework/src/Illuminate/Foundation/Testing/TestCase.php:54
/var/www/html/vendor/laravel/framework/src/Illuminate/Foundation/Testing/Concerns/InteractsWithTestCaseLifecycle.php:92
/var/www/html/vendor/laravel/framework/src/Illuminate/Foundation/Testing/TestCase.php:44
/var/www/html/tests/TestCase.php:36
/var/www/html/tests/Feature/Models/PriceOfferTest.php:50</error>
        </testcase>
        <testcase name="test_it_can_create_a_price_offer" file="/var/www/html/tests/Feature/Models/PriceOfferTest.php" line="16" class="Tests\Feature\Models\PriceOfferTest" classname="Tests.Feature.Models.PriceOfferTest" assertions="0" time="0.000000">
          <error type="Error">Tests\Feature\Models\PriceOfferTest::test_it_can_create_a_price_offer
Error: Class "Laravel\Dusk\DuskServiceProvider" not found

/var/www/html/vendor/laravel/framework/src/Illuminate/Foundation/Application.php:961
/var/www/html/vendor/laravel/framework/src/Illuminate/Foundation/Application.php:893
/var/www/html/app/Providers/AppServiceProvider.php:51
/var/www/html/vendor/laravel/framework/src/Illuminate/Foundation/Application.php:896
/var/www/html/vendor/laravel/framework/src/Illuminate/Foundation/ProviderRepository.php:74
/var/www/html/vendor/laravel/framework/src/Illuminate/Foundation/Application.php:871
/var/www/html/vendor/laravel/framework/src/Illuminate/Foundation/Bootstrap/RegisterProviders.php:37
/var/www/html/vendor/laravel/framework/src/Illuminate/Foundation/Application.php:342
/var/www/html/vendor/laravel/framework/src/Illuminate/Foundation/Console/Kernel.php:473
/var/www/html/tests/CreatesApplication.php:31
/var/www/html/vendor/laravel/framework/src/Illuminate/Foundation/Testing/TestCase.php:54
/var/www/html/vendor/laravel/framework/src/Illuminate/Foundation/Testing/Concerns/InteractsWithTestCaseLifecycle.php:92
/var/www/html/vendor/laravel/framework/src/Illuminate/Foundation/Testing/TestCase.php:44
/var/www/html/tests/TestCase.php:36
/var/www/html/tests/Feature/Models/PriceOfferTest.php:50</error>
        </testcase>
      </testsuite>
      <testsuite name="Tests\Feature\Http\Controllers\CartControllerTest" file="/var/www/html/tests/Feature/Http/Controllers/CartControllerTest.php" tests="8" assertions="0" errors="8" failures="0" skipped="0" time="0.000000">
        <testcase name="it_can_clear_entire_cart" file="/var/www/html/tests/Feature/Http/Controllers/CartControllerTest.php" line="71" class="Tests\Feature\Http\Controllers\CartControllerTest" classname="Tests.Feature.Http.Controllers.CartControllerTest" assertions="0" time="0.000000">
          <error type="Error">Tests\Feature\Http\Controllers\CartControllerTest::it_can_clear_entire_cart
Error: Class "Laravel\Dusk\DuskServiceProvider" not found

/var/www/html/vendor/laravel/framework/src/Illuminate/Foundation/Application.php:961
/var/www/html/vendor/laravel/framework/src/Illuminate/Foundation/Application.php:893
/var/www/html/app/Providers/AppServiceProvider.php:51
/var/www/html/vendor/laravel/framework/src/Illuminate/Foundation/Application.php:896
/var/www/html/vendor/laravel/framework/src/Illuminate/Foundation/ProviderRepository.php:74
/var/www/html/vendor/laravel/framework/src/Illuminate/Foundation/Application.php:871
/var/www/html/vendor/laravel/framework/src/Illuminate/Foundation/Bootstrap/RegisterProviders.php:37
/var/www/html/vendor/laravel/framework/src/Illuminate/Foundation/Application.php:342
/var/www/html/vendor/laravel/framework/src/Illuminate/Foundation/Console/Kernel.php:473
/var/www/html/tests/CreatesApplication.php:31
/var/www/html/vendor/laravel/framework/src/Illuminate/Foundation/Testing/TestCase.php:54
/var/www/html/vendor/laravel/framework/src/Illuminate/Foundation/Testing/Concerns/InteractsWithTestCaseLifecycle.php:92
/var/www/html/vendor/laravel/framework/src/Illuminate/Foundation/Testing/TestCase.php:44
/var/www/html/tests/TestCase.php:36</error>
        </testcase>
        <testcase name="it_can_display_cart_index" file="/var/www/html/tests/Feature/Http/Controllers/CartControllerTest.php" line="23" class="Tests\Feature\Http\Controllers\CartControllerTest" classname="Tests.Feature.Http.Controllers.CartControllerTest" assertions="0" time="0.000000">
          <error type="Error">Tests\Feature\Http\Controllers\CartControllerTest::it_can_display_cart_index
Error: Class "Laravel\Dusk\DuskServiceProvider" not found

/var/www/html/vendor/laravel/framework/src/Illuminate/Foundation/Application.php:961
/var/www/html/vendor/laravel/framework/src/Illuminate/Foundation/Application.php:893
/var/www/html/app/Providers/AppServiceProvider.php:51
/var/www/html/vendor/laravel/framework/src/Illuminate/Foundation/Application.php:896
/var/www/html/vendor/laravel/framework/src/Illuminate/Foundation/ProviderRepository.php:74
/var/www/html/vendor/laravel/framework/src/Illuminate/Foundation/Application.php:871
/var/www/html/vendor/laravel/framework/src/Illuminate/Foundation/Bootstrap/RegisterProviders.php:37
/var/www/html/vendor/laravel/framework/src/Illuminate/Foundation/Application.php:342
/var/www/html/vendor/laravel/framework/src/Illuminate/Foundation/Console/Kernel.php:473
/var/www/html/tests/CreatesApplication.php:31
/var/www/html/vendor/laravel/framework/src/Illuminate/Foundation/Testing/TestCase.php:54
/var/www/html/vendor/laravel/framework/src/Illuminate/Foundation/Testing/Concerns/InteractsWithTestCaseLifecycle.php:92
/var/www/html/vendor/laravel/framework/src/Illuminate/Foundation/Testing/TestCase.php:44
/var/www/html/tests/TestCase.php:36</error>
        </testcase>
        <testcase name="it_returns_404_when_adding_nonexistent_product_to_cart" file="/var/www/html/tests/Feature/Http/Controllers/CartControllerTest.php" line="47" class="Tests\Feature\Http\Controllers\CartControllerTest" classname="Tests.Feature.Http.Controllers.CartControllerTest" assertions="0" time="0.000000">
          <error type="Error">Tests\Feature\Http\Controllers\CartControllerTest::it_returns_404_when_adding_nonexistent_product_to_cart
Error: Class "Laravel\Dusk\DuskServiceProvider" not found

/var/www/html/vendor/laravel/framework/src/Illuminate/Foundation/Application.php:961
/var/www/html/vendor/laravel/framework/src/Illuminate/Foundation/Application.php:893
/var/www/html/app/Providers/AppServiceProvider.php:51
/var/www/html/vendor/laravel/framework/src/Illuminate/Foundation/Application.php:896
/var/www/html/vendor/laravel/framework/src/Illuminate/Foundation/ProviderRepository.php:74
/var/www/html/vendor/laravel/framework/src/Illuminate/Foundation/Application.php:871
/var/www/html/vendor/laravel/framework/src/Illuminate/Foundation/Bootstrap/RegisterProviders.php:37
/var/www/html/vendor/laravel/framework/src/Illuminate/Foundation/Application.php:342
/var/www/html/vendor/laravel/framework/src/Illuminate/Foundation/Console/Kernel.php:473
/var/www/html/tests/CreatesApplication.php:31
/var/www/html/vendor/laravel/framework/src/Illuminate/Foundation/Testing/TestCase.php:54
/var/www/html/vendor/laravel/framework/src/Illuminate/Foundation/Testing/Concerns/InteractsWithTestCaseLifecycle.php:92
/var/www/html/vendor/laravel/framework/src/Illuminate/Foundation/Testing/TestCase.php:44
/var/www/html/tests/TestCase.php:36</error>
        </testcase>
        <testcase name="it_validates_add_to_cart_request" file="/var/www/html/tests/Feature/Http/Controllers/CartControllerTest.php" line="39" class="Tests\Feature\Http\Controllers\CartControllerTest" classname="Tests.Feature.Http.Controllers.CartControllerTest" assertions="0" time="0.000000">
          <error type="Error">Tests\Feature\Http\Controllers\CartControllerTest::it_validates_add_to_cart_request
Error: Class "Laravel\Dusk\DuskServiceProvider" not found

/var/www/html/vendor/laravel/framework/src/Illuminate/Foundation/Application.php:961
/var/www/html/vendor/laravel/framework/src/Illuminate/Foundation/Application.php:893
/var/www/html/app/Providers/AppServiceProvider.php:51
/var/www/html/vendor/laravel/framework/src/Illuminate/Foundation/Application.php:896
/var/www/html/vendor/laravel/framework/src/Illuminate/Foundation/ProviderRepository.php:74
/var/www/html/vendor/laravel/framework/src/Illuminate/Foundation/Application.php:871
/var/www/html/vendor/laravel/framework/src/Illuminate/Foundation/Bootstrap/RegisterProviders.php:37
/var/www/html/vendor/laravel/framework/src/Illuminate/Foundation/Application.php:342
/var/www/html/vendor/laravel/framework/src/Illuminate/Foundation/Console/Kernel.php:473
/var/www/html/tests/CreatesApplication.php:31
/var/www/html/vendor/laravel/framework/src/Illuminate/Foundation/Testing/TestCase.php:54
/var/www/html/vendor/laravel/framework/src/Illuminate/Foundation/Testing/Concerns/InteractsWithTestCaseLifecycle.php:92
/var/www/html/vendor/laravel/framework/src/Illuminate/Foundation/Testing/TestCase.php:44
/var/www/html/tests/TestCase.php:36</error>
        </testcase>
        <testcase name="it_can_update_cart_item_quantity" file="/var/www/html/tests/Feature/Http/Controllers/CartControllerTest.php" line="55" class="Tests\Feature\Http\Controllers\CartControllerTest" classname="Tests.Feature.Http.Controllers.CartControllerTest" assertions="0" time="0.000000">
          <error type="Error">Tests\Feature\Http\Controllers\CartControllerTest::it_can_update_cart_item_quantity
Error: Class "Laravel\Dusk\DuskServiceProvider" not found

/var/www/html/vendor/laravel/framework/src/Illuminate/Foundation/Application.php:961
/var/www/html/vendor/laravel/framework/src/Illuminate/Foundation/Application.php:893
/var/www/html/app/Providers/AppServiceProvider.php:51
/var/www/html/vendor/laravel/framework/src/Illuminate/Foundation/Application.php:896
/var/www/html/vendor/laravel/framework/src/Illuminate/Foundation/ProviderRepository.php:74
/var/www/html/vendor/laravel/framework/src/Illuminate/Foundation/Application.php:871
/var/www/html/vendor/laravel/framework/src/Illuminate/Foundation/Bootstrap/RegisterProviders.php:37
/var/www/html/vendor/laravel/framework/src/Illuminate/Foundation/Application.php:342
/var/www/html/vendor/laravel/framework/src/Illuminate/Foundation/Console/Kernel.php:473
/var/www/html/tests/CreatesApplication.php:31
/var/www/html/vendor/laravel/framework/src/Illuminate/Foundation/Testing/TestCase.php:54
/var/www/html/vendor/laravel/framework/src/Illuminate/Foundation/Testing/Concerns/InteractsWithTestCaseLifecycle.php:92
/var/www/html/vendor/laravel/framework/src/Illuminate/Foundation/Testing/TestCase.php:44
/var/www/html/tests/TestCase.php:36</error>
        </testcase>
        <testcase name="it_requires_authentication_for_all_cart_routes" file="/var/www/html/tests/Feature/Http/Controllers/CartControllerTest.php" line="79" class="Tests\Feature\Http\Controllers\CartControllerTest" classname="Tests.Feature.Http.Controllers.CartControllerTest" assertions="0" time="0.000000">
          <error type="Error">Tests\Feature\Http\Controllers\CartControllerTest::it_requires_authentication_for_all_cart_routes
Error: Class "Laravel\Dusk\DuskServiceProvider" not found

/var/www/html/vendor/laravel/framework/src/Illuminate/Foundation/Application.php:961
/var/www/html/vendor/laravel/framework/src/Illuminate/Foundation/Application.php:893
/var/www/html/app/Providers/AppServiceProvider.php:51
/var/www/html/vendor/laravel/framework/src/Illuminate/Foundation/Application.php:896
/var/www/html/vendor/laravel/framework/src/Illuminate/Foundation/ProviderRepository.php:74
/var/www/html/vendor/laravel/framework/src/Illuminate/Foundation/Application.php:871
/var/www/html/vendor/laravel/framework/src/Illuminate/Foundation/Bootstrap/RegisterProviders.php:37
/var/www/html/vendor/laravel/framework/src/Illuminate/Foundation/Application.php:342
/var/www/html/vendor/laravel/framework/src/Illuminate/Foundation/Console/Kernel.php:473
/var/www/html/tests/CreatesApplication.php:31
/var/www/html/vendor/laravel/framework/src/Illuminate/Foundation/Testing/TestCase.php:54
/var/www/html/vendor/laravel/framework/src/Illuminate/Foundation/Testing/Concerns/InteractsWithTestCaseLifecycle.php:92
/var/www/html/vendor/laravel/framework/src/Illuminate/Foundation/Testing/TestCase.php:44
/var/www/html/tests/TestCase.php:36</error>
        </testcase>
        <testcase name="it_can_add_product_to_cart" file="/var/www/html/tests/Feature/Http/Controllers/CartControllerTest.php" line="31" class="Tests\Feature\Http\Controllers\CartControllerTest" classname="Tests.Feature.Http.Controllers.CartControllerTest" assertions="0" time="0.000000">
          <error type="Error">Tests\Feature\Http\Controllers\CartControllerTest::it_can_add_product_to_cart
Error: Class "Laravel\Dusk\DuskServiceProvider" not found

/var/www/html/vendor/laravel/framework/src/Illuminate/Foundation/Application.php:961
/var/www/html/vendor/laravel/framework/src/Illuminate/Foundation/Application.php:893
/var/www/html/app/Providers/AppServiceProvider.php:51
/var/www/html/vendor/laravel/framework/src/Illuminate/Foundation/Application.php:896
/var/www/html/vendor/laravel/framework/src/Illuminate/Foundation/ProviderRepository.php:74
/var/www/html/vendor/laravel/framework/src/Illuminate/Foundation/Application.php:871
/var/www/html/vendor/laravel/framework/src/Illuminate/Foundation/Bootstrap/RegisterProviders.php:37
/var/www/html/vendor/laravel/framework/src/Illuminate/Foundation/Application.php:342
/var/www/html/vendor/laravel/framework/src/Illuminate/Foundation/Console/Kernel.php:473
/var/www/html/tests/CreatesApplication.php:31
/var/www/html/vendor/laravel/framework/src/Illuminate/Foundation/Testing/TestCase.php:54
/var/www/html/vendor/laravel/framework/src/Illuminate/Foundation/Testing/Concerns/InteractsWithTestCaseLifecycle.php:92
/var/www/html/vendor/laravel/framework/src/Illuminate/Foundation/Testing/TestCase.php:44
/var/www/html/tests/TestCase.php:36</error>
        </testcase>
        <testcase name="it_can_remove_product_from_cart" file="/var/www/html/tests/Feature/Http/Controllers/CartControllerTest.php" line="63" class="Tests\Feature\Http\Controllers\CartControllerTest" classname="Tests.Feature.Http.Controllers.CartControllerTest" assertions="0" time="0.000000">
          <error type="Error">Tests\Feature\Http\Controllers\CartControllerTest::it_can_remove_product_from_cart
Error: Class "Laravel\Dusk\DuskServiceProvider" not found

/var/www/html/vendor/laravel/framework/src/Illuminate/Foundation/Application.php:961
/var/www/html/vendor/laravel/framework/src/Illuminate/Foundation/Application.php:893
/var/www/html/app/Providers/AppServiceProvider.php:51
/var/www/html/vendor/laravel/framework/src/Illuminate/Foundation/Application.php:896
/var/www/html/vendor/laravel/framework/src/Illuminate/Foundation/ProviderRepository.php:74
/var/www/html/vendor/laravel/framework/src/Illuminate/Foundation/Application.php:871
/var/www/html/vendor/laravel/framework/src/Illuminate/Foundation/Bootstrap/RegisterProviders.php:37
/var/www/html/vendor/laravel/framework/src/Illuminate/Foundation/Application.php:342
/var/www/html/vendor/laravel/framework/src/Illuminate/Foundation/Console/Kernel.php:473
/var/www/html/tests/CreatesApplication.php:31
/var/www/html/vendor/laravel/framework/src/Illuminate/Foundation/Testing/TestCase.php:54
/var/www/html/vendor/laravel/framework/src/Illuminate/Foundation/Testing/Concerns/InteractsWithTestCaseLifecycle.php:92
/var/www/html/vendor/laravel/framework/src/Illuminate/Foundation/Testing/TestCase.php:44
/var/www/html/tests/TestCase.php:36</error>
        </testcase>
      </testsuite>
      <testsuite name="Tests\Feature\Services\PasswordHistoryServiceTest" file="/var/www/html/tests/Feature/Services/PasswordHistoryServiceTest.php" tests="7" assertions="0" errors="7" failures="0" skipped="0" time="0.000000">
        <testcase name="test_clears_password_history" file="/var/www/html/tests/Feature/Services/PasswordHistoryServiceTest.php" line="94" class="Tests\Feature\Services\PasswordHistoryServiceTest" classname="Tests.Feature.Services.PasswordHistoryServiceTest" assertions="0" time="0.000000">
          <error type="Error">Tests\Feature\Services\PasswordHistoryServiceTest::test_clears_password_history
Error: Class "Laravel\Dusk\DuskServiceProvider" not found

/var/www/html/vendor/laravel/framework/src/Illuminate/Foundation/Application.php:961
/var/www/html/vendor/laravel/framework/src/Illuminate/Foundation/Application.php:893
/var/www/html/app/Providers/AppServiceProvider.php:51
/var/www/html/vendor/laravel/framework/src/Illuminate/Foundation/Application.php:896
/var/www/html/vendor/laravel/framework/src/Illuminate/Foundation/ProviderRepository.php:74
/var/www/html/vendor/laravel/framework/src/Illuminate/Foundation/Application.php:871
/var/www/html/vendor/laravel/framework/src/Illuminate/Foundation/Bootstrap/RegisterProviders.php:37
/var/www/html/vendor/laravel/framework/src/Illuminate/Foundation/Application.php:342
/var/www/html/vendor/laravel/framework/src/Illuminate/Foundation/Console/Kernel.php:473
/var/www/html/tests/CreatesApplication.php:31
/var/www/html/vendor/laravel/framework/src/Illuminate/Foundation/Testing/TestCase.php:54
/var/www/html/vendor/laravel/framework/src/Illuminate/Foundation/Testing/Concerns/InteractsWithTestCaseLifecycle.php:92
/var/www/html/vendor/laravel/framework/src/Illuminate/Foundation/Testing/TestCase.php:44
/var/www/html/tests/TestCase.php:36
/var/www/html/tests/Feature/Services/PasswordHistoryServiceTest.php:23</error>
        </testcase>
        <testcase name="test_handles_save_password_history_exception" file="/var/www/html/tests/Feature/Services/PasswordHistoryServiceTest.php" line="132" class="Tests\Feature\Services\PasswordHistoryServiceTest" classname="Tests.Feature.Services.PasswordHistoryServiceTest" assertions="0" time="0.000000">
          <error type="Error">Tests\Feature\Services\PasswordHistoryServiceTest::test_handles_save_password_history_exception
Error: Class "Laravel\Dusk\DuskServiceProvider" not found

/var/www/html/vendor/laravel/framework/src/Illuminate/Foundation/Application.php:961
/var/www/html/vendor/laravel/framework/src/Illuminate/Foundation/Application.php:893
/var/www/html/app/Providers/AppServiceProvider.php:51
/var/www/html/vendor/laravel/framework/src/Illuminate/Foundation/Application.php:896
/var/www/html/vendor/laravel/framework/src/Illuminate/Foundation/ProviderRepository.php:74
/var/www/html/vendor/laravel/framework/src/Illuminate/Foundation/Application.php:871
/var/www/html/vendor/laravel/framework/src/Illuminate/Foundation/Bootstrap/RegisterProviders.php:37
/var/www/html/vendor/laravel/framework/src/Illuminate/Foundation/Application.php:342
/var/www/html/vendor/laravel/framework/src/Illuminate/Foundation/Console/Kernel.php:473
/var/www/html/tests/CreatesApplication.php:31
/var/www/html/vendor/laravel/framework/src/Illuminate/Foundation/Testing/TestCase.php:54
/var/www/html/vendor/laravel/framework/src/Illuminate/Foundation/Testing/Concerns/InteractsWithTestCaseLifecycle.php:92
/var/www/html/vendor/laravel/framework/src/Illuminate/Foundation/Testing/TestCase.php:44
/var/www/html/tests/TestCase.php:36
/var/www/html/tests/Feature/Services/PasswordHistoryServiceTest.php:23</error>
        </testcase>
        <testcase name="test_checks_password_not_in_history" file="/var/www/html/tests/Feature/Services/PasswordHistoryServiceTest.php" line="35" class="Tests\Feature\Services\PasswordHistoryServiceTest" classname="Tests.Feature.Services.PasswordHistoryServiceTest" assertions="0" time="0.000000">
          <error type="Error">Tests\Feature\Services\PasswordHistoryServiceTest::test_checks_password_not_in_history
Error: Class "Laravel\Dusk\DuskServiceProvider" not found

/var/www/html/vendor/laravel/framework/src/Illuminate/Foundation/Application.php:961
/var/www/html/vendor/laravel/framework/src/Illuminate/Foundation/Application.php:893
/var/www/html/app/Providers/AppServiceProvider.php:51
/var/www/html/vendor/laravel/framework/src/Illuminate/Foundation/Application.php:896
/var/www/html/vendor/laravel/framework/src/Illuminate/Foundation/ProviderRepository.php:74
/var/www/html/vendor/laravel/framework/src/Illuminate/Foundation/Application.php:871
/var/www/html/vendor/laravel/framework/src/Illuminate/Foundation/Bootstrap/RegisterProviders.php:37
/var/www/html/vendor/laravel/framework/src/Illuminate/Foundation/Application.php:342
/var/www/html/vendor/laravel/framework/src/Illuminate/Foundation/Console/Kernel.php:473
/var/www/html/tests/CreatesApplication.php:31
/var/www/html/vendor/laravel/framework/src/Illuminate/Foundation/Testing/TestCase.php:54
/var/www/html/vendor/laravel/framework/src/Illuminate/Foundation/Testing/Concerns/InteractsWithTestCaseLifecycle.php:92
/var/www/html/vendor/laravel/framework/src/Illuminate/Foundation/Testing/TestCase.php:44
/var/www/html/tests/TestCase.php:36
/var/www/html/tests/Feature/Services/PasswordHistoryServiceTest.php:23</error>
        </testcase>
        <testcase name="test_limits_password_history_count" file="/var/www/html/tests/Feature/Services/PasswordHistoryServiceTest.php" line="151" class="Tests\Feature\Services\PasswordHistoryServiceTest" classname="Tests.Feature.Services.PasswordHistoryServiceTest" assertions="0" time="0.000000">
          <error type="Error">Tests\Feature\Services\PasswordHistoryServiceTest::test_limits_password_history_count
Error: Class "Laravel\Dusk\DuskServiceProvider" not found

/var/www/html/vendor/laravel/framework/src/Illuminate/Foundation/Application.php:961
/var/www/html/vendor/laravel/framework/src/Illuminate/Foundation/Application.php:893
/var/www/html/app/Providers/AppServiceProvider.php:51
/var/www/html/vendor/laravel/framework/src/Illuminate/Foundation/Application.php:896
/var/www/html/vendor/laravel/framework/src/Illuminate/Foundation/ProviderRepository.php:74
/var/www/html/vendor/laravel/framework/src/Illuminate/Foundation/Application.php:871
/var/www/html/vendor/laravel/framework/src/Illuminate/Foundation/Bootstrap/RegisterProviders.php:37
/var/www/html/vendor/laravel/framework/src/Illuminate/Foundation/Application.php:342
/var/www/html/vendor/laravel/framework/src/Illuminate/Foundation/Console/Kernel.php:473
/var/www/html/tests/CreatesApplication.php:31
/var/www/html/vendor/laravel/framework/src/Illuminate/Foundation/Testing/TestCase.php:54
/var/www/html/vendor/laravel/framework/src/Illuminate/Foundation/Testing/Concerns/InteractsWithTestCaseLifecycle.php:92
/var/www/html/vendor/laravel/framework/src/Illuminate/Foundation/Testing/TestCase.php:44
/var/www/html/tests/TestCase.php:36
/var/www/html/tests/Feature/Services/PasswordHistoryServiceTest.php:23</error>
        </testcase>
        <testcase name="test_checks_password_in_history" file="/var/www/html/tests/Feature/Services/PasswordHistoryServiceTest.php" line="52" class="Tests\Feature\Services\PasswordHistoryServiceTest" classname="Tests.Feature.Services.PasswordHistoryServiceTest" assertions="0" time="0.000000">
          <error type="Error">Tests\Feature\Services\PasswordHistoryServiceTest::test_checks_password_in_history
Error: Class "Laravel\Dusk\DuskServiceProvider" not found

/var/www/html/vendor/laravel/framework/src/Illuminate/Foundation/Application.php:961
/var/www/html/vendor/laravel/framework/src/Illuminate/Foundation/Application.php:893
/var/www/html/app/Providers/AppServiceProvider.php:51
/var/www/html/vendor/laravel/framework/src/Illuminate/Foundation/Application.php:896
/var/www/html/vendor/laravel/framework/src/Illuminate/Foundation/ProviderRepository.php:74
/var/www/html/vendor/laravel/framework/src/Illuminate/Foundation/Application.php:871
/var/www/html/vendor/laravel/framework/src/Illuminate/Foundation/Bootstrap/RegisterProviders.php:37
/var/www/html/vendor/laravel/framework/src/Illuminate/Foundation/Application.php:342
/var/www/html/vendor/laravel/framework/src/Illuminate/Foundation/Console/Kernel.php:473
/var/www/html/tests/CreatesApplication.php:31
/var/www/html/vendor/laravel/framework/src/Illuminate/Foundation/Testing/TestCase.php:54
/var/www/html/vendor/laravel/framework/src/Illuminate/Foundation/Testing/Concerns/InteractsWithTestCaseLifecycle.php:92
/var/www/html/vendor/laravel/framework/src/Illuminate/Foundation/Testing/TestCase.php:44
/var/www/html/tests/TestCase.php:36
/var/www/html/tests/Feature/Services/PasswordHistoryServiceTest.php:23</error>
        </testcase>
        <testcase name="test_handles_password_history_check_exception" file="/var/www/html/tests/Feature/Services/PasswordHistoryServiceTest.php" line="113" class="Tests\Feature\Services\PasswordHistoryServiceTest" classname="Tests.Feature.Services.PasswordHistoryServiceTest" assertions="0" time="0.000000">
          <error type="Error">Tests\Feature\Services\PasswordHistoryServiceTest::test_handles_password_history_check_exception
Error: Class "Laravel\Dusk\DuskServiceProvider" not found

/var/www/html/vendor/laravel/framework/src/Illuminate/Foundation/Application.php:961
/var/www/html/vendor/laravel/framework/src/Illuminate/Foundation/Application.php:893
/var/www/html/app/Providers/AppServiceProvider.php:51
/var/www/html/vendor/laravel/framework/src/Illuminate/Foundation/Application.php:896
/var/www/html/vendor/laravel/framework/src/Illuminate/Foundation/ProviderRepository.php:74
/var/www/html/vendor/laravel/framework/src/Illuminate/Foundation/Application.php:871
/var/www/html/vendor/laravel/framework/src/Illuminate/Foundation/Bootstrap/RegisterProviders.php:37
/var/www/html/vendor/laravel/framework/src/Illuminate/Foundation/Application.php:342
/var/www/html/vendor/laravel/framework/src/Illuminate/Foundation/Console/Kernel.php:473
/var/www/html/tests/CreatesApplication.php:31
/var/www/html/vendor/laravel/framework/src/Illuminate/Foundation/Testing/TestCase.php:54
/var/www/html/vendor/laravel/framework/src/Illuminate/Foundation/Testing/Concerns/InteractsWithTestCaseLifecycle.php:92
/var/www/html/vendor/laravel/framework/src/Illuminate/Foundation/Testing/TestCase.php:44
/var/www/html/tests/TestCase.php:36
/var/www/html/tests/Feature/Services/PasswordHistoryServiceTest.php:23</error>
        </testcase>
        <testcase name="test_saves_password_to_history" file="/var/www/html/tests/Feature/Services/PasswordHistoryServiceTest.php" line="70" class="Tests\Feature\Services\PasswordHistoryServiceTest" classname="Tests.Feature.Services.PasswordHistoryServiceTest" assertions="0" time="0.000000">
          <error type="Error">Tests\Feature\Services\PasswordHistoryServiceTest::test_saves_password_to_history
Error: Class "Laravel\Dusk\DuskServiceProvider" not found

/var/www/html/vendor/laravel/framework/src/Illuminate/Foundation/Application.php:961
/var/www/html/vendor/laravel/framework/src/Illuminate/Foundation/Application.php:893
/var/www/html/app/Providers/AppServiceProvider.php:51
/var/www/html/vendor/laravel/framework/src/Illuminate/Foundation/Application.php:896
/var/www/html/vendor/laravel/framework/src/Illuminate/Foundation/ProviderRepository.php:74
/var/www/html/vendor/laravel/framework/src/Illuminate/Foundation/Application.php:871
/var/www/html/vendor/laravel/framework/src/Illuminate/Foundation/Bootstrap/RegisterProviders.php:37
/var/www/html/vendor/laravel/framework/src/Illuminate/Foundation/Application.php:342
/var/www/html/vendor/laravel/framework/src/Illuminate/Foundation/Console/Kernel.php:473
/var/www/html/tests/CreatesApplication.php:31
/var/www/html/vendor/laravel/framework/src/Illuminate/Foundation/Testing/TestCase.php:54
/var/www/html/vendor/laravel/framework/src/Illuminate/Foundation/Testing/Concerns/InteractsWithTestCaseLifecycle.php:92
/var/www/html/vendor/laravel/framework/src/Illuminate/Foundation/Testing/TestCase.php:44
/var/www/html/tests/TestCase.php:36
/var/www/html/tests/Feature/Services/PasswordHistoryServiceTest.php:23</error>
        </testcase>
      </testsuite>
      <testsuite name="Tests\Feature\Models\UserPointTest" file="/var/www/html/tests/Feature/Models/UserPointTest.php" tests="8" assertions="0" errors="8" failures="0" skipped="0" time="0.000000">
        <testcase name="it_belongs_to_order" file="/var/www/html/tests/Feature/Models/UserPointTest.php" line="71" class="Tests\Feature\Models\UserPointTest" classname="Tests.Feature.Models.UserPointTest" assertions="0" time="0.000000">
          <error type="Error">Tests\Feature\Models\UserPointTest::it_belongs_to_order
Error: Class "Laravel\Dusk\DuskServiceProvider" not found

/var/www/html/vendor/laravel/framework/src/Illuminate/Foundation/Application.php:961
/var/www/html/vendor/laravel/framework/src/Illuminate/Foundation/Application.php:893
/var/www/html/app/Providers/AppServiceProvider.php:51
/var/www/html/vendor/laravel/framework/src/Illuminate/Foundation/Application.php:896
/var/www/html/vendor/laravel/framework/src/Illuminate/Foundation/ProviderRepository.php:74
/var/www/html/vendor/laravel/framework/src/Illuminate/Foundation/Application.php:871
/var/www/html/vendor/laravel/framework/src/Illuminate/Foundation/Bootstrap/RegisterProviders.php:37
/var/www/html/vendor/laravel/framework/src/Illuminate/Foundation/Application.php:342
/var/www/html/vendor/laravel/framework/src/Illuminate/Foundation/Console/Kernel.php:473
/var/www/html/tests/CreatesApplication.php:31
/var/www/html/vendor/laravel/framework/src/Illuminate/Foundation/Testing/TestCase.php:54
/var/www/html/vendor/laravel/framework/src/Illuminate/Foundation/Testing/Concerns/InteractsWithTestCaseLifecycle.php:92
/var/www/html/vendor/laravel/framework/src/Illuminate/Foundation/Testing/TestCase.php:44
/var/www/html/tests/TestCase.php:36</error>
        </testcase>
        <testcase name="it_can_create_a_user_point" file="/var/www/html/tests/Feature/Models/UserPointTest.php" line="19" class="Tests\Feature\Models\UserPointTest" classname="Tests.Feature.Models.UserPointTest" assertions="0" time="0.000000">
          <error type="Error">Tests\Feature\Models\UserPointTest::it_can_create_a_user_point
Error: Class "Laravel\Dusk\DuskServiceProvider" not found

/var/www/html/vendor/laravel/framework/src/Illuminate/Foundation/Application.php:961
/var/www/html/vendor/laravel/framework/src/Illuminate/Foundation/Application.php:893
/var/www/html/app/Providers/AppServiceProvider.php:51
/var/www/html/vendor/laravel/framework/src/Illuminate/Foundation/Application.php:896
/var/www/html/vendor/laravel/framework/src/Illuminate/Foundation/ProviderRepository.php:74
/var/www/html/vendor/laravel/framework/src/Illuminate/Foundation/Application.php:871
/var/www/html/vendor/laravel/framework/src/Illuminate/Foundation/Bootstrap/RegisterProviders.php:37
/var/www/html/vendor/laravel/framework/src/Illuminate/Foundation/Application.php:342
/var/www/html/vendor/laravel/framework/src/Illuminate/Foundation/Console/Kernel.php:473
/var/www/html/tests/CreatesApplication.php:31
/var/www/html/vendor/laravel/framework/src/Illuminate/Foundation/Testing/TestCase.php:54
/var/www/html/vendor/laravel/framework/src/Illuminate/Foundation/Testing/Concerns/InteractsWithTestCaseLifecycle.php:92
/var/www/html/vendor/laravel/framework/src/Illuminate/Foundation/Testing/TestCase.php:44
/var/www/html/tests/TestCase.php:36</error>
        </testcase>
        <testcase name="it_belongs_to_user" file="/var/www/html/tests/Feature/Models/UserPointTest.php" line="61" class="Tests\Feature\Models\UserPointTest" classname="Tests.Feature.Models.UserPointTest" assertions="0" time="0.000000">
          <error type="Error">Tests\Feature\Models\UserPointTest::it_belongs_to_user
Error: Class "Laravel\Dusk\DuskServiceProvider" not found

/var/www/html/vendor/laravel/framework/src/Illuminate/Foundation/Application.php:961
/var/www/html/vendor/laravel/framework/src/Illuminate/Foundation/Application.php:893
/var/www/html/app/Providers/AppServiceProvider.php:51
/var/www/html/vendor/laravel/framework/src/Illuminate/Foundation/Application.php:896
/var/www/html/vendor/laravel/framework/src/Illuminate/Foundation/ProviderRepository.php:74
/var/www/html/vendor/laravel/framework/src/Illuminate/Foundation/Application.php:871
/var/www/html/vendor/laravel/framework/src/Illuminate/Foundation/Bootstrap/RegisterProviders.php:37
/var/www/html/vendor/laravel/framework/src/Illuminate/Foundation/Application.php:342
/var/www/html/vendor/laravel/framework/src/Illuminate/Foundation/Console/Kernel.php:473
/var/www/html/tests/CreatesApplication.php:31
/var/www/html/vendor/laravel/framework/src/Illuminate/Foundation/Testing/TestCase.php:54
/var/www/html/vendor/laravel/framework/src/Illuminate/Foundation/Testing/Concerns/InteractsWithTestCaseLifecycle.php:92
/var/www/html/vendor/laravel/framework/src/Illuminate/Foundation/Testing/TestCase.php:44
/var/www/html/tests/TestCase.php:36</error>
        </testcase>
        <testcase name="it_has_fillable_attributes" file="/var/www/html/tests/Feature/Models/UserPointTest.php" line="122" class="Tests\Feature\Models\UserPointTest" classname="Tests.Feature.Models.UserPointTest" assertions="0" time="0.000000">
          <error type="Error">Tests\Feature\Models\UserPointTest::it_has_fillable_attributes
Error: Class "Laravel\Dusk\DuskServiceProvider" not found

/var/www/html/vendor/laravel/framework/src/Illuminate/Foundation/Application.php:961
/var/www/html/vendor/laravel/framework/src/Illuminate/Foundation/Application.php:893
/var/www/html/app/Providers/AppServiceProvider.php:51
/var/www/html/vendor/laravel/framework/src/Illuminate/Foundation/Application.php:896
/var/www/html/vendor/laravel/framework/src/Illuminate/Foundation/ProviderRepository.php:74
/var/www/html/vendor/laravel/framework/src/Illuminate/Foundation/Application.php:871
/var/www/html/vendor/laravel/framework/src/Illuminate/Foundation/Bootstrap/RegisterProviders.php:37
/var/www/html/vendor/laravel/framework/src/Illuminate/Foundation/Application.php:342
/var/www/html/vendor/laravel/framework/src/Illuminate/Foundation/Console/Kernel.php:473
/var/www/html/tests/CreatesApplication.php:31
/var/www/html/vendor/laravel/framework/src/Illuminate/Foundation/Testing/TestCase.php:54
/var/www/html/vendor/laravel/framework/src/Illuminate/Foundation/Testing/Concerns/InteractsWithTestCaseLifecycle.php:92
/var/www/html/vendor/laravel/framework/src/Illuminate/Foundation/Testing/TestCase.php:44
/var/www/html/tests/TestCase.php:36</error>
        </testcase>
        <testcase name="it_has_earned_scope" file="/var/www/html/tests/Feature/Models/UserPointTest.php" line="81" class="Tests\Feature\Models\UserPointTest" classname="Tests.Feature.Models.UserPointTest" assertions="0" time="0.000000">
          <error type="Error">Tests\Feature\Models\UserPointTest::it_has_earned_scope
Error: Class "Laravel\Dusk\DuskServiceProvider" not found

/var/www/html/vendor/laravel/framework/src/Illuminate/Foundation/Application.php:961
/var/www/html/vendor/laravel/framework/src/Illuminate/Foundation/Application.php:893
/var/www/html/app/Providers/AppServiceProvider.php:51
/var/www/html/vendor/laravel/framework/src/Illuminate/Foundation/Application.php:896
/var/www/html/vendor/laravel/framework/src/Illuminate/Foundation/ProviderRepository.php:74
/var/www/html/vendor/laravel/framework/src/Illuminate/Foundation/Application.php:871
/var/www/html/vendor/laravel/framework/src/Illuminate/Foundation/Bootstrap/RegisterProviders.php:37
/var/www/html/vendor/laravel/framework/src/Illuminate/Foundation/Application.php:342
/var/www/html/vendor/laravel/framework/src/Illuminate/Foundation/Console/Kernel.php:473
/var/www/html/tests/CreatesApplication.php:31
/var/www/html/vendor/laravel/framework/src/Illuminate/Foundation/Testing/TestCase.php:54
/var/www/html/vendor/laravel/framework/src/Illuminate/Foundation/Testing/Concerns/InteractsWithTestCaseLifecycle.php:92
/var/www/html/vendor/laravel/framework/src/Illuminate/Foundation/Testing/TestCase.php:44
/var/www/html/tests/TestCase.php:36</error>
        </testcase>
        <testcase name="it_has_valid_scope" file="/var/www/html/tests/Feature/Models/UserPointTest.php" line="105" class="Tests\Feature\Models\UserPointTest" classname="Tests.Feature.Models.UserPointTest" assertions="0" time="0.000000">
          <error type="Error">Tests\Feature\Models\UserPointTest::it_has_valid_scope
Error: Class "Laravel\Dusk\DuskServiceProvider" not found

/var/www/html/vendor/laravel/framework/src/Illuminate/Foundation/Application.php:961
/var/www/html/vendor/laravel/framework/src/Illuminate/Foundation/Application.php:893
/var/www/html/app/Providers/AppServiceProvider.php:51
/var/www/html/vendor/laravel/framework/src/Illuminate/Foundation/Application.php:896
/var/www/html/vendor/laravel/framework/src/Illuminate/Foundation/ProviderRepository.php:74
/var/www/html/vendor/laravel/framework/src/Illuminate/Foundation/Application.php:871
/var/www/html/vendor/laravel/framework/src/Illuminate/Foundation/Bootstrap/RegisterProviders.php:37
/var/www/html/vendor/laravel/framework/src/Illuminate/Foundation/Application.php:342
/var/www/html/vendor/laravel/framework/src/Illuminate/Foundation/Console/Kernel.php:473
/var/www/html/tests/CreatesApplication.php:31
/var/www/html/vendor/laravel/framework/src/Illuminate/Foundation/Testing/TestCase.php:54
/var/www/html/vendor/laravel/framework/src/Illuminate/Foundation/Testing/Concerns/InteractsWithTestCaseLifecycle.php:92
/var/www/html/vendor/laravel/framework/src/Illuminate/Foundation/Testing/TestCase.php:44
/var/www/html/tests/TestCase.php:36</error>
        </testcase>
        <testcase name="it_has_redeemed_scope" file="/var/www/html/tests/Feature/Models/UserPointTest.php" line="93" class="Tests\Feature\Models\UserPointTest" classname="Tests.Feature.Models.UserPointTest" assertions="0" time="0.000000">
          <error type="Error">Tests\Feature\Models\UserPointTest::it_has_redeemed_scope
Error: Class "Laravel\Dusk\DuskServiceProvider" not found

/var/www/html/vendor/laravel/framework/src/Illuminate/Foundation/Application.php:961
/var/www/html/vendor/laravel/framework/src/Illuminate/Foundation/Application.php:893
/var/www/html/app/Providers/AppServiceProvider.php:51
/var/www/html/vendor/laravel/framework/src/Illuminate/Foundation/Application.php:896
/var/www/html/vendor/laravel/framework/src/Illuminate/Foundation/ProviderRepository.php:74
/var/www/html/vendor/laravel/framework/src/Illuminate/Foundation/Application.php:871
/var/www/html/vendor/laravel/framework/src/Illuminate/Foundation/Bootstrap/RegisterProviders.php:37
/var/www/html/vendor/laravel/framework/src/Illuminate/Foundation/Application.php:342
/var/www/html/vendor/laravel/framework/src/Illuminate/Foundation/Console/Kernel.php:473
/var/www/html/tests/CreatesApplication.php:31
/var/www/html/vendor/laravel/framework/src/Illuminate/Foundation/Testing/TestCase.php:54
/var/www/html/vendor/laravel/framework/src/Illuminate/Foundation/Testing/Concerns/InteractsWithTestCaseLifecycle.php:92
/var/www/html/vendor/laravel/framework/src/Illuminate/Foundation/Testing/TestCase.php:44
/var/www/html/tests/TestCase.php:36</error>
        </testcase>
        <testcase name="it_casts_expires_at_to_datetime" file="/var/www/html/tests/Feature/Models/UserPointTest.php" line="51" class="Tests\Feature\Models\UserPointTest" classname="Tests.Feature.Models.UserPointTest" assertions="0" time="0.000000">
          <error type="Error">Tests\Feature\Models\UserPointTest::it_casts_expires_at_to_datetime
Error: Class "Laravel\Dusk\DuskServiceProvider" not found

/var/www/html/vendor/laravel/framework/src/Illuminate/Foundation/Application.php:961
/var/www/html/vendor/laravel/framework/src/Illuminate/Foundation/Application.php:893
/var/www/html/app/Providers/AppServiceProvider.php:51
/var/www/html/vendor/laravel/framework/src/Illuminate/Foundation/Application.php:896
/var/www/html/vendor/laravel/framework/src/Illuminate/Foundation/ProviderRepository.php:74
/var/www/html/vendor/laravel/framework/src/Illuminate/Foundation/Application.php:871
/var/www/html/vendor/laravel/framework/src/Illuminate/Foundation/Bootstrap/RegisterProviders.php:37
/var/www/html/vendor/laravel/framework/src/Illuminate/Foundation/Application.php:342
/var/www/html/vendor/laravel/framework/src/Illuminate/Foundation/Console/Kernel.php:473
/var/www/html/tests/CreatesApplication.php:31
/var/www/html/vendor/laravel/framework/src/Illuminate/Foundation/Testing/TestCase.php:54
/var/www/html/vendor/laravel/framework/src/Illuminate/Foundation/Testing/Concerns/InteractsWithTestCaseLifecycle.php:92
/var/www/html/vendor/laravel/framework/src/Illuminate/Foundation/Testing/TestCase.php:44
/var/www/html/tests/TestCase.php:36</error>
        </testcase>
      </testsuite>
      <testsuite name="Tests\Feature\Cart\CartControllerTest" file="/var/www/html/tests/Feature/Cart/CartControllerTest.php" tests="10" assertions="0" errors="10" failures="0" skipped="0" time="0.000000">
        <testcase name="test_update_cart_request_validates_input" file="/var/www/html/tests/Feature/Cart/CartControllerTest.php" line="195" class="Tests\Feature\Cart\CartControllerTest" classname="Tests.Feature.Cart.CartControllerTest" assertions="0" time="0.000000">
          <error type="Error">Tests\Feature\Cart\CartControllerTest::test_update_cart_request_validates_input
Error: Class "Laravel\Dusk\DuskServiceProvider" not found

/var/www/html/vendor/laravel/framework/src/Illuminate/Foundation/Application.php:961
/var/www/html/vendor/laravel/framework/src/Illuminate/Foundation/Application.php:893
/var/www/html/app/Providers/AppServiceProvider.php:51
/var/www/html/vendor/laravel/framework/src/Illuminate/Foundation/Application.php:896
/var/www/html/vendor/laravel/framework/src/Illuminate/Foundation/ProviderRepository.php:74
/var/www/html/vendor/laravel/framework/src/Illuminate/Foundation/Application.php:871
/var/www/html/vendor/laravel/framework/src/Illuminate/Foundation/Bootstrap/RegisterProviders.php:37
/var/www/html/vendor/laravel/framework/src/Illuminate/Foundation/Application.php:342
/var/www/html/vendor/laravel/framework/src/Illuminate/Foundation/Console/Kernel.php:473
/var/www/html/tests/CreatesApplication.php:31
/var/www/html/vendor/laravel/framework/src/Illuminate/Foundation/Testing/TestCase.php:54
/var/www/html/vendor/laravel/framework/src/Illuminate/Foundation/Testing/Concerns/InteractsWithTestCaseLifecycle.php:92
/var/www/html/vendor/laravel/framework/src/Illuminate/Foundation/Testing/TestCase.php:44
/var/www/html/tests/TestCase.php:36
/var/www/html/tests/Feature/Cart/CartControllerTest.php:17</error>
        </testcase>
        <testcase name="test_user_can_update_cart_quantity" file="/var/www/html/tests/Feature/Cart/CartControllerTest.php" line="52" class="Tests\Feature\Cart\CartControllerTest" classname="Tests.Feature.Cart.CartControllerTest" assertions="0" time="0.000000">
          <error type="Error">Tests\Feature\Cart\CartControllerTest::test_user_can_update_cart_quantity
Error: Class "Laravel\Dusk\DuskServiceProvider" not found

/var/www/html/vendor/laravel/framework/src/Illuminate/Foundation/Application.php:961
/var/www/html/vendor/laravel/framework/src/Illuminate/Foundation/Application.php:893
/var/www/html/app/Providers/AppServiceProvider.php:51
/var/www/html/vendor/laravel/framework/src/Illuminate/Foundation/Application.php:896
/var/www/html/vendor/laravel/framework/src/Illuminate/Foundation/ProviderRepository.php:74
/var/www/html/vendor/laravel/framework/src/Illuminate/Foundation/Application.php:871
/var/www/html/vendor/laravel/framework/src/Illuminate/Foundation/Bootstrap/RegisterProviders.php:37
/var/www/html/vendor/laravel/framework/src/Illuminate/Foundation/Application.php:342
/var/www/html/vendor/laravel/framework/src/Illuminate/Foundation/Console/Kernel.php:473
/var/www/html/tests/CreatesApplication.php:31
/var/www/html/vendor/laravel/framework/src/Illuminate/Foundation/Testing/TestCase.php:54
/var/www/html/vendor/laravel/framework/src/Illuminate/Foundation/Testing/Concerns/InteractsWithTestCaseLifecycle.php:92
/var/www/html/vendor/laravel/framework/src/Illuminate/Foundation/Testing/TestCase.php:44
/var/www/html/tests/TestCase.php:36
/var/www/html/tests/Feature/Cart/CartControllerTest.php:17</error>
        </testcase>
        <testcase name="test_user_can_remove_item_from_cart" file="/var/www/html/tests/Feature/Cart/CartControllerTest.php" line="101" class="Tests\Feature\Cart\CartControllerTest" classname="Tests.Feature.Cart.CartControllerTest" assertions="0" time="0.000000">
          <error type="Error">Tests\Feature\Cart\CartControllerTest::test_user_can_remove_item_from_cart
Error: Class "Laravel\Dusk\DuskServiceProvider" not found

/var/www/html/vendor/laravel/framework/src/Illuminate/Foundation/Application.php:961
/var/www/html/vendor/laravel/framework/src/Illuminate/Foundation/Application.php:893
/var/www/html/app/Providers/AppServiceProvider.php:51
/var/www/html/vendor/laravel/framework/src/Illuminate/Foundation/Application.php:896
/var/www/html/vendor/laravel/framework/src/Illuminate/Foundation/ProviderRepository.php:74
/var/www/html/vendor/laravel/framework/src/Illuminate/Foundation/Application.php:871
/var/www/html/vendor/laravel/framework/src/Illuminate/Foundation/Bootstrap/RegisterProviders.php:37
/var/www/html/vendor/laravel/framework/src/Illuminate/Foundation/Application.php:342
/var/www/html/vendor/laravel/framework/src/Illuminate/Foundation/Console/Kernel.php:473
/var/www/html/tests/CreatesApplication.php:31
/var/www/html/vendor/laravel/framework/src/Illuminate/Foundation/Testing/TestCase.php:54
/var/www/html/vendor/laravel/framework/src/Illuminate/Foundation/Testing/Concerns/InteractsWithTestCaseLifecycle.php:92
/var/www/html/vendor/laravel/framework/src/Illuminate/Foundation/Testing/TestCase.php:44
/var/www/html/tests/TestCase.php:36
/var/www/html/tests/Feature/Cart/CartControllerTest.php:17</error>
        </testcase>
        <testcase name="test_user_can_add_product_to_cart" file="/var/www/html/tests/Feature/Cart/CartControllerTest.php" line="32" class="Tests\Feature\Cart\CartControllerTest" classname="Tests.Feature.Cart.CartControllerTest" assertions="0" time="0.000000">
          <error type="Error">Tests\Feature\Cart\CartControllerTest::test_user_can_add_product_to_cart
Error: Class "Laravel\Dusk\DuskServiceProvider" not found

/var/www/html/vendor/laravel/framework/src/Illuminate/Foundation/Application.php:961
/var/www/html/vendor/laravel/framework/src/Illuminate/Foundation/Application.php:893
/var/www/html/app/Providers/AppServiceProvider.php:51
/var/www/html/vendor/laravel/framework/src/Illuminate/Foundation/Application.php:896
/var/www/html/vendor/laravel/framework/src/Illuminate/Foundation/ProviderRepository.php:74
/var/www/html/vendor/laravel/framework/src/Illuminate/Foundation/Application.php:871
/var/www/html/vendor/laravel/framework/src/Illuminate/Foundation/Bootstrap/RegisterProviders.php:37
/var/www/html/vendor/laravel/framework/src/Illuminate/Foundation/Application.php:342
/var/www/html/vendor/laravel/framework/src/Illuminate/Foundation/Console/Kernel.php:473
/var/www/html/tests/CreatesApplication.php:31
/var/www/html/vendor/laravel/framework/src/Illuminate/Foundation/Testing/TestCase.php:54
/var/www/html/vendor/laravel/framework/src/Illuminate/Foundation/Testing/Concerns/InteractsWithTestCaseLifecycle.php:92
/var/www/html/vendor/laravel/framework/src/Illuminate/Foundation/Testing/TestCase.php:44
/var/www/html/tests/TestCase.php:36
/var/www/html/tests/Feature/Cart/CartControllerTest.php:17</error>
        </testcase>
        <testcase name="test_user_can_clear_entire_cart" file="/var/www/html/tests/Feature/Cart/CartControllerTest.php" line="123" class="Tests\Feature\Cart\CartControllerTest" classname="Tests.Feature.Cart.CartControllerTest" assertions="0" time="0.000000">
          <error type="Error">Tests\Feature\Cart\CartControllerTest::test_user_can_clear_entire_cart
Error: Class "Laravel\Dusk\DuskServiceProvider" not found

/var/www/html/vendor/laravel/framework/src/Illuminate/Foundation/Application.php:961
/var/www/html/vendor/laravel/framework/src/Illuminate/Foundation/Application.php:893
/var/www/html/app/Providers/AppServiceProvider.php:51
/var/www/html/vendor/laravel/framework/src/Illuminate/Foundation/Application.php:896
/var/www/html/vendor/laravel/framework/src/Illuminate/Foundation/ProviderRepository.php:74
/var/www/html/vendor/laravel/framework/src/Illuminate/Foundation/Application.php:871
/var/www/html/vendor/laravel/framework/src/Illuminate/Foundation/Bootstrap/RegisterProviders.php:37
/var/www/html/vendor/laravel/framework/src/Illuminate/Foundation/Application.php:342
/var/www/html/vendor/laravel/framework/src/Illuminate/Foundation/Console/Kernel.php:473
/var/www/html/tests/CreatesApplication.php:31
/var/www/html/vendor/laravel/framework/src/Illuminate/Foundation/Testing/TestCase.php:54
/var/www/html/vendor/laravel/framework/src/Illuminate/Foundation/Testing/Concerns/InteractsWithTestCaseLifecycle.php:92
/var/www/html/vendor/laravel/framework/src/Illuminate/Foundation/Testing/TestCase.php:44
/var/www/html/tests/TestCase.php:36
/var/www/html/tests/Feature/Cart/CartControllerTest.php:17</error>
        </testcase>
        <testcase name="test_quantity_cannot_exceed_maximum" file="/var/www/html/tests/Feature/Cart/CartControllerTest.php" line="204" class="Tests\Feature\Cart\CartControllerTest" classname="Tests.Feature.Cart.CartControllerTest" assertions="0" time="0.000000">
          <error type="Error">Tests\Feature\Cart\CartControllerTest::test_quantity_cannot_exceed_maximum
Error: Class "Laravel\Dusk\DuskServiceProvider" not found

/var/www/html/vendor/laravel/framework/src/Illuminate/Foundation/Application.php:961
/var/www/html/vendor/laravel/framework/src/Illuminate/Foundation/Application.php:893
/var/www/html/app/Providers/AppServiceProvider.php:51
/var/www/html/vendor/laravel/framework/src/Illuminate/Foundation/Application.php:896
/var/www/html/vendor/laravel/framework/src/Illuminate/Foundation/ProviderRepository.php:74
/var/www/html/vendor/laravel/framework/src/Illuminate/Foundation/Application.php:871
/var/www/html/vendor/laravel/framework/src/Illuminate/Foundation/Bootstrap/RegisterProviders.php:37
/var/www/html/vendor/laravel/framework/src/Illuminate/Foundation/Application.php:342
/var/www/html/vendor/laravel/framework/src/Illuminate/Foundation/Console/Kernel.php:473
/var/www/html/tests/CreatesApplication.php:31
/var/www/html/vendor/laravel/framework/src/Illuminate/Foundation/Testing/TestCase.php:54
/var/www/html/vendor/laravel/framework/src/Illuminate/Foundation/Testing/Concerns/InteractsWithTestCaseLifecycle.php:92
/var/www/html/vendor/laravel/framework/src/Illuminate/Foundation/Testing/TestCase.php:44
/var/www/html/tests/TestCase.php:36
/var/www/html/tests/Feature/Cart/CartControllerTest.php:17</error>
        </testcase>
        <testcase name="test_cart_persists_product_attributes" file="/var/www/html/tests/Feature/Cart/CartControllerTest.php" line="172" class="Tests\Feature\Cart\CartControllerTest" classname="Tests.Feature.Cart.CartControllerTest" assertions="0" time="0.000000">
          <error type="Error">Tests\Feature\Cart\CartControllerTest::test_cart_persists_product_attributes
Error: Class "Laravel\Dusk\DuskServiceProvider" not found

/var/www/html/vendor/laravel/framework/src/Illuminate/Foundation/Application.php:961
/var/www/html/vendor/laravel/framework/src/Illuminate/Foundation/Application.php:893
/var/www/html/app/Providers/AppServiceProvider.php:51
/var/www/html/vendor/laravel/framework/src/Illuminate/Foundation/Application.php:896
/var/www/html/vendor/laravel/framework/src/Illuminate/Foundation/ProviderRepository.php:74
/var/www/html/vendor/laravel/framework/src/Illuminate/Foundation/Application.php:871
/var/www/html/vendor/laravel/framework/src/Illuminate/Foundation/Bootstrap/RegisterProviders.php:37
/var/www/html/vendor/laravel/framework/src/Illuminate/Foundation/Application.php:342
/var/www/html/vendor/laravel/framework/src/Illuminate/Foundation/Console/Kernel.php:473
/var/www/html/tests/CreatesApplication.php:31
/var/www/html/vendor/laravel/framework/src/Illuminate/Foundation/Testing/TestCase.php:54
/var/www/html/vendor/laravel/framework/src/Illuminate/Foundation/Testing/Concerns/InteractsWithTestCaseLifecycle.php:92
/var/www/html/vendor/laravel/framework/src/Illuminate/Foundation/Testing/TestCase.php:44
/var/www/html/tests/TestCase.php:36
/var/www/html/tests/Feature/Cart/CartControllerTest.php:17</error>
        </testcase>
        <testcase name="test_user_can_view_cart" file="/var/www/html/tests/Feature/Cart/CartControllerTest.php" line="23" class="Tests\Feature\Cart\CartControllerTest" classname="Tests.Feature.Cart.CartControllerTest" assertions="0" time="0.000000">
          <error type="Error">Tests\Feature\Cart\CartControllerTest::test_user_can_view_cart
Error: Class "Laravel\Dusk\DuskServiceProvider" not found

/var/www/html/vendor/laravel/framework/src/Illuminate/Foundation/Application.php:961
/var/www/html/vendor/laravel/framework/src/Illuminate/Foundation/Application.php:893
/var/www/html/app/Providers/AppServiceProvider.php:51
/var/www/html/vendor/laravel/framework/src/Illuminate/Foundation/Application.php:896
/var/www/html/vendor/laravel/framework/src/Illuminate/Foundation/ProviderRepository.php:74
/var/www/html/vendor/laravel/framework/src/Illuminate/Foundation/Application.php:871
/var/www/html/vendor/laravel/framework/src/Illuminate/Foundation/Bootstrap/RegisterProviders.php:37
/var/www/html/vendor/laravel/framework/src/Illuminate/Foundation/Application.php:342
/var/www/html/vendor/laravel/framework/src/Illuminate/Foundation/Console/Kernel.php:473
/var/www/html/tests/CreatesApplication.php:31
/var/www/html/vendor/laravel/framework/src/Illuminate/Foundation/Testing/TestCase.php:54
/var/www/html/vendor/laravel/framework/src/Illuminate/Foundation/Testing/Concerns/InteractsWithTestCaseLifecycle.php:92
/var/www/html/vendor/laravel/framework/src/Illuminate/Foundation/Testing/TestCase.php:44
/var/www/html/tests/TestCase.php:36
/var/www/html/tests/Feature/Cart/CartControllerTest.php:17</error>
        </testcase>
        <testcase name="test_cart_calculates_total_correctly" file="/var/www/html/tests/Feature/Cart/CartControllerTest.php" line="147" class="Tests\Feature\Cart\CartControllerTest" classname="Tests.Feature.Cart.CartControllerTest" assertions="0" time="0.000000">
          <error type="Error">Tests\Feature\Cart\CartControllerTest::test_cart_calculates_total_correctly
Error: Class "Laravel\Dusk\DuskServiceProvider" not found

/var/www/html/vendor/laravel/framework/src/Illuminate/Foundation/Application.php:961
/var/www/html/vendor/laravel/framework/src/Illuminate/Foundation/Application.php:893
/var/www/html/app/Providers/AppServiceProvider.php:51
/var/www/html/vendor/laravel/framework/src/Illuminate/Foundation/Application.php:896
/var/www/html/vendor/laravel/framework/src/Illuminate/Foundation/ProviderRepository.php:74
/var/www/html/vendor/laravel/framework/src/Illuminate/Foundation/Application.php:871
/var/www/html/vendor/laravel/framework/src/Illuminate/Foundation/Bootstrap/RegisterProviders.php:37
/var/www/html/vendor/laravel/framework/src/Illuminate/Foundation/Application.php:342
/var/www/html/vendor/laravel/framework/src/Illuminate/Foundation/Console/Kernel.php:473
/var/www/html/tests/CreatesApplication.php:31
/var/www/html/vendor/laravel/framework/src/Illuminate/Foundation/Testing/TestCase.php:54
/var/www/html/vendor/laravel/framework/src/Illuminate/Foundation/Testing/Concerns/InteractsWithTestCaseLifecycle.php:92
/var/www/html/vendor/laravel/framework/src/Illuminate/Foundation/Testing/TestCase.php:44
/var/www/html/tests/TestCase.php:36
/var/www/html/tests/Feature/Cart/CartControllerTest.php:17</error>
        </testcase>
        <testcase name="test_user_cannot_update_cart_with_invalid_quantity" file="/var/www/html/tests/Feature/Cart/CartControllerTest.php" line="79" class="Tests\Feature\Cart\CartControllerTest" classname="Tests.Feature.Cart.CartControllerTest" assertions="0" time="0.000000">
          <error type="Error">Tests\Feature\Cart\CartControllerTest::test_user_cannot_update_cart_with_invalid_quantity
Error: Class "Laravel\Dusk\DuskServiceProvider" not found

/var/www/html/vendor/laravel/framework/src/Illuminate/Foundation/Application.php:961
/var/www/html/vendor/laravel/framework/src/Illuminate/Foundation/Application.php:893
/var/www/html/app/Providers/AppServiceProvider.php:51
/var/www/html/vendor/laravel/framework/src/Illuminate/Foundation/Application.php:896
/var/www/html/vendor/laravel/framework/src/Illuminate/Foundation/ProviderRepository.php:74
/var/www/html/vendor/laravel/framework/src/Illuminate/Foundation/Application.php:871
/var/www/html/vendor/laravel/framework/src/Illuminate/Foundation/Bootstrap/RegisterProviders.php:37
/var/www/html/vendor/laravel/framework/src/Illuminate/Foundation/Application.php:342
/var/www/html/vendor/laravel/framework/src/Illuminate/Foundation/Console/Kernel.php:473
/var/www/html/tests/CreatesApplication.php:31
/var/www/html/vendor/laravel/framework/src/Illuminate/Foundation/Testing/TestCase.php:54
/var/www/html/vendor/laravel/framework/src/Illuminate/Foundation/Testing/Concerns/InteractsWithTestCaseLifecycle.php:92
/var/www/html/vendor/laravel/framework/src/Illuminate/Foundation/Testing/TestCase.php:44
/var/www/html/tests/TestCase.php:36
/var/www/html/tests/Feature/Cart/CartControllerTest.php:17</error>
        </testcase>
      </testsuite>
      <testsuite name="Tests\Feature\Models\PaymentTest" file="/var/www/html/tests/Feature/Models/PaymentTest.php" tests="8" assertions="0" errors="8" failures="0" skipped="0" time="0.000000">
        <testcase name="test_payment_relationships" file="/var/www/html/tests/Feature/Models/PaymentTest.php" line="51" class="Tests\Feature\Models\PaymentTest" classname="Tests.Feature.Models.PaymentTest" assertions="0" time="0.000000">
          <error type="Error">Tests\Feature\Models\PaymentTest::test_payment_relationships
Error: Class "Laravel\Dusk\DuskServiceProvider" not found

/var/www/html/vendor/laravel/framework/src/Illuminate/Foundation/Application.php:961
/var/www/html/vendor/laravel/framework/src/Illuminate/Foundation/Application.php:893
/var/www/html/app/Providers/AppServiceProvider.php:51
/var/www/html/vendor/laravel/framework/src/Illuminate/Foundation/Application.php:896
/var/www/html/vendor/laravel/framework/src/Illuminate/Foundation/ProviderRepository.php:74
/var/www/html/vendor/laravel/framework/src/Illuminate/Foundation/Application.php:871
/var/www/html/vendor/laravel/framework/src/Illuminate/Foundation/Bootstrap/RegisterProviders.php:37
/var/www/html/vendor/laravel/framework/src/Illuminate/Foundation/Application.php:342
/var/www/html/vendor/laravel/framework/src/Illuminate/Foundation/Console/Kernel.php:473
/var/www/html/tests/CreatesApplication.php:31
/var/www/html/vendor/laravel/framework/src/Illuminate/Foundation/Testing/TestCase.php:54
/var/www/html/vendor/laravel/framework/src/Illuminate/Foundation/Testing/Concerns/InteractsWithTestCaseLifecycle.php:92
/var/www/html/vendor/laravel/framework/src/Illuminate/Foundation/Testing/TestCase.php:44
/var/www/html/tests/TestCase.php:36</error>
        </testcase>
        <testcase name="test_payment_casts_attributes_correctly" file="/var/www/html/tests/Feature/Models/PaymentTest.php" line="72" class="Tests\Feature\Models\PaymentTest" classname="Tests.Feature.Models.PaymentTest" assertions="0" time="0.000000">
          <error type="Error">Tests\Feature\Models\PaymentTest::test_payment_casts_attributes_correctly
Error: Class "Laravel\Dusk\DuskServiceProvider" not found

/var/www/html/vendor/laravel/framework/src/Illuminate/Foundation/Application.php:961
/var/www/html/vendor/laravel/framework/src/Illuminate/Foundation/Application.php:893
/var/www/html/app/Providers/AppServiceProvider.php:51
/var/www/html/vendor/laravel/framework/src/Illuminate/Foundation/Application.php:896
/var/www/html/vendor/laravel/framework/src/Illuminate/Foundation/ProviderRepository.php:74
/var/www/html/vendor/laravel/framework/src/Illuminate/Foundation/Application.php:871
/var/www/html/vendor/laravel/framework/src/Illuminate/Foundation/Bootstrap/RegisterProviders.php:37
/var/www/html/vendor/laravel/framework/src/Illuminate/Foundation/Application.php:342
/var/www/html/vendor/laravel/framework/src/Illuminate/Foundation/Console/Kernel.php:473
/var/www/html/tests/CreatesApplication.php:31
/var/www/html/vendor/laravel/framework/src/Illuminate/Foundation/Testing/TestCase.php:54
/var/www/html/vendor/laravel/framework/src/Illuminate/Foundation/Testing/Concerns/InteractsWithTestCaseLifecycle.php:92
/var/www/html/vendor/laravel/framework/src/Illuminate/Foundation/Testing/TestCase.php:44
/var/www/html/tests/TestCase.php:36</error>
        </testcase>
        <testcase name="test_payment_amount_and_currency" file="/var/www/html/tests/Feature/Models/PaymentTest.php" line="145" class="Tests\Feature\Models\PaymentTest" classname="Tests.Feature.Models.PaymentTest" assertions="0" time="0.000000">
          <error type="Error">Tests\Feature\Models\PaymentTest::test_payment_amount_and_currency
Error: Class "Laravel\Dusk\DuskServiceProvider" not found

/var/www/html/vendor/laravel/framework/src/Illuminate/Foundation/Application.php:961
/var/www/html/vendor/laravel/framework/src/Illuminate/Foundation/Application.php:893
/var/www/html/app/Providers/AppServiceProvider.php:51
/var/www/html/vendor/laravel/framework/src/Illuminate/Foundation/Application.php:896
/var/www/html/vendor/laravel/framework/src/Illuminate/Foundation/ProviderRepository.php:74
/var/www/html/vendor/laravel/framework/src/Illuminate/Foundation/Application.php:871
/var/www/html/vendor/laravel/framework/src/Illuminate/Foundation/Bootstrap/RegisterProviders.php:37
/var/www/html/vendor/laravel/framework/src/Illuminate/Foundation/Application.php:342
/var/www/html/vendor/laravel/framework/src/Illuminate/Foundation/Console/Kernel.php:473
/var/www/html/tests/CreatesApplication.php:31
/var/www/html/vendor/laravel/framework/src/Illuminate/Foundation/Testing/TestCase.php:54
/var/www/html/vendor/laravel/framework/src/Illuminate/Foundation/Testing/Concerns/InteractsWithTestCaseLifecycle.php:92
/var/www/html/vendor/laravel/framework/src/Illuminate/Foundation/Testing/TestCase.php:44
/var/www/html/tests/TestCase.php:36</error>
        </testcase>
        <testcase name="test_scope_by_status" file="/var/www/html/tests/Feature/Models/PaymentTest.php" line="87" class="Tests\Feature\Models\PaymentTest" classname="Tests.Feature.Models.PaymentTest" assertions="0" time="0.000000">
          <error type="Error">Tests\Feature\Models\PaymentTest::test_scope_by_status
Error: Class "Laravel\Dusk\DuskServiceProvider" not found

/var/www/html/vendor/laravel/framework/src/Illuminate/Foundation/Application.php:961
/var/www/html/vendor/laravel/framework/src/Illuminate/Foundation/Application.php:893
/var/www/html/app/Providers/AppServiceProvider.php:51
/var/www/html/vendor/laravel/framework/src/Illuminate/Foundation/Application.php:896
/var/www/html/vendor/laravel/framework/src/Illuminate/Foundation/ProviderRepository.php:74
/var/www/html/vendor/laravel/framework/src/Illuminate/Foundation/Application.php:871
/var/www/html/vendor/laravel/framework/src/Illuminate/Foundation/Bootstrap/RegisterProviders.php:37
/var/www/html/vendor/laravel/framework/src/Illuminate/Foundation/Application.php:342
/var/www/html/vendor/laravel/framework/src/Illuminate/Foundation/Console/Kernel.php:473
/var/www/html/tests/CreatesApplication.php:31
/var/www/html/vendor/laravel/framework/src/Illuminate/Foundation/Testing/TestCase.php:54
/var/www/html/vendor/laravel/framework/src/Illuminate/Foundation/Testing/Concerns/InteractsWithTestCaseLifecycle.php:92
/var/www/html/vendor/laravel/framework/src/Illuminate/Foundation/Testing/TestCase.php:44
/var/www/html/tests/TestCase.php:36</error>
        </testcase>
        <testcase name="test_payment_status_transitions" file="/var/www/html/tests/Feature/Models/PaymentTest.php" line="130" class="Tests\Feature\Models\PaymentTest" classname="Tests.Feature.Models.PaymentTest" assertions="0" time="0.000000">
          <error type="Error">Tests\Feature\Models\PaymentTest::test_payment_status_transitions
Error: Class "Laravel\Dusk\DuskServiceProvider" not found

/var/www/html/vendor/laravel/framework/src/Illuminate/Foundation/Application.php:961
/var/www/html/vendor/laravel/framework/src/Illuminate/Foundation/Application.php:893
/var/www/html/app/Providers/AppServiceProvider.php:51
/var/www/html/vendor/laravel/framework/src/Illuminate/Foundation/Application.php:896
/var/www/html/vendor/laravel/framework/src/Illuminate/Foundation/ProviderRepository.php:74
/var/www/html/vendor/laravel/framework/src/Illuminate/Foundation/Application.php:871
/var/www/html/vendor/laravel/framework/src/Illuminate/Foundation/Bootstrap/RegisterProviders.php:37
/var/www/html/vendor/laravel/framework/src/Illuminate/Foundation/Application.php:342
/var/www/html/vendor/laravel/framework/src/Illuminate/Foundation/Console/Kernel.php:473
/var/www/html/tests/CreatesApplication.php:31
/var/www/html/vendor/laravel/framework/src/Illuminate/Foundation/Testing/TestCase.php:54
/var/www/html/vendor/laravel/framework/src/Illuminate/Foundation/Testing/Concerns/InteractsWithTestCaseLifecycle.php:92
/var/www/html/vendor/laravel/framework/src/Illuminate/Foundation/Testing/TestCase.php:44
/var/www/html/tests/TestCase.php:36</error>
        </testcase>
        <testcase name="test_payment_fillable_attributes" file="/var/www/html/tests/Feature/Models/PaymentTest.php" line="108" class="Tests\Feature\Models\PaymentTest" classname="Tests.Feature.Models.PaymentTest" assertions="0" time="0.000000">
          <error type="Error">Tests\Feature\Models\PaymentTest::test_payment_fillable_attributes
Error: Class "Laravel\Dusk\DuskServiceProvider" not found

/var/www/html/vendor/laravel/framework/src/Illuminate/Foundation/Application.php:961
/var/www/html/vendor/laravel/framework/src/Illuminate/Foundation/Application.php:893
/var/www/html/app/Providers/AppServiceProvider.php:51
/var/www/html/vendor/laravel/framework/src/Illuminate/Foundation/Application.php:896
/var/www/html/vendor/laravel/framework/src/Illuminate/Foundation/ProviderRepository.php:74
/var/www/html/vendor/laravel/framework/src/Illuminate/Foundation/Application.php:871
/var/www/html/vendor/laravel/framework/src/Illuminate/Foundation/Bootstrap/RegisterProviders.php:37
/var/www/html/vendor/laravel/framework/src/Illuminate/Foundation/Application.php:342
/var/www/html/vendor/laravel/framework/src/Illuminate/Foundation/Console/Kernel.php:473
/var/www/html/tests/CreatesApplication.php:31
/var/www/html/vendor/laravel/framework/src/Illuminate/Foundation/Testing/TestCase.php:54
/var/www/html/vendor/laravel/framework/src/Illuminate/Foundation/Testing/Concerns/InteractsWithTestCaseLifecycle.php:92
/var/www/html/vendor/laravel/framework/src/Illuminate/Foundation/Testing/TestCase.php:44
/var/www/html/tests/TestCase.php:36</error>
        </testcase>
        <testcase name="test_payment_gateway_response_storage" file="/var/www/html/tests/Feature/Models/PaymentTest.php" line="159" class="Tests\Feature\Models\PaymentTest" classname="Tests.Feature.Models.PaymentTest" assertions="0" time="0.000000">
          <error type="Error">Tests\Feature\Models\PaymentTest::test_payment_gateway_response_storage
Error: Class "Laravel\Dusk\DuskServiceProvider" not found

/var/www/html/vendor/laravel/framework/src/Illuminate/Foundation/Application.php:961
/var/www/html/vendor/laravel/framework/src/Illuminate/Foundation/Application.php:893
/var/www/html/app/Providers/AppServiceProvider.php:51
/var/www/html/vendor/laravel/framework/src/Illuminate/Foundation/Application.php:896
/var/www/html/vendor/laravel/framework/src/Illuminate/Foundation/ProviderRepository.php:74
/var/www/html/vendor/laravel/framework/src/Illuminate/Foundation/Application.php:871
/var/www/html/vendor/laravel/framework/src/Illuminate/Foundation/Bootstrap/RegisterProviders.php:37
/var/www/html/vendor/laravel/framework/src/Illuminate/Foundation/Application.php:342
/var/www/html/vendor/laravel/framework/src/Illuminate/Foundation/Console/Kernel.php:473
/var/www/html/tests/CreatesApplication.php:31
/var/www/html/vendor/laravel/framework/src/Illuminate/Foundation/Testing/TestCase.php:54
/var/www/html/vendor/laravel/framework/src/Illuminate/Foundation/Testing/Concerns/InteractsWithTestCaseLifecycle.php:92
/var/www/html/vendor/laravel/framework/src/Illuminate/Foundation/Testing/TestCase.php:44
/var/www/html/tests/TestCase.php:36</error>
        </testcase>
        <testcase name="test_it_can_create_a_payment" file="/var/www/html/tests/Feature/Models/PaymentTest.php" line="21" class="Tests\Feature\Models\PaymentTest" classname="Tests.Feature.Models.PaymentTest" assertions="0" time="0.000000">
          <error type="Error">Tests\Feature\Models\PaymentTest::test_it_can_create_a_payment
Error: Class "Laravel\Dusk\DuskServiceProvider" not found

/var/www/html/vendor/laravel/framework/src/Illuminate/Foundation/Application.php:961
/var/www/html/vendor/laravel/framework/src/Illuminate/Foundation/Application.php:893
/var/www/html/app/Providers/AppServiceProvider.php:51
/var/www/html/vendor/laravel/framework/src/Illuminate/Foundation/Application.php:896
/var/www/html/vendor/laravel/framework/src/Illuminate/Foundation/ProviderRepository.php:74
/var/www/html/vendor/laravel/framework/src/Illuminate/Foundation/Application.php:871
/var/www/html/vendor/laravel/framework/src/Illuminate/Foundation/Bootstrap/RegisterProviders.php:37
/var/www/html/vendor/laravel/framework/src/Illuminate/Foundation/Application.php:342
/var/www/html/vendor/laravel/framework/src/Illuminate/Foundation/Console/Kernel.php:473
/var/www/html/tests/CreatesApplication.php:31
/var/www/html/vendor/laravel/framework/src/Illuminate/Foundation/Testing/TestCase.php:54
/var/www/html/vendor/laravel/framework/src/Illuminate/Foundation/Testing/Concerns/InteractsWithTestCaseLifecycle.php:92
/var/www/html/vendor/laravel/framework/src/Illuminate/Foundation/Testing/TestCase.php:44
/var/www/html/tests/TestCase.php:36</error>
        </testcase>
      </testsuite>
      <testsuite name="Tests\Feature\Http\Controllers\LogControllerTest" file="/var/www/html/tests/Feature/Http/Controllers/LogControllerTest.php" tests="2" assertions="0" errors="2" failures="0" skipped="0" time="0.000000">
        <testcase name="it_can_get_application_logs" file="/var/www/html/tests/Feature/Http/Controllers/LogControllerTest.php" line="23" class="Tests\Feature\Http\Controllers\LogControllerTest" classname="Tests.Feature.Http.Controllers.LogControllerTest" assertions="0" time="0.000000">
          <error type="Error">Tests\Feature\Http\Controllers\LogControllerTest::it_can_get_application_logs
Error: Class "Laravel\Dusk\DuskServiceProvider" not found

/var/www/html/vendor/laravel/framework/src/Illuminate/Foundation/Application.php:961
/var/www/html/vendor/laravel/framework/src/Illuminate/Foundation/Application.php:893
/var/www/html/app/Providers/AppServiceProvider.php:51
/var/www/html/vendor/laravel/framework/src/Illuminate/Foundation/Application.php:896
/var/www/html/vendor/laravel/framework/src/Illuminate/Foundation/ProviderRepository.php:74
/var/www/html/vendor/laravel/framework/src/Illuminate/Foundation/Application.php:871
/var/www/html/vendor/laravel/framework/src/Illuminate/Foundation/Bootstrap/RegisterProviders.php:37
/var/www/html/vendor/laravel/framework/src/Illuminate/Foundation/Application.php:342
/var/www/html/vendor/laravel/framework/src/Illuminate/Foundation/Console/Kernel.php:473
/var/www/html/tests/CreatesApplication.php:31
/var/www/html/vendor/laravel/framework/src/Illuminate/Foundation/Testing/TestCase.php:54
/var/www/html/vendor/laravel/framework/src/Illuminate/Foundation/Testing/Concerns/InteractsWithTestCaseLifecycle.php:92
/var/www/html/vendor/laravel/framework/src/Illuminate/Foundation/Testing/TestCase.php:44
/var/www/html/tests/TestCase.php:36</error>
        </testcase>
        <testcase name="it_can_clear_application_logs" file="/var/www/html/tests/Feature/Http/Controllers/LogControllerTest.php" line="31" class="Tests\Feature\Http\Controllers\LogControllerTest" classname="Tests.Feature.Http.Controllers.LogControllerTest" assertions="0" time="0.000000">
          <error type="Error">Tests\Feature\Http\Controllers\LogControllerTest::it_can_clear_application_logs
Error: Class "Laravel\Dusk\DuskServiceProvider" not found

/var/www/html/vendor/laravel/framework/src/Illuminate/Foundation/Application.php:961
/var/www/html/vendor/laravel/framework/src/Illuminate/Foundation/Application.php:893
/var/www/html/app/Providers/AppServiceProvider.php:51
/var/www/html/vendor/laravel/framework/src/Illuminate/Foundation/Application.php:896
/var/www/html/vendor/laravel/framework/src/Illuminate/Foundation/ProviderRepository.php:74
/var/www/html/vendor/laravel/framework/src/Illuminate/Foundation/Application.php:871
/var/www/html/vendor/laravel/framework/src/Illuminate/Foundation/Bootstrap/RegisterProviders.php:37
/var/www/html/vendor/laravel/framework/src/Illuminate/Foundation/Application.php:342
/var/www/html/vendor/laravel/framework/src/Illuminate/Foundation/Console/Kernel.php:473
/var/www/html/tests/CreatesApplication.php:31
/var/www/html/vendor/laravel/framework/src/Illuminate/Foundation/Testing/TestCase.php:54
/var/www/html/vendor/laravel/framework/src/Illuminate/Foundation/Testing/Concerns/InteractsWithTestCaseLifecycle.php:92
/var/www/html/vendor/laravel/framework/src/Illuminate/Foundation/Testing/TestCase.php:44
/var/www/html/tests/TestCase.php:36</error>
        </testcase>
      </testsuite>
      <testsuite name="Tests\Feature\Models\BrandTest" file="/var/www/html/tests/Feature/Models/BrandTest.php" tests="12" assertions="0" errors="12" failures="0" skipped="0" time="0.000000">
        <testcase name="test_it_has_products_relationship" file="/var/www/html/tests/Feature/Models/BrandTest.php" line="43" class="Tests\Feature\Models\BrandTest" classname="Tests.Feature.Models.BrandTest" assertions="0" time="0.000000">
          <error type="Error">Tests\Feature\Models\BrandTest::test_it_has_products_relationship
Error: Class "Laravel\Dusk\DuskServiceProvider" not found

/var/www/html/vendor/laravel/framework/src/Illuminate/Foundation/Application.php:961
/var/www/html/vendor/laravel/framework/src/Illuminate/Foundation/Application.php:893
/var/www/html/app/Providers/AppServiceProvider.php:51
/var/www/html/vendor/laravel/framework/src/Illuminate/Foundation/Application.php:896
/var/www/html/vendor/laravel/framework/src/Illuminate/Foundation/ProviderRepository.php:74
/var/www/html/vendor/laravel/framework/src/Illuminate/Foundation/Application.php:871
/var/www/html/vendor/laravel/framework/src/Illuminate/Foundation/Bootstrap/RegisterProviders.php:37
/var/www/html/vendor/laravel/framework/src/Illuminate/Foundation/Application.php:342
/var/www/html/vendor/laravel/framework/src/Illuminate/Foundation/Console/Kernel.php:473
/var/www/html/tests/CreatesApplication.php:31
/var/www/html/vendor/laravel/framework/src/Illuminate/Foundation/Testing/TestCase.php:54
/var/www/html/vendor/laravel/framework/src/Illuminate/Foundation/Testing/Concerns/InteractsWithTestCaseLifecycle.php:92
/var/www/html/vendor/laravel/framework/src/Illuminate/Foundation/Testing/TestCase.php:44
/var/www/html/tests/TestCase.php:36</error>
        </testcase>
        <testcase name="test_it_can_soft_delete_brand" file="/var/www/html/tests/Feature/Models/BrandTest.php" line="149" class="Tests\Feature\Models\BrandTest" classname="Tests.Feature.Models.BrandTest" assertions="0" time="0.000000">
          <error type="Error">Tests\Feature\Models\BrandTest::test_it_can_soft_delete_brand
Error: Class "Laravel\Dusk\DuskServiceProvider" not found

/var/www/html/vendor/laravel/framework/src/Illuminate/Foundation/Application.php:961
/var/www/html/vendor/laravel/framework/src/Illuminate/Foundation/Application.php:893
/var/www/html/app/Providers/AppServiceProvider.php:51
/var/www/html/vendor/laravel/framework/src/Illuminate/Foundation/Application.php:896
/var/www/html/vendor/laravel/framework/src/Illuminate/Foundation/ProviderRepository.php:74
/var/www/html/vendor/laravel/framework/src/Illuminate/Foundation/Application.php:871
/var/www/html/vendor/laravel/framework/src/Illuminate/Foundation/Bootstrap/RegisterProviders.php:37
/var/www/html/vendor/laravel/framework/src/Illuminate/Foundation/Application.php:342
/var/www/html/vendor/laravel/framework/src/Illuminate/Foundation/Console/Kernel.php:473
/var/www/html/tests/CreatesApplication.php:31
/var/www/html/vendor/laravel/framework/src/Illuminate/Foundation/Testing/TestCase.php:54
/var/www/html/vendor/laravel/framework/src/Illuminate/Foundation/Testing/Concerns/InteractsWithTestCaseLifecycle.php:92
/var/www/html/vendor/laravel/framework/src/Illuminate/Foundation/Testing/TestCase.php:44
/var/www/html/tests/TestCase.php:36</error>
        </testcase>
        <testcase name="test_slug_generation_on_create" file="/var/www/html/tests/Feature/Models/BrandTest.php" line="178" class="Tests\Feature\Models\BrandTest" classname="Tests.Feature.Models.BrandTest" assertions="0" time="0.000000">
          <error type="Error">Tests\Feature\Models\BrandTest::test_slug_generation_on_create
Error: Class "Laravel\Dusk\DuskServiceProvider" not found

/var/www/html/vendor/laravel/framework/src/Illuminate/Foundation/Application.php:961
/var/www/html/vendor/laravel/framework/src/Illuminate/Foundation/Application.php:893
/var/www/html/app/Providers/AppServiceProvider.php:51
/var/www/html/vendor/laravel/framework/src/Illuminate/Foundation/Application.php:896
/var/www/html/vendor/laravel/framework/src/Illuminate/Foundation/ProviderRepository.php:74
/var/www/html/vendor/laravel/framework/src/Illuminate/Foundation/Application.php:871
/var/www/html/vendor/laravel/framework/src/Illuminate/Foundation/Bootstrap/RegisterProviders.php:37
/var/www/html/vendor/laravel/framework/src/Illuminate/Foundation/Application.php:342
/var/www/html/vendor/laravel/framework/src/Illuminate/Foundation/Console/Kernel.php:473
/var/www/html/tests/CreatesApplication.php:31
/var/www/html/vendor/laravel/framework/src/Illuminate/Foundation/Testing/TestCase.php:54
/var/www/html/vendor/laravel/framework/src/Illuminate/Foundation/Testing/Concerns/InteractsWithTestCaseLifecycle.php:92
/var/www/html/vendor/laravel/framework/src/Illuminate/Foundation/Testing/TestCase.php:44
/var/www/html/tests/TestCase.php:36</error>
        </testcase>
        <testcase name="test_it_can_validate_required_fields" file="/var/www/html/tests/Feature/Models/BrandTest.php" line="58" class="Tests\Feature\Models\BrandTest" classname="Tests.Feature.Models.BrandTest" assertions="0" time="0.000000">
          <error type="Error">Tests\Feature\Models\BrandTest::test_it_can_validate_required_fields
Error: Class "Laravel\Dusk\DuskServiceProvider" not found

/var/www/html/vendor/laravel/framework/src/Illuminate/Foundation/Application.php:961
/var/www/html/vendor/laravel/framework/src/Illuminate/Foundation/Application.php:893
/var/www/html/app/Providers/AppServiceProvider.php:51
/var/www/html/vendor/laravel/framework/src/Illuminate/Foundation/Application.php:896
/var/www/html/vendor/laravel/framework/src/Illuminate/Foundation/ProviderRepository.php:74
/var/www/html/vendor/laravel/framework/src/Illuminate/Foundation/Application.php:871
/var/www/html/vendor/laravel/framework/src/Illuminate/Foundation/Bootstrap/RegisterProviders.php:37
/var/www/html/vendor/laravel/framework/src/Illuminate/Foundation/Application.php:342
/var/www/html/vendor/laravel/framework/src/Illuminate/Foundation/Console/Kernel.php:473
/var/www/html/tests/CreatesApplication.php:31
/var/www/html/vendor/laravel/framework/src/Illuminate/Foundation/Testing/TestCase.php:54
/var/www/html/vendor/laravel/framework/src/Illuminate/Foundation/Testing/Concerns/InteractsWithTestCaseLifecycle.php:92
/var/www/html/vendor/laravel/framework/src/Illuminate/Foundation/Testing/TestCase.php:44
/var/www/html/tests/TestCase.php:36</error>
        </testcase>
        <testcase name="test_it_can_validate_logo_url_format" file="/var/www/html/tests/Feature/Models/BrandTest.php" line="94" class="Tests\Feature\Models\BrandTest" classname="Tests.Feature.Models.BrandTest" assertions="0" time="0.000000">
          <error type="Error">Tests\Feature\Models\BrandTest::test_it_can_validate_logo_url_format
Error: Class "Laravel\Dusk\DuskServiceProvider" not found

/var/www/html/vendor/laravel/framework/src/Illuminate/Foundation/Application.php:961
/var/www/html/vendor/laravel/framework/src/Illuminate/Foundation/Application.php:893
/var/www/html/app/Providers/AppServiceProvider.php:51
/var/www/html/vendor/laravel/framework/src/Illuminate/Foundation/Application.php:896
/var/www/html/vendor/laravel/framework/src/Illuminate/Foundation/ProviderRepository.php:74
/var/www/html/vendor/laravel/framework/src/Illuminate/Foundation/Application.php:871
/var/www/html/vendor/laravel/framework/src/Illuminate/Foundation/Bootstrap/RegisterProviders.php:37
/var/www/html/vendor/laravel/framework/src/Illuminate/Foundation/Application.php:342
/var/www/html/vendor/laravel/framework/src/Illuminate/Foundation/Console/Kernel.php:473
/var/www/html/tests/CreatesApplication.php:31
/var/www/html/vendor/laravel/framework/src/Illuminate/Foundation/Testing/TestCase.php:54
/var/www/html/vendor/laravel/framework/src/Illuminate/Foundation/Testing/Concerns/InteractsWithTestCaseLifecycle.php:92
/var/www/html/vendor/laravel/framework/src/Illuminate/Foundation/Testing/TestCase.php:44
/var/www/html/tests/TestCase.php:36</error>
        </testcase>
        <testcase name="test_it_can_restore_soft_deleted_brand" file="/var/www/html/tests/Feature/Models/BrandTest.php" line="163" class="Tests\Feature\Models\BrandTest" classname="Tests.Feature.Models.BrandTest" assertions="0" time="0.000000">
          <error type="Error">Tests\Feature\Models\BrandTest::test_it_can_restore_soft_deleted_brand
Error: Class "Laravel\Dusk\DuskServiceProvider" not found

/var/www/html/vendor/laravel/framework/src/Illuminate/Foundation/Application.php:961
/var/www/html/vendor/laravel/framework/src/Illuminate/Foundation/Application.php:893
/var/www/html/app/Providers/AppServiceProvider.php:51
/var/www/html/vendor/laravel/framework/src/Illuminate/Foundation/Application.php:896
/var/www/html/vendor/laravel/framework/src/Illuminate/Foundation/ProviderRepository.php:74
/var/www/html/vendor/laravel/framework/src/Illuminate/Foundation/Application.php:871
/var/www/html/vendor/laravel/framework/src/Illuminate/Foundation/Bootstrap/RegisterProviders.php:37
/var/www/html/vendor/laravel/framework/src/Illuminate/Foundation/Application.php:342
/var/www/html/vendor/laravel/framework/src/Illuminate/Foundation/Console/Kernel.php:473
/var/www/html/tests/CreatesApplication.php:31
/var/www/html/vendor/laravel/framework/src/Illuminate/Foundation/Testing/TestCase.php:54
/var/www/html/vendor/laravel/framework/src/Illuminate/Foundation/Testing/Concerns/InteractsWithTestCaseLifecycle.php:92
/var/www/html/vendor/laravel/framework/src/Illuminate/Foundation/Testing/TestCase.php:44
/var/www/html/tests/TestCase.php:36</error>
        </testcase>
        <testcase name="test_it_can_validate_website_url_format" file="/var/www/html/tests/Feature/Models/BrandTest.php" line="83" class="Tests\Feature\Models\BrandTest" classname="Tests.Feature.Models.BrandTest" assertions="0" time="0.000000">
          <error type="Error">Tests\Feature\Models\BrandTest::test_it_can_validate_website_url_format
Error: Class "Laravel\Dusk\DuskServiceProvider" not found

/var/www/html/vendor/laravel/framework/src/Illuminate/Foundation/Application.php:961
/var/www/html/vendor/laravel/framework/src/Illuminate/Foundation/Application.php:893
/var/www/html/app/Providers/AppServiceProvider.php:51
/var/www/html/vendor/laravel/framework/src/Illuminate/Foundation/Application.php:896
/var/www/html/vendor/laravel/framework/src/Illuminate/Foundation/ProviderRepository.php:74
/var/www/html/vendor/laravel/framework/src/Illuminate/Foundation/Application.php:871
/var/www/html/vendor/laravel/framework/src/Illuminate/Foundation/Bootstrap/RegisterProviders.php:37
/var/www/html/vendor/laravel/framework/src/Illuminate/Foundation/Application.php:342
/var/www/html/vendor/laravel/framework/src/Illuminate/Foundation/Console/Kernel.php:473
/var/www/html/tests/CreatesApplication.php:31
/var/www/html/vendor/laravel/framework/src/Illuminate/Foundation/Testing/TestCase.php:54
/var/www/html/vendor/laravel/framework/src/Illuminate/Foundation/Testing/Concerns/InteractsWithTestCaseLifecycle.php:92
/var/www/html/vendor/laravel/framework/src/Illuminate/Foundation/Testing/TestCase.php:44
/var/www/html/tests/TestCase.php:36</error>
        </testcase>
        <testcase name="test_it_can_search_brands_by_name" file="/var/www/html/tests/Feature/Models/BrandTest.php" line="120" class="Tests\Feature\Models\BrandTest" classname="Tests.Feature.Models.BrandTest" assertions="0" time="0.000000">
          <error type="Error">Tests\Feature\Models\BrandTest::test_it_can_search_brands_by_name
Error: Class "Laravel\Dusk\DuskServiceProvider" not found

/var/www/html/vendor/laravel/framework/src/Illuminate/Foundation/Application.php:961
/var/www/html/vendor/laravel/framework/src/Illuminate/Foundation/Application.php:893
/var/www/html/app/Providers/AppServiceProvider.php:51
/var/www/html/vendor/laravel/framework/src/Illuminate/Foundation/Application.php:896
/var/www/html/vendor/laravel/framework/src/Illuminate/Foundation/ProviderRepository.php:74
/var/www/html/vendor/laravel/framework/src/Illuminate/Foundation/Application.php:871
/var/www/html/vendor/laravel/framework/src/Illuminate/Foundation/Bootstrap/RegisterProviders.php:37
/var/www/html/vendor/laravel/framework/src/Illuminate/Foundation/Application.php:342
/var/www/html/vendor/laravel/framework/src/Illuminate/Foundation/Console/Kernel.php:473
/var/www/html/tests/CreatesApplication.php:31
/var/www/html/vendor/laravel/framework/src/Illuminate/Foundation/Testing/TestCase.php:54
/var/www/html/vendor/laravel/framework/src/Illuminate/Foundation/Testing/Concerns/InteractsWithTestCaseLifecycle.php:92
/var/www/html/vendor/laravel/framework/src/Illuminate/Foundation/Testing/TestCase.php:44
/var/www/html/tests/TestCase.php:36</error>
        </testcase>
        <testcase name="test_it_can_create_a_brand" file="/var/www/html/tests/Feature/Models/BrandTest.php" line="20" class="Tests\Feature\Models\BrandTest" classname="Tests.Feature.Models.BrandTest" assertions="0" time="0.000000">
          <error type="Error">Tests\Feature\Models\BrandTest::test_it_can_create_a_brand
Error: Class "Laravel\Dusk\DuskServiceProvider" not found

/var/www/html/vendor/laravel/framework/src/Illuminate/Foundation/Application.php:961
/var/www/html/vendor/laravel/framework/src/Illuminate/Foundation/Application.php:893
/var/www/html/app/Providers/AppServiceProvider.php:51
/var/www/html/vendor/laravel/framework/src/Illuminate/Foundation/Application.php:896
/var/www/html/vendor/laravel/framework/src/Illuminate/Foundation/ProviderRepository.php:74
/var/www/html/vendor/laravel/framework/src/Illuminate/Foundation/Application.php:871
/var/www/html/vendor/laravel/framework/src/Illuminate/Foundation/Bootstrap/RegisterProviders.php:37
/var/www/html/vendor/laravel/framework/src/Illuminate/Foundation/Application.php:342
/var/www/html/vendor/laravel/framework/src/Illuminate/Foundation/Console/Kernel.php:473
/var/www/html/tests/CreatesApplication.php:31
/var/www/html/vendor/laravel/framework/src/Illuminate/Foundation/Testing/TestCase.php:54
/var/www/html/vendor/laravel/framework/src/Illuminate/Foundation/Testing/Concerns/InteractsWithTestCaseLifecycle.php:92
/var/www/html/vendor/laravel/framework/src/Illuminate/Foundation/Testing/TestCase.php:44
/var/www/html/tests/TestCase.php:36</error>
        </testcase>
        <testcase name="test_it_can_validate_name_length" file="/var/www/html/tests/Feature/Models/BrandTest.php" line="72" class="Tests\Feature\Models\BrandTest" classname="Tests.Feature.Models.BrandTest" assertions="0" time="0.000000">
          <error type="Error">Tests\Feature\Models\BrandTest::test_it_can_validate_name_length
Error: Class "Laravel\Dusk\DuskServiceProvider" not found

/var/www/html/vendor/laravel/framework/src/Illuminate/Foundation/Application.php:961
/var/www/html/vendor/laravel/framework/src/Illuminate/Foundation/Application.php:893
/var/www/html/app/Providers/AppServiceProvider.php:51
/var/www/html/vendor/laravel/framework/src/Illuminate/Foundation/Application.php:896
/var/www/html/vendor/laravel/framework/src/Illuminate/Foundation/ProviderRepository.php:74
/var/www/html/vendor/laravel/framework/src/Illuminate/Foundation/Application.php:871
/var/www/html/vendor/laravel/framework/src/Illuminate/Foundation/Bootstrap/RegisterProviders.php:37
/var/www/html/vendor/laravel/framework/src/Illuminate/Foundation/Application.php:342
/var/www/html/vendor/laravel/framework/src/Illuminate/Foundation/Console/Kernel.php:473
/var/www/html/tests/CreatesApplication.php:31
/var/www/html/vendor/laravel/framework/src/Illuminate/Foundation/Testing/TestCase.php:54
/var/www/html/vendor/laravel/framework/src/Illuminate/Foundation/Testing/Concerns/InteractsWithTestCaseLifecycle.php:92
/var/www/html/vendor/laravel/framework/src/Illuminate/Foundation/Testing/TestCase.php:44
/var/www/html/tests/TestCase.php:36</error>
        </testcase>
        <testcase name="test_it_can_scope_active_brands" file="/var/www/html/tests/Feature/Models/BrandTest.php" line="105" class="Tests\Feature\Models\BrandTest" classname="Tests.Feature.Models.BrandTest" assertions="0" time="0.000000">
          <error type="Error">Tests\Feature\Models\BrandTest::test_it_can_scope_active_brands
Error: Class "Laravel\Dusk\DuskServiceProvider" not found

/var/www/html/vendor/laravel/framework/src/Illuminate/Foundation/Application.php:961
/var/www/html/vendor/laravel/framework/src/Illuminate/Foundation/Application.php:893
/var/www/html/app/Providers/AppServiceProvider.php:51
/var/www/html/vendor/laravel/framework/src/Illuminate/Foundation/Application.php:896
/var/www/html/vendor/laravel/framework/src/Illuminate/Foundation/ProviderRepository.php:74
/var/www/html/vendor/laravel/framework/src/Illuminate/Foundation/Application.php:871
/var/www/html/vendor/laravel/framework/src/Illuminate/Foundation/Bootstrap/RegisterProviders.php:37
/var/www/html/vendor/laravel/framework/src/Illuminate/Foundation/Application.php:342
/var/www/html/vendor/laravel/framework/src/Illuminate/Foundation/Console/Kernel.php:473
/var/www/html/tests/CreatesApplication.php:31
/var/www/html/vendor/laravel/framework/src/Illuminate/Foundation/Testing/TestCase.php:54
/var/www/html/vendor/laravel/framework/src/Illuminate/Foundation/Testing/Concerns/InteractsWithTestCaseLifecycle.php:92
/var/www/html/vendor/laravel/framework/src/Illuminate/Foundation/Testing/TestCase.php:44
/var/www/html/tests/TestCase.php:36</error>
        </testcase>
        <testcase name="test_it_can_get_brand_with_products_count" file="/var/www/html/tests/Feature/Models/BrandTest.php" line="135" class="Tests\Feature\Models\BrandTest" classname="Tests.Feature.Models.BrandTest" assertions="0" time="0.000000">
          <error type="Error">Tests\Feature\Models\BrandTest::test_it_can_get_brand_with_products_count
Error: Class "Laravel\Dusk\DuskServiceProvider" not found

/var/www/html/vendor/laravel/framework/src/Illuminate/Foundation/Application.php:961
/var/www/html/vendor/laravel/framework/src/Illuminate/Foundation/Application.php:893
/var/www/html/app/Providers/AppServiceProvider.php:51
/var/www/html/vendor/laravel/framework/src/Illuminate/Foundation/Application.php:896
/var/www/html/vendor/laravel/framework/src/Illuminate/Foundation/ProviderRepository.php:74
/var/www/html/vendor/laravel/framework/src/Illuminate/Foundation/Application.php:871
/var/www/html/vendor/laravel/framework/src/Illuminate/Foundation/Bootstrap/RegisterProviders.php:37
/var/www/html/vendor/laravel/framework/src/Illuminate/Foundation/Application.php:342
/var/www/html/vendor/laravel/framework/src/Illuminate/Foundation/Console/Kernel.php:473
/var/www/html/tests/CreatesApplication.php:31
/var/www/html/vendor/laravel/framework/src/Illuminate/Foundation/Testing/TestCase.php:54
/var/www/html/vendor/laravel/framework/src/Illuminate/Foundation/Testing/Concerns/InteractsWithTestCaseLifecycle.php:92
/var/www/html/vendor/laravel/framework/src/Illuminate/Foundation/Testing/TestCase.php:44
/var/www/html/tests/TestCase.php:36</error>
        </testcase>
      </testsuite>
      <testsuite name="Tests\Feature\Http\Controllers\Api\ProductControllerTest" file="/var/www/html/tests/Feature/Http/Controllers/Api/ProductControllerTest.php" tests="9" assertions="0" errors="9" failures="0" skipped="0" time="0.000000">
        <testcase name="test_can_filter_products_by_category" file="/var/www/html/tests/Feature/Http/Controllers/Api/ProductControllerTest.php" line="121" class="Tests\Feature\Http\Controllers\Api\ProductControllerTest" classname="Tests.Feature.Http.Controllers.Api.ProductControllerTest" assertions="0" time="0.000000">
          <error type="Error">Tests\Feature\Http\Controllers\Api\ProductControllerTest::test_can_filter_products_by_category
Error: Class "Laravel\Dusk\DuskServiceProvider" not found

/var/www/html/vendor/laravel/framework/src/Illuminate/Foundation/Application.php:961
/var/www/html/vendor/laravel/framework/src/Illuminate/Foundation/Application.php:893
/var/www/html/app/Providers/AppServiceProvider.php:51
/var/www/html/vendor/laravel/framework/src/Illuminate/Foundation/Application.php:896
/var/www/html/vendor/laravel/framework/src/Illuminate/Foundation/ProviderRepository.php:74
/var/www/html/vendor/laravel/framework/src/Illuminate/Foundation/Application.php:871
/var/www/html/vendor/laravel/framework/src/Illuminate/Foundation/Bootstrap/RegisterProviders.php:37
/var/www/html/vendor/laravel/framework/src/Illuminate/Foundation/Application.php:342
/var/www/html/vendor/laravel/framework/src/Illuminate/Foundation/Console/Kernel.php:473
/var/www/html/tests/CreatesApplication.php:31
/var/www/html/vendor/laravel/framework/src/Illuminate/Foundation/Testing/TestCase.php:54
/var/www/html/vendor/laravel/framework/src/Illuminate/Foundation/Testing/Concerns/InteractsWithTestCaseLifecycle.php:92
/var/www/html/vendor/laravel/framework/src/Illuminate/Foundation/Testing/TestCase.php:44
/var/www/html/tests/TestCase.php:36
/var/www/html/tests/Feature/Http/Controllers/Api/ProductControllerTest.php:20</error>
        </testcase>
        <testcase name="test_can_search_products" file="/var/www/html/tests/Feature/Http/Controllers/Api/ProductControllerTest.php" line="100" class="Tests\Feature\Http\Controllers\Api\ProductControllerTest" classname="Tests.Feature.Http.Controllers.Api.ProductControllerTest" assertions="0" time="0.000000">
          <error type="Error">Tests\Feature\Http\Controllers\Api\ProductControllerTest::test_can_search_products
Error: Class "Laravel\Dusk\DuskServiceProvider" not found

/var/www/html/vendor/laravel/framework/src/Illuminate/Foundation/Application.php:961
/var/www/html/vendor/laravel/framework/src/Illuminate/Foundation/Application.php:893
/var/www/html/app/Providers/AppServiceProvider.php:51
/var/www/html/vendor/laravel/framework/src/Illuminate/Foundation/Application.php:896
/var/www/html/vendor/laravel/framework/src/Illuminate/Foundation/ProviderRepository.php:74
/var/www/html/vendor/laravel/framework/src/Illuminate/Foundation/Application.php:871
/var/www/html/vendor/laravel/framework/src/Illuminate/Foundation/Bootstrap/RegisterProviders.php:37
/var/www/html/vendor/laravel/framework/src/Illuminate/Foundation/Application.php:342
/var/www/html/vendor/laravel/framework/src/Illuminate/Foundation/Console/Kernel.php:473
/var/www/html/tests/CreatesApplication.php:31
/var/www/html/vendor/laravel/framework/src/Illuminate/Foundation/Testing/TestCase.php:54
/var/www/html/vendor/laravel/framework/src/Illuminate/Foundation/Testing/Concerns/InteractsWithTestCaseLifecycle.php:92
/var/www/html/vendor/laravel/framework/src/Illuminate/Foundation/Testing/TestCase.php:44
/var/www/html/tests/TestCase.php:36
/var/www/html/tests/Feature/Http/Controllers/Api/ProductControllerTest.php:20</error>
        </testcase>
        <testcase name="test_handles_invalid_pagination_parameters" file="/var/www/html/tests/Feature/Http/Controllers/Api/ProductControllerTest.php" line="177" class="Tests\Feature\Http\Controllers\Api\ProductControllerTest" classname="Tests.Feature.Http.Controllers.Api.ProductControllerTest" assertions="0" time="0.000000">
          <error type="Error">Tests\Feature\Http\Controllers\Api\ProductControllerTest::test_handles_invalid_pagination_parameters
Error: Class "Laravel\Dusk\DuskServiceProvider" not found

/var/www/html/vendor/laravel/framework/src/Illuminate/Foundation/Application.php:961
/var/www/html/vendor/laravel/framework/src/Illuminate/Foundation/Application.php:893
/var/www/html/app/Providers/AppServiceProvider.php:51
/var/www/html/vendor/laravel/framework/src/Illuminate/Foundation/Application.php:896
/var/www/html/vendor/laravel/framework/src/Illuminate/Foundation/ProviderRepository.php:74
/var/www/html/vendor/laravel/framework/src/Illuminate/Foundation/Application.php:871
/var/www/html/vendor/laravel/framework/src/Illuminate/Foundation/Bootstrap/RegisterProviders.php:37
/var/www/html/vendor/laravel/framework/src/Illuminate/Foundation/Application.php:342
/var/www/html/vendor/laravel/framework/src/Illuminate/Foundation/Console/Kernel.php:473
/var/www/html/tests/CreatesApplication.php:31
/var/www/html/vendor/laravel/framework/src/Illuminate/Foundation/Testing/TestCase.php:54
/var/www/html/vendor/laravel/framework/src/Illuminate/Foundation/Testing/Concerns/InteractsWithTestCaseLifecycle.php:92
/var/www/html/vendor/laravel/framework/src/Illuminate/Foundation/Testing/TestCase.php:44
/var/www/html/tests/TestCase.php:36
/var/www/html/tests/Feature/Http/Controllers/Api/ProductControllerTest.php:20</error>
        </testcase>
        <testcase name="test_handles_invalid_sort_parameters" file="/var/www/html/tests/Feature/Http/Controllers/Api/ProductControllerTest.php" line="185" class="Tests\Feature\Http\Controllers\Api\ProductControllerTest" classname="Tests.Feature.Http.Controllers.Api.ProductControllerTest" assertions="0" time="0.000000">
          <error type="Error">Tests\Feature\Http\Controllers\Api\ProductControllerTest::test_handles_invalid_sort_parameters
Error: Class "Laravel\Dusk\DuskServiceProvider" not found

/var/www/html/vendor/laravel/framework/src/Illuminate/Foundation/Application.php:961
/var/www/html/vendor/laravel/framework/src/Illuminate/Foundation/Application.php:893
/var/www/html/app/Providers/AppServiceProvider.php:51
/var/www/html/vendor/laravel/framework/src/Illuminate/Foundation/Application.php:896
/var/www/html/vendor/laravel/framework/src/Illuminate/Foundation/ProviderRepository.php:74
/var/www/html/vendor/laravel/framework/src/Illuminate/Foundation/Application.php:871
/var/www/html/vendor/laravel/framework/src/Illuminate/Foundation/Bootstrap/RegisterProviders.php:37
/var/www/html/vendor/laravel/framework/src/Illuminate/Foundation/Application.php:342
/var/www/html/vendor/laravel/framework/src/Illuminate/Foundation/Console/Kernel.php:473
/var/www/html/tests/CreatesApplication.php:31
/var/www/html/vendor/laravel/framework/src/Illuminate/Foundation/Testing/TestCase.php:54
/var/www/html/vendor/laravel/framework/src/Illuminate/Foundation/Testing/Concerns/InteractsWithTestCaseLifecycle.php:92
/var/www/html/vendor/laravel/framework/src/Illuminate/Foundation/Testing/TestCase.php:44
/var/www/html/tests/TestCase.php:36
/var/www/html/tests/Feature/Http/Controllers/Api/ProductControllerTest.php:20</error>
        </testcase>
        <testcase name="test_can_list_products" file="/var/www/html/tests/Feature/Http/Controllers/Api/ProductControllerTest.php" line="30" class="Tests\Feature\Http\Controllers\Api\ProductControllerTest" classname="Tests.Feature.Http.Controllers.Api.ProductControllerTest" assertions="0" time="0.000000">
          <error type="Error">Tests\Feature\Http\Controllers\Api\ProductControllerTest::test_can_list_products
Error: Class "Laravel\Dusk\DuskServiceProvider" not found

/var/www/html/vendor/laravel/framework/src/Illuminate/Foundation/Application.php:961
/var/www/html/vendor/laravel/framework/src/Illuminate/Foundation/Application.php:893
/var/www/html/app/Providers/AppServiceProvider.php:51
/var/www/html/vendor/laravel/framework/src/Illuminate/Foundation/Application.php:896
/var/www/html/vendor/laravel/framework/src/Illuminate/Foundation/ProviderRepository.php:74
/var/www/html/vendor/laravel/framework/src/Illuminate/Foundation/Application.php:871
/var/www/html/vendor/laravel/framework/src/Illuminate/Foundation/Bootstrap/RegisterProviders.php:37
/var/www/html/vendor/laravel/framework/src/Illuminate/Foundation/Application.php:342
/var/www/html/vendor/laravel/framework/src/Illuminate/Foundation/Console/Kernel.php:473
/var/www/html/tests/CreatesApplication.php:31
/var/www/html/vendor/laravel/framework/src/Illuminate/Foundation/Testing/TestCase.php:54
/var/www/html/vendor/laravel/framework/src/Illuminate/Foundation/Testing/Concerns/InteractsWithTestCaseLifecycle.php:92
/var/www/html/vendor/laravel/framework/src/Illuminate/Foundation/Testing/TestCase.php:44
/var/www/html/tests/TestCase.php:36
/var/www/html/tests/Feature/Http/Controllers/Api/ProductControllerTest.php:20</error>
        </testcase>
        <testcase name="test_returns_404_for_nonexistent_product" file="/var/www/html/tests/Feature/Http/Controllers/Api/ProductControllerTest.php" line="93" class="Tests\Feature\Http\Controllers\Api\ProductControllerTest" classname="Tests.Feature.Http.Controllers.Api.ProductControllerTest" assertions="0" time="0.000000">
          <error type="Error">Tests\Feature\Http\Controllers\Api\ProductControllerTest::test_returns_404_for_nonexistent_product
Error: Class "Laravel\Dusk\DuskServiceProvider" not found

/var/www/html/vendor/laravel/framework/src/Illuminate/Foundation/Application.php:961
/var/www/html/vendor/laravel/framework/src/Illuminate/Foundation/Application.php:893
/var/www/html/app/Providers/AppServiceProvider.php:51
/var/www/html/vendor/laravel/framework/src/Illuminate/Foundation/Application.php:896
/var/www/html/vendor/laravel/framework/src/Illuminate/Foundation/ProviderRepository.php:74
/var/www/html/vendor/laravel/framework/src/Illuminate/Foundation/Application.php:871
/var/www/html/vendor/laravel/framework/src/Illuminate/Foundation/Bootstrap/RegisterProviders.php:37
/var/www/html/vendor/laravel/framework/src/Illuminate/Foundation/Application.php:342
/var/www/html/vendor/laravel/framework/src/Illuminate/Foundation/Console/Kernel.php:473
/var/www/html/tests/CreatesApplication.php:31
/var/www/html/vendor/laravel/framework/src/Illuminate/Foundation/Testing/TestCase.php:54
/var/www/html/vendor/laravel/framework/src/Illuminate/Foundation/Testing/Concerns/InteractsWithTestCaseLifecycle.php:92
/var/www/html/vendor/laravel/framework/src/Illuminate/Foundation/Testing/TestCase.php:44
/var/www/html/tests/TestCase.php:36
/var/www/html/tests/Feature/Http/Controllers/Api/ProductControllerTest.php:20</error>
        </testcase>
        <testcase name="test_can_sort_products" file="/var/www/html/tests/Feature/Http/Controllers/Api/ProductControllerTest.php" line="142" class="Tests\Feature\Http\Controllers\Api\ProductControllerTest" classname="Tests.Feature.Http.Controllers.Api.ProductControllerTest" assertions="0" time="0.000000">
          <error type="Error">Tests\Feature\Http\Controllers\Api\ProductControllerTest::test_can_sort_products
Error: Class "Laravel\Dusk\DuskServiceProvider" not found

/var/www/html/vendor/laravel/framework/src/Illuminate/Foundation/Application.php:961
/var/www/html/vendor/laravel/framework/src/Illuminate/Foundation/Application.php:893
/var/www/html/app/Providers/AppServiceProvider.php:51
/var/www/html/vendor/laravel/framework/src/Illuminate/Foundation/Application.php:896
/var/www/html/vendor/laravel/framework/src/Illuminate/Foundation/ProviderRepository.php:74
/var/www/html/vendor/laravel/framework/src/Illuminate/Foundation/Application.php:871
/var/www/html/vendor/laravel/framework/src/Illuminate/Foundation/Bootstrap/RegisterProviders.php:37
/var/www/html/vendor/laravel/framework/src/Illuminate/Foundation/Application.php:342
/var/www/html/vendor/laravel/framework/src/Illuminate/Foundation/Console/Kernel.php:473
/var/www/html/tests/CreatesApplication.php:31
/var/www/html/vendor/laravel/framework/src/Illuminate/Foundation/Testing/TestCase.php:54
/var/www/html/vendor/laravel/framework/src/Illuminate/Foundation/Testing/Concerns/InteractsWithTestCaseLifecycle.php:92
/var/www/html/vendor/laravel/framework/src/Illuminate/Foundation/Testing/TestCase.php:44
/var/www/html/tests/TestCase.php:36
/var/www/html/tests/Feature/Http/Controllers/Api/ProductControllerTest.php:20</error>
        </testcase>
        <testcase name="test_can_paginate_products" file="/var/www/html/tests/Feature/Http/Controllers/Api/ProductControllerTest.php" line="161" class="Tests\Feature\Http\Controllers\Api\ProductControllerTest" classname="Tests.Feature.Http.Controllers.Api.ProductControllerTest" assertions="0" time="0.000000">
          <error type="Error">Tests\Feature\Http\Controllers\Api\ProductControllerTest::test_can_paginate_products
Error: Class "Laravel\Dusk\DuskServiceProvider" not found

/var/www/html/vendor/laravel/framework/src/Illuminate/Foundation/Application.php:961
/var/www/html/vendor/laravel/framework/src/Illuminate/Foundation/Application.php:893
/var/www/html/app/Providers/AppServiceProvider.php:51
/var/www/html/vendor/laravel/framework/src/Illuminate/Foundation/Application.php:896
/var/www/html/vendor/laravel/framework/src/Illuminate/Foundation/ProviderRepository.php:74
/var/www/html/vendor/laravel/framework/src/Illuminate/Foundation/Application.php:871
/var/www/html/vendor/laravel/framework/src/Illuminate/Foundation/Bootstrap/RegisterProviders.php:37
/var/www/html/vendor/laravel/framework/src/Illuminate/Foundation/Application.php:342
/var/www/html/vendor/laravel/framework/src/Illuminate/Foundation/Console/Kernel.php:473
/var/www/html/tests/CreatesApplication.php:31
/var/www/html/vendor/laravel/framework/src/Illuminate/Foundation/Testing/TestCase.php:54
/var/www/html/vendor/laravel/framework/src/Illuminate/Foundation/Testing/Concerns/InteractsWithTestCaseLifecycle.php:92
/var/www/html/vendor/laravel/framework/src/Illuminate/Foundation/Testing/TestCase.php:44
/var/www/html/tests/TestCase.php:36
/var/www/html/tests/Feature/Http/Controllers/Api/ProductControllerTest.php:20</error>
        </testcase>
        <testcase name="test_can_show_specific_product" file="/var/www/html/tests/Feature/Http/Controllers/Api/ProductControllerTest.php" line="62" class="Tests\Feature\Http\Controllers\Api\ProductControllerTest" classname="Tests.Feature.Http.Controllers.Api.ProductControllerTest" assertions="0" time="0.000000">
          <error type="Error">Tests\Feature\Http\Controllers\Api\ProductControllerTest::test_can_show_specific_product
Error: Class "Laravel\Dusk\DuskServiceProvider" not found

/var/www/html/vendor/laravel/framework/src/Illuminate/Foundation/Application.php:961
/var/www/html/vendor/laravel/framework/src/Illuminate/Foundation/Application.php:893
/var/www/html/app/Providers/AppServiceProvider.php:51
/var/www/html/vendor/laravel/framework/src/Illuminate/Foundation/Application.php:896
/var/www/html/vendor/laravel/framework/src/Illuminate/Foundation/ProviderRepository.php:74
/var/www/html/vendor/laravel/framework/src/Illuminate/Foundation/Application.php:871
/var/www/html/vendor/laravel/framework/src/Illuminate/Foundation/Bootstrap/RegisterProviders.php:37
/var/www/html/vendor/laravel/framework/src/Illuminate/Foundation/Application.php:342
/var/www/html/vendor/laravel/framework/src/Illuminate/Foundation/Console/Kernel.php:473
/var/www/html/tests/CreatesApplication.php:31
/var/www/html/vendor/laravel/framework/src/Illuminate/Foundation/Testing/TestCase.php:54
/var/www/html/vendor/laravel/framework/src/Illuminate/Foundation/Testing/Concerns/InteractsWithTestCaseLifecycle.php:92
/var/www/html/vendor/laravel/framework/src/Illuminate/Foundation/Testing/TestCase.php:44
/var/www/html/tests/TestCase.php:36
/var/www/html/tests/Feature/Http/Controllers/Api/ProductControllerTest.php:20</error>
        </testcase>
      </testsuite>
      <testsuite name="Tests\Feature\Services\BackupServiceTest" file="/var/www/html/tests/Feature/Services/BackupServiceTest.php" tests="11" assertions="0" errors="11" failures="0" skipped="0" time="0.000000">
        <testcase name="test_creates_files_backup_successfully" file="/var/www/html/tests/Feature/Services/BackupServiceTest.php" line="232" class="Tests\Feature\Services\BackupServiceTest" classname="Tests.Feature.Services.BackupServiceTest" assertions="0" time="0.000000">
          <error type="Error">Tests\Feature\Services\BackupServiceTest::test_creates_files_backup_successfully
Error: Class "Laravel\Dusk\DuskServiceProvider" not found

/var/www/html/vendor/laravel/framework/src/Illuminate/Foundation/Application.php:961
/var/www/html/vendor/laravel/framework/src/Illuminate/Foundation/Application.php:893
/var/www/html/app/Providers/AppServiceProvider.php:51
/var/www/html/vendor/laravel/framework/src/Illuminate/Foundation/Application.php:896
/var/www/html/vendor/laravel/framework/src/Illuminate/Foundation/ProviderRepository.php:74
/var/www/html/vendor/laravel/framework/src/Illuminate/Foundation/Application.php:871
/var/www/html/vendor/laravel/framework/src/Illuminate/Foundation/Bootstrap/RegisterProviders.php:37
/var/www/html/vendor/laravel/framework/src/Illuminate/Foundation/Application.php:342
/var/www/html/vendor/laravel/framework/src/Illuminate/Foundation/Console/Kernel.php:473
/var/www/html/tests/CreatesApplication.php:31
/var/www/html/vendor/laravel/framework/src/Illuminate/Foundation/Testing/TestCase.php:54
/var/www/html/vendor/laravel/framework/src/Illuminate/Foundation/Testing/Concerns/InteractsWithTestCaseLifecycle.php:92
/var/www/html/vendor/laravel/framework/src/Illuminate/Foundation/Testing/TestCase.php:44
/var/www/html/tests/TestCase.php:36
/var/www/html/tests/Feature/Services/BackupServiceTest.php:26</error>
        </testcase>
        <testcase name="test_handles_restore_with_nonexistent_backup" file="/var/www/html/tests/Feature/Services/BackupServiceTest.php" line="357" class="Tests\Feature\Services\BackupServiceTest" classname="Tests.Feature.Services.BackupServiceTest" assertions="0" time="0.000000">
          <error type="Error">Tests\Feature\Services\BackupServiceTest::test_handles_restore_with_nonexistent_backup
Error: Class "Laravel\Dusk\DuskServiceProvider" not found

/var/www/html/vendor/laravel/framework/src/Illuminate/Foundation/Application.php:961
/var/www/html/vendor/laravel/framework/src/Illuminate/Foundation/Application.php:893
/var/www/html/app/Providers/AppServiceProvider.php:51
/var/www/html/vendor/laravel/framework/src/Illuminate/Foundation/Application.php:896
/var/www/html/vendor/laravel/framework/src/Illuminate/Foundation/ProviderRepository.php:74
/var/www/html/vendor/laravel/framework/src/Illuminate/Foundation/Application.php:871
/var/www/html/vendor/laravel/framework/src/Illuminate/Foundation/Bootstrap/RegisterProviders.php:37
/var/www/html/vendor/laravel/framework/src/Illuminate/Foundation/Application.php:342
/var/www/html/vendor/laravel/framework/src/Illuminate/Foundation/Console/Kernel.php:473
/var/www/html/tests/CreatesApplication.php:31
/var/www/html/vendor/laravel/framework/src/Illuminate/Foundation/Testing/TestCase.php:54
/var/www/html/vendor/laravel/framework/src/Illuminate/Foundation/Testing/Concerns/InteractsWithTestCaseLifecycle.php:92
/var/www/html/vendor/laravel/framework/src/Illuminate/Foundation/Testing/TestCase.php:44
/var/www/html/tests/TestCase.php:36
/var/www/html/tests/Feature/Services/BackupServiceTest.php:26</error>
        </testcase>
        <testcase name="test_returns_empty_list_when_no_backup_directory" file="/var/www/html/tests/Feature/Services/BackupServiceTest.php" line="412" class="Tests\Feature\Services\BackupServiceTest" classname="Tests.Feature.Services.BackupServiceTest" assertions="0" time="0.000000">
          <error type="Error">Tests\Feature\Services\BackupServiceTest::test_returns_empty_list_when_no_backup_directory
Error: Class "Laravel\Dusk\DuskServiceProvider" not found

/var/www/html/vendor/laravel/framework/src/Illuminate/Foundation/Application.php:961
/var/www/html/vendor/laravel/framework/src/Illuminate/Foundation/Application.php:893
/var/www/html/app/Providers/AppServiceProvider.php:51
/var/www/html/vendor/laravel/framework/src/Illuminate/Foundation/Application.php:896
/var/www/html/vendor/laravel/framework/src/Illuminate/Foundation/ProviderRepository.php:74
/var/www/html/vendor/laravel/framework/src/Illuminate/Foundation/Application.php:871
/var/www/html/vendor/laravel/framework/src/Illuminate/Foundation/Bootstrap/RegisterProviders.php:37
/var/www/html/vendor/laravel/framework/src/Illuminate/Foundation/Application.php:342
/var/www/html/vendor/laravel/framework/src/Illuminate/Foundation/Console/Kernel.php:473
/var/www/html/tests/CreatesApplication.php:31
/var/www/html/vendor/laravel/framework/src/Illuminate/Foundation/Testing/TestCase.php:54
/var/www/html/vendor/laravel/framework/src/Illuminate/Foundation/Testing/Concerns/InteractsWithTestCaseLifecycle.php:92
/var/www/html/vendor/laravel/framework/src/Illuminate/Foundation/Testing/TestCase.php:44
/var/www/html/tests/TestCase.php:36
/var/www/html/tests/Feature/Services/BackupServiceTest.php:26</error>
        </testcase>
        <testcase name="test_handles_delete_nonexistent_backup" file="/var/www/html/tests/Feature/Services/BackupServiceTest.php" line="448" class="Tests\Feature\Services\BackupServiceTest" classname="Tests.Feature.Services.BackupServiceTest" assertions="0" time="0.000000">
          <error type="Error">Tests\Feature\Services\BackupServiceTest::test_handles_delete_nonexistent_backup
Error: Class "Laravel\Dusk\DuskServiceProvider" not found

/var/www/html/vendor/laravel/framework/src/Illuminate/Foundation/Application.php:961
/var/www/html/vendor/laravel/framework/src/Illuminate/Foundation/Application.php:893
/var/www/html/app/Providers/AppServiceProvider.php:51
/var/www/html/vendor/laravel/framework/src/Illuminate/Foundation/Application.php:896
/var/www/html/vendor/laravel/framework/src/Illuminate/Foundation/ProviderRepository.php:74
/var/www/html/vendor/laravel/framework/src/Illuminate/Foundation/Application.php:871
/var/www/html/vendor/laravel/framework/src/Illuminate/Foundation/Bootstrap/RegisterProviders.php:37
/var/www/html/vendor/laravel/framework/src/Illuminate/Foundation/Application.php:342
/var/www/html/vendor/laravel/framework/src/Illuminate/Foundation/Console/Kernel.php:473
/var/www/html/tests/CreatesApplication.php:31
/var/www/html/vendor/laravel/framework/src/Illuminate/Foundation/Testing/TestCase.php:54
/var/www/html/vendor/laravel/framework/src/Illuminate/Foundation/Testing/Concerns/InteractsWithTestCaseLifecycle.php:92
/var/www/html/vendor/laravel/framework/src/Illuminate/Foundation/Testing/TestCase.php:44
/var/www/html/tests/TestCase.php:36
/var/www/html/tests/Feature/Services/BackupServiceTest.php:26</error>
        </testcase>
        <testcase name="test_deletes_backup_successfully" file="/var/www/html/tests/Feature/Services/BackupServiceTest.php" line="427" class="Tests\Feature\Services\BackupServiceTest" classname="Tests.Feature.Services.BackupServiceTest" assertions="0" time="0.000000">
          <error type="Error">Tests\Feature\Services\BackupServiceTest::test_deletes_backup_successfully
Error: Class "Laravel\Dusk\DuskServiceProvider" not found

/var/www/html/vendor/laravel/framework/src/Illuminate/Foundation/Application.php:961
/var/www/html/vendor/laravel/framework/src/Illuminate/Foundation/Application.php:893
/var/www/html/app/Providers/AppServiceProvider.php:51
/var/www/html/vendor/laravel/framework/src/Illuminate/Foundation/Application.php:896
/var/www/html/vendor/laravel/framework/src/Illuminate/Foundation/ProviderRepository.php:74
/var/www/html/vendor/laravel/framework/src/Illuminate/Foundation/Application.php:871
/var/www/html/vendor/laravel/framework/src/Illuminate/Foundation/Bootstrap/RegisterProviders.php:37
/var/www/html/vendor/laravel/framework/src/Illuminate/Foundation/Application.php:342
/var/www/html/vendor/laravel/framework/src/Illuminate/Foundation/Console/Kernel.php:473
/var/www/html/tests/CreatesApplication.php:31
/var/www/html/vendor/laravel/framework/src/Illuminate/Foundation/Testing/TestCase.php:54
/var/www/html/vendor/laravel/framework/src/Illuminate/Foundation/Testing/Concerns/InteractsWithTestCaseLifecycle.php:92
/var/www/html/vendor/laravel/framework/src/Illuminate/Foundation/Testing/TestCase.php:44
/var/www/html/tests/TestCase.php:36
/var/www/html/tests/Feature/Services/BackupServiceTest.php:26</error>
        </testcase>
        <testcase name="test_restores_from_backup_successfully" file="/var/www/html/tests/Feature/Services/BackupServiceTest.php" line="289" class="Tests\Feature\Services\BackupServiceTest" classname="Tests.Feature.Services.BackupServiceTest" assertions="0" time="0.000000">
          <error type="Error">Tests\Feature\Services\BackupServiceTest::test_restores_from_backup_successfully
Error: Class "Laravel\Dusk\DuskServiceProvider" not found

/var/www/html/vendor/laravel/framework/src/Illuminate/Foundation/Application.php:961
/var/www/html/vendor/laravel/framework/src/Illuminate/Foundation/Application.php:893
/var/www/html/app/Providers/AppServiceProvider.php:51
/var/www/html/vendor/laravel/framework/src/Illuminate/Foundation/Application.php:896
/var/www/html/vendor/laravel/framework/src/Illuminate/Foundation/ProviderRepository.php:74
/var/www/html/vendor/laravel/framework/src/Illuminate/Foundation/Application.php:871
/var/www/html/vendor/laravel/framework/src/Illuminate/Foundation/Bootstrap/RegisterProviders.php:37
/var/www/html/vendor/laravel/framework/src/Illuminate/Foundation/Application.php:342
/var/www/html/vendor/laravel/framework/src/Illuminate/Foundation/Console/Kernel.php:473
/var/www/html/tests/CreatesApplication.php:31
/var/www/html/vendor/laravel/framework/src/Illuminate/Foundation/Testing/TestCase.php:54
/var/www/html/vendor/laravel/framework/src/Illuminate/Foundation/Testing/Concerns/InteractsWithTestCaseLifecycle.php:92
/var/www/html/vendor/laravel/framework/src/Illuminate/Foundation/Testing/TestCase.php:44
/var/www/html/tests/TestCase.php:36
/var/www/html/tests/Feature/Services/BackupServiceTest.php:26</error>
        </testcase>
        <testcase name="test_handles_full_backup_exception" file="/var/www/html/tests/Feature/Services/BackupServiceTest.php" line="134" class="Tests\Feature\Services\BackupServiceTest" classname="Tests.Feature.Services.BackupServiceTest" assertions="0" time="0.000000">
          <error type="Error">Tests\Feature\Services\BackupServiceTest::test_handles_full_backup_exception
Error: Class "Laravel\Dusk\DuskServiceProvider" not found

/var/www/html/vendor/laravel/framework/src/Illuminate/Foundation/Application.php:961
/var/www/html/vendor/laravel/framework/src/Illuminate/Foundation/Application.php:893
/var/www/html/app/Providers/AppServiceProvider.php:51
/var/www/html/vendor/laravel/framework/src/Illuminate/Foundation/Application.php:896
/var/www/html/vendor/laravel/framework/src/Illuminate/Foundation/ProviderRepository.php:74
/var/www/html/vendor/laravel/framework/src/Illuminate/Foundation/Application.php:871
/var/www/html/vendor/laravel/framework/src/Illuminate/Foundation/Bootstrap/RegisterProviders.php:37
/var/www/html/vendor/laravel/framework/src/Illuminate/Foundation/Application.php:342
/var/www/html/vendor/laravel/framework/src/Illuminate/Foundation/Console/Kernel.php:473
/var/www/html/tests/CreatesApplication.php:31
/var/www/html/vendor/laravel/framework/src/Illuminate/Foundation/Testing/TestCase.php:54
/var/www/html/vendor/laravel/framework/src/Illuminate/Foundation/Testing/Concerns/InteractsWithTestCaseLifecycle.php:92
/var/www/html/vendor/laravel/framework/src/Illuminate/Foundation/Testing/TestCase.php:44
/var/www/html/tests/TestCase.php:36
/var/www/html/tests/Feature/Services/BackupServiceTest.php:26</error>
        </testcase>
        <testcase name="test_creates_full_backup_successfully" file="/var/www/html/tests/Feature/Services/BackupServiceTest.php" line="51" class="Tests\Feature\Services\BackupServiceTest" classname="Tests.Feature.Services.BackupServiceTest" assertions="0" time="0.000000">
          <error type="Error">Tests\Feature\Services\BackupServiceTest::test_creates_full_backup_successfully
Error: Class "Laravel\Dusk\DuskServiceProvider" not found

/var/www/html/vendor/laravel/framework/src/Illuminate/Foundation/Application.php:961
/var/www/html/vendor/laravel/framework/src/Illuminate/Foundation/Application.php:893
/var/www/html/app/Providers/AppServiceProvider.php:51
/var/www/html/vendor/laravel/framework/src/Illuminate/Foundation/Application.php:896
/var/www/html/vendor/laravel/framework/src/Illuminate/Foundation/ProviderRepository.php:74
/var/www/html/vendor/laravel/framework/src/Illuminate/Foundation/Application.php:871
/var/www/html/vendor/laravel/framework/src/Illuminate/Foundation/Bootstrap/RegisterProviders.php:37
/var/www/html/vendor/laravel/framework/src/Illuminate/Foundation/Application.php:342
/var/www/html/vendor/laravel/framework/src/Illuminate/Foundation/Console/Kernel.php:473
/var/www/html/tests/CreatesApplication.php:31
/var/www/html/vendor/laravel/framework/src/Illuminate/Foundation/Testing/TestCase.php:54
/var/www/html/vendor/laravel/framework/src/Illuminate/Foundation/Testing/Concerns/InteractsWithTestCaseLifecycle.php:92
/var/www/html/vendor/laravel/framework/src/Illuminate/Foundation/Testing/TestCase.php:44
/var/www/html/tests/TestCase.php:36
/var/www/html/tests/Feature/Services/BackupServiceTest.php:26</error>
        </testcase>
        <testcase name="test_creates_database_backup_successfully" file="/var/www/html/tests/Feature/Services/BackupServiceTest.php" line="159" class="Tests\Feature\Services\BackupServiceTest" classname="Tests.Feature.Services.BackupServiceTest" assertions="0" time="0.000000">
          <error type="Error">Tests\Feature\Services\BackupServiceTest::test_creates_database_backup_successfully
Error: Class "Laravel\Dusk\DuskServiceProvider" not found

/var/www/html/vendor/laravel/framework/src/Illuminate/Foundation/Application.php:961
/var/www/html/vendor/laravel/framework/src/Illuminate/Foundation/Application.php:893
/var/www/html/app/Providers/AppServiceProvider.php:51
/var/www/html/vendor/laravel/framework/src/Illuminate/Foundation/Application.php:896
/var/www/html/vendor/laravel/framework/src/Illuminate/Foundation/ProviderRepository.php:74
/var/www/html/vendor/laravel/framework/src/Illuminate/Foundation/Application.php:871
/var/www/html/vendor/laravel/framework/src/Illuminate/Foundation/Bootstrap/RegisterProviders.php:37
/var/www/html/vendor/laravel/framework/src/Illuminate/Foundation/Application.php:342
/var/www/html/vendor/laravel/framework/src/Illuminate/Foundation/Console/Kernel.php:473
/var/www/html/tests/CreatesApplication.php:31
/var/www/html/vendor/laravel/framework/src/Illuminate/Foundation/Testing/TestCase.php:54
/var/www/html/vendor/laravel/framework/src/Illuminate/Foundation/Testing/Concerns/InteractsWithTestCaseLifecycle.php:92
/var/www/html/vendor/laravel/framework/src/Illuminate/Foundation/Testing/TestCase.php:44
/var/www/html/tests/TestCase.php:36
/var/www/html/tests/Feature/Services/BackupServiceTest.php:26</error>
        </testcase>
        <testcase name="test_cleans_old_backups" file="/var/www/html/tests/Feature/Services/BackupServiceTest.php" line="463" class="Tests\Feature\Services\BackupServiceTest" classname="Tests.Feature.Services.BackupServiceTest" assertions="0" time="0.000000">
          <error type="Error">Tests\Feature\Services\BackupServiceTest::test_cleans_old_backups
Error: Class "Laravel\Dusk\DuskServiceProvider" not found

/var/www/html/vendor/laravel/framework/src/Illuminate/Foundation/Application.php:961
/var/www/html/vendor/laravel/framework/src/Illuminate/Foundation/Application.php:893
/var/www/html/app/Providers/AppServiceProvider.php:51
/var/www/html/vendor/laravel/framework/src/Illuminate/Foundation/Application.php:896
/var/www/html/vendor/laravel/framework/src/Illuminate/Foundation/ProviderRepository.php:74
/var/www/html/vendor/laravel/framework/src/Illuminate/Foundation/Application.php:871
/var/www/html/vendor/laravel/framework/src/Illuminate/Foundation/Bootstrap/RegisterProviders.php:37
/var/www/html/vendor/laravel/framework/src/Illuminate/Foundation/Application.php:342
/var/www/html/vendor/laravel/framework/src/Illuminate/Foundation/Console/Kernel.php:473
/var/www/html/tests/CreatesApplication.php:31
/var/www/html/vendor/laravel/framework/src/Illuminate/Foundation/Testing/TestCase.php:54
/var/www/html/vendor/laravel/framework/src/Illuminate/Foundation/Testing/Concerns/InteractsWithTestCaseLifecycle.php:92
/var/www/html/vendor/laravel/framework/src/Illuminate/Foundation/Testing/TestCase.php:44
/var/www/html/tests/TestCase.php:36
/var/www/html/tests/Feature/Services/BackupServiceTest.php:26</error>
        </testcase>
        <testcase name="test_lists_backups_successfully" file="/var/www/html/tests/Feature/Services/BackupServiceTest.php" line="373" class="Tests\Feature\Services\BackupServiceTest" classname="Tests.Feature.Services.BackupServiceTest" assertions="0" time="0.000000">
          <error type="Error">Tests\Feature\Services\BackupServiceTest::test_lists_backups_successfully
Error: Class "Laravel\Dusk\DuskServiceProvider" not found

/var/www/html/vendor/laravel/framework/src/Illuminate/Foundation/Application.php:961
/var/www/html/vendor/laravel/framework/src/Illuminate/Foundation/Application.php:893
/var/www/html/app/Providers/AppServiceProvider.php:51
/var/www/html/vendor/laravel/framework/src/Illuminate/Foundation/Application.php:896
/var/www/html/vendor/laravel/framework/src/Illuminate/Foundation/ProviderRepository.php:74
/var/www/html/vendor/laravel/framework/src/Illuminate/Foundation/Application.php:871
/var/www/html/vendor/laravel/framework/src/Illuminate/Foundation/Bootstrap/RegisterProviders.php:37
/var/www/html/vendor/laravel/framework/src/Illuminate/Foundation/Application.php:342
/var/www/html/vendor/laravel/framework/src/Illuminate/Foundation/Console/Kernel.php:473
/var/www/html/tests/CreatesApplication.php:31
/var/www/html/vendor/laravel/framework/src/Illuminate/Foundation/Testing/TestCase.php:54
/var/www/html/vendor/laravel/framework/src/Illuminate/Foundation/Testing/Concerns/InteractsWithTestCaseLifecycle.php:92
/var/www/html/vendor/laravel/framework/src/Illuminate/Foundation/Testing/TestCase.php:44
/var/www/html/tests/TestCase.php:36
/var/www/html/tests/Feature/Services/BackupServiceTest.php:26</error>
        </testcase>
      </testsuite>
      <testsuite name="Tests\Feature\Models\CategoryTest" file="/var/www/html/tests/Feature/Models/CategoryTest.php" tests="13" assertions="0" errors="13" failures="0" skipped="0" time="0.000000">
        <testcase name="test_it_auto_generates_slug_from_name" file="/var/www/html/tests/Feature/Models/CategoryTest.php" line="156" class="Tests\Feature\Models\CategoryTest" classname="Tests.Feature.Models.CategoryTest" assertions="0" time="0.000000">
          <error type="Error">Tests\Feature\Models\CategoryTest::test_it_auto_generates_slug_from_name
Error: Class "Laravel\Dusk\DuskServiceProvider" not found

/var/www/html/vendor/laravel/framework/src/Illuminate/Foundation/Application.php:961
/var/www/html/vendor/laravel/framework/src/Illuminate/Foundation/Application.php:893
/var/www/html/app/Providers/AppServiceProvider.php:51
/var/www/html/vendor/laravel/framework/src/Illuminate/Foundation/Application.php:896
/var/www/html/vendor/laravel/framework/src/Illuminate/Foundation/ProviderRepository.php:74
/var/www/html/vendor/laravel/framework/src/Illuminate/Foundation/Application.php:871
/var/www/html/vendor/laravel/framework/src/Illuminate/Foundation/Bootstrap/RegisterProviders.php:37
/var/www/html/vendor/laravel/framework/src/Illuminate/Foundation/Application.php:342
/var/www/html/vendor/laravel/framework/src/Illuminate/Foundation/Console/Kernel.php:473
/var/www/html/tests/CreatesApplication.php:31
/var/www/html/vendor/laravel/framework/src/Illuminate/Foundation/Testing/TestCase.php:54
/var/www/html/vendor/laravel/framework/src/Illuminate/Foundation/Testing/Concerns/InteractsWithTestCaseLifecycle.php:92
/var/www/html/vendor/laravel/framework/src/Illuminate/Foundation/Testing/TestCase.php:44
/var/www/html/tests/TestCase.php:36</error>
        </testcase>
        <testcase name="test_it_can_validate_required_fields" file="/var/www/html/tests/Feature/Models/CategoryTest.php" line="58" class="Tests\Feature\Models\CategoryTest" classname="Tests.Feature.Models.CategoryTest" assertions="0" time="0.000000">
          <error type="Error">Tests\Feature\Models\CategoryTest::test_it_can_validate_required_fields
Error: Class "Laravel\Dusk\DuskServiceProvider" not found

/var/www/html/vendor/laravel/framework/src/Illuminate/Foundation/Application.php:961
/var/www/html/vendor/laravel/framework/src/Illuminate/Foundation/Application.php:893
/var/www/html/app/Providers/AppServiceProvider.php:51
/var/www/html/vendor/laravel/framework/src/Illuminate/Foundation/Application.php:896
/var/www/html/vendor/laravel/framework/src/Illuminate/Foundation/ProviderRepository.php:74
/var/www/html/vendor/laravel/framework/src/Illuminate/Foundation/Application.php:871
/var/www/html/vendor/laravel/framework/src/Illuminate/Foundation/Bootstrap/RegisterProviders.php:37
/var/www/html/vendor/laravel/framework/src/Illuminate/Foundation/Application.php:342
/var/www/html/vendor/laravel/framework/src/Illuminate/Foundation/Console/Kernel.php:473
/var/www/html/tests/CreatesApplication.php:31
/var/www/html/vendor/laravel/framework/src/Illuminate/Foundation/Testing/TestCase.php:54
/var/www/html/vendor/laravel/framework/src/Illuminate/Foundation/Testing/Concerns/InteractsWithTestCaseLifecycle.php:92
/var/www/html/vendor/laravel/framework/src/Illuminate/Foundation/Testing/TestCase.php:44
/var/www/html/tests/TestCase.php:36</error>
        </testcase>
        <testcase name="test_category_hierarchy_parent_child" file="/var/www/html/tests/Feature/Models/CategoryTest.php" line="179" class="Tests\Feature\Models\CategoryTest" classname="Tests.Feature.Models.CategoryTest" assertions="0" time="0.000000">
          <error type="Error">Tests\Feature\Models\CategoryTest::test_category_hierarchy_parent_child
Error: Class "Laravel\Dusk\DuskServiceProvider" not found

/var/www/html/vendor/laravel/framework/src/Illuminate/Foundation/Application.php:961
/var/www/html/vendor/laravel/framework/src/Illuminate/Foundation/Application.php:893
/var/www/html/app/Providers/AppServiceProvider.php:51
/var/www/html/vendor/laravel/framework/src/Illuminate/Foundation/Application.php:896
/var/www/html/vendor/laravel/framework/src/Illuminate/Foundation/ProviderRepository.php:74
/var/www/html/vendor/laravel/framework/src/Illuminate/Foundation/Application.php:871
/var/www/html/vendor/laravel/framework/src/Illuminate/Foundation/Bootstrap/RegisterProviders.php:37
/var/www/html/vendor/laravel/framework/src/Illuminate/Foundation/Application.php:342
/var/www/html/vendor/laravel/framework/src/Illuminate/Foundation/Console/Kernel.php:473
/var/www/html/tests/CreatesApplication.php:31
/var/www/html/vendor/laravel/framework/src/Illuminate/Foundation/Testing/TestCase.php:54
/var/www/html/vendor/laravel/framework/src/Illuminate/Foundation/Testing/Concerns/InteractsWithTestCaseLifecycle.php:92
/var/www/html/vendor/laravel/framework/src/Illuminate/Foundation/Testing/TestCase.php:44
/var/www/html/tests/TestCase.php:36</error>
        </testcase>
        <testcase name="test_it_can_search_categories_by_name" file="/var/www/html/tests/Feature/Models/CategoryTest.php" line="98" class="Tests\Feature\Models\CategoryTest" classname="Tests.Feature.Models.CategoryTest" assertions="0" time="0.000000">
          <error type="Error">Tests\Feature\Models\CategoryTest::test_it_can_search_categories_by_name
Error: Class "Laravel\Dusk\DuskServiceProvider" not found

/var/www/html/vendor/laravel/framework/src/Illuminate/Foundation/Application.php:961
/var/www/html/vendor/laravel/framework/src/Illuminate/Foundation/Application.php:893
/var/www/html/app/Providers/AppServiceProvider.php:51
/var/www/html/vendor/laravel/framework/src/Illuminate/Foundation/Application.php:896
/var/www/html/vendor/laravel/framework/src/Illuminate/Foundation/ProviderRepository.php:74
/var/www/html/vendor/laravel/framework/src/Illuminate/Foundation/Application.php:871
/var/www/html/vendor/laravel/framework/src/Illuminate/Foundation/Bootstrap/RegisterProviders.php:37
/var/www/html/vendor/laravel/framework/src/Illuminate/Foundation/Application.php:342
/var/www/html/vendor/laravel/framework/src/Illuminate/Foundation/Console/Kernel.php:473
/var/www/html/tests/CreatesApplication.php:31
/var/www/html/vendor/laravel/framework/src/Illuminate/Foundation/Testing/TestCase.php:54
/var/www/html/vendor/laravel/framework/src/Illuminate/Foundation/Testing/Concerns/InteractsWithTestCaseLifecycle.php:92
/var/www/html/vendor/laravel/framework/src/Illuminate/Foundation/Testing/TestCase.php:44
/var/www/html/tests/TestCase.php:36</error>
        </testcase>
        <testcase name="test_it_can_scope_active_categories" file="/var/www/html/tests/Feature/Models/CategoryTest.php" line="83" class="Tests\Feature\Models\CategoryTest" classname="Tests.Feature.Models.CategoryTest" assertions="0" time="0.000000">
          <error type="Error">Tests\Feature\Models\CategoryTest::test_it_can_scope_active_categories
Error: Class "Laravel\Dusk\DuskServiceProvider" not found

/var/www/html/vendor/laravel/framework/src/Illuminate/Foundation/Application.php:961
/var/www/html/vendor/laravel/framework/src/Illuminate/Foundation/Application.php:893
/var/www/html/app/Providers/AppServiceProvider.php:51
/var/www/html/vendor/laravel/framework/src/Illuminate/Foundation/Application.php:896
/var/www/html/vendor/laravel/framework/src/Illuminate/Foundation/ProviderRepository.php:74
/var/www/html/vendor/laravel/framework/src/Illuminate/Foundation/Application.php:871
/var/www/html/vendor/laravel/framework/src/Illuminate/Foundation/Bootstrap/RegisterProviders.php:37
/var/www/html/vendor/laravel/framework/src/Illuminate/Foundation/Application.php:342
/var/www/html/vendor/laravel/framework/src/Illuminate/Foundation/Console/Kernel.php:473
/var/www/html/tests/CreatesApplication.php:31
/var/www/html/vendor/laravel/framework/src/Illuminate/Foundation/Testing/TestCase.php:54
/var/www/html/vendor/laravel/framework/src/Illuminate/Foundation/Testing/Concerns/InteractsWithTestCaseLifecycle.php:92
/var/www/html/vendor/laravel/framework/src/Illuminate/Foundation/Testing/TestCase.php:44
/var/www/html/tests/TestCase.php:36</error>
        </testcase>
        <testcase name="test_it_updates_slug_when_name_changes" file="/var/www/html/tests/Feature/Models/CategoryTest.php" line="166" class="Tests\Feature\Models\CategoryTest" classname="Tests.Feature.Models.CategoryTest" assertions="0" time="0.000000">
          <error type="Error">Tests\Feature\Models\CategoryTest::test_it_updates_slug_when_name_changes
Error: Class "Laravel\Dusk\DuskServiceProvider" not found

/var/www/html/vendor/laravel/framework/src/Illuminate/Foundation/Application.php:961
/var/www/html/vendor/laravel/framework/src/Illuminate/Foundation/Application.php:893
/var/www/html/app/Providers/AppServiceProvider.php:51
/var/www/html/vendor/laravel/framework/src/Illuminate/Foundation/Application.php:896
/var/www/html/vendor/laravel/framework/src/Illuminate/Foundation/ProviderRepository.php:74
/var/www/html/vendor/laravel/framework/src/Illuminate/Foundation/Application.php:871
/var/www/html/vendor/laravel/framework/src/Illuminate/Foundation/Bootstrap/RegisterProviders.php:37
/var/www/html/vendor/laravel/framework/src/Illuminate/Foundation/Application.php:342
/var/www/html/vendor/laravel/framework/src/Illuminate/Foundation/Console/Kernel.php:473
/var/www/html/tests/CreatesApplication.php:31
/var/www/html/vendor/laravel/framework/src/Illuminate/Foundation/Testing/TestCase.php:54
/var/www/html/vendor/laravel/framework/src/Illuminate/Foundation/Testing/Concerns/InteractsWithTestCaseLifecycle.php:92
/var/www/html/vendor/laravel/framework/src/Illuminate/Foundation/Testing/TestCase.php:44
/var/www/html/tests/TestCase.php:36</error>
        </testcase>
        <testcase name="test_it_can_restore_soft_deleted_category" file="/var/www/html/tests/Feature/Models/CategoryTest.php" line="141" class="Tests\Feature\Models\CategoryTest" classname="Tests.Feature.Models.CategoryTest" assertions="0" time="0.000000">
          <error type="Error">Tests\Feature\Models\CategoryTest::test_it_can_restore_soft_deleted_category
Error: Class "Laravel\Dusk\DuskServiceProvider" not found

/var/www/html/vendor/laravel/framework/src/Illuminate/Foundation/Application.php:961
/var/www/html/vendor/laravel/framework/src/Illuminate/Foundation/Application.php:893
/var/www/html/app/Providers/AppServiceProvider.php:51
/var/www/html/vendor/laravel/framework/src/Illuminate/Foundation/Application.php:896
/var/www/html/vendor/laravel/framework/src/Illuminate/Foundation/ProviderRepository.php:74
/var/www/html/vendor/laravel/framework/src/Illuminate/Foundation/Application.php:871
/var/www/html/vendor/laravel/framework/src/Illuminate/Foundation/Bootstrap/RegisterProviders.php:37
/var/www/html/vendor/laravel/framework/src/Illuminate/Foundation/Application.php:342
/var/www/html/vendor/laravel/framework/src/Illuminate/Foundation/Console/Kernel.php:473
/var/www/html/tests/CreatesApplication.php:31
/var/www/html/vendor/laravel/framework/src/Illuminate/Foundation/Testing/TestCase.php:54
/var/www/html/vendor/laravel/framework/src/Illuminate/Foundation/Testing/Concerns/InteractsWithTestCaseLifecycle.php:92
/var/www/html/vendor/laravel/framework/src/Illuminate/Foundation/Testing/TestCase.php:44
/var/www/html/tests/TestCase.php:36</error>
        </testcase>
        <testcase name="test_level_calculation_on_parent_change" file="/var/www/html/tests/Feature/Models/CategoryTest.php" line="198" class="Tests\Feature\Models\CategoryTest" classname="Tests.Feature.Models.CategoryTest" assertions="0" time="0.000000">
          <error type="Error">Tests\Feature\Models\CategoryTest::test_level_calculation_on_parent_change
Error: Class "Laravel\Dusk\DuskServiceProvider" not found

/var/www/html/vendor/laravel/framework/src/Illuminate/Foundation/Application.php:961
/var/www/html/vendor/laravel/framework/src/Illuminate/Foundation/Application.php:893
/var/www/html/app/Providers/AppServiceProvider.php:51
/var/www/html/vendor/laravel/framework/src/Illuminate/Foundation/Application.php:896
/var/www/html/vendor/laravel/framework/src/Illuminate/Foundation/ProviderRepository.php:74
/var/www/html/vendor/laravel/framework/src/Illuminate/Foundation/Application.php:871
/var/www/html/vendor/laravel/framework/src/Illuminate/Foundation/Bootstrap/RegisterProviders.php:37
/var/www/html/vendor/laravel/framework/src/Illuminate/Foundation/Application.php:342
/var/www/html/vendor/laravel/framework/src/Illuminate/Foundation/Console/Kernel.php:473
/var/www/html/tests/CreatesApplication.php:31
/var/www/html/vendor/laravel/framework/src/Illuminate/Foundation/Testing/TestCase.php:54
/var/www/html/vendor/laravel/framework/src/Illuminate/Foundation/Testing/Concerns/InteractsWithTestCaseLifecycle.php:92
/var/www/html/vendor/laravel/framework/src/Illuminate/Foundation/Testing/TestCase.php:44
/var/www/html/tests/TestCase.php:36</error>
        </testcase>
        <testcase name="test_it_can_get_category_with_products_count" file="/var/www/html/tests/Feature/Models/CategoryTest.php" line="113" class="Tests\Feature\Models\CategoryTest" classname="Tests.Feature.Models.CategoryTest" assertions="0" time="0.000000">
          <error type="Error">Tests\Feature\Models\CategoryTest::test_it_can_get_category_with_products_count
Error: Class "Laravel\Dusk\DuskServiceProvider" not found

/var/www/html/vendor/laravel/framework/src/Illuminate/Foundation/Application.php:961
/var/www/html/vendor/laravel/framework/src/Illuminate/Foundation/Application.php:893
/var/www/html/app/Providers/AppServiceProvider.php:51
/var/www/html/vendor/laravel/framework/src/Illuminate/Foundation/Application.php:896
/var/www/html/vendor/laravel/framework/src/Illuminate/Foundation/ProviderRepository.php:74
/var/www/html/vendor/laravel/framework/src/Illuminate/Foundation/Application.php:871
/var/www/html/vendor/laravel/framework/src/Illuminate/Foundation/Bootstrap/RegisterProviders.php:37
/var/www/html/vendor/laravel/framework/src/Illuminate/Foundation/Application.php:342
/var/www/html/vendor/laravel/framework/src/Illuminate/Foundation/Console/Kernel.php:473
/var/www/html/tests/CreatesApplication.php:31
/var/www/html/vendor/laravel/framework/src/Illuminate/Foundation/Testing/TestCase.php:54
/var/www/html/vendor/laravel/framework/src/Illuminate/Foundation/Testing/Concerns/InteractsWithTestCaseLifecycle.php:92
/var/www/html/vendor/laravel/framework/src/Illuminate/Foundation/Testing/TestCase.php:44
/var/www/html/tests/TestCase.php:36</error>
        </testcase>
        <testcase name="test_it_has_products_relationship" file="/var/www/html/tests/Feature/Models/CategoryTest.php" line="43" class="Tests\Feature\Models\CategoryTest" classname="Tests.Feature.Models.CategoryTest" assertions="0" time="0.000000">
          <error type="Error">Tests\Feature\Models\CategoryTest::test_it_has_products_relationship
Error: Class "Laravel\Dusk\DuskServiceProvider" not found

/var/www/html/vendor/laravel/framework/src/Illuminate/Foundation/Application.php:961
/var/www/html/vendor/laravel/framework/src/Illuminate/Foundation/Application.php:893
/var/www/html/app/Providers/AppServiceProvider.php:51
/var/www/html/vendor/laravel/framework/src/Illuminate/Foundation/Application.php:896
/var/www/html/vendor/laravel/framework/src/Illuminate/Foundation/ProviderRepository.php:74
/var/www/html/vendor/laravel/framework/src/Illuminate/Foundation/Application.php:871
/var/www/html/vendor/laravel/framework/src/Illuminate/Foundation/Bootstrap/RegisterProviders.php:37
/var/www/html/vendor/laravel/framework/src/Illuminate/Foundation/Application.php:342
/var/www/html/vendor/laravel/framework/src/Illuminate/Foundation/Console/Kernel.php:473
/var/www/html/tests/CreatesApplication.php:31
/var/www/html/vendor/laravel/framework/src/Illuminate/Foundation/Testing/TestCase.php:54
/var/www/html/vendor/laravel/framework/src/Illuminate/Foundation/Testing/Concerns/InteractsWithTestCaseLifecycle.php:92
/var/www/html/vendor/laravel/framework/src/Illuminate/Foundation/Testing/TestCase.php:44
/var/www/html/tests/TestCase.php:36</error>
        </testcase>
        <testcase name="test_it_can_create_a_category" file="/var/www/html/tests/Feature/Models/CategoryTest.php" line="20" class="Tests\Feature\Models\CategoryTest" classname="Tests.Feature.Models.CategoryTest" assertions="0" time="0.000000">
          <error type="Error">Tests\Feature\Models\CategoryTest::test_it_can_create_a_category
Error: Class "Laravel\Dusk\DuskServiceProvider" not found

/var/www/html/vendor/laravel/framework/src/Illuminate/Foundation/Application.php:961
/var/www/html/vendor/laravel/framework/src/Illuminate/Foundation/Application.php:893
/var/www/html/app/Providers/AppServiceProvider.php:51
/var/www/html/vendor/laravel/framework/src/Illuminate/Foundation/Application.php:896
/var/www/html/vendor/laravel/framework/src/Illuminate/Foundation/ProviderRepository.php:74
/var/www/html/vendor/laravel/framework/src/Illuminate/Foundation/Application.php:871
/var/www/html/vendor/laravel/framework/src/Illuminate/Foundation/Bootstrap/RegisterProviders.php:37
/var/www/html/vendor/laravel/framework/src/Illuminate/Foundation/Application.php:342
/var/www/html/vendor/laravel/framework/src/Illuminate/Foundation/Console/Kernel.php:473
/var/www/html/tests/CreatesApplication.php:31
/var/www/html/vendor/laravel/framework/src/Illuminate/Foundation/Testing/TestCase.php:54
/var/www/html/vendor/laravel/framework/src/Illuminate/Foundation/Testing/Concerns/InteractsWithTestCaseLifecycle.php:92
/var/www/html/vendor/laravel/framework/src/Illuminate/Foundation/Testing/TestCase.php:44
/var/www/html/tests/TestCase.php:36</error>
        </testcase>
        <testcase name="test_it_can_soft_delete_category" file="/var/www/html/tests/Feature/Models/CategoryTest.php" line="127" class="Tests\Feature\Models\CategoryTest" classname="Tests.Feature.Models.CategoryTest" assertions="0" time="0.000000">
          <error type="Error">Tests\Feature\Models\CategoryTest::test_it_can_soft_delete_category
Error: Class "Laravel\Dusk\DuskServiceProvider" not found

/var/www/html/vendor/laravel/framework/src/Illuminate/Foundation/Application.php:961
/var/www/html/vendor/laravel/framework/src/Illuminate/Foundation/Application.php:893
/var/www/html/app/Providers/AppServiceProvider.php:51
/var/www/html/vendor/laravel/framework/src/Illuminate/Foundation/Application.php:896
/var/www/html/vendor/laravel/framework/src/Illuminate/Foundation/ProviderRepository.php:74
/var/www/html/vendor/laravel/framework/src/Illuminate/Foundation/Application.php:871
/var/www/html/vendor/laravel/framework/src/Illuminate/Foundation/Bootstrap/RegisterProviders.php:37
/var/www/html/vendor/laravel/framework/src/Illuminate/Foundation/Application.php:342
/var/www/html/vendor/laravel/framework/src/Illuminate/Foundation/Console/Kernel.php:473
/var/www/html/tests/CreatesApplication.php:31
/var/www/html/vendor/laravel/framework/src/Illuminate/Foundation/Testing/TestCase.php:54
/var/www/html/vendor/laravel/framework/src/Illuminate/Foundation/Testing/Concerns/InteractsWithTestCaseLifecycle.php:92
/var/www/html/vendor/laravel/framework/src/Illuminate/Foundation/Testing/TestCase.php:44
/var/www/html/tests/TestCase.php:36</error>
        </testcase>
        <testcase name="test_it_can_validate_name_length" file="/var/www/html/tests/Feature/Models/CategoryTest.php" line="72" class="Tests\Feature\Models\CategoryTest" classname="Tests.Feature.Models.CategoryTest" assertions="0" time="0.000000">
          <error type="Error">Tests\Feature\Models\CategoryTest::test_it_can_validate_name_length
Error: Class "Laravel\Dusk\DuskServiceProvider" not found

/var/www/html/vendor/laravel/framework/src/Illuminate/Foundation/Application.php:961
/var/www/html/vendor/laravel/framework/src/Illuminate/Foundation/Application.php:893
/var/www/html/app/Providers/AppServiceProvider.php:51
/var/www/html/vendor/laravel/framework/src/Illuminate/Foundation/Application.php:896
/var/www/html/vendor/laravel/framework/src/Illuminate/Foundation/ProviderRepository.php:74
/var/www/html/vendor/laravel/framework/src/Illuminate/Foundation/Application.php:871
/var/www/html/vendor/laravel/framework/src/Illuminate/Foundation/Bootstrap/RegisterProviders.php:37
/var/www/html/vendor/laravel/framework/src/Illuminate/Foundation/Application.php:342
/var/www/html/vendor/laravel/framework/src/Illuminate/Foundation/Console/Kernel.php:473
/var/www/html/tests/CreatesApplication.php:31
/var/www/html/vendor/laravel/framework/src/Illuminate/Foundation/Testing/TestCase.php:54
/var/www/html/vendor/laravel/framework/src/Illuminate/Foundation/Testing/Concerns/InteractsWithTestCaseLifecycle.php:92
/var/www/html/vendor/laravel/framework/src/Illuminate/Foundation/Testing/TestCase.php:44
/var/www/html/tests/TestCase.php:36</error>
        </testcase>
      </testsuite>
      <testsuite name="Tests\Feature\Http\Controllers\UserControllerTest" file="/var/www/html/tests/Feature/Http/Controllers/UserControllerTest.php" tests="8" assertions="0" errors="8" failures="0" skipped="0" time="0.000000">
        <testcase name="test_requires_authentication_to_view_profile" file="/var/www/html/tests/Feature/Http/Controllers/UserControllerTest.php" line="42" class="Tests\Feature\Http\Controllers\UserControllerTest" classname="Tests.Feature.Http.Controllers.UserControllerTest" assertions="0" time="0.000000">
          <error type="Error">Tests\Feature\Http\Controllers\UserControllerTest::test_requires_authentication_to_view_profile
Error: Class "Laravel\Dusk\DuskServiceProvider" not found

/var/www/html/vendor/laravel/framework/src/Illuminate/Foundation/Application.php:961
/var/www/html/vendor/laravel/framework/src/Illuminate/Foundation/Application.php:893
/var/www/html/app/Providers/AppServiceProvider.php:51
/var/www/html/vendor/laravel/framework/src/Illuminate/Foundation/Application.php:896
/var/www/html/vendor/laravel/framework/src/Illuminate/Foundation/ProviderRepository.php:74
/var/www/html/vendor/laravel/framework/src/Illuminate/Foundation/Application.php:871
/var/www/html/vendor/laravel/framework/src/Illuminate/Foundation/Bootstrap/RegisterProviders.php:37
/var/www/html/vendor/laravel/framework/src/Illuminate/Foundation/Application.php:342
/var/www/html/vendor/laravel/framework/src/Illuminate/Foundation/Console/Kernel.php:473
/var/www/html/tests/CreatesApplication.php:31
/var/www/html/vendor/laravel/framework/src/Illuminate/Foundation/Testing/TestCase.php:54
/var/www/html/vendor/laravel/framework/src/Illuminate/Foundation/Testing/Concerns/InteractsWithTestCaseLifecycle.php:92
/var/www/html/vendor/laravel/framework/src/Illuminate/Foundation/Testing/TestCase.php:44
/var/www/html/tests/TestCase.php:36
/var/www/html/tests/Feature/Http/Controllers/UserControllerTest.php:20</error>
        </testcase>
        <testcase name="test_can_change_user_password" file="/var/www/html/tests/Feature/Http/Controllers/UserControllerTest.php" line="89" class="Tests\Feature\Http\Controllers\UserControllerTest" classname="Tests.Feature.Http.Controllers.UserControllerTest" assertions="0" time="0.000000">
          <error type="Error">Tests\Feature\Http\Controllers\UserControllerTest::test_can_change_user_password
Error: Class "Laravel\Dusk\DuskServiceProvider" not found

/var/www/html/vendor/laravel/framework/src/Illuminate/Foundation/Application.php:961
/var/www/html/vendor/laravel/framework/src/Illuminate/Foundation/Application.php:893
/var/www/html/app/Providers/AppServiceProvider.php:51
/var/www/html/vendor/laravel/framework/src/Illuminate/Foundation/Application.php:896
/var/www/html/vendor/laravel/framework/src/Illuminate/Foundation/ProviderRepository.php:74
/var/www/html/vendor/laravel/framework/src/Illuminate/Foundation/Application.php:871
/var/www/html/vendor/laravel/framework/src/Illuminate/Foundation/Bootstrap/RegisterProviders.php:37
/var/www/html/vendor/laravel/framework/src/Illuminate/Foundation/Application.php:342
/var/www/html/vendor/laravel/framework/src/Illuminate/Foundation/Console/Kernel.php:473
/var/www/html/tests/CreatesApplication.php:31
/var/www/html/vendor/laravel/framework/src/Illuminate/Foundation/Testing/TestCase.php:54
/var/www/html/vendor/laravel/framework/src/Illuminate/Foundation/Testing/Concerns/InteractsWithTestCaseLifecycle.php:92
/var/www/html/vendor/laravel/framework/src/Illuminate/Foundation/Testing/TestCase.php:44
/var/www/html/tests/TestCase.php:36
/var/www/html/tests/Feature/Http/Controllers/UserControllerTest.php:20</error>
        </testcase>
        <testcase name="test_can_update_user_profile" file="/var/www/html/tests/Feature/Http/Controllers/UserControllerTest.php" line="50" class="Tests\Feature\Http\Controllers\UserControllerTest" classname="Tests.Feature.Http.Controllers.UserControllerTest" assertions="0" time="0.000000">
          <error type="Error">Tests\Feature\Http\Controllers\UserControllerTest::test_can_update_user_profile
Error: Class "Laravel\Dusk\DuskServiceProvider" not found

/var/www/html/vendor/laravel/framework/src/Illuminate/Foundation/Application.php:961
/var/www/html/vendor/laravel/framework/src/Illuminate/Foundation/Application.php:893
/var/www/html/app/Providers/AppServiceProvider.php:51
/var/www/html/vendor/laravel/framework/src/Illuminate/Foundation/Application.php:896
/var/www/html/vendor/laravel/framework/src/Illuminate/Foundation/ProviderRepository.php:74
/var/www/html/vendor/laravel/framework/src/Illuminate/Foundation/Application.php:871
/var/www/html/vendor/laravel/framework/src/Illuminate/Foundation/Bootstrap/RegisterProviders.php:37
/var/www/html/vendor/laravel/framework/src/Illuminate/Foundation/Application.php:342
/var/www/html/vendor/laravel/framework/src/Illuminate/Foundation/Console/Kernel.php:473
/var/www/html/tests/CreatesApplication.php:31
/var/www/html/vendor/laravel/framework/src/Illuminate/Foundation/Testing/TestCase.php:54
/var/www/html/vendor/laravel/framework/src/Illuminate/Foundation/Testing/Concerns/InteractsWithTestCaseLifecycle.php:92
/var/www/html/vendor/laravel/framework/src/Illuminate/Foundation/Testing/TestCase.php:44
/var/www/html/tests/TestCase.php:36
/var/www/html/tests/Feature/Http/Controllers/UserControllerTest.php:20</error>
        </testcase>
        <testcase name="test_can_display_user_profile" file="/var/www/html/tests/Feature/Http/Controllers/UserControllerTest.php" line="30" class="Tests\Feature\Http\Controllers\UserControllerTest" classname="Tests.Feature.Http.Controllers.UserControllerTest" assertions="0" time="0.000000">
          <error type="Error">Tests\Feature\Http\Controllers\UserControllerTest::test_can_display_user_profile
Error: Class "Laravel\Dusk\DuskServiceProvider" not found

/var/www/html/vendor/laravel/framework/src/Illuminate/Foundation/Application.php:961
/var/www/html/vendor/laravel/framework/src/Illuminate/Foundation/Application.php:893
/var/www/html/app/Providers/AppServiceProvider.php:51
/var/www/html/vendor/laravel/framework/src/Illuminate/Foundation/Application.php:896
/var/www/html/vendor/laravel/framework/src/Illuminate/Foundation/ProviderRepository.php:74
/var/www/html/vendor/laravel/framework/src/Illuminate/Foundation/Application.php:871
/var/www/html/vendor/laravel/framework/src/Illuminate/Foundation/Bootstrap/RegisterProviders.php:37
/var/www/html/vendor/laravel/framework/src/Illuminate/Foundation/Application.php:342
/var/www/html/vendor/laravel/framework/src/Illuminate/Foundation/Console/Kernel.php:473
/var/www/html/tests/CreatesApplication.php:31
/var/www/html/vendor/laravel/framework/src/Illuminate/Foundation/Testing/TestCase.php:54
/var/www/html/vendor/laravel/framework/src/Illuminate/Foundation/Testing/Concerns/InteractsWithTestCaseLifecycle.php:92
/var/www/html/vendor/laravel/framework/src/Illuminate/Foundation/Testing/TestCase.php:44
/var/www/html/tests/TestCase.php:36
/var/www/html/tests/Feature/Http/Controllers/UserControllerTest.php:20</error>
        </testcase>
        <testcase name="test_validates_password_change_request" file="/var/www/html/tests/Feature/Http/Controllers/UserControllerTest.php" line="107" class="Tests\Feature\Http\Controllers\UserControllerTest" classname="Tests.Feature.Http.Controllers.UserControllerTest" assertions="0" time="0.000000">
          <error type="Error">Tests\Feature\Http\Controllers\UserControllerTest::test_validates_password_change_request
Error: Class "Laravel\Dusk\DuskServiceProvider" not found

/var/www/html/vendor/laravel/framework/src/Illuminate/Foundation/Application.php:961
/var/www/html/vendor/laravel/framework/src/Illuminate/Foundation/Application.php:893
/var/www/html/app/Providers/AppServiceProvider.php:51
/var/www/html/vendor/laravel/framework/src/Illuminate/Foundation/Application.php:896
/var/www/html/vendor/laravel/framework/src/Illuminate/Foundation/ProviderRepository.php:74
/var/www/html/vendor/laravel/framework/src/Illuminate/Foundation/Application.php:871
/var/www/html/vendor/laravel/framework/src/Illuminate/Foundation/Bootstrap/RegisterProviders.php:37
/var/www/html/vendor/laravel/framework/src/Illuminate/Foundation/Application.php:342
/var/www/html/vendor/laravel/framework/src/Illuminate/Foundation/Console/Kernel.php:473
/var/www/html/tests/CreatesApplication.php:31
/var/www/html/vendor/laravel/framework/src/Illuminate/Foundation/Testing/TestCase.php:54
/var/www/html/vendor/laravel/framework/src/Illuminate/Foundation/Testing/Concerns/InteractsWithTestCaseLifecycle.php:92
/var/www/html/vendor/laravel/framework/src/Illuminate/Foundation/Testing/TestCase.php:44
/var/www/html/tests/TestCase.php:36
/var/www/html/tests/Feature/Http/Controllers/UserControllerTest.php:20</error>
        </testcase>
        <testcase name="test_requires_authentication_to_update_profile" file="/var/www/html/tests/Feature/Http/Controllers/UserControllerTest.php" line="78" class="Tests\Feature\Http\Controllers\UserControllerTest" classname="Tests.Feature.Http.Controllers.UserControllerTest" assertions="0" time="0.000000">
          <error type="Error">Tests\Feature\Http\Controllers\UserControllerTest::test_requires_authentication_to_update_profile
Error: Class "Laravel\Dusk\DuskServiceProvider" not found

/var/www/html/vendor/laravel/framework/src/Illuminate/Foundation/Application.php:961
/var/www/html/vendor/laravel/framework/src/Illuminate/Foundation/Application.php:893
/var/www/html/app/Providers/AppServiceProvider.php:51
/var/www/html/vendor/laravel/framework/src/Illuminate/Foundation/Application.php:896
/var/www/html/vendor/laravel/framework/src/Illuminate/Foundation/ProviderRepository.php:74
/var/www/html/vendor/laravel/framework/src/Illuminate/Foundation/Application.php:871
/var/www/html/vendor/laravel/framework/src/Illuminate/Foundation/Bootstrap/RegisterProviders.php:37
/var/www/html/vendor/laravel/framework/src/Illuminate/Foundation/Application.php:342
/var/www/html/vendor/laravel/framework/src/Illuminate/Foundation/Console/Kernel.php:473
/var/www/html/tests/CreatesApplication.php:31
/var/www/html/vendor/laravel/framework/src/Illuminate/Foundation/Testing/TestCase.php:54
/var/www/html/vendor/laravel/framework/src/Illuminate/Foundation/Testing/Concerns/InteractsWithTestCaseLifecycle.php:92
/var/www/html/vendor/laravel/framework/src/Illuminate/Foundation/Testing/TestCase.php:44
/var/www/html/tests/TestCase.php:36
/var/www/html/tests/Feature/Http/Controllers/UserControllerTest.php:20</error>
        </testcase>
        <testcase name="test_requires_authentication_to_change_password" file="/var/www/html/tests/Feature/Http/Controllers/UserControllerTest.php" line="118" class="Tests\Feature\Http\Controllers\UserControllerTest" classname="Tests.Feature.Http.Controllers.UserControllerTest" assertions="0" time="0.000000">
          <error type="Error">Tests\Feature\Http\Controllers\UserControllerTest::test_requires_authentication_to_change_password
Error: Class "Laravel\Dusk\DuskServiceProvider" not found

/var/www/html/vendor/laravel/framework/src/Illuminate/Foundation/Application.php:961
/var/www/html/vendor/laravel/framework/src/Illuminate/Foundation/Application.php:893
/var/www/html/app/Providers/AppServiceProvider.php:51
/var/www/html/vendor/laravel/framework/src/Illuminate/Foundation/Application.php:896
/var/www/html/vendor/laravel/framework/src/Illuminate/Foundation/ProviderRepository.php:74
/var/www/html/vendor/laravel/framework/src/Illuminate/Foundation/Application.php:871
/var/www/html/vendor/laravel/framework/src/Illuminate/Foundation/Bootstrap/RegisterProviders.php:37
/var/www/html/vendor/laravel/framework/src/Illuminate/Foundation/Application.php:342
/var/www/html/vendor/laravel/framework/src/Illuminate/Foundation/Console/Kernel.php:473
/var/www/html/tests/CreatesApplication.php:31
/var/www/html/vendor/laravel/framework/src/Illuminate/Foundation/Testing/TestCase.php:54
/var/www/html/vendor/laravel/framework/src/Illuminate/Foundation/Testing/Concerns/InteractsWithTestCaseLifecycle.php:92
/var/www/html/vendor/laravel/framework/src/Illuminate/Foundation/Testing/TestCase.php:44
/var/www/html/tests/TestCase.php:36
/var/www/html/tests/Feature/Http/Controllers/UserControllerTest.php:20</error>
        </testcase>
        <testcase name="test_validates_profile_update_request" file="/var/www/html/tests/Feature/Http/Controllers/UserControllerTest.php" line="67" class="Tests\Feature\Http\Controllers\UserControllerTest" classname="Tests.Feature.Http.Controllers.UserControllerTest" assertions="0" time="0.000000">
          <error type="Error">Tests\Feature\Http\Controllers\UserControllerTest::test_validates_profile_update_request
Error: Class "Laravel\Dusk\DuskServiceProvider" not found

/var/www/html/vendor/laravel/framework/src/Illuminate/Foundation/Application.php:961
/var/www/html/vendor/laravel/framework/src/Illuminate/Foundation/Application.php:893
/var/www/html/app/Providers/AppServiceProvider.php:51
/var/www/html/vendor/laravel/framework/src/Illuminate/Foundation/Application.php:896
/var/www/html/vendor/laravel/framework/src/Illuminate/Foundation/ProviderRepository.php:74
/var/www/html/vendor/laravel/framework/src/Illuminate/Foundation/Application.php:871
/var/www/html/vendor/laravel/framework/src/Illuminate/Foundation/Bootstrap/RegisterProviders.php:37
/var/www/html/vendor/laravel/framework/src/Illuminate/Foundation/Application.php:342
/var/www/html/vendor/laravel/framework/src/Illuminate/Foundation/Console/Kernel.php:473
/var/www/html/tests/CreatesApplication.php:31
/var/www/html/vendor/laravel/framework/src/Illuminate/Foundation/Testing/TestCase.php:54
/var/www/html/vendor/laravel/framework/src/Illuminate/Foundation/Testing/Concerns/InteractsWithTestCaseLifecycle.php:92
/var/www/html/vendor/laravel/framework/src/Illuminate/Foundation/Testing/TestCase.php:44
/var/www/html/tests/TestCase.php:36
/var/www/html/tests/Feature/Http/Controllers/UserControllerTest.php:20</error>
        </testcase>
      </testsuite>
      <testsuite name="Tests\Feature\Integration\PriceSearchIntegrationTest" file="/var/www/html/tests/Feature/Integration/PriceSearchIntegrationTest.php" tests="3" assertions="0" errors="3" failures="0" skipped="0" time="0.000000">
        <testcase name="test_basic_functionality" file="/var/www/html/tests/Feature/Integration/PriceSearchIntegrationTest.php" line="18" class="Tests\Feature\Integration\PriceSearchIntegrationTest" classname="Tests.Feature.Integration.PriceSearchIntegrationTest" assertions="0" time="0.000000">
          <error type="Error">Tests\Feature\Integration\PriceSearchIntegrationTest::test_basic_functionality
Error: Class "Laravel\Dusk\DuskServiceProvider" not found

/var/www/html/vendor/laravel/framework/src/Illuminate/Foundation/Application.php:961
/var/www/html/vendor/laravel/framework/src/Illuminate/Foundation/Application.php:893
/var/www/html/app/Providers/AppServiceProvider.php:51
/var/www/html/vendor/laravel/framework/src/Illuminate/Foundation/Application.php:896
/var/www/html/vendor/laravel/framework/src/Illuminate/Foundation/ProviderRepository.php:74
/var/www/html/vendor/laravel/framework/src/Illuminate/Foundation/Application.php:871
/var/www/html/vendor/laravel/framework/src/Illuminate/Foundation/Bootstrap/RegisterProviders.php:37
/var/www/html/vendor/laravel/framework/src/Illuminate/Foundation/Application.php:342
/var/www/html/vendor/laravel/framework/src/Illuminate/Foundation/Console/Kernel.php:473
/var/www/html/tests/CreatesApplication.php:31
/var/www/html/vendor/laravel/framework/src/Illuminate/Foundation/Testing/TestCase.php:54
/var/www/html/vendor/laravel/framework/src/Illuminate/Foundation/Testing/Concerns/InteractsWithTestCaseLifecycle.php:92
/var/www/html/vendor/laravel/framework/src/Illuminate/Foundation/Testing/TestCase.php:44
/var/www/html/tests/TestCase.php:36
/var/www/html/tests/Feature/Integration/PriceSearchIntegrationTest.php:40</error>
        </testcase>
        <testcase name="test_validation" file="/var/www/html/tests/Feature/Integration/PriceSearchIntegrationTest.php" line="32" class="Tests\Feature\Integration\PriceSearchIntegrationTest" classname="Tests.Feature.Integration.PriceSearchIntegrationTest" assertions="0" time="0.000000">
          <error type="Error">Tests\Feature\Integration\PriceSearchIntegrationTest::test_validation
Error: Class "Laravel\Dusk\DuskServiceProvider" not found

/var/www/html/vendor/laravel/framework/src/Illuminate/Foundation/Application.php:961
/var/www/html/vendor/laravel/framework/src/Illuminate/Foundation/Application.php:893
/var/www/html/app/Providers/AppServiceProvider.php:51
/var/www/html/vendor/laravel/framework/src/Illuminate/Foundation/Application.php:896
/var/www/html/vendor/laravel/framework/src/Illuminate/Foundation/ProviderRepository.php:74
/var/www/html/vendor/laravel/framework/src/Illuminate/Foundation/Application.php:871
/var/www/html/vendor/laravel/framework/src/Illuminate/Foundation/Bootstrap/RegisterProviders.php:37
/var/www/html/vendor/laravel/framework/src/Illuminate/Foundation/Application.php:342
/var/www/html/vendor/laravel/framework/src/Illuminate/Foundation/Console/Kernel.php:473
/var/www/html/tests/CreatesApplication.php:31
/var/www/html/vendor/laravel/framework/src/Illuminate/Foundation/Testing/TestCase.php:54
/var/www/html/vendor/laravel/framework/src/Illuminate/Foundation/Testing/Concerns/InteractsWithTestCaseLifecycle.php:92
/var/www/html/vendor/laravel/framework/src/Illuminate/Foundation/Testing/TestCase.php:44
/var/www/html/tests/TestCase.php:36
/var/www/html/tests/Feature/Integration/PriceSearchIntegrationTest.php:40</error>
        </testcase>
        <testcase name="test_expected_behavior" file="/var/www/html/tests/Feature/Integration/PriceSearchIntegrationTest.php" line="25" class="Tests\Feature\Integration\PriceSearchIntegrationTest" classname="Tests.Feature.Integration.PriceSearchIntegrationTest" assertions="0" time="0.000000">
          <error type="Error">Tests\Feature\Integration\PriceSearchIntegrationTest::test_expected_behavior
Error: Class "Laravel\Dusk\DuskServiceProvider" not found

/var/www/html/vendor/laravel/framework/src/Illuminate/Foundation/Application.php:961
/var/www/html/vendor/laravel/framework/src/Illuminate/Foundation/Application.php:893
/var/www/html/app/Providers/AppServiceProvider.php:51
/var/www/html/vendor/laravel/framework/src/Illuminate/Foundation/Application.php:896
/var/www/html/vendor/laravel/framework/src/Illuminate/Foundation/ProviderRepository.php:74
/var/www/html/vendor/laravel/framework/src/Illuminate/Foundation/Application.php:871
/var/www/html/vendor/laravel/framework/src/Illuminate/Foundation/Bootstrap/RegisterProviders.php:37
/var/www/html/vendor/laravel/framework/src/Illuminate/Foundation/Application.php:342
/var/www/html/vendor/laravel/framework/src/Illuminate/Foundation/Console/Kernel.php:473
/var/www/html/tests/CreatesApplication.php:31
/var/www/html/vendor/laravel/framework/src/Illuminate/Foundation/Testing/TestCase.php:54
/var/www/html/vendor/laravel/framework/src/Illuminate/Foundation/Testing/Concerns/InteractsWithTestCaseLifecycle.php:92
/var/www/html/vendor/laravel/framework/src/Illuminate/Foundation/Testing/TestCase.php:44
/var/www/html/tests/TestCase.php:36
/var/www/html/tests/Feature/Integration/PriceSearchIntegrationTest.php:40</error>
        </testcase>
      </testsuite>
      <testsuite name="Tests\Feature\Http\Controllers\ProductControllerTest" file="/var/www/html/tests/Feature/Http/Controllers/ProductControllerTest.php" tests="5" assertions="0" errors="5" failures="0" skipped="0" time="0.000000">
        <testcase name="test_returns_404_for_nonexistent_product" file="/var/www/html/tests/Feature/Http/Controllers/ProductControllerTest.php" line="96" class="Tests\Feature\Http\Controllers\ProductControllerTest" classname="Tests.Feature.Http.Controllers.ProductControllerTest" assertions="0" time="0.000000">
          <error type="Error">Tests\Feature\Http\Controllers\ProductControllerTest::test_returns_404_for_nonexistent_product
Error: Class "Laravel\Dusk\DuskServiceProvider" not found

/var/www/html/vendor/laravel/framework/src/Illuminate/Foundation/Application.php:961
/var/www/html/vendor/laravel/framework/src/Illuminate/Foundation/Application.php:893
/var/www/html/app/Providers/AppServiceProvider.php:51
/var/www/html/vendor/laravel/framework/src/Illuminate/Foundation/Application.php:896
/var/www/html/vendor/laravel/framework/src/Illuminate/Foundation/ProviderRepository.php:74
/var/www/html/vendor/laravel/framework/src/Illuminate/Foundation/Application.php:871
/var/www/html/vendor/laravel/framework/src/Illuminate/Foundation/Bootstrap/RegisterProviders.php:37
/var/www/html/vendor/laravel/framework/src/Illuminate/Foundation/Application.php:342
/var/www/html/vendor/laravel/framework/src/Illuminate/Foundation/Console/Kernel.php:473
/var/www/html/tests/CreatesApplication.php:31
/var/www/html/vendor/laravel/framework/src/Illuminate/Foundation/Testing/TestCase.php:54
/var/www/html/vendor/laravel/framework/src/Illuminate/Foundation/Testing/Concerns/InteractsWithTestCaseLifecycle.php:92
/var/www/html/vendor/laravel/framework/src/Illuminate/Foundation/Testing/TestCase.php:44
/var/www/html/tests/TestCase.php:36
/var/www/html/tests/Feature/Http/Controllers/ProductControllerTest.php:23</error>
        </testcase>
        <testcase name="test_displays_search_results_when_search_parameters_present" file="/var/www/html/tests/Feature/Http/Controllers/ProductControllerTest.php" line="52" class="Tests\Feature\Http\Controllers\ProductControllerTest" classname="Tests.Feature.Http.Controllers.ProductControllerTest" assertions="0" time="0.000000">
          <error type="Error">Tests\Feature\Http\Controllers\ProductControllerTest::test_displays_search_results_when_search_parameters_present
Error: Class "Laravel\Dusk\DuskServiceProvider" not found

/var/www/html/vendor/laravel/framework/src/Illuminate/Foundation/Application.php:961
/var/www/html/vendor/laravel/framework/src/Illuminate/Foundation/Application.php:893
/var/www/html/app/Providers/AppServiceProvider.php:51
/var/www/html/vendor/laravel/framework/src/Illuminate/Foundation/Application.php:896
/var/www/html/vendor/laravel/framework/src/Illuminate/Foundation/ProviderRepository.php:74
/var/www/html/vendor/laravel/framework/src/Illuminate/Foundation/Application.php:871
/var/www/html/vendor/laravel/framework/src/Illuminate/Foundation/Bootstrap/RegisterProviders.php:37
/var/www/html/vendor/laravel/framework/src/Illuminate/Foundation/Application.php:342
/var/www/html/vendor/laravel/framework/src/Illuminate/Foundation/Console/Kernel.php:473
/var/www/html/tests/CreatesApplication.php:31
/var/www/html/vendor/laravel/framework/src/Illuminate/Foundation/Testing/TestCase.php:54
/var/www/html/vendor/laravel/framework/src/Illuminate/Foundation/Testing/Concerns/InteractsWithTestCaseLifecycle.php:92
/var/www/html/vendor/laravel/framework/src/Illuminate/Foundation/Testing/TestCase.php:44
/var/www/html/tests/TestCase.php:36
/var/www/html/tests/Feature/Http/Controllers/ProductControllerTest.php:23</error>
        </testcase>
        <testcase name="test_displays_product_show_page" file="/var/www/html/tests/Feature/Http/Controllers/ProductControllerTest.php" line="74" class="Tests\Feature\Http\Controllers\ProductControllerTest" classname="Tests.Feature.Http.Controllers.ProductControllerTest" assertions="0" time="0.000000">
          <error type="Error">Tests\Feature\Http\Controllers\ProductControllerTest::test_displays_product_show_page
Error: Class "Laravel\Dusk\DuskServiceProvider" not found

/var/www/html/vendor/laravel/framework/src/Illuminate/Foundation/Application.php:961
/var/www/html/vendor/laravel/framework/src/Illuminate/Foundation/Application.php:893
/var/www/html/app/Providers/AppServiceProvider.php:51
/var/www/html/vendor/laravel/framework/src/Illuminate/Foundation/Application.php:896
/var/www/html/vendor/laravel/framework/src/Illuminate/Foundation/ProviderRepository.php:74
/var/www/html/vendor/laravel/framework/src/Illuminate/Foundation/Application.php:871
/var/www/html/vendor/laravel/framework/src/Illuminate/Foundation/Bootstrap/RegisterProviders.php:37
/var/www/html/vendor/laravel/framework/src/Illuminate/Foundation/Application.php:342
/var/www/html/vendor/laravel/framework/src/Illuminate/Foundation/Console/Kernel.php:473
/var/www/html/tests/CreatesApplication.php:31
/var/www/html/vendor/laravel/framework/src/Illuminate/Foundation/Testing/TestCase.php:54
/var/www/html/vendor/laravel/framework/src/Illuminate/Foundation/Testing/Concerns/InteractsWithTestCaseLifecycle.php:92
/var/www/html/vendor/laravel/framework/src/Illuminate/Foundation/Testing/TestCase.php:44
/var/www/html/tests/TestCase.php:36
/var/www/html/tests/Feature/Http/Controllers/ProductControllerTest.php:23</error>
        </testcase>
        <testcase name="test_handles_search_with_sort_and_order" file="/var/www/html/tests/Feature/Http/Controllers/ProductControllerTest.php" line="110" class="Tests\Feature\Http\Controllers\ProductControllerTest" classname="Tests.Feature.Http.Controllers.ProductControllerTest" assertions="0" time="0.000000">
          <error type="Error">Tests\Feature\Http\Controllers\ProductControllerTest::test_handles_search_with_sort_and_order
Error: Class "Laravel\Dusk\DuskServiceProvider" not found

/var/www/html/vendor/laravel/framework/src/Illuminate/Foundation/Application.php:961
/var/www/html/vendor/laravel/framework/src/Illuminate/Foundation/Application.php:893
/var/www/html/app/Providers/AppServiceProvider.php:51
/var/www/html/vendor/laravel/framework/src/Illuminate/Foundation/Application.php:896
/var/www/html/vendor/laravel/framework/src/Illuminate/Foundation/ProviderRepository.php:74
/var/www/html/vendor/laravel/framework/src/Illuminate/Foundation/Application.php:871
/var/www/html/vendor/laravel/framework/src/Illuminate/Foundation/Bootstrap/RegisterProviders.php:37
/var/www/html/vendor/laravel/framework/src/Illuminate/Foundation/Application.php:342
/var/www/html/vendor/laravel/framework/src/Illuminate/Foundation/Console/Kernel.php:473
/var/www/html/tests/CreatesApplication.php:31
/var/www/html/vendor/laravel/framework/src/Illuminate/Foundation/Testing/TestCase.php:54
/var/www/html/vendor/laravel/framework/src/Illuminate/Foundation/Testing/Concerns/InteractsWithTestCaseLifecycle.php:92
/var/www/html/vendor/laravel/framework/src/Illuminate/Foundation/Testing/TestCase.php:44
/var/www/html/tests/TestCase.php:36
/var/www/html/tests/Feature/Http/Controllers/ProductControllerTest.php:23</error>
        </testcase>
        <testcase name="test_displays_index_page_with_products" file="/var/www/html/tests/Feature/Http/Controllers/ProductControllerTest.php" line="34" class="Tests\Feature\Http\Controllers\ProductControllerTest" classname="Tests.Feature.Http.Controllers.ProductControllerTest" assertions="0" time="0.000000">
          <error type="Error">Tests\Feature\Http\Controllers\ProductControllerTest::test_displays_index_page_with_products
Error: Class "Laravel\Dusk\DuskServiceProvider" not found

/var/www/html/vendor/laravel/framework/src/Illuminate/Foundation/Application.php:961
/var/www/html/vendor/laravel/framework/src/Illuminate/Foundation/Application.php:893
/var/www/html/app/Providers/AppServiceProvider.php:51
/var/www/html/vendor/laravel/framework/src/Illuminate/Foundation/Application.php:896
/var/www/html/vendor/laravel/framework/src/Illuminate/Foundation/ProviderRepository.php:74
/var/www/html/vendor/laravel/framework/src/Illuminate/Foundation/Application.php:871
/var/www/html/vendor/laravel/framework/src/Illuminate/Foundation/Bootstrap/RegisterProviders.php:37
/var/www/html/vendor/laravel/framework/src/Illuminate/Foundation/Application.php:342
/var/www/html/vendor/laravel/framework/src/Illuminate/Foundation/Console/Kernel.php:473
/var/www/html/tests/CreatesApplication.php:31
/var/www/html/vendor/laravel/framework/src/Illuminate/Foundation/Testing/TestCase.php:54
/var/www/html/vendor/laravel/framework/src/Illuminate/Foundation/Testing/Concerns/InteractsWithTestCaseLifecycle.php:92
/var/www/html/vendor/laravel/framework/src/Illuminate/Foundation/Testing/TestCase.php:44
/var/www/html/tests/TestCase.php:36
/var/www/html/tests/Feature/Http/Controllers/ProductControllerTest.php:23</error>
        </testcase>
      </testsuite>
      <testsuite name="Tests\Feature\Services\NotificationServiceTest" file="/var/www/html/tests/Feature/Services/NotificationServiceTest.php" tests="5" assertions="0" errors="5" failures="0" skipped="0" time="0.000000">
        <testcase name="test_handles_exception_during_notification_sending" file="/var/www/html/tests/Feature/Services/NotificationServiceTest.php" line="130" class="Tests\Feature\Services\NotificationServiceTest" classname="Tests.Feature.Services.NotificationServiceTest" assertions="0" time="0.000000">
          <error type="Error">Tests\Feature\Services\NotificationServiceTest::test_handles_exception_during_notification_sending
Error: Class "Laravel\Dusk\DuskServiceProvider" not found

/var/www/html/vendor/laravel/framework/src/Illuminate/Foundation/Application.php:961
/var/www/html/vendor/laravel/framework/src/Illuminate/Foundation/Application.php:893
/var/www/html/app/Providers/AppServiceProvider.php:51
/var/www/html/vendor/laravel/framework/src/Illuminate/Foundation/Application.php:896
/var/www/html/vendor/laravel/framework/src/Illuminate/Foundation/ProviderRepository.php:74
/var/www/html/vendor/laravel/framework/src/Illuminate/Foundation/Application.php:871
/var/www/html/vendor/laravel/framework/src/Illuminate/Foundation/Bootstrap/RegisterProviders.php:37
/var/www/html/vendor/laravel/framework/src/Illuminate/Foundation/Application.php:342
/var/www/html/vendor/laravel/framework/src/Illuminate/Foundation/Console/Kernel.php:473
/var/www/html/tests/CreatesApplication.php:31
/var/www/html/vendor/laravel/framework/src/Illuminate/Foundation/Testing/TestCase.php:54
/var/www/html/vendor/laravel/framework/src/Illuminate/Foundation/Testing/Concerns/InteractsWithTestCaseLifecycle.php:92
/var/www/html/vendor/laravel/framework/src/Illuminate/Foundation/Testing/TestCase.php:44
/var/www/html/tests/TestCase.php:36
/var/www/html/tests/Feature/Services/NotificationServiceTest.php:29</error>
        </testcase>
        <testcase name="test_sends_price_drop_notification_to_active_alerts" file="/var/www/html/tests/Feature/Services/NotificationServiceTest.php" line="43" class="Tests\Feature\Services\NotificationServiceTest" classname="Tests.Feature.Services.NotificationServiceTest" assertions="0" time="0.000000">
          <error type="Error">Tests\Feature\Services\NotificationServiceTest::test_sends_price_drop_notification_to_active_alerts
Error: Class "Laravel\Dusk\DuskServiceProvider" not found

/var/www/html/vendor/laravel/framework/src/Illuminate/Foundation/Application.php:961
/var/www/html/vendor/laravel/framework/src/Illuminate/Foundation/Application.php:893
/var/www/html/app/Providers/AppServiceProvider.php:51
/var/www/html/vendor/laravel/framework/src/Illuminate/Foundation/Application.php:896
/var/www/html/vendor/laravel/framework/src/Illuminate/Foundation/ProviderRepository.php:74
/var/www/html/vendor/laravel/framework/src/Illuminate/Foundation/Application.php:871
/var/www/html/vendor/laravel/framework/src/Illuminate/Foundation/Bootstrap/RegisterProviders.php:37
/var/www/html/vendor/laravel/framework/src/Illuminate/Foundation/Application.php:342
/var/www/html/vendor/laravel/framework/src/Illuminate/Foundation/Console/Kernel.php:473
/var/www/html/tests/CreatesApplication.php:31
/var/www/html/vendor/laravel/framework/src/Illuminate/Foundation/Testing/TestCase.php:54
/var/www/html/vendor/laravel/framework/src/Illuminate/Foundation/Testing/Concerns/InteractsWithTestCaseLifecycle.php:92
/var/www/html/vendor/laravel/framework/src/Illuminate/Foundation/Testing/TestCase.php:44
/var/www/html/tests/TestCase.php:36
/var/www/html/tests/Feature/Services/NotificationServiceTest.php:29</error>
        </testcase>
        <testcase name="test_skips_notification_for_user_without_email" file="/var/www/html/tests/Feature/Services/NotificationServiceTest.php" line="92" class="Tests\Feature\Services\NotificationServiceTest" classname="Tests.Feature.Services.NotificationServiceTest" assertions="0" time="0.000000">
          <error type="Error">Tests\Feature\Services\NotificationServiceTest::test_skips_notification_for_user_without_email
Error: Class "Laravel\Dusk\DuskServiceProvider" not found

/var/www/html/vendor/laravel/framework/src/Illuminate/Foundation/Application.php:961
/var/www/html/vendor/laravel/framework/src/Illuminate/Foundation/Application.php:893
/var/www/html/app/Providers/AppServiceProvider.php:51
/var/www/html/vendor/laravel/framework/src/Illuminate/Foundation/Application.php:896
/var/www/html/vendor/laravel/framework/src/Illuminate/Foundation/ProviderRepository.php:74
/var/www/html/vendor/laravel/framework/src/Illuminate/Foundation/Application.php:871
/var/www/html/vendor/laravel/framework/src/Illuminate/Foundation/Bootstrap/RegisterProviders.php:37
/var/www/html/vendor/laravel/framework/src/Illuminate/Foundation/Application.php:342
/var/www/html/vendor/laravel/framework/src/Illuminate/Foundation/Console/Kernel.php:473
/var/www/html/tests/CreatesApplication.php:31
/var/www/html/vendor/laravel/framework/src/Illuminate/Foundation/Testing/TestCase.php:54
/var/www/html/vendor/laravel/framework/src/Illuminate/Foundation/Testing/Concerns/InteractsWithTestCaseLifecycle.php:92
/var/www/html/vendor/laravel/framework/src/Illuminate/Foundation/Testing/TestCase.php:44
/var/www/html/tests/TestCase.php:36
/var/www/html/tests/Feature/Services/NotificationServiceTest.php:29</error>
        </testcase>
        <testcase name="test_does_not_send_notification_when_no_active_alerts" file="/var/www/html/tests/Feature/Services/NotificationServiceTest.php" line="76" class="Tests\Feature\Services\NotificationServiceTest" classname="Tests.Feature.Services.NotificationServiceTest" assertions="0" time="0.000000">
          <error type="Error">Tests\Feature\Services\NotificationServiceTest::test_does_not_send_notification_when_no_active_alerts
Error: Class "Laravel\Dusk\DuskServiceProvider" not found

/var/www/html/vendor/laravel/framework/src/Illuminate/Foundation/Application.php:961
/var/www/html/vendor/laravel/framework/src/Illuminate/Foundation/Application.php:893
/var/www/html/app/Providers/AppServiceProvider.php:51
/var/www/html/vendor/laravel/framework/src/Illuminate/Foundation/Application.php:896
/var/www/html/vendor/laravel/framework/src/Illuminate/Foundation/ProviderRepository.php:74
/var/www/html/vendor/laravel/framework/src/Illuminate/Foundation/Application.php:871
/var/www/html/vendor/laravel/framework/src/Illuminate/Foundation/Bootstrap/RegisterProviders.php:37
/var/www/html/vendor/laravel/framework/src/Illuminate/Foundation/Application.php:342
/var/www/html/vendor/laravel/framework/src/Illuminate/Foundation/Console/Kernel.php:473
/var/www/html/tests/CreatesApplication.php:31
/var/www/html/vendor/laravel/framework/src/Illuminate/Foundation/Testing/TestCase.php:54
/var/www/html/vendor/laravel/framework/src/Illuminate/Foundation/Testing/Concerns/InteractsWithTestCaseLifecycle.php:92
/var/www/html/vendor/laravel/framework/src/Illuminate/Foundation/Testing/TestCase.php:44
/var/www/html/tests/TestCase.php:36
/var/www/html/tests/Feature/Services/NotificationServiceTest.php:29</error>
        </testcase>
        <testcase name="test_logs_audit_trail_for_notification" file="/var/www/html/tests/Feature/Services/NotificationServiceTest.php" line="154" class="Tests\Feature\Services\NotificationServiceTest" classname="Tests.Feature.Services.NotificationServiceTest" assertions="0" time="0.000000">
          <error type="Error">Tests\Feature\Services\NotificationServiceTest::test_logs_audit_trail_for_notification
Error: Class "Laravel\Dusk\DuskServiceProvider" not found

/var/www/html/vendor/laravel/framework/src/Illuminate/Foundation/Application.php:961
/var/www/html/vendor/laravel/framework/src/Illuminate/Foundation/Application.php:893
/var/www/html/app/Providers/AppServiceProvider.php:51
/var/www/html/vendor/laravel/framework/src/Illuminate/Foundation/Application.php:896
/var/www/html/vendor/laravel/framework/src/Illuminate/Foundation/ProviderRepository.php:74
/var/www/html/vendor/laravel/framework/src/Illuminate/Foundation/Application.php:871
/var/www/html/vendor/laravel/framework/src/Illuminate/Foundation/Bootstrap/RegisterProviders.php:37
/var/www/html/vendor/laravel/framework/src/Illuminate/Foundation/Application.php:342
/var/www/html/vendor/laravel/framework/src/Illuminate/Foundation/Console/Kernel.php:473
/var/www/html/tests/CreatesApplication.php:31
/var/www/html/vendor/laravel/framework/src/Illuminate/Foundation/Testing/TestCase.php:54
/var/www/html/vendor/laravel/framework/src/Illuminate/Foundation/Testing/Concerns/InteractsWithTestCaseLifecycle.php:92
/var/www/html/vendor/laravel/framework/src/Illuminate/Foundation/Testing/TestCase.php:44
/var/www/html/tests/TestCase.php:36
/var/www/html/tests/Feature/Services/NotificationServiceTest.php:29</error>
        </testcase>
      </testsuite>
      <testsuite name="Tests\Feature\HostingerTest" file="/var/www/html/tests/Feature/HostingerTest.php" tests="3" assertions="0" errors="3" failures="0" skipped="0" time="0.000000">
        <testcase name="test_expected_behavior" file="/var/www/html/tests/Feature/HostingerTest.php" line="25" class="Tests\Feature\HostingerTest" classname="Tests.Feature.HostingerTest" assertions="0" time="0.000000">
          <error type="Error">Tests\Feature\HostingerTest::test_expected_behavior
Error: Class "Laravel\Dusk\DuskServiceProvider" not found

/var/www/html/vendor/laravel/framework/src/Illuminate/Foundation/Application.php:961
/var/www/html/vendor/laravel/framework/src/Illuminate/Foundation/Application.php:893
/var/www/html/app/Providers/AppServiceProvider.php:51
/var/www/html/vendor/laravel/framework/src/Illuminate/Foundation/Application.php:896
/var/www/html/vendor/laravel/framework/src/Illuminate/Foundation/ProviderRepository.php:74
/var/www/html/vendor/laravel/framework/src/Illuminate/Foundation/Application.php:871
/var/www/html/vendor/laravel/framework/src/Illuminate/Foundation/Bootstrap/RegisterProviders.php:37
/var/www/html/vendor/laravel/framework/src/Illuminate/Foundation/Application.php:342
/var/www/html/vendor/laravel/framework/src/Illuminate/Foundation/Console/Kernel.php:473
/var/www/html/tests/CreatesApplication.php:31
/var/www/html/vendor/laravel/framework/src/Illuminate/Foundation/Testing/TestCase.php:54
/var/www/html/vendor/laravel/framework/src/Illuminate/Foundation/Testing/Concerns/InteractsWithTestCaseLifecycle.php:92
/var/www/html/vendor/laravel/framework/src/Illuminate/Foundation/Testing/TestCase.php:44
/var/www/html/tests/TestCase.php:36
/var/www/html/tests/Feature/HostingerTest.php:40</error>
        </testcase>
        <testcase name="test_validation" file="/var/www/html/tests/Feature/HostingerTest.php" line="32" class="Tests\Feature\HostingerTest" classname="Tests.Feature.HostingerTest" assertions="0" time="0.000000">
          <error type="Error">Tests\Feature\HostingerTest::test_validation
Error: Class "Laravel\Dusk\DuskServiceProvider" not found

/var/www/html/vendor/laravel/framework/src/Illuminate/Foundation/Application.php:961
/var/www/html/vendor/laravel/framework/src/Illuminate/Foundation/Application.php:893
/var/www/html/app/Providers/AppServiceProvider.php:51
/var/www/html/vendor/laravel/framework/src/Illuminate/Foundation/Application.php:896
/var/www/html/vendor/laravel/framework/src/Illuminate/Foundation/ProviderRepository.php:74
/var/www/html/vendor/laravel/framework/src/Illuminate/Foundation/Application.php:871
/var/www/html/vendor/laravel/framework/src/Illuminate/Foundation/Bootstrap/RegisterProviders.php:37
/var/www/html/vendor/laravel/framework/src/Illuminate/Foundation/Application.php:342
/var/www/html/vendor/laravel/framework/src/Illuminate/Foundation/Console/Kernel.php:473
/var/www/html/tests/CreatesApplication.php:31
/var/www/html/vendor/laravel/framework/src/Illuminate/Foundation/Testing/TestCase.php:54
/var/www/html/vendor/laravel/framework/src/Illuminate/Foundation/Testing/Concerns/InteractsWithTestCaseLifecycle.php:92
/var/www/html/vendor/laravel/framework/src/Illuminate/Foundation/Testing/TestCase.php:44
/var/www/html/tests/TestCase.php:36
/var/www/html/tests/Feature/HostingerTest.php:40</error>
        </testcase>
        <testcase name="test_basic_functionality" file="/var/www/html/tests/Feature/HostingerTest.php" line="18" class="Tests\Feature\HostingerTest" classname="Tests.Feature.HostingerTest" assertions="0" time="0.000000">
          <error type="Error">Tests\Feature\HostingerTest::test_basic_functionality
Error: Class "Laravel\Dusk\DuskServiceProvider" not found

/var/www/html/vendor/laravel/framework/src/Illuminate/Foundation/Application.php:961
/var/www/html/vendor/laravel/framework/src/Illuminate/Foundation/Application.php:893
/var/www/html/app/Providers/AppServiceProvider.php:51
/var/www/html/vendor/laravel/framework/src/Illuminate/Foundation/Application.php:896
/var/www/html/vendor/laravel/framework/src/Illuminate/Foundation/ProviderRepository.php:74
/var/www/html/vendor/laravel/framework/src/Illuminate/Foundation/Application.php:871
/var/www/html/vendor/laravel/framework/src/Illuminate/Foundation/Bootstrap/RegisterProviders.php:37
/var/www/html/vendor/laravel/framework/src/Illuminate/Foundation/Application.php:342
/var/www/html/vendor/laravel/framework/src/Illuminate/Foundation/Console/Kernel.php:473
/var/www/html/tests/CreatesApplication.php:31
/var/www/html/vendor/laravel/framework/src/Illuminate/Foundation/Testing/TestCase.php:54
/var/www/html/vendor/laravel/framework/src/Illuminate/Foundation/Testing/Concerns/InteractsWithTestCaseLifecycle.php:92
/var/www/html/vendor/laravel/framework/src/Illuminate/Foundation/Testing/TestCase.php:44
/var/www/html/tests/TestCase.php:36
/var/www/html/tests/Feature/HostingerTest.php:40</error>
        </testcase>
      </testsuite>
      <testsuite name="Tests\Feature\Api\DebugHealthContentTest" file="/var/www/html/tests/Feature/Api/DebugHealthContentTest.php" tests="1" assertions="0" errors="1" failures="0" skipped="0" time="0.000000">
        <testcase name="test_dump_health_response_content" file="/var/www/html/tests/Feature/Api/DebugHealthContentTest.php" line="14" class="Tests\Feature\Api\DebugHealthContentTest" classname="Tests.Feature.Api.DebugHealthContentTest" assertions="0" time="0.000000">
          <error type="Error">Tests\Feature\Api\DebugHealthContentTest::test_dump_health_response_content
Error: Class "Laravel\Dusk\DuskServiceProvider" not found

/var/www/html/vendor/laravel/framework/src/Illuminate/Foundation/Application.php:961
/var/www/html/vendor/laravel/framework/src/Illuminate/Foundation/Application.php:893
/var/www/html/app/Providers/AppServiceProvider.php:51
/var/www/html/vendor/laravel/framework/src/Illuminate/Foundation/Application.php:896
/var/www/html/vendor/laravel/framework/src/Illuminate/Foundation/ProviderRepository.php:74
/var/www/html/vendor/laravel/framework/src/Illuminate/Foundation/Application.php:871
/var/www/html/vendor/laravel/framework/src/Illuminate/Foundation/Bootstrap/RegisterProviders.php:37
/var/www/html/vendor/laravel/framework/src/Illuminate/Foundation/Application.php:342
/var/www/html/vendor/laravel/framework/src/Illuminate/Foundation/Console/Kernel.php:473
/var/www/html/tests/CreatesApplication.php:31
/var/www/html/vendor/laravel/framework/src/Illuminate/Foundation/Testing/TestCase.php:54
/var/www/html/vendor/laravel/framework/src/Illuminate/Foundation/Testing/Concerns/InteractsWithTestCaseLifecycle.php:92
/var/www/html/vendor/laravel/framework/src/Illuminate/Foundation/Testing/TestCase.php:44
/var/www/html/tests/TestCase.php:36</error>
        </testcase>
      </testsuite>
      <testsuite name="Tests\Feature\Http\Middleware\ValidatePostSizeTest" file="/var/www/html/tests/Feature/Http/Middleware/ValidatePostSizeTest.php" tests="5" assertions="0" errors="5" failures="0" skipped="0" time="0.000000">
        <testcase name="test_validate_post_size_middleware_handles_put_requests" file="/var/www/html/tests/Feature/Http/Middleware/ValidatePostSizeTest.php" line="47" class="Tests\Feature\Http\Middleware\ValidatePostSizeTest" classname="Tests.Feature.Http.Middleware.ValidatePostSizeTest" assertions="0" time="0.000000">
          <error type="Error">Tests\Feature\Http\Middleware\ValidatePostSizeTest::test_validate_post_size_middleware_handles_put_requests
Error: Class "Laravel\Dusk\DuskServiceProvider" not found

/var/www/html/vendor/laravel/framework/src/Illuminate/Foundation/Application.php:961
/var/www/html/vendor/laravel/framework/src/Illuminate/Foundation/Application.php:893
/var/www/html/app/Providers/AppServiceProvider.php:51
/var/www/html/vendor/laravel/framework/src/Illuminate/Foundation/Application.php:896
/var/www/html/vendor/laravel/framework/src/Illuminate/Foundation/ProviderRepository.php:74
/var/www/html/vendor/laravel/framework/src/Illuminate/Foundation/Application.php:871
/var/www/html/vendor/laravel/framework/src/Illuminate/Foundation/Bootstrap/RegisterProviders.php:37
/var/www/html/vendor/laravel/framework/src/Illuminate/Foundation/Application.php:342
/var/www/html/vendor/laravel/framework/src/Illuminate/Foundation/Console/Kernel.php:473
/var/www/html/tests/CreatesApplication.php:31
/var/www/html/vendor/laravel/framework/src/Illuminate/Foundation/Testing/TestCase.php:54
/var/www/html/vendor/laravel/framework/src/Illuminate/Foundation/Testing/Concerns/InteractsWithTestCaseLifecycle.php:92
/var/www/html/vendor/laravel/framework/src/Illuminate/Foundation/Testing/TestCase.php:44
/var/www/html/tests/TestCase.php:36</error>
        </testcase>
        <testcase name="test_validate_post_size_middleware_allows_valid_post_size" file="/var/www/html/tests/Feature/Http/Middleware/ValidatePostSizeTest.php" line="18" class="Tests\Feature\Http\Middleware\ValidatePostSizeTest" classname="Tests.Feature.Http.Middleware.ValidatePostSizeTest" assertions="0" time="0.000000">
          <error type="Error">Tests\Feature\Http\Middleware\ValidatePostSizeTest::test_validate_post_size_middleware_allows_valid_post_size
Error: Class "Laravel\Dusk\DuskServiceProvider" not found

/var/www/html/vendor/laravel/framework/src/Illuminate/Foundation/Application.php:961
/var/www/html/vendor/laravel/framework/src/Illuminate/Foundation/Application.php:893
/var/www/html/app/Providers/AppServiceProvider.php:51
/var/www/html/vendor/laravel/framework/src/Illuminate/Foundation/Application.php:896
/var/www/html/vendor/laravel/framework/src/Illuminate/Foundation/ProviderRepository.php:74
/var/www/html/vendor/laravel/framework/src/Illuminate/Foundation/Application.php:871
/var/www/html/vendor/laravel/framework/src/Illuminate/Foundation/Bootstrap/RegisterProviders.php:37
/var/www/html/vendor/laravel/framework/src/Illuminate/Foundation/Application.php:342
/var/www/html/vendor/laravel/framework/src/Illuminate/Foundation/Console/Kernel.php:473
/var/www/html/tests/CreatesApplication.php:31
/var/www/html/vendor/laravel/framework/src/Illuminate/Foundation/Testing/TestCase.php:54
/var/www/html/vendor/laravel/framework/src/Illuminate/Foundation/Testing/Concerns/InteractsWithTestCaseLifecycle.php:92
/var/www/html/vendor/laravel/framework/src/Illuminate/Foundation/Testing/TestCase.php:44
/var/www/html/tests/TestCase.php:36</error>
        </testcase>
        <testcase name="test_validate_post_size_middleware_handles_patch_requests" file="/var/www/html/tests/Feature/Http/Middleware/ValidatePostSizeTest.php" line="62" class="Tests\Feature\Http\Middleware\ValidatePostSizeTest" classname="Tests.Feature.Http.Middleware.ValidatePostSizeTest" assertions="0" time="0.000000">
          <error type="Error">Tests\Feature\Http\Middleware\ValidatePostSizeTest::test_validate_post_size_middleware_handles_patch_requests
Error: Class "Laravel\Dusk\DuskServiceProvider" not found

/var/www/html/vendor/laravel/framework/src/Illuminate/Foundation/Application.php:961
/var/www/html/vendor/laravel/framework/src/Illuminate/Foundation/Application.php:893
/var/www/html/app/Providers/AppServiceProvider.php:51
/var/www/html/vendor/laravel/framework/src/Illuminate/Foundation/Application.php:896
/var/www/html/vendor/laravel/framework/src/Illuminate/Foundation/ProviderRepository.php:74
/var/www/html/vendor/laravel/framework/src/Illuminate/Foundation/Application.php:871
/var/www/html/vendor/laravel/framework/src/Illuminate/Foundation/Bootstrap/RegisterProviders.php:37
/var/www/html/vendor/laravel/framework/src/Illuminate/Foundation/Application.php:342
/var/www/html/vendor/laravel/framework/src/Illuminate/Foundation/Console/Kernel.php:473
/var/www/html/tests/CreatesApplication.php:31
/var/www/html/vendor/laravel/framework/src/Illuminate/Foundation/Testing/TestCase.php:54
/var/www/html/vendor/laravel/framework/src/Illuminate/Foundation/Testing/Concerns/InteractsWithTestCaseLifecycle.php:92
/var/www/html/vendor/laravel/framework/src/Illuminate/Foundation/Testing/TestCase.php:44
/var/www/html/tests/TestCase.php:36</error>
        </testcase>
        <testcase name="test_validate_post_size_middleware_handles_delete_requests" file="/var/www/html/tests/Feature/Http/Middleware/ValidatePostSizeTest.php" line="77" class="Tests\Feature\Http\Middleware\ValidatePostSizeTest" classname="Tests.Feature.Http.Middleware.ValidatePostSizeTest" assertions="0" time="0.000000">
          <error type="Error">Tests\Feature\Http\Middleware\ValidatePostSizeTest::test_validate_post_size_middleware_handles_delete_requests
Error: Class "Laravel\Dusk\DuskServiceProvider" not found

/var/www/html/vendor/laravel/framework/src/Illuminate/Foundation/Application.php:961
/var/www/html/vendor/laravel/framework/src/Illuminate/Foundation/Application.php:893
/var/www/html/app/Providers/AppServiceProvider.php:51
/var/www/html/vendor/laravel/framework/src/Illuminate/Foundation/Application.php:896
/var/www/html/vendor/laravel/framework/src/Illuminate/Foundation/ProviderRepository.php:74
/var/www/html/vendor/laravel/framework/src/Illuminate/Foundation/Application.php:871
/var/www/html/vendor/laravel/framework/src/Illuminate/Foundation/Bootstrap/RegisterProviders.php:37
/var/www/html/vendor/laravel/framework/src/Illuminate/Foundation/Application.php:342
/var/www/html/vendor/laravel/framework/src/Illuminate/Foundation/Console/Kernel.php:473
/var/www/html/tests/CreatesApplication.php:31
/var/www/html/vendor/laravel/framework/src/Illuminate/Foundation/Testing/TestCase.php:54
/var/www/html/vendor/laravel/framework/src/Illuminate/Foundation/Testing/Concerns/InteractsWithTestCaseLifecycle.php:92
/var/www/html/vendor/laravel/framework/src/Illuminate/Foundation/Testing/TestCase.php:44
/var/www/html/tests/TestCase.php:36</error>
        </testcase>
        <testcase name="test_validate_post_size_middleware_handles_get_requests" file="/var/www/html/tests/Feature/Http/Middleware/ValidatePostSizeTest.php" line="34" class="Tests\Feature\Http\Middleware\ValidatePostSizeTest" classname="Tests.Feature.Http.Middleware.ValidatePostSizeTest" assertions="0" time="0.000000">
          <error type="Error">Tests\Feature\Http\Middleware\ValidatePostSizeTest::test_validate_post_size_middleware_handles_get_requests
Error: Class "Laravel\Dusk\DuskServiceProvider" not found

/var/www/html/vendor/laravel/framework/src/Illuminate/Foundation/Application.php:961
/var/www/html/vendor/laravel/framework/src/Illuminate/Foundation/Application.php:893
/var/www/html/app/Providers/AppServiceProvider.php:51
/var/www/html/vendor/laravel/framework/src/Illuminate/Foundation/Application.php:896
/var/www/html/vendor/laravel/framework/src/Illuminate/Foundation/ProviderRepository.php:74
/var/www/html/vendor/laravel/framework/src/Illuminate/Foundation/Application.php:871
/var/www/html/vendor/laravel/framework/src/Illuminate/Foundation/Bootstrap/RegisterProviders.php:37
/var/www/html/vendor/laravel/framework/src/Illuminate/Foundation/Application.php:342
/var/www/html/vendor/laravel/framework/src/Illuminate/Foundation/Console/Kernel.php:473
/var/www/html/tests/CreatesApplication.php:31
/var/www/html/vendor/laravel/framework/src/Illuminate/Foundation/Testing/TestCase.php:54
/var/www/html/vendor/laravel/framework/src/Illuminate/Foundation/Testing/Concerns/InteractsWithTestCaseLifecycle.php:92
/var/www/html/vendor/laravel/framework/src/Illuminate/Foundation/Testing/TestCase.php:44
/var/www/html/tests/TestCase.php:36</error>
        </testcase>
      </testsuite>
      <testsuite name="Tests\Feature\Http\Middleware\AuthenticateWithBasicAuthTest" file="/var/www/html/tests/Feature/Http/Middleware/AuthenticateWithBasicAuthTest.php" tests="5" assertions="0" errors="5" failures="0" skipped="0" time="0.000000">
        <testcase name="test_authenticate_with_basic_auth_middleware_handles_requests" file="/var/www/html/tests/Feature/Http/Middleware/AuthenticateWithBasicAuthTest.php" line="20" class="Tests\Feature\Http\Middleware\AuthenticateWithBasicAuthTest" classname="Tests.Feature.Http.Middleware.AuthenticateWithBasicAuthTest" assertions="0" time="0.000000">
          <error type="Error">Tests\Feature\Http\Middleware\AuthenticateWithBasicAuthTest::test_authenticate_with_basic_auth_middleware_handles_requests
Error: Class "Laravel\Dusk\DuskServiceProvider" not found

/var/www/html/vendor/laravel/framework/src/Illuminate/Foundation/Application.php:961
/var/www/html/vendor/laravel/framework/src/Illuminate/Foundation/Application.php:893
/var/www/html/app/Providers/AppServiceProvider.php:51
/var/www/html/vendor/laravel/framework/src/Illuminate/Foundation/Application.php:896
/var/www/html/vendor/laravel/framework/src/Illuminate/Foundation/ProviderRepository.php:74
/var/www/html/vendor/laravel/framework/src/Illuminate/Foundation/Application.php:871
/var/www/html/vendor/laravel/framework/src/Illuminate/Foundation/Bootstrap/RegisterProviders.php:37
/var/www/html/vendor/laravel/framework/src/Illuminate/Foundation/Application.php:342
/var/www/html/vendor/laravel/framework/src/Illuminate/Foundation/Console/Kernel.php:473
/var/www/html/tests/CreatesApplication.php:31
/var/www/html/vendor/laravel/framework/src/Illuminate/Foundation/Testing/TestCase.php:54
/var/www/html/vendor/laravel/framework/src/Illuminate/Foundation/Testing/Concerns/InteractsWithTestCaseLifecycle.php:92
/var/www/html/vendor/laravel/framework/src/Illuminate/Foundation/Testing/TestCase.php:44
/var/www/html/tests/TestCase.php:36</error>
        </testcase>
        <testcase name="test_authenticate_with_basic_auth_middleware_handles_post_requests" file="/var/www/html/tests/Feature/Http/Middleware/AuthenticateWithBasicAuthTest.php" line="91" class="Tests\Feature\Http\Middleware\AuthenticateWithBasicAuthTest" classname="Tests.Feature.Http.Middleware.AuthenticateWithBasicAuthTest" assertions="0" time="0.000000">
          <error type="Error">Tests\Feature\Http\Middleware\AuthenticateWithBasicAuthTest::test_authenticate_with_basic_auth_middleware_handles_post_requests
Error: Class "Laravel\Dusk\DuskServiceProvider" not found

/var/www/html/vendor/laravel/framework/src/Illuminate/Foundation/Application.php:961
/var/www/html/vendor/laravel/framework/src/Illuminate/Foundation/Application.php:893
/var/www/html/app/Providers/AppServiceProvider.php:51
/var/www/html/vendor/laravel/framework/src/Illuminate/Foundation/Application.php:896
/var/www/html/vendor/laravel/framework/src/Illuminate/Foundation/ProviderRepository.php:74
/var/www/html/vendor/laravel/framework/src/Illuminate/Foundation/Application.php:871
/var/www/html/vendor/laravel/framework/src/Illuminate/Foundation/Bootstrap/RegisterProviders.php:37
/var/www/html/vendor/laravel/framework/src/Illuminate/Foundation/Application.php:342
/var/www/html/vendor/laravel/framework/src/Illuminate/Foundation/Console/Kernel.php:473
/var/www/html/tests/CreatesApplication.php:31
/var/www/html/vendor/laravel/framework/src/Illuminate/Foundation/Testing/TestCase.php:54
/var/www/html/vendor/laravel/framework/src/Illuminate/Foundation/Testing/Concerns/InteractsWithTestCaseLifecycle.php:92
/var/www/html/vendor/laravel/framework/src/Illuminate/Foundation/Testing/TestCase.php:44
/var/www/html/tests/TestCase.php:36</error>
        </testcase>
        <testcase name="test_authenticate_with_basic_auth_middleware_handles_invalid_credentials" file="/var/www/html/tests/Feature/Http/Middleware/AuthenticateWithBasicAuthTest.php" line="45" class="Tests\Feature\Http\Middleware\AuthenticateWithBasicAuthTest" classname="Tests.Feature.Http.Middleware.AuthenticateWithBasicAuthTest" assertions="0" time="0.000000">
          <error type="Error">Tests\Feature\Http\Middleware\AuthenticateWithBasicAuthTest::test_authenticate_with_basic_auth_middleware_handles_invalid_credentials
Error: Class "Laravel\Dusk\DuskServiceProvider" not found

/var/www/html/vendor/laravel/framework/src/Illuminate/Foundation/Application.php:961
/var/www/html/vendor/laravel/framework/src/Illuminate/Foundation/Application.php:893
/var/www/html/app/Providers/AppServiceProvider.php:51
/var/www/html/vendor/laravel/framework/src/Illuminate/Foundation/Application.php:896
/var/www/html/vendor/laravel/framework/src/Illuminate/Foundation/ProviderRepository.php:74
/var/www/html/vendor/laravel/framework/src/Illuminate/Foundation/Application.php:871
/var/www/html/vendor/laravel/framework/src/Illuminate/Foundation/Bootstrap/RegisterProviders.php:37
/var/www/html/vendor/laravel/framework/src/Illuminate/Foundation/Application.php:342
/var/www/html/vendor/laravel/framework/src/Illuminate/Foundation/Console/Kernel.php:473
/var/www/html/tests/CreatesApplication.php:31
/var/www/html/vendor/laravel/framework/src/Illuminate/Foundation/Testing/TestCase.php:54
/var/www/html/vendor/laravel/framework/src/Illuminate/Foundation/Testing/Concerns/InteractsWithTestCaseLifecycle.php:92
/var/www/html/vendor/laravel/framework/src/Illuminate/Foundation/Testing/TestCase.php:44
/var/www/html/tests/TestCase.php:36</error>
        </testcase>
        <testcase name="test_authenticate_with_basic_auth_middleware_handles_malformed_authorization" file="/var/www/html/tests/Feature/Http/Middleware/AuthenticateWithBasicAuthTest.php" line="75" class="Tests\Feature\Http\Middleware\AuthenticateWithBasicAuthTest" classname="Tests.Feature.Http.Middleware.AuthenticateWithBasicAuthTest" assertions="0" time="0.000000">
          <error type="Error">Tests\Feature\Http\Middleware\AuthenticateWithBasicAuthTest::test_authenticate_with_basic_auth_middleware_handles_malformed_authorization
Error: Class "Laravel\Dusk\DuskServiceProvider" not found

/var/www/html/vendor/laravel/framework/src/Illuminate/Foundation/Application.php:961
/var/www/html/vendor/laravel/framework/src/Illuminate/Foundation/Application.php:893
/var/www/html/app/Providers/AppServiceProvider.php:51
/var/www/html/vendor/laravel/framework/src/Illuminate/Foundation/Application.php:896
/var/www/html/vendor/laravel/framework/src/Illuminate/Foundation/ProviderRepository.php:74
/var/www/html/vendor/laravel/framework/src/Illuminate/Foundation/Application.php:871
/var/www/html/vendor/laravel/framework/src/Illuminate/Foundation/Bootstrap/RegisterProviders.php:37
/var/www/html/vendor/laravel/framework/src/Illuminate/Foundation/Application.php:342
/var/www/html/vendor/laravel/framework/src/Illuminate/Foundation/Console/Kernel.php:473
/var/www/html/tests/CreatesApplication.php:31
/var/www/html/vendor/laravel/framework/src/Illuminate/Foundation/Testing/TestCase.php:54
/var/www/html/vendor/laravel/framework/src/Illuminate/Foundation/Testing/Concerns/InteractsWithTestCaseLifecycle.php:92
/var/www/html/vendor/laravel/framework/src/Illuminate/Foundation/Testing/TestCase.php:44
/var/www/html/tests/TestCase.php:36</error>
        </testcase>
        <testcase name="test_authenticate_with_basic_auth_middleware_handles_missing_authorization" file="/var/www/html/tests/Feature/Http/Middleware/AuthenticateWithBasicAuthTest.php" line="61" class="Tests\Feature\Http\Middleware\AuthenticateWithBasicAuthTest" classname="Tests.Feature.Http.Middleware.AuthenticateWithBasicAuthTest" assertions="0" time="0.000000">
          <error type="Error">Tests\Feature\Http\Middleware\AuthenticateWithBasicAuthTest::test_authenticate_with_basic_auth_middleware_handles_missing_authorization
Error: Class "Laravel\Dusk\DuskServiceProvider" not found

/var/www/html/vendor/laravel/framework/src/Illuminate/Foundation/Application.php:961
/var/www/html/vendor/laravel/framework/src/Illuminate/Foundation/Application.php:893
/var/www/html/app/Providers/AppServiceProvider.php:51
/var/www/html/vendor/laravel/framework/src/Illuminate/Foundation/Application.php:896
/var/www/html/vendor/laravel/framework/src/Illuminate/Foundation/ProviderRepository.php:74
/var/www/html/vendor/laravel/framework/src/Illuminate/Foundation/Application.php:871
/var/www/html/vendor/laravel/framework/src/Illuminate/Foundation/Bootstrap/RegisterProviders.php:37
/var/www/html/vendor/laravel/framework/src/Illuminate/Foundation/Application.php:342
/var/www/html/vendor/laravel/framework/src/Illuminate/Foundation/Console/Kernel.php:473
/var/www/html/tests/CreatesApplication.php:31
/var/www/html/vendor/laravel/framework/src/Illuminate/Foundation/Testing/TestCase.php:54
/var/www/html/vendor/laravel/framework/src/Illuminate/Foundation/Testing/Concerns/InteractsWithTestCaseLifecycle.php:92
/var/www/html/vendor/laravel/framework/src/Illuminate/Foundation/Testing/TestCase.php:44
/var/www/html/tests/TestCase.php:36</error>
        </testcase>
      </testsuite>
      <testsuite name="Tests\Feature\Http\Middleware\SetLocaleAndCurrencyTest" file="/var/www/html/tests/Feature/Http/Middleware/SetLocaleAndCurrencyTest.php" tests="6" assertions="0" errors="6" failures="0" skipped="0" time="0.000000">
        <testcase name="test_set_locale_and_currency_middleware_handles_session_values" file="/var/www/html/tests/Feature/Http/Middleware/SetLocaleAndCurrencyTest.php" line="53" class="Tests\Feature\Http\Middleware\SetLocaleAndCurrencyTest" classname="Tests.Feature.Http.Middleware.SetLocaleAndCurrencyTest" assertions="0" time="0.000000">
          <error type="Error">Tests\Feature\Http\Middleware\SetLocaleAndCurrencyTest::test_set_locale_and_currency_middleware_handles_session_values
Error: Class "Laravel\Dusk\DuskServiceProvider" not found

/var/www/html/vendor/laravel/framework/src/Illuminate/Foundation/Application.php:961
/var/www/html/vendor/laravel/framework/src/Illuminate/Foundation/Application.php:893
/var/www/html/app/Providers/AppServiceProvider.php:51
/var/www/html/vendor/laravel/framework/src/Illuminate/Foundation/Application.php:896
/var/www/html/vendor/laravel/framework/src/Illuminate/Foundation/ProviderRepository.php:74
/var/www/html/vendor/laravel/framework/src/Illuminate/Foundation/Application.php:871
/var/www/html/vendor/laravel/framework/src/Illuminate/Foundation/Bootstrap/RegisterProviders.php:37
/var/www/html/vendor/laravel/framework/src/Illuminate/Foundation/Application.php:342
/var/www/html/vendor/laravel/framework/src/Illuminate/Foundation/Http/Kernel.php:186
/var/www/html/tests/SafeTestBase.php:71
/var/www/html/tests/SafeMiddlewareTestBase.php:22</error>
        </testcase>
        <testcase name="test_set_locale_and_currency_middleware_handles_post_requests" file="/var/www/html/tests/Feature/Http/Middleware/SetLocaleAndCurrencyTest.php" line="91" class="Tests\Feature\Http\Middleware\SetLocaleAndCurrencyTest" classname="Tests.Feature.Http.Middleware.SetLocaleAndCurrencyTest" assertions="0" time="0.000000">
          <error type="Error">Tests\Feature\Http\Middleware\SetLocaleAndCurrencyTest::test_set_locale_and_currency_middleware_handles_post_requests
Error: Class "Laravel\Dusk\DuskServiceProvider" not found

/var/www/html/vendor/laravel/framework/src/Illuminate/Foundation/Application.php:961
/var/www/html/vendor/laravel/framework/src/Illuminate/Foundation/Application.php:893
/var/www/html/app/Providers/AppServiceProvider.php:51
/var/www/html/vendor/laravel/framework/src/Illuminate/Foundation/Application.php:896
/var/www/html/vendor/laravel/framework/src/Illuminate/Foundation/ProviderRepository.php:74
/var/www/html/vendor/laravel/framework/src/Illuminate/Foundation/Application.php:871
/var/www/html/vendor/laravel/framework/src/Illuminate/Foundation/Bootstrap/RegisterProviders.php:37
/var/www/html/vendor/laravel/framework/src/Illuminate/Foundation/Application.php:342
/var/www/html/vendor/laravel/framework/src/Illuminate/Foundation/Http/Kernel.php:186
/var/www/html/tests/SafeTestBase.php:71
/var/www/html/tests/SafeMiddlewareTestBase.php:22</error>
        </testcase>
        <testcase name="test_can_be_instantiated" file="/var/www/html/tests/SafeTestBase.php" line="81" class="Tests\Feature\Http\Middleware\SetLocaleAndCurrencyTest" classname="Tests.Feature.Http.Middleware.SetLocaleAndCurrencyTest" assertions="0" time="0.000000">
          <error type="Error">Tests\Feature\Http\Middleware\SetLocaleAndCurrencyTest::test_can_be_instantiated
Error: Class "Laravel\Dusk\DuskServiceProvider" not found

/var/www/html/vendor/laravel/framework/src/Illuminate/Foundation/Application.php:961
/var/www/html/vendor/laravel/framework/src/Illuminate/Foundation/Application.php:893
/var/www/html/app/Providers/AppServiceProvider.php:51
/var/www/html/vendor/laravel/framework/src/Illuminate/Foundation/Application.php:896
/var/www/html/vendor/laravel/framework/src/Illuminate/Foundation/ProviderRepository.php:74
/var/www/html/vendor/laravel/framework/src/Illuminate/Foundation/Application.php:871
/var/www/html/vendor/laravel/framework/src/Illuminate/Foundation/Bootstrap/RegisterProviders.php:37
/var/www/html/vendor/laravel/framework/src/Illuminate/Foundation/Application.php:342
/var/www/html/vendor/laravel/framework/src/Illuminate/Foundation/Http/Kernel.php:186
/var/www/html/tests/SafeTestBase.php:71
/var/www/html/tests/SafeMiddlewareTestBase.php:22</error>
        </testcase>
        <testcase name="test_set_locale_and_currency_middleware_handles_cookie_values" file="/var/www/html/tests/Feature/Http/Middleware/SetLocaleAndCurrencyTest.php" line="74" class="Tests\Feature\Http\Middleware\SetLocaleAndCurrencyTest" classname="Tests.Feature.Http.Middleware.SetLocaleAndCurrencyTest" assertions="0" time="0.000000">
          <error type="Error">Tests\Feature\Http\Middleware\SetLocaleAndCurrencyTest::test_set_locale_and_currency_middleware_handles_cookie_values
Error: Class "Laravel\Dusk\DuskServiceProvider" not found

/var/www/html/vendor/laravel/framework/src/Illuminate/Foundation/Application.php:961
/var/www/html/vendor/laravel/framework/src/Illuminate/Foundation/Application.php:893
/var/www/html/app/Providers/AppServiceProvider.php:51
/var/www/html/vendor/laravel/framework/src/Illuminate/Foundation/Application.php:896
/var/www/html/vendor/laravel/framework/src/Illuminate/Foundation/ProviderRepository.php:74
/var/www/html/vendor/laravel/framework/src/Illuminate/Foundation/Application.php:871
/var/www/html/vendor/laravel/framework/src/Illuminate/Foundation/Bootstrap/RegisterProviders.php:37
/var/www/html/vendor/laravel/framework/src/Illuminate/Foundation/Application.php:342
/var/www/html/vendor/laravel/framework/src/Illuminate/Foundation/Http/Kernel.php:186
/var/www/html/tests/SafeTestBase.php:71
/var/www/html/tests/SafeMiddlewareTestBase.php:22</error>
        </testcase>
        <testcase name="test_set_locale_and_currency_middleware_handles_default_values" file="/var/www/html/tests/Feature/Http/Middleware/SetLocaleAndCurrencyTest.php" line="38" class="Tests\Feature\Http\Middleware\SetLocaleAndCurrencyTest" classname="Tests.Feature.Http.Middleware.SetLocaleAndCurrencyTest" assertions="0" time="0.000000">
          <error type="Error">Tests\Feature\Http\Middleware\SetLocaleAndCurrencyTest::test_set_locale_and_currency_middleware_handles_default_values
Error: Class "Laravel\Dusk\DuskServiceProvider" not found

/var/www/html/vendor/laravel/framework/src/Illuminate/Foundation/Application.php:961
/var/www/html/vendor/laravel/framework/src/Illuminate/Foundation/Application.php:893
/var/www/html/app/Providers/AppServiceProvider.php:51
/var/www/html/vendor/laravel/framework/src/Illuminate/Foundation/Application.php:896
/var/www/html/vendor/laravel/framework/src/Illuminate/Foundation/ProviderRepository.php:74
/var/www/html/vendor/laravel/framework/src/Illuminate/Foundation/Application.php:871
/var/www/html/vendor/laravel/framework/src/Illuminate/Foundation/Bootstrap/RegisterProviders.php:37
/var/www/html/vendor/laravel/framework/src/Illuminate/Foundation/Application.php:342
/var/www/html/vendor/laravel/framework/src/Illuminate/Foundation/Http/Kernel.php:186
/var/www/html/tests/SafeTestBase.php:71
/var/www/html/tests/SafeMiddlewareTestBase.php:22</error>
        </testcase>
        <testcase name="test_set_locale_and_currency_middleware_sets_locale_and_currency" file="/var/www/html/tests/Feature/Http/Middleware/SetLocaleAndCurrencyTest.php" line="22" class="Tests\Feature\Http\Middleware\SetLocaleAndCurrencyTest" classname="Tests.Feature.Http.Middleware.SetLocaleAndCurrencyTest" assertions="0" time="0.000000">
          <error type="Error">Tests\Feature\Http\Middleware\SetLocaleAndCurrencyTest::test_set_locale_and_currency_middleware_sets_locale_and_currency
Error: Class "Laravel\Dusk\DuskServiceProvider" not found

/var/www/html/vendor/laravel/framework/src/Illuminate/Foundation/Application.php:961
/var/www/html/vendor/laravel/framework/src/Illuminate/Foundation/Application.php:893
/var/www/html/app/Providers/AppServiceProvider.php:51
/var/www/html/vendor/laravel/framework/src/Illuminate/Foundation/Application.php:896
/var/www/html/vendor/laravel/framework/src/Illuminate/Foundation/ProviderRepository.php:74
/var/www/html/vendor/laravel/framework/src/Illuminate/Foundation/Application.php:871
/var/www/html/vendor/laravel/framework/src/Illuminate/Foundation/Bootstrap/RegisterProviders.php:37
/var/www/html/vendor/laravel/framework/src/Illuminate/Foundation/Application.php:342
/var/www/html/vendor/laravel/framework/src/Illuminate/Foundation/Http/Kernel.php:186
/var/www/html/tests/SafeTestBase.php:71
/var/www/html/tests/SafeMiddlewareTestBase.php:22</error>
        </testcase>
      </testsuite>
      <testsuite name="Tests\Feature\Http\Middleware\ValidateApiRequestTest" file="/var/www/html/tests/Feature/Http/Middleware/ValidateApiRequestTest.php" tests="6" assertions="0" errors="6" failures="0" skipped="0" time="0.000000">
        <testcase name="test_validate_api_request_middleware_handles_patch_requests" file="/var/www/html/tests/Feature/Http/Middleware/ValidateApiRequestTest.php" line="68" class="Tests\Feature\Http\Middleware\ValidateApiRequestTest" classname="Tests.Feature.Http.Middleware.ValidateApiRequestTest" assertions="0" time="0.000000">
          <error type="Error">Tests\Feature\Http\Middleware\ValidateApiRequestTest::test_validate_api_request_middleware_handles_patch_requests
Error: Class "Laravel\Dusk\DuskServiceProvider" not found

/var/www/html/vendor/laravel/framework/src/Illuminate/Foundation/Application.php:961
/var/www/html/vendor/laravel/framework/src/Illuminate/Foundation/Application.php:893
/var/www/html/app/Providers/AppServiceProvider.php:51
/var/www/html/vendor/laravel/framework/src/Illuminate/Foundation/Application.php:896
/var/www/html/vendor/laravel/framework/src/Illuminate/Foundation/ProviderRepository.php:74
/var/www/html/vendor/laravel/framework/src/Illuminate/Foundation/Application.php:871
/var/www/html/vendor/laravel/framework/src/Illuminate/Foundation/Bootstrap/RegisterProviders.php:37
/var/www/html/vendor/laravel/framework/src/Illuminate/Foundation/Application.php:342
/var/www/html/vendor/laravel/framework/src/Illuminate/Foundation/Console/Kernel.php:473
/var/www/html/tests/CreatesApplication.php:31
/var/www/html/vendor/laravel/framework/src/Illuminate/Foundation/Testing/TestCase.php:54
/var/www/html/vendor/laravel/framework/src/Illuminate/Foundation/Testing/Concerns/InteractsWithTestCaseLifecycle.php:92
/var/www/html/vendor/laravel/framework/src/Illuminate/Foundation/Testing/TestCase.php:44
/var/www/html/tests/TestCase.php:36</error>
        </testcase>
        <testcase name="test_validate_api_request_middleware_handles_put_requests" file="/var/www/html/tests/Feature/Http/Middleware/ValidateApiRequestTest.php" line="51" class="Tests\Feature\Http\Middleware\ValidateApiRequestTest" classname="Tests.Feature.Http.Middleware.ValidateApiRequestTest" assertions="0" time="0.000000">
          <error type="Error">Tests\Feature\Http\Middleware\ValidateApiRequestTest::test_validate_api_request_middleware_handles_put_requests
Error: Class "Laravel\Dusk\DuskServiceProvider" not found

/var/www/html/vendor/laravel/framework/src/Illuminate/Foundation/Application.php:961
/var/www/html/vendor/laravel/framework/src/Illuminate/Foundation/Application.php:893
/var/www/html/app/Providers/AppServiceProvider.php:51
/var/www/html/vendor/laravel/framework/src/Illuminate/Foundation/Application.php:896
/var/www/html/vendor/laravel/framework/src/Illuminate/Foundation/ProviderRepository.php:74
/var/www/html/vendor/laravel/framework/src/Illuminate/Foundation/Application.php:871
/var/www/html/vendor/laravel/framework/src/Illuminate/Foundation/Bootstrap/RegisterProviders.php:37
/var/www/html/vendor/laravel/framework/src/Illuminate/Foundation/Application.php:342
/var/www/html/vendor/laravel/framework/src/Illuminate/Foundation/Console/Kernel.php:473
/var/www/html/tests/CreatesApplication.php:31
/var/www/html/vendor/laravel/framework/src/Illuminate/Foundation/Testing/TestCase.php:54
/var/www/html/vendor/laravel/framework/src/Illuminate/Foundation/Testing/Concerns/InteractsWithTestCaseLifecycle.php:92
/var/www/html/vendor/laravel/framework/src/Illuminate/Foundation/Testing/TestCase.php:44
/var/www/html/tests/TestCase.php:36</error>
        </testcase>
        <testcase name="test_validate_api_request_middleware_handles_delete_requests" file="/var/www/html/tests/Feature/Http/Middleware/ValidateApiRequestTest.php" line="85" class="Tests\Feature\Http\Middleware\ValidateApiRequestTest" classname="Tests.Feature.Http.Middleware.ValidateApiRequestTest" assertions="0" time="0.000000">
          <error type="Error">Tests\Feature\Http\Middleware\ValidateApiRequestTest::test_validate_api_request_middleware_handles_delete_requests
Error: Class "Laravel\Dusk\DuskServiceProvider" not found

/var/www/html/vendor/laravel/framework/src/Illuminate/Foundation/Application.php:961
/var/www/html/vendor/laravel/framework/src/Illuminate/Foundation/Application.php:893
/var/www/html/app/Providers/AppServiceProvider.php:51
/var/www/html/vendor/laravel/framework/src/Illuminate/Foundation/Application.php:896
/var/www/html/vendor/laravel/framework/src/Illuminate/Foundation/ProviderRepository.php:74
/var/www/html/vendor/laravel/framework/src/Illuminate/Foundation/Application.php:871
/var/www/html/vendor/laravel/framework/src/Illuminate/Foundation/Bootstrap/RegisterProviders.php:37
/var/www/html/vendor/laravel/framework/src/Illuminate/Foundation/Application.php:342
/var/www/html/vendor/laravel/framework/src/Illuminate/Foundation/Console/Kernel.php:473
/var/www/html/tests/CreatesApplication.php:31
/var/www/html/vendor/laravel/framework/src/Illuminate/Foundation/Testing/TestCase.php:54
/var/www/html/vendor/laravel/framework/src/Illuminate/Foundation/Testing/Concerns/InteractsWithTestCaseLifecycle.php:92
/var/www/html/vendor/laravel/framework/src/Illuminate/Foundation/Testing/TestCase.php:44
/var/www/html/tests/TestCase.php:36</error>
        </testcase>
        <testcase name="test_validate_api_request_middleware_handles_missing_content_type" file="/var/www/html/tests/Feature/Http/Middleware/ValidateApiRequestTest.php" line="99" class="Tests\Feature\Http\Middleware\ValidateApiRequestTest" classname="Tests.Feature.Http.Middleware.ValidateApiRequestTest" assertions="0" time="0.000000">
          <error type="Error">Tests\Feature\Http\Middleware\ValidateApiRequestTest::test_validate_api_request_middleware_handles_missing_content_type
Error: Class "Laravel\Dusk\DuskServiceProvider" not found

/var/www/html/vendor/laravel/framework/src/Illuminate/Foundation/Application.php:961
/var/www/html/vendor/laravel/framework/src/Illuminate/Foundation/Application.php:893
/var/www/html/app/Providers/AppServiceProvider.php:51
/var/www/html/vendor/laravel/framework/src/Illuminate/Foundation/Application.php:896
/var/www/html/vendor/laravel/framework/src/Illuminate/Foundation/ProviderRepository.php:74
/var/www/html/vendor/laravel/framework/src/Illuminate/Foundation/Application.php:871
/var/www/html/vendor/laravel/framework/src/Illuminate/Foundation/Bootstrap/RegisterProviders.php:37
/var/www/html/vendor/laravel/framework/src/Illuminate/Foundation/Application.php:342
/var/www/html/vendor/laravel/framework/src/Illuminate/Foundation/Console/Kernel.php:473
/var/www/html/tests/CreatesApplication.php:31
/var/www/html/vendor/laravel/framework/src/Illuminate/Foundation/Testing/TestCase.php:54
/var/www/html/vendor/laravel/framework/src/Illuminate/Foundation/Testing/Concerns/InteractsWithTestCaseLifecycle.php:92
/var/www/html/vendor/laravel/framework/src/Illuminate/Foundation/Testing/TestCase.php:44
/var/www/html/tests/TestCase.php:36</error>
        </testcase>
        <testcase name="test_validate_api_request_middleware_validates_valid_api_request" file="/var/www/html/tests/Feature/Http/Middleware/ValidateApiRequestTest.php" line="18" class="Tests\Feature\Http\Middleware\ValidateApiRequestTest" classname="Tests.Feature.Http.Middleware.ValidateApiRequestTest" assertions="0" time="0.000000">
          <error type="Error">Tests\Feature\Http\Middleware\ValidateApiRequestTest::test_validate_api_request_middleware_validates_valid_api_request
Error: Class "Laravel\Dusk\DuskServiceProvider" not found

/var/www/html/vendor/laravel/framework/src/Illuminate/Foundation/Application.php:961
/var/www/html/vendor/laravel/framework/src/Illuminate/Foundation/Application.php:893
/var/www/html/app/Providers/AppServiceProvider.php:51
/var/www/html/vendor/laravel/framework/src/Illuminate/Foundation/Application.php:896
/var/www/html/vendor/laravel/framework/src/Illuminate/Foundation/ProviderRepository.php:74
/var/www/html/vendor/laravel/framework/src/Illuminate/Foundation/Application.php:871
/var/www/html/vendor/laravel/framework/src/Illuminate/Foundation/Bootstrap/RegisterProviders.php:37
/var/www/html/vendor/laravel/framework/src/Illuminate/Foundation/Application.php:342
/var/www/html/vendor/laravel/framework/src/Illuminate/Foundation/Console/Kernel.php:473
/var/www/html/tests/CreatesApplication.php:31
/var/www/html/vendor/laravel/framework/src/Illuminate/Foundation/Testing/TestCase.php:54
/var/www/html/vendor/laravel/framework/src/Illuminate/Foundation/Testing/Concerns/InteractsWithTestCaseLifecycle.php:92
/var/www/html/vendor/laravel/framework/src/Illuminate/Foundation/Testing/TestCase.php:44
/var/www/html/tests/TestCase.php:36</error>
        </testcase>
        <testcase name="test_validate_api_request_middleware_handles_post_requests" file="/var/www/html/tests/Feature/Http/Middleware/ValidateApiRequestTest.php" line="33" class="Tests\Feature\Http\Middleware\ValidateApiRequestTest" classname="Tests.Feature.Http.Middleware.ValidateApiRequestTest" assertions="0" time="0.000000">
          <error type="Error">Tests\Feature\Http\Middleware\ValidateApiRequestTest::test_validate_api_request_middleware_handles_post_requests
Error: Class "Laravel\Dusk\DuskServiceProvider" not found

/var/www/html/vendor/laravel/framework/src/Illuminate/Foundation/Application.php:961
/var/www/html/vendor/laravel/framework/src/Illuminate/Foundation/Application.php:893
/var/www/html/app/Providers/AppServiceProvider.php:51
/var/www/html/vendor/laravel/framework/src/Illuminate/Foundation/Application.php:896
/var/www/html/vendor/laravel/framework/src/Illuminate/Foundation/ProviderRepository.php:74
/var/www/html/vendor/laravel/framework/src/Illuminate/Foundation/Application.php:871
/var/www/html/vendor/laravel/framework/src/Illuminate/Foundation/Bootstrap/RegisterProviders.php:37
/var/www/html/vendor/laravel/framework/src/Illuminate/Foundation/Application.php:342
/var/www/html/vendor/laravel/framework/src/Illuminate/Foundation/Console/Kernel.php:473
/var/www/html/tests/CreatesApplication.php:31
/var/www/html/vendor/laravel/framework/src/Illuminate/Foundation/Testing/TestCase.php:54
/var/www/html/vendor/laravel/framework/src/Illuminate/Foundation/Testing/Concerns/InteractsWithTestCaseLifecycle.php:92
/var/www/html/vendor/laravel/framework/src/Illuminate/Foundation/Testing/TestCase.php:44
/var/www/html/tests/TestCase.php:36</error>
        </testcase>
      </testsuite>
      <testsuite name="Tests\Feature\Services\AuditServiceTest" file="/var/www/html/tests/Feature/Services/AuditServiceTest.php" tests="13" assertions="0" errors="13" failures="0" skipped="0" time="0.000000">
        <testcase name="test_logs_sensitive_operation" file="/var/www/html/tests/Feature/Services/AuditServiceTest.php" line="129" class="Tests\Feature\Services\AuditServiceTest" classname="Tests.Feature.Services.AuditServiceTest" assertions="0" time="0.000000">
          <error type="Error">Tests\Feature\Services\AuditServiceTest::test_logs_sensitive_operation
Error: Class "Laravel\Dusk\DuskServiceProvider" not found

/var/www/html/vendor/laravel/framework/src/Illuminate/Foundation/Application.php:961
/var/www/html/vendor/laravel/framework/src/Illuminate/Foundation/Application.php:893
/var/www/html/app/Providers/AppServiceProvider.php:51
/var/www/html/vendor/laravel/framework/src/Illuminate/Foundation/Application.php:896
/var/www/html/vendor/laravel/framework/src/Illuminate/Foundation/ProviderRepository.php:74
/var/www/html/vendor/laravel/framework/src/Illuminate/Foundation/Application.php:871
/var/www/html/vendor/laravel/framework/src/Illuminate/Foundation/Bootstrap/RegisterProviders.php:37
/var/www/html/vendor/laravel/framework/src/Illuminate/Foundation/Application.php:342
/var/www/html/vendor/laravel/framework/src/Illuminate/Foundation/Console/Kernel.php:473
/var/www/html/tests/CreatesApplication.php:31
/var/www/html/vendor/laravel/framework/src/Illuminate/Foundation/Testing/TestCase.php:54
/var/www/html/vendor/laravel/framework/src/Illuminate/Foundation/Testing/Concerns/InteractsWithTestCaseLifecycle.php:92
/var/www/html/vendor/laravel/framework/src/Illuminate/Foundation/Testing/TestCase.php:44
/var/www/html/tests/TestCase.php:36
/var/www/html/tests/Feature/Services/AuditServiceTest.php:23</error>
        </testcase>
        <testcase name="test_gets_event_logs" file="/var/www/html/tests/Feature/Services/AuditServiceTest.php" line="227" class="Tests\Feature\Services\AuditServiceTest" classname="Tests.Feature.Services.AuditServiceTest" assertions="0" time="0.000000">
          <error type="Error">Tests\Feature\Services\AuditServiceTest::test_gets_event_logs
Error: Class "Laravel\Dusk\DuskServiceProvider" not found

/var/www/html/vendor/laravel/framework/src/Illuminate/Foundation/Application.php:961
/var/www/html/vendor/laravel/framework/src/Illuminate/Foundation/Application.php:893
/var/www/html/app/Providers/AppServiceProvider.php:51
/var/www/html/vendor/laravel/framework/src/Illuminate/Foundation/Application.php:896
/var/www/html/vendor/laravel/framework/src/Illuminate/Foundation/ProviderRepository.php:74
/var/www/html/vendor/laravel/framework/src/Illuminate/Foundation/Application.php:871
/var/www/html/vendor/laravel/framework/src/Illuminate/Foundation/Bootstrap/RegisterProviders.php:37
/var/www/html/vendor/laravel/framework/src/Illuminate/Foundation/Application.php:342
/var/www/html/vendor/laravel/framework/src/Illuminate/Foundation/Console/Kernel.php:473
/var/www/html/tests/CreatesApplication.php:31
/var/www/html/vendor/laravel/framework/src/Illuminate/Foundation/Testing/TestCase.php:54
/var/www/html/vendor/laravel/framework/src/Illuminate/Foundation/Testing/Concerns/InteractsWithTestCaseLifecycle.php:92
/var/www/html/vendor/laravel/framework/src/Illuminate/Foundation/Testing/TestCase.php:44
/var/www/html/tests/TestCase.php:36
/var/www/html/tests/Feature/Services/AuditServiceTest.php:23</error>
        </testcase>
        <testcase name="test_logs_updated_event" file="/var/www/html/tests/Feature/Services/AuditServiceTest.php" line="68" class="Tests\Feature\Services\AuditServiceTest" classname="Tests.Feature.Services.AuditServiceTest" assertions="0" time="0.000000">
          <error type="Error">Tests\Feature\Services\AuditServiceTest::test_logs_updated_event
Error: Class "Laravel\Dusk\DuskServiceProvider" not found

/var/www/html/vendor/laravel/framework/src/Illuminate/Foundation/Application.php:961
/var/www/html/vendor/laravel/framework/src/Illuminate/Foundation/Application.php:893
/var/www/html/app/Providers/AppServiceProvider.php:51
/var/www/html/vendor/laravel/framework/src/Illuminate/Foundation/Application.php:896
/var/www/html/vendor/laravel/framework/src/Illuminate/Foundation/ProviderRepository.php:74
/var/www/html/vendor/laravel/framework/src/Illuminate/Foundation/Application.php:871
/var/www/html/vendor/laravel/framework/src/Illuminate/Foundation/Bootstrap/RegisterProviders.php:37
/var/www/html/vendor/laravel/framework/src/Illuminate/Foundation/Application.php:342
/var/www/html/vendor/laravel/framework/src/Illuminate/Foundation/Console/Kernel.php:473
/var/www/html/tests/CreatesApplication.php:31
/var/www/html/vendor/laravel/framework/src/Illuminate/Foundation/Testing/TestCase.php:54
/var/www/html/vendor/laravel/framework/src/Illuminate/Foundation/Testing/Concerns/InteractsWithTestCaseLifecycle.php:92
/var/www/html/vendor/laravel/framework/src/Illuminate/Foundation/Testing/TestCase.php:44
/var/www/html/tests/TestCase.php:36
/var/www/html/tests/Feature/Services/AuditServiceTest.php:23</error>
        </testcase>
        <testcase name="test_logs_created_event" file="/var/www/html/tests/Feature/Services/AuditServiceTest.php" line="44" class="Tests\Feature\Services\AuditServiceTest" classname="Tests.Feature.Services.AuditServiceTest" assertions="0" time="0.000000">
          <error type="Error">Tests\Feature\Services\AuditServiceTest::test_logs_created_event
Error: Class "Laravel\Dusk\DuskServiceProvider" not found

/var/www/html/vendor/laravel/framework/src/Illuminate/Foundation/Application.php:961
/var/www/html/vendor/laravel/framework/src/Illuminate/Foundation/Application.php:893
/var/www/html/app/Providers/AppServiceProvider.php:51
/var/www/html/vendor/laravel/framework/src/Illuminate/Foundation/Application.php:896
/var/www/html/vendor/laravel/framework/src/Illuminate/Foundation/ProviderRepository.php:74
/var/www/html/vendor/laravel/framework/src/Illuminate/Foundation/Application.php:871
/var/www/html/vendor/laravel/framework/src/Illuminate/Foundation/Bootstrap/RegisterProviders.php:37
/var/www/html/vendor/laravel/framework/src/Illuminate/Foundation/Application.php:342
/var/www/html/vendor/laravel/framework/src/Illuminate/Foundation/Console/Kernel.php:473
/var/www/html/tests/CreatesApplication.php:31
/var/www/html/vendor/laravel/framework/src/Illuminate/Foundation/Testing/TestCase.php:54
/var/www/html/vendor/laravel/framework/src/Illuminate/Foundation/Testing/Concerns/InteractsWithTestCaseLifecycle.php:92
/var/www/html/vendor/laravel/framework/src/Illuminate/Foundation/Testing/TestCase.php:44
/var/www/html/tests/TestCase.php:36
/var/www/html/tests/Feature/Services/AuditServiceTest.php:23</error>
        </testcase>
        <testcase name="test_cleans_old_logs" file="/var/www/html/tests/Feature/Services/AuditServiceTest.php" line="240" class="Tests\Feature\Services\AuditServiceTest" classname="Tests.Feature.Services.AuditServiceTest" assertions="0" time="0.000000">
          <error type="Error">Tests\Feature\Services\AuditServiceTest::test_cleans_old_logs
Error: Class "Laravel\Dusk\DuskServiceProvider" not found

/var/www/html/vendor/laravel/framework/src/Illuminate/Foundation/Application.php:961
/var/www/html/vendor/laravel/framework/src/Illuminate/Foundation/Application.php:893
/var/www/html/app/Providers/AppServiceProvider.php:51
/var/www/html/vendor/laravel/framework/src/Illuminate/Foundation/Application.php:896
/var/www/html/vendor/laravel/framework/src/Illuminate/Foundation/ProviderRepository.php:74
/var/www/html/vendor/laravel/framework/src/Illuminate/Foundation/Application.php:871
/var/www/html/vendor/laravel/framework/src/Illuminate/Foundation/Bootstrap/RegisterProviders.php:37
/var/www/html/vendor/laravel/framework/src/Illuminate/Foundation/Application.php:342
/var/www/html/vendor/laravel/framework/src/Illuminate/Foundation/Console/Kernel.php:473
/var/www/html/tests/CreatesApplication.php:31
/var/www/html/vendor/laravel/framework/src/Illuminate/Foundation/Testing/TestCase.php:54
/var/www/html/vendor/laravel/framework/src/Illuminate/Foundation/Testing/Concerns/InteractsWithTestCaseLifecycle.php:92
/var/www/html/vendor/laravel/framework/src/Illuminate/Foundation/Testing/TestCase.php:44
/var/www/html/tests/TestCase.php:36
/var/www/html/tests/Feature/Services/AuditServiceTest.php:23</error>
        </testcase>
        <testcase name="test_can_be_instantiated" file="/var/www/html/tests/Feature/Services/AuditServiceTest.php" line="39" class="Tests\Feature\Services\AuditServiceTest" classname="Tests.Feature.Services.AuditServiceTest" assertions="0" time="0.000000">
          <error type="Error">Tests\Feature\Services\AuditServiceTest::test_can_be_instantiated
Error: Class "Laravel\Dusk\DuskServiceProvider" not found

/var/www/html/vendor/laravel/framework/src/Illuminate/Foundation/Application.php:961
/var/www/html/vendor/laravel/framework/src/Illuminate/Foundation/Application.php:893
/var/www/html/app/Providers/AppServiceProvider.php:51
/var/www/html/vendor/laravel/framework/src/Illuminate/Foundation/Application.php:896
/var/www/html/vendor/laravel/framework/src/Illuminate/Foundation/ProviderRepository.php:74
/var/www/html/vendor/laravel/framework/src/Illuminate/Foundation/Application.php:871
/var/www/html/vendor/laravel/framework/src/Illuminate/Foundation/Bootstrap/RegisterProviders.php:37
/var/www/html/vendor/laravel/framework/src/Illuminate/Foundation/Application.php:342
/var/www/html/vendor/laravel/framework/src/Illuminate/Foundation/Console/Kernel.php:473
/var/www/html/tests/CreatesApplication.php:31
/var/www/html/vendor/laravel/framework/src/Illuminate/Foundation/Testing/TestCase.php:54
/var/www/html/vendor/laravel/framework/src/Illuminate/Foundation/Testing/Concerns/InteractsWithTestCaseLifecycle.php:92
/var/www/html/vendor/laravel/framework/src/Illuminate/Foundation/Testing/TestCase.php:44
/var/www/html/tests/TestCase.php:36
/var/www/html/tests/Feature/Services/AuditServiceTest.php:23</error>
        </testcase>
        <testcase name="test_logs_auth_event_with_user_id" file="/var/www/html/tests/Feature/Services/AuditServiceTest.php" line="145" class="Tests\Feature\Services\AuditServiceTest" classname="Tests.Feature.Services.AuditServiceTest" assertions="0" time="0.000000">
          <error type="Error">Tests\Feature\Services\AuditServiceTest::test_logs_auth_event_with_user_id
Error: Class "Laravel\Dusk\DuskServiceProvider" not found

/var/www/html/vendor/laravel/framework/src/Illuminate/Foundation/Application.php:961
/var/www/html/vendor/laravel/framework/src/Illuminate/Foundation/Application.php:893
/var/www/html/app/Providers/AppServiceProvider.php:51
/var/www/html/vendor/laravel/framework/src/Illuminate/Foundation/Application.php:896
/var/www/html/vendor/laravel/framework/src/Illuminate/Foundation/ProviderRepository.php:74
/var/www/html/vendor/laravel/framework/src/Illuminate/Foundation/Application.php:871
/var/www/html/vendor/laravel/framework/src/Illuminate/Foundation/Bootstrap/RegisterProviders.php:37
/var/www/html/vendor/laravel/framework/src/Illuminate/Foundation/Application.php:342
/var/www/html/vendor/laravel/framework/src/Illuminate/Foundation/Console/Kernel.php:473
/var/www/html/tests/CreatesApplication.php:31
/var/www/html/vendor/laravel/framework/src/Illuminate/Foundation/Testing/TestCase.php:54
/var/www/html/vendor/laravel/framework/src/Illuminate/Foundation/Testing/Concerns/InteractsWithTestCaseLifecycle.php:92
/var/www/html/vendor/laravel/framework/src/Illuminate/Foundation/Testing/TestCase.php:44
/var/www/html/tests/TestCase.php:36
/var/www/html/tests/Feature/Services/AuditServiceTest.php:23</error>
        </testcase>
        <testcase name="test_logs_api_access" file="/var/www/html/tests/Feature/Services/AuditServiceTest.php" line="178" class="Tests\Feature\Services\AuditServiceTest" classname="Tests.Feature.Services.AuditServiceTest" assertions="0" time="0.000000">
          <error type="Error">Tests\Feature\Services\AuditServiceTest::test_logs_api_access
Error: Class "Laravel\Dusk\DuskServiceProvider" not found

/var/www/html/vendor/laravel/framework/src/Illuminate/Foundation/Application.php:961
/var/www/html/vendor/laravel/framework/src/Illuminate/Foundation/Application.php:893
/var/www/html/app/Providers/AppServiceProvider.php:51
/var/www/html/vendor/laravel/framework/src/Illuminate/Foundation/Application.php:896
/var/www/html/vendor/laravel/framework/src/Illuminate/Foundation/ProviderRepository.php:74
/var/www/html/vendor/laravel/framework/src/Illuminate/Foundation/Application.php:871
/var/www/html/vendor/laravel/framework/src/Illuminate/Foundation/Bootstrap/RegisterProviders.php:37
/var/www/html/vendor/laravel/framework/src/Illuminate/Foundation/Application.php:342
/var/www/html/vendor/laravel/framework/src/Illuminate/Foundation/Console/Kernel.php:473
/var/www/html/tests/CreatesApplication.php:31
/var/www/html/vendor/laravel/framework/src/Illuminate/Foundation/Testing/TestCase.php:54
/var/www/html/vendor/laravel/framework/src/Illuminate/Foundation/Testing/Concerns/InteractsWithTestCaseLifecycle.php:92
/var/www/html/vendor/laravel/framework/src/Illuminate/Foundation/Testing/TestCase.php:44
/var/www/html/tests/TestCase.php:36
/var/www/html/tests/Feature/Services/AuditServiceTest.php:23</error>
        </testcase>
        <testcase name="test_gets_user_logs" file="/var/www/html/tests/Feature/Services/AuditServiceTest.php" line="214" class="Tests\Feature\Services\AuditServiceTest" classname="Tests.Feature.Services.AuditServiceTest" assertions="0" time="0.000000">
          <error type="Error">Tests\Feature\Services\AuditServiceTest::test_gets_user_logs
Error: Class "Laravel\Dusk\DuskServiceProvider" not found

/var/www/html/vendor/laravel/framework/src/Illuminate/Foundation/Application.php:961
/var/www/html/vendor/laravel/framework/src/Illuminate/Foundation/Application.php:893
/var/www/html/app/Providers/AppServiceProvider.php:51
/var/www/html/vendor/laravel/framework/src/Illuminate/Foundation/Application.php:896
/var/www/html/vendor/laravel/framework/src/Illuminate/Foundation/ProviderRepository.php:74
/var/www/html/vendor/laravel/framework/src/Illuminate/Foundation/Application.php:871
/var/www/html/vendor/laravel/framework/src/Illuminate/Foundation/Bootstrap/RegisterProviders.php:37
/var/www/html/vendor/laravel/framework/src/Illuminate/Foundation/Application.php:342
/var/www/html/vendor/laravel/framework/src/Illuminate/Foundation/Console/Kernel.php:473
/var/www/html/tests/CreatesApplication.php:31
/var/www/html/vendor/laravel/framework/src/Illuminate/Foundation/Testing/TestCase.php:54
/var/www/html/vendor/laravel/framework/src/Illuminate/Foundation/Testing/Concerns/InteractsWithTestCaseLifecycle.php:92
/var/www/html/vendor/laravel/framework/src/Illuminate/Foundation/Testing/TestCase.php:44
/var/www/html/tests/TestCase.php:36
/var/www/html/tests/Feature/Services/AuditServiceTest.php:23</error>
        </testcase>
        <testcase name="test_logs_deleted_event" file="/var/www/html/tests/Feature/Services/AuditServiceTest.php" line="89" class="Tests\Feature\Services\AuditServiceTest" classname="Tests.Feature.Services.AuditServiceTest" assertions="0" time="0.000000">
          <error type="Error">Tests\Feature\Services\AuditServiceTest::test_logs_deleted_event
Error: Class "Laravel\Dusk\DuskServiceProvider" not found

/var/www/html/vendor/laravel/framework/src/Illuminate/Foundation/Application.php:961
/var/www/html/vendor/laravel/framework/src/Illuminate/Foundation/Application.php:893
/var/www/html/app/Providers/AppServiceProvider.php:51
/var/www/html/vendor/laravel/framework/src/Illuminate/Foundation/Application.php:896
/var/www/html/vendor/laravel/framework/src/Illuminate/Foundation/ProviderRepository.php:74
/var/www/html/vendor/laravel/framework/src/Illuminate/Foundation/Application.php:871
/var/www/html/vendor/laravel/framework/src/Illuminate/Foundation/Bootstrap/RegisterProviders.php:37
/var/www/html/vendor/laravel/framework/src/Illuminate/Foundation/Application.php:342
/var/www/html/vendor/laravel/framework/src/Illuminate/Foundation/Console/Kernel.php:473
/var/www/html/tests/CreatesApplication.php:31
/var/www/html/vendor/laravel/framework/src/Illuminate/Foundation/Testing/TestCase.php:54
/var/www/html/vendor/laravel/framework/src/Illuminate/Foundation/Testing/Concerns/InteractsWithTestCaseLifecycle.php:92
/var/www/html/vendor/laravel/framework/src/Illuminate/Foundation/Testing/TestCase.php:44
/var/www/html/tests/TestCase.php:36
/var/www/html/tests/Feature/Services/AuditServiceTest.php:23</error>
        </testcase>
        <testcase name="test_logs_auth_event_without_user_id" file="/var/www/html/tests/Feature/Services/AuditServiceTest.php" line="162" class="Tests\Feature\Services\AuditServiceTest" classname="Tests.Feature.Services.AuditServiceTest" assertions="0" time="0.000000">
          <error type="Error">Tests\Feature\Services\AuditServiceTest::test_logs_auth_event_without_user_id
Error: Class "Laravel\Dusk\DuskServiceProvider" not found

/var/www/html/vendor/laravel/framework/src/Illuminate/Foundation/Application.php:961
/var/www/html/vendor/laravel/framework/src/Illuminate/Foundation/Application.php:893
/var/www/html/app/Providers/AppServiceProvider.php:51
/var/www/html/vendor/laravel/framework/src/Illuminate/Foundation/Application.php:896
/var/www/html/vendor/laravel/framework/src/Illuminate/Foundation/ProviderRepository.php:74
/var/www/html/vendor/laravel/framework/src/Illuminate/Foundation/Application.php:871
/var/www/html/vendor/laravel/framework/src/Illuminate/Foundation/Bootstrap/RegisterProviders.php:37
/var/www/html/vendor/laravel/framework/src/Illuminate/Foundation/Application.php:342
/var/www/html/vendor/laravel/framework/src/Illuminate/Foundation/Console/Kernel.php:473
/var/www/html/tests/CreatesApplication.php:31
/var/www/html/vendor/laravel/framework/src/Illuminate/Foundation/Testing/TestCase.php:54
/var/www/html/vendor/laravel/framework/src/Illuminate/Foundation/Testing/Concerns/InteractsWithTestCaseLifecycle.php:92
/var/www/html/vendor/laravel/framework/src/Illuminate/Foundation/Testing/TestCase.php:44
/var/www/html/tests/TestCase.php:36
/var/www/html/tests/Feature/Services/AuditServiceTest.php:23</error>
        </testcase>
        <testcase name="test_logs_viewed_event" file="/var/www/html/tests/Feature/Services/AuditServiceTest.php" line="109" class="Tests\Feature\Services\AuditServiceTest" classname="Tests.Feature.Services.AuditServiceTest" assertions="0" time="0.000000">
          <error type="Error">Tests\Feature\Services\AuditServiceTest::test_logs_viewed_event
Error: Class "Laravel\Dusk\DuskServiceProvider" not found

/var/www/html/vendor/laravel/framework/src/Illuminate/Foundation/Application.php:961
/var/www/html/vendor/laravel/framework/src/Illuminate/Foundation/Application.php:893
/var/www/html/app/Providers/AppServiceProvider.php:51
/var/www/html/vendor/laravel/framework/src/Illuminate/Foundation/Application.php:896
/var/www/html/vendor/laravel/framework/src/Illuminate/Foundation/ProviderRepository.php:74
/var/www/html/vendor/laravel/framework/src/Illuminate/Foundation/Application.php:871
/var/www/html/vendor/laravel/framework/src/Illuminate/Foundation/Bootstrap/RegisterProviders.php:37
/var/www/html/vendor/laravel/framework/src/Illuminate/Foundation/Application.php:342
/var/www/html/vendor/laravel/framework/src/Illuminate/Foundation/Console/Kernel.php:473
/var/www/html/tests/CreatesApplication.php:31
/var/www/html/vendor/laravel/framework/src/Illuminate/Foundation/Testing/TestCase.php:54
/var/www/html/vendor/laravel/framework/src/Illuminate/Foundation/Testing/Concerns/InteractsWithTestCaseLifecycle.php:92
/var/www/html/vendor/laravel/framework/src/Illuminate/Foundation/Testing/TestCase.php:44
/var/www/html/tests/TestCase.php:36
/var/www/html/tests/Feature/Services/AuditServiceTest.php:23</error>
        </testcase>
        <testcase name="test_gets_model_logs" file="/var/www/html/tests/Feature/Services/AuditServiceTest.php" line="198" class="Tests\Feature\Services\AuditServiceTest" classname="Tests.Feature.Services.AuditServiceTest" assertions="0" time="0.000000">
          <error type="Error">Tests\Feature\Services\AuditServiceTest::test_gets_model_logs
Error: Class "Laravel\Dusk\DuskServiceProvider" not found

/var/www/html/vendor/laravel/framework/src/Illuminate/Foundation/Application.php:961
/var/www/html/vendor/laravel/framework/src/Illuminate/Foundation/Application.php:893
/var/www/html/app/Providers/AppServiceProvider.php:51
/var/www/html/vendor/laravel/framework/src/Illuminate/Foundation/Application.php:896
/var/www/html/vendor/laravel/framework/src/Illuminate/Foundation/ProviderRepository.php:74
/var/www/html/vendor/laravel/framework/src/Illuminate/Foundation/Application.php:871
/var/www/html/vendor/laravel/framework/src/Illuminate/Foundation/Bootstrap/RegisterProviders.php:37
/var/www/html/vendor/laravel/framework/src/Illuminate/Foundation/Application.php:342
/var/www/html/vendor/laravel/framework/src/Illuminate/Foundation/Console/Kernel.php:473
/var/www/html/tests/CreatesApplication.php:31
/var/www/html/vendor/laravel/framework/src/Illuminate/Foundation/Testing/TestCase.php:54
/var/www/html/vendor/laravel/framework/src/Illuminate/Foundation/Testing/Concerns/InteractsWithTestCaseLifecycle.php:92
/var/www/html/vendor/laravel/framework/src/Illuminate/Foundation/Testing/TestCase.php:44
/var/www/html/tests/TestCase.php:36
/var/www/html/tests/Feature/Services/AuditServiceTest.php:23</error>
        </testcase>
      </testsuite>
      <testsuite name="Tests\Feature\Http\Middleware\StartSessionTest" file="/var/www/html/tests/Feature/Http/Middleware/StartSessionTest.php" tests="5" assertions="0" errors="5" failures="0" skipped="0" time="0.000000">
        <testcase name="test_start_session_middleware_handles_api_requests" file="/var/www/html/tests/Feature/Http/Middleware/StartSessionTest.php" line="60" class="Tests\Feature\Http\Middleware\StartSessionTest" classname="Tests.Feature.Http.Middleware.StartSessionTest" assertions="0" time="0.000000">
          <error type="Error">Tests\Feature\Http\Middleware\StartSessionTest::test_start_session_middleware_handles_api_requests
Error: Class "Laravel\Dusk\DuskServiceProvider" not found

/var/www/html/vendor/laravel/framework/src/Illuminate/Foundation/Application.php:961
/var/www/html/vendor/laravel/framework/src/Illuminate/Foundation/Application.php:893
/var/www/html/app/Providers/AppServiceProvider.php:51
/var/www/html/vendor/laravel/framework/src/Illuminate/Foundation/Application.php:896
/var/www/html/vendor/laravel/framework/src/Illuminate/Foundation/ProviderRepository.php:74
/var/www/html/vendor/laravel/framework/src/Illuminate/Foundation/Application.php:871
/var/www/html/vendor/laravel/framework/src/Illuminate/Foundation/Bootstrap/RegisterProviders.php:37
/var/www/html/vendor/laravel/framework/src/Illuminate/Foundation/Application.php:342
/var/www/html/vendor/laravel/framework/src/Illuminate/Foundation/Console/Kernel.php:473
/var/www/html/tests/CreatesApplication.php:31
/var/www/html/vendor/laravel/framework/src/Illuminate/Foundation/Testing/TestCase.php:54
/var/www/html/vendor/laravel/framework/src/Illuminate/Foundation/Testing/Concerns/InteractsWithTestCaseLifecycle.php:92
/var/www/html/vendor/laravel/framework/src/Illuminate/Foundation/Testing/TestCase.php:44
/var/www/html/tests/TestCase.php:36</error>
        </testcase>
        <testcase name="test_start_session_middleware_handles_session_data" file="/var/www/html/tests/Feature/Http/Middleware/StartSessionTest.php" line="31" class="Tests\Feature\Http\Middleware\StartSessionTest" classname="Tests.Feature.Http.Middleware.StartSessionTest" assertions="0" time="0.000000">
          <error type="Error">Tests\Feature\Http\Middleware\StartSessionTest::test_start_session_middleware_handles_session_data
Error: Class "Laravel\Dusk\DuskServiceProvider" not found

/var/www/html/vendor/laravel/framework/src/Illuminate/Foundation/Application.php:961
/var/www/html/vendor/laravel/framework/src/Illuminate/Foundation/Application.php:893
/var/www/html/app/Providers/AppServiceProvider.php:51
/var/www/html/vendor/laravel/framework/src/Illuminate/Foundation/Application.php:896
/var/www/html/vendor/laravel/framework/src/Illuminate/Foundation/ProviderRepository.php:74
/var/www/html/vendor/laravel/framework/src/Illuminate/Foundation/Application.php:871
/var/www/html/vendor/laravel/framework/src/Illuminate/Foundation/Bootstrap/RegisterProviders.php:37
/var/www/html/vendor/laravel/framework/src/Illuminate/Foundation/Application.php:342
/var/www/html/vendor/laravel/framework/src/Illuminate/Foundation/Console/Kernel.php:473
/var/www/html/tests/CreatesApplication.php:31
/var/www/html/vendor/laravel/framework/src/Illuminate/Foundation/Testing/TestCase.php:54
/var/www/html/vendor/laravel/framework/src/Illuminate/Foundation/Testing/Concerns/InteractsWithTestCaseLifecycle.php:92
/var/www/html/vendor/laravel/framework/src/Illuminate/Foundation/Testing/TestCase.php:44
/var/www/html/tests/TestCase.php:36</error>
        </testcase>
        <testcase name="test_start_session_middleware_handles_post_requests" file="/var/www/html/tests/Feature/Http/Middleware/StartSessionTest.php" line="45" class="Tests\Feature\Http\Middleware\StartSessionTest" classname="Tests.Feature.Http.Middleware.StartSessionTest" assertions="0" time="0.000000">
          <error type="Error">Tests\Feature\Http\Middleware\StartSessionTest::test_start_session_middleware_handles_post_requests
Error: Class "Laravel\Dusk\DuskServiceProvider" not found

/var/www/html/vendor/laravel/framework/src/Illuminate/Foundation/Application.php:961
/var/www/html/vendor/laravel/framework/src/Illuminate/Foundation/Application.php:893
/var/www/html/app/Providers/AppServiceProvider.php:51
/var/www/html/vendor/laravel/framework/src/Illuminate/Foundation/Application.php:896
/var/www/html/vendor/laravel/framework/src/Illuminate/Foundation/ProviderRepository.php:74
/var/www/html/vendor/laravel/framework/src/Illuminate/Foundation/Application.php:871
/var/www/html/vendor/laravel/framework/src/Illuminate/Foundation/Bootstrap/RegisterProviders.php:37
/var/www/html/vendor/laravel/framework/src/Illuminate/Foundation/Application.php:342
/var/www/html/vendor/laravel/framework/src/Illuminate/Foundation/Console/Kernel.php:473
/var/www/html/tests/CreatesApplication.php:31
/var/www/html/vendor/laravel/framework/src/Illuminate/Foundation/Testing/TestCase.php:54
/var/www/html/vendor/laravel/framework/src/Illuminate/Foundation/Testing/Concerns/InteractsWithTestCaseLifecycle.php:92
/var/www/html/vendor/laravel/framework/src/Illuminate/Foundation/Testing/TestCase.php:44
/var/www/html/tests/TestCase.php:36</error>
        </testcase>
        <testcase name="test_start_session_middleware_handles_different_request_methods" file="/var/www/html/tests/Feature/Http/Middleware/StartSessionTest.php" line="74" class="Tests\Feature\Http\Middleware\StartSessionTest" classname="Tests.Feature.Http.Middleware.StartSessionTest" assertions="0" time="0.000000">
          <error type="Error">Tests\Feature\Http\Middleware\StartSessionTest::test_start_session_middleware_handles_different_request_methods
Error: Class "Laravel\Dusk\DuskServiceProvider" not found

/var/www/html/vendor/laravel/framework/src/Illuminate/Foundation/Application.php:961
/var/www/html/vendor/laravel/framework/src/Illuminate/Foundation/Application.php:893
/var/www/html/app/Providers/AppServiceProvider.php:51
/var/www/html/vendor/laravel/framework/src/Illuminate/Foundation/Application.php:896
/var/www/html/vendor/laravel/framework/src/Illuminate/Foundation/ProviderRepository.php:74
/var/www/html/vendor/laravel/framework/src/Illuminate/Foundation/Application.php:871
/var/www/html/vendor/laravel/framework/src/Illuminate/Foundation/Bootstrap/RegisterProviders.php:37
/var/www/html/vendor/laravel/framework/src/Illuminate/Foundation/Application.php:342
/var/www/html/vendor/laravel/framework/src/Illuminate/Foundation/Console/Kernel.php:473
/var/www/html/tests/CreatesApplication.php:31
/var/www/html/vendor/laravel/framework/src/Illuminate/Foundation/Testing/TestCase.php:54
/var/www/html/vendor/laravel/framework/src/Illuminate/Foundation/Testing/Concerns/InteractsWithTestCaseLifecycle.php:92
/var/www/html/vendor/laravel/framework/src/Illuminate/Foundation/Testing/TestCase.php:44
/var/www/html/tests/TestCase.php:36</error>
        </testcase>
        <testcase name="test_start_session_middleware_starts_session" file="/var/www/html/tests/Feature/Http/Middleware/StartSessionTest.php" line="18" class="Tests\Feature\Http\Middleware\StartSessionTest" classname="Tests.Feature.Http.Middleware.StartSessionTest" assertions="0" time="0.000000">
          <error type="Error">Tests\Feature\Http\Middleware\StartSessionTest::test_start_session_middleware_starts_session
Error: Class "Laravel\Dusk\DuskServiceProvider" not found

/var/www/html/vendor/laravel/framework/src/Illuminate/Foundation/Application.php:961
/var/www/html/vendor/laravel/framework/src/Illuminate/Foundation/Application.php:893
/var/www/html/app/Providers/AppServiceProvider.php:51
/var/www/html/vendor/laravel/framework/src/Illuminate/Foundation/Application.php:896
/var/www/html/vendor/laravel/framework/src/Illuminate/Foundation/ProviderRepository.php:74
/var/www/html/vendor/laravel/framework/src/Illuminate/Foundation/Application.php:871
/var/www/html/vendor/laravel/framework/src/Illuminate/Foundation/Bootstrap/RegisterProviders.php:37
/var/www/html/vendor/laravel/framework/src/Illuminate/Foundation/Application.php:342
/var/www/html/vendor/laravel/framework/src/Illuminate/Foundation/Console/Kernel.php:473
/var/www/html/tests/CreatesApplication.php:31
/var/www/html/vendor/laravel/framework/src/Illuminate/Foundation/Testing/TestCase.php:54
/var/www/html/vendor/laravel/framework/src/Illuminate/Foundation/Testing/Concerns/InteractsWithTestCaseLifecycle.php:92
/var/www/html/vendor/laravel/framework/src/Illuminate/Foundation/Testing/TestCase.php:44
/var/www/html/tests/TestCase.php:36</error>
        </testcase>
      </testsuite>
      <testsuite name="Tests\Feature\Http\Middleware\RedirectIfAuthenticatedTest" file="/var/www/html/tests/Feature/Http/Middleware/RedirectIfAuthenticatedTest.php" tests="5" assertions="0" errors="5" failures="0" skipped="0" time="0.000000">
        <testcase name="test_redirect_if_authenticated_middleware_handles_api_requests" file="/var/www/html/tests/Feature/Http/Middleware/RedirectIfAuthenticatedTest.php" line="49" class="Tests\Feature\Http\Middleware\RedirectIfAuthenticatedTest" classname="Tests.Feature.Http.Middleware.RedirectIfAuthenticatedTest" assertions="0" time="0.000000">
          <error type="Error">Tests\Feature\Http\Middleware\RedirectIfAuthenticatedTest::test_redirect_if_authenticated_middleware_handles_api_requests
Error: Class "Laravel\Dusk\DuskServiceProvider" not found

/var/www/html/vendor/laravel/framework/src/Illuminate/Foundation/Application.php:961
/var/www/html/vendor/laravel/framework/src/Illuminate/Foundation/Application.php:893
/var/www/html/app/Providers/AppServiceProvider.php:51
/var/www/html/vendor/laravel/framework/src/Illuminate/Foundation/Application.php:896
/var/www/html/vendor/laravel/framework/src/Illuminate/Foundation/ProviderRepository.php:74
/var/www/html/vendor/laravel/framework/src/Illuminate/Foundation/Application.php:871
/var/www/html/vendor/laravel/framework/src/Illuminate/Foundation/Bootstrap/RegisterProviders.php:37
/var/www/html/vendor/laravel/framework/src/Illuminate/Foundation/Application.php:342
/var/www/html/vendor/laravel/framework/src/Illuminate/Foundation/Console/Kernel.php:473
/var/www/html/tests/CreatesApplication.php:31
/var/www/html/vendor/laravel/framework/src/Illuminate/Foundation/Testing/TestCase.php:54
/var/www/html/vendor/laravel/framework/src/Illuminate/Foundation/Testing/Concerns/InteractsWithTestCaseLifecycle.php:92
/var/www/html/vendor/laravel/framework/src/Illuminate/Foundation/Testing/TestCase.php:44
/var/www/html/tests/TestCase.php:36</error>
        </testcase>
        <testcase name="test_redirect_if_authenticated_middleware_redirects_authenticated_users" file="/var/www/html/tests/Feature/Http/Middleware/RedirectIfAuthenticatedTest.php" line="19" class="Tests\Feature\Http\Middleware\RedirectIfAuthenticatedTest" classname="Tests.Feature.Http.Middleware.RedirectIfAuthenticatedTest" assertions="0" time="0.000000">
          <error type="Error">Tests\Feature\Http\Middleware\RedirectIfAuthenticatedTest::test_redirect_if_authenticated_middleware_redirects_authenticated_users
Error: Class "Laravel\Dusk\DuskServiceProvider" not found

/var/www/html/vendor/laravel/framework/src/Illuminate/Foundation/Application.php:961
/var/www/html/vendor/laravel/framework/src/Illuminate/Foundation/Application.php:893
/var/www/html/app/Providers/AppServiceProvider.php:51
/var/www/html/vendor/laravel/framework/src/Illuminate/Foundation/Application.php:896
/var/www/html/vendor/laravel/framework/src/Illuminate/Foundation/ProviderRepository.php:74
/var/www/html/vendor/laravel/framework/src/Illuminate/Foundation/Application.php:871
/var/www/html/vendor/laravel/framework/src/Illuminate/Foundation/Bootstrap/RegisterProviders.php:37
/var/www/html/vendor/laravel/framework/src/Illuminate/Foundation/Application.php:342
/var/www/html/vendor/laravel/framework/src/Illuminate/Foundation/Console/Kernel.php:473
/var/www/html/tests/CreatesApplication.php:31
/var/www/html/vendor/laravel/framework/src/Illuminate/Foundation/Testing/TestCase.php:54
/var/www/html/vendor/laravel/framework/src/Illuminate/Foundation/Testing/Concerns/InteractsWithTestCaseLifecycle.php:92
/var/www/html/vendor/laravel/framework/src/Illuminate/Foundation/Testing/TestCase.php:44
/var/www/html/tests/TestCase.php:36</error>
        </testcase>
        <testcase name="test_redirect_if_authenticated_middleware_handles_null_user" file="/var/www/html/tests/Feature/Http/Middleware/RedirectIfAuthenticatedTest.php" line="82" class="Tests\Feature\Http\Middleware\RedirectIfAuthenticatedTest" classname="Tests.Feature.Http.Middleware.RedirectIfAuthenticatedTest" assertions="0" time="0.000000">
          <error type="Error">Tests\Feature\Http\Middleware\RedirectIfAuthenticatedTest::test_redirect_if_authenticated_middleware_handles_null_user
Error: Class "Laravel\Dusk\DuskServiceProvider" not found

/var/www/html/vendor/laravel/framework/src/Illuminate/Foundation/Application.php:961
/var/www/html/vendor/laravel/framework/src/Illuminate/Foundation/Application.php:893
/var/www/html/app/Providers/AppServiceProvider.php:51
/var/www/html/vendor/laravel/framework/src/Illuminate/Foundation/Application.php:896
/var/www/html/vendor/laravel/framework/src/Illuminate/Foundation/ProviderRepository.php:74
/var/www/html/vendor/laravel/framework/src/Illuminate/Foundation/Application.php:871
/var/www/html/vendor/laravel/framework/src/Illuminate/Foundation/Bootstrap/RegisterProviders.php:37
/var/www/html/vendor/laravel/framework/src/Illuminate/Foundation/Application.php:342
/var/www/html/vendor/laravel/framework/src/Illuminate/Foundation/Console/Kernel.php:473
/var/www/html/tests/CreatesApplication.php:31
/var/www/html/vendor/laravel/framework/src/Illuminate/Foundation/Testing/TestCase.php:54
/var/www/html/vendor/laravel/framework/src/Illuminate/Foundation/Testing/Concerns/InteractsWithTestCaseLifecycle.php:92
/var/www/html/vendor/laravel/framework/src/Illuminate/Foundation/Testing/TestCase.php:44
/var/www/html/tests/TestCase.php:36</error>
        </testcase>
        <testcase name="test_redirect_if_authenticated_middleware_allows_unauthenticated_users" file="/var/www/html/tests/Feature/Http/Middleware/RedirectIfAuthenticatedTest.php" line="36" class="Tests\Feature\Http\Middleware\RedirectIfAuthenticatedTest" classname="Tests.Feature.Http.Middleware.RedirectIfAuthenticatedTest" assertions="0" time="0.000000">
          <error type="Error">Tests\Feature\Http\Middleware\RedirectIfAuthenticatedTest::test_redirect_if_authenticated_middleware_allows_unauthenticated_users
Error: Class "Laravel\Dusk\DuskServiceProvider" not found

/var/www/html/vendor/laravel/framework/src/Illuminate/Foundation/Application.php:961
/var/www/html/vendor/laravel/framework/src/Illuminate/Foundation/Application.php:893
/var/www/html/app/Providers/AppServiceProvider.php:51
/var/www/html/vendor/laravel/framework/src/Illuminate/Foundation/Application.php:896
/var/www/html/vendor/laravel/framework/src/Illuminate/Foundation/ProviderRepository.php:74
/var/www/html/vendor/laravel/framework/src/Illuminate/Foundation/Application.php:871
/var/www/html/vendor/laravel/framework/src/Illuminate/Foundation/Bootstrap/RegisterProviders.php:37
/var/www/html/vendor/laravel/framework/src/Illuminate/Foundation/Application.php:342
/var/www/html/vendor/laravel/framework/src/Illuminate/Foundation/Console/Kernel.php:473
/var/www/html/tests/CreatesApplication.php:31
/var/www/html/vendor/laravel/framework/src/Illuminate/Foundation/Testing/TestCase.php:54
/var/www/html/vendor/laravel/framework/src/Illuminate/Foundation/Testing/Concerns/InteractsWithTestCaseLifecycle.php:92
/var/www/html/vendor/laravel/framework/src/Illuminate/Foundation/Testing/TestCase.php:44
/var/www/html/tests/TestCase.php:36</error>
        </testcase>
        <testcase name="test_redirect_if_authenticated_middleware_handles_different_routes" file="/var/www/html/tests/Feature/Http/Middleware/RedirectIfAuthenticatedTest.php" line="66" class="Tests\Feature\Http\Middleware\RedirectIfAuthenticatedTest" classname="Tests.Feature.Http.Middleware.RedirectIfAuthenticatedTest" assertions="0" time="0.000000">
          <error type="Error">Tests\Feature\Http\Middleware\RedirectIfAuthenticatedTest::test_redirect_if_authenticated_middleware_handles_different_routes
Error: Class "Laravel\Dusk\DuskServiceProvider" not found

/var/www/html/vendor/laravel/framework/src/Illuminate/Foundation/Application.php:961
/var/www/html/vendor/laravel/framework/src/Illuminate/Foundation/Application.php:893
/var/www/html/app/Providers/AppServiceProvider.php:51
/var/www/html/vendor/laravel/framework/src/Illuminate/Foundation/Application.php:896
/var/www/html/vendor/laravel/framework/src/Illuminate/Foundation/ProviderRepository.php:74
/var/www/html/vendor/laravel/framework/src/Illuminate/Foundation/Application.php:871
/var/www/html/vendor/laravel/framework/src/Illuminate/Foundation/Bootstrap/RegisterProviders.php:37
/var/www/html/vendor/laravel/framework/src/Illuminate/Foundation/Application.php:342
/var/www/html/vendor/laravel/framework/src/Illuminate/Foundation/Console/Kernel.php:473
/var/www/html/tests/CreatesApplication.php:31
/var/www/html/vendor/laravel/framework/src/Illuminate/Foundation/Testing/TestCase.php:54
/var/www/html/vendor/laravel/framework/src/Illuminate/Foundation/Testing/Concerns/InteractsWithTestCaseLifecycle.php:92
/var/www/html/vendor/laravel/framework/src/Illuminate/Foundation/Testing/TestCase.php:44
/var/www/html/tests/TestCase.php:36</error>
        </testcase>
      </testsuite>
      <testsuite name="Tests\Feature\ThirdPartyApiTest" file="/var/www/html/tests/Feature/ThirdPartyApiTest.php" tests="3" assertions="0" errors="3" failures="0" skipped="0" time="0.000000">
        <testcase name="test_expected_behavior" file="/var/www/html/tests/Feature/ThirdPartyApiTest.php" line="25" class="Tests\Feature\ThirdPartyApiTest" classname="Tests.Feature.ThirdPartyApiTest" assertions="0" time="0.000000">
          <error type="Error">Tests\Feature\ThirdPartyApiTest::test_expected_behavior
Error: Class "Laravel\Dusk\DuskServiceProvider" not found

/var/www/html/vendor/laravel/framework/src/Illuminate/Foundation/Application.php:961
/var/www/html/vendor/laravel/framework/src/Illuminate/Foundation/Application.php:893
/var/www/html/app/Providers/AppServiceProvider.php:51
/var/www/html/vendor/laravel/framework/src/Illuminate/Foundation/Application.php:896
/var/www/html/vendor/laravel/framework/src/Illuminate/Foundation/ProviderRepository.php:74
/var/www/html/vendor/laravel/framework/src/Illuminate/Foundation/Application.php:871
/var/www/html/vendor/laravel/framework/src/Illuminate/Foundation/Bootstrap/RegisterProviders.php:37
/var/www/html/vendor/laravel/framework/src/Illuminate/Foundation/Application.php:342
/var/www/html/vendor/laravel/framework/src/Illuminate/Foundation/Console/Kernel.php:473
/var/www/html/tests/CreatesApplication.php:31
/var/www/html/vendor/laravel/framework/src/Illuminate/Foundation/Testing/TestCase.php:54
/var/www/html/vendor/laravel/framework/src/Illuminate/Foundation/Testing/Concerns/InteractsWithTestCaseLifecycle.php:92
/var/www/html/vendor/laravel/framework/src/Illuminate/Foundation/Testing/TestCase.php:44
/var/www/html/tests/TestCase.php:36
/var/www/html/tests/Feature/ThirdPartyApiTest.php:40</error>
        </testcase>
        <testcase name="test_basic_functionality" file="/var/www/html/tests/Feature/ThirdPartyApiTest.php" line="18" class="Tests\Feature\ThirdPartyApiTest" classname="Tests.Feature.ThirdPartyApiTest" assertions="0" time="0.000000">
          <error type="Error">Tests\Feature\ThirdPartyApiTest::test_basic_functionality
Error: Class "Laravel\Dusk\DuskServiceProvider" not found

/var/www/html/vendor/laravel/framework/src/Illuminate/Foundation/Application.php:961
/var/www/html/vendor/laravel/framework/src/Illuminate/Foundation/Application.php:893
/var/www/html/app/Providers/AppServiceProvider.php:51
/var/www/html/vendor/laravel/framework/src/Illuminate/Foundation/Application.php:896
/var/www/html/vendor/laravel/framework/src/Illuminate/Foundation/ProviderRepository.php:74
/var/www/html/vendor/laravel/framework/src/Illuminate/Foundation/Application.php:871
/var/www/html/vendor/laravel/framework/src/Illuminate/Foundation/Bootstrap/RegisterProviders.php:37
/var/www/html/vendor/laravel/framework/src/Illuminate/Foundation/Application.php:342
/var/www/html/vendor/laravel/framework/src/Illuminate/Foundation/Console/Kernel.php:473
/var/www/html/tests/CreatesApplication.php:31
/var/www/html/vendor/laravel/framework/src/Illuminate/Foundation/Testing/TestCase.php:54
/var/www/html/vendor/laravel/framework/src/Illuminate/Foundation/Testing/Concerns/InteractsWithTestCaseLifecycle.php:92
/var/www/html/vendor/laravel/framework/src/Illuminate/Foundation/Testing/TestCase.php:44
/var/www/html/tests/TestCase.php:36
/var/www/html/tests/Feature/ThirdPartyApiTest.php:40</error>
        </testcase>
        <testcase name="test_validation" file="/var/www/html/tests/Feature/ThirdPartyApiTest.php" line="32" class="Tests\Feature\ThirdPartyApiTest" classname="Tests.Feature.ThirdPartyApiTest" assertions="0" time="0.000000">
          <error type="Error">Tests\Feature\ThirdPartyApiTest::test_validation
Error: Class "Laravel\Dusk\DuskServiceProvider" not found

/var/www/html/vendor/laravel/framework/src/Illuminate/Foundation/Application.php:961
/var/www/html/vendor/laravel/framework/src/Illuminate/Foundation/Application.php:893
/var/www/html/app/Providers/AppServiceProvider.php:51
/var/www/html/vendor/laravel/framework/src/Illuminate/Foundation/Application.php:896
/var/www/html/vendor/laravel/framework/src/Illuminate/Foundation/ProviderRepository.php:74
/var/www/html/vendor/laravel/framework/src/Illuminate/Foundation/Application.php:871
/var/www/html/vendor/laravel/framework/src/Illuminate/Foundation/Bootstrap/RegisterProviders.php:37
/var/www/html/vendor/laravel/framework/src/Illuminate/Foundation/Application.php:342
/var/www/html/vendor/laravel/framework/src/Illuminate/Foundation/Console/Kernel.php:473
/var/www/html/tests/CreatesApplication.php:31
/var/www/html/vendor/laravel/framework/src/Illuminate/Foundation/Testing/TestCase.php:54
/var/www/html/vendor/laravel/framework/src/Illuminate/Foundation/Testing/Concerns/InteractsWithTestCaseLifecycle.php:92
/var/www/html/vendor/laravel/framework/src/Illuminate/Foundation/Testing/TestCase.php:44
/var/www/html/tests/TestCase.php:36
/var/www/html/tests/Feature/ThirdPartyApiTest.php:40</error>
        </testcase>
      </testsuite>
      <testsuite name="Tests\Feature\Http\Middleware\AuthenticateSessionTest" file="/var/www/html/tests/Feature/Http/Middleware/AuthenticateSessionTest.php" tests="5" assertions="0" errors="5" failures="0" skipped="0" time="0.000000">
        <testcase name="test_authenticate_session_middleware_handles_session_data" file="/var/www/html/tests/Feature/Http/Middleware/AuthenticateSessionTest.php" line="68" class="Tests\Feature\Http\Middleware\AuthenticateSessionTest" classname="Tests.Feature.Http.Middleware.AuthenticateSessionTest" assertions="0" time="0.000000">
          <error type="Error">Tests\Feature\Http\Middleware\AuthenticateSessionTest::test_authenticate_session_middleware_handles_session_data
Error: Class "Laravel\Dusk\DuskServiceProvider" not found

/var/www/html/vendor/laravel/framework/src/Illuminate/Foundation/Application.php:961
/var/www/html/vendor/laravel/framework/src/Illuminate/Foundation/Application.php:893
/var/www/html/app/Providers/AppServiceProvider.php:51
/var/www/html/vendor/laravel/framework/src/Illuminate/Foundation/Application.php:896
/var/www/html/vendor/laravel/framework/src/Illuminate/Foundation/ProviderRepository.php:74
/var/www/html/vendor/laravel/framework/src/Illuminate/Foundation/Application.php:871
/var/www/html/vendor/laravel/framework/src/Illuminate/Foundation/Bootstrap/RegisterProviders.php:37
/var/www/html/vendor/laravel/framework/src/Illuminate/Foundation/Application.php:342
/var/www/html/vendor/laravel/framework/src/Illuminate/Foundation/Console/Kernel.php:473
/var/www/html/tests/CreatesApplication.php:31
/var/www/html/vendor/laravel/framework/src/Illuminate/Foundation/Testing/TestCase.php:54
/var/www/html/vendor/laravel/framework/src/Illuminate/Foundation/Testing/Concerns/InteractsWithTestCaseLifecycle.php:92
/var/www/html/vendor/laravel/framework/src/Illuminate/Foundation/Testing/TestCase.php:44
/var/www/html/tests/TestCase.php:36</error>
        </testcase>
        <testcase name="test_authenticate_session_middleware_allows_authenticated_users" file="/var/www/html/tests/Feature/Http/Middleware/AuthenticateSessionTest.php" line="22" class="Tests\Feature\Http\Middleware\AuthenticateSessionTest" classname="Tests.Feature.Http.Middleware.AuthenticateSessionTest" assertions="0" time="0.000000">
          <error type="Error">Tests\Feature\Http\Middleware\AuthenticateSessionTest::test_authenticate_session_middleware_allows_authenticated_users
Error: Class "Laravel\Dusk\DuskServiceProvider" not found

/var/www/html/vendor/laravel/framework/src/Illuminate/Foundation/Application.php:961
/var/www/html/vendor/laravel/framework/src/Illuminate/Foundation/Application.php:893
/var/www/html/app/Providers/AppServiceProvider.php:51
/var/www/html/vendor/laravel/framework/src/Illuminate/Foundation/Application.php:896
/var/www/html/vendor/laravel/framework/src/Illuminate/Foundation/ProviderRepository.php:74
/var/www/html/vendor/laravel/framework/src/Illuminate/Foundation/Application.php:871
/var/www/html/vendor/laravel/framework/src/Illuminate/Foundation/Bootstrap/RegisterProviders.php:37
/var/www/html/vendor/laravel/framework/src/Illuminate/Foundation/Application.php:342
/var/www/html/vendor/laravel/framework/src/Illuminate/Foundation/Console/Kernel.php:473
/var/www/html/tests/CreatesApplication.php:31
/var/www/html/vendor/laravel/framework/src/Illuminate/Foundation/Testing/TestCase.php:54
/var/www/html/vendor/laravel/framework/src/Illuminate/Foundation/Testing/Concerns/InteractsWithTestCaseLifecycle.php:92
/var/www/html/vendor/laravel/framework/src/Illuminate/Foundation/Testing/TestCase.php:44
/var/www/html/tests/TestCase.php:36</error>
        </testcase>
        <testcase name="test_authenticate_session_middleware_handles_unauthenticated_users" file="/var/www/html/tests/Feature/Http/Middleware/AuthenticateSessionTest.php" line="47" class="Tests\Feature\Http\Middleware\AuthenticateSessionTest" classname="Tests.Feature.Http.Middleware.AuthenticateSessionTest" assertions="0" time="0.000000">
          <error type="Error">Tests\Feature\Http\Middleware\AuthenticateSessionTest::test_authenticate_session_middleware_handles_unauthenticated_users
Error: Class "Laravel\Dusk\DuskServiceProvider" not found

/var/www/html/vendor/laravel/framework/src/Illuminate/Foundation/Application.php:961
/var/www/html/vendor/laravel/framework/src/Illuminate/Foundation/Application.php:893
/var/www/html/app/Providers/AppServiceProvider.php:51
/var/www/html/vendor/laravel/framework/src/Illuminate/Foundation/Application.php:896
/var/www/html/vendor/laravel/framework/src/Illuminate/Foundation/ProviderRepository.php:74
/var/www/html/vendor/laravel/framework/src/Illuminate/Foundation/Application.php:871
/var/www/html/vendor/laravel/framework/src/Illuminate/Foundation/Bootstrap/RegisterProviders.php:37
/var/www/html/vendor/laravel/framework/src/Illuminate/Foundation/Application.php:342
/var/www/html/vendor/laravel/framework/src/Illuminate/Foundation/Console/Kernel.php:473
/var/www/html/tests/CreatesApplication.php:31
/var/www/html/vendor/laravel/framework/src/Illuminate/Foundation/Testing/TestCase.php:54
/var/www/html/vendor/laravel/framework/src/Illuminate/Foundation/Testing/Concerns/InteractsWithTestCaseLifecycle.php:92
/var/www/html/vendor/laravel/framework/src/Illuminate/Foundation/Testing/TestCase.php:44
/var/www/html/tests/TestCase.php:36</error>
        </testcase>
        <testcase name="test_authenticate_session_middleware_handles_api_requests" file="/var/www/html/tests/Feature/Http/Middleware/AuthenticateSessionTest.php" line="121" class="Tests\Feature\Http\Middleware\AuthenticateSessionTest" classname="Tests.Feature.Http.Middleware.AuthenticateSessionTest" assertions="0" time="0.000000">
          <error type="Error">Tests\Feature\Http\Middleware\AuthenticateSessionTest::test_authenticate_session_middleware_handles_api_requests
Error: Class "Laravel\Dusk\DuskServiceProvider" not found

/var/www/html/vendor/laravel/framework/src/Illuminate/Foundation/Application.php:961
/var/www/html/vendor/laravel/framework/src/Illuminate/Foundation/Application.php:893
/var/www/html/app/Providers/AppServiceProvider.php:51
/var/www/html/vendor/laravel/framework/src/Illuminate/Foundation/Application.php:896
/var/www/html/vendor/laravel/framework/src/Illuminate/Foundation/ProviderRepository.php:74
/var/www/html/vendor/laravel/framework/src/Illuminate/Foundation/Application.php:871
/var/www/html/vendor/laravel/framework/src/Illuminate/Foundation/Bootstrap/RegisterProviders.php:37
/var/www/html/vendor/laravel/framework/src/Illuminate/Foundation/Application.php:342
/var/www/html/vendor/laravel/framework/src/Illuminate/Foundation/Console/Kernel.php:473
/var/www/html/tests/CreatesApplication.php:31
/var/www/html/vendor/laravel/framework/src/Illuminate/Foundation/Testing/TestCase.php:54
/var/www/html/vendor/laravel/framework/src/Illuminate/Foundation/Testing/Concerns/InteractsWithTestCaseLifecycle.php:92
/var/www/html/vendor/laravel/framework/src/Illuminate/Foundation/Testing/TestCase.php:44
/var/www/html/tests/TestCase.php:36</error>
        </testcase>
        <testcase name="test_authenticate_session_middleware_handles_post_requests" file="/var/www/html/tests/Feature/Http/Middleware/AuthenticateSessionTest.php" line="94" class="Tests\Feature\Http\Middleware\AuthenticateSessionTest" classname="Tests.Feature.Http.Middleware.AuthenticateSessionTest" assertions="0" time="0.000000">
          <error type="Error">Tests\Feature\Http\Middleware\AuthenticateSessionTest::test_authenticate_session_middleware_handles_post_requests
Error: Class "Laravel\Dusk\DuskServiceProvider" not found

/var/www/html/vendor/laravel/framework/src/Illuminate/Foundation/Application.php:961
/var/www/html/vendor/laravel/framework/src/Illuminate/Foundation/Application.php:893
/var/www/html/app/Providers/AppServiceProvider.php:51
/var/www/html/vendor/laravel/framework/src/Illuminate/Foundation/Application.php:896
/var/www/html/vendor/laravel/framework/src/Illuminate/Foundation/ProviderRepository.php:74
/var/www/html/vendor/laravel/framework/src/Illuminate/Foundation/Application.php:871
/var/www/html/vendor/laravel/framework/src/Illuminate/Foundation/Bootstrap/RegisterProviders.php:37
/var/www/html/vendor/laravel/framework/src/Illuminate/Foundation/Application.php:342
/var/www/html/vendor/laravel/framework/src/Illuminate/Foundation/Console/Kernel.php:473
/var/www/html/tests/CreatesApplication.php:31
/var/www/html/vendor/laravel/framework/src/Illuminate/Foundation/Testing/TestCase.php:54
/var/www/html/vendor/laravel/framework/src/Illuminate/Foundation/Testing/Concerns/InteractsWithTestCaseLifecycle.php:92
/var/www/html/vendor/laravel/framework/src/Illuminate/Foundation/Testing/TestCase.php:44
/var/www/html/tests/TestCase.php:36</error>
        </testcase>
      </testsuite>
      <testsuite name="Tests\Feature\Models\StoreTest" file="/var/www/html/tests/Feature/Models/StoreTest.php" tests="3" assertions="0" errors="3" failures="0" skipped="0" time="0.000000">
        <testcase name="test_it_can_create_a_store" file="/var/www/html/tests/Feature/Models/StoreTest.php" line="16" class="Tests\Feature\Models\StoreTest" classname="Tests.Feature.Models.StoreTest" assertions="0" time="0.000000">
          <error type="Error">Tests\Feature\Models\StoreTest::test_it_can_create_a_store
Error: Class "Laravel\Dusk\DuskServiceProvider" not found

/var/www/html/vendor/laravel/framework/src/Illuminate/Foundation/Application.php:961
/var/www/html/vendor/laravel/framework/src/Illuminate/Foundation/Application.php:893
/var/www/html/app/Providers/AppServiceProvider.php:51
/var/www/html/vendor/laravel/framework/src/Illuminate/Foundation/Application.php:896
/var/www/html/vendor/laravel/framework/src/Illuminate/Foundation/ProviderRepository.php:74
/var/www/html/vendor/laravel/framework/src/Illuminate/Foundation/Application.php:871
/var/www/html/vendor/laravel/framework/src/Illuminate/Foundation/Bootstrap/RegisterProviders.php:37
/var/www/html/vendor/laravel/framework/src/Illuminate/Foundation/Application.php:342
/var/www/html/vendor/laravel/framework/src/Illuminate/Foundation/Console/Kernel.php:473
/var/www/html/tests/CreatesApplication.php:31
/var/www/html/vendor/laravel/framework/src/Illuminate/Foundation/Testing/TestCase.php:54
/var/www/html/vendor/laravel/framework/src/Illuminate/Foundation/Testing/Concerns/InteractsWithTestCaseLifecycle.php:92
/var/www/html/vendor/laravel/framework/src/Illuminate/Foundation/Testing/TestCase.php:44
/var/www/html/tests/TestCase.php:36
/var/www/html/tests/Feature/Models/StoreTest.php:50</error>
        </testcase>
        <testcase name="test_it_can_be_instantiated" file="/var/www/html/tests/Feature/Models/StoreTest.php" line="38" class="Tests\Feature\Models\StoreTest" classname="Tests.Feature.Models.StoreTest" assertions="0" time="0.000000">
          <error type="Error">Tests\Feature\Models\StoreTest::test_it_can_be_instantiated
Error: Class "Laravel\Dusk\DuskServiceProvider" not found

/var/www/html/vendor/laravel/framework/src/Illuminate/Foundation/Application.php:961
/var/www/html/vendor/laravel/framework/src/Illuminate/Foundation/Application.php:893
/var/www/html/app/Providers/AppServiceProvider.php:51
/var/www/html/vendor/laravel/framework/src/Illuminate/Foundation/Application.php:896
/var/www/html/vendor/laravel/framework/src/Illuminate/Foundation/ProviderRepository.php:74
/var/www/html/vendor/laravel/framework/src/Illuminate/Foundation/Application.php:871
/var/www/html/vendor/laravel/framework/src/Illuminate/Foundation/Bootstrap/RegisterProviders.php:37
/var/www/html/vendor/laravel/framework/src/Illuminate/Foundation/Application.php:342
/var/www/html/vendor/laravel/framework/src/Illuminate/Foundation/Console/Kernel.php:473
/var/www/html/tests/CreatesApplication.php:31
/var/www/html/vendor/laravel/framework/src/Illuminate/Foundation/Testing/TestCase.php:54
/var/www/html/vendor/laravel/framework/src/Illuminate/Foundation/Testing/Concerns/InteractsWithTestCaseLifecycle.php:92
/var/www/html/vendor/laravel/framework/src/Illuminate/Foundation/Testing/TestCase.php:44
/var/www/html/tests/TestCase.php:36
/var/www/html/tests/Feature/Models/StoreTest.php:50</error>
        </testcase>
        <testcase name="test_it_has_expected_properties" file="/var/www/html/tests/Feature/Models/StoreTest.php" line="27" class="Tests\Feature\Models\StoreTest" classname="Tests.Feature.Models.StoreTest" assertions="0" time="0.000000">
          <error type="Error">Tests\Feature\Models\StoreTest::test_it_has_expected_properties
Error: Class "Laravel\Dusk\DuskServiceProvider" not found

/var/www/html/vendor/laravel/framework/src/Illuminate/Foundation/Application.php:961
/var/www/html/vendor/laravel/framework/src/Illuminate/Foundation/Application.php:893
/var/www/html/app/Providers/AppServiceProvider.php:51
/var/www/html/vendor/laravel/framework/src/Illuminate/Foundation/Application.php:896
/var/www/html/vendor/laravel/framework/src/Illuminate/Foundation/ProviderRepository.php:74
/var/www/html/vendor/laravel/framework/src/Illuminate/Foundation/Application.php:871
/var/www/html/vendor/laravel/framework/src/Illuminate/Foundation/Bootstrap/RegisterProviders.php:37
/var/www/html/vendor/laravel/framework/src/Illuminate/Foundation/Application.php:342
/var/www/html/vendor/laravel/framework/src/Illuminate/Foundation/Console/Kernel.php:473
/var/www/html/tests/CreatesApplication.php:31
/var/www/html/vendor/laravel/framework/src/Illuminate/Foundation/Testing/TestCase.php:54
/var/www/html/vendor/laravel/framework/src/Illuminate/Foundation/Testing/Concerns/InteractsWithTestCaseLifecycle.php:92
/var/www/html/vendor/laravel/framework/src/Illuminate/Foundation/Testing/TestCase.php:44
/var/www/html/tests/TestCase.php:36
/var/www/html/tests/Feature/Models/StoreTest.php:50</error>
        </testcase>
      </testsuite>
      <testsuite name="Tests\Feature\Http\Middleware\TrimStringsTest" file="/var/www/html/tests/Feature/Http/Middleware/TrimStringsTest.php" tests="5" assertions="0" errors="5" failures="0" skipped="0" time="0.000000">
        <testcase name="test_trim_strings_middleware_handles_nested_arrays" file="/var/www/html/tests/Feature/Http/Middleware/TrimStringsTest.php" line="56" class="Tests\Feature\Http\Middleware\TrimStringsTest" classname="Tests.Feature.Http.Middleware.TrimStringsTest" assertions="0" time="0.000000">
          <error type="Error">Tests\Feature\Http\Middleware\TrimStringsTest::test_trim_strings_middleware_handles_nested_arrays
Error: Class "Laravel\Dusk\DuskServiceProvider" not found

/var/www/html/vendor/laravel/framework/src/Illuminate/Foundation/Application.php:961
/var/www/html/vendor/laravel/framework/src/Illuminate/Foundation/Application.php:893
/var/www/html/app/Providers/AppServiceProvider.php:51
/var/www/html/vendor/laravel/framework/src/Illuminate/Foundation/Application.php:896
/var/www/html/vendor/laravel/framework/src/Illuminate/Foundation/ProviderRepository.php:74
/var/www/html/vendor/laravel/framework/src/Illuminate/Foundation/Application.php:871
/var/www/html/vendor/laravel/framework/src/Illuminate/Foundation/Bootstrap/RegisterProviders.php:37
/var/www/html/vendor/laravel/framework/src/Illuminate/Foundation/Application.php:342
/var/www/html/vendor/laravel/framework/src/Illuminate/Foundation/Console/Kernel.php:473
/var/www/html/tests/CreatesApplication.php:31
/var/www/html/vendor/laravel/framework/src/Illuminate/Foundation/Testing/TestCase.php:54
/var/www/html/vendor/laravel/framework/src/Illuminate/Foundation/Testing/Concerns/InteractsWithTestCaseLifecycle.php:92
/var/www/html/vendor/laravel/framework/src/Illuminate/Foundation/Testing/TestCase.php:44
/var/www/html/tests/TestCase.php:36</error>
        </testcase>
        <testcase name="test_trim_strings_middleware_trims_string_input" file="/var/www/html/tests/Feature/Http/Middleware/TrimStringsTest.php" line="18" class="Tests\Feature\Http\Middleware\TrimStringsTest" classname="Tests.Feature.Http.Middleware.TrimStringsTest" assertions="0" time="0.000000">
          <error type="Error">Tests\Feature\Http\Middleware\TrimStringsTest::test_trim_strings_middleware_trims_string_input
Error: Class "Laravel\Dusk\DuskServiceProvider" not found

/var/www/html/vendor/laravel/framework/src/Illuminate/Foundation/Application.php:961
/var/www/html/vendor/laravel/framework/src/Illuminate/Foundation/Application.php:893
/var/www/html/app/Providers/AppServiceProvider.php:51
/var/www/html/vendor/laravel/framework/src/Illuminate/Foundation/Application.php:896
/var/www/html/vendor/laravel/framework/src/Illuminate/Foundation/ProviderRepository.php:74
/var/www/html/vendor/laravel/framework/src/Illuminate/Foundation/Application.php:871
/var/www/html/vendor/laravel/framework/src/Illuminate/Foundation/Bootstrap/RegisterProviders.php:37
/var/www/html/vendor/laravel/framework/src/Illuminate/Foundation/Application.php:342
/var/www/html/vendor/laravel/framework/src/Illuminate/Foundation/Console/Kernel.php:473
/var/www/html/tests/CreatesApplication.php:31
/var/www/html/vendor/laravel/framework/src/Illuminate/Foundation/Testing/TestCase.php:54
/var/www/html/vendor/laravel/framework/src/Illuminate/Foundation/Testing/Concerns/InteractsWithTestCaseLifecycle.php:92
/var/www/html/vendor/laravel/framework/src/Illuminate/Foundation/Testing/TestCase.php:44
/var/www/html/tests/TestCase.php:36</error>
        </testcase>
        <testcase name="test_trim_strings_middleware_passes_request_to_next_middleware" file="/var/www/html/tests/Feature/Http/Middleware/TrimStringsTest.php" line="100" class="Tests\Feature\Http\Middleware\TrimStringsTest" classname="Tests.Feature.Http.Middleware.TrimStringsTest" assertions="0" time="0.000000">
          <error type="Error">Tests\Feature\Http\Middleware\TrimStringsTest::test_trim_strings_middleware_passes_request_to_next_middleware
Error: Class "Laravel\Dusk\DuskServiceProvider" not found

/var/www/html/vendor/laravel/framework/src/Illuminate/Foundation/Application.php:961
/var/www/html/vendor/laravel/framework/src/Illuminate/Foundation/Application.php:893
/var/www/html/app/Providers/AppServiceProvider.php:51
/var/www/html/vendor/laravel/framework/src/Illuminate/Foundation/Application.php:896
/var/www/html/vendor/laravel/framework/src/Illuminate/Foundation/ProviderRepository.php:74
/var/www/html/vendor/laravel/framework/src/Illuminate/Foundation/Application.php:871
/var/www/html/vendor/laravel/framework/src/Illuminate/Foundation/Bootstrap/RegisterProviders.php:37
/var/www/html/vendor/laravel/framework/src/Illuminate/Foundation/Application.php:342
/var/www/html/vendor/laravel/framework/src/Illuminate/Foundation/Console/Kernel.php:473
/var/www/html/tests/CreatesApplication.php:31
/var/www/html/vendor/laravel/framework/src/Illuminate/Foundation/Testing/TestCase.php:54
/var/www/html/vendor/laravel/framework/src/Illuminate/Foundation/Testing/Concerns/InteractsWithTestCaseLifecycle.php:92
/var/www/html/vendor/laravel/framework/src/Illuminate/Foundation/Testing/TestCase.php:44
/var/www/html/tests/TestCase.php:36</error>
        </testcase>
        <testcase name="test_trim_strings_middleware_handles_empty_strings" file="/var/www/html/tests/Feature/Http/Middleware/TrimStringsTest.php" line="81" class="Tests\Feature\Http\Middleware\TrimStringsTest" classname="Tests.Feature.Http.Middleware.TrimStringsTest" assertions="0" time="0.000000">
          <error type="Error">Tests\Feature\Http\Middleware\TrimStringsTest::test_trim_strings_middleware_handles_empty_strings
Error: Class "Laravel\Dusk\DuskServiceProvider" not found

/var/www/html/vendor/laravel/framework/src/Illuminate/Foundation/Application.php:961
/var/www/html/vendor/laravel/framework/src/Illuminate/Foundation/Application.php:893
/var/www/html/app/Providers/AppServiceProvider.php:51
/var/www/html/vendor/laravel/framework/src/Illuminate/Foundation/Application.php:896
/var/www/html/vendor/laravel/framework/src/Illuminate/Foundation/ProviderRepository.php:74
/var/www/html/vendor/laravel/framework/src/Illuminate/Foundation/Application.php:871
/var/www/html/vendor/laravel/framework/src/Illuminate/Foundation/Bootstrap/RegisterProviders.php:37
/var/www/html/vendor/laravel/framework/src/Illuminate/Foundation/Application.php:342
/var/www/html/vendor/laravel/framework/src/Illuminate/Foundation/Console/Kernel.php:473
/var/www/html/tests/CreatesApplication.php:31
/var/www/html/vendor/laravel/framework/src/Illuminate/Foundation/Testing/TestCase.php:54
/var/www/html/vendor/laravel/framework/src/Illuminate/Foundation/Testing/Concerns/InteractsWithTestCaseLifecycle.php:92
/var/www/html/vendor/laravel/framework/src/Illuminate/Foundation/Testing/TestCase.php:44
/var/www/html/tests/TestCase.php:36</error>
        </testcase>
        <testcase name="test_trim_strings_middleware_does_not_trim_non_string_input" file="/var/www/html/tests/Feature/Http/Middleware/TrimStringsTest.php" line="37" class="Tests\Feature\Http\Middleware\TrimStringsTest" classname="Tests.Feature.Http.Middleware.TrimStringsTest" assertions="0" time="0.000000">
          <error type="Error">Tests\Feature\Http\Middleware\TrimStringsTest::test_trim_strings_middleware_does_not_trim_non_string_input
Error: Class "Laravel\Dusk\DuskServiceProvider" not found

/var/www/html/vendor/laravel/framework/src/Illuminate/Foundation/Application.php:961
/var/www/html/vendor/laravel/framework/src/Illuminate/Foundation/Application.php:893
/var/www/html/app/Providers/AppServiceProvider.php:51
/var/www/html/vendor/laravel/framework/src/Illuminate/Foundation/Application.php:896
/var/www/html/vendor/laravel/framework/src/Illuminate/Foundation/ProviderRepository.php:74
/var/www/html/vendor/laravel/framework/src/Illuminate/Foundation/Application.php:871
/var/www/html/vendor/laravel/framework/src/Illuminate/Foundation/Bootstrap/RegisterProviders.php:37
/var/www/html/vendor/laravel/framework/src/Illuminate/Foundation/Application.php:342
/var/www/html/vendor/laravel/framework/src/Illuminate/Foundation/Console/Kernel.php:473
/var/www/html/tests/CreatesApplication.php:31
/var/www/html/vendor/laravel/framework/src/Illuminate/Foundation/Testing/TestCase.php:54
/var/www/html/vendor/laravel/framework/src/Illuminate/Foundation/Testing/Concerns/InteractsWithTestCaseLifecycle.php:92
/var/www/html/vendor/laravel/framework/src/Illuminate/Foundation/Testing/TestCase.php:44
/var/www/html/tests/TestCase.php:36</error>
        </testcase>
      </testsuite>
      <testsuite name="Tests\Feature\ApiVersioningTest" file="/var/www/html/tests/Feature/ApiVersioningTest.php" tests="3" assertions="0" errors="3" failures="0" skipped="0" time="0.000000">
        <testcase name="test_validation" file="/var/www/html/tests/Feature/ApiVersioningTest.php" line="32" class="Tests\Feature\ApiVersioningTest" classname="Tests.Feature.ApiVersioningTest" assertions="0" time="0.000000">
          <error type="Error">Tests\Feature\ApiVersioningTest::test_validation
Error: Class "Laravel\Dusk\DuskServiceProvider" not found

/var/www/html/vendor/laravel/framework/src/Illuminate/Foundation/Application.php:961
/var/www/html/vendor/laravel/framework/src/Illuminate/Foundation/Application.php:893
/var/www/html/app/Providers/AppServiceProvider.php:51
/var/www/html/vendor/laravel/framework/src/Illuminate/Foundation/Application.php:896
/var/www/html/vendor/laravel/framework/src/Illuminate/Foundation/ProviderRepository.php:74
/var/www/html/vendor/laravel/framework/src/Illuminate/Foundation/Application.php:871
/var/www/html/vendor/laravel/framework/src/Illuminate/Foundation/Bootstrap/RegisterProviders.php:37
/var/www/html/vendor/laravel/framework/src/Illuminate/Foundation/Application.php:342
/var/www/html/vendor/laravel/framework/src/Illuminate/Foundation/Console/Kernel.php:473
/var/www/html/tests/CreatesApplication.php:31
/var/www/html/vendor/laravel/framework/src/Illuminate/Foundation/Testing/TestCase.php:54
/var/www/html/vendor/laravel/framework/src/Illuminate/Foundation/Testing/Concerns/InteractsWithTestCaseLifecycle.php:92
/var/www/html/vendor/laravel/framework/src/Illuminate/Foundation/Testing/TestCase.php:44
/var/www/html/tests/TestCase.php:36
/var/www/html/tests/Feature/ApiVersioningTest.php:40</error>
        </testcase>
        <testcase name="test_expected_behavior" file="/var/www/html/tests/Feature/ApiVersioningTest.php" line="25" class="Tests\Feature\ApiVersioningTest" classname="Tests.Feature.ApiVersioningTest" assertions="0" time="0.000000">
          <error type="Error">Tests\Feature\ApiVersioningTest::test_expected_behavior
Error: Class "Laravel\Dusk\DuskServiceProvider" not found

/var/www/html/vendor/laravel/framework/src/Illuminate/Foundation/Application.php:961
/var/www/html/vendor/laravel/framework/src/Illuminate/Foundation/Application.php:893
/var/www/html/app/Providers/AppServiceProvider.php:51
/var/www/html/vendor/laravel/framework/src/Illuminate/Foundation/Application.php:896
/var/www/html/vendor/laravel/framework/src/Illuminate/Foundation/ProviderRepository.php:74
/var/www/html/vendor/laravel/framework/src/Illuminate/Foundation/Application.php:871
/var/www/html/vendor/laravel/framework/src/Illuminate/Foundation/Bootstrap/RegisterProviders.php:37
/var/www/html/vendor/laravel/framework/src/Illuminate/Foundation/Application.php:342
/var/www/html/vendor/laravel/framework/src/Illuminate/Foundation/Console/Kernel.php:473
/var/www/html/tests/CreatesApplication.php:31
/var/www/html/vendor/laravel/framework/src/Illuminate/Foundation/Testing/TestCase.php:54
/var/www/html/vendor/laravel/framework/src/Illuminate/Foundation/Testing/Concerns/InteractsWithTestCaseLifecycle.php:92
/var/www/html/vendor/laravel/framework/src/Illuminate/Foundation/Testing/TestCase.php:44
/var/www/html/tests/TestCase.php:36
/var/www/html/tests/Feature/ApiVersioningTest.php:40</error>
        </testcase>
        <testcase name="test_basic_functionality" file="/var/www/html/tests/Feature/ApiVersioningTest.php" line="18" class="Tests\Feature\ApiVersioningTest" classname="Tests.Feature.ApiVersioningTest" assertions="0" time="0.000000">
          <error type="Error">Tests\Feature\ApiVersioningTest::test_basic_functionality
Error: Class "Laravel\Dusk\DuskServiceProvider" not found

/var/www/html/vendor/laravel/framework/src/Illuminate/Foundation/Application.php:961
/var/www/html/vendor/laravel/framework/src/Illuminate/Foundation/Application.php:893
/var/www/html/app/Providers/AppServiceProvider.php:51
/var/www/html/vendor/laravel/framework/src/Illuminate/Foundation/Application.php:896
/var/www/html/vendor/laravel/framework/src/Illuminate/Foundation/ProviderRepository.php:74
/var/www/html/vendor/laravel/framework/src/Illuminate/Foundation/Application.php:871
/var/www/html/vendor/laravel/framework/src/Illuminate/Foundation/Bootstrap/RegisterProviders.php:37
/var/www/html/vendor/laravel/framework/src/Illuminate/Foundation/Application.php:342
/var/www/html/vendor/laravel/framework/src/Illuminate/Foundation/Console/Kernel.php:473
/var/www/html/tests/CreatesApplication.php:31
/var/www/html/vendor/laravel/framework/src/Illuminate/Foundation/Testing/TestCase.php:54
/var/www/html/vendor/laravel/framework/src/Illuminate/Foundation/Testing/Concerns/InteractsWithTestCaseLifecycle.php:92
/var/www/html/vendor/laravel/framework/src/Illuminate/Foundation/Testing/TestCase.php:44
/var/www/html/tests/TestCase.php:36
/var/www/html/tests/Feature/ApiVersioningTest.php:40</error>
        </testcase>
      </testsuite>
      <testsuite name="Tests\Feature\Services\QualityAnalysisServiceTest" file="/var/www/html/tests/Feature/Services/QualityAnalysisServiceTest.php" tests="4" assertions="0" errors="4" failures="0" skipped="0" time="0.000000">
        <testcase name="test_analyzes_code_quality" file="/var/www/html/tests/Feature/Services/QualityAnalysisServiceTest.php" line="30" class="Tests\Feature\Services\QualityAnalysisServiceTest" classname="Tests.Feature.Services.QualityAnalysisServiceTest" assertions="0" time="0.000000">
          <error type="Error">Tests\Feature\Services\QualityAnalysisServiceTest::test_analyzes_code_quality
Error: Class "Laravel\Dusk\DuskServiceProvider" not found

/var/www/html/vendor/laravel/framework/src/Illuminate/Foundation/Application.php:961
/var/www/html/vendor/laravel/framework/src/Illuminate/Foundation/Application.php:893
/var/www/html/app/Providers/AppServiceProvider.php:51
/var/www/html/vendor/laravel/framework/src/Illuminate/Foundation/Application.php:896
/var/www/html/vendor/laravel/framework/src/Illuminate/Foundation/ProviderRepository.php:74
/var/www/html/vendor/laravel/framework/src/Illuminate/Foundation/Application.php:871
/var/www/html/vendor/laravel/framework/src/Illuminate/Foundation/Bootstrap/RegisterProviders.php:37
/var/www/html/vendor/laravel/framework/src/Illuminate/Foundation/Application.php:342
/var/www/html/vendor/laravel/framework/src/Illuminate/Foundation/Console/Kernel.php:473
/var/www/html/tests/CreatesApplication.php:31
/var/www/html/vendor/laravel/framework/src/Illuminate/Foundation/Testing/TestCase.php:54
/var/www/html/vendor/laravel/framework/src/Illuminate/Foundation/Testing/Concerns/InteractsWithTestCaseLifecycle.php:92
/var/www/html/vendor/laravel/framework/src/Illuminate/Foundation/Testing/TestCase.php:44
/var/www/html/tests/TestCase.php:36
/var/www/html/tests/Feature/Services/QualityAnalysisServiceTest.php:20</error>
        </testcase>
        <testcase name="test_returns_valid_score_range" file="/var/www/html/tests/Feature/Services/QualityAnalysisServiceTest.php" line="57" class="Tests\Feature\Services\QualityAnalysisServiceTest" classname="Tests.Feature.Services.QualityAnalysisServiceTest" assertions="0" time="0.000000">
          <error type="Error">Tests\Feature\Services\QualityAnalysisServiceTest::test_returns_valid_score_range
Error: Class "Laravel\Dusk\DuskServiceProvider" not found

/var/www/html/vendor/laravel/framework/src/Illuminate/Foundation/Application.php:961
/var/www/html/vendor/laravel/framework/src/Illuminate/Foundation/Application.php:893
/var/www/html/app/Providers/AppServiceProvider.php:51
/var/www/html/vendor/laravel/framework/src/Illuminate/Foundation/Application.php:896
/var/www/html/vendor/laravel/framework/src/Illuminate/Foundation/ProviderRepository.php:74
/var/www/html/vendor/laravel/framework/src/Illuminate/Foundation/Application.php:871
/var/www/html/vendor/laravel/framework/src/Illuminate/Foundation/Bootstrap/RegisterProviders.php:37
/var/www/html/vendor/laravel/framework/src/Illuminate/Foundation/Application.php:342
/var/www/html/vendor/laravel/framework/src/Illuminate/Foundation/Console/Kernel.php:473
/var/www/html/tests/CreatesApplication.php:31
/var/www/html/vendor/laravel/framework/src/Illuminate/Foundation/Testing/TestCase.php:54
/var/www/html/vendor/laravel/framework/src/Illuminate/Foundation/Testing/Concerns/InteractsWithTestCaseLifecycle.php:92
/var/www/html/vendor/laravel/framework/src/Illuminate/Foundation/Testing/TestCase.php:44
/var/www/html/tests/TestCase.php:36
/var/www/html/tests/Feature/Services/QualityAnalysisServiceTest.php:20</error>
        </testcase>
        <testcase name="test_returns_code_quality_category" file="/var/www/html/tests/Feature/Services/QualityAnalysisServiceTest.php" line="70" class="Tests\Feature\Services\QualityAnalysisServiceTest" classname="Tests.Feature.Services.QualityAnalysisServiceTest" assertions="0" time="0.000000">
          <error type="Error">Tests\Feature\Services\QualityAnalysisServiceTest::test_returns_code_quality_category
Error: Class "Laravel\Dusk\DuskServiceProvider" not found

/var/www/html/vendor/laravel/framework/src/Illuminate/Foundation/Application.php:961
/var/www/html/vendor/laravel/framework/src/Illuminate/Foundation/Application.php:893
/var/www/html/app/Providers/AppServiceProvider.php:51
/var/www/html/vendor/laravel/framework/src/Illuminate/Foundation/Application.php:896
/var/www/html/vendor/laravel/framework/src/Illuminate/Foundation/ProviderRepository.php:74
/var/www/html/vendor/laravel/framework/src/Illuminate/Foundation/Application.php:871
/var/www/html/vendor/laravel/framework/src/Illuminate/Foundation/Bootstrap/RegisterProviders.php:37
/var/www/html/vendor/laravel/framework/src/Illuminate/Foundation/Application.php:342
/var/www/html/vendor/laravel/framework/src/Illuminate/Foundation/Console/Kernel.php:473
/var/www/html/tests/CreatesApplication.php:31
/var/www/html/vendor/laravel/framework/src/Illuminate/Foundation/Testing/TestCase.php:54
/var/www/html/vendor/laravel/framework/src/Illuminate/Foundation/Testing/Concerns/InteractsWithTestCaseLifecycle.php:92
/var/www/html/vendor/laravel/framework/src/Illuminate/Foundation/Testing/TestCase.php:44
/var/www/html/tests/TestCase.php:36
/var/www/html/tests/Feature/Services/QualityAnalysisServiceTest.php:20</error>
        </testcase>
        <testcase name="test_handles_analysis_exception" file="/var/www/html/tests/Feature/Services/QualityAnalysisServiceTest.php" line="44" class="Tests\Feature\Services\QualityAnalysisServiceTest" classname="Tests.Feature.Services.QualityAnalysisServiceTest" assertions="0" time="0.000000">
          <error type="Error">Tests\Feature\Services\QualityAnalysisServiceTest::test_handles_analysis_exception
Error: Class "Laravel\Dusk\DuskServiceProvider" not found

/var/www/html/vendor/laravel/framework/src/Illuminate/Foundation/Application.php:961
/var/www/html/vendor/laravel/framework/src/Illuminate/Foundation/Application.php:893
/var/www/html/app/Providers/AppServiceProvider.php:51
/var/www/html/vendor/laravel/framework/src/Illuminate/Foundation/Application.php:896
/var/www/html/vendor/laravel/framework/src/Illuminate/Foundation/ProviderRepository.php:74
/var/www/html/vendor/laravel/framework/src/Illuminate/Foundation/Application.php:871
/var/www/html/vendor/laravel/framework/src/Illuminate/Foundation/Bootstrap/RegisterProviders.php:37
/var/www/html/vendor/laravel/framework/src/Illuminate/Foundation/Application.php:342
/var/www/html/vendor/laravel/framework/src/Illuminate/Foundation/Console/Kernel.php:473
/var/www/html/tests/CreatesApplication.php:31
/var/www/html/vendor/laravel/framework/src/Illuminate/Foundation/Testing/TestCase.php:54
/var/www/html/vendor/laravel/framework/src/Illuminate/Foundation/Testing/Concerns/InteractsWithTestCaseLifecycle.php:92
/var/www/html/vendor/laravel/framework/src/Illuminate/Foundation/Testing/TestCase.php:44
/var/www/html/tests/TestCase.php:36
/var/www/html/tests/Feature/Services/QualityAnalysisServiceTest.php:20</error>
        </testcase>
      </testsuite>
      <testsuite name="Tests\Feature\Api\ProductApiTest" file="/var/www/html/tests/Feature/Api/ProductApiTest.php" tests="13" assertions="0" errors="13" failures="0" skipped="0" time="0.000000">
        <testcase name="test_can_sort_products_by_price_descending" file="/var/www/html/tests/Feature/Api/ProductApiTest.php" line="113" class="Tests\Feature\Api\ProductApiTest" classname="Tests.Feature.Api.ProductApiTest" assertions="0" time="0.000000">
          <error type="Error">Tests\Feature\Api\ProductApiTest::test_can_sort_products_by_price_descending
Error: Class "Laravel\Dusk\DuskServiceProvider" not found

/var/www/html/vendor/laravel/framework/src/Illuminate/Foundation/Application.php:961
/var/www/html/vendor/laravel/framework/src/Illuminate/Foundation/Application.php:893
/var/www/html/app/Providers/AppServiceProvider.php:51
/var/www/html/vendor/laravel/framework/src/Illuminate/Foundation/Application.php:896
/var/www/html/vendor/laravel/framework/src/Illuminate/Foundation/ProviderRepository.php:74
/var/www/html/vendor/laravel/framework/src/Illuminate/Foundation/Application.php:871
/var/www/html/vendor/laravel/framework/src/Illuminate/Foundation/Bootstrap/RegisterProviders.php:37
/var/www/html/vendor/laravel/framework/src/Illuminate/Foundation/Application.php:342
/var/www/html/vendor/laravel/framework/src/Illuminate/Foundation/Console/Kernel.php:473
/var/www/html/tests/CreatesApplication.php:31
/var/www/html/vendor/laravel/framework/src/Illuminate/Foundation/Testing/TestCase.php:54
/var/www/html/vendor/laravel/framework/src/Illuminate/Foundation/Testing/Concerns/InteractsWithTestCaseLifecycle.php:92
/var/www/html/vendor/laravel/framework/src/Illuminate/Foundation/Testing/TestCase.php:44
/var/www/html/tests/TestCase.php:36</error>
        </testcase>
        <testcase name="test_can_sort_products_by_price_ascending" file="/var/www/html/tests/Feature/Api/ProductApiTest.php" line="98" class="Tests\Feature\Api\ProductApiTest" classname="Tests.Feature.Api.ProductApiTest" assertions="0" time="0.000000">
          <error type="Error">Tests\Feature\Api\ProductApiTest::test_can_sort_products_by_price_ascending
Error: Class "Laravel\Dusk\DuskServiceProvider" not found

/var/www/html/vendor/laravel/framework/src/Illuminate/Foundation/Application.php:961
/var/www/html/vendor/laravel/framework/src/Illuminate/Foundation/Application.php:893
/var/www/html/app/Providers/AppServiceProvider.php:51
/var/www/html/vendor/laravel/framework/src/Illuminate/Foundation/Application.php:896
/var/www/html/vendor/laravel/framework/src/Illuminate/Foundation/ProviderRepository.php:74
/var/www/html/vendor/laravel/framework/src/Illuminate/Foundation/Application.php:871
/var/www/html/vendor/laravel/framework/src/Illuminate/Foundation/Bootstrap/RegisterProviders.php:37
/var/www/html/vendor/laravel/framework/src/Illuminate/Foundation/Application.php:342
/var/www/html/vendor/laravel/framework/src/Illuminate/Foundation/Console/Kernel.php:473
/var/www/html/tests/CreatesApplication.php:31
/var/www/html/vendor/laravel/framework/src/Illuminate/Foundation/Testing/TestCase.php:54
/var/www/html/vendor/laravel/framework/src/Illuminate/Foundation/Testing/Concerns/InteractsWithTestCaseLifecycle.php:92
/var/www/html/vendor/laravel/framework/src/Illuminate/Foundation/Testing/TestCase.php:44
/var/www/html/tests/TestCase.php:36</error>
        </testcase>
        <testcase name="test_can_filter_products_by_category" file="/var/www/html/tests/Feature/Api/ProductApiTest.php" line="39" class="Tests\Feature\Api\ProductApiTest" classname="Tests.Feature.Api.ProductApiTest" assertions="0" time="0.000000">
          <error type="Error">Tests\Feature\Api\ProductApiTest::test_can_filter_products_by_category
Error: Class "Laravel\Dusk\DuskServiceProvider" not found

/var/www/html/vendor/laravel/framework/src/Illuminate/Foundation/Application.php:961
/var/www/html/vendor/laravel/framework/src/Illuminate/Foundation/Application.php:893
/var/www/html/app/Providers/AppServiceProvider.php:51
/var/www/html/vendor/laravel/framework/src/Illuminate/Foundation/Application.php:896
/var/www/html/vendor/laravel/framework/src/Illuminate/Foundation/ProviderRepository.php:74
/var/www/html/vendor/laravel/framework/src/Illuminate/Foundation/Application.php:871
/var/www/html/vendor/laravel/framework/src/Illuminate/Foundation/Bootstrap/RegisterProviders.php:37
/var/www/html/vendor/laravel/framework/src/Illuminate/Foundation/Application.php:342
/var/www/html/vendor/laravel/framework/src/Illuminate/Foundation/Console/Kernel.php:473
/var/www/html/tests/CreatesApplication.php:31
/var/www/html/vendor/laravel/framework/src/Illuminate/Foundation/Testing/TestCase.php:54
/var/www/html/vendor/laravel/framework/src/Illuminate/Foundation/Testing/Concerns/InteractsWithTestCaseLifecycle.php:92
/var/www/html/vendor/laravel/framework/src/Illuminate/Foundation/Testing/TestCase.php:44
/var/www/html/tests/TestCase.php:36</error>
        </testcase>
        <testcase name="test_can_filter_products_by_price_range" file="/var/www/html/tests/Feature/Api/ProductApiTest.php" line="69" class="Tests\Feature\Api\ProductApiTest" classname="Tests.Feature.Api.ProductApiTest" assertions="0" time="0.000000">
          <error type="Error">Tests\Feature\Api\ProductApiTest::test_can_filter_products_by_price_range
Error: Class "Laravel\Dusk\DuskServiceProvider" not found

/var/www/html/vendor/laravel/framework/src/Illuminate/Foundation/Application.php:961
/var/www/html/vendor/laravel/framework/src/Illuminate/Foundation/Application.php:893
/var/www/html/app/Providers/AppServiceProvider.php:51
/var/www/html/vendor/laravel/framework/src/Illuminate/Foundation/Application.php:896
/var/www/html/vendor/laravel/framework/src/Illuminate/Foundation/ProviderRepository.php:74
/var/www/html/vendor/laravel/framework/src/Illuminate/Foundation/Application.php:871
/var/www/html/vendor/laravel/framework/src/Illuminate/Foundation/Bootstrap/RegisterProviders.php:37
/var/www/html/vendor/laravel/framework/src/Illuminate/Foundation/Application.php:342
/var/www/html/vendor/laravel/framework/src/Illuminate/Foundation/Console/Kernel.php:473
/var/www/html/tests/CreatesApplication.php:31
/var/www/html/vendor/laravel/framework/src/Illuminate/Foundation/Testing/TestCase.php:54
/var/www/html/vendor/laravel/framework/src/Illuminate/Foundation/Testing/Concerns/InteractsWithTestCaseLifecycle.php:92
/var/www/html/vendor/laravel/framework/src/Illuminate/Foundation/Testing/TestCase.php:44
/var/www/html/tests/TestCase.php:36</error>
        </testcase>
        <testcase name="test_can_view_single_product" file="/var/www/html/tests/Feature/Api/ProductApiTest.php" line="150" class="Tests\Feature\Api\ProductApiTest" classname="Tests.Feature.Api.ProductApiTest" assertions="0" time="0.000000">
          <error type="Error">Tests\Feature\Api\ProductApiTest::test_can_view_single_product
Error: Class "Laravel\Dusk\DuskServiceProvider" not found

/var/www/html/vendor/laravel/framework/src/Illuminate/Foundation/Application.php:961
/var/www/html/vendor/laravel/framework/src/Illuminate/Foundation/Application.php:893
/var/www/html/app/Providers/AppServiceProvider.php:51
/var/www/html/vendor/laravel/framework/src/Illuminate/Foundation/Application.php:896
/var/www/html/vendor/laravel/framework/src/Illuminate/Foundation/ProviderRepository.php:74
/var/www/html/vendor/laravel/framework/src/Illuminate/Foundation/Application.php:871
/var/www/html/vendor/laravel/framework/src/Illuminate/Foundation/Bootstrap/RegisterProviders.php:37
/var/www/html/vendor/laravel/framework/src/Illuminate/Foundation/Application.php:342
/var/www/html/vendor/laravel/framework/src/Illuminate/Foundation/Console/Kernel.php:473
/var/www/html/tests/CreatesApplication.php:31
/var/www/html/vendor/laravel/framework/src/Illuminate/Foundation/Testing/TestCase.php:54
/var/www/html/vendor/laravel/framework/src/Illuminate/Foundation/Testing/Concerns/InteractsWithTestCaseLifecycle.php:92
/var/www/html/vendor/laravel/framework/src/Illuminate/Foundation/Testing/TestCase.php:44
/var/www/html/tests/TestCase.php:36</error>
        </testcase>
        <testcase name="test_product_response_includes_relationships" file="/var/www/html/tests/Feature/Api/ProductApiTest.php" line="161" class="Tests\Feature\Api\ProductApiTest" classname="Tests.Feature.Api.ProductApiTest" assertions="0" time="0.000000">
          <error type="Error">Tests\Feature\Api\ProductApiTest::test_product_response_includes_relationships
Error: Class "Laravel\Dusk\DuskServiceProvider" not found

/var/www/html/vendor/laravel/framework/src/Illuminate/Foundation/Application.php:961
/var/www/html/vendor/laravel/framework/src/Illuminate/Foundation/Application.php:893
/var/www/html/app/Providers/AppServiceProvider.php:51
/var/www/html/vendor/laravel/framework/src/Illuminate/Foundation/Application.php:896
/var/www/html/vendor/laravel/framework/src/Illuminate/Foundation/ProviderRepository.php:74
/var/www/html/vendor/laravel/framework/src/Illuminate/Foundation/Application.php:871
/var/www/html/vendor/laravel/framework/src/Illuminate/Foundation/Bootstrap/RegisterProviders.php:37
/var/www/html/vendor/laravel/framework/src/Illuminate/Foundation/Application.php:342
/var/www/html/vendor/laravel/framework/src/Illuminate/Foundation/Console/Kernel.php:473
/var/www/html/tests/CreatesApplication.php:31
/var/www/html/vendor/laravel/framework/src/Illuminate/Foundation/Testing/TestCase.php:54
/var/www/html/vendor/laravel/framework/src/Illuminate/Foundation/Testing/Concerns/InteractsWithTestCaseLifecycle.php:92
/var/www/html/vendor/laravel/framework/src/Illuminate/Foundation/Testing/TestCase.php:44
/var/www/html/tests/TestCase.php:36</error>
        </testcase>
        <testcase name="test_guest_can_list_products" file="/var/www/html/tests/Feature/Api/ProductApiTest.php" line="17" class="Tests\Feature\Api\ProductApiTest" classname="Tests.Feature.Api.ProductApiTest" assertions="0" time="0.000000">
          <error type="Error">Tests\Feature\Api\ProductApiTest::test_guest_can_list_products
Error: Class "Laravel\Dusk\DuskServiceProvider" not found

/var/www/html/vendor/laravel/framework/src/Illuminate/Foundation/Application.php:961
/var/www/html/vendor/laravel/framework/src/Illuminate/Foundation/Application.php:893
/var/www/html/app/Providers/AppServiceProvider.php:51
/var/www/html/vendor/laravel/framework/src/Illuminate/Foundation/Application.php:896
/var/www/html/vendor/laravel/framework/src/Illuminate/Foundation/ProviderRepository.php:74
/var/www/html/vendor/laravel/framework/src/Illuminate/Foundation/Application.php:871
/var/www/html/vendor/laravel/framework/src/Illuminate/Foundation/Bootstrap/RegisterProviders.php:37
/var/www/html/vendor/laravel/framework/src/Illuminate/Foundation/Application.php:342
/var/www/html/vendor/laravel/framework/src/Illuminate/Foundation/Console/Kernel.php:473
/var/www/html/tests/CreatesApplication.php:31
/var/www/html/vendor/laravel/framework/src/Illuminate/Foundation/Testing/TestCase.php:54
/var/www/html/vendor/laravel/framework/src/Illuminate/Foundation/Testing/Concerns/InteractsWithTestCaseLifecycle.php:92
/var/www/html/vendor/laravel/framework/src/Illuminate/Foundation/Testing/TestCase.php:44
/var/www/html/tests/TestCase.php:36</error>
        </testcase>
        <testcase name="test_can_filter_featured_products" file="/var/www/html/tests/Feature/Api/ProductApiTest.php" line="81" class="Tests\Feature\Api\ProductApiTest" classname="Tests.Feature.Api.ProductApiTest" assertions="0" time="0.000000">
          <error type="Error">Tests\Feature\Api\ProductApiTest::test_can_filter_featured_products
Error: Class "Laravel\Dusk\DuskServiceProvider" not found

/var/www/html/vendor/laravel/framework/src/Illuminate/Foundation/Application.php:961
/var/www/html/vendor/laravel/framework/src/Illuminate/Foundation/Application.php:893
/var/www/html/app/Providers/AppServiceProvider.php:51
/var/www/html/vendor/laravel/framework/src/Illuminate/Foundation/Application.php:896
/var/www/html/vendor/laravel/framework/src/Illuminate/Foundation/ProviderRepository.php:74
/var/www/html/vendor/laravel/framework/src/Illuminate/Foundation/Application.php:871
/var/www/html/vendor/laravel/framework/src/Illuminate/Foundation/Bootstrap/RegisterProviders.php:37
/var/www/html/vendor/laravel/framework/src/Illuminate/Foundation/Application.php:342
/var/www/html/vendor/laravel/framework/src/Illuminate/Foundation/Console/Kernel.php:473
/var/www/html/tests/CreatesApplication.php:31
/var/www/html/vendor/laravel/framework/src/Illuminate/Foundation/Testing/TestCase.php:54
/var/www/html/vendor/laravel/framework/src/Illuminate/Foundation/Testing/Concerns/InteractsWithTestCaseLifecycle.php:92
/var/www/html/vendor/laravel/framework/src/Illuminate/Foundation/Testing/TestCase.php:44
/var/www/html/tests/TestCase.php:36</error>
        </testcase>
        <testcase name="test_per_page_is_limited_to_100" file="/var/www/html/tests/Feature/Api/ProductApiTest.php" line="185" class="Tests\Feature\Api\ProductApiTest" classname="Tests.Feature.Api.ProductApiTest" assertions="0" time="0.000000">
          <error type="Error">Tests\Feature\Api\ProductApiTest::test_per_page_is_limited_to_100
Error: Class "Laravel\Dusk\DuskServiceProvider" not found

/var/www/html/vendor/laravel/framework/src/Illuminate/Foundation/Application.php:961
/var/www/html/vendor/laravel/framework/src/Illuminate/Foundation/Application.php:893
/var/www/html/app/Providers/AppServiceProvider.php:51
/var/www/html/vendor/laravel/framework/src/Illuminate/Foundation/Application.php:896
/var/www/html/vendor/laravel/framework/src/Illuminate/Foundation/ProviderRepository.php:74
/var/www/html/vendor/laravel/framework/src/Illuminate/Foundation/Application.php:871
/var/www/html/vendor/laravel/framework/src/Illuminate/Foundation/Bootstrap/RegisterProviders.php:37
/var/www/html/vendor/laravel/framework/src/Illuminate/Foundation/Application.php:342
/var/www/html/vendor/laravel/framework/src/Illuminate/Foundation/Console/Kernel.php:473
/var/www/html/tests/CreatesApplication.php:31
/var/www/html/vendor/laravel/framework/src/Illuminate/Foundation/Testing/TestCase.php:54
/var/www/html/vendor/laravel/framework/src/Illuminate/Foundation/Testing/Concerns/InteractsWithTestCaseLifecycle.php:92
/var/www/html/vendor/laravel/framework/src/Illuminate/Foundation/Testing/TestCase.php:44
/var/www/html/tests/TestCase.php:36</error>
        </testcase>
        <testcase name="test_can_filter_products_by_brand" file="/var/www/html/tests/Feature/Api/ProductApiTest.php" line="54" class="Tests\Feature\Api\ProductApiTest" classname="Tests.Feature.Api.ProductApiTest" assertions="0" time="0.000000">
          <error type="Error">Tests\Feature\Api\ProductApiTest::test_can_filter_products_by_brand
Error: Class "Laravel\Dusk\DuskServiceProvider" not found

/var/www/html/vendor/laravel/framework/src/Illuminate/Foundation/Application.php:961
/var/www/html/vendor/laravel/framework/src/Illuminate/Foundation/Application.php:893
/var/www/html/app/Providers/AppServiceProvider.php:51
/var/www/html/vendor/laravel/framework/src/Illuminate/Foundation/Application.php:896
/var/www/html/vendor/laravel/framework/src/Illuminate/Foundation/ProviderRepository.php:74
/var/www/html/vendor/laravel/framework/src/Illuminate/Foundation/Application.php:871
/var/www/html/vendor/laravel/framework/src/Illuminate/Foundation/Bootstrap/RegisterProviders.php:37
/var/www/html/vendor/laravel/framework/src/Illuminate/Foundation/Application.php:342
/var/www/html/vendor/laravel/framework/src/Illuminate/Foundation/Console/Kernel.php:473
/var/www/html/tests/CreatesApplication.php:31
/var/www/html/vendor/laravel/framework/src/Illuminate/Foundation/Testing/TestCase.php:54
/var/www/html/vendor/laravel/framework/src/Illuminate/Foundation/Testing/Concerns/InteractsWithTestCaseLifecycle.php:92
/var/www/html/vendor/laravel/framework/src/Illuminate/Foundation/Testing/TestCase.php:44
/var/www/html/tests/TestCase.php:36</error>
        </testcase>
        <testcase name="test_product_list_is_paginated" file="/var/www/html/tests/Feature/Api/ProductApiTest.php" line="139" class="Tests\Feature\Api\ProductApiTest" classname="Tests.Feature.Api.ProductApiTest" assertions="0" time="0.000000">
          <error type="Error">Tests\Feature\Api\ProductApiTest::test_product_list_is_paginated
Error: Class "Laravel\Dusk\DuskServiceProvider" not found

/var/www/html/vendor/laravel/framework/src/Illuminate/Foundation/Application.php:961
/var/www/html/vendor/laravel/framework/src/Illuminate/Foundation/Application.php:893
/var/www/html/app/Providers/AppServiceProvider.php:51
/var/www/html/vendor/laravel/framework/src/Illuminate/Foundation/Application.php:896
/var/www/html/vendor/laravel/framework/src/Illuminate/Foundation/ProviderRepository.php:74
/var/www/html/vendor/laravel/framework/src/Illuminate/Foundation/Application.php:871
/var/www/html/vendor/laravel/framework/src/Illuminate/Foundation/Bootstrap/RegisterProviders.php:37
/var/www/html/vendor/laravel/framework/src/Illuminate/Foundation/Application.php:342
/var/www/html/vendor/laravel/framework/src/Illuminate/Foundation/Console/Kernel.php:473
/var/www/html/tests/CreatesApplication.php:31
/var/www/html/vendor/laravel/framework/src/Illuminate/Foundation/Testing/TestCase.php:54
/var/www/html/vendor/laravel/framework/src/Illuminate/Foundation/Testing/Concerns/InteractsWithTestCaseLifecycle.php:92
/var/www/html/vendor/laravel/framework/src/Illuminate/Foundation/Testing/TestCase.php:44
/var/www/html/tests/TestCase.php:36</error>
        </testcase>
        <testcase name="test_inactive_products_are_not_listed" file="/var/www/html/tests/Feature/Api/ProductApiTest.php" line="128" class="Tests\Feature\Api\ProductApiTest" classname="Tests.Feature.Api.ProductApiTest" assertions="0" time="0.000000">
          <error type="Error">Tests\Feature\Api\ProductApiTest::test_inactive_products_are_not_listed
Error: Class "Laravel\Dusk\DuskServiceProvider" not found

/var/www/html/vendor/laravel/framework/src/Illuminate/Foundation/Application.php:961
/var/www/html/vendor/laravel/framework/src/Illuminate/Foundation/Application.php:893
/var/www/html/app/Providers/AppServiceProvider.php:51
/var/www/html/vendor/laravel/framework/src/Illuminate/Foundation/Application.php:896
/var/www/html/vendor/laravel/framework/src/Illuminate/Foundation/ProviderRepository.php:74
/var/www/html/vendor/laravel/framework/src/Illuminate/Foundation/Application.php:871
/var/www/html/vendor/laravel/framework/src/Illuminate/Foundation/Bootstrap/RegisterProviders.php:37
/var/www/html/vendor/laravel/framework/src/Illuminate/Foundation/Application.php:342
/var/www/html/vendor/laravel/framework/src/Illuminate/Foundation/Console/Kernel.php:473
/var/www/html/tests/CreatesApplication.php:31
/var/www/html/vendor/laravel/framework/src/Illuminate/Foundation/Testing/TestCase.php:54
/var/www/html/vendor/laravel/framework/src/Illuminate/Foundation/Testing/Concerns/InteractsWithTestCaseLifecycle.php:92
/var/www/html/vendor/laravel/framework/src/Illuminate/Foundation/Testing/TestCase.php:44
/var/www/html/tests/TestCase.php:36</error>
        </testcase>
        <testcase name="test_can_search_products_by_name" file="/var/www/html/tests/Feature/Api/ProductApiTest.php" line="27" class="Tests\Feature\Api\ProductApiTest" classname="Tests.Feature.Api.ProductApiTest" assertions="0" time="0.000000">
          <error type="Error">Tests\Feature\Api\ProductApiTest::test_can_search_products_by_name
Error: Class "Laravel\Dusk\DuskServiceProvider" not found

/var/www/html/vendor/laravel/framework/src/Illuminate/Foundation/Application.php:961
/var/www/html/vendor/laravel/framework/src/Illuminate/Foundation/Application.php:893
/var/www/html/app/Providers/AppServiceProvider.php:51
/var/www/html/vendor/laravel/framework/src/Illuminate/Foundation/Application.php:896
/var/www/html/vendor/laravel/framework/src/Illuminate/Foundation/ProviderRepository.php:74
/var/www/html/vendor/laravel/framework/src/Illuminate/Foundation/Application.php:871
/var/www/html/vendor/laravel/framework/src/Illuminate/Foundation/Bootstrap/RegisterProviders.php:37
/var/www/html/vendor/laravel/framework/src/Illuminate/Foundation/Application.php:342
/var/www/html/vendor/laravel/framework/src/Illuminate/Foundation/Console/Kernel.php:473
/var/www/html/tests/CreatesApplication.php:31
/var/www/html/vendor/laravel/framework/src/Illuminate/Foundation/Testing/TestCase.php:54
/var/www/html/vendor/laravel/framework/src/Illuminate/Foundation/Testing/Concerns/InteractsWithTestCaseLifecycle.php:92
/var/www/html/vendor/laravel/framework/src/Illuminate/Foundation/Testing/TestCase.php:44
/var/www/html/tests/TestCase.php:36</error>
        </testcase>
      </testsuite>
      <testsuite name="Tests\Feature\E2E\OrderFlowTest" file="/var/www/html/tests/Feature/E2E/OrderFlowTest.php" tests="6" assertions="0" errors="6" failures="0" skipped="0" time="0.000000">
        <testcase name="test_user_can_view_order_history" file="/var/www/html/tests/Feature/E2E/OrderFlowTest.php" line="164" class="Tests\Feature\E2E\OrderFlowTest" classname="Tests.Feature.E2E.OrderFlowTest" assertions="0" time="0.000000">
          <error type="Error">Tests\Feature\E2E\OrderFlowTest::test_user_can_view_order_history
Error: Class "Laravel\Dusk\DuskServiceProvider" not found

/var/www/html/vendor/laravel/framework/src/Illuminate/Foundation/Application.php:961
/var/www/html/vendor/laravel/framework/src/Illuminate/Foundation/Application.php:893
/var/www/html/app/Providers/AppServiceProvider.php:51
/var/www/html/vendor/laravel/framework/src/Illuminate/Foundation/Application.php:896
/var/www/html/vendor/laravel/framework/src/Illuminate/Foundation/ProviderRepository.php:74
/var/www/html/vendor/laravel/framework/src/Illuminate/Foundation/Application.php:871
/var/www/html/vendor/laravel/framework/src/Illuminate/Foundation/Bootstrap/RegisterProviders.php:37
/var/www/html/vendor/laravel/framework/src/Illuminate/Foundation/Application.php:342
/var/www/html/vendor/laravel/framework/src/Illuminate/Foundation/Console/Kernel.php:473
/var/www/html/tests/CreatesApplication.php:31
/var/www/html/vendor/laravel/framework/src/Illuminate/Foundation/Testing/TestCase.php:54
/var/www/html/vendor/laravel/framework/src/Illuminate/Foundation/Testing/Concerns/InteractsWithTestCaseLifecycle.php:92
/var/www/html/vendor/laravel/framework/src/Illuminate/Foundation/Testing/TestCase.php:44
/var/www/html/tests/TestCase.php:36
/var/www/html/tests/Feature/E2E/OrderFlowTest.php:24</error>
        </testcase>
        <testcase name="test_complete_order_creation_flow" file="/var/www/html/tests/Feature/E2E/OrderFlowTest.php" line="33" class="Tests\Feature\E2E\OrderFlowTest" classname="Tests.Feature.E2E.OrderFlowTest" assertions="0" time="0.000000">
          <error type="Error">Tests\Feature\E2E\OrderFlowTest::test_complete_order_creation_flow
Error: Class "Laravel\Dusk\DuskServiceProvider" not found

/var/www/html/vendor/laravel/framework/src/Illuminate/Foundation/Application.php:961
/var/www/html/vendor/laravel/framework/src/Illuminate/Foundation/Application.php:893
/var/www/html/app/Providers/AppServiceProvider.php:51
/var/www/html/vendor/laravel/framework/src/Illuminate/Foundation/Application.php:896
/var/www/html/vendor/laravel/framework/src/Illuminate/Foundation/ProviderRepository.php:74
/var/www/html/vendor/laravel/framework/src/Illuminate/Foundation/Application.php:871
/var/www/html/vendor/laravel/framework/src/Illuminate/Foundation/Bootstrap/RegisterProviders.php:37
/var/www/html/vendor/laravel/framework/src/Illuminate/Foundation/Application.php:342
/var/www/html/vendor/laravel/framework/src/Illuminate/Foundation/Console/Kernel.php:473
/var/www/html/tests/CreatesApplication.php:31
/var/www/html/vendor/laravel/framework/src/Illuminate/Foundation/Testing/TestCase.php:54
/var/www/html/vendor/laravel/framework/src/Illuminate/Foundation/Testing/Concerns/InteractsWithTestCaseLifecycle.php:92
/var/www/html/vendor/laravel/framework/src/Illuminate/Foundation/Testing/TestCase.php:44
/var/www/html/tests/TestCase.php:36
/var/www/html/tests/Feature/E2E/OrderFlowTest.php:24</error>
        </testcase>
        <testcase name="test_order_cancellation_flow" file="/var/www/html/tests/Feature/E2E/OrderFlowTest.php" line="120" class="Tests\Feature\E2E\OrderFlowTest" classname="Tests.Feature.E2E.OrderFlowTest" assertions="0" time="0.000000">
          <error type="Error">Tests\Feature\E2E\OrderFlowTest::test_order_cancellation_flow
Error: Class "Laravel\Dusk\DuskServiceProvider" not found

/var/www/html/vendor/laravel/framework/src/Illuminate/Foundation/Application.php:961
/var/www/html/vendor/laravel/framework/src/Illuminate/Foundation/Application.php:893
/var/www/html/app/Providers/AppServiceProvider.php:51
/var/www/html/vendor/laravel/framework/src/Illuminate/Foundation/Application.php:896
/var/www/html/vendor/laravel/framework/src/Illuminate/Foundation/ProviderRepository.php:74
/var/www/html/vendor/laravel/framework/src/Illuminate/Foundation/Application.php:871
/var/www/html/vendor/laravel/framework/src/Illuminate/Foundation/Bootstrap/RegisterProviders.php:37
/var/www/html/vendor/laravel/framework/src/Illuminate/Foundation/Application.php:342
/var/www/html/vendor/laravel/framework/src/Illuminate/Foundation/Console/Kernel.php:473
/var/www/html/tests/CreatesApplication.php:31
/var/www/html/vendor/laravel/framework/src/Illuminate/Foundation/Testing/TestCase.php:54
/var/www/html/vendor/laravel/framework/src/Illuminate/Foundation/Testing/Concerns/InteractsWithTestCaseLifecycle.php:92
/var/www/html/vendor/laravel/framework/src/Illuminate/Foundation/Testing/TestCase.php:44
/var/www/html/tests/TestCase.php:36
/var/www/html/tests/Feature/E2E/OrderFlowTest.php:24</error>
        </testcase>
        <testcase name="test_cannot_cancel_shipped_order" file="/var/www/html/tests/Feature/E2E/OrderFlowTest.php" line="144" class="Tests\Feature\E2E\OrderFlowTest" classname="Tests.Feature.E2E.OrderFlowTest" assertions="0" time="0.000000">
          <error type="Error">Tests\Feature\E2E\OrderFlowTest::test_cannot_cancel_shipped_order
Error: Class "Laravel\Dusk\DuskServiceProvider" not found

/var/www/html/vendor/laravel/framework/src/Illuminate/Foundation/Application.php:961
/var/www/html/vendor/laravel/framework/src/Illuminate/Foundation/Application.php:893
/var/www/html/app/Providers/AppServiceProvider.php:51
/var/www/html/vendor/laravel/framework/src/Illuminate/Foundation/Application.php:896
/var/www/html/vendor/laravel/framework/src/Illuminate/Foundation/ProviderRepository.php:74
/var/www/html/vendor/laravel/framework/src/Illuminate/Foundation/Application.php:871
/var/www/html/vendor/laravel/framework/src/Illuminate/Foundation/Bootstrap/RegisterProviders.php:37
/var/www/html/vendor/laravel/framework/src/Illuminate/Foundation/Application.php:342
/var/www/html/vendor/laravel/framework/src/Illuminate/Foundation/Console/Kernel.php:473
/var/www/html/tests/CreatesApplication.php:31
/var/www/html/vendor/laravel/framework/src/Illuminate/Foundation/Testing/TestCase.php:54
/var/www/html/vendor/laravel/framework/src/Illuminate/Foundation/Testing/Concerns/InteractsWithTestCaseLifecycle.php:92
/var/www/html/vendor/laravel/framework/src/Illuminate/Foundation/Testing/TestCase.php:44
/var/www/html/tests/TestCase.php:36
/var/www/html/tests/Feature/E2E/OrderFlowTest.php:24</error>
        </testcase>
        <testcase name="test_user_cannot_view_other_users_orders" file="/var/www/html/tests/Feature/E2E/OrderFlowTest.php" line="179" class="Tests\Feature\E2E\OrderFlowTest" classname="Tests.Feature.E2E.OrderFlowTest" assertions="0" time="0.000000">
          <error type="Error">Tests\Feature\E2E\OrderFlowTest::test_user_cannot_view_other_users_orders
Error: Class "Laravel\Dusk\DuskServiceProvider" not found

/var/www/html/vendor/laravel/framework/src/Illuminate/Foundation/Application.php:961
/var/www/html/vendor/laravel/framework/src/Illuminate/Foundation/Application.php:893
/var/www/html/app/Providers/AppServiceProvider.php:51
/var/www/html/vendor/laravel/framework/src/Illuminate/Foundation/Application.php:896
/var/www/html/vendor/laravel/framework/src/Illuminate/Foundation/ProviderRepository.php:74
/var/www/html/vendor/laravel/framework/src/Illuminate/Foundation/Application.php:871
/var/www/html/vendor/laravel/framework/src/Illuminate/Foundation/Bootstrap/RegisterProviders.php:37
/var/www/html/vendor/laravel/framework/src/Illuminate/Foundation/Application.php:342
/var/www/html/vendor/laravel/framework/src/Illuminate/Foundation/Console/Kernel.php:473
/var/www/html/tests/CreatesApplication.php:31
/var/www/html/vendor/laravel/framework/src/Illuminate/Foundation/Testing/TestCase.php:54
/var/www/html/vendor/laravel/framework/src/Illuminate/Foundation/Testing/Concerns/InteractsWithTestCaseLifecycle.php:92
/var/www/html/vendor/laravel/framework/src/Illuminate/Foundation/Testing/TestCase.php:44
/var/www/html/tests/TestCase.php:36
/var/www/html/tests/Feature/E2E/OrderFlowTest.php:24</error>
        </testcase>
        <testcase name="test_complete_order_status_update_flow" file="/var/www/html/tests/Feature/E2E/OrderFlowTest.php" line="84" class="Tests\Feature\E2E\OrderFlowTest" classname="Tests.Feature.E2E.OrderFlowTest" assertions="0" time="0.000000">
          <error type="Error">Tests\Feature\E2E\OrderFlowTest::test_complete_order_status_update_flow
Error: Class "Laravel\Dusk\DuskServiceProvider" not found

/var/www/html/vendor/laravel/framework/src/Illuminate/Foundation/Application.php:961
/var/www/html/vendor/laravel/framework/src/Illuminate/Foundation/Application.php:893
/var/www/html/app/Providers/AppServiceProvider.php:51
/var/www/html/vendor/laravel/framework/src/Illuminate/Foundation/Application.php:896
/var/www/html/vendor/laravel/framework/src/Illuminate/Foundation/ProviderRepository.php:74
/var/www/html/vendor/laravel/framework/src/Illuminate/Foundation/Application.php:871
/var/www/html/vendor/laravel/framework/src/Illuminate/Foundation/Bootstrap/RegisterProviders.php:37
/var/www/html/vendor/laravel/framework/src/Illuminate/Foundation/Application.php:342
/var/www/html/vendor/laravel/framework/src/Illuminate/Foundation/Console/Kernel.php:473
/var/www/html/tests/CreatesApplication.php:31
/var/www/html/vendor/laravel/framework/src/Illuminate/Foundation/Testing/TestCase.php:54
/var/www/html/vendor/laravel/framework/src/Illuminate/Foundation/Testing/Concerns/InteractsWithTestCaseLifecycle.php:92
/var/www/html/vendor/laravel/framework/src/Illuminate/Foundation/Testing/TestCase.php:44
/var/www/html/tests/TestCase.php:36
/var/www/html/tests/Feature/E2E/OrderFlowTest.php:24</error>
        </testcase>
      </testsuite>
      <testsuite name="Tests\Feature\Http\Controllers\LocaleControllerTest" file="/var/www/html/tests/Feature/Http/Controllers/LocaleControllerTest.php" tests="5" assertions="0" errors="5" failures="0" skipped="0" time="0.000000">
        <testcase name="it_validates_language_switch_request" file="/var/www/html/tests/Feature/Http/Controllers/LocaleControllerTest.php" line="39" class="Tests\Feature\Http\Controllers\LocaleControllerTest" classname="Tests.Feature.Http.Controllers.LocaleControllerTest" assertions="0" time="0.000000">
          <error type="Error">Tests\Feature\Http\Controllers\LocaleControllerTest::it_validates_language_switch_request
Error: Class "Laravel\Dusk\DuskServiceProvider" not found

/var/www/html/vendor/laravel/framework/src/Illuminate/Foundation/Application.php:961
/var/www/html/vendor/laravel/framework/src/Illuminate/Foundation/Application.php:893
/var/www/html/app/Providers/AppServiceProvider.php:51
/var/www/html/vendor/laravel/framework/src/Illuminate/Foundation/Application.php:896
/var/www/html/vendor/laravel/framework/src/Illuminate/Foundation/ProviderRepository.php:74
/var/www/html/vendor/laravel/framework/src/Illuminate/Foundation/Application.php:871
/var/www/html/vendor/laravel/framework/src/Illuminate/Foundation/Bootstrap/RegisterProviders.php:37
/var/www/html/vendor/laravel/framework/src/Illuminate/Foundation/Application.php:342
/var/www/html/vendor/laravel/framework/src/Illuminate/Foundation/Console/Kernel.php:473
/var/www/html/tests/CreatesApplication.php:31
/var/www/html/vendor/laravel/framework/src/Illuminate/Foundation/Testing/TestCase.php:54
/var/www/html/vendor/laravel/framework/src/Illuminate/Foundation/Testing/Concerns/InteractsWithTestCaseLifecycle.php:92
/var/www/html/vendor/laravel/framework/src/Illuminate/Foundation/Testing/TestCase.php:44
/var/www/html/tests/TestCase.php:36</error>
        </testcase>
        <testcase name="it_can_switch_currency" file="/var/www/html/tests/Feature/Http/Controllers/LocaleControllerTest.php" line="31" class="Tests\Feature\Http\Controllers\LocaleControllerTest" classname="Tests.Feature.Http.Controllers.LocaleControllerTest" assertions="0" time="0.000000">
          <error type="Error">Tests\Feature\Http\Controllers\LocaleControllerTest::it_can_switch_currency
Error: Class "Laravel\Dusk\DuskServiceProvider" not found

/var/www/html/vendor/laravel/framework/src/Illuminate/Foundation/Application.php:961
/var/www/html/vendor/laravel/framework/src/Illuminate/Foundation/Application.php:893
/var/www/html/app/Providers/AppServiceProvider.php:51
/var/www/html/vendor/laravel/framework/src/Illuminate/Foundation/Application.php:896
/var/www/html/vendor/laravel/framework/src/Illuminate/Foundation/ProviderRepository.php:74
/var/www/html/vendor/laravel/framework/src/Illuminate/Foundation/Application.php:871
/var/www/html/vendor/laravel/framework/src/Illuminate/Foundation/Bootstrap/RegisterProviders.php:37
/var/www/html/vendor/laravel/framework/src/Illuminate/Foundation/Application.php:342
/var/www/html/vendor/laravel/framework/src/Illuminate/Foundation/Console/Kernel.php:473
/var/www/html/tests/CreatesApplication.php:31
/var/www/html/vendor/laravel/framework/src/Illuminate/Foundation/Testing/TestCase.php:54
/var/www/html/vendor/laravel/framework/src/Illuminate/Foundation/Testing/Concerns/InteractsWithTestCaseLifecycle.php:92
/var/www/html/vendor/laravel/framework/src/Illuminate/Foundation/Testing/TestCase.php:44
/var/www/html/tests/TestCase.php:36</error>
        </testcase>
        <testcase name="it_returns_422_for_invalid_language" file="/var/www/html/tests/Feature/Http/Controllers/LocaleControllerTest.php" line="47" class="Tests\Feature\Http\Controllers\LocaleControllerTest" classname="Tests.Feature.Http.Controllers.LocaleControllerTest" assertions="0" time="0.000000">
          <error type="Error">Tests\Feature\Http\Controllers\LocaleControllerTest::it_returns_422_for_invalid_language
Error: Class "Laravel\Dusk\DuskServiceProvider" not found

/var/www/html/vendor/laravel/framework/src/Illuminate/Foundation/Application.php:961
/var/www/html/vendor/laravel/framework/src/Illuminate/Foundation/Application.php:893
/var/www/html/app/Providers/AppServiceProvider.php:51
/var/www/html/vendor/laravel/framework/src/Illuminate/Foundation/Application.php:896
/var/www/html/vendor/laravel/framework/src/Illuminate/Foundation/ProviderRepository.php:74
/var/www/html/vendor/laravel/framework/src/Illuminate/Foundation/Application.php:871
/var/www/html/vendor/laravel/framework/src/Illuminate/Foundation/Bootstrap/RegisterProviders.php:37
/var/www/html/vendor/laravel/framework/src/Illuminate/Foundation/Application.php:342
/var/www/html/vendor/laravel/framework/src/Illuminate/Foundation/Console/Kernel.php:473
/var/www/html/tests/CreatesApplication.php:31
/var/www/html/vendor/laravel/framework/src/Illuminate/Foundation/Testing/TestCase.php:54
/var/www/html/vendor/laravel/framework/src/Illuminate/Foundation/Testing/Concerns/InteractsWithTestCaseLifecycle.php:92
/var/www/html/vendor/laravel/framework/src/Illuminate/Foundation/Testing/TestCase.php:44
/var/www/html/tests/TestCase.php:36</error>
        </testcase>
        <testcase name="it_validates_currency_switch_request" file="/var/www/html/tests/Feature/Http/Controllers/LocaleControllerTest.php" line="55" class="Tests\Feature\Http\Controllers\LocaleControllerTest" classname="Tests.Feature.Http.Controllers.LocaleControllerTest" assertions="0" time="0.000000">
          <error type="Error">Tests\Feature\Http\Controllers\LocaleControllerTest::it_validates_currency_switch_request
Error: Class "Laravel\Dusk\DuskServiceProvider" not found

/var/www/html/vendor/laravel/framework/src/Illuminate/Foundation/Application.php:961
/var/www/html/vendor/laravel/framework/src/Illuminate/Foundation/Application.php:893
/var/www/html/app/Providers/AppServiceProvider.php:51
/var/www/html/vendor/laravel/framework/src/Illuminate/Foundation/Application.php:896
/var/www/html/vendor/laravel/framework/src/Illuminate/Foundation/ProviderRepository.php:74
/var/www/html/vendor/laravel/framework/src/Illuminate/Foundation/Application.php:871
/var/www/html/vendor/laravel/framework/src/Illuminate/Foundation/Bootstrap/RegisterProviders.php:37
/var/www/html/vendor/laravel/framework/src/Illuminate/Foundation/Application.php:342
/var/www/html/vendor/laravel/framework/src/Illuminate/Foundation/Console/Kernel.php:473
/var/www/html/tests/CreatesApplication.php:31
/var/www/html/vendor/laravel/framework/src/Illuminate/Foundation/Testing/TestCase.php:54
/var/www/html/vendor/laravel/framework/src/Illuminate/Foundation/Testing/Concerns/InteractsWithTestCaseLifecycle.php:92
/var/www/html/vendor/laravel/framework/src/Illuminate/Foundation/Testing/TestCase.php:44
/var/www/html/tests/TestCase.php:36</error>
        </testcase>
        <testcase name="it_can_switch_language" file="/var/www/html/tests/Feature/Http/Controllers/LocaleControllerTest.php" line="23" class="Tests\Feature\Http\Controllers\LocaleControllerTest" classname="Tests.Feature.Http.Controllers.LocaleControllerTest" assertions="0" time="0.000000">
          <error type="Error">Tests\Feature\Http\Controllers\LocaleControllerTest::it_can_switch_language
Error: Class "Laravel\Dusk\DuskServiceProvider" not found

/var/www/html/vendor/laravel/framework/src/Illuminate/Foundation/Application.php:961
/var/www/html/vendor/laravel/framework/src/Illuminate/Foundation/Application.php:893
/var/www/html/app/Providers/AppServiceProvider.php:51
/var/www/html/vendor/laravel/framework/src/Illuminate/Foundation/Application.php:896
/var/www/html/vendor/laravel/framework/src/Illuminate/Foundation/ProviderRepository.php:74
/var/www/html/vendor/laravel/framework/src/Illuminate/Foundation/Application.php:871
/var/www/html/vendor/laravel/framework/src/Illuminate/Foundation/Bootstrap/RegisterProviders.php:37
/var/www/html/vendor/laravel/framework/src/Illuminate/Foundation/Application.php:342
/var/www/html/vendor/laravel/framework/src/Illuminate/Foundation/Console/Kernel.php:473
/var/www/html/tests/CreatesApplication.php:31
/var/www/html/vendor/laravel/framework/src/Illuminate/Foundation/Testing/TestCase.php:54
/var/www/html/vendor/laravel/framework/src/Illuminate/Foundation/Testing/Concerns/InteractsWithTestCaseLifecycle.php:92
/var/www/html/vendor/laravel/framework/src/Illuminate/Foundation/Testing/TestCase.php:44
/var/www/html/tests/TestCase.php:36</error>
        </testcase>
      </testsuite>
      <testsuite name="Tests\Feature\Http\Middleware\HandleCorsTest" file="/var/www/html/tests/Feature/Http/Middleware/HandleCorsTest.php" tests="3" assertions="0" errors="3" failures="0" skipped="0" time="0.000000">
        <testcase name="test_handle_cors_middleware_handles_preflight_requests" file="/var/www/html/tests/Feature/Http/Middleware/HandleCorsTest.php" line="35" class="Tests\Feature\Http\Middleware\HandleCorsTest" classname="Tests.Feature.Http.Middleware.HandleCorsTest" assertions="0" time="0.000000">
          <error type="Error">Tests\Feature\Http\Middleware\HandleCorsTest::test_handle_cors_middleware_handles_preflight_requests
Error: Class "Laravel\Dusk\DuskServiceProvider" not found

/var/www/html/vendor/laravel/framework/src/Illuminate/Foundation/Application.php:961
/var/www/html/vendor/laravel/framework/src/Illuminate/Foundation/Application.php:893
/var/www/html/app/Providers/AppServiceProvider.php:51
/var/www/html/vendor/laravel/framework/src/Illuminate/Foundation/Application.php:896
/var/www/html/vendor/laravel/framework/src/Illuminate/Foundation/ProviderRepository.php:74
/var/www/html/vendor/laravel/framework/src/Illuminate/Foundation/Application.php:871
/var/www/html/vendor/laravel/framework/src/Illuminate/Foundation/Bootstrap/RegisterProviders.php:37
/var/www/html/vendor/laravel/framework/src/Illuminate/Foundation/Application.php:342
/var/www/html/vendor/laravel/framework/src/Illuminate/Foundation/Console/Kernel.php:473
/var/www/html/tests/CreatesApplication.php:31
/var/www/html/vendor/laravel/framework/src/Illuminate/Foundation/Testing/TestCase.php:54
/var/www/html/vendor/laravel/framework/src/Illuminate/Foundation/Testing/Concerns/InteractsWithTestCaseLifecycle.php:92
/var/www/html/vendor/laravel/framework/src/Illuminate/Foundation/Testing/TestCase.php:44
/var/www/html/tests/TestCase.php:36</error>
        </testcase>
        <testcase name="test_handle_cors_middleware_adds_cors_headers" file="/var/www/html/tests/Feature/Http/Middleware/HandleCorsTest.php" line="18" class="Tests\Feature\Http\Middleware\HandleCorsTest" classname="Tests.Feature.Http.Middleware.HandleCorsTest" assertions="0" time="0.000000">
          <error type="Error">Tests\Feature\Http\Middleware\HandleCorsTest::test_handle_cors_middleware_adds_cors_headers
Error: Class "Laravel\Dusk\DuskServiceProvider" not found

/var/www/html/vendor/laravel/framework/src/Illuminate/Foundation/Application.php:961
/var/www/html/vendor/laravel/framework/src/Illuminate/Foundation/Application.php:893
/var/www/html/app/Providers/AppServiceProvider.php:51
/var/www/html/vendor/laravel/framework/src/Illuminate/Foundation/Application.php:896
/var/www/html/vendor/laravel/framework/src/Illuminate/Foundation/ProviderRepository.php:74
/var/www/html/vendor/laravel/framework/src/Illuminate/Foundation/Application.php:871
/var/www/html/vendor/laravel/framework/src/Illuminate/Foundation/Bootstrap/RegisterProviders.php:37
/var/www/html/vendor/laravel/framework/src/Illuminate/Foundation/Application.php:342
/var/www/html/vendor/laravel/framework/src/Illuminate/Foundation/Console/Kernel.php:473
/var/www/html/tests/CreatesApplication.php:31
/var/www/html/vendor/laravel/framework/src/Illuminate/Foundation/Testing/TestCase.php:54
/var/www/html/vendor/laravel/framework/src/Illuminate/Foundation/Testing/Concerns/InteractsWithTestCaseLifecycle.php:92
/var/www/html/vendor/laravel/framework/src/Illuminate/Foundation/Testing/TestCase.php:44
/var/www/html/tests/TestCase.php:36</error>
        </testcase>
        <testcase name="test_handle_cors_middleware_passes_regular_requests" file="/var/www/html/tests/Feature/Http/Middleware/HandleCorsTest.php" line="52" class="Tests\Feature\Http\Middleware\HandleCorsTest" classname="Tests.Feature.Http.Middleware.HandleCorsTest" assertions="0" time="0.000000">
          <error type="Error">Tests\Feature\Http\Middleware\HandleCorsTest::test_handle_cors_middleware_passes_regular_requests
Error: Class "Laravel\Dusk\DuskServiceProvider" not found

/var/www/html/vendor/laravel/framework/src/Illuminate/Foundation/Application.php:961
/var/www/html/vendor/laravel/framework/src/Illuminate/Foundation/Application.php:893
/var/www/html/app/Providers/AppServiceProvider.php:51
/var/www/html/vendor/laravel/framework/src/Illuminate/Foundation/Application.php:896
/var/www/html/vendor/laravel/framework/src/Illuminate/Foundation/ProviderRepository.php:74
/var/www/html/vendor/laravel/framework/src/Illuminate/Foundation/Application.php:871
/var/www/html/vendor/laravel/framework/src/Illuminate/Foundation/Bootstrap/RegisterProviders.php:37
/var/www/html/vendor/laravel/framework/src/Illuminate/Foundation/Application.php:342
/var/www/html/vendor/laravel/framework/src/Illuminate/Foundation/Console/Kernel.php:473
/var/www/html/tests/CreatesApplication.php:31
/var/www/html/vendor/laravel/framework/src/Illuminate/Foundation/Testing/TestCase.php:54
/var/www/html/vendor/laravel/framework/src/Illuminate/Foundation/Testing/Concerns/InteractsWithTestCaseLifecycle.php:92
/var/www/html/vendor/laravel/framework/src/Illuminate/Foundation/Testing/TestCase.php:44
/var/www/html/tests/TestCase.php:36</error>
        </testcase>
      </testsuite>
      <testsuite name="Tests\Feature\Http\Controllers\AdminControllerTest" file="/var/www/html/tests/Feature/Http/Controllers/AdminControllerTest.php" tests="3" assertions="0" errors="3" failures="0" skipped="0" time="0.000000">
        <testcase name="it_can_display_admin_dashboard" file="/var/www/html/tests/Feature/Http/Controllers/AdminControllerTest.php" line="16" class="Tests\Feature\Http\Controllers\AdminControllerTest" classname="Tests.Feature.Http.Controllers.AdminControllerTest" assertions="0" time="0.000000">
          <error type="Error">Tests\Feature\Http\Controllers\AdminControllerTest::it_can_display_admin_dashboard
Error: Class "Laravel\Dusk\DuskServiceProvider" not found

/var/www/html/vendor/laravel/framework/src/Illuminate/Foundation/Application.php:961
/var/www/html/vendor/laravel/framework/src/Illuminate/Foundation/Application.php:893
/var/www/html/app/Providers/AppServiceProvider.php:51
/var/www/html/vendor/laravel/framework/src/Illuminate/Foundation/Application.php:896
/var/www/html/vendor/laravel/framework/src/Illuminate/Foundation/ProviderRepository.php:74
/var/www/html/vendor/laravel/framework/src/Illuminate/Foundation/Application.php:871
/var/www/html/vendor/laravel/framework/src/Illuminate/Foundation/Bootstrap/RegisterProviders.php:37
/var/www/html/vendor/laravel/framework/src/Illuminate/Foundation/Application.php:342
/var/www/html/vendor/laravel/framework/src/Illuminate/Foundation/Console/Kernel.php:473
/var/www/html/tests/CreatesApplication.php:31
/var/www/html/vendor/laravel/framework/src/Illuminate/Foundation/Testing/TestCase.php:54
/var/www/html/vendor/laravel/framework/src/Illuminate/Foundation/Testing/Concerns/InteractsWithTestCaseLifecycle.php:92
/var/www/html/vendor/laravel/framework/src/Illuminate/Foundation/Testing/TestCase.php:44
/var/www/html/tests/TestCase.php:36</error>
        </testcase>
        <testcase name="it_redirects_non_admin_users_from_dashboard" file="/var/www/html/tests/Feature/Http/Controllers/AdminControllerTest.php" line="36" class="Tests\Feature\Http\Controllers\AdminControllerTest" classname="Tests.Feature.Http.Controllers.AdminControllerTest" assertions="0" time="0.000000">
          <error type="Error">Tests\Feature\Http\Controllers\AdminControllerTest::it_redirects_non_admin_users_from_dashboard
Error: Class "Laravel\Dusk\DuskServiceProvider" not found

/var/www/html/vendor/laravel/framework/src/Illuminate/Foundation/Application.php:961
/var/www/html/vendor/laravel/framework/src/Illuminate/Foundation/Application.php:893
/var/www/html/app/Providers/AppServiceProvider.php:51
/var/www/html/vendor/laravel/framework/src/Illuminate/Foundation/Application.php:896
/var/www/html/vendor/laravel/framework/src/Illuminate/Foundation/ProviderRepository.php:74
/var/www/html/vendor/laravel/framework/src/Illuminate/Foundation/Application.php:871
/var/www/html/vendor/laravel/framework/src/Illuminate/Foundation/Bootstrap/RegisterProviders.php:37
/var/www/html/vendor/laravel/framework/src/Illuminate/Foundation/Application.php:342
/var/www/html/vendor/laravel/framework/src/Illuminate/Foundation/Console/Kernel.php:473
/var/www/html/tests/CreatesApplication.php:31
/var/www/html/vendor/laravel/framework/src/Illuminate/Foundation/Testing/TestCase.php:54
/var/www/html/vendor/laravel/framework/src/Illuminate/Foundation/Testing/Concerns/InteractsWithTestCaseLifecycle.php:92
/var/www/html/vendor/laravel/framework/src/Illuminate/Foundation/Testing/TestCase.php:44
/var/www/html/tests/TestCase.php:36</error>
        </testcase>
        <testcase name="it_can_display_users_management_page" file="/var/www/html/tests/Feature/Http/Controllers/AdminControllerTest.php" line="50" class="Tests\Feature\Http\Controllers\AdminControllerTest" classname="Tests.Feature.Http.Controllers.AdminControllerTest" assertions="0" time="0.000000">
          <error type="Error">Tests\Feature\Http\Controllers\AdminControllerTest::it_can_display_users_management_page
Error: Class "Laravel\Dusk\DuskServiceProvider" not found

/var/www/html/vendor/laravel/framework/src/Illuminate/Foundation/Application.php:961
/var/www/html/vendor/laravel/framework/src/Illuminate/Foundation/Application.php:893
/var/www/html/app/Providers/AppServiceProvider.php:51
/var/www/html/vendor/laravel/framework/src/Illuminate/Foundation/Application.php:896
/var/www/html/vendor/laravel/framework/src/Illuminate/Foundation/ProviderRepository.php:74
/var/www/html/vendor/laravel/framework/src/Illuminate/Foundation/Application.php:871
/var/www/html/vendor/laravel/framework/src/Illuminate/Foundation/Bootstrap/RegisterProviders.php:37
/var/www/html/vendor/laravel/framework/src/Illuminate/Foundation/Application.php:342
/var/www/html/vendor/laravel/framework/src/Illuminate/Foundation/Console/Kernel.php:473
/var/www/html/tests/CreatesApplication.php:31
/var/www/html/vendor/laravel/framework/src/Illuminate/Foundation/Testing/TestCase.php:54
/var/www/html/vendor/laravel/framework/src/Illuminate/Foundation/Testing/Concerns/InteractsWithTestCaseLifecycle.php:92
/var/www/html/vendor/laravel/framework/src/Illuminate/Foundation/Testing/TestCase.php:44
/var/www/html/tests/TestCase.php:36</error>
        </testcase>
      </testsuite>
      <testsuite name="Tests\Feature\Models\NotificationTest" file="/var/www/html/tests/Feature/Models/NotificationTest.php" tests="57" assertions="0" errors="57" failures="0" skipped="0" time="0.000000">
        <testcase name="test_get_color" file="/var/www/html/tests/Feature/Models/NotificationTest.php" line="506" class="Tests\Feature\Models\NotificationTest" classname="Tests.Feature.Models.NotificationTest" assertions="0" time="0.000000">
          <error type="Error">Tests\Feature\Models\NotificationTest::test_get_color
Error: Class "Laravel\Dusk\DuskServiceProvider" not found

/var/www/html/vendor/laravel/framework/src/Illuminate/Foundation/Application.php:961
/var/www/html/vendor/laravel/framework/src/Illuminate/Foundation/Application.php:893
/var/www/html/app/Providers/AppServiceProvider.php:51
/var/www/html/vendor/laravel/framework/src/Illuminate/Foundation/Application.php:896
/var/www/html/vendor/laravel/framework/src/Illuminate/Foundation/ProviderRepository.php:74
/var/www/html/vendor/laravel/framework/src/Illuminate/Foundation/Application.php:871
/var/www/html/vendor/laravel/framework/src/Illuminate/Foundation/Bootstrap/RegisterProviders.php:37
/var/www/html/vendor/laravel/framework/src/Illuminate/Foundation/Application.php:342
/var/www/html/vendor/laravel/framework/src/Illuminate/Foundation/Console/Kernel.php:473
/var/www/html/tests/CreatesApplication.php:31
/var/www/html/vendor/laravel/framework/src/Illuminate/Foundation/Testing/TestCase.php:54
/var/www/html/vendor/laravel/framework/src/Illuminate/Foundation/Testing/Concerns/InteractsWithTestCaseLifecycle.php:92
/var/www/html/vendor/laravel/framework/src/Illuminate/Foundation/Testing/TestCase.php:44
/var/www/html/tests/TestCase.php:36
/var/www/html/tests/Feature/Models/NotificationTest.php:19</error>
        </testcase>
        <testcase name="test_set_metadata" file="/var/www/html/tests/Feature/Models/NotificationTest.php" line="655" class="Tests\Feature\Models\NotificationTest" classname="Tests.Feature.Models.NotificationTest" assertions="0" time="0.000000">
          <error type="Error">Tests\Feature\Models\NotificationTest::test_set_metadata
Error: Class "Laravel\Dusk\DuskServiceProvider" not found

/var/www/html/vendor/laravel/framework/src/Illuminate/Foundation/Application.php:961
/var/www/html/vendor/laravel/framework/src/Illuminate/Foundation/Application.php:893
/var/www/html/app/Providers/AppServiceProvider.php:51
/var/www/html/vendor/laravel/framework/src/Illuminate/Foundation/Application.php:896
/var/www/html/vendor/laravel/framework/src/Illuminate/Foundation/ProviderRepository.php:74
/var/www/html/vendor/laravel/framework/src/Illuminate/Foundation/Application.php:871
/var/www/html/vendor/laravel/framework/src/Illuminate/Foundation/Bootstrap/RegisterProviders.php:37
/var/www/html/vendor/laravel/framework/src/Illuminate/Foundation/Application.php:342
/var/www/html/vendor/laravel/framework/src/Illuminate/Foundation/Console/Kernel.php:473
/var/www/html/tests/CreatesApplication.php:31
/var/www/html/vendor/laravel/framework/src/Illuminate/Foundation/Testing/TestCase.php:54
/var/www/html/vendor/laravel/framework/src/Illuminate/Foundation/Testing/Concerns/InteractsWithTestCaseLifecycle.php:92
/var/www/html/vendor/laravel/framework/src/Illuminate/Foundation/Testing/TestCase.php:44
/var/www/html/tests/TestCase.php:36
/var/www/html/tests/Feature/Models/NotificationTest.php:19</error>
        </testcase>
        <testcase name="test_get_retry_count" file="/var/www/html/tests/Feature/Models/NotificationTest.php" line="604" class="Tests\Feature\Models\NotificationTest" classname="Tests.Feature.Models.NotificationTest" assertions="0" time="0.000000">
          <error type="Error">Tests\Feature\Models\NotificationTest::test_get_retry_count
Error: Class "Laravel\Dusk\DuskServiceProvider" not found

/var/www/html/vendor/laravel/framework/src/Illuminate/Foundation/Application.php:961
/var/www/html/vendor/laravel/framework/src/Illuminate/Foundation/Application.php:893
/var/www/html/app/Providers/AppServiceProvider.php:51
/var/www/html/vendor/laravel/framework/src/Illuminate/Foundation/Application.php:896
/var/www/html/vendor/laravel/framework/src/Illuminate/Foundation/ProviderRepository.php:74
/var/www/html/vendor/laravel/framework/src/Illuminate/Foundation/Application.php:871
/var/www/html/vendor/laravel/framework/src/Illuminate/Foundation/Bootstrap/RegisterProviders.php:37
/var/www/html/vendor/laravel/framework/src/Illuminate/Foundation/Application.php:342
/var/www/html/vendor/laravel/framework/src/Illuminate/Foundation/Console/Kernel.php:473
/var/www/html/tests/CreatesApplication.php:31
/var/www/html/vendor/laravel/framework/src/Illuminate/Foundation/Testing/TestCase.php:54
/var/www/html/vendor/laravel/framework/src/Illuminate/Foundation/Testing/Concerns/InteractsWithTestCaseLifecycle.php:92
/var/www/html/vendor/laravel/framework/src/Illuminate/Foundation/Testing/TestCase.php:44
/var/www/html/tests/TestCase.php:36
/var/www/html/tests/Feature/Models/NotificationTest.php:19</error>
        </testcase>
        <testcase name="test_scope_unread_filters_unread_notifications" file="/var/www/html/tests/Feature/Models/NotificationTest.php" line="96" class="Tests\Feature\Models\NotificationTest" classname="Tests.Feature.Models.NotificationTest" assertions="0" time="0.000000">
          <error type="Error">Tests\Feature\Models\NotificationTest::test_scope_unread_filters_unread_notifications
Error: Class "Laravel\Dusk\DuskServiceProvider" not found

/var/www/html/vendor/laravel/framework/src/Illuminate/Foundation/Application.php:961
/var/www/html/vendor/laravel/framework/src/Illuminate/Foundation/Application.php:893
/var/www/html/app/Providers/AppServiceProvider.php:51
/var/www/html/vendor/laravel/framework/src/Illuminate/Foundation/Application.php:896
/var/www/html/vendor/laravel/framework/src/Illuminate/Foundation/ProviderRepository.php:74
/var/www/html/vendor/laravel/framework/src/Illuminate/Foundation/Application.php:871
/var/www/html/vendor/laravel/framework/src/Illuminate/Foundation/Bootstrap/RegisterProviders.php:37
/var/www/html/vendor/laravel/framework/src/Illuminate/Foundation/Application.php:342
/var/www/html/vendor/laravel/framework/src/Illuminate/Foundation/Console/Kernel.php:473
/var/www/html/tests/CreatesApplication.php:31
/var/www/html/vendor/laravel/framework/src/Illuminate/Foundation/Testing/TestCase.php:54
/var/www/html/vendor/laravel/framework/src/Illuminate/Foundation/Testing/Concerns/InteractsWithTestCaseLifecycle.php:92
/var/www/html/vendor/laravel/framework/src/Illuminate/Foundation/Testing/TestCase.php:44
/var/www/html/tests/TestCase.php:36
/var/www/html/tests/Feature/Models/NotificationTest.php:19</error>
        </testcase>
        <testcase name="test_get_summary" file="/var/www/html/tests/Feature/Models/NotificationTest.php" line="534" class="Tests\Feature\Models\NotificationTest" classname="Tests.Feature.Models.NotificationTest" assertions="0" time="0.000000">
          <error type="Error">Tests\Feature\Models\NotificationTest::test_get_summary
Error: Class "Laravel\Dusk\DuskServiceProvider" not found

/var/www/html/vendor/laravel/framework/src/Illuminate/Foundation/Application.php:961
/var/www/html/vendor/laravel/framework/src/Illuminate/Foundation/Application.php:893
/var/www/html/app/Providers/AppServiceProvider.php:51
/var/www/html/vendor/laravel/framework/src/Illuminate/Foundation/Application.php:896
/var/www/html/vendor/laravel/framework/src/Illuminate/Foundation/ProviderRepository.php:74
/var/www/html/vendor/laravel/framework/src/Illuminate/Foundation/Application.php:871
/var/www/html/vendor/laravel/framework/src/Illuminate/Foundation/Bootstrap/RegisterProviders.php:37
/var/www/html/vendor/laravel/framework/src/Illuminate/Foundation/Application.php:342
/var/www/html/vendor/laravel/framework/src/Illuminate/Foundation/Console/Kernel.php:473
/var/www/html/tests/CreatesApplication.php:31
/var/www/html/vendor/laravel/framework/src/Illuminate/Foundation/Testing/TestCase.php:54
/var/www/html/vendor/laravel/framework/src/Illuminate/Foundation/Testing/Concerns/InteractsWithTestCaseLifecycle.php:92
/var/www/html/vendor/laravel/framework/src/Illuminate/Foundation/Testing/TestCase.php:44
/var/www/html/tests/TestCase.php:36
/var/www/html/tests/Feature/Models/NotificationTest.php:19</error>
        </testcase>
        <testcase name="test_scope_of_status_filters_by_status" file="/var/www/html/tests/Feature/Models/NotificationTest.php" line="154" class="Tests\Feature\Models\NotificationTest" classname="Tests.Feature.Models.NotificationTest" assertions="0" time="0.000000">
          <error type="Error">Tests\Feature\Models\NotificationTest::test_scope_of_status_filters_by_status
Error: Class "Laravel\Dusk\DuskServiceProvider" not found

/var/www/html/vendor/laravel/framework/src/Illuminate/Foundation/Application.php:961
/var/www/html/vendor/laravel/framework/src/Illuminate/Foundation/Application.php:893
/var/www/html/app/Providers/AppServiceProvider.php:51
/var/www/html/vendor/laravel/framework/src/Illuminate/Foundation/Application.php:896
/var/www/html/vendor/laravel/framework/src/Illuminate/Foundation/ProviderRepository.php:74
/var/www/html/vendor/laravel/framework/src/Illuminate/Foundation/Application.php:871
/var/www/html/vendor/laravel/framework/src/Illuminate/Foundation/Bootstrap/RegisterProviders.php:37
/var/www/html/vendor/laravel/framework/src/Illuminate/Foundation/Application.php:342
/var/www/html/vendor/laravel/framework/src/Illuminate/Foundation/Console/Kernel.php:473
/var/www/html/tests/CreatesApplication.php:31
/var/www/html/vendor/laravel/framework/src/Illuminate/Foundation/Testing/TestCase.php:54
/var/www/html/vendor/laravel/framework/src/Illuminate/Foundation/Testing/Concerns/InteractsWithTestCaseLifecycle.php:92
/var/www/html/vendor/laravel/framework/src/Illuminate/Foundation/Testing/TestCase.php:44
/var/www/html/tests/TestCase.php:36
/var/www/html/tests/Feature/Models/NotificationTest.php:19</error>
        </testcase>
        <testcase name="test_get_badge_text" file="/var/www/html/tests/Feature/Models/NotificationTest.php" line="520" class="Tests\Feature\Models\NotificationTest" classname="Tests.Feature.Models.NotificationTest" assertions="0" time="0.000000">
          <error type="Error">Tests\Feature\Models\NotificationTest::test_get_badge_text
Error: Class "Laravel\Dusk\DuskServiceProvider" not found

/var/www/html/vendor/laravel/framework/src/Illuminate/Foundation/Application.php:961
/var/www/html/vendor/laravel/framework/src/Illuminate/Foundation/Application.php:893
/var/www/html/app/Providers/AppServiceProvider.php:51
/var/www/html/vendor/laravel/framework/src/Illuminate/Foundation/Application.php:896
/var/www/html/vendor/laravel/framework/src/Illuminate/Foundation/ProviderRepository.php:74
/var/www/html/vendor/laravel/framework/src/Illuminate/Foundation/Application.php:871
/var/www/html/vendor/laravel/framework/src/Illuminate/Foundation/Bootstrap/RegisterProviders.php:37
/var/www/html/vendor/laravel/framework/src/Illuminate/Foundation/Application.php:342
/var/www/html/vendor/laravel/framework/src/Illuminate/Foundation/Console/Kernel.php:473
/var/www/html/tests/CreatesApplication.php:31
/var/www/html/vendor/laravel/framework/src/Illuminate/Foundation/Testing/TestCase.php:54
/var/www/html/vendor/laravel/framework/src/Illuminate/Foundation/Testing/Concerns/InteractsWithTestCaseLifecycle.php:92
/var/www/html/vendor/laravel/framework/src/Illuminate/Foundation/Testing/TestCase.php:44
/var/www/html/tests/TestCase.php:36
/var/www/html/tests/Feature/Models/NotificationTest.php:19</error>
        </testcase>
        <testcase name="test_get_channel_display_name" file="/var/www/html/tests/Feature/Models/NotificationTest.php" line="411" class="Tests\Feature\Models\NotificationTest" classname="Tests.Feature.Models.NotificationTest" assertions="0" time="0.000000">
          <error type="Error">Tests\Feature\Models\NotificationTest::test_get_channel_display_name
Error: Class "Laravel\Dusk\DuskServiceProvider" not found

/var/www/html/vendor/laravel/framework/src/Illuminate/Foundation/Application.php:961
/var/www/html/vendor/laravel/framework/src/Illuminate/Foundation/Application.php:893
/var/www/html/app/Providers/AppServiceProvider.php:51
/var/www/html/vendor/laravel/framework/src/Illuminate/Foundation/Application.php:896
/var/www/html/vendor/laravel/framework/src/Illuminate/Foundation/ProviderRepository.php:74
/var/www/html/vendor/laravel/framework/src/Illuminate/Foundation/Application.php:871
/var/www/html/vendor/laravel/framework/src/Illuminate/Foundation/Bootstrap/RegisterProviders.php:37
/var/www/html/vendor/laravel/framework/src/Illuminate/Foundation/Application.php:342
/var/www/html/vendor/laravel/framework/src/Illuminate/Foundation/Console/Kernel.php:473
/var/www/html/tests/CreatesApplication.php:31
/var/www/html/vendor/laravel/framework/src/Illuminate/Foundation/Testing/TestCase.php:54
/var/www/html/vendor/laravel/framework/src/Illuminate/Foundation/Testing/Concerns/InteractsWithTestCaseLifecycle.php:92
/var/www/html/vendor/laravel/framework/src/Illuminate/Foundation/Testing/TestCase.php:44
/var/www/html/tests/TestCase.php:36
/var/www/html/tests/Feature/Models/NotificationTest.php:19</error>
        </testcase>
        <testcase name="test_is_expired" file="/var/www/html/tests/Feature/Models/NotificationTest.php" line="588" class="Tests\Feature\Models\NotificationTest" classname="Tests.Feature.Models.NotificationTest" assertions="0" time="0.000000">
          <error type="Error">Tests\Feature\Models\NotificationTest::test_is_expired
Error: Class "Laravel\Dusk\DuskServiceProvider" not found

/var/www/html/vendor/laravel/framework/src/Illuminate/Foundation/Application.php:961
/var/www/html/vendor/laravel/framework/src/Illuminate/Foundation/Application.php:893
/var/www/html/app/Providers/AppServiceProvider.php:51
/var/www/html/vendor/laravel/framework/src/Illuminate/Foundation/Application.php:896
/var/www/html/vendor/laravel/framework/src/Illuminate/Foundation/ProviderRepository.php:74
/var/www/html/vendor/laravel/framework/src/Illuminate/Foundation/Application.php:871
/var/www/html/vendor/laravel/framework/src/Illuminate/Foundation/Bootstrap/RegisterProviders.php:37
/var/www/html/vendor/laravel/framework/src/Illuminate/Foundation/Application.php:342
/var/www/html/vendor/laravel/framework/src/Illuminate/Foundation/Console/Kernel.php:473
/var/www/html/tests/CreatesApplication.php:31
/var/www/html/vendor/laravel/framework/src/Illuminate/Foundation/Testing/TestCase.php:54
/var/www/html/vendor/laravel/framework/src/Illuminate/Foundation/Testing/Concerns/InteractsWithTestCaseLifecycle.php:92
/var/www/html/vendor/laravel/framework/src/Illuminate/Foundation/Testing/TestCase.php:44
/var/www/html/tests/TestCase.php:36
/var/www/html/tests/Feature/Models/NotificationTest.php:19</error>
        </testcase>
        <testcase name="test_hidden_attributes" file="/var/www/html/tests/Feature/Models/NotificationTest.php" line="760" class="Tests\Feature\Models\NotificationTest" classname="Tests.Feature.Models.NotificationTest" assertions="0" time="0.000000">
          <error type="Error">Tests\Feature\Models\NotificationTest::test_hidden_attributes
Error: Class "Laravel\Dusk\DuskServiceProvider" not found

/var/www/html/vendor/laravel/framework/src/Illuminate/Foundation/Application.php:961
/var/www/html/vendor/laravel/framework/src/Illuminate/Foundation/Application.php:893
/var/www/html/app/Providers/AppServiceProvider.php:51
/var/www/html/vendor/laravel/framework/src/Illuminate/Foundation/Application.php:896
/var/www/html/vendor/laravel/framework/src/Illuminate/Foundation/ProviderRepository.php:74
/var/www/html/vendor/laravel/framework/src/Illuminate/Foundation/Application.php:871
/var/www/html/vendor/laravel/framework/src/Illuminate/Foundation/Bootstrap/RegisterProviders.php:37
/var/www/html/vendor/laravel/framework/src/Illuminate/Foundation/Application.php:342
/var/www/html/vendor/laravel/framework/src/Illuminate/Foundation/Console/Kernel.php:473
/var/www/html/tests/CreatesApplication.php:31
/var/www/html/vendor/laravel/framework/src/Illuminate/Foundation/Testing/TestCase.php:54
/var/www/html/vendor/laravel/framework/src/Illuminate/Foundation/Testing/Concerns/InteractsWithTestCaseLifecycle.php:92
/var/www/html/vendor/laravel/framework/src/Illuminate/Foundation/Testing/TestCase.php:44
/var/www/html/tests/TestCase.php:36
/var/www/html/tests/Feature/Models/NotificationTest.php:19</error>
        </testcase>
        <testcase name="test_is_pending" file="/var/www/html/tests/Feature/Models/NotificationTest.php" line="359" class="Tests\Feature\Models\NotificationTest" classname="Tests.Feature.Models.NotificationTest" assertions="0" time="0.000000">
          <error type="Error">Tests\Feature\Models\NotificationTest::test_is_pending
Error: Class "Laravel\Dusk\DuskServiceProvider" not found

/var/www/html/vendor/laravel/framework/src/Illuminate/Foundation/Application.php:961
/var/www/html/vendor/laravel/framework/src/Illuminate/Foundation/Application.php:893
/var/www/html/app/Providers/AppServiceProvider.php:51
/var/www/html/vendor/laravel/framework/src/Illuminate/Foundation/Application.php:896
/var/www/html/vendor/laravel/framework/src/Illuminate/Foundation/ProviderRepository.php:74
/var/www/html/vendor/laravel/framework/src/Illuminate/Foundation/Application.php:871
/var/www/html/vendor/laravel/framework/src/Illuminate/Foundation/Bootstrap/RegisterProviders.php:37
/var/www/html/vendor/laravel/framework/src/Illuminate/Foundation/Application.php:342
/var/www/html/vendor/laravel/framework/src/Illuminate/Foundation/Console/Kernel.php:473
/var/www/html/tests/CreatesApplication.php:31
/var/www/html/vendor/laravel/framework/src/Illuminate/Foundation/Testing/TestCase.php:54
/var/www/html/vendor/laravel/framework/src/Illuminate/Foundation/Testing/Concerns/InteractsWithTestCaseLifecycle.php:92
/var/www/html/vendor/laravel/framework/src/Illuminate/Foundation/Testing/TestCase.php:44
/var/www/html/tests/TestCase.php:36
/var/www/html/tests/Feature/Models/NotificationTest.php:19</error>
        </testcase>
        <testcase name="test_scope_before_filters_notifications_before_date" file="/var/www/html/tests/Feature/Models/NotificationTest.php" line="245" class="Tests\Feature\Models\NotificationTest" classname="Tests.Feature.Models.NotificationTest" assertions="0" time="0.000000">
          <error type="Error">Tests\Feature\Models\NotificationTest::test_scope_before_filters_notifications_before_date
Error: Class "Laravel\Dusk\DuskServiceProvider" not found

/var/www/html/vendor/laravel/framework/src/Illuminate/Foundation/Application.php:961
/var/www/html/vendor/laravel/framework/src/Illuminate/Foundation/Application.php:893
/var/www/html/app/Providers/AppServiceProvider.php:51
/var/www/html/vendor/laravel/framework/src/Illuminate/Foundation/Application.php:896
/var/www/html/vendor/laravel/framework/src/Illuminate/Foundation/ProviderRepository.php:74
/var/www/html/vendor/laravel/framework/src/Illuminate/Foundation/Application.php:871
/var/www/html/vendor/laravel/framework/src/Illuminate/Foundation/Bootstrap/RegisterProviders.php:37
/var/www/html/vendor/laravel/framework/src/Illuminate/Foundation/Application.php:342
/var/www/html/vendor/laravel/framework/src/Illuminate/Foundation/Console/Kernel.php:473
/var/www/html/tests/CreatesApplication.php:31
/var/www/html/vendor/laravel/framework/src/Illuminate/Foundation/Testing/TestCase.php:54
/var/www/html/vendor/laravel/framework/src/Illuminate/Foundation/Testing/Concerns/InteractsWithTestCaseLifecycle.php:92
/var/www/html/vendor/laravel/framework/src/Illuminate/Foundation/Testing/TestCase.php:44
/var/www/html/tests/TestCase.php:36
/var/www/html/tests/Feature/Models/NotificationTest.php:19</error>
        </testcase>
        <testcase name="test_remove_tag" file="/var/www/html/tests/Feature/Models/NotificationTest.php" line="707" class="Tests\Feature\Models\NotificationTest" classname="Tests.Feature.Models.NotificationTest" assertions="0" time="0.000000">
          <error type="Error">Tests\Feature\Models\NotificationTest::test_remove_tag
Error: Class "Laravel\Dusk\DuskServiceProvider" not found

/var/www/html/vendor/laravel/framework/src/Illuminate/Foundation/Application.php:961
/var/www/html/vendor/laravel/framework/src/Illuminate/Foundation/Application.php:893
/var/www/html/app/Providers/AppServiceProvider.php:51
/var/www/html/vendor/laravel/framework/src/Illuminate/Foundation/Application.php:896
/var/www/html/vendor/laravel/framework/src/Illuminate/Foundation/ProviderRepository.php:74
/var/www/html/vendor/laravel/framework/src/Illuminate/Foundation/Application.php:871
/var/www/html/vendor/laravel/framework/src/Illuminate/Foundation/Bootstrap/RegisterProviders.php:37
/var/www/html/vendor/laravel/framework/src/Illuminate/Foundation/Application.php:342
/var/www/html/vendor/laravel/framework/src/Illuminate/Foundation/Console/Kernel.php:473
/var/www/html/tests/CreatesApplication.php:31
/var/www/html/vendor/laravel/framework/src/Illuminate/Foundation/Testing/TestCase.php:54
/var/www/html/vendor/laravel/framework/src/Illuminate/Foundation/Testing/Concerns/InteractsWithTestCaseLifecycle.php:92
/var/www/html/vendor/laravel/framework/src/Illuminate/Foundation/Testing/TestCase.php:44
/var/www/html/tests/TestCase.php:36
/var/www/html/tests/Feature/Models/NotificationTest.php:19</error>
        </testcase>
        <testcase name="test_get_sent_time_ago" file="/var/www/html/tests/Feature/Models/NotificationTest.php" line="457" class="Tests\Feature\Models\NotificationTest" classname="Tests.Feature.Models.NotificationTest" assertions="0" time="0.000000">
          <error type="Error">Tests\Feature\Models\NotificationTest::test_get_sent_time_ago
Error: Class "Laravel\Dusk\DuskServiceProvider" not found

/var/www/html/vendor/laravel/framework/src/Illuminate/Foundation/Application.php:961
/var/www/html/vendor/laravel/framework/src/Illuminate/Foundation/Application.php:893
/var/www/html/app/Providers/AppServiceProvider.php:51
/var/www/html/vendor/laravel/framework/src/Illuminate/Foundation/Application.php:896
/var/www/html/vendor/laravel/framework/src/Illuminate/Foundation/ProviderRepository.php:74
/var/www/html/vendor/laravel/framework/src/Illuminate/Foundation/Application.php:871
/var/www/html/vendor/laravel/framework/src/Illuminate/Foundation/Bootstrap/RegisterProviders.php:37
/var/www/html/vendor/laravel/framework/src/Illuminate/Foundation/Application.php:342
/var/www/html/vendor/laravel/framework/src/Illuminate/Foundation/Console/Kernel.php:473
/var/www/html/tests/CreatesApplication.php:31
/var/www/html/vendor/laravel/framework/src/Illuminate/Foundation/Testing/TestCase.php:54
/var/www/html/vendor/laravel/framework/src/Illuminate/Foundation/Testing/Concerns/InteractsWithTestCaseLifecycle.php:92
/var/www/html/vendor/laravel/framework/src/Illuminate/Foundation/Testing/TestCase.php:44
/var/www/html/tests/TestCase.php:36
/var/www/html/tests/Feature/Models/NotificationTest.php:19</error>
        </testcase>
        <testcase name="test_get_expiration_date" file="/var/www/html/tests/Feature/Models/NotificationTest.php" line="575" class="Tests\Feature\Models\NotificationTest" classname="Tests.Feature.Models.NotificationTest" assertions="0" time="0.000000">
          <error type="Error">Tests\Feature\Models\NotificationTest::test_get_expiration_date
Error: Class "Laravel\Dusk\DuskServiceProvider" not found

/var/www/html/vendor/laravel/framework/src/Illuminate/Foundation/Application.php:961
/var/www/html/vendor/laravel/framework/src/Illuminate/Foundation/Application.php:893
/var/www/html/app/Providers/AppServiceProvider.php:51
/var/www/html/vendor/laravel/framework/src/Illuminate/Foundation/Application.php:896
/var/www/html/vendor/laravel/framework/src/Illuminate/Foundation/ProviderRepository.php:74
/var/www/html/vendor/laravel/framework/src/Illuminate/Foundation/Application.php:871
/var/www/html/vendor/laravel/framework/src/Illuminate/Foundation/Bootstrap/RegisterProviders.php:37
/var/www/html/vendor/laravel/framework/src/Illuminate/Foundation/Application.php:342
/var/www/html/vendor/laravel/framework/src/Illuminate/Foundation/Console/Kernel.php:473
/var/www/html/tests/CreatesApplication.php:31
/var/www/html/vendor/laravel/framework/src/Illuminate/Foundation/Testing/TestCase.php:54
/var/www/html/vendor/laravel/framework/src/Illuminate/Foundation/Testing/Concerns/InteractsWithTestCaseLifecycle.php:92
/var/www/html/vendor/laravel/framework/src/Illuminate/Foundation/Testing/TestCase.php:44
/var/www/html/tests/TestCase.php:36
/var/www/html/tests/Feature/Models/NotificationTest.php:19</error>
        </testcase>
        <testcase name="test_can_retry" file="/var/www/html/tests/Feature/Models/NotificationTest.php" line="625" class="Tests\Feature\Models\NotificationTest" classname="Tests.Feature.Models.NotificationTest" assertions="0" time="0.000000">
          <error type="Error">Tests\Feature\Models\NotificationTest::test_can_retry
Error: Class "Laravel\Dusk\DuskServiceProvider" not found

/var/www/html/vendor/laravel/framework/src/Illuminate/Foundation/Application.php:961
/var/www/html/vendor/laravel/framework/src/Illuminate/Foundation/Application.php:893
/var/www/html/app/Providers/AppServiceProvider.php:51
/var/www/html/vendor/laravel/framework/src/Illuminate/Foundation/Application.php:896
/var/www/html/vendor/laravel/framework/src/Illuminate/Foundation/ProviderRepository.php:74
/var/www/html/vendor/laravel/framework/src/Illuminate/Foundation/Application.php:871
/var/www/html/vendor/laravel/framework/src/Illuminate/Foundation/Bootstrap/RegisterProviders.php:37
/var/www/html/vendor/laravel/framework/src/Illuminate/Foundation/Application.php:342
/var/www/html/vendor/laravel/framework/src/Illuminate/Foundation/Console/Kernel.php:473
/var/www/html/tests/CreatesApplication.php:31
/var/www/html/vendor/laravel/framework/src/Illuminate/Foundation/Testing/TestCase.php:54
/var/www/html/vendor/laravel/framework/src/Illuminate/Foundation/Testing/Concerns/InteractsWithTestCaseLifecycle.php:92
/var/www/html/vendor/laravel/framework/src/Illuminate/Foundation/Testing/TestCase.php:44
/var/www/html/tests/TestCase.php:36
/var/www/html/tests/Feature/Models/NotificationTest.php:19</error>
        </testcase>
        <testcase name="test_add_tag" file="/var/www/html/tests/Feature/Models/NotificationTest.php" line="685" class="Tests\Feature\Models\NotificationTest" classname="Tests.Feature.Models.NotificationTest" assertions="0" time="0.000000">
          <error type="Error">Tests\Feature\Models\NotificationTest::test_add_tag
Error: Class "Laravel\Dusk\DuskServiceProvider" not found

/var/www/html/vendor/laravel/framework/src/Illuminate/Foundation/Application.php:961
/var/www/html/vendor/laravel/framework/src/Illuminate/Foundation/Application.php:893
/var/www/html/app/Providers/AppServiceProvider.php:51
/var/www/html/vendor/laravel/framework/src/Illuminate/Foundation/Application.php:896
/var/www/html/vendor/laravel/framework/src/Illuminate/Foundation/ProviderRepository.php:74
/var/www/html/vendor/laravel/framework/src/Illuminate/Foundation/Application.php:871
/var/www/html/vendor/laravel/framework/src/Illuminate/Foundation/Bootstrap/RegisterProviders.php:37
/var/www/html/vendor/laravel/framework/src/Illuminate/Foundation/Application.php:342
/var/www/html/vendor/laravel/framework/src/Illuminate/Foundation/Console/Kernel.php:473
/var/www/html/tests/CreatesApplication.php:31
/var/www/html/vendor/laravel/framework/src/Illuminate/Foundation/Testing/TestCase.php:54
/var/www/html/vendor/laravel/framework/src/Illuminate/Foundation/Testing/Concerns/InteractsWithTestCaseLifecycle.php:92
/var/www/html/vendor/laravel/framework/src/Illuminate/Foundation/Testing/TestCase.php:44
/var/www/html/tests/TestCase.php:36
/var/www/html/tests/Feature/Models/NotificationTest.php:19</error>
        </testcase>
        <testcase name="test_is_unread" file="/var/www/html/tests/Feature/Models/NotificationTest.php" line="339" class="Tests\Feature\Models\NotificationTest" classname="Tests.Feature.Models.NotificationTest" assertions="0" time="0.000000">
          <error type="Error">Tests\Feature\Models\NotificationTest::test_is_unread
Error: Class "Laravel\Dusk\DuskServiceProvider" not found

/var/www/html/vendor/laravel/framework/src/Illuminate/Foundation/Application.php:961
/var/www/html/vendor/laravel/framework/src/Illuminate/Foundation/Application.php:893
/var/www/html/app/Providers/AppServiceProvider.php:51
/var/www/html/vendor/laravel/framework/src/Illuminate/Foundation/Application.php:896
/var/www/html/vendor/laravel/framework/src/Illuminate/Foundation/ProviderRepository.php:74
/var/www/html/vendor/laravel/framework/src/Illuminate/Foundation/Application.php:871
/var/www/html/vendor/laravel/framework/src/Illuminate/Foundation/Bootstrap/RegisterProviders.php:37
/var/www/html/vendor/laravel/framework/src/Illuminate/Foundation/Application.php:342
/var/www/html/vendor/laravel/framework/src/Illuminate/Foundation/Console/Kernel.php:473
/var/www/html/tests/CreatesApplication.php:31
/var/www/html/vendor/laravel/framework/src/Illuminate/Foundation/Testing/TestCase.php:54
/var/www/html/vendor/laravel/framework/src/Illuminate/Foundation/Testing/Concerns/InteractsWithTestCaseLifecycle.php:92
/var/www/html/vendor/laravel/framework/src/Illuminate/Foundation/Testing/TestCase.php:44
/var/www/html/tests/TestCase.php:36
/var/www/html/tests/Feature/Models/NotificationTest.php:19</error>
        </testcase>
        <testcase name="test_get_data" file="/var/www/html/tests/Feature/Models/NotificationTest.php" line="467" class="Tests\Feature\Models\NotificationTest" classname="Tests.Feature.Models.NotificationTest" assertions="0" time="0.000000">
          <error type="Error">Tests\Feature\Models\NotificationTest::test_get_data
Error: Class "Laravel\Dusk\DuskServiceProvider" not found

/var/www/html/vendor/laravel/framework/src/Illuminate/Foundation/Application.php:961
/var/www/html/vendor/laravel/framework/src/Illuminate/Foundation/Application.php:893
/var/www/html/app/Providers/AppServiceProvider.php:51
/var/www/html/vendor/laravel/framework/src/Illuminate/Foundation/Application.php:896
/var/www/html/vendor/laravel/framework/src/Illuminate/Foundation/ProviderRepository.php:74
/var/www/html/vendor/laravel/framework/src/Illuminate/Foundation/Application.php:871
/var/www/html/vendor/laravel/framework/src/Illuminate/Foundation/Bootstrap/RegisterProviders.php:37
/var/www/html/vendor/laravel/framework/src/Illuminate/Foundation/Application.php:342
/var/www/html/vendor/laravel/framework/src/Illuminate/Foundation/Console/Kernel.php:473
/var/www/html/tests/CreatesApplication.php:31
/var/www/html/vendor/laravel/framework/src/Illuminate/Foundation/Testing/TestCase.php:54
/var/www/html/vendor/laravel/framework/src/Illuminate/Foundation/Testing/Concerns/InteractsWithTestCaseLifecycle.php:92
/var/www/html/vendor/laravel/framework/src/Illuminate/Foundation/Testing/TestCase.php:44
/var/www/html/tests/TestCase.php:36
/var/www/html/tests/Feature/Models/NotificationTest.php:19</error>
        </testcase>
        <testcase name="test_scope_failed_filters_failed_notifications" file="/var/www/html/tests/Feature/Models/NotificationTest.php" line="196" class="Tests\Feature\Models\NotificationTest" classname="Tests.Feature.Models.NotificationTest" assertions="0" time="0.000000">
          <error type="Error">Tests\Feature\Models\NotificationTest::test_scope_failed_filters_failed_notifications
Error: Class "Laravel\Dusk\DuskServiceProvider" not found

/var/www/html/vendor/laravel/framework/src/Illuminate/Foundation/Application.php:961
/var/www/html/vendor/laravel/framework/src/Illuminate/Foundation/Application.php:893
/var/www/html/app/Providers/AppServiceProvider.php:51
/var/www/html/vendor/laravel/framework/src/Illuminate/Foundation/Application.php:896
/var/www/html/vendor/laravel/framework/src/Illuminate/Foundation/ProviderRepository.php:74
/var/www/html/vendor/laravel/framework/src/Illuminate/Foundation/Application.php:871
/var/www/html/vendor/laravel/framework/src/Illuminate/Foundation/Bootstrap/RegisterProviders.php:37
/var/www/html/vendor/laravel/framework/src/Illuminate/Foundation/Application.php:342
/var/www/html/vendor/laravel/framework/src/Illuminate/Foundation/Console/Kernel.php:473
/var/www/html/tests/CreatesApplication.php:31
/var/www/html/vendor/laravel/framework/src/Illuminate/Foundation/Testing/TestCase.php:54
/var/www/html/vendor/laravel/framework/src/Illuminate/Foundation/Testing/Concerns/InteractsWithTestCaseLifecycle.php:92
/var/www/html/vendor/laravel/framework/src/Illuminate/Foundation/Testing/TestCase.php:44
/var/www/html/tests/TestCase.php:36
/var/www/html/tests/Feature/Models/NotificationTest.php:19</error>
        </testcase>
        <testcase name="test_get_url" file="/var/www/html/tests/Feature/Models/NotificationTest.php" line="545" class="Tests\Feature\Models\NotificationTest" classname="Tests.Feature.Models.NotificationTest" assertions="0" time="0.000000">
          <error type="Error">Tests\Feature\Models\NotificationTest::test_get_url
Error: Class "Laravel\Dusk\DuskServiceProvider" not found

/var/www/html/vendor/laravel/framework/src/Illuminate/Foundation/Application.php:961
/var/www/html/vendor/laravel/framework/src/Illuminate/Foundation/Application.php:893
/var/www/html/app/Providers/AppServiceProvider.php:51
/var/www/html/vendor/laravel/framework/src/Illuminate/Foundation/Application.php:896
/var/www/html/vendor/laravel/framework/src/Illuminate/Foundation/ProviderRepository.php:74
/var/www/html/vendor/laravel/framework/src/Illuminate/Foundation/Application.php:871
/var/www/html/vendor/laravel/framework/src/Illuminate/Foundation/Bootstrap/RegisterProviders.php:37
/var/www/html/vendor/laravel/framework/src/Illuminate/Foundation/Application.php:342
/var/www/html/vendor/laravel/framework/src/Illuminate/Foundation/Console/Kernel.php:473
/var/www/html/tests/CreatesApplication.php:31
/var/www/html/vendor/laravel/framework/src/Illuminate/Foundation/Testing/TestCase.php:54
/var/www/html/vendor/laravel/framework/src/Illuminate/Foundation/Testing/Concerns/InteractsWithTestCaseLifecycle.php:92
/var/www/html/vendor/laravel/framework/src/Illuminate/Foundation/Testing/TestCase.php:44
/var/www/html/tests/TestCase.php:36
/var/www/html/tests/Feature/Models/NotificationTest.php:19</error>
        </testcase>
        <testcase name="test_scope_pending_filters_pending_notifications" file="/var/www/html/tests/Feature/Models/NotificationTest.php" line="183" class="Tests\Feature\Models\NotificationTest" classname="Tests.Feature.Models.NotificationTest" assertions="0" time="0.000000">
          <error type="Error">Tests\Feature\Models\NotificationTest::test_scope_pending_filters_pending_notifications
Error: Class "Laravel\Dusk\DuskServiceProvider" not found

/var/www/html/vendor/laravel/framework/src/Illuminate/Foundation/Application.php:961
/var/www/html/vendor/laravel/framework/src/Illuminate/Foundation/Application.php:893
/var/www/html/app/Providers/AppServiceProvider.php:51
/var/www/html/vendor/laravel/framework/src/Illuminate/Foundation/Application.php:896
/var/www/html/vendor/laravel/framework/src/Illuminate/Foundation/ProviderRepository.php:74
/var/www/html/vendor/laravel/framework/src/Illuminate/Foundation/Application.php:871
/var/www/html/vendor/laravel/framework/src/Illuminate/Foundation/Bootstrap/RegisterProviders.php:37
/var/www/html/vendor/laravel/framework/src/Illuminate/Foundation/Application.php:342
/var/www/html/vendor/laravel/framework/src/Illuminate/Foundation/Console/Kernel.php:473
/var/www/html/tests/CreatesApplication.php:31
/var/www/html/vendor/laravel/framework/src/Illuminate/Foundation/Testing/TestCase.php:54
/var/www/html/vendor/laravel/framework/src/Illuminate/Foundation/Testing/Concerns/InteractsWithTestCaseLifecycle.php:92
/var/www/html/vendor/laravel/framework/src/Illuminate/Foundation/Testing/TestCase.php:44
/var/www/html/tests/TestCase.php:36
/var/www/html/tests/Feature/Models/NotificationTest.php:19</error>
        </testcase>
        <testcase name="test_scope_for_user_filters_by_user_id" file="/var/www/html/tests/Feature/Models/NotificationTest.php" line="209" class="Tests\Feature\Models\NotificationTest" classname="Tests.Feature.Models.NotificationTest" assertions="0" time="0.000000">
          <error type="Error">Tests\Feature\Models\NotificationTest::test_scope_for_user_filters_by_user_id
Error: Class "Laravel\Dusk\DuskServiceProvider" not found

/var/www/html/vendor/laravel/framework/src/Illuminate/Foundation/Application.php:961
/var/www/html/vendor/laravel/framework/src/Illuminate/Foundation/Application.php:893
/var/www/html/app/Providers/AppServiceProvider.php:51
/var/www/html/vendor/laravel/framework/src/Illuminate/Foundation/Application.php:896
/var/www/html/vendor/laravel/framework/src/Illuminate/Foundation/ProviderRepository.php:74
/var/www/html/vendor/laravel/framework/src/Illuminate/Foundation/Application.php:871
/var/www/html/vendor/laravel/framework/src/Illuminate/Foundation/Bootstrap/RegisterProviders.php:37
/var/www/html/vendor/laravel/framework/src/Illuminate/Foundation/Application.php:342
/var/www/html/vendor/laravel/framework/src/Illuminate/Foundation/Console/Kernel.php:473
/var/www/html/tests/CreatesApplication.php:31
/var/www/html/vendor/laravel/framework/src/Illuminate/Foundation/Testing/TestCase.php:54
/var/www/html/vendor/laravel/framework/src/Illuminate/Foundation/Testing/Concerns/InteractsWithTestCaseLifecycle.php:92
/var/www/html/vendor/laravel/framework/src/Illuminate/Foundation/Testing/TestCase.php:44
/var/www/html/tests/TestCase.php:36
/var/www/html/tests/Feature/Models/NotificationTest.php:19</error>
        </testcase>
        <testcase name="test_set_tags" file="/var/www/html/tests/Feature/Models/NotificationTest.php" line="674" class="Tests\Feature\Models\NotificationTest" classname="Tests.Feature.Models.NotificationTest" assertions="0" time="0.000000">
          <error type="Error">Tests\Feature\Models\NotificationTest::test_set_tags
Error: Class "Laravel\Dusk\DuskServiceProvider" not found

/var/www/html/vendor/laravel/framework/src/Illuminate/Foundation/Application.php:961
/var/www/html/vendor/laravel/framework/src/Illuminate/Foundation/Application.php:893
/var/www/html/app/Providers/AppServiceProvider.php:51
/var/www/html/vendor/laravel/framework/src/Illuminate/Foundation/Application.php:896
/var/www/html/vendor/laravel/framework/src/Illuminate/Foundation/ProviderRepository.php:74
/var/www/html/vendor/laravel/framework/src/Illuminate/Foundation/Application.php:871
/var/www/html/vendor/laravel/framework/src/Illuminate/Foundation/Bootstrap/RegisterProviders.php:37
/var/www/html/vendor/laravel/framework/src/Illuminate/Foundation/Application.php:342
/var/www/html/vendor/laravel/framework/src/Illuminate/Foundation/Console/Kernel.php:473
/var/www/html/tests/CreatesApplication.php:31
/var/www/html/vendor/laravel/framework/src/Illuminate/Foundation/Testing/TestCase.php:54
/var/www/html/vendor/laravel/framework/src/Illuminate/Foundation/Testing/Concerns/InteractsWithTestCaseLifecycle.php:92
/var/www/html/vendor/laravel/framework/src/Illuminate/Foundation/Testing/TestCase.php:44
/var/www/html/tests/TestCase.php:36
/var/www/html/tests/Feature/Models/NotificationTest.php:19</error>
        </testcase>
        <testcase name="test_set_data" file="/var/www/html/tests/Feature/Models/NotificationTest.php" line="481" class="Tests\Feature\Models\NotificationTest" classname="Tests.Feature.Models.NotificationTest" assertions="0" time="0.000000">
          <error type="Error">Tests\Feature\Models\NotificationTest::test_set_data
Error: Class "Laravel\Dusk\DuskServiceProvider" not found

/var/www/html/vendor/laravel/framework/src/Illuminate/Foundation/Application.php:961
/var/www/html/vendor/laravel/framework/src/Illuminate/Foundation/Application.php:893
/var/www/html/app/Providers/AppServiceProvider.php:51
/var/www/html/vendor/laravel/framework/src/Illuminate/Foundation/Application.php:896
/var/www/html/vendor/laravel/framework/src/Illuminate/Foundation/ProviderRepository.php:74
/var/www/html/vendor/laravel/framework/src/Illuminate/Foundation/Application.php:871
/var/www/html/vendor/laravel/framework/src/Illuminate/Foundation/Bootstrap/RegisterProviders.php:37
/var/www/html/vendor/laravel/framework/src/Illuminate/Foundation/Application.php:342
/var/www/html/vendor/laravel/framework/src/Illuminate/Foundation/Console/Kernel.php:473
/var/www/html/tests/CreatesApplication.php:31
/var/www/html/vendor/laravel/framework/src/Illuminate/Foundation/Testing/TestCase.php:54
/var/www/html/vendor/laravel/framework/src/Illuminate/Foundation/Testing/Concerns/InteractsWithTestCaseLifecycle.php:92
/var/www/html/vendor/laravel/framework/src/Illuminate/Foundation/Testing/TestCase.php:44
/var/www/html/tests/TestCase.php:36
/var/www/html/tests/Feature/Models/NotificationTest.php:19</error>
        </testcase>
        <testcase name="test_get_status_display_name" file="/var/www/html/tests/Feature/Models/NotificationTest.php" line="425" class="Tests\Feature\Models\NotificationTest" classname="Tests.Feature.Models.NotificationTest" assertions="0" time="0.000000">
          <error type="Error">Tests\Feature\Models\NotificationTest::test_get_status_display_name
Error: Class "Laravel\Dusk\DuskServiceProvider" not found

/var/www/html/vendor/laravel/framework/src/Illuminate/Foundation/Application.php:961
/var/www/html/vendor/laravel/framework/src/Illuminate/Foundation/Application.php:893
/var/www/html/app/Providers/AppServiceProvider.php:51
/var/www/html/vendor/laravel/framework/src/Illuminate/Foundation/Application.php:896
/var/www/html/vendor/laravel/framework/src/Illuminate/Foundation/ProviderRepository.php:74
/var/www/html/vendor/laravel/framework/src/Illuminate/Foundation/Application.php:871
/var/www/html/vendor/laravel/framework/src/Illuminate/Foundation/Bootstrap/RegisterProviders.php:37
/var/www/html/vendor/laravel/framework/src/Illuminate/Foundation/Application.php:342
/var/www/html/vendor/laravel/framework/src/Illuminate/Foundation/Console/Kernel.php:473
/var/www/html/tests/CreatesApplication.php:31
/var/www/html/vendor/laravel/framework/src/Illuminate/Foundation/Testing/TestCase.php:54
/var/www/html/vendor/laravel/framework/src/Illuminate/Foundation/Testing/Concerns/InteractsWithTestCaseLifecycle.php:92
/var/www/html/vendor/laravel/framework/src/Illuminate/Foundation/Testing/TestCase.php:44
/var/www/html/tests/TestCase.php:36
/var/www/html/tests/Feature/Models/NotificationTest.php:19</error>
        </testcase>
        <testcase name="test_it_belongs_to_user" file="/var/www/html/tests/Feature/Models/NotificationTest.php" line="86" class="Tests\Feature\Models\NotificationTest" classname="Tests.Feature.Models.NotificationTest" assertions="0" time="0.000000">
          <error type="Error">Tests\Feature\Models\NotificationTest::test_it_belongs_to_user
Error: Class "Laravel\Dusk\DuskServiceProvider" not found

/var/www/html/vendor/laravel/framework/src/Illuminate/Foundation/Application.php:961
/var/www/html/vendor/laravel/framework/src/Illuminate/Foundation/Application.php:893
/var/www/html/app/Providers/AppServiceProvider.php:51
/var/www/html/vendor/laravel/framework/src/Illuminate/Foundation/Application.php:896
/var/www/html/vendor/laravel/framework/src/Illuminate/Foundation/ProviderRepository.php:74
/var/www/html/vendor/laravel/framework/src/Illuminate/Foundation/Application.php:871
/var/www/html/vendor/laravel/framework/src/Illuminate/Foundation/Bootstrap/RegisterProviders.php:37
/var/www/html/vendor/laravel/framework/src/Illuminate/Foundation/Application.php:342
/var/www/html/vendor/laravel/framework/src/Illuminate/Foundation/Console/Kernel.php:473
/var/www/html/tests/CreatesApplication.php:31
/var/www/html/vendor/laravel/framework/src/Illuminate/Foundation/Testing/TestCase.php:54
/var/www/html/vendor/laravel/framework/src/Illuminate/Foundation/Testing/Concerns/InteractsWithTestCaseLifecycle.php:92
/var/www/html/vendor/laravel/framework/src/Illuminate/Foundation/Testing/TestCase.php:44
/var/www/html/tests/TestCase.php:36
/var/www/html/tests/Feature/Models/NotificationTest.php:19</error>
        </testcase>
        <testcase name="test_get_read_time_ago" file="/var/www/html/tests/Feature/Models/NotificationTest.php" line="447" class="Tests\Feature\Models\NotificationTest" classname="Tests.Feature.Models.NotificationTest" assertions="0" time="0.000000">
          <error type="Error">Tests\Feature\Models\NotificationTest::test_get_read_time_ago
Error: Class "Laravel\Dusk\DuskServiceProvider" not found

/var/www/html/vendor/laravel/framework/src/Illuminate/Foundation/Application.php:961
/var/www/html/vendor/laravel/framework/src/Illuminate/Foundation/Application.php:893
/var/www/html/app/Providers/AppServiceProvider.php:51
/var/www/html/vendor/laravel/framework/src/Illuminate/Foundation/Application.php:896
/var/www/html/vendor/laravel/framework/src/Illuminate/Foundation/ProviderRepository.php:74
/var/www/html/vendor/laravel/framework/src/Illuminate/Foundation/Application.php:871
/var/www/html/vendor/laravel/framework/src/Illuminate/Foundation/Bootstrap/RegisterProviders.php:37
/var/www/html/vendor/laravel/framework/src/Illuminate/Foundation/Application.php:342
/var/www/html/vendor/laravel/framework/src/Illuminate/Foundation/Console/Kernel.php:473
/var/www/html/tests/CreatesApplication.php:31
/var/www/html/vendor/laravel/framework/src/Illuminate/Foundation/Testing/TestCase.php:54
/var/www/html/vendor/laravel/framework/src/Illuminate/Foundation/Testing/Concerns/InteractsWithTestCaseLifecycle.php:92
/var/www/html/vendor/laravel/framework/src/Illuminate/Foundation/Testing/TestCase.php:44
/var/www/html/tests/TestCase.php:36
/var/www/html/tests/Feature/Models/NotificationTest.php:19</error>
        </testcase>
        <testcase name="test_add_existing_tag" file="/var/www/html/tests/Feature/Models/NotificationTest.php" line="696" class="Tests\Feature\Models\NotificationTest" classname="Tests.Feature.Models.NotificationTest" assertions="0" time="0.000000">
          <error type="Error">Tests\Feature\Models\NotificationTest::test_add_existing_tag
Error: Class "Laravel\Dusk\DuskServiceProvider" not found

/var/www/html/vendor/laravel/framework/src/Illuminate/Foundation/Application.php:961
/var/www/html/vendor/laravel/framework/src/Illuminate/Foundation/Application.php:893
/var/www/html/app/Providers/AppServiceProvider.php:51
/var/www/html/vendor/laravel/framework/src/Illuminate/Foundation/Application.php:896
/var/www/html/vendor/laravel/framework/src/Illuminate/Foundation/ProviderRepository.php:74
/var/www/html/vendor/laravel/framework/src/Illuminate/Foundation/Application.php:871
/var/www/html/vendor/laravel/framework/src/Illuminate/Foundation/Bootstrap/RegisterProviders.php:37
/var/www/html/vendor/laravel/framework/src/Illuminate/Foundation/Application.php:342
/var/www/html/vendor/laravel/framework/src/Illuminate/Foundation/Console/Kernel.php:473
/var/www/html/tests/CreatesApplication.php:31
/var/www/html/vendor/laravel/framework/src/Illuminate/Foundation/Testing/TestCase.php:54
/var/www/html/vendor/laravel/framework/src/Illuminate/Foundation/Testing/Concerns/InteractsWithTestCaseLifecycle.php:92
/var/www/html/vendor/laravel/framework/src/Illuminate/Foundation/Testing/TestCase.php:44
/var/www/html/tests/TestCase.php:36
/var/www/html/tests/Feature/Models/NotificationTest.php:19</error>
        </testcase>
        <testcase name="test_is_read" file="/var/www/html/tests/Feature/Models/NotificationTest.php" line="329" class="Tests\Feature\Models\NotificationTest" classname="Tests.Feature.Models.NotificationTest" assertions="0" time="0.000000">
          <error type="Error">Tests\Feature\Models\NotificationTest::test_is_read
Error: Class "Laravel\Dusk\DuskServiceProvider" not found

/var/www/html/vendor/laravel/framework/src/Illuminate/Foundation/Application.php:961
/var/www/html/vendor/laravel/framework/src/Illuminate/Foundation/Application.php:893
/var/www/html/app/Providers/AppServiceProvider.php:51
/var/www/html/vendor/laravel/framework/src/Illuminate/Foundation/Application.php:896
/var/www/html/vendor/laravel/framework/src/Illuminate/Foundation/ProviderRepository.php:74
/var/www/html/vendor/laravel/framework/src/Illuminate/Foundation/Application.php:871
/var/www/html/vendor/laravel/framework/src/Illuminate/Foundation/Bootstrap/RegisterProviders.php:37
/var/www/html/vendor/laravel/framework/src/Illuminate/Foundation/Application.php:342
/var/www/html/vendor/laravel/framework/src/Illuminate/Foundation/Console/Kernel.php:473
/var/www/html/tests/CreatesApplication.php:31
/var/www/html/vendor/laravel/framework/src/Illuminate/Foundation/Testing/TestCase.php:54
/var/www/html/vendor/laravel/framework/src/Illuminate/Foundation/Testing/Concerns/InteractsWithTestCaseLifecycle.php:92
/var/www/html/vendor/laravel/framework/src/Illuminate/Foundation/Testing/TestCase.php:44
/var/www/html/tests/TestCase.php:36
/var/www/html/tests/Feature/Models/NotificationTest.php:19</error>
        </testcase>
        <testcase name="test_scope_after_filters_notifications_after_date" file="/var/www/html/tests/Feature/Models/NotificationTest.php" line="228" class="Tests\Feature\Models\NotificationTest" classname="Tests.Feature.Models.NotificationTest" assertions="0" time="0.000000">
          <error type="Error">Tests\Feature\Models\NotificationTest::test_scope_after_filters_notifications_after_date
Error: Class "Laravel\Dusk\DuskServiceProvider" not found

/var/www/html/vendor/laravel/framework/src/Illuminate/Foundation/Application.php:961
/var/www/html/vendor/laravel/framework/src/Illuminate/Foundation/Application.php:893
/var/www/html/app/Providers/AppServiceProvider.php:51
/var/www/html/vendor/laravel/framework/src/Illuminate/Foundation/Application.php:896
/var/www/html/vendor/laravel/framework/src/Illuminate/Foundation/ProviderRepository.php:74
/var/www/html/vendor/laravel/framework/src/Illuminate/Foundation/Application.php:871
/var/www/html/vendor/laravel/framework/src/Illuminate/Foundation/Bootstrap/RegisterProviders.php:37
/var/www/html/vendor/laravel/framework/src/Illuminate/Foundation/Application.php:342
/var/www/html/vendor/laravel/framework/src/Illuminate/Foundation/Console/Kernel.php:473
/var/www/html/tests/CreatesApplication.php:31
/var/www/html/vendor/laravel/framework/src/Illuminate/Foundation/Testing/TestCase.php:54
/var/www/html/vendor/laravel/framework/src/Illuminate/Foundation/Testing/Concerns/InteractsWithTestCaseLifecycle.php:92
/var/www/html/vendor/laravel/framework/src/Illuminate/Foundation/Testing/TestCase.php:44
/var/www/html/tests/TestCase.php:36
/var/www/html/tests/Feature/Models/NotificationTest.php:19</error>
        </testcase>
        <testcase name="test_get_tags" file="/var/www/html/tests/Feature/Models/NotificationTest.php" line="666" class="Tests\Feature\Models\NotificationTest" classname="Tests.Feature.Models.NotificationTest" assertions="0" time="0.000000">
          <error type="Error">Tests\Feature\Models\NotificationTest::test_get_tags
Error: Class "Laravel\Dusk\DuskServiceProvider" not found

/var/www/html/vendor/laravel/framework/src/Illuminate/Foundation/Application.php:961
/var/www/html/vendor/laravel/framework/src/Illuminate/Foundation/Application.php:893
/var/www/html/app/Providers/AppServiceProvider.php:51
/var/www/html/vendor/laravel/framework/src/Illuminate/Foundation/Application.php:896
/var/www/html/vendor/laravel/framework/src/Illuminate/Foundation/ProviderRepository.php:74
/var/www/html/vendor/laravel/framework/src/Illuminate/Foundation/Application.php:871
/var/www/html/vendor/laravel/framework/src/Illuminate/Foundation/Bootstrap/RegisterProviders.php:37
/var/www/html/vendor/laravel/framework/src/Illuminate/Foundation/Application.php:342
/var/www/html/vendor/laravel/framework/src/Illuminate/Foundation/Console/Kernel.php:473
/var/www/html/tests/CreatesApplication.php:31
/var/www/html/vendor/laravel/framework/src/Illuminate/Foundation/Testing/TestCase.php:54
/var/www/html/vendor/laravel/framework/src/Illuminate/Foundation/Testing/Concerns/InteractsWithTestCaseLifecycle.php:92
/var/www/html/vendor/laravel/framework/src/Illuminate/Foundation/Testing/TestCase.php:44
/var/www/html/tests/TestCase.php:36
/var/www/html/tests/Feature/Models/NotificationTest.php:19</error>
        </testcase>
        <testcase name="test_is_failed" file="/var/www/html/tests/Feature/Models/NotificationTest.php" line="371" class="Tests\Feature\Models\NotificationTest" classname="Tests.Feature.Models.NotificationTest" assertions="0" time="0.000000">
          <error type="Error">Tests\Feature\Models\NotificationTest::test_is_failed
Error: Class "Laravel\Dusk\DuskServiceProvider" not found

/var/www/html/vendor/laravel/framework/src/Illuminate/Foundation/Application.php:961
/var/www/html/vendor/laravel/framework/src/Illuminate/Foundation/Application.php:893
/var/www/html/app/Providers/AppServiceProvider.php:51
/var/www/html/vendor/laravel/framework/src/Illuminate/Foundation/Application.php:896
/var/www/html/vendor/laravel/framework/src/Illuminate/Foundation/ProviderRepository.php:74
/var/www/html/vendor/laravel/framework/src/Illuminate/Foundation/Application.php:871
/var/www/html/vendor/laravel/framework/src/Illuminate/Foundation/Bootstrap/RegisterProviders.php:37
/var/www/html/vendor/laravel/framework/src/Illuminate/Foundation/Application.php:342
/var/www/html/vendor/laravel/framework/src/Illuminate/Foundation/Console/Kernel.php:473
/var/www/html/tests/CreatesApplication.php:31
/var/www/html/vendor/laravel/framework/src/Illuminate/Foundation/Testing/TestCase.php:54
/var/www/html/vendor/laravel/framework/src/Illuminate/Foundation/Testing/Concerns/InteractsWithTestCaseLifecycle.php:92
/var/www/html/vendor/laravel/framework/src/Illuminate/Foundation/Testing/TestCase.php:44
/var/www/html/tests/TestCase.php:36
/var/www/html/tests/Feature/Models/NotificationTest.php:19</error>
        </testcase>
        <testcase name="test_is_sent" file="/var/www/html/tests/Feature/Models/NotificationTest.php" line="349" class="Tests\Feature\Models\NotificationTest" classname="Tests.Feature.Models.NotificationTest" assertions="0" time="0.000000">
          <error type="Error">Tests\Feature\Models\NotificationTest::test_is_sent
Error: Class "Laravel\Dusk\DuskServiceProvider" not found

/var/www/html/vendor/laravel/framework/src/Illuminate/Foundation/Application.php:961
/var/www/html/vendor/laravel/framework/src/Illuminate/Foundation/Application.php:893
/var/www/html/app/Providers/AppServiceProvider.php:51
/var/www/html/vendor/laravel/framework/src/Illuminate/Foundation/Application.php:896
/var/www/html/vendor/laravel/framework/src/Illuminate/Foundation/ProviderRepository.php:74
/var/www/html/vendor/laravel/framework/src/Illuminate/Foundation/Application.php:871
/var/www/html/vendor/laravel/framework/src/Illuminate/Foundation/Bootstrap/RegisterProviders.php:37
/var/www/html/vendor/laravel/framework/src/Illuminate/Foundation/Application.php:342
/var/www/html/vendor/laravel/framework/src/Illuminate/Foundation/Console/Kernel.php:473
/var/www/html/tests/CreatesApplication.php:31
/var/www/html/vendor/laravel/framework/src/Illuminate/Foundation/Testing/TestCase.php:54
/var/www/html/vendor/laravel/framework/src/Illuminate/Foundation/Testing/Concerns/InteractsWithTestCaseLifecycle.php:92
/var/www/html/vendor/laravel/framework/src/Illuminate/Foundation/Testing/TestCase.php:44
/var/www/html/tests/TestCase.php:36
/var/www/html/tests/Feature/Models/NotificationTest.php:19</error>
        </testcase>
        <testcase name="test_mark_as_unread" file="/var/www/html/tests/Feature/Models/NotificationTest.php" line="294" class="Tests\Feature\Models\NotificationTest" classname="Tests.Feature.Models.NotificationTest" assertions="0" time="0.000000">
          <error type="Error">Tests\Feature\Models\NotificationTest::test_mark_as_unread
Error: Class "Laravel\Dusk\DuskServiceProvider" not found

/var/www/html/vendor/laravel/framework/src/Illuminate/Foundation/Application.php:961
/var/www/html/vendor/laravel/framework/src/Illuminate/Foundation/Application.php:893
/var/www/html/app/Providers/AppServiceProvider.php:51
/var/www/html/vendor/laravel/framework/src/Illuminate/Foundation/Application.php:896
/var/www/html/vendor/laravel/framework/src/Illuminate/Foundation/ProviderRepository.php:74
/var/www/html/vendor/laravel/framework/src/Illuminate/Foundation/Application.php:871
/var/www/html/vendor/laravel/framework/src/Illuminate/Foundation/Bootstrap/RegisterProviders.php:37
/var/www/html/vendor/laravel/framework/src/Illuminate/Foundation/Application.php:342
/var/www/html/vendor/laravel/framework/src/Illuminate/Foundation/Console/Kernel.php:473
/var/www/html/tests/CreatesApplication.php:31
/var/www/html/vendor/laravel/framework/src/Illuminate/Foundation/Testing/TestCase.php:54
/var/www/html/vendor/laravel/framework/src/Illuminate/Foundation/Testing/Concerns/InteractsWithTestCaseLifecycle.php:92
/var/www/html/vendor/laravel/framework/src/Illuminate/Foundation/Testing/TestCase.php:44
/var/www/html/tests/TestCase.php:36
/var/www/html/tests/Feature/Models/NotificationTest.php:19</error>
        </testcase>
        <testcase name="test_it_can_create_a_notification" file="/var/www/html/tests/Feature/Models/NotificationTest.php" line="23" class="Tests\Feature\Models\NotificationTest" classname="Tests.Feature.Models.NotificationTest" assertions="0" time="0.000000">
          <error type="Error">Tests\Feature\Models\NotificationTest::test_it_can_create_a_notification
Error: Class "Laravel\Dusk\DuskServiceProvider" not found

/var/www/html/vendor/laravel/framework/src/Illuminate/Foundation/Application.php:961
/var/www/html/vendor/laravel/framework/src/Illuminate/Foundation/Application.php:893
/var/www/html/app/Providers/AppServiceProvider.php:51
/var/www/html/vendor/laravel/framework/src/Illuminate/Foundation/Application.php:896
/var/www/html/vendor/laravel/framework/src/Illuminate/Foundation/ProviderRepository.php:74
/var/www/html/vendor/laravel/framework/src/Illuminate/Foundation/Application.php:871
/var/www/html/vendor/laravel/framework/src/Illuminate/Foundation/Bootstrap/RegisterProviders.php:37
/var/www/html/vendor/laravel/framework/src/Illuminate/Foundation/Application.php:342
/var/www/html/vendor/laravel/framework/src/Illuminate/Foundation/Console/Kernel.php:473
/var/www/html/tests/CreatesApplication.php:31
/var/www/html/vendor/laravel/framework/src/Illuminate/Foundation/Testing/TestCase.php:54
/var/www/html/vendor/laravel/framework/src/Illuminate/Foundation/Testing/Concerns/InteractsWithTestCaseLifecycle.php:92
/var/www/html/vendor/laravel/framework/src/Illuminate/Foundation/Testing/TestCase.php:44
/var/www/html/tests/TestCase.php:36
/var/www/html/tests/Feature/Models/NotificationTest.php:19</error>
        </testcase>
        <testcase name="test_scope_sent_filters_sent_notifications" file="/var/www/html/tests/Feature/Models/NotificationTest.php" line="170" class="Tests\Feature\Models\NotificationTest" classname="Tests.Feature.Models.NotificationTest" assertions="0" time="0.000000">
          <error type="Error">Tests\Feature\Models\NotificationTest::test_scope_sent_filters_sent_notifications
Error: Class "Laravel\Dusk\DuskServiceProvider" not found

/var/www/html/vendor/laravel/framework/src/Illuminate/Foundation/Application.php:961
/var/www/html/vendor/laravel/framework/src/Illuminate/Foundation/Application.php:893
/var/www/html/app/Providers/AppServiceProvider.php:51
/var/www/html/vendor/laravel/framework/src/Illuminate/Foundation/Application.php:896
/var/www/html/vendor/laravel/framework/src/Illuminate/Foundation/ProviderRepository.php:74
/var/www/html/vendor/laravel/framework/src/Illuminate/Foundation/Application.php:871
/var/www/html/vendor/laravel/framework/src/Illuminate/Foundation/Bootstrap/RegisterProviders.php:37
/var/www/html/vendor/laravel/framework/src/Illuminate/Foundation/Application.php:342
/var/www/html/vendor/laravel/framework/src/Illuminate/Foundation/Console/Kernel.php:473
/var/www/html/tests/CreatesApplication.php:31
/var/www/html/vendor/laravel/framework/src/Illuminate/Foundation/Testing/TestCase.php:54
/var/www/html/vendor/laravel/framework/src/Illuminate/Foundation/Testing/Concerns/InteractsWithTestCaseLifecycle.php:92
/var/www/html/vendor/laravel/framework/src/Illuminate/Foundation/Testing/TestCase.php:44
/var/www/html/tests/TestCase.php:36
/var/www/html/tests/Feature/Models/NotificationTest.php:19</error>
        </testcase>
        <testcase name="test_get_time_ago" file="/var/www/html/tests/Feature/Models/NotificationTest.php" line="439" class="Tests\Feature\Models\NotificationTest" classname="Tests.Feature.Models.NotificationTest" assertions="0" time="0.000000">
          <error type="Error">Tests\Feature\Models\NotificationTest::test_get_time_ago
Error: Class "Laravel\Dusk\DuskServiceProvider" not found

/var/www/html/vendor/laravel/framework/src/Illuminate/Foundation/Application.php:961
/var/www/html/vendor/laravel/framework/src/Illuminate/Foundation/Application.php:893
/var/www/html/app/Providers/AppServiceProvider.php:51
/var/www/html/vendor/laravel/framework/src/Illuminate/Foundation/Application.php:896
/var/www/html/vendor/laravel/framework/src/Illuminate/Foundation/ProviderRepository.php:74
/var/www/html/vendor/laravel/framework/src/Illuminate/Foundation/Application.php:871
/var/www/html/vendor/laravel/framework/src/Illuminate/Foundation/Bootstrap/RegisterProviders.php:37
/var/www/html/vendor/laravel/framework/src/Illuminate/Foundation/Application.php:342
/var/www/html/vendor/laravel/framework/src/Illuminate/Foundation/Console/Kernel.php:473
/var/www/html/tests/CreatesApplication.php:31
/var/www/html/vendor/laravel/framework/src/Illuminate/Foundation/Testing/TestCase.php:54
/var/www/html/vendor/laravel/framework/src/Illuminate/Foundation/Testing/Concerns/InteractsWithTestCaseLifecycle.php:92
/var/www/html/vendor/laravel/framework/src/Illuminate/Foundation/Testing/TestCase.php:44
/var/www/html/tests/TestCase.php:36
/var/www/html/tests/Feature/Models/NotificationTest.php:19</error>
        </testcase>
        <testcase name="test_mark_as_read" file="/var/www/html/tests/Feature/Models/NotificationTest.php" line="283" class="Tests\Feature\Models\NotificationTest" classname="Tests.Feature.Models.NotificationTest" assertions="0" time="0.000000">
          <error type="Error">Tests\Feature\Models\NotificationTest::test_mark_as_read
Error: Class "Laravel\Dusk\DuskServiceProvider" not found

/var/www/html/vendor/laravel/framework/src/Illuminate/Foundation/Application.php:961
/var/www/html/vendor/laravel/framework/src/Illuminate/Foundation/Application.php:893
/var/www/html/app/Providers/AppServiceProvider.php:51
/var/www/html/vendor/laravel/framework/src/Illuminate/Foundation/Application.php:896
/var/www/html/vendor/laravel/framework/src/Illuminate/Foundation/ProviderRepository.php:74
/var/www/html/vendor/laravel/framework/src/Illuminate/Foundation/Application.php:871
/var/www/html/vendor/laravel/framework/src/Illuminate/Foundation/Bootstrap/RegisterProviders.php:37
/var/www/html/vendor/laravel/framework/src/Illuminate/Foundation/Application.php:342
/var/www/html/vendor/laravel/framework/src/Illuminate/Foundation/Console/Kernel.php:473
/var/www/html/tests/CreatesApplication.php:31
/var/www/html/vendor/laravel/framework/src/Illuminate/Foundation/Testing/TestCase.php:54
/var/www/html/vendor/laravel/framework/src/Illuminate/Foundation/Testing/Concerns/InteractsWithTestCaseLifecycle.php:92
/var/www/html/vendor/laravel/framework/src/Illuminate/Foundation/Testing/TestCase.php:44
/var/www/html/tests/TestCase.php:36
/var/www/html/tests/Feature/Models/NotificationTest.php:19</error>
        </testcase>
        <testcase name="test_increment_retry_count" file="/var/www/html/tests/Feature/Models/NotificationTest.php" line="614" class="Tests\Feature\Models\NotificationTest" classname="Tests.Feature.Models.NotificationTest" assertions="0" time="0.000000">
          <error type="Error">Tests\Feature\Models\NotificationTest::test_increment_retry_count
Error: Class "Laravel\Dusk\DuskServiceProvider" not found

/var/www/html/vendor/laravel/framework/src/Illuminate/Foundation/Application.php:961
/var/www/html/vendor/laravel/framework/src/Illuminate/Foundation/Application.php:893
/var/www/html/app/Providers/AppServiceProvider.php:51
/var/www/html/vendor/laravel/framework/src/Illuminate/Foundation/Application.php:896
/var/www/html/vendor/laravel/framework/src/Illuminate/Foundation/ProviderRepository.php:74
/var/www/html/vendor/laravel/framework/src/Illuminate/Foundation/Application.php:871
/var/www/html/vendor/laravel/framework/src/Illuminate/Foundation/Bootstrap/RegisterProviders.php:37
/var/www/html/vendor/laravel/framework/src/Illuminate/Foundation/Application.php:342
/var/www/html/vendor/laravel/framework/src/Illuminate/Foundation/Console/Kernel.php:473
/var/www/html/tests/CreatesApplication.php:31
/var/www/html/vendor/laravel/framework/src/Illuminate/Foundation/Testing/TestCase.php:54
/var/www/html/vendor/laravel/framework/src/Illuminate/Foundation/Testing/Concerns/InteractsWithTestCaseLifecycle.php:92
/var/www/html/vendor/laravel/framework/src/Illuminate/Foundation/Testing/TestCase.php:44
/var/www/html/tests/TestCase.php:36
/var/www/html/tests/Feature/Models/NotificationTest.php:19</error>
        </testcase>
        <testcase name="test_fillable_attributes" file="/var/www/html/tests/Feature/Models/NotificationTest.php" line="739" class="Tests\Feature\Models\NotificationTest" classname="Tests.Feature.Models.NotificationTest" assertions="0" time="0.000000">
          <error type="Error">Tests\Feature\Models\NotificationTest::test_fillable_attributes
Error: Class "Laravel\Dusk\DuskServiceProvider" not found

/var/www/html/vendor/laravel/framework/src/Illuminate/Foundation/Application.php:961
/var/www/html/vendor/laravel/framework/src/Illuminate/Foundation/Application.php:893
/var/www/html/app/Providers/AppServiceProvider.php:51
/var/www/html/vendor/laravel/framework/src/Illuminate/Foundation/Application.php:896
/var/www/html/vendor/laravel/framework/src/Illuminate/Foundation/ProviderRepository.php:74
/var/www/html/vendor/laravel/framework/src/Illuminate/Foundation/Application.php:871
/var/www/html/vendor/laravel/framework/src/Illuminate/Foundation/Bootstrap/RegisterProviders.php:37
/var/www/html/vendor/laravel/framework/src/Illuminate/Foundation/Application.php:342
/var/www/html/vendor/laravel/framework/src/Illuminate/Foundation/Console/Kernel.php:473
/var/www/html/tests/CreatesApplication.php:31
/var/www/html/vendor/laravel/framework/src/Illuminate/Foundation/Testing/TestCase.php:54
/var/www/html/vendor/laravel/framework/src/Illuminate/Foundation/Testing/Concerns/InteractsWithTestCaseLifecycle.php:92
/var/www/html/vendor/laravel/framework/src/Illuminate/Foundation/Testing/TestCase.php:44
/var/www/html/tests/TestCase.php:36
/var/www/html/tests/Feature/Models/NotificationTest.php:19</error>
        </testcase>
        <testcase name="test_get_type_display_name" file="/var/www/html/tests/Feature/Models/NotificationTest.php" line="397" class="Tests\Feature\Models\NotificationTest" classname="Tests.Feature.Models.NotificationTest" assertions="0" time="0.000000">
          <error type="Error">Tests\Feature\Models\NotificationTest::test_get_type_display_name
Error: Class "Laravel\Dusk\DuskServiceProvider" not found

/var/www/html/vendor/laravel/framework/src/Illuminate/Foundation/Application.php:961
/var/www/html/vendor/laravel/framework/src/Illuminate/Foundation/Application.php:893
/var/www/html/app/Providers/AppServiceProvider.php:51
/var/www/html/vendor/laravel/framework/src/Illuminate/Foundation/Application.php:896
/var/www/html/vendor/laravel/framework/src/Illuminate/Foundation/ProviderRepository.php:74
/var/www/html/vendor/laravel/framework/src/Illuminate/Foundation/Application.php:871
/var/www/html/vendor/laravel/framework/src/Illuminate/Foundation/Bootstrap/RegisterProviders.php:37
/var/www/html/vendor/laravel/framework/src/Illuminate/Foundation/Application.php:342
/var/www/html/vendor/laravel/framework/src/Illuminate/Foundation/Console/Kernel.php:473
/var/www/html/tests/CreatesApplication.php:31
/var/www/html/vendor/laravel/framework/src/Illuminate/Foundation/Testing/TestCase.php:54
/var/www/html/vendor/laravel/framework/src/Illuminate/Foundation/Testing/Concerns/InteractsWithTestCaseLifecycle.php:92
/var/www/html/vendor/laravel/framework/src/Illuminate/Foundation/Testing/TestCase.php:44
/var/www/html/tests/TestCase.php:36
/var/www/html/tests/Feature/Models/NotificationTest.php:19</error>
        </testcase>
        <testcase name="test_get_failure_reason" file="/var/www/html/tests/Feature/Models/NotificationTest.php" line="637" class="Tests\Feature\Models\NotificationTest" classname="Tests.Feature.Models.NotificationTest" assertions="0" time="0.000000">
          <error type="Error">Tests\Feature\Models\NotificationTest::test_get_failure_reason
Error: Class "Laravel\Dusk\DuskServiceProvider" not found

/var/www/html/vendor/laravel/framework/src/Illuminate/Foundation/Application.php:961
/var/www/html/vendor/laravel/framework/src/Illuminate/Foundation/Application.php:893
/var/www/html/app/Providers/AppServiceProvider.php:51
/var/www/html/vendor/laravel/framework/src/Illuminate/Foundation/Application.php:896
/var/www/html/vendor/laravel/framework/src/Illuminate/Foundation/ProviderRepository.php:74
/var/www/html/vendor/laravel/framework/src/Illuminate/Foundation/Application.php:871
/var/www/html/vendor/laravel/framework/src/Illuminate/Foundation/Bootstrap/RegisterProviders.php:37
/var/www/html/vendor/laravel/framework/src/Illuminate/Foundation/Application.php:342
/var/www/html/vendor/laravel/framework/src/Illuminate/Foundation/Console/Kernel.php:473
/var/www/html/tests/CreatesApplication.php:31
/var/www/html/vendor/laravel/framework/src/Illuminate/Foundation/Testing/TestCase.php:54
/var/www/html/vendor/laravel/framework/src/Illuminate/Foundation/Testing/Concerns/InteractsWithTestCaseLifecycle.php:92
/var/www/html/vendor/laravel/framework/src/Illuminate/Foundation/Testing/TestCase.php:44
/var/www/html/tests/TestCase.php:36
/var/www/html/tests/Feature/Models/NotificationTest.php:19</error>
        </testcase>
        <testcase name="test_scope_of_priority_filters_by_priority" file="/var/www/html/tests/Feature/Models/NotificationTest.php" line="138" class="Tests\Feature\Models\NotificationTest" classname="Tests.Feature.Models.NotificationTest" assertions="0" time="0.000000">
          <error type="Error">Tests\Feature\Models\NotificationTest::test_scope_of_priority_filters_by_priority
Error: Class "Laravel\Dusk\DuskServiceProvider" not found

/var/www/html/vendor/laravel/framework/src/Illuminate/Foundation/Application.php:961
/var/www/html/vendor/laravel/framework/src/Illuminate/Foundation/Application.php:893
/var/www/html/app/Providers/AppServiceProvider.php:51
/var/www/html/vendor/laravel/framework/src/Illuminate/Foundation/Application.php:896
/var/www/html/vendor/laravel/framework/src/Illuminate/Foundation/ProviderRepository.php:74
/var/www/html/vendor/laravel/framework/src/Illuminate/Foundation/Application.php:871
/var/www/html/vendor/laravel/framework/src/Illuminate/Foundation/Bootstrap/RegisterProviders.php:37
/var/www/html/vendor/laravel/framework/src/Illuminate/Foundation/Application.php:342
/var/www/html/vendor/laravel/framework/src/Illuminate/Foundation/Console/Kernel.php:473
/var/www/html/tests/CreatesApplication.php:31
/var/www/html/vendor/laravel/framework/src/Illuminate/Foundation/Testing/TestCase.php:54
/var/www/html/vendor/laravel/framework/src/Illuminate/Foundation/Testing/Concerns/InteractsWithTestCaseLifecycle.php:92
/var/www/html/vendor/laravel/framework/src/Illuminate/Foundation/Testing/TestCase.php:44
/var/www/html/tests/TestCase.php:36
/var/www/html/tests/Feature/Models/NotificationTest.php:19</error>
        </testcase>
        <testcase name="test_get_priority_level" file="/var/www/html/tests/Feature/Models/NotificationTest.php" line="381" class="Tests\Feature\Models\NotificationTest" classname="Tests.Feature.Models.NotificationTest" assertions="0" time="0.000000">
          <error type="Error">Tests\Feature\Models\NotificationTest::test_get_priority_level
Error: Class "Laravel\Dusk\DuskServiceProvider" not found

/var/www/html/vendor/laravel/framework/src/Illuminate/Foundation/Application.php:961
/var/www/html/vendor/laravel/framework/src/Illuminate/Foundation/Application.php:893
/var/www/html/app/Providers/AppServiceProvider.php:51
/var/www/html/vendor/laravel/framework/src/Illuminate/Foundation/Application.php:896
/var/www/html/vendor/laravel/framework/src/Illuminate/Foundation/ProviderRepository.php:74
/var/www/html/vendor/laravel/framework/src/Illuminate/Foundation/Application.php:871
/var/www/html/vendor/laravel/framework/src/Illuminate/Foundation/Bootstrap/RegisterProviders.php:37
/var/www/html/vendor/laravel/framework/src/Illuminate/Foundation/Application.php:342
/var/www/html/vendor/laravel/framework/src/Illuminate/Foundation/Console/Kernel.php:473
/var/www/html/tests/CreatesApplication.php:31
/var/www/html/vendor/laravel/framework/src/Illuminate/Foundation/Testing/TestCase.php:54
/var/www/html/vendor/laravel/framework/src/Illuminate/Foundation/Testing/Concerns/InteractsWithTestCaseLifecycle.php:92
/var/www/html/vendor/laravel/framework/src/Illuminate/Foundation/Testing/TestCase.php:44
/var/www/html/tests/TestCase.php:36
/var/www/html/tests/Feature/Models/NotificationTest.php:19</error>
        </testcase>
        <testcase name="test_get_action_text" file="/var/www/html/tests/Feature/Models/NotificationTest.php" line="555" class="Tests\Feature\Models\NotificationTest" classname="Tests.Feature.Models.NotificationTest" assertions="0" time="0.000000">
          <error type="Error">Tests\Feature\Models\NotificationTest::test_get_action_text
Error: Class "Laravel\Dusk\DuskServiceProvider" not found

/var/www/html/vendor/laravel/framework/src/Illuminate/Foundation/Application.php:961
/var/www/html/vendor/laravel/framework/src/Illuminate/Foundation/Application.php:893
/var/www/html/app/Providers/AppServiceProvider.php:51
/var/www/html/vendor/laravel/framework/src/Illuminate/Foundation/Application.php:896
/var/www/html/vendor/laravel/framework/src/Illuminate/Foundation/ProviderRepository.php:74
/var/www/html/vendor/laravel/framework/src/Illuminate/Foundation/Application.php:871
/var/www/html/vendor/laravel/framework/src/Illuminate/Foundation/Bootstrap/RegisterProviders.php:37
/var/www/html/vendor/laravel/framework/src/Illuminate/Foundation/Application.php:342
/var/www/html/vendor/laravel/framework/src/Illuminate/Foundation/Console/Kernel.php:473
/var/www/html/tests/CreatesApplication.php:31
/var/www/html/vendor/laravel/framework/src/Illuminate/Foundation/Testing/TestCase.php:54
/var/www/html/vendor/laravel/framework/src/Illuminate/Foundation/Testing/Concerns/InteractsWithTestCaseLifecycle.php:92
/var/www/html/vendor/laravel/framework/src/Illuminate/Foundation/Testing/TestCase.php:44
/var/www/html/tests/TestCase.php:36
/var/www/html/tests/Feature/Models/NotificationTest.php:19</error>
        </testcase>
        <testcase name="test_it_casts_attributes_correctly" file="/var/www/html/tests/Feature/Models/NotificationTest.php" line="64" class="Tests\Feature\Models\NotificationTest" classname="Tests.Feature.Models.NotificationTest" assertions="0" time="0.000000">
          <error type="Error">Tests\Feature\Models\NotificationTest::test_it_casts_attributes_correctly
Error: Class "Laravel\Dusk\DuskServiceProvider" not found

/var/www/html/vendor/laravel/framework/src/Illuminate/Foundation/Application.php:961
/var/www/html/vendor/laravel/framework/src/Illuminate/Foundation/Application.php:893
/var/www/html/app/Providers/AppServiceProvider.php:51
/var/www/html/vendor/laravel/framework/src/Illuminate/Foundation/Application.php:896
/var/www/html/vendor/laravel/framework/src/Illuminate/Foundation/ProviderRepository.php:74
/var/www/html/vendor/laravel/framework/src/Illuminate/Foundation/Application.php:871
/var/www/html/vendor/laravel/framework/src/Illuminate/Foundation/Bootstrap/RegisterProviders.php:37
/var/www/html/vendor/laravel/framework/src/Illuminate/Foundation/Application.php:342
/var/www/html/vendor/laravel/framework/src/Illuminate/Foundation/Console/Kernel.php:473
/var/www/html/tests/CreatesApplication.php:31
/var/www/html/vendor/laravel/framework/src/Illuminate/Foundation/Testing/TestCase.php:54
/var/www/html/vendor/laravel/framework/src/Illuminate/Foundation/Testing/Concerns/InteractsWithTestCaseLifecycle.php:92
/var/www/html/vendor/laravel/framework/src/Illuminate/Foundation/Testing/TestCase.php:44
/var/www/html/tests/TestCase.php:36
/var/www/html/tests/Feature/Models/NotificationTest.php:19</error>
        </testcase>
        <testcase name="test_factory_creates_valid_notification" file="/var/www/html/tests/Feature/Models/NotificationTest.php" line="728" class="Tests\Feature\Models\NotificationTest" classname="Tests.Feature.Models.NotificationTest" assertions="0" time="0.000000">
          <error type="Error">Tests\Feature\Models\NotificationTest::test_factory_creates_valid_notification
Error: Class "Laravel\Dusk\DuskServiceProvider" not found

/var/www/html/vendor/laravel/framework/src/Illuminate/Foundation/Application.php:961
/var/www/html/vendor/laravel/framework/src/Illuminate/Foundation/Application.php:893
/var/www/html/app/Providers/AppServiceProvider.php:51
/var/www/html/vendor/laravel/framework/src/Illuminate/Foundation/Application.php:896
/var/www/html/vendor/laravel/framework/src/Illuminate/Foundation/ProviderRepository.php:74
/var/www/html/vendor/laravel/framework/src/Illuminate/Foundation/Application.php:871
/var/www/html/vendor/laravel/framework/src/Illuminate/Foundation/Bootstrap/RegisterProviders.php:37
/var/www/html/vendor/laravel/framework/src/Illuminate/Foundation/Application.php:342
/var/www/html/vendor/laravel/framework/src/Illuminate/Foundation/Console/Kernel.php:473
/var/www/html/tests/CreatesApplication.php:31
/var/www/html/vendor/laravel/framework/src/Illuminate/Foundation/Testing/TestCase.php:54
/var/www/html/vendor/laravel/framework/src/Illuminate/Foundation/Testing/Concerns/InteractsWithTestCaseLifecycle.php:92
/var/www/html/vendor/laravel/framework/src/Illuminate/Foundation/Testing/TestCase.php:44
/var/www/html/tests/TestCase.php:36
/var/www/html/tests/Feature/Models/NotificationTest.php:19</error>
        </testcase>
        <testcase name="test_has_tag" file="/var/www/html/tests/Feature/Models/NotificationTest.php" line="718" class="Tests\Feature\Models\NotificationTest" classname="Tests.Feature.Models.NotificationTest" assertions="0" time="0.000000">
          <error type="Error">Tests\Feature\Models\NotificationTest::test_has_tag
Error: Class "Laravel\Dusk\DuskServiceProvider" not found

/var/www/html/vendor/laravel/framework/src/Illuminate/Foundation/Application.php:961
/var/www/html/vendor/laravel/framework/src/Illuminate/Foundation/Application.php:893
/var/www/html/app/Providers/AppServiceProvider.php:51
/var/www/html/vendor/laravel/framework/src/Illuminate/Foundation/Application.php:896
/var/www/html/vendor/laravel/framework/src/Illuminate/Foundation/ProviderRepository.php:74
/var/www/html/vendor/laravel/framework/src/Illuminate/Foundation/Application.php:871
/var/www/html/vendor/laravel/framework/src/Illuminate/Foundation/Bootstrap/RegisterProviders.php:37
/var/www/html/vendor/laravel/framework/src/Illuminate/Foundation/Application.php:342
/var/www/html/vendor/laravel/framework/src/Illuminate/Foundation/Console/Kernel.php:473
/var/www/html/tests/CreatesApplication.php:31
/var/www/html/vendor/laravel/framework/src/Illuminate/Foundation/Testing/TestCase.php:54
/var/www/html/vendor/laravel/framework/src/Illuminate/Foundation/Testing/Concerns/InteractsWithTestCaseLifecycle.php:92
/var/www/html/vendor/laravel/framework/src/Illuminate/Foundation/Testing/TestCase.php:44
/var/www/html/tests/TestCase.php:36
/var/www/html/tests/Feature/Models/NotificationTest.php:19</error>
        </testcase>
        <testcase name="test_scope_between_filters_notifications_between_dates" file="/var/www/html/tests/Feature/Models/NotificationTest.php" line="262" class="Tests\Feature\Models\NotificationTest" classname="Tests.Feature.Models.NotificationTest" assertions="0" time="0.000000">
          <error type="Error">Tests\Feature\Models\NotificationTest::test_scope_between_filters_notifications_between_dates
Error: Class "Laravel\Dusk\DuskServiceProvider" not found

/var/www/html/vendor/laravel/framework/src/Illuminate/Foundation/Application.php:961
/var/www/html/vendor/laravel/framework/src/Illuminate/Foundation/Application.php:893
/var/www/html/app/Providers/AppServiceProvider.php:51
/var/www/html/vendor/laravel/framework/src/Illuminate/Foundation/Application.php:896
/var/www/html/vendor/laravel/framework/src/Illuminate/Foundation/ProviderRepository.php:74
/var/www/html/vendor/laravel/framework/src/Illuminate/Foundation/Application.php:871
/var/www/html/vendor/laravel/framework/src/Illuminate/Foundation/Bootstrap/RegisterProviders.php:37
/var/www/html/vendor/laravel/framework/src/Illuminate/Foundation/Application.php:342
/var/www/html/vendor/laravel/framework/src/Illuminate/Foundation/Console/Kernel.php:473
/var/www/html/tests/CreatesApplication.php:31
/var/www/html/vendor/laravel/framework/src/Illuminate/Foundation/Testing/TestCase.php:54
/var/www/html/vendor/laravel/framework/src/Illuminate/Foundation/Testing/Concerns/InteractsWithTestCaseLifecycle.php:92
/var/www/html/vendor/laravel/framework/src/Illuminate/Foundation/Testing/TestCase.php:44
/var/www/html/tests/TestCase.php:36
/var/www/html/tests/Feature/Models/NotificationTest.php:19</error>
        </testcase>
        <testcase name="test_mark_as_sent" file="/var/www/html/tests/Feature/Models/NotificationTest.php" line="305" class="Tests\Feature\Models\NotificationTest" classname="Tests.Feature.Models.NotificationTest" assertions="0" time="0.000000">
          <error type="Error">Tests\Feature\Models\NotificationTest::test_mark_as_sent
Error: Class "Laravel\Dusk\DuskServiceProvider" not found

/var/www/html/vendor/laravel/framework/src/Illuminate/Foundation/Application.php:961
/var/www/html/vendor/laravel/framework/src/Illuminate/Foundation/Application.php:893
/var/www/html/app/Providers/AppServiceProvider.php:51
/var/www/html/vendor/laravel/framework/src/Illuminate/Foundation/Application.php:896
/var/www/html/vendor/laravel/framework/src/Illuminate/Foundation/ProviderRepository.php:74
/var/www/html/vendor/laravel/framework/src/Illuminate/Foundation/Application.php:871
/var/www/html/vendor/laravel/framework/src/Illuminate/Foundation/Bootstrap/RegisterProviders.php:37
/var/www/html/vendor/laravel/framework/src/Illuminate/Foundation/Application.php:342
/var/www/html/vendor/laravel/framework/src/Illuminate/Foundation/Console/Kernel.php:473
/var/www/html/tests/CreatesApplication.php:31
/var/www/html/vendor/laravel/framework/src/Illuminate/Foundation/Testing/TestCase.php:54
/var/www/html/vendor/laravel/framework/src/Illuminate/Foundation/Testing/Concerns/InteractsWithTestCaseLifecycle.php:92
/var/www/html/vendor/laravel/framework/src/Illuminate/Foundation/Testing/TestCase.php:44
/var/www/html/tests/TestCase.php:36
/var/www/html/tests/Feature/Models/NotificationTest.php:19</error>
        </testcase>
        <testcase name="test_get_metadata" file="/var/www/html/tests/Feature/Models/NotificationTest.php" line="647" class="Tests\Feature\Models\NotificationTest" classname="Tests.Feature.Models.NotificationTest" assertions="0" time="0.000000">
          <error type="Error">Tests\Feature\Models\NotificationTest::test_get_metadata
Error: Class "Laravel\Dusk\DuskServiceProvider" not found

/var/www/html/vendor/laravel/framework/src/Illuminate/Foundation/Application.php:961
/var/www/html/vendor/laravel/framework/src/Illuminate/Foundation/Application.php:893
/var/www/html/app/Providers/AppServiceProvider.php:51
/var/www/html/vendor/laravel/framework/src/Illuminate/Foundation/Application.php:896
/var/www/html/vendor/laravel/framework/src/Illuminate/Foundation/ProviderRepository.php:74
/var/www/html/vendor/laravel/framework/src/Illuminate/Foundation/Application.php:871
/var/www/html/vendor/laravel/framework/src/Illuminate/Foundation/Bootstrap/RegisterProviders.php:37
/var/www/html/vendor/laravel/framework/src/Illuminate/Foundation/Application.php:342
/var/www/html/vendor/laravel/framework/src/Illuminate/Foundation/Console/Kernel.php:473
/var/www/html/tests/CreatesApplication.php:31
/var/www/html/vendor/laravel/framework/src/Illuminate/Foundation/Testing/TestCase.php:54
/var/www/html/vendor/laravel/framework/src/Illuminate/Foundation/Testing/Concerns/InteractsWithTestCaseLifecycle.php:92
/var/www/html/vendor/laravel/framework/src/Illuminate/Foundation/Testing/TestCase.php:44
/var/www/html/tests/TestCase.php:36
/var/www/html/tests/Feature/Models/NotificationTest.php:19</error>
        </testcase>
        <testcase name="test_scope_of_type_filters_by_type" file="/var/www/html/tests/Feature/Models/NotificationTest.php" line="122" class="Tests\Feature\Models\NotificationTest" classname="Tests.Feature.Models.NotificationTest" assertions="0" time="0.000000">
          <error type="Error">Tests\Feature\Models\NotificationTest::test_scope_of_type_filters_by_type
Error: Class "Laravel\Dusk\DuskServiceProvider" not found

/var/www/html/vendor/laravel/framework/src/Illuminate/Foundation/Application.php:961
/var/www/html/vendor/laravel/framework/src/Illuminate/Foundation/Application.php:893
/var/www/html/app/Providers/AppServiceProvider.php:51
/var/www/html/vendor/laravel/framework/src/Illuminate/Foundation/Application.php:896
/var/www/html/vendor/laravel/framework/src/Illuminate/Foundation/ProviderRepository.php:74
/var/www/html/vendor/laravel/framework/src/Illuminate/Foundation/Application.php:871
/var/www/html/vendor/laravel/framework/src/Illuminate/Foundation/Bootstrap/RegisterProviders.php:37
/var/www/html/vendor/laravel/framework/src/Illuminate/Foundation/Application.php:342
/var/www/html/vendor/laravel/framework/src/Illuminate/Foundation/Console/Kernel.php:473
/var/www/html/tests/CreatesApplication.php:31
/var/www/html/vendor/laravel/framework/src/Illuminate/Foundation/Testing/TestCase.php:54
/var/www/html/vendor/laravel/framework/src/Illuminate/Foundation/Testing/Concerns/InteractsWithTestCaseLifecycle.php:92
/var/www/html/vendor/laravel/framework/src/Illuminate/Foundation/Testing/TestCase.php:44
/var/www/html/tests/TestCase.php:36
/var/www/html/tests/Feature/Models/NotificationTest.php:19</error>
        </testcase>
        <testcase name="test_scope_read_filters_read_notifications" file="/var/www/html/tests/Feature/Models/NotificationTest.php" line="109" class="Tests\Feature\Models\NotificationTest" classname="Tests.Feature.Models.NotificationTest" assertions="0" time="0.000000">
          <error type="Error">Tests\Feature\Models\NotificationTest::test_scope_read_filters_read_notifications
Error: Class "Laravel\Dusk\DuskServiceProvider" not found

/var/www/html/vendor/laravel/framework/src/Illuminate/Foundation/Application.php:961
/var/www/html/vendor/laravel/framework/src/Illuminate/Foundation/Application.php:893
/var/www/html/app/Providers/AppServiceProvider.php:51
/var/www/html/vendor/laravel/framework/src/Illuminate/Foundation/Application.php:896
/var/www/html/vendor/laravel/framework/src/Illuminate/Foundation/ProviderRepository.php:74
/var/www/html/vendor/laravel/framework/src/Illuminate/Foundation/Application.php:871
/var/www/html/vendor/laravel/framework/src/Illuminate/Foundation/Bootstrap/RegisterProviders.php:37
/var/www/html/vendor/laravel/framework/src/Illuminate/Foundation/Application.php:342
/var/www/html/vendor/laravel/framework/src/Illuminate/Foundation/Console/Kernel.php:473
/var/www/html/tests/CreatesApplication.php:31
/var/www/html/vendor/laravel/framework/src/Illuminate/Foundation/Testing/TestCase.php:54
/var/www/html/vendor/laravel/framework/src/Illuminate/Foundation/Testing/Concerns/InteractsWithTestCaseLifecycle.php:92
/var/www/html/vendor/laravel/framework/src/Illuminate/Foundation/Testing/TestCase.php:44
/var/www/html/tests/TestCase.php:36
/var/www/html/tests/Feature/Models/NotificationTest.php:19</error>
        </testcase>
        <testcase name="test_get_icon" file="/var/www/html/tests/Feature/Models/NotificationTest.php" line="492" class="Tests\Feature\Models\NotificationTest" classname="Tests.Feature.Models.NotificationTest" assertions="0" time="0.000000">
          <error type="Error">Tests\Feature\Models\NotificationTest::test_get_icon
Error: Class "Laravel\Dusk\DuskServiceProvider" not found

/var/www/html/vendor/laravel/framework/src/Illuminate/Foundation/Application.php:961
/var/www/html/vendor/laravel/framework/src/Illuminate/Foundation/Application.php:893
/var/www/html/app/Providers/AppServiceProvider.php:51
/var/www/html/vendor/laravel/framework/src/Illuminate/Foundation/Application.php:896
/var/www/html/vendor/laravel/framework/src/Illuminate/Foundation/ProviderRepository.php:74
/var/www/html/vendor/laravel/framework/src/Illuminate/Foundation/Application.php:871
/var/www/html/vendor/laravel/framework/src/Illuminate/Foundation/Bootstrap/RegisterProviders.php:37
/var/www/html/vendor/laravel/framework/src/Illuminate/Foundation/Application.php:342
/var/www/html/vendor/laravel/framework/src/Illuminate/Foundation/Console/Kernel.php:473
/var/www/html/tests/CreatesApplication.php:31
/var/www/html/vendor/laravel/framework/src/Illuminate/Foundation/Testing/TestCase.php:54
/var/www/html/vendor/laravel/framework/src/Illuminate/Foundation/Testing/Concerns/InteractsWithTestCaseLifecycle.php:92
/var/www/html/vendor/laravel/framework/src/Illuminate/Foundation/Testing/TestCase.php:44
/var/www/html/tests/TestCase.php:36
/var/www/html/tests/Feature/Models/NotificationTest.php:19</error>
        </testcase>
        <testcase name="test_has_action" file="/var/www/html/tests/Feature/Models/NotificationTest.php" line="565" class="Tests\Feature\Models\NotificationTest" classname="Tests.Feature.Models.NotificationTest" assertions="0" time="0.000000">
          <error type="Error">Tests\Feature\Models\NotificationTest::test_has_action
Error: Class "Laravel\Dusk\DuskServiceProvider" not found

/var/www/html/vendor/laravel/framework/src/Illuminate/Foundation/Application.php:961
/var/www/html/vendor/laravel/framework/src/Illuminate/Foundation/Application.php:893
/var/www/html/app/Providers/AppServiceProvider.php:51
/var/www/html/vendor/laravel/framework/src/Illuminate/Foundation/Application.php:896
/var/www/html/vendor/laravel/framework/src/Illuminate/Foundation/ProviderRepository.php:74
/var/www/html/vendor/laravel/framework/src/Illuminate/Foundation/Application.php:871
/var/www/html/vendor/laravel/framework/src/Illuminate/Foundation/Bootstrap/RegisterProviders.php:37
/var/www/html/vendor/laravel/framework/src/Illuminate/Foundation/Application.php:342
/var/www/html/vendor/laravel/framework/src/Illuminate/Foundation/Console/Kernel.php:473
/var/www/html/tests/CreatesApplication.php:31
/var/www/html/vendor/laravel/framework/src/Illuminate/Foundation/Testing/TestCase.php:54
/var/www/html/vendor/laravel/framework/src/Illuminate/Foundation/Testing/Concerns/InteractsWithTestCaseLifecycle.php:92
/var/www/html/vendor/laravel/framework/src/Illuminate/Foundation/Testing/TestCase.php:44
/var/www/html/tests/TestCase.php:36
/var/www/html/tests/Feature/Models/NotificationTest.php:19</error>
        </testcase>
        <testcase name="test_mark_as_failed" file="/var/www/html/tests/Feature/Models/NotificationTest.php" line="317" class="Tests\Feature\Models\NotificationTest" classname="Tests.Feature.Models.NotificationTest" assertions="0" time="0.000000">
          <error type="Error">Tests\Feature\Models\NotificationTest::test_mark_as_failed
Error: Class "Laravel\Dusk\DuskServiceProvider" not found

/var/www/html/vendor/laravel/framework/src/Illuminate/Foundation/Application.php:961
/var/www/html/vendor/laravel/framework/src/Illuminate/Foundation/Application.php:893
/var/www/html/app/Providers/AppServiceProvider.php:51
/var/www/html/vendor/laravel/framework/src/Illuminate/Foundation/Application.php:896
/var/www/html/vendor/laravel/framework/src/Illuminate/Foundation/ProviderRepository.php:74
/var/www/html/vendor/laravel/framework/src/Illuminate/Foundation/Application.php:871
/var/www/html/vendor/laravel/framework/src/Illuminate/Foundation/Bootstrap/RegisterProviders.php:37
/var/www/html/vendor/laravel/framework/src/Illuminate/Foundation/Application.php:342
/var/www/html/vendor/laravel/framework/src/Illuminate/Foundation/Console/Kernel.php:473
/var/www/html/tests/CreatesApplication.php:31
/var/www/html/vendor/laravel/framework/src/Illuminate/Foundation/Testing/TestCase.php:54
/var/www/html/vendor/laravel/framework/src/Illuminate/Foundation/Testing/Concerns/InteractsWithTestCaseLifecycle.php:92
/var/www/html/vendor/laravel/framework/src/Illuminate/Foundation/Testing/TestCase.php:44
/var/www/html/tests/TestCase.php:36
/var/www/html/tests/Feature/Models/NotificationTest.php:19</error>
        </testcase>
      </testsuite>
      <testsuite name="Tests\Feature\Security\SecurityTest" file="/var/www/html/tests/Feature/Security/SecurityTest.php" tests="3" assertions="0" errors="3" failures="0" skipped="0" time="0.000000">
        <testcase name="test_validation" file="/var/www/html/tests/Feature/Security/SecurityTest.php" line="32" class="Tests\Feature\Security\SecurityTest" classname="Tests.Feature.Security.SecurityTest" assertions="0" time="0.000000">
          <error type="Error">Tests\Feature\Security\SecurityTest::test_validation
Error: Class "Laravel\Dusk\DuskServiceProvider" not found

/var/www/html/vendor/laravel/framework/src/Illuminate/Foundation/Application.php:961
/var/www/html/vendor/laravel/framework/src/Illuminate/Foundation/Application.php:893
/var/www/html/app/Providers/AppServiceProvider.php:51
/var/www/html/vendor/laravel/framework/src/Illuminate/Foundation/Application.php:896
/var/www/html/vendor/laravel/framework/src/Illuminate/Foundation/ProviderRepository.php:74
/var/www/html/vendor/laravel/framework/src/Illuminate/Foundation/Application.php:871
/var/www/html/vendor/laravel/framework/src/Illuminate/Foundation/Bootstrap/RegisterProviders.php:37
/var/www/html/vendor/laravel/framework/src/Illuminate/Foundation/Application.php:342
/var/www/html/vendor/laravel/framework/src/Illuminate/Foundation/Console/Kernel.php:473
/var/www/html/tests/CreatesApplication.php:31
/var/www/html/vendor/laravel/framework/src/Illuminate/Foundation/Testing/TestCase.php:54
/var/www/html/vendor/laravel/framework/src/Illuminate/Foundation/Testing/Concerns/InteractsWithTestCaseLifecycle.php:92
/var/www/html/vendor/laravel/framework/src/Illuminate/Foundation/Testing/TestCase.php:44
/var/www/html/tests/TestCase.php:36
/var/www/html/tests/Feature/Security/SecurityTest.php:40</error>
        </testcase>
        <testcase name="test_basic_functionality" file="/var/www/html/tests/Feature/Security/SecurityTest.php" line="18" class="Tests\Feature\Security\SecurityTest" classname="Tests.Feature.Security.SecurityTest" assertions="0" time="0.000000">
          <error type="Error">Tests\Feature\Security\SecurityTest::test_basic_functionality
Error: Class "Laravel\Dusk\DuskServiceProvider" not found

/var/www/html/vendor/laravel/framework/src/Illuminate/Foundation/Application.php:961
/var/www/html/vendor/laravel/framework/src/Illuminate/Foundation/Application.php:893
/var/www/html/app/Providers/AppServiceProvider.php:51
/var/www/html/vendor/laravel/framework/src/Illuminate/Foundation/Application.php:896
/var/www/html/vendor/laravel/framework/src/Illuminate/Foundation/ProviderRepository.php:74
/var/www/html/vendor/laravel/framework/src/Illuminate/Foundation/Application.php:871
/var/www/html/vendor/laravel/framework/src/Illuminate/Foundation/Bootstrap/RegisterProviders.php:37
/var/www/html/vendor/laravel/framework/src/Illuminate/Foundation/Application.php:342
/var/www/html/vendor/laravel/framework/src/Illuminate/Foundation/Console/Kernel.php:473
/var/www/html/tests/CreatesApplication.php:31
/var/www/html/vendor/laravel/framework/src/Illuminate/Foundation/Testing/TestCase.php:54
/var/www/html/vendor/laravel/framework/src/Illuminate/Foundation/Testing/Concerns/InteractsWithTestCaseLifecycle.php:92
/var/www/html/vendor/laravel/framework/src/Illuminate/Foundation/Testing/TestCase.php:44
/var/www/html/tests/TestCase.php:36
/var/www/html/tests/Feature/Security/SecurityTest.php:40</error>
        </testcase>
        <testcase name="test_expected_behavior" file="/var/www/html/tests/Feature/Security/SecurityTest.php" line="25" class="Tests\Feature\Security\SecurityTest" classname="Tests.Feature.Security.SecurityTest" assertions="0" time="0.000000">
          <error type="Error">Tests\Feature\Security\SecurityTest::test_expected_behavior
Error: Class "Laravel\Dusk\DuskServiceProvider" not found

/var/www/html/vendor/laravel/framework/src/Illuminate/Foundation/Application.php:961
/var/www/html/vendor/laravel/framework/src/Illuminate/Foundation/Application.php:893
/var/www/html/app/Providers/AppServiceProvider.php:51
/var/www/html/vendor/laravel/framework/src/Illuminate/Foundation/Application.php:896
/var/www/html/vendor/laravel/framework/src/Illuminate/Foundation/ProviderRepository.php:74
/var/www/html/vendor/laravel/framework/src/Illuminate/Foundation/Application.php:871
/var/www/html/vendor/laravel/framework/src/Illuminate/Foundation/Bootstrap/RegisterProviders.php:37
/var/www/html/vendor/laravel/framework/src/Illuminate/Foundation/Application.php:342
/var/www/html/vendor/laravel/framework/src/Illuminate/Foundation/Console/Kernel.php:473
/var/www/html/tests/CreatesApplication.php:31
/var/www/html/vendor/laravel/framework/src/Illuminate/Foundation/Testing/TestCase.php:54
/var/www/html/vendor/laravel/framework/src/Illuminate/Foundation/Testing/Concerns/InteractsWithTestCaseLifecycle.php:92
/var/www/html/vendor/laravel/framework/src/Illuminate/Foundation/Testing/TestCase.php:44
/var/www/html/tests/TestCase.php:36
/var/www/html/tests/Feature/Security/SecurityTest.php:40</error>
        </testcase>
      </testsuite>
      <testsuite name="Tests\Feature\Http\Controllers\Api\Admin\BrandControllerTest" file="/var/www/html/tests/Feature/Http/Controllers/Api/Admin/BrandControllerTest.php" tests="14" assertions="0" errors="14" failures="0" skipped="0" time="0.000000">
        <testcase name="test_returns_404_for_nonexistent_brand" file="/var/www/html/tests/Feature/Http/Controllers/Api/Admin/BrandControllerTest.php" line="81" class="Tests\Feature\Http\Controllers\Api\Admin\BrandControllerTest" classname="Tests.Feature.Http.Controllers.Api.Admin.BrandControllerTest" assertions="0" time="0.000000">
          <error type="Error">Tests\Feature\Http\Controllers\Api\Admin\BrandControllerTest::test_returns_404_for_nonexistent_brand
Error: Class "Laravel\Dusk\DuskServiceProvider" not found

/var/www/html/vendor/laravel/framework/src/Illuminate/Foundation/Application.php:961
/var/www/html/vendor/laravel/framework/src/Illuminate/Foundation/Application.php:893
/var/www/html/app/Providers/AppServiceProvider.php:51
/var/www/html/vendor/laravel/framework/src/Illuminate/Foundation/Application.php:896
/var/www/html/vendor/laravel/framework/src/Illuminate/Foundation/ProviderRepository.php:74
/var/www/html/vendor/laravel/framework/src/Illuminate/Foundation/Application.php:871
/var/www/html/vendor/laravel/framework/src/Illuminate/Foundation/Bootstrap/RegisterProviders.php:37
/var/www/html/vendor/laravel/framework/src/Illuminate/Foundation/Application.php:342
/var/www/html/vendor/laravel/framework/src/Illuminate/Foundation/Console/Kernel.php:473
/var/www/html/tests/CreatesApplication.php:31
/var/www/html/vendor/laravel/framework/src/Illuminate/Foundation/Testing/TestCase.php:54
/var/www/html/vendor/laravel/framework/src/Illuminate/Foundation/Testing/Concerns/InteractsWithTestCaseLifecycle.php:92
/var/www/html/vendor/laravel/framework/src/Illuminate/Foundation/Testing/TestCase.php:44
/var/www/html/tests/TestCase.php:36</error>
        </testcase>
        <testcase name="test_requires_admin_authentication_to_update_brand" file="/var/www/html/tests/Feature/Http/Controllers/Api/Admin/BrandControllerTest.php" line="185" class="Tests\Feature\Http\Controllers\Api\Admin\BrandControllerTest" classname="Tests.Feature.Http.Controllers.Api.Admin.BrandControllerTest" assertions="0" time="0.000000">
          <error type="Error">Tests\Feature\Http\Controllers\Api\Admin\BrandControllerTest::test_requires_admin_authentication_to_update_brand
Error: Class "Laravel\Dusk\DuskServiceProvider" not found

/var/www/html/vendor/laravel/framework/src/Illuminate/Foundation/Application.php:961
/var/www/html/vendor/laravel/framework/src/Illuminate/Foundation/Application.php:893
/var/www/html/app/Providers/AppServiceProvider.php:51
/var/www/html/vendor/laravel/framework/src/Illuminate/Foundation/Application.php:896
/var/www/html/vendor/laravel/framework/src/Illuminate/Foundation/ProviderRepository.php:74
/var/www/html/vendor/laravel/framework/src/Illuminate/Foundation/Application.php:871
/var/www/html/vendor/laravel/framework/src/Illuminate/Foundation/Bootstrap/RegisterProviders.php:37
/var/www/html/vendor/laravel/framework/src/Illuminate/Foundation/Application.php:342
/var/www/html/vendor/laravel/framework/src/Illuminate/Foundation/Console/Kernel.php:473
/var/www/html/tests/CreatesApplication.php:31
/var/www/html/vendor/laravel/framework/src/Illuminate/Foundation/Testing/TestCase.php:54
/var/www/html/vendor/laravel/framework/src/Illuminate/Foundation/Testing/Concerns/InteractsWithTestCaseLifecycle.php:92
/var/www/html/vendor/laravel/framework/src/Illuminate/Foundation/Testing/TestCase.php:44
/var/www/html/tests/TestCase.php:36</error>
        </testcase>
        <testcase name="test_returns_404_when_deleting_nonexistent_brand" file="/var/www/html/tests/Feature/Http/Controllers/Api/Admin/BrandControllerTest.php" line="216" class="Tests\Feature\Http\Controllers\Api\Admin\BrandControllerTest" classname="Tests.Feature.Http.Controllers.Api.Admin.BrandControllerTest" assertions="0" time="0.000000">
          <error type="Error">Tests\Feature\Http\Controllers\Api\Admin\BrandControllerTest::test_returns_404_when_deleting_nonexistent_brand
Error: Class "Laravel\Dusk\DuskServiceProvider" not found

/var/www/html/vendor/laravel/framework/src/Illuminate/Foundation/Application.php:961
/var/www/html/vendor/laravel/framework/src/Illuminate/Foundation/Application.php:893
/var/www/html/app/Providers/AppServiceProvider.php:51
/var/www/html/vendor/laravel/framework/src/Illuminate/Foundation/Application.php:896
/var/www/html/vendor/laravel/framework/src/Illuminate/Foundation/ProviderRepository.php:74
/var/www/html/vendor/laravel/framework/src/Illuminate/Foundation/Application.php:871
/var/www/html/vendor/laravel/framework/src/Illuminate/Foundation/Bootstrap/RegisterProviders.php:37
/var/www/html/vendor/laravel/framework/src/Illuminate/Foundation/Application.php:342
/var/www/html/vendor/laravel/framework/src/Illuminate/Foundation/Console/Kernel.php:473
/var/www/html/tests/CreatesApplication.php:31
/var/www/html/vendor/laravel/framework/src/Illuminate/Foundation/Testing/TestCase.php:54
/var/www/html/vendor/laravel/framework/src/Illuminate/Foundation/Testing/Concerns/InteractsWithTestCaseLifecycle.php:92
/var/www/html/vendor/laravel/framework/src/Illuminate/Foundation/Testing/TestCase.php:44
/var/www/html/tests/TestCase.php:36</error>
        </testcase>
        <testcase name="test_requires_admin_role_to_list_brands" file="/var/www/html/tests/Feature/Http/Controllers/Api/Admin/BrandControllerTest.php" line="51" class="Tests\Feature\Http\Controllers\Api\Admin\BrandControllerTest" classname="Tests.Feature.Http.Controllers.Api.Admin.BrandControllerTest" assertions="0" time="0.000000">
          <error type="Error">Tests\Feature\Http\Controllers\Api\Admin\BrandControllerTest::test_requires_admin_role_to_list_brands
Error: Class "Laravel\Dusk\DuskServiceProvider" not found

/var/www/html/vendor/laravel/framework/src/Illuminate/Foundation/Application.php:961
/var/www/html/vendor/laravel/framework/src/Illuminate/Foundation/Application.php:893
/var/www/html/app/Providers/AppServiceProvider.php:51
/var/www/html/vendor/laravel/framework/src/Illuminate/Foundation/Application.php:896
/var/www/html/vendor/laravel/framework/src/Illuminate/Foundation/ProviderRepository.php:74
/var/www/html/vendor/laravel/framework/src/Illuminate/Foundation/Application.php:871
/var/www/html/vendor/laravel/framework/src/Illuminate/Foundation/Bootstrap/RegisterProviders.php:37
/var/www/html/vendor/laravel/framework/src/Illuminate/Foundation/Application.php:342
/var/www/html/vendor/laravel/framework/src/Illuminate/Foundation/Console/Kernel.php:473
/var/www/html/tests/CreatesApplication.php:31
/var/www/html/vendor/laravel/framework/src/Illuminate/Foundation/Testing/TestCase.php:54
/var/www/html/vendor/laravel/framework/src/Illuminate/Foundation/Testing/Concerns/InteractsWithTestCaseLifecycle.php:92
/var/www/html/vendor/laravel/framework/src/Illuminate/Foundation/Testing/TestCase.php:44
/var/www/html/tests/TestCase.php:36</error>
        </testcase>
        <testcase name="test_requires_admin_authentication_to_create_brand" file="/var/www/html/tests/Feature/Http/Controllers/Api/Admin/BrandControllerTest.php" line="129" class="Tests\Feature\Http\Controllers\Api\Admin\BrandControllerTest" classname="Tests.Feature.Http.Controllers.Api.Admin.BrandControllerTest" assertions="0" time="0.000000">
          <error type="Error">Tests\Feature\Http\Controllers\Api\Admin\BrandControllerTest::test_requires_admin_authentication_to_create_brand
Error: Class "Laravel\Dusk\DuskServiceProvider" not found

/var/www/html/vendor/laravel/framework/src/Illuminate/Foundation/Application.php:961
/var/www/html/vendor/laravel/framework/src/Illuminate/Foundation/Application.php:893
/var/www/html/app/Providers/AppServiceProvider.php:51
/var/www/html/vendor/laravel/framework/src/Illuminate/Foundation/Application.php:896
/var/www/html/vendor/laravel/framework/src/Illuminate/Foundation/ProviderRepository.php:74
/var/www/html/vendor/laravel/framework/src/Illuminate/Foundation/Application.php:871
/var/www/html/vendor/laravel/framework/src/Illuminate/Foundation/Bootstrap/RegisterProviders.php:37
/var/www/html/vendor/laravel/framework/src/Illuminate/Foundation/Application.php:342
/var/www/html/vendor/laravel/framework/src/Illuminate/Foundation/Console/Kernel.php:473
/var/www/html/tests/CreatesApplication.php:31
/var/www/html/vendor/laravel/framework/src/Illuminate/Foundation/Testing/TestCase.php:54
/var/www/html/vendor/laravel/framework/src/Illuminate/Foundation/Testing/Concerns/InteractsWithTestCaseLifecycle.php:92
/var/www/html/vendor/laravel/framework/src/Illuminate/Foundation/Testing/TestCase.php:44
/var/www/html/tests/TestCase.php:36</error>
        </testcase>
        <testcase name="test_can_update_brand" file="/var/www/html/tests/Feature/Http/Controllers/Api/Admin/BrandControllerTest.php" line="141" class="Tests\Feature\Http\Controllers\Api\Admin\BrandControllerTest" classname="Tests.Feature.Http.Controllers.Api.Admin.BrandControllerTest" assertions="0" time="0.000000">
          <error type="Error">Tests\Feature\Http\Controllers\Api\Admin\BrandControllerTest::test_can_update_brand
Error: Class "Laravel\Dusk\DuskServiceProvider" not found

/var/www/html/vendor/laravel/framework/src/Illuminate/Foundation/Application.php:961
/var/www/html/vendor/laravel/framework/src/Illuminate/Foundation/Application.php:893
/var/www/html/app/Providers/AppServiceProvider.php:51
/var/www/html/vendor/laravel/framework/src/Illuminate/Foundation/Application.php:896
/var/www/html/vendor/laravel/framework/src/Illuminate/Foundation/ProviderRepository.php:74
/var/www/html/vendor/laravel/framework/src/Illuminate/Foundation/Application.php:871
/var/www/html/vendor/laravel/framework/src/Illuminate/Foundation/Bootstrap/RegisterProviders.php:37
/var/www/html/vendor/laravel/framework/src/Illuminate/Foundation/Application.php:342
/var/www/html/vendor/laravel/framework/src/Illuminate/Foundation/Console/Kernel.php:473
/var/www/html/tests/CreatesApplication.php:31
/var/www/html/vendor/laravel/framework/src/Illuminate/Foundation/Testing/TestCase.php:54
/var/www/html/vendor/laravel/framework/src/Illuminate/Foundation/Testing/Concerns/InteractsWithTestCaseLifecycle.php:92
/var/www/html/vendor/laravel/framework/src/Illuminate/Foundation/Testing/TestCase.php:44
/var/www/html/tests/TestCase.php:36</error>
        </testcase>
        <testcase name="test_validates_brand_update_request" file="/var/www/html/tests/Feature/Http/Controllers/Api/Admin/BrandControllerTest.php" line="172" class="Tests\Feature\Http\Controllers\Api\Admin\BrandControllerTest" classname="Tests.Feature.Http.Controllers.Api.Admin.BrandControllerTest" assertions="0" time="0.000000">
          <error type="Error">Tests\Feature\Http\Controllers\Api\Admin\BrandControllerTest::test_validates_brand_update_request
Error: Class "Laravel\Dusk\DuskServiceProvider" not found

/var/www/html/vendor/laravel/framework/src/Illuminate/Foundation/Application.php:961
/var/www/html/vendor/laravel/framework/src/Illuminate/Foundation/Application.php:893
/var/www/html/app/Providers/AppServiceProvider.php:51
/var/www/html/vendor/laravel/framework/src/Illuminate/Foundation/Application.php:896
/var/www/html/vendor/laravel/framework/src/Illuminate/Foundation/ProviderRepository.php:74
/var/www/html/vendor/laravel/framework/src/Illuminate/Foundation/Application.php:871
/var/www/html/vendor/laravel/framework/src/Illuminate/Foundation/Bootstrap/RegisterProviders.php:37
/var/www/html/vendor/laravel/framework/src/Illuminate/Foundation/Application.php:342
/var/www/html/vendor/laravel/framework/src/Illuminate/Foundation/Console/Kernel.php:473
/var/www/html/tests/CreatesApplication.php:31
/var/www/html/vendor/laravel/framework/src/Illuminate/Foundation/Testing/TestCase.php:54
/var/www/html/vendor/laravel/framework/src/Illuminate/Foundation/Testing/Concerns/InteractsWithTestCaseLifecycle.php:92
/var/www/html/vendor/laravel/framework/src/Illuminate/Foundation/Testing/TestCase.php:44
/var/www/html/tests/TestCase.php:36</error>
        </testcase>
        <testcase name="test_can_create_brand" file="/var/www/html/tests/Feature/Http/Controllers/Api/Admin/BrandControllerTest.php" line="91" class="Tests\Feature\Http\Controllers\Api\Admin\BrandControllerTest" classname="Tests.Feature.Http.Controllers.Api.Admin.BrandControllerTest" assertions="0" time="0.000000">
          <error type="Error">Tests\Feature\Http\Controllers\Api\Admin\BrandControllerTest::test_can_create_brand
Error: Class "Laravel\Dusk\DuskServiceProvider" not found

/var/www/html/vendor/laravel/framework/src/Illuminate/Foundation/Application.php:961
/var/www/html/vendor/laravel/framework/src/Illuminate/Foundation/Application.php:893
/var/www/html/app/Providers/AppServiceProvider.php:51
/var/www/html/vendor/laravel/framework/src/Illuminate/Foundation/Application.php:896
/var/www/html/vendor/laravel/framework/src/Illuminate/Foundation/ProviderRepository.php:74
/var/www/html/vendor/laravel/framework/src/Illuminate/Foundation/Application.php:871
/var/www/html/vendor/laravel/framework/src/Illuminate/Foundation/Bootstrap/RegisterProviders.php:37
/var/www/html/vendor/laravel/framework/src/Illuminate/Foundation/Application.php:342
/var/www/html/vendor/laravel/framework/src/Illuminate/Foundation/Console/Kernel.php:473
/var/www/html/tests/CreatesApplication.php:31
/var/www/html/vendor/laravel/framework/src/Illuminate/Foundation/Testing/TestCase.php:54
/var/www/html/vendor/laravel/framework/src/Illuminate/Foundation/Testing/Concerns/InteractsWithTestCaseLifecycle.php:92
/var/www/html/vendor/laravel/framework/src/Illuminate/Foundation/Testing/TestCase.php:44
/var/www/html/tests/TestCase.php:36</error>
        </testcase>
        <testcase name="test_can_show_specific_brand" file="/var/www/html/tests/Feature/Http/Controllers/Api/Admin/BrandControllerTest.php" line="61" class="Tests\Feature\Http\Controllers\Api\Admin\BrandControllerTest" classname="Tests.Feature.Http.Controllers.Api.Admin.BrandControllerTest" assertions="0" time="0.000000">
          <error type="Error">Tests\Feature\Http\Controllers\Api\Admin\BrandControllerTest::test_can_show_specific_brand
Error: Class "Laravel\Dusk\DuskServiceProvider" not found

/var/www/html/vendor/laravel/framework/src/Illuminate/Foundation/Application.php:961
/var/www/html/vendor/laravel/framework/src/Illuminate/Foundation/Application.php:893
/var/www/html/app/Providers/AppServiceProvider.php:51
/var/www/html/vendor/laravel/framework/src/Illuminate/Foundation/Application.php:896
/var/www/html/vendor/laravel/framework/src/Illuminate/Foundation/ProviderRepository.php:74
/var/www/html/vendor/laravel/framework/src/Illuminate/Foundation/Application.php:871
/var/www/html/vendor/laravel/framework/src/Illuminate/Foundation/Bootstrap/RegisterProviders.php:37
/var/www/html/vendor/laravel/framework/src/Illuminate/Foundation/Application.php:342
/var/www/html/vendor/laravel/framework/src/Illuminate/Foundation/Console/Kernel.php:473
/var/www/html/tests/CreatesApplication.php:31
/var/www/html/vendor/laravel/framework/src/Illuminate/Foundation/Testing/TestCase.php:54
/var/www/html/vendor/laravel/framework/src/Illuminate/Foundation/Testing/Concerns/InteractsWithTestCaseLifecycle.php:92
/var/www/html/vendor/laravel/framework/src/Illuminate/Foundation/Testing/TestCase.php:44
/var/www/html/tests/TestCase.php:36</error>
        </testcase>
        <testcase name="test_validates_brand_creation_request" file="/var/www/html/tests/Feature/Http/Controllers/Api/Admin/BrandControllerTest.php" line="118" class="Tests\Feature\Http\Controllers\Api\Admin\BrandControllerTest" classname="Tests.Feature.Http.Controllers.Api.Admin.BrandControllerTest" assertions="0" time="0.000000">
          <error type="Error">Tests\Feature\Http\Controllers\Api\Admin\BrandControllerTest::test_validates_brand_creation_request
Error: Class "Laravel\Dusk\DuskServiceProvider" not found

/var/www/html/vendor/laravel/framework/src/Illuminate/Foundation/Application.php:961
/var/www/html/vendor/laravel/framework/src/Illuminate/Foundation/Application.php:893
/var/www/html/app/Providers/AppServiceProvider.php:51
/var/www/html/vendor/laravel/framework/src/Illuminate/Foundation/Application.php:896
/var/www/html/vendor/laravel/framework/src/Illuminate/Foundation/ProviderRepository.php:74
/var/www/html/vendor/laravel/framework/src/Illuminate/Foundation/Application.php:871
/var/www/html/vendor/laravel/framework/src/Illuminate/Foundation/Bootstrap/RegisterProviders.php:37
/var/www/html/vendor/laravel/framework/src/Illuminate/Foundation/Application.php:342
/var/www/html/vendor/laravel/framework/src/Illuminate/Foundation/Console/Kernel.php:473
/var/www/html/tests/CreatesApplication.php:31
/var/www/html/vendor/laravel/framework/src/Illuminate/Foundation/Testing/TestCase.php:54
/var/www/html/vendor/laravel/framework/src/Illuminate/Foundation/Testing/Concerns/InteractsWithTestCaseLifecycle.php:92
/var/www/html/vendor/laravel/framework/src/Illuminate/Foundation/Testing/TestCase.php:44
/var/www/html/tests/TestCase.php:36</error>
        </testcase>
        <testcase name="test_can_list_brands" file="/var/www/html/tests/Feature/Http/Controllers/Api/Admin/BrandControllerTest.php" line="20" class="Tests\Feature\Http\Controllers\Api\Admin\BrandControllerTest" classname="Tests.Feature.Http.Controllers.Api.Admin.BrandControllerTest" assertions="0" time="0.000000">
          <error type="Error">Tests\Feature\Http\Controllers\Api\Admin\BrandControllerTest::test_can_list_brands
Error: Class "Laravel\Dusk\DuskServiceProvider" not found

/var/www/html/vendor/laravel/framework/src/Illuminate/Foundation/Application.php:961
/var/www/html/vendor/laravel/framework/src/Illuminate/Foundation/Application.php:893
/var/www/html/app/Providers/AppServiceProvider.php:51
/var/www/html/vendor/laravel/framework/src/Illuminate/Foundation/Application.php:896
/var/www/html/vendor/laravel/framework/src/Illuminate/Foundation/ProviderRepository.php:74
/var/www/html/vendor/laravel/framework/src/Illuminate/Foundation/Application.php:871
/var/www/html/vendor/laravel/framework/src/Illuminate/Foundation/Bootstrap/RegisterProviders.php:37
/var/www/html/vendor/laravel/framework/src/Illuminate/Foundation/Application.php:342
/var/www/html/vendor/laravel/framework/src/Illuminate/Foundation/Console/Kernel.php:473
/var/www/html/tests/CreatesApplication.php:31
/var/www/html/vendor/laravel/framework/src/Illuminate/Foundation/Testing/TestCase.php:54
/var/www/html/vendor/laravel/framework/src/Illuminate/Foundation/Testing/Concerns/InteractsWithTestCaseLifecycle.php:92
/var/www/html/vendor/laravel/framework/src/Illuminate/Foundation/Testing/TestCase.php:44
/var/www/html/tests/TestCase.php:36</error>
        </testcase>
        <testcase name="test_requires_admin_authentication_to_delete_brand" file="/var/www/html/tests/Feature/Http/Controllers/Api/Admin/BrandControllerTest.php" line="226" class="Tests\Feature\Http\Controllers\Api\Admin\BrandControllerTest" classname="Tests.Feature.Http.Controllers.Api.Admin.BrandControllerTest" assertions="0" time="0.000000">
          <error type="Error">Tests\Feature\Http\Controllers\Api\Admin\BrandControllerTest::test_requires_admin_authentication_to_delete_brand
Error: Class "Laravel\Dusk\DuskServiceProvider" not found

/var/www/html/vendor/laravel/framework/src/Illuminate/Foundation/Application.php:961
/var/www/html/vendor/laravel/framework/src/Illuminate/Foundation/Application.php:893
/var/www/html/app/Providers/AppServiceProvider.php:51
/var/www/html/vendor/laravel/framework/src/Illuminate/Foundation/Application.php:896
/var/www/html/vendor/laravel/framework/src/Illuminate/Foundation/ProviderRepository.php:74
/var/www/html/vendor/laravel/framework/src/Illuminate/Foundation/Application.php:871
/var/www/html/vendor/laravel/framework/src/Illuminate/Foundation/Bootstrap/RegisterProviders.php:37
/var/www/html/vendor/laravel/framework/src/Illuminate/Foundation/Application.php:342
/var/www/html/vendor/laravel/framework/src/Illuminate/Foundation/Console/Kernel.php:473
/var/www/html/tests/CreatesApplication.php:31
/var/www/html/vendor/laravel/framework/src/Illuminate/Foundation/Testing/TestCase.php:54
/var/www/html/vendor/laravel/framework/src/Illuminate/Foundation/Testing/Concerns/InteractsWithTestCaseLifecycle.php:92
/var/www/html/vendor/laravel/framework/src/Illuminate/Foundation/Testing/TestCase.php:44
/var/www/html/tests/TestCase.php:36</error>
        </testcase>
        <testcase name="test_can_delete_brand" file="/var/www/html/tests/Feature/Http/Controllers/Api/Admin/BrandControllerTest.php" line="199" class="Tests\Feature\Http\Controllers\Api\Admin\BrandControllerTest" classname="Tests.Feature.Http.Controllers.Api.Admin.BrandControllerTest" assertions="0" time="0.000000">
          <error type="Error">Tests\Feature\Http\Controllers\Api\Admin\BrandControllerTest::test_can_delete_brand
Error: Class "Laravel\Dusk\DuskServiceProvider" not found

/var/www/html/vendor/laravel/framework/src/Illuminate/Foundation/Application.php:961
/var/www/html/vendor/laravel/framework/src/Illuminate/Foundation/Application.php:893
/var/www/html/app/Providers/AppServiceProvider.php:51
/var/www/html/vendor/laravel/framework/src/Illuminate/Foundation/Application.php:896
/var/www/html/vendor/laravel/framework/src/Illuminate/Foundation/ProviderRepository.php:74
/var/www/html/vendor/laravel/framework/src/Illuminate/Foundation/Application.php:871
/var/www/html/vendor/laravel/framework/src/Illuminate/Foundation/Bootstrap/RegisterProviders.php:37
/var/www/html/vendor/laravel/framework/src/Illuminate/Foundation/Application.php:342
/var/www/html/vendor/laravel/framework/src/Illuminate/Foundation/Console/Kernel.php:473
/var/www/html/tests/CreatesApplication.php:31
/var/www/html/vendor/laravel/framework/src/Illuminate/Foundation/Testing/TestCase.php:54
/var/www/html/vendor/laravel/framework/src/Illuminate/Foundation/Testing/Concerns/InteractsWithTestCaseLifecycle.php:92
/var/www/html/vendor/laravel/framework/src/Illuminate/Foundation/Testing/TestCase.php:44
/var/www/html/tests/TestCase.php:36</error>
        </testcase>
        <testcase name="test_requires_admin_authentication_to_list_brands" file="/var/www/html/tests/Feature/Http/Controllers/Api/Admin/BrandControllerTest.php" line="44" class="Tests\Feature\Http\Controllers\Api\Admin\BrandControllerTest" classname="Tests.Feature.Http.Controllers.Api.Admin.BrandControllerTest" assertions="0" time="0.000000">
          <error type="Error">Tests\Feature\Http\Controllers\Api\Admin\BrandControllerTest::test_requires_admin_authentication_to_list_brands
Error: Class "Laravel\Dusk\DuskServiceProvider" not found

/var/www/html/vendor/laravel/framework/src/Illuminate/Foundation/Application.php:961
/var/www/html/vendor/laravel/framework/src/Illuminate/Foundation/Application.php:893
/var/www/html/app/Providers/AppServiceProvider.php:51
/var/www/html/vendor/laravel/framework/src/Illuminate/Foundation/Application.php:896
/var/www/html/vendor/laravel/framework/src/Illuminate/Foundation/ProviderRepository.php:74
/var/www/html/vendor/laravel/framework/src/Illuminate/Foundation/Application.php:871
/var/www/html/vendor/laravel/framework/src/Illuminate/Foundation/Bootstrap/RegisterProviders.php:37
/var/www/html/vendor/laravel/framework/src/Illuminate/Foundation/Application.php:342
/var/www/html/vendor/laravel/framework/src/Illuminate/Foundation/Console/Kernel.php:473
/var/www/html/tests/CreatesApplication.php:31
/var/www/html/vendor/laravel/framework/src/Illuminate/Foundation/Testing/TestCase.php:54
/var/www/html/vendor/laravel/framework/src/Illuminate/Foundation/Testing/Concerns/InteractsWithTestCaseLifecycle.php:92
/var/www/html/vendor/laravel/framework/src/Illuminate/Foundation/Testing/TestCase.php:44
/var/www/html/tests/TestCase.php:36</error>
        </testcase>
      </testsuite>
      <testsuite name="Tests\Feature\Http\Middleware\EncryptCookiesTest" file="/var/www/html/tests/Feature/Http/Middleware/EncryptCookiesTest.php" tests="4" assertions="0" errors="4" failures="0" skipped="0" time="0.000000">
        <testcase name="test_encrypt_cookies_middleware_handles_multiple_cookies" file="/var/www/html/tests/Feature/Http/Middleware/EncryptCookiesTest.php" line="64" class="Tests\Feature\Http\Middleware\EncryptCookiesTest" classname="Tests.Feature.Http.Middleware.EncryptCookiesTest" assertions="0" time="0.000000">
          <error type="Error">Tests\Feature\Http\Middleware\EncryptCookiesTest::test_encrypt_cookies_middleware_handles_multiple_cookies
Error: Class "Laravel\Dusk\DuskServiceProvider" not found

/var/www/html/vendor/laravel/framework/src/Illuminate/Foundation/Application.php:961
/var/www/html/vendor/laravel/framework/src/Illuminate/Foundation/Application.php:893
/var/www/html/app/Providers/AppServiceProvider.php:51
/var/www/html/vendor/laravel/framework/src/Illuminate/Foundation/Application.php:896
/var/www/html/vendor/laravel/framework/src/Illuminate/Foundation/ProviderRepository.php:74
/var/www/html/vendor/laravel/framework/src/Illuminate/Foundation/Application.php:871
/var/www/html/vendor/laravel/framework/src/Illuminate/Foundation/Bootstrap/RegisterProviders.php:37
/var/www/html/vendor/laravel/framework/src/Illuminate/Foundation/Application.php:342
/var/www/html/vendor/laravel/framework/src/Illuminate/Foundation/Console/Kernel.php:473
/var/www/html/tests/CreatesApplication.php:31
/var/www/html/vendor/laravel/framework/src/Illuminate/Foundation/Testing/TestCase.php:54
/var/www/html/vendor/laravel/framework/src/Illuminate/Foundation/Testing/Concerns/InteractsWithTestCaseLifecycle.php:92
/var/www/html/vendor/laravel/framework/src/Illuminate/Foundation/Testing/TestCase.php:44
/var/www/html/tests/TestCase.php:36</error>
        </testcase>
        <testcase name="test_encrypt_cookies_middleware_handles_existing_cookies" file="/var/www/html/tests/Feature/Http/Middleware/EncryptCookiesTest.php" line="93" class="Tests\Feature\Http\Middleware\EncryptCookiesTest" classname="Tests.Feature.Http.Middleware.EncryptCookiesTest" assertions="0" time="0.000000">
          <error type="Error">Tests\Feature\Http\Middleware\EncryptCookiesTest::test_encrypt_cookies_middleware_handles_existing_cookies
Error: Class "Laravel\Dusk\DuskServiceProvider" not found

/var/www/html/vendor/laravel/framework/src/Illuminate/Foundation/Application.php:961
/var/www/html/vendor/laravel/framework/src/Illuminate/Foundation/Application.php:893
/var/www/html/app/Providers/AppServiceProvider.php:51
/var/www/html/vendor/laravel/framework/src/Illuminate/Foundation/Application.php:896
/var/www/html/vendor/laravel/framework/src/Illuminate/Foundation/ProviderRepository.php:74
/var/www/html/vendor/laravel/framework/src/Illuminate/Foundation/Application.php:871
/var/www/html/vendor/laravel/framework/src/Illuminate/Foundation/Bootstrap/RegisterProviders.php:37
/var/www/html/vendor/laravel/framework/src/Illuminate/Foundation/Application.php:342
/var/www/html/vendor/laravel/framework/src/Illuminate/Foundation/Console/Kernel.php:473
/var/www/html/tests/CreatesApplication.php:31
/var/www/html/vendor/laravel/framework/src/Illuminate/Foundation/Testing/TestCase.php:54
/var/www/html/vendor/laravel/framework/src/Illuminate/Foundation/Testing/Concerns/InteractsWithTestCaseLifecycle.php:92
/var/www/html/vendor/laravel/framework/src/Illuminate/Foundation/Testing/TestCase.php:44
/var/www/html/tests/TestCase.php:36</error>
        </testcase>
        <testcase name="test_encrypt_cookies_middleware_encrypts_cookies" file="/var/www/html/tests/Feature/Http/Middleware/EncryptCookiesTest.php" line="19" class="Tests\Feature\Http\Middleware\EncryptCookiesTest" classname="Tests.Feature.Http.Middleware.EncryptCookiesTest" assertions="0" time="0.000000">
          <error type="Error">Tests\Feature\Http\Middleware\EncryptCookiesTest::test_encrypt_cookies_middleware_encrypts_cookies
Error: Class "Laravel\Dusk\DuskServiceProvider" not found

/var/www/html/vendor/laravel/framework/src/Illuminate/Foundation/Application.php:961
/var/www/html/vendor/laravel/framework/src/Illuminate/Foundation/Application.php:893
/var/www/html/app/Providers/AppServiceProvider.php:51
/var/www/html/vendor/laravel/framework/src/Illuminate/Foundation/Application.php:896
/var/www/html/vendor/laravel/framework/src/Illuminate/Foundation/ProviderRepository.php:74
/var/www/html/vendor/laravel/framework/src/Illuminate/Foundation/Application.php:871
/var/www/html/vendor/laravel/framework/src/Illuminate/Foundation/Bootstrap/RegisterProviders.php:37
/var/www/html/vendor/laravel/framework/src/Illuminate/Foundation/Application.php:342
/var/www/html/vendor/laravel/framework/src/Illuminate/Foundation/Console/Kernel.php:473
/var/www/html/tests/CreatesApplication.php:31
/var/www/html/vendor/laravel/framework/src/Illuminate/Foundation/Testing/TestCase.php:54
/var/www/html/vendor/laravel/framework/src/Illuminate/Foundation/Testing/Concerns/InteractsWithTestCaseLifecycle.php:92
/var/www/html/vendor/laravel/framework/src/Illuminate/Foundation/Testing/TestCase.php:44
/var/www/html/tests/TestCase.php:36</error>
        </testcase>
        <testcase name="test_encrypt_cookies_middleware_passes_request_successfully" file="/var/www/html/tests/Feature/Http/Middleware/EncryptCookiesTest.php" line="50" class="Tests\Feature\Http\Middleware\EncryptCookiesTest" classname="Tests.Feature.Http.Middleware.EncryptCookiesTest" assertions="0" time="0.000000">
          <error type="Error">Tests\Feature\Http\Middleware\EncryptCookiesTest::test_encrypt_cookies_middleware_passes_request_successfully
Error: Class "Laravel\Dusk\DuskServiceProvider" not found

/var/www/html/vendor/laravel/framework/src/Illuminate/Foundation/Application.php:961
/var/www/html/vendor/laravel/framework/src/Illuminate/Foundation/Application.php:893
/var/www/html/app/Providers/AppServiceProvider.php:51
/var/www/html/vendor/laravel/framework/src/Illuminate/Foundation/Application.php:896
/var/www/html/vendor/laravel/framework/src/Illuminate/Foundation/ProviderRepository.php:74
/var/www/html/vendor/laravel/framework/src/Illuminate/Foundation/Application.php:871
/var/www/html/vendor/laravel/framework/src/Illuminate/Foundation/Bootstrap/RegisterProviders.php:37
/var/www/html/vendor/laravel/framework/src/Illuminate/Foundation/Application.php:342
/var/www/html/vendor/laravel/framework/src/Illuminate/Foundation/Console/Kernel.php:473
/var/www/html/tests/CreatesApplication.php:31
/var/www/html/vendor/laravel/framework/src/Illuminate/Foundation/Testing/TestCase.php:54
/var/www/html/vendor/laravel/framework/src/Illuminate/Foundation/Testing/Concerns/InteractsWithTestCaseLifecycle.php:92
/var/www/html/vendor/laravel/framework/src/Illuminate/Foundation/Testing/TestCase.php:44
/var/www/html/tests/TestCase.php:36</error>
        </testcase>
      </testsuite>
      <testsuite name="Tests\Feature\Models\ProductTest" file="/var/www/html/tests/Feature/Models/ProductTest.php" tests="27" assertions="0" errors="27" failures="0" skipped="0" time="0.000000">
        <testcase name="test_it_has_many_reviews" file="/var/www/html/tests/Feature/Models/ProductTest.php" line="123" class="Tests\Feature\Models\ProductTest" classname="Tests.Feature.Models.ProductTest" assertions="0" time="0.000000">
          <error type="Error">Tests\Feature\Models\ProductTest::test_it_has_many_reviews
Error: Class "Laravel\Dusk\DuskServiceProvider" not found

/var/www/html/vendor/laravel/framework/src/Illuminate/Foundation/Application.php:961
/var/www/html/vendor/laravel/framework/src/Illuminate/Foundation/Application.php:893
/var/www/html/app/Providers/AppServiceProvider.php:51
/var/www/html/vendor/laravel/framework/src/Illuminate/Foundation/Application.php:896
/var/www/html/vendor/laravel/framework/src/Illuminate/Foundation/ProviderRepository.php:74
/var/www/html/vendor/laravel/framework/src/Illuminate/Foundation/Application.php:871
/var/www/html/vendor/laravel/framework/src/Illuminate/Foundation/Bootstrap/RegisterProviders.php:37
/var/www/html/vendor/laravel/framework/src/Illuminate/Foundation/Application.php:342
/var/www/html/vendor/laravel/framework/src/Illuminate/Foundation/Console/Kernel.php:473
/var/www/html/tests/CreatesApplication.php:31
/var/www/html/vendor/laravel/framework/src/Illuminate/Foundation/Testing/TestCase.php:54
/var/www/html/vendor/laravel/framework/src/Illuminate/Foundation/Testing/Concerns/InteractsWithTestCaseLifecycle.php:92
/var/www/html/vendor/laravel/framework/src/Illuminate/Foundation/Testing/TestCase.php:44
/var/www/html/tests/TestCase.php:36
/var/www/html/tests/Feature/Models/ProductTest.php:24</error>
        </testcase>
        <testcase name="test_soft_deletes" file="/var/www/html/tests/Feature/Models/ProductTest.php" line="381" class="Tests\Feature\Models\ProductTest" classname="Tests.Feature.Models.ProductTest" assertions="0" time="0.000000">
          <error type="Error">Tests\Feature\Models\ProductTest::test_soft_deletes
Error: Class "Laravel\Dusk\DuskServiceProvider" not found

/var/www/html/vendor/laravel/framework/src/Illuminate/Foundation/Application.php:961
/var/www/html/vendor/laravel/framework/src/Illuminate/Foundation/Application.php:893
/var/www/html/app/Providers/AppServiceProvider.php:51
/var/www/html/vendor/laravel/framework/src/Illuminate/Foundation/Application.php:896
/var/www/html/vendor/laravel/framework/src/Illuminate/Foundation/ProviderRepository.php:74
/var/www/html/vendor/laravel/framework/src/Illuminate/Foundation/Application.php:871
/var/www/html/vendor/laravel/framework/src/Illuminate/Foundation/Bootstrap/RegisterProviders.php:37
/var/www/html/vendor/laravel/framework/src/Illuminate/Foundation/Application.php:342
/var/www/html/vendor/laravel/framework/src/Illuminate/Foundation/Console/Kernel.php:473
/var/www/html/tests/CreatesApplication.php:31
/var/www/html/vendor/laravel/framework/src/Illuminate/Foundation/Testing/TestCase.php:54
/var/www/html/vendor/laravel/framework/src/Illuminate/Foundation/Testing/Concerns/InteractsWithTestCaseLifecycle.php:92
/var/www/html/vendor/laravel/framework/src/Illuminate/Foundation/Testing/TestCase.php:44
/var/www/html/tests/TestCase.php:36
/var/www/html/tests/Feature/Models/ProductTest.php:24</error>
        </testcase>
        <testcase name="test_get_current_price_without_active_offer" file="/var/www/html/tests/Feature/Models/ProductTest.php" line="283" class="Tests\Feature\Models\ProductTest" classname="Tests.Feature.Models.ProductTest" assertions="0" time="0.000000">
          <error type="Error">Tests\Feature\Models\ProductTest::test_get_current_price_without_active_offer
Error: Class "Laravel\Dusk\DuskServiceProvider" not found

/var/www/html/vendor/laravel/framework/src/Illuminate/Foundation/Application.php:961
/var/www/html/vendor/laravel/framework/src/Illuminate/Foundation/Application.php:893
/var/www/html/app/Providers/AppServiceProvider.php:51
/var/www/html/vendor/laravel/framework/src/Illuminate/Foundation/Application.php:896
/var/www/html/vendor/laravel/framework/src/Illuminate/Foundation/ProviderRepository.php:74
/var/www/html/vendor/laravel/framework/src/Illuminate/Foundation/Application.php:871
/var/www/html/vendor/laravel/framework/src/Illuminate/Foundation/Bootstrap/RegisterProviders.php:37
/var/www/html/vendor/laravel/framework/src/Illuminate/Foundation/Application.php:342
/var/www/html/vendor/laravel/framework/src/Illuminate/Foundation/Console/Kernel.php:473
/var/www/html/tests/CreatesApplication.php:31
/var/www/html/vendor/laravel/framework/src/Illuminate/Foundation/Testing/TestCase.php:54
/var/www/html/vendor/laravel/framework/src/Illuminate/Foundation/Testing/Concerns/InteractsWithTestCaseLifecycle.php:92
/var/www/html/vendor/laravel/framework/src/Illuminate/Foundation/Testing/TestCase.php:44
/var/www/html/tests/TestCase.php:36
/var/www/html/tests/Feature/Models/ProductTest.php:24</error>
        </testcase>
        <testcase name="test_scope_active_filters_active_products" file="/var/www/html/tests/Feature/Models/ProductTest.php" line="165" class="Tests\Feature\Models\ProductTest" classname="Tests.Feature.Models.ProductTest" assertions="0" time="0.000000">
          <error type="Error">Tests\Feature\Models\ProductTest::test_scope_active_filters_active_products
Error: Class "Laravel\Dusk\DuskServiceProvider" not found

/var/www/html/vendor/laravel/framework/src/Illuminate/Foundation/Application.php:961
/var/www/html/vendor/laravel/framework/src/Illuminate/Foundation/Application.php:893
/var/www/html/app/Providers/AppServiceProvider.php:51
/var/www/html/vendor/laravel/framework/src/Illuminate/Foundation/Application.php:896
/var/www/html/vendor/laravel/framework/src/Illuminate/Foundation/ProviderRepository.php:74
/var/www/html/vendor/laravel/framework/src/Illuminate/Foundation/Application.php:871
/var/www/html/vendor/laravel/framework/src/Illuminate/Foundation/Bootstrap/RegisterProviders.php:37
/var/www/html/vendor/laravel/framework/src/Illuminate/Foundation/Application.php:342
/var/www/html/vendor/laravel/framework/src/Illuminate/Foundation/Console/Kernel.php:473
/var/www/html/tests/CreatesApplication.php:31
/var/www/html/vendor/laravel/framework/src/Illuminate/Foundation/Testing/TestCase.php:54
/var/www/html/vendor/laravel/framework/src/Illuminate/Foundation/Testing/Concerns/InteractsWithTestCaseLifecycle.php:92
/var/www/html/vendor/laravel/framework/src/Illuminate/Foundation/Testing/TestCase.php:44
/var/www/html/tests/TestCase.php:36
/var/www/html/tests/Feature/Models/ProductTest.php:24</error>
        </testcase>
        <testcase name="test_fillable_attributes" file="/var/www/html/tests/Feature/Models/ProductTest.php" line="426" class="Tests\Feature\Models\ProductTest" classname="Tests.Feature.Models.ProductTest" assertions="0" time="0.000000">
          <error type="Error">Tests\Feature\Models\ProductTest::test_fillable_attributes
Error: Class "Laravel\Dusk\DuskServiceProvider" not found

/var/www/html/vendor/laravel/framework/src/Illuminate/Foundation/Application.php:961
/var/www/html/vendor/laravel/framework/src/Illuminate/Foundation/Application.php:893
/var/www/html/app/Providers/AppServiceProvider.php:51
/var/www/html/vendor/laravel/framework/src/Illuminate/Foundation/Application.php:896
/var/www/html/vendor/laravel/framework/src/Illuminate/Foundation/ProviderRepository.php:74
/var/www/html/vendor/laravel/framework/src/Illuminate/Foundation/Application.php:871
/var/www/html/vendor/laravel/framework/src/Illuminate/Foundation/Bootstrap/RegisterProviders.php:37
/var/www/html/vendor/laravel/framework/src/Illuminate/Foundation/Application.php:342
/var/www/html/vendor/laravel/framework/src/Illuminate/Foundation/Console/Kernel.php:473
/var/www/html/tests/CreatesApplication.php:31
/var/www/html/vendor/laravel/framework/src/Illuminate/Foundation/Testing/TestCase.php:54
/var/www/html/vendor/laravel/framework/src/Illuminate/Foundation/Testing/Concerns/InteractsWithTestCaseLifecycle.php:92
/var/www/html/vendor/laravel/framework/src/Illuminate/Foundation/Testing/TestCase.php:44
/var/www/html/tests/TestCase.php:36
/var/www/html/tests/Feature/Models/ProductTest.php:24</error>
        </testcase>
        <testcase name="test_it_belongs_to_store" file="/var/www/html/tests/Feature/Models/ProductTest.php" line="99" class="Tests\Feature\Models\ProductTest" classname="Tests.Feature.Models.ProductTest" assertions="0" time="0.000000">
          <error type="Error">Tests\Feature\Models\ProductTest::test_it_belongs_to_store
Error: Class "Laravel\Dusk\DuskServiceProvider" not found

/var/www/html/vendor/laravel/framework/src/Illuminate/Foundation/Application.php:961
/var/www/html/vendor/laravel/framework/src/Illuminate/Foundation/Application.php:893
/var/www/html/app/Providers/AppServiceProvider.php:51
/var/www/html/vendor/laravel/framework/src/Illuminate/Foundation/Application.php:896
/var/www/html/vendor/laravel/framework/src/Illuminate/Foundation/ProviderRepository.php:74
/var/www/html/vendor/laravel/framework/src/Illuminate/Foundation/Application.php:871
/var/www/html/vendor/laravel/framework/src/Illuminate/Foundation/Bootstrap/RegisterProviders.php:37
/var/www/html/vendor/laravel/framework/src/Illuminate/Foundation/Application.php:342
/var/www/html/vendor/laravel/framework/src/Illuminate/Foundation/Console/Kernel.php:473
/var/www/html/tests/CreatesApplication.php:31
/var/www/html/vendor/laravel/framework/src/Illuminate/Foundation/Testing/TestCase.php:54
/var/www/html/vendor/laravel/framework/src/Illuminate/Foundation/Testing/Concerns/InteractsWithTestCaseLifecycle.php:92
/var/www/html/vendor/laravel/framework/src/Illuminate/Foundation/Testing/TestCase.php:44
/var/www/html/tests/TestCase.php:36
/var/www/html/tests/Feature/Models/ProductTest.php:24</error>
        </testcase>
        <testcase name="test_it_casts_attributes_correctly" file="/var/www/html/tests/Feature/Models/ProductTest.php" line="62" class="Tests\Feature\Models\ProductTest" classname="Tests.Feature.Models.ProductTest" assertions="0" time="0.000000">
          <error type="Error">Tests\Feature\Models\ProductTest::test_it_casts_attributes_correctly
Error: Class "Laravel\Dusk\DuskServiceProvider" not found

/var/www/html/vendor/laravel/framework/src/Illuminate/Foundation/Application.php:961
/var/www/html/vendor/laravel/framework/src/Illuminate/Foundation/Application.php:893
/var/www/html/app/Providers/AppServiceProvider.php:51
/var/www/html/vendor/laravel/framework/src/Illuminate/Foundation/Application.php:896
/var/www/html/vendor/laravel/framework/src/Illuminate/Foundation/ProviderRepository.php:74
/var/www/html/vendor/laravel/framework/src/Illuminate/Foundation/Application.php:871
/var/www/html/vendor/laravel/framework/src/Illuminate/Foundation/Bootstrap/RegisterProviders.php:37
/var/www/html/vendor/laravel/framework/src/Illuminate/Foundation/Application.php:342
/var/www/html/vendor/laravel/framework/src/Illuminate/Foundation/Console/Kernel.php:473
/var/www/html/tests/CreatesApplication.php:31
/var/www/html/vendor/laravel/framework/src/Illuminate/Foundation/Testing/TestCase.php:54
/var/www/html/vendor/laravel/framework/src/Illuminate/Foundation/Testing/Concerns/InteractsWithTestCaseLifecycle.php:92
/var/www/html/vendor/laravel/framework/src/Illuminate/Foundation/Testing/TestCase.php:44
/var/www/html/tests/TestCase.php:36
/var/www/html/tests/Feature/Models/ProductTest.php:24</error>
        </testcase>
        <testcase name="test_factory_creates_valid_product" file="/var/www/html/tests/Feature/Models/ProductTest.php" line="412" class="Tests\Feature\Models\ProductTest" classname="Tests.Feature.Models.ProductTest" assertions="0" time="0.000000">
          <error type="Error">Tests\Feature\Models\ProductTest::test_factory_creates_valid_product
Error: Class "Laravel\Dusk\DuskServiceProvider" not found

/var/www/html/vendor/laravel/framework/src/Illuminate/Foundation/Application.php:961
/var/www/html/vendor/laravel/framework/src/Illuminate/Foundation/Application.php:893
/var/www/html/app/Providers/AppServiceProvider.php:51
/var/www/html/vendor/laravel/framework/src/Illuminate/Foundation/Application.php:896
/var/www/html/vendor/laravel/framework/src/Illuminate/Foundation/ProviderRepository.php:74
/var/www/html/vendor/laravel/framework/src/Illuminate/Foundation/Application.php:871
/var/www/html/vendor/laravel/framework/src/Illuminate/Foundation/Bootstrap/RegisterProviders.php:37
/var/www/html/vendor/laravel/framework/src/Illuminate/Foundation/Application.php:342
/var/www/html/vendor/laravel/framework/src/Illuminate/Foundation/Console/Kernel.php:473
/var/www/html/tests/CreatesApplication.php:31
/var/www/html/vendor/laravel/framework/src/Illuminate/Foundation/Testing/TestCase.php:54
/var/www/html/vendor/laravel/framework/src/Illuminate/Foundation/Testing/Concerns/InteractsWithTestCaseLifecycle.php:92
/var/www/html/vendor/laravel/framework/src/Illuminate/Foundation/Testing/TestCase.php:44
/var/www/html/tests/TestCase.php:36
/var/www/html/tests/Feature/Models/ProductTest.php:24</error>
        </testcase>
        <testcase name="test_scope_search_filters_by_name" file="/var/www/html/tests/Feature/Models/ProductTest.php" line="178" class="Tests\Feature\Models\ProductTest" classname="Tests.Feature.Models.ProductTest" assertions="0" time="0.000000">
          <error type="Error">Tests\Feature\Models\ProductTest::test_scope_search_filters_by_name
Error: Class "Laravel\Dusk\DuskServiceProvider" not found

/var/www/html/vendor/laravel/framework/src/Illuminate/Foundation/Application.php:961
/var/www/html/vendor/laravel/framework/src/Illuminate/Foundation/Application.php:893
/var/www/html/app/Providers/AppServiceProvider.php:51
/var/www/html/vendor/laravel/framework/src/Illuminate/Foundation/Application.php:896
/var/www/html/vendor/laravel/framework/src/Illuminate/Foundation/ProviderRepository.php:74
/var/www/html/vendor/laravel/framework/src/Illuminate/Foundation/Application.php:871
/var/www/html/vendor/laravel/framework/src/Illuminate/Foundation/Bootstrap/RegisterProviders.php:37
/var/www/html/vendor/laravel/framework/src/Illuminate/Foundation/Application.php:342
/var/www/html/vendor/laravel/framework/src/Illuminate/Foundation/Console/Kernel.php:473
/var/www/html/tests/CreatesApplication.php:31
/var/www/html/vendor/laravel/framework/src/Illuminate/Foundation/Testing/TestCase.php:54
/var/www/html/vendor/laravel/framework/src/Illuminate/Foundation/Testing/Concerns/InteractsWithTestCaseLifecycle.php:92
/var/www/html/vendor/laravel/framework/src/Illuminate/Foundation/Testing/TestCase.php:44
/var/www/html/tests/TestCase.php:36
/var/www/html/tests/Feature/Models/ProductTest.php:24</error>
        </testcase>
        <testcase name="test_booted_deletes_related_records" file="/var/www/html/tests/Feature/Models/ProductTest.php" line="391" class="Tests\Feature\Models\ProductTest" classname="Tests.Feature.Models.ProductTest" assertions="0" time="0.000000">
          <error type="Error">Tests\Feature\Models\ProductTest::test_booted_deletes_related_records
Error: Class "Laravel\Dusk\DuskServiceProvider" not found

/var/www/html/vendor/laravel/framework/src/Illuminate/Foundation/Application.php:961
/var/www/html/vendor/laravel/framework/src/Illuminate/Foundation/Application.php:893
/var/www/html/app/Providers/AppServiceProvider.php:51
/var/www/html/vendor/laravel/framework/src/Illuminate/Foundation/Application.php:896
/var/www/html/vendor/laravel/framework/src/Illuminate/Foundation/ProviderRepository.php:74
/var/www/html/vendor/laravel/framework/src/Illuminate/Foundation/Application.php:871
/var/www/html/vendor/laravel/framework/src/Illuminate/Foundation/Bootstrap/RegisterProviders.php:37
/var/www/html/vendor/laravel/framework/src/Illuminate/Foundation/Application.php:342
/var/www/html/vendor/laravel/framework/src/Illuminate/Foundation/Console/Kernel.php:473
/var/www/html/tests/CreatesApplication.php:31
/var/www/html/vendor/laravel/framework/src/Illuminate/Foundation/Testing/TestCase.php:54
/var/www/html/vendor/laravel/framework/src/Illuminate/Foundation/Testing/Concerns/InteractsWithTestCaseLifecycle.php:92
/var/www/html/vendor/laravel/framework/src/Illuminate/Foundation/Testing/TestCase.php:44
/var/www/html/tests/TestCase.php:36
/var/www/html/tests/Feature/Models/ProductTest.php:24</error>
        </testcase>
        <testcase name="test_validation_fails_with_negative_price" file="/var/www/html/tests/Feature/Models/ProductTest.php" line="363" class="Tests\Feature\Models\ProductTest" classname="Tests.Feature.Models.ProductTest" assertions="0" time="0.000000">
          <error type="Error">Tests\Feature\Models\ProductTest::test_validation_fails_with_negative_price
Error: Class "Laravel\Dusk\DuskServiceProvider" not found

/var/www/html/vendor/laravel/framework/src/Illuminate/Foundation/Application.php:961
/var/www/html/vendor/laravel/framework/src/Illuminate/Foundation/Application.php:893
/var/www/html/app/Providers/AppServiceProvider.php:51
/var/www/html/vendor/laravel/framework/src/Illuminate/Foundation/Application.php:896
/var/www/html/vendor/laravel/framework/src/Illuminate/Foundation/ProviderRepository.php:74
/var/www/html/vendor/laravel/framework/src/Illuminate/Foundation/Application.php:871
/var/www/html/vendor/laravel/framework/src/Illuminate/Foundation/Bootstrap/RegisterProviders.php:37
/var/www/html/vendor/laravel/framework/src/Illuminate/Foundation/Application.php:342
/var/www/html/vendor/laravel/framework/src/Illuminate/Foundation/Console/Kernel.php:473
/var/www/html/tests/CreatesApplication.php:31
/var/www/html/vendor/laravel/framework/src/Illuminate/Foundation/Testing/TestCase.php:54
/var/www/html/vendor/laravel/framework/src/Illuminate/Foundation/Testing/Concerns/InteractsWithTestCaseLifecycle.php:92
/var/www/html/vendor/laravel/framework/src/Illuminate/Foundation/Testing/TestCase.php:44
/var/www/html/tests/TestCase.php:36
/var/www/html/tests/Feature/Models/ProductTest.php:24</error>
        </testcase>
        <testcase name="test_get_price_history" file="/var/www/html/tests/Feature/Models/ProductTest.php" line="293" class="Tests\Feature\Models\ProductTest" classname="Tests.Feature.Models.ProductTest" assertions="0" time="0.000000">
          <error type="Error">Tests\Feature\Models\ProductTest::test_get_price_history
Error: Class "Laravel\Dusk\DuskServiceProvider" not found

/var/www/html/vendor/laravel/framework/src/Illuminate/Foundation/Application.php:961
/var/www/html/vendor/laravel/framework/src/Illuminate/Foundation/Application.php:893
/var/www/html/app/Providers/AppServiceProvider.php:51
/var/www/html/vendor/laravel/framework/src/Illuminate/Foundation/Application.php:896
/var/www/html/vendor/laravel/framework/src/Illuminate/Foundation/ProviderRepository.php:74
/var/www/html/vendor/laravel/framework/src/Illuminate/Foundation/Application.php:871
/var/www/html/vendor/laravel/framework/src/Illuminate/Foundation/Bootstrap/RegisterProviders.php:37
/var/www/html/vendor/laravel/framework/src/Illuminate/Foundation/Application.php:342
/var/www/html/vendor/laravel/framework/src/Illuminate/Foundation/Console/Kernel.php:473
/var/www/html/tests/CreatesApplication.php:31
/var/www/html/vendor/laravel/framework/src/Illuminate/Foundation/Testing/TestCase.php:54
/var/www/html/vendor/laravel/framework/src/Illuminate/Foundation/Testing/Concerns/InteractsWithTestCaseLifecycle.php:92
/var/www/html/vendor/laravel/framework/src/Illuminate/Foundation/Testing/TestCase.php:44
/var/www/html/tests/TestCase.php:36
/var/www/html/tests/Feature/Models/ProductTest.php:24</error>
        </testcase>
        <testcase name="test_validation_passes_with_string_price" file="/var/www/html/tests/Feature/Models/ProductTest.php" line="345" class="Tests\Feature\Models\ProductTest" classname="Tests.Feature.Models.ProductTest" assertions="0" time="0.000000">
          <error type="Error">Tests\Feature\Models\ProductTest::test_validation_passes_with_string_price
Error: Class "Laravel\Dusk\DuskServiceProvider" not found

/var/www/html/vendor/laravel/framework/src/Illuminate/Foundation/Application.php:961
/var/www/html/vendor/laravel/framework/src/Illuminate/Foundation/Application.php:893
/var/www/html/app/Providers/AppServiceProvider.php:51
/var/www/html/vendor/laravel/framework/src/Illuminate/Foundation/Application.php:896
/var/www/html/vendor/laravel/framework/src/Illuminate/Foundation/ProviderRepository.php:74
/var/www/html/vendor/laravel/framework/src/Illuminate/Foundation/Application.php:871
/var/www/html/vendor/laravel/framework/src/Illuminate/Foundation/Bootstrap/RegisterProviders.php:37
/var/www/html/vendor/laravel/framework/src/Illuminate/Foundation/Application.php:342
/var/www/html/vendor/laravel/framework/src/Illuminate/Foundation/Console/Kernel.php:473
/var/www/html/tests/CreatesApplication.php:31
/var/www/html/vendor/laravel/framework/src/Illuminate/Foundation/Testing/TestCase.php:54
/var/www/html/vendor/laravel/framework/src/Illuminate/Foundation/Testing/Concerns/InteractsWithTestCaseLifecycle.php:92
/var/www/html/vendor/laravel/framework/src/Illuminate/Foundation/Testing/TestCase.php:44
/var/www/html/tests/TestCase.php:36
/var/www/html/tests/Feature/Models/ProductTest.php:24</error>
        </testcase>
        <testcase name="test_is_in_wishlist" file="/var/www/html/tests/Feature/Models/ProductTest.php" line="256" class="Tests\Feature\Models\ProductTest" classname="Tests.Feature.Models.ProductTest" assertions="0" time="0.000000">
          <error type="Error">Tests\Feature\Models\ProductTest::test_is_in_wishlist
Error: Class "Laravel\Dusk\DuskServiceProvider" not found

/var/www/html/vendor/laravel/framework/src/Illuminate/Foundation/Application.php:961
/var/www/html/vendor/laravel/framework/src/Illuminate/Foundation/Application.php:893
/var/www/html/app/Providers/AppServiceProvider.php:51
/var/www/html/vendor/laravel/framework/src/Illuminate/Foundation/Application.php:896
/var/www/html/vendor/laravel/framework/src/Illuminate/Foundation/ProviderRepository.php:74
/var/www/html/vendor/laravel/framework/src/Illuminate/Foundation/Application.php:871
/var/www/html/vendor/laravel/framework/src/Illuminate/Foundation/Bootstrap/RegisterProviders.php:37
/var/www/html/vendor/laravel/framework/src/Illuminate/Foundation/Application.php:342
/var/www/html/vendor/laravel/framework/src/Illuminate/Foundation/Console/Kernel.php:473
/var/www/html/tests/CreatesApplication.php:31
/var/www/html/vendor/laravel/framework/src/Illuminate/Foundation/Testing/TestCase.php:54
/var/www/html/vendor/laravel/framework/src/Illuminate/Foundation/Testing/Concerns/InteractsWithTestCaseLifecycle.php:92
/var/www/html/vendor/laravel/framework/src/Illuminate/Foundation/Testing/TestCase.php:44
/var/www/html/tests/TestCase.php:36
/var/www/html/tests/Feature/Models/ProductTest.php:24</error>
        </testcase>
        <testcase name="test_it_has_many_wishlists" file="/var/www/html/tests/Feature/Models/ProductTest.php" line="137" class="Tests\Feature\Models\ProductTest" classname="Tests.Feature.Models.ProductTest" assertions="0" time="0.000000">
          <error type="Error">Tests\Feature\Models\ProductTest::test_it_has_many_wishlists
Error: Class "Laravel\Dusk\DuskServiceProvider" not found

/var/www/html/vendor/laravel/framework/src/Illuminate/Foundation/Application.php:961
/var/www/html/vendor/laravel/framework/src/Illuminate/Foundation/Application.php:893
/var/www/html/app/Providers/AppServiceProvider.php:51
/var/www/html/vendor/laravel/framework/src/Illuminate/Foundation/Application.php:896
/var/www/html/vendor/laravel/framework/src/Illuminate/Foundation/ProviderRepository.php:74
/var/www/html/vendor/laravel/framework/src/Illuminate/Foundation/Application.php:871
/var/www/html/vendor/laravel/framework/src/Illuminate/Foundation/Bootstrap/RegisterProviders.php:37
/var/www/html/vendor/laravel/framework/src/Illuminate/Foundation/Application.php:342
/var/www/html/vendor/laravel/framework/src/Illuminate/Foundation/Console/Kernel.php:473
/var/www/html/tests/CreatesApplication.php:31
/var/www/html/vendor/laravel/framework/src/Illuminate/Foundation/Testing/TestCase.php:54
/var/www/html/vendor/laravel/framework/src/Illuminate/Foundation/Testing/Concerns/InteractsWithTestCaseLifecycle.php:92
/var/www/html/vendor/laravel/framework/src/Illuminate/Foundation/Testing/TestCase.php:44
/var/www/html/tests/TestCase.php:36
/var/www/html/tests/Feature/Models/ProductTest.php:24</error>
        </testcase>
        <testcase name="test_get_average_rating" file="/var/www/html/tests/Feature/Models/ProductTest.php" line="210" class="Tests\Feature\Models\ProductTest" classname="Tests.Feature.Models.ProductTest" assertions="0" time="0.000000">
          <error type="Error">Tests\Feature\Models\ProductTest::test_get_average_rating
Error: Class "Laravel\Dusk\DuskServiceProvider" not found

/var/www/html/vendor/laravel/framework/src/Illuminate/Foundation/Application.php:961
/var/www/html/vendor/laravel/framework/src/Illuminate/Foundation/Application.php:893
/var/www/html/app/Providers/AppServiceProvider.php:51
/var/www/html/vendor/laravel/framework/src/Illuminate/Foundation/Application.php:896
/var/www/html/vendor/laravel/framework/src/Illuminate/Foundation/ProviderRepository.php:74
/var/www/html/vendor/laravel/framework/src/Illuminate/Foundation/Application.php:871
/var/www/html/vendor/laravel/framework/src/Illuminate/Foundation/Bootstrap/RegisterProviders.php:37
/var/www/html/vendor/laravel/framework/src/Illuminate/Foundation/Application.php:342
/var/www/html/vendor/laravel/framework/src/Illuminate/Foundation/Console/Kernel.php:473
/var/www/html/tests/CreatesApplication.php:31
/var/www/html/vendor/laravel/framework/src/Illuminate/Foundation/Testing/TestCase.php:54
/var/www/html/vendor/laravel/framework/src/Illuminate/Foundation/Testing/Concerns/InteractsWithTestCaseLifecycle.php:92
/var/www/html/vendor/laravel/framework/src/Illuminate/Foundation/Testing/TestCase.php:44
/var/www/html/tests/TestCase.php:36
/var/www/html/tests/Feature/Models/ProductTest.php:24</error>
        </testcase>
        <testcase name="test_it_belongs_to_brand" file="/var/www/html/tests/Feature/Models/ProductTest.php" line="79" class="Tests\Feature\Models\ProductTest" classname="Tests.Feature.Models.ProductTest" assertions="0" time="0.000000">
          <error type="Error">Tests\Feature\Models\ProductTest::test_it_belongs_to_brand
Error: Class "Laravel\Dusk\DuskServiceProvider" not found

/var/www/html/vendor/laravel/framework/src/Illuminate/Foundation/Application.php:961
/var/www/html/vendor/laravel/framework/src/Illuminate/Foundation/Application.php:893
/var/www/html/app/Providers/AppServiceProvider.php:51
/var/www/html/vendor/laravel/framework/src/Illuminate/Foundation/Application.php:896
/var/www/html/vendor/laravel/framework/src/Illuminate/Foundation/ProviderRepository.php:74
/var/www/html/vendor/laravel/framework/src/Illuminate/Foundation/Application.php:871
/var/www/html/vendor/laravel/framework/src/Illuminate/Foundation/Bootstrap/RegisterProviders.php:37
/var/www/html/vendor/laravel/framework/src/Illuminate/Foundation/Application.php:342
/var/www/html/vendor/laravel/framework/src/Illuminate/Foundation/Console/Kernel.php:473
/var/www/html/tests/CreatesApplication.php:31
/var/www/html/vendor/laravel/framework/src/Illuminate/Foundation/Testing/TestCase.php:54
/var/www/html/vendor/laravel/framework/src/Illuminate/Foundation/Testing/Concerns/InteractsWithTestCaseLifecycle.php:92
/var/www/html/vendor/laravel/framework/src/Illuminate/Foundation/Testing/TestCase.php:44
/var/www/html/tests/TestCase.php:36
/var/www/html/tests/Feature/Models/ProductTest.php:24</error>
        </testcase>
        <testcase name="test_validation_fails_with_missing_required_fields" file="/var/www/html/tests/Feature/Models/ProductTest.php" line="332" class="Tests\Feature\Models\ProductTest" classname="Tests.Feature.Models.ProductTest" assertions="0" time="0.000000">
          <error type="Error">Tests\Feature\Models\ProductTest::test_validation_fails_with_missing_required_fields
Error: Class "Laravel\Dusk\DuskServiceProvider" not found

/var/www/html/vendor/laravel/framework/src/Illuminate/Foundation/Application.php:961
/var/www/html/vendor/laravel/framework/src/Illuminate/Foundation/Application.php:893
/var/www/html/app/Providers/AppServiceProvider.php:51
/var/www/html/vendor/laravel/framework/src/Illuminate/Foundation/Application.php:896
/var/www/html/vendor/laravel/framework/src/Illuminate/Foundation/ProviderRepository.php:74
/var/www/html/vendor/laravel/framework/src/Illuminate/Foundation/Application.php:871
/var/www/html/vendor/laravel/framework/src/Illuminate/Foundation/Bootstrap/RegisterProviders.php:37
/var/www/html/vendor/laravel/framework/src/Illuminate/Foundation/Application.php:342
/var/www/html/vendor/laravel/framework/src/Illuminate/Foundation/Console/Kernel.php:473
/var/www/html/tests/CreatesApplication.php:31
/var/www/html/vendor/laravel/framework/src/Illuminate/Foundation/Testing/TestCase.php:54
/var/www/html/vendor/laravel/framework/src/Illuminate/Foundation/Testing/Concerns/InteractsWithTestCaseLifecycle.php:92
/var/www/html/vendor/laravel/framework/src/Illuminate/Foundation/Testing/TestCase.php:44
/var/www/html/tests/TestCase.php:36
/var/www/html/tests/Feature/Models/ProductTest.php:24</error>
        </testcase>
        <testcase name="test_get_current_price_with_active_offer" file="/var/www/html/tests/Feature/Models/ProductTest.php" line="267" class="Tests\Feature\Models\ProductTest" classname="Tests.Feature.Models.ProductTest" assertions="0" time="0.000000">
          <error type="Error">Tests\Feature\Models\ProductTest::test_get_current_price_with_active_offer
Error: Class "Laravel\Dusk\DuskServiceProvider" not found

/var/www/html/vendor/laravel/framework/src/Illuminate/Foundation/Application.php:961
/var/www/html/vendor/laravel/framework/src/Illuminate/Foundation/Application.php:893
/var/www/html/app/Providers/AppServiceProvider.php:51
/var/www/html/vendor/laravel/framework/src/Illuminate/Foundation/Application.php:896
/var/www/html/vendor/laravel/framework/src/Illuminate/Foundation/ProviderRepository.php:74
/var/www/html/vendor/laravel/framework/src/Illuminate/Foundation/Application.php:871
/var/www/html/vendor/laravel/framework/src/Illuminate/Foundation/Bootstrap/RegisterProviders.php:37
/var/www/html/vendor/laravel/framework/src/Illuminate/Foundation/Application.php:342
/var/www/html/vendor/laravel/framework/src/Illuminate/Foundation/Console/Kernel.php:473
/var/www/html/tests/CreatesApplication.php:31
/var/www/html/vendor/laravel/framework/src/Illuminate/Foundation/Testing/TestCase.php:54
/var/www/html/vendor/laravel/framework/src/Illuminate/Foundation/Testing/Concerns/InteractsWithTestCaseLifecycle.php:92
/var/www/html/vendor/laravel/framework/src/Illuminate/Foundation/Testing/TestCase.php:44
/var/www/html/tests/TestCase.php:36
/var/www/html/tests/Feature/Models/ProductTest.php:24</error>
        </testcase>
        <testcase name="test_get_total_reviews" file="/var/www/html/tests/Feature/Models/ProductTest.php" line="236" class="Tests\Feature\Models\ProductTest" classname="Tests.Feature.Models.ProductTest" assertions="0" time="0.000000">
          <error type="Error">Tests\Feature\Models\ProductTest::test_get_total_reviews
Error: Class "Laravel\Dusk\DuskServiceProvider" not found

/var/www/html/vendor/laravel/framework/src/Illuminate/Foundation/Application.php:961
/var/www/html/vendor/laravel/framework/src/Illuminate/Foundation/Application.php:893
/var/www/html/app/Providers/AppServiceProvider.php:51
/var/www/html/vendor/laravel/framework/src/Illuminate/Foundation/Application.php:896
/var/www/html/vendor/laravel/framework/src/Illuminate/Foundation/ProviderRepository.php:74
/var/www/html/vendor/laravel/framework/src/Illuminate/Foundation/Application.php:871
/var/www/html/vendor/laravel/framework/src/Illuminate/Foundation/Bootstrap/RegisterProviders.php:37
/var/www/html/vendor/laravel/framework/src/Illuminate/Foundation/Application.php:342
/var/www/html/vendor/laravel/framework/src/Illuminate/Foundation/Console/Kernel.php:473
/var/www/html/tests/CreatesApplication.php:31
/var/www/html/vendor/laravel/framework/src/Illuminate/Foundation/Testing/TestCase.php:54
/var/www/html/vendor/laravel/framework/src/Illuminate/Foundation/Testing/Concerns/InteractsWithTestCaseLifecycle.php:92
/var/www/html/vendor/laravel/framework/src/Illuminate/Foundation/Testing/TestCase.php:44
/var/www/html/tests/TestCase.php:36
/var/www/html/tests/Feature/Models/ProductTest.php:24</error>
        </testcase>
        <testcase name="test_scope_with_reviews_count_adds_reviews_count" file="/var/www/html/tests/Feature/Models/ProductTest.php" line="194" class="Tests\Feature\Models\ProductTest" classname="Tests.Feature.Models.ProductTest" assertions="0" time="0.000000">
          <error type="Error">Tests\Feature\Models\ProductTest::test_scope_with_reviews_count_adds_reviews_count
Error: Class "Laravel\Dusk\DuskServiceProvider" not found

/var/www/html/vendor/laravel/framework/src/Illuminate/Foundation/Application.php:961
/var/www/html/vendor/laravel/framework/src/Illuminate/Foundation/Application.php:893
/var/www/html/app/Providers/AppServiceProvider.php:51
/var/www/html/vendor/laravel/framework/src/Illuminate/Foundation/Application.php:896
/var/www/html/vendor/laravel/framework/src/Illuminate/Foundation/ProviderRepository.php:74
/var/www/html/vendor/laravel/framework/src/Illuminate/Foundation/Application.php:871
/var/www/html/vendor/laravel/framework/src/Illuminate/Foundation/Bootstrap/RegisterProviders.php:37
/var/www/html/vendor/laravel/framework/src/Illuminate/Foundation/Application.php:342
/var/www/html/vendor/laravel/framework/src/Illuminate/Foundation/Console/Kernel.php:473
/var/www/html/tests/CreatesApplication.php:31
/var/www/html/vendor/laravel/framework/src/Illuminate/Foundation/Testing/TestCase.php:54
/var/www/html/vendor/laravel/framework/src/Illuminate/Foundation/Testing/Concerns/InteractsWithTestCaseLifecycle.php:92
/var/www/html/vendor/laravel/framework/src/Illuminate/Foundation/Testing/TestCase.php:44
/var/www/html/tests/TestCase.php:36
/var/www/html/tests/Feature/Models/ProductTest.php:24</error>
        </testcase>
        <testcase name="test_it_can_create_a_product" file="/var/www/html/tests/Feature/Models/ProductTest.php" line="28" class="Tests\Feature\Models\ProductTest" classname="Tests.Feature.Models.ProductTest" assertions="0" time="0.000000">
          <error type="Error">Tests\Feature\Models\ProductTest::test_it_can_create_a_product
Error: Class "Laravel\Dusk\DuskServiceProvider" not found

/var/www/html/vendor/laravel/framework/src/Illuminate/Foundation/Application.php:961
/var/www/html/vendor/laravel/framework/src/Illuminate/Foundation/Application.php:893
/var/www/html/app/Providers/AppServiceProvider.php:51
/var/www/html/vendor/laravel/framework/src/Illuminate/Foundation/Application.php:896
/var/www/html/vendor/laravel/framework/src/Illuminate/Foundation/ProviderRepository.php:74
/var/www/html/vendor/laravel/framework/src/Illuminate/Foundation/Application.php:871
/var/www/html/vendor/laravel/framework/src/Illuminate/Foundation/Bootstrap/RegisterProviders.php:37
/var/www/html/vendor/laravel/framework/src/Illuminate/Foundation/Application.php:342
/var/www/html/vendor/laravel/framework/src/Illuminate/Foundation/Console/Kernel.php:473
/var/www/html/tests/CreatesApplication.php:31
/var/www/html/vendor/laravel/framework/src/Illuminate/Foundation/Testing/TestCase.php:54
/var/www/html/vendor/laravel/framework/src/Illuminate/Foundation/Testing/Concerns/InteractsWithTestCaseLifecycle.php:92
/var/www/html/vendor/laravel/framework/src/Illuminate/Foundation/Testing/TestCase.php:44
/var/www/html/tests/TestCase.php:36
/var/www/html/tests/Feature/Models/ProductTest.php:24</error>
        </testcase>
        <testcase name="test_it_belongs_to_category" file="/var/www/html/tests/Feature/Models/ProductTest.php" line="89" class="Tests\Feature\Models\ProductTest" classname="Tests.Feature.Models.ProductTest" assertions="0" time="0.000000">
          <error type="Error">Tests\Feature\Models\ProductTest::test_it_belongs_to_category
Error: Class "Laravel\Dusk\DuskServiceProvider" not found

/var/www/html/vendor/laravel/framework/src/Illuminate/Foundation/Application.php:961
/var/www/html/vendor/laravel/framework/src/Illuminate/Foundation/Application.php:893
/var/www/html/app/Providers/AppServiceProvider.php:51
/var/www/html/vendor/laravel/framework/src/Illuminate/Foundation/Application.php:896
/var/www/html/vendor/laravel/framework/src/Illuminate/Foundation/ProviderRepository.php:74
/var/www/html/vendor/laravel/framework/src/Illuminate/Foundation/Application.php:871
/var/www/html/vendor/laravel/framework/src/Illuminate/Foundation/Bootstrap/RegisterProviders.php:37
/var/www/html/vendor/laravel/framework/src/Illuminate/Foundation/Application.php:342
/var/www/html/vendor/laravel/framework/src/Illuminate/Foundation/Console/Kernel.php:473
/var/www/html/tests/CreatesApplication.php:31
/var/www/html/vendor/laravel/framework/src/Illuminate/Foundation/Testing/TestCase.php:54
/var/www/html/vendor/laravel/framework/src/Illuminate/Foundation/Testing/Concerns/InteractsWithTestCaseLifecycle.php:92
/var/www/html/vendor/laravel/framework/src/Illuminate/Foundation/Testing/TestCase.php:44
/var/www/html/tests/TestCase.php:36
/var/www/html/tests/Feature/Models/ProductTest.php:24</error>
        </testcase>
        <testcase name="test_it_has_many_price_alerts" file="/var/www/html/tests/Feature/Models/ProductTest.php" line="109" class="Tests\Feature\Models\ProductTest" classname="Tests.Feature.Models.ProductTest" assertions="0" time="0.000000">
          <error type="Error">Tests\Feature\Models\ProductTest::test_it_has_many_price_alerts
Error: Class "Laravel\Dusk\DuskServiceProvider" not found

/var/www/html/vendor/laravel/framework/src/Illuminate/Foundation/Application.php:961
/var/www/html/vendor/laravel/framework/src/Illuminate/Foundation/Application.php:893
/var/www/html/app/Providers/AppServiceProvider.php:51
/var/www/html/vendor/laravel/framework/src/Illuminate/Foundation/Application.php:896
/var/www/html/vendor/laravel/framework/src/Illuminate/Foundation/ProviderRepository.php:74
/var/www/html/vendor/laravel/framework/src/Illuminate/Foundation/Application.php:871
/var/www/html/vendor/laravel/framework/src/Illuminate/Foundation/Bootstrap/RegisterProviders.php:37
/var/www/html/vendor/laravel/framework/src/Illuminate/Foundation/Application.php:342
/var/www/html/vendor/laravel/framework/src/Illuminate/Foundation/Console/Kernel.php:473
/var/www/html/tests/CreatesApplication.php:31
/var/www/html/vendor/laravel/framework/src/Illuminate/Foundation/Testing/TestCase.php:54
/var/www/html/vendor/laravel/framework/src/Illuminate/Foundation/Testing/Concerns/InteractsWithTestCaseLifecycle.php:92
/var/www/html/vendor/laravel/framework/src/Illuminate/Foundation/Testing/TestCase.php:44
/var/www/html/tests/TestCase.php:36
/var/www/html/tests/Feature/Models/ProductTest.php:24</error>
        </testcase>
        <testcase name="test_validation_passes_with_valid_data" file="/var/www/html/tests/Feature/Models/ProductTest.php" line="315" class="Tests\Feature\Models\ProductTest" classname="Tests.Feature.Models.ProductTest" assertions="0" time="0.000000">
          <error type="Error">Tests\Feature\Models\ProductTest::test_validation_passes_with_valid_data
Error: Class "Laravel\Dusk\DuskServiceProvider" not found

/var/www/html/vendor/laravel/framework/src/Illuminate/Foundation/Application.php:961
/var/www/html/vendor/laravel/framework/src/Illuminate/Foundation/Application.php:893
/var/www/html/app/Providers/AppServiceProvider.php:51
/var/www/html/vendor/laravel/framework/src/Illuminate/Foundation/Application.php:896
/var/www/html/vendor/laravel/framework/src/Illuminate/Foundation/ProviderRepository.php:74
/var/www/html/vendor/laravel/framework/src/Illuminate/Foundation/Application.php:871
/var/www/html/vendor/laravel/framework/src/Illuminate/Foundation/Bootstrap/RegisterProviders.php:37
/var/www/html/vendor/laravel/framework/src/Illuminate/Foundation/Application.php:342
/var/www/html/vendor/laravel/framework/src/Illuminate/Foundation/Console/Kernel.php:473
/var/www/html/tests/CreatesApplication.php:31
/var/www/html/vendor/laravel/framework/src/Illuminate/Foundation/Testing/TestCase.php:54
/var/www/html/vendor/laravel/framework/src/Illuminate/Foundation/Testing/Concerns/InteractsWithTestCaseLifecycle.php:92
/var/www/html/vendor/laravel/framework/src/Illuminate/Foundation/Testing/TestCase.php:44
/var/www/html/tests/TestCase.php:36
/var/www/html/tests/Feature/Models/ProductTest.php:24</error>
        </testcase>
        <testcase name="test_it_has_many_price_offers" file="/var/www/html/tests/Feature/Models/ProductTest.php" line="151" class="Tests\Feature\Models\ProductTest" classname="Tests.Feature.Models.ProductTest" assertions="0" time="0.000000">
          <error type="Error">Tests\Feature\Models\ProductTest::test_it_has_many_price_offers
Error: Class "Laravel\Dusk\DuskServiceProvider" not found

/var/www/html/vendor/laravel/framework/src/Illuminate/Foundation/Application.php:961
/var/www/html/vendor/laravel/framework/src/Illuminate/Foundation/Application.php:893
/var/www/html/app/Providers/AppServiceProvider.php:51
/var/www/html/vendor/laravel/framework/src/Illuminate/Foundation/Application.php:896
/var/www/html/vendor/laravel/framework/src/Illuminate/Foundation/ProviderRepository.php:74
/var/www/html/vendor/laravel/framework/src/Illuminate/Foundation/Application.php:871
/var/www/html/vendor/laravel/framework/src/Illuminate/Foundation/Bootstrap/RegisterProviders.php:37
/var/www/html/vendor/laravel/framework/src/Illuminate/Foundation/Application.php:342
/var/www/html/vendor/laravel/framework/src/Illuminate/Foundation/Console/Kernel.php:473
/var/www/html/tests/CreatesApplication.php:31
/var/www/html/vendor/laravel/framework/src/Illuminate/Foundation/Testing/TestCase.php:54
/var/www/html/vendor/laravel/framework/src/Illuminate/Foundation/Testing/Concerns/InteractsWithTestCaseLifecycle.php:92
/var/www/html/vendor/laravel/framework/src/Illuminate/Foundation/Testing/TestCase.php:44
/var/www/html/tests/TestCase.php:36
/var/www/html/tests/Feature/Models/ProductTest.php:24</error>
        </testcase>
        <testcase name="test_get_average_rating_returns_zero_when_no_reviews" file="/var/www/html/tests/Feature/Models/ProductTest.php" line="226" class="Tests\Feature\Models\ProductTest" classname="Tests.Feature.Models.ProductTest" assertions="0" time="0.000000">
          <error type="Error">Tests\Feature\Models\ProductTest::test_get_average_rating_returns_zero_when_no_reviews
Error: Class "Laravel\Dusk\DuskServiceProvider" not found

/var/www/html/vendor/laravel/framework/src/Illuminate/Foundation/Application.php:961
/var/www/html/vendor/laravel/framework/src/Illuminate/Foundation/Application.php:893
/var/www/html/app/Providers/AppServiceProvider.php:51
/var/www/html/vendor/laravel/framework/src/Illuminate/Foundation/Application.php:896
/var/www/html/vendor/laravel/framework/src/Illuminate/Foundation/ProviderRepository.php:74
/var/www/html/vendor/laravel/framework/src/Illuminate/Foundation/Application.php:871
/var/www/html/vendor/laravel/framework/src/Illuminate/Foundation/Bootstrap/RegisterProviders.php:37
/var/www/html/vendor/laravel/framework/src/Illuminate/Foundation/Application.php:342
/var/www/html/vendor/laravel/framework/src/Illuminate/Foundation/Console/Kernel.php:473
/var/www/html/tests/CreatesApplication.php:31
/var/www/html/vendor/laravel/framework/src/Illuminate/Foundation/Testing/TestCase.php:54
/var/www/html/vendor/laravel/framework/src/Illuminate/Foundation/Testing/Concerns/InteractsWithTestCaseLifecycle.php:92
/var/www/html/vendor/laravel/framework/src/Illuminate/Foundation/Testing/TestCase.php:44
/var/www/html/tests/TestCase.php:36
/var/www/html/tests/Feature/Models/ProductTest.php:24</error>
        </testcase>
      </testsuite>
      <testsuite name="Tests\Feature\Http\Controllers\ErrorControllerTest" file="/var/www/html/tests/Feature/Http/Controllers/ErrorControllerTest.php" tests="15" assertions="0" errors="15" failures="0" skipped="0" time="0.000000">
        <testcase name="it_can_get_system_health" file="/var/www/html/tests/Feature/Http/Controllers/ErrorControllerTest.php" line="57" class="Tests\Feature\Http\Controllers\ErrorControllerTest" classname="Tests.Feature.Http.Controllers.ErrorControllerTest" assertions="0" time="0.000000">
          <error type="Error">Tests\Feature\Http\Controllers\ErrorControllerTest::it_can_get_system_health
Error: Class "Laravel\Dusk\DuskServiceProvider" not found

/var/www/html/vendor/laravel/framework/src/Illuminate/Foundation/Application.php:961
/var/www/html/vendor/laravel/framework/src/Illuminate/Foundation/Application.php:893
/var/www/html/app/Providers/AppServiceProvider.php:51
/var/www/html/vendor/laravel/framework/src/Illuminate/Foundation/Application.php:896
/var/www/html/vendor/laravel/framework/src/Illuminate/Foundation/ProviderRepository.php:74
/var/www/html/vendor/laravel/framework/src/Illuminate/Foundation/Application.php:871
/var/www/html/vendor/laravel/framework/src/Illuminate/Foundation/Bootstrap/RegisterProviders.php:37
/var/www/html/vendor/laravel/framework/src/Illuminate/Foundation/Application.php:342
/var/www/html/vendor/laravel/framework/src/Illuminate/Foundation/Console/Kernel.php:473
/var/www/html/tests/CreatesApplication.php:31
/var/www/html/vendor/laravel/framework/src/Illuminate/Foundation/Testing/TestCase.php:54
/var/www/html/vendor/laravel/framework/src/Illuminate/Foundation/Testing/Concerns/InteractsWithTestCaseLifecycle.php:92
/var/www/html/vendor/laravel/framework/src/Illuminate/Foundation/Testing/TestCase.php:44
/var/www/html/tests/TestCase.php:36</error>
        </testcase>
        <testcase name="it_can_display_error_dashboard" file="/var/www/html/tests/Feature/Http/Controllers/ErrorControllerTest.php" line="21" class="Tests\Feature\Http\Controllers\ErrorControllerTest" classname="Tests.Feature.Http.Controllers.ErrorControllerTest" assertions="0" time="0.000000">
          <error type="Error">Tests\Feature\Http\Controllers\ErrorControllerTest::it_can_display_error_dashboard
Error: Class "Laravel\Dusk\DuskServiceProvider" not found

/var/www/html/vendor/laravel/framework/src/Illuminate/Foundation/Application.php:961
/var/www/html/vendor/laravel/framework/src/Illuminate/Foundation/Application.php:893
/var/www/html/app/Providers/AppServiceProvider.php:51
/var/www/html/vendor/laravel/framework/src/Illuminate/Foundation/Application.php:896
/var/www/html/vendor/laravel/framework/src/Illuminate/Foundation/ProviderRepository.php:74
/var/www/html/vendor/laravel/framework/src/Illuminate/Foundation/Application.php:871
/var/www/html/vendor/laravel/framework/src/Illuminate/Foundation/Bootstrap/RegisterProviders.php:37
/var/www/html/vendor/laravel/framework/src/Illuminate/Foundation/Application.php:342
/var/www/html/vendor/laravel/framework/src/Illuminate/Foundation/Console/Kernel.php:473
/var/www/html/tests/CreatesApplication.php:31
/var/www/html/vendor/laravel/framework/src/Illuminate/Foundation/Testing/TestCase.php:54
/var/www/html/vendor/laravel/framework/src/Illuminate/Foundation/Testing/Concerns/InteractsWithTestCaseLifecycle.php:92
/var/www/html/vendor/laravel/framework/src/Illuminate/Foundation/Testing/TestCase.php:44
/var/www/html/tests/TestCase.php:36</error>
        </testcase>
        <testcase name="it_can_get_recent_errors" file="/var/www/html/tests/Feature/Http/Controllers/ErrorControllerTest.php" line="45" class="Tests\Feature\Http\Controllers\ErrorControllerTest" classname="Tests.Feature.Http.Controllers.ErrorControllerTest" assertions="0" time="0.000000">
          <error type="Error">Tests\Feature\Http\Controllers\ErrorControllerTest::it_can_get_recent_errors
Error: Class "Laravel\Dusk\DuskServiceProvider" not found

/var/www/html/vendor/laravel/framework/src/Illuminate/Foundation/Application.php:961
/var/www/html/vendor/laravel/framework/src/Illuminate/Foundation/Application.php:893
/var/www/html/app/Providers/AppServiceProvider.php:51
/var/www/html/vendor/laravel/framework/src/Illuminate/Foundation/Application.php:896
/var/www/html/vendor/laravel/framework/src/Illuminate/Foundation/ProviderRepository.php:74
/var/www/html/vendor/laravel/framework/src/Illuminate/Foundation/Application.php:871
/var/www/html/vendor/laravel/framework/src/Illuminate/Foundation/Bootstrap/RegisterProviders.php:37
/var/www/html/vendor/laravel/framework/src/Illuminate/Foundation/Application.php:342
/var/www/html/vendor/laravel/framework/src/Illuminate/Foundation/Console/Kernel.php:473
/var/www/html/tests/CreatesApplication.php:31
/var/www/html/vendor/laravel/framework/src/Illuminate/Foundation/Testing/TestCase.php:54
/var/www/html/vendor/laravel/framework/src/Illuminate/Foundation/Testing/Concerns/InteractsWithTestCaseLifecycle.php:92
/var/www/html/vendor/laravel/framework/src/Illuminate/Foundation/Testing/TestCase.php:44
/var/www/html/tests/TestCase.php:36</error>
        </testcase>
        <testcase name="it_handles_storage_failure" file="/var/www/html/tests/Feature/Http/Controllers/ErrorControllerTest.php" line="105" class="Tests\Feature\Http\Controllers\ErrorControllerTest" classname="Tests.Feature.Http.Controllers.ErrorControllerTest" assertions="0" time="0.000000">
          <error type="Error">Tests\Feature\Http\Controllers\ErrorControllerTest::it_handles_storage_failure
Error: Class "Laravel\Dusk\DuskServiceProvider" not found

/var/www/html/vendor/laravel/framework/src/Illuminate/Foundation/Application.php:961
/var/www/html/vendor/laravel/framework/src/Illuminate/Foundation/Application.php:893
/var/www/html/app/Providers/AppServiceProvider.php:51
/var/www/html/vendor/laravel/framework/src/Illuminate/Foundation/Application.php:896
/var/www/html/vendor/laravel/framework/src/Illuminate/Foundation/ProviderRepository.php:74
/var/www/html/vendor/laravel/framework/src/Illuminate/Foundation/Application.php:871
/var/www/html/vendor/laravel/framework/src/Illuminate/Foundation/Bootstrap/RegisterProviders.php:37
/var/www/html/vendor/laravel/framework/src/Illuminate/Foundation/Application.php:342
/var/www/html/vendor/laravel/framework/src/Illuminate/Foundation/Console/Kernel.php:473
/var/www/html/tests/CreatesApplication.php:31
/var/www/html/vendor/laravel/framework/src/Illuminate/Foundation/Testing/TestCase.php:54
/var/www/html/vendor/laravel/framework/src/Illuminate/Foundation/Testing/Concerns/InteractsWithTestCaseLifecycle.php:92
/var/www/html/vendor/laravel/framework/src/Illuminate/Foundation/Testing/TestCase.php:44
/var/www/html/tests/TestCase.php:36</error>
        </testcase>
        <testcase name="it_handles_database_connection_failure" file="/var/www/html/tests/Feature/Http/Controllers/ErrorControllerTest.php" line="93" class="Tests\Feature\Http\Controllers\ErrorControllerTest" classname="Tests.Feature.Http.Controllers.ErrorControllerTest" assertions="0" time="0.000000">
          <error type="Error">Tests\Feature\Http\Controllers\ErrorControllerTest::it_handles_database_connection_failure
Error: Class "Laravel\Dusk\DuskServiceProvider" not found

/var/www/html/vendor/laravel/framework/src/Illuminate/Foundation/Application.php:961
/var/www/html/vendor/laravel/framework/src/Illuminate/Foundation/Application.php:893
/var/www/html/app/Providers/AppServiceProvider.php:51
/var/www/html/vendor/laravel/framework/src/Illuminate/Foundation/Application.php:896
/var/www/html/vendor/laravel/framework/src/Illuminate/Foundation/ProviderRepository.php:74
/var/www/html/vendor/laravel/framework/src/Illuminate/Foundation/Application.php:871
/var/www/html/vendor/laravel/framework/src/Illuminate/Foundation/Bootstrap/RegisterProviders.php:37
/var/www/html/vendor/laravel/framework/src/Illuminate/Foundation/Application.php:342
/var/www/html/vendor/laravel/framework/src/Illuminate/Foundation/Console/Kernel.php:473
/var/www/html/tests/CreatesApplication.php:31
/var/www/html/vendor/laravel/framework/src/Illuminate/Foundation/Testing/TestCase.php:54
/var/www/html/vendor/laravel/framework/src/Illuminate/Foundation/Testing/Concerns/InteractsWithTestCaseLifecycle.php:92
/var/www/html/vendor/laravel/framework/src/Illuminate/Foundation/Testing/TestCase.php:44
/var/www/html/tests/TestCase.php:36</error>
        </testcase>
        <testcase name="it_checks_storage_health" file="/var/www/html/tests/Feature/Http/Controllers/ErrorControllerTest.php" line="75" class="Tests\Feature\Http\Controllers\ErrorControllerTest" classname="Tests.Feature.Http.Controllers.ErrorControllerTest" assertions="0" time="0.000000">
          <error type="Error">Tests\Feature\Http\Controllers\ErrorControllerTest::it_checks_storage_health
Error: Class "Laravel\Dusk\DuskServiceProvider" not found

/var/www/html/vendor/laravel/framework/src/Illuminate/Foundation/Application.php:961
/var/www/html/vendor/laravel/framework/src/Illuminate/Foundation/Application.php:893
/var/www/html/app/Providers/AppServiceProvider.php:51
/var/www/html/vendor/laravel/framework/src/Illuminate/Foundation/Application.php:896
/var/www/html/vendor/laravel/framework/src/Illuminate/Foundation/ProviderRepository.php:74
/var/www/html/vendor/laravel/framework/src/Illuminate/Foundation/Application.php:871
/var/www/html/vendor/laravel/framework/src/Illuminate/Foundation/Bootstrap/RegisterProviders.php:37
/var/www/html/vendor/laravel/framework/src/Illuminate/Foundation/Application.php:342
/var/www/html/vendor/laravel/framework/src/Illuminate/Foundation/Console/Kernel.php:473
/var/www/html/tests/CreatesApplication.php:31
/var/www/html/vendor/laravel/framework/src/Illuminate/Foundation/Testing/TestCase.php:54
/var/www/html/vendor/laravel/framework/src/Illuminate/Foundation/Testing/Concerns/InteractsWithTestCaseLifecycle.php:92
/var/www/html/vendor/laravel/framework/src/Illuminate/Foundation/Testing/TestCase.php:44
/var/www/html/tests/TestCase.php:36</error>
        </testcase>
        <testcase name="it_checks_disk_space_health" file="/var/www/html/tests/Feature/Http/Controllers/ErrorControllerTest.php" line="87" class="Tests\Feature\Http\Controllers\ErrorControllerTest" classname="Tests.Feature.Http.Controllers.ErrorControllerTest" assertions="0" time="0.000000">
          <error type="Error">Tests\Feature\Http\Controllers\ErrorControllerTest::it_checks_disk_space_health
Error: Class "Laravel\Dusk\DuskServiceProvider" not found

/var/www/html/vendor/laravel/framework/src/Illuminate/Foundation/Application.php:961
/var/www/html/vendor/laravel/framework/src/Illuminate/Foundation/Application.php:893
/var/www/html/app/Providers/AppServiceProvider.php:51
/var/www/html/vendor/laravel/framework/src/Illuminate/Foundation/Application.php:896
/var/www/html/vendor/laravel/framework/src/Illuminate/Foundation/ProviderRepository.php:74
/var/www/html/vendor/laravel/framework/src/Illuminate/Foundation/Application.php:871
/var/www/html/vendor/laravel/framework/src/Illuminate/Foundation/Bootstrap/RegisterProviders.php:37
/var/www/html/vendor/laravel/framework/src/Illuminate/Foundation/Application.php:342
/var/www/html/vendor/laravel/framework/src/Illuminate/Foundation/Console/Kernel.php:473
/var/www/html/tests/CreatesApplication.php:31
/var/www/html/vendor/laravel/framework/src/Illuminate/Foundation/Testing/TestCase.php:54
/var/www/html/vendor/laravel/framework/src/Illuminate/Foundation/Testing/Concerns/InteractsWithTestCaseLifecycle.php:92
/var/www/html/vendor/laravel/framework/src/Illuminate/Foundation/Testing/TestCase.php:44
/var/www/html/tests/TestCase.php:36</error>
        </testcase>
        <testcase name="it_can_show_error_details" file="/var/www/html/tests/Feature/Http/Controllers/ErrorControllerTest.php" line="33" class="Tests\Feature\Http\Controllers\ErrorControllerTest" classname="Tests.Feature.Http.Controllers.ErrorControllerTest" assertions="0" time="0.000000">
          <error type="Error">Tests\Feature\Http\Controllers\ErrorControllerTest::it_can_show_error_details
Error: Class "Laravel\Dusk\DuskServiceProvider" not found

/var/www/html/vendor/laravel/framework/src/Illuminate/Foundation/Application.php:961
/var/www/html/vendor/laravel/framework/src/Illuminate/Foundation/Application.php:893
/var/www/html/app/Providers/AppServiceProvider.php:51
/var/www/html/vendor/laravel/framework/src/Illuminate/Foundation/Application.php:896
/var/www/html/vendor/laravel/framework/src/Illuminate/Foundation/ProviderRepository.php:74
/var/www/html/vendor/laravel/framework/src/Illuminate/Foundation/Application.php:871
/var/www/html/vendor/laravel/framework/src/Illuminate/Foundation/Bootstrap/RegisterProviders.php:37
/var/www/html/vendor/laravel/framework/src/Illuminate/Foundation/Application.php:342
/var/www/html/vendor/laravel/framework/src/Illuminate/Foundation/Console/Kernel.php:473
/var/www/html/tests/CreatesApplication.php:31
/var/www/html/vendor/laravel/framework/src/Illuminate/Foundation/Testing/TestCase.php:54
/var/www/html/vendor/laravel/framework/src/Illuminate/Foundation/Testing/Concerns/InteractsWithTestCaseLifecycle.php:92
/var/www/html/vendor/laravel/framework/src/Illuminate/Foundation/Testing/TestCase.php:44
/var/www/html/tests/TestCase.php:36</error>
        </testcase>
        <testcase name="it_can_display_error_dashboard_as_json" file="/var/www/html/tests/Feature/Http/Controllers/ErrorControllerTest.php" line="27" class="Tests\Feature\Http\Controllers\ErrorControllerTest" classname="Tests.Feature.Http.Controllers.ErrorControllerTest" assertions="0" time="0.000000">
          <error type="Error">Tests\Feature\Http\Controllers\ErrorControllerTest::it_can_display_error_dashboard_as_json
Error: Class "Laravel\Dusk\DuskServiceProvider" not found

/var/www/html/vendor/laravel/framework/src/Illuminate/Foundation/Application.php:961
/var/www/html/vendor/laravel/framework/src/Illuminate/Foundation/Application.php:893
/var/www/html/app/Providers/AppServiceProvider.php:51
/var/www/html/vendor/laravel/framework/src/Illuminate/Foundation/Application.php:896
/var/www/html/vendor/laravel/framework/src/Illuminate/Foundation/ProviderRepository.php:74
/var/www/html/vendor/laravel/framework/src/Illuminate/Foundation/Application.php:871
/var/www/html/vendor/laravel/framework/src/Illuminate/Foundation/Bootstrap/RegisterProviders.php:37
/var/www/html/vendor/laravel/framework/src/Illuminate/Foundation/Application.php:342
/var/www/html/vendor/laravel/framework/src/Illuminate/Foundation/Console/Kernel.php:473
/var/www/html/tests/CreatesApplication.php:31
/var/www/html/vendor/laravel/framework/src/Illuminate/Foundation/Testing/TestCase.php:54
/var/www/html/vendor/laravel/framework/src/Illuminate/Foundation/Testing/Concerns/InteractsWithTestCaseLifecycle.php:92
/var/www/html/vendor/laravel/framework/src/Illuminate/Foundation/Testing/TestCase.php:44
/var/www/html/tests/TestCase.php:36</error>
        </testcase>
        <testcase name="it_checks_cache_health" file="/var/www/html/tests/Feature/Http/Controllers/ErrorControllerTest.php" line="69" class="Tests\Feature\Http\Controllers\ErrorControllerTest" classname="Tests.Feature.Http.Controllers.ErrorControllerTest" assertions="0" time="0.000000">
          <error type="Error">Tests\Feature\Http\Controllers\ErrorControllerTest::it_checks_cache_health
Error: Class "Laravel\Dusk\DuskServiceProvider" not found

/var/www/html/vendor/laravel/framework/src/Illuminate/Foundation/Application.php:961
/var/www/html/vendor/laravel/framework/src/Illuminate/Foundation/Application.php:893
/var/www/html/app/Providers/AppServiceProvider.php:51
/var/www/html/vendor/laravel/framework/src/Illuminate/Foundation/Application.php:896
/var/www/html/vendor/laravel/framework/src/Illuminate/Foundation/ProviderRepository.php:74
/var/www/html/vendor/laravel/framework/src/Illuminate/Foundation/Application.php:871
/var/www/html/vendor/laravel/framework/src/Illuminate/Foundation/Bootstrap/RegisterProviders.php:37
/var/www/html/vendor/laravel/framework/src/Illuminate/Foundation/Application.php:342
/var/www/html/vendor/laravel/framework/src/Illuminate/Foundation/Console/Kernel.php:473
/var/www/html/tests/CreatesApplication.php:31
/var/www/html/vendor/laravel/framework/src/Illuminate/Foundation/Testing/TestCase.php:54
/var/www/html/vendor/laravel/framework/src/Illuminate/Foundation/Testing/Concerns/InteractsWithTestCaseLifecycle.php:92
/var/www/html/vendor/laravel/framework/src/Illuminate/Foundation/Testing/TestCase.php:44
/var/www/html/tests/TestCase.php:36</error>
        </testcase>
        <testcase name="it_returns_404_for_nonexistent_error" file="/var/www/html/tests/Feature/Http/Controllers/ErrorControllerTest.php" line="39" class="Tests\Feature\Http\Controllers\ErrorControllerTest" classname="Tests.Feature.Http.Controllers.ErrorControllerTest" assertions="0" time="0.000000">
          <error type="Error">Tests\Feature\Http\Controllers\ErrorControllerTest::it_returns_404_for_nonexistent_error
Error: Class "Laravel\Dusk\DuskServiceProvider" not found

/var/www/html/vendor/laravel/framework/src/Illuminate/Foundation/Application.php:961
/var/www/html/vendor/laravel/framework/src/Illuminate/Foundation/Application.php:893
/var/www/html/app/Providers/AppServiceProvider.php:51
/var/www/html/vendor/laravel/framework/src/Illuminate/Foundation/Application.php:896
/var/www/html/vendor/laravel/framework/src/Illuminate/Foundation/ProviderRepository.php:74
/var/www/html/vendor/laravel/framework/src/Illuminate/Foundation/Application.php:871
/var/www/html/vendor/laravel/framework/src/Illuminate/Foundation/Bootstrap/RegisterProviders.php:37
/var/www/html/vendor/laravel/framework/src/Illuminate/Foundation/Application.php:342
/var/www/html/vendor/laravel/framework/src/Illuminate/Foundation/Console/Kernel.php:473
/var/www/html/tests/CreatesApplication.php:31
/var/www/html/vendor/laravel/framework/src/Illuminate/Foundation/Testing/TestCase.php:54
/var/www/html/vendor/laravel/framework/src/Illuminate/Foundation/Testing/Concerns/InteractsWithTestCaseLifecycle.php:92
/var/www/html/vendor/laravel/framework/src/Illuminate/Foundation/Testing/TestCase.php:44
/var/www/html/tests/TestCase.php:36</error>
        </testcase>
        <testcase name="it_checks_database_health" file="/var/www/html/tests/Feature/Http/Controllers/ErrorControllerTest.php" line="63" class="Tests\Feature\Http\Controllers\ErrorControllerTest" classname="Tests.Feature.Http.Controllers.ErrorControllerTest" assertions="0" time="0.000000">
          <error type="Error">Tests\Feature\Http\Controllers\ErrorControllerTest::it_checks_database_health
Error: Class "Laravel\Dusk\DuskServiceProvider" not found

/var/www/html/vendor/laravel/framework/src/Illuminate/Foundation/Application.php:961
/var/www/html/vendor/laravel/framework/src/Illuminate/Foundation/Application.php:893
/var/www/html/app/Providers/AppServiceProvider.php:51
/var/www/html/vendor/laravel/framework/src/Illuminate/Foundation/Application.php:896
/var/www/html/vendor/laravel/framework/src/Illuminate/Foundation/ProviderRepository.php:74
/var/www/html/vendor/laravel/framework/src/Illuminate/Foundation/Application.php:871
/var/www/html/vendor/laravel/framework/src/Illuminate/Foundation/Bootstrap/RegisterProviders.php:37
/var/www/html/vendor/laravel/framework/src/Illuminate/Foundation/Application.php:342
/var/www/html/vendor/laravel/framework/src/Illuminate/Foundation/Console/Kernel.php:473
/var/www/html/tests/CreatesApplication.php:31
/var/www/html/vendor/laravel/framework/src/Illuminate/Foundation/Testing/TestCase.php:54
/var/www/html/vendor/laravel/framework/src/Illuminate/Foundation/Testing/Concerns/InteractsWithTestCaseLifecycle.php:92
/var/www/html/vendor/laravel/framework/src/Illuminate/Foundation/Testing/TestCase.php:44
/var/www/html/tests/TestCase.php:36</error>
        </testcase>
        <testcase name="it_can_get_error_statistics" file="/var/www/html/tests/Feature/Http/Controllers/ErrorControllerTest.php" line="51" class="Tests\Feature\Http\Controllers\ErrorControllerTest" classname="Tests.Feature.Http.Controllers.ErrorControllerTest" assertions="0" time="0.000000">
          <error type="Error">Tests\Feature\Http\Controllers\ErrorControllerTest::it_can_get_error_statistics
Error: Class "Laravel\Dusk\DuskServiceProvider" not found

/var/www/html/vendor/laravel/framework/src/Illuminate/Foundation/Application.php:961
/var/www/html/vendor/laravel/framework/src/Illuminate/Foundation/Application.php:893
/var/www/html/app/Providers/AppServiceProvider.php:51
/var/www/html/vendor/laravel/framework/src/Illuminate/Foundation/Application.php:896
/var/www/html/vendor/laravel/framework/src/Illuminate/Foundation/ProviderRepository.php:74
/var/www/html/vendor/laravel/framework/src/Illuminate/Foundation/Application.php:871
/var/www/html/vendor/laravel/framework/src/Illuminate/Foundation/Bootstrap/RegisterProviders.php:37
/var/www/html/vendor/laravel/framework/src/Illuminate/Foundation/Application.php:342
/var/www/html/vendor/laravel/framework/src/Illuminate/Foundation/Console/Kernel.php:473
/var/www/html/tests/CreatesApplication.php:31
/var/www/html/vendor/laravel/framework/src/Illuminate/Foundation/Testing/TestCase.php:54
/var/www/html/vendor/laravel/framework/src/Illuminate/Foundation/Testing/Concerns/InteractsWithTestCaseLifecycle.php:92
/var/www/html/vendor/laravel/framework/src/Illuminate/Foundation/Testing/TestCase.php:44
/var/www/html/tests/TestCase.php:36</error>
        </testcase>
        <testcase name="it_checks_memory_health" file="/var/www/html/tests/Feature/Http/Controllers/ErrorControllerTest.php" line="81" class="Tests\Feature\Http\Controllers\ErrorControllerTest" classname="Tests.Feature.Http.Controllers.ErrorControllerTest" assertions="0" time="0.000000">
          <error type="Error">Tests\Feature\Http\Controllers\ErrorControllerTest::it_checks_memory_health
Error: Class "Laravel\Dusk\DuskServiceProvider" not found

/var/www/html/vendor/laravel/framework/src/Illuminate/Foundation/Application.php:961
/var/www/html/vendor/laravel/framework/src/Illuminate/Foundation/Application.php:893
/var/www/html/app/Providers/AppServiceProvider.php:51
/var/www/html/vendor/laravel/framework/src/Illuminate/Foundation/Application.php:896
/var/www/html/vendor/laravel/framework/src/Illuminate/Foundation/ProviderRepository.php:74
/var/www/html/vendor/laravel/framework/src/Illuminate/Foundation/Application.php:871
/var/www/html/vendor/laravel/framework/src/Illuminate/Foundation/Bootstrap/RegisterProviders.php:37
/var/www/html/vendor/laravel/framework/src/Illuminate/Foundation/Application.php:342
/var/www/html/vendor/laravel/framework/src/Illuminate/Foundation/Console/Kernel.php:473
/var/www/html/tests/CreatesApplication.php:31
/var/www/html/vendor/laravel/framework/src/Illuminate/Foundation/Testing/TestCase.php:54
/var/www/html/vendor/laravel/framework/src/Illuminate/Foundation/Testing/Concerns/InteractsWithTestCaseLifecycle.php:92
/var/www/html/vendor/laravel/framework/src/Illuminate/Foundation/Testing/TestCase.php:44
/var/www/html/tests/TestCase.php:36</error>
        </testcase>
        <testcase name="it_handles_cache_failure" file="/var/www/html/tests/Feature/Http/Controllers/ErrorControllerTest.php" line="99" class="Tests\Feature\Http\Controllers\ErrorControllerTest" classname="Tests.Feature.Http.Controllers.ErrorControllerTest" assertions="0" time="0.000000">
          <error type="Error">Tests\Feature\Http\Controllers\ErrorControllerTest::it_handles_cache_failure
Error: Class "Laravel\Dusk\DuskServiceProvider" not found

/var/www/html/vendor/laravel/framework/src/Illuminate/Foundation/Application.php:961
/var/www/html/vendor/laravel/framework/src/Illuminate/Foundation/Application.php:893
/var/www/html/app/Providers/AppServiceProvider.php:51
/var/www/html/vendor/laravel/framework/src/Illuminate/Foundation/Application.php:896
/var/www/html/vendor/laravel/framework/src/Illuminate/Foundation/ProviderRepository.php:74
/var/www/html/vendor/laravel/framework/src/Illuminate/Foundation/Application.php:871
/var/www/html/vendor/laravel/framework/src/Illuminate/Foundation/Bootstrap/RegisterProviders.php:37
/var/www/html/vendor/laravel/framework/src/Illuminate/Foundation/Application.php:342
/var/www/html/vendor/laravel/framework/src/Illuminate/Foundation/Console/Kernel.php:473
/var/www/html/tests/CreatesApplication.php:31
/var/www/html/vendor/laravel/framework/src/Illuminate/Foundation/Testing/TestCase.php:54
/var/www/html/vendor/laravel/framework/src/Illuminate/Foundation/Testing/Concerns/InteractsWithTestCaseLifecycle.php:92
/var/www/html/vendor/laravel/framework/src/Illuminate/Foundation/Testing/TestCase.php:44
/var/www/html/tests/TestCase.php:36</error>
        </testcase>
      </testsuite>
      <testsuite name="Tests\Feature\Http\Middleware\AdminMiddlewareTest" file="/var/www/html/tests/Feature/Http/Middleware/AdminMiddlewareTest.php" tests="6" assertions="0" errors="6" failures="0" skipped="0" time="0.000000">
        <testcase name="test_admin_middleware_allows_authenticated_admin_user" file="/var/www/html/tests/Feature/Http/Middleware/AdminMiddlewareTest.php" line="21" class="Tests\Feature\Http\Middleware\AdminMiddlewareTest" classname="Tests.Feature.Http.Middleware.AdminMiddlewareTest" assertions="0" time="0.000000">
          <error type="Error">Tests\Feature\Http\Middleware\AdminMiddlewareTest::test_admin_middleware_allows_authenticated_admin_user
Error: Class "Laravel\Dusk\DuskServiceProvider" not found

/var/www/html/vendor/laravel/framework/src/Illuminate/Foundation/Application.php:961
/var/www/html/vendor/laravel/framework/src/Illuminate/Foundation/Application.php:893
/var/www/html/app/Providers/AppServiceProvider.php:51
/var/www/html/vendor/laravel/framework/src/Illuminate/Foundation/Application.php:896
/var/www/html/vendor/laravel/framework/src/Illuminate/Foundation/ProviderRepository.php:74
/var/www/html/vendor/laravel/framework/src/Illuminate/Foundation/Application.php:871
/var/www/html/vendor/laravel/framework/src/Illuminate/Foundation/Bootstrap/RegisterProviders.php:37
/var/www/html/vendor/laravel/framework/src/Illuminate/Foundation/Application.php:342
/var/www/html/vendor/laravel/framework/src/Illuminate/Foundation/Console/Kernel.php:473
/var/www/html/tests/CreatesApplication.php:31
/var/www/html/vendor/laravel/framework/src/Illuminate/Foundation/Testing/TestCase.php:54
/var/www/html/vendor/laravel/framework/src/Illuminate/Foundation/Testing/Concerns/InteractsWithTestCaseLifecycle.php:92
/var/www/html/vendor/laravel/framework/src/Illuminate/Foundation/Testing/TestCase.php:44
/var/www/html/tests/TestCase.php:36</error>
        </testcase>
        <testcase name="test_admin_middleware_returns_json_for_api_requests_when_non_admin" file="/var/www/html/tests/Feature/Http/Middleware/AdminMiddlewareTest.php" line="91" class="Tests\Feature\Http\Middleware\AdminMiddlewareTest" classname="Tests.Feature.Http.Middleware.AdminMiddlewareTest" assertions="0" time="0.000000">
          <error type="Error">Tests\Feature\Http\Middleware\AdminMiddlewareTest::test_admin_middleware_returns_json_for_api_requests_when_non_admin
Error: Class "Laravel\Dusk\DuskServiceProvider" not found

/var/www/html/vendor/laravel/framework/src/Illuminate/Foundation/Application.php:961
/var/www/html/vendor/laravel/framework/src/Illuminate/Foundation/Application.php:893
/var/www/html/app/Providers/AppServiceProvider.php:51
/var/www/html/vendor/laravel/framework/src/Illuminate/Foundation/Application.php:896
/var/www/html/vendor/laravel/framework/src/Illuminate/Foundation/ProviderRepository.php:74
/var/www/html/vendor/laravel/framework/src/Illuminate/Foundation/Application.php:871
/var/www/html/vendor/laravel/framework/src/Illuminate/Foundation/Bootstrap/RegisterProviders.php:37
/var/www/html/vendor/laravel/framework/src/Illuminate/Foundation/Application.php:342
/var/www/html/vendor/laravel/framework/src/Illuminate/Foundation/Console/Kernel.php:473
/var/www/html/tests/CreatesApplication.php:31
/var/www/html/vendor/laravel/framework/src/Illuminate/Foundation/Testing/TestCase.php:54
/var/www/html/vendor/laravel/framework/src/Illuminate/Foundation/Testing/Concerns/InteractsWithTestCaseLifecycle.php:92
/var/www/html/vendor/laravel/framework/src/Illuminate/Foundation/Testing/TestCase.php:44
/var/www/html/tests/TestCase.php:36</error>
        </testcase>
        <testcase name="test_admin_middleware_redirects_unauthenticated_user" file="/var/www/html/tests/Feature/Http/Middleware/AdminMiddlewareTest.php" line="40" class="Tests\Feature\Http\Middleware\AdminMiddlewareTest" classname="Tests.Feature.Http.Middleware.AdminMiddlewareTest" assertions="0" time="0.000000">
          <error type="Error">Tests\Feature\Http\Middleware\AdminMiddlewareTest::test_admin_middleware_redirects_unauthenticated_user
Error: Class "Laravel\Dusk\DuskServiceProvider" not found

/var/www/html/vendor/laravel/framework/src/Illuminate/Foundation/Application.php:961
/var/www/html/vendor/laravel/framework/src/Illuminate/Foundation/Application.php:893
/var/www/html/app/Providers/AppServiceProvider.php:51
/var/www/html/vendor/laravel/framework/src/Illuminate/Foundation/Application.php:896
/var/www/html/vendor/laravel/framework/src/Illuminate/Foundation/ProviderRepository.php:74
/var/www/html/vendor/laravel/framework/src/Illuminate/Foundation/Application.php:871
/var/www/html/vendor/laravel/framework/src/Illuminate/Foundation/Bootstrap/RegisterProviders.php:37
/var/www/html/vendor/laravel/framework/src/Illuminate/Foundation/Application.php:342
/var/www/html/vendor/laravel/framework/src/Illuminate/Foundation/Console/Kernel.php:473
/var/www/html/tests/CreatesApplication.php:31
/var/www/html/vendor/laravel/framework/src/Illuminate/Foundation/Testing/TestCase.php:54
/var/www/html/vendor/laravel/framework/src/Illuminate/Foundation/Testing/Concerns/InteractsWithTestCaseLifecycle.php:92
/var/www/html/vendor/laravel/framework/src/Illuminate/Foundation/Testing/TestCase.php:44
/var/www/html/tests/TestCase.php:36</error>
        </testcase>
        <testcase name="test_admin_middleware_returns_json_for_api_requests_when_unauthenticated" file="/var/www/html/tests/Feature/Http/Middleware/AdminMiddlewareTest.php" line="55" class="Tests\Feature\Http\Middleware\AdminMiddlewareTest" classname="Tests.Feature.Http.Middleware.AdminMiddlewareTest" assertions="0" time="0.000000">
          <error type="Error">Tests\Feature\Http\Middleware\AdminMiddlewareTest::test_admin_middleware_returns_json_for_api_requests_when_unauthenticated
Error: Class "Laravel\Dusk\DuskServiceProvider" not found

/var/www/html/vendor/laravel/framework/src/Illuminate/Foundation/Application.php:961
/var/www/html/vendor/laravel/framework/src/Illuminate/Foundation/Application.php:893
/var/www/html/app/Providers/AppServiceProvider.php:51
/var/www/html/vendor/laravel/framework/src/Illuminate/Foundation/Application.php:896
/var/www/html/vendor/laravel/framework/src/Illuminate/Foundation/ProviderRepository.php:74
/var/www/html/vendor/laravel/framework/src/Illuminate/Foundation/Application.php:871
/var/www/html/vendor/laravel/framework/src/Illuminate/Foundation/Bootstrap/RegisterProviders.php:37
/var/www/html/vendor/laravel/framework/src/Illuminate/Foundation/Application.php:342
/var/www/html/vendor/laravel/framework/src/Illuminate/Foundation/Console/Kernel.php:473
/var/www/html/tests/CreatesApplication.php:31
/var/www/html/vendor/laravel/framework/src/Illuminate/Foundation/Testing/TestCase.php:54
/var/www/html/vendor/laravel/framework/src/Illuminate/Foundation/Testing/Concerns/InteractsWithTestCaseLifecycle.php:92
/var/www/html/vendor/laravel/framework/src/Illuminate/Foundation/Testing/TestCase.php:44
/var/www/html/tests/TestCase.php:36</error>
        </testcase>
        <testcase name="test_admin_middleware_redirects_non_admin_user" file="/var/www/html/tests/Feature/Http/Middleware/AdminMiddlewareTest.php" line="72" class="Tests\Feature\Http\Middleware\AdminMiddlewareTest" classname="Tests.Feature.Http.Middleware.AdminMiddlewareTest" assertions="0" time="0.000000">
          <error type="Error">Tests\Feature\Http\Middleware\AdminMiddlewareTest::test_admin_middleware_redirects_non_admin_user
Error: Class "Laravel\Dusk\DuskServiceProvider" not found

/var/www/html/vendor/laravel/framework/src/Illuminate/Foundation/Application.php:961
/var/www/html/vendor/laravel/framework/src/Illuminate/Foundation/Application.php:893
/var/www/html/app/Providers/AppServiceProvider.php:51
/var/www/html/vendor/laravel/framework/src/Illuminate/Foundation/Application.php:896
/var/www/html/vendor/laravel/framework/src/Illuminate/Foundation/ProviderRepository.php:74
/var/www/html/vendor/laravel/framework/src/Illuminate/Foundation/Application.php:871
/var/www/html/vendor/laravel/framework/src/Illuminate/Foundation/Bootstrap/RegisterProviders.php:37
/var/www/html/vendor/laravel/framework/src/Illuminate/Foundation/Application.php:342
/var/www/html/vendor/laravel/framework/src/Illuminate/Foundation/Console/Kernel.php:473
/var/www/html/tests/CreatesApplication.php:31
/var/www/html/vendor/laravel/framework/src/Illuminate/Foundation/Testing/TestCase.php:54
/var/www/html/vendor/laravel/framework/src/Illuminate/Foundation/Testing/Concerns/InteractsWithTestCaseLifecycle.php:92
/var/www/html/vendor/laravel/framework/src/Illuminate/Foundation/Testing/TestCase.php:44
/var/www/html/tests/TestCase.php:36</error>
        </testcase>
        <testcase name="test_admin_middleware_handles_null_user" file="/var/www/html/tests/Feature/Http/Middleware/AdminMiddlewareTest.php" line="112" class="Tests\Feature\Http\Middleware\AdminMiddlewareTest" classname="Tests.Feature.Http.Middleware.AdminMiddlewareTest" assertions="0" time="0.000000">
          <error type="Error">Tests\Feature\Http\Middleware\AdminMiddlewareTest::test_admin_middleware_handles_null_user
Error: Class "Laravel\Dusk\DuskServiceProvider" not found

/var/www/html/vendor/laravel/framework/src/Illuminate/Foundation/Application.php:961
/var/www/html/vendor/laravel/framework/src/Illuminate/Foundation/Application.php:893
/var/www/html/app/Providers/AppServiceProvider.php:51
/var/www/html/vendor/laravel/framework/src/Illuminate/Foundation/Application.php:896
/var/www/html/vendor/laravel/framework/src/Illuminate/Foundation/ProviderRepository.php:74
/var/www/html/vendor/laravel/framework/src/Illuminate/Foundation/Application.php:871
/var/www/html/vendor/laravel/framework/src/Illuminate/Foundation/Bootstrap/RegisterProviders.php:37
/var/www/html/vendor/laravel/framework/src/Illuminate/Foundation/Application.php:342
/var/www/html/vendor/laravel/framework/src/Illuminate/Foundation/Console/Kernel.php:473
/var/www/html/tests/CreatesApplication.php:31
/var/www/html/vendor/laravel/framework/src/Illuminate/Foundation/Testing/TestCase.php:54
/var/www/html/vendor/laravel/framework/src/Illuminate/Foundation/Testing/Concerns/InteractsWithTestCaseLifecycle.php:92
/var/www/html/vendor/laravel/framework/src/Illuminate/Foundation/Testing/TestCase.php:44
/var/www/html/tests/TestCase.php:36</error>
        </testcase>
      </testsuite>
      <testsuite name="Tests\Feature\Http\Controllers\HealthControllerTest" file="/var/www/html/tests/Feature/Http/Controllers/HealthControllerTest.php" tests="12" assertions="0" errors="12" failures="0" skipped="0" time="0.000000">
        <testcase name="it_includes_environment_in_response" file="/var/www/html/tests/Feature/Http/Controllers/HealthControllerTest.php" line="71" class="Tests\Feature\Http\Controllers\HealthControllerTest" classname="Tests.Feature.Http.Controllers.HealthControllerTest" assertions="0" time="0.000000">
          <error type="Error">Tests\Feature\Http\Controllers\HealthControllerTest::it_includes_environment_in_response
Error: Class "Laravel\Dusk\DuskServiceProvider" not found

/var/www/html/vendor/laravel/framework/src/Illuminate/Foundation/Application.php:961
/var/www/html/vendor/laravel/framework/src/Illuminate/Foundation/Application.php:893
/var/www/html/app/Providers/AppServiceProvider.php:51
/var/www/html/vendor/laravel/framework/src/Illuminate/Foundation/Application.php:896
/var/www/html/vendor/laravel/framework/src/Illuminate/Foundation/ProviderRepository.php:74
/var/www/html/vendor/laravel/framework/src/Illuminate/Foundation/Application.php:871
/var/www/html/vendor/laravel/framework/src/Illuminate/Foundation/Bootstrap/RegisterProviders.php:37
/var/www/html/vendor/laravel/framework/src/Illuminate/Foundation/Application.php:342
/var/www/html/vendor/laravel/framework/src/Illuminate/Foundation/Console/Kernel.php:473
/var/www/html/tests/CreatesApplication.php:31
/var/www/html/vendor/laravel/framework/src/Illuminate/Foundation/Testing/TestCase.php:54
/var/www/html/vendor/laravel/framework/src/Illuminate/Foundation/Testing/Concerns/InteractsWithTestCaseLifecycle.php:92
/var/www/html/vendor/laravel/framework/src/Illuminate/Foundation/Testing/TestCase.php:44
/var/www/html/tests/TestCase.php:36</error>
        </testcase>
        <testcase name="it_tests_storage_writability" file="/var/www/html/tests/Feature/Http/Controllers/HealthControllerTest.php" line="95" class="Tests\Feature\Http\Controllers\HealthControllerTest" classname="Tests.Feature.Http.Controllers.HealthControllerTest" assertions="0" time="0.000000">
          <error type="Error">Tests\Feature\Http\Controllers\HealthControllerTest::it_tests_storage_writability
Error: Class "Laravel\Dusk\DuskServiceProvider" not found

/var/www/html/vendor/laravel/framework/src/Illuminate/Foundation/Application.php:961
/var/www/html/vendor/laravel/framework/src/Illuminate/Foundation/Application.php:893
/var/www/html/app/Providers/AppServiceProvider.php:51
/var/www/html/vendor/laravel/framework/src/Illuminate/Foundation/Application.php:896
/var/www/html/vendor/laravel/framework/src/Illuminate/Foundation/ProviderRepository.php:74
/var/www/html/vendor/laravel/framework/src/Illuminate/Foundation/Application.php:871
/var/www/html/vendor/laravel/framework/src/Illuminate/Foundation/Bootstrap/RegisterProviders.php:37
/var/www/html/vendor/laravel/framework/src/Illuminate/Foundation/Application.php:342
/var/www/html/vendor/laravel/framework/src/Illuminate/Foundation/Console/Kernel.php:473
/var/www/html/tests/CreatesApplication.php:31
/var/www/html/vendor/laravel/framework/src/Illuminate/Foundation/Testing/TestCase.php:54
/var/www/html/vendor/laravel/framework/src/Illuminate/Foundation/Testing/Concerns/InteractsWithTestCaseLifecycle.php:92
/var/www/html/vendor/laravel/framework/src/Illuminate/Foundation/Testing/TestCase.php:44
/var/www/html/tests/TestCase.php:36</error>
        </testcase>
        <testcase name="it_tests_database_connection" file="/var/www/html/tests/Feature/Http/Controllers/HealthControllerTest.php" line="79" class="Tests\Feature\Http\Controllers\HealthControllerTest" classname="Tests.Feature.Http.Controllers.HealthControllerTest" assertions="0" time="0.000000">
          <error type="Error">Tests\Feature\Http\Controllers\HealthControllerTest::it_tests_database_connection
Error: Class "Laravel\Dusk\DuskServiceProvider" not found

/var/www/html/vendor/laravel/framework/src/Illuminate/Foundation/Application.php:961
/var/www/html/vendor/laravel/framework/src/Illuminate/Foundation/Application.php:893
/var/www/html/app/Providers/AppServiceProvider.php:51
/var/www/html/vendor/laravel/framework/src/Illuminate/Foundation/Application.php:896
/var/www/html/vendor/laravel/framework/src/Illuminate/Foundation/ProviderRepository.php:74
/var/www/html/vendor/laravel/framework/src/Illuminate/Foundation/Application.php:871
/var/www/html/vendor/laravel/framework/src/Illuminate/Foundation/Bootstrap/RegisterProviders.php:37
/var/www/html/vendor/laravel/framework/src/Illuminate/Foundation/Application.php:342
/var/www/html/vendor/laravel/framework/src/Illuminate/Foundation/Console/Kernel.php:473
/var/www/html/tests/CreatesApplication.php:31
/var/www/html/vendor/laravel/framework/src/Illuminate/Foundation/Testing/TestCase.php:54
/var/www/html/vendor/laravel/framework/src/Illuminate/Foundation/Testing/Concerns/InteractsWithTestCaseLifecycle.php:92
/var/www/html/vendor/laravel/framework/src/Illuminate/Foundation/Testing/TestCase.php:44
/var/www/html/tests/TestCase.php:36</error>
        </testcase>
        <testcase name="it_handles_multiple_system_failures" file="/var/www/html/tests/Feature/Http/Controllers/HealthControllerTest.php" line="103" class="Tests\Feature\Http\Controllers\HealthControllerTest" classname="Tests.Feature.Http.Controllers.HealthControllerTest" assertions="0" time="0.000000">
          <error type="Error">Tests\Feature\Http\Controllers\HealthControllerTest::it_handles_multiple_system_failures
Error: Class "Laravel\Dusk\DuskServiceProvider" not found

/var/www/html/vendor/laravel/framework/src/Illuminate/Foundation/Application.php:961
/var/www/html/vendor/laravel/framework/src/Illuminate/Foundation/Application.php:893
/var/www/html/app/Providers/AppServiceProvider.php:51
/var/www/html/vendor/laravel/framework/src/Illuminate/Foundation/Application.php:896
/var/www/html/vendor/laravel/framework/src/Illuminate/Foundation/ProviderRepository.php:74
/var/www/html/vendor/laravel/framework/src/Illuminate/Foundation/Application.php:871
/var/www/html/vendor/laravel/framework/src/Illuminate/Foundation/Bootstrap/RegisterProviders.php:37
/var/www/html/vendor/laravel/framework/src/Illuminate/Foundation/Application.php:342
/var/www/html/vendor/laravel/framework/src/Illuminate/Foundation/Console/Kernel.php:473
/var/www/html/tests/CreatesApplication.php:31
/var/www/html/vendor/laravel/framework/src/Illuminate/Foundation/Testing/TestCase.php:54
/var/www/html/vendor/laravel/framework/src/Illuminate/Foundation/Testing/Concerns/InteractsWithTestCaseLifecycle.php:92
/var/www/html/vendor/laravel/framework/src/Illuminate/Foundation/Testing/TestCase.php:44
/var/www/html/tests/TestCase.php:36</error>
        </testcase>
        <testcase name="it_returns_healthy_status_when_all_systems_operational" file="/var/www/html/tests/Feature/Http/Controllers/HealthControllerTest.php" line="23" class="Tests\Feature\Http\Controllers\HealthControllerTest" classname="Tests.Feature.Http.Controllers.HealthControllerTest" assertions="0" time="0.000000">
          <error type="Error">Tests\Feature\Http\Controllers\HealthControllerTest::it_returns_healthy_status_when_all_systems_operational
Error: Class "Laravel\Dusk\DuskServiceProvider" not found

/var/www/html/vendor/laravel/framework/src/Illuminate/Foundation/Application.php:961
/var/www/html/vendor/laravel/framework/src/Illuminate/Foundation/Application.php:893
/var/www/html/app/Providers/AppServiceProvider.php:51
/var/www/html/vendor/laravel/framework/src/Illuminate/Foundation/Application.php:896
/var/www/html/vendor/laravel/framework/src/Illuminate/Foundation/ProviderRepository.php:74
/var/www/html/vendor/laravel/framework/src/Illuminate/Foundation/Application.php:871
/var/www/html/vendor/laravel/framework/src/Illuminate/Foundation/Bootstrap/RegisterProviders.php:37
/var/www/html/vendor/laravel/framework/src/Illuminate/Foundation/Application.php:342
/var/www/html/vendor/laravel/framework/src/Illuminate/Foundation/Console/Kernel.php:473
/var/www/html/tests/CreatesApplication.php:31
/var/www/html/vendor/laravel/framework/src/Illuminate/Foundation/Testing/TestCase.php:54
/var/www/html/vendor/laravel/framework/src/Illuminate/Foundation/Testing/Concerns/InteractsWithTestCaseLifecycle.php:92
/var/www/html/vendor/laravel/framework/src/Illuminate/Foundation/Testing/TestCase.php:44
/var/www/html/tests/TestCase.php:36</error>
        </testcase>
        <testcase name="it_returns_unhealthy_status_when_database_fails" file="/var/www/html/tests/Feature/Http/Controllers/HealthControllerTest.php" line="31" class="Tests\Feature\Http\Controllers\HealthControllerTest" classname="Tests.Feature.Http.Controllers.HealthControllerTest" assertions="0" time="0.000000">
          <error type="Error">Tests\Feature\Http\Controllers\HealthControllerTest::it_returns_unhealthy_status_when_database_fails
Error: Class "Laravel\Dusk\DuskServiceProvider" not found

/var/www/html/vendor/laravel/framework/src/Illuminate/Foundation/Application.php:961
/var/www/html/vendor/laravel/framework/src/Illuminate/Foundation/Application.php:893
/var/www/html/app/Providers/AppServiceProvider.php:51
/var/www/html/vendor/laravel/framework/src/Illuminate/Foundation/Application.php:896
/var/www/html/vendor/laravel/framework/src/Illuminate/Foundation/ProviderRepository.php:74
/var/www/html/vendor/laravel/framework/src/Illuminate/Foundation/Application.php:871
/var/www/html/vendor/laravel/framework/src/Illuminate/Foundation/Bootstrap/RegisterProviders.php:37
/var/www/html/vendor/laravel/framework/src/Illuminate/Foundation/Application.php:342
/var/www/html/vendor/laravel/framework/src/Illuminate/Foundation/Console/Kernel.php:473
/var/www/html/tests/CreatesApplication.php:31
/var/www/html/vendor/laravel/framework/src/Illuminate/Foundation/Testing/TestCase.php:54
/var/www/html/vendor/laravel/framework/src/Illuminate/Foundation/Testing/Concerns/InteractsWithTestCaseLifecycle.php:92
/var/www/html/vendor/laravel/framework/src/Illuminate/Foundation/Testing/TestCase.php:44
/var/www/html/tests/TestCase.php:36</error>
        </testcase>
        <testcase name="it_returns_unhealthy_status_when_storage_is_not_writable" file="/var/www/html/tests/Feature/Http/Controllers/HealthControllerTest.php" line="39" class="Tests\Feature\Http\Controllers\HealthControllerTest" classname="Tests.Feature.Http.Controllers.HealthControllerTest" assertions="0" time="0.000000">
          <error type="Error">Tests\Feature\Http\Controllers\HealthControllerTest::it_returns_unhealthy_status_when_storage_is_not_writable
Error: Class "Laravel\Dusk\DuskServiceProvider" not found

/var/www/html/vendor/laravel/framework/src/Illuminate/Foundation/Application.php:961
/var/www/html/vendor/laravel/framework/src/Illuminate/Foundation/Application.php:893
/var/www/html/app/Providers/AppServiceProvider.php:51
/var/www/html/vendor/laravel/framework/src/Illuminate/Foundation/Application.php:896
/var/www/html/vendor/laravel/framework/src/Illuminate/Foundation/ProviderRepository.php:74
/var/www/html/vendor/laravel/framework/src/Illuminate/Foundation/Application.php:871
/var/www/html/vendor/laravel/framework/src/Illuminate/Foundation/Bootstrap/RegisterProviders.php:37
/var/www/html/vendor/laravel/framework/src/Illuminate/Foundation/Application.php:342
/var/www/html/vendor/laravel/framework/src/Illuminate/Foundation/Console/Kernel.php:473
/var/www/html/tests/CreatesApplication.php:31
/var/www/html/vendor/laravel/framework/src/Illuminate/Foundation/Testing/TestCase.php:54
/var/www/html/vendor/laravel/framework/src/Illuminate/Foundation/Testing/Concerns/InteractsWithTestCaseLifecycle.php:92
/var/www/html/vendor/laravel/framework/src/Illuminate/Foundation/Testing/TestCase.php:44
/var/www/html/tests/TestCase.php:36</error>
        </testcase>
        <testcase name="it_returns_unhealthy_status_when_cache_fails" file="/var/www/html/tests/Feature/Http/Controllers/HealthControllerTest.php" line="47" class="Tests\Feature\Http\Controllers\HealthControllerTest" classname="Tests.Feature.Http.Controllers.HealthControllerTest" assertions="0" time="0.000000">
          <error type="Error">Tests\Feature\Http\Controllers\HealthControllerTest::it_returns_unhealthy_status_when_cache_fails
Error: Class "Laravel\Dusk\DuskServiceProvider" not found

/var/www/html/vendor/laravel/framework/src/Illuminate/Foundation/Application.php:961
/var/www/html/vendor/laravel/framework/src/Illuminate/Foundation/Application.php:893
/var/www/html/app/Providers/AppServiceProvider.php:51
/var/www/html/vendor/laravel/framework/src/Illuminate/Foundation/Application.php:896
/var/www/html/vendor/laravel/framework/src/Illuminate/Foundation/ProviderRepository.php:74
/var/www/html/vendor/laravel/framework/src/Illuminate/Foundation/Application.php:871
/var/www/html/vendor/laravel/framework/src/Illuminate/Foundation/Bootstrap/RegisterProviders.php:37
/var/www/html/vendor/laravel/framework/src/Illuminate/Foundation/Application.php:342
/var/www/html/vendor/laravel/framework/src/Illuminate/Foundation/Console/Kernel.php:473
/var/www/html/tests/CreatesApplication.php:31
/var/www/html/vendor/laravel/framework/src/Illuminate/Foundation/Testing/TestCase.php:54
/var/www/html/vendor/laravel/framework/src/Illuminate/Foundation/Testing/Concerns/InteractsWithTestCaseLifecycle.php:92
/var/www/html/vendor/laravel/framework/src/Illuminate/Foundation/Testing/TestCase.php:44
/var/www/html/tests/TestCase.php:36</error>
        </testcase>
        <testcase name="it_includes_version_in_response" file="/var/www/html/tests/Feature/Http/Controllers/HealthControllerTest.php" line="63" class="Tests\Feature\Http\Controllers\HealthControllerTest" classname="Tests.Feature.Http.Controllers.HealthControllerTest" assertions="0" time="0.000000">
          <error type="Error">Tests\Feature\Http\Controllers\HealthControllerTest::it_includes_version_in_response
Error: Class "Laravel\Dusk\DuskServiceProvider" not found

/var/www/html/vendor/laravel/framework/src/Illuminate/Foundation/Application.php:961
/var/www/html/vendor/laravel/framework/src/Illuminate/Foundation/Application.php:893
/var/www/html/app/Providers/AppServiceProvider.php:51
/var/www/html/vendor/laravel/framework/src/Illuminate/Foundation/Application.php:896
/var/www/html/vendor/laravel/framework/src/Illuminate/Foundation/ProviderRepository.php:74
/var/www/html/vendor/laravel/framework/src/Illuminate/Foundation/Application.php:871
/var/www/html/vendor/laravel/framework/src/Illuminate/Foundation/Bootstrap/RegisterProviders.php:37
/var/www/html/vendor/laravel/framework/src/Illuminate/Foundation/Application.php:342
/var/www/html/vendor/laravel/framework/src/Illuminate/Foundation/Console/Kernel.php:473
/var/www/html/tests/CreatesApplication.php:31
/var/www/html/vendor/laravel/framework/src/Illuminate/Foundation/Testing/TestCase.php:54
/var/www/html/vendor/laravel/framework/src/Illuminate/Foundation/Testing/Concerns/InteractsWithTestCaseLifecycle.php:92
/var/www/html/vendor/laravel/framework/src/Illuminate/Foundation/Testing/TestCase.php:44
/var/www/html/tests/TestCase.php:36</error>
        </testcase>
        <testcase name="it_handles_cache_test_failure" file="/var/www/html/tests/Feature/Http/Controllers/HealthControllerTest.php" line="111" class="Tests\Feature\Http\Controllers\HealthControllerTest" classname="Tests.Feature.Http.Controllers.HealthControllerTest" assertions="0" time="0.000000">
          <error type="Error">Tests\Feature\Http\Controllers\HealthControllerTest::it_handles_cache_test_failure
Error: Class "Laravel\Dusk\DuskServiceProvider" not found

/var/www/html/vendor/laravel/framework/src/Illuminate/Foundation/Application.php:961
/var/www/html/vendor/laravel/framework/src/Illuminate/Foundation/Application.php:893
/var/www/html/app/Providers/AppServiceProvider.php:51
/var/www/html/vendor/laravel/framework/src/Illuminate/Foundation/Application.php:896
/var/www/html/vendor/laravel/framework/src/Illuminate/Foundation/ProviderRepository.php:74
/var/www/html/vendor/laravel/framework/src/Illuminate/Foundation/Application.php:871
/var/www/html/vendor/laravel/framework/src/Illuminate/Foundation/Bootstrap/RegisterProviders.php:37
/var/www/html/vendor/laravel/framework/src/Illuminate/Foundation/Application.php:342
/var/www/html/vendor/laravel/framework/src/Illuminate/Foundation/Console/Kernel.php:473
/var/www/html/tests/CreatesApplication.php:31
/var/www/html/vendor/laravel/framework/src/Illuminate/Foundation/Testing/TestCase.php:54
/var/www/html/vendor/laravel/framework/src/Illuminate/Foundation/Testing/Concerns/InteractsWithTestCaseLifecycle.php:92
/var/www/html/vendor/laravel/framework/src/Illuminate/Foundation/Testing/TestCase.php:44
/var/www/html/tests/TestCase.php:36</error>
        </testcase>
        <testcase name="it_tests_cache_functionality" file="/var/www/html/tests/Feature/Http/Controllers/HealthControllerTest.php" line="87" class="Tests\Feature\Http\Controllers\HealthControllerTest" classname="Tests.Feature.Http.Controllers.HealthControllerTest" assertions="0" time="0.000000">
          <error type="Error">Tests\Feature\Http\Controllers\HealthControllerTest::it_tests_cache_functionality
Error: Class "Laravel\Dusk\DuskServiceProvider" not found

/var/www/html/vendor/laravel/framework/src/Illuminate/Foundation/Application.php:961
/var/www/html/vendor/laravel/framework/src/Illuminate/Foundation/Application.php:893
/var/www/html/app/Providers/AppServiceProvider.php:51
/var/www/html/vendor/laravel/framework/src/Illuminate/Foundation/Application.php:896
/var/www/html/vendor/laravel/framework/src/Illuminate/Foundation/ProviderRepository.php:74
/var/www/html/vendor/laravel/framework/src/Illuminate/Foundation/Application.php:871
/var/www/html/vendor/laravel/framework/src/Illuminate/Foundation/Bootstrap/RegisterProviders.php:37
/var/www/html/vendor/laravel/framework/src/Illuminate/Foundation/Application.php:342
/var/www/html/vendor/laravel/framework/src/Illuminate/Foundation/Console/Kernel.php:473
/var/www/html/tests/CreatesApplication.php:31
/var/www/html/vendor/laravel/framework/src/Illuminate/Foundation/Testing/TestCase.php:54
/var/www/html/vendor/laravel/framework/src/Illuminate/Foundation/Testing/Concerns/InteractsWithTestCaseLifecycle.php:92
/var/www/html/vendor/laravel/framework/src/Illuminate/Foundation/Testing/TestCase.php:44
/var/www/html/tests/TestCase.php:36</error>
        </testcase>
        <testcase name="it_includes_timestamp_in_response" file="/var/www/html/tests/Feature/Http/Controllers/HealthControllerTest.php" line="55" class="Tests\Feature\Http\Controllers\HealthControllerTest" classname="Tests.Feature.Http.Controllers.HealthControllerTest" assertions="0" time="0.000000">
          <error type="Error">Tests\Feature\Http\Controllers\HealthControllerTest::it_includes_timestamp_in_response
Error: Class "Laravel\Dusk\DuskServiceProvider" not found

/var/www/html/vendor/laravel/framework/src/Illuminate/Foundation/Application.php:961
/var/www/html/vendor/laravel/framework/src/Illuminate/Foundation/Application.php:893
/var/www/html/app/Providers/AppServiceProvider.php:51
/var/www/html/vendor/laravel/framework/src/Illuminate/Foundation/Application.php:896
/var/www/html/vendor/laravel/framework/src/Illuminate/Foundation/ProviderRepository.php:74
/var/www/html/vendor/laravel/framework/src/Illuminate/Foundation/Application.php:871
/var/www/html/vendor/laravel/framework/src/Illuminate/Foundation/Bootstrap/RegisterProviders.php:37
/var/www/html/vendor/laravel/framework/src/Illuminate/Foundation/Application.php:342
/var/www/html/vendor/laravel/framework/src/Illuminate/Foundation/Console/Kernel.php:473
/var/www/html/tests/CreatesApplication.php:31
/var/www/html/vendor/laravel/framework/src/Illuminate/Foundation/Testing/TestCase.php:54
/var/www/html/vendor/laravel/framework/src/Illuminate/Foundation/Testing/Concerns/InteractsWithTestCaseLifecycle.php:92
/var/www/html/vendor/laravel/framework/src/Illuminate/Foundation/Testing/TestCase.php:44
/var/www/html/tests/TestCase.php:36</error>
        </testcase>
      </testsuite>
      <testsuite name="Tests\Feature\Http\Middleware\VerifyCsrfTokenTest" file="/var/www/html/tests/Feature/Http/Middleware/VerifyCsrfTokenTest.php" tests="6" assertions="0" errors="6" failures="0" skipped="0" time="0.000000">
        <testcase name="test_verify_csrf_token_middleware_allows_head_requests" file="/var/www/html/tests/Feature/Http/Middleware/VerifyCsrfTokenTest.php" line="72" class="Tests\Feature\Http\Middleware\VerifyCsrfTokenTest" classname="Tests.Feature.Http.Middleware.VerifyCsrfTokenTest" assertions="0" time="0.000000">
          <error type="Error">Tests\Feature\Http\Middleware\VerifyCsrfTokenTest::test_verify_csrf_token_middleware_allows_head_requests
Error: Class "Laravel\Dusk\DuskServiceProvider" not found

/var/www/html/vendor/laravel/framework/src/Illuminate/Foundation/Application.php:961
/var/www/html/vendor/laravel/framework/src/Illuminate/Foundation/Application.php:893
/var/www/html/app/Providers/AppServiceProvider.php:51
/var/www/html/vendor/laravel/framework/src/Illuminate/Foundation/Application.php:896
/var/www/html/vendor/laravel/framework/src/Illuminate/Foundation/ProviderRepository.php:74
/var/www/html/vendor/laravel/framework/src/Illuminate/Foundation/Application.php:871
/var/www/html/vendor/laravel/framework/src/Illuminate/Foundation/Bootstrap/RegisterProviders.php:37
/var/www/html/vendor/laravel/framework/src/Illuminate/Foundation/Application.php:342
/var/www/html/vendor/laravel/framework/src/Illuminate/Foundation/Console/Kernel.php:473
/var/www/html/tests/CreatesApplication.php:31
/var/www/html/vendor/laravel/framework/src/Illuminate/Foundation/Testing/TestCase.php:54
/var/www/html/vendor/laravel/framework/src/Illuminate/Foundation/Testing/Concerns/InteractsWithTestCaseLifecycle.php:92
/var/www/html/vendor/laravel/framework/src/Illuminate/Foundation/Testing/TestCase.php:44
/var/www/html/tests/TestCase.php:36</error>
        </testcase>
        <testcase name="test_verify_csrf_token_middleware_allows_options_requests" file="/var/www/html/tests/Feature/Http/Middleware/VerifyCsrfTokenTest.php" line="86" class="Tests\Feature\Http\Middleware\VerifyCsrfTokenTest" classname="Tests.Feature.Http.Middleware.VerifyCsrfTokenTest" assertions="0" time="0.000000">
          <error type="Error">Tests\Feature\Http\Middleware\VerifyCsrfTokenTest::test_verify_csrf_token_middleware_allows_options_requests
Error: Class "Laravel\Dusk\DuskServiceProvider" not found

/var/www/html/vendor/laravel/framework/src/Illuminate/Foundation/Application.php:961
/var/www/html/vendor/laravel/framework/src/Illuminate/Foundation/Application.php:893
/var/www/html/app/Providers/AppServiceProvider.php:51
/var/www/html/vendor/laravel/framework/src/Illuminate/Foundation/Application.php:896
/var/www/html/vendor/laravel/framework/src/Illuminate/Foundation/ProviderRepository.php:74
/var/www/html/vendor/laravel/framework/src/Illuminate/Foundation/Application.php:871
/var/www/html/vendor/laravel/framework/src/Illuminate/Foundation/Bootstrap/RegisterProviders.php:37
/var/www/html/vendor/laravel/framework/src/Illuminate/Foundation/Application.php:342
/var/www/html/vendor/laravel/framework/src/Illuminate/Foundation/Console/Kernel.php:473
/var/www/html/tests/CreatesApplication.php:31
/var/www/html/vendor/laravel/framework/src/Illuminate/Foundation/Testing/TestCase.php:54
/var/www/html/vendor/laravel/framework/src/Illuminate/Foundation/Testing/Concerns/InteractsWithTestCaseLifecycle.php:92
/var/www/html/vendor/laravel/framework/src/Illuminate/Foundation/Testing/TestCase.php:44
/var/www/html/tests/TestCase.php:36</error>
        </testcase>
        <testcase name="test_verify_csrf_token_middleware_allows_get_requests" file="/var/www/html/tests/Feature/Http/Middleware/VerifyCsrfTokenTest.php" line="57" class="Tests\Feature\Http\Middleware\VerifyCsrfTokenTest" classname="Tests.Feature.Http.Middleware.VerifyCsrfTokenTest" assertions="0" time="0.000000">
          <error type="Error">Tests\Feature\Http\Middleware\VerifyCsrfTokenTest::test_verify_csrf_token_middleware_allows_get_requests
Error: Class "Laravel\Dusk\DuskServiceProvider" not found

/var/www/html/vendor/laravel/framework/src/Illuminate/Foundation/Application.php:961
/var/www/html/vendor/laravel/framework/src/Illuminate/Foundation/Application.php:893
/var/www/html/app/Providers/AppServiceProvider.php:51
/var/www/html/vendor/laravel/framework/src/Illuminate/Foundation/Application.php:896
/var/www/html/vendor/laravel/framework/src/Illuminate/Foundation/ProviderRepository.php:74
/var/www/html/vendor/laravel/framework/src/Illuminate/Foundation/Application.php:871
/var/www/html/vendor/laravel/framework/src/Illuminate/Foundation/Bootstrap/RegisterProviders.php:37
/var/www/html/vendor/laravel/framework/src/Illuminate/Foundation/Application.php:342
/var/www/html/vendor/laravel/framework/src/Illuminate/Foundation/Console/Kernel.php:473
/var/www/html/tests/CreatesApplication.php:31
/var/www/html/vendor/laravel/framework/src/Illuminate/Foundation/Testing/TestCase.php:54
/var/www/html/vendor/laravel/framework/src/Illuminate/Foundation/Testing/Concerns/InteractsWithTestCaseLifecycle.php:92
/var/www/html/vendor/laravel/framework/src/Illuminate/Foundation/Testing/TestCase.php:44
/var/www/html/tests/TestCase.php:36</error>
        </testcase>
        <testcase name="test_verify_csrf_token_middleware_allows_valid_token" file="/var/www/html/tests/Feature/Http/Middleware/VerifyCsrfTokenTest.php" line="18" class="Tests\Feature\Http\Middleware\VerifyCsrfTokenTest" classname="Tests.Feature.Http.Middleware.VerifyCsrfTokenTest" assertions="0" time="0.000000">
          <error type="Error">Tests\Feature\Http\Middleware\VerifyCsrfTokenTest::test_verify_csrf_token_middleware_allows_valid_token
Error: Class "Laravel\Dusk\DuskServiceProvider" not found

/var/www/html/vendor/laravel/framework/src/Illuminate/Foundation/Application.php:961
/var/www/html/vendor/laravel/framework/src/Illuminate/Foundation/Application.php:893
/var/www/html/app/Providers/AppServiceProvider.php:51
/var/www/html/vendor/laravel/framework/src/Illuminate/Foundation/Application.php:896
/var/www/html/vendor/laravel/framework/src/Illuminate/Foundation/ProviderRepository.php:74
/var/www/html/vendor/laravel/framework/src/Illuminate/Foundation/Application.php:871
/var/www/html/vendor/laravel/framework/src/Illuminate/Foundation/Bootstrap/RegisterProviders.php:37
/var/www/html/vendor/laravel/framework/src/Illuminate/Foundation/Application.php:342
/var/www/html/vendor/laravel/framework/src/Illuminate/Foundation/Console/Kernel.php:473
/var/www/html/tests/CreatesApplication.php:31
/var/www/html/vendor/laravel/framework/src/Illuminate/Foundation/Testing/TestCase.php:54
/var/www/html/vendor/laravel/framework/src/Illuminate/Foundation/Testing/Concerns/InteractsWithTestCaseLifecycle.php:92
/var/www/html/vendor/laravel/framework/src/Illuminate/Foundation/Testing/TestCase.php:44
/var/www/html/tests/TestCase.php:36</error>
        </testcase>
        <testcase name="test_verify_csrf_token_middleware_blocks_invalid_token" file="/var/www/html/tests/Feature/Http/Middleware/VerifyCsrfTokenTest.php" line="38" class="Tests\Feature\Http\Middleware\VerifyCsrfTokenTest" classname="Tests.Feature.Http.Middleware.VerifyCsrfTokenTest" assertions="0" time="0.000000">
          <error type="Error">Tests\Feature\Http\Middleware\VerifyCsrfTokenTest::test_verify_csrf_token_middleware_blocks_invalid_token
Error: Class "Laravel\Dusk\DuskServiceProvider" not found

/var/www/html/vendor/laravel/framework/src/Illuminate/Foundation/Application.php:961
/var/www/html/vendor/laravel/framework/src/Illuminate/Foundation/Application.php:893
/var/www/html/app/Providers/AppServiceProvider.php:51
/var/www/html/vendor/laravel/framework/src/Illuminate/Foundation/Application.php:896
/var/www/html/vendor/laravel/framework/src/Illuminate/Foundation/ProviderRepository.php:74
/var/www/html/vendor/laravel/framework/src/Illuminate/Foundation/Application.php:871
/var/www/html/vendor/laravel/framework/src/Illuminate/Foundation/Bootstrap/RegisterProviders.php:37
/var/www/html/vendor/laravel/framework/src/Illuminate/Foundation/Application.php:342
/var/www/html/vendor/laravel/framework/src/Illuminate/Foundation/Console/Kernel.php:473
/var/www/html/tests/CreatesApplication.php:31
/var/www/html/vendor/laravel/framework/src/Illuminate/Foundation/Testing/TestCase.php:54
/var/www/html/vendor/laravel/framework/src/Illuminate/Foundation/Testing/Concerns/InteractsWithTestCaseLifecycle.php:92
/var/www/html/vendor/laravel/framework/src/Illuminate/Foundation/Testing/TestCase.php:44
/var/www/html/tests/TestCase.php:36</error>
        </testcase>
        <testcase name="test_verify_csrf_token_middleware_blocks_post_requests_without_token" file="/var/www/html/tests/Feature/Http/Middleware/VerifyCsrfTokenTest.php" line="100" class="Tests\Feature\Http\Middleware\VerifyCsrfTokenTest" classname="Tests.Feature.Http.Middleware.VerifyCsrfTokenTest" assertions="0" time="0.000000">
          <error type="Error">Tests\Feature\Http\Middleware\VerifyCsrfTokenTest::test_verify_csrf_token_middleware_blocks_post_requests_without_token
Error: Class "Laravel\Dusk\DuskServiceProvider" not found

/var/www/html/vendor/laravel/framework/src/Illuminate/Foundation/Application.php:961
/var/www/html/vendor/laravel/framework/src/Illuminate/Foundation/Application.php:893
/var/www/html/app/Providers/AppServiceProvider.php:51
/var/www/html/vendor/laravel/framework/src/Illuminate/Foundation/Application.php:896
/var/www/html/vendor/laravel/framework/src/Illuminate/Foundation/ProviderRepository.php:74
/var/www/html/vendor/laravel/framework/src/Illuminate/Foundation/Application.php:871
/var/www/html/vendor/laravel/framework/src/Illuminate/Foundation/Bootstrap/RegisterProviders.php:37
/var/www/html/vendor/laravel/framework/src/Illuminate/Foundation/Application.php:342
/var/www/html/vendor/laravel/framework/src/Illuminate/Foundation/Console/Kernel.php:473
/var/www/html/tests/CreatesApplication.php:31
/var/www/html/vendor/laravel/framework/src/Illuminate/Foundation/Testing/TestCase.php:54
/var/www/html/vendor/laravel/framework/src/Illuminate/Foundation/Testing/Concerns/InteractsWithTestCaseLifecycle.php:92
/var/www/html/vendor/laravel/framework/src/Illuminate/Foundation/Testing/TestCase.php:44
/var/www/html/tests/TestCase.php:36</error>
        </testcase>
      </testsuite>
      <testsuite name="Tests\Feature\Http\Controllers\PriceAlertControllerTest" file="/var/www/html/tests/Feature/Http/Controllers/PriceAlertControllerTest.php" tests="3" assertions="0" errors="3" failures="0" skipped="0" time="0.000000">
        <testcase name="test_validation" file="/var/www/html/tests/Feature/Http/Controllers/PriceAlertControllerTest.php" line="32" class="Tests\Feature\Http\Controllers\PriceAlertControllerTest" classname="Tests.Feature.Http.Controllers.PriceAlertControllerTest" assertions="0" time="0.000000">
          <error type="Error">Tests\Feature\Http\Controllers\PriceAlertControllerTest::test_validation
Error: Class "Laravel\Dusk\DuskServiceProvider" not found

/var/www/html/vendor/laravel/framework/src/Illuminate/Foundation/Application.php:961
/var/www/html/vendor/laravel/framework/src/Illuminate/Foundation/Application.php:893
/var/www/html/app/Providers/AppServiceProvider.php:51
/var/www/html/vendor/laravel/framework/src/Illuminate/Foundation/Application.php:896
/var/www/html/vendor/laravel/framework/src/Illuminate/Foundation/ProviderRepository.php:74
/var/www/html/vendor/laravel/framework/src/Illuminate/Foundation/Application.php:871
/var/www/html/vendor/laravel/framework/src/Illuminate/Foundation/Bootstrap/RegisterProviders.php:37
/var/www/html/vendor/laravel/framework/src/Illuminate/Foundation/Application.php:342
/var/www/html/vendor/laravel/framework/src/Illuminate/Foundation/Console/Kernel.php:473
/var/www/html/tests/CreatesApplication.php:31
/var/www/html/vendor/laravel/framework/src/Illuminate/Foundation/Testing/TestCase.php:54
/var/www/html/vendor/laravel/framework/src/Illuminate/Foundation/Testing/Concerns/InteractsWithTestCaseLifecycle.php:92
/var/www/html/vendor/laravel/framework/src/Illuminate/Foundation/Testing/TestCase.php:44
/var/www/html/tests/TestCase.php:36
/var/www/html/tests/Feature/Http/Controllers/PriceAlertControllerTest.php:40</error>
        </testcase>
        <testcase name="test_expected_behavior" file="/var/www/html/tests/Feature/Http/Controllers/PriceAlertControllerTest.php" line="25" class="Tests\Feature\Http\Controllers\PriceAlertControllerTest" classname="Tests.Feature.Http.Controllers.PriceAlertControllerTest" assertions="0" time="0.000000">
          <error type="Error">Tests\Feature\Http\Controllers\PriceAlertControllerTest::test_expected_behavior
Error: Class "Laravel\Dusk\DuskServiceProvider" not found

/var/www/html/vendor/laravel/framework/src/Illuminate/Foundation/Application.php:961
/var/www/html/vendor/laravel/framework/src/Illuminate/Foundation/Application.php:893
/var/www/html/app/Providers/AppServiceProvider.php:51
/var/www/html/vendor/laravel/framework/src/Illuminate/Foundation/Application.php:896
/var/www/html/vendor/laravel/framework/src/Illuminate/Foundation/ProviderRepository.php:74
/var/www/html/vendor/laravel/framework/src/Illuminate/Foundation/Application.php:871
/var/www/html/vendor/laravel/framework/src/Illuminate/Foundation/Bootstrap/RegisterProviders.php:37
/var/www/html/vendor/laravel/framework/src/Illuminate/Foundation/Application.php:342
/var/www/html/vendor/laravel/framework/src/Illuminate/Foundation/Console/Kernel.php:473
/var/www/html/tests/CreatesApplication.php:31
/var/www/html/vendor/laravel/framework/src/Illuminate/Foundation/Testing/TestCase.php:54
/var/www/html/vendor/laravel/framework/src/Illuminate/Foundation/Testing/Concerns/InteractsWithTestCaseLifecycle.php:92
/var/www/html/vendor/laravel/framework/src/Illuminate/Foundation/Testing/TestCase.php:44
/var/www/html/tests/TestCase.php:36
/var/www/html/tests/Feature/Http/Controllers/PriceAlertControllerTest.php:40</error>
        </testcase>
        <testcase name="test_basic_functionality" file="/var/www/html/tests/Feature/Http/Controllers/PriceAlertControllerTest.php" line="18" class="Tests\Feature\Http\Controllers\PriceAlertControllerTest" classname="Tests.Feature.Http.Controllers.PriceAlertControllerTest" assertions="0" time="0.000000">
          <error type="Error">Tests\Feature\Http\Controllers\PriceAlertControllerTest::test_basic_functionality
Error: Class "Laravel\Dusk\DuskServiceProvider" not found

/var/www/html/vendor/laravel/framework/src/Illuminate/Foundation/Application.php:961
/var/www/html/vendor/laravel/framework/src/Illuminate/Foundation/Application.php:893
/var/www/html/app/Providers/AppServiceProvider.php:51
/var/www/html/vendor/laravel/framework/src/Illuminate/Foundation/Application.php:896
/var/www/html/vendor/laravel/framework/src/Illuminate/Foundation/ProviderRepository.php:74
/var/www/html/vendor/laravel/framework/src/Illuminate/Foundation/Application.php:871
/var/www/html/vendor/laravel/framework/src/Illuminate/Foundation/Bootstrap/RegisterProviders.php:37
/var/www/html/vendor/laravel/framework/src/Illuminate/Foundation/Application.php:342
/var/www/html/vendor/laravel/framework/src/Illuminate/Foundation/Console/Kernel.php:473
/var/www/html/tests/CreatesApplication.php:31
/var/www/html/vendor/laravel/framework/src/Illuminate/Foundation/Testing/TestCase.php:54
/var/www/html/vendor/laravel/framework/src/Illuminate/Foundation/Testing/Concerns/InteractsWithTestCaseLifecycle.php:92
/var/www/html/vendor/laravel/framework/src/Illuminate/Foundation/Testing/TestCase.php:44
/var/www/html/tests/TestCase.php:36
/var/www/html/tests/Feature/Http/Controllers/PriceAlertControllerTest.php:40</error>
        </testcase>
      </testsuite>
      <testsuite name="Tests\Feature\Http\Middleware\RequirePasswordTest" file="/var/www/html/tests/Feature/Http/Middleware/RequirePasswordTest.php" tests="5" assertions="0" errors="5" failures="0" skipped="0" time="0.000000">
        <testcase name="test_require_password_middleware_handles_unauthenticated_users" file="/var/www/html/tests/Feature/Http/Middleware/RequirePasswordTest.php" line="81" class="Tests\Feature\Http\Middleware\RequirePasswordTest" classname="Tests.Feature.Http.Middleware.RequirePasswordTest" assertions="0" time="0.000000">
          <error type="Error">Tests\Feature\Http\Middleware\RequirePasswordTest::test_require_password_middleware_handles_unauthenticated_users
Error: Class "Laravel\Dusk\DuskServiceProvider" not found

/var/www/html/vendor/laravel/framework/src/Illuminate/Foundation/Application.php:961
/var/www/html/vendor/laravel/framework/src/Illuminate/Foundation/Application.php:893
/var/www/html/app/Providers/AppServiceProvider.php:51
/var/www/html/vendor/laravel/framework/src/Illuminate/Foundation/Application.php:896
/var/www/html/vendor/laravel/framework/src/Illuminate/Foundation/ProviderRepository.php:74
/var/www/html/vendor/laravel/framework/src/Illuminate/Foundation/Application.php:871
/var/www/html/vendor/laravel/framework/src/Illuminate/Foundation/Bootstrap/RegisterProviders.php:37
/var/www/html/vendor/laravel/framework/src/Illuminate/Foundation/Application.php:342
/var/www/html/vendor/laravel/framework/src/Illuminate/Foundation/Console/Kernel.php:473
/var/www/html/tests/CreatesApplication.php:31
/var/www/html/vendor/laravel/framework/src/Illuminate/Foundation/Testing/TestCase.php:54
/var/www/html/vendor/laravel/framework/src/Illuminate/Foundation/Testing/Concerns/InteractsWithTestCaseLifecycle.php:92
/var/www/html/vendor/laravel/framework/src/Illuminate/Foundation/Testing/TestCase.php:44
/var/www/html/tests/TestCase.php:36</error>
        </testcase>
        <testcase name="test_require_password_middleware_blocks_requests_with_invalid_password" file="/var/www/html/tests/Feature/Http/Middleware/RequirePasswordTest.php" line="45" class="Tests\Feature\Http\Middleware\RequirePasswordTest" classname="Tests.Feature.Http.Middleware.RequirePasswordTest" assertions="0" time="0.000000">
          <error type="Error">Tests\Feature\Http\Middleware\RequirePasswordTest::test_require_password_middleware_blocks_requests_with_invalid_password
Error: Class "Laravel\Dusk\DuskServiceProvider" not found

/var/www/html/vendor/laravel/framework/src/Illuminate/Foundation/Application.php:961
/var/www/html/vendor/laravel/framework/src/Illuminate/Foundation/Application.php:893
/var/www/html/app/Providers/AppServiceProvider.php:51
/var/www/html/vendor/laravel/framework/src/Illuminate/Foundation/Application.php:896
/var/www/html/vendor/laravel/framework/src/Illuminate/Foundation/ProviderRepository.php:74
/var/www/html/vendor/laravel/framework/src/Illuminate/Foundation/Application.php:871
/var/www/html/vendor/laravel/framework/src/Illuminate/Foundation/Bootstrap/RegisterProviders.php:37
/var/www/html/vendor/laravel/framework/src/Illuminate/Foundation/Application.php:342
/var/www/html/vendor/laravel/framework/src/Illuminate/Foundation/Console/Kernel.php:473
/var/www/html/tests/CreatesApplication.php:31
/var/www/html/vendor/laravel/framework/src/Illuminate/Foundation/Testing/TestCase.php:54
/var/www/html/vendor/laravel/framework/src/Illuminate/Foundation/Testing/Concerns/InteractsWithTestCaseLifecycle.php:92
/var/www/html/vendor/laravel/framework/src/Illuminate/Foundation/Testing/TestCase.php:44
/var/www/html/tests/TestCase.php:36</error>
        </testcase>
        <testcase name="test_require_password_middleware_allows_requests_with_valid_password" file="/var/www/html/tests/Feature/Http/Middleware/RequirePasswordTest.php" line="20" class="Tests\Feature\Http\Middleware\RequirePasswordTest" classname="Tests.Feature.Http.Middleware.RequirePasswordTest" assertions="0" time="0.000000">
          <error type="Error">Tests\Feature\Http\Middleware\RequirePasswordTest::test_require_password_middleware_allows_requests_with_valid_password
Error: Class "Laravel\Dusk\DuskServiceProvider" not found

/var/www/html/vendor/laravel/framework/src/Illuminate/Foundation/Application.php:961
/var/www/html/vendor/laravel/framework/src/Illuminate/Foundation/Application.php:893
/var/www/html/app/Providers/AppServiceProvider.php:51
/var/www/html/vendor/laravel/framework/src/Illuminate/Foundation/Application.php:896
/var/www/html/vendor/laravel/framework/src/Illuminate/Foundation/ProviderRepository.php:74
/var/www/html/vendor/laravel/framework/src/Illuminate/Foundation/Application.php:871
/var/www/html/vendor/laravel/framework/src/Illuminate/Foundation/Bootstrap/RegisterProviders.php:37
/var/www/html/vendor/laravel/framework/src/Illuminate/Foundation/Application.php:342
/var/www/html/vendor/laravel/framework/src/Illuminate/Foundation/Console/Kernel.php:473
/var/www/html/tests/CreatesApplication.php:31
/var/www/html/vendor/laravel/framework/src/Illuminate/Foundation/Testing/TestCase.php:54
/var/www/html/vendor/laravel/framework/src/Illuminate/Foundation/Testing/Concerns/InteractsWithTestCaseLifecycle.php:92
/var/www/html/vendor/laravel/framework/src/Illuminate/Foundation/Testing/TestCase.php:44
/var/www/html/tests/TestCase.php:36</error>
        </testcase>
        <testcase name="test_require_password_middleware_blocks_requests_without_password" file="/var/www/html/tests/Feature/Http/Middleware/RequirePasswordTest.php" line="65" class="Tests\Feature\Http\Middleware\RequirePasswordTest" classname="Tests.Feature.Http.Middleware.RequirePasswordTest" assertions="0" time="0.000000">
          <error type="Error">Tests\Feature\Http\Middleware\RequirePasswordTest::test_require_password_middleware_blocks_requests_without_password
Error: Class "Laravel\Dusk\DuskServiceProvider" not found

/var/www/html/vendor/laravel/framework/src/Illuminate/Foundation/Application.php:961
/var/www/html/vendor/laravel/framework/src/Illuminate/Foundation/Application.php:893
/var/www/html/app/Providers/AppServiceProvider.php:51
/var/www/html/vendor/laravel/framework/src/Illuminate/Foundation/Application.php:896
/var/www/html/vendor/laravel/framework/src/Illuminate/Foundation/ProviderRepository.php:74
/var/www/html/vendor/laravel/framework/src/Illuminate/Foundation/Application.php:871
/var/www/html/vendor/laravel/framework/src/Illuminate/Foundation/Bootstrap/RegisterProviders.php:37
/var/www/html/vendor/laravel/framework/src/Illuminate/Foundation/Application.php:342
/var/www/html/vendor/laravel/framework/src/Illuminate/Foundation/Console/Kernel.php:473
/var/www/html/tests/CreatesApplication.php:31
/var/www/html/vendor/laravel/framework/src/Illuminate/Foundation/Testing/TestCase.php:54
/var/www/html/vendor/laravel/framework/src/Illuminate/Foundation/Testing/Concerns/InteractsWithTestCaseLifecycle.php:92
/var/www/html/vendor/laravel/framework/src/Illuminate/Foundation/Testing/TestCase.php:44
/var/www/html/tests/TestCase.php:36</error>
        </testcase>
        <testcase name="test_require_password_middleware_handles_get_requests" file="/var/www/html/tests/Feature/Http/Middleware/RequirePasswordTest.php" line="95" class="Tests\Feature\Http\Middleware\RequirePasswordTest" classname="Tests.Feature.Http.Middleware.RequirePasswordTest" assertions="0" time="0.000000">
          <error type="Error">Tests\Feature\Http\Middleware\RequirePasswordTest::test_require_password_middleware_handles_get_requests
Error: Class "Laravel\Dusk\DuskServiceProvider" not found

/var/www/html/vendor/laravel/framework/src/Illuminate/Foundation/Application.php:961
/var/www/html/vendor/laravel/framework/src/Illuminate/Foundation/Application.php:893
/var/www/html/app/Providers/AppServiceProvider.php:51
/var/www/html/vendor/laravel/framework/src/Illuminate/Foundation/Application.php:896
/var/www/html/vendor/laravel/framework/src/Illuminate/Foundation/ProviderRepository.php:74
/var/www/html/vendor/laravel/framework/src/Illuminate/Foundation/Application.php:871
/var/www/html/vendor/laravel/framework/src/Illuminate/Foundation/Bootstrap/RegisterProviders.php:37
/var/www/html/vendor/laravel/framework/src/Illuminate/Foundation/Application.php:342
/var/www/html/vendor/laravel/framework/src/Illuminate/Foundation/Console/Kernel.php:473
/var/www/html/tests/CreatesApplication.php:31
/var/www/html/vendor/laravel/framework/src/Illuminate/Foundation/Testing/TestCase.php:54
/var/www/html/vendor/laravel/framework/src/Illuminate/Foundation/Testing/Concerns/InteractsWithTestCaseLifecycle.php:92
/var/www/html/vendor/laravel/framework/src/Illuminate/Foundation/Testing/TestCase.php:44
/var/www/html/tests/TestCase.php:36</error>
        </testcase>
      </testsuite>
      <testsuite name="Tests\Feature\EmailSendingTest" file="/var/www/html/tests/Feature/EmailSendingTest.php" tests="3" assertions="0" errors="3" failures="0" skipped="0" time="0.000000">
        <testcase name="test_expected_behavior" file="/var/www/html/tests/Feature/EmailSendingTest.php" line="25" class="Tests\Feature\EmailSendingTest" classname="Tests.Feature.EmailSendingTest" assertions="0" time="0.000000">
          <error type="Error">Tests\Feature\EmailSendingTest::test_expected_behavior
Error: Class "Laravel\Dusk\DuskServiceProvider" not found

/var/www/html/vendor/laravel/framework/src/Illuminate/Foundation/Application.php:961
/var/www/html/vendor/laravel/framework/src/Illuminate/Foundation/Application.php:893
/var/www/html/app/Providers/AppServiceProvider.php:51
/var/www/html/vendor/laravel/framework/src/Illuminate/Foundation/Application.php:896
/var/www/html/vendor/laravel/framework/src/Illuminate/Foundation/ProviderRepository.php:74
/var/www/html/vendor/laravel/framework/src/Illuminate/Foundation/Application.php:871
/var/www/html/vendor/laravel/framework/src/Illuminate/Foundation/Bootstrap/RegisterProviders.php:37
/var/www/html/vendor/laravel/framework/src/Illuminate/Foundation/Application.php:342
/var/www/html/vendor/laravel/framework/src/Illuminate/Foundation/Console/Kernel.php:473
/var/www/html/tests/CreatesApplication.php:31
/var/www/html/vendor/laravel/framework/src/Illuminate/Foundation/Testing/TestCase.php:54
/var/www/html/vendor/laravel/framework/src/Illuminate/Foundation/Testing/Concerns/InteractsWithTestCaseLifecycle.php:92
/var/www/html/vendor/laravel/framework/src/Illuminate/Foundation/Testing/TestCase.php:44
/var/www/html/tests/TestCase.php:36
/var/www/html/tests/Feature/EmailSendingTest.php:40</error>
        </testcase>
        <testcase name="test_validation" file="/var/www/html/tests/Feature/EmailSendingTest.php" line="32" class="Tests\Feature\EmailSendingTest" classname="Tests.Feature.EmailSendingTest" assertions="0" time="0.000000">
          <error type="Error">Tests\Feature\EmailSendingTest::test_validation
Error: Class "Laravel\Dusk\DuskServiceProvider" not found

/var/www/html/vendor/laravel/framework/src/Illuminate/Foundation/Application.php:961
/var/www/html/vendor/laravel/framework/src/Illuminate/Foundation/Application.php:893
/var/www/html/app/Providers/AppServiceProvider.php:51
/var/www/html/vendor/laravel/framework/src/Illuminate/Foundation/Application.php:896
/var/www/html/vendor/laravel/framework/src/Illuminate/Foundation/ProviderRepository.php:74
/var/www/html/vendor/laravel/framework/src/Illuminate/Foundation/Application.php:871
/var/www/html/vendor/laravel/framework/src/Illuminate/Foundation/Bootstrap/RegisterProviders.php:37
/var/www/html/vendor/laravel/framework/src/Illuminate/Foundation/Application.php:342
/var/www/html/vendor/laravel/framework/src/Illuminate/Foundation/Console/Kernel.php:473
/var/www/html/tests/CreatesApplication.php:31
/var/www/html/vendor/laravel/framework/src/Illuminate/Foundation/Testing/TestCase.php:54
/var/www/html/vendor/laravel/framework/src/Illuminate/Foundation/Testing/Concerns/InteractsWithTestCaseLifecycle.php:92
/var/www/html/vendor/laravel/framework/src/Illuminate/Foundation/Testing/TestCase.php:44
/var/www/html/tests/TestCase.php:36
/var/www/html/tests/Feature/EmailSendingTest.php:40</error>
        </testcase>
        <testcase name="test_basic_functionality" file="/var/www/html/tests/Feature/EmailSendingTest.php" line="18" class="Tests\Feature\EmailSendingTest" classname="Tests.Feature.EmailSendingTest" assertions="0" time="0.000000">
          <error type="Error">Tests\Feature\EmailSendingTest::test_basic_functionality
Error: Class "Laravel\Dusk\DuskServiceProvider" not found

/var/www/html/vendor/laravel/framework/src/Illuminate/Foundation/Application.php:961
/var/www/html/vendor/laravel/framework/src/Illuminate/Foundation/Application.php:893
/var/www/html/app/Providers/AppServiceProvider.php:51
/var/www/html/vendor/laravel/framework/src/Illuminate/Foundation/Application.php:896
/var/www/html/vendor/laravel/framework/src/Illuminate/Foundation/ProviderRepository.php:74
/var/www/html/vendor/laravel/framework/src/Illuminate/Foundation/Application.php:871
/var/www/html/vendor/laravel/framework/src/Illuminate/Foundation/Bootstrap/RegisterProviders.php:37
/var/www/html/vendor/laravel/framework/src/Illuminate/Foundation/Application.php:342
/var/www/html/vendor/laravel/framework/src/Illuminate/Foundation/Console/Kernel.php:473
/var/www/html/tests/CreatesApplication.php:31
/var/www/html/vendor/laravel/framework/src/Illuminate/Foundation/Testing/TestCase.php:54
/var/www/html/vendor/laravel/framework/src/Illuminate/Foundation/Testing/Concerns/InteractsWithTestCaseLifecycle.php:92
/var/www/html/vendor/laravel/framework/src/Illuminate/Foundation/Testing/TestCase.php:44
/var/www/html/tests/TestCase.php:36
/var/www/html/tests/Feature/EmailSendingTest.php:40</error>
        </testcase>
      </testsuite>
      <testsuite name="Tests\Feature\Models\UserLocaleSettingTest" file="/var/www/html/tests/Feature/Models/UserLocaleSettingTest.php" tests="22" assertions="0" errors="22" failures="0" skipped="0" time="0.000000">
        <testcase name="test_update_or_create_for_user_throws_exception_without_user_or_session" file="/var/www/html/tests/Feature/Models/UserLocaleSettingTest.php" line="282" class="Tests\Feature\Models\UserLocaleSettingTest" classname="Tests.Feature.Models.UserLocaleSettingTest" assertions="0" time="0.000000">
          <error type="Error">Tests\Feature\Models\UserLocaleSettingTest::test_update_or_create_for_user_throws_exception_without_user_or_session
Error: Class "Laravel\Dusk\DuskServiceProvider" not found

/var/www/html/vendor/laravel/framework/src/Illuminate/Foundation/Application.php:961
/var/www/html/vendor/laravel/framework/src/Illuminate/Foundation/Application.php:893
/var/www/html/app/Providers/AppServiceProvider.php:51
/var/www/html/vendor/laravel/framework/src/Illuminate/Foundation/Application.php:896
/var/www/html/vendor/laravel/framework/src/Illuminate/Foundation/ProviderRepository.php:74
/var/www/html/vendor/laravel/framework/src/Illuminate/Foundation/Application.php:871
/var/www/html/vendor/laravel/framework/src/Illuminate/Foundation/Bootstrap/RegisterProviders.php:37
/var/www/html/vendor/laravel/framework/src/Illuminate/Foundation/Application.php:342
/var/www/html/vendor/laravel/framework/src/Illuminate/Foundation/Console/Kernel.php:473
/var/www/html/tests/CreatesApplication.php:31
/var/www/html/vendor/laravel/framework/src/Illuminate/Foundation/Testing/TestCase.php:54
/var/www/html/vendor/laravel/framework/src/Illuminate/Foundation/Testing/Concerns/InteractsWithTestCaseLifecycle.php:92
/var/www/html/vendor/laravel/framework/src/Illuminate/Foundation/Testing/TestCase.php:44
/var/www/html/tests/TestCase.php:36
/var/www/html/tests/Feature/Models/UserLocaleSettingTest.php:25</error>
        </testcase>
        <testcase name="test_update_or_create_for_user_with_user_id" file="/var/www/html/tests/Feature/Models/UserLocaleSettingTest.php" line="196" class="Tests\Feature\Models\UserLocaleSettingTest" classname="Tests.Feature.Models.UserLocaleSettingTest" assertions="0" time="0.000000">
          <error type="Error">Tests\Feature\Models\UserLocaleSettingTest::test_update_or_create_for_user_with_user_id
Error: Class "Laravel\Dusk\DuskServiceProvider" not found

/var/www/html/vendor/laravel/framework/src/Illuminate/Foundation/Application.php:961
/var/www/html/vendor/laravel/framework/src/Illuminate/Foundation/Application.php:893
/var/www/html/app/Providers/AppServiceProvider.php:51
/var/www/html/vendor/laravel/framework/src/Illuminate/Foundation/Application.php:896
/var/www/html/vendor/laravel/framework/src/Illuminate/Foundation/ProviderRepository.php:74
/var/www/html/vendor/laravel/framework/src/Illuminate/Foundation/Application.php:871
/var/www/html/vendor/laravel/framework/src/Illuminate/Foundation/Bootstrap/RegisterProviders.php:37
/var/www/html/vendor/laravel/framework/src/Illuminate/Foundation/Application.php:342
/var/www/html/vendor/laravel/framework/src/Illuminate/Foundation/Console/Kernel.php:473
/var/www/html/tests/CreatesApplication.php:31
/var/www/html/vendor/laravel/framework/src/Illuminate/Foundation/Testing/TestCase.php:54
/var/www/html/vendor/laravel/framework/src/Illuminate/Foundation/Testing/Concerns/InteractsWithTestCaseLifecycle.php:92
/var/www/html/vendor/laravel/framework/src/Illuminate/Foundation/Testing/TestCase.php:44
/var/www/html/tests/TestCase.php:36
/var/www/html/tests/Feature/Models/UserLocaleSettingTest.php:25</error>
        </testcase>
        <testcase name="test_find_for_user_with_user_id" file="/var/www/html/tests/Feature/Models/UserLocaleSettingTest.php" line="107" class="Tests\Feature\Models\UserLocaleSettingTest" classname="Tests.Feature.Models.UserLocaleSettingTest" assertions="0" time="0.000000">
          <error type="Error">Tests\Feature\Models\UserLocaleSettingTest::test_find_for_user_with_user_id
Error: Class "Laravel\Dusk\DuskServiceProvider" not found

/var/www/html/vendor/laravel/framework/src/Illuminate/Foundation/Application.php:961
/var/www/html/vendor/laravel/framework/src/Illuminate/Foundation/Application.php:893
/var/www/html/app/Providers/AppServiceProvider.php:51
/var/www/html/vendor/laravel/framework/src/Illuminate/Foundation/Application.php:896
/var/www/html/vendor/laravel/framework/src/Illuminate/Foundation/ProviderRepository.php:74
/var/www/html/vendor/laravel/framework/src/Illuminate/Foundation/Application.php:871
/var/www/html/vendor/laravel/framework/src/Illuminate/Foundation/Bootstrap/RegisterProviders.php:37
/var/www/html/vendor/laravel/framework/src/Illuminate/Foundation/Application.php:342
/var/www/html/vendor/laravel/framework/src/Illuminate/Foundation/Console/Kernel.php:473
/var/www/html/tests/CreatesApplication.php:31
/var/www/html/vendor/laravel/framework/src/Illuminate/Foundation/Testing/TestCase.php:54
/var/www/html/vendor/laravel/framework/src/Illuminate/Foundation/Testing/Concerns/InteractsWithTestCaseLifecycle.php:92
/var/www/html/vendor/laravel/framework/src/Illuminate/Foundation/Testing/TestCase.php:44
/var/www/html/tests/TestCase.php:36
/var/www/html/tests/Feature/Models/UserLocaleSettingTest.php:25</error>
        </testcase>
        <testcase name="test_find_for_user_returns_null_when_no_match" file="/var/www/html/tests/Feature/Models/UserLocaleSettingTest.php" line="188" class="Tests\Feature\Models\UserLocaleSettingTest" classname="Tests.Feature.Models.UserLocaleSettingTest" assertions="0" time="0.000000">
          <error type="Error">Tests\Feature\Models\UserLocaleSettingTest::test_find_for_user_returns_null_when_no_match
Error: Class "Laravel\Dusk\DuskServiceProvider" not found

/var/www/html/vendor/laravel/framework/src/Illuminate/Foundation/Application.php:961
/var/www/html/vendor/laravel/framework/src/Illuminate/Foundation/Application.php:893
/var/www/html/app/Providers/AppServiceProvider.php:51
/var/www/html/vendor/laravel/framework/src/Illuminate/Foundation/Application.php:896
/var/www/html/vendor/laravel/framework/src/Illuminate/Foundation/ProviderRepository.php:74
/var/www/html/vendor/laravel/framework/src/Illuminate/Foundation/Application.php:871
/var/www/html/vendor/laravel/framework/src/Illuminate/Foundation/Bootstrap/RegisterProviders.php:37
/var/www/html/vendor/laravel/framework/src/Illuminate/Foundation/Application.php:342
/var/www/html/vendor/laravel/framework/src/Illuminate/Foundation/Console/Kernel.php:473
/var/www/html/tests/CreatesApplication.php:31
/var/www/html/vendor/laravel/framework/src/Illuminate/Foundation/Testing/TestCase.php:54
/var/www/html/vendor/laravel/framework/src/Illuminate/Foundation/Testing/Concerns/InteractsWithTestCaseLifecycle.php:92
/var/www/html/vendor/laravel/framework/src/Illuminate/Foundation/Testing/TestCase.php:44
/var/www/html/tests/TestCase.php:36
/var/www/html/tests/Feature/Models/UserLocaleSettingTest.php:25</error>
        </testcase>
        <testcase name="test_it_belongs_to_language" file="/var/www/html/tests/Feature/Models/UserLocaleSettingTest.php" line="87" class="Tests\Feature\Models\UserLocaleSettingTest" classname="Tests.Feature.Models.UserLocaleSettingTest" assertions="0" time="0.000000">
          <error type="Error">Tests\Feature\Models\UserLocaleSettingTest::test_it_belongs_to_language
Error: Class "Laravel\Dusk\DuskServiceProvider" not found

/var/www/html/vendor/laravel/framework/src/Illuminate/Foundation/Application.php:961
/var/www/html/vendor/laravel/framework/src/Illuminate/Foundation/Application.php:893
/var/www/html/app/Providers/AppServiceProvider.php:51
/var/www/html/vendor/laravel/framework/src/Illuminate/Foundation/Application.php:896
/var/www/html/vendor/laravel/framework/src/Illuminate/Foundation/ProviderRepository.php:74
/var/www/html/vendor/laravel/framework/src/Illuminate/Foundation/Application.php:871
/var/www/html/vendor/laravel/framework/src/Illuminate/Foundation/Bootstrap/RegisterProviders.php:37
/var/www/html/vendor/laravel/framework/src/Illuminate/Foundation/Application.php:342
/var/www/html/vendor/laravel/framework/src/Illuminate/Foundation/Console/Kernel.php:473
/var/www/html/tests/CreatesApplication.php:31
/var/www/html/vendor/laravel/framework/src/Illuminate/Foundation/Testing/TestCase.php:54
/var/www/html/vendor/laravel/framework/src/Illuminate/Foundation/Testing/Concerns/InteractsWithTestCaseLifecycle.php:92
/var/www/html/vendor/laravel/framework/src/Illuminate/Foundation/Testing/TestCase.php:44
/var/www/html/tests/TestCase.php:36
/var/www/html/tests/Feature/Models/UserLocaleSettingTest.php:25</error>
        </testcase>
        <testcase name="test_find_for_user_returns_null_when_no_user_or_session" file="/var/www/html/tests/Feature/Models/UserLocaleSettingTest.php" line="180" class="Tests\Feature\Models\UserLocaleSettingTest" classname="Tests.Feature.Models.UserLocaleSettingTest" assertions="0" time="0.000000">
          <error type="Error">Tests\Feature\Models\UserLocaleSettingTest::test_find_for_user_returns_null_when_no_user_or_session
Error: Class "Laravel\Dusk\DuskServiceProvider" not found

/var/www/html/vendor/laravel/framework/src/Illuminate/Foundation/Application.php:961
/var/www/html/vendor/laravel/framework/src/Illuminate/Foundation/Application.php:893
/var/www/html/app/Providers/AppServiceProvider.php:51
/var/www/html/vendor/laravel/framework/src/Illuminate/Foundation/Application.php:896
/var/www/html/vendor/laravel/framework/src/Illuminate/Foundation/ProviderRepository.php:74
/var/www/html/vendor/laravel/framework/src/Illuminate/Foundation/Application.php:871
/var/www/html/vendor/laravel/framework/src/Illuminate/Foundation/Bootstrap/RegisterProviders.php:37
/var/www/html/vendor/laravel/framework/src/Illuminate/Foundation/Application.php:342
/var/www/html/vendor/laravel/framework/src/Illuminate/Foundation/Console/Kernel.php:473
/var/www/html/tests/CreatesApplication.php:31
/var/www/html/vendor/laravel/framework/src/Illuminate/Foundation/Testing/TestCase.php:54
/var/www/html/vendor/laravel/framework/src/Illuminate/Foundation/Testing/Concerns/InteractsWithTestCaseLifecycle.php:92
/var/www/html/vendor/laravel/framework/src/Illuminate/Foundation/Testing/TestCase.php:44
/var/www/html/tests/TestCase.php:36
/var/www/html/tests/Feature/Models/UserLocaleSettingTest.php:25</error>
        </testcase>
        <testcase name="test_it_belongs_to_user" file="/var/www/html/tests/Feature/Models/UserLocaleSettingTest.php" line="77" class="Tests\Feature\Models\UserLocaleSettingTest" classname="Tests.Feature.Models.UserLocaleSettingTest" assertions="0" time="0.000000">
          <error type="Error">Tests\Feature\Models\UserLocaleSettingTest::test_it_belongs_to_user
Error: Class "Laravel\Dusk\DuskServiceProvider" not found

/var/www/html/vendor/laravel/framework/src/Illuminate/Foundation/Application.php:961
/var/www/html/vendor/laravel/framework/src/Illuminate/Foundation/Application.php:893
/var/www/html/app/Providers/AppServiceProvider.php:51
/var/www/html/vendor/laravel/framework/src/Illuminate/Foundation/Application.php:896
/var/www/html/vendor/laravel/framework/src/Illuminate/Foundation/ProviderRepository.php:74
/var/www/html/vendor/laravel/framework/src/Illuminate/Foundation/Application.php:871
/var/www/html/vendor/laravel/framework/src/Illuminate/Foundation/Bootstrap/RegisterProviders.php:37
/var/www/html/vendor/laravel/framework/src/Illuminate/Foundation/Application.php:342
/var/www/html/vendor/laravel/framework/src/Illuminate/Foundation/Console/Kernel.php:473
/var/www/html/tests/CreatesApplication.php:31
/var/www/html/vendor/laravel/framework/src/Illuminate/Foundation/Testing/TestCase.php:54
/var/www/html/vendor/laravel/framework/src/Illuminate/Foundation/Testing/Concerns/InteractsWithTestCaseLifecycle.php:92
/var/www/html/vendor/laravel/framework/src/Illuminate/Foundation/Testing/TestCase.php:44
/var/www/html/tests/TestCase.php:36
/var/www/html/tests/Feature/Models/UserLocaleSettingTest.php:25</error>
        </testcase>
        <testcase name="test_fillable_attributes" file="/var/www/html/tests/Feature/Models/UserLocaleSettingTest.php" line="330" class="Tests\Feature\Models\UserLocaleSettingTest" classname="Tests.Feature.Models.UserLocaleSettingTest" assertions="0" time="0.000000">
          <error type="Error">Tests\Feature\Models\UserLocaleSettingTest::test_fillable_attributes
Error: Class "Laravel\Dusk\DuskServiceProvider" not found

/var/www/html/vendor/laravel/framework/src/Illuminate/Foundation/Application.php:961
/var/www/html/vendor/laravel/framework/src/Illuminate/Foundation/Application.php:893
/var/www/html/app/Providers/AppServiceProvider.php:51
/var/www/html/vendor/laravel/framework/src/Illuminate/Foundation/Application.php:896
/var/www/html/vendor/laravel/framework/src/Illuminate/Foundation/ProviderRepository.php:74
/var/www/html/vendor/laravel/framework/src/Illuminate/Foundation/Application.php:871
/var/www/html/vendor/laravel/framework/src/Illuminate/Foundation/Bootstrap/RegisterProviders.php:37
/var/www/html/vendor/laravel/framework/src/Illuminate/Foundation/Application.php:342
/var/www/html/vendor/laravel/framework/src/Illuminate/Foundation/Console/Kernel.php:473
/var/www/html/tests/CreatesApplication.php:31
/var/www/html/vendor/laravel/framework/src/Illuminate/Foundation/Testing/TestCase.php:54
/var/www/html/vendor/laravel/framework/src/Illuminate/Foundation/Testing/Concerns/InteractsWithTestCaseLifecycle.php:92
/var/www/html/vendor/laravel/framework/src/Illuminate/Foundation/Testing/TestCase.php:44
/var/www/html/tests/TestCase.php:36
/var/www/html/tests/Feature/Models/UserLocaleSettingTest.php:25</error>
        </testcase>
        <testcase name="test_can_have_null_ip_address" file="/var/www/html/tests/Feature/Models/UserLocaleSettingTest.php" line="396" class="Tests\Feature\Models\UserLocaleSettingTest" classname="Tests.Feature.Models.UserLocaleSettingTest" assertions="0" time="0.000000">
          <error type="Error">Tests\Feature\Models\UserLocaleSettingTest::test_can_have_null_ip_address
Error: Class "Laravel\Dusk\DuskServiceProvider" not found

/var/www/html/vendor/laravel/framework/src/Illuminate/Foundation/Application.php:961
/var/www/html/vendor/laravel/framework/src/Illuminate/Foundation/Application.php:893
/var/www/html/app/Providers/AppServiceProvider.php:51
/var/www/html/vendor/laravel/framework/src/Illuminate/Foundation/Application.php:896
/var/www/html/vendor/laravel/framework/src/Illuminate/Foundation/ProviderRepository.php:74
/var/www/html/vendor/laravel/framework/src/Illuminate/Foundation/Application.php:871
/var/www/html/vendor/laravel/framework/src/Illuminate/Foundation/Bootstrap/RegisterProviders.php:37
/var/www/html/vendor/laravel/framework/src/Illuminate/Foundation/Application.php:342
/var/www/html/vendor/laravel/framework/src/Illuminate/Foundation/Console/Kernel.php:473
/var/www/html/tests/CreatesApplication.php:31
/var/www/html/vendor/laravel/framework/src/Illuminate/Foundation/Testing/TestCase.php:54
/var/www/html/vendor/laravel/framework/src/Illuminate/Foundation/Testing/Concerns/InteractsWithTestCaseLifecycle.php:92
/var/www/html/vendor/laravel/framework/src/Illuminate/Foundation/Testing/TestCase.php:44
/var/www/html/tests/TestCase.php:36
/var/www/html/tests/Feature/Models/UserLocaleSettingTest.php:25</error>
        </testcase>
        <testcase name="test_can_have_null_country_code" file="/var/www/html/tests/Feature/Models/UserLocaleSettingTest.php" line="406" class="Tests\Feature\Models\UserLocaleSettingTest" classname="Tests.Feature.Models.UserLocaleSettingTest" assertions="0" time="0.000000">
          <error type="Error">Tests\Feature\Models\UserLocaleSettingTest::test_can_have_null_country_code
Error: Class "Laravel\Dusk\DuskServiceProvider" not found

/var/www/html/vendor/laravel/framework/src/Illuminate/Foundation/Application.php:961
/var/www/html/vendor/laravel/framework/src/Illuminate/Foundation/Application.php:893
/var/www/html/app/Providers/AppServiceProvider.php:51
/var/www/html/vendor/laravel/framework/src/Illuminate/Foundation/Application.php:896
/var/www/html/vendor/laravel/framework/src/Illuminate/Foundation/ProviderRepository.php:74
/var/www/html/vendor/laravel/framework/src/Illuminate/Foundation/Application.php:871
/var/www/html/vendor/laravel/framework/src/Illuminate/Foundation/Bootstrap/RegisterProviders.php:37
/var/www/html/vendor/laravel/framework/src/Illuminate/Foundation/Application.php:342
/var/www/html/vendor/laravel/framework/src/Illuminate/Foundation/Console/Kernel.php:473
/var/www/html/tests/CreatesApplication.php:31
/var/www/html/vendor/laravel/framework/src/Illuminate/Foundation/Testing/TestCase.php:54
/var/www/html/vendor/laravel/framework/src/Illuminate/Foundation/Testing/Concerns/InteractsWithTestCaseLifecycle.php:92
/var/www/html/vendor/laravel/framework/src/Illuminate/Foundation/Testing/TestCase.php:44
/var/www/html/tests/TestCase.php:36
/var/www/html/tests/Feature/Models/UserLocaleSettingTest.php:25</error>
        </testcase>
        <testcase name="test_it_can_create_a_user_locale_setting" file="/var/www/html/tests/Feature/Models/UserLocaleSettingTest.php" line="34" class="Tests\Feature\Models\UserLocaleSettingTest" classname="Tests.Feature.Models.UserLocaleSettingTest" assertions="0" time="0.000000">
          <error type="Error">Tests\Feature\Models\UserLocaleSettingTest::test_it_can_create_a_user_locale_setting
Error: Class "Laravel\Dusk\DuskServiceProvider" not found

/var/www/html/vendor/laravel/framework/src/Illuminate/Foundation/Application.php:961
/var/www/html/vendor/laravel/framework/src/Illuminate/Foundation/Application.php:893
/var/www/html/app/Providers/AppServiceProvider.php:51
/var/www/html/vendor/laravel/framework/src/Illuminate/Foundation/Application.php:896
/var/www/html/vendor/laravel/framework/src/Illuminate/Foundation/ProviderRepository.php:74
/var/www/html/vendor/laravel/framework/src/Illuminate/Foundation/Application.php:871
/var/www/html/vendor/laravel/framework/src/Illuminate/Foundation/Bootstrap/RegisterProviders.php:37
/var/www/html/vendor/laravel/framework/src/Illuminate/Foundation/Application.php:342
/var/www/html/vendor/laravel/framework/src/Illuminate/Foundation/Console/Kernel.php:473
/var/www/html/tests/CreatesApplication.php:31
/var/www/html/vendor/laravel/framework/src/Illuminate/Foundation/Testing/TestCase.php:54
/var/www/html/vendor/laravel/framework/src/Illuminate/Foundation/Testing/Concerns/InteractsWithTestCaseLifecycle.php:92
/var/www/html/vendor/laravel/framework/src/Illuminate/Foundation/Testing/TestCase.php:44
/var/www/html/tests/TestCase.php:36
/var/www/html/tests/Feature/Models/UserLocaleSettingTest.php:25</error>
        </testcase>
        <testcase name="test_update_or_create_for_user_with_session_id" file="/var/www/html/tests/Feature/Models/UserLocaleSettingTest.php" line="221" class="Tests\Feature\Models\UserLocaleSettingTest" classname="Tests.Feature.Models.UserLocaleSettingTest" assertions="0" time="0.000000">
          <error type="Error">Tests\Feature\Models\UserLocaleSettingTest::test_update_or_create_for_user_with_session_id
Error: Class "Laravel\Dusk\DuskServiceProvider" not found

/var/www/html/vendor/laravel/framework/src/Illuminate/Foundation/Application.php:961
/var/www/html/vendor/laravel/framework/src/Illuminate/Foundation/Application.php:893
/var/www/html/app/Providers/AppServiceProvider.php:51
/var/www/html/vendor/laravel/framework/src/Illuminate/Foundation/Application.php:896
/var/www/html/vendor/laravel/framework/src/Illuminate/Foundation/ProviderRepository.php:74
/var/www/html/vendor/laravel/framework/src/Illuminate/Foundation/Application.php:871
/var/www/html/vendor/laravel/framework/src/Illuminate/Foundation/Bootstrap/RegisterProviders.php:37
/var/www/html/vendor/laravel/framework/src/Illuminate/Foundation/Application.php:342
/var/www/html/vendor/laravel/framework/src/Illuminate/Foundation/Console/Kernel.php:473
/var/www/html/tests/CreatesApplication.php:31
/var/www/html/vendor/laravel/framework/src/Illuminate/Foundation/Testing/TestCase.php:54
/var/www/html/vendor/laravel/framework/src/Illuminate/Foundation/Testing/Concerns/InteractsWithTestCaseLifecycle.php:92
/var/www/html/vendor/laravel/framework/src/Illuminate/Foundation/Testing/TestCase.php:44
/var/www/html/tests/TestCase.php:36
/var/www/html/tests/Feature/Models/UserLocaleSettingTest.php:25</error>
        </testcase>
        <testcase name="test_relationships_work_correctly" file="/var/www/html/tests/Feature/Models/UserLocaleSettingTest.php" line="345" class="Tests\Feature\Models\UserLocaleSettingTest" classname="Tests.Feature.Models.UserLocaleSettingTest" assertions="0" time="0.000000">
          <error type="Error">Tests\Feature\Models\UserLocaleSettingTest::test_relationships_work_correctly
Error: Class "Laravel\Dusk\DuskServiceProvider" not found

/var/www/html/vendor/laravel/framework/src/Illuminate/Foundation/Application.php:961
/var/www/html/vendor/laravel/framework/src/Illuminate/Foundation/Application.php:893
/var/www/html/app/Providers/AppServiceProvider.php:51
/var/www/html/vendor/laravel/framework/src/Illuminate/Foundation/Application.php:896
/var/www/html/vendor/laravel/framework/src/Illuminate/Foundation/ProviderRepository.php:74
/var/www/html/vendor/laravel/framework/src/Illuminate/Foundation/Application.php:871
/var/www/html/vendor/laravel/framework/src/Illuminate/Foundation/Bootstrap/RegisterProviders.php:37
/var/www/html/vendor/laravel/framework/src/Illuminate/Foundation/Application.php:342
/var/www/html/vendor/laravel/framework/src/Illuminate/Foundation/Console/Kernel.php:473
/var/www/html/tests/CreatesApplication.php:31
/var/www/html/vendor/laravel/framework/src/Illuminate/Foundation/Testing/TestCase.php:54
/var/www/html/vendor/laravel/framework/src/Illuminate/Foundation/Testing/Concerns/InteractsWithTestCaseLifecycle.php:92
/var/www/html/vendor/laravel/framework/src/Illuminate/Foundation/Testing/TestCase.php:44
/var/www/html/tests/TestCase.php:36
/var/www/html/tests/Feature/Models/UserLocaleSettingTest.php:25</error>
        </testcase>
        <testcase name="test_find_for_user_with_session_id" file="/var/www/html/tests/Feature/Models/UserLocaleSettingTest.php" line="127" class="Tests\Feature\Models\UserLocaleSettingTest" classname="Tests.Feature.Models.UserLocaleSettingTest" assertions="0" time="0.000000">
          <error type="Error">Tests\Feature\Models\UserLocaleSettingTest::test_find_for_user_with_session_id
Error: Class "Laravel\Dusk\DuskServiceProvider" not found

/var/www/html/vendor/laravel/framework/src/Illuminate/Foundation/Application.php:961
/var/www/html/vendor/laravel/framework/src/Illuminate/Foundation/Application.php:893
/var/www/html/app/Providers/AppServiceProvider.php:51
/var/www/html/vendor/laravel/framework/src/Illuminate/Foundation/Application.php:896
/var/www/html/vendor/laravel/framework/src/Illuminate/Foundation/ProviderRepository.php:74
/var/www/html/vendor/laravel/framework/src/Illuminate/Foundation/Application.php:871
/var/www/html/vendor/laravel/framework/src/Illuminate/Foundation/Bootstrap/RegisterProviders.php:37
/var/www/html/vendor/laravel/framework/src/Illuminate/Foundation/Application.php:342
/var/www/html/vendor/laravel/framework/src/Illuminate/Foundation/Console/Kernel.php:473
/var/www/html/tests/CreatesApplication.php:31
/var/www/html/vendor/laravel/framework/src/Illuminate/Foundation/Testing/TestCase.php:54
/var/www/html/vendor/laravel/framework/src/Illuminate/Foundation/Testing/Concerns/InteractsWithTestCaseLifecycle.php:92
/var/www/html/vendor/laravel/framework/src/Illuminate/Foundation/Testing/TestCase.php:44
/var/www/html/tests/TestCase.php:36
/var/www/html/tests/Feature/Models/UserLocaleSettingTest.php:25</error>
        </testcase>
        <testcase name="test_it_belongs_to_currency" file="/var/www/html/tests/Feature/Models/UserLocaleSettingTest.php" line="97" class="Tests\Feature\Models\UserLocaleSettingTest" classname="Tests.Feature.Models.UserLocaleSettingTest" assertions="0" time="0.000000">
          <error type="Error">Tests\Feature\Models\UserLocaleSettingTest::test_it_belongs_to_currency
Error: Class "Laravel\Dusk\DuskServiceProvider" not found

/var/www/html/vendor/laravel/framework/src/Illuminate/Foundation/Application.php:961
/var/www/html/vendor/laravel/framework/src/Illuminate/Foundation/Application.php:893
/var/www/html/app/Providers/AppServiceProvider.php:51
/var/www/html/vendor/laravel/framework/src/Illuminate/Foundation/Application.php:896
/var/www/html/vendor/laravel/framework/src/Illuminate/Foundation/ProviderRepository.php:74
/var/www/html/vendor/laravel/framework/src/Illuminate/Foundation/Application.php:871
/var/www/html/vendor/laravel/framework/src/Illuminate/Foundation/Bootstrap/RegisterProviders.php:37
/var/www/html/vendor/laravel/framework/src/Illuminate/Foundation/Application.php:342
/var/www/html/vendor/laravel/framework/src/Illuminate/Foundation/Console/Kernel.php:473
/var/www/html/tests/CreatesApplication.php:31
/var/www/html/vendor/laravel/framework/src/Illuminate/Foundation/Testing/TestCase.php:54
/var/www/html/vendor/laravel/framework/src/Illuminate/Foundation/Testing/Concerns/InteractsWithTestCaseLifecycle.php:92
/var/www/html/vendor/laravel/framework/src/Illuminate/Foundation/Testing/TestCase.php:44
/var/www/html/tests/TestCase.php:36
/var/www/html/tests/Feature/Models/UserLocaleSettingTest.php:25</error>
        </testcase>
        <testcase name="test_can_have_null_session_id" file="/var/www/html/tests/Feature/Models/UserLocaleSettingTest.php" line="383" class="Tests\Feature\Models\UserLocaleSettingTest" classname="Tests.Feature.Models.UserLocaleSettingTest" assertions="0" time="0.000000">
          <error type="Error">Tests\Feature\Models\UserLocaleSettingTest::test_can_have_null_session_id
Error: Class "Laravel\Dusk\DuskServiceProvider" not found

/var/www/html/vendor/laravel/framework/src/Illuminate/Foundation/Application.php:961
/var/www/html/vendor/laravel/framework/src/Illuminate/Foundation/Application.php:893
/var/www/html/app/Providers/AppServiceProvider.php:51
/var/www/html/vendor/laravel/framework/src/Illuminate/Foundation/Application.php:896
/var/www/html/vendor/laravel/framework/src/Illuminate/Foundation/ProviderRepository.php:74
/var/www/html/vendor/laravel/framework/src/Illuminate/Foundation/Application.php:871
/var/www/html/vendor/laravel/framework/src/Illuminate/Foundation/Bootstrap/RegisterProviders.php:37
/var/www/html/vendor/laravel/framework/src/Illuminate/Foundation/Application.php:342
/var/www/html/vendor/laravel/framework/src/Illuminate/Foundation/Console/Kernel.php:473
/var/www/html/tests/CreatesApplication.php:31
/var/www/html/vendor/laravel/framework/src/Illuminate/Foundation/Testing/TestCase.php:54
/var/www/html/vendor/laravel/framework/src/Illuminate/Foundation/Testing/Concerns/InteractsWithTestCaseLifecycle.php:92
/var/www/html/vendor/laravel/framework/src/Illuminate/Foundation/Testing/TestCase.php:44
/var/www/html/tests/TestCase.php:36
/var/www/html/tests/Feature/Models/UserLocaleSettingTest.php:25</error>
        </testcase>
        <testcase name="test_factory_creates_valid_user_locale_setting" file="/var/www/html/tests/Feature/Models/UserLocaleSettingTest.php" line="320" class="Tests\Feature\Models\UserLocaleSettingTest" classname="Tests.Feature.Models.UserLocaleSettingTest" assertions="0" time="0.000000">
          <error type="Error">Tests\Feature\Models\UserLocaleSettingTest::test_factory_creates_valid_user_locale_setting
Error: Class "Laravel\Dusk\DuskServiceProvider" not found

/var/www/html/vendor/laravel/framework/src/Illuminate/Foundation/Application.php:961
/var/www/html/vendor/laravel/framework/src/Illuminate/Foundation/Application.php:893
/var/www/html/app/Providers/AppServiceProvider.php:51
/var/www/html/vendor/laravel/framework/src/Illuminate/Foundation/Application.php:896
/var/www/html/vendor/laravel/framework/src/Illuminate/Foundation/ProviderRepository.php:74
/var/www/html/vendor/laravel/framework/src/Illuminate/Foundation/Application.php:871
/var/www/html/vendor/laravel/framework/src/Illuminate/Foundation/Bootstrap/RegisterProviders.php:37
/var/www/html/vendor/laravel/framework/src/Illuminate/Foundation/Application.php:342
/var/www/html/vendor/laravel/framework/src/Illuminate/Foundation/Console/Kernel.php:473
/var/www/html/tests/CreatesApplication.php:31
/var/www/html/vendor/laravel/framework/src/Illuminate/Foundation/Testing/TestCase.php:54
/var/www/html/vendor/laravel/framework/src/Illuminate/Foundation/Testing/Concerns/InteractsWithTestCaseLifecycle.php:92
/var/www/html/vendor/laravel/framework/src/Illuminate/Foundation/Testing/TestCase.php:44
/var/www/html/tests/TestCase.php:36
/var/www/html/tests/Feature/Models/UserLocaleSettingTest.php:25</error>
        </testcase>
        <testcase name="test_find_for_user_returns_latest_when_multiple_exist" file="/var/www/html/tests/Feature/Models/UserLocaleSettingTest.php" line="148" class="Tests\Feature\Models\UserLocaleSettingTest" classname="Tests.Feature.Models.UserLocaleSettingTest" assertions="0" time="0.000000">
          <error type="Error">Tests\Feature\Models\UserLocaleSettingTest::test_find_for_user_returns_latest_when_multiple_exist
Error: Class "Laravel\Dusk\DuskServiceProvider" not found

/var/www/html/vendor/laravel/framework/src/Illuminate/Foundation/Application.php:961
/var/www/html/vendor/laravel/framework/src/Illuminate/Foundation/Application.php:893
/var/www/html/app/Providers/AppServiceProvider.php:51
/var/www/html/vendor/laravel/framework/src/Illuminate/Foundation/Application.php:896
/var/www/html/vendor/laravel/framework/src/Illuminate/Foundation/ProviderRepository.php:74
/var/www/html/vendor/laravel/framework/src/Illuminate/Foundation/Application.php:871
/var/www/html/vendor/laravel/framework/src/Illuminate/Foundation/Bootstrap/RegisterProviders.php:37
/var/www/html/vendor/laravel/framework/src/Illuminate/Foundation/Application.php:342
/var/www/html/vendor/laravel/framework/src/Illuminate/Foundation/Console/Kernel.php:473
/var/www/html/tests/CreatesApplication.php:31
/var/www/html/vendor/laravel/framework/src/Illuminate/Foundation/Testing/TestCase.php:54
/var/www/html/vendor/laravel/framework/src/Illuminate/Foundation/Testing/Concerns/InteractsWithTestCaseLifecycle.php:92
/var/www/html/vendor/laravel/framework/src/Illuminate/Foundation/Testing/TestCase.php:44
/var/www/html/tests/TestCase.php:36
/var/www/html/tests/Feature/Models/UserLocaleSettingTest.php:25</error>
        </testcase>
        <testcase name="test_it_casts_attributes_correctly" file="/var/www/html/tests/Feature/Models/UserLocaleSettingTest.php" line="59" class="Tests\Feature\Models\UserLocaleSettingTest" classname="Tests.Feature.Models.UserLocaleSettingTest" assertions="0" time="0.000000">
          <error type="Error">Tests\Feature\Models\UserLocaleSettingTest::test_it_casts_attributes_correctly
Error: Class "Laravel\Dusk\DuskServiceProvider" not found

/var/www/html/vendor/laravel/framework/src/Illuminate/Foundation/Application.php:961
/var/www/html/vendor/laravel/framework/src/Illuminate/Foundation/Application.php:893
/var/www/html/app/Providers/AppServiceProvider.php:51
/var/www/html/vendor/laravel/framework/src/Illuminate/Foundation/Application.php:896
/var/www/html/vendor/laravel/framework/src/Illuminate/Foundation/ProviderRepository.php:74
/var/www/html/vendor/laravel/framework/src/Illuminate/Foundation/Application.php:871
/var/www/html/vendor/laravel/framework/src/Illuminate/Foundation/Bootstrap/RegisterProviders.php:37
/var/www/html/vendor/laravel/framework/src/Illuminate/Foundation/Application.php:342
/var/www/html/vendor/laravel/framework/src/Illuminate/Foundation/Console/Kernel.php:473
/var/www/html/tests/CreatesApplication.php:31
/var/www/html/vendor/laravel/framework/src/Illuminate/Foundation/Testing/TestCase.php:54
/var/www/html/vendor/laravel/framework/src/Illuminate/Foundation/Testing/Concerns/InteractsWithTestCaseLifecycle.php:92
/var/www/html/vendor/laravel/framework/src/Illuminate/Foundation/Testing/TestCase.php:44
/var/www/html/tests/TestCase.php:36
/var/www/html/tests/Feature/Models/UserLocaleSettingTest.php:25</error>
        </testcase>
        <testcase name="test_can_have_null_user_id" file="/var/www/html/tests/Feature/Models/UserLocaleSettingTest.php" line="371" class="Tests\Feature\Models\UserLocaleSettingTest" classname="Tests.Feature.Models.UserLocaleSettingTest" assertions="0" time="0.000000">
          <error type="Error">Tests\Feature\Models\UserLocaleSettingTest::test_can_have_null_user_id
Error: Class "Laravel\Dusk\DuskServiceProvider" not found

/var/www/html/vendor/laravel/framework/src/Illuminate/Foundation/Application.php:961
/var/www/html/vendor/laravel/framework/src/Illuminate/Foundation/Application.php:893
/var/www/html/app/Providers/AppServiceProvider.php:51
/var/www/html/vendor/laravel/framework/src/Illuminate/Foundation/Application.php:896
/var/www/html/vendor/laravel/framework/src/Illuminate/Foundation/ProviderRepository.php:74
/var/www/html/vendor/laravel/framework/src/Illuminate/Foundation/Application.php:871
/var/www/html/vendor/laravel/framework/src/Illuminate/Foundation/Bootstrap/RegisterProviders.php:37
/var/www/html/vendor/laravel/framework/src/Illuminate/Foundation/Application.php:342
/var/www/html/vendor/laravel/framework/src/Illuminate/Foundation/Console/Kernel.php:473
/var/www/html/tests/CreatesApplication.php:31
/var/www/html/vendor/laravel/framework/src/Illuminate/Foundation/Testing/TestCase.php:54
/var/www/html/vendor/laravel/framework/src/Illuminate/Foundation/Testing/Concerns/InteractsWithTestCaseLifecycle.php:92
/var/www/html/vendor/laravel/framework/src/Illuminate/Foundation/Testing/TestCase.php:44
/var/www/html/tests/TestCase.php:36
/var/www/html/tests/Feature/Models/UserLocaleSettingTest.php:25</error>
        </testcase>
        <testcase name="test_update_or_create_for_user_with_minimal_parameters" file="/var/www/html/tests/Feature/Models/UserLocaleSettingTest.php" line="298" class="Tests\Feature\Models\UserLocaleSettingTest" classname="Tests.Feature.Models.UserLocaleSettingTest" assertions="0" time="0.000000">
          <error type="Error">Tests\Feature\Models\UserLocaleSettingTest::test_update_or_create_for_user_with_minimal_parameters
Error: Class "Laravel\Dusk\DuskServiceProvider" not found

/var/www/html/vendor/laravel/framework/src/Illuminate/Foundation/Application.php:961
/var/www/html/vendor/laravel/framework/src/Illuminate/Foundation/Application.php:893
/var/www/html/app/Providers/AppServiceProvider.php:51
/var/www/html/vendor/laravel/framework/src/Illuminate/Foundation/Application.php:896
/var/www/html/vendor/laravel/framework/src/Illuminate/Foundation/ProviderRepository.php:74
/var/www/html/vendor/laravel/framework/src/Illuminate/Foundation/Application.php:871
/var/www/html/vendor/laravel/framework/src/Illuminate/Foundation/Bootstrap/RegisterProviders.php:37
/var/www/html/vendor/laravel/framework/src/Illuminate/Foundation/Application.php:342
/var/www/html/vendor/laravel/framework/src/Illuminate/Foundation/Console/Kernel.php:473
/var/www/html/tests/CreatesApplication.php:31
/var/www/html/vendor/laravel/framework/src/Illuminate/Foundation/Testing/TestCase.php:54
/var/www/html/vendor/laravel/framework/src/Illuminate/Foundation/Testing/Concerns/InteractsWithTestCaseLifecycle.php:92
/var/www/html/vendor/laravel/framework/src/Illuminate/Foundation/Testing/TestCase.php:44
/var/www/html/tests/TestCase.php:36
/var/www/html/tests/Feature/Models/UserLocaleSettingTest.php:25</error>
        </testcase>
        <testcase name="test_update_or_create_for_user_updates_existing" file="/var/www/html/tests/Feature/Models/UserLocaleSettingTest.php" line="246" class="Tests\Feature\Models\UserLocaleSettingTest" classname="Tests.Feature.Models.UserLocaleSettingTest" assertions="0" time="0.000000">
          <error type="Error">Tests\Feature\Models\UserLocaleSettingTest::test_update_or_create_for_user_updates_existing
Error: Class "Laravel\Dusk\DuskServiceProvider" not found

/var/www/html/vendor/laravel/framework/src/Illuminate/Foundation/Application.php:961
/var/www/html/vendor/laravel/framework/src/Illuminate/Foundation/Application.php:893
/var/www/html/app/Providers/AppServiceProvider.php:51
/var/www/html/vendor/laravel/framework/src/Illuminate/Foundation/Application.php:896
/var/www/html/vendor/laravel/framework/src/Illuminate/Foundation/ProviderRepository.php:74
/var/www/html/vendor/laravel/framework/src/Illuminate/Foundation/Application.php:871
/var/www/html/vendor/laravel/framework/src/Illuminate/Foundation/Bootstrap/RegisterProviders.php:37
/var/www/html/vendor/laravel/framework/src/Illuminate/Foundation/Application.php:342
/var/www/html/vendor/laravel/framework/src/Illuminate/Foundation/Console/Kernel.php:473
/var/www/html/tests/CreatesApplication.php:31
/var/www/html/vendor/laravel/framework/src/Illuminate/Foundation/Testing/TestCase.php:54
/var/www/html/vendor/laravel/framework/src/Illuminate/Foundation/Testing/Concerns/InteractsWithTestCaseLifecycle.php:92
/var/www/html/vendor/laravel/framework/src/Illuminate/Foundation/Testing/TestCase.php:44
/var/www/html/tests/TestCase.php:36
/var/www/html/tests/Feature/Models/UserLocaleSettingTest.php:25</error>
        </testcase>
      </testsuite>
      <testsuite name="Tests\Feature\Models\AuditLogSimpleTest" file="/var/www/html/tests/Feature/Models/AuditLogSimpleTest.php" tests="12" assertions="0" errors="12" failures="0" skipped="0" time="0.000000">
        <testcase name="test_get_changes_summary_attribute_with_no_old_values" file="/var/www/html/tests/Feature/Models/AuditLogSimpleTest.php" line="104" class="Tests\Feature\Models\AuditLogSimpleTest" classname="Tests.Feature.Models.AuditLogSimpleTest" assertions="0" time="0.000000">
          <error type="Error">Tests\Feature\Models\AuditLogSimpleTest::test_get_changes_summary_attribute_with_no_old_values
Error: Class "Laravel\Dusk\DuskServiceProvider" not found

/var/www/html/vendor/laravel/framework/src/Illuminate/Foundation/Application.php:961
/var/www/html/vendor/laravel/framework/src/Illuminate/Foundation/Application.php:893
/var/www/html/app/Providers/AppServiceProvider.php:51
/var/www/html/vendor/laravel/framework/src/Illuminate/Foundation/Application.php:896
/var/www/html/vendor/laravel/framework/src/Illuminate/Foundation/ProviderRepository.php:74
/var/www/html/vendor/laravel/framework/src/Illuminate/Foundation/Application.php:871
/var/www/html/vendor/laravel/framework/src/Illuminate/Foundation/Bootstrap/RegisterProviders.php:37
/var/www/html/vendor/laravel/framework/src/Illuminate/Foundation/Application.php:342
/var/www/html/vendor/laravel/framework/src/Illuminate/Foundation/Console/Kernel.php:473
/var/www/html/tests/CreatesApplication.php:31
/var/www/html/vendor/laravel/framework/src/Illuminate/Foundation/Testing/TestCase.php:54
/var/www/html/vendor/laravel/framework/src/Illuminate/Foundation/Testing/Concerns/InteractsWithTestCaseLifecycle.php:92
/var/www/html/vendor/laravel/framework/src/Illuminate/Foundation/Testing/TestCase.php:44
/var/www/html/tests/TestCase.php:36</error>
        </testcase>
        <testcase name="test_it_has_correct_fillable_attributes" file="/var/www/html/tests/Feature/Models/AuditLogSimpleTest.php" line="16" class="Tests\Feature\Models\AuditLogSimpleTest" classname="Tests.Feature.Models.AuditLogSimpleTest" assertions="0" time="0.000000">
          <error type="Error">Tests\Feature\Models\AuditLogSimpleTest::test_it_has_correct_fillable_attributes
Error: Class "Laravel\Dusk\DuskServiceProvider" not found

/var/www/html/vendor/laravel/framework/src/Illuminate/Foundation/Application.php:961
/var/www/html/vendor/laravel/framework/src/Illuminate/Foundation/Application.php:893
/var/www/html/app/Providers/AppServiceProvider.php:51
/var/www/html/vendor/laravel/framework/src/Illuminate/Foundation/Application.php:896
/var/www/html/vendor/laravel/framework/src/Illuminate/Foundation/ProviderRepository.php:74
/var/www/html/vendor/laravel/framework/src/Illuminate/Foundation/Application.php:871
/var/www/html/vendor/laravel/framework/src/Illuminate/Foundation/Bootstrap/RegisterProviders.php:37
/var/www/html/vendor/laravel/framework/src/Illuminate/Foundation/Application.php:342
/var/www/html/vendor/laravel/framework/src/Illuminate/Foundation/Console/Kernel.php:473
/var/www/html/tests/CreatesApplication.php:31
/var/www/html/vendor/laravel/framework/src/Illuminate/Foundation/Testing/TestCase.php:54
/var/www/html/vendor/laravel/framework/src/Illuminate/Foundation/Testing/Concerns/InteractsWithTestCaseLifecycle.php:92
/var/www/html/vendor/laravel/framework/src/Illuminate/Foundation/Testing/TestCase.php:44
/var/www/html/tests/TestCase.php:36</error>
        </testcase>
        <testcase name="test_get_formatted_event_attribute" file="/var/www/html/tests/Feature/Models/AuditLogSimpleTest.php" line="69" class="Tests\Feature\Models\AuditLogSimpleTest" classname="Tests.Feature.Models.AuditLogSimpleTest" assertions="0" time="0.000000">
          <error type="Error">Tests\Feature\Models\AuditLogSimpleTest::test_get_formatted_event_attribute
Error: Class "Laravel\Dusk\DuskServiceProvider" not found

/var/www/html/vendor/laravel/framework/src/Illuminate/Foundation/Application.php:961
/var/www/html/vendor/laravel/framework/src/Illuminate/Foundation/Application.php:893
/var/www/html/app/Providers/AppServiceProvider.php:51
/var/www/html/vendor/laravel/framework/src/Illuminate/Foundation/Application.php:896
/var/www/html/vendor/laravel/framework/src/Illuminate/Foundation/ProviderRepository.php:74
/var/www/html/vendor/laravel/framework/src/Illuminate/Foundation/Application.php:871
/var/www/html/vendor/laravel/framework/src/Illuminate/Foundation/Bootstrap/RegisterProviders.php:37
/var/www/html/vendor/laravel/framework/src/Illuminate/Foundation/Application.php:342
/var/www/html/vendor/laravel/framework/src/Illuminate/Foundation/Console/Kernel.php:473
/var/www/html/tests/CreatesApplication.php:31
/var/www/html/vendor/laravel/framework/src/Illuminate/Foundation/Testing/TestCase.php:54
/var/www/html/vendor/laravel/framework/src/Illuminate/Foundation/Testing/Concerns/InteractsWithTestCaseLifecycle.php:92
/var/www/html/vendor/laravel/framework/src/Illuminate/Foundation/Testing/TestCase.php:44
/var/www/html/tests/TestCase.php:36</error>
        </testcase>
        <testcase name="test_get_changes_summary_attribute_with_mixed_data_types" file="/var/www/html/tests/Feature/Models/AuditLogSimpleTest.php" line="143" class="Tests\Feature\Models\AuditLogSimpleTest" classname="Tests.Feature.Models.AuditLogSimpleTest" assertions="0" time="0.000000">
          <error type="Error">Tests\Feature\Models\AuditLogSimpleTest::test_get_changes_summary_attribute_with_mixed_data_types
Error: Class "Laravel\Dusk\DuskServiceProvider" not found

/var/www/html/vendor/laravel/framework/src/Illuminate/Foundation/Application.php:961
/var/www/html/vendor/laravel/framework/src/Illuminate/Foundation/Application.php:893
/var/www/html/app/Providers/AppServiceProvider.php:51
/var/www/html/vendor/laravel/framework/src/Illuminate/Foundation/Application.php:896
/var/www/html/vendor/laravel/framework/src/Illuminate/Foundation/ProviderRepository.php:74
/var/www/html/vendor/laravel/framework/src/Illuminate/Foundation/Application.php:871
/var/www/html/vendor/laravel/framework/src/Illuminate/Foundation/Bootstrap/RegisterProviders.php:37
/var/www/html/vendor/laravel/framework/src/Illuminate/Foundation/Application.php:342
/var/www/html/vendor/laravel/framework/src/Illuminate/Foundation/Console/Kernel.php:473
/var/www/html/tests/CreatesApplication.php:31
/var/www/html/vendor/laravel/framework/src/Illuminate/Foundation/Testing/TestCase.php:54
/var/www/html/vendor/laravel/framework/src/Illuminate/Foundation/Testing/Concerns/InteractsWithTestCaseLifecycle.php:92
/var/www/html/vendor/laravel/framework/src/Illuminate/Foundation/Testing/TestCase.php:44
/var/www/html/tests/TestCase.php:36</error>
        </testcase>
        <testcase name="test_get_changes_summary_attribute_with_changes" file="/var/www/html/tests/Feature/Models/AuditLogSimpleTest.php" line="77" class="Tests\Feature\Models\AuditLogSimpleTest" classname="Tests.Feature.Models.AuditLogSimpleTest" assertions="0" time="0.000000">
          <error type="Error">Tests\Feature\Models\AuditLogSimpleTest::test_get_changes_summary_attribute_with_changes
Error: Class "Laravel\Dusk\DuskServiceProvider" not found

/var/www/html/vendor/laravel/framework/src/Illuminate/Foundation/Application.php:961
/var/www/html/vendor/laravel/framework/src/Illuminate/Foundation/Application.php:893
/var/www/html/app/Providers/AppServiceProvider.php:51
/var/www/html/vendor/laravel/framework/src/Illuminate/Foundation/Application.php:896
/var/www/html/vendor/laravel/framework/src/Illuminate/Foundation/ProviderRepository.php:74
/var/www/html/vendor/laravel/framework/src/Illuminate/Foundation/Application.php:871
/var/www/html/vendor/laravel/framework/src/Illuminate/Foundation/Bootstrap/RegisterProviders.php:37
/var/www/html/vendor/laravel/framework/src/Illuminate/Foundation/Application.php:342
/var/www/html/vendor/laravel/framework/src/Illuminate/Foundation/Console/Kernel.php:473
/var/www/html/tests/CreatesApplication.php:31
/var/www/html/vendor/laravel/framework/src/Illuminate/Foundation/Testing/TestCase.php:54
/var/www/html/vendor/laravel/framework/src/Illuminate/Foundation/Testing/Concerns/InteractsWithTestCaseLifecycle.php:92
/var/www/html/vendor/laravel/framework/src/Illuminate/Foundation/Testing/TestCase.php:44
/var/www/html/tests/TestCase.php:36</error>
        </testcase>
        <testcase name="test_it_has_correct_casts" file="/var/www/html/tests/Feature/Models/AuditLogSimpleTest.php" line="38" class="Tests\Feature\Models\AuditLogSimpleTest" classname="Tests.Feature.Models.AuditLogSimpleTest" assertions="0" time="0.000000">
          <error type="Error">Tests\Feature\Models\AuditLogSimpleTest::test_it_has_correct_casts
Error: Class "Laravel\Dusk\DuskServiceProvider" not found

/var/www/html/vendor/laravel/framework/src/Illuminate/Foundation/Application.php:961
/var/www/html/vendor/laravel/framework/src/Illuminate/Foundation/Application.php:893
/var/www/html/app/Providers/AppServiceProvider.php:51
/var/www/html/vendor/laravel/framework/src/Illuminate/Foundation/Application.php:896
/var/www/html/vendor/laravel/framework/src/Illuminate/Foundation/ProviderRepository.php:74
/var/www/html/vendor/laravel/framework/src/Illuminate/Foundation/Application.php:871
/var/www/html/vendor/laravel/framework/src/Illuminate/Foundation/Bootstrap/RegisterProviders.php:37
/var/www/html/vendor/laravel/framework/src/Illuminate/Foundation/Application.php:342
/var/www/html/vendor/laravel/framework/src/Illuminate/Foundation/Console/Kernel.php:473
/var/www/html/tests/CreatesApplication.php:31
/var/www/html/vendor/laravel/framework/src/Illuminate/Foundation/Testing/TestCase.php:54
/var/www/html/vendor/laravel/framework/src/Illuminate/Foundation/Testing/Concerns/InteractsWithTestCaseLifecycle.php:92
/var/www/html/vendor/laravel/framework/src/Illuminate/Foundation/Testing/TestCase.php:44
/var/www/html/tests/TestCase.php:36</error>
        </testcase>
        <testcase name="test_get_changes_summary_attribute_with_no_new_values" file="/var/www/html/tests/Feature/Models/AuditLogSimpleTest.php" line="117" class="Tests\Feature\Models\AuditLogSimpleTest" classname="Tests.Feature.Models.AuditLogSimpleTest" assertions="0" time="0.000000">
          <error type="Error">Tests\Feature\Models\AuditLogSimpleTest::test_get_changes_summary_attribute_with_no_new_values
Error: Class "Laravel\Dusk\DuskServiceProvider" not found

/var/www/html/vendor/laravel/framework/src/Illuminate/Foundation/Application.php:961
/var/www/html/vendor/laravel/framework/src/Illuminate/Foundation/Application.php:893
/var/www/html/app/Providers/AppServiceProvider.php:51
/var/www/html/vendor/laravel/framework/src/Illuminate/Foundation/Application.php:896
/var/www/html/vendor/laravel/framework/src/Illuminate/Foundation/ProviderRepository.php:74
/var/www/html/vendor/laravel/framework/src/Illuminate/Foundation/Application.php:871
/var/www/html/vendor/laravel/framework/src/Illuminate/Foundation/Bootstrap/RegisterProviders.php:37
/var/www/html/vendor/laravel/framework/src/Illuminate/Foundation/Application.php:342
/var/www/html/vendor/laravel/framework/src/Illuminate/Foundation/Console/Kernel.php:473
/var/www/html/tests/CreatesApplication.php:31
/var/www/html/vendor/laravel/framework/src/Illuminate/Foundation/Testing/TestCase.php:54
/var/www/html/vendor/laravel/framework/src/Illuminate/Foundation/Testing/Concerns/InteractsWithTestCaseLifecycle.php:92
/var/www/html/vendor/laravel/framework/src/Illuminate/Foundation/Testing/TestCase.php:44
/var/www/html/tests/TestCase.php:36</error>
        </testcase>
        <testcase name="test_get_changes_summary_attribute_with_unchanged_values" file="/var/www/html/tests/Feature/Models/AuditLogSimpleTest.php" line="130" class="Tests\Feature\Models\AuditLogSimpleTest" classname="Tests.Feature.Models.AuditLogSimpleTest" assertions="0" time="0.000000">
          <error type="Error">Tests\Feature\Models\AuditLogSimpleTest::test_get_changes_summary_attribute_with_unchanged_values
Error: Class "Laravel\Dusk\DuskServiceProvider" not found

/var/www/html/vendor/laravel/framework/src/Illuminate/Foundation/Application.php:961
/var/www/html/vendor/laravel/framework/src/Illuminate/Foundation/Application.php:893
/var/www/html/app/Providers/AppServiceProvider.php:51
/var/www/html/vendor/laravel/framework/src/Illuminate/Foundation/Application.php:896
/var/www/html/vendor/laravel/framework/src/Illuminate/Foundation/ProviderRepository.php:74
/var/www/html/vendor/laravel/framework/src/Illuminate/Foundation/Application.php:871
/var/www/html/vendor/laravel/framework/src/Illuminate/Foundation/Bootstrap/RegisterProviders.php:37
/var/www/html/vendor/laravel/framework/src/Illuminate/Foundation/Application.php:342
/var/www/html/vendor/laravel/framework/src/Illuminate/Foundation/Console/Kernel.php:473
/var/www/html/tests/CreatesApplication.php:31
/var/www/html/vendor/laravel/framework/src/Illuminate/Foundation/Testing/TestCase.php:54
/var/www/html/vendor/laravel/framework/src/Illuminate/Foundation/Testing/Concerns/InteractsWithTestCaseLifecycle.php:92
/var/www/html/vendor/laravel/framework/src/Illuminate/Foundation/Testing/TestCase.php:44
/var/www/html/tests/TestCase.php:36</error>
        </testcase>
        <testcase name="test_can_be_instantiated" file="/var/www/html/tests/Feature/Models/AuditLogSimpleTest.php" line="160" class="Tests\Feature\Models\AuditLogSimpleTest" classname="Tests.Feature.Models.AuditLogSimpleTest" assertions="0" time="0.000000">
          <error type="Error">Tests\Feature\Models\AuditLogSimpleTest::test_can_be_instantiated
Error: Class "Laravel\Dusk\DuskServiceProvider" not found

/var/www/html/vendor/laravel/framework/src/Illuminate/Foundation/Application.php:961
/var/www/html/vendor/laravel/framework/src/Illuminate/Foundation/Application.php:893
/var/www/html/app/Providers/AppServiceProvider.php:51
/var/www/html/vendor/laravel/framework/src/Illuminate/Foundation/Application.php:896
/var/www/html/vendor/laravel/framework/src/Illuminate/Foundation/ProviderRepository.php:74
/var/www/html/vendor/laravel/framework/src/Illuminate/Foundation/Application.php:871
/var/www/html/vendor/laravel/framework/src/Illuminate/Foundation/Bootstrap/RegisterProviders.php:37
/var/www/html/vendor/laravel/framework/src/Illuminate/Foundation/Application.php:342
/var/www/html/vendor/laravel/framework/src/Illuminate/Foundation/Console/Kernel.php:473
/var/www/html/tests/CreatesApplication.php:31
/var/www/html/vendor/laravel/framework/src/Illuminate/Foundation/Testing/TestCase.php:54
/var/www/html/vendor/laravel/framework/src/Illuminate/Foundation/Testing/Concerns/InteractsWithTestCaseLifecycle.php:92
/var/www/html/vendor/laravel/framework/src/Illuminate/Foundation/Testing/TestCase.php:44
/var/www/html/tests/TestCase.php:36</error>
        </testcase>
        <testcase name="test_it_has_correct_table_name" file="/var/www/html/tests/Feature/Models/AuditLogSimpleTest.php" line="53" class="Tests\Feature\Models\AuditLogSimpleTest" classname="Tests.Feature.Models.AuditLogSimpleTest" assertions="0" time="0.000000">
          <error type="Error">Tests\Feature\Models\AuditLogSimpleTest::test_it_has_correct_table_name
Error: Class "Laravel\Dusk\DuskServiceProvider" not found

/var/www/html/vendor/laravel/framework/src/Illuminate/Foundation/Application.php:961
/var/www/html/vendor/laravel/framework/src/Illuminate/Foundation/Application.php:893
/var/www/html/app/Providers/AppServiceProvider.php:51
/var/www/html/vendor/laravel/framework/src/Illuminate/Foundation/Application.php:896
/var/www/html/vendor/laravel/framework/src/Illuminate/Foundation/ProviderRepository.php:74
/var/www/html/vendor/laravel/framework/src/Illuminate/Foundation/Application.php:871
/var/www/html/vendor/laravel/framework/src/Illuminate/Foundation/Bootstrap/RegisterProviders.php:37
/var/www/html/vendor/laravel/framework/src/Illuminate/Foundation/Application.php:342
/var/www/html/vendor/laravel/framework/src/Illuminate/Foundation/Console/Kernel.php:473
/var/www/html/tests/CreatesApplication.php:31
/var/www/html/vendor/laravel/framework/src/Illuminate/Foundation/Testing/TestCase.php:54
/var/www/html/vendor/laravel/framework/src/Illuminate/Foundation/Testing/Concerns/InteractsWithTestCaseLifecycle.php:92
/var/www/html/vendor/laravel/framework/src/Illuminate/Foundation/Testing/TestCase.php:44
/var/www/html/tests/TestCase.php:36</error>
        </testcase>
        <testcase name="test_get_changes_summary_attribute_without_changes" file="/var/www/html/tests/Feature/Models/AuditLogSimpleTest.php" line="91" class="Tests\Feature\Models\AuditLogSimpleTest" classname="Tests.Feature.Models.AuditLogSimpleTest" assertions="0" time="0.000000">
          <error type="Error">Tests\Feature\Models\AuditLogSimpleTest::test_get_changes_summary_attribute_without_changes
Error: Class "Laravel\Dusk\DuskServiceProvider" not found

/var/www/html/vendor/laravel/framework/src/Illuminate/Foundation/Application.php:961
/var/www/html/vendor/laravel/framework/src/Illuminate/Foundation/Application.php:893
/var/www/html/app/Providers/AppServiceProvider.php:51
/var/www/html/vendor/laravel/framework/src/Illuminate/Foundation/Application.php:896
/var/www/html/vendor/laravel/framework/src/Illuminate/Foundation/ProviderRepository.php:74
/var/www/html/vendor/laravel/framework/src/Illuminate/Foundation/Application.php:871
/var/www/html/vendor/laravel/framework/src/Illuminate/Foundation/Bootstrap/RegisterProviders.php:37
/var/www/html/vendor/laravel/framework/src/Illuminate/Foundation/Application.php:342
/var/www/html/vendor/laravel/framework/src/Illuminate/Foundation/Console/Kernel.php:473
/var/www/html/tests/CreatesApplication.php:31
/var/www/html/vendor/laravel/framework/src/Illuminate/Foundation/Testing/TestCase.php:54
/var/www/html/vendor/laravel/framework/src/Illuminate/Foundation/Testing/Concerns/InteractsWithTestCaseLifecycle.php:92
/var/www/html/vendor/laravel/framework/src/Illuminate/Foundation/Testing/TestCase.php:44
/var/www/html/tests/TestCase.php:36</error>
        </testcase>
        <testcase name="test_it_uses_timestamps" file="/var/www/html/tests/Feature/Models/AuditLogSimpleTest.php" line="61" class="Tests\Feature\Models\AuditLogSimpleTest" classname="Tests.Feature.Models.AuditLogSimpleTest" assertions="0" time="0.000000">
          <error type="Error">Tests\Feature\Models\AuditLogSimpleTest::test_it_uses_timestamps
Error: Class "Laravel\Dusk\DuskServiceProvider" not found

/var/www/html/vendor/laravel/framework/src/Illuminate/Foundation/Application.php:961
/var/www/html/vendor/laravel/framework/src/Illuminate/Foundation/Application.php:893
/var/www/html/app/Providers/AppServiceProvider.php:51
/var/www/html/vendor/laravel/framework/src/Illuminate/Foundation/Application.php:896
/var/www/html/vendor/laravel/framework/src/Illuminate/Foundation/ProviderRepository.php:74
/var/www/html/vendor/laravel/framework/src/Illuminate/Foundation/Application.php:871
/var/www/html/vendor/laravel/framework/src/Illuminate/Foundation/Bootstrap/RegisterProviders.php:37
/var/www/html/vendor/laravel/framework/src/Illuminate/Foundation/Application.php:342
/var/www/html/vendor/laravel/framework/src/Illuminate/Foundation/Console/Kernel.php:473
/var/www/html/tests/CreatesApplication.php:31
/var/www/html/vendor/laravel/framework/src/Illuminate/Foundation/Testing/TestCase.php:54
/var/www/html/vendor/laravel/framework/src/Illuminate/Foundation/Testing/Concerns/InteractsWithTestCaseLifecycle.php:92
/var/www/html/vendor/laravel/framework/src/Illuminate/Foundation/Testing/TestCase.php:44
/var/www/html/tests/TestCase.php:36</error>
        </testcase>
      </testsuite>
      <testsuite name="Tests\Feature\Services\CacheServiceTest" file="/var/www/html/tests/Feature/Services/CacheServiceTest.php" tests="9" assertions="0" errors="9" failures="0" skipped="0" time="0.000000">
        <testcase name="test_executes_callback_on_cache_miss" file="/var/www/html/tests/Feature/Services/CacheServiceTest.php" line="51" class="Tests\Feature\Services\CacheServiceTest" classname="Tests.Feature.Services.CacheServiceTest" assertions="0" time="0.000000">
          <error type="Error">Tests\Feature\Services\CacheServiceTest::test_executes_callback_on_cache_miss
Error: Class "Laravel\Dusk\DuskServiceProvider" not found

/var/www/html/vendor/laravel/framework/src/Illuminate/Foundation/Application.php:961
/var/www/html/vendor/laravel/framework/src/Illuminate/Foundation/Application.php:893
/var/www/html/app/Providers/AppServiceProvider.php:51
/var/www/html/vendor/laravel/framework/src/Illuminate/Foundation/Application.php:896
/var/www/html/vendor/laravel/framework/src/Illuminate/Foundation/ProviderRepository.php:74
/var/www/html/vendor/laravel/framework/src/Illuminate/Foundation/Application.php:871
/var/www/html/vendor/laravel/framework/src/Illuminate/Foundation/Bootstrap/RegisterProviders.php:37
/var/www/html/vendor/laravel/framework/src/Illuminate/Foundation/Application.php:342
/var/www/html/vendor/laravel/framework/src/Illuminate/Foundation/Console/Kernel.php:473
/var/www/html/tests/CreatesApplication.php:31
/var/www/html/vendor/laravel/framework/src/Illuminate/Foundation/Testing/TestCase.php:54
/var/www/html/vendor/laravel/framework/src/Illuminate/Foundation/Testing/Concerns/InteractsWithTestCaseLifecycle.php:92
/var/www/html/vendor/laravel/framework/src/Illuminate/Foundation/Testing/TestCase.php:44
/var/www/html/tests/TestCase.php:36
/var/www/html/tests/Feature/Services/CacheServiceTest.php:22</error>
        </testcase>
        <testcase name="test_forgets_cache_by_tags" file="/var/www/html/tests/Feature/Services/CacheServiceTest.php" line="184" class="Tests\Feature\Services\CacheServiceTest" classname="Tests.Feature.Services.CacheServiceTest" assertions="0" time="0.000000">
          <error type="Error">Tests\Feature\Services\CacheServiceTest::test_forgets_cache_by_tags
Error: Class "Laravel\Dusk\DuskServiceProvider" not found

/var/www/html/vendor/laravel/framework/src/Illuminate/Foundation/Application.php:961
/var/www/html/vendor/laravel/framework/src/Illuminate/Foundation/Application.php:893
/var/www/html/app/Providers/AppServiceProvider.php:51
/var/www/html/vendor/laravel/framework/src/Illuminate/Foundation/Application.php:896
/var/www/html/vendor/laravel/framework/src/Illuminate/Foundation/ProviderRepository.php:74
/var/www/html/vendor/laravel/framework/src/Illuminate/Foundation/Application.php:871
/var/www/html/vendor/laravel/framework/src/Illuminate/Foundation/Bootstrap/RegisterProviders.php:37
/var/www/html/vendor/laravel/framework/src/Illuminate/Foundation/Application.php:342
/var/www/html/vendor/laravel/framework/src/Illuminate/Foundation/Console/Kernel.php:473
/var/www/html/tests/CreatesApplication.php:31
/var/www/html/vendor/laravel/framework/src/Illuminate/Foundation/Testing/TestCase.php:54
/var/www/html/vendor/laravel/framework/src/Illuminate/Foundation/Testing/Concerns/InteractsWithTestCaseLifecycle.php:92
/var/www/html/vendor/laravel/framework/src/Illuminate/Foundation/Testing/TestCase.php:44
/var/www/html/tests/TestCase.php:36
/var/www/html/tests/Feature/Services/CacheServiceTest.php:22</error>
        </testcase>
        <testcase name="test_handles_cache_exception_gracefully" file="/var/www/html/tests/Feature/Services/CacheServiceTest.php" line="74" class="Tests\Feature\Services\CacheServiceTest" classname="Tests.Feature.Services.CacheServiceTest" assertions="0" time="0.000000">
          <error type="Error">Tests\Feature\Services\CacheServiceTest::test_handles_cache_exception_gracefully
Error: Class "Laravel\Dusk\DuskServiceProvider" not found

/var/www/html/vendor/laravel/framework/src/Illuminate/Foundation/Application.php:961
/var/www/html/vendor/laravel/framework/src/Illuminate/Foundation/Application.php:893
/var/www/html/app/Providers/AppServiceProvider.php:51
/var/www/html/vendor/laravel/framework/src/Illuminate/Foundation/Application.php:896
/var/www/html/vendor/laravel/framework/src/Illuminate/Foundation/ProviderRepository.php:74
/var/www/html/vendor/laravel/framework/src/Illuminate/Foundation/Application.php:871
/var/www/html/vendor/laravel/framework/src/Illuminate/Foundation/Bootstrap/RegisterProviders.php:37
/var/www/html/vendor/laravel/framework/src/Illuminate/Foundation/Application.php:342
/var/www/html/vendor/laravel/framework/src/Illuminate/Foundation/Console/Kernel.php:473
/var/www/html/tests/CreatesApplication.php:31
/var/www/html/vendor/laravel/framework/src/Illuminate/Foundation/Testing/TestCase.php:54
/var/www/html/vendor/laravel/framework/src/Illuminate/Foundation/Testing/Concerns/InteractsWithTestCaseLifecycle.php:92
/var/www/html/vendor/laravel/framework/src/Illuminate/Foundation/Testing/TestCase.php:44
/var/www/html/tests/TestCase.php:36
/var/www/html/tests/Feature/Services/CacheServiceTest.php:22</error>
        </testcase>
        <testcase name="test_remembers_data_with_cache_hit" file="/var/www/html/tests/Feature/Services/CacheServiceTest.php" line="32" class="Tests\Feature\Services\CacheServiceTest" classname="Tests.Feature.Services.CacheServiceTest" assertions="0" time="0.000000">
          <error type="Error">Tests\Feature\Services\CacheServiceTest::test_remembers_data_with_cache_hit
Error: Class "Laravel\Dusk\DuskServiceProvider" not found

/var/www/html/vendor/laravel/framework/src/Illuminate/Foundation/Application.php:961
/var/www/html/vendor/laravel/framework/src/Illuminate/Foundation/Application.php:893
/var/www/html/app/Providers/AppServiceProvider.php:51
/var/www/html/vendor/laravel/framework/src/Illuminate/Foundation/Application.php:896
/var/www/html/vendor/laravel/framework/src/Illuminate/Foundation/ProviderRepository.php:74
/var/www/html/vendor/laravel/framework/src/Illuminate/Foundation/Application.php:871
/var/www/html/vendor/laravel/framework/src/Illuminate/Foundation/Bootstrap/RegisterProviders.php:37
/var/www/html/vendor/laravel/framework/src/Illuminate/Foundation/Application.php:342
/var/www/html/vendor/laravel/framework/src/Illuminate/Foundation/Console/Kernel.php:473
/var/www/html/tests/CreatesApplication.php:31
/var/www/html/vendor/laravel/framework/src/Illuminate/Foundation/Testing/TestCase.php:54
/var/www/html/vendor/laravel/framework/src/Illuminate/Foundation/Testing/Concerns/InteractsWithTestCaseLifecycle.php:92
/var/www/html/vendor/laravel/framework/src/Illuminate/Foundation/Testing/TestCase.php:44
/var/www/html/tests/TestCase.php:36
/var/www/html/tests/Feature/Services/CacheServiceTest.php:22</error>
        </testcase>
        <testcase name="test_handles_forget_exception" file="/var/www/html/tests/Feature/Services/CacheServiceTest.php" line="209" class="Tests\Feature\Services\CacheServiceTest" classname="Tests.Feature.Services.CacheServiceTest" assertions="0" time="0.000000">
          <error type="Error">Tests\Feature\Services\CacheServiceTest::test_handles_forget_exception
Error: Class "Laravel\Dusk\DuskServiceProvider" not found

/var/www/html/vendor/laravel/framework/src/Illuminate/Foundation/Application.php:961
/var/www/html/vendor/laravel/framework/src/Illuminate/Foundation/Application.php:893
/var/www/html/app/Providers/AppServiceProvider.php:51
/var/www/html/vendor/laravel/framework/src/Illuminate/Foundation/Application.php:896
/var/www/html/vendor/laravel/framework/src/Illuminate/Foundation/ProviderRepository.php:74
/var/www/html/vendor/laravel/framework/src/Illuminate/Foundation/Application.php:871
/var/www/html/vendor/laravel/framework/src/Illuminate/Foundation/Bootstrap/RegisterProviders.php:37
/var/www/html/vendor/laravel/framework/src/Illuminate/Foundation/Application.php:342
/var/www/html/vendor/laravel/framework/src/Illuminate/Foundation/Console/Kernel.php:473
/var/www/html/tests/CreatesApplication.php:31
/var/www/html/vendor/laravel/framework/src/Illuminate/Foundation/Testing/TestCase.php:54
/var/www/html/vendor/laravel/framework/src/Illuminate/Foundation/Testing/Concerns/InteractsWithTestCaseLifecycle.php:92
/var/www/html/vendor/laravel/framework/src/Illuminate/Foundation/Testing/TestCase.php:44
/var/www/html/tests/TestCase.php:36
/var/www/html/tests/Feature/Services/CacheServiceTest.php:22</error>
        </testcase>
        <testcase name="test_forgets_cache_by_key" file="/var/www/html/tests/Feature/Services/CacheServiceTest.php" line="168" class="Tests\Feature\Services\CacheServiceTest" classname="Tests.Feature.Services.CacheServiceTest" assertions="0" time="0.000000">
          <error type="Error">Tests\Feature\Services\CacheServiceTest::test_forgets_cache_by_key
Error: Class "Laravel\Dusk\DuskServiceProvider" not found

/var/www/html/vendor/laravel/framework/src/Illuminate/Foundation/Application.php:961
/var/www/html/vendor/laravel/framework/src/Illuminate/Foundation/Application.php:893
/var/www/html/app/Providers/AppServiceProvider.php:51
/var/www/html/vendor/laravel/framework/src/Illuminate/Foundation/Application.php:896
/var/www/html/vendor/laravel/framework/src/Illuminate/Foundation/ProviderRepository.php:74
/var/www/html/vendor/laravel/framework/src/Illuminate/Foundation/Application.php:871
/var/www/html/vendor/laravel/framework/src/Illuminate/Foundation/Bootstrap/RegisterProviders.php:37
/var/www/html/vendor/laravel/framework/src/Illuminate/Foundation/Application.php:342
/var/www/html/vendor/laravel/framework/src/Illuminate/Foundation/Console/Kernel.php:473
/var/www/html/tests/CreatesApplication.php:31
/var/www/html/vendor/laravel/framework/src/Illuminate/Foundation/Testing/TestCase.php:54
/var/www/html/vendor/laravel/framework/src/Illuminate/Foundation/Testing/Concerns/InteractsWithTestCaseLifecycle.php:92
/var/www/html/vendor/laravel/framework/src/Illuminate/Foundation/Testing/TestCase.php:44
/var/www/html/tests/TestCase.php:36
/var/www/html/tests/Feature/Services/CacheServiceTest.php:22</error>
        </testcase>
        <testcase name="test_handles_tags_when_supported" file="/var/www/html/tests/Feature/Services/CacheServiceTest.php" line="112" class="Tests\Feature\Services\CacheServiceTest" classname="Tests.Feature.Services.CacheServiceTest" assertions="0" time="0.000000">
          <error type="Error">Tests\Feature\Services\CacheServiceTest::test_handles_tags_when_supported
Error: Class "Laravel\Dusk\DuskServiceProvider" not found

/var/www/html/vendor/laravel/framework/src/Illuminate/Foundation/Application.php:961
/var/www/html/vendor/laravel/framework/src/Illuminate/Foundation/Application.php:893
/var/www/html/app/Providers/AppServiceProvider.php:51
/var/www/html/vendor/laravel/framework/src/Illuminate/Foundation/Application.php:896
/var/www/html/vendor/laravel/framework/src/Illuminate/Foundation/ProviderRepository.php:74
/var/www/html/vendor/laravel/framework/src/Illuminate/Foundation/Application.php:871
/var/www/html/vendor/laravel/framework/src/Illuminate/Foundation/Bootstrap/RegisterProviders.php:37
/var/www/html/vendor/laravel/framework/src/Illuminate/Foundation/Application.php:342
/var/www/html/vendor/laravel/framework/src/Illuminate/Foundation/Console/Kernel.php:473
/var/www/html/tests/CreatesApplication.php:31
/var/www/html/vendor/laravel/framework/src/Illuminate/Foundation/Testing/TestCase.php:54
/var/www/html/vendor/laravel/framework/src/Illuminate/Foundation/Testing/Concerns/InteractsWithTestCaseLifecycle.php:92
/var/www/html/vendor/laravel/framework/src/Illuminate/Foundation/Testing/TestCase.php:44
/var/www/html/tests/TestCase.php:36
/var/www/html/tests/Feature/Services/CacheServiceTest.php:22</error>
        </testcase>
        <testcase name="test_builds_cache_key_correctly" file="/var/www/html/tests/Feature/Services/CacheServiceTest.php" line="92" class="Tests\Feature\Services\CacheServiceTest" classname="Tests.Feature.Services.CacheServiceTest" assertions="0" time="0.000000">
          <error type="Error">Tests\Feature\Services\CacheServiceTest::test_builds_cache_key_correctly
Error: Class "Laravel\Dusk\DuskServiceProvider" not found

/var/www/html/vendor/laravel/framework/src/Illuminate/Foundation/Application.php:961
/var/www/html/vendor/laravel/framework/src/Illuminate/Foundation/Application.php:893
/var/www/html/app/Providers/AppServiceProvider.php:51
/var/www/html/vendor/laravel/framework/src/Illuminate/Foundation/Application.php:896
/var/www/html/vendor/laravel/framework/src/Illuminate/Foundation/ProviderRepository.php:74
/var/www/html/vendor/laravel/framework/src/Illuminate/Foundation/Application.php:871
/var/www/html/vendor/laravel/framework/src/Illuminate/Foundation/Bootstrap/RegisterProviders.php:37
/var/www/html/vendor/laravel/framework/src/Illuminate/Foundation/Application.php:342
/var/www/html/vendor/laravel/framework/src/Illuminate/Foundation/Console/Kernel.php:473
/var/www/html/tests/CreatesApplication.php:31
/var/www/html/vendor/laravel/framework/src/Illuminate/Foundation/Testing/TestCase.php:54
/var/www/html/vendor/laravel/framework/src/Illuminate/Foundation/Testing/Concerns/InteractsWithTestCaseLifecycle.php:92
/var/www/html/vendor/laravel/framework/src/Illuminate/Foundation/Testing/TestCase.php:44
/var/www/html/tests/TestCase.php:36
/var/www/html/tests/Feature/Services/CacheServiceTest.php:22</error>
        </testcase>
        <testcase name="test_logs_cache_miss_with_execution_time" file="/var/www/html/tests/Feature/Services/CacheServiceTest.php" line="139" class="Tests\Feature\Services\CacheServiceTest" classname="Tests.Feature.Services.CacheServiceTest" assertions="0" time="0.000000">
          <error type="Error">Tests\Feature\Services\CacheServiceTest::test_logs_cache_miss_with_execution_time
Error: Class "Laravel\Dusk\DuskServiceProvider" not found

/var/www/html/vendor/laravel/framework/src/Illuminate/Foundation/Application.php:961
/var/www/html/vendor/laravel/framework/src/Illuminate/Foundation/Application.php:893
/var/www/html/app/Providers/AppServiceProvider.php:51
/var/www/html/vendor/laravel/framework/src/Illuminate/Foundation/Application.php:896
/var/www/html/vendor/laravel/framework/src/Illuminate/Foundation/ProviderRepository.php:74
/var/www/html/vendor/laravel/framework/src/Illuminate/Foundation/Application.php:871
/var/www/html/vendor/laravel/framework/src/Illuminate/Foundation/Bootstrap/RegisterProviders.php:37
/var/www/html/vendor/laravel/framework/src/Illuminate/Foundation/Application.php:342
/var/www/html/vendor/laravel/framework/src/Illuminate/Foundation/Console/Kernel.php:473
/var/www/html/tests/CreatesApplication.php:31
/var/www/html/vendor/laravel/framework/src/Illuminate/Foundation/Testing/TestCase.php:54
/var/www/html/vendor/laravel/framework/src/Illuminate/Foundation/Testing/Concerns/InteractsWithTestCaseLifecycle.php:92
/var/www/html/vendor/laravel/framework/src/Illuminate/Foundation/Testing/TestCase.php:44
/var/www/html/tests/TestCase.php:36
/var/www/html/tests/Feature/Services/CacheServiceTest.php:22</error>
        </testcase>
      </testsuite>
      <testsuite name="Tests\Feature\ApiEndpointsTest" file="/var/www/html/tests/Feature/ApiEndpointsTest.php" tests="3" assertions="0" errors="3" failures="0" skipped="0" time="0.000000">
        <testcase name="test_validation" file="/var/www/html/tests/Feature/ApiEndpointsTest.php" line="32" class="Tests\Feature\ApiEndpointsTest" classname="Tests.Feature.ApiEndpointsTest" assertions="0" time="0.000000">
          <error type="Error">Tests\Feature\ApiEndpointsTest::test_validation
Error: Class "Laravel\Dusk\DuskServiceProvider" not found

/var/www/html/vendor/laravel/framework/src/Illuminate/Foundation/Application.php:961
/var/www/html/vendor/laravel/framework/src/Illuminate/Foundation/Application.php:893
/var/www/html/app/Providers/AppServiceProvider.php:51
/var/www/html/vendor/laravel/framework/src/Illuminate/Foundation/Application.php:896
/var/www/html/vendor/laravel/framework/src/Illuminate/Foundation/ProviderRepository.php:74
/var/www/html/vendor/laravel/framework/src/Illuminate/Foundation/Application.php:871
/var/www/html/vendor/laravel/framework/src/Illuminate/Foundation/Bootstrap/RegisterProviders.php:37
/var/www/html/vendor/laravel/framework/src/Illuminate/Foundation/Application.php:342
/var/www/html/vendor/laravel/framework/src/Illuminate/Foundation/Console/Kernel.php:473
/var/www/html/tests/CreatesApplication.php:31
/var/www/html/vendor/laravel/framework/src/Illuminate/Foundation/Testing/TestCase.php:54
/var/www/html/vendor/laravel/framework/src/Illuminate/Foundation/Testing/Concerns/InteractsWithTestCaseLifecycle.php:92
/var/www/html/vendor/laravel/framework/src/Illuminate/Foundation/Testing/TestCase.php:44
/var/www/html/tests/TestCase.php:36
/var/www/html/tests/Feature/ApiEndpointsTest.php:40</error>
        </testcase>
        <testcase name="test_expected_behavior" file="/var/www/html/tests/Feature/ApiEndpointsTest.php" line="25" class="Tests\Feature\ApiEndpointsTest" classname="Tests.Feature.ApiEndpointsTest" assertions="0" time="0.000000">
          <error type="Error">Tests\Feature\ApiEndpointsTest::test_expected_behavior
Error: Class "Laravel\Dusk\DuskServiceProvider" not found

/var/www/html/vendor/laravel/framework/src/Illuminate/Foundation/Application.php:961
/var/www/html/vendor/laravel/framework/src/Illuminate/Foundation/Application.php:893
/var/www/html/app/Providers/AppServiceProvider.php:51
/var/www/html/vendor/laravel/framework/src/Illuminate/Foundation/Application.php:896
/var/www/html/vendor/laravel/framework/src/Illuminate/Foundation/ProviderRepository.php:74
/var/www/html/vendor/laravel/framework/src/Illuminate/Foundation/Application.php:871
/var/www/html/vendor/laravel/framework/src/Illuminate/Foundation/Bootstrap/RegisterProviders.php:37
/var/www/html/vendor/laravel/framework/src/Illuminate/Foundation/Application.php:342
/var/www/html/vendor/laravel/framework/src/Illuminate/Foundation/Console/Kernel.php:473
/var/www/html/tests/CreatesApplication.php:31
/var/www/html/vendor/laravel/framework/src/Illuminate/Foundation/Testing/TestCase.php:54
/var/www/html/vendor/laravel/framework/src/Illuminate/Foundation/Testing/Concerns/InteractsWithTestCaseLifecycle.php:92
/var/www/html/vendor/laravel/framework/src/Illuminate/Foundation/Testing/TestCase.php:44
/var/www/html/tests/TestCase.php:36
/var/www/html/tests/Feature/ApiEndpointsTest.php:40</error>
        </testcase>
        <testcase name="test_basic_functionality" file="/var/www/html/tests/Feature/ApiEndpointsTest.php" line="18" class="Tests\Feature\ApiEndpointsTest" classname="Tests.Feature.ApiEndpointsTest" assertions="0" time="0.000000">
          <error type="Error">Tests\Feature\ApiEndpointsTest::test_basic_functionality
Error: Class "Laravel\Dusk\DuskServiceProvider" not found

/var/www/html/vendor/laravel/framework/src/Illuminate/Foundation/Application.php:961
/var/www/html/vendor/laravel/framework/src/Illuminate/Foundation/Application.php:893
/var/www/html/app/Providers/AppServiceProvider.php:51
/var/www/html/vendor/laravel/framework/src/Illuminate/Foundation/Application.php:896
/var/www/html/vendor/laravel/framework/src/Illuminate/Foundation/ProviderRepository.php:74
/var/www/html/vendor/laravel/framework/src/Illuminate/Foundation/Application.php:871
/var/www/html/vendor/laravel/framework/src/Illuminate/Foundation/Bootstrap/RegisterProviders.php:37
/var/www/html/vendor/laravel/framework/src/Illuminate/Foundation/Application.php:342
/var/www/html/vendor/laravel/framework/src/Illuminate/Foundation/Console/Kernel.php:473
/var/www/html/tests/CreatesApplication.php:31
/var/www/html/vendor/laravel/framework/src/Illuminate/Foundation/Testing/TestCase.php:54
/var/www/html/vendor/laravel/framework/src/Illuminate/Foundation/Testing/Concerns/InteractsWithTestCaseLifecycle.php:92
/var/www/html/vendor/laravel/framework/src/Illuminate/Foundation/Testing/TestCase.php:44
/var/www/html/tests/TestCase.php:36
/var/www/html/tests/Feature/ApiEndpointsTest.php:40</error>
        </testcase>
      </testsuite>
      <testsuite name="Tests\Feature\Http\Middleware\AuthorizeTest" file="/var/www/html/tests/Feature/Http/Middleware/AuthorizeTest.php" tests="5" assertions="0" errors="5" failures="0" skipped="0" time="0.000000">
        <testcase name="test_authorize_middleware_handles_unauthenticated_users" file="/var/www/html/tests/Feature/Http/Middleware/AuthorizeTest.php" line="44" class="Tests\Feature\Http\Middleware\AuthorizeTest" classname="Tests.Feature.Http.Middleware.AuthorizeTest" assertions="0" time="0.000000">
          <error type="Error">Tests\Feature\Http\Middleware\AuthorizeTest::test_authorize_middleware_handles_unauthenticated_users
Error: Class "Laravel\Dusk\DuskServiceProvider" not found

/var/www/html/vendor/laravel/framework/src/Illuminate/Foundation/Application.php:961
/var/www/html/vendor/laravel/framework/src/Illuminate/Foundation/Application.php:893
/var/www/html/app/Providers/AppServiceProvider.php:51
/var/www/html/vendor/laravel/framework/src/Illuminate/Foundation/Application.php:896
/var/www/html/vendor/laravel/framework/src/Illuminate/Foundation/ProviderRepository.php:74
/var/www/html/vendor/laravel/framework/src/Illuminate/Foundation/Application.php:871
/var/www/html/vendor/laravel/framework/src/Illuminate/Foundation/Bootstrap/RegisterProviders.php:37
/var/www/html/vendor/laravel/framework/src/Illuminate/Foundation/Application.php:342
/var/www/html/vendor/laravel/framework/src/Illuminate/Foundation/Console/Kernel.php:473
/var/www/html/tests/CreatesApplication.php:31
/var/www/html/vendor/laravel/framework/src/Illuminate/Foundation/Testing/TestCase.php:54
/var/www/html/vendor/laravel/framework/src/Illuminate/Foundation/Testing/Concerns/InteractsWithTestCaseLifecycle.php:92
/var/www/html/vendor/laravel/framework/src/Illuminate/Foundation/Testing/TestCase.php:44
/var/www/html/tests/TestCase.php:36</error>
        </testcase>
        <testcase name="test_authorize_middleware_allows_authorized_requests" file="/var/www/html/tests/Feature/Http/Middleware/AuthorizeTest.php" line="19" class="Tests\Feature\Http\Middleware\AuthorizeTest" classname="Tests.Feature.Http.Middleware.AuthorizeTest" assertions="0" time="0.000000">
          <error type="Error">Tests\Feature\Http\Middleware\AuthorizeTest::test_authorize_middleware_allows_authorized_requests
Error: Class "Laravel\Dusk\DuskServiceProvider" not found

/var/www/html/vendor/laravel/framework/src/Illuminate/Foundation/Application.php:961
/var/www/html/vendor/laravel/framework/src/Illuminate/Foundation/Application.php:893
/var/www/html/app/Providers/AppServiceProvider.php:51
/var/www/html/vendor/laravel/framework/src/Illuminate/Foundation/Application.php:896
/var/www/html/vendor/laravel/framework/src/Illuminate/Foundation/ProviderRepository.php:74
/var/www/html/vendor/laravel/framework/src/Illuminate/Foundation/Application.php:871
/var/www/html/vendor/laravel/framework/src/Illuminate/Foundation/Bootstrap/RegisterProviders.php:37
/var/www/html/vendor/laravel/framework/src/Illuminate/Foundation/Application.php:342
/var/www/html/vendor/laravel/framework/src/Illuminate/Foundation/Console/Kernel.php:473
/var/www/html/tests/CreatesApplication.php:31
/var/www/html/vendor/laravel/framework/src/Illuminate/Foundation/Testing/TestCase.php:54
/var/www/html/vendor/laravel/framework/src/Illuminate/Foundation/Testing/Concerns/InteractsWithTestCaseLifecycle.php:92
/var/www/html/vendor/laravel/framework/src/Illuminate/Foundation/Testing/TestCase.php:44
/var/www/html/tests/TestCase.php:36</error>
        </testcase>
        <testcase name="test_authorize_middleware_handles_null_user" file="/var/www/html/tests/Feature/Http/Middleware/AuthorizeTest.php" line="117" class="Tests\Feature\Http\Middleware\AuthorizeTest" classname="Tests.Feature.Http.Middleware.AuthorizeTest" assertions="0" time="0.000000">
          <error type="Error">Tests\Feature\Http\Middleware\AuthorizeTest::test_authorize_middleware_handles_null_user
Error: Class "Laravel\Dusk\DuskServiceProvider" not found

/var/www/html/vendor/laravel/framework/src/Illuminate/Foundation/Application.php:961
/var/www/html/vendor/laravel/framework/src/Illuminate/Foundation/Application.php:893
/var/www/html/app/Providers/AppServiceProvider.php:51
/var/www/html/vendor/laravel/framework/src/Illuminate/Foundation/Application.php:896
/var/www/html/vendor/laravel/framework/src/Illuminate/Foundation/ProviderRepository.php:74
/var/www/html/vendor/laravel/framework/src/Illuminate/Foundation/Application.php:871
/var/www/html/vendor/laravel/framework/src/Illuminate/Foundation/Bootstrap/RegisterProviders.php:37
/var/www/html/vendor/laravel/framework/src/Illuminate/Foundation/Application.php:342
/var/www/html/vendor/laravel/framework/src/Illuminate/Foundation/Console/Kernel.php:473
/var/www/html/tests/CreatesApplication.php:31
/var/www/html/vendor/laravel/framework/src/Illuminate/Foundation/Testing/TestCase.php:54
/var/www/html/vendor/laravel/framework/src/Illuminate/Foundation/Testing/Concerns/InteractsWithTestCaseLifecycle.php:92
/var/www/html/vendor/laravel/framework/src/Illuminate/Foundation/Testing/TestCase.php:44
/var/www/html/tests/TestCase.php:36</error>
        </testcase>
        <testcase name="test_authorize_middleware_handles_post_requests" file="/var/www/html/tests/Feature/Http/Middleware/AuthorizeTest.php" line="62" class="Tests\Feature\Http\Middleware\AuthorizeTest" classname="Tests.Feature.Http.Middleware.AuthorizeTest" assertions="0" time="0.000000">
          <error type="Error">Tests\Feature\Http\Middleware\AuthorizeTest::test_authorize_middleware_handles_post_requests
Error: Class "Laravel\Dusk\DuskServiceProvider" not found

/var/www/html/vendor/laravel/framework/src/Illuminate/Foundation/Application.php:961
/var/www/html/vendor/laravel/framework/src/Illuminate/Foundation/Application.php:893
/var/www/html/app/Providers/AppServiceProvider.php:51
/var/www/html/vendor/laravel/framework/src/Illuminate/Foundation/Application.php:896
/var/www/html/vendor/laravel/framework/src/Illuminate/Foundation/ProviderRepository.php:74
/var/www/html/vendor/laravel/framework/src/Illuminate/Foundation/Application.php:871
/var/www/html/vendor/laravel/framework/src/Illuminate/Foundation/Bootstrap/RegisterProviders.php:37
/var/www/html/vendor/laravel/framework/src/Illuminate/Foundation/Application.php:342
/var/www/html/vendor/laravel/framework/src/Illuminate/Foundation/Console/Kernel.php:473
/var/www/html/tests/CreatesApplication.php:31
/var/www/html/vendor/laravel/framework/src/Illuminate/Foundation/Testing/TestCase.php:54
/var/www/html/vendor/laravel/framework/src/Illuminate/Foundation/Testing/Concerns/InteractsWithTestCaseLifecycle.php:92
/var/www/html/vendor/laravel/framework/src/Illuminate/Foundation/Testing/TestCase.php:44
/var/www/html/tests/TestCase.php:36</error>
        </testcase>
        <testcase name="test_authorize_middleware_handles_api_requests" file="/var/www/html/tests/Feature/Http/Middleware/AuthorizeTest.php" line="90" class="Tests\Feature\Http\Middleware\AuthorizeTest" classname="Tests.Feature.Http.Middleware.AuthorizeTest" assertions="0" time="0.000000">
          <error type="Error">Tests\Feature\Http\Middleware\AuthorizeTest::test_authorize_middleware_handles_api_requests
Error: Class "Laravel\Dusk\DuskServiceProvider" not found

/var/www/html/vendor/laravel/framework/src/Illuminate/Foundation/Application.php:961
/var/www/html/vendor/laravel/framework/src/Illuminate/Foundation/Application.php:893
/var/www/html/app/Providers/AppServiceProvider.php:51
/var/www/html/vendor/laravel/framework/src/Illuminate/Foundation/Application.php:896
/var/www/html/vendor/laravel/framework/src/Illuminate/Foundation/ProviderRepository.php:74
/var/www/html/vendor/laravel/framework/src/Illuminate/Foundation/Application.php:871
/var/www/html/vendor/laravel/framework/src/Illuminate/Foundation/Bootstrap/RegisterProviders.php:37
/var/www/html/vendor/laravel/framework/src/Illuminate/Foundation/Application.php:342
/var/www/html/vendor/laravel/framework/src/Illuminate/Foundation/Console/Kernel.php:473
/var/www/html/tests/CreatesApplication.php:31
/var/www/html/vendor/laravel/framework/src/Illuminate/Foundation/Testing/TestCase.php:54
/var/www/html/vendor/laravel/framework/src/Illuminate/Foundation/Testing/Concerns/InteractsWithTestCaseLifecycle.php:92
/var/www/html/vendor/laravel/framework/src/Illuminate/Foundation/Testing/TestCase.php:44
/var/www/html/tests/TestCase.php:36</error>
        </testcase>
      </testsuite>
      <testsuite name="Tests\Feature\MemoryLeakTest" file="/var/www/html/tests/Feature/MemoryLeakTest.php" tests="3" assertions="0" errors="3" failures="0" skipped="0" time="0.000000">
        <testcase name="test_validation" file="/var/www/html/tests/Feature/MemoryLeakTest.php" line="32" class="Tests\Feature\MemoryLeakTest" classname="Tests.Feature.MemoryLeakTest" assertions="0" time="0.000000">
          <error type="Error">Tests\Feature\MemoryLeakTest::test_validation
Error: Class "Laravel\Dusk\DuskServiceProvider" not found

/var/www/html/vendor/laravel/framework/src/Illuminate/Foundation/Application.php:961
/var/www/html/vendor/laravel/framework/src/Illuminate/Foundation/Application.php:893
/var/www/html/app/Providers/AppServiceProvider.php:51
/var/www/html/vendor/laravel/framework/src/Illuminate/Foundation/Application.php:896
/var/www/html/vendor/laravel/framework/src/Illuminate/Foundation/ProviderRepository.php:74
/var/www/html/vendor/laravel/framework/src/Illuminate/Foundation/Application.php:871
/var/www/html/vendor/laravel/framework/src/Illuminate/Foundation/Bootstrap/RegisterProviders.php:37
/var/www/html/vendor/laravel/framework/src/Illuminate/Foundation/Application.php:342
/var/www/html/vendor/laravel/framework/src/Illuminate/Foundation/Console/Kernel.php:473
/var/www/html/tests/CreatesApplication.php:31
/var/www/html/vendor/laravel/framework/src/Illuminate/Foundation/Testing/TestCase.php:54
/var/www/html/vendor/laravel/framework/src/Illuminate/Foundation/Testing/Concerns/InteractsWithTestCaseLifecycle.php:92
/var/www/html/vendor/laravel/framework/src/Illuminate/Foundation/Testing/TestCase.php:44
/var/www/html/tests/TestCase.php:36
/var/www/html/tests/Feature/MemoryLeakTest.php:40</error>
        </testcase>
        <testcase name="test_expected_behavior" file="/var/www/html/tests/Feature/MemoryLeakTest.php" line="25" class="Tests\Feature\MemoryLeakTest" classname="Tests.Feature.MemoryLeakTest" assertions="0" time="0.000000">
          <error type="Error">Tests\Feature\MemoryLeakTest::test_expected_behavior
Error: Class "Laravel\Dusk\DuskServiceProvider" not found

/var/www/html/vendor/laravel/framework/src/Illuminate/Foundation/Application.php:961
/var/www/html/vendor/laravel/framework/src/Illuminate/Foundation/Application.php:893
/var/www/html/app/Providers/AppServiceProvider.php:51
/var/www/html/vendor/laravel/framework/src/Illuminate/Foundation/Application.php:896
/var/www/html/vendor/laravel/framework/src/Illuminate/Foundation/ProviderRepository.php:74
/var/www/html/vendor/laravel/framework/src/Illuminate/Foundation/Application.php:871
/var/www/html/vendor/laravel/framework/src/Illuminate/Foundation/Bootstrap/RegisterProviders.php:37
/var/www/html/vendor/laravel/framework/src/Illuminate/Foundation/Application.php:342
/var/www/html/vendor/laravel/framework/src/Illuminate/Foundation/Console/Kernel.php:473
/var/www/html/tests/CreatesApplication.php:31
/var/www/html/vendor/laravel/framework/src/Illuminate/Foundation/Testing/TestCase.php:54
/var/www/html/vendor/laravel/framework/src/Illuminate/Foundation/Testing/Concerns/InteractsWithTestCaseLifecycle.php:92
/var/www/html/vendor/laravel/framework/src/Illuminate/Foundation/Testing/TestCase.php:44
/var/www/html/tests/TestCase.php:36
/var/www/html/tests/Feature/MemoryLeakTest.php:40</error>
        </testcase>
        <testcase name="test_basic_functionality" file="/var/www/html/tests/Feature/MemoryLeakTest.php" line="18" class="Tests\Feature\MemoryLeakTest" classname="Tests.Feature.MemoryLeakTest" assertions="0" time="0.000000">
          <error type="Error">Tests\Feature\MemoryLeakTest::test_basic_functionality
Error: Class "Laravel\Dusk\DuskServiceProvider" not found

/var/www/html/vendor/laravel/framework/src/Illuminate/Foundation/Application.php:961
/var/www/html/vendor/laravel/framework/src/Illuminate/Foundation/Application.php:893
/var/www/html/app/Providers/AppServiceProvider.php:51
/var/www/html/vendor/laravel/framework/src/Illuminate/Foundation/Application.php:896
/var/www/html/vendor/laravel/framework/src/Illuminate/Foundation/ProviderRepository.php:74
/var/www/html/vendor/laravel/framework/src/Illuminate/Foundation/Application.php:871
/var/www/html/vendor/laravel/framework/src/Illuminate/Foundation/Bootstrap/RegisterProviders.php:37
/var/www/html/vendor/laravel/framework/src/Illuminate/Foundation/Application.php:342
/var/www/html/vendor/laravel/framework/src/Illuminate/Foundation/Console/Kernel.php:473
/var/www/html/tests/CreatesApplication.php:31
/var/www/html/vendor/laravel/framework/src/Illuminate/Foundation/Testing/TestCase.php:54
/var/www/html/vendor/laravel/framework/src/Illuminate/Foundation/Testing/Concerns/InteractsWithTestCaseLifecycle.php:92
/var/www/html/vendor/laravel/framework/src/Illuminate/Foundation/Testing/TestCase.php:44
/var/www/html/tests/TestCase.php:36
/var/www/html/tests/Feature/MemoryLeakTest.php:40</error>
        </testcase>
      </testsuite>
      <testsuite name="Tests\Feature\Services\LoginAttemptServiceTest" file="/var/www/html/tests/Feature/Services/LoginAttemptServiceTest.php" tests="23" assertions="0" errors="23" failures="0" skipped="0" time="0.000000">
        <testcase name="test_gets_lockout_time_remaining_for_email" file="/var/www/html/tests/Feature/Services/LoginAttemptServiceTest.php" line="259" class="Tests\Feature\Services\LoginAttemptServiceTest" classname="Tests.Feature.Services.LoginAttemptServiceTest" assertions="0" time="0.000000">
          <error type="Error">Tests\Feature\Services\LoginAttemptServiceTest::test_gets_lockout_time_remaining_for_email
Error: Class "Laravel\Dusk\DuskServiceProvider" not found

/var/www/html/vendor/laravel/framework/src/Illuminate/Foundation/Application.php:961
/var/www/html/vendor/laravel/framework/src/Illuminate/Foundation/Application.php:893
/var/www/html/app/Providers/AppServiceProvider.php:51
/var/www/html/vendor/laravel/framework/src/Illuminate/Foundation/Application.php:896
/var/www/html/vendor/laravel/framework/src/Illuminate/Foundation/ProviderRepository.php:74
/var/www/html/vendor/laravel/framework/src/Illuminate/Foundation/Application.php:871
/var/www/html/vendor/laravel/framework/src/Illuminate/Foundation/Bootstrap/RegisterProviders.php:37
/var/www/html/vendor/laravel/framework/src/Illuminate/Foundation/Application.php:342
/var/www/html/vendor/laravel/framework/src/Illuminate/Foundation/Console/Kernel.php:473
/var/www/html/tests/CreatesApplication.php:31
/var/www/html/vendor/laravel/framework/src/Illuminate/Foundation/Testing/TestCase.php:54
/var/www/html/vendor/laravel/framework/src/Illuminate/Foundation/Testing/Concerns/InteractsWithTestCaseLifecycle.php:92
/var/www/html/vendor/laravel/framework/src/Illuminate/Foundation/Testing/TestCase.php:44
/var/www/html/tests/TestCase.php:36
/var/www/html/tests/Feature/Services/LoginAttemptServiceTest.php:25</error>
        </testcase>
        <testcase name="test_handles_expired_lockout" file="/var/www/html/tests/Feature/Services/LoginAttemptServiceTest.php" line="405" class="Tests\Feature\Services\LoginAttemptServiceTest" classname="Tests.Feature.Services.LoginAttemptServiceTest" assertions="0" time="0.000000">
          <error type="Error">Tests\Feature\Services\LoginAttemptServiceTest::test_handles_expired_lockout
Error: Class "Laravel\Dusk\DuskServiceProvider" not found

/var/www/html/vendor/laravel/framework/src/Illuminate/Foundation/Application.php:961
/var/www/html/vendor/laravel/framework/src/Illuminate/Foundation/Application.php:893
/var/www/html/app/Providers/AppServiceProvider.php:51
/var/www/html/vendor/laravel/framework/src/Illuminate/Foundation/Application.php:896
/var/www/html/vendor/laravel/framework/src/Illuminate/Foundation/ProviderRepository.php:74
/var/www/html/vendor/laravel/framework/src/Illuminate/Foundation/Application.php:871
/var/www/html/vendor/laravel/framework/src/Illuminate/Foundation/Bootstrap/RegisterProviders.php:37
/var/www/html/vendor/laravel/framework/src/Illuminate/Foundation/Application.php:342
/var/www/html/vendor/laravel/framework/src/Illuminate/Foundation/Console/Kernel.php:473
/var/www/html/tests/CreatesApplication.php:31
/var/www/html/vendor/laravel/framework/src/Illuminate/Foundation/Testing/TestCase.php:54
/var/www/html/vendor/laravel/framework/src/Illuminate/Foundation/Testing/Concerns/InteractsWithTestCaseLifecycle.php:92
/var/www/html/vendor/laravel/framework/src/Illuminate/Foundation/Testing/TestCase.php:44
/var/www/html/tests/TestCase.php:36
/var/www/html/tests/Feature/Services/LoginAttemptServiceTest.php:25</error>
        </testcase>
        <testcase name="test_handles_malformed_timestamp" file="/var/www/html/tests/Feature/Services/LoginAttemptServiceTest.php" line="422" class="Tests\Feature\Services\LoginAttemptServiceTest" classname="Tests.Feature.Services.LoginAttemptServiceTest" assertions="0" time="0.000000">
          <error type="Error">Tests\Feature\Services\LoginAttemptServiceTest::test_handles_malformed_timestamp
Error: Class "Laravel\Dusk\DuskServiceProvider" not found

/var/www/html/vendor/laravel/framework/src/Illuminate/Foundation/Application.php:961
/var/www/html/vendor/laravel/framework/src/Illuminate/Foundation/Application.php:893
/var/www/html/app/Providers/AppServiceProvider.php:51
/var/www/html/vendor/laravel/framework/src/Illuminate/Foundation/Application.php:896
/var/www/html/vendor/laravel/framework/src/Illuminate/Foundation/ProviderRepository.php:74
/var/www/html/vendor/laravel/framework/src/Illuminate/Foundation/Application.php:871
/var/www/html/vendor/laravel/framework/src/Illuminate/Foundation/Bootstrap/RegisterProviders.php:37
/var/www/html/vendor/laravel/framework/src/Illuminate/Foundation/Application.php:342
/var/www/html/vendor/laravel/framework/src/Illuminate/Foundation/Console/Kernel.php:473
/var/www/html/tests/CreatesApplication.php:31
/var/www/html/vendor/laravel/framework/src/Illuminate/Foundation/Testing/TestCase.php:54
/var/www/html/vendor/laravel/framework/src/Illuminate/Foundation/Testing/Concerns/InteractsWithTestCaseLifecycle.php:92
/var/www/html/vendor/laravel/framework/src/Illuminate/Foundation/Testing/TestCase.php:44
/var/www/html/tests/TestCase.php:36
/var/www/html/tests/Feature/Services/LoginAttemptServiceTest.php:25</error>
        </testcase>
        <testcase name="test_records_failed_attempt_without_email" file="/var/www/html/tests/Feature/Services/LoginAttemptServiceTest.php" line="91" class="Tests\Feature\Services\LoginAttemptServiceTest" classname="Tests.Feature.Services.LoginAttemptServiceTest" assertions="0" time="0.000000">
          <error type="Error">Tests\Feature\Services\LoginAttemptServiceTest::test_records_failed_attempt_without_email
Error: Class "Laravel\Dusk\DuskServiceProvider" not found

/var/www/html/vendor/laravel/framework/src/Illuminate/Foundation/Application.php:961
/var/www/html/vendor/laravel/framework/src/Illuminate/Foundation/Application.php:893
/var/www/html/app/Providers/AppServiceProvider.php:51
/var/www/html/vendor/laravel/framework/src/Illuminate/Foundation/Application.php:896
/var/www/html/vendor/laravel/framework/src/Illuminate/Foundation/ProviderRepository.php:74
/var/www/html/vendor/laravel/framework/src/Illuminate/Foundation/Application.php:871
/var/www/html/vendor/laravel/framework/src/Illuminate/Foundation/Bootstrap/RegisterProviders.php:37
/var/www/html/vendor/laravel/framework/src/Illuminate/Foundation/Application.php:342
/var/www/html/vendor/laravel/framework/src/Illuminate/Foundation/Console/Kernel.php:473
/var/www/html/tests/CreatesApplication.php:31
/var/www/html/vendor/laravel/framework/src/Illuminate/Foundation/Testing/TestCase.php:54
/var/www/html/vendor/laravel/framework/src/Illuminate/Foundation/Testing/Concerns/InteractsWithTestCaseLifecycle.php:92
/var/www/html/vendor/laravel/framework/src/Illuminate/Foundation/Testing/TestCase.php:44
/var/www/html/tests/TestCase.php:36
/var/www/html/tests/Feature/Services/LoginAttemptServiceTest.php:25</error>
        </testcase>
        <testcase name="test_unblocks_ip" file="/var/www/html/tests/Feature/Services/LoginAttemptServiceTest.php" line="366" class="Tests\Feature\Services\LoginAttemptServiceTest" classname="Tests.Feature.Services.LoginAttemptServiceTest" assertions="0" time="0.000000">
          <error type="Error">Tests\Feature\Services\LoginAttemptServiceTest::test_unblocks_ip
Error: Class "Laravel\Dusk\DuskServiceProvider" not found

/var/www/html/vendor/laravel/framework/src/Illuminate/Foundation/Application.php:961
/var/www/html/vendor/laravel/framework/src/Illuminate/Foundation/Application.php:893
/var/www/html/app/Providers/AppServiceProvider.php:51
/var/www/html/vendor/laravel/framework/src/Illuminate/Foundation/Application.php:896
/var/www/html/vendor/laravel/framework/src/Illuminate/Foundation/ProviderRepository.php:74
/var/www/html/vendor/laravel/framework/src/Illuminate/Foundation/Application.php:871
/var/www/html/vendor/laravel/framework/src/Illuminate/Foundation/Bootstrap/RegisterProviders.php:37
/var/www/html/vendor/laravel/framework/src/Illuminate/Foundation/Application.php:342
/var/www/html/vendor/laravel/framework/src/Illuminate/Foundation/Console/Kernel.php:473
/var/www/html/tests/CreatesApplication.php:31
/var/www/html/vendor/laravel/framework/src/Illuminate/Foundation/Testing/TestCase.php:54
/var/www/html/vendor/laravel/framework/src/Illuminate/Foundation/Testing/Concerns/InteractsWithTestCaseLifecycle.php:92
/var/www/html/vendor/laravel/framework/src/Illuminate/Foundation/Testing/TestCase.php:44
/var/www/html/tests/TestCase.php:36
/var/www/html/tests/Feature/Services/LoginAttemptServiceTest.php:25</error>
        </testcase>
        <testcase name="test_gets_remaining_attempts_for_ip" file="/var/www/html/tests/Feature/Services/LoginAttemptServiceTest.php" line="242" class="Tests\Feature\Services\LoginAttemptServiceTest" classname="Tests.Feature.Services.LoginAttemptServiceTest" assertions="0" time="0.000000">
          <error type="Error">Tests\Feature\Services\LoginAttemptServiceTest::test_gets_remaining_attempts_for_ip
Error: Class "Laravel\Dusk\DuskServiceProvider" not found

/var/www/html/vendor/laravel/framework/src/Illuminate/Foundation/Application.php:961
/var/www/html/vendor/laravel/framework/src/Illuminate/Foundation/Application.php:893
/var/www/html/app/Providers/AppServiceProvider.php:51
/var/www/html/vendor/laravel/framework/src/Illuminate/Foundation/Application.php:896
/var/www/html/vendor/laravel/framework/src/Illuminate/Foundation/ProviderRepository.php:74
/var/www/html/vendor/laravel/framework/src/Illuminate/Foundation/Application.php:871
/var/www/html/vendor/laravel/framework/src/Illuminate/Foundation/Bootstrap/RegisterProviders.php:37
/var/www/html/vendor/laravel/framework/src/Illuminate/Foundation/Application.php:342
/var/www/html/vendor/laravel/framework/src/Illuminate/Foundation/Console/Kernel.php:473
/var/www/html/tests/CreatesApplication.php:31
/var/www/html/vendor/laravel/framework/src/Illuminate/Foundation/Testing/TestCase.php:54
/var/www/html/vendor/laravel/framework/src/Illuminate/Foundation/Testing/Concerns/InteractsWithTestCaseLifecycle.php:92
/var/www/html/vendor/laravel/framework/src/Illuminate/Foundation/Testing/TestCase.php:44
/var/www/html/tests/TestCase.php:36
/var/www/html/tests/Feature/Services/LoginAttemptServiceTest.php:25</error>
        </testcase>
        <testcase name="test_returns_null_when_no_lockout" file="/var/www/html/tests/Feature/Services/LoginAttemptServiceTest.php" line="297" class="Tests\Feature\Services\LoginAttemptServiceTest" classname="Tests.Feature.Services.LoginAttemptServiceTest" assertions="0" time="0.000000">
          <error type="Error">Tests\Feature\Services\LoginAttemptServiceTest::test_returns_null_when_no_lockout
Error: Class "Laravel\Dusk\DuskServiceProvider" not found

/var/www/html/vendor/laravel/framework/src/Illuminate/Foundation/Application.php:961
/var/www/html/vendor/laravel/framework/src/Illuminate/Foundation/Application.php:893
/var/www/html/app/Providers/AppServiceProvider.php:51
/var/www/html/vendor/laravel/framework/src/Illuminate/Foundation/Application.php:896
/var/www/html/vendor/laravel/framework/src/Illuminate/Foundation/ProviderRepository.php:74
/var/www/html/vendor/laravel/framework/src/Illuminate/Foundation/Application.php:871
/var/www/html/vendor/laravel/framework/src/Illuminate/Foundation/Bootstrap/RegisterProviders.php:37
/var/www/html/vendor/laravel/framework/src/Illuminate/Foundation/Application.php:342
/var/www/html/vendor/laravel/framework/src/Illuminate/Foundation/Console/Kernel.php:473
/var/www/html/tests/CreatesApplication.php:31
/var/www/html/vendor/laravel/framework/src/Illuminate/Foundation/Testing/TestCase.php:54
/var/www/html/vendor/laravel/framework/src/Illuminate/Foundation/Testing/Concerns/InteractsWithTestCaseLifecycle.php:92
/var/www/html/vendor/laravel/framework/src/Illuminate/Foundation/Testing/TestCase.php:44
/var/www/html/tests/TestCase.php:36
/var/www/html/tests/Feature/Services/LoginAttemptServiceTest.php:25</error>
        </testcase>
        <testcase name="test_checks_ip_blocked_when_over_limit" file="/var/www/html/tests/Feature/Services/LoginAttemptServiceTest.php" line="208" class="Tests\Feature\Services\LoginAttemptServiceTest" classname="Tests.Feature.Services.LoginAttemptServiceTest" assertions="0" time="0.000000">
          <error type="Error">Tests\Feature\Services\LoginAttemptServiceTest::test_checks_ip_blocked_when_over_limit
Error: Class "Laravel\Dusk\DuskServiceProvider" not found

/var/www/html/vendor/laravel/framework/src/Illuminate/Foundation/Application.php:961
/var/www/html/vendor/laravel/framework/src/Illuminate/Foundation/Application.php:893
/var/www/html/app/Providers/AppServiceProvider.php:51
/var/www/html/vendor/laravel/framework/src/Illuminate/Foundation/Application.php:896
/var/www/html/vendor/laravel/framework/src/Illuminate/Foundation/ProviderRepository.php:74
/var/www/html/vendor/laravel/framework/src/Illuminate/Foundation/Application.php:871
/var/www/html/vendor/laravel/framework/src/Illuminate/Foundation/Bootstrap/RegisterProviders.php:37
/var/www/html/vendor/laravel/framework/src/Illuminate/Foundation/Application.php:342
/var/www/html/vendor/laravel/framework/src/Illuminate/Foundation/Console/Kernel.php:473
/var/www/html/tests/CreatesApplication.php:31
/var/www/html/vendor/laravel/framework/src/Illuminate/Foundation/Testing/TestCase.php:54
/var/www/html/vendor/laravel/framework/src/Illuminate/Foundation/Testing/Concerns/InteractsWithTestCaseLifecycle.php:92
/var/www/html/vendor/laravel/framework/src/Illuminate/Foundation/Testing/TestCase.php:44
/var/www/html/tests/TestCase.php:36
/var/www/html/tests/Feature/Services/LoginAttemptServiceTest.php:25</error>
        </testcase>
        <testcase name="test_handles_invalid_attempts_data" file="/var/www/html/tests/Feature/Services/LoginAttemptServiceTest.php" line="314" class="Tests\Feature\Services\LoginAttemptServiceTest" classname="Tests.Feature.Services.LoginAttemptServiceTest" assertions="0" time="0.000000">
          <error type="Error">Tests\Feature\Services\LoginAttemptServiceTest::test_handles_invalid_attempts_data
Error: Class "Laravel\Dusk\DuskServiceProvider" not found

/var/www/html/vendor/laravel/framework/src/Illuminate/Foundation/Application.php:961
/var/www/html/vendor/laravel/framework/src/Illuminate/Foundation/Application.php:893
/var/www/html/app/Providers/AppServiceProvider.php:51
/var/www/html/vendor/laravel/framework/src/Illuminate/Foundation/Application.php:896
/var/www/html/vendor/laravel/framework/src/Illuminate/Foundation/ProviderRepository.php:74
/var/www/html/vendor/laravel/framework/src/Illuminate/Foundation/Application.php:871
/var/www/html/vendor/laravel/framework/src/Illuminate/Foundation/Bootstrap/RegisterProviders.php:37
/var/www/html/vendor/laravel/framework/src/Illuminate/Foundation/Application.php:342
/var/www/html/vendor/laravel/framework/src/Illuminate/Foundation/Console/Kernel.php:473
/var/www/html/tests/CreatesApplication.php:31
/var/www/html/vendor/laravel/framework/src/Illuminate/Foundation/Testing/TestCase.php:54
/var/www/html/vendor/laravel/framework/src/Illuminate/Foundation/Testing/Concerns/InteractsWithTestCaseLifecycle.php:92
/var/www/html/vendor/laravel/framework/src/Illuminate/Foundation/Testing/TestCase.php:44
/var/www/html/tests/TestCase.php:36
/var/www/html/tests/Feature/Services/LoginAttemptServiceTest.php:25</error>
        </testcase>
        <testcase name="test_handles_empty_attempts_array" file="/var/www/html/tests/Feature/Services/LoginAttemptServiceTest.php" line="437" class="Tests\Feature\Services\LoginAttemptServiceTest" classname="Tests.Feature.Services.LoginAttemptServiceTest" assertions="0" time="0.000000">
          <error type="Error">Tests\Feature\Services\LoginAttemptServiceTest::test_handles_empty_attempts_array
Error: Class "Laravel\Dusk\DuskServiceProvider" not found

/var/www/html/vendor/laravel/framework/src/Illuminate/Foundation/Application.php:961
/var/www/html/vendor/laravel/framework/src/Illuminate/Foundation/Application.php:893
/var/www/html/app/Providers/AppServiceProvider.php:51
/var/www/html/vendor/laravel/framework/src/Illuminate/Foundation/Application.php:896
/var/www/html/vendor/laravel/framework/src/Illuminate/Foundation/ProviderRepository.php:74
/var/www/html/vendor/laravel/framework/src/Illuminate/Foundation/Application.php:871
/var/www/html/vendor/laravel/framework/src/Illuminate/Foundation/Bootstrap/RegisterProviders.php:37
/var/www/html/vendor/laravel/framework/src/Illuminate/Foundation/Application.php:342
/var/www/html/vendor/laravel/framework/src/Illuminate/Foundation/Console/Kernel.php:473
/var/www/html/tests/CreatesApplication.php:31
/var/www/html/vendor/laravel/framework/src/Illuminate/Foundation/Testing/TestCase.php:54
/var/www/html/vendor/laravel/framework/src/Illuminate/Foundation/Testing/Concerns/InteractsWithTestCaseLifecycle.php:92
/var/www/html/vendor/laravel/framework/src/Illuminate/Foundation/Testing/TestCase.php:44
/var/www/html/tests/TestCase.php:36
/var/www/html/tests/Feature/Services/LoginAttemptServiceTest.php:25</error>
        </testcase>
        <testcase name="test_unblocks_email" file="/var/www/html/tests/Feature/Services/LoginAttemptServiceTest.php" line="347" class="Tests\Feature\Services\LoginAttemptServiceTest" classname="Tests.Feature.Services.LoginAttemptServiceTest" assertions="0" time="0.000000">
          <error type="Error">Tests\Feature\Services\LoginAttemptServiceTest::test_unblocks_email
Error: Class "Laravel\Dusk\DuskServiceProvider" not found

/var/www/html/vendor/laravel/framework/src/Illuminate/Foundation/Application.php:961
/var/www/html/vendor/laravel/framework/src/Illuminate/Foundation/Application.php:893
/var/www/html/app/Providers/AppServiceProvider.php:51
/var/www/html/vendor/laravel/framework/src/Illuminate/Foundation/Application.php:896
/var/www/html/vendor/laravel/framework/src/Illuminate/Foundation/ProviderRepository.php:74
/var/www/html/vendor/laravel/framework/src/Illuminate/Foundation/Application.php:871
/var/www/html/vendor/laravel/framework/src/Illuminate/Foundation/Bootstrap/RegisterProviders.php:37
/var/www/html/vendor/laravel/framework/src/Illuminate/Foundation/Application.php:342
/var/www/html/vendor/laravel/framework/src/Illuminate/Foundation/Console/Kernel.php:473
/var/www/html/tests/CreatesApplication.php:31
/var/www/html/vendor/laravel/framework/src/Illuminate/Foundation/Testing/TestCase.php:54
/var/www/html/vendor/laravel/framework/src/Illuminate/Foundation/Testing/Concerns/InteractsWithTestCaseLifecycle.php:92
/var/www/html/vendor/laravel/framework/src/Illuminate/Foundation/Testing/TestCase.php:44
/var/www/html/tests/TestCase.php:36
/var/www/html/tests/Feature/Services/LoginAttemptServiceTest.php:25</error>
        </testcase>
        <testcase name="test_checks_email_blocked_when_over_limit" file="/var/www/html/tests/Feature/Services/LoginAttemptServiceTest.php" line="174" class="Tests\Feature\Services\LoginAttemptServiceTest" classname="Tests.Feature.Services.LoginAttemptServiceTest" assertions="0" time="0.000000">
          <error type="Error">Tests\Feature\Services\LoginAttemptServiceTest::test_checks_email_blocked_when_over_limit
Error: Class "Laravel\Dusk\DuskServiceProvider" not found

/var/www/html/vendor/laravel/framework/src/Illuminate/Foundation/Application.php:961
/var/www/html/vendor/laravel/framework/src/Illuminate/Foundation/Application.php:893
/var/www/html/app/Providers/AppServiceProvider.php:51
/var/www/html/vendor/laravel/framework/src/Illuminate/Foundation/Application.php:896
/var/www/html/vendor/laravel/framework/src/Illuminate/Foundation/ProviderRepository.php:74
/var/www/html/vendor/laravel/framework/src/Illuminate/Foundation/Application.php:871
/var/www/html/vendor/laravel/framework/src/Illuminate/Foundation/Bootstrap/RegisterProviders.php:37
/var/www/html/vendor/laravel/framework/src/Illuminate/Foundation/Application.php:342
/var/www/html/vendor/laravel/framework/src/Illuminate/Foundation/Console/Kernel.php:473
/var/www/html/tests/CreatesApplication.php:31
/var/www/html/vendor/laravel/framework/src/Illuminate/Foundation/Testing/TestCase.php:54
/var/www/html/vendor/laravel/framework/src/Illuminate/Foundation/Testing/Concerns/InteractsWithTestCaseLifecycle.php:92
/var/www/html/vendor/laravel/framework/src/Illuminate/Foundation/Testing/TestCase.php:44
/var/www/html/tests/TestCase.php:36
/var/www/html/tests/Feature/Services/LoginAttemptServiceTest.php:25</error>
        </testcase>
        <testcase name="test_handles_missing_timestamp_in_attempt" file="/var/www/html/tests/Feature/Services/LoginAttemptServiceTest.php" line="471" class="Tests\Feature\Services\LoginAttemptServiceTest" classname="Tests.Feature.Services.LoginAttemptServiceTest" assertions="0" time="0.000000">
          <error type="Error">Tests\Feature\Services\LoginAttemptServiceTest::test_handles_missing_timestamp_in_attempt
Error: Class "Laravel\Dusk\DuskServiceProvider" not found

/var/www/html/vendor/laravel/framework/src/Illuminate/Foundation/Application.php:961
/var/www/html/vendor/laravel/framework/src/Illuminate/Foundation/Application.php:893
/var/www/html/app/Providers/AppServiceProvider.php:51
/var/www/html/vendor/laravel/framework/src/Illuminate/Foundation/Application.php:896
/var/www/html/vendor/laravel/framework/src/Illuminate/Foundation/ProviderRepository.php:74
/var/www/html/vendor/laravel/framework/src/Illuminate/Foundation/Application.php:871
/var/www/html/vendor/laravel/framework/src/Illuminate/Foundation/Bootstrap/RegisterProviders.php:37
/var/www/html/vendor/laravel/framework/src/Illuminate/Foundation/Application.php:342
/var/www/html/vendor/laravel/framework/src/Illuminate/Foundation/Console/Kernel.php:473
/var/www/html/tests/CreatesApplication.php:31
/var/www/html/vendor/laravel/framework/src/Illuminate/Foundation/Testing/TestCase.php:54
/var/www/html/vendor/laravel/framework/src/Illuminate/Foundation/Testing/Concerns/InteractsWithTestCaseLifecycle.php:92
/var/www/html/vendor/laravel/framework/src/Illuminate/Foundation/Testing/TestCase.php:44
/var/www/html/tests/TestCase.php:36
/var/www/html/tests/Feature/Services/LoginAttemptServiceTest.php:25</error>
        </testcase>
        <testcase name="test_checks_email_blocked_when_under_limit" file="/var/www/html/tests/Feature/Services/LoginAttemptServiceTest.php" line="157" class="Tests\Feature\Services\LoginAttemptServiceTest" classname="Tests.Feature.Services.LoginAttemptServiceTest" assertions="0" time="0.000000">
          <error type="Error">Tests\Feature\Services\LoginAttemptServiceTest::test_checks_email_blocked_when_under_limit
Error: Class "Laravel\Dusk\DuskServiceProvider" not found

/var/www/html/vendor/laravel/framework/src/Illuminate/Foundation/Application.php:961
/var/www/html/vendor/laravel/framework/src/Illuminate/Foundation/Application.php:893
/var/www/html/app/Providers/AppServiceProvider.php:51
/var/www/html/vendor/laravel/framework/src/Illuminate/Foundation/Application.php:896
/var/www/html/vendor/laravel/framework/src/Illuminate/Foundation/ProviderRepository.php:74
/var/www/html/vendor/laravel/framework/src/Illuminate/Foundation/Application.php:871
/var/www/html/vendor/laravel/framework/src/Illuminate/Foundation/Bootstrap/RegisterProviders.php:37
/var/www/html/vendor/laravel/framework/src/Illuminate/Foundation/Application.php:342
/var/www/html/vendor/laravel/framework/src/Illuminate/Foundation/Console/Kernel.php:473
/var/www/html/tests/CreatesApplication.php:31
/var/www/html/vendor/laravel/framework/src/Illuminate/Foundation/Testing/TestCase.php:54
/var/www/html/vendor/laravel/framework/src/Illuminate/Foundation/Testing/Concerns/InteractsWithTestCaseLifecycle.php:92
/var/www/html/vendor/laravel/framework/src/Illuminate/Foundation/Testing/TestCase.php:44
/var/www/html/tests/TestCase.php:36
/var/www/html/tests/Feature/Services/LoginAttemptServiceTest.php:25</error>
        </testcase>
        <testcase name="test_records_failed_attempt_with_email" file="/var/www/html/tests/Feature/Services/LoginAttemptServiceTest.php" line="40" class="Tests\Feature\Services\LoginAttemptServiceTest" classname="Tests.Feature.Services.LoginAttemptServiceTest" assertions="0" time="0.000000">
          <error type="Error">Tests\Feature\Services\LoginAttemptServiceTest::test_records_failed_attempt_with_email
Error: Class "Laravel\Dusk\DuskServiceProvider" not found

/var/www/html/vendor/laravel/framework/src/Illuminate/Foundation/Application.php:961
/var/www/html/vendor/laravel/framework/src/Illuminate/Foundation/Application.php:893
/var/www/html/app/Providers/AppServiceProvider.php:51
/var/www/html/vendor/laravel/framework/src/Illuminate/Foundation/Application.php:896
/var/www/html/vendor/laravel/framework/src/Illuminate/Foundation/ProviderRepository.php:74
/var/www/html/vendor/laravel/framework/src/Illuminate/Foundation/Application.php:871
/var/www/html/vendor/laravel/framework/src/Illuminate/Foundation/Bootstrap/RegisterProviders.php:37
/var/www/html/vendor/laravel/framework/src/Illuminate/Foundation/Application.php:342
/var/www/html/vendor/laravel/framework/src/Illuminate/Foundation/Console/Kernel.php:473
/var/www/html/tests/CreatesApplication.php:31
/var/www/html/vendor/laravel/framework/src/Illuminate/Foundation/Testing/TestCase.php:54
/var/www/html/vendor/laravel/framework/src/Illuminate/Foundation/Testing/Concerns/InteractsWithTestCaseLifecycle.php:92
/var/www/html/vendor/laravel/framework/src/Illuminate/Foundation/Testing/TestCase.php:44
/var/www/html/tests/TestCase.php:36
/var/www/html/tests/Feature/Services/LoginAttemptServiceTest.php:25</error>
        </testcase>
        <testcase name="test_gets_statistics" file="/var/www/html/tests/Feature/Services/LoginAttemptServiceTest.php" line="385" class="Tests\Feature\Services\LoginAttemptServiceTest" classname="Tests.Feature.Services.LoginAttemptServiceTest" assertions="0" time="0.000000">
          <error type="Error">Tests\Feature\Services\LoginAttemptServiceTest::test_gets_statistics
Error: Class "Laravel\Dusk\DuskServiceProvider" not found

/var/www/html/vendor/laravel/framework/src/Illuminate/Foundation/Application.php:961
/var/www/html/vendor/laravel/framework/src/Illuminate/Foundation/Application.php:893
/var/www/html/app/Providers/AppServiceProvider.php:51
/var/www/html/vendor/laravel/framework/src/Illuminate/Foundation/Application.php:896
/var/www/html/vendor/laravel/framework/src/Illuminate/Foundation/ProviderRepository.php:74
/var/www/html/vendor/laravel/framework/src/Illuminate/Foundation/Application.php:871
/var/www/html/vendor/laravel/framework/src/Illuminate/Foundation/Bootstrap/RegisterProviders.php:37
/var/www/html/vendor/laravel/framework/src/Illuminate/Foundation/Application.php:342
/var/www/html/vendor/laravel/framework/src/Illuminate/Foundation/Console/Kernel.php:473
/var/www/html/tests/CreatesApplication.php:31
/var/www/html/vendor/laravel/framework/src/Illuminate/Foundation/Testing/TestCase.php:54
/var/www/html/vendor/laravel/framework/src/Illuminate/Foundation/Testing/Concerns/InteractsWithTestCaseLifecycle.php:92
/var/www/html/vendor/laravel/framework/src/Illuminate/Foundation/Testing/TestCase.php:44
/var/www/html/tests/TestCase.php:36
/var/www/html/tests/Feature/Services/LoginAttemptServiceTest.php:25</error>
        </testcase>
        <testcase name="test_gets_remaining_attempts_for_email" file="/var/www/html/tests/Feature/Services/LoginAttemptServiceTest.php" line="225" class="Tests\Feature\Services\LoginAttemptServiceTest" classname="Tests.Feature.Services.LoginAttemptServiceTest" assertions="0" time="0.000000">
          <error type="Error">Tests\Feature\Services\LoginAttemptServiceTest::test_gets_remaining_attempts_for_email
Error: Class "Laravel\Dusk\DuskServiceProvider" not found

/var/www/html/vendor/laravel/framework/src/Illuminate/Foundation/Application.php:961
/var/www/html/vendor/laravel/framework/src/Illuminate/Foundation/Application.php:893
/var/www/html/app/Providers/AppServiceProvider.php:51
/var/www/html/vendor/laravel/framework/src/Illuminate/Foundation/Application.php:896
/var/www/html/vendor/laravel/framework/src/Illuminate/Foundation/ProviderRepository.php:74
/var/www/html/vendor/laravel/framework/src/Illuminate/Foundation/Application.php:871
/var/www/html/vendor/laravel/framework/src/Illuminate/Foundation/Bootstrap/RegisterProviders.php:37
/var/www/html/vendor/laravel/framework/src/Illuminate/Foundation/Application.php:342
/var/www/html/vendor/laravel/framework/src/Illuminate/Foundation/Console/Kernel.php:473
/var/www/html/tests/CreatesApplication.php:31
/var/www/html/vendor/laravel/framework/src/Illuminate/Foundation/Testing/TestCase.php:54
/var/www/html/vendor/laravel/framework/src/Illuminate/Foundation/Testing/Concerns/InteractsWithTestCaseLifecycle.php:92
/var/www/html/vendor/laravel/framework/src/Illuminate/Foundation/Testing/TestCase.php:44
/var/www/html/tests/TestCase.php:36
/var/www/html/tests/Feature/Services/LoginAttemptServiceTest.php:25</error>
        </testcase>
        <testcase name="test_records_successful_attempt" file="/var/www/html/tests/Feature/Services/LoginAttemptServiceTest.php" line="121" class="Tests\Feature\Services\LoginAttemptServiceTest" classname="Tests.Feature.Services.LoginAttemptServiceTest" assertions="0" time="0.000000">
          <error type="Error">Tests\Feature\Services\LoginAttemptServiceTest::test_records_successful_attempt
Error: Class "Laravel\Dusk\DuskServiceProvider" not found

/var/www/html/vendor/laravel/framework/src/Illuminate/Foundation/Application.php:961
/var/www/html/vendor/laravel/framework/src/Illuminate/Foundation/Application.php:893
/var/www/html/app/Providers/AppServiceProvider.php:51
/var/www/html/vendor/laravel/framework/src/Illuminate/Foundation/Application.php:896
/var/www/html/vendor/laravel/framework/src/Illuminate/Foundation/ProviderRepository.php:74
/var/www/html/vendor/laravel/framework/src/Illuminate/Foundation/Application.php:871
/var/www/html/vendor/laravel/framework/src/Illuminate/Foundation/Bootstrap/RegisterProviders.php:37
/var/www/html/vendor/laravel/framework/src/Illuminate/Foundation/Application.php:342
/var/www/html/vendor/laravel/framework/src/Illuminate/Foundation/Console/Kernel.php:473
/var/www/html/tests/CreatesApplication.php:31
/var/www/html/vendor/laravel/framework/src/Illuminate/Foundation/Testing/TestCase.php:54
/var/www/html/vendor/laravel/framework/src/Illuminate/Foundation/Testing/Concerns/InteractsWithTestCaseLifecycle.php:92
/var/www/html/vendor/laravel/framework/src/Illuminate/Foundation/Testing/TestCase.php:44
/var/www/html/tests/TestCase.php:36
/var/www/html/tests/Feature/Services/LoginAttemptServiceTest.php:25</error>
        </testcase>
        <testcase name="test_handles_non_string_timestamp" file="/var/www/html/tests/Feature/Services/LoginAttemptServiceTest.php" line="488" class="Tests\Feature\Services\LoginAttemptServiceTest" classname="Tests.Feature.Services.LoginAttemptServiceTest" assertions="0" time="0.000000">
          <error type="Error">Tests\Feature\Services\LoginAttemptServiceTest::test_handles_non_string_timestamp
Error: Class "Laravel\Dusk\DuskServiceProvider" not found

/var/www/html/vendor/laravel/framework/src/Illuminate/Foundation/Application.php:961
/var/www/html/vendor/laravel/framework/src/Illuminate/Foundation/Application.php:893
/var/www/html/app/Providers/AppServiceProvider.php:51
/var/www/html/vendor/laravel/framework/src/Illuminate/Foundation/Application.php:896
/var/www/html/vendor/laravel/framework/src/Illuminate/Foundation/ProviderRepository.php:74
/var/www/html/vendor/laravel/framework/src/Illuminate/Foundation/Application.php:871
/var/www/html/vendor/laravel/framework/src/Illuminate/Foundation/Bootstrap/RegisterProviders.php:37
/var/www/html/vendor/laravel/framework/src/Illuminate/Foundation/Application.php:342
/var/www/html/vendor/laravel/framework/src/Illuminate/Foundation/Console/Kernel.php:473
/var/www/html/tests/CreatesApplication.php:31
/var/www/html/vendor/laravel/framework/src/Illuminate/Foundation/Testing/TestCase.php:54
/var/www/html/vendor/laravel/framework/src/Illuminate/Foundation/Testing/Concerns/InteractsWithTestCaseLifecycle.php:92
/var/www/html/vendor/laravel/framework/src/Illuminate/Foundation/Testing/TestCase.php:44
/var/www/html/tests/TestCase.php:36
/var/www/html/tests/Feature/Services/LoginAttemptServiceTest.php:25</error>
        </testcase>
        <testcase name="test_handles_non_array_attempts_data" file="/var/www/html/tests/Feature/Services/LoginAttemptServiceTest.php" line="454" class="Tests\Feature\Services\LoginAttemptServiceTest" classname="Tests.Feature.Services.LoginAttemptServiceTest" assertions="0" time="0.000000">
          <error type="Error">Tests\Feature\Services\LoginAttemptServiceTest::test_handles_non_array_attempts_data
Error: Class "Laravel\Dusk\DuskServiceProvider" not found

/var/www/html/vendor/laravel/framework/src/Illuminate/Foundation/Application.php:961
/var/www/html/vendor/laravel/framework/src/Illuminate/Foundation/Application.php:893
/var/www/html/app/Providers/AppServiceProvider.php:51
/var/www/html/vendor/laravel/framework/src/Illuminate/Foundation/Application.php:896
/var/www/html/vendor/laravel/framework/src/Illuminate/Foundation/ProviderRepository.php:74
/var/www/html/vendor/laravel/framework/src/Illuminate/Foundation/Application.php:871
/var/www/html/vendor/laravel/framework/src/Illuminate/Foundation/Bootstrap/RegisterProviders.php:37
/var/www/html/vendor/laravel/framework/src/Illuminate/Foundation/Application.php:342
/var/www/html/vendor/laravel/framework/src/Illuminate/Foundation/Console/Kernel.php:473
/var/www/html/tests/CreatesApplication.php:31
/var/www/html/vendor/laravel/framework/src/Illuminate/Foundation/Testing/TestCase.php:54
/var/www/html/vendor/laravel/framework/src/Illuminate/Foundation/Testing/Concerns/InteractsWithTestCaseLifecycle.php:92
/var/www/html/vendor/laravel/framework/src/Illuminate/Foundation/Testing/TestCase.php:44
/var/www/html/tests/TestCase.php:36
/var/www/html/tests/Feature/Services/LoginAttemptServiceTest.php:25</error>
        </testcase>
        <testcase name="test_checks_ip_blocked_when_under_limit" file="/var/www/html/tests/Feature/Services/LoginAttemptServiceTest.php" line="191" class="Tests\Feature\Services\LoginAttemptServiceTest" classname="Tests.Feature.Services.LoginAttemptServiceTest" assertions="0" time="0.000000">
          <error type="Error">Tests\Feature\Services\LoginAttemptServiceTest::test_checks_ip_blocked_when_under_limit
Error: Class "Laravel\Dusk\DuskServiceProvider" not found

/var/www/html/vendor/laravel/framework/src/Illuminate/Foundation/Application.php:961
/var/www/html/vendor/laravel/framework/src/Illuminate/Foundation/Application.php:893
/var/www/html/app/Providers/AppServiceProvider.php:51
/var/www/html/vendor/laravel/framework/src/Illuminate/Foundation/Application.php:896
/var/www/html/vendor/laravel/framework/src/Illuminate/Foundation/ProviderRepository.php:74
/var/www/html/vendor/laravel/framework/src/Illuminate/Foundation/Application.php:871
/var/www/html/vendor/laravel/framework/src/Illuminate/Foundation/Bootstrap/RegisterProviders.php:37
/var/www/html/vendor/laravel/framework/src/Illuminate/Foundation/Application.php:342
/var/www/html/vendor/laravel/framework/src/Illuminate/Foundation/Console/Kernel.php:473
/var/www/html/tests/CreatesApplication.php:31
/var/www/html/vendor/laravel/framework/src/Illuminate/Foundation/Testing/TestCase.php:54
/var/www/html/vendor/laravel/framework/src/Illuminate/Foundation/Testing/Concerns/InteractsWithTestCaseLifecycle.php:92
/var/www/html/vendor/laravel/framework/src/Illuminate/Foundation/Testing/TestCase.php:44
/var/www/html/tests/TestCase.php:36
/var/www/html/tests/Feature/Services/LoginAttemptServiceTest.php:25</error>
        </testcase>
        <testcase name="test_handles_null_attempts_data" file="/var/www/html/tests/Feature/Services/LoginAttemptServiceTest.php" line="331" class="Tests\Feature\Services\LoginAttemptServiceTest" classname="Tests.Feature.Services.LoginAttemptServiceTest" assertions="0" time="0.000000">
          <error type="Error">Tests\Feature\Services\LoginAttemptServiceTest::test_handles_null_attempts_data
Error: Class "Laravel\Dusk\DuskServiceProvider" not found

/var/www/html/vendor/laravel/framework/src/Illuminate/Foundation/Application.php:961
/var/www/html/vendor/laravel/framework/src/Illuminate/Foundation/Application.php:893
/var/www/html/app/Providers/AppServiceProvider.php:51
/var/www/html/vendor/laravel/framework/src/Illuminate/Foundation/Application.php:896
/var/www/html/vendor/laravel/framework/src/Illuminate/Foundation/ProviderRepository.php:74
/var/www/html/vendor/laravel/framework/src/Illuminate/Foundation/Application.php:871
/var/www/html/vendor/laravel/framework/src/Illuminate/Foundation/Bootstrap/RegisterProviders.php:37
/var/www/html/vendor/laravel/framework/src/Illuminate/Foundation/Application.php:342
/var/www/html/vendor/laravel/framework/src/Illuminate/Foundation/Console/Kernel.php:473
/var/www/html/tests/CreatesApplication.php:31
/var/www/html/vendor/laravel/framework/src/Illuminate/Foundation/Testing/TestCase.php:54
/var/www/html/vendor/laravel/framework/src/Illuminate/Foundation/Testing/Concerns/InteractsWithTestCaseLifecycle.php:92
/var/www/html/vendor/laravel/framework/src/Illuminate/Foundation/Testing/TestCase.php:44
/var/www/html/tests/TestCase.php:36
/var/www/html/tests/Feature/Services/LoginAttemptServiceTest.php:25</error>
        </testcase>
        <testcase name="test_gets_lockout_time_remaining_for_ip" file="/var/www/html/tests/Feature/Services/LoginAttemptServiceTest.php" line="278" class="Tests\Feature\Services\LoginAttemptServiceTest" classname="Tests.Feature.Services.LoginAttemptServiceTest" assertions="0" time="0.000000">
          <error type="Error">Tests\Feature\Services\LoginAttemptServiceTest::test_gets_lockout_time_remaining_for_ip
Error: Class "Laravel\Dusk\DuskServiceProvider" not found

/var/www/html/vendor/laravel/framework/src/Illuminate/Foundation/Application.php:961
/var/www/html/vendor/laravel/framework/src/Illuminate/Foundation/Application.php:893
/var/www/html/app/Providers/AppServiceProvider.php:51
/var/www/html/vendor/laravel/framework/src/Illuminate/Foundation/Application.php:896
/var/www/html/vendor/laravel/framework/src/Illuminate/Foundation/ProviderRepository.php:74
/var/www/html/vendor/laravel/framework/src/Illuminate/Foundation/Application.php:871
/var/www/html/vendor/laravel/framework/src/Illuminate/Foundation/Bootstrap/RegisterProviders.php:37
/var/www/html/vendor/laravel/framework/src/Illuminate/Foundation/Application.php:342
/var/www/html/vendor/laravel/framework/src/Illuminate/Foundation/Console/Kernel.php:473
/var/www/html/tests/CreatesApplication.php:31
/var/www/html/vendor/laravel/framework/src/Illuminate/Foundation/Testing/TestCase.php:54
/var/www/html/vendor/laravel/framework/src/Illuminate/Foundation/Testing/Concerns/InteractsWithTestCaseLifecycle.php:92
/var/www/html/vendor/laravel/framework/src/Illuminate/Foundation/Testing/TestCase.php:44
/var/www/html/tests/TestCase.php:36
/var/www/html/tests/Feature/Services/LoginAttemptServiceTest.php:25</error>
        </testcase>
      </testsuite>
      <testsuite name="Tests\Feature\Http\Middleware\ThrottleSensitiveOperationsTest" file="/var/www/html/tests/Feature/Http/Middleware/ThrottleSensitiveOperationsTest.php" tests="5" assertions="0" errors="5" failures="0" skipped="0" time="0.000000">
        <testcase name="test_throttle_sensitive_operations_middleware_handles_get_requests" file="/var/www/html/tests/Feature/Http/Middleware/ThrottleSensitiveOperationsTest.php" line="66" class="Tests\Feature\Http\Middleware\ThrottleSensitiveOperationsTest" classname="Tests.Feature.Http.Middleware.ThrottleSensitiveOperationsTest" assertions="0" time="0.000000">
          <error type="Error">Tests\Feature\Http\Middleware\ThrottleSensitiveOperationsTest::test_throttle_sensitive_operations_middleware_handles_get_requests
Error: Class "Laravel\Dusk\DuskServiceProvider" not found

/var/www/html/vendor/laravel/framework/src/Illuminate/Foundation/Application.php:961
/var/www/html/vendor/laravel/framework/src/Illuminate/Foundation/Application.php:893
/var/www/html/app/Providers/AppServiceProvider.php:51
/var/www/html/vendor/laravel/framework/src/Illuminate/Foundation/Application.php:896
/var/www/html/vendor/laravel/framework/src/Illuminate/Foundation/ProviderRepository.php:74
/var/www/html/vendor/laravel/framework/src/Illuminate/Foundation/Application.php:871
/var/www/html/vendor/laravel/framework/src/Illuminate/Foundation/Bootstrap/RegisterProviders.php:37
/var/www/html/vendor/laravel/framework/src/Illuminate/Foundation/Application.php:342
/var/www/html/vendor/laravel/framework/src/Illuminate/Foundation/Console/Kernel.php:473
/var/www/html/tests/CreatesApplication.php:31
/var/www/html/vendor/laravel/framework/src/Illuminate/Foundation/Testing/TestCase.php:54
/var/www/html/vendor/laravel/framework/src/Illuminate/Foundation/Testing/Concerns/InteractsWithTestCaseLifecycle.php:92
/var/www/html/vendor/laravel/framework/src/Illuminate/Foundation/Testing/TestCase.php:44
/var/www/html/tests/TestCase.php:36</error>
        </testcase>
        <testcase name="test_throttle_sensitive_operations_middleware_handles_email_change" file="/var/www/html/tests/Feature/Http/Middleware/ThrottleSensitiveOperationsTest.php" line="50" class="Tests\Feature\Http\Middleware\ThrottleSensitiveOperationsTest" classname="Tests.Feature.Http.Middleware.ThrottleSensitiveOperationsTest" assertions="0" time="0.000000">
          <error type="Error">Tests\Feature\Http\Middleware\ThrottleSensitiveOperationsTest::test_throttle_sensitive_operations_middleware_handles_email_change
Error: Class "Laravel\Dusk\DuskServiceProvider" not found

/var/www/html/vendor/laravel/framework/src/Illuminate/Foundation/Application.php:961
/var/www/html/vendor/laravel/framework/src/Illuminate/Foundation/Application.php:893
/var/www/html/app/Providers/AppServiceProvider.php:51
/var/www/html/vendor/laravel/framework/src/Illuminate/Foundation/Application.php:896
/var/www/html/vendor/laravel/framework/src/Illuminate/Foundation/ProviderRepository.php:74
/var/www/html/vendor/laravel/framework/src/Illuminate/Foundation/Application.php:871
/var/www/html/vendor/laravel/framework/src/Illuminate/Foundation/Bootstrap/RegisterProviders.php:37
/var/www/html/vendor/laravel/framework/src/Illuminate/Foundation/Application.php:342
/var/www/html/vendor/laravel/framework/src/Illuminate/Foundation/Console/Kernel.php:473
/var/www/html/tests/CreatesApplication.php:31
/var/www/html/vendor/laravel/framework/src/Illuminate/Foundation/Testing/TestCase.php:54
/var/www/html/vendor/laravel/framework/src/Illuminate/Foundation/Testing/Concerns/InteractsWithTestCaseLifecycle.php:92
/var/www/html/vendor/laravel/framework/src/Illuminate/Foundation/Testing/TestCase.php:44
/var/www/html/tests/TestCase.php:36</error>
        </testcase>
        <testcase name="test_throttle_sensitive_operations_middleware_allows_requests_within_limit" file="/var/www/html/tests/Feature/Http/Middleware/ThrottleSensitiveOperationsTest.php" line="18" class="Tests\Feature\Http\Middleware\ThrottleSensitiveOperationsTest" classname="Tests.Feature.Http.Middleware.ThrottleSensitiveOperationsTest" assertions="0" time="0.000000">
          <error type="Error">Tests\Feature\Http\Middleware\ThrottleSensitiveOperationsTest::test_throttle_sensitive_operations_middleware_allows_requests_within_limit
Error: Class "Laravel\Dusk\DuskServiceProvider" not found

/var/www/html/vendor/laravel/framework/src/Illuminate/Foundation/Application.php:961
/var/www/html/vendor/laravel/framework/src/Illuminate/Foundation/Application.php:893
/var/www/html/app/Providers/AppServiceProvider.php:51
/var/www/html/vendor/laravel/framework/src/Illuminate/Foundation/Application.php:896
/var/www/html/vendor/laravel/framework/src/Illuminate/Foundation/ProviderRepository.php:74
/var/www/html/vendor/laravel/framework/src/Illuminate/Foundation/Application.php:871
/var/www/html/vendor/laravel/framework/src/Illuminate/Foundation/Bootstrap/RegisterProviders.php:37
/var/www/html/vendor/laravel/framework/src/Illuminate/Foundation/Application.php:342
/var/www/html/vendor/laravel/framework/src/Illuminate/Foundation/Console/Kernel.php:473
/var/www/html/tests/CreatesApplication.php:31
/var/www/html/vendor/laravel/framework/src/Illuminate/Foundation/Testing/TestCase.php:54
/var/www/html/vendor/laravel/framework/src/Illuminate/Foundation/Testing/Concerns/InteractsWithTestCaseLifecycle.php:92
/var/www/html/vendor/laravel/framework/src/Illuminate/Foundation/Testing/TestCase.php:44
/var/www/html/tests/TestCase.php:36</error>
        </testcase>
        <testcase name="test_throttle_sensitive_operations_middleware_handles_password_change" file="/var/www/html/tests/Feature/Http/Middleware/ThrottleSensitiveOperationsTest.php" line="33" class="Tests\Feature\Http\Middleware\ThrottleSensitiveOperationsTest" classname="Tests.Feature.Http.Middleware.ThrottleSensitiveOperationsTest" assertions="0" time="0.000000">
          <error type="Error">Tests\Feature\Http\Middleware\ThrottleSensitiveOperationsTest::test_throttle_sensitive_operations_middleware_handles_password_change
Error: Class "Laravel\Dusk\DuskServiceProvider" not found

/var/www/html/vendor/laravel/framework/src/Illuminate/Foundation/Application.php:961
/var/www/html/vendor/laravel/framework/src/Illuminate/Foundation/Application.php:893
/var/www/html/app/Providers/AppServiceProvider.php:51
/var/www/html/vendor/laravel/framework/src/Illuminate/Foundation/Application.php:896
/var/www/html/vendor/laravel/framework/src/Illuminate/Foundation/ProviderRepository.php:74
/var/www/html/vendor/laravel/framework/src/Illuminate/Foundation/Application.php:871
/var/www/html/vendor/laravel/framework/src/Illuminate/Foundation/Bootstrap/RegisterProviders.php:37
/var/www/html/vendor/laravel/framework/src/Illuminate/Foundation/Application.php:342
/var/www/html/vendor/laravel/framework/src/Illuminate/Foundation/Console/Kernel.php:473
/var/www/html/tests/CreatesApplication.php:31
/var/www/html/vendor/laravel/framework/src/Illuminate/Foundation/Testing/TestCase.php:54
/var/www/html/vendor/laravel/framework/src/Illuminate/Foundation/Testing/Concerns/InteractsWithTestCaseLifecycle.php:92
/var/www/html/vendor/laravel/framework/src/Illuminate/Foundation/Testing/TestCase.php:44
/var/www/html/tests/TestCase.php:36</error>
        </testcase>
        <testcase name="test_throttle_sensitive_operations_middleware_handles_api_requests" file="/var/www/html/tests/Feature/Http/Middleware/ThrottleSensitiveOperationsTest.php" line="79" class="Tests\Feature\Http\Middleware\ThrottleSensitiveOperationsTest" classname="Tests.Feature.Http.Middleware.ThrottleSensitiveOperationsTest" assertions="0" time="0.000000">
          <error type="Error">Tests\Feature\Http\Middleware\ThrottleSensitiveOperationsTest::test_throttle_sensitive_operations_middleware_handles_api_requests
Error: Class "Laravel\Dusk\DuskServiceProvider" not found

/var/www/html/vendor/laravel/framework/src/Illuminate/Foundation/Application.php:961
/var/www/html/vendor/laravel/framework/src/Illuminate/Foundation/Application.php:893
/var/www/html/app/Providers/AppServiceProvider.php:51
/var/www/html/vendor/laravel/framework/src/Illuminate/Foundation/Application.php:896
/var/www/html/vendor/laravel/framework/src/Illuminate/Foundation/ProviderRepository.php:74
/var/www/html/vendor/laravel/framework/src/Illuminate/Foundation/Application.php:871
/var/www/html/vendor/laravel/framework/src/Illuminate/Foundation/Bootstrap/RegisterProviders.php:37
/var/www/html/vendor/laravel/framework/src/Illuminate/Foundation/Application.php:342
/var/www/html/vendor/laravel/framework/src/Illuminate/Foundation/Console/Kernel.php:473
/var/www/html/tests/CreatesApplication.php:31
/var/www/html/vendor/laravel/framework/src/Illuminate/Foundation/Testing/TestCase.php:54
/var/www/html/vendor/laravel/framework/src/Illuminate/Foundation/Testing/Concerns/InteractsWithTestCaseLifecycle.php:92
/var/www/html/vendor/laravel/framework/src/Illuminate/Foundation/Testing/TestCase.php:44
/var/www/html/tests/TestCase.php:36</error>
        </testcase>
      </testsuite>
      <testsuite name="Tests\Feature\Console\Commands\AgentProposeFixCommandTest" file="/var/www/html/tests/Feature/Console/Commands/AgentProposeFixCommandTest.php" tests="3" assertions="0" errors="3" failures="0" skipped="0" time="0.000000">
        <testcase name="agent_propose_fix_command_runs_successfully_with_style_option" file="/var/www/html/tests/Feature/Console/Commands/AgentProposeFixCommandTest.php" line="17" class="Tests\Feature\Console\Commands\AgentProposeFixCommandTest" classname="Tests.Feature.Console.Commands.AgentProposeFixCommandTest" assertions="0" time="0.000000">
          <error type="Error">Tests\Feature\Console\Commands\AgentProposeFixCommandTest::agent_propose_fix_command_runs_successfully_with_style_option
Error: Class "Laravel\Dusk\DuskServiceProvider" not found

/var/www/html/vendor/laravel/framework/src/Illuminate/Foundation/Application.php:961
/var/www/html/vendor/laravel/framework/src/Illuminate/Foundation/Application.php:893
/var/www/html/app/Providers/AppServiceProvider.php:51
/var/www/html/vendor/laravel/framework/src/Illuminate/Foundation/Application.php:896
/var/www/html/vendor/laravel/framework/src/Illuminate/Foundation/ProviderRepository.php:74
/var/www/html/vendor/laravel/framework/src/Illuminate/Foundation/Application.php:871
/var/www/html/vendor/laravel/framework/src/Illuminate/Foundation/Bootstrap/RegisterProviders.php:37
/var/www/html/vendor/laravel/framework/src/Illuminate/Foundation/Application.php:342
/var/www/html/vendor/laravel/framework/src/Illuminate/Foundation/Console/Kernel.php:473
/var/www/html/tests/CreatesApplication.php:31
/var/www/html/vendor/laravel/framework/src/Illuminate/Foundation/Testing/TestCase.php:54
/var/www/html/vendor/laravel/framework/src/Illuminate/Foundation/Testing/Concerns/InteractsWithTestCaseLifecycle.php:92
/var/www/html/vendor/laravel/framework/src/Illuminate/Foundation/Testing/TestCase.php:44
/var/www/html/tests/TestCase.php:36</error>
        </testcase>
        <testcase name="agent_propose_fix_command_handles_unsupported_type" file="/var/www/html/tests/Feature/Console/Commands/AgentProposeFixCommandTest.php" line="31" class="Tests\Feature\Console\Commands\AgentProposeFixCommandTest" classname="Tests.Feature.Console.Commands.AgentProposeFixCommandTest" assertions="0" time="0.000000">
          <error type="Error">Tests\Feature\Console\Commands\AgentProposeFixCommandTest::agent_propose_fix_command_handles_unsupported_type
Error: Class "Laravel\Dusk\DuskServiceProvider" not found

/var/www/html/vendor/laravel/framework/src/Illuminate/Foundation/Application.php:961
/var/www/html/vendor/laravel/framework/src/Illuminate/Foundation/Application.php:893
/var/www/html/app/Providers/AppServiceProvider.php:51
/var/www/html/vendor/laravel/framework/src/Illuminate/Foundation/Application.php:896
/var/www/html/vendor/laravel/framework/src/Illuminate/Foundation/ProviderRepository.php:74
/var/www/html/vendor/laravel/framework/src/Illuminate/Foundation/Application.php:871
/var/www/html/vendor/laravel/framework/src/Illuminate/Foundation/Bootstrap/RegisterProviders.php:37
/var/www/html/vendor/laravel/framework/src/Illuminate/Foundation/Application.php:342
/var/www/html/vendor/laravel/framework/src/Illuminate/Foundation/Console/Kernel.php:473
/var/www/html/tests/CreatesApplication.php:31
/var/www/html/vendor/laravel/framework/src/Illuminate/Foundation/Testing/TestCase.php:54
/var/www/html/vendor/laravel/framework/src/Illuminate/Foundation/Testing/Concerns/InteractsWithTestCaseLifecycle.php:92
/var/www/html/vendor/laravel/framework/src/Illuminate/Foundation/Testing/TestCase.php:44
/var/www/html/tests/TestCase.php:36</error>
        </testcase>
        <testcase name="agent_propose_fix_command_runs_successfully_with_analysis_option" file="/var/www/html/tests/Feature/Console/Commands/AgentProposeFixCommandTest.php" line="24" class="Tests\Feature\Console\Commands\AgentProposeFixCommandTest" classname="Tests.Feature.Console.Commands.AgentProposeFixCommandTest" assertions="0" time="0.000000">
          <error type="Error">Tests\Feature\Console\Commands\AgentProposeFixCommandTest::agent_propose_fix_command_runs_successfully_with_analysis_option
Error: Class "Laravel\Dusk\DuskServiceProvider" not found

/var/www/html/vendor/laravel/framework/src/Illuminate/Foundation/Application.php:961
/var/www/html/vendor/laravel/framework/src/Illuminate/Foundation/Application.php:893
/var/www/html/app/Providers/AppServiceProvider.php:51
/var/www/html/vendor/laravel/framework/src/Illuminate/Foundation/Application.php:896
/var/www/html/vendor/laravel/framework/src/Illuminate/Foundation/ProviderRepository.php:74
/var/www/html/vendor/laravel/framework/src/Illuminate/Foundation/Application.php:871
/var/www/html/vendor/laravel/framework/src/Illuminate/Foundation/Bootstrap/RegisterProviders.php:37
/var/www/html/vendor/laravel/framework/src/Illuminate/Foundation/Application.php:342
/var/www/html/vendor/laravel/framework/src/Illuminate/Foundation/Console/Kernel.php:473
/var/www/html/tests/CreatesApplication.php:31
/var/www/html/vendor/laravel/framework/src/Illuminate/Foundation/Testing/TestCase.php:54
/var/www/html/vendor/laravel/framework/src/Illuminate/Foundation/Testing/Concerns/InteractsWithTestCaseLifecycle.php:92
/var/www/html/vendor/laravel/framework/src/Illuminate/Foundation/Testing/TestCase.php:44
/var/www/html/tests/TestCase.php:36</error>
        </testcase>
      </testsuite>
      <testsuite name="Tests\Feature\Models\OrderTest" file="/var/www/html/tests/Feature/Models/OrderTest.php" tests="8" assertions="0" errors="8" failures="0" skipped="0" time="0.000000">
        <testcase name="test_order_casts_attributes_correctly" file="/var/www/html/tests/Feature/Models/OrderTest.php" line="74" class="Tests\Feature\Models\OrderTest" classname="Tests.Feature.Models.OrderTest" assertions="0" time="0.000000">
          <error type="Error">Tests\Feature\Models\OrderTest::test_order_casts_attributes_correctly
Error: Class "Laravel\Dusk\DuskServiceProvider" not found

/var/www/html/vendor/laravel/framework/src/Illuminate/Foundation/Application.php:961
/var/www/html/vendor/laravel/framework/src/Illuminate/Foundation/Application.php:893
/var/www/html/app/Providers/AppServiceProvider.php:51
/var/www/html/vendor/laravel/framework/src/Illuminate/Foundation/Application.php:896
/var/www/html/vendor/laravel/framework/src/Illuminate/Foundation/ProviderRepository.php:74
/var/www/html/vendor/laravel/framework/src/Illuminate/Foundation/Application.php:871
/var/www/html/vendor/laravel/framework/src/Illuminate/Foundation/Bootstrap/RegisterProviders.php:37
/var/www/html/vendor/laravel/framework/src/Illuminate/Foundation/Application.php:342
/var/www/html/vendor/laravel/framework/src/Illuminate/Foundation/Console/Kernel.php:473
/var/www/html/tests/CreatesApplication.php:31
/var/www/html/vendor/laravel/framework/src/Illuminate/Foundation/Testing/TestCase.php:54
/var/www/html/vendor/laravel/framework/src/Illuminate/Foundation/Testing/Concerns/InteractsWithTestCaseLifecycle.php:92
/var/www/html/vendor/laravel/framework/src/Illuminate/Foundation/Testing/TestCase.php:44
/var/www/html/tests/TestCase.php:36</error>
        </testcase>
        <testcase name="test_it_can_create_an_order" file="/var/www/html/tests/Feature/Models/OrderTest.php" line="22" class="Tests\Feature\Models\OrderTest" classname="Tests.Feature.Models.OrderTest" assertions="0" time="0.000000">
          <error type="Error">Tests\Feature\Models\OrderTest::test_it_can_create_an_order
Error: Class "Laravel\Dusk\DuskServiceProvider" not found

/var/www/html/vendor/laravel/framework/src/Illuminate/Foundation/Application.php:961
/var/www/html/vendor/laravel/framework/src/Illuminate/Foundation/Application.php:893
/var/www/html/app/Providers/AppServiceProvider.php:51
/var/www/html/vendor/laravel/framework/src/Illuminate/Foundation/Application.php:896
/var/www/html/vendor/laravel/framework/src/Illuminate/Foundation/ProviderRepository.php:74
/var/www/html/vendor/laravel/framework/src/Illuminate/Foundation/Application.php:871
/var/www/html/vendor/laravel/framework/src/Illuminate/Foundation/Bootstrap/RegisterProviders.php:37
/var/www/html/vendor/laravel/framework/src/Illuminate/Foundation/Application.php:342
/var/www/html/vendor/laravel/framework/src/Illuminate/Foundation/Console/Kernel.php:473
/var/www/html/tests/CreatesApplication.php:31
/var/www/html/vendor/laravel/framework/src/Illuminate/Foundation/Testing/TestCase.php:54
/var/www/html/vendor/laravel/framework/src/Illuminate/Foundation/Testing/Concerns/InteractsWithTestCaseLifecycle.php:92
/var/www/html/vendor/laravel/framework/src/Illuminate/Foundation/Testing/TestCase.php:44
/var/www/html/tests/TestCase.php:36</error>
        </testcase>
        <testcase name="test_order_status_transitions" file="/var/www/html/tests/Feature/Models/OrderTest.php" line="159" class="Tests\Feature\Models\OrderTest" classname="Tests.Feature.Models.OrderTest" assertions="0" time="0.000000">
          <error type="Error">Tests\Feature\Models\OrderTest::test_order_status_transitions
Error: Class "Laravel\Dusk\DuskServiceProvider" not found

/var/www/html/vendor/laravel/framework/src/Illuminate/Foundation/Application.php:961
/var/www/html/vendor/laravel/framework/src/Illuminate/Foundation/Application.php:893
/var/www/html/app/Providers/AppServiceProvider.php:51
/var/www/html/vendor/laravel/framework/src/Illuminate/Foundation/Application.php:896
/var/www/html/vendor/laravel/framework/src/Illuminate/Foundation/ProviderRepository.php:74
/var/www/html/vendor/laravel/framework/src/Illuminate/Foundation/Application.php:871
/var/www/html/vendor/laravel/framework/src/Illuminate/Foundation/Bootstrap/RegisterProviders.php:37
/var/www/html/vendor/laravel/framework/src/Illuminate/Foundation/Application.php:342
/var/www/html/vendor/laravel/framework/src/Illuminate/Foundation/Console/Kernel.php:473
/var/www/html/tests/CreatesApplication.php:31
/var/www/html/vendor/laravel/framework/src/Illuminate/Foundation/Testing/TestCase.php:54
/var/www/html/vendor/laravel/framework/src/Illuminate/Foundation/Testing/Concerns/InteractsWithTestCaseLifecycle.php:92
/var/www/html/vendor/laravel/framework/src/Illuminate/Foundation/Testing/TestCase.php:44
/var/www/html/tests/TestCase.php:36</error>
        </testcase>
        <testcase name="test_order_totals_calculation" file="/var/www/html/tests/Feature/Models/OrderTest.php" line="175" class="Tests\Feature\Models\OrderTest" classname="Tests.Feature.Models.OrderTest" assertions="0" time="0.000000">
          <error type="Error">Tests\Feature\Models\OrderTest::test_order_totals_calculation
Error: Class "Laravel\Dusk\DuskServiceProvider" not found

/var/www/html/vendor/laravel/framework/src/Illuminate/Foundation/Application.php:961
/var/www/html/vendor/laravel/framework/src/Illuminate/Foundation/Application.php:893
/var/www/html/app/Providers/AppServiceProvider.php:51
/var/www/html/vendor/laravel/framework/src/Illuminate/Foundation/Application.php:896
/var/www/html/vendor/laravel/framework/src/Illuminate/Foundation/ProviderRepository.php:74
/var/www/html/vendor/laravel/framework/src/Illuminate/Foundation/Application.php:871
/var/www/html/vendor/laravel/framework/src/Illuminate/Foundation/Bootstrap/RegisterProviders.php:37
/var/www/html/vendor/laravel/framework/src/Illuminate/Foundation/Application.php:342
/var/www/html/vendor/laravel/framework/src/Illuminate/Foundation/Console/Kernel.php:473
/var/www/html/tests/CreatesApplication.php:31
/var/www/html/vendor/laravel/framework/src/Illuminate/Foundation/Testing/TestCase.php:54
/var/www/html/vendor/laravel/framework/src/Illuminate/Foundation/Testing/Concerns/InteractsWithTestCaseLifecycle.php:92
/var/www/html/vendor/laravel/framework/src/Illuminate/Foundation/Testing/TestCase.php:44
/var/www/html/tests/TestCase.php:36</error>
        </testcase>
        <testcase name="test_order_relationships" file="/var/www/html/tests/Feature/Models/OrderTest.php" line="55" class="Tests\Feature\Models\OrderTest" classname="Tests.Feature.Models.OrderTest" assertions="0" time="0.000000">
          <error type="Error">Tests\Feature\Models\OrderTest::test_order_relationships
Error: Class "Laravel\Dusk\DuskServiceProvider" not found

/var/www/html/vendor/laravel/framework/src/Illuminate/Foundation/Application.php:961
/var/www/html/vendor/laravel/framework/src/Illuminate/Foundation/Application.php:893
/var/www/html/app/Providers/AppServiceProvider.php:51
/var/www/html/vendor/laravel/framework/src/Illuminate/Foundation/Application.php:896
/var/www/html/vendor/laravel/framework/src/Illuminate/Foundation/ProviderRepository.php:74
/var/www/html/vendor/laravel/framework/src/Illuminate/Foundation/Application.php:871
/var/www/html/vendor/laravel/framework/src/Illuminate/Foundation/Bootstrap/RegisterProviders.php:37
/var/www/html/vendor/laravel/framework/src/Illuminate/Foundation/Application.php:342
/var/www/html/vendor/laravel/framework/src/Illuminate/Foundation/Console/Kernel.php:473
/var/www/html/tests/CreatesApplication.php:31
/var/www/html/vendor/laravel/framework/src/Illuminate/Foundation/Testing/TestCase.php:54
/var/www/html/vendor/laravel/framework/src/Illuminate/Foundation/Testing/Concerns/InteractsWithTestCaseLifecycle.php:92
/var/www/html/vendor/laravel/framework/src/Illuminate/Foundation/Testing/TestCase.php:44
/var/www/html/tests/TestCase.php:36</error>
        </testcase>
        <testcase name="test_scope_for_user" file="/var/www/html/tests/Feature/Models/OrderTest.php" line="111" class="Tests\Feature\Models\OrderTest" classname="Tests.Feature.Models.OrderTest" assertions="0" time="0.000000">
          <error type="Error">Tests\Feature\Models\OrderTest::test_scope_for_user
Error: Class "Laravel\Dusk\DuskServiceProvider" not found

/var/www/html/vendor/laravel/framework/src/Illuminate/Foundation/Application.php:961
/var/www/html/vendor/laravel/framework/src/Illuminate/Foundation/Application.php:893
/var/www/html/app/Providers/AppServiceProvider.php:51
/var/www/html/vendor/laravel/framework/src/Illuminate/Foundation/Application.php:896
/var/www/html/vendor/laravel/framework/src/Illuminate/Foundation/ProviderRepository.php:74
/var/www/html/vendor/laravel/framework/src/Illuminate/Foundation/Application.php:871
/var/www/html/vendor/laravel/framework/src/Illuminate/Foundation/Bootstrap/RegisterProviders.php:37
/var/www/html/vendor/laravel/framework/src/Illuminate/Foundation/Application.php:342
/var/www/html/vendor/laravel/framework/src/Illuminate/Foundation/Console/Kernel.php:473
/var/www/html/tests/CreatesApplication.php:31
/var/www/html/vendor/laravel/framework/src/Illuminate/Foundation/Testing/TestCase.php:54
/var/www/html/vendor/laravel/framework/src/Illuminate/Foundation/Testing/Concerns/InteractsWithTestCaseLifecycle.php:92
/var/www/html/vendor/laravel/framework/src/Illuminate/Foundation/Testing/TestCase.php:44
/var/www/html/tests/TestCase.php:36</error>
        </testcase>
        <testcase name="test_scope_by_status" file="/var/www/html/tests/Feature/Models/OrderTest.php" line="93" class="Tests\Feature\Models\OrderTest" classname="Tests.Feature.Models.OrderTest" assertions="0" time="0.000000">
          <error type="Error">Tests\Feature\Models\OrderTest::test_scope_by_status
Error: Class "Laravel\Dusk\DuskServiceProvider" not found

/var/www/html/vendor/laravel/framework/src/Illuminate/Foundation/Application.php:961
/var/www/html/vendor/laravel/framework/src/Illuminate/Foundation/Application.php:893
/var/www/html/app/Providers/AppServiceProvider.php:51
/var/www/html/vendor/laravel/framework/src/Illuminate/Foundation/Application.php:896
/var/www/html/vendor/laravel/framework/src/Illuminate/Foundation/ProviderRepository.php:74
/var/www/html/vendor/laravel/framework/src/Illuminate/Foundation/Application.php:871
/var/www/html/vendor/laravel/framework/src/Illuminate/Foundation/Bootstrap/RegisterProviders.php:37
/var/www/html/vendor/laravel/framework/src/Illuminate/Foundation/Application.php:342
/var/www/html/vendor/laravel/framework/src/Illuminate/Foundation/Console/Kernel.php:473
/var/www/html/tests/CreatesApplication.php:31
/var/www/html/vendor/laravel/framework/src/Illuminate/Foundation/Testing/TestCase.php:54
/var/www/html/vendor/laravel/framework/src/Illuminate/Foundation/Testing/Concerns/InteractsWithTestCaseLifecycle.php:92
/var/www/html/vendor/laravel/framework/src/Illuminate/Foundation/Testing/TestCase.php:44
/var/www/html/tests/TestCase.php:36</error>
        </testcase>
        <testcase name="test_order_fillable_attributes" file="/var/www/html/tests/Feature/Models/OrderTest.php" line="131" class="Tests\Feature\Models\OrderTest" classname="Tests.Feature.Models.OrderTest" assertions="0" time="0.000000">
          <error type="Error">Tests\Feature\Models\OrderTest::test_order_fillable_attributes
Error: Class "Laravel\Dusk\DuskServiceProvider" not found

/var/www/html/vendor/laravel/framework/src/Illuminate/Foundation/Application.php:961
/var/www/html/vendor/laravel/framework/src/Illuminate/Foundation/Application.php:893
/var/www/html/app/Providers/AppServiceProvider.php:51
/var/www/html/vendor/laravel/framework/src/Illuminate/Foundation/Application.php:896
/var/www/html/vendor/laravel/framework/src/Illuminate/Foundation/ProviderRepository.php:74
/var/www/html/vendor/laravel/framework/src/Illuminate/Foundation/Application.php:871
/var/www/html/vendor/laravel/framework/src/Illuminate/Foundation/Bootstrap/RegisterProviders.php:37
/var/www/html/vendor/laravel/framework/src/Illuminate/Foundation/Application.php:342
/var/www/html/vendor/laravel/framework/src/Illuminate/Foundation/Console/Kernel.php:473
/var/www/html/tests/CreatesApplication.php:31
/var/www/html/vendor/laravel/framework/src/Illuminate/Foundation/Testing/TestCase.php:54
/var/www/html/vendor/laravel/framework/src/Illuminate/Foundation/Testing/Concerns/InteractsWithTestCaseLifecycle.php:92
/var/www/html/vendor/laravel/framework/src/Illuminate/Foundation/Testing/TestCase.php:44
/var/www/html/tests/TestCase.php:36</error>
        </testcase>
      </testsuite>
      <testsuite name="Tests\Feature\Http\Controllers\HomeControllerTest" file="/var/www/html/tests/Feature/Http/Controllers/HomeControllerTest.php" tests="3" assertions="0" errors="3" failures="0" skipped="0" time="0.000000">
        <testcase name="it_displays_featured_products_on_home_page" file="/var/www/html/tests/Feature/Http/Controllers/HomeControllerTest.php" line="31" class="Tests\Feature\Http\Controllers\HomeControllerTest" classname="Tests.Feature.Http.Controllers.HomeControllerTest" assertions="0" time="0.000000">
          <error type="Error">Tests\Feature\Http\Controllers\HomeControllerTest::it_displays_featured_products_on_home_page
Error: Class "Laravel\Dusk\DuskServiceProvider" not found

/var/www/html/vendor/laravel/framework/src/Illuminate/Foundation/Application.php:961
/var/www/html/vendor/laravel/framework/src/Illuminate/Foundation/Application.php:893
/var/www/html/app/Providers/AppServiceProvider.php:51
/var/www/html/vendor/laravel/framework/src/Illuminate/Foundation/Application.php:896
/var/www/html/vendor/laravel/framework/src/Illuminate/Foundation/ProviderRepository.php:74
/var/www/html/vendor/laravel/framework/src/Illuminate/Foundation/Application.php:871
/var/www/html/vendor/laravel/framework/src/Illuminate/Foundation/Bootstrap/RegisterProviders.php:37
/var/www/html/vendor/laravel/framework/src/Illuminate/Foundation/Application.php:342
/var/www/html/vendor/laravel/framework/src/Illuminate/Foundation/Console/Kernel.php:473
/var/www/html/tests/CreatesApplication.php:31
/var/www/html/vendor/laravel/framework/src/Illuminate/Foundation/Testing/TestCase.php:54
/var/www/html/vendor/laravel/framework/src/Illuminate/Foundation/Testing/Concerns/InteractsWithTestCaseLifecycle.php:92
/var/www/html/vendor/laravel/framework/src/Illuminate/Foundation/Testing/TestCase.php:44
/var/www/html/tests/TestCase.php:36</error>
        </testcase>
        <testcase name="it_can_display_home_page" file="/var/www/html/tests/Feature/Http/Controllers/HomeControllerTest.php" line="23" class="Tests\Feature\Http\Controllers\HomeControllerTest" classname="Tests.Feature.Http.Controllers.HomeControllerTest" assertions="0" time="0.000000">
          <error type="Error">Tests\Feature\Http\Controllers\HomeControllerTest::it_can_display_home_page
Error: Class "Laravel\Dusk\DuskServiceProvider" not found

/var/www/html/vendor/laravel/framework/src/Illuminate/Foundation/Application.php:961
/var/www/html/vendor/laravel/framework/src/Illuminate/Foundation/Application.php:893
/var/www/html/app/Providers/AppServiceProvider.php:51
/var/www/html/vendor/laravel/framework/src/Illuminate/Foundation/Application.php:896
/var/www/html/vendor/laravel/framework/src/Illuminate/Foundation/ProviderRepository.php:74
/var/www/html/vendor/laravel/framework/src/Illuminate/Foundation/Application.php:871
/var/www/html/vendor/laravel/framework/src/Illuminate/Foundation/Bootstrap/RegisterProviders.php:37
/var/www/html/vendor/laravel/framework/src/Illuminate/Foundation/Application.php:342
/var/www/html/vendor/laravel/framework/src/Illuminate/Foundation/Console/Kernel.php:473
/var/www/html/tests/CreatesApplication.php:31
/var/www/html/vendor/laravel/framework/src/Illuminate/Foundation/Testing/TestCase.php:54
/var/www/html/vendor/laravel/framework/src/Illuminate/Foundation/Testing/Concerns/InteractsWithTestCaseLifecycle.php:92
/var/www/html/vendor/laravel/framework/src/Illuminate/Foundation/Testing/TestCase.php:44
/var/www/html/tests/TestCase.php:36</error>
        </testcase>
        <testcase name="it_displays_latest_products_on_home_page" file="/var/www/html/tests/Feature/Http/Controllers/HomeControllerTest.php" line="39" class="Tests\Feature\Http\Controllers\HomeControllerTest" classname="Tests.Feature.Http.Controllers.HomeControllerTest" assertions="0" time="0.000000">
          <error type="Error">Tests\Feature\Http\Controllers\HomeControllerTest::it_displays_latest_products_on_home_page
Error: Class "Laravel\Dusk\DuskServiceProvider" not found

/var/www/html/vendor/laravel/framework/src/Illuminate/Foundation/Application.php:961
/var/www/html/vendor/laravel/framework/src/Illuminate/Foundation/Application.php:893
/var/www/html/app/Providers/AppServiceProvider.php:51
/var/www/html/vendor/laravel/framework/src/Illuminate/Foundation/Application.php:896
/var/www/html/vendor/laravel/framework/src/Illuminate/Foundation/ProviderRepository.php:74
/var/www/html/vendor/laravel/framework/src/Illuminate/Foundation/Application.php:871
/var/www/html/vendor/laravel/framework/src/Illuminate/Foundation/Bootstrap/RegisterProviders.php:37
/var/www/html/vendor/laravel/framework/src/Illuminate/Foundation/Application.php:342
/var/www/html/vendor/laravel/framework/src/Illuminate/Foundation/Console/Kernel.php:473
/var/www/html/tests/CreatesApplication.php:31
/var/www/html/vendor/laravel/framework/src/Illuminate/Foundation/Testing/TestCase.php:54
/var/www/html/vendor/laravel/framework/src/Illuminate/Foundation/Testing/Concerns/InteractsWithTestCaseLifecycle.php:92
/var/www/html/vendor/laravel/framework/src/Illuminate/Foundation/Testing/TestCase.php:44
/var/www/html/tests/TestCase.php:36</error>
        </testcase>
      </testsuite>
      <testsuite name="Tests\Feature\Http\Controllers\Api\Admin\CategoryControllerTest" file="/var/www/html/tests/Feature/Http/Controllers/Api/Admin/CategoryControllerTest.php" tests="14" assertions="0" errors="14" failures="0" skipped="0" time="0.000000">
        <testcase name="test_can_list_categories" file="/var/www/html/tests/Feature/Http/Controllers/Api/Admin/CategoryControllerTest.php" line="31" class="Tests\Feature\Http\Controllers\Api\Admin\CategoryControllerTest" classname="Tests.Feature.Http.Controllers.Api.Admin.CategoryControllerTest" assertions="0" time="0.000000">
          <error type="Error">Tests\Feature\Http\Controllers\Api\Admin\CategoryControllerTest::test_can_list_categories
Error: Class "Laravel\Dusk\DuskServiceProvider" not found

/var/www/html/vendor/laravel/framework/src/Illuminate/Foundation/Application.php:961
/var/www/html/vendor/laravel/framework/src/Illuminate/Foundation/Application.php:893
/var/www/html/app/Providers/AppServiceProvider.php:51
/var/www/html/vendor/laravel/framework/src/Illuminate/Foundation/Application.php:896
/var/www/html/vendor/laravel/framework/src/Illuminate/Foundation/ProviderRepository.php:74
/var/www/html/vendor/laravel/framework/src/Illuminate/Foundation/Application.php:871
/var/www/html/vendor/laravel/framework/src/Illuminate/Foundation/Bootstrap/RegisterProviders.php:37
/var/www/html/vendor/laravel/framework/src/Illuminate/Foundation/Application.php:342
/var/www/html/vendor/laravel/framework/src/Illuminate/Foundation/Console/Kernel.php:473
/var/www/html/tests/CreatesApplication.php:31
/var/www/html/vendor/laravel/framework/src/Illuminate/Foundation/Testing/TestCase.php:54
/var/www/html/vendor/laravel/framework/src/Illuminate/Foundation/Testing/Concerns/InteractsWithTestCaseLifecycle.php:92
/var/www/html/vendor/laravel/framework/src/Illuminate/Foundation/Testing/TestCase.php:44
/var/www/html/tests/TestCase.php:36
/var/www/html/tests/Feature/Http/Controllers/Api/Admin/CategoryControllerTest.php:21</error>
        </testcase>
        <testcase name="test_validates_category_creation_request" file="/var/www/html/tests/Feature/Http/Controllers/Api/Admin/CategoryControllerTest.php" line="129" class="Tests\Feature\Http\Controllers\Api\Admin\CategoryControllerTest" classname="Tests.Feature.Http.Controllers.Api.Admin.CategoryControllerTest" assertions="0" time="0.000000">
          <error type="Error">Tests\Feature\Http\Controllers\Api\Admin\CategoryControllerTest::test_validates_category_creation_request
Error: Class "Laravel\Dusk\DuskServiceProvider" not found

/var/www/html/vendor/laravel/framework/src/Illuminate/Foundation/Application.php:961
/var/www/html/vendor/laravel/framework/src/Illuminate/Foundation/Application.php:893
/var/www/html/app/Providers/AppServiceProvider.php:51
/var/www/html/vendor/laravel/framework/src/Illuminate/Foundation/Application.php:896
/var/www/html/vendor/laravel/framework/src/Illuminate/Foundation/ProviderRepository.php:74
/var/www/html/vendor/laravel/framework/src/Illuminate/Foundation/Application.php:871
/var/www/html/vendor/laravel/framework/src/Illuminate/Foundation/Bootstrap/RegisterProviders.php:37
/var/www/html/vendor/laravel/framework/src/Illuminate/Foundation/Application.php:342
/var/www/html/vendor/laravel/framework/src/Illuminate/Foundation/Console/Kernel.php:473
/var/www/html/tests/CreatesApplication.php:31
/var/www/html/vendor/laravel/framework/src/Illuminate/Foundation/Testing/TestCase.php:54
/var/www/html/vendor/laravel/framework/src/Illuminate/Foundation/Testing/Concerns/InteractsWithTestCaseLifecycle.php:92
/var/www/html/vendor/laravel/framework/src/Illuminate/Foundation/Testing/TestCase.php:44
/var/www/html/tests/TestCase.php:36
/var/www/html/tests/Feature/Http/Controllers/Api/Admin/CategoryControllerTest.php:21</error>
        </testcase>
        <testcase name="test_can_create_category" file="/var/www/html/tests/Feature/Http/Controllers/Api/Admin/CategoryControllerTest.php" line="102" class="Tests\Feature\Http\Controllers\Api\Admin\CategoryControllerTest" classname="Tests.Feature.Http.Controllers.Api.Admin.CategoryControllerTest" assertions="0" time="0.000000">
          <error type="Error">Tests\Feature\Http\Controllers\Api\Admin\CategoryControllerTest::test_can_create_category
Error: Class "Laravel\Dusk\DuskServiceProvider" not found

/var/www/html/vendor/laravel/framework/src/Illuminate/Foundation/Application.php:961
/var/www/html/vendor/laravel/framework/src/Illuminate/Foundation/Application.php:893
/var/www/html/app/Providers/AppServiceProvider.php:51
/var/www/html/vendor/laravel/framework/src/Illuminate/Foundation/Application.php:896
/var/www/html/vendor/laravel/framework/src/Illuminate/Foundation/ProviderRepository.php:74
/var/www/html/vendor/laravel/framework/src/Illuminate/Foundation/Application.php:871
/var/www/html/vendor/laravel/framework/src/Illuminate/Foundation/Bootstrap/RegisterProviders.php:37
/var/www/html/vendor/laravel/framework/src/Illuminate/Foundation/Application.php:342
/var/www/html/vendor/laravel/framework/src/Illuminate/Foundation/Console/Kernel.php:473
/var/www/html/tests/CreatesApplication.php:31
/var/www/html/vendor/laravel/framework/src/Illuminate/Foundation/Testing/TestCase.php:54
/var/www/html/vendor/laravel/framework/src/Illuminate/Foundation/Testing/Concerns/InteractsWithTestCaseLifecycle.php:92
/var/www/html/vendor/laravel/framework/src/Illuminate/Foundation/Testing/TestCase.php:44
/var/www/html/tests/TestCase.php:36
/var/www/html/tests/Feature/Http/Controllers/Api/Admin/CategoryControllerTest.php:21</error>
        </testcase>
        <testcase name="test_requires_admin_authentication_to_update_category" file="/var/www/html/tests/Feature/Http/Controllers/Api/Admin/CategoryControllerTest.php" line="189" class="Tests\Feature\Http\Controllers\Api\Admin\CategoryControllerTest" classname="Tests.Feature.Http.Controllers.Api.Admin.CategoryControllerTest" assertions="0" time="0.000000">
          <error type="Error">Tests\Feature\Http\Controllers\Api\Admin\CategoryControllerTest::test_requires_admin_authentication_to_update_category
Error: Class "Laravel\Dusk\DuskServiceProvider" not found

/var/www/html/vendor/laravel/framework/src/Illuminate/Foundation/Application.php:961
/var/www/html/vendor/laravel/framework/src/Illuminate/Foundation/Application.php:893
/var/www/html/app/Providers/AppServiceProvider.php:51
/var/www/html/vendor/laravel/framework/src/Illuminate/Foundation/Application.php:896
/var/www/html/vendor/laravel/framework/src/Illuminate/Foundation/ProviderRepository.php:74
/var/www/html/vendor/laravel/framework/src/Illuminate/Foundation/Application.php:871
/var/www/html/vendor/laravel/framework/src/Illuminate/Foundation/Bootstrap/RegisterProviders.php:37
/var/www/html/vendor/laravel/framework/src/Illuminate/Foundation/Application.php:342
/var/www/html/vendor/laravel/framework/src/Illuminate/Foundation/Console/Kernel.php:473
/var/www/html/tests/CreatesApplication.php:31
/var/www/html/vendor/laravel/framework/src/Illuminate/Foundation/Testing/TestCase.php:54
/var/www/html/vendor/laravel/framework/src/Illuminate/Foundation/Testing/Concerns/InteractsWithTestCaseLifecycle.php:92
/var/www/html/vendor/laravel/framework/src/Illuminate/Foundation/Testing/TestCase.php:44
/var/www/html/tests/TestCase.php:36
/var/www/html/tests/Feature/Http/Controllers/Api/Admin/CategoryControllerTest.php:21</error>
        </testcase>
        <testcase name="test_can_show_specific_category" file="/var/www/html/tests/Feature/Http/Controllers/Api/Admin/CategoryControllerTest.php" line="72" class="Tests\Feature\Http\Controllers\Api\Admin\CategoryControllerTest" classname="Tests.Feature.Http.Controllers.Api.Admin.CategoryControllerTest" assertions="0" time="0.000000">
          <error type="Error">Tests\Feature\Http\Controllers\Api\Admin\CategoryControllerTest::test_can_show_specific_category
Error: Class "Laravel\Dusk\DuskServiceProvider" not found

/var/www/html/vendor/laravel/framework/src/Illuminate/Foundation/Application.php:961
/var/www/html/vendor/laravel/framework/src/Illuminate/Foundation/Application.php:893
/var/www/html/app/Providers/AppServiceProvider.php:51
/var/www/html/vendor/laravel/framework/src/Illuminate/Foundation/Application.php:896
/var/www/html/vendor/laravel/framework/src/Illuminate/Foundation/ProviderRepository.php:74
/var/www/html/vendor/laravel/framework/src/Illuminate/Foundation/Application.php:871
/var/www/html/vendor/laravel/framework/src/Illuminate/Foundation/Bootstrap/RegisterProviders.php:37
/var/www/html/vendor/laravel/framework/src/Illuminate/Foundation/Application.php:342
/var/www/html/vendor/laravel/framework/src/Illuminate/Foundation/Console/Kernel.php:473
/var/www/html/tests/CreatesApplication.php:31
/var/www/html/vendor/laravel/framework/src/Illuminate/Foundation/Testing/TestCase.php:54
/var/www/html/vendor/laravel/framework/src/Illuminate/Foundation/Testing/Concerns/InteractsWithTestCaseLifecycle.php:92
/var/www/html/vendor/laravel/framework/src/Illuminate/Foundation/Testing/TestCase.php:44
/var/www/html/tests/TestCase.php:36
/var/www/html/tests/Feature/Http/Controllers/Api/Admin/CategoryControllerTest.php:21</error>
        </testcase>
        <testcase name="test_requires_admin_authentication_to_create_category" file="/var/www/html/tests/Feature/Http/Controllers/Api/Admin/CategoryControllerTest.php" line="140" class="Tests\Feature\Http\Controllers\Api\Admin\CategoryControllerTest" classname="Tests.Feature.Http.Controllers.Api.Admin.CategoryControllerTest" assertions="0" time="0.000000">
          <error type="Error">Tests\Feature\Http\Controllers\Api\Admin\CategoryControllerTest::test_requires_admin_authentication_to_create_category
Error: Class "Laravel\Dusk\DuskServiceProvider" not found

/var/www/html/vendor/laravel/framework/src/Illuminate/Foundation/Application.php:961
/var/www/html/vendor/laravel/framework/src/Illuminate/Foundation/Application.php:893
/var/www/html/app/Providers/AppServiceProvider.php:51
/var/www/html/vendor/laravel/framework/src/Illuminate/Foundation/Application.php:896
/var/www/html/vendor/laravel/framework/src/Illuminate/Foundation/ProviderRepository.php:74
/var/www/html/vendor/laravel/framework/src/Illuminate/Foundation/Application.php:871
/var/www/html/vendor/laravel/framework/src/Illuminate/Foundation/Bootstrap/RegisterProviders.php:37
/var/www/html/vendor/laravel/framework/src/Illuminate/Foundation/Application.php:342
/var/www/html/vendor/laravel/framework/src/Illuminate/Foundation/Console/Kernel.php:473
/var/www/html/tests/CreatesApplication.php:31
/var/www/html/vendor/laravel/framework/src/Illuminate/Foundation/Testing/TestCase.php:54
/var/www/html/vendor/laravel/framework/src/Illuminate/Foundation/Testing/Concerns/InteractsWithTestCaseLifecycle.php:92
/var/www/html/vendor/laravel/framework/src/Illuminate/Foundation/Testing/TestCase.php:44
/var/www/html/tests/TestCase.php:36
/var/www/html/tests/Feature/Http/Controllers/Api/Admin/CategoryControllerTest.php:21</error>
        </testcase>
        <testcase name="test_requires_admin_role_to_list_categories" file="/var/www/html/tests/Feature/Http/Controllers/Api/Admin/CategoryControllerTest.php" line="62" class="Tests\Feature\Http\Controllers\Api\Admin\CategoryControllerTest" classname="Tests.Feature.Http.Controllers.Api.Admin.CategoryControllerTest" assertions="0" time="0.000000">
          <error type="Error">Tests\Feature\Http\Controllers\Api\Admin\CategoryControllerTest::test_requires_admin_role_to_list_categories
Error: Class "Laravel\Dusk\DuskServiceProvider" not found

/var/www/html/vendor/laravel/framework/src/Illuminate/Foundation/Application.php:961
/var/www/html/vendor/laravel/framework/src/Illuminate/Foundation/Application.php:893
/var/www/html/app/Providers/AppServiceProvider.php:51
/var/www/html/vendor/laravel/framework/src/Illuminate/Foundation/Application.php:896
/var/www/html/vendor/laravel/framework/src/Illuminate/Foundation/ProviderRepository.php:74
/var/www/html/vendor/laravel/framework/src/Illuminate/Foundation/Application.php:871
/var/www/html/vendor/laravel/framework/src/Illuminate/Foundation/Bootstrap/RegisterProviders.php:37
/var/www/html/vendor/laravel/framework/src/Illuminate/Foundation/Application.php:342
/var/www/html/vendor/laravel/framework/src/Illuminate/Foundation/Console/Kernel.php:473
/var/www/html/tests/CreatesApplication.php:31
/var/www/html/vendor/laravel/framework/src/Illuminate/Foundation/Testing/TestCase.php:54
/var/www/html/vendor/laravel/framework/src/Illuminate/Foundation/Testing/Concerns/InteractsWithTestCaseLifecycle.php:92
/var/www/html/vendor/laravel/framework/src/Illuminate/Foundation/Testing/TestCase.php:44
/var/www/html/tests/TestCase.php:36
/var/www/html/tests/Feature/Http/Controllers/Api/Admin/CategoryControllerTest.php:21</error>
        </testcase>
        <testcase name="test_returns_404_when_deleting_nonexistent_category" file="/var/www/html/tests/Feature/Http/Controllers/Api/Admin/CategoryControllerTest.php" line="215" class="Tests\Feature\Http\Controllers\Api\Admin\CategoryControllerTest" classname="Tests.Feature.Http.Controllers.Api.Admin.CategoryControllerTest" assertions="0" time="0.000000">
          <error type="Error">Tests\Feature\Http\Controllers\Api\Admin\CategoryControllerTest::test_returns_404_when_deleting_nonexistent_category
Error: Class "Laravel\Dusk\DuskServiceProvider" not found

/var/www/html/vendor/laravel/framework/src/Illuminate/Foundation/Application.php:961
/var/www/html/vendor/laravel/framework/src/Illuminate/Foundation/Application.php:893
/var/www/html/app/Providers/AppServiceProvider.php:51
/var/www/html/vendor/laravel/framework/src/Illuminate/Foundation/Application.php:896
/var/www/html/vendor/laravel/framework/src/Illuminate/Foundation/ProviderRepository.php:74
/var/www/html/vendor/laravel/framework/src/Illuminate/Foundation/Application.php:871
/var/www/html/vendor/laravel/framework/src/Illuminate/Foundation/Bootstrap/RegisterProviders.php:37
/var/www/html/vendor/laravel/framework/src/Illuminate/Foundation/Application.php:342
/var/www/html/vendor/laravel/framework/src/Illuminate/Foundation/Console/Kernel.php:473
/var/www/html/tests/CreatesApplication.php:31
/var/www/html/vendor/laravel/framework/src/Illuminate/Foundation/Testing/TestCase.php:54
/var/www/html/vendor/laravel/framework/src/Illuminate/Foundation/Testing/Concerns/InteractsWithTestCaseLifecycle.php:92
/var/www/html/vendor/laravel/framework/src/Illuminate/Foundation/Testing/TestCase.php:44
/var/www/html/tests/TestCase.php:36
/var/www/html/tests/Feature/Http/Controllers/Api/Admin/CategoryControllerTest.php:21</error>
        </testcase>
        <testcase name="test_returns_404_for_nonexistent_category" file="/var/www/html/tests/Feature/Http/Controllers/Api/Admin/CategoryControllerTest.php" line="92" class="Tests\Feature\Http\Controllers\Api\Admin\CategoryControllerTest" classname="Tests.Feature.Http.Controllers.Api.Admin.CategoryControllerTest" assertions="0" time="0.000000">
          <error type="Error">Tests\Feature\Http\Controllers\Api\Admin\CategoryControllerTest::test_returns_404_for_nonexistent_category
Error: Class "Laravel\Dusk\DuskServiceProvider" not found

/var/www/html/vendor/laravel/framework/src/Illuminate/Foundation/Application.php:961
/var/www/html/vendor/laravel/framework/src/Illuminate/Foundation/Application.php:893
/var/www/html/app/Providers/AppServiceProvider.php:51
/var/www/html/vendor/laravel/framework/src/Illuminate/Foundation/Application.php:896
/var/www/html/vendor/laravel/framework/src/Illuminate/Foundation/ProviderRepository.php:74
/var/www/html/vendor/laravel/framework/src/Illuminate/Foundation/Application.php:871
/var/www/html/vendor/laravel/framework/src/Illuminate/Foundation/Bootstrap/RegisterProviders.php:37
/var/www/html/vendor/laravel/framework/src/Illuminate/Foundation/Application.php:342
/var/www/html/vendor/laravel/framework/src/Illuminate/Foundation/Console/Kernel.php:473
/var/www/html/tests/CreatesApplication.php:31
/var/www/html/vendor/laravel/framework/src/Illuminate/Foundation/Testing/TestCase.php:54
/var/www/html/vendor/laravel/framework/src/Illuminate/Foundation/Testing/Concerns/InteractsWithTestCaseLifecycle.php:92
/var/www/html/vendor/laravel/framework/src/Illuminate/Foundation/Testing/TestCase.php:44
/var/www/html/tests/TestCase.php:36
/var/www/html/tests/Feature/Http/Controllers/Api/Admin/CategoryControllerTest.php:21</error>
        </testcase>
        <testcase name="test_requires_admin_authentication_to_delete_category" file="/var/www/html/tests/Feature/Http/Controllers/Api/Admin/CategoryControllerTest.php" line="225" class="Tests\Feature\Http\Controllers\Api\Admin\CategoryControllerTest" classname="Tests.Feature.Http.Controllers.Api.Admin.CategoryControllerTest" assertions="0" time="0.000000">
          <error type="Error">Tests\Feature\Http\Controllers\Api\Admin\CategoryControllerTest::test_requires_admin_authentication_to_delete_category
Error: Class "Laravel\Dusk\DuskServiceProvider" not found

/var/www/html/vendor/laravel/framework/src/Illuminate/Foundation/Application.php:961
/var/www/html/vendor/laravel/framework/src/Illuminate/Foundation/Application.php:893
/var/www/html/app/Providers/AppServiceProvider.php:51
/var/www/html/vendor/laravel/framework/src/Illuminate/Foundation/Application.php:896
/var/www/html/vendor/laravel/framework/src/Illuminate/Foundation/ProviderRepository.php:74
/var/www/html/vendor/laravel/framework/src/Illuminate/Foundation/Application.php:871
/var/www/html/vendor/laravel/framework/src/Illuminate/Foundation/Bootstrap/RegisterProviders.php:37
/var/www/html/vendor/laravel/framework/src/Illuminate/Foundation/Application.php:342
/var/www/html/vendor/laravel/framework/src/Illuminate/Foundation/Console/Kernel.php:473
/var/www/html/tests/CreatesApplication.php:31
/var/www/html/vendor/laravel/framework/src/Illuminate/Foundation/Testing/TestCase.php:54
/var/www/html/vendor/laravel/framework/src/Illuminate/Foundation/Testing/Concerns/InteractsWithTestCaseLifecycle.php:92
/var/www/html/vendor/laravel/framework/src/Illuminate/Foundation/Testing/TestCase.php:44
/var/www/html/tests/TestCase.php:36
/var/www/html/tests/Feature/Http/Controllers/Api/Admin/CategoryControllerTest.php:21</error>
        </testcase>
        <testcase name="test_validates_category_update_request" file="/var/www/html/tests/Feature/Http/Controllers/Api/Admin/CategoryControllerTest.php" line="176" class="Tests\Feature\Http\Controllers\Api\Admin\CategoryControllerTest" classname="Tests.Feature.Http.Controllers.Api.Admin.CategoryControllerTest" assertions="0" time="0.000000">
          <error type="Error">Tests\Feature\Http\Controllers\Api\Admin\CategoryControllerTest::test_validates_category_update_request
Error: Class "Laravel\Dusk\DuskServiceProvider" not found

/var/www/html/vendor/laravel/framework/src/Illuminate/Foundation/Application.php:961
/var/www/html/vendor/laravel/framework/src/Illuminate/Foundation/Application.php:893
/var/www/html/app/Providers/AppServiceProvider.php:51
/var/www/html/vendor/laravel/framework/src/Illuminate/Foundation/Application.php:896
/var/www/html/vendor/laravel/framework/src/Illuminate/Foundation/ProviderRepository.php:74
/var/www/html/vendor/laravel/framework/src/Illuminate/Foundation/Application.php:871
/var/www/html/vendor/laravel/framework/src/Illuminate/Foundation/Bootstrap/RegisterProviders.php:37
/var/www/html/vendor/laravel/framework/src/Illuminate/Foundation/Application.php:342
/var/www/html/vendor/laravel/framework/src/Illuminate/Foundation/Console/Kernel.php:473
/var/www/html/tests/CreatesApplication.php:31
/var/www/html/vendor/laravel/framework/src/Illuminate/Foundation/Testing/TestCase.php:54
/var/www/html/vendor/laravel/framework/src/Illuminate/Foundation/Testing/Concerns/InteractsWithTestCaseLifecycle.php:92
/var/www/html/vendor/laravel/framework/src/Illuminate/Foundation/Testing/TestCase.php:44
/var/www/html/tests/TestCase.php:36
/var/www/html/tests/Feature/Http/Controllers/Api/Admin/CategoryControllerTest.php:21</error>
        </testcase>
        <testcase name="test_can_delete_category" file="/var/www/html/tests/Feature/Http/Controllers/Api/Admin/CategoryControllerTest.php" line="203" class="Tests\Feature\Http\Controllers\Api\Admin\CategoryControllerTest" classname="Tests.Feature.Http.Controllers.Api.Admin.CategoryControllerTest" assertions="0" time="0.000000">
          <error type="Error">Tests\Feature\Http\Controllers\Api\Admin\CategoryControllerTest::test_can_delete_category
Error: Class "Laravel\Dusk\DuskServiceProvider" not found

/var/www/html/vendor/laravel/framework/src/Illuminate/Foundation/Application.php:961
/var/www/html/vendor/laravel/framework/src/Illuminate/Foundation/Application.php:893
/var/www/html/app/Providers/AppServiceProvider.php:51
/var/www/html/vendor/laravel/framework/src/Illuminate/Foundation/Application.php:896
/var/www/html/vendor/laravel/framework/src/Illuminate/Foundation/ProviderRepository.php:74
/var/www/html/vendor/laravel/framework/src/Illuminate/Foundation/Application.php:871
/var/www/html/vendor/laravel/framework/src/Illuminate/Foundation/Bootstrap/RegisterProviders.php:37
/var/www/html/vendor/laravel/framework/src/Illuminate/Foundation/Application.php:342
/var/www/html/vendor/laravel/framework/src/Illuminate/Foundation/Console/Kernel.php:473
/var/www/html/tests/CreatesApplication.php:31
/var/www/html/vendor/laravel/framework/src/Illuminate/Foundation/Testing/TestCase.php:54
/var/www/html/vendor/laravel/framework/src/Illuminate/Foundation/Testing/Concerns/InteractsWithTestCaseLifecycle.php:92
/var/www/html/vendor/laravel/framework/src/Illuminate/Foundation/Testing/TestCase.php:44
/var/www/html/tests/TestCase.php:36
/var/www/html/tests/Feature/Http/Controllers/Api/Admin/CategoryControllerTest.php:21</error>
        </testcase>
        <testcase name="test_requires_admin_authentication_to_list_categories" file="/var/www/html/tests/Feature/Http/Controllers/Api/Admin/CategoryControllerTest.php" line="55" class="Tests\Feature\Http\Controllers\Api\Admin\CategoryControllerTest" classname="Tests.Feature.Http.Controllers.Api.Admin.CategoryControllerTest" assertions="0" time="0.000000">
          <error type="Error">Tests\Feature\Http\Controllers\Api\Admin\CategoryControllerTest::test_requires_admin_authentication_to_list_categories
Error: Class "Laravel\Dusk\DuskServiceProvider" not found

/var/www/html/vendor/laravel/framework/src/Illuminate/Foundation/Application.php:961
/var/www/html/vendor/laravel/framework/src/Illuminate/Foundation/Application.php:893
/var/www/html/app/Providers/AppServiceProvider.php:51
/var/www/html/vendor/laravel/framework/src/Illuminate/Foundation/Application.php:896
/var/www/html/vendor/laravel/framework/src/Illuminate/Foundation/ProviderRepository.php:74
/var/www/html/vendor/laravel/framework/src/Illuminate/Foundation/Application.php:871
/var/www/html/vendor/laravel/framework/src/Illuminate/Foundation/Bootstrap/RegisterProviders.php:37
/var/www/html/vendor/laravel/framework/src/Illuminate/Foundation/Application.php:342
/var/www/html/vendor/laravel/framework/src/Illuminate/Foundation/Console/Kernel.php:473
/var/www/html/tests/CreatesApplication.php:31
/var/www/html/vendor/laravel/framework/src/Illuminate/Foundation/Testing/TestCase.php:54
/var/www/html/vendor/laravel/framework/src/Illuminate/Foundation/Testing/Concerns/InteractsWithTestCaseLifecycle.php:92
/var/www/html/vendor/laravel/framework/src/Illuminate/Foundation/Testing/TestCase.php:44
/var/www/html/tests/TestCase.php:36
/var/www/html/tests/Feature/Http/Controllers/Api/Admin/CategoryControllerTest.php:21</error>
        </testcase>
        <testcase name="test_can_update_category" file="/var/www/html/tests/Feature/Http/Controllers/Api/Admin/CategoryControllerTest.php" line="152" class="Tests\Feature\Http\Controllers\Api\Admin\CategoryControllerTest" classname="Tests.Feature.Http.Controllers.Api.Admin.CategoryControllerTest" assertions="0" time="0.000000">
          <error type="Error">Tests\Feature\Http\Controllers\Api\Admin\CategoryControllerTest::test_can_update_category
Error: Class "Laravel\Dusk\DuskServiceProvider" not found

/var/www/html/vendor/laravel/framework/src/Illuminate/Foundation/Application.php:961
/var/www/html/vendor/laravel/framework/src/Illuminate/Foundation/Application.php:893
/var/www/html/app/Providers/AppServiceProvider.php:51
/var/www/html/vendor/laravel/framework/src/Illuminate/Foundation/Application.php:896
/var/www/html/vendor/laravel/framework/src/Illuminate/Foundation/ProviderRepository.php:74
/var/www/html/vendor/laravel/framework/src/Illuminate/Foundation/Application.php:871
/var/www/html/vendor/laravel/framework/src/Illuminate/Foundation/Bootstrap/RegisterProviders.php:37
/var/www/html/vendor/laravel/framework/src/Illuminate/Foundation/Application.php:342
/var/www/html/vendor/laravel/framework/src/Illuminate/Foundation/Console/Kernel.php:473
/var/www/html/tests/CreatesApplication.php:31
/var/www/html/vendor/laravel/framework/src/Illuminate/Foundation/Testing/TestCase.php:54
/var/www/html/vendor/laravel/framework/src/Illuminate/Foundation/Testing/Concerns/InteractsWithTestCaseLifecycle.php:92
/var/www/html/vendor/laravel/framework/src/Illuminate/Foundation/Testing/TestCase.php:44
/var/www/html/tests/TestCase.php:36
/var/www/html/tests/Feature/Http/Controllers/Api/Admin/CategoryControllerTest.php:21</error>
        </testcase>
      </testsuite>
      <testsuite name="Tests\Feature\COPRRA\PriceComparisonTest" file="/var/www/html/tests/Feature/COPRRA/PriceComparisonTest.php" tests="12" assertions="0" errors="12" failures="0" skipped="0" time="0.000000">
        <testcase name="test_handles_multiple_currencies_in_comparison" file="/var/www/html/tests/Feature/COPRRA/PriceComparisonTest.php" line="300" class="Tests\Feature\COPRRA\PriceComparisonTest" classname="Tests.Feature.COPRRA.PriceComparisonTest" assertions="0" time="0.000000">
          <error type="Error">Tests\Feature\COPRRA\PriceComparisonTest::test_handles_multiple_currencies_in_comparison
Error: Class "Laravel\Dusk\DuskServiceProvider" not found

/var/www/html/vendor/laravel/framework/src/Illuminate/Foundation/Application.php:961
/var/www/html/vendor/laravel/framework/src/Illuminate/Foundation/Application.php:893
/var/www/html/app/Providers/AppServiceProvider.php:51
/var/www/html/vendor/laravel/framework/src/Illuminate/Foundation/Application.php:896
/var/www/html/vendor/laravel/framework/src/Illuminate/Foundation/ProviderRepository.php:74
/var/www/html/vendor/laravel/framework/src/Illuminate/Foundation/Application.php:871
/var/www/html/vendor/laravel/framework/src/Illuminate/Foundation/Bootstrap/RegisterProviders.php:37
/var/www/html/vendor/laravel/framework/src/Illuminate/Foundation/Application.php:342
/var/www/html/vendor/laravel/framework/src/Illuminate/Foundation/Console/Kernel.php:473
/var/www/html/tests/CreatesApplication.php:31
/var/www/html/vendor/laravel/framework/src/Illuminate/Foundation/Testing/TestCase.php:54
/var/www/html/vendor/laravel/framework/src/Illuminate/Foundation/Testing/Concerns/InteractsWithTestCaseLifecycle.php:92
/var/www/html/vendor/laravel/framework/src/Illuminate/Foundation/Testing/TestCase.php:44
/var/www/html/tests/TestCase.php:36
/var/www/html/tests/Feature/COPRRA/PriceComparisonTest.php:39</error>
        </testcase>
        <testcase name="test_converts_prices_between_currencies" file="/var/www/html/tests/Feature/COPRRA/PriceComparisonTest.php" line="171" class="Tests\Feature\COPRRA\PriceComparisonTest" classname="Tests.Feature.COPRRA.PriceComparisonTest" assertions="0" time="0.000000">
          <error type="Error">Tests\Feature\COPRRA\PriceComparisonTest::test_converts_prices_between_currencies
Error: Class "Laravel\Dusk\DuskServiceProvider" not found

/var/www/html/vendor/laravel/framework/src/Illuminate/Foundation/Application.php:961
/var/www/html/vendor/laravel/framework/src/Illuminate/Foundation/Application.php:893
/var/www/html/app/Providers/AppServiceProvider.php:51
/var/www/html/vendor/laravel/framework/src/Illuminate/Foundation/Application.php:896
/var/www/html/vendor/laravel/framework/src/Illuminate/Foundation/ProviderRepository.php:74
/var/www/html/vendor/laravel/framework/src/Illuminate/Foundation/Application.php:871
/var/www/html/vendor/laravel/framework/src/Illuminate/Foundation/Bootstrap/RegisterProviders.php:37
/var/www/html/vendor/laravel/framework/src/Illuminate/Foundation/Application.php:342
/var/www/html/vendor/laravel/framework/src/Illuminate/Foundation/Console/Kernel.php:473
/var/www/html/tests/CreatesApplication.php:31
/var/www/html/vendor/laravel/framework/src/Illuminate/Foundation/Testing/TestCase.php:54
/var/www/html/vendor/laravel/framework/src/Illuminate/Foundation/Testing/Concerns/InteractsWithTestCaseLifecycle.php:92
/var/www/html/vendor/laravel/framework/src/Illuminate/Foundation/Testing/TestCase.php:44
/var/www/html/tests/TestCase.php:36
/var/www/html/tests/Feature/COPRRA/PriceComparisonTest.php:39</error>
        </testcase>
        <testcase name="test_tracks_price_comparison_analytics" file="/var/www/html/tests/Feature/COPRRA/PriceComparisonTest.php" line="286" class="Tests\Feature\COPRRA\PriceComparisonTest" classname="Tests.Feature.COPRRA.PriceComparisonTest" assertions="0" time="0.000000">
          <error type="Error">Tests\Feature\COPRRA\PriceComparisonTest::test_tracks_price_comparison_analytics
Error: Class "Laravel\Dusk\DuskServiceProvider" not found

/var/www/html/vendor/laravel/framework/src/Illuminate/Foundation/Application.php:961
/var/www/html/vendor/laravel/framework/src/Illuminate/Foundation/Application.php:893
/var/www/html/app/Providers/AppServiceProvider.php:51
/var/www/html/vendor/laravel/framework/src/Illuminate/Foundation/Application.php:896
/var/www/html/vendor/laravel/framework/src/Illuminate/Foundation/ProviderRepository.php:74
/var/www/html/vendor/laravel/framework/src/Illuminate/Foundation/Application.php:871
/var/www/html/vendor/laravel/framework/src/Illuminate/Foundation/Bootstrap/RegisterProviders.php:37
/var/www/html/vendor/laravel/framework/src/Illuminate/Foundation/Application.php:342
/var/www/html/vendor/laravel/framework/src/Illuminate/Foundation/Console/Kernel.php:473
/var/www/html/tests/CreatesApplication.php:31
/var/www/html/vendor/laravel/framework/src/Illuminate/Foundation/Testing/TestCase.php:54
/var/www/html/vendor/laravel/framework/src/Illuminate/Foundation/Testing/Concerns/InteractsWithTestCaseLifecycle.php:92
/var/www/html/vendor/laravel/framework/src/Illuminate/Foundation/Testing/TestCase.php:44
/var/www/html/tests/TestCase.php:36
/var/www/html/tests/Feature/COPRRA/PriceComparisonTest.php:39</error>
        </testcase>
        <testcase name="test_respects_max_stores_per_product_configuration" file="/var/www/html/tests/Feature/COPRRA/PriceComparisonTest.php" line="238" class="Tests\Feature\COPRRA\PriceComparisonTest" classname="Tests.Feature.COPRRA.PriceComparisonTest" assertions="0" time="0.000000">
          <error type="Error">Tests\Feature\COPRRA\PriceComparisonTest::test_respects_max_stores_per_product_configuration
Error: Class "Laravel\Dusk\DuskServiceProvider" not found

/var/www/html/vendor/laravel/framework/src/Illuminate/Foundation/Application.php:961
/var/www/html/vendor/laravel/framework/src/Illuminate/Foundation/Application.php:893
/var/www/html/app/Providers/AppServiceProvider.php:51
/var/www/html/vendor/laravel/framework/src/Illuminate/Foundation/Application.php:896
/var/www/html/vendor/laravel/framework/src/Illuminate/Foundation/ProviderRepository.php:74
/var/www/html/vendor/laravel/framework/src/Illuminate/Foundation/Application.php:871
/var/www/html/vendor/laravel/framework/src/Illuminate/Foundation/Bootstrap/RegisterProviders.php:37
/var/www/html/vendor/laravel/framework/src/Illuminate/Foundation/Application.php:342
/var/www/html/vendor/laravel/framework/src/Illuminate/Foundation/Console/Kernel.php:473
/var/www/html/tests/CreatesApplication.php:31
/var/www/html/vendor/laravel/framework/src/Illuminate/Foundation/Testing/TestCase.php:54
/var/www/html/vendor/laravel/framework/src/Illuminate/Foundation/Testing/Concerns/InteractsWithTestCaseLifecycle.php:92
/var/www/html/vendor/laravel/framework/src/Illuminate/Foundation/Testing/TestCase.php:44
/var/www/html/tests/TestCase.php:36
/var/www/html/tests/Feature/COPRRA/PriceComparisonTest.php:39</error>
        </testcase>
        <testcase name="test_validates_price_update_interval" file="/var/www/html/tests/Feature/COPRRA/PriceComparisonTest.php" line="320" class="Tests\Feature\COPRRA\PriceComparisonTest" classname="Tests.Feature.COPRRA.PriceComparisonTest" assertions="0" time="0.000000">
          <error type="Error">Tests\Feature\COPRRA\PriceComparisonTest::test_validates_price_update_interval
Error: Class "Laravel\Dusk\DuskServiceProvider" not found

/var/www/html/vendor/laravel/framework/src/Illuminate/Foundation/Application.php:961
/var/www/html/vendor/laravel/framework/src/Illuminate/Foundation/Application.php:893
/var/www/html/app/Providers/AppServiceProvider.php:51
/var/www/html/vendor/laravel/framework/src/Illuminate/Foundation/Application.php:896
/var/www/html/vendor/laravel/framework/src/Illuminate/Foundation/ProviderRepository.php:74
/var/www/html/vendor/laravel/framework/src/Illuminate/Foundation/Application.php:871
/var/www/html/vendor/laravel/framework/src/Illuminate/Foundation/Bootstrap/RegisterProviders.php:37
/var/www/html/vendor/laravel/framework/src/Illuminate/Foundation/Application.php:342
/var/www/html/vendor/laravel/framework/src/Illuminate/Foundation/Console/Kernel.php:473
/var/www/html/tests/CreatesApplication.php:31
/var/www/html/vendor/laravel/framework/src/Illuminate/Foundation/Testing/TestCase.php:54
/var/www/html/vendor/laravel/framework/src/Illuminate/Foundation/Testing/Concerns/InteractsWithTestCaseLifecycle.php:92
/var/www/html/vendor/laravel/framework/src/Illuminate/Foundation/Testing/TestCase.php:44
/var/www/html/tests/TestCase.php:36
/var/www/html/tests/Feature/COPRRA/PriceComparisonTest.php:39</error>
        </testcase>
        <testcase name="test_formats_price_with_correct_currency_symbol" file="/var/www/html/tests/Feature/COPRRA/PriceComparisonTest.php" line="160" class="Tests\Feature\COPRRA\PriceComparisonTest" classname="Tests.Feature.COPRRA.PriceComparisonTest" assertions="0" time="0.000000">
          <error type="Error">Tests\Feature\COPRRA\PriceComparisonTest::test_formats_price_with_correct_currency_symbol
Error: Class "Laravel\Dusk\DuskServiceProvider" not found

/var/www/html/vendor/laravel/framework/src/Illuminate/Foundation/Application.php:961
/var/www/html/vendor/laravel/framework/src/Illuminate/Foundation/Application.php:893
/var/www/html/app/Providers/AppServiceProvider.php:51
/var/www/html/vendor/laravel/framework/src/Illuminate/Foundation/Application.php:896
/var/www/html/vendor/laravel/framework/src/Illuminate/Foundation/ProviderRepository.php:74
/var/www/html/vendor/laravel/framework/src/Illuminate/Foundation/Application.php:871
/var/www/html/vendor/laravel/framework/src/Illuminate/Foundation/Bootstrap/RegisterProviders.php:37
/var/www/html/vendor/laravel/framework/src/Illuminate/Foundation/Application.php:342
/var/www/html/vendor/laravel/framework/src/Illuminate/Foundation/Console/Kernel.php:473
/var/www/html/tests/CreatesApplication.php:31
/var/www/html/vendor/laravel/framework/src/Illuminate/Foundation/Testing/TestCase.php:54
/var/www/html/vendor/laravel/framework/src/Illuminate/Foundation/Testing/Concerns/InteractsWithTestCaseLifecycle.php:92
/var/www/html/vendor/laravel/framework/src/Illuminate/Foundation/Testing/TestCase.php:44
/var/www/html/tests/TestCase.php:36
/var/www/html/tests/Feature/COPRRA/PriceComparisonTest.php:39</error>
        </testcase>
        <testcase name="test_displays_price_range_for_product" file="/var/www/html/tests/Feature/COPRRA/PriceComparisonTest.php" line="183" class="Tests\Feature\COPRRA\PriceComparisonTest" classname="Tests.Feature.COPRRA.PriceComparisonTest" assertions="0" time="0.000000">
          <error type="Error">Tests\Feature\COPRRA\PriceComparisonTest::test_displays_price_range_for_product
Error: Class "Laravel\Dusk\DuskServiceProvider" not found

/var/www/html/vendor/laravel/framework/src/Illuminate/Foundation/Application.php:961
/var/www/html/vendor/laravel/framework/src/Illuminate/Foundation/Application.php:893
/var/www/html/app/Providers/AppServiceProvider.php:51
/var/www/html/vendor/laravel/framework/src/Illuminate/Foundation/Application.php:896
/var/www/html/vendor/laravel/framework/src/Illuminate/Foundation/ProviderRepository.php:74
/var/www/html/vendor/laravel/framework/src/Illuminate/Foundation/Application.php:871
/var/www/html/vendor/laravel/framework/src/Illuminate/Foundation/Bootstrap/RegisterProviders.php:37
/var/www/html/vendor/laravel/framework/src/Illuminate/Foundation/Application.php:342
/var/www/html/vendor/laravel/framework/src/Illuminate/Foundation/Console/Kernel.php:473
/var/www/html/tests/CreatesApplication.php:31
/var/www/html/vendor/laravel/framework/src/Illuminate/Foundation/Testing/TestCase.php:54
/var/www/html/vendor/laravel/framework/src/Illuminate/Foundation/Testing/Concerns/InteractsWithTestCaseLifecycle.php:92
/var/www/html/vendor/laravel/framework/src/Illuminate/Foundation/Testing/TestCase.php:44
/var/www/html/tests/TestCase.php:36
/var/www/html/tests/Feature/COPRRA/PriceComparisonTest.php:39</error>
        </testcase>
        <testcase name="test_compares_prices_across_multiple_stores" file="/var/www/html/tests/Feature/COPRRA/PriceComparisonTest.php" line="90" class="Tests\Feature\COPRRA\PriceComparisonTest" classname="Tests.Feature.COPRRA.PriceComparisonTest" assertions="0" time="0.000000">
          <error type="Error">Tests\Feature\COPRRA\PriceComparisonTest::test_compares_prices_across_multiple_stores
Error: Class "Laravel\Dusk\DuskServiceProvider" not found

/var/www/html/vendor/laravel/framework/src/Illuminate/Foundation/Application.php:961
/var/www/html/vendor/laravel/framework/src/Illuminate/Foundation/Application.php:893
/var/www/html/app/Providers/AppServiceProvider.php:51
/var/www/html/vendor/laravel/framework/src/Illuminate/Foundation/Application.php:896
/var/www/html/vendor/laravel/framework/src/Illuminate/Foundation/ProviderRepository.php:74
/var/www/html/vendor/laravel/framework/src/Illuminate/Foundation/Application.php:871
/var/www/html/vendor/laravel/framework/src/Illuminate/Foundation/Bootstrap/RegisterProviders.php:37
/var/www/html/vendor/laravel/framework/src/Illuminate/Foundation/Application.php:342
/var/www/html/vendor/laravel/framework/src/Illuminate/Foundation/Console/Kernel.php:473
/var/www/html/tests/CreatesApplication.php:31
/var/www/html/vendor/laravel/framework/src/Illuminate/Foundation/Testing/TestCase.php:54
/var/www/html/vendor/laravel/framework/src/Illuminate/Foundation/Testing/Concerns/InteractsWithTestCaseLifecycle.php:92
/var/www/html/vendor/laravel/framework/src/Illuminate/Foundation/Testing/TestCase.php:44
/var/www/html/tests/TestCase.php:36
/var/www/html/tests/Feature/COPRRA/PriceComparisonTest.php:39</error>
        </testcase>
        <testcase name="test_handles_unavailable_products_in_stores" file="/var/www/html/tests/Feature/COPRRA/PriceComparisonTest.php" line="213" class="Tests\Feature\COPRRA\PriceComparisonTest" classname="Tests.Feature.COPRRA.PriceComparisonTest" assertions="0" time="0.000000">
          <error type="Error">Tests\Feature\COPRRA\PriceComparisonTest::test_handles_unavailable_products_in_stores
Error: Class "Laravel\Dusk\DuskServiceProvider" not found

/var/www/html/vendor/laravel/framework/src/Illuminate/Foundation/Application.php:961
/var/www/html/vendor/laravel/framework/src/Illuminate/Foundation/Application.php:893
/var/www/html/app/Providers/AppServiceProvider.php:51
/var/www/html/vendor/laravel/framework/src/Illuminate/Foundation/Application.php:896
/var/www/html/vendor/laravel/framework/src/Illuminate/Foundation/ProviderRepository.php:74
/var/www/html/vendor/laravel/framework/src/Illuminate/Foundation/Application.php:871
/var/www/html/vendor/laravel/framework/src/Illuminate/Foundation/Bootstrap/RegisterProviders.php:37
/var/www/html/vendor/laravel/framework/src/Illuminate/Foundation/Application.php:342
/var/www/html/vendor/laravel/framework/src/Illuminate/Foundation/Console/Kernel.php:473
/var/www/html/tests/CreatesApplication.php:31
/var/www/html/vendor/laravel/framework/src/Illuminate/Foundation/Testing/TestCase.php:54
/var/www/html/vendor/laravel/framework/src/Illuminate/Foundation/Testing/Concerns/InteractsWithTestCaseLifecycle.php:92
/var/www/html/vendor/laravel/framework/src/Illuminate/Foundation/Testing/TestCase.php:44
/var/www/html/tests/TestCase.php:36
/var/www/html/tests/Feature/COPRRA/PriceComparisonTest.php:39</error>
        </testcase>
        <testcase name="test_identifies_best_deal_among_stores" file="/var/www/html/tests/Feature/COPRRA/PriceComparisonTest.php" line="119" class="Tests\Feature\COPRRA\PriceComparisonTest" classname="Tests.Feature.COPRRA.PriceComparisonTest" assertions="0" time="0.000000">
          <error type="Error">Tests\Feature\COPRRA\PriceComparisonTest::test_identifies_best_deal_among_stores
Error: Class "Laravel\Dusk\DuskServiceProvider" not found

/var/www/html/vendor/laravel/framework/src/Illuminate/Foundation/Application.php:961
/var/www/html/vendor/laravel/framework/src/Illuminate/Foundation/Application.php:893
/var/www/html/app/Providers/AppServiceProvider.php:51
/var/www/html/vendor/laravel/framework/src/Illuminate/Foundation/Application.php:896
/var/www/html/vendor/laravel/framework/src/Illuminate/Foundation/ProviderRepository.php:74
/var/www/html/vendor/laravel/framework/src/Illuminate/Foundation/Application.php:871
/var/www/html/vendor/laravel/framework/src/Illuminate/Foundation/Bootstrap/RegisterProviders.php:37
/var/www/html/vendor/laravel/framework/src/Illuminate/Foundation/Application.php:342
/var/www/html/vendor/laravel/framework/src/Illuminate/Foundation/Console/Kernel.php:473
/var/www/html/tests/CreatesApplication.php:31
/var/www/html/vendor/laravel/framework/src/Illuminate/Foundation/Testing/TestCase.php:54
/var/www/html/vendor/laravel/framework/src/Illuminate/Foundation/Testing/Concerns/InteractsWithTestCaseLifecycle.php:92
/var/www/html/vendor/laravel/framework/src/Illuminate/Foundation/Testing/TestCase.php:44
/var/www/html/tests/TestCase.php:36
/var/www/html/tests/Feature/COPRRA/PriceComparisonTest.php:39</error>
        </testcase>
        <testcase name="test_calculates_savings_percentage" file="/var/www/html/tests/Feature/COPRRA/PriceComparisonTest.php" line="146" class="Tests\Feature\COPRRA\PriceComparisonTest" classname="Tests.Feature.COPRRA.PriceComparisonTest" assertions="0" time="0.000000">
          <error type="Error">Tests\Feature\COPRRA\PriceComparisonTest::test_calculates_savings_percentage
Error: Class "Laravel\Dusk\DuskServiceProvider" not found

/var/www/html/vendor/laravel/framework/src/Illuminate/Foundation/Application.php:961
/var/www/html/vendor/laravel/framework/src/Illuminate/Foundation/Application.php:893
/var/www/html/app/Providers/AppServiceProvider.php:51
/var/www/html/vendor/laravel/framework/src/Illuminate/Foundation/Application.php:896
/var/www/html/vendor/laravel/framework/src/Illuminate/Foundation/ProviderRepository.php:74
/var/www/html/vendor/laravel/framework/src/Illuminate/Foundation/Application.php:871
/var/www/html/vendor/laravel/framework/src/Illuminate/Foundation/Bootstrap/RegisterProviders.php:37
/var/www/html/vendor/laravel/framework/src/Illuminate/Foundation/Application.php:342
/var/www/html/vendor/laravel/framework/src/Illuminate/Foundation/Console/Kernel.php:473
/var/www/html/tests/CreatesApplication.php:31
/var/www/html/vendor/laravel/framework/src/Illuminate/Foundation/Testing/TestCase.php:54
/var/www/html/vendor/laravel/framework/src/Illuminate/Foundation/Testing/Concerns/InteractsWithTestCaseLifecycle.php:92
/var/www/html/vendor/laravel/framework/src/Illuminate/Foundation/Testing/TestCase.php:44
/var/www/html/tests/TestCase.php:36
/var/www/html/tests/Feature/COPRRA/PriceComparisonTest.php:39</error>
        </testcase>
        <testcase name="test_caches_price_comparison_results" file="/var/www/html/tests/Feature/COPRRA/PriceComparisonTest.php" line="269" class="Tests\Feature\COPRRA\PriceComparisonTest" classname="Tests.Feature.COPRRA.PriceComparisonTest" assertions="0" time="0.000000">
          <error type="Error">Tests\Feature\COPRRA\PriceComparisonTest::test_caches_price_comparison_results
Error: Class "Laravel\Dusk\DuskServiceProvider" not found

/var/www/html/vendor/laravel/framework/src/Illuminate/Foundation/Application.php:961
/var/www/html/vendor/laravel/framework/src/Illuminate/Foundation/Application.php:893
/var/www/html/app/Providers/AppServiceProvider.php:51
/var/www/html/vendor/laravel/framework/src/Illuminate/Foundation/Application.php:896
/var/www/html/vendor/laravel/framework/src/Illuminate/Foundation/ProviderRepository.php:74
/var/www/html/vendor/laravel/framework/src/Illuminate/Foundation/Application.php:871
/var/www/html/vendor/laravel/framework/src/Illuminate/Foundation/Bootstrap/RegisterProviders.php:37
/var/www/html/vendor/laravel/framework/src/Illuminate/Foundation/Application.php:342
/var/www/html/vendor/laravel/framework/src/Illuminate/Foundation/Console/Kernel.php:473
/var/www/html/tests/CreatesApplication.php:31
/var/www/html/vendor/laravel/framework/src/Illuminate/Foundation/Testing/TestCase.php:54
/var/www/html/vendor/laravel/framework/src/Illuminate/Foundation/Testing/Concerns/InteractsWithTestCaseLifecycle.php:92
/var/www/html/vendor/laravel/framework/src/Illuminate/Foundation/Testing/TestCase.php:44
/var/www/html/tests/TestCase.php:36
/var/www/html/tests/Feature/COPRRA/PriceComparisonTest.php:39</error>
        </testcase>
      </testsuite>
      <testsuite name="Tests\Feature\Models\LanguageTest" file="/var/www/html/tests/Feature/Models/LanguageTest.php" tests="3" assertions="0" errors="3" failures="0" skipped="0" time="0.000000">
        <testcase name="test_it_can_create_a_language" file="/var/www/html/tests/Feature/Models/LanguageTest.php" line="16" class="Tests\Feature\Models\LanguageTest" classname="Tests.Feature.Models.LanguageTest" assertions="0" time="0.000000">
          <error type="Error">Tests\Feature\Models\LanguageTest::test_it_can_create_a_language
Error: Class "Laravel\Dusk\DuskServiceProvider" not found

/var/www/html/vendor/laravel/framework/src/Illuminate/Foundation/Application.php:961
/var/www/html/vendor/laravel/framework/src/Illuminate/Foundation/Application.php:893
/var/www/html/app/Providers/AppServiceProvider.php:51
/var/www/html/vendor/laravel/framework/src/Illuminate/Foundation/Application.php:896
/var/www/html/vendor/laravel/framework/src/Illuminate/Foundation/ProviderRepository.php:74
/var/www/html/vendor/laravel/framework/src/Illuminate/Foundation/Application.php:871
/var/www/html/vendor/laravel/framework/src/Illuminate/Foundation/Bootstrap/RegisterProviders.php:37
/var/www/html/vendor/laravel/framework/src/Illuminate/Foundation/Application.php:342
/var/www/html/vendor/laravel/framework/src/Illuminate/Foundation/Console/Kernel.php:473
/var/www/html/tests/CreatesApplication.php:31
/var/www/html/vendor/laravel/framework/src/Illuminate/Foundation/Testing/TestCase.php:54
/var/www/html/vendor/laravel/framework/src/Illuminate/Foundation/Testing/Concerns/InteractsWithTestCaseLifecycle.php:92
/var/www/html/vendor/laravel/framework/src/Illuminate/Foundation/Testing/TestCase.php:44
/var/www/html/tests/TestCase.php:36
/var/www/html/tests/Feature/Models/LanguageTest.php:50</error>
        </testcase>
        <testcase name="test_it_can_be_instantiated" file="/var/www/html/tests/Feature/Models/LanguageTest.php" line="38" class="Tests\Feature\Models\LanguageTest" classname="Tests.Feature.Models.LanguageTest" assertions="0" time="0.000000">
          <error type="Error">Tests\Feature\Models\LanguageTest::test_it_can_be_instantiated
Error: Class "Laravel\Dusk\DuskServiceProvider" not found

/var/www/html/vendor/laravel/framework/src/Illuminate/Foundation/Application.php:961
/var/www/html/vendor/laravel/framework/src/Illuminate/Foundation/Application.php:893
/var/www/html/app/Providers/AppServiceProvider.php:51
/var/www/html/vendor/laravel/framework/src/Illuminate/Foundation/Application.php:896
/var/www/html/vendor/laravel/framework/src/Illuminate/Foundation/ProviderRepository.php:74
/var/www/html/vendor/laravel/framework/src/Illuminate/Foundation/Application.php:871
/var/www/html/vendor/laravel/framework/src/Illuminate/Foundation/Bootstrap/RegisterProviders.php:37
/var/www/html/vendor/laravel/framework/src/Illuminate/Foundation/Application.php:342
/var/www/html/vendor/laravel/framework/src/Illuminate/Foundation/Console/Kernel.php:473
/var/www/html/tests/CreatesApplication.php:31
/var/www/html/vendor/laravel/framework/src/Illuminate/Foundation/Testing/TestCase.php:54
/var/www/html/vendor/laravel/framework/src/Illuminate/Foundation/Testing/Concerns/InteractsWithTestCaseLifecycle.php:92
/var/www/html/vendor/laravel/framework/src/Illuminate/Foundation/Testing/TestCase.php:44
/var/www/html/tests/TestCase.php:36
/var/www/html/tests/Feature/Models/LanguageTest.php:50</error>
        </testcase>
        <testcase name="test_it_has_expected_properties" file="/var/www/html/tests/Feature/Models/LanguageTest.php" line="27" class="Tests\Feature\Models\LanguageTest" classname="Tests.Feature.Models.LanguageTest" assertions="0" time="0.000000">
          <error type="Error">Tests\Feature\Models\LanguageTest::test_it_has_expected_properties
Error: Class "Laravel\Dusk\DuskServiceProvider" not found

/var/www/html/vendor/laravel/framework/src/Illuminate/Foundation/Application.php:961
/var/www/html/vendor/laravel/framework/src/Illuminate/Foundation/Application.php:893
/var/www/html/app/Providers/AppServiceProvider.php:51
/var/www/html/vendor/laravel/framework/src/Illuminate/Foundation/Application.php:896
/var/www/html/vendor/laravel/framework/src/Illuminate/Foundation/ProviderRepository.php:74
/var/www/html/vendor/laravel/framework/src/Illuminate/Foundation/Application.php:871
/var/www/html/vendor/laravel/framework/src/Illuminate/Foundation/Bootstrap/RegisterProviders.php:37
/var/www/html/vendor/laravel/framework/src/Illuminate/Foundation/Application.php:342
/var/www/html/vendor/laravel/framework/src/Illuminate/Foundation/Console/Kernel.php:473
/var/www/html/tests/CreatesApplication.php:31
/var/www/html/vendor/laravel/framework/src/Illuminate/Foundation/Testing/TestCase.php:54
/var/www/html/vendor/laravel/framework/src/Illuminate/Foundation/Testing/Concerns/InteractsWithTestCaseLifecycle.php:92
/var/www/html/vendor/laravel/framework/src/Illuminate/Foundation/Testing/TestCase.php:44
/var/www/html/tests/TestCase.php:36
/var/www/html/tests/Feature/Models/LanguageTest.php:50</error>
        </testcase>
      </testsuite>
      <testsuite name="Tests\Feature\Models\NotificationSimpleTest" file="/var/www/html/tests/Feature/Models/NotificationSimpleTest.php" tests="33" assertions="0" errors="33" failures="0" skipped="0" time="0.000000">
        <testcase name="test_get_retry_count_returns_correct_count" file="/var/www/html/tests/Feature/Models/NotificationSimpleTest.php" line="385" class="Tests\Feature\Models\NotificationSimpleTest" classname="Tests.Feature.Models.NotificationSimpleTest" assertions="0" time="0.000000">
          <error type="Error">Tests\Feature\Models\NotificationSimpleTest::test_get_retry_count_returns_correct_count
Error: Class "Laravel\Dusk\DuskServiceProvider" not found

/var/www/html/vendor/laravel/framework/src/Illuminate/Foundation/Application.php:961
/var/www/html/vendor/laravel/framework/src/Illuminate/Foundation/Application.php:893
/var/www/html/app/Providers/AppServiceProvider.php:51
/var/www/html/vendor/laravel/framework/src/Illuminate/Foundation/Application.php:896
/var/www/html/vendor/laravel/framework/src/Illuminate/Foundation/ProviderRepository.php:74
/var/www/html/vendor/laravel/framework/src/Illuminate/Foundation/Application.php:871
/var/www/html/vendor/laravel/framework/src/Illuminate/Foundation/Bootstrap/RegisterProviders.php:37
/var/www/html/vendor/laravel/framework/src/Illuminate/Foundation/Application.php:342
/var/www/html/vendor/laravel/framework/src/Illuminate/Foundation/Console/Kernel.php:473
/var/www/html/tests/CreatesApplication.php:31
/var/www/html/vendor/laravel/framework/src/Illuminate/Foundation/Testing/TestCase.php:54
/var/www/html/vendor/laravel/framework/src/Illuminate/Foundation/Testing/Concerns/InteractsWithTestCaseLifecycle.php:92
/var/www/html/vendor/laravel/framework/src/Illuminate/Foundation/Testing/TestCase.php:44
/var/www/html/tests/TestCase.php:36
/var/www/html/tests/Feature/Models/NotificationSimpleTest.php:21</error>
        </testcase>
        <testcase name="test_can_retry_returns_correct_boolean" file="/var/www/html/tests/Feature/Models/NotificationSimpleTest.php" line="401" class="Tests\Feature\Models\NotificationSimpleTest" classname="Tests.Feature.Models.NotificationSimpleTest" assertions="0" time="0.000000">
          <error type="Error">Tests\Feature\Models\NotificationSimpleTest::test_can_retry_returns_correct_boolean
Error: Class "Laravel\Dusk\DuskServiceProvider" not found

/var/www/html/vendor/laravel/framework/src/Illuminate/Foundation/Application.php:961
/var/www/html/vendor/laravel/framework/src/Illuminate/Foundation/Application.php:893
/var/www/html/app/Providers/AppServiceProvider.php:51
/var/www/html/vendor/laravel/framework/src/Illuminate/Foundation/Application.php:896
/var/www/html/vendor/laravel/framework/src/Illuminate/Foundation/ProviderRepository.php:74
/var/www/html/vendor/laravel/framework/src/Illuminate/Foundation/Application.php:871
/var/www/html/vendor/laravel/framework/src/Illuminate/Foundation/Bootstrap/RegisterProviders.php:37
/var/www/html/vendor/laravel/framework/src/Illuminate/Foundation/Application.php:342
/var/www/html/vendor/laravel/framework/src/Illuminate/Foundation/Console/Kernel.php:473
/var/www/html/tests/CreatesApplication.php:31
/var/www/html/vendor/laravel/framework/src/Illuminate/Foundation/Testing/TestCase.php:54
/var/www/html/vendor/laravel/framework/src/Illuminate/Foundation/Testing/Concerns/InteractsWithTestCaseLifecycle.php:92
/var/www/html/vendor/laravel/framework/src/Illuminate/Foundation/Testing/TestCase.php:44
/var/www/html/tests/TestCase.php:36
/var/www/html/tests/Feature/Models/NotificationSimpleTest.php:21</error>
        </testcase>
        <testcase name="test_has_tag_returns_correct_boolean" file="/var/www/html/tests/Feature/Models/NotificationSimpleTest.php" line="374" class="Tests\Feature\Models\NotificationSimpleTest" classname="Tests.Feature.Models.NotificationSimpleTest" assertions="0" time="0.000000">
          <error type="Error">Tests\Feature\Models\NotificationSimpleTest::test_has_tag_returns_correct_boolean
Error: Class "Laravel\Dusk\DuskServiceProvider" not found

/var/www/html/vendor/laravel/framework/src/Illuminate/Foundation/Application.php:961
/var/www/html/vendor/laravel/framework/src/Illuminate/Foundation/Application.php:893
/var/www/html/app/Providers/AppServiceProvider.php:51
/var/www/html/vendor/laravel/framework/src/Illuminate/Foundation/Application.php:896
/var/www/html/vendor/laravel/framework/src/Illuminate/Foundation/ProviderRepository.php:74
/var/www/html/vendor/laravel/framework/src/Illuminate/Foundation/Application.php:871
/var/www/html/vendor/laravel/framework/src/Illuminate/Foundation/Bootstrap/RegisterProviders.php:37
/var/www/html/vendor/laravel/framework/src/Illuminate/Foundation/Application.php:342
/var/www/html/vendor/laravel/framework/src/Illuminate/Foundation/Console/Kernel.php:473
/var/www/html/tests/CreatesApplication.php:31
/var/www/html/vendor/laravel/framework/src/Illuminate/Foundation/Testing/TestCase.php:54
/var/www/html/vendor/laravel/framework/src/Illuminate/Foundation/Testing/Concerns/InteractsWithTestCaseLifecycle.php:92
/var/www/html/vendor/laravel/framework/src/Illuminate/Foundation/Testing/TestCase.php:44
/var/www/html/tests/TestCase.php:36
/var/www/html/tests/Feature/Models/NotificationSimpleTest.php:21</error>
        </testcase>
        <testcase name="test_get_color_returns_correct_colors" file="/var/www/html/tests/Feature/Models/NotificationSimpleTest.php" line="275" class="Tests\Feature\Models\NotificationSimpleTest" classname="Tests.Feature.Models.NotificationSimpleTest" assertions="0" time="0.000000">
          <error type="Error">Tests\Feature\Models\NotificationSimpleTest::test_get_color_returns_correct_colors
Error: Class "Laravel\Dusk\DuskServiceProvider" not found

/var/www/html/vendor/laravel/framework/src/Illuminate/Foundation/Application.php:961
/var/www/html/vendor/laravel/framework/src/Illuminate/Foundation/Application.php:893
/var/www/html/app/Providers/AppServiceProvider.php:51
/var/www/html/vendor/laravel/framework/src/Illuminate/Foundation/Application.php:896
/var/www/html/vendor/laravel/framework/src/Illuminate/Foundation/ProviderRepository.php:74
/var/www/html/vendor/laravel/framework/src/Illuminate/Foundation/Application.php:871
/var/www/html/vendor/laravel/framework/src/Illuminate/Foundation/Bootstrap/RegisterProviders.php:37
/var/www/html/vendor/laravel/framework/src/Illuminate/Foundation/Application.php:342
/var/www/html/vendor/laravel/framework/src/Illuminate/Foundation/Console/Kernel.php:473
/var/www/html/tests/CreatesApplication.php:31
/var/www/html/vendor/laravel/framework/src/Illuminate/Foundation/Testing/TestCase.php:54
/var/www/html/vendor/laravel/framework/src/Illuminate/Foundation/Testing/Concerns/InteractsWithTestCaseLifecycle.php:92
/var/www/html/vendor/laravel/framework/src/Illuminate/Foundation/Testing/TestCase.php:44
/var/www/html/tests/TestCase.php:36
/var/www/html/tests/Feature/Models/NotificationSimpleTest.php:21</error>
        </testcase>
        <testcase name="test_get_type_display_name_returns_correct_names" file="/var/www/html/tests/Feature/Models/NotificationSimpleTest.php" line="207" class="Tests\Feature\Models\NotificationSimpleTest" classname="Tests.Feature.Models.NotificationSimpleTest" assertions="0" time="0.000000">
          <error type="Error">Tests\Feature\Models\NotificationSimpleTest::test_get_type_display_name_returns_correct_names
Error: Class "Laravel\Dusk\DuskServiceProvider" not found

/var/www/html/vendor/laravel/framework/src/Illuminate/Foundation/Application.php:961
/var/www/html/vendor/laravel/framework/src/Illuminate/Foundation/Application.php:893
/var/www/html/app/Providers/AppServiceProvider.php:51
/var/www/html/vendor/laravel/framework/src/Illuminate/Foundation/Application.php:896
/var/www/html/vendor/laravel/framework/src/Illuminate/Foundation/ProviderRepository.php:74
/var/www/html/vendor/laravel/framework/src/Illuminate/Foundation/Application.php:871
/var/www/html/vendor/laravel/framework/src/Illuminate/Foundation/Bootstrap/RegisterProviders.php:37
/var/www/html/vendor/laravel/framework/src/Illuminate/Foundation/Application.php:342
/var/www/html/vendor/laravel/framework/src/Illuminate/Foundation/Console/Kernel.php:473
/var/www/html/tests/CreatesApplication.php:31
/var/www/html/vendor/laravel/framework/src/Illuminate/Foundation/Testing/TestCase.php:54
/var/www/html/vendor/laravel/framework/src/Illuminate/Foundation/Testing/Concerns/InteractsWithTestCaseLifecycle.php:92
/var/www/html/vendor/laravel/framework/src/Illuminate/Foundation/Testing/TestCase.php:44
/var/www/html/tests/TestCase.php:36
/var/www/html/tests/Feature/Models/NotificationSimpleTest.php:21</error>
        </testcase>
        <testcase name="test_is_sent_returns_true_when_sent_at_is_set" file="/var/www/html/tests/Feature/Models/NotificationSimpleTest.php" line="130" class="Tests\Feature\Models\NotificationSimpleTest" classname="Tests.Feature.Models.NotificationSimpleTest" assertions="0" time="0.000000">
          <error type="Error">Tests\Feature\Models\NotificationSimpleTest::test_is_sent_returns_true_when_sent_at_is_set
Error: Class "Laravel\Dusk\DuskServiceProvider" not found

/var/www/html/vendor/laravel/framework/src/Illuminate/Foundation/Application.php:961
/var/www/html/vendor/laravel/framework/src/Illuminate/Foundation/Application.php:893
/var/www/html/app/Providers/AppServiceProvider.php:51
/var/www/html/vendor/laravel/framework/src/Illuminate/Foundation/Application.php:896
/var/www/html/vendor/laravel/framework/src/Illuminate/Foundation/ProviderRepository.php:74
/var/www/html/vendor/laravel/framework/src/Illuminate/Foundation/Application.php:871
/var/www/html/vendor/laravel/framework/src/Illuminate/Foundation/Bootstrap/RegisterProviders.php:37
/var/www/html/vendor/laravel/framework/src/Illuminate/Foundation/Application.php:342
/var/www/html/vendor/laravel/framework/src/Illuminate/Foundation/Console/Kernel.php:473
/var/www/html/tests/CreatesApplication.php:31
/var/www/html/vendor/laravel/framework/src/Illuminate/Foundation/Testing/TestCase.php:54
/var/www/html/vendor/laravel/framework/src/Illuminate/Foundation/Testing/Concerns/InteractsWithTestCaseLifecycle.php:92
/var/www/html/vendor/laravel/framework/src/Illuminate/Foundation/Testing/TestCase.php:44
/var/www/html/tests/TestCase.php:36
/var/www/html/tests/Feature/Models/NotificationSimpleTest.php:21</error>
        </testcase>
        <testcase name="test_is_sent_returns_false_when_sent_at_is_null" file="/var/www/html/tests/Feature/Models/NotificationSimpleTest.php" line="139" class="Tests\Feature\Models\NotificationSimpleTest" classname="Tests.Feature.Models.NotificationSimpleTest" assertions="0" time="0.000000">
          <error type="Error">Tests\Feature\Models\NotificationSimpleTest::test_is_sent_returns_false_when_sent_at_is_null
Error: Class "Laravel\Dusk\DuskServiceProvider" not found

/var/www/html/vendor/laravel/framework/src/Illuminate/Foundation/Application.php:961
/var/www/html/vendor/laravel/framework/src/Illuminate/Foundation/Application.php:893
/var/www/html/app/Providers/AppServiceProvider.php:51
/var/www/html/vendor/laravel/framework/src/Illuminate/Foundation/Application.php:896
/var/www/html/vendor/laravel/framework/src/Illuminate/Foundation/ProviderRepository.php:74
/var/www/html/vendor/laravel/framework/src/Illuminate/Foundation/Application.php:871
/var/www/html/vendor/laravel/framework/src/Illuminate/Foundation/Bootstrap/RegisterProviders.php:37
/var/www/html/vendor/laravel/framework/src/Illuminate/Foundation/Application.php:342
/var/www/html/vendor/laravel/framework/src/Illuminate/Foundation/Console/Kernel.php:473
/var/www/html/tests/CreatesApplication.php:31
/var/www/html/vendor/laravel/framework/src/Illuminate/Foundation/Testing/TestCase.php:54
/var/www/html/vendor/laravel/framework/src/Illuminate/Foundation/Testing/Concerns/InteractsWithTestCaseLifecycle.php:92
/var/www/html/vendor/laravel/framework/src/Illuminate/Foundation/Testing/TestCase.php:44
/var/www/html/tests/TestCase.php:36
/var/www/html/tests/Feature/Models/NotificationSimpleTest.php:21</error>
        </testcase>
        <testcase name="test_it_uses_timestamps" file="/var/www/html/tests/Feature/Models/NotificationSimpleTest.php" line="80" class="Tests\Feature\Models\NotificationSimpleTest" classname="Tests.Feature.Models.NotificationSimpleTest" assertions="0" time="0.000000">
          <error type="Error">Tests\Feature\Models\NotificationSimpleTest::test_it_uses_timestamps
Error: Class "Laravel\Dusk\DuskServiceProvider" not found

/var/www/html/vendor/laravel/framework/src/Illuminate/Foundation/Application.php:961
/var/www/html/vendor/laravel/framework/src/Illuminate/Foundation/Application.php:893
/var/www/html/app/Providers/AppServiceProvider.php:51
/var/www/html/vendor/laravel/framework/src/Illuminate/Foundation/Application.php:896
/var/www/html/vendor/laravel/framework/src/Illuminate/Foundation/ProviderRepository.php:74
/var/www/html/vendor/laravel/framework/src/Illuminate/Foundation/Application.php:871
/var/www/html/vendor/laravel/framework/src/Illuminate/Foundation/Bootstrap/RegisterProviders.php:37
/var/www/html/vendor/laravel/framework/src/Illuminate/Foundation/Application.php:342
/var/www/html/vendor/laravel/framework/src/Illuminate/Foundation/Console/Kernel.php:473
/var/www/html/tests/CreatesApplication.php:31
/var/www/html/vendor/laravel/framework/src/Illuminate/Foundation/Testing/TestCase.php:54
/var/www/html/vendor/laravel/framework/src/Illuminate/Foundation/Testing/Concerns/InteractsWithTestCaseLifecycle.php:92
/var/www/html/vendor/laravel/framework/src/Illuminate/Foundation/Testing/TestCase.php:44
/var/www/html/tests/TestCase.php:36
/var/www/html/tests/Feature/Models/NotificationSimpleTest.php:21</error>
        </testcase>
        <testcase name="test_can_retry_returns_false_when_not_failed" file="/var/www/html/tests/Feature/Models/NotificationSimpleTest.php" line="412" class="Tests\Feature\Models\NotificationSimpleTest" classname="Tests.Feature.Models.NotificationSimpleTest" assertions="0" time="0.000000">
          <error type="Error">Tests\Feature\Models\NotificationSimpleTest::test_can_retry_returns_false_when_not_failed
Error: Class "Laravel\Dusk\DuskServiceProvider" not found

/var/www/html/vendor/laravel/framework/src/Illuminate/Foundation/Application.php:961
/var/www/html/vendor/laravel/framework/src/Illuminate/Foundation/Application.php:893
/var/www/html/app/Providers/AppServiceProvider.php:51
/var/www/html/vendor/laravel/framework/src/Illuminate/Foundation/Application.php:896
/var/www/html/vendor/laravel/framework/src/Illuminate/Foundation/ProviderRepository.php:74
/var/www/html/vendor/laravel/framework/src/Illuminate/Foundation/Application.php:871
/var/www/html/vendor/laravel/framework/src/Illuminate/Foundation/Bootstrap/RegisterProviders.php:37
/var/www/html/vendor/laravel/framework/src/Illuminate/Foundation/Application.php:342
/var/www/html/vendor/laravel/framework/src/Illuminate/Foundation/Console/Kernel.php:473
/var/www/html/tests/CreatesApplication.php:31
/var/www/html/vendor/laravel/framework/src/Illuminate/Foundation/Testing/TestCase.php:54
/var/www/html/vendor/laravel/framework/src/Illuminate/Foundation/Testing/Concerns/InteractsWithTestCaseLifecycle.php:92
/var/www/html/vendor/laravel/framework/src/Illuminate/Foundation/Testing/TestCase.php:44
/var/www/html/tests/TestCase.php:36
/var/www/html/tests/Feature/Models/NotificationSimpleTest.php:21</error>
        </testcase>
        <testcase name="test_is_read_returns_true_when_read_at_is_set" file="/var/www/html/tests/Feature/Models/NotificationSimpleTest.php" line="98" class="Tests\Feature\Models\NotificationSimpleTest" classname="Tests.Feature.Models.NotificationSimpleTest" assertions="0" time="0.000000">
          <error type="Error">Tests\Feature\Models\NotificationSimpleTest::test_is_read_returns_true_when_read_at_is_set
Error: Class "Laravel\Dusk\DuskServiceProvider" not found

/var/www/html/vendor/laravel/framework/src/Illuminate/Foundation/Application.php:961
/var/www/html/vendor/laravel/framework/src/Illuminate/Foundation/Application.php:893
/var/www/html/app/Providers/AppServiceProvider.php:51
/var/www/html/vendor/laravel/framework/src/Illuminate/Foundation/Application.php:896
/var/www/html/vendor/laravel/framework/src/Illuminate/Foundation/ProviderRepository.php:74
/var/www/html/vendor/laravel/framework/src/Illuminate/Foundation/Application.php:871
/var/www/html/vendor/laravel/framework/src/Illuminate/Foundation/Bootstrap/RegisterProviders.php:37
/var/www/html/vendor/laravel/framework/src/Illuminate/Foundation/Application.php:342
/var/www/html/vendor/laravel/framework/src/Illuminate/Foundation/Console/Kernel.php:473
/var/www/html/tests/CreatesApplication.php:31
/var/www/html/vendor/laravel/framework/src/Illuminate/Foundation/Testing/TestCase.php:54
/var/www/html/vendor/laravel/framework/src/Illuminate/Foundation/Testing/Concerns/InteractsWithTestCaseLifecycle.php:92
/var/www/html/vendor/laravel/framework/src/Illuminate/Foundation/Testing/TestCase.php:44
/var/www/html/tests/TestCase.php:36
/var/www/html/tests/Feature/Models/NotificationSimpleTest.php:21</error>
        </testcase>
        <testcase name="test_is_read_returns_false_when_read_at_is_null" file="/var/www/html/tests/Feature/Models/NotificationSimpleTest.php" line="106" class="Tests\Feature\Models\NotificationSimpleTest" classname="Tests.Feature.Models.NotificationSimpleTest" assertions="0" time="0.000000">
          <error type="Error">Tests\Feature\Models\NotificationSimpleTest::test_is_read_returns_false_when_read_at_is_null
Error: Class "Laravel\Dusk\DuskServiceProvider" not found

/var/www/html/vendor/laravel/framework/src/Illuminate/Foundation/Application.php:961
/var/www/html/vendor/laravel/framework/src/Illuminate/Foundation/Application.php:893
/var/www/html/app/Providers/AppServiceProvider.php:51
/var/www/html/vendor/laravel/framework/src/Illuminate/Foundation/Application.php:896
/var/www/html/vendor/laravel/framework/src/Illuminate/Foundation/ProviderRepository.php:74
/var/www/html/vendor/laravel/framework/src/Illuminate/Foundation/Application.php:871
/var/www/html/vendor/laravel/framework/src/Illuminate/Foundation/Bootstrap/RegisterProviders.php:37
/var/www/html/vendor/laravel/framework/src/Illuminate/Foundation/Application.php:342
/var/www/html/vendor/laravel/framework/src/Illuminate/Foundation/Console/Kernel.php:473
/var/www/html/tests/CreatesApplication.php:31
/var/www/html/vendor/laravel/framework/src/Illuminate/Foundation/Testing/TestCase.php:54
/var/www/html/vendor/laravel/framework/src/Illuminate/Foundation/Testing/Concerns/InteractsWithTestCaseLifecycle.php:92
/var/www/html/vendor/laravel/framework/src/Illuminate/Foundation/Testing/TestCase.php:44
/var/www/html/tests/TestCase.php:36
/var/www/html/tests/Feature/Models/NotificationSimpleTest.php:21</error>
        </testcase>
        <testcase name="test_get_badge_text_returns_correct_text" file="/var/www/html/tests/Feature/Models/NotificationSimpleTest.php" line="293" class="Tests\Feature\Models\NotificationSimpleTest" classname="Tests.Feature.Models.NotificationSimpleTest" assertions="0" time="0.000000">
          <error type="Error">Tests\Feature\Models\NotificationSimpleTest::test_get_badge_text_returns_correct_text
Error: Class "Laravel\Dusk\DuskServiceProvider" not found

/var/www/html/vendor/laravel/framework/src/Illuminate/Foundation/Application.php:961
/var/www/html/vendor/laravel/framework/src/Illuminate/Foundation/Application.php:893
/var/www/html/app/Providers/AppServiceProvider.php:51
/var/www/html/vendor/laravel/framework/src/Illuminate/Foundation/Application.php:896
/var/www/html/vendor/laravel/framework/src/Illuminate/Foundation/ProviderRepository.php:74
/var/www/html/vendor/laravel/framework/src/Illuminate/Foundation/Application.php:871
/var/www/html/vendor/laravel/framework/src/Illuminate/Foundation/Bootstrap/RegisterProviders.php:37
/var/www/html/vendor/laravel/framework/src/Illuminate/Foundation/Application.php:342
/var/www/html/vendor/laravel/framework/src/Illuminate/Foundation/Console/Kernel.php:473
/var/www/html/tests/CreatesApplication.php:31
/var/www/html/vendor/laravel/framework/src/Illuminate/Foundation/Testing/TestCase.php:54
/var/www/html/vendor/laravel/framework/src/Illuminate/Foundation/Testing/Concerns/InteractsWithTestCaseLifecycle.php:92
/var/www/html/vendor/laravel/framework/src/Illuminate/Foundation/Testing/TestCase.php:44
/var/www/html/tests/TestCase.php:36
/var/www/html/tests/Feature/Models/NotificationSimpleTest.php:21</error>
        </testcase>
        <testcase name="test_it_has_correct_fillable_attributes" file="/var/www/html/tests/Feature/Models/NotificationSimpleTest.php" line="31" class="Tests\Feature\Models\NotificationSimpleTest" classname="Tests.Feature.Models.NotificationSimpleTest" assertions="0" time="0.000000">
          <error type="Error">Tests\Feature\Models\NotificationSimpleTest::test_it_has_correct_fillable_attributes
Error: Class "Laravel\Dusk\DuskServiceProvider" not found

/var/www/html/vendor/laravel/framework/src/Illuminate/Foundation/Application.php:961
/var/www/html/vendor/laravel/framework/src/Illuminate/Foundation/Application.php:893
/var/www/html/app/Providers/AppServiceProvider.php:51
/var/www/html/vendor/laravel/framework/src/Illuminate/Foundation/Application.php:896
/var/www/html/vendor/laravel/framework/src/Illuminate/Foundation/ProviderRepository.php:74
/var/www/html/vendor/laravel/framework/src/Illuminate/Foundation/Application.php:871
/var/www/html/vendor/laravel/framework/src/Illuminate/Foundation/Bootstrap/RegisterProviders.php:37
/var/www/html/vendor/laravel/framework/src/Illuminate/Foundation/Application.php:342
/var/www/html/vendor/laravel/framework/src/Illuminate/Foundation/Console/Kernel.php:473
/var/www/html/tests/CreatesApplication.php:31
/var/www/html/vendor/laravel/framework/src/Illuminate/Foundation/Testing/TestCase.php:54
/var/www/html/vendor/laravel/framework/src/Illuminate/Foundation/Testing/Concerns/InteractsWithTestCaseLifecycle.php:92
/var/www/html/vendor/laravel/framework/src/Illuminate/Foundation/Testing/TestCase.php:44
/var/www/html/tests/TestCase.php:36
/var/www/html/tests/Feature/Models/NotificationSimpleTest.php:21</error>
        </testcase>
        <testcase name="test_it_has_correct_casts" file="/var/www/html/tests/Feature/Models/NotificationSimpleTest.php" line="54" class="Tests\Feature\Models\NotificationSimpleTest" classname="Tests.Feature.Models.NotificationSimpleTest" assertions="0" time="0.000000">
          <error type="Error">Tests\Feature\Models\NotificationSimpleTest::test_it_has_correct_casts
Error: Class "Laravel\Dusk\DuskServiceProvider" not found

/var/www/html/vendor/laravel/framework/src/Illuminate/Foundation/Application.php:961
/var/www/html/vendor/laravel/framework/src/Illuminate/Foundation/Application.php:893
/var/www/html/app/Providers/AppServiceProvider.php:51
/var/www/html/vendor/laravel/framework/src/Illuminate/Foundation/Application.php:896
/var/www/html/vendor/laravel/framework/src/Illuminate/Foundation/ProviderRepository.php:74
/var/www/html/vendor/laravel/framework/src/Illuminate/Foundation/Application.php:871
/var/www/html/vendor/laravel/framework/src/Illuminate/Foundation/Bootstrap/RegisterProviders.php:37
/var/www/html/vendor/laravel/framework/src/Illuminate/Foundation/Application.php:342
/var/www/html/vendor/laravel/framework/src/Illuminate/Foundation/Console/Kernel.php:473
/var/www/html/tests/CreatesApplication.php:31
/var/www/html/vendor/laravel/framework/src/Illuminate/Foundation/Testing/TestCase.php:54
/var/www/html/vendor/laravel/framework/src/Illuminate/Foundation/Testing/Concerns/InteractsWithTestCaseLifecycle.php:92
/var/www/html/vendor/laravel/framework/src/Illuminate/Foundation/Testing/TestCase.php:44
/var/www/html/tests/TestCase.php:36
/var/www/html/tests/Feature/Models/NotificationSimpleTest.php:21</error>
        </testcase>
        <testcase name="test_get_channel_display_name_returns_correct_names" file="/var/www/html/tests/Feature/Models/NotificationSimpleTest.php" line="223" class="Tests\Feature\Models\NotificationSimpleTest" classname="Tests.Feature.Models.NotificationSimpleTest" assertions="0" time="0.000000">
          <error type="Error">Tests\Feature\Models\NotificationSimpleTest::test_get_channel_display_name_returns_correct_names
Error: Class "Laravel\Dusk\DuskServiceProvider" not found

/var/www/html/vendor/laravel/framework/src/Illuminate/Foundation/Application.php:961
/var/www/html/vendor/laravel/framework/src/Illuminate/Foundation/Application.php:893
/var/www/html/app/Providers/AppServiceProvider.php:51
/var/www/html/vendor/laravel/framework/src/Illuminate/Foundation/Application.php:896
/var/www/html/vendor/laravel/framework/src/Illuminate/Foundation/ProviderRepository.php:74
/var/www/html/vendor/laravel/framework/src/Illuminate/Foundation/Application.php:871
/var/www/html/vendor/laravel/framework/src/Illuminate/Foundation/Bootstrap/RegisterProviders.php:37
/var/www/html/vendor/laravel/framework/src/Illuminate/Foundation/Application.php:342
/var/www/html/vendor/laravel/framework/src/Illuminate/Foundation/Console/Kernel.php:473
/var/www/html/tests/CreatesApplication.php:31
/var/www/html/vendor/laravel/framework/src/Illuminate/Foundation/Testing/TestCase.php:54
/var/www/html/vendor/laravel/framework/src/Illuminate/Foundation/Testing/Concerns/InteractsWithTestCaseLifecycle.php:92
/var/www/html/vendor/laravel/framework/src/Illuminate/Foundation/Testing/TestCase.php:44
/var/www/html/tests/TestCase.php:36
/var/www/html/tests/Feature/Models/NotificationSimpleTest.php:21</error>
        </testcase>
        <testcase name="test_get_priority_level_returns_correct_levels" file="/var/www/html/tests/Feature/Models/NotificationSimpleTest.php" line="186" class="Tests\Feature\Models\NotificationSimpleTest" classname="Tests.Feature.Models.NotificationSimpleTest" assertions="0" time="0.000000">
          <error type="Error">Tests\Feature\Models\NotificationSimpleTest::test_get_priority_level_returns_correct_levels
Error: Class "Laravel\Dusk\DuskServiceProvider" not found

/var/www/html/vendor/laravel/framework/src/Illuminate/Foundation/Application.php:961
/var/www/html/vendor/laravel/framework/src/Illuminate/Foundation/Application.php:893
/var/www/html/app/Providers/AppServiceProvider.php:51
/var/www/html/vendor/laravel/framework/src/Illuminate/Foundation/Application.php:896
/var/www/html/vendor/laravel/framework/src/Illuminate/Foundation/ProviderRepository.php:74
/var/www/html/vendor/laravel/framework/src/Illuminate/Foundation/Application.php:871
/var/www/html/vendor/laravel/framework/src/Illuminate/Foundation/Bootstrap/RegisterProviders.php:37
/var/www/html/vendor/laravel/framework/src/Illuminate/Foundation/Application.php:342
/var/www/html/vendor/laravel/framework/src/Illuminate/Foundation/Console/Kernel.php:473
/var/www/html/tests/CreatesApplication.php:31
/var/www/html/vendor/laravel/framework/src/Illuminate/Foundation/Testing/TestCase.php:54
/var/www/html/vendor/laravel/framework/src/Illuminate/Foundation/Testing/Concerns/InteractsWithTestCaseLifecycle.php:92
/var/www/html/vendor/laravel/framework/src/Illuminate/Foundation/Testing/TestCase.php:44
/var/www/html/tests/TestCase.php:36
/var/www/html/tests/Feature/Models/NotificationSimpleTest.php:21</error>
        </testcase>
        <testcase name="test_get_status_display_name_returns_correct_names" file="/var/www/html/tests/Feature/Models/NotificationSimpleTest.php" line="241" class="Tests\Feature\Models\NotificationSimpleTest" classname="Tests.Feature.Models.NotificationSimpleTest" assertions="0" time="0.000000">
          <error type="Error">Tests\Feature\Models\NotificationSimpleTest::test_get_status_display_name_returns_correct_names
Error: Class "Laravel\Dusk\DuskServiceProvider" not found

/var/www/html/vendor/laravel/framework/src/Illuminate/Foundation/Application.php:961
/var/www/html/vendor/laravel/framework/src/Illuminate/Foundation/Application.php:893
/var/www/html/app/Providers/AppServiceProvider.php:51
/var/www/html/vendor/laravel/framework/src/Illuminate/Foundation/Application.php:896
/var/www/html/vendor/laravel/framework/src/Illuminate/Foundation/ProviderRepository.php:74
/var/www/html/vendor/laravel/framework/src/Illuminate/Foundation/Application.php:871
/var/www/html/vendor/laravel/framework/src/Illuminate/Foundation/Bootstrap/RegisterProviders.php:37
/var/www/html/vendor/laravel/framework/src/Illuminate/Foundation/Application.php:342
/var/www/html/vendor/laravel/framework/src/Illuminate/Foundation/Console/Kernel.php:473
/var/www/html/tests/CreatesApplication.php:31
/var/www/html/vendor/laravel/framework/src/Illuminate/Foundation/Testing/TestCase.php:54
/var/www/html/vendor/laravel/framework/src/Illuminate/Foundation/Testing/Concerns/InteractsWithTestCaseLifecycle.php:92
/var/www/html/vendor/laravel/framework/src/Illuminate/Foundation/Testing/TestCase.php:44
/var/www/html/tests/TestCase.php:36
/var/www/html/tests/Feature/Models/NotificationSimpleTest.php:21</error>
        </testcase>
        <testcase name="test_is_failed_returns_false_when_status_is_not_failed" file="/var/www/html/tests/Feature/Models/NotificationSimpleTest.php" line="177" class="Tests\Feature\Models\NotificationSimpleTest" classname="Tests.Feature.Models.NotificationSimpleTest" assertions="0" time="0.000000">
          <error type="Error">Tests\Feature\Models\NotificationSimpleTest::test_is_failed_returns_false_when_status_is_not_failed
Error: Class "Laravel\Dusk\DuskServiceProvider" not found

/var/www/html/vendor/laravel/framework/src/Illuminate/Foundation/Application.php:961
/var/www/html/vendor/laravel/framework/src/Illuminate/Foundation/Application.php:893
/var/www/html/app/Providers/AppServiceProvider.php:51
/var/www/html/vendor/laravel/framework/src/Illuminate/Foundation/Application.php:896
/var/www/html/vendor/laravel/framework/src/Illuminate/Foundation/ProviderRepository.php:74
/var/www/html/vendor/laravel/framework/src/Illuminate/Foundation/Application.php:871
/var/www/html/vendor/laravel/framework/src/Illuminate/Foundation/Bootstrap/RegisterProviders.php:37
/var/www/html/vendor/laravel/framework/src/Illuminate/Foundation/Application.php:342
/var/www/html/vendor/laravel/framework/src/Illuminate/Foundation/Console/Kernel.php:473
/var/www/html/tests/CreatesApplication.php:31
/var/www/html/vendor/laravel/framework/src/Illuminate/Foundation/Testing/TestCase.php:54
/var/www/html/vendor/laravel/framework/src/Illuminate/Foundation/Testing/Concerns/InteractsWithTestCaseLifecycle.php:92
/var/www/html/vendor/laravel/framework/src/Illuminate/Foundation/Testing/TestCase.php:44
/var/www/html/tests/TestCase.php:36
/var/www/html/tests/Feature/Models/NotificationSimpleTest.php:21</error>
        </testcase>
        <testcase name="test_get_retry_count_returns_zero_when_not_set" file="/var/www/html/tests/Feature/Models/NotificationSimpleTest.php" line="393" class="Tests\Feature\Models\NotificationSimpleTest" classname="Tests.Feature.Models.NotificationSimpleTest" assertions="0" time="0.000000">
          <error type="Error">Tests\Feature\Models\NotificationSimpleTest::test_get_retry_count_returns_zero_when_not_set
Error: Class "Laravel\Dusk\DuskServiceProvider" not found

/var/www/html/vendor/laravel/framework/src/Illuminate/Foundation/Application.php:961
/var/www/html/vendor/laravel/framework/src/Illuminate/Foundation/Application.php:893
/var/www/html/app/Providers/AppServiceProvider.php:51
/var/www/html/vendor/laravel/framework/src/Illuminate/Foundation/Application.php:896
/var/www/html/vendor/laravel/framework/src/Illuminate/Foundation/ProviderRepository.php:74
/var/www/html/vendor/laravel/framework/src/Illuminate/Foundation/Application.php:871
/var/www/html/vendor/laravel/framework/src/Illuminate/Foundation/Bootstrap/RegisterProviders.php:37
/var/www/html/vendor/laravel/framework/src/Illuminate/Foundation/Application.php:342
/var/www/html/vendor/laravel/framework/src/Illuminate/Foundation/Console/Kernel.php:473
/var/www/html/tests/CreatesApplication.php:31
/var/www/html/vendor/laravel/framework/src/Illuminate/Foundation/Testing/TestCase.php:54
/var/www/html/vendor/laravel/framework/src/Illuminate/Foundation/Testing/Concerns/InteractsWithTestCaseLifecycle.php:92
/var/www/html/vendor/laravel/framework/src/Illuminate/Foundation/Testing/TestCase.php:44
/var/www/html/tests/TestCase.php:36
/var/www/html/tests/Feature/Models/NotificationSimpleTest.php:21</error>
        </testcase>
        <testcase name="test_get_icon_returns_correct_icons" file="/var/www/html/tests/Feature/Models/NotificationSimpleTest.php" line="259" class="Tests\Feature\Models\NotificationSimpleTest" classname="Tests.Feature.Models.NotificationSimpleTest" assertions="0" time="0.000000">
          <error type="Error">Tests\Feature\Models\NotificationSimpleTest::test_get_icon_returns_correct_icons
Error: Class "Laravel\Dusk\DuskServiceProvider" not found

/var/www/html/vendor/laravel/framework/src/Illuminate/Foundation/Application.php:961
/var/www/html/vendor/laravel/framework/src/Illuminate/Foundation/Application.php:893
/var/www/html/app/Providers/AppServiceProvider.php:51
/var/www/html/vendor/laravel/framework/src/Illuminate/Foundation/Application.php:896
/var/www/html/vendor/laravel/framework/src/Illuminate/Foundation/ProviderRepository.php:74
/var/www/html/vendor/laravel/framework/src/Illuminate/Foundation/Application.php:871
/var/www/html/vendor/laravel/framework/src/Illuminate/Foundation/Bootstrap/RegisterProviders.php:37
/var/www/html/vendor/laravel/framework/src/Illuminate/Foundation/Application.php:342
/var/www/html/vendor/laravel/framework/src/Illuminate/Foundation/Console/Kernel.php:473
/var/www/html/tests/CreatesApplication.php:31
/var/www/html/vendor/laravel/framework/src/Illuminate/Foundation/Testing/TestCase.php:54
/var/www/html/vendor/laravel/framework/src/Illuminate/Foundation/Testing/Concerns/InteractsWithTestCaseLifecycle.php:92
/var/www/html/vendor/laravel/framework/src/Illuminate/Foundation/Testing/TestCase.php:44
/var/www/html/tests/TestCase.php:36
/var/www/html/tests/Feature/Models/NotificationSimpleTest.php:21</error>
        </testcase>
        <testcase name="test_get_tags_returns_tags_array" file="/var/www/html/tests/Feature/Models/NotificationSimpleTest.php" line="365" class="Tests\Feature\Models\NotificationSimpleTest" classname="Tests.Feature.Models.NotificationSimpleTest" assertions="0" time="0.000000">
          <error type="Error">Tests\Feature\Models\NotificationSimpleTest::test_get_tags_returns_tags_array
Error: Class "Laravel\Dusk\DuskServiceProvider" not found

/var/www/html/vendor/laravel/framework/src/Illuminate/Foundation/Application.php:961
/var/www/html/vendor/laravel/framework/src/Illuminate/Foundation/Application.php:893
/var/www/html/app/Providers/AppServiceProvider.php:51
/var/www/html/vendor/laravel/framework/src/Illuminate/Foundation/Application.php:896
/var/www/html/vendor/laravel/framework/src/Illuminate/Foundation/ProviderRepository.php:74
/var/www/html/vendor/laravel/framework/src/Illuminate/Foundation/Application.php:871
/var/www/html/vendor/laravel/framework/src/Illuminate/Foundation/Bootstrap/RegisterProviders.php:37
/var/www/html/vendor/laravel/framework/src/Illuminate/Foundation/Application.php:342
/var/www/html/vendor/laravel/framework/src/Illuminate/Foundation/Console/Kernel.php:473
/var/www/html/tests/CreatesApplication.php:31
/var/www/html/vendor/laravel/framework/src/Illuminate/Foundation/Testing/TestCase.php:54
/var/www/html/vendor/laravel/framework/src/Illuminate/Foundation/Testing/Concerns/InteractsWithTestCaseLifecycle.php:92
/var/www/html/vendor/laravel/framework/src/Illuminate/Foundation/Testing/TestCase.php:44
/var/www/html/tests/TestCase.php:36
/var/www/html/tests/Feature/Models/NotificationSimpleTest.php:21</error>
        </testcase>
        <testcase name="test_get_summary_returns_full_message_when_short" file="/var/www/html/tests/Feature/Models/NotificationSimpleTest.php" line="325" class="Tests\Feature\Models\NotificationSimpleTest" classname="Tests.Feature.Models.NotificationSimpleTest" assertions="0" time="0.000000">
          <error type="Error">Tests\Feature\Models\NotificationSimpleTest::test_get_summary_returns_full_message_when_short
Error: Class "Laravel\Dusk\DuskServiceProvider" not found

/var/www/html/vendor/laravel/framework/src/Illuminate/Foundation/Application.php:961
/var/www/html/vendor/laravel/framework/src/Illuminate/Foundation/Application.php:893
/var/www/html/app/Providers/AppServiceProvider.php:51
/var/www/html/vendor/laravel/framework/src/Illuminate/Foundation/Application.php:896
/var/www/html/vendor/laravel/framework/src/Illuminate/Foundation/ProviderRepository.php:74
/var/www/html/vendor/laravel/framework/src/Illuminate/Foundation/Application.php:871
/var/www/html/vendor/laravel/framework/src/Illuminate/Foundation/Bootstrap/RegisterProviders.php:37
/var/www/html/vendor/laravel/framework/src/Illuminate/Foundation/Application.php:342
/var/www/html/vendor/laravel/framework/src/Illuminate/Foundation/Console/Kernel.php:473
/var/www/html/tests/CreatesApplication.php:31
/var/www/html/vendor/laravel/framework/src/Illuminate/Foundation/Testing/TestCase.php:54
/var/www/html/vendor/laravel/framework/src/Illuminate/Foundation/Testing/Concerns/InteractsWithTestCaseLifecycle.php:92
/var/www/html/vendor/laravel/framework/src/Illuminate/Foundation/Testing/TestCase.php:44
/var/www/html/tests/TestCase.php:36
/var/www/html/tests/Feature/Models/NotificationSimpleTest.php:21</error>
        </testcase>
        <testcase name="test_get_data_returns_data_array" file="/var/www/html/tests/Feature/Models/NotificationSimpleTest.php" line="336" class="Tests\Feature\Models\NotificationSimpleTest" classname="Tests.Feature.Models.NotificationSimpleTest" assertions="0" time="0.000000">
          <error type="Error">Tests\Feature\Models\NotificationSimpleTest::test_get_data_returns_data_array
Error: Class "Laravel\Dusk\DuskServiceProvider" not found

/var/www/html/vendor/laravel/framework/src/Illuminate/Foundation/Application.php:961
/var/www/html/vendor/laravel/framework/src/Illuminate/Foundation/Application.php:893
/var/www/html/app/Providers/AppServiceProvider.php:51
/var/www/html/vendor/laravel/framework/src/Illuminate/Foundation/Application.php:896
/var/www/html/vendor/laravel/framework/src/Illuminate/Foundation/ProviderRepository.php:74
/var/www/html/vendor/laravel/framework/src/Illuminate/Foundation/Application.php:871
/var/www/html/vendor/laravel/framework/src/Illuminate/Foundation/Bootstrap/RegisterProviders.php:37
/var/www/html/vendor/laravel/framework/src/Illuminate/Foundation/Application.php:342
/var/www/html/vendor/laravel/framework/src/Illuminate/Foundation/Console/Kernel.php:473
/var/www/html/tests/CreatesApplication.php:31
/var/www/html/vendor/laravel/framework/src/Illuminate/Foundation/Testing/TestCase.php:54
/var/www/html/vendor/laravel/framework/src/Illuminate/Foundation/Testing/Concerns/InteractsWithTestCaseLifecycle.php:92
/var/www/html/vendor/laravel/framework/src/Illuminate/Foundation/Testing/TestCase.php:44
/var/www/html/tests/TestCase.php:36
/var/www/html/tests/Feature/Models/NotificationSimpleTest.php:21</error>
        </testcase>
        <testcase name="test_is_pending_returns_true_when_sent_at_is_null_and_status_is_pending" file="/var/www/html/tests/Feature/Models/NotificationSimpleTest.php" line="148" class="Tests\Feature\Models\NotificationSimpleTest" classname="Tests.Feature.Models.NotificationSimpleTest" assertions="0" time="0.000000">
          <error type="Error">Tests\Feature\Models\NotificationSimpleTest::test_is_pending_returns_true_when_sent_at_is_null_and_status_is_pending
Error: Class "Laravel\Dusk\DuskServiceProvider" not found

/var/www/html/vendor/laravel/framework/src/Illuminate/Foundation/Application.php:961
/var/www/html/vendor/laravel/framework/src/Illuminate/Foundation/Application.php:893
/var/www/html/app/Providers/AppServiceProvider.php:51
/var/www/html/vendor/laravel/framework/src/Illuminate/Foundation/Application.php:896
/var/www/html/vendor/laravel/framework/src/Illuminate/Foundation/ProviderRepository.php:74
/var/www/html/vendor/laravel/framework/src/Illuminate/Foundation/Application.php:871
/var/www/html/vendor/laravel/framework/src/Illuminate/Foundation/Bootstrap/RegisterProviders.php:37
/var/www/html/vendor/laravel/framework/src/Illuminate/Foundation/Application.php:342
/var/www/html/vendor/laravel/framework/src/Illuminate/Foundation/Console/Kernel.php:473
/var/www/html/tests/CreatesApplication.php:31
/var/www/html/vendor/laravel/framework/src/Illuminate/Foundation/Testing/TestCase.php:54
/var/www/html/vendor/laravel/framework/src/Illuminate/Foundation/Testing/Concerns/InteractsWithTestCaseLifecycle.php:92
/var/www/html/vendor/laravel/framework/src/Illuminate/Foundation/Testing/TestCase.php:44
/var/www/html/tests/TestCase.php:36
/var/www/html/tests/Feature/Models/NotificationSimpleTest.php:21</error>
        </testcase>
        <testcase name="test_is_unread_returns_false_when_read_at_is_set" file="/var/www/html/tests/Feature/Models/NotificationSimpleTest.php" line="122" class="Tests\Feature\Models\NotificationSimpleTest" classname="Tests.Feature.Models.NotificationSimpleTest" assertions="0" time="0.000000">
          <error type="Error">Tests\Feature\Models\NotificationSimpleTest::test_is_unread_returns_false_when_read_at_is_set
Error: Class "Laravel\Dusk\DuskServiceProvider" not found

/var/www/html/vendor/laravel/framework/src/Illuminate/Foundation/Application.php:961
/var/www/html/vendor/laravel/framework/src/Illuminate/Foundation/Application.php:893
/var/www/html/app/Providers/AppServiceProvider.php:51
/var/www/html/vendor/laravel/framework/src/Illuminate/Foundation/Application.php:896
/var/www/html/vendor/laravel/framework/src/Illuminate/Foundation/ProviderRepository.php:74
/var/www/html/vendor/laravel/framework/src/Illuminate/Foundation/Application.php:871
/var/www/html/vendor/laravel/framework/src/Illuminate/Foundation/Bootstrap/RegisterProviders.php:37
/var/www/html/vendor/laravel/framework/src/Illuminate/Foundation/Application.php:342
/var/www/html/vendor/laravel/framework/src/Illuminate/Foundation/Console/Kernel.php:473
/var/www/html/tests/CreatesApplication.php:31
/var/www/html/vendor/laravel/framework/src/Illuminate/Foundation/Testing/TestCase.php:54
/var/www/html/vendor/laravel/framework/src/Illuminate/Foundation/Testing/Concerns/InteractsWithTestCaseLifecycle.php:92
/var/www/html/vendor/laravel/framework/src/Illuminate/Foundation/Testing/TestCase.php:44
/var/www/html/tests/TestCase.php:36
/var/www/html/tests/Feature/Models/NotificationSimpleTest.php:21</error>
        </testcase>
        <testcase name="test_it_has_correct_hidden_attributes" file="/var/www/html/tests/Feature/Models/NotificationSimpleTest.php" line="88" class="Tests\Feature\Models\NotificationSimpleTest" classname="Tests.Feature.Models.NotificationSimpleTest" assertions="0" time="0.000000">
          <error type="Error">Tests\Feature\Models\NotificationSimpleTest::test_it_has_correct_hidden_attributes
Error: Class "Laravel\Dusk\DuskServiceProvider" not found

/var/www/html/vendor/laravel/framework/src/Illuminate/Foundation/Application.php:961
/var/www/html/vendor/laravel/framework/src/Illuminate/Foundation/Application.php:893
/var/www/html/app/Providers/AppServiceProvider.php:51
/var/www/html/vendor/laravel/framework/src/Illuminate/Foundation/Application.php:896
/var/www/html/vendor/laravel/framework/src/Illuminate/Foundation/ProviderRepository.php:74
/var/www/html/vendor/laravel/framework/src/Illuminate/Foundation/Application.php:871
/var/www/html/vendor/laravel/framework/src/Illuminate/Foundation/Bootstrap/RegisterProviders.php:37
/var/www/html/vendor/laravel/framework/src/Illuminate/Foundation/Application.php:342
/var/www/html/vendor/laravel/framework/src/Illuminate/Foundation/Console/Kernel.php:473
/var/www/html/tests/CreatesApplication.php:31
/var/www/html/vendor/laravel/framework/src/Illuminate/Foundation/Testing/TestCase.php:54
/var/www/html/vendor/laravel/framework/src/Illuminate/Foundation/Testing/Concerns/InteractsWithTestCaseLifecycle.php:92
/var/www/html/vendor/laravel/framework/src/Illuminate/Foundation/Testing/TestCase.php:44
/var/www/html/tests/TestCase.php:36
/var/www/html/tests/Feature/Models/NotificationSimpleTest.php:21</error>
        </testcase>
        <testcase name="test_it_has_correct_table_name" file="/var/www/html/tests/Feature/Models/NotificationSimpleTest.php" line="72" class="Tests\Feature\Models\NotificationSimpleTest" classname="Tests.Feature.Models.NotificationSimpleTest" assertions="0" time="0.000000">
          <error type="Error">Tests\Feature\Models\NotificationSimpleTest::test_it_has_correct_table_name
Error: Class "Laravel\Dusk\DuskServiceProvider" not found

/var/www/html/vendor/laravel/framework/src/Illuminate/Foundation/Application.php:961
/var/www/html/vendor/laravel/framework/src/Illuminate/Foundation/Application.php:893
/var/www/html/app/Providers/AppServiceProvider.php:51
/var/www/html/vendor/laravel/framework/src/Illuminate/Foundation/Application.php:896
/var/www/html/vendor/laravel/framework/src/Illuminate/Foundation/ProviderRepository.php:74
/var/www/html/vendor/laravel/framework/src/Illuminate/Foundation/Application.php:871
/var/www/html/vendor/laravel/framework/src/Illuminate/Foundation/Bootstrap/RegisterProviders.php:37
/var/www/html/vendor/laravel/framework/src/Illuminate/Foundation/Application.php:342
/var/www/html/vendor/laravel/framework/src/Illuminate/Foundation/Console/Kernel.php:473
/var/www/html/tests/CreatesApplication.php:31
/var/www/html/vendor/laravel/framework/src/Illuminate/Foundation/Testing/TestCase.php:54
/var/www/html/vendor/laravel/framework/src/Illuminate/Foundation/Testing/Concerns/InteractsWithTestCaseLifecycle.php:92
/var/www/html/vendor/laravel/framework/src/Illuminate/Foundation/Testing/TestCase.php:44
/var/www/html/tests/TestCase.php:36
/var/www/html/tests/Feature/Models/NotificationSimpleTest.php:21</error>
        </testcase>
        <testcase name="test_is_pending_returns_false_when_sent_at_is_set" file="/var/www/html/tests/Feature/Models/NotificationSimpleTest.php" line="158" class="Tests\Feature\Models\NotificationSimpleTest" classname="Tests.Feature.Models.NotificationSimpleTest" assertions="0" time="0.000000">
          <error type="Error">Tests\Feature\Models\NotificationSimpleTest::test_is_pending_returns_false_when_sent_at_is_set
Error: Class "Laravel\Dusk\DuskServiceProvider" not found

/var/www/html/vendor/laravel/framework/src/Illuminate/Foundation/Application.php:961
/var/www/html/vendor/laravel/framework/src/Illuminate/Foundation/Application.php:893
/var/www/html/app/Providers/AppServiceProvider.php:51
/var/www/html/vendor/laravel/framework/src/Illuminate/Foundation/Application.php:896
/var/www/html/vendor/laravel/framework/src/Illuminate/Foundation/ProviderRepository.php:74
/var/www/html/vendor/laravel/framework/src/Illuminate/Foundation/Application.php:871
/var/www/html/vendor/laravel/framework/src/Illuminate/Foundation/Bootstrap/RegisterProviders.php:37
/var/www/html/vendor/laravel/framework/src/Illuminate/Foundation/Application.php:342
/var/www/html/vendor/laravel/framework/src/Illuminate/Foundation/Console/Kernel.php:473
/var/www/html/tests/CreatesApplication.php:31
/var/www/html/vendor/laravel/framework/src/Illuminate/Foundation/Testing/TestCase.php:54
/var/www/html/vendor/laravel/framework/src/Illuminate/Foundation/Testing/Concerns/InteractsWithTestCaseLifecycle.php:92
/var/www/html/vendor/laravel/framework/src/Illuminate/Foundation/Testing/TestCase.php:44
/var/www/html/tests/TestCase.php:36
/var/www/html/tests/Feature/Models/NotificationSimpleTest.php:21</error>
        </testcase>
        <testcase name="test_get_data_returns_specific_key" file="/var/www/html/tests/Feature/Models/NotificationSimpleTest.php" line="345" class="Tests\Feature\Models\NotificationSimpleTest" classname="Tests.Feature.Models.NotificationSimpleTest" assertions="0" time="0.000000">
          <error type="Error">Tests\Feature\Models\NotificationSimpleTest::test_get_data_returns_specific_key
Error: Class "Laravel\Dusk\DuskServiceProvider" not found

/var/www/html/vendor/laravel/framework/src/Illuminate/Foundation/Application.php:961
/var/www/html/vendor/laravel/framework/src/Illuminate/Foundation/Application.php:893
/var/www/html/app/Providers/AppServiceProvider.php:51
/var/www/html/vendor/laravel/framework/src/Illuminate/Foundation/Application.php:896
/var/www/html/vendor/laravel/framework/src/Illuminate/Foundation/ProviderRepository.php:74
/var/www/html/vendor/laravel/framework/src/Illuminate/Foundation/Application.php:871
/var/www/html/vendor/laravel/framework/src/Illuminate/Foundation/Bootstrap/RegisterProviders.php:37
/var/www/html/vendor/laravel/framework/src/Illuminate/Foundation/Application.php:342
/var/www/html/vendor/laravel/framework/src/Illuminate/Foundation/Console/Kernel.php:473
/var/www/html/tests/CreatesApplication.php:31
/var/www/html/vendor/laravel/framework/src/Illuminate/Foundation/Testing/TestCase.php:54
/var/www/html/vendor/laravel/framework/src/Illuminate/Foundation/Testing/Concerns/InteractsWithTestCaseLifecycle.php:92
/var/www/html/vendor/laravel/framework/src/Illuminate/Foundation/Testing/TestCase.php:44
/var/www/html/tests/TestCase.php:36
/var/www/html/tests/Feature/Models/NotificationSimpleTest.php:21</error>
        </testcase>
        <testcase name="test_get_summary_truncates_long_messages" file="/var/www/html/tests/Feature/Models/NotificationSimpleTest.php" line="313" class="Tests\Feature\Models\NotificationSimpleTest" classname="Tests.Feature.Models.NotificationSimpleTest" assertions="0" time="0.000000">
          <error type="Error">Tests\Feature\Models\NotificationSimpleTest::test_get_summary_truncates_long_messages
Error: Class "Laravel\Dusk\DuskServiceProvider" not found

/var/www/html/vendor/laravel/framework/src/Illuminate/Foundation/Application.php:961
/var/www/html/vendor/laravel/framework/src/Illuminate/Foundation/Application.php:893
/var/www/html/app/Providers/AppServiceProvider.php:51
/var/www/html/vendor/laravel/framework/src/Illuminate/Foundation/Application.php:896
/var/www/html/vendor/laravel/framework/src/Illuminate/Foundation/ProviderRepository.php:74
/var/www/html/vendor/laravel/framework/src/Illuminate/Foundation/Application.php:871
/var/www/html/vendor/laravel/framework/src/Illuminate/Foundation/Bootstrap/RegisterProviders.php:37
/var/www/html/vendor/laravel/framework/src/Illuminate/Foundation/Application.php:342
/var/www/html/vendor/laravel/framework/src/Illuminate/Foundation/Console/Kernel.php:473
/var/www/html/tests/CreatesApplication.php:31
/var/www/html/vendor/laravel/framework/src/Illuminate/Foundation/Testing/TestCase.php:54
/var/www/html/vendor/laravel/framework/src/Illuminate/Foundation/Testing/Concerns/InteractsWithTestCaseLifecycle.php:92
/var/www/html/vendor/laravel/framework/src/Illuminate/Foundation/Testing/TestCase.php:44
/var/www/html/tests/TestCase.php:36
/var/www/html/tests/Feature/Models/NotificationSimpleTest.php:21</error>
        </testcase>
        <testcase name="test_get_metadata_returns_metadata_array" file="/var/www/html/tests/Feature/Models/NotificationSimpleTest.php" line="356" class="Tests\Feature\Models\NotificationSimpleTest" classname="Tests.Feature.Models.NotificationSimpleTest" assertions="0" time="0.000000">
          <error type="Error">Tests\Feature\Models\NotificationSimpleTest::test_get_metadata_returns_metadata_array
Error: Class "Laravel\Dusk\DuskServiceProvider" not found

/var/www/html/vendor/laravel/framework/src/Illuminate/Foundation/Application.php:961
/var/www/html/vendor/laravel/framework/src/Illuminate/Foundation/Application.php:893
/var/www/html/app/Providers/AppServiceProvider.php:51
/var/www/html/vendor/laravel/framework/src/Illuminate/Foundation/Application.php:896
/var/www/html/vendor/laravel/framework/src/Illuminate/Foundation/ProviderRepository.php:74
/var/www/html/vendor/laravel/framework/src/Illuminate/Foundation/Application.php:871
/var/www/html/vendor/laravel/framework/src/Illuminate/Foundation/Bootstrap/RegisterProviders.php:37
/var/www/html/vendor/laravel/framework/src/Illuminate/Foundation/Application.php:342
/var/www/html/vendor/laravel/framework/src/Illuminate/Foundation/Console/Kernel.php:473
/var/www/html/tests/CreatesApplication.php:31
/var/www/html/vendor/laravel/framework/src/Illuminate/Foundation/Testing/TestCase.php:54
/var/www/html/vendor/laravel/framework/src/Illuminate/Foundation/Testing/Concerns/InteractsWithTestCaseLifecycle.php:92
/var/www/html/vendor/laravel/framework/src/Illuminate/Foundation/Testing/TestCase.php:44
/var/www/html/tests/TestCase.php:36
/var/www/html/tests/Feature/Models/NotificationSimpleTest.php:21</error>
        </testcase>
        <testcase name="test_is_unread_returns_true_when_read_at_is_null" file="/var/www/html/tests/Feature/Models/NotificationSimpleTest.php" line="114" class="Tests\Feature\Models\NotificationSimpleTest" classname="Tests.Feature.Models.NotificationSimpleTest" assertions="0" time="0.000000">
          <error type="Error">Tests\Feature\Models\NotificationSimpleTest::test_is_unread_returns_true_when_read_at_is_null
Error: Class "Laravel\Dusk\DuskServiceProvider" not found

/var/www/html/vendor/laravel/framework/src/Illuminate/Foundation/Application.php:961
/var/www/html/vendor/laravel/framework/src/Illuminate/Foundation/Application.php:893
/var/www/html/app/Providers/AppServiceProvider.php:51
/var/www/html/vendor/laravel/framework/src/Illuminate/Foundation/Application.php:896
/var/www/html/vendor/laravel/framework/src/Illuminate/Foundation/ProviderRepository.php:74
/var/www/html/vendor/laravel/framework/src/Illuminate/Foundation/Application.php:871
/var/www/html/vendor/laravel/framework/src/Illuminate/Foundation/Bootstrap/RegisterProviders.php:37
/var/www/html/vendor/laravel/framework/src/Illuminate/Foundation/Application.php:342
/var/www/html/vendor/laravel/framework/src/Illuminate/Foundation/Console/Kernel.php:473
/var/www/html/tests/CreatesApplication.php:31
/var/www/html/vendor/laravel/framework/src/Illuminate/Foundation/Testing/TestCase.php:54
/var/www/html/vendor/laravel/framework/src/Illuminate/Foundation/Testing/Concerns/InteractsWithTestCaseLifecycle.php:92
/var/www/html/vendor/laravel/framework/src/Illuminate/Foundation/Testing/TestCase.php:44
/var/www/html/tests/TestCase.php:36
/var/www/html/tests/Feature/Models/NotificationSimpleTest.php:21</error>
        </testcase>
        <testcase name="test_is_failed_returns_true_when_status_is_failed" file="/var/www/html/tests/Feature/Models/NotificationSimpleTest.php" line="168" class="Tests\Feature\Models\NotificationSimpleTest" classname="Tests.Feature.Models.NotificationSimpleTest" assertions="0" time="0.000000">
          <error type="Error">Tests\Feature\Models\NotificationSimpleTest::test_is_failed_returns_true_when_status_is_failed
Error: Class "Laravel\Dusk\DuskServiceProvider" not found

/var/www/html/vendor/laravel/framework/src/Illuminate/Foundation/Application.php:961
/var/www/html/vendor/laravel/framework/src/Illuminate/Foundation/Application.php:893
/var/www/html/app/Providers/AppServiceProvider.php:51
/var/www/html/vendor/laravel/framework/src/Illuminate/Foundation/Application.php:896
/var/www/html/vendor/laravel/framework/src/Illuminate/Foundation/ProviderRepository.php:74
/var/www/html/vendor/laravel/framework/src/Illuminate/Foundation/Application.php:871
/var/www/html/vendor/laravel/framework/src/Illuminate/Foundation/Bootstrap/RegisterProviders.php:37
/var/www/html/vendor/laravel/framework/src/Illuminate/Foundation/Application.php:342
/var/www/html/vendor/laravel/framework/src/Illuminate/Foundation/Console/Kernel.php:473
/var/www/html/tests/CreatesApplication.php:31
/var/www/html/vendor/laravel/framework/src/Illuminate/Foundation/Testing/TestCase.php:54
/var/www/html/vendor/laravel/framework/src/Illuminate/Foundation/Testing/Concerns/InteractsWithTestCaseLifecycle.php:92
/var/www/html/vendor/laravel/framework/src/Illuminate/Foundation/Testing/TestCase.php:44
/var/www/html/tests/TestCase.php:36
/var/www/html/tests/Feature/Models/NotificationSimpleTest.php:21</error>
        </testcase>
      </testsuite>
      <testsuite name="Tests\Feature\Http\Controllers\BackupControllerTest" file="/var/www/html/tests/Feature/Http/Controllers/BackupControllerTest.php" tests="2" assertions="0" errors="2" failures="0" skipped="0" time="0.000000">
        <testcase name="it_can_get_backups_list" file="/var/www/html/tests/Feature/Http/Controllers/BackupControllerTest.php" line="23" class="Tests\Feature\Http\Controllers\BackupControllerTest" classname="Tests.Feature.Http.Controllers.BackupControllerTest" assertions="0" time="0.000000">
          <error type="Error">Tests\Feature\Http\Controllers\BackupControllerTest::it_can_get_backups_list
Error: Class "Laravel\Dusk\DuskServiceProvider" not found

/var/www/html/vendor/laravel/framework/src/Illuminate/Foundation/Application.php:961
/var/www/html/vendor/laravel/framework/src/Illuminate/Foundation/Application.php:893
/var/www/html/app/Providers/AppServiceProvider.php:51
/var/www/html/vendor/laravel/framework/src/Illuminate/Foundation/Application.php:896
/var/www/html/vendor/laravel/framework/src/Illuminate/Foundation/ProviderRepository.php:74
/var/www/html/vendor/laravel/framework/src/Illuminate/Foundation/Application.php:871
/var/www/html/vendor/laravel/framework/src/Illuminate/Foundation/Bootstrap/RegisterProviders.php:37
/var/www/html/vendor/laravel/framework/src/Illuminate/Foundation/Application.php:342
/var/www/html/vendor/laravel/framework/src/Illuminate/Foundation/Console/Kernel.php:473
/var/www/html/tests/CreatesApplication.php:31
/var/www/html/vendor/laravel/framework/src/Illuminate/Foundation/Testing/TestCase.php:54
/var/www/html/vendor/laravel/framework/src/Illuminate/Foundation/Testing/Concerns/InteractsWithTestCaseLifecycle.php:92
/var/www/html/vendor/laravel/framework/src/Illuminate/Foundation/Testing/TestCase.php:44
/var/www/html/tests/TestCase.php:36</error>
        </testcase>
        <testcase name="it_can_create_full_backup" file="/var/www/html/tests/Feature/Http/Controllers/BackupControllerTest.php" line="32" class="Tests\Feature\Http\Controllers\BackupControllerTest" classname="Tests.Feature.Http.Controllers.BackupControllerTest" assertions="0" time="0.000000">
          <error type="Error">Tests\Feature\Http\Controllers\BackupControllerTest::it_can_create_full_backup
Error: Class "Laravel\Dusk\DuskServiceProvider" not found

/var/www/html/vendor/laravel/framework/src/Illuminate/Foundation/Application.php:961
/var/www/html/vendor/laravel/framework/src/Illuminate/Foundation/Application.php:893
/var/www/html/app/Providers/AppServiceProvider.php:51
/var/www/html/vendor/laravel/framework/src/Illuminate/Foundation/Application.php:896
/var/www/html/vendor/laravel/framework/src/Illuminate/Foundation/ProviderRepository.php:74
/var/www/html/vendor/laravel/framework/src/Illuminate/Foundation/Application.php:871
/var/www/html/vendor/laravel/framework/src/Illuminate/Foundation/Bootstrap/RegisterProviders.php:37
/var/www/html/vendor/laravel/framework/src/Illuminate/Foundation/Application.php:342
/var/www/html/vendor/laravel/framework/src/Illuminate/Foundation/Console/Kernel.php:473
/var/www/html/tests/CreatesApplication.php:31
/var/www/html/vendor/laravel/framework/src/Illuminate/Foundation/Testing/TestCase.php:54
/var/www/html/vendor/laravel/framework/src/Illuminate/Foundation/Testing/Concerns/InteractsWithTestCaseLifecycle.php:92
/var/www/html/vendor/laravel/framework/src/Illuminate/Foundation/Testing/TestCase.php:44
/var/www/html/tests/TestCase.php:36</error>
        </testcase>
      </testsuite>
      <testsuite name="Tests\Feature\DatabaseConnectionTest" file="/var/www/html/tests/Feature/DatabaseConnectionTest.php" tests="3" assertions="0" errors="3" failures="0" skipped="0" time="0.000000">
        <testcase name="test_basic_functionality" file="/var/www/html/tests/Feature/DatabaseConnectionTest.php" line="15" class="Tests\Feature\DatabaseConnectionTest" classname="Tests.Feature.DatabaseConnectionTest" assertions="0" time="0.000000">
          <error type="Error">Tests\Feature\DatabaseConnectionTest::test_basic_functionality
Error: Class "Laravel\Dusk\DuskServiceProvider" not found

/var/www/html/vendor/laravel/framework/src/Illuminate/Foundation/Application.php:961
/var/www/html/vendor/laravel/framework/src/Illuminate/Foundation/Application.php:893
/var/www/html/app/Providers/AppServiceProvider.php:51
/var/www/html/vendor/laravel/framework/src/Illuminate/Foundation/Application.php:896
/var/www/html/vendor/laravel/framework/src/Illuminate/Foundation/ProviderRepository.php:74
/var/www/html/vendor/laravel/framework/src/Illuminate/Foundation/Application.php:871
/var/www/html/vendor/laravel/framework/src/Illuminate/Foundation/Bootstrap/RegisterProviders.php:37
/var/www/html/vendor/laravel/framework/src/Illuminate/Foundation/Application.php:342
/var/www/html/vendor/laravel/framework/src/Illuminate/Foundation/Console/Kernel.php:473
/var/www/html/tests/CreatesApplication.php:31
/var/www/html/vendor/laravel/framework/src/Illuminate/Foundation/Testing/TestCase.php:54
/var/www/html/vendor/laravel/framework/src/Illuminate/Foundation/Testing/Concerns/InteractsWithTestCaseLifecycle.php:92
/var/www/html/vendor/laravel/framework/src/Illuminate/Foundation/Testing/TestCase.php:44
/var/www/html/tests/TestCase.php:36
/var/www/html/tests/Feature/DatabaseConnectionTest.php:34</error>
        </testcase>
        <testcase name="test_expected_behavior" file="/var/www/html/tests/Feature/DatabaseConnectionTest.php" line="21" class="Tests\Feature\DatabaseConnectionTest" classname="Tests.Feature.DatabaseConnectionTest" assertions="0" time="0.000000">
          <error type="Error">Tests\Feature\DatabaseConnectionTest::test_expected_behavior
Error: Class "Laravel\Dusk\DuskServiceProvider" not found

/var/www/html/vendor/laravel/framework/src/Illuminate/Foundation/Application.php:961
/var/www/html/vendor/laravel/framework/src/Illuminate/Foundation/Application.php:893
/var/www/html/app/Providers/AppServiceProvider.php:51
/var/www/html/vendor/laravel/framework/src/Illuminate/Foundation/Application.php:896
/var/www/html/vendor/laravel/framework/src/Illuminate/Foundation/ProviderRepository.php:74
/var/www/html/vendor/laravel/framework/src/Illuminate/Foundation/Application.php:871
/var/www/html/vendor/laravel/framework/src/Illuminate/Foundation/Bootstrap/RegisterProviders.php:37
/var/www/html/vendor/laravel/framework/src/Illuminate/Foundation/Application.php:342
/var/www/html/vendor/laravel/framework/src/Illuminate/Foundation/Console/Kernel.php:473
/var/www/html/tests/CreatesApplication.php:31
/var/www/html/vendor/laravel/framework/src/Illuminate/Foundation/Testing/TestCase.php:54
/var/www/html/vendor/laravel/framework/src/Illuminate/Foundation/Testing/Concerns/InteractsWithTestCaseLifecycle.php:92
/var/www/html/vendor/laravel/framework/src/Illuminate/Foundation/Testing/TestCase.php:44
/var/www/html/tests/TestCase.php:36
/var/www/html/tests/Feature/DatabaseConnectionTest.php:34</error>
        </testcase>
        <testcase name="test_validation" file="/var/www/html/tests/Feature/DatabaseConnectionTest.php" line="27" class="Tests\Feature\DatabaseConnectionTest" classname="Tests.Feature.DatabaseConnectionTest" assertions="0" time="0.000000">
          <error type="Error">Tests\Feature\DatabaseConnectionTest::test_validation
Error: Class "Laravel\Dusk\DuskServiceProvider" not found

/var/www/html/vendor/laravel/framework/src/Illuminate/Foundation/Application.php:961
/var/www/html/vendor/laravel/framework/src/Illuminate/Foundation/Application.php:893
/var/www/html/app/Providers/AppServiceProvider.php:51
/var/www/html/vendor/laravel/framework/src/Illuminate/Foundation/Application.php:896
/var/www/html/vendor/laravel/framework/src/Illuminate/Foundation/ProviderRepository.php:74
/var/www/html/vendor/laravel/framework/src/Illuminate/Foundation/Application.php:871
/var/www/html/vendor/laravel/framework/src/Illuminate/Foundation/Bootstrap/RegisterProviders.php:37
/var/www/html/vendor/laravel/framework/src/Illuminate/Foundation/Application.php:342
/var/www/html/vendor/laravel/framework/src/Illuminate/Foundation/Console/Kernel.php:473
/var/www/html/tests/CreatesApplication.php:31
/var/www/html/vendor/laravel/framework/src/Illuminate/Foundation/Testing/TestCase.php:54
/var/www/html/vendor/laravel/framework/src/Illuminate/Foundation/Testing/Concerns/InteractsWithTestCaseLifecycle.php:92
/var/www/html/vendor/laravel/framework/src/Illuminate/Foundation/Testing/TestCase.php:44
/var/www/html/tests/TestCase.php:36
/var/www/html/tests/Feature/DatabaseConnectionTest.php:34</error>
        </testcase>
      </testsuite>
      <testsuite name="Tests\Feature\SessionManagementTest" file="/var/www/html/tests/Feature/SessionManagementTest.php" tests="3" assertions="0" errors="3" failures="0" skipped="0" time="0.000000">
        <testcase name="test_basic_functionality" file="/var/www/html/tests/Feature/SessionManagementTest.php" line="18" class="Tests\Feature\SessionManagementTest" classname="Tests.Feature.SessionManagementTest" assertions="0" time="0.000000">
          <error type="Error">Tests\Feature\SessionManagementTest::test_basic_functionality
Error: Class "Laravel\Dusk\DuskServiceProvider" not found

/var/www/html/vendor/laravel/framework/src/Illuminate/Foundation/Application.php:961
/var/www/html/vendor/laravel/framework/src/Illuminate/Foundation/Application.php:893
/var/www/html/app/Providers/AppServiceProvider.php:51
/var/www/html/vendor/laravel/framework/src/Illuminate/Foundation/Application.php:896
/var/www/html/vendor/laravel/framework/src/Illuminate/Foundation/ProviderRepository.php:74
/var/www/html/vendor/laravel/framework/src/Illuminate/Foundation/Application.php:871
/var/www/html/vendor/laravel/framework/src/Illuminate/Foundation/Bootstrap/RegisterProviders.php:37
/var/www/html/vendor/laravel/framework/src/Illuminate/Foundation/Application.php:342
/var/www/html/vendor/laravel/framework/src/Illuminate/Foundation/Console/Kernel.php:473
/var/www/html/tests/CreatesApplication.php:31
/var/www/html/vendor/laravel/framework/src/Illuminate/Foundation/Testing/TestCase.php:54
/var/www/html/vendor/laravel/framework/src/Illuminate/Foundation/Testing/Concerns/InteractsWithTestCaseLifecycle.php:92
/var/www/html/vendor/laravel/framework/src/Illuminate/Foundation/Testing/TestCase.php:44
/var/www/html/tests/TestCase.php:36
/var/www/html/tests/Feature/SessionManagementTest.php:40</error>
        </testcase>
        <testcase name="test_validation" file="/var/www/html/tests/Feature/SessionManagementTest.php" line="32" class="Tests\Feature\SessionManagementTest" classname="Tests.Feature.SessionManagementTest" assertions="0" time="0.000000">
          <error type="Error">Tests\Feature\SessionManagementTest::test_validation
Error: Class "Laravel\Dusk\DuskServiceProvider" not found

/var/www/html/vendor/laravel/framework/src/Illuminate/Foundation/Application.php:961
/var/www/html/vendor/laravel/framework/src/Illuminate/Foundation/Application.php:893
/var/www/html/app/Providers/AppServiceProvider.php:51
/var/www/html/vendor/laravel/framework/src/Illuminate/Foundation/Application.php:896
/var/www/html/vendor/laravel/framework/src/Illuminate/Foundation/ProviderRepository.php:74
/var/www/html/vendor/laravel/framework/src/Illuminate/Foundation/Application.php:871
/var/www/html/vendor/laravel/framework/src/Illuminate/Foundation/Bootstrap/RegisterProviders.php:37
/var/www/html/vendor/laravel/framework/src/Illuminate/Foundation/Application.php:342
/var/www/html/vendor/laravel/framework/src/Illuminate/Foundation/Console/Kernel.php:473
/var/www/html/tests/CreatesApplication.php:31
/var/www/html/vendor/laravel/framework/src/Illuminate/Foundation/Testing/TestCase.php:54
/var/www/html/vendor/laravel/framework/src/Illuminate/Foundation/Testing/Concerns/InteractsWithTestCaseLifecycle.php:92
/var/www/html/vendor/laravel/framework/src/Illuminate/Foundation/Testing/TestCase.php:44
/var/www/html/tests/TestCase.php:36
/var/www/html/tests/Feature/SessionManagementTest.php:40</error>
        </testcase>
        <testcase name="test_expected_behavior" file="/var/www/html/tests/Feature/SessionManagementTest.php" line="25" class="Tests\Feature\SessionManagementTest" classname="Tests.Feature.SessionManagementTest" assertions="0" time="0.000000">
          <error type="Error">Tests\Feature\SessionManagementTest::test_expected_behavior
Error: Class "Laravel\Dusk\DuskServiceProvider" not found

/var/www/html/vendor/laravel/framework/src/Illuminate/Foundation/Application.php:961
/var/www/html/vendor/laravel/framework/src/Illuminate/Foundation/Application.php:893
/var/www/html/app/Providers/AppServiceProvider.php:51
/var/www/html/vendor/laravel/framework/src/Illuminate/Foundation/Application.php:896
/var/www/html/vendor/laravel/framework/src/Illuminate/Foundation/ProviderRepository.php:74
/var/www/html/vendor/laravel/framework/src/Illuminate/Foundation/Application.php:871
/var/www/html/vendor/laravel/framework/src/Illuminate/Foundation/Bootstrap/RegisterProviders.php:37
/var/www/html/vendor/laravel/framework/src/Illuminate/Foundation/Application.php:342
/var/www/html/vendor/laravel/framework/src/Illuminate/Foundation/Console/Kernel.php:473
/var/www/html/tests/CreatesApplication.php:31
/var/www/html/vendor/laravel/framework/src/Illuminate/Foundation/Testing/TestCase.php:54
/var/www/html/vendor/laravel/framework/src/Illuminate/Foundation/Testing/Concerns/InteractsWithTestCaseLifecycle.php:92
/var/www/html/vendor/laravel/framework/src/Illuminate/Foundation/Testing/TestCase.php:44
/var/www/html/tests/TestCase.php:36
/var/www/html/tests/Feature/SessionManagementTest.php:40</error>
        </testcase>
      </testsuite>
      <testsuite name="Tests\Feature\Services\FinancialTransactionServiceTest" file="/var/www/html/tests/Feature/Services/FinancialTransactionServiceTest.php" tests="7" assertions="0" errors="7" failures="0" skipped="0" time="0.000000">
        <testcase name="test_handles_payment_failure" file="/var/www/html/tests/Feature/Services/FinancialTransactionServiceTest.php" line="62" class="Tests\Feature\Services\FinancialTransactionServiceTest" classname="Tests.Feature.Services.FinancialTransactionServiceTest" assertions="0" time="0.000000">
          <error type="Error">Tests\Feature\Services\FinancialTransactionServiceTest::test_handles_payment_failure
Error: Class "Laravel\Dusk\DuskServiceProvider" not found

/var/www/html/vendor/laravel/framework/src/Illuminate/Foundation/Application.php:961
/var/www/html/vendor/laravel/framework/src/Illuminate/Foundation/Application.php:893
/var/www/html/app/Providers/AppServiceProvider.php:51
/var/www/html/vendor/laravel/framework/src/Illuminate/Foundation/Application.php:896
/var/www/html/vendor/laravel/framework/src/Illuminate/Foundation/ProviderRepository.php:74
/var/www/html/vendor/laravel/framework/src/Illuminate/Foundation/Application.php:871
/var/www/html/vendor/laravel/framework/src/Illuminate/Foundation/Bootstrap/RegisterProviders.php:37
/var/www/html/vendor/laravel/framework/src/Illuminate/Foundation/Application.php:342
/var/www/html/vendor/laravel/framework/src/Illuminate/Foundation/Console/Kernel.php:473
/var/www/html/tests/CreatesApplication.php:31
/var/www/html/vendor/laravel/framework/src/Illuminate/Foundation/Testing/TestCase.php:54
/var/www/html/vendor/laravel/framework/src/Illuminate/Foundation/Testing/Concerns/InteractsWithTestCaseLifecycle.php:92
/var/www/html/vendor/laravel/framework/src/Illuminate/Foundation/Testing/TestCase.php:44
/var/www/html/tests/TestCase.php:36
/var/www/html/tests/Feature/Services/FinancialTransactionServiceTest.php:20</error>
        </testcase>
        <testcase name="test_gets_transaction_history" file="/var/www/html/tests/Feature/Services/FinancialTransactionServiceTest.php" line="117" class="Tests\Feature\Services\FinancialTransactionServiceTest" classname="Tests.Feature.Services.FinancialTransactionServiceTest" assertions="0" time="0.000000">
          <error type="Error">Tests\Feature\Services\FinancialTransactionServiceTest::test_gets_transaction_history
Error: Class "Laravel\Dusk\DuskServiceProvider" not found

/var/www/html/vendor/laravel/framework/src/Illuminate/Foundation/Application.php:961
/var/www/html/vendor/laravel/framework/src/Illuminate/Foundation/Application.php:893
/var/www/html/app/Providers/AppServiceProvider.php:51
/var/www/html/vendor/laravel/framework/src/Illuminate/Foundation/Application.php:896
/var/www/html/vendor/laravel/framework/src/Illuminate/Foundation/ProviderRepository.php:74
/var/www/html/vendor/laravel/framework/src/Illuminate/Foundation/Application.php:871
/var/www/html/vendor/laravel/framework/src/Illuminate/Foundation/Bootstrap/RegisterProviders.php:37
/var/www/html/vendor/laravel/framework/src/Illuminate/Foundation/Application.php:342
/var/www/html/vendor/laravel/framework/src/Illuminate/Foundation/Console/Kernel.php:473
/var/www/html/tests/CreatesApplication.php:31
/var/www/html/vendor/laravel/framework/src/Illuminate/Foundation/Testing/TestCase.php:54
/var/www/html/vendor/laravel/framework/src/Illuminate/Foundation/Testing/Concerns/InteractsWithTestCaseLifecycle.php:92
/var/www/html/vendor/laravel/framework/src/Illuminate/Foundation/Testing/TestCase.php:44
/var/www/html/tests/TestCase.php:36
/var/www/html/tests/Feature/Services/FinancialTransactionServiceTest.php:20</error>
        </testcase>
        <testcase name="test_handles_invalid_payment_method" file="/var/www/html/tests/Feature/Services/FinancialTransactionServiceTest.php" line="159" class="Tests\Feature\Services\FinancialTransactionServiceTest" classname="Tests.Feature.Services.FinancialTransactionServiceTest" assertions="0" time="0.000000">
          <error type="Error">Tests\Feature\Services\FinancialTransactionServiceTest::test_handles_invalid_payment_method
Error: Class "Laravel\Dusk\DuskServiceProvider" not found

/var/www/html/vendor/laravel/framework/src/Illuminate/Foundation/Application.php:961
/var/www/html/vendor/laravel/framework/src/Illuminate/Foundation/Application.php:893
/var/www/html/app/Providers/AppServiceProvider.php:51
/var/www/html/vendor/laravel/framework/src/Illuminate/Foundation/Application.php:896
/var/www/html/vendor/laravel/framework/src/Illuminate/Foundation/ProviderRepository.php:74
/var/www/html/vendor/laravel/framework/src/Illuminate/Foundation/Application.php:871
/var/www/html/vendor/laravel/framework/src/Illuminate/Foundation/Bootstrap/RegisterProviders.php:37
/var/www/html/vendor/laravel/framework/src/Illuminate/Foundation/Application.php:342
/var/www/html/vendor/laravel/framework/src/Illuminate/Foundation/Console/Kernel.php:473
/var/www/html/tests/CreatesApplication.php:31
/var/www/html/vendor/laravel/framework/src/Illuminate/Foundation/Testing/TestCase.php:54
/var/www/html/vendor/laravel/framework/src/Illuminate/Foundation/Testing/Concerns/InteractsWithTestCaseLifecycle.php:92
/var/www/html/vendor/laravel/framework/src/Illuminate/Foundation/Testing/TestCase.php:44
/var/www/html/tests/TestCase.php:36
/var/www/html/tests/Feature/Services/FinancialTransactionServiceTest.php:20</error>
        </testcase>
        <testcase name="test_processes_payment_successfully" file="/var/www/html/tests/Feature/Services/FinancialTransactionServiceTest.php" line="32" class="Tests\Feature\Services\FinancialTransactionServiceTest" classname="Tests.Feature.Services.FinancialTransactionServiceTest" assertions="0" time="0.000000">
          <error type="Error">Tests\Feature\Services\FinancialTransactionServiceTest::test_processes_payment_successfully
Error: Class "Laravel\Dusk\DuskServiceProvider" not found

/var/www/html/vendor/laravel/framework/src/Illuminate/Foundation/Application.php:961
/var/www/html/vendor/laravel/framework/src/Illuminate/Foundation/Application.php:893
/var/www/html/app/Providers/AppServiceProvider.php:51
/var/www/html/vendor/laravel/framework/src/Illuminate/Foundation/Application.php:896
/var/www/html/vendor/laravel/framework/src/Illuminate/Foundation/ProviderRepository.php:74
/var/www/html/vendor/laravel/framework/src/Illuminate/Foundation/Application.php:871
/var/www/html/vendor/laravel/framework/src/Illuminate/Foundation/Bootstrap/RegisterProviders.php:37
/var/www/html/vendor/laravel/framework/src/Illuminate/Foundation/Application.php:342
/var/www/html/vendor/laravel/framework/src/Illuminate/Foundation/Console/Kernel.php:473
/var/www/html/tests/CreatesApplication.php:31
/var/www/html/vendor/laravel/framework/src/Illuminate/Foundation/Testing/TestCase.php:54
/var/www/html/vendor/laravel/framework/src/Illuminate/Foundation/Testing/Concerns/InteractsWithTestCaseLifecycle.php:92
/var/www/html/vendor/laravel/framework/src/Illuminate/Foundation/Testing/TestCase.php:44
/var/www/html/tests/TestCase.php:36
/var/www/html/tests/Feature/Services/FinancialTransactionServiceTest.php:20</error>
        </testcase>
        <testcase name="test_refunds_transaction" file="/var/www/html/tests/Feature/Services/FinancialTransactionServiceTest.php" line="86" class="Tests\Feature\Services\FinancialTransactionServiceTest" classname="Tests.Feature.Services.FinancialTransactionServiceTest" assertions="0" time="0.000000">
          <error type="Error">Tests\Feature\Services\FinancialTransactionServiceTest::test_refunds_transaction
Error: Class "Laravel\Dusk\DuskServiceProvider" not found

/var/www/html/vendor/laravel/framework/src/Illuminate/Foundation/Application.php:961
/var/www/html/vendor/laravel/framework/src/Illuminate/Foundation/Application.php:893
/var/www/html/app/Providers/AppServiceProvider.php:51
/var/www/html/vendor/laravel/framework/src/Illuminate/Foundation/Application.php:896
/var/www/html/vendor/laravel/framework/src/Illuminate/Foundation/ProviderRepository.php:74
/var/www/html/vendor/laravel/framework/src/Illuminate/Foundation/Application.php:871
/var/www/html/vendor/laravel/framework/src/Illuminate/Foundation/Bootstrap/RegisterProviders.php:37
/var/www/html/vendor/laravel/framework/src/Illuminate/Foundation/Application.php:342
/var/www/html/vendor/laravel/framework/src/Illuminate/Foundation/Console/Kernel.php:473
/var/www/html/tests/CreatesApplication.php:31
/var/www/html/vendor/laravel/framework/src/Illuminate/Foundation/Testing/TestCase.php:54
/var/www/html/vendor/laravel/framework/src/Illuminate/Foundation/Testing/Concerns/InteractsWithTestCaseLifecycle.php:92
/var/www/html/vendor/laravel/framework/src/Illuminate/Foundation/Testing/TestCase.php:44
/var/www/html/tests/TestCase.php:36
/var/www/html/tests/Feature/Services/FinancialTransactionServiceTest.php:20</error>
        </testcase>
        <testcase name="test_calculates_tax" file="/var/www/html/tests/Feature/Services/FinancialTransactionServiceTest.php" line="131" class="Tests\Feature\Services\FinancialTransactionServiceTest" classname="Tests.Feature.Services.FinancialTransactionServiceTest" assertions="0" time="0.000000">
          <error type="Error">Tests\Feature\Services\FinancialTransactionServiceTest::test_calculates_tax
Error: Class "Laravel\Dusk\DuskServiceProvider" not found

/var/www/html/vendor/laravel/framework/src/Illuminate/Foundation/Application.php:961
/var/www/html/vendor/laravel/framework/src/Illuminate/Foundation/Application.php:893
/var/www/html/app/Providers/AppServiceProvider.php:51
/var/www/html/vendor/laravel/framework/src/Illuminate/Foundation/Application.php:896
/var/www/html/vendor/laravel/framework/src/Illuminate/Foundation/ProviderRepository.php:74
/var/www/html/vendor/laravel/framework/src/Illuminate/Foundation/Application.php:871
/var/www/html/vendor/laravel/framework/src/Illuminate/Foundation/Bootstrap/RegisterProviders.php:37
/var/www/html/vendor/laravel/framework/src/Illuminate/Foundation/Application.php:342
/var/www/html/vendor/laravel/framework/src/Illuminate/Foundation/Console/Kernel.php:473
/var/www/html/tests/CreatesApplication.php:31
/var/www/html/vendor/laravel/framework/src/Illuminate/Foundation/Testing/TestCase.php:54
/var/www/html/vendor/laravel/framework/src/Illuminate/Foundation/Testing/Concerns/InteractsWithTestCaseLifecycle.php:92
/var/www/html/vendor/laravel/framework/src/Illuminate/Foundation/Testing/TestCase.php:44
/var/www/html/tests/TestCase.php:36
/var/www/html/tests/Feature/Services/FinancialTransactionServiceTest.php:20</error>
        </testcase>
        <testcase name="test_validates_payment_method" file="/var/www/html/tests/Feature/Services/FinancialTransactionServiceTest.php" line="145" class="Tests\Feature\Services\FinancialTransactionServiceTest" classname="Tests.Feature.Services.FinancialTransactionServiceTest" assertions="0" time="0.000000">
          <error type="Error">Tests\Feature\Services\FinancialTransactionServiceTest::test_validates_payment_method
Error: Class "Laravel\Dusk\DuskServiceProvider" not found

/var/www/html/vendor/laravel/framework/src/Illuminate/Foundation/Application.php:961
/var/www/html/vendor/laravel/framework/src/Illuminate/Foundation/Application.php:893
/var/www/html/app/Providers/AppServiceProvider.php:51
/var/www/html/vendor/laravel/framework/src/Illuminate/Foundation/Application.php:896
/var/www/html/vendor/laravel/framework/src/Illuminate/Foundation/ProviderRepository.php:74
/var/www/html/vendor/laravel/framework/src/Illuminate/Foundation/Application.php:871
/var/www/html/vendor/laravel/framework/src/Illuminate/Foundation/Bootstrap/RegisterProviders.php:37
/var/www/html/vendor/laravel/framework/src/Illuminate/Foundation/Application.php:342
/var/www/html/vendor/laravel/framework/src/Illuminate/Foundation/Console/Kernel.php:473
/var/www/html/tests/CreatesApplication.php:31
/var/www/html/vendor/laravel/framework/src/Illuminate/Foundation/Testing/TestCase.php:54
/var/www/html/vendor/laravel/framework/src/Illuminate/Foundation/Testing/Concerns/InteractsWithTestCaseLifecycle.php:92
/var/www/html/vendor/laravel/framework/src/Illuminate/Foundation/Testing/TestCase.php:44
/var/www/html/tests/TestCase.php:36
/var/www/html/tests/Feature/Services/FinancialTransactionServiceTest.php:20</error>
        </testcase>
      </testsuite>
      <testsuite name="Tests\Feature\Http\Middleware\HandlePrecognitiveRequestsTest" file="/var/www/html/tests/Feature/Http/Middleware/HandlePrecognitiveRequestsTest.php" tests="5" assertions="0" errors="5" failures="0" skipped="0" time="0.000000">
        <testcase name="test_handle_precognitive_requests_middleware_handles_put_requests" file="/var/www/html/tests/Feature/Http/Middleware/HandlePrecognitiveRequestsTest.php" line="61" class="Tests\Feature\Http\Middleware\HandlePrecognitiveRequestsTest" classname="Tests.Feature.Http.Middleware.HandlePrecognitiveRequestsTest" assertions="0" time="0.000000">
          <error type="Error">Tests\Feature\Http\Middleware\HandlePrecognitiveRequestsTest::test_handle_precognitive_requests_middleware_handles_put_requests
Error: Class "Laravel\Dusk\DuskServiceProvider" not found

/var/www/html/vendor/laravel/framework/src/Illuminate/Foundation/Application.php:961
/var/www/html/vendor/laravel/framework/src/Illuminate/Foundation/Application.php:893
/var/www/html/app/Providers/AppServiceProvider.php:51
/var/www/html/vendor/laravel/framework/src/Illuminate/Foundation/Application.php:896
/var/www/html/vendor/laravel/framework/src/Illuminate/Foundation/ProviderRepository.php:74
/var/www/html/vendor/laravel/framework/src/Illuminate/Foundation/Application.php:871
/var/www/html/vendor/laravel/framework/src/Illuminate/Foundation/Bootstrap/RegisterProviders.php:37
/var/www/html/vendor/laravel/framework/src/Illuminate/Foundation/Application.php:342
/var/www/html/vendor/laravel/framework/src/Illuminate/Foundation/Console/Kernel.php:473
/var/www/html/tests/CreatesApplication.php:31
/var/www/html/vendor/laravel/framework/src/Illuminate/Foundation/Testing/TestCase.php:54
/var/www/html/vendor/laravel/framework/src/Illuminate/Foundation/Testing/Concerns/InteractsWithTestCaseLifecycle.php:92
/var/www/html/vendor/laravel/framework/src/Illuminate/Foundation/Testing/TestCase.php:44
/var/www/html/tests/TestCase.php:36</error>
        </testcase>
        <testcase name="test_handle_precognitive_requests_middleware_passes_regular_requests" file="/var/www/html/tests/Feature/Http/Middleware/HandlePrecognitiveRequestsTest.php" line="18" class="Tests\Feature\Http\Middleware\HandlePrecognitiveRequestsTest" classname="Tests.Feature.Http.Middleware.HandlePrecognitiveRequestsTest" assertions="0" time="0.000000">
          <error type="Error">Tests\Feature\Http\Middleware\HandlePrecognitiveRequestsTest::test_handle_precognitive_requests_middleware_passes_regular_requests
Error: Class "Laravel\Dusk\DuskServiceProvider" not found

/var/www/html/vendor/laravel/framework/src/Illuminate/Foundation/Application.php:961
/var/www/html/vendor/laravel/framework/src/Illuminate/Foundation/Application.php:893
/var/www/html/app/Providers/AppServiceProvider.php:51
/var/www/html/vendor/laravel/framework/src/Illuminate/Foundation/Application.php:896
/var/www/html/vendor/laravel/framework/src/Illuminate/Foundation/ProviderRepository.php:74
/var/www/html/vendor/laravel/framework/src/Illuminate/Foundation/Application.php:871
/var/www/html/vendor/laravel/framework/src/Illuminate/Foundation/Bootstrap/RegisterProviders.php:37
/var/www/html/vendor/laravel/framework/src/Illuminate/Foundation/Application.php:342
/var/www/html/vendor/laravel/framework/src/Illuminate/Foundation/Console/Kernel.php:473
/var/www/html/tests/CreatesApplication.php:31
/var/www/html/vendor/laravel/framework/src/Illuminate/Foundation/Testing/TestCase.php:54
/var/www/html/vendor/laravel/framework/src/Illuminate/Foundation/Testing/Concerns/InteractsWithTestCaseLifecycle.php:92
/var/www/html/vendor/laravel/framework/src/Illuminate/Foundation/Testing/TestCase.php:44
/var/www/html/tests/TestCase.php:36</error>
        </testcase>
        <testcase name="test_handle_precognitive_requests_middleware_handles_precognitive_header" file="/var/www/html/tests/Feature/Http/Middleware/HandlePrecognitiveRequestsTest.php" line="31" class="Tests\Feature\Http\Middleware\HandlePrecognitiveRequestsTest" classname="Tests.Feature.Http.Middleware.HandlePrecognitiveRequestsTest" assertions="0" time="0.000000">
          <error type="Error">Tests\Feature\Http\Middleware\HandlePrecognitiveRequestsTest::test_handle_precognitive_requests_middleware_handles_precognitive_header
Error: Class "Laravel\Dusk\DuskServiceProvider" not found

/var/www/html/vendor/laravel/framework/src/Illuminate/Foundation/Application.php:961
/var/www/html/vendor/laravel/framework/src/Illuminate/Foundation/Application.php:893
/var/www/html/app/Providers/AppServiceProvider.php:51
/var/www/html/vendor/laravel/framework/src/Illuminate/Foundation/Application.php:896
/var/www/html/vendor/laravel/framework/src/Illuminate/Foundation/ProviderRepository.php:74
/var/www/html/vendor/laravel/framework/src/Illuminate/Foundation/Application.php:871
/var/www/html/vendor/laravel/framework/src/Illuminate/Foundation/Bootstrap/RegisterProviders.php:37
/var/www/html/vendor/laravel/framework/src/Illuminate/Foundation/Application.php:342
/var/www/html/vendor/laravel/framework/src/Illuminate/Foundation/Console/Kernel.php:473
/var/www/html/tests/CreatesApplication.php:31
/var/www/html/vendor/laravel/framework/src/Illuminate/Foundation/Testing/TestCase.php:54
/var/www/html/vendor/laravel/framework/src/Illuminate/Foundation/Testing/Concerns/InteractsWithTestCaseLifecycle.php:92
/var/www/html/vendor/laravel/framework/src/Illuminate/Foundation/Testing/TestCase.php:44
/var/www/html/tests/TestCase.php:36</error>
        </testcase>
        <testcase name="test_handle_precognitive_requests_middleware_handles_patch_requests" file="/var/www/html/tests/Feature/Http/Middleware/HandlePrecognitiveRequestsTest.php" line="77" class="Tests\Feature\Http\Middleware\HandlePrecognitiveRequestsTest" classname="Tests.Feature.Http.Middleware.HandlePrecognitiveRequestsTest" assertions="0" time="0.000000">
          <error type="Error">Tests\Feature\Http\Middleware\HandlePrecognitiveRequestsTest::test_handle_precognitive_requests_middleware_handles_patch_requests
Error: Class "Laravel\Dusk\DuskServiceProvider" not found

/var/www/html/vendor/laravel/framework/src/Illuminate/Foundation/Application.php:961
/var/www/html/vendor/laravel/framework/src/Illuminate/Foundation/Application.php:893
/var/www/html/app/Providers/AppServiceProvider.php:51
/var/www/html/vendor/laravel/framework/src/Illuminate/Foundation/Application.php:896
/var/www/html/vendor/laravel/framework/src/Illuminate/Foundation/ProviderRepository.php:74
/var/www/html/vendor/laravel/framework/src/Illuminate/Foundation/Application.php:871
/var/www/html/vendor/laravel/framework/src/Illuminate/Foundation/Bootstrap/RegisterProviders.php:37
/var/www/html/vendor/laravel/framework/src/Illuminate/Foundation/Application.php:342
/var/www/html/vendor/laravel/framework/src/Illuminate/Foundation/Console/Kernel.php:473
/var/www/html/tests/CreatesApplication.php:31
/var/www/html/vendor/laravel/framework/src/Illuminate/Foundation/Testing/TestCase.php:54
/var/www/html/vendor/laravel/framework/src/Illuminate/Foundation/Testing/Concerns/InteractsWithTestCaseLifecycle.php:92
/var/www/html/vendor/laravel/framework/src/Illuminate/Foundation/Testing/TestCase.php:44
/var/www/html/tests/TestCase.php:36</error>
        </testcase>
        <testcase name="test_handle_precognitive_requests_middleware_handles_post_requests" file="/var/www/html/tests/Feature/Http/Middleware/HandlePrecognitiveRequestsTest.php" line="45" class="Tests\Feature\Http\Middleware\HandlePrecognitiveRequestsTest" classname="Tests.Feature.Http.Middleware.HandlePrecognitiveRequestsTest" assertions="0" time="0.000000">
          <error type="Error">Tests\Feature\Http\Middleware\HandlePrecognitiveRequestsTest::test_handle_precognitive_requests_middleware_handles_post_requests
Error: Class "Laravel\Dusk\DuskServiceProvider" not found

/var/www/html/vendor/laravel/framework/src/Illuminate/Foundation/Application.php:961
/var/www/html/vendor/laravel/framework/src/Illuminate/Foundation/Application.php:893
/var/www/html/app/Providers/AppServiceProvider.php:51
/var/www/html/vendor/laravel/framework/src/Illuminate/Foundation/Application.php:896
/var/www/html/vendor/laravel/framework/src/Illuminate/Foundation/ProviderRepository.php:74
/var/www/html/vendor/laravel/framework/src/Illuminate/Foundation/Application.php:871
/var/www/html/vendor/laravel/framework/src/Illuminate/Foundation/Bootstrap/RegisterProviders.php:37
/var/www/html/vendor/laravel/framework/src/Illuminate/Foundation/Application.php:342
/var/www/html/vendor/laravel/framework/src/Illuminate/Foundation/Console/Kernel.php:473
/var/www/html/tests/CreatesApplication.php:31
/var/www/html/vendor/laravel/framework/src/Illuminate/Foundation/Testing/TestCase.php:54
/var/www/html/vendor/laravel/framework/src/Illuminate/Foundation/Testing/Concerns/InteractsWithTestCaseLifecycle.php:92
/var/www/html/vendor/laravel/framework/src/Illuminate/Foundation/Testing/TestCase.php:44
/var/www/html/tests/TestCase.php:36</error>
        </testcase>
      </testsuite>
      <testsuite name="Tests\Feature\Http\Controllers\ReportControllerTest" file="/var/www/html/tests/Feature/Http/Controllers/ReportControllerTest.php" tests="5" assertions="0" errors="5" failures="0" skipped="0" time="0.000000">
        <testcase name="it_can_get_system_overview" file="/var/www/html/tests/Feature/Http/Controllers/ReportControllerTest.php" line="47" class="Tests\Feature\Http\Controllers\ReportControllerTest" classname="Tests.Feature.Http.Controllers.ReportControllerTest" assertions="0" time="0.000000">
          <error type="Error">Tests\Feature\Http\Controllers\ReportControllerTest::it_can_get_system_overview
Error: Class "Laravel\Dusk\DuskServiceProvider" not found

/var/www/html/vendor/laravel/framework/src/Illuminate/Foundation/Application.php:961
/var/www/html/vendor/laravel/framework/src/Illuminate/Foundation/Application.php:893
/var/www/html/app/Providers/AppServiceProvider.php:51
/var/www/html/vendor/laravel/framework/src/Illuminate/Foundation/Application.php:896
/var/www/html/vendor/laravel/framework/src/Illuminate/Foundation/ProviderRepository.php:74
/var/www/html/vendor/laravel/framework/src/Illuminate/Foundation/Application.php:871
/var/www/html/vendor/laravel/framework/src/Illuminate/Foundation/Bootstrap/RegisterProviders.php:37
/var/www/html/vendor/laravel/framework/src/Illuminate/Foundation/Application.php:342
/var/www/html/vendor/laravel/framework/src/Illuminate/Foundation/Console/Kernel.php:473
/var/www/html/tests/CreatesApplication.php:31
/var/www/html/vendor/laravel/framework/src/Illuminate/Foundation/Testing/TestCase.php:54
/var/www/html/vendor/laravel/framework/src/Illuminate/Foundation/Testing/Concerns/InteractsWithTestCaseLifecycle.php:92
/var/www/html/vendor/laravel/framework/src/Illuminate/Foundation/Testing/TestCase.php:44
/var/www/html/tests/TestCase.php:36</error>
        </testcase>
        <testcase name="it_can_generate_product_performance_report" file="/var/www/html/tests/Feature/Http/Controllers/ReportControllerTest.php" line="23" class="Tests\Feature\Http\Controllers\ReportControllerTest" classname="Tests.Feature.Http.Controllers.ReportControllerTest" assertions="0" time="0.000000">
          <error type="Error">Tests\Feature\Http\Controllers\ReportControllerTest::it_can_generate_product_performance_report
Error: Class "Laravel\Dusk\DuskServiceProvider" not found

/var/www/html/vendor/laravel/framework/src/Illuminate/Foundation/Application.php:961
/var/www/html/vendor/laravel/framework/src/Illuminate/Foundation/Application.php:893
/var/www/html/app/Providers/AppServiceProvider.php:51
/var/www/html/vendor/laravel/framework/src/Illuminate/Foundation/Application.php:896
/var/www/html/vendor/laravel/framework/src/Illuminate/Foundation/ProviderRepository.php:74
/var/www/html/vendor/laravel/framework/src/Illuminate/Foundation/Application.php:871
/var/www/html/vendor/laravel/framework/src/Illuminate/Foundation/Bootstrap/RegisterProviders.php:37
/var/www/html/vendor/laravel/framework/src/Illuminate/Foundation/Application.php:342
/var/www/html/vendor/laravel/framework/src/Illuminate/Foundation/Console/Kernel.php:473
/var/www/html/tests/CreatesApplication.php:31
/var/www/html/vendor/laravel/framework/src/Illuminate/Foundation/Testing/TestCase.php:54
/var/www/html/vendor/laravel/framework/src/Illuminate/Foundation/Testing/Concerns/InteractsWithTestCaseLifecycle.php:92
/var/www/html/vendor/laravel/framework/src/Illuminate/Foundation/Testing/TestCase.php:44
/var/www/html/tests/TestCase.php:36</error>
        </testcase>
        <testcase name="it_can_generate_sales_report" file="/var/www/html/tests/Feature/Http/Controllers/ReportControllerTest.php" line="39" class="Tests\Feature\Http\Controllers\ReportControllerTest" classname="Tests.Feature.Http.Controllers.ReportControllerTest" assertions="0" time="0.000000">
          <error type="Error">Tests\Feature\Http\Controllers\ReportControllerTest::it_can_generate_sales_report
Error: Class "Laravel\Dusk\DuskServiceProvider" not found

/var/www/html/vendor/laravel/framework/src/Illuminate/Foundation/Application.php:961
/var/www/html/vendor/laravel/framework/src/Illuminate/Foundation/Application.php:893
/var/www/html/app/Providers/AppServiceProvider.php:51
/var/www/html/vendor/laravel/framework/src/Illuminate/Foundation/Application.php:896
/var/www/html/vendor/laravel/framework/src/Illuminate/Foundation/ProviderRepository.php:74
/var/www/html/vendor/laravel/framework/src/Illuminate/Foundation/Application.php:871
/var/www/html/vendor/laravel/framework/src/Illuminate/Foundation/Bootstrap/RegisterProviders.php:37
/var/www/html/vendor/laravel/framework/src/Illuminate/Foundation/Application.php:342
/var/www/html/vendor/laravel/framework/src/Illuminate/Foundation/Console/Kernel.php:473
/var/www/html/tests/CreatesApplication.php:31
/var/www/html/vendor/laravel/framework/src/Illuminate/Foundation/Testing/TestCase.php:54
/var/www/html/vendor/laravel/framework/src/Illuminate/Foundation/Testing/Concerns/InteractsWithTestCaseLifecycle.php:92
/var/www/html/vendor/laravel/framework/src/Illuminate/Foundation/Testing/TestCase.php:44
/var/www/html/tests/TestCase.php:36</error>
        </testcase>
        <testcase name="it_can_generate_user_activity_report" file="/var/www/html/tests/Feature/Http/Controllers/ReportControllerTest.php" line="31" class="Tests\Feature\Http\Controllers\ReportControllerTest" classname="Tests.Feature.Http.Controllers.ReportControllerTest" assertions="0" time="0.000000">
          <error type="Error">Tests\Feature\Http\Controllers\ReportControllerTest::it_can_generate_user_activity_report
Error: Class "Laravel\Dusk\DuskServiceProvider" not found

/var/www/html/vendor/laravel/framework/src/Illuminate/Foundation/Application.php:961
/var/www/html/vendor/laravel/framework/src/Illuminate/Foundation/Application.php:893
/var/www/html/app/Providers/AppServiceProvider.php:51
/var/www/html/vendor/laravel/framework/src/Illuminate/Foundation/Application.php:896
/var/www/html/vendor/laravel/framework/src/Illuminate/Foundation/ProviderRepository.php:74
/var/www/html/vendor/laravel/framework/src/Illuminate/Foundation/Application.php:871
/var/www/html/vendor/laravel/framework/src/Illuminate/Foundation/Bootstrap/RegisterProviders.php:37
/var/www/html/vendor/laravel/framework/src/Illuminate/Foundation/Application.php:342
/var/www/html/vendor/laravel/framework/src/Illuminate/Foundation/Console/Kernel.php:473
/var/www/html/tests/CreatesApplication.php:31
/var/www/html/vendor/laravel/framework/src/Illuminate/Foundation/Testing/TestCase.php:54
/var/www/html/vendor/laravel/framework/src/Illuminate/Foundation/Testing/Concerns/InteractsWithTestCaseLifecycle.php:92
/var/www/html/vendor/laravel/framework/src/Illuminate/Foundation/Testing/TestCase.php:44
/var/www/html/tests/TestCase.php:36</error>
        </testcase>
        <testcase name="it_can_get_engagement_metrics" file="/var/www/html/tests/Feature/Http/Controllers/ReportControllerTest.php" line="55" class="Tests\Feature\Http\Controllers\ReportControllerTest" classname="Tests.Feature.Http.Controllers.ReportControllerTest" assertions="0" time="0.000000">
          <error type="Error">Tests\Feature\Http\Controllers\ReportControllerTest::it_can_get_engagement_metrics
Error: Class "Laravel\Dusk\DuskServiceProvider" not found

/var/www/html/vendor/laravel/framework/src/Illuminate/Foundation/Application.php:961
/var/www/html/vendor/laravel/framework/src/Illuminate/Foundation/Application.php:893
/var/www/html/app/Providers/AppServiceProvider.php:51
/var/www/html/vendor/laravel/framework/src/Illuminate/Foundation/Application.php:896
/var/www/html/vendor/laravel/framework/src/Illuminate/Foundation/ProviderRepository.php:74
/var/www/html/vendor/laravel/framework/src/Illuminate/Foundation/Application.php:871
/var/www/html/vendor/laravel/framework/src/Illuminate/Foundation/Bootstrap/RegisterProviders.php:37
/var/www/html/vendor/laravel/framework/src/Illuminate/Foundation/Application.php:342
/var/www/html/vendor/laravel/framework/src/Illuminate/Foundation/Console/Kernel.php:473
/var/www/html/tests/CreatesApplication.php:31
/var/www/html/vendor/laravel/framework/src/Illuminate/Foundation/Testing/TestCase.php:54
/var/www/html/vendor/laravel/framework/src/Illuminate/Foundation/Testing/Concerns/InteractsWithTestCaseLifecycle.php:92
/var/www/html/vendor/laravel/framework/src/Illuminate/Foundation/Testing/TestCase.php:44
/var/www/html/tests/TestCase.php:36</error>
        </testcase>
      </testsuite>
      <testsuite name="Tests\Feature\SQLiteConnectionTest" file="/var/www/html/tests/Feature/SQLiteConnectionTest.php" tests="1" assertions="0" errors="1" failures="0" skipped="0" time="0.000000">
        <testcase name="it_connects_to_sqlite_memory_in_testing_environment" file="/var/www/html/tests/Feature/SQLiteConnectionTest.php" line="17" class="Tests\Feature\SQLiteConnectionTest" classname="Tests.Feature.SQLiteConnectionTest" assertions="0" time="0.000000">
          <error type="Error">Tests\Feature\SQLiteConnectionTest::it_connects_to_sqlite_memory_in_testing_environment
Error: Class "Laravel\Dusk\DuskServiceProvider" not found

/var/www/html/vendor/laravel/framework/src/Illuminate/Foundation/Application.php:961
/var/www/html/vendor/laravel/framework/src/Illuminate/Foundation/Application.php:893
/var/www/html/app/Providers/AppServiceProvider.php:51
/var/www/html/vendor/laravel/framework/src/Illuminate/Foundation/Application.php:896
/var/www/html/vendor/laravel/framework/src/Illuminate/Foundation/ProviderRepository.php:74
/var/www/html/vendor/laravel/framework/src/Illuminate/Foundation/Application.php:871
/var/www/html/vendor/laravel/framework/src/Illuminate/Foundation/Bootstrap/RegisterProviders.php:37
/var/www/html/vendor/laravel/framework/src/Illuminate/Foundation/Application.php:342
/var/www/html/vendor/laravel/framework/src/Illuminate/Foundation/Console/Kernel.php:473
/var/www/html/tests/CreatesApplication.php:31
/var/www/html/vendor/laravel/framework/src/Illuminate/Foundation/Testing/TestCase.php:54
/var/www/html/vendor/laravel/framework/src/Illuminate/Foundation/Testing/Concerns/InteractsWithTestCaseLifecycle.php:92
/var/www/html/vendor/laravel/framework/src/Illuminate/Foundation/Testing/TestCase.php:44
/var/www/html/tests/TestCase.php:36</error>
        </testcase>
      </testsuite>
      <testsuite name="Tests\Feature\FormValidationTest" file="/var/www/html/tests/Feature/FormValidationTest.php" tests="3" assertions="0" errors="3" failures="0" skipped="0" time="0.000000">
        <testcase name="test_validation" file="/var/www/html/tests/Feature/FormValidationTest.php" line="32" class="Tests\Feature\FormValidationTest" classname="Tests.Feature.FormValidationTest" assertions="0" time="0.000000">
          <error type="Error">Tests\Feature\FormValidationTest::test_validation
Error: Class "Laravel\Dusk\DuskServiceProvider" not found

/var/www/html/vendor/laravel/framework/src/Illuminate/Foundation/Application.php:961
/var/www/html/vendor/laravel/framework/src/Illuminate/Foundation/Application.php:893
/var/www/html/app/Providers/AppServiceProvider.php:51
/var/www/html/vendor/laravel/framework/src/Illuminate/Foundation/Application.php:896
/var/www/html/vendor/laravel/framework/src/Illuminate/Foundation/ProviderRepository.php:74
/var/www/html/vendor/laravel/framework/src/Illuminate/Foundation/Application.php:871
/var/www/html/vendor/laravel/framework/src/Illuminate/Foundation/Bootstrap/RegisterProviders.php:37
/var/www/html/vendor/laravel/framework/src/Illuminate/Foundation/Application.php:342
/var/www/html/vendor/laravel/framework/src/Illuminate/Foundation/Console/Kernel.php:473
/var/www/html/tests/CreatesApplication.php:31
/var/www/html/vendor/laravel/framework/src/Illuminate/Foundation/Testing/TestCase.php:54
/var/www/html/vendor/laravel/framework/src/Illuminate/Foundation/Testing/Concerns/InteractsWithTestCaseLifecycle.php:92
/var/www/html/vendor/laravel/framework/src/Illuminate/Foundation/Testing/TestCase.php:44
/var/www/html/tests/TestCase.php:36
/var/www/html/tests/Feature/FormValidationTest.php:40</error>
        </testcase>
        <testcase name="test_basic_functionality" file="/var/www/html/tests/Feature/FormValidationTest.php" line="18" class="Tests\Feature\FormValidationTest" classname="Tests.Feature.FormValidationTest" assertions="0" time="0.000000">
          <error type="Error">Tests\Feature\FormValidationTest::test_basic_functionality
Error: Class "Laravel\Dusk\DuskServiceProvider" not found

/var/www/html/vendor/laravel/framework/src/Illuminate/Foundation/Application.php:961
/var/www/html/vendor/laravel/framework/src/Illuminate/Foundation/Application.php:893
/var/www/html/app/Providers/AppServiceProvider.php:51
/var/www/html/vendor/laravel/framework/src/Illuminate/Foundation/Application.php:896
/var/www/html/vendor/laravel/framework/src/Illuminate/Foundation/ProviderRepository.php:74
/var/www/html/vendor/laravel/framework/src/Illuminate/Foundation/Application.php:871
/var/www/html/vendor/laravel/framework/src/Illuminate/Foundation/Bootstrap/RegisterProviders.php:37
/var/www/html/vendor/laravel/framework/src/Illuminate/Foundation/Application.php:342
/var/www/html/vendor/laravel/framework/src/Illuminate/Foundation/Console/Kernel.php:473
/var/www/html/tests/CreatesApplication.php:31
/var/www/html/vendor/laravel/framework/src/Illuminate/Foundation/Testing/TestCase.php:54
/var/www/html/vendor/laravel/framework/src/Illuminate/Foundation/Testing/Concerns/InteractsWithTestCaseLifecycle.php:92
/var/www/html/vendor/laravel/framework/src/Illuminate/Foundation/Testing/TestCase.php:44
/var/www/html/tests/TestCase.php:36
/var/www/html/tests/Feature/FormValidationTest.php:40</error>
        </testcase>
        <testcase name="test_expected_behavior" file="/var/www/html/tests/Feature/FormValidationTest.php" line="25" class="Tests\Feature\FormValidationTest" classname="Tests.Feature.FormValidationTest" assertions="0" time="0.000000">
          <error type="Error">Tests\Feature\FormValidationTest::test_expected_behavior
Error: Class "Laravel\Dusk\DuskServiceProvider" not found

/var/www/html/vendor/laravel/framework/src/Illuminate/Foundation/Application.php:961
/var/www/html/vendor/laravel/framework/src/Illuminate/Foundation/Application.php:893
/var/www/html/app/Providers/AppServiceProvider.php:51
/var/www/html/vendor/laravel/framework/src/Illuminate/Foundation/Application.php:896
/var/www/html/vendor/laravel/framework/src/Illuminate/Foundation/ProviderRepository.php:74
/var/www/html/vendor/laravel/framework/src/Illuminate/Foundation/Application.php:871
/var/www/html/vendor/laravel/framework/src/Illuminate/Foundation/Bootstrap/RegisterProviders.php:37
/var/www/html/vendor/laravel/framework/src/Illuminate/Foundation/Application.php:342
/var/www/html/vendor/laravel/framework/src/Illuminate/Foundation/Console/Kernel.php:473
/var/www/html/tests/CreatesApplication.php:31
/var/www/html/vendor/laravel/framework/src/Illuminate/Foundation/Testing/TestCase.php:54
/var/www/html/vendor/laravel/framework/src/Illuminate/Foundation/Testing/Concerns/InteractsWithTestCaseLifecycle.php:92
/var/www/html/vendor/laravel/framework/src/Illuminate/Foundation/Testing/TestCase.php:44
/var/www/html/tests/TestCase.php:36
/var/www/html/tests/Feature/FormValidationTest.php:40</error>
        </testcase>
      </testsuite>
      <testsuite name="Tests\Feature\Http\Middleware\LocaleMiddlewareTest" file="/var/www/html/tests/Feature/Http/Middleware/LocaleMiddlewareTest.php" tests="5" assertions="0" errors="5" failures="0" skipped="0" time="0.000000">
        <testcase name="test_locale_middleware_handles_exceptions_gracefully" file="/var/www/html/tests/Feature/Http/Middleware/LocaleMiddlewareTest.php" line="103" class="Tests\Feature\Http\Middleware\LocaleMiddlewareTest" classname="Tests.Feature.Http.Middleware.LocaleMiddlewareTest" assertions="0" time="0.000000">
          <error type="Error">Tests\Feature\Http\Middleware\LocaleMiddlewareTest::test_locale_middleware_handles_exceptions_gracefully
Error: Class "Laravel\Dusk\DuskServiceProvider" not found

/var/www/html/vendor/laravel/framework/src/Illuminate/Foundation/Application.php:961
/var/www/html/vendor/laravel/framework/src/Illuminate/Foundation/Application.php:893
/var/www/html/app/Providers/AppServiceProvider.php:51
/var/www/html/vendor/laravel/framework/src/Illuminate/Foundation/Application.php:896
/var/www/html/vendor/laravel/framework/src/Illuminate/Foundation/ProviderRepository.php:74
/var/www/html/vendor/laravel/framework/src/Illuminate/Foundation/Application.php:871
/var/www/html/vendor/laravel/framework/src/Illuminate/Foundation/Bootstrap/RegisterProviders.php:37
/var/www/html/vendor/laravel/framework/src/Illuminate/Foundation/Application.php:342
/var/www/html/vendor/laravel/framework/src/Illuminate/Foundation/Console/Kernel.php:473
/var/www/html/tests/CreatesApplication.php:31
/var/www/html/vendor/laravel/framework/src/Illuminate/Foundation/Testing/TestCase.php:54
/var/www/html/vendor/laravel/framework/src/Illuminate/Foundation/Testing/Concerns/InteractsWithTestCaseLifecycle.php:92
/var/www/html/vendor/laravel/framework/src/Illuminate/Foundation/Testing/TestCase.php:44
/var/www/html/tests/TestCase.php:36
/var/www/html/tests/Feature/Http/Middleware/LocaleMiddlewareTest.php:22</error>
        </testcase>
        <testcase name="test_locale_middleware_handles_browser_language" file="/var/www/html/tests/Feature/Http/Middleware/LocaleMiddlewareTest.php" line="87" class="Tests\Feature\Http\Middleware\LocaleMiddlewareTest" classname="Tests.Feature.Http.Middleware.LocaleMiddlewareTest" assertions="0" time="0.000000">
          <error type="Error">Tests\Feature\Http\Middleware\LocaleMiddlewareTest::test_locale_middleware_handles_browser_language
Error: Class "Laravel\Dusk\DuskServiceProvider" not found

/var/www/html/vendor/laravel/framework/src/Illuminate/Foundation/Application.php:961
/var/www/html/vendor/laravel/framework/src/Illuminate/Foundation/Application.php:893
/var/www/html/app/Providers/AppServiceProvider.php:51
/var/www/html/vendor/laravel/framework/src/Illuminate/Foundation/Application.php:896
/var/www/html/vendor/laravel/framework/src/Illuminate/Foundation/ProviderRepository.php:74
/var/www/html/vendor/laravel/framework/src/Illuminate/Foundation/Application.php:871
/var/www/html/vendor/laravel/framework/src/Illuminate/Foundation/Bootstrap/RegisterProviders.php:37
/var/www/html/vendor/laravel/framework/src/Illuminate/Foundation/Application.php:342
/var/www/html/vendor/laravel/framework/src/Illuminate/Foundation/Console/Kernel.php:473
/var/www/html/tests/CreatesApplication.php:31
/var/www/html/vendor/laravel/framework/src/Illuminate/Foundation/Testing/TestCase.php:54
/var/www/html/vendor/laravel/framework/src/Illuminate/Foundation/Testing/Concerns/InteractsWithTestCaseLifecycle.php:92
/var/www/html/vendor/laravel/framework/src/Illuminate/Foundation/Testing/TestCase.php:44
/var/www/html/tests/TestCase.php:36
/var/www/html/tests/Feature/Http/Middleware/LocaleMiddlewareTest.php:22</error>
        </testcase>
        <testcase name="test_locale_middleware_handles_session_locale" file="/var/www/html/tests/Feature/Http/Middleware/LocaleMiddlewareTest.php" line="68" class="Tests\Feature\Http\Middleware\LocaleMiddlewareTest" classname="Tests.Feature.Http.Middleware.LocaleMiddlewareTest" assertions="0" time="0.000000">
          <error type="Error">Tests\Feature\Http\Middleware\LocaleMiddlewareTest::test_locale_middleware_handles_session_locale
Error: Class "Laravel\Dusk\DuskServiceProvider" not found

/var/www/html/vendor/laravel/framework/src/Illuminate/Foundation/Application.php:961
/var/www/html/vendor/laravel/framework/src/Illuminate/Foundation/Application.php:893
/var/www/html/app/Providers/AppServiceProvider.php:51
/var/www/html/vendor/laravel/framework/src/Illuminate/Foundation/Application.php:896
/var/www/html/vendor/laravel/framework/src/Illuminate/Foundation/ProviderRepository.php:74
/var/www/html/vendor/laravel/framework/src/Illuminate/Foundation/Application.php:871
/var/www/html/vendor/laravel/framework/src/Illuminate/Foundation/Bootstrap/RegisterProviders.php:37
/var/www/html/vendor/laravel/framework/src/Illuminate/Foundation/Application.php:342
/var/www/html/vendor/laravel/framework/src/Illuminate/Foundation/Console/Kernel.php:473
/var/www/html/tests/CreatesApplication.php:31
/var/www/html/vendor/laravel/framework/src/Illuminate/Foundation/Testing/TestCase.php:54
/var/www/html/vendor/laravel/framework/src/Illuminate/Foundation/Testing/Concerns/InteractsWithTestCaseLifecycle.php:92
/var/www/html/vendor/laravel/framework/src/Illuminate/Foundation/Testing/TestCase.php:44
/var/www/html/tests/TestCase.php:36
/var/www/html/tests/Feature/Http/Middleware/LocaleMiddlewareTest.php:22</error>
        </testcase>
        <testcase name="test_locale_middleware_passes_request_successfully" file="/var/www/html/tests/Feature/Http/Middleware/LocaleMiddlewareTest.php" line="32" class="Tests\Feature\Http\Middleware\LocaleMiddlewareTest" classname="Tests.Feature.Http.Middleware.LocaleMiddlewareTest" assertions="0" time="0.000000">
          <error type="Error">Tests\Feature\Http\Middleware\LocaleMiddlewareTest::test_locale_middleware_passes_request_successfully
Error: Class "Laravel\Dusk\DuskServiceProvider" not found

/var/www/html/vendor/laravel/framework/src/Illuminate/Foundation/Application.php:961
/var/www/html/vendor/laravel/framework/src/Illuminate/Foundation/Application.php:893
/var/www/html/app/Providers/AppServiceProvider.php:51
/var/www/html/vendor/laravel/framework/src/Illuminate/Foundation/Application.php:896
/var/www/html/vendor/laravel/framework/src/Illuminate/Foundation/ProviderRepository.php:74
/var/www/html/vendor/laravel/framework/src/Illuminate/Foundation/Application.php:871
/var/www/html/vendor/laravel/framework/src/Illuminate/Foundation/Bootstrap/RegisterProviders.php:37
/var/www/html/vendor/laravel/framework/src/Illuminate/Foundation/Application.php:342
/var/www/html/vendor/laravel/framework/src/Illuminate/Foundation/Console/Kernel.php:473
/var/www/html/tests/CreatesApplication.php:31
/var/www/html/vendor/laravel/framework/src/Illuminate/Foundation/Testing/TestCase.php:54
/var/www/html/vendor/laravel/framework/src/Illuminate/Foundation/Testing/Concerns/InteractsWithTestCaseLifecycle.php:92
/var/www/html/vendor/laravel/framework/src/Illuminate/Foundation/Testing/TestCase.php:44
/var/www/html/tests/TestCase.php:36
/var/www/html/tests/Feature/Http/Middleware/LocaleMiddlewareTest.php:22</error>
        </testcase>
        <testcase name="test_locale_middleware_handles_authenticated_user" file="/var/www/html/tests/Feature/Http/Middleware/LocaleMiddlewareTest.php" line="48" class="Tests\Feature\Http\Middleware\LocaleMiddlewareTest" classname="Tests.Feature.Http.Middleware.LocaleMiddlewareTest" assertions="0" time="0.000000">
          <error type="Error">Tests\Feature\Http\Middleware\LocaleMiddlewareTest::test_locale_middleware_handles_authenticated_user
Error: Class "Laravel\Dusk\DuskServiceProvider" not found

/var/www/html/vendor/laravel/framework/src/Illuminate/Foundation/Application.php:961
/var/www/html/vendor/laravel/framework/src/Illuminate/Foundation/Application.php:893
/var/www/html/app/Providers/AppServiceProvider.php:51
/var/www/html/vendor/laravel/framework/src/Illuminate/Foundation/Application.php:896
/var/www/html/vendor/laravel/framework/src/Illuminate/Foundation/ProviderRepository.php:74
/var/www/html/vendor/laravel/framework/src/Illuminate/Foundation/Application.php:871
/var/www/html/vendor/laravel/framework/src/Illuminate/Foundation/Bootstrap/RegisterProviders.php:37
/var/www/html/vendor/laravel/framework/src/Illuminate/Foundation/Application.php:342
/var/www/html/vendor/laravel/framework/src/Illuminate/Foundation/Console/Kernel.php:473
/var/www/html/tests/CreatesApplication.php:31
/var/www/html/vendor/laravel/framework/src/Illuminate/Foundation/Testing/TestCase.php:54
/var/www/html/vendor/laravel/framework/src/Illuminate/Foundation/Testing/Concerns/InteractsWithTestCaseLifecycle.php:92
/var/www/html/vendor/laravel/framework/src/Illuminate/Foundation/Testing/TestCase.php:44
/var/www/html/tests/TestCase.php:36
/var/www/html/tests/Feature/Http/Middleware/LocaleMiddlewareTest.php:22</error>
        </testcase>
      </testsuite>
      <testsuite name="Tests\Feature\MySQLConnectionTest" file="/var/www/html/tests/Feature/MySQLConnectionTest.php" tests="1" assertions="0" errors="1" failures="0" skipped="0" time="0.000000">
        <testcase name="it_handles_mysql_connection_based_on_environment" file="/var/www/html/tests/Feature/MySQLConnectionTest.php" line="17" class="Tests\Feature\MySQLConnectionTest" classname="Tests.Feature.MySQLConnectionTest" assertions="0" time="0.000000">
          <error type="Error">Tests\Feature\MySQLConnectionTest::it_handles_mysql_connection_based_on_environment
Error: Class "Laravel\Dusk\DuskServiceProvider" not found

/var/www/html/vendor/laravel/framework/src/Illuminate/Foundation/Application.php:961
/var/www/html/vendor/laravel/framework/src/Illuminate/Foundation/Application.php:893
/var/www/html/app/Providers/AppServiceProvider.php:51
/var/www/html/vendor/laravel/framework/src/Illuminate/Foundation/Application.php:896
/var/www/html/vendor/laravel/framework/src/Illuminate/Foundation/ProviderRepository.php:74
/var/www/html/vendor/laravel/framework/src/Illuminate/Foundation/Application.php:871
/var/www/html/vendor/laravel/framework/src/Illuminate/Foundation/Bootstrap/RegisterProviders.php:37
/var/www/html/vendor/laravel/framework/src/Illuminate/Foundation/Application.php:342
/var/www/html/vendor/laravel/framework/src/Illuminate/Foundation/Console/Kernel.php:473
/var/www/html/tests/CreatesApplication.php:31
/var/www/html/vendor/laravel/framework/src/Illuminate/Foundation/Testing/TestCase.php:54
/var/www/html/vendor/laravel/framework/src/Illuminate/Foundation/Testing/Concerns/InteractsWithTestCaseLifecycle.php:92
/var/www/html/vendor/laravel/framework/src/Illuminate/Foundation/Testing/TestCase.php:44
/var/www/html/tests/TestCase.php:36</error>
        </testcase>
      </testsuite>
      <testsuite name="Tests\Feature\Services\PasswordPolicyServiceTest" file="/var/www/html/tests/Feature/Services/PasswordPolicyServiceTest.php" tests="31" assertions="0" errors="31" failures="0" skipped="0" time="0.000000">
        <testcase name="test_checks_password_not_in_history" file="/var/www/html/tests/Feature/Services/PasswordPolicyServiceTest.php" line="212" class="Tests\Feature\Services\PasswordPolicyServiceTest" classname="Tests.Feature.Services.PasswordPolicyServiceTest" assertions="0" time="0.000000">
          <error type="Error">Tests\Feature\Services\PasswordPolicyServiceTest::test_checks_password_not_in_history
Error: Class "Laravel\Dusk\DuskServiceProvider" not found

/var/www/html/vendor/laravel/framework/src/Illuminate/Foundation/Application.php:961
/var/www/html/vendor/laravel/framework/src/Illuminate/Foundation/Application.php:893
/var/www/html/app/Providers/AppServiceProvider.php:51
/var/www/html/vendor/laravel/framework/src/Illuminate/Foundation/Application.php:896
/var/www/html/vendor/laravel/framework/src/Illuminate/Foundation/ProviderRepository.php:74
/var/www/html/vendor/laravel/framework/src/Illuminate/Foundation/Application.php:871
/var/www/html/vendor/laravel/framework/src/Illuminate/Foundation/Bootstrap/RegisterProviders.php:37
/var/www/html/vendor/laravel/framework/src/Illuminate/Foundation/Application.php:342
/var/www/html/vendor/laravel/framework/src/Illuminate/Foundation/Console/Kernel.php:473
/var/www/html/tests/CreatesApplication.php:31
/var/www/html/vendor/laravel/framework/src/Illuminate/Foundation/Testing/TestCase.php:54
/var/www/html/vendor/laravel/framework/src/Illuminate/Foundation/Testing/Concerns/InteractsWithTestCaseLifecycle.php:92
/var/www/html/vendor/laravel/framework/src/Illuminate/Foundation/Testing/TestCase.php:44
/var/www/html/tests/TestCase.php:36
/var/www/html/tests/Feature/Services/PasswordPolicyServiceTest.php:22</error>
        </testcase>
        <testcase name="test_saves_password_to_history" file="/var/www/html/tests/Feature/Services/PasswordPolicyServiceTest.php" line="225" class="Tests\Feature\Services\PasswordPolicyServiceTest" classname="Tests.Feature.Services.PasswordPolicyServiceTest" assertions="0" time="0.000000">
          <error type="Error">Tests\Feature\Services\PasswordPolicyServiceTest::test_saves_password_to_history
Error: Class "Laravel\Dusk\DuskServiceProvider" not found

/var/www/html/vendor/laravel/framework/src/Illuminate/Foundation/Application.php:961
/var/www/html/vendor/laravel/framework/src/Illuminate/Foundation/Application.php:893
/var/www/html/app/Providers/AppServiceProvider.php:51
/var/www/html/vendor/laravel/framework/src/Illuminate/Foundation/Application.php:896
/var/www/html/vendor/laravel/framework/src/Illuminate/Foundation/ProviderRepository.php:74
/var/www/html/vendor/laravel/framework/src/Illuminate/Foundation/Application.php:871
/var/www/html/vendor/laravel/framework/src/Illuminate/Foundation/Bootstrap/RegisterProviders.php:37
/var/www/html/vendor/laravel/framework/src/Illuminate/Foundation/Application.php:342
/var/www/html/vendor/laravel/framework/src/Illuminate/Foundation/Console/Kernel.php:473
/var/www/html/tests/CreatesApplication.php:31
/var/www/html/vendor/laravel/framework/src/Illuminate/Foundation/Testing/TestCase.php:54
/var/www/html/vendor/laravel/framework/src/Illuminate/Foundation/Testing/Concerns/InteractsWithTestCaseLifecycle.php:92
/var/www/html/vendor/laravel/framework/src/Illuminate/Foundation/Testing/TestCase.php:44
/var/www/html/tests/TestCase.php:36
/var/www/html/tests/Feature/Services/PasswordPolicyServiceTest.php:22</error>
        </testcase>
        <testcase name="test_checks_account_not_locked" file="/var/www/html/tests/Feature/Services/PasswordPolicyServiceTest.php" line="289" class="Tests\Feature\Services\PasswordPolicyServiceTest" classname="Tests.Feature.Services.PasswordPolicyServiceTest" assertions="0" time="0.000000">
          <error type="Error">Tests\Feature\Services\PasswordPolicyServiceTest::test_checks_account_not_locked
Error: Class "Laravel\Dusk\DuskServiceProvider" not found

/var/www/html/vendor/laravel/framework/src/Illuminate/Foundation/Application.php:961
/var/www/html/vendor/laravel/framework/src/Illuminate/Foundation/Application.php:893
/var/www/html/app/Providers/AppServiceProvider.php:51
/var/www/html/vendor/laravel/framework/src/Illuminate/Foundation/Application.php:896
/var/www/html/vendor/laravel/framework/src/Illuminate/Foundation/ProviderRepository.php:74
/var/www/html/vendor/laravel/framework/src/Illuminate/Foundation/Application.php:871
/var/www/html/vendor/laravel/framework/src/Illuminate/Foundation/Bootstrap/RegisterProviders.php:37
/var/www/html/vendor/laravel/framework/src/Illuminate/Foundation/Application.php:342
/var/www/html/vendor/laravel/framework/src/Illuminate/Foundation/Console/Kernel.php:473
/var/www/html/tests/CreatesApplication.php:31
/var/www/html/vendor/laravel/framework/src/Illuminate/Foundation/Testing/TestCase.php:54
/var/www/html/vendor/laravel/framework/src/Illuminate/Foundation/Testing/Concerns/InteractsWithTestCaseLifecycle.php:92
/var/www/html/vendor/laravel/framework/src/Illuminate/Foundation/Testing/TestCase.php:44
/var/www/html/tests/TestCase.php:36
/var/www/html/tests/Feature/Services/PasswordPolicyServiceTest.php:22</error>
        </testcase>
        <testcase name="test_records_failed_attempt" file="/var/www/html/tests/Feature/Services/PasswordPolicyServiceTest.php" line="317" class="Tests\Feature\Services\PasswordPolicyServiceTest" classname="Tests.Feature.Services.PasswordPolicyServiceTest" assertions="0" time="0.000000">
          <error type="Error">Tests\Feature\Services\PasswordPolicyServiceTest::test_records_failed_attempt
Error: Class "Laravel\Dusk\DuskServiceProvider" not found

/var/www/html/vendor/laravel/framework/src/Illuminate/Foundation/Application.php:961
/var/www/html/vendor/laravel/framework/src/Illuminate/Foundation/Application.php:893
/var/www/html/app/Providers/AppServiceProvider.php:51
/var/www/html/vendor/laravel/framework/src/Illuminate/Foundation/Application.php:896
/var/www/html/vendor/laravel/framework/src/Illuminate/Foundation/ProviderRepository.php:74
/var/www/html/vendor/laravel/framework/src/Illuminate/Foundation/Application.php:871
/var/www/html/vendor/laravel/framework/src/Illuminate/Foundation/Bootstrap/RegisterProviders.php:37
/var/www/html/vendor/laravel/framework/src/Illuminate/Foundation/Application.php:342
/var/www/html/vendor/laravel/framework/src/Illuminate/Foundation/Console/Kernel.php:473
/var/www/html/tests/CreatesApplication.php:31
/var/www/html/vendor/laravel/framework/src/Illuminate/Foundation/Testing/TestCase.php:54
/var/www/html/vendor/laravel/framework/src/Illuminate/Foundation/Testing/Concerns/InteractsWithTestCaseLifecycle.php:92
/var/www/html/vendor/laravel/framework/src/Illuminate/Foundation/Testing/TestCase.php:44
/var/www/html/tests/TestCase.php:36
/var/www/html/tests/Feature/Services/PasswordPolicyServiceTest.php:22</error>
        </testcase>
        <testcase name="test_generates_secure_password" file="/var/www/html/tests/Feature/Services/PasswordPolicyServiceTest.php" line="369" class="Tests\Feature\Services\PasswordPolicyServiceTest" classname="Tests.Feature.Services.PasswordPolicyServiceTest" assertions="0" time="0.000000">
          <error type="Error">Tests\Feature\Services\PasswordPolicyServiceTest::test_generates_secure_password
Error: Class "Laravel\Dusk\DuskServiceProvider" not found

/var/www/html/vendor/laravel/framework/src/Illuminate/Foundation/Application.php:961
/var/www/html/vendor/laravel/framework/src/Illuminate/Foundation/Application.php:893
/var/www/html/app/Providers/AppServiceProvider.php:51
/var/www/html/vendor/laravel/framework/src/Illuminate/Foundation/Application.php:896
/var/www/html/vendor/laravel/framework/src/Illuminate/Foundation/ProviderRepository.php:74
/var/www/html/vendor/laravel/framework/src/Illuminate/Foundation/Application.php:871
/var/www/html/vendor/laravel/framework/src/Illuminate/Foundation/Bootstrap/RegisterProviders.php:37
/var/www/html/vendor/laravel/framework/src/Illuminate/Foundation/Application.php:342
/var/www/html/vendor/laravel/framework/src/Illuminate/Foundation/Console/Kernel.php:473
/var/www/html/tests/CreatesApplication.php:31
/var/www/html/vendor/laravel/framework/src/Illuminate/Foundation/Testing/TestCase.php:54
/var/www/html/vendor/laravel/framework/src/Illuminate/Foundation/Testing/Concerns/InteractsWithTestCaseLifecycle.php:92
/var/www/html/vendor/laravel/framework/src/Illuminate/Foundation/Testing/TestCase.php:44
/var/www/html/tests/TestCase.php:36
/var/www/html/tests/Feature/Services/PasswordPolicyServiceTest.php:22</error>
        </testcase>
        <testcase name="test_updates_policy" file="/var/www/html/tests/Feature/Services/PasswordPolicyServiceTest.php" line="410" class="Tests\Feature\Services\PasswordPolicyServiceTest" classname="Tests.Feature.Services.PasswordPolicyServiceTest" assertions="0" time="0.000000">
          <error type="Error">Tests\Feature\Services\PasswordPolicyServiceTest::test_updates_policy
Error: Class "Laravel\Dusk\DuskServiceProvider" not found

/var/www/html/vendor/laravel/framework/src/Illuminate/Foundation/Application.php:961
/var/www/html/vendor/laravel/framework/src/Illuminate/Foundation/Application.php:893
/var/www/html/app/Providers/AppServiceProvider.php:51
/var/www/html/vendor/laravel/framework/src/Illuminate/Foundation/Application.php:896
/var/www/html/vendor/laravel/framework/src/Illuminate/Foundation/ProviderRepository.php:74
/var/www/html/vendor/laravel/framework/src/Illuminate/Foundation/Application.php:871
/var/www/html/vendor/laravel/framework/src/Illuminate/Foundation/Bootstrap/RegisterProviders.php:37
/var/www/html/vendor/laravel/framework/src/Illuminate/Foundation/Application.php:342
/var/www/html/vendor/laravel/framework/src/Illuminate/Foundation/Console/Kernel.php:473
/var/www/html/tests/CreatesApplication.php:31
/var/www/html/vendor/laravel/framework/src/Illuminate/Foundation/Testing/TestCase.php:54
/var/www/html/vendor/laravel/framework/src/Illuminate/Foundation/Testing/Concerns/InteractsWithTestCaseLifecycle.php:92
/var/www/html/vendor/laravel/framework/src/Illuminate/Foundation/Testing/TestCase.php:44
/var/www/html/tests/TestCase.php:36
/var/www/html/tests/Feature/Services/PasswordPolicyServiceTest.php:22</error>
        </testcase>
        <testcase name="test_validates_password_with_repeated_characters" file="/var/www/html/tests/Feature/Services/PasswordPolicyServiceTest.php" line="125" class="Tests\Feature\Services\PasswordPolicyServiceTest" classname="Tests.Feature.Services.PasswordPolicyServiceTest" assertions="0" time="0.000000">
          <error type="Error">Tests\Feature\Services\PasswordPolicyServiceTest::test_validates_password_with_repeated_characters
Error: Class "Laravel\Dusk\DuskServiceProvider" not found

/var/www/html/vendor/laravel/framework/src/Illuminate/Foundation/Application.php:961
/var/www/html/vendor/laravel/framework/src/Illuminate/Foundation/Application.php:893
/var/www/html/app/Providers/AppServiceProvider.php:51
/var/www/html/vendor/laravel/framework/src/Illuminate/Foundation/Application.php:896
/var/www/html/vendor/laravel/framework/src/Illuminate/Foundation/ProviderRepository.php:74
/var/www/html/vendor/laravel/framework/src/Illuminate/Foundation/Application.php:871
/var/www/html/vendor/laravel/framework/src/Illuminate/Foundation/Bootstrap/RegisterProviders.php:37
/var/www/html/vendor/laravel/framework/src/Illuminate/Foundation/Application.php:342
/var/www/html/vendor/laravel/framework/src/Illuminate/Foundation/Console/Kernel.php:473
/var/www/html/tests/CreatesApplication.php:31
/var/www/html/vendor/laravel/framework/src/Illuminate/Foundation/Testing/TestCase.php:54
/var/www/html/vendor/laravel/framework/src/Illuminate/Foundation/Testing/Concerns/InteractsWithTestCaseLifecycle.php:92
/var/www/html/vendor/laravel/framework/src/Illuminate/Foundation/Testing/TestCase.php:44
/var/www/html/tests/TestCase.php:36
/var/www/html/tests/Feature/Services/PasswordPolicyServiceTest.php:22</error>
        </testcase>
        <testcase name="test_calculates_password_strength_very_strong" file="/var/www/html/tests/Feature/Services/PasswordPolicyServiceTest.php" line="200" class="Tests\Feature\Services\PasswordPolicyServiceTest" classname="Tests.Feature.Services.PasswordPolicyServiceTest" assertions="0" time="0.000000">
          <error type="Error">Tests\Feature\Services\PasswordPolicyServiceTest::test_calculates_password_strength_very_strong
Error: Class "Laravel\Dusk\DuskServiceProvider" not found

/var/www/html/vendor/laravel/framework/src/Illuminate/Foundation/Application.php:961
/var/www/html/vendor/laravel/framework/src/Illuminate/Foundation/Application.php:893
/var/www/html/app/Providers/AppServiceProvider.php:51
/var/www/html/vendor/laravel/framework/src/Illuminate/Foundation/Application.php:896
/var/www/html/vendor/laravel/framework/src/Illuminate/Foundation/ProviderRepository.php:74
/var/www/html/vendor/laravel/framework/src/Illuminate/Foundation/Application.php:871
/var/www/html/vendor/laravel/framework/src/Illuminate/Foundation/Bootstrap/RegisterProviders.php:37
/var/www/html/vendor/laravel/framework/src/Illuminate/Foundation/Application.php:342
/var/www/html/vendor/laravel/framework/src/Illuminate/Foundation/Console/Kernel.php:473
/var/www/html/tests/CreatesApplication.php:31
/var/www/html/vendor/laravel/framework/src/Illuminate/Foundation/Testing/TestCase.php:54
/var/www/html/vendor/laravel/framework/src/Illuminate/Foundation/Testing/Concerns/InteractsWithTestCaseLifecycle.php:92
/var/www/html/vendor/laravel/framework/src/Illuminate/Foundation/Testing/TestCase.php:44
/var/www/html/tests/TestCase.php:36
/var/www/html/tests/Feature/Services/PasswordPolicyServiceTest.php:22</error>
        </testcase>
        <testcase name="test_validates_password_without_uppercase" file="/var/www/html/tests/Feature/Services/PasswordPolicyServiceTest.php" line="60" class="Tests\Feature\Services\PasswordPolicyServiceTest" classname="Tests.Feature.Services.PasswordPolicyServiceTest" assertions="0" time="0.000000">
          <error type="Error">Tests\Feature\Services\PasswordPolicyServiceTest::test_validates_password_without_uppercase
Error: Class "Laravel\Dusk\DuskServiceProvider" not found

/var/www/html/vendor/laravel/framework/src/Illuminate/Foundation/Application.php:961
/var/www/html/vendor/laravel/framework/src/Illuminate/Foundation/Application.php:893
/var/www/html/app/Providers/AppServiceProvider.php:51
/var/www/html/vendor/laravel/framework/src/Illuminate/Foundation/Application.php:896
/var/www/html/vendor/laravel/framework/src/Illuminate/Foundation/ProviderRepository.php:74
/var/www/html/vendor/laravel/framework/src/Illuminate/Foundation/Application.php:871
/var/www/html/vendor/laravel/framework/src/Illuminate/Foundation/Bootstrap/RegisterProviders.php:37
/var/www/html/vendor/laravel/framework/src/Illuminate/Foundation/Application.php:342
/var/www/html/vendor/laravel/framework/src/Illuminate/Foundation/Console/Kernel.php:473
/var/www/html/tests/CreatesApplication.php:31
/var/www/html/vendor/laravel/framework/src/Illuminate/Foundation/Testing/TestCase.php:54
/var/www/html/vendor/laravel/framework/src/Illuminate/Foundation/Testing/Concerns/InteractsWithTestCaseLifecycle.php:92
/var/www/html/vendor/laravel/framework/src/Illuminate/Foundation/Testing/TestCase.php:44
/var/www/html/tests/TestCase.php:36
/var/www/html/tests/Feature/Services/PasswordPolicyServiceTest.php:22</error>
        </testcase>
        <testcase name="test_validates_weak_password" file="/var/www/html/tests/Feature/Services/PasswordPolicyServiceTest.php" line="46" class="Tests\Feature\Services\PasswordPolicyServiceTest" classname="Tests.Feature.Services.PasswordPolicyServiceTest" assertions="0" time="0.000000">
          <error type="Error">Tests\Feature\Services\PasswordPolicyServiceTest::test_validates_weak_password
Error: Class "Laravel\Dusk\DuskServiceProvider" not found

/var/www/html/vendor/laravel/framework/src/Illuminate/Foundation/Application.php:961
/var/www/html/vendor/laravel/framework/src/Illuminate/Foundation/Application.php:893
/var/www/html/app/Providers/AppServiceProvider.php:51
/var/www/html/vendor/laravel/framework/src/Illuminate/Foundation/Application.php:896
/var/www/html/vendor/laravel/framework/src/Illuminate/Foundation/ProviderRepository.php:74
/var/www/html/vendor/laravel/framework/src/Illuminate/Foundation/Application.php:871
/var/www/html/vendor/laravel/framework/src/Illuminate/Foundation/Bootstrap/RegisterProviders.php:37
/var/www/html/vendor/laravel/framework/src/Illuminate/Foundation/Application.php:342
/var/www/html/vendor/laravel/framework/src/Illuminate/Foundation/Console/Kernel.php:473
/var/www/html/tests/CreatesApplication.php:31
/var/www/html/vendor/laravel/framework/src/Illuminate/Foundation/Testing/TestCase.php:54
/var/www/html/vendor/laravel/framework/src/Illuminate/Foundation/Testing/Concerns/InteractsWithTestCaseLifecycle.php:92
/var/www/html/vendor/laravel/framework/src/Illuminate/Foundation/Testing/TestCase.php:44
/var/www/html/tests/TestCase.php:36
/var/www/html/tests/Feature/Services/PasswordPolicyServiceTest.php:22</error>
        </testcase>
        <testcase name="test_clears_failed_attempts" file="/var/www/html/tests/Feature/Services/PasswordPolicyServiceTest.php" line="354" class="Tests\Feature\Services\PasswordPolicyServiceTest" classname="Tests.Feature.Services.PasswordPolicyServiceTest" assertions="0" time="0.000000">
          <error type="Error">Tests\Feature\Services\PasswordPolicyServiceTest::test_clears_failed_attempts
Error: Class "Laravel\Dusk\DuskServiceProvider" not found

/var/www/html/vendor/laravel/framework/src/Illuminate/Foundation/Application.php:961
/var/www/html/vendor/laravel/framework/src/Illuminate/Foundation/Application.php:893
/var/www/html/app/Providers/AppServiceProvider.php:51
/var/www/html/vendor/laravel/framework/src/Illuminate/Foundation/Application.php:896
/var/www/html/vendor/laravel/framework/src/Illuminate/Foundation/ProviderRepository.php:74
/var/www/html/vendor/laravel/framework/src/Illuminate/Foundation/Application.php:871
/var/www/html/vendor/laravel/framework/src/Illuminate/Foundation/Bootstrap/RegisterProviders.php:37
/var/www/html/vendor/laravel/framework/src/Illuminate/Foundation/Application.php:342
/var/www/html/vendor/laravel/framework/src/Illuminate/Foundation/Console/Kernel.php:473
/var/www/html/tests/CreatesApplication.php:31
/var/www/html/vendor/laravel/framework/src/Illuminate/Foundation/Testing/TestCase.php:54
/var/www/html/vendor/laravel/framework/src/Illuminate/Foundation/Testing/Concerns/InteractsWithTestCaseLifecycle.php:92
/var/www/html/vendor/laravel/framework/src/Illuminate/Foundation/Testing/TestCase.php:44
/var/www/html/tests/TestCase.php:36
/var/www/html/tests/Feature/Services/PasswordPolicyServiceTest.php:22</error>
        </testcase>
        <testcase name="test_validates_password_with_maximum_length" file="/var/www/html/tests/Feature/Services/PasswordPolicyServiceTest.php" line="455" class="Tests\Feature\Services\PasswordPolicyServiceTest" classname="Tests.Feature.Services.PasswordPolicyServiceTest" assertions="0" time="0.000000">
          <error type="Error">Tests\Feature\Services\PasswordPolicyServiceTest::test_validates_password_with_maximum_length
Error: Class "Laravel\Dusk\DuskServiceProvider" not found

/var/www/html/vendor/laravel/framework/src/Illuminate/Foundation/Application.php:961
/var/www/html/vendor/laravel/framework/src/Illuminate/Foundation/Application.php:893
/var/www/html/app/Providers/AppServiceProvider.php:51
/var/www/html/vendor/laravel/framework/src/Illuminate/Foundation/Application.php:896
/var/www/html/vendor/laravel/framework/src/Illuminate/Foundation/ProviderRepository.php:74
/var/www/html/vendor/laravel/framework/src/Illuminate/Foundation/Application.php:871
/var/www/html/vendor/laravel/framework/src/Illuminate/Foundation/Bootstrap/RegisterProviders.php:37
/var/www/html/vendor/laravel/framework/src/Illuminate/Foundation/Application.php:342
/var/www/html/vendor/laravel/framework/src/Illuminate/Foundation/Console/Kernel.php:473
/var/www/html/tests/CreatesApplication.php:31
/var/www/html/vendor/laravel/framework/src/Illuminate/Foundation/Testing/TestCase.php:54
/var/www/html/vendor/laravel/framework/src/Illuminate/Foundation/Testing/Concerns/InteractsWithTestCaseLifecycle.php:92
/var/www/html/vendor/laravel/framework/src/Illuminate/Foundation/Testing/TestCase.php:44
/var/www/html/tests/TestCase.php:36
/var/www/html/tests/Feature/Services/PasswordPolicyServiceTest.php:22</error>
        </testcase>
        <testcase name="test_handles_account_lock_check_exception" file="/var/www/html/tests/Feature/Services/PasswordPolicyServiceTest.php" line="301" class="Tests\Feature\Services\PasswordPolicyServiceTest" classname="Tests.Feature.Services.PasswordPolicyServiceTest" assertions="0" time="0.000000">
          <error type="Error">Tests\Feature\Services\PasswordPolicyServiceTest::test_handles_account_lock_check_exception
Error: Class "Laravel\Dusk\DuskServiceProvider" not found

/var/www/html/vendor/laravel/framework/src/Illuminate/Foundation/Application.php:961
/var/www/html/vendor/laravel/framework/src/Illuminate/Foundation/Application.php:893
/var/www/html/app/Providers/AppServiceProvider.php:51
/var/www/html/vendor/laravel/framework/src/Illuminate/Foundation/Application.php:896
/var/www/html/vendor/laravel/framework/src/Illuminate/Foundation/ProviderRepository.php:74
/var/www/html/vendor/laravel/framework/src/Illuminate/Foundation/Application.php:871
/var/www/html/vendor/laravel/framework/src/Illuminate/Foundation/Bootstrap/RegisterProviders.php:37
/var/www/html/vendor/laravel/framework/src/Illuminate/Foundation/Application.php:342
/var/www/html/vendor/laravel/framework/src/Illuminate/Foundation/Console/Kernel.php:473
/var/www/html/tests/CreatesApplication.php:31
/var/www/html/vendor/laravel/framework/src/Illuminate/Foundation/Testing/TestCase.php:54
/var/www/html/vendor/laravel/framework/src/Illuminate/Foundation/Testing/Concerns/InteractsWithTestCaseLifecycle.php:92
/var/www/html/vendor/laravel/framework/src/Illuminate/Foundation/Testing/TestCase.php:44
/var/www/html/tests/TestCase.php:36
/var/www/html/tests/Feature/Services/PasswordPolicyServiceTest.php:22</error>
        </testcase>
        <testcase name="test_calculates_password_strength_weak" file="/var/www/html/tests/Feature/Services/PasswordPolicyServiceTest.php" line="164" class="Tests\Feature\Services\PasswordPolicyServiceTest" classname="Tests.Feature.Services.PasswordPolicyServiceTest" assertions="0" time="0.000000">
          <error type="Error">Tests\Feature\Services\PasswordPolicyServiceTest::test_calculates_password_strength_weak
Error: Class "Laravel\Dusk\DuskServiceProvider" not found

/var/www/html/vendor/laravel/framework/src/Illuminate/Foundation/Application.php:961
/var/www/html/vendor/laravel/framework/src/Illuminate/Foundation/Application.php:893
/var/www/html/app/Providers/AppServiceProvider.php:51
/var/www/html/vendor/laravel/framework/src/Illuminate/Foundation/Application.php:896
/var/www/html/vendor/laravel/framework/src/Illuminate/Foundation/ProviderRepository.php:74
/var/www/html/vendor/laravel/framework/src/Illuminate/Foundation/Application.php:871
/var/www/html/vendor/laravel/framework/src/Illuminate/Foundation/Bootstrap/RegisterProviders.php:37
/var/www/html/vendor/laravel/framework/src/Illuminate/Foundation/Application.php:342
/var/www/html/vendor/laravel/framework/src/Illuminate/Foundation/Console/Kernel.php:473
/var/www/html/tests/CreatesApplication.php:31
/var/www/html/vendor/laravel/framework/src/Illuminate/Foundation/Testing/TestCase.php:54
/var/www/html/vendor/laravel/framework/src/Illuminate/Foundation/Testing/Concerns/InteractsWithTestCaseLifecycle.php:92
/var/www/html/vendor/laravel/framework/src/Illuminate/Foundation/Testing/TestCase.php:44
/var/www/html/tests/TestCase.php:36
/var/www/html/tests/Feature/Services/PasswordPolicyServiceTest.php:22</error>
        </testcase>
        <testcase name="test_handles_update_policy_exception" file="/var/www/html/tests/Feature/Services/PasswordPolicyServiceTest.php" line="433" class="Tests\Feature\Services\PasswordPolicyServiceTest" classname="Tests.Feature.Services.PasswordPolicyServiceTest" assertions="0" time="0.000000">
          <error type="Error">Tests\Feature\Services\PasswordPolicyServiceTest::test_handles_update_policy_exception
Error: Class "Laravel\Dusk\DuskServiceProvider" not found

/var/www/html/vendor/laravel/framework/src/Illuminate/Foundation/Application.php:961
/var/www/html/vendor/laravel/framework/src/Illuminate/Foundation/Application.php:893
/var/www/html/app/Providers/AppServiceProvider.php:51
/var/www/html/vendor/laravel/framework/src/Illuminate/Foundation/Application.php:896
/var/www/html/vendor/laravel/framework/src/Illuminate/Foundation/ProviderRepository.php:74
/var/www/html/vendor/laravel/framework/src/Illuminate/Foundation/Application.php:871
/var/www/html/vendor/laravel/framework/src/Illuminate/Foundation/Bootstrap/RegisterProviders.php:37
/var/www/html/vendor/laravel/framework/src/Illuminate/Foundation/Application.php:342
/var/www/html/vendor/laravel/framework/src/Illuminate/Foundation/Console/Kernel.php:473
/var/www/html/tests/CreatesApplication.php:31
/var/www/html/vendor/laravel/framework/src/Illuminate/Foundation/Testing/TestCase.php:54
/var/www/html/vendor/laravel/framework/src/Illuminate/Foundation/Testing/Concerns/InteractsWithTestCaseLifecycle.php:92
/var/www/html/vendor/laravel/framework/src/Illuminate/Foundation/Testing/TestCase.php:44
/var/www/html/tests/TestCase.php:36
/var/www/html/tests/Feature/Services/PasswordPolicyServiceTest.php:22</error>
        </testcase>
        <testcase name="test_handles_password_expiry_check_exception" file="/var/www/html/tests/Feature/Services/PasswordPolicyServiceTest.php" line="273" class="Tests\Feature\Services\PasswordPolicyServiceTest" classname="Tests.Feature.Services.PasswordPolicyServiceTest" assertions="0" time="0.000000">
          <error type="Error">Tests\Feature\Services\PasswordPolicyServiceTest::test_handles_password_expiry_check_exception
Error: Class "Laravel\Dusk\DuskServiceProvider" not found

/var/www/html/vendor/laravel/framework/src/Illuminate/Foundation/Application.php:961
/var/www/html/vendor/laravel/framework/src/Illuminate/Foundation/Application.php:893
/var/www/html/app/Providers/AppServiceProvider.php:51
/var/www/html/vendor/laravel/framework/src/Illuminate/Foundation/Application.php:896
/var/www/html/vendor/laravel/framework/src/Illuminate/Foundation/ProviderRepository.php:74
/var/www/html/vendor/laravel/framework/src/Illuminate/Foundation/Application.php:871
/var/www/html/vendor/laravel/framework/src/Illuminate/Foundation/Bootstrap/RegisterProviders.php:37
/var/www/html/vendor/laravel/framework/src/Illuminate/Foundation/Application.php:342
/var/www/html/vendor/laravel/framework/src/Illuminate/Foundation/Console/Kernel.php:473
/var/www/html/tests/CreatesApplication.php:31
/var/www/html/vendor/laravel/framework/src/Illuminate/Foundation/Testing/TestCase.php:54
/var/www/html/vendor/laravel/framework/src/Illuminate/Foundation/Testing/Concerns/InteractsWithTestCaseLifecycle.php:92
/var/www/html/vendor/laravel/framework/src/Illuminate/Foundation/Testing/TestCase.php:44
/var/www/html/tests/TestCase.php:36
/var/www/html/tests/Feature/Services/PasswordPolicyServiceTest.php:22</error>
        </testcase>
        <testcase name="test_validates_password_without_symbols" file="/var/www/html/tests/Feature/Services/PasswordPolicyServiceTest.php" line="99" class="Tests\Feature\Services\PasswordPolicyServiceTest" classname="Tests.Feature.Services.PasswordPolicyServiceTest" assertions="0" time="0.000000">
          <error type="Error">Tests\Feature\Services\PasswordPolicyServiceTest::test_validates_password_without_symbols
Error: Class "Laravel\Dusk\DuskServiceProvider" not found

/var/www/html/vendor/laravel/framework/src/Illuminate/Foundation/Application.php:961
/var/www/html/vendor/laravel/framework/src/Illuminate/Foundation/Application.php:893
/var/www/html/app/Providers/AppServiceProvider.php:51
/var/www/html/vendor/laravel/framework/src/Illuminate/Foundation/Application.php:896
/var/www/html/vendor/laravel/framework/src/Illuminate/Foundation/ProviderRepository.php:74
/var/www/html/vendor/laravel/framework/src/Illuminate/Foundation/Application.php:871
/var/www/html/vendor/laravel/framework/src/Illuminate/Foundation/Bootstrap/RegisterProviders.php:37
/var/www/html/vendor/laravel/framework/src/Illuminate/Foundation/Application.php:342
/var/www/html/vendor/laravel/framework/src/Illuminate/Foundation/Console/Kernel.php:473
/var/www/html/tests/CreatesApplication.php:31
/var/www/html/vendor/laravel/framework/src/Illuminate/Foundation/Testing/TestCase.php:54
/var/www/html/vendor/laravel/framework/src/Illuminate/Foundation/Testing/Concerns/InteractsWithTestCaseLifecycle.php:92
/var/www/html/vendor/laravel/framework/src/Illuminate/Foundation/Testing/TestCase.php:44
/var/www/html/tests/TestCase.php:36
/var/www/html/tests/Feature/Services/PasswordPolicyServiceTest.php:22</error>
        </testcase>
        <testcase name="test_validates_password_without_numbers" file="/var/www/html/tests/Feature/Services/PasswordPolicyServiceTest.php" line="86" class="Tests\Feature\Services\PasswordPolicyServiceTest" classname="Tests.Feature.Services.PasswordPolicyServiceTest" assertions="0" time="0.000000">
          <error type="Error">Tests\Feature\Services\PasswordPolicyServiceTest::test_validates_password_without_numbers
Error: Class "Laravel\Dusk\DuskServiceProvider" not found

/var/www/html/vendor/laravel/framework/src/Illuminate/Foundation/Application.php:961
/var/www/html/vendor/laravel/framework/src/Illuminate/Foundation/Application.php:893
/var/www/html/app/Providers/AppServiceProvider.php:51
/var/www/html/vendor/laravel/framework/src/Illuminate/Foundation/Application.php:896
/var/www/html/vendor/laravel/framework/src/Illuminate/Foundation/ProviderRepository.php:74
/var/www/html/vendor/laravel/framework/src/Illuminate/Foundation/Application.php:871
/var/www/html/vendor/laravel/framework/src/Illuminate/Foundation/Bootstrap/RegisterProviders.php:37
/var/www/html/vendor/laravel/framework/src/Illuminate/Foundation/Application.php:342
/var/www/html/vendor/laravel/framework/src/Illuminate/Foundation/Console/Kernel.php:473
/var/www/html/tests/CreatesApplication.php:31
/var/www/html/vendor/laravel/framework/src/Illuminate/Foundation/Testing/TestCase.php:54
/var/www/html/vendor/laravel/framework/src/Illuminate/Foundation/Testing/Concerns/InteractsWithTestCaseLifecycle.php:92
/var/www/html/vendor/laravel/framework/src/Illuminate/Foundation/Testing/TestCase.php:44
/var/www/html/tests/TestCase.php:36
/var/www/html/tests/Feature/Services/PasswordPolicyServiceTest.php:22</error>
        </testcase>
        <testcase name="test_calculates_password_strength_strong" file="/var/www/html/tests/Feature/Services/PasswordPolicyServiceTest.php" line="188" class="Tests\Feature\Services\PasswordPolicyServiceTest" classname="Tests.Feature.Services.PasswordPolicyServiceTest" assertions="0" time="0.000000">
          <error type="Error">Tests\Feature\Services\PasswordPolicyServiceTest::test_calculates_password_strength_strong
Error: Class "Laravel\Dusk\DuskServiceProvider" not found

/var/www/html/vendor/laravel/framework/src/Illuminate/Foundation/Application.php:961
/var/www/html/vendor/laravel/framework/src/Illuminate/Foundation/Application.php:893
/var/www/html/app/Providers/AppServiceProvider.php:51
/var/www/html/vendor/laravel/framework/src/Illuminate/Foundation/Application.php:896
/var/www/html/vendor/laravel/framework/src/Illuminate/Foundation/ProviderRepository.php:74
/var/www/html/vendor/laravel/framework/src/Illuminate/Foundation/Application.php:871
/var/www/html/vendor/laravel/framework/src/Illuminate/Foundation/Bootstrap/RegisterProviders.php:37
/var/www/html/vendor/laravel/framework/src/Illuminate/Foundation/Application.php:342
/var/www/html/vendor/laravel/framework/src/Illuminate/Foundation/Console/Kernel.php:473
/var/www/html/tests/CreatesApplication.php:31
/var/www/html/vendor/laravel/framework/src/Illuminate/Foundation/Testing/TestCase.php:54
/var/www/html/vendor/laravel/framework/src/Illuminate/Foundation/Testing/Concerns/InteractsWithTestCaseLifecycle.php:92
/var/www/html/vendor/laravel/framework/src/Illuminate/Foundation/Testing/TestCase.php:44
/var/www/html/tests/TestCase.php:36
/var/www/html/tests/Feature/Services/PasswordPolicyServiceTest.php:22</error>
        </testcase>
        <testcase name="test_validates_strong_password" file="/var/www/html/tests/Feature/Services/PasswordPolicyServiceTest.php" line="32" class="Tests\Feature\Services\PasswordPolicyServiceTest" classname="Tests.Feature.Services.PasswordPolicyServiceTest" assertions="0" time="0.000000">
          <error type="Error">Tests\Feature\Services\PasswordPolicyServiceTest::test_validates_strong_password
Error: Class "Laravel\Dusk\DuskServiceProvider" not found

/var/www/html/vendor/laravel/framework/src/Illuminate/Foundation/Application.php:961
/var/www/html/vendor/laravel/framework/src/Illuminate/Foundation/Application.php:893
/var/www/html/app/Providers/AppServiceProvider.php:51
/var/www/html/vendor/laravel/framework/src/Illuminate/Foundation/Application.php:896
/var/www/html/vendor/laravel/framework/src/Illuminate/Foundation/ProviderRepository.php:74
/var/www/html/vendor/laravel/framework/src/Illuminate/Foundation/Application.php:871
/var/www/html/vendor/laravel/framework/src/Illuminate/Foundation/Bootstrap/RegisterProviders.php:37
/var/www/html/vendor/laravel/framework/src/Illuminate/Foundation/Application.php:342
/var/www/html/vendor/laravel/framework/src/Illuminate/Foundation/Console/Kernel.php:473
/var/www/html/tests/CreatesApplication.php:31
/var/www/html/vendor/laravel/framework/src/Illuminate/Foundation/Testing/TestCase.php:54
/var/www/html/vendor/laravel/framework/src/Illuminate/Foundation/Testing/Concerns/InteractsWithTestCaseLifecycle.php:92
/var/www/html/vendor/laravel/framework/src/Illuminate/Foundation/Testing/TestCase.php:44
/var/www/html/tests/TestCase.php:36
/var/www/html/tests/Feature/Services/PasswordPolicyServiceTest.php:22</error>
        </testcase>
        <testcase name="test_validates_password_with_keyboard_patterns" file="/var/www/html/tests/Feature/Services/PasswordPolicyServiceTest.php" line="138" class="Tests\Feature\Services\PasswordPolicyServiceTest" classname="Tests.Feature.Services.PasswordPolicyServiceTest" assertions="0" time="0.000000">
          <error type="Error">Tests\Feature\Services\PasswordPolicyServiceTest::test_validates_password_with_keyboard_patterns
Error: Class "Laravel\Dusk\DuskServiceProvider" not found

/var/www/html/vendor/laravel/framework/src/Illuminate/Foundation/Application.php:961
/var/www/html/vendor/laravel/framework/src/Illuminate/Foundation/Application.php:893
/var/www/html/app/Providers/AppServiceProvider.php:51
/var/www/html/vendor/laravel/framework/src/Illuminate/Foundation/Application.php:896
/var/www/html/vendor/laravel/framework/src/Illuminate/Foundation/ProviderRepository.php:74
/var/www/html/vendor/laravel/framework/src/Illuminate/Foundation/Application.php:871
/var/www/html/vendor/laravel/framework/src/Illuminate/Foundation/Bootstrap/RegisterProviders.php:37
/var/www/html/vendor/laravel/framework/src/Illuminate/Foundation/Application.php:342
/var/www/html/vendor/laravel/framework/src/Illuminate/Foundation/Console/Kernel.php:473
/var/www/html/tests/CreatesApplication.php:31
/var/www/html/vendor/laravel/framework/src/Illuminate/Foundation/Testing/TestCase.php:54
/var/www/html/vendor/laravel/framework/src/Illuminate/Foundation/Testing/Concerns/InteractsWithTestCaseLifecycle.php:92
/var/www/html/vendor/laravel/framework/src/Illuminate/Foundation/Testing/TestCase.php:44
/var/www/html/tests/TestCase.php:36
/var/www/html/tests/Feature/Services/PasswordPolicyServiceTest.php:22</error>
        </testcase>
        <testcase name="test_validates_password_with_case_insensitive_forbidden" file="/var/www/html/tests/Feature/Services/PasswordPolicyServiceTest.php" line="468" class="Tests\Feature\Services\PasswordPolicyServiceTest" classname="Tests.Feature.Services.PasswordPolicyServiceTest" assertions="0" time="0.000000">
          <error type="Error">Tests\Feature\Services\PasswordPolicyServiceTest::test_validates_password_with_case_insensitive_forbidden
Error: Class "Laravel\Dusk\DuskServiceProvider" not found

/var/www/html/vendor/laravel/framework/src/Illuminate/Foundation/Application.php:961
/var/www/html/vendor/laravel/framework/src/Illuminate/Foundation/Application.php:893
/var/www/html/app/Providers/AppServiceProvider.php:51
/var/www/html/vendor/laravel/framework/src/Illuminate/Foundation/Application.php:896
/var/www/html/vendor/laravel/framework/src/Illuminate/Foundation/ProviderRepository.php:74
/var/www/html/vendor/laravel/framework/src/Illuminate/Foundation/Application.php:871
/var/www/html/vendor/laravel/framework/src/Illuminate/Foundation/Bootstrap/RegisterProviders.php:37
/var/www/html/vendor/laravel/framework/src/Illuminate/Foundation/Application.php:342
/var/www/html/vendor/laravel/framework/src/Illuminate/Foundation/Console/Kernel.php:473
/var/www/html/tests/CreatesApplication.php:31
/var/www/html/vendor/laravel/framework/src/Illuminate/Foundation/Testing/TestCase.php:54
/var/www/html/vendor/laravel/framework/src/Illuminate/Foundation/Testing/Concerns/InteractsWithTestCaseLifecycle.php:92
/var/www/html/vendor/laravel/framework/src/Illuminate/Foundation/Testing/TestCase.php:44
/var/www/html/tests/TestCase.php:36
/var/www/html/tests/Feature/Services/PasswordPolicyServiceTest.php:22</error>
        </testcase>
        <testcase name="test_validates_password_with_common_substitutions" file="/var/www/html/tests/Feature/Services/PasswordPolicyServiceTest.php" line="151" class="Tests\Feature\Services\PasswordPolicyServiceTest" classname="Tests.Feature.Services.PasswordPolicyServiceTest" assertions="0" time="0.000000">
          <error type="Error">Tests\Feature\Services\PasswordPolicyServiceTest::test_validates_password_with_common_substitutions
Error: Class "Laravel\Dusk\DuskServiceProvider" not found

/var/www/html/vendor/laravel/framework/src/Illuminate/Foundation/Application.php:961
/var/www/html/vendor/laravel/framework/src/Illuminate/Foundation/Application.php:893
/var/www/html/app/Providers/AppServiceProvider.php:51
/var/www/html/vendor/laravel/framework/src/Illuminate/Foundation/Application.php:896
/var/www/html/vendor/laravel/framework/src/Illuminate/Foundation/ProviderRepository.php:74
/var/www/html/vendor/laravel/framework/src/Illuminate/Foundation/Application.php:871
/var/www/html/vendor/laravel/framework/src/Illuminate/Foundation/Bootstrap/RegisterProviders.php:37
/var/www/html/vendor/laravel/framework/src/Illuminate/Foundation/Application.php:342
/var/www/html/vendor/laravel/framework/src/Illuminate/Foundation/Console/Kernel.php:473
/var/www/html/tests/CreatesApplication.php:31
/var/www/html/vendor/laravel/framework/src/Illuminate/Foundation/Testing/TestCase.php:54
/var/www/html/vendor/laravel/framework/src/Illuminate/Foundation/Testing/Concerns/InteractsWithTestCaseLifecycle.php:92
/var/www/html/vendor/laravel/framework/src/Illuminate/Foundation/Testing/TestCase.php:44
/var/www/html/tests/TestCase.php:36
/var/www/html/tests/Feature/Services/PasswordPolicyServiceTest.php:22</error>
        </testcase>
        <testcase name="test_gets_policy_requirements" file="/var/www/html/tests/Feature/Services/PasswordPolicyServiceTest.php" line="393" class="Tests\Feature\Services\PasswordPolicyServiceTest" classname="Tests.Feature.Services.PasswordPolicyServiceTest" assertions="0" time="0.000000">
          <error type="Error">Tests\Feature\Services\PasswordPolicyServiceTest::test_gets_policy_requirements
Error: Class "Laravel\Dusk\DuskServiceProvider" not found

/var/www/html/vendor/laravel/framework/src/Illuminate/Foundation/Application.php:961
/var/www/html/vendor/laravel/framework/src/Illuminate/Foundation/Application.php:893
/var/www/html/app/Providers/AppServiceProvider.php:51
/var/www/html/vendor/laravel/framework/src/Illuminate/Foundation/Application.php:896
/var/www/html/vendor/laravel/framework/src/Illuminate/Foundation/ProviderRepository.php:74
/var/www/html/vendor/laravel/framework/src/Illuminate/Foundation/Application.php:871
/var/www/html/vendor/laravel/framework/src/Illuminate/Foundation/Bootstrap/RegisterProviders.php:37
/var/www/html/vendor/laravel/framework/src/Illuminate/Foundation/Application.php:342
/var/www/html/vendor/laravel/framework/src/Illuminate/Foundation/Console/Kernel.php:473
/var/www/html/tests/CreatesApplication.php:31
/var/www/html/vendor/laravel/framework/src/Illuminate/Foundation/Testing/TestCase.php:54
/var/www/html/vendor/laravel/framework/src/Illuminate/Foundation/Testing/Concerns/InteractsWithTestCaseLifecycle.php:92
/var/www/html/vendor/laravel/framework/src/Illuminate/Foundation/Testing/TestCase.php:44
/var/www/html/tests/TestCase.php:36
/var/www/html/tests/Feature/Services/PasswordPolicyServiceTest.php:22</error>
        </testcase>
        <testcase name="test_handles_record_failed_attempt_exception" file="/var/www/html/tests/Feature/Services/PasswordPolicyServiceTest.php" line="333" class="Tests\Feature\Services\PasswordPolicyServiceTest" classname="Tests.Feature.Services.PasswordPolicyServiceTest" assertions="0" time="0.000000">
          <error type="Error">Tests\Feature\Services\PasswordPolicyServiceTest::test_handles_record_failed_attempt_exception
Error: Class "Laravel\Dusk\DuskServiceProvider" not found

/var/www/html/vendor/laravel/framework/src/Illuminate/Foundation/Application.php:961
/var/www/html/vendor/laravel/framework/src/Illuminate/Foundation/Application.php:893
/var/www/html/app/Providers/AppServiceProvider.php:51
/var/www/html/vendor/laravel/framework/src/Illuminate/Foundation/Application.php:896
/var/www/html/vendor/laravel/framework/src/Illuminate/Foundation/ProviderRepository.php:74
/var/www/html/vendor/laravel/framework/src/Illuminate/Foundation/Application.php:871
/var/www/html/vendor/laravel/framework/src/Illuminate/Foundation/Bootstrap/RegisterProviders.php:37
/var/www/html/vendor/laravel/framework/src/Illuminate/Foundation/Application.php:342
/var/www/html/vendor/laravel/framework/src/Illuminate/Foundation/Console/Kernel.php:473
/var/www/html/tests/CreatesApplication.php:31
/var/www/html/vendor/laravel/framework/src/Illuminate/Foundation/Testing/TestCase.php:54
/var/www/html/vendor/laravel/framework/src/Illuminate/Foundation/Testing/Concerns/InteractsWithTestCaseLifecycle.php:92
/var/www/html/vendor/laravel/framework/src/Illuminate/Foundation/Testing/TestCase.php:44
/var/www/html/tests/TestCase.php:36
/var/www/html/tests/Feature/Services/PasswordPolicyServiceTest.php:22</error>
        </testcase>
        <testcase name="test_validates_password_without_lowercase" file="/var/www/html/tests/Feature/Services/PasswordPolicyServiceTest.php" line="73" class="Tests\Feature\Services\PasswordPolicyServiceTest" classname="Tests.Feature.Services.PasswordPolicyServiceTest" assertions="0" time="0.000000">
          <error type="Error">Tests\Feature\Services\PasswordPolicyServiceTest::test_validates_password_without_lowercase
Error: Class "Laravel\Dusk\DuskServiceProvider" not found

/var/www/html/vendor/laravel/framework/src/Illuminate/Foundation/Application.php:961
/var/www/html/vendor/laravel/framework/src/Illuminate/Foundation/Application.php:893
/var/www/html/app/Providers/AppServiceProvider.php:51
/var/www/html/vendor/laravel/framework/src/Illuminate/Foundation/Application.php:896
/var/www/html/vendor/laravel/framework/src/Illuminate/Foundation/ProviderRepository.php:74
/var/www/html/vendor/laravel/framework/src/Illuminate/Foundation/Application.php:871
/var/www/html/vendor/laravel/framework/src/Illuminate/Foundation/Bootstrap/RegisterProviders.php:37
/var/www/html/vendor/laravel/framework/src/Illuminate/Foundation/Application.php:342
/var/www/html/vendor/laravel/framework/src/Illuminate/Foundation/Console/Kernel.php:473
/var/www/html/tests/CreatesApplication.php:31
/var/www/html/vendor/laravel/framework/src/Illuminate/Foundation/Testing/TestCase.php:54
/var/www/html/vendor/laravel/framework/src/Illuminate/Foundation/Testing/Concerns/InteractsWithTestCaseLifecycle.php:92
/var/www/html/vendor/laravel/framework/src/Illuminate/Foundation/Testing/TestCase.php:44
/var/www/html/tests/TestCase.php:36
/var/www/html/tests/Feature/Services/PasswordPolicyServiceTest.php:22</error>
        </testcase>
        <testcase name="test_validates_forbidden_password" file="/var/www/html/tests/Feature/Services/PasswordPolicyServiceTest.php" line="112" class="Tests\Feature\Services\PasswordPolicyServiceTest" classname="Tests.Feature.Services.PasswordPolicyServiceTest" assertions="0" time="0.000000">
          <error type="Error">Tests\Feature\Services\PasswordPolicyServiceTest::test_validates_forbidden_password
Error: Class "Laravel\Dusk\DuskServiceProvider" not found

/var/www/html/vendor/laravel/framework/src/Illuminate/Foundation/Application.php:961
/var/www/html/vendor/laravel/framework/src/Illuminate/Foundation/Application.php:893
/var/www/html/app/Providers/AppServiceProvider.php:51
/var/www/html/vendor/laravel/framework/src/Illuminate/Foundation/Application.php:896
/var/www/html/vendor/laravel/framework/src/Illuminate/Foundation/ProviderRepository.php:74
/var/www/html/vendor/laravel/framework/src/Illuminate/Foundation/Application.php:871
/var/www/html/vendor/laravel/framework/src/Illuminate/Foundation/Bootstrap/RegisterProviders.php:37
/var/www/html/vendor/laravel/framework/src/Illuminate/Foundation/Application.php:342
/var/www/html/vendor/laravel/framework/src/Illuminate/Foundation/Console/Kernel.php:473
/var/www/html/tests/CreatesApplication.php:31
/var/www/html/vendor/laravel/framework/src/Illuminate/Foundation/Testing/TestCase.php:54
/var/www/html/vendor/laravel/framework/src/Illuminate/Foundation/Testing/Concerns/InteractsWithTestCaseLifecycle.php:92
/var/www/html/vendor/laravel/framework/src/Illuminate/Foundation/Testing/TestCase.php:44
/var/www/html/tests/TestCase.php:36
/var/www/html/tests/Feature/Services/PasswordPolicyServiceTest.php:22</error>
        </testcase>
        <testcase name="test_generates_secure_password_with_default_length" file="/var/www/html/tests/Feature/Services/PasswordPolicyServiceTest.php" line="383" class="Tests\Feature\Services\PasswordPolicyServiceTest" classname="Tests.Feature.Services.PasswordPolicyServiceTest" assertions="0" time="0.000000">
          <error type="Error">Tests\Feature\Services\PasswordPolicyServiceTest::test_generates_secure_password_with_default_length
Error: Class "Laravel\Dusk\DuskServiceProvider" not found

/var/www/html/vendor/laravel/framework/src/Illuminate/Foundation/Application.php:961
/var/www/html/vendor/laravel/framework/src/Illuminate/Foundation/Application.php:893
/var/www/html/app/Providers/AppServiceProvider.php:51
/var/www/html/vendor/laravel/framework/src/Illuminate/Foundation/Application.php:896
/var/www/html/vendor/laravel/framework/src/Illuminate/Foundation/ProviderRepository.php:74
/var/www/html/vendor/laravel/framework/src/Illuminate/Foundation/Application.php:871
/var/www/html/vendor/laravel/framework/src/Illuminate/Foundation/Bootstrap/RegisterProviders.php:37
/var/www/html/vendor/laravel/framework/src/Illuminate/Foundation/Application.php:342
/var/www/html/vendor/laravel/framework/src/Illuminate/Foundation/Console/Kernel.php:473
/var/www/html/tests/CreatesApplication.php:31
/var/www/html/vendor/laravel/framework/src/Illuminate/Foundation/Testing/TestCase.php:54
/var/www/html/vendor/laravel/framework/src/Illuminate/Foundation/Testing/Concerns/InteractsWithTestCaseLifecycle.php:92
/var/www/html/vendor/laravel/framework/src/Illuminate/Foundation/Testing/TestCase.php:44
/var/www/html/tests/TestCase.php:36
/var/www/html/tests/Feature/Services/PasswordPolicyServiceTest.php:22</error>
        </testcase>
        <testcase name="test_checks_password_expired" file="/var/www/html/tests/Feature/Services/PasswordPolicyServiceTest.php" line="261" class="Tests\Feature\Services\PasswordPolicyServiceTest" classname="Tests.Feature.Services.PasswordPolicyServiceTest" assertions="0" time="0.000000">
          <error type="Error">Tests\Feature\Services\PasswordPolicyServiceTest::test_checks_password_expired
Error: Class "Laravel\Dusk\DuskServiceProvider" not found

/var/www/html/vendor/laravel/framework/src/Illuminate/Foundation/Application.php:961
/var/www/html/vendor/laravel/framework/src/Illuminate/Foundation/Application.php:893
/var/www/html/app/Providers/AppServiceProvider.php:51
/var/www/html/vendor/laravel/framework/src/Illuminate/Foundation/Application.php:896
/var/www/html/vendor/laravel/framework/src/Illuminate/Foundation/ProviderRepository.php:74
/var/www/html/vendor/laravel/framework/src/Illuminate/Foundation/Application.php:871
/var/www/html/vendor/laravel/framework/src/Illuminate/Foundation/Bootstrap/RegisterProviders.php:37
/var/www/html/vendor/laravel/framework/src/Illuminate/Foundation/Application.php:342
/var/www/html/vendor/laravel/framework/src/Illuminate/Foundation/Console/Kernel.php:473
/var/www/html/tests/CreatesApplication.php:31
/var/www/html/vendor/laravel/framework/src/Illuminate/Foundation/Testing/TestCase.php:54
/var/www/html/vendor/laravel/framework/src/Illuminate/Foundation/Testing/Concerns/InteractsWithTestCaseLifecycle.php:92
/var/www/html/vendor/laravel/framework/src/Illuminate/Foundation/Testing/TestCase.php:44
/var/www/html/tests/TestCase.php:36
/var/www/html/tests/Feature/Services/PasswordPolicyServiceTest.php:22</error>
        </testcase>
        <testcase name="test_handles_save_password_history_exception" file="/var/www/html/tests/Feature/Services/PasswordPolicyServiceTest.php" line="241" class="Tests\Feature\Services\PasswordPolicyServiceTest" classname="Tests.Feature.Services.PasswordPolicyServiceTest" assertions="0" time="0.000000">
          <error type="Error">Tests\Feature\Services\PasswordPolicyServiceTest::test_handles_save_password_history_exception
Error: Class "Laravel\Dusk\DuskServiceProvider" not found

/var/www/html/vendor/laravel/framework/src/Illuminate/Foundation/Application.php:961
/var/www/html/vendor/laravel/framework/src/Illuminate/Foundation/Application.php:893
/var/www/html/app/Providers/AppServiceProvider.php:51
/var/www/html/vendor/laravel/framework/src/Illuminate/Foundation/Application.php:896
/var/www/html/vendor/laravel/framework/src/Illuminate/Foundation/ProviderRepository.php:74
/var/www/html/vendor/laravel/framework/src/Illuminate/Foundation/Application.php:871
/var/www/html/vendor/laravel/framework/src/Illuminate/Foundation/Bootstrap/RegisterProviders.php:37
/var/www/html/vendor/laravel/framework/src/Illuminate/Foundation/Application.php:342
/var/www/html/vendor/laravel/framework/src/Illuminate/Foundation/Console/Kernel.php:473
/var/www/html/tests/CreatesApplication.php:31
/var/www/html/vendor/laravel/framework/src/Illuminate/Foundation/Testing/TestCase.php:54
/var/www/html/vendor/laravel/framework/src/Illuminate/Foundation/Testing/Concerns/InteractsWithTestCaseLifecycle.php:92
/var/www/html/vendor/laravel/framework/src/Illuminate/Foundation/Testing/TestCase.php:44
/var/www/html/tests/TestCase.php:36
/var/www/html/tests/Feature/Services/PasswordPolicyServiceTest.php:22</error>
        </testcase>
        <testcase name="test_calculates_password_strength_medium" file="/var/www/html/tests/Feature/Services/PasswordPolicyServiceTest.php" line="176" class="Tests\Feature\Services\PasswordPolicyServiceTest" classname="Tests.Feature.Services.PasswordPolicyServiceTest" assertions="0" time="0.000000">
          <error type="Error">Tests\Feature\Services\PasswordPolicyServiceTest::test_calculates_password_strength_medium
Error: Class "Laravel\Dusk\DuskServiceProvider" not found

/var/www/html/vendor/laravel/framework/src/Illuminate/Foundation/Application.php:961
/var/www/html/vendor/laravel/framework/src/Illuminate/Foundation/Application.php:893
/var/www/html/app/Providers/AppServiceProvider.php:51
/var/www/html/vendor/laravel/framework/src/Illuminate/Foundation/Application.php:896
/var/www/html/vendor/laravel/framework/src/Illuminate/Foundation/ProviderRepository.php:74
/var/www/html/vendor/laravel/framework/src/Illuminate/Foundation/Application.php:871
/var/www/html/vendor/laravel/framework/src/Illuminate/Foundation/Bootstrap/RegisterProviders.php:37
/var/www/html/vendor/laravel/framework/src/Illuminate/Foundation/Application.php:342
/var/www/html/vendor/laravel/framework/src/Illuminate/Foundation/Console/Kernel.php:473
/var/www/html/tests/CreatesApplication.php:31
/var/www/html/vendor/laravel/framework/src/Illuminate/Foundation/Testing/TestCase.php:54
/var/www/html/vendor/laravel/framework/src/Illuminate/Foundation/Testing/Concerns/InteractsWithTestCaseLifecycle.php:92
/var/www/html/vendor/laravel/framework/src/Illuminate/Foundation/Testing/TestCase.php:44
/var/www/html/tests/TestCase.php:36
/var/www/html/tests/Feature/Services/PasswordPolicyServiceTest.php:22</error>
        </testcase>
      </testsuite>
      <testsuite name="Tests\Feature\Http\Controllers\SettingControllerTest" file="/var/www/html/tests/Feature/Http/Controllers/SettingControllerTest.php" tests="3" assertions="0" errors="3" failures="0" skipped="0" time="0.000000">
        <testcase name="it_validates_settings_update_request" file="/var/www/html/tests/Feature/Http/Controllers/SettingControllerTest.php" line="54" class="Tests\Feature\Http\Controllers\SettingControllerTest" classname="Tests.Feature.Http.Controllers.SettingControllerTest" assertions="0" time="0.000000">
          <error type="Error">Tests\Feature\Http\Controllers\SettingControllerTest::it_validates_settings_update_request
Error: Class "Laravel\Dusk\DuskServiceProvider" not found

/var/www/html/vendor/laravel/framework/src/Illuminate/Foundation/Application.php:961
/var/www/html/vendor/laravel/framework/src/Illuminate/Foundation/Application.php:893
/var/www/html/app/Providers/AppServiceProvider.php:51
/var/www/html/vendor/laravel/framework/src/Illuminate/Foundation/Application.php:896
/var/www/html/vendor/laravel/framework/src/Illuminate/Foundation/ProviderRepository.php:74
/var/www/html/vendor/laravel/framework/src/Illuminate/Foundation/Application.php:871
/var/www/html/vendor/laravel/framework/src/Illuminate/Foundation/Bootstrap/RegisterProviders.php:37
/var/www/html/vendor/laravel/framework/src/Illuminate/Foundation/Application.php:342
/var/www/html/vendor/laravel/framework/src/Illuminate/Foundation/Console/Kernel.php:473
/var/www/html/tests/CreatesApplication.php:31
/var/www/html/vendor/laravel/framework/src/Illuminate/Foundation/Testing/TestCase.php:54
/var/www/html/vendor/laravel/framework/src/Illuminate/Foundation/Testing/Concerns/InteractsWithTestCaseLifecycle.php:92
/var/www/html/vendor/laravel/framework/src/Illuminate/Foundation/Testing/TestCase.php:44
/var/www/html/tests/TestCase.php:36</error>
        </testcase>
        <testcase name="it_can_update_settings" file="/var/www/html/tests/Feature/Http/Controllers/SettingControllerTest.php" line="38" class="Tests\Feature\Http\Controllers\SettingControllerTest" classname="Tests.Feature.Http.Controllers.SettingControllerTest" assertions="0" time="0.000000">
          <error type="Error">Tests\Feature\Http\Controllers\SettingControllerTest::it_can_update_settings
Error: Class "Laravel\Dusk\DuskServiceProvider" not found

/var/www/html/vendor/laravel/framework/src/Illuminate/Foundation/Application.php:961
/var/www/html/vendor/laravel/framework/src/Illuminate/Foundation/Application.php:893
/var/www/html/app/Providers/AppServiceProvider.php:51
/var/www/html/vendor/laravel/framework/src/Illuminate/Foundation/Application.php:896
/var/www/html/vendor/laravel/framework/src/Illuminate/Foundation/ProviderRepository.php:74
/var/www/html/vendor/laravel/framework/src/Illuminate/Foundation/Application.php:871
/var/www/html/vendor/laravel/framework/src/Illuminate/Foundation/Bootstrap/RegisterProviders.php:37
/var/www/html/vendor/laravel/framework/src/Illuminate/Foundation/Application.php:342
/var/www/html/vendor/laravel/framework/src/Illuminate/Foundation/Console/Kernel.php:473
/var/www/html/tests/CreatesApplication.php:31
/var/www/html/vendor/laravel/framework/src/Illuminate/Foundation/Testing/TestCase.php:54
/var/www/html/vendor/laravel/framework/src/Illuminate/Foundation/Testing/Concerns/InteractsWithTestCaseLifecycle.php:92
/var/www/html/vendor/laravel/framework/src/Illuminate/Foundation/Testing/TestCase.php:44
/var/www/html/tests/TestCase.php:36</error>
        </testcase>
        <testcase name="it_can_get_all_settings" file="/var/www/html/tests/Feature/Http/Controllers/SettingControllerTest.php" line="24" class="Tests\Feature\Http\Controllers\SettingControllerTest" classname="Tests.Feature.Http.Controllers.SettingControllerTest" assertions="0" time="0.000000">
          <error type="Error">Tests\Feature\Http\Controllers\SettingControllerTest::it_can_get_all_settings
Error: Class "Laravel\Dusk\DuskServiceProvider" not found

/var/www/html/vendor/laravel/framework/src/Illuminate/Foundation/Application.php:961
/var/www/html/vendor/laravel/framework/src/Illuminate/Foundation/Application.php:893
/var/www/html/app/Providers/AppServiceProvider.php:51
/var/www/html/vendor/laravel/framework/src/Illuminate/Foundation/Application.php:896
/var/www/html/vendor/laravel/framework/src/Illuminate/Foundation/ProviderRepository.php:74
/var/www/html/vendor/laravel/framework/src/Illuminate/Foundation/Application.php:871
/var/www/html/vendor/laravel/framework/src/Illuminate/Foundation/Bootstrap/RegisterProviders.php:37
/var/www/html/vendor/laravel/framework/src/Illuminate/Foundation/Application.php:342
/var/www/html/vendor/laravel/framework/src/Illuminate/Foundation/Console/Kernel.php:473
/var/www/html/tests/CreatesApplication.php:31
/var/www/html/vendor/laravel/framework/src/Illuminate/Foundation/Testing/TestCase.php:54
/var/www/html/vendor/laravel/framework/src/Illuminate/Foundation/Testing/Concerns/InteractsWithTestCaseLifecycle.php:92
/var/www/html/vendor/laravel/framework/src/Illuminate/Foundation/Testing/TestCase.php:44
/var/www/html/tests/TestCase.php:36</error>
        </testcase>
      </testsuite>
      <testsuite name="Tests\Feature\Models\ReviewTest" file="/var/www/html/tests/Feature/Models/ReviewTest.php" tests="7" assertions="0" errors="7" failures="0" skipped="0" time="0.000000">
        <testcase name="test_factory_creates_valid_review" file="/var/www/html/tests/Feature/Models/ReviewTest.php" line="133" class="Tests\Feature\Models\ReviewTest" classname="Tests.Feature.Models.ReviewTest" assertions="0" time="0.000000">
          <error type="Error">Tests\Feature\Models\ReviewTest::test_factory_creates_valid_review
Error: Class "Laravel\Dusk\DuskServiceProvider" not found

/var/www/html/vendor/laravel/framework/src/Illuminate/Foundation/Application.php:961
/var/www/html/vendor/laravel/framework/src/Illuminate/Foundation/Application.php:893
/var/www/html/app/Providers/AppServiceProvider.php:51
/var/www/html/vendor/laravel/framework/src/Illuminate/Foundation/Application.php:896
/var/www/html/vendor/laravel/framework/src/Illuminate/Foundation/ProviderRepository.php:74
/var/www/html/vendor/laravel/framework/src/Illuminate/Foundation/Application.php:871
/var/www/html/vendor/laravel/framework/src/Illuminate/Foundation/Bootstrap/RegisterProviders.php:37
/var/www/html/vendor/laravel/framework/src/Illuminate/Foundation/Application.php:342
/var/www/html/vendor/laravel/framework/src/Illuminate/Foundation/Console/Kernel.php:473
/var/www/html/tests/CreatesApplication.php:31
/var/www/html/vendor/laravel/framework/src/Illuminate/Foundation/Testing/TestCase.php:54
/var/www/html/vendor/laravel/framework/src/Illuminate/Foundation/Testing/Concerns/InteractsWithTestCaseLifecycle.php:92
/var/www/html/vendor/laravel/framework/src/Illuminate/Foundation/Testing/TestCase.php:44
/var/www/html/tests/TestCase.php:36
/var/www/html/tests/Feature/Models/ReviewTest.php:19</error>
        </testcase>
        <testcase name="test_fillable_attributes" file="/var/www/html/tests/Feature/Models/ReviewTest.php" line="115" class="Tests\Feature\Models\ReviewTest" classname="Tests.Feature.Models.ReviewTest" assertions="0" time="0.000000">
          <error type="Error">Tests\Feature\Models\ReviewTest::test_fillable_attributes
Error: Class "Laravel\Dusk\DuskServiceProvider" not found

/var/www/html/vendor/laravel/framework/src/Illuminate/Foundation/Application.php:961
/var/www/html/vendor/laravel/framework/src/Illuminate/Foundation/Application.php:893
/var/www/html/app/Providers/AppServiceProvider.php:51
/var/www/html/vendor/laravel/framework/src/Illuminate/Foundation/Application.php:896
/var/www/html/vendor/laravel/framework/src/Illuminate/Foundation/ProviderRepository.php:74
/var/www/html/vendor/laravel/framework/src/Illuminate/Foundation/Application.php:871
/var/www/html/vendor/laravel/framework/src/Illuminate/Foundation/Bootstrap/RegisterProviders.php:37
/var/www/html/vendor/laravel/framework/src/Illuminate/Foundation/Application.php:342
/var/www/html/vendor/laravel/framework/src/Illuminate/Foundation/Console/Kernel.php:473
/var/www/html/tests/CreatesApplication.php:31
/var/www/html/vendor/laravel/framework/src/Illuminate/Foundation/Testing/TestCase.php:54
/var/www/html/vendor/laravel/framework/src/Illuminate/Foundation/Testing/Concerns/InteractsWithTestCaseLifecycle.php:92
/var/www/html/vendor/laravel/framework/src/Illuminate/Foundation/Testing/TestCase.php:44
/var/www/html/tests/TestCase.php:36
/var/www/html/tests/Feature/Models/ReviewTest.php:19</error>
        </testcase>
        <testcase name="test_get_review_text_attribute" file="/var/www/html/tests/Feature/Models/ReviewTest.php" line="106" class="Tests\Feature\Models\ReviewTest" classname="Tests.Feature.Models.ReviewTest" assertions="0" time="0.000000">
          <error type="Error">Tests\Feature\Models\ReviewTest::test_get_review_text_attribute
Error: Class "Laravel\Dusk\DuskServiceProvider" not found

/var/www/html/vendor/laravel/framework/src/Illuminate/Foundation/Application.php:961
/var/www/html/vendor/laravel/framework/src/Illuminate/Foundation/Application.php:893
/var/www/html/app/Providers/AppServiceProvider.php:51
/var/www/html/vendor/laravel/framework/src/Illuminate/Foundation/Application.php:896
/var/www/html/vendor/laravel/framework/src/Illuminate/Foundation/ProviderRepository.php:74
/var/www/html/vendor/laravel/framework/src/Illuminate/Foundation/Application.php:871
/var/www/html/vendor/laravel/framework/src/Illuminate/Foundation/Bootstrap/RegisterProviders.php:37
/var/www/html/vendor/laravel/framework/src/Illuminate/Foundation/Application.php:342
/var/www/html/vendor/laravel/framework/src/Illuminate/Foundation/Console/Kernel.php:473
/var/www/html/tests/CreatesApplication.php:31
/var/www/html/vendor/laravel/framework/src/Illuminate/Foundation/Testing/TestCase.php:54
/var/www/html/vendor/laravel/framework/src/Illuminate/Foundation/Testing/Concerns/InteractsWithTestCaseLifecycle.php:92
/var/www/html/vendor/laravel/framework/src/Illuminate/Foundation/Testing/TestCase.php:44
/var/www/html/tests/TestCase.php:36
/var/www/html/tests/Feature/Models/ReviewTest.php:19</error>
        </testcase>
        <testcase name="test_it_can_create_a_review" file="/var/www/html/tests/Feature/Models/ReviewTest.php" line="23" class="Tests\Feature\Models\ReviewTest" classname="Tests.Feature.Models.ReviewTest" assertions="0" time="0.000000">
          <error type="Error">Tests\Feature\Models\ReviewTest::test_it_can_create_a_review
Error: Class "Laravel\Dusk\DuskServiceProvider" not found

/var/www/html/vendor/laravel/framework/src/Illuminate/Foundation/Application.php:961
/var/www/html/vendor/laravel/framework/src/Illuminate/Foundation/Application.php:893
/var/www/html/app/Providers/AppServiceProvider.php:51
/var/www/html/vendor/laravel/framework/src/Illuminate/Foundation/Application.php:896
/var/www/html/vendor/laravel/framework/src/Illuminate/Foundation/ProviderRepository.php:74
/var/www/html/vendor/laravel/framework/src/Illuminate/Foundation/Application.php:871
/var/www/html/vendor/laravel/framework/src/Illuminate/Foundation/Bootstrap/RegisterProviders.php:37
/var/www/html/vendor/laravel/framework/src/Illuminate/Foundation/Application.php:342
/var/www/html/vendor/laravel/framework/src/Illuminate/Foundation/Console/Kernel.php:473
/var/www/html/tests/CreatesApplication.php:31
/var/www/html/vendor/laravel/framework/src/Illuminate/Foundation/Testing/TestCase.php:54
/var/www/html/vendor/laravel/framework/src/Illuminate/Foundation/Testing/Concerns/InteractsWithTestCaseLifecycle.php:92
/var/www/html/vendor/laravel/framework/src/Illuminate/Foundation/Testing/TestCase.php:44
/var/www/html/tests/TestCase.php:36
/var/www/html/tests/Feature/Models/ReviewTest.php:19</error>
        </testcase>
        <testcase name="test_it_belongs_to_product" file="/var/www/html/tests/Feature/Models/ReviewTest.php" line="95" class="Tests\Feature\Models\ReviewTest" classname="Tests.Feature.Models.ReviewTest" assertions="0" time="0.000000">
          <error type="Error">Tests\Feature\Models\ReviewTest::test_it_belongs_to_product
Error: Class "Laravel\Dusk\DuskServiceProvider" not found

/var/www/html/vendor/laravel/framework/src/Illuminate/Foundation/Application.php:961
/var/www/html/vendor/laravel/framework/src/Illuminate/Foundation/Application.php:893
/var/www/html/app/Providers/AppServiceProvider.php:51
/var/www/html/vendor/laravel/framework/src/Illuminate/Foundation/Application.php:896
/var/www/html/vendor/laravel/framework/src/Illuminate/Foundation/ProviderRepository.php:74
/var/www/html/vendor/laravel/framework/src/Illuminate/Foundation/Application.php:871
/var/www/html/vendor/laravel/framework/src/Illuminate/Foundation/Bootstrap/RegisterProviders.php:37
/var/www/html/vendor/laravel/framework/src/Illuminate/Foundation/Application.php:342
/var/www/html/vendor/laravel/framework/src/Illuminate/Foundation/Console/Kernel.php:473
/var/www/html/tests/CreatesApplication.php:31
/var/www/html/vendor/laravel/framework/src/Illuminate/Foundation/Testing/TestCase.php:54
/var/www/html/vendor/laravel/framework/src/Illuminate/Foundation/Testing/Concerns/InteractsWithTestCaseLifecycle.php:92
/var/www/html/vendor/laravel/framework/src/Illuminate/Foundation/Testing/TestCase.php:44
/var/www/html/tests/TestCase.php:36
/var/www/html/tests/Feature/Models/ReviewTest.php:19</error>
        </testcase>
        <testcase name="test_it_belongs_to_user" file="/var/www/html/tests/Feature/Models/ReviewTest.php" line="84" class="Tests\Feature\Models\ReviewTest" classname="Tests.Feature.Models.ReviewTest" assertions="0" time="0.000000">
          <error type="Error">Tests\Feature\Models\ReviewTest::test_it_belongs_to_user
Error: Class "Laravel\Dusk\DuskServiceProvider" not found

/var/www/html/vendor/laravel/framework/src/Illuminate/Foundation/Application.php:961
/var/www/html/vendor/laravel/framework/src/Illuminate/Foundation/Application.php:893
/var/www/html/app/Providers/AppServiceProvider.php:51
/var/www/html/vendor/laravel/framework/src/Illuminate/Foundation/Application.php:896
/var/www/html/vendor/laravel/framework/src/Illuminate/Foundation/ProviderRepository.php:74
/var/www/html/vendor/laravel/framework/src/Illuminate/Foundation/Application.php:871
/var/www/html/vendor/laravel/framework/src/Illuminate/Foundation/Bootstrap/RegisterProviders.php:37
/var/www/html/vendor/laravel/framework/src/Illuminate/Foundation/Application.php:342
/var/www/html/vendor/laravel/framework/src/Illuminate/Foundation/Console/Kernel.php:473
/var/www/html/tests/CreatesApplication.php:31
/var/www/html/vendor/laravel/framework/src/Illuminate/Foundation/Testing/TestCase.php:54
/var/www/html/vendor/laravel/framework/src/Illuminate/Foundation/Testing/Concerns/InteractsWithTestCaseLifecycle.php:92
/var/www/html/vendor/laravel/framework/src/Illuminate/Foundation/Testing/TestCase.php:44
/var/www/html/tests/TestCase.php:36
/var/www/html/tests/Feature/Models/ReviewTest.php:19</error>
        </testcase>
        <testcase name="test_it_casts_attributes_correctly" file="/var/www/html/tests/Feature/Models/ReviewTest.php" line="61" class="Tests\Feature\Models\ReviewTest" classname="Tests.Feature.Models.ReviewTest" assertions="0" time="0.000000">
          <error type="Error">Tests\Feature\Models\ReviewTest::test_it_casts_attributes_correctly
Error: Class "Laravel\Dusk\DuskServiceProvider" not found

/var/www/html/vendor/laravel/framework/src/Illuminate/Foundation/Application.php:961
/var/www/html/vendor/laravel/framework/src/Illuminate/Foundation/Application.php:893
/var/www/html/app/Providers/AppServiceProvider.php:51
/var/www/html/vendor/laravel/framework/src/Illuminate/Foundation/Application.php:896
/var/www/html/vendor/laravel/framework/src/Illuminate/Foundation/ProviderRepository.php:74
/var/www/html/vendor/laravel/framework/src/Illuminate/Foundation/Application.php:871
/var/www/html/vendor/laravel/framework/src/Illuminate/Foundation/Bootstrap/RegisterProviders.php:37
/var/www/html/vendor/laravel/framework/src/Illuminate/Foundation/Application.php:342
/var/www/html/vendor/laravel/framework/src/Illuminate/Foundation/Console/Kernel.php:473
/var/www/html/tests/CreatesApplication.php:31
/var/www/html/vendor/laravel/framework/src/Illuminate/Foundation/Testing/TestCase.php:54
/var/www/html/vendor/laravel/framework/src/Illuminate/Foundation/Testing/Concerns/InteractsWithTestCaseLifecycle.php:92
/var/www/html/vendor/laravel/framework/src/Illuminate/Foundation/Testing/TestCase.php:44
/var/www/html/tests/TestCase.php:36
/var/www/html/tests/Feature/Models/ReviewTest.php:19</error>
        </testcase>
      </testsuite>
      <testsuite name="Tests\Feature\Models\AuditLogTest" file="/var/www/html/tests/Feature/Models/AuditLogTest.php" tests="17" assertions="0" errors="17" failures="0" skipped="0" time="0.000000">
        <testcase name="test_it_casts_attributes_correctly" file="/var/www/html/tests/Feature/Models/AuditLogTest.php" line="64" class="Tests\Feature\Models\AuditLogTest" classname="Tests.Feature.Models.AuditLogTest" assertions="0" time="0.000000">
          <error type="Error">Tests\Feature\Models\AuditLogTest::test_it_casts_attributes_correctly
Error: Class "Laravel\Dusk\DuskServiceProvider" not found

/var/www/html/vendor/laravel/framework/src/Illuminate/Foundation/Application.php:961
/var/www/html/vendor/laravel/framework/src/Illuminate/Foundation/Application.php:893
/var/www/html/app/Providers/AppServiceProvider.php:51
/var/www/html/vendor/laravel/framework/src/Illuminate/Foundation/Application.php:896
/var/www/html/vendor/laravel/framework/src/Illuminate/Foundation/ProviderRepository.php:74
/var/www/html/vendor/laravel/framework/src/Illuminate/Foundation/Application.php:871
/var/www/html/vendor/laravel/framework/src/Illuminate/Foundation/Bootstrap/RegisterProviders.php:37
/var/www/html/vendor/laravel/framework/src/Illuminate/Foundation/Application.php:342
/var/www/html/vendor/laravel/framework/src/Illuminate/Foundation/Console/Kernel.php:473
/var/www/html/tests/CreatesApplication.php:31
/var/www/html/vendor/laravel/framework/src/Illuminate/Foundation/Testing/TestCase.php:54
/var/www/html/vendor/laravel/framework/src/Illuminate/Foundation/Testing/Concerns/InteractsWithTestCaseLifecycle.php:92
/var/www/html/vendor/laravel/framework/src/Illuminate/Foundation/Testing/TestCase.php:44
/var/www/html/tests/TestCase.php:36</error>
        </testcase>
        <testcase name="test_fillable_attributes" file="/var/www/html/tests/Feature/Models/AuditLogTest.php" line="285" class="Tests\Feature\Models\AuditLogTest" classname="Tests.Feature.Models.AuditLogTest" assertions="0" time="0.000000">
          <error type="Error">Tests\Feature\Models\AuditLogTest::test_fillable_attributes
Error: Class "Laravel\Dusk\DuskServiceProvider" not found

/var/www/html/vendor/laravel/framework/src/Illuminate/Foundation/Application.php:961
/var/www/html/vendor/laravel/framework/src/Illuminate/Foundation/Application.php:893
/var/www/html/app/Providers/AppServiceProvider.php:51
/var/www/html/vendor/laravel/framework/src/Illuminate/Foundation/Application.php:896
/var/www/html/vendor/laravel/framework/src/Illuminate/Foundation/ProviderRepository.php:74
/var/www/html/vendor/laravel/framework/src/Illuminate/Foundation/Application.php:871
/var/www/html/vendor/laravel/framework/src/Illuminate/Foundation/Bootstrap/RegisterProviders.php:37
/var/www/html/vendor/laravel/framework/src/Illuminate/Foundation/Application.php:342
/var/www/html/vendor/laravel/framework/src/Illuminate/Foundation/Console/Kernel.php:473
/var/www/html/tests/CreatesApplication.php:31
/var/www/html/vendor/laravel/framework/src/Illuminate/Foundation/Testing/TestCase.php:54
/var/www/html/vendor/laravel/framework/src/Illuminate/Foundation/Testing/Concerns/InteractsWithTestCaseLifecycle.php:92
/var/www/html/vendor/laravel/framework/src/Illuminate/Foundation/Testing/TestCase.php:44
/var/www/html/tests/TestCase.php:36</error>
        </testcase>
        <testcase name="test_get_changes_summary_attribute_with_unchanged_values" file="/var/www/html/tests/Feature/Models/AuditLogTest.php" line="249" class="Tests\Feature\Models\AuditLogTest" classname="Tests.Feature.Models.AuditLogTest" assertions="0" time="0.000000">
          <error type="Error">Tests\Feature\Models\AuditLogTest::test_get_changes_summary_attribute_with_unchanged_values
Error: Class "Laravel\Dusk\DuskServiceProvider" not found

/var/www/html/vendor/laravel/framework/src/Illuminate/Foundation/Application.php:961
/var/www/html/vendor/laravel/framework/src/Illuminate/Foundation/Application.php:893
/var/www/html/app/Providers/AppServiceProvider.php:51
/var/www/html/vendor/laravel/framework/src/Illuminate/Foundation/Application.php:896
/var/www/html/vendor/laravel/framework/src/Illuminate/Foundation/ProviderRepository.php:74
/var/www/html/vendor/laravel/framework/src/Illuminate/Foundation/Application.php:871
/var/www/html/vendor/laravel/framework/src/Illuminate/Foundation/Bootstrap/RegisterProviders.php:37
/var/www/html/vendor/laravel/framework/src/Illuminate/Foundation/Application.php:342
/var/www/html/vendor/laravel/framework/src/Illuminate/Foundation/Console/Kernel.php:473
/var/www/html/tests/CreatesApplication.php:31
/var/www/html/vendor/laravel/framework/src/Illuminate/Foundation/Testing/TestCase.php:54
/var/www/html/vendor/laravel/framework/src/Illuminate/Foundation/Testing/Concerns/InteractsWithTestCaseLifecycle.php:92
/var/www/html/vendor/laravel/framework/src/Illuminate/Foundation/Testing/TestCase.php:44
/var/www/html/tests/TestCase.php:36</error>
        </testcase>
        <testcase name="test_it_can_create_an_audit_log" file="/var/www/html/tests/Feature/Models/AuditLogTest.php" line="21" class="Tests\Feature\Models\AuditLogTest" classname="Tests.Feature.Models.AuditLogTest" assertions="0" time="0.000000">
          <error type="Error">Tests\Feature\Models\AuditLogTest::test_it_can_create_an_audit_log
Error: Class "Laravel\Dusk\DuskServiceProvider" not found

/var/www/html/vendor/laravel/framework/src/Illuminate/Foundation/Application.php:961
/var/www/html/vendor/laravel/framework/src/Illuminate/Foundation/Application.php:893
/var/www/html/app/Providers/AppServiceProvider.php:51
/var/www/html/vendor/laravel/framework/src/Illuminate/Foundation/Application.php:896
/var/www/html/vendor/laravel/framework/src/Illuminate/Foundation/ProviderRepository.php:74
/var/www/html/vendor/laravel/framework/src/Illuminate/Foundation/Application.php:871
/var/www/html/vendor/laravel/framework/src/Illuminate/Foundation/Bootstrap/RegisterProviders.php:37
/var/www/html/vendor/laravel/framework/src/Illuminate/Foundation/Application.php:342
/var/www/html/vendor/laravel/framework/src/Illuminate/Foundation/Console/Kernel.php:473
/var/www/html/tests/CreatesApplication.php:31
/var/www/html/vendor/laravel/framework/src/Illuminate/Foundation/Testing/TestCase.php:54
/var/www/html/vendor/laravel/framework/src/Illuminate/Foundation/Testing/Concerns/InteractsWithTestCaseLifecycle.php:92
/var/www/html/vendor/laravel/framework/src/Illuminate/Foundation/Testing/TestCase.php:44
/var/www/html/tests/TestCase.php:36</error>
        </testcase>
        <testcase name="test_get_changes_summary_attribute_without_changes" file="/var/www/html/tests/Feature/Models/AuditLogTest.php" line="216" class="Tests\Feature\Models\AuditLogTest" classname="Tests.Feature.Models.AuditLogTest" assertions="0" time="0.000000">
          <error type="Error">Tests\Feature\Models\AuditLogTest::test_get_changes_summary_attribute_without_changes
Error: Class "Laravel\Dusk\DuskServiceProvider" not found

/var/www/html/vendor/laravel/framework/src/Illuminate/Foundation/Application.php:961
/var/www/html/vendor/laravel/framework/src/Illuminate/Foundation/Application.php:893
/var/www/html/app/Providers/AppServiceProvider.php:51
/var/www/html/vendor/laravel/framework/src/Illuminate/Foundation/Application.php:896
/var/www/html/vendor/laravel/framework/src/Illuminate/Foundation/ProviderRepository.php:74
/var/www/html/vendor/laravel/framework/src/Illuminate/Foundation/Application.php:871
/var/www/html/vendor/laravel/framework/src/Illuminate/Foundation/Bootstrap/RegisterProviders.php:37
/var/www/html/vendor/laravel/framework/src/Illuminate/Foundation/Application.php:342
/var/www/html/vendor/laravel/framework/src/Illuminate/Foundation/Console/Kernel.php:473
/var/www/html/tests/CreatesApplication.php:31
/var/www/html/vendor/laravel/framework/src/Illuminate/Foundation/Testing/TestCase.php:54
/var/www/html/vendor/laravel/framework/src/Illuminate/Foundation/Testing/Concerns/InteractsWithTestCaseLifecycle.php:92
/var/www/html/vendor/laravel/framework/src/Illuminate/Foundation/Testing/TestCase.php:44
/var/www/html/tests/TestCase.php:36</error>
        </testcase>
        <testcase name="test_get_changes_summary_attribute_with_mixed_data_types" file="/var/www/html/tests/Feature/Models/AuditLogTest.php" line="260" class="Tests\Feature\Models\AuditLogTest" classname="Tests.Feature.Models.AuditLogTest" assertions="0" time="0.000000">
          <error type="Error">Tests\Feature\Models\AuditLogTest::test_get_changes_summary_attribute_with_mixed_data_types
Error: Class "Laravel\Dusk\DuskServiceProvider" not found

/var/www/html/vendor/laravel/framework/src/Illuminate/Foundation/Application.php:961
/var/www/html/vendor/laravel/framework/src/Illuminate/Foundation/Application.php:893
/var/www/html/app/Providers/AppServiceProvider.php:51
/var/www/html/vendor/laravel/framework/src/Illuminate/Foundation/Application.php:896
/var/www/html/vendor/laravel/framework/src/Illuminate/Foundation/ProviderRepository.php:74
/var/www/html/vendor/laravel/framework/src/Illuminate/Foundation/Application.php:871
/var/www/html/vendor/laravel/framework/src/Illuminate/Foundation/Bootstrap/RegisterProviders.php:37
/var/www/html/vendor/laravel/framework/src/Illuminate/Foundation/Application.php:342
/var/www/html/vendor/laravel/framework/src/Illuminate/Foundation/Console/Kernel.php:473
/var/www/html/tests/CreatesApplication.php:31
/var/www/html/vendor/laravel/framework/src/Illuminate/Foundation/Testing/TestCase.php:54
/var/www/html/vendor/laravel/framework/src/Illuminate/Foundation/Testing/Concerns/InteractsWithTestCaseLifecycle.php:92
/var/www/html/vendor/laravel/framework/src/Illuminate/Foundation/Testing/TestCase.php:44
/var/www/html/tests/TestCase.php:36</error>
        </testcase>
        <testcase name="test_scope_for_model_filters_by_auditable_type" file="/var/www/html/tests/Feature/Models/AuditLogTest.php" line="159" class="Tests\Feature\Models\AuditLogTest" classname="Tests.Feature.Models.AuditLogTest" assertions="0" time="0.000000">
          <error type="Error">Tests\Feature\Models\AuditLogTest::test_scope_for_model_filters_by_auditable_type
Error: Class "Laravel\Dusk\DuskServiceProvider" not found

/var/www/html/vendor/laravel/framework/src/Illuminate/Foundation/Application.php:961
/var/www/html/vendor/laravel/framework/src/Illuminate/Foundation/Application.php:893
/var/www/html/app/Providers/AppServiceProvider.php:51
/var/www/html/vendor/laravel/framework/src/Illuminate/Foundation/Application.php:896
/var/www/html/vendor/laravel/framework/src/Illuminate/Foundation/ProviderRepository.php:74
/var/www/html/vendor/laravel/framework/src/Illuminate/Foundation/Application.php:871
/var/www/html/vendor/laravel/framework/src/Illuminate/Foundation/Bootstrap/RegisterProviders.php:37
/var/www/html/vendor/laravel/framework/src/Illuminate/Foundation/Application.php:342
/var/www/html/vendor/laravel/framework/src/Illuminate/Foundation/Console/Kernel.php:473
/var/www/html/tests/CreatesApplication.php:31
/var/www/html/vendor/laravel/framework/src/Illuminate/Foundation/Testing/TestCase.php:54
/var/www/html/vendor/laravel/framework/src/Illuminate/Foundation/Testing/Concerns/InteractsWithTestCaseLifecycle.php:92
/var/www/html/vendor/laravel/framework/src/Illuminate/Foundation/Testing/TestCase.php:44
/var/www/html/tests/TestCase.php:36</error>
        </testcase>
        <testcase name="test_get_changes_summary_attribute_with_no_new_values" file="/var/www/html/tests/Feature/Models/AuditLogTest.php" line="238" class="Tests\Feature\Models\AuditLogTest" classname="Tests.Feature.Models.AuditLogTest" assertions="0" time="0.000000">
          <error type="Error">Tests\Feature\Models\AuditLogTest::test_get_changes_summary_attribute_with_no_new_values
Error: Class "Laravel\Dusk\DuskServiceProvider" not found

/var/www/html/vendor/laravel/framework/src/Illuminate/Foundation/Application.php:961
/var/www/html/vendor/laravel/framework/src/Illuminate/Foundation/Application.php:893
/var/www/html/app/Providers/AppServiceProvider.php:51
/var/www/html/vendor/laravel/framework/src/Illuminate/Foundation/Application.php:896
/var/www/html/vendor/laravel/framework/src/Illuminate/Foundation/ProviderRepository.php:74
/var/www/html/vendor/laravel/framework/src/Illuminate/Foundation/Application.php:871
/var/www/html/vendor/laravel/framework/src/Illuminate/Foundation/Bootstrap/RegisterProviders.php:37
/var/www/html/vendor/laravel/framework/src/Illuminate/Foundation/Application.php:342
/var/www/html/vendor/laravel/framework/src/Illuminate/Foundation/Console/Kernel.php:473
/var/www/html/tests/CreatesApplication.php:31
/var/www/html/vendor/laravel/framework/src/Illuminate/Foundation/Testing/TestCase.php:54
/var/www/html/vendor/laravel/framework/src/Illuminate/Foundation/Testing/Concerns/InteractsWithTestCaseLifecycle.php:92
/var/www/html/vendor/laravel/framework/src/Illuminate/Foundation/Testing/TestCase.php:44
/var/www/html/tests/TestCase.php:36</error>
        </testcase>
        <testcase name="test_factory_creates_valid_audit_log" file="/var/www/html/tests/Feature/Models/AuditLogTest.php" line="274" class="Tests\Feature\Models\AuditLogTest" classname="Tests.Feature.Models.AuditLogTest" assertions="0" time="0.000000">
          <error type="Error">Tests\Feature\Models\AuditLogTest::test_factory_creates_valid_audit_log
Error: Class "Laravel\Dusk\DuskServiceProvider" not found

/var/www/html/vendor/laravel/framework/src/Illuminate/Foundation/Application.php:961
/var/www/html/vendor/laravel/framework/src/Illuminate/Foundation/Application.php:893
/var/www/html/app/Providers/AppServiceProvider.php:51
/var/www/html/vendor/laravel/framework/src/Illuminate/Foundation/Application.php:896
/var/www/html/vendor/laravel/framework/src/Illuminate/Foundation/ProviderRepository.php:74
/var/www/html/vendor/laravel/framework/src/Illuminate/Foundation/Application.php:871
/var/www/html/vendor/laravel/framework/src/Illuminate/Foundation/Bootstrap/RegisterProviders.php:37
/var/www/html/vendor/laravel/framework/src/Illuminate/Foundation/Application.php:342
/var/www/html/vendor/laravel/framework/src/Illuminate/Foundation/Console/Kernel.php:473
/var/www/html/tests/CreatesApplication.php:31
/var/www/html/vendor/laravel/framework/src/Illuminate/Foundation/Testing/TestCase.php:54
/var/www/html/vendor/laravel/framework/src/Illuminate/Foundation/Testing/Concerns/InteractsWithTestCaseLifecycle.php:92
/var/www/html/vendor/laravel/framework/src/Illuminate/Foundation/Testing/TestCase.php:44
/var/www/html/tests/TestCase.php:36</error>
        </testcase>
        <testcase name="test_scope_date_range_filters_by_created_at" file="/var/www/html/tests/Feature/Models/AuditLogTest.php" line="175" class="Tests\Feature\Models\AuditLogTest" classname="Tests.Feature.Models.AuditLogTest" assertions="0" time="0.000000">
          <error type="Error">Tests\Feature\Models\AuditLogTest::test_scope_date_range_filters_by_created_at
Error: Class "Laravel\Dusk\DuskServiceProvider" not found

/var/www/html/vendor/laravel/framework/src/Illuminate/Foundation/Application.php:961
/var/www/html/vendor/laravel/framework/src/Illuminate/Foundation/Application.php:893
/var/www/html/app/Providers/AppServiceProvider.php:51
/var/www/html/vendor/laravel/framework/src/Illuminate/Foundation/Application.php:896
/var/www/html/vendor/laravel/framework/src/Illuminate/Foundation/ProviderRepository.php:74
/var/www/html/vendor/laravel/framework/src/Illuminate/Foundation/Application.php:871
/var/www/html/vendor/laravel/framework/src/Illuminate/Foundation/Bootstrap/RegisterProviders.php:37
/var/www/html/vendor/laravel/framework/src/Illuminate/Foundation/Application.php:342
/var/www/html/vendor/laravel/framework/src/Illuminate/Foundation/Console/Kernel.php:473
/var/www/html/tests/CreatesApplication.php:31
/var/www/html/vendor/laravel/framework/src/Illuminate/Foundation/Testing/TestCase.php:54
/var/www/html/vendor/laravel/framework/src/Illuminate/Foundation/Testing/Concerns/InteractsWithTestCaseLifecycle.php:92
/var/www/html/vendor/laravel/framework/src/Illuminate/Foundation/Testing/TestCase.php:44
/var/www/html/tests/TestCase.php:36</error>
        </testcase>
        <testcase name="test_scope_for_user_filters_by_user_id" file="/var/www/html/tests/Feature/Models/AuditLogTest.php" line="140" class="Tests\Feature\Models\AuditLogTest" classname="Tests.Feature.Models.AuditLogTest" assertions="0" time="0.000000">
          <error type="Error">Tests\Feature\Models\AuditLogTest::test_scope_for_user_filters_by_user_id
Error: Class "Laravel\Dusk\DuskServiceProvider" not found

/var/www/html/vendor/laravel/framework/src/Illuminate/Foundation/Application.php:961
/var/www/html/vendor/laravel/framework/src/Illuminate/Foundation/Application.php:893
/var/www/html/app/Providers/AppServiceProvider.php:51
/var/www/html/vendor/laravel/framework/src/Illuminate/Foundation/Application.php:896
/var/www/html/vendor/laravel/framework/src/Illuminate/Foundation/ProviderRepository.php:74
/var/www/html/vendor/laravel/framework/src/Illuminate/Foundation/Application.php:871
/var/www/html/vendor/laravel/framework/src/Illuminate/Foundation/Bootstrap/RegisterProviders.php:37
/var/www/html/vendor/laravel/framework/src/Illuminate/Foundation/Application.php:342
/var/www/html/vendor/laravel/framework/src/Illuminate/Foundation/Console/Kernel.php:473
/var/www/html/tests/CreatesApplication.php:31
/var/www/html/vendor/laravel/framework/src/Illuminate/Foundation/Testing/TestCase.php:54
/var/www/html/vendor/laravel/framework/src/Illuminate/Foundation/Testing/Concerns/InteractsWithTestCaseLifecycle.php:92
/var/www/html/vendor/laravel/framework/src/Illuminate/Foundation/Testing/TestCase.php:44
/var/www/html/tests/TestCase.php:36</error>
        </testcase>
        <testcase name="test_get_formatted_event_attribute" file="/var/www/html/tests/Feature/Models/AuditLogTest.php" line="195" class="Tests\Feature\Models\AuditLogTest" classname="Tests.Feature.Models.AuditLogTest" assertions="0" time="0.000000">
          <error type="Error">Tests\Feature\Models\AuditLogTest::test_get_formatted_event_attribute
Error: Class "Laravel\Dusk\DuskServiceProvider" not found

/var/www/html/vendor/laravel/framework/src/Illuminate/Foundation/Application.php:961
/var/www/html/vendor/laravel/framework/src/Illuminate/Foundation/Application.php:893
/var/www/html/app/Providers/AppServiceProvider.php:51
/var/www/html/vendor/laravel/framework/src/Illuminate/Foundation/Application.php:896
/var/www/html/vendor/laravel/framework/src/Illuminate/Foundation/ProviderRepository.php:74
/var/www/html/vendor/laravel/framework/src/Illuminate/Foundation/Application.php:871
/var/www/html/vendor/laravel/framework/src/Illuminate/Foundation/Bootstrap/RegisterProviders.php:37
/var/www/html/vendor/laravel/framework/src/Illuminate/Foundation/Application.php:342
/var/www/html/vendor/laravel/framework/src/Illuminate/Foundation/Console/Kernel.php:473
/var/www/html/tests/CreatesApplication.php:31
/var/www/html/vendor/laravel/framework/src/Illuminate/Foundation/Testing/TestCase.php:54
/var/www/html/vendor/laravel/framework/src/Illuminate/Foundation/Testing/Concerns/InteractsWithTestCaseLifecycle.php:92
/var/www/html/vendor/laravel/framework/src/Illuminate/Foundation/Testing/TestCase.php:44
/var/www/html/tests/TestCase.php:36</error>
        </testcase>
        <testcase name="test_it_has_morph_to_auditable" file="/var/www/html/tests/Feature/Models/AuditLogTest.php" line="108" class="Tests\Feature\Models\AuditLogTest" classname="Tests.Feature.Models.AuditLogTest" assertions="0" time="0.000000">
          <error type="Error">Tests\Feature\Models\AuditLogTest::test_it_has_morph_to_auditable
Error: Class "Laravel\Dusk\DuskServiceProvider" not found

/var/www/html/vendor/laravel/framework/src/Illuminate/Foundation/Application.php:961
/var/www/html/vendor/laravel/framework/src/Illuminate/Foundation/Application.php:893
/var/www/html/app/Providers/AppServiceProvider.php:51
/var/www/html/vendor/laravel/framework/src/Illuminate/Foundation/Application.php:896
/var/www/html/vendor/laravel/framework/src/Illuminate/Foundation/ProviderRepository.php:74
/var/www/html/vendor/laravel/framework/src/Illuminate/Foundation/Application.php:871
/var/www/html/vendor/laravel/framework/src/Illuminate/Foundation/Bootstrap/RegisterProviders.php:37
/var/www/html/vendor/laravel/framework/src/Illuminate/Foundation/Application.php:342
/var/www/html/vendor/laravel/framework/src/Illuminate/Foundation/Console/Kernel.php:473
/var/www/html/tests/CreatesApplication.php:31
/var/www/html/vendor/laravel/framework/src/Illuminate/Foundation/Testing/TestCase.php:54
/var/www/html/vendor/laravel/framework/src/Illuminate/Foundation/Testing/Concerns/InteractsWithTestCaseLifecycle.php:92
/var/www/html/vendor/laravel/framework/src/Illuminate/Foundation/Testing/TestCase.php:44
/var/www/html/tests/TestCase.php:36</error>
        </testcase>
        <testcase name="test_get_changes_summary_attribute_with_no_old_values" file="/var/www/html/tests/Feature/Models/AuditLogTest.php" line="227" class="Tests\Feature\Models\AuditLogTest" classname="Tests.Feature.Models.AuditLogTest" assertions="0" time="0.000000">
          <error type="Error">Tests\Feature\Models\AuditLogTest::test_get_changes_summary_attribute_with_no_old_values
Error: Class "Laravel\Dusk\DuskServiceProvider" not found

/var/www/html/vendor/laravel/framework/src/Illuminate/Foundation/Application.php:961
/var/www/html/vendor/laravel/framework/src/Illuminate/Foundation/Application.php:893
/var/www/html/app/Providers/AppServiceProvider.php:51
/var/www/html/vendor/laravel/framework/src/Illuminate/Foundation/Application.php:896
/var/www/html/vendor/laravel/framework/src/Illuminate/Foundation/ProviderRepository.php:74
/var/www/html/vendor/laravel/framework/src/Illuminate/Foundation/Application.php:871
/var/www/html/vendor/laravel/framework/src/Illuminate/Foundation/Bootstrap/RegisterProviders.php:37
/var/www/html/vendor/laravel/framework/src/Illuminate/Foundation/Application.php:342
/var/www/html/vendor/laravel/framework/src/Illuminate/Foundation/Console/Kernel.php:473
/var/www/html/tests/CreatesApplication.php:31
/var/www/html/vendor/laravel/framework/src/Illuminate/Foundation/Testing/TestCase.php:54
/var/www/html/vendor/laravel/framework/src/Illuminate/Foundation/Testing/Concerns/InteractsWithTestCaseLifecycle.php:92
/var/www/html/vendor/laravel/framework/src/Illuminate/Foundation/Testing/TestCase.php:44
/var/www/html/tests/TestCase.php:36</error>
        </testcase>
        <testcase name="test_get_changes_summary_attribute_with_changes" file="/var/www/html/tests/Feature/Models/AuditLogTest.php" line="203" class="Tests\Feature\Models\AuditLogTest" classname="Tests.Feature.Models.AuditLogTest" assertions="0" time="0.000000">
          <error type="Error">Tests\Feature\Models\AuditLogTest::test_get_changes_summary_attribute_with_changes
Error: Class "Laravel\Dusk\DuskServiceProvider" not found

/var/www/html/vendor/laravel/framework/src/Illuminate/Foundation/Application.php:961
/var/www/html/vendor/laravel/framework/src/Illuminate/Foundation/Application.php:893
/var/www/html/app/Providers/AppServiceProvider.php:51
/var/www/html/vendor/laravel/framework/src/Illuminate/Foundation/Application.php:896
/var/www/html/vendor/laravel/framework/src/Illuminate/Foundation/ProviderRepository.php:74
/var/www/html/vendor/laravel/framework/src/Illuminate/Foundation/Application.php:871
/var/www/html/vendor/laravel/framework/src/Illuminate/Foundation/Bootstrap/RegisterProviders.php:37
/var/www/html/vendor/laravel/framework/src/Illuminate/Foundation/Application.php:342
/var/www/html/vendor/laravel/framework/src/Illuminate/Foundation/Console/Kernel.php:473
/var/www/html/tests/CreatesApplication.php:31
/var/www/html/vendor/laravel/framework/src/Illuminate/Foundation/Testing/TestCase.php:54
/var/www/html/vendor/laravel/framework/src/Illuminate/Foundation/Testing/Concerns/InteractsWithTestCaseLifecycle.php:92
/var/www/html/vendor/laravel/framework/src/Illuminate/Foundation/Testing/TestCase.php:44
/var/www/html/tests/TestCase.php:36</error>
        </testcase>
        <testcase name="test_it_belongs_to_user" file="/var/www/html/tests/Feature/Models/AuditLogTest.php" line="92" class="Tests\Feature\Models\AuditLogTest" classname="Tests.Feature.Models.AuditLogTest" assertions="0" time="0.000000">
          <error type="Error">Tests\Feature\Models\AuditLogTest::test_it_belongs_to_user
Error: Class "Laravel\Dusk\DuskServiceProvider" not found

/var/www/html/vendor/laravel/framework/src/Illuminate/Foundation/Application.php:961
/var/www/html/vendor/laravel/framework/src/Illuminate/Foundation/Application.php:893
/var/www/html/app/Providers/AppServiceProvider.php:51
/var/www/html/vendor/laravel/framework/src/Illuminate/Foundation/Application.php:896
/var/www/html/vendor/laravel/framework/src/Illuminate/Foundation/ProviderRepository.php:74
/var/www/html/vendor/laravel/framework/src/Illuminate/Foundation/Application.php:871
/var/www/html/vendor/laravel/framework/src/Illuminate/Foundation/Bootstrap/RegisterProviders.php:37
/var/www/html/vendor/laravel/framework/src/Illuminate/Foundation/Application.php:342
/var/www/html/vendor/laravel/framework/src/Illuminate/Foundation/Console/Kernel.php:473
/var/www/html/tests/CreatesApplication.php:31
/var/www/html/vendor/laravel/framework/src/Illuminate/Foundation/Testing/TestCase.php:54
/var/www/html/vendor/laravel/framework/src/Illuminate/Foundation/Testing/Concerns/InteractsWithTestCaseLifecycle.php:92
/var/www/html/vendor/laravel/framework/src/Illuminate/Foundation/Testing/TestCase.php:44
/var/www/html/tests/TestCase.php:36</error>
        </testcase>
        <testcase name="test_scope_event_filters_by_event" file="/var/www/html/tests/Feature/Models/AuditLogTest.php" line="121" class="Tests\Feature\Models\AuditLogTest" classname="Tests.Feature.Models.AuditLogTest" assertions="0" time="0.000000">
          <error type="Error">Tests\Feature\Models\AuditLogTest::test_scope_event_filters_by_event
Error: Class "Laravel\Dusk\DuskServiceProvider" not found

/var/www/html/vendor/laravel/framework/src/Illuminate/Foundation/Application.php:961
/var/www/html/vendor/laravel/framework/src/Illuminate/Foundation/Application.php:893
/var/www/html/app/Providers/AppServiceProvider.php:51
/var/www/html/vendor/laravel/framework/src/Illuminate/Foundation/Application.php:896
/var/www/html/vendor/laravel/framework/src/Illuminate/Foundation/ProviderRepository.php:74
/var/www/html/vendor/laravel/framework/src/Illuminate/Foundation/Application.php:871
/var/www/html/vendor/laravel/framework/src/Illuminate/Foundation/Bootstrap/RegisterProviders.php:37
/var/www/html/vendor/laravel/framework/src/Illuminate/Foundation/Application.php:342
/var/www/html/vendor/laravel/framework/src/Illuminate/Foundation/Console/Kernel.php:473
/var/www/html/tests/CreatesApplication.php:31
/var/www/html/vendor/laravel/framework/src/Illuminate/Foundation/Testing/TestCase.php:54
/var/www/html/vendor/laravel/framework/src/Illuminate/Foundation/Testing/Concerns/InteractsWithTestCaseLifecycle.php:92
/var/www/html/vendor/laravel/framework/src/Illuminate/Foundation/Testing/TestCase.php:44
/var/www/html/tests/TestCase.php:36</error>
        </testcase>
      </testsuite>
      <testsuite name="Tests\Feature\Http\Middleware\TrustHostsTest" file="/var/www/html/tests/Feature/Http/Middleware/TrustHostsTest.php" tests="5" assertions="0" errors="5" failures="0" skipped="0" time="0.000000">
        <testcase name="test_trust_hosts_middleware_handles_post_requests" file="/var/www/html/tests/Feature/Http/Middleware/TrustHostsTest.php" line="63" class="Tests\Feature\Http\Middleware\TrustHostsTest" classname="Tests.Feature.Http.Middleware.TrustHostsTest" assertions="0" time="0.000000">
          <error type="Error">Tests\Feature\Http\Middleware\TrustHostsTest::test_trust_hosts_middleware_handles_post_requests
Error: Class "Laravel\Dusk\DuskServiceProvider" not found

/var/www/html/vendor/laravel/framework/src/Illuminate/Foundation/Application.php:961
/var/www/html/vendor/laravel/framework/src/Illuminate/Foundation/Application.php:893
/var/www/html/app/Providers/AppServiceProvider.php:51
/var/www/html/vendor/laravel/framework/src/Illuminate/Foundation/Application.php:896
/var/www/html/vendor/laravel/framework/src/Illuminate/Foundation/ProviderRepository.php:74
/var/www/html/vendor/laravel/framework/src/Illuminate/Foundation/Application.php:871
/var/www/html/vendor/laravel/framework/src/Illuminate/Foundation/Bootstrap/RegisterProviders.php:37
/var/www/html/vendor/laravel/framework/src/Illuminate/Foundation/Application.php:342
/var/www/html/vendor/laravel/framework/src/Illuminate/Foundation/Console/Kernel.php:473
/var/www/html/tests/CreatesApplication.php:31
/var/www/html/vendor/laravel/framework/src/Illuminate/Foundation/Testing/TestCase.php:54
/var/www/html/vendor/laravel/framework/src/Illuminate/Foundation/Testing/Concerns/InteractsWithTestCaseLifecycle.php:92
/var/www/html/vendor/laravel/framework/src/Illuminate/Foundation/Testing/TestCase.php:44
/var/www/html/tests/TestCase.php:36</error>
        </testcase>
        <testcase name="test_trust_hosts_middleware_handles_different_hosts" file="/var/www/html/tests/Feature/Http/Middleware/TrustHostsTest.php" line="33" class="Tests\Feature\Http\Middleware\TrustHostsTest" classname="Tests.Feature.Http.Middleware.TrustHostsTest" assertions="0" time="0.000000">
          <error type="Error">Tests\Feature\Http\Middleware\TrustHostsTest::test_trust_hosts_middleware_handles_different_hosts
Error: Class "Laravel\Dusk\DuskServiceProvider" not found

/var/www/html/vendor/laravel/framework/src/Illuminate/Foundation/Application.php:961
/var/www/html/vendor/laravel/framework/src/Illuminate/Foundation/Application.php:893
/var/www/html/app/Providers/AppServiceProvider.php:51
/var/www/html/vendor/laravel/framework/src/Illuminate/Foundation/Application.php:896
/var/www/html/vendor/laravel/framework/src/Illuminate/Foundation/ProviderRepository.php:74
/var/www/html/vendor/laravel/framework/src/Illuminate/Foundation/Application.php:871
/var/www/html/vendor/laravel/framework/src/Illuminate/Foundation/Bootstrap/RegisterProviders.php:37
/var/www/html/vendor/laravel/framework/src/Illuminate/Foundation/Application.php:342
/var/www/html/vendor/laravel/framework/src/Illuminate/Foundation/Console/Kernel.php:473
/var/www/html/tests/CreatesApplication.php:31
/var/www/html/vendor/laravel/framework/src/Illuminate/Foundation/Testing/TestCase.php:54
/var/www/html/vendor/laravel/framework/src/Illuminate/Foundation/Testing/Concerns/InteractsWithTestCaseLifecycle.php:92
/var/www/html/vendor/laravel/framework/src/Illuminate/Foundation/Testing/TestCase.php:44
/var/www/html/tests/TestCase.php:36</error>
        </testcase>
        <testcase name="test_trust_hosts_middleware_handles_localhost" file="/var/www/html/tests/Feature/Http/Middleware/TrustHostsTest.php" line="48" class="Tests\Feature\Http\Middleware\TrustHostsTest" classname="Tests.Feature.Http.Middleware.TrustHostsTest" assertions="0" time="0.000000">
          <error type="Error">Tests\Feature\Http\Middleware\TrustHostsTest::test_trust_hosts_middleware_handles_localhost
Error: Class "Laravel\Dusk\DuskServiceProvider" not found

/var/www/html/vendor/laravel/framework/src/Illuminate/Foundation/Application.php:961
/var/www/html/vendor/laravel/framework/src/Illuminate/Foundation/Application.php:893
/var/www/html/app/Providers/AppServiceProvider.php:51
/var/www/html/vendor/laravel/framework/src/Illuminate/Foundation/Application.php:896
/var/www/html/vendor/laravel/framework/src/Illuminate/Foundation/ProviderRepository.php:74
/var/www/html/vendor/laravel/framework/src/Illuminate/Foundation/Application.php:871
/var/www/html/vendor/laravel/framework/src/Illuminate/Foundation/Bootstrap/RegisterProviders.php:37
/var/www/html/vendor/laravel/framework/src/Illuminate/Foundation/Application.php:342
/var/www/html/vendor/laravel/framework/src/Illuminate/Foundation/Console/Kernel.php:473
/var/www/html/tests/CreatesApplication.php:31
/var/www/html/vendor/laravel/framework/src/Illuminate/Foundation/Testing/TestCase.php:54
/var/www/html/vendor/laravel/framework/src/Illuminate/Foundation/Testing/Concerns/InteractsWithTestCaseLifecycle.php:92
/var/www/html/vendor/laravel/framework/src/Illuminate/Foundation/Testing/TestCase.php:44
/var/www/html/tests/TestCase.php:36</error>
        </testcase>
        <testcase name="test_trust_hosts_middleware_handles_api_requests" file="/var/www/html/tests/Feature/Http/Middleware/TrustHostsTest.php" line="80" class="Tests\Feature\Http\Middleware\TrustHostsTest" classname="Tests.Feature.Http.Middleware.TrustHostsTest" assertions="0" time="0.000000">
          <error type="Error">Tests\Feature\Http\Middleware\TrustHostsTest::test_trust_hosts_middleware_handles_api_requests
Error: Class "Laravel\Dusk\DuskServiceProvider" not found

/var/www/html/vendor/laravel/framework/src/Illuminate/Foundation/Application.php:961
/var/www/html/vendor/laravel/framework/src/Illuminate/Foundation/Application.php:893
/var/www/html/app/Providers/AppServiceProvider.php:51
/var/www/html/vendor/laravel/framework/src/Illuminate/Foundation/Application.php:896
/var/www/html/vendor/laravel/framework/src/Illuminate/Foundation/ProviderRepository.php:74
/var/www/html/vendor/laravel/framework/src/Illuminate/Foundation/Application.php:871
/var/www/html/vendor/laravel/framework/src/Illuminate/Foundation/Bootstrap/RegisterProviders.php:37
/var/www/html/vendor/laravel/framework/src/Illuminate/Foundation/Application.php:342
/var/www/html/vendor/laravel/framework/src/Illuminate/Foundation/Console/Kernel.php:473
/var/www/html/tests/CreatesApplication.php:31
/var/www/html/vendor/laravel/framework/src/Illuminate/Foundation/Testing/TestCase.php:54
/var/www/html/vendor/laravel/framework/src/Illuminate/Foundation/Testing/Concerns/InteractsWithTestCaseLifecycle.php:92
/var/www/html/vendor/laravel/framework/src/Illuminate/Foundation/Testing/TestCase.php:44
/var/www/html/tests/TestCase.php:36</error>
        </testcase>
        <testcase name="test_trust_hosts_middleware_trusts_valid_hosts" file="/var/www/html/tests/Feature/Http/Middleware/TrustHostsTest.php" line="18" class="Tests\Feature\Http\Middleware\TrustHostsTest" classname="Tests.Feature.Http.Middleware.TrustHostsTest" assertions="0" time="0.000000">
          <error type="Error">Tests\Feature\Http\Middleware\TrustHostsTest::test_trust_hosts_middleware_trusts_valid_hosts
Error: Class "Laravel\Dusk\DuskServiceProvider" not found

/var/www/html/vendor/laravel/framework/src/Illuminate/Foundation/Application.php:961
/var/www/html/vendor/laravel/framework/src/Illuminate/Foundation/Application.php:893
/var/www/html/app/Providers/AppServiceProvider.php:51
/var/www/html/vendor/laravel/framework/src/Illuminate/Foundation/Application.php:896
/var/www/html/vendor/laravel/framework/src/Illuminate/Foundation/ProviderRepository.php:74
/var/www/html/vendor/laravel/framework/src/Illuminate/Foundation/Application.php:871
/var/www/html/vendor/laravel/framework/src/Illuminate/Foundation/Bootstrap/RegisterProviders.php:37
/var/www/html/vendor/laravel/framework/src/Illuminate/Foundation/Application.php:342
/var/www/html/vendor/laravel/framework/src/Illuminate/Foundation/Console/Kernel.php:473
/var/www/html/tests/CreatesApplication.php:31
/var/www/html/vendor/laravel/framework/src/Illuminate/Foundation/Testing/TestCase.php:54
/var/www/html/vendor/laravel/framework/src/Illuminate/Foundation/Testing/Concerns/InteractsWithTestCaseLifecycle.php:92
/var/www/html/vendor/laravel/framework/src/Illuminate/Foundation/Testing/TestCase.php:44
/var/www/html/tests/TestCase.php:36</error>
        </testcase>
      </testsuite>
      <testsuite name="Tests\Feature\Http\Middleware\ApiErrorHandlerTest" file="/var/www/html/tests/Feature/Http/Middleware/ApiErrorHandlerTest.php" tests="11" assertions="0" errors="11" failures="0" skipped="0" time="0.000000">
        <testcase name="test_api_error_handler_handles_validation_exception" file="/var/www/html/tests/Feature/Http/Middleware/ApiErrorHandlerTest.php" line="44" class="Tests\Feature\Http\Middleware\ApiErrorHandlerTest" classname="Tests.Feature.Http.Middleware.ApiErrorHandlerTest" assertions="0" time="0.000000">
          <error type="Error">Tests\Feature\Http\Middleware\ApiErrorHandlerTest::test_api_error_handler_handles_validation_exception
Error: Class "Laravel\Dusk\DuskServiceProvider" not found

/var/www/html/vendor/laravel/framework/src/Illuminate/Foundation/Application.php:961
/var/www/html/vendor/laravel/framework/src/Illuminate/Foundation/Application.php:893
/var/www/html/app/Providers/AppServiceProvider.php:51
/var/www/html/vendor/laravel/framework/src/Illuminate/Foundation/Application.php:896
/var/www/html/vendor/laravel/framework/src/Illuminate/Foundation/ProviderRepository.php:74
/var/www/html/vendor/laravel/framework/src/Illuminate/Foundation/Application.php:871
/var/www/html/vendor/laravel/framework/src/Illuminate/Foundation/Bootstrap/RegisterProviders.php:37
/var/www/html/vendor/laravel/framework/src/Illuminate/Foundation/Application.php:342
/var/www/html/vendor/laravel/framework/src/Illuminate/Foundation/Console/Kernel.php:473
/var/www/html/tests/CreatesApplication.php:31
/var/www/html/vendor/laravel/framework/src/Illuminate/Foundation/Testing/TestCase.php:54
/var/www/html/vendor/laravel/framework/src/Illuminate/Foundation/Testing/Concerns/InteractsWithTestCaseLifecycle.php:92
/var/www/html/vendor/laravel/framework/src/Illuminate/Foundation/Testing/TestCase.php:44
/var/www/html/tests/TestCase.php:36</error>
        </testcase>
        <testcase name="test_api_error_handler_handles_authorization_exception" file="/var/www/html/tests/Feature/Http/Middleware/ApiErrorHandlerTest.php" line="89" class="Tests\Feature\Http\Middleware\ApiErrorHandlerTest" classname="Tests.Feature.Http.Middleware.ApiErrorHandlerTest" assertions="0" time="0.000000">
          <error type="Error">Tests\Feature\Http\Middleware\ApiErrorHandlerTest::test_api_error_handler_handles_authorization_exception
Error: Class "Laravel\Dusk\DuskServiceProvider" not found

/var/www/html/vendor/laravel/framework/src/Illuminate/Foundation/Application.php:961
/var/www/html/vendor/laravel/framework/src/Illuminate/Foundation/Application.php:893
/var/www/html/app/Providers/AppServiceProvider.php:51
/var/www/html/vendor/laravel/framework/src/Illuminate/Foundation/Application.php:896
/var/www/html/vendor/laravel/framework/src/Illuminate/Foundation/ProviderRepository.php:74
/var/www/html/vendor/laravel/framework/src/Illuminate/Foundation/Application.php:871
/var/www/html/vendor/laravel/framework/src/Illuminate/Foundation/Bootstrap/RegisterProviders.php:37
/var/www/html/vendor/laravel/framework/src/Illuminate/Foundation/Application.php:342
/var/www/html/vendor/laravel/framework/src/Illuminate/Foundation/Console/Kernel.php:473
/var/www/html/tests/CreatesApplication.php:31
/var/www/html/vendor/laravel/framework/src/Illuminate/Foundation/Testing/TestCase.php:54
/var/www/html/vendor/laravel/framework/src/Illuminate/Foundation/Testing/Concerns/InteractsWithTestCaseLifecycle.php:92
/var/www/html/vendor/laravel/framework/src/Illuminate/Foundation/Testing/TestCase.php:44
/var/www/html/tests/TestCase.php:36</error>
        </testcase>
        <testcase name="test_api_error_handler_handles_too_many_requests_exception" file="/var/www/html/tests/Feature/Http/Middleware/ApiErrorHandlerTest.php" line="177" class="Tests\Feature\Http\Middleware\ApiErrorHandlerTest" classname="Tests.Feature.Http.Middleware.ApiErrorHandlerTest" assertions="0" time="0.000000">
          <error type="Error">Tests\Feature\Http\Middleware\ApiErrorHandlerTest::test_api_error_handler_handles_too_many_requests_exception
Error: Class "Laravel\Dusk\DuskServiceProvider" not found

/var/www/html/vendor/laravel/framework/src/Illuminate/Foundation/Application.php:961
/var/www/html/vendor/laravel/framework/src/Illuminate/Foundation/Application.php:893
/var/www/html/app/Providers/AppServiceProvider.php:51
/var/www/html/vendor/laravel/framework/src/Illuminate/Foundation/Application.php:896
/var/www/html/vendor/laravel/framework/src/Illuminate/Foundation/ProviderRepository.php:74
/var/www/html/vendor/laravel/framework/src/Illuminate/Foundation/Application.php:871
/var/www/html/vendor/laravel/framework/src/Illuminate/Foundation/Bootstrap/RegisterProviders.php:37
/var/www/html/vendor/laravel/framework/src/Illuminate/Foundation/Application.php:342
/var/www/html/vendor/laravel/framework/src/Illuminate/Foundation/Console/Kernel.php:473
/var/www/html/tests/CreatesApplication.php:31
/var/www/html/vendor/laravel/framework/src/Illuminate/Foundation/Testing/TestCase.php:54
/var/www/html/vendor/laravel/framework/src/Illuminate/Foundation/Testing/Concerns/InteractsWithTestCaseLifecycle.php:92
/var/www/html/vendor/laravel/framework/src/Illuminate/Foundation/Testing/TestCase.php:44
/var/www/html/tests/TestCase.php:36</error>
        </testcase>
        <testcase name="test_api_error_handler_passes_request_successfully" file="/var/www/html/tests/Feature/Http/Middleware/ApiErrorHandlerTest.php" line="28" class="Tests\Feature\Http\Middleware\ApiErrorHandlerTest" classname="Tests.Feature.Http.Middleware.ApiErrorHandlerTest" assertions="0" time="0.000000">
          <error type="Error">Tests\Feature\Http\Middleware\ApiErrorHandlerTest::test_api_error_handler_passes_request_successfully
Error: Class "Laravel\Dusk\DuskServiceProvider" not found

/var/www/html/vendor/laravel/framework/src/Illuminate/Foundation/Application.php:961
/var/www/html/vendor/laravel/framework/src/Illuminate/Foundation/Application.php:893
/var/www/html/app/Providers/AppServiceProvider.php:51
/var/www/html/vendor/laravel/framework/src/Illuminate/Foundation/Application.php:896
/var/www/html/vendor/laravel/framework/src/Illuminate/Foundation/ProviderRepository.php:74
/var/www/html/vendor/laravel/framework/src/Illuminate/Foundation/Application.php:871
/var/www/html/vendor/laravel/framework/src/Illuminate/Foundation/Bootstrap/RegisterProviders.php:37
/var/www/html/vendor/laravel/framework/src/Illuminate/Foundation/Application.php:342
/var/www/html/vendor/laravel/framework/src/Illuminate/Foundation/Console/Kernel.php:473
/var/www/html/tests/CreatesApplication.php:31
/var/www/html/vendor/laravel/framework/src/Illuminate/Foundation/Testing/TestCase.php:54
/var/www/html/vendor/laravel/framework/src/Illuminate/Foundation/Testing/Concerns/InteractsWithTestCaseLifecycle.php:92
/var/www/html/vendor/laravel/framework/src/Illuminate/Foundation/Testing/TestCase.php:44
/var/www/html/tests/TestCase.php:36</error>
        </testcase>
        <testcase name="test_api_error_handler_handles_method_not_allowed_exception" file="/var/www/html/tests/Feature/Http/Middleware/ApiErrorHandlerTest.php" line="155" class="Tests\Feature\Http\Middleware\ApiErrorHandlerTest" classname="Tests.Feature.Http.Middleware.ApiErrorHandlerTest" assertions="0" time="0.000000">
          <error type="Error">Tests\Feature\Http\Middleware\ApiErrorHandlerTest::test_api_error_handler_handles_method_not_allowed_exception
Error: Class "Laravel\Dusk\DuskServiceProvider" not found

/var/www/html/vendor/laravel/framework/src/Illuminate/Foundation/Application.php:961
/var/www/html/vendor/laravel/framework/src/Illuminate/Foundation/Application.php:893
/var/www/html/app/Providers/AppServiceProvider.php:51
/var/www/html/vendor/laravel/framework/src/Illuminate/Foundation/Application.php:896
/var/www/html/vendor/laravel/framework/src/Illuminate/Foundation/ProviderRepository.php:74
/var/www/html/vendor/laravel/framework/src/Illuminate/Foundation/Application.php:871
/var/www/html/vendor/laravel/framework/src/Illuminate/Foundation/Bootstrap/RegisterProviders.php:37
/var/www/html/vendor/laravel/framework/src/Illuminate/Foundation/Application.php:342
/var/www/html/vendor/laravel/framework/src/Illuminate/Foundation/Console/Kernel.php:473
/var/www/html/tests/CreatesApplication.php:31
/var/www/html/vendor/laravel/framework/src/Illuminate/Foundation/Testing/TestCase.php:54
/var/www/html/vendor/laravel/framework/src/Illuminate/Foundation/Testing/Concerns/InteractsWithTestCaseLifecycle.php:92
/var/www/html/vendor/laravel/framework/src/Illuminate/Foundation/Testing/TestCase.php:44
/var/www/html/tests/TestCase.php:36</error>
        </testcase>
        <testcase name="test_api_error_handler_handles_model_not_found_exception" file="/var/www/html/tests/Feature/Http/Middleware/ApiErrorHandlerTest.php" line="111" class="Tests\Feature\Http\Middleware\ApiErrorHandlerTest" classname="Tests.Feature.Http.Middleware.ApiErrorHandlerTest" assertions="0" time="0.000000">
          <error type="Error">Tests\Feature\Http\Middleware\ApiErrorHandlerTest::test_api_error_handler_handles_model_not_found_exception
Error: Class "Laravel\Dusk\DuskServiceProvider" not found

/var/www/html/vendor/laravel/framework/src/Illuminate/Foundation/Application.php:961
/var/www/html/vendor/laravel/framework/src/Illuminate/Foundation/Application.php:893
/var/www/html/app/Providers/AppServiceProvider.php:51
/var/www/html/vendor/laravel/framework/src/Illuminate/Foundation/Application.php:896
/var/www/html/vendor/laravel/framework/src/Illuminate/Foundation/ProviderRepository.php:74
/var/www/html/vendor/laravel/framework/src/Illuminate/Foundation/Application.php:871
/var/www/html/vendor/laravel/framework/src/Illuminate/Foundation/Bootstrap/RegisterProviders.php:37
/var/www/html/vendor/laravel/framework/src/Illuminate/Foundation/Application.php:342
/var/www/html/vendor/laravel/framework/src/Illuminate/Foundation/Console/Kernel.php:473
/var/www/html/tests/CreatesApplication.php:31
/var/www/html/vendor/laravel/framework/src/Illuminate/Foundation/Testing/TestCase.php:54
/var/www/html/vendor/laravel/framework/src/Illuminate/Foundation/Testing/Concerns/InteractsWithTestCaseLifecycle.php:92
/var/www/html/vendor/laravel/framework/src/Illuminate/Foundation/Testing/TestCase.php:44
/var/www/html/tests/TestCase.php:36</error>
        </testcase>
        <testcase name="test_api_error_handler_handles_not_found_http_exception" file="/var/www/html/tests/Feature/Http/Middleware/ApiErrorHandlerTest.php" line="133" class="Tests\Feature\Http\Middleware\ApiErrorHandlerTest" classname="Tests.Feature.Http.Middleware.ApiErrorHandlerTest" assertions="0" time="0.000000">
          <error type="Error">Tests\Feature\Http\Middleware\ApiErrorHandlerTest::test_api_error_handler_handles_not_found_http_exception
Error: Class "Laravel\Dusk\DuskServiceProvider" not found

/var/www/html/vendor/laravel/framework/src/Illuminate/Foundation/Application.php:961
/var/www/html/vendor/laravel/framework/src/Illuminate/Foundation/Application.php:893
/var/www/html/app/Providers/AppServiceProvider.php:51
/var/www/html/vendor/laravel/framework/src/Illuminate/Foundation/Application.php:896
/var/www/html/vendor/laravel/framework/src/Illuminate/Foundation/ProviderRepository.php:74
/var/www/html/vendor/laravel/framework/src/Illuminate/Foundation/Application.php:871
/var/www/html/vendor/laravel/framework/src/Illuminate/Foundation/Bootstrap/RegisterProviders.php:37
/var/www/html/vendor/laravel/framework/src/Illuminate/Foundation/Application.php:342
/var/www/html/vendor/laravel/framework/src/Illuminate/Foundation/Console/Kernel.php:473
/var/www/html/tests/CreatesApplication.php:31
/var/www/html/vendor/laravel/framework/src/Illuminate/Foundation/Testing/TestCase.php:54
/var/www/html/vendor/laravel/framework/src/Illuminate/Foundation/Testing/Concerns/InteractsWithTestCaseLifecycle.php:92
/var/www/html/vendor/laravel/framework/src/Illuminate/Foundation/Testing/TestCase.php:44
/var/www/html/tests/TestCase.php:36</error>
        </testcase>
        <testcase name="test_api_error_handler_handles_general_exception_in_production" file="/var/www/html/tests/Feature/Http/Middleware/ApiErrorHandlerTest.php" line="221" class="Tests\Feature\Http\Middleware\ApiErrorHandlerTest" classname="Tests.Feature.Http.Middleware.ApiErrorHandlerTest" assertions="0" time="0.000000">
          <error type="Error">Tests\Feature\Http\Middleware\ApiErrorHandlerTest::test_api_error_handler_handles_general_exception_in_production
Error: Class "Laravel\Dusk\DuskServiceProvider" not found

/var/www/html/vendor/laravel/framework/src/Illuminate/Foundation/Application.php:961
/var/www/html/vendor/laravel/framework/src/Illuminate/Foundation/Application.php:893
/var/www/html/app/Providers/AppServiceProvider.php:51
/var/www/html/vendor/laravel/framework/src/Illuminate/Foundation/Application.php:896
/var/www/html/vendor/laravel/framework/src/Illuminate/Foundation/ProviderRepository.php:74
/var/www/html/vendor/laravel/framework/src/Illuminate/Foundation/Application.php:871
/var/www/html/vendor/laravel/framework/src/Illuminate/Foundation/Bootstrap/RegisterProviders.php:37
/var/www/html/vendor/laravel/framework/src/Illuminate/Foundation/Application.php:342
/var/www/html/vendor/laravel/framework/src/Illuminate/Foundation/Console/Kernel.php:473
/var/www/html/tests/CreatesApplication.php:31
/var/www/html/vendor/laravel/framework/src/Illuminate/Foundation/Testing/TestCase.php:54
/var/www/html/vendor/laravel/framework/src/Illuminate/Foundation/Testing/Concerns/InteractsWithTestCaseLifecycle.php:92
/var/www/html/vendor/laravel/framework/src/Illuminate/Foundation/Testing/TestCase.php:44
/var/www/html/tests/TestCase.php:36</error>
        </testcase>
        <testcase name="test_api_error_handler_handles_authentication_exception" file="/var/www/html/tests/Feature/Http/Middleware/ApiErrorHandlerTest.php" line="67" class="Tests\Feature\Http\Middleware\ApiErrorHandlerTest" classname="Tests.Feature.Http.Middleware.ApiErrorHandlerTest" assertions="0" time="0.000000">
          <error type="Error">Tests\Feature\Http\Middleware\ApiErrorHandlerTest::test_api_error_handler_handles_authentication_exception
Error: Class "Laravel\Dusk\DuskServiceProvider" not found

/var/www/html/vendor/laravel/framework/src/Illuminate/Foundation/Application.php:961
/var/www/html/vendor/laravel/framework/src/Illuminate/Foundation/Application.php:893
/var/www/html/app/Providers/AppServiceProvider.php:51
/var/www/html/vendor/laravel/framework/src/Illuminate/Foundation/Application.php:896
/var/www/html/vendor/laravel/framework/src/Illuminate/Foundation/ProviderRepository.php:74
/var/www/html/vendor/laravel/framework/src/Illuminate/Foundation/Application.php:871
/var/www/html/vendor/laravel/framework/src/Illuminate/Foundation/Bootstrap/RegisterProviders.php:37
/var/www/html/vendor/laravel/framework/src/Illuminate/Foundation/Application.php:342
/var/www/html/vendor/laravel/framework/src/Illuminate/Foundation/Console/Kernel.php:473
/var/www/html/tests/CreatesApplication.php:31
/var/www/html/vendor/laravel/framework/src/Illuminate/Foundation/Testing/TestCase.php:54
/var/www/html/vendor/laravel/framework/src/Illuminate/Foundation/Testing/Concerns/InteractsWithTestCaseLifecycle.php:92
/var/www/html/vendor/laravel/framework/src/Illuminate/Foundation/Testing/TestCase.php:44
/var/www/html/tests/TestCase.php:36</error>
        </testcase>
        <testcase name="test_api_error_handler_handles_general_exception_in_development" file="/var/www/html/tests/Feature/Http/Middleware/ApiErrorHandlerTest.php" line="245" class="Tests\Feature\Http\Middleware\ApiErrorHandlerTest" classname="Tests.Feature.Http.Middleware.ApiErrorHandlerTest" assertions="0" time="0.000000">
          <error type="Error">Tests\Feature\Http\Middleware\ApiErrorHandlerTest::test_api_error_handler_handles_general_exception_in_development
Error: Class "Laravel\Dusk\DuskServiceProvider" not found

/var/www/html/vendor/laravel/framework/src/Illuminate/Foundation/Application.php:961
/var/www/html/vendor/laravel/framework/src/Illuminate/Foundation/Application.php:893
/var/www/html/app/Providers/AppServiceProvider.php:51
/var/www/html/vendor/laravel/framework/src/Illuminate/Foundation/Application.php:896
/var/www/html/vendor/laravel/framework/src/Illuminate/Foundation/ProviderRepository.php:74
/var/www/html/vendor/laravel/framework/src/Illuminate/Foundation/Application.php:871
/var/www/html/vendor/laravel/framework/src/Illuminate/Foundation/Bootstrap/RegisterProviders.php:37
/var/www/html/vendor/laravel/framework/src/Illuminate/Foundation/Application.php:342
/var/www/html/vendor/laravel/framework/src/Illuminate/Foundation/Console/Kernel.php:473
/var/www/html/tests/CreatesApplication.php:31
/var/www/html/vendor/laravel/framework/src/Illuminate/Foundation/Testing/TestCase.php:54
/var/www/html/vendor/laravel/framework/src/Illuminate/Foundation/Testing/Concerns/InteractsWithTestCaseLifecycle.php:92
/var/www/html/vendor/laravel/framework/src/Illuminate/Foundation/Testing/TestCase.php:44
/var/www/html/tests/TestCase.php:36</error>
        </testcase>
        <testcase name="test_api_error_handler_handles_pdo_exception" file="/var/www/html/tests/Feature/Http/Middleware/ApiErrorHandlerTest.php" line="199" class="Tests\Feature\Http\Middleware\ApiErrorHandlerTest" classname="Tests.Feature.Http.Middleware.ApiErrorHandlerTest" assertions="0" time="0.000000">
          <error type="Error">Tests\Feature\Http\Middleware\ApiErrorHandlerTest::test_api_error_handler_handles_pdo_exception
Error: Class "Laravel\Dusk\DuskServiceProvider" not found

/var/www/html/vendor/laravel/framework/src/Illuminate/Foundation/Application.php:961
/var/www/html/vendor/laravel/framework/src/Illuminate/Foundation/Application.php:893
/var/www/html/app/Providers/AppServiceProvider.php:51
/var/www/html/vendor/laravel/framework/src/Illuminate/Foundation/Application.php:896
/var/www/html/vendor/laravel/framework/src/Illuminate/Foundation/ProviderRepository.php:74
/var/www/html/vendor/laravel/framework/src/Illuminate/Foundation/Application.php:871
/var/www/html/vendor/laravel/framework/src/Illuminate/Foundation/Bootstrap/RegisterProviders.php:37
/var/www/html/vendor/laravel/framework/src/Illuminate/Foundation/Application.php:342
/var/www/html/vendor/laravel/framework/src/Illuminate/Foundation/Console/Kernel.php:473
/var/www/html/tests/CreatesApplication.php:31
/var/www/html/vendor/laravel/framework/src/Illuminate/Foundation/Testing/TestCase.php:54
/var/www/html/vendor/laravel/framework/src/Illuminate/Foundation/Testing/Concerns/InteractsWithTestCaseLifecycle.php:92
/var/www/html/vendor/laravel/framework/src/Illuminate/Foundation/Testing/TestCase.php:44
/var/www/html/tests/TestCase.php:36</error>
        </testcase>
      </testsuite>
      <testsuite name="Tests\Feature\Models\WishlistTest" file="/var/www/html/tests/Feature/Models/WishlistTest.php" tests="14" assertions="0" errors="14" failures="0" skipped="0" time="0.000000">
        <testcase name="test_fillable_attributes" file="/var/www/html/tests/Feature/Models/WishlistTest.php" line="196" class="Tests\Feature\Models\WishlistTest" classname="Tests.Feature.Models.WishlistTest" assertions="0" time="0.000000">
          <error type="Error">Tests\Feature\Models\WishlistTest::test_fillable_attributes
Error: Class "Laravel\Dusk\DuskServiceProvider" not found

/var/www/html/vendor/laravel/framework/src/Illuminate/Foundation/Application.php:961
/var/www/html/vendor/laravel/framework/src/Illuminate/Foundation/Application.php:893
/var/www/html/app/Providers/AppServiceProvider.php:51
/var/www/html/vendor/laravel/framework/src/Illuminate/Foundation/Application.php:896
/var/www/html/vendor/laravel/framework/src/Illuminate/Foundation/ProviderRepository.php:74
/var/www/html/vendor/laravel/framework/src/Illuminate/Foundation/Application.php:871
/var/www/html/vendor/laravel/framework/src/Illuminate/Foundation/Bootstrap/RegisterProviders.php:37
/var/www/html/vendor/laravel/framework/src/Illuminate/Foundation/Application.php:342
/var/www/html/vendor/laravel/framework/src/Illuminate/Foundation/Console/Kernel.php:473
/var/www/html/tests/CreatesApplication.php:31
/var/www/html/vendor/laravel/framework/src/Illuminate/Foundation/Testing/TestCase.php:54
/var/www/html/vendor/laravel/framework/src/Illuminate/Foundation/Testing/Concerns/InteractsWithTestCaseLifecycle.php:92
/var/www/html/vendor/laravel/framework/src/Illuminate/Foundation/Testing/TestCase.php:44
/var/www/html/tests/TestCase.php:36
/var/www/html/tests/Feature/Models/WishlistTest.php:19</error>
        </testcase>
        <testcase name="test_is_product_in_wishlist" file="/var/www/html/tests/Feature/Models/WishlistTest.php" line="103" class="Tests\Feature\Models\WishlistTest" classname="Tests.Feature.Models.WishlistTest" assertions="0" time="0.000000">
          <error type="Error">Tests\Feature\Models\WishlistTest::test_is_product_in_wishlist
Error: Class "Laravel\Dusk\DuskServiceProvider" not found

/var/www/html/vendor/laravel/framework/src/Illuminate/Foundation/Application.php:961
/var/www/html/vendor/laravel/framework/src/Illuminate/Foundation/Application.php:893
/var/www/html/app/Providers/AppServiceProvider.php:51
/var/www/html/vendor/laravel/framework/src/Illuminate/Foundation/Application.php:896
/var/www/html/vendor/laravel/framework/src/Illuminate/Foundation/ProviderRepository.php:74
/var/www/html/vendor/laravel/framework/src/Illuminate/Foundation/Application.php:871
/var/www/html/vendor/laravel/framework/src/Illuminate/Foundation/Bootstrap/RegisterProviders.php:37
/var/www/html/vendor/laravel/framework/src/Illuminate/Foundation/Application.php:342
/var/www/html/vendor/laravel/framework/src/Illuminate/Foundation/Console/Kernel.php:473
/var/www/html/tests/CreatesApplication.php:31
/var/www/html/vendor/laravel/framework/src/Illuminate/Foundation/Testing/TestCase.php:54
/var/www/html/vendor/laravel/framework/src/Illuminate/Foundation/Testing/Concerns/InteractsWithTestCaseLifecycle.php:92
/var/www/html/vendor/laravel/framework/src/Illuminate/Foundation/Testing/TestCase.php:44
/var/www/html/tests/TestCase.php:36
/var/www/html/tests/Feature/Models/WishlistTest.php:19</error>
        </testcase>
        <testcase name="test_scope_for_product" file="/var/www/html/tests/Feature/Models/WishlistTest.php" line="86" class="Tests\Feature\Models\WishlistTest" classname="Tests.Feature.Models.WishlistTest" assertions="0" time="0.000000">
          <error type="Error">Tests\Feature\Models\WishlistTest::test_scope_for_product
Error: Class "Laravel\Dusk\DuskServiceProvider" not found

/var/www/html/vendor/laravel/framework/src/Illuminate/Foundation/Application.php:961
/var/www/html/vendor/laravel/framework/src/Illuminate/Foundation/Application.php:893
/var/www/html/app/Providers/AppServiceProvider.php:51
/var/www/html/vendor/laravel/framework/src/Illuminate/Foundation/Application.php:896
/var/www/html/vendor/laravel/framework/src/Illuminate/Foundation/ProviderRepository.php:74
/var/www/html/vendor/laravel/framework/src/Illuminate/Foundation/Application.php:871
/var/www/html/vendor/laravel/framework/src/Illuminate/Foundation/Bootstrap/RegisterProviders.php:37
/var/www/html/vendor/laravel/framework/src/Illuminate/Foundation/Application.php:342
/var/www/html/vendor/laravel/framework/src/Illuminate/Foundation/Console/Kernel.php:473
/var/www/html/tests/CreatesApplication.php:31
/var/www/html/vendor/laravel/framework/src/Illuminate/Foundation/Testing/TestCase.php:54
/var/www/html/vendor/laravel/framework/src/Illuminate/Foundation/Testing/Concerns/InteractsWithTestCaseLifecycle.php:92
/var/www/html/vendor/laravel/framework/src/Illuminate/Foundation/Testing/TestCase.php:44
/var/www/html/tests/TestCase.php:36
/var/www/html/tests/Feature/Models/WishlistTest.php:19</error>
        </testcase>
        <testcase name="test_factory_creates_valid_wishlist" file="/var/www/html/tests/Feature/Models/WishlistTest.php" line="208" class="Tests\Feature\Models\WishlistTest" classname="Tests.Feature.Models.WishlistTest" assertions="0" time="0.000000">
          <error type="Error">Tests\Feature\Models\WishlistTest::test_factory_creates_valid_wishlist
Error: Class "Laravel\Dusk\DuskServiceProvider" not found

/var/www/html/vendor/laravel/framework/src/Illuminate/Foundation/Application.php:961
/var/www/html/vendor/laravel/framework/src/Illuminate/Foundation/Application.php:893
/var/www/html/app/Providers/AppServiceProvider.php:51
/var/www/html/vendor/laravel/framework/src/Illuminate/Foundation/Application.php:896
/var/www/html/vendor/laravel/framework/src/Illuminate/Foundation/ProviderRepository.php:74
/var/www/html/vendor/laravel/framework/src/Illuminate/Foundation/Application.php:871
/var/www/html/vendor/laravel/framework/src/Illuminate/Foundation/Bootstrap/RegisterProviders.php:37
/var/www/html/vendor/laravel/framework/src/Illuminate/Foundation/Application.php:342
/var/www/html/vendor/laravel/framework/src/Illuminate/Foundation/Console/Kernel.php:473
/var/www/html/tests/CreatesApplication.php:31
/var/www/html/vendor/laravel/framework/src/Illuminate/Foundation/Testing/TestCase.php:54
/var/www/html/vendor/laravel/framework/src/Illuminate/Foundation/Testing/Concerns/InteractsWithTestCaseLifecycle.php:92
/var/www/html/vendor/laravel/framework/src/Illuminate/Foundation/Testing/TestCase.php:44
/var/www/html/tests/TestCase.php:36
/var/www/html/tests/Feature/Models/WishlistTest.php:19</error>
        </testcase>
        <testcase name="test_it_belongs_to_user" file="/var/www/html/tests/Feature/Models/WishlistTest.php" line="47" class="Tests\Feature\Models\WishlistTest" classname="Tests.Feature.Models.WishlistTest" assertions="0" time="0.000000">
          <error type="Error">Tests\Feature\Models\WishlistTest::test_it_belongs_to_user
Error: Class "Laravel\Dusk\DuskServiceProvider" not found

/var/www/html/vendor/laravel/framework/src/Illuminate/Foundation/Application.php:961
/var/www/html/vendor/laravel/framework/src/Illuminate/Foundation/Application.php:893
/var/www/html/app/Providers/AppServiceProvider.php:51
/var/www/html/vendor/laravel/framework/src/Illuminate/Foundation/Application.php:896
/var/www/html/vendor/laravel/framework/src/Illuminate/Foundation/ProviderRepository.php:74
/var/www/html/vendor/laravel/framework/src/Illuminate/Foundation/Application.php:871
/var/www/html/vendor/laravel/framework/src/Illuminate/Foundation/Bootstrap/RegisterProviders.php:37
/var/www/html/vendor/laravel/framework/src/Illuminate/Foundation/Application.php:342
/var/www/html/vendor/laravel/framework/src/Illuminate/Foundation/Console/Kernel.php:473
/var/www/html/tests/CreatesApplication.php:31
/var/www/html/vendor/laravel/framework/src/Illuminate/Foundation/Testing/TestCase.php:54
/var/www/html/vendor/laravel/framework/src/Illuminate/Foundation/Testing/Concerns/InteractsWithTestCaseLifecycle.php:92
/var/www/html/vendor/laravel/framework/src/Illuminate/Foundation/Testing/TestCase.php:44
/var/www/html/tests/TestCase.php:36
/var/www/html/tests/Feature/Models/WishlistTest.php:19</error>
        </testcase>
        <testcase name="test_soft_deletes" file="/var/www/html/tests/Feature/Models/WishlistTest.php" line="184" class="Tests\Feature\Models\WishlistTest" classname="Tests.Feature.Models.WishlistTest" assertions="0" time="0.000000">
          <error type="Error">Tests\Feature\Models\WishlistTest::test_soft_deletes
Error: Class "Laravel\Dusk\DuskServiceProvider" not found

/var/www/html/vendor/laravel/framework/src/Illuminate/Foundation/Application.php:961
/var/www/html/vendor/laravel/framework/src/Illuminate/Foundation/Application.php:893
/var/www/html/app/Providers/AppServiceProvider.php:51
/var/www/html/vendor/laravel/framework/src/Illuminate/Foundation/Application.php:896
/var/www/html/vendor/laravel/framework/src/Illuminate/Foundation/ProviderRepository.php:74
/var/www/html/vendor/laravel/framework/src/Illuminate/Foundation/Application.php:871
/var/www/html/vendor/laravel/framework/src/Illuminate/Foundation/Bootstrap/RegisterProviders.php:37
/var/www/html/vendor/laravel/framework/src/Illuminate/Foundation/Application.php:342
/var/www/html/vendor/laravel/framework/src/Illuminate/Foundation/Console/Kernel.php:473
/var/www/html/tests/CreatesApplication.php:31
/var/www/html/vendor/laravel/framework/src/Illuminate/Foundation/Testing/TestCase.php:54
/var/www/html/vendor/laravel/framework/src/Illuminate/Foundation/Testing/Concerns/InteractsWithTestCaseLifecycle.php:92
/var/www/html/vendor/laravel/framework/src/Illuminate/Foundation/Testing/TestCase.php:44
/var/www/html/tests/TestCase.php:36
/var/www/html/tests/Feature/Models/WishlistTest.php:19</error>
        </testcase>
        <testcase name="test_validation_fails_with_missing_required_fields" file="/var/www/html/tests/Feature/Models/WishlistTest.php" line="173" class="Tests\Feature\Models\WishlistTest" classname="Tests.Feature.Models.WishlistTest" assertions="0" time="0.000000">
          <error type="Error">Tests\Feature\Models\WishlistTest::test_validation_fails_with_missing_required_fields
Error: Class "Laravel\Dusk\DuskServiceProvider" not found

/var/www/html/vendor/laravel/framework/src/Illuminate/Foundation/Application.php:961
/var/www/html/vendor/laravel/framework/src/Illuminate/Foundation/Application.php:893
/var/www/html/app/Providers/AppServiceProvider.php:51
/var/www/html/vendor/laravel/framework/src/Illuminate/Foundation/Application.php:896
/var/www/html/vendor/laravel/framework/src/Illuminate/Foundation/ProviderRepository.php:74
/var/www/html/vendor/laravel/framework/src/Illuminate/Foundation/Application.php:871
/var/www/html/vendor/laravel/framework/src/Illuminate/Foundation/Bootstrap/RegisterProviders.php:37
/var/www/html/vendor/laravel/framework/src/Illuminate/Foundation/Application.php:342
/var/www/html/vendor/laravel/framework/src/Illuminate/Foundation/Console/Kernel.php:473
/var/www/html/tests/CreatesApplication.php:31
/var/www/html/vendor/laravel/framework/src/Illuminate/Foundation/Testing/TestCase.php:54
/var/www/html/vendor/laravel/framework/src/Illuminate/Foundation/Testing/Concerns/InteractsWithTestCaseLifecycle.php:92
/var/www/html/vendor/laravel/framework/src/Illuminate/Foundation/Testing/TestCase.php:44
/var/www/html/tests/TestCase.php:36
/var/www/html/tests/Feature/Models/WishlistTest.php:19</error>
        </testcase>
        <testcase name="test_it_can_create_a_wishlist" file="/var/www/html/tests/Feature/Models/WishlistTest.php" line="23" class="Tests\Feature\Models\WishlistTest" classname="Tests.Feature.Models.WishlistTest" assertions="0" time="0.000000">
          <error type="Error">Tests\Feature\Models\WishlistTest::test_it_can_create_a_wishlist
Error: Class "Laravel\Dusk\DuskServiceProvider" not found

/var/www/html/vendor/laravel/framework/src/Illuminate/Foundation/Application.php:961
/var/www/html/vendor/laravel/framework/src/Illuminate/Foundation/Application.php:893
/var/www/html/app/Providers/AppServiceProvider.php:51
/var/www/html/vendor/laravel/framework/src/Illuminate/Foundation/Application.php:896
/var/www/html/vendor/laravel/framework/src/Illuminate/Foundation/ProviderRepository.php:74
/var/www/html/vendor/laravel/framework/src/Illuminate/Foundation/Application.php:871
/var/www/html/vendor/laravel/framework/src/Illuminate/Foundation/Bootstrap/RegisterProviders.php:37
/var/www/html/vendor/laravel/framework/src/Illuminate/Foundation/Application.php:342
/var/www/html/vendor/laravel/framework/src/Illuminate/Foundation/Console/Kernel.php:473
/var/www/html/tests/CreatesApplication.php:31
/var/www/html/vendor/laravel/framework/src/Illuminate/Foundation/Testing/TestCase.php:54
/var/www/html/vendor/laravel/framework/src/Illuminate/Foundation/Testing/Concerns/InteractsWithTestCaseLifecycle.php:92
/var/www/html/vendor/laravel/framework/src/Illuminate/Foundation/Testing/TestCase.php:44
/var/www/html/tests/TestCase.php:36
/var/www/html/tests/Feature/Models/WishlistTest.php:19</error>
        </testcase>
        <testcase name="test_scope_for_user" file="/var/www/html/tests/Feature/Models/WishlistTest.php" line="69" class="Tests\Feature\Models\WishlistTest" classname="Tests.Feature.Models.WishlistTest" assertions="0" time="0.000000">
          <error type="Error">Tests\Feature\Models\WishlistTest::test_scope_for_user
Error: Class "Laravel\Dusk\DuskServiceProvider" not found

/var/www/html/vendor/laravel/framework/src/Illuminate/Foundation/Application.php:961
/var/www/html/vendor/laravel/framework/src/Illuminate/Foundation/Application.php:893
/var/www/html/app/Providers/AppServiceProvider.php:51
/var/www/html/vendor/laravel/framework/src/Illuminate/Foundation/Application.php:896
/var/www/html/vendor/laravel/framework/src/Illuminate/Foundation/ProviderRepository.php:74
/var/www/html/vendor/laravel/framework/src/Illuminate/Foundation/Application.php:871
/var/www/html/vendor/laravel/framework/src/Illuminate/Foundation/Bootstrap/RegisterProviders.php:37
/var/www/html/vendor/laravel/framework/src/Illuminate/Foundation/Application.php:342
/var/www/html/vendor/laravel/framework/src/Illuminate/Foundation/Console/Kernel.php:473
/var/www/html/tests/CreatesApplication.php:31
/var/www/html/vendor/laravel/framework/src/Illuminate/Foundation/Testing/TestCase.php:54
/var/www/html/vendor/laravel/framework/src/Illuminate/Foundation/Testing/Concerns/InteractsWithTestCaseLifecycle.php:92
/var/www/html/vendor/laravel/framework/src/Illuminate/Foundation/Testing/TestCase.php:44
/var/www/html/tests/TestCase.php:36
/var/www/html/tests/Feature/Models/WishlistTest.php:19</error>
        </testcase>
        <testcase name="test_add_to_wishlist" file="/var/www/html/tests/Feature/Models/WishlistTest.php" line="115" class="Tests\Feature\Models\WishlistTest" classname="Tests.Feature.Models.WishlistTest" assertions="0" time="0.000000">
          <error type="Error">Tests\Feature\Models\WishlistTest::test_add_to_wishlist
Error: Class "Laravel\Dusk\DuskServiceProvider" not found

/var/www/html/vendor/laravel/framework/src/Illuminate/Foundation/Application.php:961
/var/www/html/vendor/laravel/framework/src/Illuminate/Foundation/Application.php:893
/var/www/html/app/Providers/AppServiceProvider.php:51
/var/www/html/vendor/laravel/framework/src/Illuminate/Foundation/Application.php:896
/var/www/html/vendor/laravel/framework/src/Illuminate/Foundation/ProviderRepository.php:74
/var/www/html/vendor/laravel/framework/src/Illuminate/Foundation/Application.php:871
/var/www/html/vendor/laravel/framework/src/Illuminate/Foundation/Bootstrap/RegisterProviders.php:37
/var/www/html/vendor/laravel/framework/src/Illuminate/Foundation/Application.php:342
/var/www/html/vendor/laravel/framework/src/Illuminate/Foundation/Console/Kernel.php:473
/var/www/html/tests/CreatesApplication.php:31
/var/www/html/vendor/laravel/framework/src/Illuminate/Foundation/Testing/TestCase.php:54
/var/www/html/vendor/laravel/framework/src/Illuminate/Foundation/Testing/Concerns/InteractsWithTestCaseLifecycle.php:92
/var/www/html/vendor/laravel/framework/src/Illuminate/Foundation/Testing/TestCase.php:44
/var/www/html/tests/TestCase.php:36
/var/www/html/tests/Feature/Models/WishlistTest.php:19</error>
        </testcase>
        <testcase name="test_it_belongs_to_product" file="/var/www/html/tests/Feature/Models/WishlistTest.php" line="58" class="Tests\Feature\Models\WishlistTest" classname="Tests.Feature.Models.WishlistTest" assertions="0" time="0.000000">
          <error type="Error">Tests\Feature\Models\WishlistTest::test_it_belongs_to_product
Error: Class "Laravel\Dusk\DuskServiceProvider" not found

/var/www/html/vendor/laravel/framework/src/Illuminate/Foundation/Application.php:961
/var/www/html/vendor/laravel/framework/src/Illuminate/Foundation/Application.php:893
/var/www/html/app/Providers/AppServiceProvider.php:51
/var/www/html/vendor/laravel/framework/src/Illuminate/Foundation/Application.php:896
/var/www/html/vendor/laravel/framework/src/Illuminate/Foundation/ProviderRepository.php:74
/var/www/html/vendor/laravel/framework/src/Illuminate/Foundation/Application.php:871
/var/www/html/vendor/laravel/framework/src/Illuminate/Foundation/Bootstrap/RegisterProviders.php:37
/var/www/html/vendor/laravel/framework/src/Illuminate/Foundation/Application.php:342
/var/www/html/vendor/laravel/framework/src/Illuminate/Foundation/Console/Kernel.php:473
/var/www/html/tests/CreatesApplication.php:31
/var/www/html/vendor/laravel/framework/src/Illuminate/Foundation/Testing/TestCase.php:54
/var/www/html/vendor/laravel/framework/src/Illuminate/Foundation/Testing/Concerns/InteractsWithTestCaseLifecycle.php:92
/var/www/html/vendor/laravel/framework/src/Illuminate/Foundation/Testing/TestCase.php:44
/var/www/html/tests/TestCase.php:36
/var/www/html/tests/Feature/Models/WishlistTest.php:19</error>
        </testcase>
        <testcase name="test_validation_passes_with_valid_data" file="/var/www/html/tests/Feature/Models/WishlistTest.php" line="157" class="Tests\Feature\Models\WishlistTest" classname="Tests.Feature.Models.WishlistTest" assertions="0" time="0.000000">
          <error type="Error">Tests\Feature\Models\WishlistTest::test_validation_passes_with_valid_data
Error: Class "Laravel\Dusk\DuskServiceProvider" not found

/var/www/html/vendor/laravel/framework/src/Illuminate/Foundation/Application.php:961
/var/www/html/vendor/laravel/framework/src/Illuminate/Foundation/Application.php:893
/var/www/html/app/Providers/AppServiceProvider.php:51
/var/www/html/vendor/laravel/framework/src/Illuminate/Foundation/Application.php:896
/var/www/html/vendor/laravel/framework/src/Illuminate/Foundation/ProviderRepository.php:74
/var/www/html/vendor/laravel/framework/src/Illuminate/Foundation/Application.php:871
/var/www/html/vendor/laravel/framework/src/Illuminate/Foundation/Bootstrap/RegisterProviders.php:37
/var/www/html/vendor/laravel/framework/src/Illuminate/Foundation/Application.php:342
/var/www/html/vendor/laravel/framework/src/Illuminate/Foundation/Console/Kernel.php:473
/var/www/html/tests/CreatesApplication.php:31
/var/www/html/vendor/laravel/framework/src/Illuminate/Foundation/Testing/TestCase.php:54
/var/www/html/vendor/laravel/framework/src/Illuminate/Foundation/Testing/Concerns/InteractsWithTestCaseLifecycle.php:92
/var/www/html/vendor/laravel/framework/src/Illuminate/Foundation/Testing/TestCase.php:44
/var/www/html/tests/TestCase.php:36
/var/www/html/tests/Feature/Models/WishlistTest.php:19</error>
        </testcase>
        <testcase name="test_get_wishlist_count" file="/var/www/html/tests/Feature/Models/WishlistTest.php" line="142" class="Tests\Feature\Models\WishlistTest" classname="Tests.Feature.Models.WishlistTest" assertions="0" time="0.000000">
          <error type="Error">Tests\Feature\Models\WishlistTest::test_get_wishlist_count
Error: Class "Laravel\Dusk\DuskServiceProvider" not found

/var/www/html/vendor/laravel/framework/src/Illuminate/Foundation/Application.php:961
/var/www/html/vendor/laravel/framework/src/Illuminate/Foundation/Application.php:893
/var/www/html/app/Providers/AppServiceProvider.php:51
/var/www/html/vendor/laravel/framework/src/Illuminate/Foundation/Application.php:896
/var/www/html/vendor/laravel/framework/src/Illuminate/Foundation/ProviderRepository.php:74
/var/www/html/vendor/laravel/framework/src/Illuminate/Foundation/Application.php:871
/var/www/html/vendor/laravel/framework/src/Illuminate/Foundation/Bootstrap/RegisterProviders.php:37
/var/www/html/vendor/laravel/framework/src/Illuminate/Foundation/Application.php:342
/var/www/html/vendor/laravel/framework/src/Illuminate/Foundation/Console/Kernel.php:473
/var/www/html/tests/CreatesApplication.php:31
/var/www/html/vendor/laravel/framework/src/Illuminate/Foundation/Testing/TestCase.php:54
/var/www/html/vendor/laravel/framework/src/Illuminate/Foundation/Testing/Concerns/InteractsWithTestCaseLifecycle.php:92
/var/www/html/vendor/laravel/framework/src/Illuminate/Foundation/Testing/TestCase.php:44
/var/www/html/tests/TestCase.php:36
/var/www/html/tests/Feature/Models/WishlistTest.php:19</error>
        </testcase>
        <testcase name="test_remove_from_wishlist" file="/var/www/html/tests/Feature/Models/WishlistTest.php" line="129" class="Tests\Feature\Models\WishlistTest" classname="Tests.Feature.Models.WishlistTest" assertions="0" time="0.000000">
          <error type="Error">Tests\Feature\Models\WishlistTest::test_remove_from_wishlist
Error: Class "Laravel\Dusk\DuskServiceProvider" not found

/var/www/html/vendor/laravel/framework/src/Illuminate/Foundation/Application.php:961
/var/www/html/vendor/laravel/framework/src/Illuminate/Foundation/Application.php:893
/var/www/html/app/Providers/AppServiceProvider.php:51
/var/www/html/vendor/laravel/framework/src/Illuminate/Foundation/Application.php:896
/var/www/html/vendor/laravel/framework/src/Illuminate/Foundation/ProviderRepository.php:74
/var/www/html/vendor/laravel/framework/src/Illuminate/Foundation/Application.php:871
/var/www/html/vendor/laravel/framework/src/Illuminate/Foundation/Bootstrap/RegisterProviders.php:37
/var/www/html/vendor/laravel/framework/src/Illuminate/Foundation/Application.php:342
/var/www/html/vendor/laravel/framework/src/Illuminate/Foundation/Console/Kernel.php:473
/var/www/html/tests/CreatesApplication.php:31
/var/www/html/vendor/laravel/framework/src/Illuminate/Foundation/Testing/TestCase.php:54
/var/www/html/vendor/laravel/framework/src/Illuminate/Foundation/Testing/Concerns/InteractsWithTestCaseLifecycle.php:92
/var/www/html/vendor/laravel/framework/src/Illuminate/Foundation/Testing/TestCase.php:44
/var/www/html/tests/TestCase.php:36
/var/www/html/tests/Feature/Models/WishlistTest.php:19</error>
        </testcase>
      </testsuite>
      <testsuite name="Tests\Feature\Services\ProcessServiceTest" file="/var/www/html/tests/Feature/Services/ProcessServiceTest.php" tests="10" assertions="0" errors="10" failures="0" skipped="0" time="0.000000">
        <testcase name="test_gets_processing_status" file="/var/www/html/tests/Feature/Services/ProcessServiceTest.php" line="156" class="Tests\Feature\Services\ProcessServiceTest" classname="Tests.Feature.Services.ProcessServiceTest" assertions="0" time="0.000000">
          <error type="Error">Tests\Feature\Services\ProcessServiceTest::test_gets_processing_status
Error: Class "Laravel\Dusk\DuskServiceProvider" not found

/var/www/html/vendor/laravel/framework/src/Illuminate/Foundation/Application.php:961
/var/www/html/vendor/laravel/framework/src/Illuminate/Foundation/Application.php:893
/var/www/html/app/Providers/AppServiceProvider.php:51
/var/www/html/vendor/laravel/framework/src/Illuminate/Foundation/Application.php:896
/var/www/html/vendor/laravel/framework/src/Illuminate/Foundation/ProviderRepository.php:74
/var/www/html/vendor/laravel/framework/src/Illuminate/Foundation/Application.php:871
/var/www/html/vendor/laravel/framework/src/Illuminate/Foundation/Bootstrap/RegisterProviders.php:37
/var/www/html/vendor/laravel/framework/src/Illuminate/Foundation/Application.php:342
/var/www/html/vendor/laravel/framework/src/Illuminate/Foundation/Console/Kernel.php:473
/var/www/html/tests/CreatesApplication.php:31
/var/www/html/vendor/laravel/framework/src/Illuminate/Foundation/Testing/TestCase.php:54
/var/www/html/vendor/laravel/framework/src/Illuminate/Foundation/Testing/Concerns/InteractsWithTestCaseLifecycle.php:92
/var/www/html/vendor/laravel/framework/src/Illuminate/Foundation/Testing/TestCase.php:44
/var/www/html/tests/TestCase.php:36
/var/www/html/tests/Feature/Services/ProcessServiceTest.php:22</error>
        </testcase>
        <testcase name="test_validates_data_with_empty_name" file="/var/www/html/tests/Feature/Services/ProcessServiceTest.php" line="107" class="Tests\Feature\Services\ProcessServiceTest" classname="Tests.Feature.Services.ProcessServiceTest" assertions="0" time="0.000000">
          <error type="Error">Tests\Feature\Services\ProcessServiceTest::test_validates_data_with_empty_name
Error: Class "Laravel\Dusk\DuskServiceProvider" not found

/var/www/html/vendor/laravel/framework/src/Illuminate/Foundation/Application.php:961
/var/www/html/vendor/laravel/framework/src/Illuminate/Foundation/Application.php:893
/var/www/html/app/Providers/AppServiceProvider.php:51
/var/www/html/vendor/laravel/framework/src/Illuminate/Foundation/Application.php:896
/var/www/html/vendor/laravel/framework/src/Illuminate/Foundation/ProviderRepository.php:74
/var/www/html/vendor/laravel/framework/src/Illuminate/Foundation/Application.php:871
/var/www/html/vendor/laravel/framework/src/Illuminate/Foundation/Bootstrap/RegisterProviders.php:37
/var/www/html/vendor/laravel/framework/src/Illuminate/Foundation/Application.php:342
/var/www/html/vendor/laravel/framework/src/Illuminate/Foundation/Console/Kernel.php:473
/var/www/html/tests/CreatesApplication.php:31
/var/www/html/vendor/laravel/framework/src/Illuminate/Foundation/Testing/TestCase.php:54
/var/www/html/vendor/laravel/framework/src/Illuminate/Foundation/Testing/Concerns/InteractsWithTestCaseLifecycle.php:92
/var/www/html/vendor/laravel/framework/src/Illuminate/Foundation/Testing/TestCase.php:44
/var/www/html/tests/TestCase.php:36
/var/www/html/tests/Feature/Services/ProcessServiceTest.php:22</error>
        </testcase>
        <testcase name="test_handles_null_data" file="/var/www/html/tests/Feature/Services/ProcessServiceTest.php" line="81" class="Tests\Feature\Services\ProcessServiceTest" classname="Tests.Feature.Services.ProcessServiceTest" assertions="0" time="0.000000">
          <error type="Error">Tests\Feature\Services\ProcessServiceTest::test_handles_null_data
Error: Class "Laravel\Dusk\DuskServiceProvider" not found

/var/www/html/vendor/laravel/framework/src/Illuminate/Foundation/Application.php:961
/var/www/html/vendor/laravel/framework/src/Illuminate/Foundation/Application.php:893
/var/www/html/app/Providers/AppServiceProvider.php:51
/var/www/html/vendor/laravel/framework/src/Illuminate/Foundation/Application.php:896
/var/www/html/vendor/laravel/framework/src/Illuminate/Foundation/ProviderRepository.php:74
/var/www/html/vendor/laravel/framework/src/Illuminate/Foundation/Application.php:871
/var/www/html/vendor/laravel/framework/src/Illuminate/Foundation/Bootstrap/RegisterProviders.php:37
/var/www/html/vendor/laravel/framework/src/Illuminate/Foundation/Application.php:342
/var/www/html/vendor/laravel/framework/src/Illuminate/Foundation/Console/Kernel.php:473
/var/www/html/tests/CreatesApplication.php:31
/var/www/html/vendor/laravel/framework/src/Illuminate/Foundation/Testing/TestCase.php:54
/var/www/html/vendor/laravel/framework/src/Illuminate/Foundation/Testing/Concerns/InteractsWithTestCaseLifecycle.php:92
/var/www/html/vendor/laravel/framework/src/Illuminate/Foundation/Testing/TestCase.php:44
/var/www/html/tests/TestCase.php:36
/var/www/html/tests/Feature/Services/ProcessServiceTest.php:22</error>
        </testcase>
        <testcase name="test_processes_data_successfully" file="/var/www/html/tests/Feature/Services/ProcessServiceTest.php" line="64" class="Tests\Feature\Services\ProcessServiceTest" classname="Tests.Feature.Services.ProcessServiceTest" assertions="0" time="0.000000">
          <error type="Error">Tests\Feature\Services\ProcessServiceTest::test_processes_data_successfully
Error: Class "Laravel\Dusk\DuskServiceProvider" not found

/var/www/html/vendor/laravel/framework/src/Illuminate/Foundation/Application.php:961
/var/www/html/vendor/laravel/framework/src/Illuminate/Foundation/Application.php:893
/var/www/html/app/Providers/AppServiceProvider.php:51
/var/www/html/vendor/laravel/framework/src/Illuminate/Foundation/Application.php:896
/var/www/html/vendor/laravel/framework/src/Illuminate/Foundation/ProviderRepository.php:74
/var/www/html/vendor/laravel/framework/src/Illuminate/Foundation/Application.php:871
/var/www/html/vendor/laravel/framework/src/Illuminate/Foundation/Bootstrap/RegisterProviders.php:37
/var/www/html/vendor/laravel/framework/src/Illuminate/Foundation/Application.php:342
/var/www/html/vendor/laravel/framework/src/Illuminate/Foundation/Console/Kernel.php:473
/var/www/html/tests/CreatesApplication.php:31
/var/www/html/vendor/laravel/framework/src/Illuminate/Foundation/Testing/TestCase.php:54
/var/www/html/vendor/laravel/framework/src/Illuminate/Foundation/Testing/Concerns/InteractsWithTestCaseLifecycle.php:92
/var/www/html/vendor/laravel/framework/src/Illuminate/Foundation/Testing/TestCase.php:44
/var/www/html/tests/TestCase.php:36
/var/www/html/tests/Feature/Services/ProcessServiceTest.php:22</error>
        </testcase>
        <testcase name="test_gets_processing_metrics" file="/var/www/html/tests/Feature/Services/ProcessServiceTest.php" line="179" class="Tests\Feature\Services\ProcessServiceTest" classname="Tests.Feature.Services.ProcessServiceTest" assertions="0" time="0.000000">
          <error type="Error">Tests\Feature\Services\ProcessServiceTest::test_gets_processing_metrics
Error: Class "Laravel\Dusk\DuskServiceProvider" not found

/var/www/html/vendor/laravel/framework/src/Illuminate/Foundation/Application.php:961
/var/www/html/vendor/laravel/framework/src/Illuminate/Foundation/Application.php:893
/var/www/html/app/Providers/AppServiceProvider.php:51
/var/www/html/vendor/laravel/framework/src/Illuminate/Foundation/Application.php:896
/var/www/html/vendor/laravel/framework/src/Illuminate/Foundation/ProviderRepository.php:74
/var/www/html/vendor/laravel/framework/src/Illuminate/Foundation/Application.php:871
/var/www/html/vendor/laravel/framework/src/Illuminate/Foundation/Bootstrap/RegisterProviders.php:37
/var/www/html/vendor/laravel/framework/src/Illuminate/Foundation/Application.php:342
/var/www/html/vendor/laravel/framework/src/Illuminate/Foundation/Console/Kernel.php:473
/var/www/html/tests/CreatesApplication.php:31
/var/www/html/vendor/laravel/framework/src/Illuminate/Foundation/Testing/TestCase.php:54
/var/www/html/vendor/laravel/framework/src/Illuminate/Foundation/Testing/Concerns/InteractsWithTestCaseLifecycle.php:92
/var/www/html/vendor/laravel/framework/src/Illuminate/Foundation/Testing/TestCase.php:44
/var/www/html/tests/TestCase.php:36
/var/www/html/tests/Feature/Services/ProcessServiceTest.php:22</error>
        </testcase>
        <testcase name="test_resets_service" file="/var/www/html/tests/Feature/Services/ProcessServiceTest.php" line="165" class="Tests\Feature\Services\ProcessServiceTest" classname="Tests.Feature.Services.ProcessServiceTest" assertions="0" time="0.000000">
          <error type="Error">Tests\Feature\Services\ProcessServiceTest::test_resets_service
Error: Class "Laravel\Dusk\DuskServiceProvider" not found

/var/www/html/vendor/laravel/framework/src/Illuminate/Foundation/Application.php:961
/var/www/html/vendor/laravel/framework/src/Illuminate/Foundation/Application.php:893
/var/www/html/app/Providers/AppServiceProvider.php:51
/var/www/html/vendor/laravel/framework/src/Illuminate/Foundation/Application.php:896
/var/www/html/vendor/laravel/framework/src/Illuminate/Foundation/ProviderRepository.php:74
/var/www/html/vendor/laravel/framework/src/Illuminate/Foundation/Application.php:871
/var/www/html/vendor/laravel/framework/src/Illuminate/Foundation/Bootstrap/RegisterProviders.php:37
/var/www/html/vendor/laravel/framework/src/Illuminate/Foundation/Application.php:342
/var/www/html/vendor/laravel/framework/src/Illuminate/Foundation/Console/Kernel.php:473
/var/www/html/tests/CreatesApplication.php:31
/var/www/html/vendor/laravel/framework/src/Illuminate/Foundation/Testing/TestCase.php:54
/var/www/html/vendor/laravel/framework/src/Illuminate/Foundation/Testing/Concerns/InteractsWithTestCaseLifecycle.php:92
/var/www/html/vendor/laravel/framework/src/Illuminate/Foundation/Testing/TestCase.php:44
/var/www/html/tests/TestCase.php:36
/var/www/html/tests/Feature/Services/ProcessServiceTest.php:22</error>
        </testcase>
        <testcase name="test_validates_data_successfully" file="/var/www/html/tests/Feature/Services/ProcessServiceTest.php" line="92" class="Tests\Feature\Services\ProcessServiceTest" classname="Tests.Feature.Services.ProcessServiceTest" assertions="0" time="0.000000">
          <error type="Error">Tests\Feature\Services\ProcessServiceTest::test_validates_data_successfully
Error: Class "Laravel\Dusk\DuskServiceProvider" not found

/var/www/html/vendor/laravel/framework/src/Illuminate/Foundation/Application.php:961
/var/www/html/vendor/laravel/framework/src/Illuminate/Foundation/Application.php:893
/var/www/html/app/Providers/AppServiceProvider.php:51
/var/www/html/vendor/laravel/framework/src/Illuminate/Foundation/Application.php:896
/var/www/html/vendor/laravel/framework/src/Illuminate/Foundation/ProviderRepository.php:74
/var/www/html/vendor/laravel/framework/src/Illuminate/Foundation/Application.php:871
/var/www/html/vendor/laravel/framework/src/Illuminate/Foundation/Bootstrap/RegisterProviders.php:37
/var/www/html/vendor/laravel/framework/src/Illuminate/Foundation/Application.php:342
/var/www/html/vendor/laravel/framework/src/Illuminate/Foundation/Console/Kernel.php:473
/var/www/html/tests/CreatesApplication.php:31
/var/www/html/vendor/laravel/framework/src/Illuminate/Foundation/Testing/TestCase.php:54
/var/www/html/vendor/laravel/framework/src/Illuminate/Foundation/Testing/Concerns/InteractsWithTestCaseLifecycle.php:92
/var/www/html/vendor/laravel/framework/src/Illuminate/Foundation/Testing/TestCase.php:44
/var/www/html/tests/TestCase.php:36
/var/www/html/tests/Feature/Services/ProcessServiceTest.php:22</error>
        </testcase>
        <testcase name="test_cleans_data_successfully" file="/var/www/html/tests/Feature/Services/ProcessServiceTest.php" line="124" class="Tests\Feature\Services\ProcessServiceTest" classname="Tests.Feature.Services.ProcessServiceTest" assertions="0" time="0.000000">
          <error type="Error">Tests\Feature\Services\ProcessServiceTest::test_cleans_data_successfully
Error: Class "Laravel\Dusk\DuskServiceProvider" not found

/var/www/html/vendor/laravel/framework/src/Illuminate/Foundation/Application.php:961
/var/www/html/vendor/laravel/framework/src/Illuminate/Foundation/Application.php:893
/var/www/html/app/Providers/AppServiceProvider.php:51
/var/www/html/vendor/laravel/framework/src/Illuminate/Foundation/Application.php:896
/var/www/html/vendor/laravel/framework/src/Illuminate/Foundation/ProviderRepository.php:74
/var/www/html/vendor/laravel/framework/src/Illuminate/Foundation/Application.php:871
/var/www/html/vendor/laravel/framework/src/Illuminate/Foundation/Bootstrap/RegisterProviders.php:37
/var/www/html/vendor/laravel/framework/src/Illuminate/Foundation/Application.php:342
/var/www/html/vendor/laravel/framework/src/Illuminate/Foundation/Console/Kernel.php:473
/var/www/html/tests/CreatesApplication.php:31
/var/www/html/vendor/laravel/framework/src/Illuminate/Foundation/Testing/TestCase.php:54
/var/www/html/vendor/laravel/framework/src/Illuminate/Foundation/Testing/Concerns/InteractsWithTestCaseLifecycle.php:92
/var/www/html/vendor/laravel/framework/src/Illuminate/Foundation/Testing/TestCase.php:44
/var/www/html/tests/TestCase.php:36
/var/www/html/tests/Feature/Services/ProcessServiceTest.php:22</error>
        </testcase>
        <testcase name="test_transforms_data_successfully" file="/var/www/html/tests/Feature/Services/ProcessServiceTest.php" line="140" class="Tests\Feature\Services\ProcessServiceTest" classname="Tests.Feature.Services.ProcessServiceTest" assertions="0" time="0.000000">
          <error type="Error">Tests\Feature\Services\ProcessServiceTest::test_transforms_data_successfully
Error: Class "Laravel\Dusk\DuskServiceProvider" not found

/var/www/html/vendor/laravel/framework/src/Illuminate/Foundation/Application.php:961
/var/www/html/vendor/laravel/framework/src/Illuminate/Foundation/Application.php:893
/var/www/html/app/Providers/AppServiceProvider.php:51
/var/www/html/vendor/laravel/framework/src/Illuminate/Foundation/Application.php:896
/var/www/html/vendor/laravel/framework/src/Illuminate/Foundation/ProviderRepository.php:74
/var/www/html/vendor/laravel/framework/src/Illuminate/Foundation/Application.php:871
/var/www/html/vendor/laravel/framework/src/Illuminate/Foundation/Bootstrap/RegisterProviders.php:37
/var/www/html/vendor/laravel/framework/src/Illuminate/Foundation/Application.php:342
/var/www/html/vendor/laravel/framework/src/Illuminate/Foundation/Console/Kernel.php:473
/var/www/html/tests/CreatesApplication.php:31
/var/www/html/vendor/laravel/framework/src/Illuminate/Foundation/Testing/TestCase.php:54
/var/www/html/vendor/laravel/framework/src/Illuminate/Foundation/Testing/Concerns/InteractsWithTestCaseLifecycle.php:92
/var/www/html/vendor/laravel/framework/src/Illuminate/Foundation/Testing/TestCase.php:44
/var/www/html/tests/TestCase.php:36
/var/www/html/tests/Feature/Services/ProcessServiceTest.php:22</error>
        </testcase>
        <testcase name="test_runs_process_command_successfully" file="/var/www/html/tests/Feature/Services/ProcessServiceTest.php" line="32" class="Tests\Feature\Services\ProcessServiceTest" classname="Tests.Feature.Services.ProcessServiceTest" assertions="0" time="0.000000">
          <error type="Error">Tests\Feature\Services\ProcessServiceTest::test_runs_process_command_successfully
Error: Class "Laravel\Dusk\DuskServiceProvider" not found

/var/www/html/vendor/laravel/framework/src/Illuminate/Foundation/Application.php:961
/var/www/html/vendor/laravel/framework/src/Illuminate/Foundation/Application.php:893
/var/www/html/app/Providers/AppServiceProvider.php:51
/var/www/html/vendor/laravel/framework/src/Illuminate/Foundation/Application.php:896
/var/www/html/vendor/laravel/framework/src/Illuminate/Foundation/ProviderRepository.php:74
/var/www/html/vendor/laravel/framework/src/Illuminate/Foundation/Application.php:871
/var/www/html/vendor/laravel/framework/src/Illuminate/Foundation/Bootstrap/RegisterProviders.php:37
/var/www/html/vendor/laravel/framework/src/Illuminate/Foundation/Application.php:342
/var/www/html/vendor/laravel/framework/src/Illuminate/Foundation/Console/Kernel.php:473
/var/www/html/tests/CreatesApplication.php:31
/var/www/html/vendor/laravel/framework/src/Illuminate/Foundation/Testing/TestCase.php:54
/var/www/html/vendor/laravel/framework/src/Illuminate/Foundation/Testing/Concerns/InteractsWithTestCaseLifecycle.php:92
/var/www/html/vendor/laravel/framework/src/Illuminate/Foundation/Testing/TestCase.php:44
/var/www/html/tests/TestCase.php:36
/var/www/html/tests/Feature/Services/ProcessServiceTest.php:22</error>
        </testcase>
      </testsuite>
      <testsuite name="Tests\Feature\Services\FileCleanupServiceTest" file="/var/www/html/tests/Feature/Services/FileCleanupServiceTest.php" tests="13" assertions="0" errors="13" failures="0" skipped="0" time="0.000000">
        <testcase name="test_cleans_up_cache_files" file="/var/www/html/tests/Feature/Services/FileCleanupServiceTest.php" line="176" class="Tests\Feature\Services\FileCleanupServiceTest" classname="Tests.Feature.Services.FileCleanupServiceTest" assertions="0" time="0.000000">
          <error type="Error">Tests\Feature\Services\FileCleanupServiceTest::test_cleans_up_cache_files
Error: Class "Laravel\Dusk\DuskServiceProvider" not found

/var/www/html/vendor/laravel/framework/src/Illuminate/Foundation/Application.php:961
/var/www/html/vendor/laravel/framework/src/Illuminate/Foundation/Application.php:893
/var/www/html/app/Providers/AppServiceProvider.php:51
/var/www/html/vendor/laravel/framework/src/Illuminate/Foundation/Application.php:896
/var/www/html/vendor/laravel/framework/src/Illuminate/Foundation/ProviderRepository.php:74
/var/www/html/vendor/laravel/framework/src/Illuminate/Foundation/Application.php:871
/var/www/html/vendor/laravel/framework/src/Illuminate/Foundation/Bootstrap/RegisterProviders.php:37
/var/www/html/vendor/laravel/framework/src/Illuminate/Foundation/Application.php:342
/var/www/html/vendor/laravel/framework/src/Illuminate/Foundation/Console/Kernel.php:473
/var/www/html/tests/CreatesApplication.php:31
/var/www/html/vendor/laravel/framework/src/Illuminate/Foundation/Testing/TestCase.php:54
/var/www/html/vendor/laravel/framework/src/Illuminate/Foundation/Testing/Concerns/InteractsWithTestCaseLifecycle.php:92
/var/www/html/vendor/laravel/framework/src/Illuminate/Foundation/Testing/TestCase.php:44
/var/www/html/tests/TestCase.php:36
/var/www/html/tests/Feature/Services/FileCleanupServiceTest.php:24</error>
        </testcase>
        <testcase name="test_handles_log_files_cleanup_exception" file="/var/www/html/tests/Feature/Services/FileCleanupServiceTest.php" line="155" class="Tests\Feature\Services\FileCleanupServiceTest" classname="Tests.Feature.Services.FileCleanupServiceTest" assertions="0" time="0.000000">
          <error type="Error">Tests\Feature\Services\FileCleanupServiceTest::test_handles_log_files_cleanup_exception
Error: Class "Laravel\Dusk\DuskServiceProvider" not found

/var/www/html/vendor/laravel/framework/src/Illuminate/Foundation/Application.php:961
/var/www/html/vendor/laravel/framework/src/Illuminate/Foundation/Application.php:893
/var/www/html/app/Providers/AppServiceProvider.php:51
/var/www/html/vendor/laravel/framework/src/Illuminate/Foundation/Application.php:896
/var/www/html/vendor/laravel/framework/src/Illuminate/Foundation/ProviderRepository.php:74
/var/www/html/vendor/laravel/framework/src/Illuminate/Foundation/Application.php:871
/var/www/html/vendor/laravel/framework/src/Illuminate/Foundation/Bootstrap/RegisterProviders.php:37
/var/www/html/vendor/laravel/framework/src/Illuminate/Foundation/Application.php:342
/var/www/html/vendor/laravel/framework/src/Illuminate/Foundation/Console/Kernel.php:473
/var/www/html/tests/CreatesApplication.php:31
/var/www/html/vendor/laravel/framework/src/Illuminate/Foundation/Testing/TestCase.php:54
/var/www/html/vendor/laravel/framework/src/Illuminate/Foundation/Testing/Concerns/InteractsWithTestCaseLifecycle.php:92
/var/www/html/vendor/laravel/framework/src/Illuminate/Foundation/Testing/TestCase.php:44
/var/www/html/tests/TestCase.php:36
/var/www/html/tests/Feature/Services/FileCleanupServiceTest.php:24</error>
        </testcase>
        <testcase name="test_cleans_up_temp_files" file="/var/www/html/tests/Feature/Services/FileCleanupServiceTest.php" line="34" class="Tests\Feature\Services\FileCleanupServiceTest" classname="Tests.Feature.Services.FileCleanupServiceTest" assertions="0" time="0.000000">
          <error type="Error">Tests\Feature\Services\FileCleanupServiceTest::test_cleans_up_temp_files
Error: Class "Laravel\Dusk\DuskServiceProvider" not found

/var/www/html/vendor/laravel/framework/src/Illuminate/Foundation/Application.php:961
/var/www/html/vendor/laravel/framework/src/Illuminate/Foundation/Application.php:893
/var/www/html/app/Providers/AppServiceProvider.php:51
/var/www/html/vendor/laravel/framework/src/Illuminate/Foundation/Application.php:896
/var/www/html/vendor/laravel/framework/src/Illuminate/Foundation/ProviderRepository.php:74
/var/www/html/vendor/laravel/framework/src/Illuminate/Foundation/Application.php:871
/var/www/html/vendor/laravel/framework/src/Illuminate/Foundation/Bootstrap/RegisterProviders.php:37
/var/www/html/vendor/laravel/framework/src/Illuminate/Foundation/Application.php:342
/var/www/html/vendor/laravel/framework/src/Illuminate/Foundation/Console/Kernel.php:473
/var/www/html/tests/CreatesApplication.php:31
/var/www/html/vendor/laravel/framework/src/Illuminate/Foundation/Testing/TestCase.php:54
/var/www/html/vendor/laravel/framework/src/Illuminate/Foundation/Testing/Concerns/InteractsWithTestCaseLifecycle.php:92
/var/www/html/vendor/laravel/framework/src/Illuminate/Foundation/Testing/TestCase.php:44
/var/www/html/tests/TestCase.php:36
/var/www/html/tests/Feature/Services/FileCleanupServiceTest.php:24</error>
        </testcase>
        <testcase name="test_performs_complete_cleanup" file="/var/www/html/tests/Feature/Services/FileCleanupServiceTest.php" line="330" class="Tests\Feature\Services\FileCleanupServiceTest" classname="Tests.Feature.Services.FileCleanupServiceTest" assertions="0" time="0.000000">
          <error type="Error">Tests\Feature\Services\FileCleanupServiceTest::test_performs_complete_cleanup
Error: Class "Laravel\Dusk\DuskServiceProvider" not found

/var/www/html/vendor/laravel/framework/src/Illuminate/Foundation/Application.php:961
/var/www/html/vendor/laravel/framework/src/Illuminate/Foundation/Application.php:893
/var/www/html/app/Providers/AppServiceProvider.php:51
/var/www/html/vendor/laravel/framework/src/Illuminate/Foundation/Application.php:896
/var/www/html/vendor/laravel/framework/src/Illuminate/Foundation/ProviderRepository.php:74
/var/www/html/vendor/laravel/framework/src/Illuminate/Foundation/Application.php:871
/var/www/html/vendor/laravel/framework/src/Illuminate/Foundation/Bootstrap/RegisterProviders.php:37
/var/www/html/vendor/laravel/framework/src/Illuminate/Foundation/Application.php:342
/var/www/html/vendor/laravel/framework/src/Illuminate/Foundation/Console/Kernel.php:473
/var/www/html/tests/CreatesApplication.php:31
/var/www/html/vendor/laravel/framework/src/Illuminate/Foundation/Testing/TestCase.php:54
/var/www/html/vendor/laravel/framework/src/Illuminate/Foundation/Testing/Concerns/InteractsWithTestCaseLifecycle.php:92
/var/www/html/vendor/laravel/framework/src/Illuminate/Foundation/Testing/TestCase.php:44
/var/www/html/tests/TestCase.php:36
/var/www/html/tests/Feature/Services/FileCleanupServiceTest.php:24</error>
        </testcase>
        <testcase name="test_checks_storage_usage" file="/var/www/html/tests/Feature/Services/FileCleanupServiceTest.php" line="355" class="Tests\Feature\Services\FileCleanupServiceTest" classname="Tests.Feature.Services.FileCleanupServiceTest" assertions="0" time="0.000000">
          <error type="Error">Tests\Feature\Services\FileCleanupServiceTest::test_checks_storage_usage
Error: Class "Laravel\Dusk\DuskServiceProvider" not found

/var/www/html/vendor/laravel/framework/src/Illuminate/Foundation/Application.php:961
/var/www/html/vendor/laravel/framework/src/Illuminate/Foundation/Application.php:893
/var/www/html/app/Providers/AppServiceProvider.php:51
/var/www/html/vendor/laravel/framework/src/Illuminate/Foundation/Application.php:896
/var/www/html/vendor/laravel/framework/src/Illuminate/Foundation/ProviderRepository.php:74
/var/www/html/vendor/laravel/framework/src/Illuminate/Foundation/Application.php:871
/var/www/html/vendor/laravel/framework/src/Illuminate/Foundation/Bootstrap/RegisterProviders.php:37
/var/www/html/vendor/laravel/framework/src/Illuminate/Foundation/Application.php:342
/var/www/html/vendor/laravel/framework/src/Illuminate/Foundation/Console/Kernel.php:473
/var/www/html/tests/CreatesApplication.php:31
/var/www/html/vendor/laravel/framework/src/Illuminate/Foundation/Testing/TestCase.php:54
/var/www/html/vendor/laravel/framework/src/Illuminate/Foundation/Testing/Concerns/InteractsWithTestCaseLifecycle.php:92
/var/www/html/vendor/laravel/framework/src/Illuminate/Foundation/Testing/TestCase.php:44
/var/www/html/tests/TestCase.php:36
/var/www/html/tests/Feature/Services/FileCleanupServiceTest.php:24</error>
        </testcase>
        <testcase name="test_checks_storage_usage_over_limit" file="/var/www/html/tests/Feature/Services/FileCleanupServiceTest.php" line="392" class="Tests\Feature\Services\FileCleanupServiceTest" classname="Tests.Feature.Services.FileCleanupServiceTest" assertions="0" time="0.000000">
          <error type="Error">Tests\Feature\Services\FileCleanupServiceTest::test_checks_storage_usage_over_limit
Error: Class "Laravel\Dusk\DuskServiceProvider" not found

/var/www/html/vendor/laravel/framework/src/Illuminate/Foundation/Application.php:961
/var/www/html/vendor/laravel/framework/src/Illuminate/Foundation/Application.php:893
/var/www/html/app/Providers/AppServiceProvider.php:51
/var/www/html/vendor/laravel/framework/src/Illuminate/Foundation/Application.php:896
/var/www/html/vendor/laravel/framework/src/Illuminate/Foundation/ProviderRepository.php:74
/var/www/html/vendor/laravel/framework/src/Illuminate/Foundation/Application.php:871
/var/www/html/vendor/laravel/framework/src/Illuminate/Foundation/Bootstrap/RegisterProviders.php:37
/var/www/html/vendor/laravel/framework/src/Illuminate/Foundation/Application.php:342
/var/www/html/vendor/laravel/framework/src/Illuminate/Foundation/Console/Kernel.php:473
/var/www/html/tests/CreatesApplication.php:31
/var/www/html/vendor/laravel/framework/src/Illuminate/Foundation/Testing/TestCase.php:54
/var/www/html/vendor/laravel/framework/src/Illuminate/Foundation/Testing/Concerns/InteractsWithTestCaseLifecycle.php:92
/var/www/html/vendor/laravel/framework/src/Illuminate/Foundation/Testing/TestCase.php:44
/var/www/html/tests/TestCase.php:36
/var/www/html/tests/Feature/Services/FileCleanupServiceTest.php:24</error>
        </testcase>
        <testcase name="test_cleans_up_backup_files" file="/var/www/html/tests/Feature/Services/FileCleanupServiceTest.php" line="235" class="Tests\Feature\Services\FileCleanupServiceTest" classname="Tests.Feature.Services.FileCleanupServiceTest" assertions="0" time="0.000000">
          <error type="Error">Tests\Feature\Services\FileCleanupServiceTest::test_cleans_up_backup_files
Error: Class "Laravel\Dusk\DuskServiceProvider" not found

/var/www/html/vendor/laravel/framework/src/Illuminate/Foundation/Application.php:961
/var/www/html/vendor/laravel/framework/src/Illuminate/Foundation/Application.php:893
/var/www/html/app/Providers/AppServiceProvider.php:51
/var/www/html/vendor/laravel/framework/src/Illuminate/Foundation/Application.php:896
/var/www/html/vendor/laravel/framework/src/Illuminate/Foundation/ProviderRepository.php:74
/var/www/html/vendor/laravel/framework/src/Illuminate/Foundation/Application.php:871
/var/www/html/vendor/laravel/framework/src/Illuminate/Foundation/Bootstrap/RegisterProviders.php:37
/var/www/html/vendor/laravel/framework/src/Illuminate/Foundation/Application.php:342
/var/www/html/vendor/laravel/framework/src/Illuminate/Foundation/Console/Kernel.php:473
/var/www/html/tests/CreatesApplication.php:31
/var/www/html/vendor/laravel/framework/src/Illuminate/Foundation/Testing/TestCase.php:54
/var/www/html/vendor/laravel/framework/src/Illuminate/Foundation/Testing/Concerns/InteractsWithTestCaseLifecycle.php:92
/var/www/html/vendor/laravel/framework/src/Illuminate/Foundation/Testing/TestCase.php:44
/var/www/html/tests/TestCase.php:36
/var/www/html/tests/Feature/Services/FileCleanupServiceTest.php:24</error>
        </testcase>
        <testcase name="test_cleans_up_log_files" file="/var/www/html/tests/Feature/Services/FileCleanupServiceTest.php" line="109" class="Tests\Feature\Services\FileCleanupServiceTest" classname="Tests.Feature.Services.FileCleanupServiceTest" assertions="0" time="0.000000">
          <error type="Error">Tests\Feature\Services\FileCleanupServiceTest::test_cleans_up_log_files
Error: Class "Laravel\Dusk\DuskServiceProvider" not found

/var/www/html/vendor/laravel/framework/src/Illuminate/Foundation/Application.php:961
/var/www/html/vendor/laravel/framework/src/Illuminate/Foundation/Application.php:893
/var/www/html/app/Providers/AppServiceProvider.php:51
/var/www/html/vendor/laravel/framework/src/Illuminate/Foundation/Application.php:896
/var/www/html/vendor/laravel/framework/src/Illuminate/Foundation/ProviderRepository.php:74
/var/www/html/vendor/laravel/framework/src/Illuminate/Foundation/Application.php:871
/var/www/html/vendor/laravel/framework/src/Illuminate/Foundation/Bootstrap/RegisterProviders.php:37
/var/www/html/vendor/laravel/framework/src/Illuminate/Foundation/Application.php:342
/var/www/html/vendor/laravel/framework/src/Illuminate/Foundation/Console/Kernel.php:473
/var/www/html/tests/CreatesApplication.php:31
/var/www/html/vendor/laravel/framework/src/Illuminate/Foundation/Testing/TestCase.php:54
/var/www/html/vendor/laravel/framework/src/Illuminate/Foundation/Testing/Concerns/InteractsWithTestCaseLifecycle.php:92
/var/www/html/vendor/laravel/framework/src/Illuminate/Foundation/Testing/TestCase.php:44
/var/www/html/tests/TestCase.php:36
/var/www/html/tests/Feature/Services/FileCleanupServiceTest.php:24</error>
        </testcase>
        <testcase name="test_schedules_cleanup_weekly_on_sunday" file="/var/www/html/tests/Feature/Services/FileCleanupServiceTest.php" line="461" class="Tests\Feature\Services\FileCleanupServiceTest" classname="Tests.Feature.Services.FileCleanupServiceTest" assertions="0" time="0.000000">
          <error type="Error">Tests\Feature\Services\FileCleanupServiceTest::test_schedules_cleanup_weekly_on_sunday
Error: Class "Laravel\Dusk\DuskServiceProvider" not found

/var/www/html/vendor/laravel/framework/src/Illuminate/Foundation/Application.php:961
/var/www/html/vendor/laravel/framework/src/Illuminate/Foundation/Application.php:893
/var/www/html/app/Providers/AppServiceProvider.php:51
/var/www/html/vendor/laravel/framework/src/Illuminate/Foundation/Application.php:896
/var/www/html/vendor/laravel/framework/src/Illuminate/Foundation/ProviderRepository.php:74
/var/www/html/vendor/laravel/framework/src/Illuminate/Foundation/Application.php:871
/var/www/html/vendor/laravel/framework/src/Illuminate/Foundation/Bootstrap/RegisterProviders.php:37
/var/www/html/vendor/laravel/framework/src/Illuminate/Foundation/Application.php:342
/var/www/html/vendor/laravel/framework/src/Illuminate/Foundation/Console/Kernel.php:473
/var/www/html/tests/CreatesApplication.php:31
/var/www/html/vendor/laravel/framework/src/Illuminate/Foundation/Testing/TestCase.php:54
/var/www/html/vendor/laravel/framework/src/Illuminate/Foundation/Testing/Concerns/InteractsWithTestCaseLifecycle.php:92
/var/www/html/vendor/laravel/framework/src/Illuminate/Foundation/Testing/TestCase.php:44
/var/www/html/tests/TestCase.php:36
/var/www/html/tests/Feature/Services/FileCleanupServiceTest.php:24</error>
        </testcase>
        <testcase name="test_cleans_up_uploaded_files" file="/var/www/html/tests/Feature/Services/FileCleanupServiceTest.php" line="281" class="Tests\Feature\Services\FileCleanupServiceTest" classname="Tests.Feature.Services.FileCleanupServiceTest" assertions="0" time="0.000000">
          <error type="Error">Tests\Feature\Services\FileCleanupServiceTest::test_cleans_up_uploaded_files
Error: Class "Laravel\Dusk\DuskServiceProvider" not found

/var/www/html/vendor/laravel/framework/src/Illuminate/Foundation/Application.php:961
/var/www/html/vendor/laravel/framework/src/Illuminate/Foundation/Application.php:893
/var/www/html/app/Providers/AppServiceProvider.php:51
/var/www/html/vendor/laravel/framework/src/Illuminate/Foundation/Application.php:896
/var/www/html/vendor/laravel/framework/src/Illuminate/Foundation/ProviderRepository.php:74
/var/www/html/vendor/laravel/framework/src/Illuminate/Foundation/Application.php:871
/var/www/html/vendor/laravel/framework/src/Illuminate/Foundation/Bootstrap/RegisterProviders.php:37
/var/www/html/vendor/laravel/framework/src/Illuminate/Foundation/Application.php:342
/var/www/html/vendor/laravel/framework/src/Illuminate/Foundation/Console/Kernel.php:473
/var/www/html/tests/CreatesApplication.php:31
/var/www/html/vendor/laravel/framework/src/Illuminate/Foundation/Testing/TestCase.php:54
/var/www/html/vendor/laravel/framework/src/Illuminate/Foundation/Testing/Concerns/InteractsWithTestCaseLifecycle.php:92
/var/www/html/vendor/laravel/framework/src/Illuminate/Foundation/Testing/TestCase.php:44
/var/www/html/tests/TestCase.php:36
/var/www/html/tests/Feature/Services/FileCleanupServiceTest.php:24</error>
        </testcase>
        <testcase name="test_gets_cleanup_statistics" file="/var/www/html/tests/Feature/Services/FileCleanupServiceTest.php" line="427" class="Tests\Feature\Services\FileCleanupServiceTest" classname="Tests.Feature.Services.FileCleanupServiceTest" assertions="0" time="0.000000">
          <error type="Error">Tests\Feature\Services\FileCleanupServiceTest::test_gets_cleanup_statistics
Error: Class "Laravel\Dusk\DuskServiceProvider" not found

/var/www/html/vendor/laravel/framework/src/Illuminate/Foundation/Application.php:961
/var/www/html/vendor/laravel/framework/src/Illuminate/Foundation/Application.php:893
/var/www/html/app/Providers/AppServiceProvider.php:51
/var/www/html/vendor/laravel/framework/src/Illuminate/Foundation/Application.php:896
/var/www/html/vendor/laravel/framework/src/Illuminate/Foundation/ProviderRepository.php:74
/var/www/html/vendor/laravel/framework/src/Illuminate/Foundation/Application.php:871
/var/www/html/vendor/laravel/framework/src/Illuminate/Foundation/Bootstrap/RegisterProviders.php:37
/var/www/html/vendor/laravel/framework/src/Illuminate/Foundation/Application.php:342
/var/www/html/vendor/laravel/framework/src/Illuminate/Foundation/Console/Kernel.php:473
/var/www/html/tests/CreatesApplication.php:31
/var/www/html/vendor/laravel/framework/src/Illuminate/Foundation/Testing/TestCase.php:54
/var/www/html/vendor/laravel/framework/src/Illuminate/Foundation/Testing/Concerns/InteractsWithTestCaseLifecycle.php:92
/var/www/html/vendor/laravel/framework/src/Illuminate/Foundation/Testing/TestCase.php:44
/var/www/html/tests/TestCase.php:36
/var/www/html/tests/Feature/Services/FileCleanupServiceTest.php:24</error>
        </testcase>
        <testcase name="test_schedules_cleanup_daily" file="/var/www/html/tests/Feature/Services/FileCleanupServiceTest.php" line="447" class="Tests\Feature\Services\FileCleanupServiceTest" classname="Tests.Feature.Services.FileCleanupServiceTest" assertions="0" time="0.000000">
          <error type="Error">Tests\Feature\Services\FileCleanupServiceTest::test_schedules_cleanup_daily
Error: Class "Laravel\Dusk\DuskServiceProvider" not found

/var/www/html/vendor/laravel/framework/src/Illuminate/Foundation/Application.php:961
/var/www/html/vendor/laravel/framework/src/Illuminate/Foundation/Application.php:893
/var/www/html/app/Providers/AppServiceProvider.php:51
/var/www/html/vendor/laravel/framework/src/Illuminate/Foundation/Application.php:896
/var/www/html/vendor/laravel/framework/src/Illuminate/Foundation/ProviderRepository.php:74
/var/www/html/vendor/laravel/framework/src/Illuminate/Foundation/Application.php:871
/var/www/html/vendor/laravel/framework/src/Illuminate/Foundation/Bootstrap/RegisterProviders.php:37
/var/www/html/vendor/laravel/framework/src/Illuminate/Foundation/Application.php:342
/var/www/html/vendor/laravel/framework/src/Illuminate/Foundation/Console/Kernel.php:473
/var/www/html/tests/CreatesApplication.php:31
/var/www/html/vendor/laravel/framework/src/Illuminate/Foundation/Testing/TestCase.php:54
/var/www/html/vendor/laravel/framework/src/Illuminate/Foundation/Testing/Concerns/InteractsWithTestCaseLifecycle.php:92
/var/www/html/vendor/laravel/framework/src/Illuminate/Foundation/Testing/TestCase.php:44
/var/www/html/tests/TestCase.php:36
/var/www/html/tests/Feature/Services/FileCleanupServiceTest.php:24</error>
        </testcase>
        <testcase name="test_handles_temp_files_cleanup_exception" file="/var/www/html/tests/Feature/Services/FileCleanupServiceTest.php" line="91" class="Tests\Feature\Services\FileCleanupServiceTest" classname="Tests.Feature.Services.FileCleanupServiceTest" assertions="0" time="0.000000">
          <error type="Error">Tests\Feature\Services\FileCleanupServiceTest::test_handles_temp_files_cleanup_exception
Error: Class "Laravel\Dusk\DuskServiceProvider" not found

/var/www/html/vendor/laravel/framework/src/Illuminate/Foundation/Application.php:961
/var/www/html/vendor/laravel/framework/src/Illuminate/Foundation/Application.php:893
/var/www/html/app/Providers/AppServiceProvider.php:51
/var/www/html/vendor/laravel/framework/src/Illuminate/Foundation/Application.php:896
/var/www/html/vendor/laravel/framework/src/Illuminate/Foundation/ProviderRepository.php:74
/var/www/html/vendor/laravel/framework/src/Illuminate/Foundation/Application.php:871
/var/www/html/vendor/laravel/framework/src/Illuminate/Foundation/Bootstrap/RegisterProviders.php:37
/var/www/html/vendor/laravel/framework/src/Illuminate/Foundation/Application.php:342
/var/www/html/vendor/laravel/framework/src/Illuminate/Foundation/Console/Kernel.php:473
/var/www/html/tests/CreatesApplication.php:31
/var/www/html/vendor/laravel/framework/src/Illuminate/Foundation/Testing/TestCase.php:54
/var/www/html/vendor/laravel/framework/src/Illuminate/Foundation/Testing/Concerns/InteractsWithTestCaseLifecycle.php:92
/var/www/html/vendor/laravel/framework/src/Illuminate/Foundation/Testing/TestCase.php:44
/var/www/html/tests/TestCase.php:36
/var/www/html/tests/Feature/Services/FileCleanupServiceTest.php:24</error>
        </testcase>
      </testsuite>
      <testsuite name="Tests\Feature\Http\Middleware\EnsureEmailIsVerifiedTest" file="/var/www/html/tests/Feature/Http/Middleware/EnsureEmailIsVerifiedTest.php" tests="5" assertions="0" errors="5" failures="0" skipped="0" time="0.000000">
        <testcase name="test_ensure_email_is_verified_middleware_redirects_unverified_users" file="/var/www/html/tests/Feature/Http/Middleware/EnsureEmailIsVerifiedTest.php" line="38" class="Tests\Feature\Http\Middleware\EnsureEmailIsVerifiedTest" classname="Tests.Feature.Http.Middleware.EnsureEmailIsVerifiedTest" assertions="0" time="0.000000">
          <error type="Error">Tests\Feature\Http\Middleware\EnsureEmailIsVerifiedTest::test_ensure_email_is_verified_middleware_redirects_unverified_users
Error: Class "Laravel\Dusk\DuskServiceProvider" not found

/var/www/html/vendor/laravel/framework/src/Illuminate/Foundation/Application.php:961
/var/www/html/vendor/laravel/framework/src/Illuminate/Foundation/Application.php:893
/var/www/html/app/Providers/AppServiceProvider.php:51
/var/www/html/vendor/laravel/framework/src/Illuminate/Foundation/Application.php:896
/var/www/html/vendor/laravel/framework/src/Illuminate/Foundation/ProviderRepository.php:74
/var/www/html/vendor/laravel/framework/src/Illuminate/Foundation/Application.php:871
/var/www/html/vendor/laravel/framework/src/Illuminate/Foundation/Bootstrap/RegisterProviders.php:37
/var/www/html/vendor/laravel/framework/src/Illuminate/Foundation/Application.php:342
/var/www/html/vendor/laravel/framework/src/Illuminate/Foundation/Console/Kernel.php:473
/var/www/html/tests/CreatesApplication.php:31
/var/www/html/vendor/laravel/framework/src/Illuminate/Foundation/Testing/TestCase.php:54
/var/www/html/vendor/laravel/framework/src/Illuminate/Foundation/Testing/Concerns/InteractsWithTestCaseLifecycle.php:92
/var/www/html/vendor/laravel/framework/src/Illuminate/Foundation/Testing/TestCase.php:44
/var/www/html/tests/TestCase.php:36</error>
        </testcase>
        <testcase name="test_ensure_email_is_verified_middleware_handles_unauthenticated_users" file="/var/www/html/tests/Feature/Http/Middleware/EnsureEmailIsVerifiedTest.php" line="56" class="Tests\Feature\Http\Middleware\EnsureEmailIsVerifiedTest" classname="Tests.Feature.Http.Middleware.EnsureEmailIsVerifiedTest" assertions="0" time="0.000000">
          <error type="Error">Tests\Feature\Http\Middleware\EnsureEmailIsVerifiedTest::test_ensure_email_is_verified_middleware_handles_unauthenticated_users
Error: Class "Laravel\Dusk\DuskServiceProvider" not found

/var/www/html/vendor/laravel/framework/src/Illuminate/Foundation/Application.php:961
/var/www/html/vendor/laravel/framework/src/Illuminate/Foundation/Application.php:893
/var/www/html/app/Providers/AppServiceProvider.php:51
/var/www/html/vendor/laravel/framework/src/Illuminate/Foundation/Application.php:896
/var/www/html/vendor/laravel/framework/src/Illuminate/Foundation/ProviderRepository.php:74
/var/www/html/vendor/laravel/framework/src/Illuminate/Foundation/Application.php:871
/var/www/html/vendor/laravel/framework/src/Illuminate/Foundation/Bootstrap/RegisterProviders.php:37
/var/www/html/vendor/laravel/framework/src/Illuminate/Foundation/Application.php:342
/var/www/html/vendor/laravel/framework/src/Illuminate/Foundation/Console/Kernel.php:473
/var/www/html/tests/CreatesApplication.php:31
/var/www/html/vendor/laravel/framework/src/Illuminate/Foundation/Testing/TestCase.php:54
/var/www/html/vendor/laravel/framework/src/Illuminate/Foundation/Testing/Concerns/InteractsWithTestCaseLifecycle.php:92
/var/www/html/vendor/laravel/framework/src/Illuminate/Foundation/Testing/TestCase.php:44
/var/www/html/tests/TestCase.php:36</error>
        </testcase>
        <testcase name="test_ensure_email_is_verified_middleware_allows_verified_users" file="/var/www/html/tests/Feature/Http/Middleware/EnsureEmailIsVerifiedTest.php" line="19" class="Tests\Feature\Http\Middleware\EnsureEmailIsVerifiedTest" classname="Tests.Feature.Http.Middleware.EnsureEmailIsVerifiedTest" assertions="0" time="0.000000">
          <error type="Error">Tests\Feature\Http\Middleware\EnsureEmailIsVerifiedTest::test_ensure_email_is_verified_middleware_allows_verified_users
Error: Class "Laravel\Dusk\DuskServiceProvider" not found

/var/www/html/vendor/laravel/framework/src/Illuminate/Foundation/Application.php:961
/var/www/html/vendor/laravel/framework/src/Illuminate/Foundation/Application.php:893
/var/www/html/app/Providers/AppServiceProvider.php:51
/var/www/html/vendor/laravel/framework/src/Illuminate/Foundation/Application.php:896
/var/www/html/vendor/laravel/framework/src/Illuminate/Foundation/ProviderRepository.php:74
/var/www/html/vendor/laravel/framework/src/Illuminate/Foundation/Application.php:871
/var/www/html/vendor/laravel/framework/src/Illuminate/Foundation/Bootstrap/RegisterProviders.php:37
/var/www/html/vendor/laravel/framework/src/Illuminate/Foundation/Application.php:342
/var/www/html/vendor/laravel/framework/src/Illuminate/Foundation/Console/Kernel.php:473
/var/www/html/tests/CreatesApplication.php:31
/var/www/html/vendor/laravel/framework/src/Illuminate/Foundation/Testing/TestCase.php:54
/var/www/html/vendor/laravel/framework/src/Illuminate/Foundation/Testing/Concerns/InteractsWithTestCaseLifecycle.php:92
/var/www/html/vendor/laravel/framework/src/Illuminate/Foundation/Testing/TestCase.php:44
/var/www/html/tests/TestCase.php:36</error>
        </testcase>
        <testcase name="test_ensure_email_is_verified_middleware_handles_post_requests" file="/var/www/html/tests/Feature/Http/Middleware/EnsureEmailIsVerifiedTest.php" line="88" class="Tests\Feature\Http\Middleware\EnsureEmailIsVerifiedTest" classname="Tests.Feature.Http.Middleware.EnsureEmailIsVerifiedTest" assertions="0" time="0.000000">
          <error type="Error">Tests\Feature\Http\Middleware\EnsureEmailIsVerifiedTest::test_ensure_email_is_verified_middleware_handles_post_requests
Error: Class "Laravel\Dusk\DuskServiceProvider" not found

/var/www/html/vendor/laravel/framework/src/Illuminate/Foundation/Application.php:961
/var/www/html/vendor/laravel/framework/src/Illuminate/Foundation/Application.php:893
/var/www/html/app/Providers/AppServiceProvider.php:51
/var/www/html/vendor/laravel/framework/src/Illuminate/Foundation/Application.php:896
/var/www/html/vendor/laravel/framework/src/Illuminate/Foundation/ProviderRepository.php:74
/var/www/html/vendor/laravel/framework/src/Illuminate/Foundation/Application.php:871
/var/www/html/vendor/laravel/framework/src/Illuminate/Foundation/Bootstrap/RegisterProviders.php:37
/var/www/html/vendor/laravel/framework/src/Illuminate/Foundation/Application.php:342
/var/www/html/vendor/laravel/framework/src/Illuminate/Foundation/Console/Kernel.php:473
/var/www/html/tests/CreatesApplication.php:31
/var/www/html/vendor/laravel/framework/src/Illuminate/Foundation/Testing/TestCase.php:54
/var/www/html/vendor/laravel/framework/src/Illuminate/Foundation/Testing/Concerns/InteractsWithTestCaseLifecycle.php:92
/var/www/html/vendor/laravel/framework/src/Illuminate/Foundation/Testing/TestCase.php:44
/var/www/html/tests/TestCase.php:36</error>
        </testcase>
        <testcase name="test_ensure_email_is_verified_middleware_handles_api_requests" file="/var/www/html/tests/Feature/Http/Middleware/EnsureEmailIsVerifiedTest.php" line="69" class="Tests\Feature\Http\Middleware\EnsureEmailIsVerifiedTest" classname="Tests.Feature.Http.Middleware.EnsureEmailIsVerifiedTest" assertions="0" time="0.000000">
          <error type="Error">Tests\Feature\Http\Middleware\EnsureEmailIsVerifiedTest::test_ensure_email_is_verified_middleware_handles_api_requests
Error: Class "Laravel\Dusk\DuskServiceProvider" not found

/var/www/html/vendor/laravel/framework/src/Illuminate/Foundation/Application.php:961
/var/www/html/vendor/laravel/framework/src/Illuminate/Foundation/Application.php:893
/var/www/html/app/Providers/AppServiceProvider.php:51
/var/www/html/vendor/laravel/framework/src/Illuminate/Foundation/Application.php:896
/var/www/html/vendor/laravel/framework/src/Illuminate/Foundation/ProviderRepository.php:74
/var/www/html/vendor/laravel/framework/src/Illuminate/Foundation/Application.php:871
/var/www/html/vendor/laravel/framework/src/Illuminate/Foundation/Bootstrap/RegisterProviders.php:37
/var/www/html/vendor/laravel/framework/src/Illuminate/Foundation/Application.php:342
/var/www/html/vendor/laravel/framework/src/Illuminate/Foundation/Console/Kernel.php:473
/var/www/html/tests/CreatesApplication.php:31
/var/www/html/vendor/laravel/framework/src/Illuminate/Foundation/Testing/TestCase.php:54
/var/www/html/vendor/laravel/framework/src/Illuminate/Foundation/Testing/Concerns/InteractsWithTestCaseLifecycle.php:92
/var/www/html/vendor/laravel/framework/src/Illuminate/Foundation/Testing/TestCase.php:44
/var/www/html/tests/TestCase.php:36</error>
        </testcase>
      </testsuite>
      <testsuite name="Tests\Feature\Http\Controllers\WishlistControllerTest" file="/var/www/html/tests/Feature/Http/Controllers/WishlistControllerTest.php" tests="10" assertions="0" errors="10" failures="0" skipped="0" time="0.000000">
        <testcase name="test_validates_add_to_wishlist_request" file="/var/www/html/tests/Feature/Http/Controllers/WishlistControllerTest.php" line="74" class="Tests\Feature\Http\Controllers\WishlistControllerTest" classname="Tests.Feature.Http.Controllers.WishlistControllerTest" assertions="0" time="0.000000">
          <error type="Error">Tests\Feature\Http\Controllers\WishlistControllerTest::test_validates_add_to_wishlist_request
Error: Class "Laravel\Dusk\DuskServiceProvider" not found

/var/www/html/vendor/laravel/framework/src/Illuminate/Foundation/Application.php:961
/var/www/html/vendor/laravel/framework/src/Illuminate/Foundation/Application.php:893
/var/www/html/app/Providers/AppServiceProvider.php:51
/var/www/html/vendor/laravel/framework/src/Illuminate/Foundation/Application.php:896
/var/www/html/vendor/laravel/framework/src/Illuminate/Foundation/ProviderRepository.php:74
/var/www/html/vendor/laravel/framework/src/Illuminate/Foundation/Application.php:871
/var/www/html/vendor/laravel/framework/src/Illuminate/Foundation/Bootstrap/RegisterProviders.php:37
/var/www/html/vendor/laravel/framework/src/Illuminate/Foundation/Application.php:342
/var/www/html/vendor/laravel/framework/src/Illuminate/Foundation/Console/Kernel.php:473
/var/www/html/tests/CreatesApplication.php:31
/var/www/html/vendor/laravel/framework/src/Illuminate/Foundation/Testing/TestCase.php:54
/var/www/html/vendor/laravel/framework/src/Illuminate/Foundation/Testing/Concerns/InteractsWithTestCaseLifecycle.php:92
/var/www/html/vendor/laravel/framework/src/Illuminate/Foundation/Testing/TestCase.php:44
/var/www/html/tests/TestCase.php:36
/var/www/html/tests/Feature/Http/Controllers/WishlistControllerTest.php:21</error>
        </testcase>
        <testcase name="test_can_remove_product_from_wishlist" file="/var/www/html/tests/Feature/Http/Controllers/WishlistControllerTest.php" line="97" class="Tests\Feature\Http\Controllers\WishlistControllerTest" classname="Tests.Feature.Http.Controllers.WishlistControllerTest" assertions="0" time="0.000000">
          <error type="Error">Tests\Feature\Http\Controllers\WishlistControllerTest::test_can_remove_product_from_wishlist
Error: Class "Laravel\Dusk\DuskServiceProvider" not found

/var/www/html/vendor/laravel/framework/src/Illuminate/Foundation/Application.php:961
/var/www/html/vendor/laravel/framework/src/Illuminate/Foundation/Application.php:893
/var/www/html/app/Providers/AppServiceProvider.php:51
/var/www/html/vendor/laravel/framework/src/Illuminate/Foundation/Application.php:896
/var/www/html/vendor/laravel/framework/src/Illuminate/Foundation/ProviderRepository.php:74
/var/www/html/vendor/laravel/framework/src/Illuminate/Foundation/Application.php:871
/var/www/html/vendor/laravel/framework/src/Illuminate/Foundation/Bootstrap/RegisterProviders.php:37
/var/www/html/vendor/laravel/framework/src/Illuminate/Foundation/Application.php:342
/var/www/html/vendor/laravel/framework/src/Illuminate/Foundation/Console/Kernel.php:473
/var/www/html/tests/CreatesApplication.php:31
/var/www/html/vendor/laravel/framework/src/Illuminate/Foundation/Testing/TestCase.php:54
/var/www/html/vendor/laravel/framework/src/Illuminate/Foundation/Testing/Concerns/InteractsWithTestCaseLifecycle.php:92
/var/www/html/vendor/laravel/framework/src/Illuminate/Foundation/Testing/TestCase.php:44
/var/www/html/tests/TestCase.php:36
/var/www/html/tests/Feature/Http/Controllers/WishlistControllerTest.php:21</error>
        </testcase>
        <testcase name="test_can_add_product_to_wishlist" file="/var/www/html/tests/Feature/Http/Controllers/WishlistControllerTest.php" line="50" class="Tests\Feature\Http\Controllers\WishlistControllerTest" classname="Tests.Feature.Http.Controllers.WishlistControllerTest" assertions="0" time="0.000000">
          <error type="Error">Tests\Feature\Http\Controllers\WishlistControllerTest::test_can_add_product_to_wishlist
Error: Class "Laravel\Dusk\DuskServiceProvider" not found

/var/www/html/vendor/laravel/framework/src/Illuminate/Foundation/Application.php:961
/var/www/html/vendor/laravel/framework/src/Illuminate/Foundation/Application.php:893
/var/www/html/app/Providers/AppServiceProvider.php:51
/var/www/html/vendor/laravel/framework/src/Illuminate/Foundation/Application.php:896
/var/www/html/vendor/laravel/framework/src/Illuminate/Foundation/ProviderRepository.php:74
/var/www/html/vendor/laravel/framework/src/Illuminate/Foundation/Application.php:871
/var/www/html/vendor/laravel/framework/src/Illuminate/Foundation/Bootstrap/RegisterProviders.php:37
/var/www/html/vendor/laravel/framework/src/Illuminate/Foundation/Application.php:342
/var/www/html/vendor/laravel/framework/src/Illuminate/Foundation/Console/Kernel.php:473
/var/www/html/tests/CreatesApplication.php:31
/var/www/html/vendor/laravel/framework/src/Illuminate/Foundation/Testing/TestCase.php:54
/var/www/html/vendor/laravel/framework/src/Illuminate/Foundation/Testing/Concerns/InteractsWithTestCaseLifecycle.php:92
/var/www/html/vendor/laravel/framework/src/Illuminate/Foundation/Testing/TestCase.php:44
/var/www/html/tests/TestCase.php:36
/var/www/html/tests/Feature/Http/Controllers/WishlistControllerTest.php:21</error>
        </testcase>
        <testcase name="test_can_display_wishlist" file="/var/www/html/tests/Feature/Http/Controllers/WishlistControllerTest.php" line="31" class="Tests\Feature\Http\Controllers\WishlistControllerTest" classname="Tests.Feature.Http.Controllers.WishlistControllerTest" assertions="0" time="0.000000">
          <error type="Error">Tests\Feature\Http\Controllers\WishlistControllerTest::test_can_display_wishlist
Error: Class "Laravel\Dusk\DuskServiceProvider" not found

/var/www/html/vendor/laravel/framework/src/Illuminate/Foundation/Application.php:961
/var/www/html/vendor/laravel/framework/src/Illuminate/Foundation/Application.php:893
/var/www/html/app/Providers/AppServiceProvider.php:51
/var/www/html/vendor/laravel/framework/src/Illuminate/Foundation/Application.php:896
/var/www/html/vendor/laravel/framework/src/Illuminate/Foundation/ProviderRepository.php:74
/var/www/html/vendor/laravel/framework/src/Illuminate/Foundation/Application.php:871
/var/www/html/vendor/laravel/framework/src/Illuminate/Foundation/Bootstrap/RegisterProviders.php:37
/var/www/html/vendor/laravel/framework/src/Illuminate/Foundation/Application.php:342
/var/www/html/vendor/laravel/framework/src/Illuminate/Foundation/Console/Kernel.php:473
/var/www/html/tests/CreatesApplication.php:31
/var/www/html/vendor/laravel/framework/src/Illuminate/Foundation/Testing/TestCase.php:54
/var/www/html/vendor/laravel/framework/src/Illuminate/Foundation/Testing/Concerns/InteractsWithTestCaseLifecycle.php:92
/var/www/html/vendor/laravel/framework/src/Illuminate/Foundation/Testing/TestCase.php:44
/var/www/html/tests/TestCase.php:36
/var/www/html/tests/Feature/Http/Controllers/WishlistControllerTest.php:21</error>
        </testcase>
        <testcase name="test_requires_authentication_to_clear_wishlist" file="/var/www/html/tests/Feature/Http/Controllers/WishlistControllerTest.php" line="180" class="Tests\Feature\Http\Controllers\WishlistControllerTest" classname="Tests.Feature.Http.Controllers.WishlistControllerTest" assertions="0" time="0.000000">
          <error type="Error">Tests\Feature\Http\Controllers\WishlistControllerTest::test_requires_authentication_to_clear_wishlist
Error: Class "Laravel\Dusk\DuskServiceProvider" not found

/var/www/html/vendor/laravel/framework/src/Illuminate/Foundation/Application.php:961
/var/www/html/vendor/laravel/framework/src/Illuminate/Foundation/Application.php:893
/var/www/html/app/Providers/AppServiceProvider.php:51
/var/www/html/vendor/laravel/framework/src/Illuminate/Foundation/Application.php:896
/var/www/html/vendor/laravel/framework/src/Illuminate/Foundation/ProviderRepository.php:74
/var/www/html/vendor/laravel/framework/src/Illuminate/Foundation/Application.php:871
/var/www/html/vendor/laravel/framework/src/Illuminate/Foundation/Bootstrap/RegisterProviders.php:37
/var/www/html/vendor/laravel/framework/src/Illuminate/Foundation/Application.php:342
/var/www/html/vendor/laravel/framework/src/Illuminate/Foundation/Console/Kernel.php:473
/var/www/html/tests/CreatesApplication.php:31
/var/www/html/vendor/laravel/framework/src/Illuminate/Foundation/Testing/TestCase.php:54
/var/www/html/vendor/laravel/framework/src/Illuminate/Foundation/Testing/Concerns/InteractsWithTestCaseLifecycle.php:92
/var/www/html/vendor/laravel/framework/src/Illuminate/Foundation/Testing/TestCase.php:44
/var/www/html/tests/TestCase.php:36
/var/www/html/tests/Feature/Http/Controllers/WishlistControllerTest.php:21</error>
        </testcase>
        <testcase name="test_can_clear_entire_wishlist" file="/var/www/html/tests/Feature/Http/Controllers/WishlistControllerTest.php" line="155" class="Tests\Feature\Http\Controllers\WishlistControllerTest" classname="Tests.Feature.Http.Controllers.WishlistControllerTest" assertions="0" time="0.000000">
          <error type="Error">Tests\Feature\Http\Controllers\WishlistControllerTest::test_can_clear_entire_wishlist
Error: Class "Laravel\Dusk\DuskServiceProvider" not found

/var/www/html/vendor/laravel/framework/src/Illuminate/Foundation/Application.php:961
/var/www/html/vendor/laravel/framework/src/Illuminate/Foundation/Application.php:893
/var/www/html/app/Providers/AppServiceProvider.php:51
/var/www/html/vendor/laravel/framework/src/Illuminate/Foundation/Application.php:896
/var/www/html/vendor/laravel/framework/src/Illuminate/Foundation/ProviderRepository.php:74
/var/www/html/vendor/laravel/framework/src/Illuminate/Foundation/Application.php:871
/var/www/html/vendor/laravel/framework/src/Illuminate/Foundation/Bootstrap/RegisterProviders.php:37
/var/www/html/vendor/laravel/framework/src/Illuminate/Foundation/Application.php:342
/var/www/html/vendor/laravel/framework/src/Illuminate/Foundation/Console/Kernel.php:473
/var/www/html/tests/CreatesApplication.php:31
/var/www/html/vendor/laravel/framework/src/Illuminate/Foundation/Testing/TestCase.php:54
/var/www/html/vendor/laravel/framework/src/Illuminate/Foundation/Testing/Concerns/InteractsWithTestCaseLifecycle.php:92
/var/www/html/vendor/laravel/framework/src/Illuminate/Foundation/Testing/TestCase.php:44
/var/www/html/tests/TestCase.php:36
/var/www/html/tests/Feature/Http/Controllers/WishlistControllerTest.php:21</error>
        </testcase>
        <testcase name="test_requires_authentication_to_view_wishlist" file="/var/www/html/tests/Feature/Http/Controllers/WishlistControllerTest.php" line="42" class="Tests\Feature\Http\Controllers\WishlistControllerTest" classname="Tests.Feature.Http.Controllers.WishlistControllerTest" assertions="0" time="0.000000">
          <error type="Error">Tests\Feature\Http\Controllers\WishlistControllerTest::test_requires_authentication_to_view_wishlist
Error: Class "Laravel\Dusk\DuskServiceProvider" not found

/var/www/html/vendor/laravel/framework/src/Illuminate/Foundation/Application.php:961
/var/www/html/vendor/laravel/framework/src/Illuminate/Foundation/Application.php:893
/var/www/html/app/Providers/AppServiceProvider.php:51
/var/www/html/vendor/laravel/framework/src/Illuminate/Foundation/Application.php:896
/var/www/html/vendor/laravel/framework/src/Illuminate/Foundation/ProviderRepository.php:74
/var/www/html/vendor/laravel/framework/src/Illuminate/Foundation/Application.php:871
/var/www/html/vendor/laravel/framework/src/Illuminate/Foundation/Bootstrap/RegisterProviders.php:37
/var/www/html/vendor/laravel/framework/src/Illuminate/Foundation/Application.php:342
/var/www/html/vendor/laravel/framework/src/Illuminate/Foundation/Console/Kernel.php:473
/var/www/html/tests/CreatesApplication.php:31
/var/www/html/vendor/laravel/framework/src/Illuminate/Foundation/Testing/TestCase.php:54
/var/www/html/vendor/laravel/framework/src/Illuminate/Foundation/Testing/Concerns/InteractsWithTestCaseLifecycle.php:92
/var/www/html/vendor/laravel/framework/src/Illuminate/Foundation/Testing/TestCase.php:44
/var/www/html/tests/TestCase.php:36
/var/www/html/tests/Feature/Http/Controllers/WishlistControllerTest.php:21</error>
        </testcase>
        <testcase name="test_requires_authentication_to_remove_from_wishlist" file="/var/www/html/tests/Feature/Http/Controllers/WishlistControllerTest.php" line="143" class="Tests\Feature\Http\Controllers\WishlistControllerTest" classname="Tests.Feature.Http.Controllers.WishlistControllerTest" assertions="0" time="0.000000">
          <error type="Error">Tests\Feature\Http\Controllers\WishlistControllerTest::test_requires_authentication_to_remove_from_wishlist
Error: Class "Laravel\Dusk\DuskServiceProvider" not found

/var/www/html/vendor/laravel/framework/src/Illuminate/Foundation/Application.php:961
/var/www/html/vendor/laravel/framework/src/Illuminate/Foundation/Application.php:893
/var/www/html/app/Providers/AppServiceProvider.php:51
/var/www/html/vendor/laravel/framework/src/Illuminate/Foundation/Application.php:896
/var/www/html/vendor/laravel/framework/src/Illuminate/Foundation/ProviderRepository.php:74
/var/www/html/vendor/laravel/framework/src/Illuminate/Foundation/Application.php:871
/var/www/html/vendor/laravel/framework/src/Illuminate/Foundation/Bootstrap/RegisterProviders.php:37
/var/www/html/vendor/laravel/framework/src/Illuminate/Foundation/Application.php:342
/var/www/html/vendor/laravel/framework/src/Illuminate/Foundation/Console/Kernel.php:473
/var/www/html/tests/CreatesApplication.php:31
/var/www/html/vendor/laravel/framework/src/Illuminate/Foundation/Testing/TestCase.php:54
/var/www/html/vendor/laravel/framework/src/Illuminate/Foundation/Testing/Concerns/InteractsWithTestCaseLifecycle.php:92
/var/www/html/vendor/laravel/framework/src/Illuminate/Foundation/Testing/TestCase.php:44
/var/www/html/tests/TestCase.php:36
/var/www/html/tests/Feature/Http/Controllers/WishlistControllerTest.php:21</error>
        </testcase>
        <testcase name="test_requires_authentication_to_add_to_wishlist" file="/var/www/html/tests/Feature/Http/Controllers/WishlistControllerTest.php" line="85" class="Tests\Feature\Http\Controllers\WishlistControllerTest" classname="Tests.Feature.Http.Controllers.WishlistControllerTest" assertions="0" time="0.000000">
          <error type="Error">Tests\Feature\Http\Controllers\WishlistControllerTest::test_requires_authentication_to_add_to_wishlist
Error: Class "Laravel\Dusk\DuskServiceProvider" not found

/var/www/html/vendor/laravel/framework/src/Illuminate/Foundation/Application.php:961
/var/www/html/vendor/laravel/framework/src/Illuminate/Foundation/Application.php:893
/var/www/html/app/Providers/AppServiceProvider.php:51
/var/www/html/vendor/laravel/framework/src/Illuminate/Foundation/Application.php:896
/var/www/html/vendor/laravel/framework/src/Illuminate/Foundation/ProviderRepository.php:74
/var/www/html/vendor/laravel/framework/src/Illuminate/Foundation/Application.php:871
/var/www/html/vendor/laravel/framework/src/Illuminate/Foundation/Bootstrap/RegisterProviders.php:37
/var/www/html/vendor/laravel/framework/src/Illuminate/Foundation/Application.php:342
/var/www/html/vendor/laravel/framework/src/Illuminate/Foundation/Console/Kernel.php:473
/var/www/html/tests/CreatesApplication.php:31
/var/www/html/vendor/laravel/framework/src/Illuminate/Foundation/Testing/TestCase.php:54
/var/www/html/vendor/laravel/framework/src/Illuminate/Foundation/Testing/Concerns/InteractsWithTestCaseLifecycle.php:92
/var/www/html/vendor/laravel/framework/src/Illuminate/Foundation/Testing/TestCase.php:44
/var/www/html/tests/TestCase.php:36
/var/www/html/tests/Feature/Http/Controllers/WishlistControllerTest.php:21</error>
        </testcase>
        <testcase name="test_validates_remove_from_wishlist_request" file="/var/www/html/tests/Feature/Http/Controllers/WishlistControllerTest.php" line="132" class="Tests\Feature\Http\Controllers\WishlistControllerTest" classname="Tests.Feature.Http.Controllers.WishlistControllerTest" assertions="0" time="0.000000">
          <error type="Error">Tests\Feature\Http\Controllers\WishlistControllerTest::test_validates_remove_from_wishlist_request
Error: Class "Laravel\Dusk\DuskServiceProvider" not found

/var/www/html/vendor/laravel/framework/src/Illuminate/Foundation/Application.php:961
/var/www/html/vendor/laravel/framework/src/Illuminate/Foundation/Application.php:893
/var/www/html/app/Providers/AppServiceProvider.php:51
/var/www/html/vendor/laravel/framework/src/Illuminate/Foundation/Application.php:896
/var/www/html/vendor/laravel/framework/src/Illuminate/Foundation/ProviderRepository.php:74
/var/www/html/vendor/laravel/framework/src/Illuminate/Foundation/Application.php:871
/var/www/html/vendor/laravel/framework/src/Illuminate/Foundation/Bootstrap/RegisterProviders.php:37
/var/www/html/vendor/laravel/framework/src/Illuminate/Foundation/Application.php:342
/var/www/html/vendor/laravel/framework/src/Illuminate/Foundation/Console/Kernel.php:473
/var/www/html/tests/CreatesApplication.php:31
/var/www/html/vendor/laravel/framework/src/Illuminate/Foundation/Testing/TestCase.php:54
/var/www/html/vendor/laravel/framework/src/Illuminate/Foundation/Testing/Concerns/InteractsWithTestCaseLifecycle.php:92
/var/www/html/vendor/laravel/framework/src/Illuminate/Foundation/Testing/TestCase.php:44
/var/www/html/tests/TestCase.php:36
/var/www/html/tests/Feature/Http/Controllers/WishlistControllerTest.php:21</error>
        </testcase>
      </testsuite>
      <testsuite name="Tests\Feature\Http\Middleware\SecurityHeadersTest" file="/var/www/html/tests/Feature/Http/Middleware/SecurityHeadersTest.php" tests="12" assertions="0" errors="12" failures="0" skipped="0" time="0.000000">
        <testcase name="test_security_headers_middleware_handles_settings_routes" file="/var/www/html/tests/Feature/Http/Middleware/SecurityHeadersTest.php" line="57" class="Tests\Feature\Http\Middleware\SecurityHeadersTest" classname="Tests.Feature.Http.Middleware.SecurityHeadersTest" assertions="0" time="0.000000">
          <error type="Error">Tests\Feature\Http\Middleware\SecurityHeadersTest::test_security_headers_middleware_handles_settings_routes
Error: Class "Laravel\Dusk\DuskServiceProvider" not found

/var/www/html/vendor/laravel/framework/src/Illuminate/Foundation/Application.php:961
/var/www/html/vendor/laravel/framework/src/Illuminate/Foundation/Application.php:893
/var/www/html/app/Providers/AppServiceProvider.php:51
/var/www/html/vendor/laravel/framework/src/Illuminate/Foundation/Application.php:896
/var/www/html/vendor/laravel/framework/src/Illuminate/Foundation/ProviderRepository.php:74
/var/www/html/vendor/laravel/framework/src/Illuminate/Foundation/Application.php:871
/var/www/html/vendor/laravel/framework/src/Illuminate/Foundation/Bootstrap/RegisterProviders.php:37
/var/www/html/vendor/laravel/framework/src/Illuminate/Foundation/Application.php:342
/var/www/html/vendor/laravel/framework/src/Illuminate/Foundation/Console/Kernel.php:473
/var/www/html/tests/CreatesApplication.php:31
/var/www/html/vendor/laravel/framework/src/Illuminate/Foundation/Testing/TestCase.php:54
/var/www/html/vendor/laravel/framework/src/Illuminate/Foundation/Testing/Concerns/InteractsWithTestCaseLifecycle.php:92
/var/www/html/vendor/laravel/framework/src/Illuminate/Foundation/Testing/TestCase.php:44
/var/www/html/tests/TestCase.php:36
/var/www/html/tests/Feature/Http/Middleware/SecurityHeadersTest.php:18</error>
        </testcase>
        <testcase name="test_security_headers_middleware_handles_profile_routes" file="/var/www/html/tests/Feature/Http/Middleware/SecurityHeadersTest.php" line="70" class="Tests\Feature\Http\Middleware\SecurityHeadersTest" classname="Tests.Feature.Http.Middleware.SecurityHeadersTest" assertions="0" time="0.000000">
          <error type="Error">Tests\Feature\Http\Middleware\SecurityHeadersTest::test_security_headers_middleware_handles_profile_routes
Error: Class "Laravel\Dusk\DuskServiceProvider" not found

/var/www/html/vendor/laravel/framework/src/Illuminate/Foundation/Application.php:961
/var/www/html/vendor/laravel/framework/src/Illuminate/Foundation/Application.php:893
/var/www/html/app/Providers/AppServiceProvider.php:51
/var/www/html/vendor/laravel/framework/src/Illuminate/Foundation/Application.php:896
/var/www/html/vendor/laravel/framework/src/Illuminate/Foundation/ProviderRepository.php:74
/var/www/html/vendor/laravel/framework/src/Illuminate/Foundation/Application.php:871
/var/www/html/vendor/laravel/framework/src/Illuminate/Foundation/Bootstrap/RegisterProviders.php:37
/var/www/html/vendor/laravel/framework/src/Illuminate/Foundation/Application.php:342
/var/www/html/vendor/laravel/framework/src/Illuminate/Foundation/Console/Kernel.php:473
/var/www/html/tests/CreatesApplication.php:31
/var/www/html/vendor/laravel/framework/src/Illuminate/Foundation/Testing/TestCase.php:54
/var/www/html/vendor/laravel/framework/src/Illuminate/Foundation/Testing/Concerns/InteractsWithTestCaseLifecycle.php:92
/var/www/html/vendor/laravel/framework/src/Illuminate/Foundation/Testing/TestCase.php:44
/var/www/html/tests/TestCase.php:36
/var/www/html/tests/Feature/Http/Middleware/SecurityHeadersTest.php:18</error>
        </testcase>
        <testcase name="test_security_headers_middleware_adds_security_headers" file="/var/www/html/tests/Feature/Http/Middleware/SecurityHeadersTest.php" line="23" class="Tests\Feature\Http\Middleware\SecurityHeadersTest" classname="Tests.Feature.Http.Middleware.SecurityHeadersTest" assertions="0" time="0.000000">
          <error type="Error">Tests\Feature\Http\Middleware\SecurityHeadersTest::test_security_headers_middleware_adds_security_headers
Error: Class "Laravel\Dusk\DuskServiceProvider" not found

/var/www/html/vendor/laravel/framework/src/Illuminate/Foundation/Application.php:961
/var/www/html/vendor/laravel/framework/src/Illuminate/Foundation/Application.php:893
/var/www/html/app/Providers/AppServiceProvider.php:51
/var/www/html/vendor/laravel/framework/src/Illuminate/Foundation/Application.php:896
/var/www/html/vendor/laravel/framework/src/Illuminate/Foundation/ProviderRepository.php:74
/var/www/html/vendor/laravel/framework/src/Illuminate/Foundation/Application.php:871
/var/www/html/vendor/laravel/framework/src/Illuminate/Foundation/Bootstrap/RegisterProviders.php:37
/var/www/html/vendor/laravel/framework/src/Illuminate/Foundation/Application.php:342
/var/www/html/vendor/laravel/framework/src/Illuminate/Foundation/Console/Kernel.php:473
/var/www/html/tests/CreatesApplication.php:31
/var/www/html/vendor/laravel/framework/src/Illuminate/Foundation/Testing/TestCase.php:54
/var/www/html/vendor/laravel/framework/src/Illuminate/Foundation/Testing/Concerns/InteractsWithTestCaseLifecycle.php:92
/var/www/html/vendor/laravel/framework/src/Illuminate/Foundation/Testing/TestCase.php:44
/var/www/html/tests/TestCase.php:36
/var/www/html/tests/Feature/Http/Middleware/SecurityHeadersTest.php:18</error>
        </testcase>
        <testcase name="test_security_headers_middleware_does_not_redirect_https_in_development" file="/var/www/html/tests/Feature/Http/Middleware/SecurityHeadersTest.php" line="203" class="Tests\Feature\Http\Middleware\SecurityHeadersTest" classname="Tests.Feature.Http.Middleware.SecurityHeadersTest" assertions="0" time="0.000000">
          <error type="Error">Tests\Feature\Http\Middleware\SecurityHeadersTest::test_security_headers_middleware_does_not_redirect_https_in_development
Error: Class "Laravel\Dusk\DuskServiceProvider" not found

/var/www/html/vendor/laravel/framework/src/Illuminate/Foundation/Application.php:961
/var/www/html/vendor/laravel/framework/src/Illuminate/Foundation/Application.php:893
/var/www/html/app/Providers/AppServiceProvider.php:51
/var/www/html/vendor/laravel/framework/src/Illuminate/Foundation/Application.php:896
/var/www/html/vendor/laravel/framework/src/Illuminate/Foundation/ProviderRepository.php:74
/var/www/html/vendor/laravel/framework/src/Illuminate/Foundation/Application.php:871
/var/www/html/vendor/laravel/framework/src/Illuminate/Foundation/Bootstrap/RegisterProviders.php:37
/var/www/html/vendor/laravel/framework/src/Illuminate/Foundation/Application.php:342
/var/www/html/vendor/laravel/framework/src/Illuminate/Foundation/Console/Kernel.php:473
/var/www/html/tests/CreatesApplication.php:31
/var/www/html/vendor/laravel/framework/src/Illuminate/Foundation/Testing/TestCase.php:54
/var/www/html/vendor/laravel/framework/src/Illuminate/Foundation/Testing/Concerns/InteractsWithTestCaseLifecycle.php:92
/var/www/html/vendor/laravel/framework/src/Illuminate/Foundation/Testing/TestCase.php:44
/var/www/html/tests/TestCase.php:36
/var/www/html/tests/Feature/Http/Middleware/SecurityHeadersTest.php:18</error>
        </testcase>
        <testcase name="test_security_headers_middleware_handles_https_redirect_in_production" file="/var/www/html/tests/Feature/Http/Middleware/SecurityHeadersTest.php" line="187" class="Tests\Feature\Http\Middleware\SecurityHeadersTest" classname="Tests.Feature.Http.Middleware.SecurityHeadersTest" assertions="0" time="0.000000">
          <error type="Error">Tests\Feature\Http\Middleware\SecurityHeadersTest::test_security_headers_middleware_handles_https_redirect_in_production
Error: Class "Laravel\Dusk\DuskServiceProvider" not found

/var/www/html/vendor/laravel/framework/src/Illuminate/Foundation/Application.php:961
/var/www/html/vendor/laravel/framework/src/Illuminate/Foundation/Application.php:893
/var/www/html/app/Providers/AppServiceProvider.php:51
/var/www/html/vendor/laravel/framework/src/Illuminate/Foundation/Application.php:896
/var/www/html/vendor/laravel/framework/src/Illuminate/Foundation/ProviderRepository.php:74
/var/www/html/vendor/laravel/framework/src/Illuminate/Foundation/Application.php:871
/var/www/html/vendor/laravel/framework/src/Illuminate/Foundation/Bootstrap/RegisterProviders.php:37
/var/www/html/vendor/laravel/framework/src/Illuminate/Foundation/Application.php:342
/var/www/html/vendor/laravel/framework/src/Illuminate/Foundation/Console/Kernel.php:473
/var/www/html/tests/CreatesApplication.php:31
/var/www/html/vendor/laravel/framework/src/Illuminate/Foundation/Testing/TestCase.php:54
/var/www/html/vendor/laravel/framework/src/Illuminate/Foundation/Testing/Concerns/InteractsWithTestCaseLifecycle.php:92
/var/www/html/vendor/laravel/framework/src/Illuminate/Foundation/Testing/TestCase.php:44
/var/www/html/tests/TestCase.php:36
/var/www/html/tests/Feature/Http/Middleware/SecurityHeadersTest.php:18</error>
        </testcase>
        <testcase name="test_security_headers_middleware_logs_suspicious_xss_attempts" file="/var/www/html/tests/Feature/Http/Middleware/SecurityHeadersTest.php" line="125" class="Tests\Feature\Http\Middleware\SecurityHeadersTest" classname="Tests.Feature.Http.Middleware.SecurityHeadersTest" assertions="0" time="0.000000">
          <error type="Error">Tests\Feature\Http\Middleware\SecurityHeadersTest::test_security_headers_middleware_logs_suspicious_xss_attempts
Error: Class "Laravel\Dusk\DuskServiceProvider" not found

/var/www/html/vendor/laravel/framework/src/Illuminate/Foundation/Application.php:961
/var/www/html/vendor/laravel/framework/src/Illuminate/Foundation/Application.php:893
/var/www/html/app/Providers/AppServiceProvider.php:51
/var/www/html/vendor/laravel/framework/src/Illuminate/Foundation/Application.php:896
/var/www/html/vendor/laravel/framework/src/Illuminate/Foundation/ProviderRepository.php:74
/var/www/html/vendor/laravel/framework/src/Illuminate/Foundation/Application.php:871
/var/www/html/vendor/laravel/framework/src/Illuminate/Foundation/Bootstrap/RegisterProviders.php:37
/var/www/html/vendor/laravel/framework/src/Illuminate/Foundation/Application.php:342
/var/www/html/vendor/laravel/framework/src/Illuminate/Foundation/Console/Kernel.php:473
/var/www/html/tests/CreatesApplication.php:31
/var/www/html/vendor/laravel/framework/src/Illuminate/Foundation/Testing/TestCase.php:54
/var/www/html/vendor/laravel/framework/src/Illuminate/Foundation/Testing/Concerns/InteractsWithTestCaseLifecycle.php:92
/var/www/html/vendor/laravel/framework/src/Illuminate/Foundation/Testing/TestCase.php:44
/var/www/html/tests/TestCase.php:36
/var/www/html/tests/Feature/Http/Middleware/SecurityHeadersTest.php:18</error>
        </testcase>
        <testcase name="test_security_headers_middleware_handles_billing_routes" file="/var/www/html/tests/Feature/Http/Middleware/SecurityHeadersTest.php" line="83" class="Tests\Feature\Http\Middleware\SecurityHeadersTest" classname="Tests.Feature.Http.Middleware.SecurityHeadersTest" assertions="0" time="0.000000">
          <error type="Error">Tests\Feature\Http\Middleware\SecurityHeadersTest::test_security_headers_middleware_handles_billing_routes
Error: Class "Laravel\Dusk\DuskServiceProvider" not found

/var/www/html/vendor/laravel/framework/src/Illuminate/Foundation/Application.php:961
/var/www/html/vendor/laravel/framework/src/Illuminate/Foundation/Application.php:893
/var/www/html/app/Providers/AppServiceProvider.php:51
/var/www/html/vendor/laravel/framework/src/Illuminate/Foundation/Application.php:896
/var/www/html/vendor/laravel/framework/src/Illuminate/Foundation/ProviderRepository.php:74
/var/www/html/vendor/laravel/framework/src/Illuminate/Foundation/Application.php:871
/var/www/html/vendor/laravel/framework/src/Illuminate/Foundation/Bootstrap/RegisterProviders.php:37
/var/www/html/vendor/laravel/framework/src/Illuminate/Foundation/Application.php:342
/var/www/html/vendor/laravel/framework/src/Illuminate/Foundation/Console/Kernel.php:473
/var/www/html/tests/CreatesApplication.php:31
/var/www/html/vendor/laravel/framework/src/Illuminate/Foundation/Testing/TestCase.php:54
/var/www/html/vendor/laravel/framework/src/Illuminate/Foundation/Testing/Concerns/InteractsWithTestCaseLifecycle.php:92
/var/www/html/vendor/laravel/framework/src/Illuminate/Foundation/Testing/TestCase.php:44
/var/www/html/tests/TestCase.php:36
/var/www/html/tests/Feature/Http/Middleware/SecurityHeadersTest.php:18</error>
        </testcase>
        <testcase name="test_security_headers_middleware_does_not_log_normal_requests" file="/var/www/html/tests/Feature/Http/Middleware/SecurityHeadersTest.php" line="170" class="Tests\Feature\Http\Middleware\SecurityHeadersTest" classname="Tests.Feature.Http.Middleware.SecurityHeadersTest" assertions="0" time="0.000000">
          <error type="Error">Tests\Feature\Http\Middleware\SecurityHeadersTest::test_security_headers_middleware_does_not_log_normal_requests
Error: Class "Laravel\Dusk\DuskServiceProvider" not found

/var/www/html/vendor/laravel/framework/src/Illuminate/Foundation/Application.php:961
/var/www/html/vendor/laravel/framework/src/Illuminate/Foundation/Application.php:893
/var/www/html/app/Providers/AppServiceProvider.php:51
/var/www/html/vendor/laravel/framework/src/Illuminate/Foundation/Application.php:896
/var/www/html/vendor/laravel/framework/src/Illuminate/Foundation/ProviderRepository.php:74
/var/www/html/vendor/laravel/framework/src/Illuminate/Foundation/Application.php:871
/var/www/html/vendor/laravel/framework/src/Illuminate/Foundation/Bootstrap/RegisterProviders.php:37
/var/www/html/vendor/laravel/framework/src/Illuminate/Foundation/Application.php:342
/var/www/html/vendor/laravel/framework/src/Illuminate/Foundation/Console/Kernel.php:473
/var/www/html/tests/CreatesApplication.php:31
/var/www/html/vendor/laravel/framework/src/Illuminate/Foundation/Testing/TestCase.php:54
/var/www/html/vendor/laravel/framework/src/Illuminate/Foundation/Testing/Concerns/InteractsWithTestCaseLifecycle.php:92
/var/www/html/vendor/laravel/framework/src/Illuminate/Foundation/Testing/TestCase.php:44
/var/www/html/tests/TestCase.php:36
/var/www/html/tests/Feature/Http/Middleware/SecurityHeadersTest.php:18</error>
        </testcase>
        <testcase name="test_security_headers_middleware_handles_sensitive_routes" file="/var/www/html/tests/Feature/Http/Middleware/SecurityHeadersTest.php" line="44" class="Tests\Feature\Http\Middleware\SecurityHeadersTest" classname="Tests.Feature.Http.Middleware.SecurityHeadersTest" assertions="0" time="0.000000">
          <error type="Error">Tests\Feature\Http\Middleware\SecurityHeadersTest::test_security_headers_middleware_handles_sensitive_routes
Error: Class "Laravel\Dusk\DuskServiceProvider" not found

/var/www/html/vendor/laravel/framework/src/Illuminate/Foundation/Application.php:961
/var/www/html/vendor/laravel/framework/src/Illuminate/Foundation/Application.php:893
/var/www/html/app/Providers/AppServiceProvider.php:51
/var/www/html/vendor/laravel/framework/src/Illuminate/Foundation/Application.php:896
/var/www/html/vendor/laravel/framework/src/Illuminate/Foundation/ProviderRepository.php:74
/var/www/html/vendor/laravel/framework/src/Illuminate/Foundation/Application.php:871
/var/www/html/vendor/laravel/framework/src/Illuminate/Foundation/Bootstrap/RegisterProviders.php:37
/var/www/html/vendor/laravel/framework/src/Illuminate/Foundation/Application.php:342
/var/www/html/vendor/laravel/framework/src/Illuminate/Foundation/Console/Kernel.php:473
/var/www/html/tests/CreatesApplication.php:31
/var/www/html/vendor/laravel/framework/src/Illuminate/Foundation/Testing/TestCase.php:54
/var/www/html/vendor/laravel/framework/src/Illuminate/Foundation/Testing/Concerns/InteractsWithTestCaseLifecycle.php:92
/var/www/html/vendor/laravel/framework/src/Illuminate/Foundation/Testing/TestCase.php:44
/var/www/html/tests/TestCase.php:36
/var/www/html/tests/Feature/Http/Middleware/SecurityHeadersTest.php:18</error>
        </testcase>
        <testcase name="test_security_headers_middleware_logs_suspicious_file_uploads" file="/var/www/html/tests/Feature/Http/Middleware/SecurityHeadersTest.php" line="141" class="Tests\Feature\Http\Middleware\SecurityHeadersTest" classname="Tests.Feature.Http.Middleware.SecurityHeadersTest" assertions="0" time="0.000000">
          <error type="Error">Tests\Feature\Http\Middleware\SecurityHeadersTest::test_security_headers_middleware_logs_suspicious_file_uploads
Error: Class "Laravel\Dusk\DuskServiceProvider" not found

/var/www/html/vendor/laravel/framework/src/Illuminate/Foundation/Application.php:961
/var/www/html/vendor/laravel/framework/src/Illuminate/Foundation/Application.php:893
/var/www/html/app/Providers/AppServiceProvider.php:51
/var/www/html/vendor/laravel/framework/src/Illuminate/Foundation/Application.php:896
/var/www/html/vendor/laravel/framework/src/Illuminate/Foundation/ProviderRepository.php:74
/var/www/html/vendor/laravel/framework/src/Illuminate/Foundation/Application.php:871
/var/www/html/vendor/laravel/framework/src/Illuminate/Foundation/Bootstrap/RegisterProviders.php:37
/var/www/html/vendor/laravel/framework/src/Illuminate/Foundation/Application.php:342
/var/www/html/vendor/laravel/framework/src/Illuminate/Foundation/Console/Kernel.php:473
/var/www/html/tests/CreatesApplication.php:31
/var/www/html/vendor/laravel/framework/src/Illuminate/Foundation/Testing/TestCase.php:54
/var/www/html/vendor/laravel/framework/src/Illuminate/Foundation/Testing/Concerns/InteractsWithTestCaseLifecycle.php:92
/var/www/html/vendor/laravel/framework/src/Illuminate/Foundation/Testing/TestCase.php:44
/var/www/html/tests/TestCase.php:36
/var/www/html/tests/Feature/Http/Middleware/SecurityHeadersTest.php:18</error>
        </testcase>
        <testcase name="test_security_headers_middleware_handles_admin_api_routes" file="/var/www/html/tests/Feature/Http/Middleware/SecurityHeadersTest.php" line="96" class="Tests\Feature\Http\Middleware\SecurityHeadersTest" classname="Tests.Feature.Http.Middleware.SecurityHeadersTest" assertions="0" time="0.000000">
          <error type="Error">Tests\Feature\Http\Middleware\SecurityHeadersTest::test_security_headers_middleware_handles_admin_api_routes
Error: Class "Laravel\Dusk\DuskServiceProvider" not found

/var/www/html/vendor/laravel/framework/src/Illuminate/Foundation/Application.php:961
/var/www/html/vendor/laravel/framework/src/Illuminate/Foundation/Application.php:893
/var/www/html/app/Providers/AppServiceProvider.php:51
/var/www/html/vendor/laravel/framework/src/Illuminate/Foundation/Application.php:896
/var/www/html/vendor/laravel/framework/src/Illuminate/Foundation/ProviderRepository.php:74
/var/www/html/vendor/laravel/framework/src/Illuminate/Foundation/Application.php:871
/var/www/html/vendor/laravel/framework/src/Illuminate/Foundation/Bootstrap/RegisterProviders.php:37
/var/www/html/vendor/laravel/framework/src/Illuminate/Foundation/Application.php:342
/var/www/html/vendor/laravel/framework/src/Illuminate/Foundation/Console/Kernel.php:473
/var/www/html/tests/CreatesApplication.php:31
/var/www/html/vendor/laravel/framework/src/Illuminate/Foundation/Testing/TestCase.php:54
/var/www/html/vendor/laravel/framework/src/Illuminate/Foundation/Testing/Concerns/InteractsWithTestCaseLifecycle.php:92
/var/www/html/vendor/laravel/framework/src/Illuminate/Foundation/Testing/TestCase.php:44
/var/www/html/tests/TestCase.php:36
/var/www/html/tests/Feature/Http/Middleware/SecurityHeadersTest.php:18</error>
        </testcase>
        <testcase name="test_security_headers_middleware_logs_suspicious_sql_injection_attempts" file="/var/www/html/tests/Feature/Http/Middleware/SecurityHeadersTest.php" line="109" class="Tests\Feature\Http\Middleware\SecurityHeadersTest" classname="Tests.Feature.Http.Middleware.SecurityHeadersTest" assertions="0" time="0.000000">
          <error type="Error">Tests\Feature\Http\Middleware\SecurityHeadersTest::test_security_headers_middleware_logs_suspicious_sql_injection_attempts
Error: Class "Laravel\Dusk\DuskServiceProvider" not found

/var/www/html/vendor/laravel/framework/src/Illuminate/Foundation/Application.php:961
/var/www/html/vendor/laravel/framework/src/Illuminate/Foundation/Application.php:893
/var/www/html/app/Providers/AppServiceProvider.php:51
/var/www/html/vendor/laravel/framework/src/Illuminate/Foundation/Application.php:896
/var/www/html/vendor/laravel/framework/src/Illuminate/Foundation/ProviderRepository.php:74
/var/www/html/vendor/laravel/framework/src/Illuminate/Foundation/Application.php:871
/var/www/html/vendor/laravel/framework/src/Illuminate/Foundation/Bootstrap/RegisterProviders.php:37
/var/www/html/vendor/laravel/framework/src/Illuminate/Foundation/Application.php:342
/var/www/html/vendor/laravel/framework/src/Illuminate/Foundation/Console/Kernel.php:473
/var/www/html/tests/CreatesApplication.php:31
/var/www/html/vendor/laravel/framework/src/Illuminate/Foundation/Testing/TestCase.php:54
/var/www/html/vendor/laravel/framework/src/Illuminate/Foundation/Testing/Concerns/InteractsWithTestCaseLifecycle.php:92
/var/www/html/vendor/laravel/framework/src/Illuminate/Foundation/Testing/TestCase.php:44
/var/www/html/tests/TestCase.php:36
/var/www/html/tests/Feature/Http/Middleware/SecurityHeadersTest.php:18</error>
        </testcase>
      </testsuite>
      <testsuite name="Tests\Feature\Http\Middleware\ShareErrorsFromSessionTest" file="/var/www/html/tests/Feature/Http/Middleware/ShareErrorsFromSessionTest.php" tests="6" assertions="0" errors="6" failures="0" skipped="0" time="0.000000">
        <testcase name="test_share_errors_from_session_middleware_shares_errors" file="/var/www/html/tests/Feature/Http/Middleware/ShareErrorsFromSessionTest.php" line="23" class="Tests\Feature\Http\Middleware\ShareErrorsFromSessionTest" classname="Tests.Feature.Http.Middleware.ShareErrorsFromSessionTest" assertions="0" time="0.000000">
          <error type="Error">Tests\Feature\Http\Middleware\ShareErrorsFromSessionTest::test_share_errors_from_session_middleware_shares_errors
Error: Class "Laravel\Dusk\DuskServiceProvider" not found

/var/www/html/vendor/laravel/framework/src/Illuminate/Foundation/Application.php:961
/var/www/html/vendor/laravel/framework/src/Illuminate/Foundation/Application.php:893
/var/www/html/app/Providers/AppServiceProvider.php:51
/var/www/html/vendor/laravel/framework/src/Illuminate/Foundation/Application.php:896
/var/www/html/vendor/laravel/framework/src/Illuminate/Foundation/ProviderRepository.php:74
/var/www/html/vendor/laravel/framework/src/Illuminate/Foundation/Application.php:871
/var/www/html/vendor/laravel/framework/src/Illuminate/Foundation/Bootstrap/RegisterProviders.php:37
/var/www/html/vendor/laravel/framework/src/Illuminate/Foundation/Application.php:342
/var/www/html/vendor/laravel/framework/src/Illuminate/Foundation/Http/Kernel.php:186
/var/www/html/tests/SafeTestBase.php:71
/var/www/html/tests/SafeMiddlewareTestBase.php:22</error>
        </testcase>
        <testcase name="test_share_errors_from_session_middleware_handles_no_errors" file="/var/www/html/tests/Feature/Http/Middleware/ShareErrorsFromSessionTest.php" line="41" class="Tests\Feature\Http\Middleware\ShareErrorsFromSessionTest" classname="Tests.Feature.Http.Middleware.ShareErrorsFromSessionTest" assertions="0" time="0.000000">
          <error type="Error">Tests\Feature\Http\Middleware\ShareErrorsFromSessionTest::test_share_errors_from_session_middleware_handles_no_errors
Error: Class "Laravel\Dusk\DuskServiceProvider" not found

/var/www/html/vendor/laravel/framework/src/Illuminate/Foundation/Application.php:961
/var/www/html/vendor/laravel/framework/src/Illuminate/Foundation/Application.php:893
/var/www/html/app/Providers/AppServiceProvider.php:51
/var/www/html/vendor/laravel/framework/src/Illuminate/Foundation/Application.php:896
/var/www/html/vendor/laravel/framework/src/Illuminate/Foundation/ProviderRepository.php:74
/var/www/html/vendor/laravel/framework/src/Illuminate/Foundation/Application.php:871
/var/www/html/vendor/laravel/framework/src/Illuminate/Foundation/Bootstrap/RegisterProviders.php:37
/var/www/html/vendor/laravel/framework/src/Illuminate/Foundation/Application.php:342
/var/www/html/vendor/laravel/framework/src/Illuminate/Foundation/Http/Kernel.php:186
/var/www/html/tests/SafeTestBase.php:71
/var/www/html/tests/SafeMiddlewareTestBase.php:22</error>
        </testcase>
        <testcase name="test_share_errors_from_session_middleware_handles_multiple_errors" file="/var/www/html/tests/Feature/Http/Middleware/ShareErrorsFromSessionTest.php" line="58" class="Tests\Feature\Http\Middleware\ShareErrorsFromSessionTest" classname="Tests.Feature.Http.Middleware.ShareErrorsFromSessionTest" assertions="0" time="0.000000">
          <error type="Error">Tests\Feature\Http\Middleware\ShareErrorsFromSessionTest::test_share_errors_from_session_middleware_handles_multiple_errors
Error: Class "Laravel\Dusk\DuskServiceProvider" not found

/var/www/html/vendor/laravel/framework/src/Illuminate/Foundation/Application.php:961
/var/www/html/vendor/laravel/framework/src/Illuminate/Foundation/Application.php:893
/var/www/html/app/Providers/AppServiceProvider.php:51
/var/www/html/vendor/laravel/framework/src/Illuminate/Foundation/Application.php:896
/var/www/html/vendor/laravel/framework/src/Illuminate/Foundation/ProviderRepository.php:74
/var/www/html/vendor/laravel/framework/src/Illuminate/Foundation/Application.php:871
/var/www/html/vendor/laravel/framework/src/Illuminate/Foundation/Bootstrap/RegisterProviders.php:37
/var/www/html/vendor/laravel/framework/src/Illuminate/Foundation/Application.php:342
/var/www/html/vendor/laravel/framework/src/Illuminate/Foundation/Http/Kernel.php:186
/var/www/html/tests/SafeTestBase.php:71
/var/www/html/tests/SafeMiddlewareTestBase.php:22</error>
        </testcase>
        <testcase name="test_share_errors_from_session_middleware_handles_api_requests" file="/var/www/html/tests/Feature/Http/Middleware/ShareErrorsFromSessionTest.php" line="98" class="Tests\Feature\Http\Middleware\ShareErrorsFromSessionTest" classname="Tests.Feature.Http.Middleware.ShareErrorsFromSessionTest" assertions="0" time="0.000000">
          <error type="Error">Tests\Feature\Http\Middleware\ShareErrorsFromSessionTest::test_share_errors_from_session_middleware_handles_api_requests
Error: Class "Laravel\Dusk\DuskServiceProvider" not found

/var/www/html/vendor/laravel/framework/src/Illuminate/Foundation/Application.php:961
/var/www/html/vendor/laravel/framework/src/Illuminate/Foundation/Application.php:893
/var/www/html/app/Providers/AppServiceProvider.php:51
/var/www/html/vendor/laravel/framework/src/Illuminate/Foundation/Application.php:896
/var/www/html/vendor/laravel/framework/src/Illuminate/Foundation/ProviderRepository.php:74
/var/www/html/vendor/laravel/framework/src/Illuminate/Foundation/Application.php:871
/var/www/html/vendor/laravel/framework/src/Illuminate/Foundation/Bootstrap/RegisterProviders.php:37
/var/www/html/vendor/laravel/framework/src/Illuminate/Foundation/Application.php:342
/var/www/html/vendor/laravel/framework/src/Illuminate/Foundation/Http/Kernel.php:186
/var/www/html/tests/SafeTestBase.php:71
/var/www/html/tests/SafeMiddlewareTestBase.php:22</error>
        </testcase>
        <testcase name="test_can_be_instantiated" file="/var/www/html/tests/SafeTestBase.php" line="81" class="Tests\Feature\Http\Middleware\ShareErrorsFromSessionTest" classname="Tests.Feature.Http.Middleware.ShareErrorsFromSessionTest" assertions="0" time="0.000000">
          <error type="Error">Tests\Feature\Http\Middleware\ShareErrorsFromSessionTest::test_can_be_instantiated
Error: Class "Laravel\Dusk\DuskServiceProvider" not found

/var/www/html/vendor/laravel/framework/src/Illuminate/Foundation/Application.php:961
/var/www/html/vendor/laravel/framework/src/Illuminate/Foundation/Application.php:893
/var/www/html/app/Providers/AppServiceProvider.php:51
/var/www/html/vendor/laravel/framework/src/Illuminate/Foundation/Application.php:896
/var/www/html/vendor/laravel/framework/src/Illuminate/Foundation/ProviderRepository.php:74
/var/www/html/vendor/laravel/framework/src/Illuminate/Foundation/Application.php:871
/var/www/html/vendor/laravel/framework/src/Illuminate/Foundation/Bootstrap/RegisterProviders.php:37
/var/www/html/vendor/laravel/framework/src/Illuminate/Foundation/Application.php:342
/var/www/html/vendor/laravel/framework/src/Illuminate/Foundation/Http/Kernel.php:186
/var/www/html/tests/SafeTestBase.php:71
/var/www/html/tests/SafeMiddlewareTestBase.php:22</error>
        </testcase>
        <testcase name="test_share_errors_from_session_middleware_handles_post_requests" file="/var/www/html/tests/Feature/Http/Middleware/ShareErrorsFromSessionTest.php" line="79" class="Tests\Feature\Http\Middleware\ShareErrorsFromSessionTest" classname="Tests.Feature.Http.Middleware.ShareErrorsFromSessionTest" assertions="0" time="0.000000">
          <error type="Error">Tests\Feature\Http\Middleware\ShareErrorsFromSessionTest::test_share_errors_from_session_middleware_handles_post_requests
Error: Class "Laravel\Dusk\DuskServiceProvider" not found

/var/www/html/vendor/laravel/framework/src/Illuminate/Foundation/Application.php:961
/var/www/html/vendor/laravel/framework/src/Illuminate/Foundation/Application.php:893
/var/www/html/app/Providers/AppServiceProvider.php:51
/var/www/html/vendor/laravel/framework/src/Illuminate/Foundation/Application.php:896
/var/www/html/vendor/laravel/framework/src/Illuminate/Foundation/ProviderRepository.php:74
/var/www/html/vendor/laravel/framework/src/Illuminate/Foundation/Application.php:871
/var/www/html/vendor/laravel/framework/src/Illuminate/Foundation/Bootstrap/RegisterProviders.php:37
/var/www/html/vendor/laravel/framework/src/Illuminate/Foundation/Application.php:342
/var/www/html/vendor/laravel/framework/src/Illuminate/Foundation/Http/Kernel.php:186
/var/www/html/tests/SafeTestBase.php:71
/var/www/html/tests/SafeMiddlewareTestBase.php:22</error>
        </testcase>
      </testsuite>
      <testsuite name="Tests\Feature\Services\ProductServiceTest" file="/var/www/html/tests/Feature/Services/ProductServiceTest.php" tests="5" assertions="0" errors="5" failures="0" skipped="0" time="0.000000">
        <testcase name="test_handles_invalid_page_number" file="/var/www/html/tests/Feature/Services/ProductServiceTest.php" line="94" class="Tests\Feature\Services\ProductServiceTest" classname="Tests.Feature.Services.ProductServiceTest" assertions="0" time="0.000000">
          <error type="Error">Tests\Feature\Services\ProductServiceTest::test_handles_invalid_page_number
Error: Class "Laravel\Dusk\DuskServiceProvider" not found

/var/www/html/vendor/laravel/framework/src/Illuminate/Foundation/Application.php:961
/var/www/html/vendor/laravel/framework/src/Illuminate/Foundation/Application.php:893
/var/www/html/app/Providers/AppServiceProvider.php:51
/var/www/html/vendor/laravel/framework/src/Illuminate/Foundation/Application.php:896
/var/www/html/vendor/laravel/framework/src/Illuminate/Foundation/ProviderRepository.php:74
/var/www/html/vendor/laravel/framework/src/Illuminate/Foundation/Application.php:871
/var/www/html/vendor/laravel/framework/src/Illuminate/Foundation/Bootstrap/RegisterProviders.php:37
/var/www/html/vendor/laravel/framework/src/Illuminate/Foundation/Application.php:342
/var/www/html/vendor/laravel/framework/src/Illuminate/Foundation/Console/Kernel.php:473
/var/www/html/tests/CreatesApplication.php:31
/var/www/html/vendor/laravel/framework/src/Illuminate/Foundation/Testing/TestCase.php:54
/var/www/html/vendor/laravel/framework/src/Illuminate/Foundation/Testing/Concerns/InteractsWithTestCaseLifecycle.php:92
/var/www/html/vendor/laravel/framework/src/Illuminate/Foundation/Testing/TestCase.php:44
/var/www/html/tests/TestCase.php:36
/var/www/html/tests/Feature/Services/ProductServiceTest.php:29</error>
        </testcase>
        <testcase name="test_returns_paginated_products_from_cache" file="/var/www/html/tests/Feature/Services/ProductServiceTest.php" line="42" class="Tests\Feature\Services\ProductServiceTest" classname="Tests.Feature.Services.ProductServiceTest" assertions="0" time="0.000000">
          <error type="Error">Tests\Feature\Services\ProductServiceTest::test_returns_paginated_products_from_cache
Error: Class "Laravel\Dusk\DuskServiceProvider" not found

/var/www/html/vendor/laravel/framework/src/Illuminate/Foundation/Application.php:961
/var/www/html/vendor/laravel/framework/src/Illuminate/Foundation/Application.php:893
/var/www/html/app/Providers/AppServiceProvider.php:51
/var/www/html/vendor/laravel/framework/src/Illuminate/Foundation/Application.php:896
/var/www/html/vendor/laravel/framework/src/Illuminate/Foundation/ProviderRepository.php:74
/var/www/html/vendor/laravel/framework/src/Illuminate/Foundation/Application.php:871
/var/www/html/vendor/laravel/framework/src/Illuminate/Foundation/Bootstrap/RegisterProviders.php:37
/var/www/html/vendor/laravel/framework/src/Illuminate/Foundation/Application.php:342
/var/www/html/vendor/laravel/framework/src/Illuminate/Foundation/Console/Kernel.php:473
/var/www/html/tests/CreatesApplication.php:31
/var/www/html/vendor/laravel/framework/src/Illuminate/Foundation/Testing/TestCase.php:54
/var/www/html/vendor/laravel/framework/src/Illuminate/Foundation/Testing/Concerns/InteractsWithTestCaseLifecycle.php:92
/var/www/html/vendor/laravel/framework/src/Illuminate/Foundation/Testing/TestCase.php:44
/var/www/html/tests/TestCase.php:36
/var/www/html/tests/Feature/Services/ProductServiceTest.php:29</error>
        </testcase>
        <testcase name="test_uses_default_per_page_when_not_specified" file="/var/www/html/tests/Feature/Services/ProductServiceTest.php" line="121" class="Tests\Feature\Services\ProductServiceTest" classname="Tests.Feature.Services.ProductServiceTest" assertions="0" time="0.000000">
          <error type="Error">Tests\Feature\Services\ProductServiceTest::test_uses_default_per_page_when_not_specified
Error: Class "Laravel\Dusk\DuskServiceProvider" not found

/var/www/html/vendor/laravel/framework/src/Illuminate/Foundation/Application.php:961
/var/www/html/vendor/laravel/framework/src/Illuminate/Foundation/Application.php:893
/var/www/html/app/Providers/AppServiceProvider.php:51
/var/www/html/vendor/laravel/framework/src/Illuminate/Foundation/Application.php:896
/var/www/html/vendor/laravel/framework/src/Illuminate/Foundation/ProviderRepository.php:74
/var/www/html/vendor/laravel/framework/src/Illuminate/Foundation/Application.php:871
/var/www/html/vendor/laravel/framework/src/Illuminate/Foundation/Bootstrap/RegisterProviders.php:37
/var/www/html/vendor/laravel/framework/src/Illuminate/Foundation/Application.php:342
/var/www/html/vendor/laravel/framework/src/Illuminate/Foundation/Console/Kernel.php:473
/var/www/html/tests/CreatesApplication.php:31
/var/www/html/vendor/laravel/framework/src/Illuminate/Foundation/Testing/TestCase.php:54
/var/www/html/vendor/laravel/framework/src/Illuminate/Foundation/Testing/Concerns/InteractsWithTestCaseLifecycle.php:92
/var/www/html/vendor/laravel/framework/src/Illuminate/Foundation/Testing/TestCase.php:44
/var/www/html/tests/TestCase.php:36
/var/www/html/tests/Feature/Services/ProductServiceTest.php:29</error>
        </testcase>
        <testcase name="test_calls_repository_when_cache_miss" file="/var/www/html/tests/Feature/Services/ProductServiceTest.php" line="140" class="Tests\Feature\Services\ProductServiceTest" classname="Tests.Feature.Services.ProductServiceTest" assertions="0" time="0.000000">
          <error type="Error">Tests\Feature\Services\ProductServiceTest::test_calls_repository_when_cache_miss
Error: Class "Laravel\Dusk\DuskServiceProvider" not found

/var/www/html/vendor/laravel/framework/src/Illuminate/Foundation/Application.php:961
/var/www/html/vendor/laravel/framework/src/Illuminate/Foundation/Application.php:893
/var/www/html/app/Providers/AppServiceProvider.php:51
/var/www/html/vendor/laravel/framework/src/Illuminate/Foundation/Application.php:896
/var/www/html/vendor/laravel/framework/src/Illuminate/Foundation/ProviderRepository.php:74
/var/www/html/vendor/laravel/framework/src/Illuminate/Foundation/Application.php:871
/var/www/html/vendor/laravel/framework/src/Illuminate/Foundation/Bootstrap/RegisterProviders.php:37
/var/www/html/vendor/laravel/framework/src/Illuminate/Foundation/Application.php:342
/var/www/html/vendor/laravel/framework/src/Illuminate/Foundation/Console/Kernel.php:473
/var/www/html/tests/CreatesApplication.php:31
/var/www/html/vendor/laravel/framework/src/Illuminate/Foundation/Testing/TestCase.php:54
/var/www/html/vendor/laravel/framework/src/Illuminate/Foundation/Testing/Concerns/InteractsWithTestCaseLifecycle.php:92
/var/www/html/vendor/laravel/framework/src/Illuminate/Foundation/Testing/TestCase.php:44
/var/www/html/tests/TestCase.php:36
/var/www/html/tests/Feature/Services/ProductServiceTest.php:29</error>
        </testcase>
        <testcase name="test_returns_empty_paginator_when_cache_returns_null" file="/var/www/html/tests/Feature/Services/ProductServiceTest.php" line="74" class="Tests\Feature\Services\ProductServiceTest" classname="Tests.Feature.Services.ProductServiceTest" assertions="0" time="0.000000">
          <error type="Error">Tests\Feature\Services\ProductServiceTest::test_returns_empty_paginator_when_cache_returns_null
Error: Class "Laravel\Dusk\DuskServiceProvider" not found

/var/www/html/vendor/laravel/framework/src/Illuminate/Foundation/Application.php:961
/var/www/html/vendor/laravel/framework/src/Illuminate/Foundation/Application.php:893
/var/www/html/app/Providers/AppServiceProvider.php:51
/var/www/html/vendor/laravel/framework/src/Illuminate/Foundation/Application.php:896
/var/www/html/vendor/laravel/framework/src/Illuminate/Foundation/ProviderRepository.php:74
/var/www/html/vendor/laravel/framework/src/Illuminate/Foundation/Application.php:871
/var/www/html/vendor/laravel/framework/src/Illuminate/Foundation/Bootstrap/RegisterProviders.php:37
/var/www/html/vendor/laravel/framework/src/Illuminate/Foundation/Application.php:342
/var/www/html/vendor/laravel/framework/src/Illuminate/Foundation/Console/Kernel.php:473
/var/www/html/tests/CreatesApplication.php:31
/var/www/html/vendor/laravel/framework/src/Illuminate/Foundation/Testing/TestCase.php:54
/var/www/html/vendor/laravel/framework/src/Illuminate/Foundation/Testing/Concerns/InteractsWithTestCaseLifecycle.php:92
/var/www/html/vendor/laravel/framework/src/Illuminate/Foundation/Testing/TestCase.php:44
/var/www/html/tests/TestCase.php:36
/var/www/html/tests/Feature/Services/ProductServiceTest.php:29</error>
        </testcase>
      </testsuite>
      <testsuite name="Tests\Feature\PermissionControlTest" file="/var/www/html/tests/Feature/PermissionControlTest.php" tests="3" assertions="0" errors="3" failures="0" skipped="0" time="0.000000">
        <testcase name="test_validation" file="/var/www/html/tests/Feature/PermissionControlTest.php" line="32" class="Tests\Feature\PermissionControlTest" classname="Tests.Feature.PermissionControlTest" assertions="0" time="0.000000">
          <error type="Error">Tests\Feature\PermissionControlTest::test_validation
Error: Class "Laravel\Dusk\DuskServiceProvider" not found

/var/www/html/vendor/laravel/framework/src/Illuminate/Foundation/Application.php:961
/var/www/html/vendor/laravel/framework/src/Illuminate/Foundation/Application.php:893
/var/www/html/app/Providers/AppServiceProvider.php:51
/var/www/html/vendor/laravel/framework/src/Illuminate/Foundation/Application.php:896
/var/www/html/vendor/laravel/framework/src/Illuminate/Foundation/ProviderRepository.php:74
/var/www/html/vendor/laravel/framework/src/Illuminate/Foundation/Application.php:871
/var/www/html/vendor/laravel/framework/src/Illuminate/Foundation/Bootstrap/RegisterProviders.php:37
/var/www/html/vendor/laravel/framework/src/Illuminate/Foundation/Application.php:342
/var/www/html/vendor/laravel/framework/src/Illuminate/Foundation/Console/Kernel.php:473
/var/www/html/tests/CreatesApplication.php:31
/var/www/html/vendor/laravel/framework/src/Illuminate/Foundation/Testing/TestCase.php:54
/var/www/html/vendor/laravel/framework/src/Illuminate/Foundation/Testing/Concerns/InteractsWithTestCaseLifecycle.php:92
/var/www/html/vendor/laravel/framework/src/Illuminate/Foundation/Testing/TestCase.php:44
/var/www/html/tests/TestCase.php:36
/var/www/html/tests/Feature/PermissionControlTest.php:40</error>
        </testcase>
        <testcase name="test_basic_functionality" file="/var/www/html/tests/Feature/PermissionControlTest.php" line="18" class="Tests\Feature\PermissionControlTest" classname="Tests.Feature.PermissionControlTest" assertions="0" time="0.000000">
          <error type="Error">Tests\Feature\PermissionControlTest::test_basic_functionality
Error: Class "Laravel\Dusk\DuskServiceProvider" not found

/var/www/html/vendor/laravel/framework/src/Illuminate/Foundation/Application.php:961
/var/www/html/vendor/laravel/framework/src/Illuminate/Foundation/Application.php:893
/var/www/html/app/Providers/AppServiceProvider.php:51
/var/www/html/vendor/laravel/framework/src/Illuminate/Foundation/Application.php:896
/var/www/html/vendor/laravel/framework/src/Illuminate/Foundation/ProviderRepository.php:74
/var/www/html/vendor/laravel/framework/src/Illuminate/Foundation/Application.php:871
/var/www/html/vendor/laravel/framework/src/Illuminate/Foundation/Bootstrap/RegisterProviders.php:37
/var/www/html/vendor/laravel/framework/src/Illuminate/Foundation/Application.php:342
/var/www/html/vendor/laravel/framework/src/Illuminate/Foundation/Console/Kernel.php:473
/var/www/html/tests/CreatesApplication.php:31
/var/www/html/vendor/laravel/framework/src/Illuminate/Foundation/Testing/TestCase.php:54
/var/www/html/vendor/laravel/framework/src/Illuminate/Foundation/Testing/Concerns/InteractsWithTestCaseLifecycle.php:92
/var/www/html/vendor/laravel/framework/src/Illuminate/Foundation/Testing/TestCase.php:44
/var/www/html/tests/TestCase.php:36
/var/www/html/tests/Feature/PermissionControlTest.php:40</error>
        </testcase>
        <testcase name="test_expected_behavior" file="/var/www/html/tests/Feature/PermissionControlTest.php" line="25" class="Tests\Feature\PermissionControlTest" classname="Tests.Feature.PermissionControlTest" assertions="0" time="0.000000">
          <error type="Error">Tests\Feature\PermissionControlTest::test_expected_behavior
Error: Class "Laravel\Dusk\DuskServiceProvider" not found

/var/www/html/vendor/laravel/framework/src/Illuminate/Foundation/Application.php:961
/var/www/html/vendor/laravel/framework/src/Illuminate/Foundation/Application.php:893
/var/www/html/app/Providers/AppServiceProvider.php:51
/var/www/html/vendor/laravel/framework/src/Illuminate/Foundation/Application.php:896
/var/www/html/vendor/laravel/framework/src/Illuminate/Foundation/ProviderRepository.php:74
/var/www/html/vendor/laravel/framework/src/Illuminate/Foundation/Application.php:871
/var/www/html/vendor/laravel/framework/src/Illuminate/Foundation/Bootstrap/RegisterProviders.php:37
/var/www/html/vendor/laravel/framework/src/Illuminate/Foundation/Application.php:342
/var/www/html/vendor/laravel/framework/src/Illuminate/Foundation/Console/Kernel.php:473
/var/www/html/tests/CreatesApplication.php:31
/var/www/html/vendor/laravel/framework/src/Illuminate/Foundation/Testing/TestCase.php:54
/var/www/html/vendor/laravel/framework/src/Illuminate/Foundation/Testing/Concerns/InteractsWithTestCaseLifecycle.php:92
/var/www/html/vendor/laravel/framework/src/Illuminate/Foundation/Testing/TestCase.php:44
/var/www/html/tests/TestCase.php:36
/var/www/html/tests/Feature/PermissionControlTest.php:40</error>
        </testcase>
      </testsuite>
      <testsuite name="Tests\Feature\Http\Middleware\ThrottleRequestsTest" file="/var/www/html/tests/Feature/Http/Middleware/ThrottleRequestsTest.php" tests="5" assertions="0" errors="5" failures="0" skipped="0" time="0.000000">
        <testcase name="test_throttle_requests_middleware_handles_different_ips_separately" file="/var/www/html/tests/Feature/Http/Middleware/ThrottleRequestsTest.php" line="79" class="Tests\Feature\Http\Middleware\ThrottleRequestsTest" classname="Tests.Feature.Http.Middleware.ThrottleRequestsTest" assertions="0" time="0.000000">
          <error type="Error">Tests\Feature\Http\Middleware\ThrottleRequestsTest::test_throttle_requests_middleware_handles_different_ips_separately
Error: Class "Laravel\Dusk\DuskServiceProvider" not found

/var/www/html/vendor/laravel/framework/src/Illuminate/Foundation/Application.php:961
/var/www/html/vendor/laravel/framework/src/Illuminate/Foundation/Application.php:893
/var/www/html/app/Providers/AppServiceProvider.php:51
/var/www/html/vendor/laravel/framework/src/Illuminate/Foundation/Application.php:896
/var/www/html/vendor/laravel/framework/src/Illuminate/Foundation/ProviderRepository.php:74
/var/www/html/vendor/laravel/framework/src/Illuminate/Foundation/Application.php:871
/var/www/html/vendor/laravel/framework/src/Illuminate/Foundation/Bootstrap/RegisterProviders.php:37
/var/www/html/vendor/laravel/framework/src/Illuminate/Foundation/Application.php:342
/var/www/html/vendor/laravel/framework/src/Illuminate/Foundation/Console/Kernel.php:473
/var/www/html/tests/CreatesApplication.php:31
/var/www/html/vendor/laravel/framework/src/Illuminate/Foundation/Testing/TestCase.php:54
/var/www/html/vendor/laravel/framework/src/Illuminate/Foundation/Testing/Concerns/InteractsWithTestCaseLifecycle.php:92
/var/www/html/vendor/laravel/framework/src/Illuminate/Foundation/Testing/TestCase.php:44
/var/www/html/tests/TestCase.php:36
/var/www/html/tests/Feature/Http/Middleware/ThrottleRequestsTest.php:21</error>
        </testcase>
        <testcase name="test_throttle_requests_middleware_blocks_requests_exceeding_limit" file="/var/www/html/tests/Feature/Http/Middleware/ThrottleRequestsTest.php" line="39" class="Tests\Feature\Http\Middleware\ThrottleRequestsTest" classname="Tests.Feature.Http.Middleware.ThrottleRequestsTest" assertions="0" time="0.000000">
          <error type="Error">Tests\Feature\Http\Middleware\ThrottleRequestsTest::test_throttle_requests_middleware_blocks_requests_exceeding_limit
Error: Class "Laravel\Dusk\DuskServiceProvider" not found

/var/www/html/vendor/laravel/framework/src/Illuminate/Foundation/Application.php:961
/var/www/html/vendor/laravel/framework/src/Illuminate/Foundation/Application.php:893
/var/www/html/app/Providers/AppServiceProvider.php:51
/var/www/html/vendor/laravel/framework/src/Illuminate/Foundation/Application.php:896
/var/www/html/vendor/laravel/framework/src/Illuminate/Foundation/ProviderRepository.php:74
/var/www/html/vendor/laravel/framework/src/Illuminate/Foundation/Application.php:871
/var/www/html/vendor/laravel/framework/src/Illuminate/Foundation/Bootstrap/RegisterProviders.php:37
/var/www/html/vendor/laravel/framework/src/Illuminate/Foundation/Application.php:342
/var/www/html/vendor/laravel/framework/src/Illuminate/Foundation/Console/Kernel.php:473
/var/www/html/tests/CreatesApplication.php:31
/var/www/html/vendor/laravel/framework/src/Illuminate/Foundation/Testing/TestCase.php:54
/var/www/html/vendor/laravel/framework/src/Illuminate/Foundation/Testing/Concerns/InteractsWithTestCaseLifecycle.php:92
/var/www/html/vendor/laravel/framework/src/Illuminate/Foundation/Testing/TestCase.php:44
/var/www/html/tests/TestCase.php:36
/var/www/html/tests/Feature/Http/Middleware/ThrottleRequestsTest.php:21</error>
        </testcase>
        <testcase name="test_throttle_requests_middleware_allows_requests_within_limit" file="/var/www/html/tests/Feature/Http/Middleware/ThrottleRequestsTest.php" line="25" class="Tests\Feature\Http\Middleware\ThrottleRequestsTest" classname="Tests.Feature.Http.Middleware.ThrottleRequestsTest" assertions="0" time="0.000000">
          <error type="Error">Tests\Feature\Http\Middleware\ThrottleRequestsTest::test_throttle_requests_middleware_allows_requests_within_limit
Error: Class "Laravel\Dusk\DuskServiceProvider" not found

/var/www/html/vendor/laravel/framework/src/Illuminate/Foundation/Application.php:961
/var/www/html/vendor/laravel/framework/src/Illuminate/Foundation/Application.php:893
/var/www/html/app/Providers/AppServiceProvider.php:51
/var/www/html/vendor/laravel/framework/src/Illuminate/Foundation/Application.php:896
/var/www/html/vendor/laravel/framework/src/Illuminate/Foundation/ProviderRepository.php:74
/var/www/html/vendor/laravel/framework/src/Illuminate/Foundation/Application.php:871
/var/www/html/vendor/laravel/framework/src/Illuminate/Foundation/Bootstrap/RegisterProviders.php:37
/var/www/html/vendor/laravel/framework/src/Illuminate/Foundation/Application.php:342
/var/www/html/vendor/laravel/framework/src/Illuminate/Foundation/Console/Kernel.php:473
/var/www/html/tests/CreatesApplication.php:31
/var/www/html/vendor/laravel/framework/src/Illuminate/Foundation/Testing/TestCase.php:54
/var/www/html/vendor/laravel/framework/src/Illuminate/Foundation/Testing/Concerns/InteractsWithTestCaseLifecycle.php:92
/var/www/html/vendor/laravel/framework/src/Illuminate/Foundation/Testing/TestCase.php:44
/var/www/html/tests/TestCase.php:36
/var/www/html/tests/Feature/Http/Middleware/ThrottleRequestsTest.php:21</error>
        </testcase>
        <testcase name="test_throttle_requests_middleware_resets_after_time_window" file="/var/www/html/tests/Feature/Http/Middleware/ThrottleRequestsTest.php" line="107" class="Tests\Feature\Http\Middleware\ThrottleRequestsTest" classname="Tests.Feature.Http.Middleware.ThrottleRequestsTest" assertions="0" time="0.000000">
          <error type="Error">Tests\Feature\Http\Middleware\ThrottleRequestsTest::test_throttle_requests_middleware_resets_after_time_window
Error: Class "Laravel\Dusk\DuskServiceProvider" not found

/var/www/html/vendor/laravel/framework/src/Illuminate/Foundation/Application.php:961
/var/www/html/vendor/laravel/framework/src/Illuminate/Foundation/Application.php:893
/var/www/html/app/Providers/AppServiceProvider.php:51
/var/www/html/vendor/laravel/framework/src/Illuminate/Foundation/Application.php:896
/var/www/html/vendor/laravel/framework/src/Illuminate/Foundation/ProviderRepository.php:74
/var/www/html/vendor/laravel/framework/src/Illuminate/Foundation/Application.php:871
/var/www/html/vendor/laravel/framework/src/Illuminate/Foundation/Bootstrap/RegisterProviders.php:37
/var/www/html/vendor/laravel/framework/src/Illuminate/Foundation/Application.php:342
/var/www/html/vendor/laravel/framework/src/Illuminate/Foundation/Console/Kernel.php:473
/var/www/html/tests/CreatesApplication.php:31
/var/www/html/vendor/laravel/framework/src/Illuminate/Foundation/Testing/TestCase.php:54
/var/www/html/vendor/laravel/framework/src/Illuminate/Foundation/Testing/Concerns/InteractsWithTestCaseLifecycle.php:92
/var/www/html/vendor/laravel/framework/src/Illuminate/Foundation/Testing/TestCase.php:44
/var/www/html/tests/TestCase.php:36
/var/www/html/tests/Feature/Http/Middleware/ThrottleRequestsTest.php:21</error>
        </testcase>
        <testcase name="test_throttle_requests_middleware_includes_retry_after_header" file="/var/www/html/tests/Feature/Http/Middleware/ThrottleRequestsTest.php" line="56" class="Tests\Feature\Http\Middleware\ThrottleRequestsTest" classname="Tests.Feature.Http.Middleware.ThrottleRequestsTest" assertions="0" time="0.000000">
          <error type="Error">Tests\Feature\Http\Middleware\ThrottleRequestsTest::test_throttle_requests_middleware_includes_retry_after_header
Error: Class "Laravel\Dusk\DuskServiceProvider" not found

/var/www/html/vendor/laravel/framework/src/Illuminate/Foundation/Application.php:961
/var/www/html/vendor/laravel/framework/src/Illuminate/Foundation/Application.php:893
/var/www/html/app/Providers/AppServiceProvider.php:51
/var/www/html/vendor/laravel/framework/src/Illuminate/Foundation/Application.php:896
/var/www/html/vendor/laravel/framework/src/Illuminate/Foundation/ProviderRepository.php:74
/var/www/html/vendor/laravel/framework/src/Illuminate/Foundation/Application.php:871
/var/www/html/vendor/laravel/framework/src/Illuminate/Foundation/Bootstrap/RegisterProviders.php:37
/var/www/html/vendor/laravel/framework/src/Illuminate/Foundation/Application.php:342
/var/www/html/vendor/laravel/framework/src/Illuminate/Foundation/Console/Kernel.php:473
/var/www/html/tests/CreatesApplication.php:31
/var/www/html/vendor/laravel/framework/src/Illuminate/Foundation/Testing/TestCase.php:54
/var/www/html/vendor/laravel/framework/src/Illuminate/Foundation/Testing/Concerns/InteractsWithTestCaseLifecycle.php:92
/var/www/html/vendor/laravel/framework/src/Illuminate/Foundation/Testing/TestCase.php:44
/var/www/html/tests/TestCase.php:36
/var/www/html/tests/Feature/Http/Middleware/ThrottleRequestsTest.php:21</error>
        </testcase>
      </testsuite>
      <testsuite name="Tests\Feature\Console\Commands\UpdatePricesCommandTest" file="/var/www/html/tests/Feature/Console/Commands/UpdatePricesCommandTest.php" tests="4" assertions="0" errors="4" failures="0" skipped="0" time="0.000000">
        <testcase name="update_prices_command_filters_by_product" file="/var/www/html/tests/Feature/Console/Commands/UpdatePricesCommandTest.php" line="34" class="Tests\Feature\Console\Commands\UpdatePricesCommandTest" classname="Tests.Feature.Console.Commands.UpdatePricesCommandTest" assertions="0" time="0.000000">
          <error type="Error">Tests\Feature\Console\Commands\UpdatePricesCommandTest::update_prices_command_filters_by_product
Error: Class "Laravel\Dusk\DuskServiceProvider" not found

/var/www/html/vendor/laravel/framework/src/Illuminate/Foundation/Application.php:961
/var/www/html/vendor/laravel/framework/src/Illuminate/Foundation/Application.php:893
/var/www/html/app/Providers/AppServiceProvider.php:51
/var/www/html/vendor/laravel/framework/src/Illuminate/Foundation/Application.php:896
/var/www/html/vendor/laravel/framework/src/Illuminate/Foundation/ProviderRepository.php:74
/var/www/html/vendor/laravel/framework/src/Illuminate/Foundation/Application.php:871
/var/www/html/vendor/laravel/framework/src/Illuminate/Foundation/Bootstrap/RegisterProviders.php:37
/var/www/html/vendor/laravel/framework/src/Illuminate/Foundation/Application.php:342
/var/www/html/vendor/laravel/framework/src/Illuminate/Foundation/Console/Kernel.php:473
/var/www/html/tests/CreatesApplication.php:31
/var/www/html/vendor/laravel/framework/src/Illuminate/Foundation/Testing/TestCase.php:54
/var/www/html/vendor/laravel/framework/src/Illuminate/Foundation/Testing/Concerns/InteractsWithTestCaseLifecycle.php:92
/var/www/html/vendor/laravel/framework/src/Illuminate/Foundation/Testing/TestCase.php:44
/var/www/html/tests/TestCase.php:36</error>
        </testcase>
        <testcase name="update_prices_command_runs_successfully" file="/var/www/html/tests/Feature/Console/Commands/UpdatePricesCommandTest.php" line="16" class="Tests\Feature\Console\Commands\UpdatePricesCommandTest" classname="Tests.Feature.Console.Commands.UpdatePricesCommandTest" assertions="0" time="0.000000">
          <error type="Error">Tests\Feature\Console\Commands\UpdatePricesCommandTest::update_prices_command_runs_successfully
Error: Class "Laravel\Dusk\DuskServiceProvider" not found

/var/www/html/vendor/laravel/framework/src/Illuminate/Foundation/Application.php:961
/var/www/html/vendor/laravel/framework/src/Illuminate/Foundation/Application.php:893
/var/www/html/app/Providers/AppServiceProvider.php:51
/var/www/html/vendor/laravel/framework/src/Illuminate/Foundation/Application.php:896
/var/www/html/vendor/laravel/framework/src/Illuminate/Foundation/ProviderRepository.php:74
/var/www/html/vendor/laravel/framework/src/Illuminate/Foundation/Application.php:871
/var/www/html/vendor/laravel/framework/src/Illuminate/Foundation/Bootstrap/RegisterProviders.php:37
/var/www/html/vendor/laravel/framework/src/Illuminate/Foundation/Application.php:342
/var/www/html/vendor/laravel/framework/src/Illuminate/Foundation/Console/Kernel.php:473
/var/www/html/tests/CreatesApplication.php:31
/var/www/html/vendor/laravel/framework/src/Illuminate/Foundation/Testing/TestCase.php:54
/var/www/html/vendor/laravel/framework/src/Illuminate/Foundation/Testing/Concerns/InteractsWithTestCaseLifecycle.php:92
/var/www/html/vendor/laravel/framework/src/Illuminate/Foundation/Testing/TestCase.php:44
/var/www/html/tests/TestCase.php:36</error>
        </testcase>
        <testcase name="update_prices_command_filters_by_store" file="/var/www/html/tests/Feature/Console/Commands/UpdatePricesCommandTest.php" line="28" class="Tests\Feature\Console\Commands\UpdatePricesCommandTest" classname="Tests.Feature.Console.Commands.UpdatePricesCommandTest" assertions="0" time="0.000000">
          <error type="Error">Tests\Feature\Console\Commands\UpdatePricesCommandTest::update_prices_command_filters_by_store
Error: Class "Laravel\Dusk\DuskServiceProvider" not found

/var/www/html/vendor/laravel/framework/src/Illuminate/Foundation/Application.php:961
/var/www/html/vendor/laravel/framework/src/Illuminate/Foundation/Application.php:893
/var/www/html/app/Providers/AppServiceProvider.php:51
/var/www/html/vendor/laravel/framework/src/Illuminate/Foundation/Application.php:896
/var/www/html/vendor/laravel/framework/src/Illuminate/Foundation/ProviderRepository.php:74
/var/www/html/vendor/laravel/framework/src/Illuminate/Foundation/Application.php:871
/var/www/html/vendor/laravel/framework/src/Illuminate/Foundation/Bootstrap/RegisterProviders.php:37
/var/www/html/vendor/laravel/framework/src/Illuminate/Foundation/Application.php:342
/var/www/html/vendor/laravel/framework/src/Illuminate/Foundation/Console/Kernel.php:473
/var/www/html/tests/CreatesApplication.php:31
/var/www/html/vendor/laravel/framework/src/Illuminate/Foundation/Testing/TestCase.php:54
/var/www/html/vendor/laravel/framework/src/Illuminate/Foundation/Testing/Concerns/InteractsWithTestCaseLifecycle.php:92
/var/www/html/vendor/laravel/framework/src/Illuminate/Foundation/Testing/TestCase.php:44
/var/www/html/tests/TestCase.php:36</error>
        </testcase>
        <testcase name="update_prices_command_runs_in_dry_run_mode" file="/var/www/html/tests/Feature/Console/Commands/UpdatePricesCommandTest.php" line="22" class="Tests\Feature\Console\Commands\UpdatePricesCommandTest" classname="Tests.Feature.Console.Commands.UpdatePricesCommandTest" assertions="0" time="0.000000">
          <error type="Error">Tests\Feature\Console\Commands\UpdatePricesCommandTest::update_prices_command_runs_in_dry_run_mode
Error: Class "Laravel\Dusk\DuskServiceProvider" not found

/var/www/html/vendor/laravel/framework/src/Illuminate/Foundation/Application.php:961
/var/www/html/vendor/laravel/framework/src/Illuminate/Foundation/Application.php:893
/var/www/html/app/Providers/AppServiceProvider.php:51
/var/www/html/vendor/laravel/framework/src/Illuminate/Foundation/Application.php:896
/var/www/html/vendor/laravel/framework/src/Illuminate/Foundation/ProviderRepository.php:74
/var/www/html/vendor/laravel/framework/src/Illuminate/Foundation/Application.php:871
/var/www/html/vendor/laravel/framework/src/Illuminate/Foundation/Bootstrap/RegisterProviders.php:37
/var/www/html/vendor/laravel/framework/src/Illuminate/Foundation/Application.php:342
/var/www/html/vendor/laravel/framework/src/Illuminate/Foundation/Console/Kernel.php:473
/var/www/html/tests/CreatesApplication.php:31
/var/www/html/vendor/laravel/framework/src/Illuminate/Foundation/Testing/TestCase.php:54
/var/www/html/vendor/laravel/framework/src/Illuminate/Foundation/Testing/Concerns/InteractsWithTestCaseLifecycle.php:92
/var/www/html/vendor/laravel/framework/src/Illuminate/Foundation/Testing/TestCase.php:44
/var/www/html/tests/TestCase.php:36</error>
        </testcase>
      </testsuite>
      <testsuite name="Tests\Feature\Http\Controllers\Api\DocumentationControllerTest" file="/var/www/html/tests/Feature/Http/Controllers/Api/DocumentationControllerTest.php" tests="24" assertions="0" errors="24" failures="0" skipped="0" time="0.000000">
        <testcase name="test_includes_version_in_health_response" file="/var/www/html/tests/Feature/Http/Controllers/Api/DocumentationControllerTest.php" line="157" class="Tests\Feature\Http\Controllers\Api\DocumentationControllerTest" classname="Tests.Feature.Http.Controllers.Api.DocumentationControllerTest" assertions="0" time="0.000000">
          <error type="Error">Tests\Feature\Http\Controllers\Api\DocumentationControllerTest::test_includes_version_in_health_response
Error: Class "Laravel\Dusk\DuskServiceProvider" not found

/var/www/html/vendor/laravel/framework/src/Illuminate/Foundation/Application.php:961
/var/www/html/vendor/laravel/framework/src/Illuminate/Foundation/Application.php:893
/var/www/html/app/Providers/AppServiceProvider.php:51
/var/www/html/vendor/laravel/framework/src/Illuminate/Foundation/Application.php:896
/var/www/html/vendor/laravel/framework/src/Illuminate/Foundation/ProviderRepository.php:74
/var/www/html/vendor/laravel/framework/src/Illuminate/Foundation/Application.php:871
/var/www/html/vendor/laravel/framework/src/Illuminate/Foundation/Bootstrap/RegisterProviders.php:37
/var/www/html/vendor/laravel/framework/src/Illuminate/Foundation/Application.php:342
/var/www/html/vendor/laravel/framework/src/Illuminate/Foundation/Console/Kernel.php:473
/var/www/html/tests/CreatesApplication.php:31
/var/www/html/vendor/laravel/framework/src/Illuminate/Foundation/Testing/TestCase.php:54
/var/www/html/vendor/laravel/framework/src/Illuminate/Foundation/Testing/Concerns/InteractsWithTestCaseLifecycle.php:92
/var/www/html/vendor/laravel/framework/src/Illuminate/Foundation/Testing/TestCase.php:44
/var/www/html/tests/TestCase.php:36</error>
        </testcase>
        <testcase name="test_handles_cache_test_failure" file="/var/www/html/tests/Feature/Http/Controllers/Api/DocumentationControllerTest.php" line="271" class="Tests\Feature\Http\Controllers\Api\DocumentationControllerTest" classname="Tests.Feature.Http.Controllers.Api.DocumentationControllerTest" assertions="0" time="0.000000">
          <error type="Error">Tests\Feature\Http\Controllers\Api\DocumentationControllerTest::test_handles_cache_test_failure
Error: Class "Laravel\Dusk\DuskServiceProvider" not found

/var/www/html/vendor/laravel/framework/src/Illuminate/Foundation/Application.php:961
/var/www/html/vendor/laravel/framework/src/Illuminate/Foundation/Application.php:893
/var/www/html/app/Providers/AppServiceProvider.php:51
/var/www/html/vendor/laravel/framework/src/Illuminate/Foundation/Application.php:896
/var/www/html/vendor/laravel/framework/src/Illuminate/Foundation/ProviderRepository.php:74
/var/www/html/vendor/laravel/framework/src/Illuminate/Foundation/Application.php:871
/var/www/html/vendor/laravel/framework/src/Illuminate/Foundation/Bootstrap/RegisterProviders.php:37
/var/www/html/vendor/laravel/framework/src/Illuminate/Foundation/Application.php:342
/var/www/html/vendor/laravel/framework/src/Illuminate/Foundation/Console/Kernel.php:473
/var/www/html/tests/CreatesApplication.php:31
/var/www/html/vendor/laravel/framework/src/Illuminate/Foundation/Testing/TestCase.php:54
/var/www/html/vendor/laravel/framework/src/Illuminate/Foundation/Testing/Concerns/InteractsWithTestCaseLifecycle.php:92
/var/www/html/vendor/laravel/framework/src/Illuminate/Foundation/Testing/TestCase.php:44
/var/www/html/tests/TestCase.php:36</error>
        </testcase>
        <testcase name="test_includes_timestamp_in_health_response" file="/var/www/html/tests/Feature/Http/Controllers/Api/DocumentationControllerTest.php" line="128" class="Tests\Feature\Http\Controllers\Api\DocumentationControllerTest" classname="Tests.Feature.Http.Controllers.Api.DocumentationControllerTest" assertions="0" time="0.000000">
          <error type="Error">Tests\Feature\Http\Controllers\Api\DocumentationControllerTest::test_includes_timestamp_in_health_response
Error: Class "Laravel\Dusk\DuskServiceProvider" not found

/var/www/html/vendor/laravel/framework/src/Illuminate/Foundation/Application.php:961
/var/www/html/vendor/laravel/framework/src/Illuminate/Foundation/Application.php:893
/var/www/html/app/Providers/AppServiceProvider.php:51
/var/www/html/vendor/laravel/framework/src/Illuminate/Foundation/Application.php:896
/var/www/html/vendor/laravel/framework/src/Illuminate/Foundation/ProviderRepository.php:74
/var/www/html/vendor/laravel/framework/src/Illuminate/Foundation/Application.php:871
/var/www/html/vendor/laravel/framework/src/Illuminate/Foundation/Bootstrap/RegisterProviders.php:37
/var/www/html/vendor/laravel/framework/src/Illuminate/Foundation/Application.php:342
/var/www/html/vendor/laravel/framework/src/Illuminate/Foundation/Console/Kernel.php:473
/var/www/html/tests/CreatesApplication.php:31
/var/www/html/vendor/laravel/framework/src/Illuminate/Foundation/Testing/TestCase.php:54
/var/www/html/vendor/laravel/framework/src/Illuminate/Foundation/Testing/Concerns/InteractsWithTestCaseLifecycle.php:92
/var/www/html/vendor/laravel/framework/src/Illuminate/Foundation/Testing/TestCase.php:44
/var/www/html/tests/TestCase.php:36</error>
        </testcase>
        <testcase name="test_handles_cache_exception" file="/var/www/html/tests/Feature/Http/Controllers/Api/DocumentationControllerTest.php" line="305" class="Tests\Feature\Http\Controllers\Api\DocumentationControllerTest" classname="Tests.Feature.Http.Controllers.Api.DocumentationControllerTest" assertions="0" time="0.000000">
          <error type="Error">Tests\Feature\Http\Controllers\Api\DocumentationControllerTest::test_handles_cache_exception
Error: Class "Laravel\Dusk\DuskServiceProvider" not found

/var/www/html/vendor/laravel/framework/src/Illuminate/Foundation/Application.php:961
/var/www/html/vendor/laravel/framework/src/Illuminate/Foundation/Application.php:893
/var/www/html/app/Providers/AppServiceProvider.php:51
/var/www/html/vendor/laravel/framework/src/Illuminate/Foundation/Application.php:896
/var/www/html/vendor/laravel/framework/src/Illuminate/Foundation/ProviderRepository.php:74
/var/www/html/vendor/laravel/framework/src/Illuminate/Foundation/Application.php:871
/var/www/html/vendor/laravel/framework/src/Illuminate/Foundation/Bootstrap/RegisterProviders.php:37
/var/www/html/vendor/laravel/framework/src/Illuminate/Foundation/Application.php:342
/var/www/html/vendor/laravel/framework/src/Illuminate/Foundation/Console/Kernel.php:473
/var/www/html/tests/CreatesApplication.php:31
/var/www/html/vendor/laravel/framework/src/Illuminate/Foundation/Testing/TestCase.php:54
/var/www/html/vendor/laravel/framework/src/Illuminate/Foundation/Testing/Concerns/InteractsWithTestCaseLifecycle.php:92
/var/www/html/vendor/laravel/framework/src/Illuminate/Foundation/Testing/TestCase.php:44
/var/www/html/tests/TestCase.php:36</error>
        </testcase>
        <testcase name="test_tests_database_connection_in_health_check" file="/var/www/html/tests/Feature/Http/Controllers/Api/DocumentationControllerTest.php" line="185" class="Tests\Feature\Http\Controllers\Api\DocumentationControllerTest" classname="Tests.Feature.Http.Controllers.Api.DocumentationControllerTest" assertions="0" time="0.000000">
          <error type="Error">Tests\Feature\Http\Controllers\Api\DocumentationControllerTest::test_tests_database_connection_in_health_check
Error: Class "Laravel\Dusk\DuskServiceProvider" not found

/var/www/html/vendor/laravel/framework/src/Illuminate/Foundation/Application.php:961
/var/www/html/vendor/laravel/framework/src/Illuminate/Foundation/Application.php:893
/var/www/html/app/Providers/AppServiceProvider.php:51
/var/www/html/vendor/laravel/framework/src/Illuminate/Foundation/Application.php:896
/var/www/html/vendor/laravel/framework/src/Illuminate/Foundation/ProviderRepository.php:74
/var/www/html/vendor/laravel/framework/src/Illuminate/Foundation/Application.php:871
/var/www/html/vendor/laravel/framework/src/Illuminate/Foundation/Bootstrap/RegisterProviders.php:37
/var/www/html/vendor/laravel/framework/src/Illuminate/Foundation/Application.php:342
/var/www/html/vendor/laravel/framework/src/Illuminate/Foundation/Console/Kernel.php:473
/var/www/html/tests/CreatesApplication.php:31
/var/www/html/vendor/laravel/framework/src/Illuminate/Foundation/Testing/TestCase.php:54
/var/www/html/vendor/laravel/framework/src/Illuminate/Foundation/Testing/Concerns/InteractsWithTestCaseLifecycle.php:92
/var/www/html/vendor/laravel/framework/src/Illuminate/Foundation/Testing/TestCase.php:44
/var/www/html/tests/TestCase.php:36</error>
        </testcase>
        <testcase name="test_handles_multiple_system_failures_in_health_check" file="/var/www/html/tests/Feature/Http/Controllers/Api/DocumentationControllerTest.php" line="215" class="Tests\Feature\Http\Controllers\Api\DocumentationControllerTest" classname="Tests.Feature.Http.Controllers.Api.DocumentationControllerTest" assertions="0" time="0.000000">
          <error type="Error">Tests\Feature\Http\Controllers\Api\DocumentationControllerTest::test_handles_multiple_system_failures_in_health_check
Error: Class "Laravel\Dusk\DuskServiceProvider" not found

/var/www/html/vendor/laravel/framework/src/Illuminate/Foundation/Application.php:961
/var/www/html/vendor/laravel/framework/src/Illuminate/Foundation/Application.php:893
/var/www/html/app/Providers/AppServiceProvider.php:51
/var/www/html/vendor/laravel/framework/src/Illuminate/Foundation/Application.php:896
/var/www/html/vendor/laravel/framework/src/Illuminate/Foundation/ProviderRepository.php:74
/var/www/html/vendor/laravel/framework/src/Illuminate/Foundation/Application.php:871
/var/www/html/vendor/laravel/framework/src/Illuminate/Foundation/Bootstrap/RegisterProviders.php:37
/var/www/html/vendor/laravel/framework/src/Illuminate/Foundation/Application.php:342
/var/www/html/vendor/laravel/framework/src/Illuminate/Foundation/Console/Kernel.php:473
/var/www/html/tests/CreatesApplication.php:31
/var/www/html/vendor/laravel/framework/src/Illuminate/Foundation/Testing/TestCase.php:54
/var/www/html/vendor/laravel/framework/src/Illuminate/Foundation/Testing/Concerns/InteractsWithTestCaseLifecycle.php:92
/var/www/html/vendor/laravel/framework/src/Illuminate/Foundation/Testing/TestCase.php:44
/var/www/html/tests/TestCase.php:36</error>
        </testcase>
        <testcase name="test_can_get_health_status" file="/var/www/html/tests/Feature/Http/Controllers/Api/DocumentationControllerTest.php" line="39" class="Tests\Feature\Http\Controllers\Api\DocumentationControllerTest" classname="Tests.Feature.Http.Controllers.Api.DocumentationControllerTest" assertions="0" time="0.000000">
          <error type="Error">Tests\Feature\Http\Controllers\Api\DocumentationControllerTest::test_can_get_health_status
Error: Class "Laravel\Dusk\DuskServiceProvider" not found

/var/www/html/vendor/laravel/framework/src/Illuminate/Foundation/Application.php:961
/var/www/html/vendor/laravel/framework/src/Illuminate/Foundation/Application.php:893
/var/www/html/app/Providers/AppServiceProvider.php:51
/var/www/html/vendor/laravel/framework/src/Illuminate/Foundation/Application.php:896
/var/www/html/vendor/laravel/framework/src/Illuminate/Foundation/ProviderRepository.php:74
/var/www/html/vendor/laravel/framework/src/Illuminate/Foundation/Application.php:871
/var/www/html/vendor/laravel/framework/src/Illuminate/Foundation/Bootstrap/RegisterProviders.php:37
/var/www/html/vendor/laravel/framework/src/Illuminate/Foundation/Application.php:342
/var/www/html/vendor/laravel/framework/src/Illuminate/Foundation/Console/Kernel.php:473
/var/www/html/tests/CreatesApplication.php:31
/var/www/html/vendor/laravel/framework/src/Illuminate/Foundation/Testing/TestCase.php:54
/var/www/html/vendor/laravel/framework/src/Illuminate/Foundation/Testing/Concerns/InteractsWithTestCaseLifecycle.php:92
/var/www/html/vendor/laravel/framework/src/Illuminate/Foundation/Testing/TestCase.php:44
/var/www/html/tests/TestCase.php:36</error>
        </testcase>
        <testcase name="test_tests_cache_functionality_in_health_check" file="/var/www/html/tests/Feature/Http/Controllers/Api/DocumentationControllerTest.php" line="195" class="Tests\Feature\Http\Controllers\Api\DocumentationControllerTest" classname="Tests.Feature.Http.Controllers.Api.DocumentationControllerTest" assertions="0" time="0.000000">
          <error type="Error">Tests\Feature\Http\Controllers\Api\DocumentationControllerTest::test_tests_cache_functionality_in_health_check
Error: Class "Laravel\Dusk\DuskServiceProvider" not found

/var/www/html/vendor/laravel/framework/src/Illuminate/Foundation/Application.php:961
/var/www/html/vendor/laravel/framework/src/Illuminate/Foundation/Application.php:893
/var/www/html/app/Providers/AppServiceProvider.php:51
/var/www/html/vendor/laravel/framework/src/Illuminate/Foundation/Application.php:896
/var/www/html/vendor/laravel/framework/src/Illuminate/Foundation/ProviderRepository.php:74
/var/www/html/vendor/laravel/framework/src/Illuminate/Foundation/Application.php:871
/var/www/html/vendor/laravel/framework/src/Illuminate/Foundation/Bootstrap/RegisterProviders.php:37
/var/www/html/vendor/laravel/framework/src/Illuminate/Foundation/Application.php:342
/var/www/html/vendor/laravel/framework/src/Illuminate/Foundation/Console/Kernel.php:473
/var/www/html/tests/CreatesApplication.php:31
/var/www/html/vendor/laravel/framework/src/Illuminate/Foundation/Testing/TestCase.php:54
/var/www/html/vendor/laravel/framework/src/Illuminate/Foundation/Testing/Concerns/InteractsWithTestCaseLifecycle.php:92
/var/www/html/vendor/laravel/framework/src/Illuminate/Foundation/Testing/TestCase.php:44
/var/www/html/tests/TestCase.php:36</error>
        </testcase>
        <testcase name="test_includes_environment_in_health_response" file="/var/www/html/tests/Feature/Http/Controllers/Api/DocumentationControllerTest.php" line="171" class="Tests\Feature\Http\Controllers\Api\DocumentationControllerTest" classname="Tests.Feature.Http.Controllers.Api.DocumentationControllerTest" assertions="0" time="0.000000">
          <error type="Error">Tests\Feature\Http\Controllers\Api\DocumentationControllerTest::test_includes_environment_in_health_response
Error: Class "Laravel\Dusk\DuskServiceProvider" not found

/var/www/html/vendor/laravel/framework/src/Illuminate/Foundation/Application.php:961
/var/www/html/vendor/laravel/framework/src/Illuminate/Foundation/Application.php:893
/var/www/html/app/Providers/AppServiceProvider.php:51
/var/www/html/vendor/laravel/framework/src/Illuminate/Foundation/Application.php:896
/var/www/html/vendor/laravel/framework/src/Illuminate/Foundation/ProviderRepository.php:74
/var/www/html/vendor/laravel/framework/src/Illuminate/Foundation/Application.php:871
/var/www/html/vendor/laravel/framework/src/Illuminate/Foundation/Bootstrap/RegisterProviders.php:37
/var/www/html/vendor/laravel/framework/src/Illuminate/Foundation/Application.php:342
/var/www/html/vendor/laravel/framework/src/Illuminate/Foundation/Console/Kernel.php:473
/var/www/html/tests/CreatesApplication.php:31
/var/www/html/vendor/laravel/framework/src/Illuminate/Foundation/Testing/TestCase.php:54
/var/www/html/vendor/laravel/framework/src/Illuminate/Foundation/Testing/Concerns/InteractsWithTestCaseLifecycle.php:92
/var/www/html/vendor/laravel/framework/src/Illuminate/Foundation/Testing/TestCase.php:44
/var/www/html/tests/TestCase.php:36</error>
        </testcase>
        <testcase name="test_returns_consistent_health_message_for_healthy_systems" file="/var/www/html/tests/Feature/Http/Controllers/Api/DocumentationControllerTest.php" line="347" class="Tests\Feature\Http\Controllers\Api\DocumentationControllerTest" classname="Tests.Feature.Http.Controllers.Api.DocumentationControllerTest" assertions="0" time="0.000000">
          <error type="Error">Tests\Feature\Http\Controllers\Api\DocumentationControllerTest::test_returns_consistent_health_message_for_healthy_systems
Error: Class "Laravel\Dusk\DuskServiceProvider" not found

/var/www/html/vendor/laravel/framework/src/Illuminate/Foundation/Application.php:961
/var/www/html/vendor/laravel/framework/src/Illuminate/Foundation/Application.php:893
/var/www/html/app/Providers/AppServiceProvider.php:51
/var/www/html/vendor/laravel/framework/src/Illuminate/Foundation/Application.php:896
/var/www/html/vendor/laravel/framework/src/Illuminate/Foundation/ProviderRepository.php:74
/var/www/html/vendor/laravel/framework/src/Illuminate/Foundation/Application.php:871
/var/www/html/vendor/laravel/framework/src/Illuminate/Foundation/Bootstrap/RegisterProviders.php:37
/var/www/html/vendor/laravel/framework/src/Illuminate/Foundation/Application.php:342
/var/www/html/vendor/laravel/framework/src/Illuminate/Foundation/Console/Kernel.php:473
/var/www/html/tests/CreatesApplication.php:31
/var/www/html/vendor/laravel/framework/src/Illuminate/Foundation/Testing/TestCase.php:54
/var/www/html/vendor/laravel/framework/src/Illuminate/Foundation/Testing/Concerns/InteractsWithTestCaseLifecycle.php:92
/var/www/html/vendor/laravel/framework/src/Illuminate/Foundation/Testing/TestCase.php:44
/var/www/html/tests/TestCase.php:36</error>
        </testcase>
        <testcase name="test_returns_503_for_unhealthy_systems" file="/var/www/html/tests/Feature/Http/Controllers/Api/DocumentationControllerTest.php" line="241" class="Tests\Feature\Http\Controllers\Api\DocumentationControllerTest" classname="Tests.Feature.Http.Controllers.Api.DocumentationControllerTest" assertions="0" time="0.000000">
          <error type="Error">Tests\Feature\Http\Controllers\Api\DocumentationControllerTest::test_returns_503_for_unhealthy_systems
Error: Class "Laravel\Dusk\DuskServiceProvider" not found

/var/www/html/vendor/laravel/framework/src/Illuminate/Foundation/Application.php:961
/var/www/html/vendor/laravel/framework/src/Illuminate/Foundation/Application.php:893
/var/www/html/app/Providers/AppServiceProvider.php:51
/var/www/html/vendor/laravel/framework/src/Illuminate/Foundation/Application.php:896
/var/www/html/vendor/laravel/framework/src/Illuminate/Foundation/ProviderRepository.php:74
/var/www/html/vendor/laravel/framework/src/Illuminate/Foundation/Application.php:871
/var/www/html/vendor/laravel/framework/src/Illuminate/Foundation/Bootstrap/RegisterProviders.php:37
/var/www/html/vendor/laravel/framework/src/Illuminate/Foundation/Application.php:342
/var/www/html/vendor/laravel/framework/src/Illuminate/Foundation/Console/Kernel.php:473
/var/www/html/tests/CreatesApplication.php:31
/var/www/html/vendor/laravel/framework/src/Illuminate/Foundation/Testing/TestCase.php:54
/var/www/html/vendor/laravel/framework/src/Illuminate/Foundation/Testing/Concerns/InteractsWithTestCaseLifecycle.php:92
/var/www/html/vendor/laravel/framework/src/Illuminate/Foundation/Testing/TestCase.php:44
/var/www/html/tests/TestCase.php:36</error>
        </testcase>
        <testcase name="test_returns_unhealthy_status_when_database_fails" file="/var/www/html/tests/Feature/Http/Controllers/Api/DocumentationControllerTest.php" line="61" class="Tests\Feature\Http\Controllers\Api\DocumentationControllerTest" classname="Tests.Feature.Http.Controllers.Api.DocumentationControllerTest" assertions="0" time="0.000000">
          <error type="Error">Tests\Feature\Http\Controllers\Api\DocumentationControllerTest::test_returns_unhealthy_status_when_database_fails
Error: Class "Laravel\Dusk\DuskServiceProvider" not found

/var/www/html/vendor/laravel/framework/src/Illuminate/Foundation/Application.php:961
/var/www/html/vendor/laravel/framework/src/Illuminate/Foundation/Application.php:893
/var/www/html/app/Providers/AppServiceProvider.php:51
/var/www/html/vendor/laravel/framework/src/Illuminate/Foundation/Application.php:896
/var/www/html/vendor/laravel/framework/src/Illuminate/Foundation/ProviderRepository.php:74
/var/www/html/vendor/laravel/framework/src/Illuminate/Foundation/Application.php:871
/var/www/html/vendor/laravel/framework/src/Illuminate/Foundation/Bootstrap/RegisterProviders.php:37
/var/www/html/vendor/laravel/framework/src/Illuminate/Foundation/Application.php:342
/var/www/html/vendor/laravel/framework/src/Illuminate/Foundation/Console/Kernel.php:473
/var/www/html/tests/CreatesApplication.php:31
/var/www/html/vendor/laravel/framework/src/Illuminate/Foundation/Testing/TestCase.php:54
/var/www/html/vendor/laravel/framework/src/Illuminate/Foundation/Testing/Concerns/InteractsWithTestCaseLifecycle.php:92
/var/www/html/vendor/laravel/framework/src/Illuminate/Foundation/Testing/TestCase.php:44
/var/www/html/tests/TestCase.php:36</error>
        </testcase>
        <testcase name="test_handles_storage_exception" file="/var/www/html/tests/Feature/Http/Controllers/Api/DocumentationControllerTest.php" line="320" class="Tests\Feature\Http\Controllers\Api\DocumentationControllerTest" classname="Tests.Feature.Http.Controllers.Api.DocumentationControllerTest" assertions="0" time="0.000000">
          <error type="Error">Tests\Feature\Http\Controllers\Api\DocumentationControllerTest::test_handles_storage_exception
Error: Class "Laravel\Dusk\DuskServiceProvider" not found

/var/www/html/vendor/laravel/framework/src/Illuminate/Foundation/Application.php:961
/var/www/html/vendor/laravel/framework/src/Illuminate/Foundation/Application.php:893
/var/www/html/app/Providers/AppServiceProvider.php:51
/var/www/html/vendor/laravel/framework/src/Illuminate/Foundation/Application.php:896
/var/www/html/vendor/laravel/framework/src/Illuminate/Foundation/ProviderRepository.php:74
/var/www/html/vendor/laravel/framework/src/Illuminate/Foundation/Application.php:871
/var/www/html/vendor/laravel/framework/src/Illuminate/Foundation/Bootstrap/RegisterProviders.php:37
/var/www/html/vendor/laravel/framework/src/Illuminate/Foundation/Application.php:342
/var/www/html/vendor/laravel/framework/src/Illuminate/Foundation/Console/Kernel.php:473
/var/www/html/tests/CreatesApplication.php:31
/var/www/html/vendor/laravel/framework/src/Illuminate/Foundation/Testing/TestCase.php:54
/var/www/html/vendor/laravel/framework/src/Illuminate/Foundation/Testing/Concerns/InteractsWithTestCaseLifecycle.php:92
/var/www/html/vendor/laravel/framework/src/Illuminate/Foundation/Testing/TestCase.php:44
/var/www/html/tests/TestCase.php:36</error>
        </testcase>
        <testcase name="test_handles_cache_test_successfully" file="/var/www/html/tests/Feature/Http/Controllers/Api/DocumentationControllerTest.php" line="252" class="Tests\Feature\Http\Controllers\Api\DocumentationControllerTest" classname="Tests.Feature.Http.Controllers.Api.DocumentationControllerTest" assertions="0" time="0.000000">
          <error type="Error">Tests\Feature\Http\Controllers\Api\DocumentationControllerTest::test_handles_cache_test_successfully
Error: Class "Laravel\Dusk\DuskServiceProvider" not found

/var/www/html/vendor/laravel/framework/src/Illuminate/Foundation/Application.php:961
/var/www/html/vendor/laravel/framework/src/Illuminate/Foundation/Application.php:893
/var/www/html/app/Providers/AppServiceProvider.php:51
/var/www/html/vendor/laravel/framework/src/Illuminate/Foundation/Application.php:896
/var/www/html/vendor/laravel/framework/src/Illuminate/Foundation/ProviderRepository.php:74
/var/www/html/vendor/laravel/framework/src/Illuminate/Foundation/Application.php:871
/var/www/html/vendor/laravel/framework/src/Illuminate/Foundation/Bootstrap/RegisterProviders.php:37
/var/www/html/vendor/laravel/framework/src/Illuminate/Foundation/Application.php:342
/var/www/html/vendor/laravel/framework/src/Illuminate/Foundation/Console/Kernel.php:473
/var/www/html/tests/CreatesApplication.php:31
/var/www/html/vendor/laravel/framework/src/Illuminate/Foundation/Testing/TestCase.php:54
/var/www/html/vendor/laravel/framework/src/Illuminate/Foundation/Testing/Concerns/InteractsWithTestCaseLifecycle.php:92
/var/www/html/vendor/laravel/framework/src/Illuminate/Foundation/Testing/TestCase.php:44
/var/www/html/tests/TestCase.php:36</error>
        </testcase>
        <testcase name="test_handles_database_connection_exception" file="/var/www/html/tests/Feature/Http/Controllers/Api/DocumentationControllerTest.php" line="290" class="Tests\Feature\Http\Controllers\Api\DocumentationControllerTest" classname="Tests.Feature.Http.Controllers.Api.DocumentationControllerTest" assertions="0" time="0.000000">
          <error type="Error">Tests\Feature\Http\Controllers\Api\DocumentationControllerTest::test_handles_database_connection_exception
Error: Class "Laravel\Dusk\DuskServiceProvider" not found

/var/www/html/vendor/laravel/framework/src/Illuminate/Foundation/Application.php:961
/var/www/html/vendor/laravel/framework/src/Illuminate/Foundation/Application.php:893
/var/www/html/app/Providers/AppServiceProvider.php:51
/var/www/html/vendor/laravel/framework/src/Illuminate/Foundation/Application.php:896
/var/www/html/vendor/laravel/framework/src/Illuminate/Foundation/ProviderRepository.php:74
/var/www/html/vendor/laravel/framework/src/Illuminate/Foundation/Application.php:871
/var/www/html/vendor/laravel/framework/src/Illuminate/Foundation/Bootstrap/RegisterProviders.php:37
/var/www/html/vendor/laravel/framework/src/Illuminate/Foundation/Application.php:342
/var/www/html/vendor/laravel/framework/src/Illuminate/Foundation/Console/Kernel.php:473
/var/www/html/tests/CreatesApplication.php:31
/var/www/html/vendor/laravel/framework/src/Illuminate/Foundation/Testing/TestCase.php:54
/var/www/html/vendor/laravel/framework/src/Illuminate/Foundation/Testing/Concerns/InteractsWithTestCaseLifecycle.php:92
/var/www/html/vendor/laravel/framework/src/Illuminate/Foundation/Testing/TestCase.php:44
/var/www/html/tests/TestCase.php:36</error>
        </testcase>
        <testcase name="test_tests_storage_writability_in_health_check" file="/var/www/html/tests/Feature/Http/Controllers/Api/DocumentationControllerTest.php" line="205" class="Tests\Feature\Http\Controllers\Api\DocumentationControllerTest" classname="Tests.Feature.Http.Controllers.Api.DocumentationControllerTest" assertions="0" time="0.000000">
          <error type="Error">Tests\Feature\Http\Controllers\Api\DocumentationControllerTest::test_tests_storage_writability_in_health_check
Error: Class "Laravel\Dusk\DuskServiceProvider" not found

/var/www/html/vendor/laravel/framework/src/Illuminate/Foundation/Application.php:961
/var/www/html/vendor/laravel/framework/src/Illuminate/Foundation/Application.php:893
/var/www/html/app/Providers/AppServiceProvider.php:51
/var/www/html/vendor/laravel/framework/src/Illuminate/Foundation/Application.php:896
/var/www/html/vendor/laravel/framework/src/Illuminate/Foundation/ProviderRepository.php:74
/var/www/html/vendor/laravel/framework/src/Illuminate/Foundation/Application.php:871
/var/www/html/vendor/laravel/framework/src/Illuminate/Foundation/Bootstrap/RegisterProviders.php:37
/var/www/html/vendor/laravel/framework/src/Illuminate/Foundation/Application.php:342
/var/www/html/vendor/laravel/framework/src/Illuminate/Foundation/Console/Kernel.php:473
/var/www/html/tests/CreatesApplication.php:31
/var/www/html/vendor/laravel/framework/src/Illuminate/Foundation/Testing/TestCase.php:54
/var/www/html/vendor/laravel/framework/src/Illuminate/Foundation/Testing/Concerns/InteractsWithTestCaseLifecycle.php:92
/var/www/html/vendor/laravel/framework/src/Illuminate/Foundation/Testing/TestCase.php:44
/var/www/html/tests/TestCase.php:36</error>
        </testcase>
        <testcase name="test_returns_unhealthy_status_when_cache_fails" file="/var/www/html/tests/Feature/Http/Controllers/Api/DocumentationControllerTest.php" line="76" class="Tests\Feature\Http\Controllers\Api\DocumentationControllerTest" classname="Tests.Feature.Http.Controllers.Api.DocumentationControllerTest" assertions="0" time="0.000000">
          <error type="Error">Tests\Feature\Http\Controllers\Api\DocumentationControllerTest::test_returns_unhealthy_status_when_cache_fails
Error: Class "Laravel\Dusk\DuskServiceProvider" not found

/var/www/html/vendor/laravel/framework/src/Illuminate/Foundation/Application.php:961
/var/www/html/vendor/laravel/framework/src/Illuminate/Foundation/Application.php:893
/var/www/html/app/Providers/AppServiceProvider.php:51
/var/www/html/vendor/laravel/framework/src/Illuminate/Foundation/Application.php:896
/var/www/html/vendor/laravel/framework/src/Illuminate/Foundation/ProviderRepository.php:74
/var/www/html/vendor/laravel/framework/src/Illuminate/Foundation/Application.php:871
/var/www/html/vendor/laravel/framework/src/Illuminate/Foundation/Bootstrap/RegisterProviders.php:37
/var/www/html/vendor/laravel/framework/src/Illuminate/Foundation/Application.php:342
/var/www/html/vendor/laravel/framework/src/Illuminate/Foundation/Console/Kernel.php:473
/var/www/html/tests/CreatesApplication.php:31
/var/www/html/vendor/laravel/framework/src/Illuminate/Foundation/Testing/TestCase.php:54
/var/www/html/vendor/laravel/framework/src/Illuminate/Foundation/Testing/Concerns/InteractsWithTestCaseLifecycle.php:92
/var/www/html/vendor/laravel/framework/src/Illuminate/Foundation/Testing/TestCase.php:44
/var/www/html/tests/TestCase.php:36</error>
        </testcase>
        <testcase name="test_returns_consistent_health_message_for_unhealthy_systems" file="/var/www/html/tests/Feature/Http/Controllers/Api/DocumentationControllerTest.php" line="357" class="Tests\Feature\Http\Controllers\Api\DocumentationControllerTest" classname="Tests.Feature.Http.Controllers.Api.DocumentationControllerTest" assertions="0" time="0.000000">
          <error type="Error">Tests\Feature\Http\Controllers\Api\DocumentationControllerTest::test_returns_consistent_health_message_for_unhealthy_systems
Error: Class "Laravel\Dusk\DuskServiceProvider" not found

/var/www/html/vendor/laravel/framework/src/Illuminate/Foundation/Application.php:961
/var/www/html/vendor/laravel/framework/src/Illuminate/Foundation/Application.php:893
/var/www/html/app/Providers/AppServiceProvider.php:51
/var/www/html/vendor/laravel/framework/src/Illuminate/Foundation/Application.php:896
/var/www/html/vendor/laravel/framework/src/Illuminate/Foundation/ProviderRepository.php:74
/var/www/html/vendor/laravel/framework/src/Illuminate/Foundation/Application.php:871
/var/www/html/vendor/laravel/framework/src/Illuminate/Foundation/Bootstrap/RegisterProviders.php:37
/var/www/html/vendor/laravel/framework/src/Illuminate/Foundation/Application.php:342
/var/www/html/vendor/laravel/framework/src/Illuminate/Foundation/Console/Kernel.php:473
/var/www/html/tests/CreatesApplication.php:31
/var/www/html/vendor/laravel/framework/src/Illuminate/Foundation/Testing/TestCase.php:54
/var/www/html/vendor/laravel/framework/src/Illuminate/Foundation/Testing/Concerns/InteractsWithTestCaseLifecycle.php:92
/var/www/html/vendor/laravel/framework/src/Illuminate/Foundation/Testing/TestCase.php:44
/var/www/html/tests/TestCase.php:36</error>
        </testcase>
        <testcase name="test_returns_consistent_status_message" file="/var/www/html/tests/Feature/Http/Controllers/Api/DocumentationControllerTest.php" line="336" class="Tests\Feature\Http\Controllers\Api\DocumentationControllerTest" classname="Tests.Feature.Http.Controllers.Api.DocumentationControllerTest" assertions="0" time="0.000000">
          <error type="Error">Tests\Feature\Http\Controllers\Api\DocumentationControllerTest::test_returns_consistent_status_message
Error: Class "Laravel\Dusk\DuskServiceProvider" not found

/var/www/html/vendor/laravel/framework/src/Illuminate/Foundation/Application.php:961
/var/www/html/vendor/laravel/framework/src/Illuminate/Foundation/Application.php:893
/var/www/html/app/Providers/AppServiceProvider.php:51
/var/www/html/vendor/laravel/framework/src/Illuminate/Foundation/Application.php:896
/var/www/html/vendor/laravel/framework/src/Illuminate/Foundation/ProviderRepository.php:74
/var/www/html/vendor/laravel/framework/src/Illuminate/Foundation/Application.php:871
/var/www/html/vendor/laravel/framework/src/Illuminate/Foundation/Bootstrap/RegisterProviders.php:37
/var/www/html/vendor/laravel/framework/src/Illuminate/Foundation/Application.php:342
/var/www/html/vendor/laravel/framework/src/Illuminate/Foundation/Console/Kernel.php:473
/var/www/html/tests/CreatesApplication.php:31
/var/www/html/vendor/laravel/framework/src/Illuminate/Foundation/Testing/TestCase.php:54
/var/www/html/vendor/laravel/framework/src/Illuminate/Foundation/Testing/Concerns/InteractsWithTestCaseLifecycle.php:92
/var/www/html/vendor/laravel/framework/src/Illuminate/Foundation/Testing/TestCase.php:44
/var/www/html/tests/TestCase.php:36</error>
        </testcase>
        <testcase name="test_can_get_api_status" file="/var/www/html/tests/Feature/Http/Controllers/Api/DocumentationControllerTest.php" line="21" class="Tests\Feature\Http\Controllers\Api\DocumentationControllerTest" classname="Tests.Feature.Http.Controllers.Api.DocumentationControllerTest" assertions="0" time="0.000000">
          <error type="Error">Tests\Feature\Http\Controllers\Api\DocumentationControllerTest::test_can_get_api_status
Error: Class "Laravel\Dusk\DuskServiceProvider" not found

/var/www/html/vendor/laravel/framework/src/Illuminate/Foundation/Application.php:961
/var/www/html/vendor/laravel/framework/src/Illuminate/Foundation/Application.php:893
/var/www/html/app/Providers/AppServiceProvider.php:51
/var/www/html/vendor/laravel/framework/src/Illuminate/Foundation/Application.php:896
/var/www/html/vendor/laravel/framework/src/Illuminate/Foundation/ProviderRepository.php:74
/var/www/html/vendor/laravel/framework/src/Illuminate/Foundation/Application.php:871
/var/www/html/vendor/laravel/framework/src/Illuminate/Foundation/Bootstrap/RegisterProviders.php:37
/var/www/html/vendor/laravel/framework/src/Illuminate/Foundation/Application.php:342
/var/www/html/vendor/laravel/framework/src/Illuminate/Foundation/Console/Kernel.php:473
/var/www/html/tests/CreatesApplication.php:31
/var/www/html/vendor/laravel/framework/src/Illuminate/Foundation/Testing/TestCase.php:54
/var/www/html/vendor/laravel/framework/src/Illuminate/Foundation/Testing/Concerns/InteractsWithTestCaseLifecycle.php:92
/var/www/html/vendor/laravel/framework/src/Illuminate/Foundation/Testing/TestCase.php:44
/var/www/html/tests/TestCase.php:36</error>
        </testcase>
        <testcase name="test_returns_unhealthy_status_when_storage_is_not_writable" file="/var/www/html/tests/Feature/Http/Controllers/Api/DocumentationControllerTest.php" line="91" class="Tests\Feature\Http\Controllers\Api\DocumentationControllerTest" classname="Tests.Feature.Http.Controllers.Api.DocumentationControllerTest" assertions="0" time="0.000000">
          <error type="Error">Tests\Feature\Http\Controllers\Api\DocumentationControllerTest::test_returns_unhealthy_status_when_storage_is_not_writable
Error: Class "Laravel\Dusk\DuskServiceProvider" not found

/var/www/html/vendor/laravel/framework/src/Illuminate/Foundation/Application.php:961
/var/www/html/vendor/laravel/framework/src/Illuminate/Foundation/Application.php:893
/var/www/html/app/Providers/AppServiceProvider.php:51
/var/www/html/vendor/laravel/framework/src/Illuminate/Foundation/Application.php:896
/var/www/html/vendor/laravel/framework/src/Illuminate/Foundation/ProviderRepository.php:74
/var/www/html/vendor/laravel/framework/src/Illuminate/Foundation/Application.php:871
/var/www/html/vendor/laravel/framework/src/Illuminate/Foundation/Bootstrap/RegisterProviders.php:37
/var/www/html/vendor/laravel/framework/src/Illuminate/Foundation/Application.php:342
/var/www/html/vendor/laravel/framework/src/Illuminate/Foundation/Console/Kernel.php:473
/var/www/html/tests/CreatesApplication.php:31
/var/www/html/vendor/laravel/framework/src/Illuminate/Foundation/Testing/TestCase.php:54
/var/www/html/vendor/laravel/framework/src/Illuminate/Foundation/Testing/Concerns/InteractsWithTestCaseLifecycle.php:92
/var/www/html/vendor/laravel/framework/src/Illuminate/Foundation/Testing/TestCase.php:44
/var/www/html/tests/TestCase.php:36</error>
        </testcase>
        <testcase name="test_returns_200_for_healthy_systems" file="/var/www/html/tests/Feature/Http/Controllers/Api/DocumentationControllerTest.php" line="234" class="Tests\Feature\Http\Controllers\Api\DocumentationControllerTest" classname="Tests.Feature.Http.Controllers.Api.DocumentationControllerTest" assertions="0" time="0.000000">
          <error type="Error">Tests\Feature\Http\Controllers\Api\DocumentationControllerTest::test_returns_200_for_healthy_systems
Error: Class "Laravel\Dusk\DuskServiceProvider" not found

/var/www/html/vendor/laravel/framework/src/Illuminate/Foundation/Application.php:961
/var/www/html/vendor/laravel/framework/src/Illuminate/Foundation/Application.php:893
/var/www/html/app/Providers/AppServiceProvider.php:51
/var/www/html/vendor/laravel/framework/src/Illuminate/Foundation/Application.php:896
/var/www/html/vendor/laravel/framework/src/Illuminate/Foundation/ProviderRepository.php:74
/var/www/html/vendor/laravel/framework/src/Illuminate/Foundation/Application.php:871
/var/www/html/vendor/laravel/framework/src/Illuminate/Foundation/Bootstrap/RegisterProviders.php:37
/var/www/html/vendor/laravel/framework/src/Illuminate/Foundation/Application.php:342
/var/www/html/vendor/laravel/framework/src/Illuminate/Foundation/Console/Kernel.php:473
/var/www/html/tests/CreatesApplication.php:31
/var/www/html/vendor/laravel/framework/src/Illuminate/Foundation/Testing/TestCase.php:54
/var/www/html/vendor/laravel/framework/src/Illuminate/Foundation/Testing/Concerns/InteractsWithTestCaseLifecycle.php:92
/var/www/html/vendor/laravel/framework/src/Illuminate/Foundation/Testing/TestCase.php:44
/var/www/html/tests/TestCase.php:36</error>
        </testcase>
        <testcase name="test_includes_version_in_status_response" file="/var/www/html/tests/Feature/Http/Controllers/Api/DocumentationControllerTest.php" line="143" class="Tests\Feature\Http\Controllers\Api\DocumentationControllerTest" classname="Tests.Feature.Http.Controllers.Api.DocumentationControllerTest" assertions="0" time="0.000000">
          <error type="Error">Tests\Feature\Http\Controllers\Api\DocumentationControllerTest::test_includes_version_in_status_response
Error: Class "Laravel\Dusk\DuskServiceProvider" not found

/var/www/html/vendor/laravel/framework/src/Illuminate/Foundation/Application.php:961
/var/www/html/vendor/laravel/framework/src/Illuminate/Foundation/Application.php:893
/var/www/html/app/Providers/AppServiceProvider.php:51
/var/www/html/vendor/laravel/framework/src/Illuminate/Foundation/Application.php:896
/var/www/html/vendor/laravel/framework/src/Illuminate/Foundation/ProviderRepository.php:74
/var/www/html/vendor/laravel/framework/src/Illuminate/Foundation/Application.php:871
/var/www/html/vendor/laravel/framework/src/Illuminate/Foundation/Bootstrap/RegisterProviders.php:37
/var/www/html/vendor/laravel/framework/src/Illuminate/Foundation/Application.php:342
/var/www/html/vendor/laravel/framework/src/Illuminate/Foundation/Console/Kernel.php:473
/var/www/html/tests/CreatesApplication.php:31
/var/www/html/vendor/laravel/framework/src/Illuminate/Foundation/Testing/TestCase.php:54
/var/www/html/vendor/laravel/framework/src/Illuminate/Foundation/Testing/Concerns/InteractsWithTestCaseLifecycle.php:92
/var/www/html/vendor/laravel/framework/src/Illuminate/Foundation/Testing/TestCase.php:44
/var/www/html/tests/TestCase.php:36</error>
        </testcase>
        <testcase name="test_includes_timestamp_in_status_response" file="/var/www/html/tests/Feature/Http/Controllers/Api/DocumentationControllerTest.php" line="113" class="Tests\Feature\Http\Controllers\Api\DocumentationControllerTest" classname="Tests.Feature.Http.Controllers.Api.DocumentationControllerTest" assertions="0" time="0.000000">
          <error type="Error">Tests\Feature\Http\Controllers\Api\DocumentationControllerTest::test_includes_timestamp_in_status_response
Error: Class "Laravel\Dusk\DuskServiceProvider" not found

/var/www/html/vendor/laravel/framework/src/Illuminate/Foundation/Application.php:961
/var/www/html/vendor/laravel/framework/src/Illuminate/Foundation/Application.php:893
/var/www/html/app/Providers/AppServiceProvider.php:51
/var/www/html/vendor/laravel/framework/src/Illuminate/Foundation/Application.php:896
/var/www/html/vendor/laravel/framework/src/Illuminate/Foundation/ProviderRepository.php:74
/var/www/html/vendor/laravel/framework/src/Illuminate/Foundation/Application.php:871
/var/www/html/vendor/laravel/framework/src/Illuminate/Foundation/Bootstrap/RegisterProviders.php:37
/var/www/html/vendor/laravel/framework/src/Illuminate/Foundation/Application.php:342
/var/www/html/vendor/laravel/framework/src/Illuminate/Foundation/Console/Kernel.php:473
/var/www/html/tests/CreatesApplication.php:31
/var/www/html/vendor/laravel/framework/src/Illuminate/Foundation/Testing/TestCase.php:54
/var/www/html/vendor/laravel/framework/src/Illuminate/Foundation/Testing/Concerns/InteractsWithTestCaseLifecycle.php:92
/var/www/html/vendor/laravel/framework/src/Illuminate/Foundation/Testing/TestCase.php:44
/var/www/html/tests/TestCase.php:36</error>
        </testcase>
      </testsuite>
      <testsuite name="Tests\Feature\PostgreSQLConnectionTest" file="/var/www/html/tests/Feature/PostgreSQLConnectionTest.php" tests="1" assertions="0" errors="1" failures="0" skipped="0" time="0.000000">
        <testcase name="it_handles_pgsql_connection_based_on_environment" file="/var/www/html/tests/Feature/PostgreSQLConnectionTest.php" line="17" class="Tests\Feature\PostgreSQLConnectionTest" classname="Tests.Feature.PostgreSQLConnectionTest" assertions="0" time="0.000000">
          <error type="Error">Tests\Feature\PostgreSQLConnectionTest::it_handles_pgsql_connection_based_on_environment
Error: Class "Laravel\Dusk\DuskServiceProvider" not found

/var/www/html/vendor/laravel/framework/src/Illuminate/Foundation/Application.php:961
/var/www/html/vendor/laravel/framework/src/Illuminate/Foundation/Application.php:893
/var/www/html/app/Providers/AppServiceProvider.php:51
/var/www/html/vendor/laravel/framework/src/Illuminate/Foundation/Application.php:896
/var/www/html/vendor/laravel/framework/src/Illuminate/Foundation/ProviderRepository.php:74
/var/www/html/vendor/laravel/framework/src/Illuminate/Foundation/Application.php:871
/var/www/html/vendor/laravel/framework/src/Illuminate/Foundation/Bootstrap/RegisterProviders.php:37
/var/www/html/vendor/laravel/framework/src/Illuminate/Foundation/Application.php:342
/var/www/html/vendor/laravel/framework/src/Illuminate/Foundation/Console/Kernel.php:473
/var/www/html/tests/CreatesApplication.php:31
/var/www/html/vendor/laravel/framework/src/Illuminate/Foundation/Testing/TestCase.php:54
/var/www/html/vendor/laravel/framework/src/Illuminate/Foundation/Testing/Concerns/InteractsWithTestCaseLifecycle.php:92
/var/www/html/vendor/laravel/framework/src/Illuminate/Foundation/Testing/TestCase.php:44
/var/www/html/tests/TestCase.php:36</error>
        </testcase>
      </testsuite>
      <testsuite name="Tests\Feature\CacheFunctionalityTest" file="/var/www/html/tests/Feature/CacheFunctionalityTest.php" tests="3" assertions="0" errors="3" failures="0" skipped="0" time="0.000000">
        <testcase name="test_basic_functionality" file="/var/www/html/tests/Feature/CacheFunctionalityTest.php" line="18" class="Tests\Feature\CacheFunctionalityTest" classname="Tests.Feature.CacheFunctionalityTest" assertions="0" time="0.000000">
          <error type="Error">Tests\Feature\CacheFunctionalityTest::test_basic_functionality
Error: Class "Laravel\Dusk\DuskServiceProvider" not found

/var/www/html/vendor/laravel/framework/src/Illuminate/Foundation/Application.php:961
/var/www/html/vendor/laravel/framework/src/Illuminate/Foundation/Application.php:893
/var/www/html/app/Providers/AppServiceProvider.php:51
/var/www/html/vendor/laravel/framework/src/Illuminate/Foundation/Application.php:896
/var/www/html/vendor/laravel/framework/src/Illuminate/Foundation/ProviderRepository.php:74
/var/www/html/vendor/laravel/framework/src/Illuminate/Foundation/Application.php:871
/var/www/html/vendor/laravel/framework/src/Illuminate/Foundation/Bootstrap/RegisterProviders.php:37
/var/www/html/vendor/laravel/framework/src/Illuminate/Foundation/Application.php:342
/var/www/html/vendor/laravel/framework/src/Illuminate/Foundation/Console/Kernel.php:473
/var/www/html/tests/CreatesApplication.php:31
/var/www/html/vendor/laravel/framework/src/Illuminate/Foundation/Testing/TestCase.php:54
/var/www/html/vendor/laravel/framework/src/Illuminate/Foundation/Testing/Concerns/InteractsWithTestCaseLifecycle.php:92
/var/www/html/vendor/laravel/framework/src/Illuminate/Foundation/Testing/TestCase.php:44
/var/www/html/tests/TestCase.php:36
/var/www/html/tests/Feature/CacheFunctionalityTest.php:40</error>
        </testcase>
        <testcase name="test_expected_behavior" file="/var/www/html/tests/Feature/CacheFunctionalityTest.php" line="25" class="Tests\Feature\CacheFunctionalityTest" classname="Tests.Feature.CacheFunctionalityTest" assertions="0" time="0.000000">
          <error type="Error">Tests\Feature\CacheFunctionalityTest::test_expected_behavior
Error: Class "Laravel\Dusk\DuskServiceProvider" not found

/var/www/html/vendor/laravel/framework/src/Illuminate/Foundation/Application.php:961
/var/www/html/vendor/laravel/framework/src/Illuminate/Foundation/Application.php:893
/var/www/html/app/Providers/AppServiceProvider.php:51
/var/www/html/vendor/laravel/framework/src/Illuminate/Foundation/Application.php:896
/var/www/html/vendor/laravel/framework/src/Illuminate/Foundation/ProviderRepository.php:74
/var/www/html/vendor/laravel/framework/src/Illuminate/Foundation/Application.php:871
/var/www/html/vendor/laravel/framework/src/Illuminate/Foundation/Bootstrap/RegisterProviders.php:37
/var/www/html/vendor/laravel/framework/src/Illuminate/Foundation/Application.php:342
/var/www/html/vendor/laravel/framework/src/Illuminate/Foundation/Console/Kernel.php:473
/var/www/html/tests/CreatesApplication.php:31
/var/www/html/vendor/laravel/framework/src/Illuminate/Foundation/Testing/TestCase.php:54
/var/www/html/vendor/laravel/framework/src/Illuminate/Foundation/Testing/Concerns/InteractsWithTestCaseLifecycle.php:92
/var/www/html/vendor/laravel/framework/src/Illuminate/Foundation/Testing/TestCase.php:44
/var/www/html/tests/TestCase.php:36
/var/www/html/tests/Feature/CacheFunctionalityTest.php:40</error>
        </testcase>
        <testcase name="test_validation" file="/var/www/html/tests/Feature/CacheFunctionalityTest.php" line="32" class="Tests\Feature\CacheFunctionalityTest" classname="Tests.Feature.CacheFunctionalityTest" assertions="0" time="0.000000">
          <error type="Error">Tests\Feature\CacheFunctionalityTest::test_validation
Error: Class "Laravel\Dusk\DuskServiceProvider" not found

/var/www/html/vendor/laravel/framework/src/Illuminate/Foundation/Application.php:961
/var/www/html/vendor/laravel/framework/src/Illuminate/Foundation/Application.php:893
/var/www/html/app/Providers/AppServiceProvider.php:51
/var/www/html/vendor/laravel/framework/src/Illuminate/Foundation/Application.php:896
/var/www/html/vendor/laravel/framework/src/Illuminate/Foundation/ProviderRepository.php:74
/var/www/html/vendor/laravel/framework/src/Illuminate/Foundation/Application.php:871
/var/www/html/vendor/laravel/framework/src/Illuminate/Foundation/Bootstrap/RegisterProviders.php:37
/var/www/html/vendor/laravel/framework/src/Illuminate/Foundation/Application.php:342
/var/www/html/vendor/laravel/framework/src/Illuminate/Foundation/Console/Kernel.php:473
/var/www/html/tests/CreatesApplication.php:31
/var/www/html/vendor/laravel/framework/src/Illuminate/Foundation/Testing/TestCase.php:54
/var/www/html/vendor/laravel/framework/src/Illuminate/Foundation/Testing/Concerns/InteractsWithTestCaseLifecycle.php:92
/var/www/html/vendor/laravel/framework/src/Illuminate/Foundation/Testing/TestCase.php:44
/var/www/html/tests/TestCase.php:36
/var/www/html/tests/Feature/CacheFunctionalityTest.php:40</error>
        </testcase>
      </testsuite>
      <testsuite name="Tests\Feature\AuthenticationTest" file="/var/www/html/tests/Feature/AuthenticationTest.php" tests="3" assertions="0" errors="3" failures="0" skipped="0" time="0.000000">
        <testcase name="test_validation" file="/var/www/html/tests/Feature/AuthenticationTest.php" line="32" class="Tests\Feature\AuthenticationTest" classname="Tests.Feature.AuthenticationTest" assertions="0" time="0.000000">
          <error type="Error">Tests\Feature\AuthenticationTest::test_validation
Error: Class "Laravel\Dusk\DuskServiceProvider" not found

/var/www/html/vendor/laravel/framework/src/Illuminate/Foundation/Application.php:961
/var/www/html/vendor/laravel/framework/src/Illuminate/Foundation/Application.php:893
/var/www/html/app/Providers/AppServiceProvider.php:51
/var/www/html/vendor/laravel/framework/src/Illuminate/Foundation/Application.php:896
/var/www/html/vendor/laravel/framework/src/Illuminate/Foundation/ProviderRepository.php:74
/var/www/html/vendor/laravel/framework/src/Illuminate/Foundation/Application.php:871
/var/www/html/vendor/laravel/framework/src/Illuminate/Foundation/Bootstrap/RegisterProviders.php:37
/var/www/html/vendor/laravel/framework/src/Illuminate/Foundation/Application.php:342
/var/www/html/vendor/laravel/framework/src/Illuminate/Foundation/Console/Kernel.php:473
/var/www/html/tests/CreatesApplication.php:31
/var/www/html/vendor/laravel/framework/src/Illuminate/Foundation/Testing/TestCase.php:54
/var/www/html/vendor/laravel/framework/src/Illuminate/Foundation/Testing/Concerns/InteractsWithTestCaseLifecycle.php:92
/var/www/html/vendor/laravel/framework/src/Illuminate/Foundation/Testing/TestCase.php:44
/var/www/html/tests/TestCase.php:36
/var/www/html/tests/Feature/AuthenticationTest.php:40</error>
        </testcase>
        <testcase name="test_basic_functionality" file="/var/www/html/tests/Feature/AuthenticationTest.php" line="18" class="Tests\Feature\AuthenticationTest" classname="Tests.Feature.AuthenticationTest" assertions="0" time="0.000000">
          <error type="Error">Tests\Feature\AuthenticationTest::test_basic_functionality
Error: Class "Laravel\Dusk\DuskServiceProvider" not found

/var/www/html/vendor/laravel/framework/src/Illuminate/Foundation/Application.php:961
/var/www/html/vendor/laravel/framework/src/Illuminate/Foundation/Application.php:893
/var/www/html/app/Providers/AppServiceProvider.php:51
/var/www/html/vendor/laravel/framework/src/Illuminate/Foundation/Application.php:896
/var/www/html/vendor/laravel/framework/src/Illuminate/Foundation/ProviderRepository.php:74
/var/www/html/vendor/laravel/framework/src/Illuminate/Foundation/Application.php:871
/var/www/html/vendor/laravel/framework/src/Illuminate/Foundation/Bootstrap/RegisterProviders.php:37
/var/www/html/vendor/laravel/framework/src/Illuminate/Foundation/Application.php:342
/var/www/html/vendor/laravel/framework/src/Illuminate/Foundation/Console/Kernel.php:473
/var/www/html/tests/CreatesApplication.php:31
/var/www/html/vendor/laravel/framework/src/Illuminate/Foundation/Testing/TestCase.php:54
/var/www/html/vendor/laravel/framework/src/Illuminate/Foundation/Testing/Concerns/InteractsWithTestCaseLifecycle.php:92
/var/www/html/vendor/laravel/framework/src/Illuminate/Foundation/Testing/TestCase.php:44
/var/www/html/tests/TestCase.php:36
/var/www/html/tests/Feature/AuthenticationTest.php:40</error>
        </testcase>
        <testcase name="test_expected_behavior" file="/var/www/html/tests/Feature/AuthenticationTest.php" line="25" class="Tests\Feature\AuthenticationTest" classname="Tests.Feature.AuthenticationTest" assertions="0" time="0.000000">
          <error type="Error">Tests\Feature\AuthenticationTest::test_expected_behavior
Error: Class "Laravel\Dusk\DuskServiceProvider" not found

/var/www/html/vendor/laravel/framework/src/Illuminate/Foundation/Application.php:961
/var/www/html/vendor/laravel/framework/src/Illuminate/Foundation/Application.php:893
/var/www/html/app/Providers/AppServiceProvider.php:51
/var/www/html/vendor/laravel/framework/src/Illuminate/Foundation/Application.php:896
/var/www/html/vendor/laravel/framework/src/Illuminate/Foundation/ProviderRepository.php:74
/var/www/html/vendor/laravel/framework/src/Illuminate/Foundation/Application.php:871
/var/www/html/vendor/laravel/framework/src/Illuminate/Foundation/Bootstrap/RegisterProviders.php:37
/var/www/html/vendor/laravel/framework/src/Illuminate/Foundation/Application.php:342
/var/www/html/vendor/laravel/framework/src/Illuminate/Foundation/Console/Kernel.php:473
/var/www/html/tests/CreatesApplication.php:31
/var/www/html/vendor/laravel/framework/src/Illuminate/Foundation/Testing/TestCase.php:54
/var/www/html/vendor/laravel/framework/src/Illuminate/Foundation/Testing/Concerns/InteractsWithTestCaseLifecycle.php:92
/var/www/html/vendor/laravel/framework/src/Illuminate/Foundation/Testing/TestCase.php:44
/var/www/html/tests/TestCase.php:36
/var/www/html/tests/Feature/AuthenticationTest.php:40</error>
        </testcase>
      </testsuite>
      <testsuite name="Tests\Feature\Http\Middleware\TrustProxiesTest" file="/var/www/html/tests/Feature/Http/Middleware/TrustProxiesTest.php" tests="5" assertions="0" errors="5" failures="0" skipped="0" time="0.000000">
        <testcase name="test_trust_proxies_middleware_handles_https_forwarding" file="/var/www/html/tests/Feature/Http/Middleware/TrustProxiesTest.php" line="33" class="Tests\Feature\Http\Middleware\TrustProxiesTest" classname="Tests.Feature.Http.Middleware.TrustProxiesTest" assertions="0" time="0.000000">
          <error type="Error">Tests\Feature\Http\Middleware\TrustProxiesTest::test_trust_proxies_middleware_handles_https_forwarding
Error: Class "Laravel\Dusk\DuskServiceProvider" not found

/var/www/html/vendor/laravel/framework/src/Illuminate/Foundation/Application.php:961
/var/www/html/vendor/laravel/framework/src/Illuminate/Foundation/Application.php:893
/var/www/html/app/Providers/AppServiceProvider.php:51
/var/www/html/vendor/laravel/framework/src/Illuminate/Foundation/Application.php:896
/var/www/html/vendor/laravel/framework/src/Illuminate/Foundation/ProviderRepository.php:74
/var/www/html/vendor/laravel/framework/src/Illuminate/Foundation/Application.php:871
/var/www/html/vendor/laravel/framework/src/Illuminate/Foundation/Bootstrap/RegisterProviders.php:37
/var/www/html/vendor/laravel/framework/src/Illuminate/Foundation/Application.php:342
/var/www/html/vendor/laravel/framework/src/Illuminate/Foundation/Console/Kernel.php:473
/var/www/html/tests/CreatesApplication.php:31
/var/www/html/vendor/laravel/framework/src/Illuminate/Foundation/Testing/TestCase.php:54
/var/www/html/vendor/laravel/framework/src/Illuminate/Foundation/Testing/Concerns/InteractsWithTestCaseLifecycle.php:92
/var/www/html/vendor/laravel/framework/src/Illuminate/Foundation/Testing/TestCase.php:44
/var/www/html/tests/TestCase.php:36</error>
        </testcase>
        <testcase name="test_trust_proxies_middleware_handles_host_forwarding" file="/var/www/html/tests/Feature/Http/Middleware/TrustProxiesTest.php" line="61" class="Tests\Feature\Http\Middleware\TrustProxiesTest" classname="Tests.Feature.Http.Middleware.TrustProxiesTest" assertions="0" time="0.000000">
          <error type="Error">Tests\Feature\Http\Middleware\TrustProxiesTest::test_trust_proxies_middleware_handles_host_forwarding
Error: Class "Laravel\Dusk\DuskServiceProvider" not found

/var/www/html/vendor/laravel/framework/src/Illuminate/Foundation/Application.php:961
/var/www/html/vendor/laravel/framework/src/Illuminate/Foundation/Application.php:893
/var/www/html/app/Providers/AppServiceProvider.php:51
/var/www/html/vendor/laravel/framework/src/Illuminate/Foundation/Application.php:896
/var/www/html/vendor/laravel/framework/src/Illuminate/Foundation/ProviderRepository.php:74
/var/www/html/vendor/laravel/framework/src/Illuminate/Foundation/Application.php:871
/var/www/html/vendor/laravel/framework/src/Illuminate/Foundation/Bootstrap/RegisterProviders.php:37
/var/www/html/vendor/laravel/framework/src/Illuminate/Foundation/Application.php:342
/var/www/html/vendor/laravel/framework/src/Illuminate/Foundation/Console/Kernel.php:473
/var/www/html/tests/CreatesApplication.php:31
/var/www/html/vendor/laravel/framework/src/Illuminate/Foundation/Testing/TestCase.php:54
/var/www/html/vendor/laravel/framework/src/Illuminate/Foundation/Testing/Concerns/InteractsWithTestCaseLifecycle.php:92
/var/www/html/vendor/laravel/framework/src/Illuminate/Foundation/Testing/TestCase.php:44
/var/www/html/tests/TestCase.php:36</error>
        </testcase>
        <testcase name="test_trust_proxies_middleware_handles_no_proxy_headers" file="/var/www/html/tests/Feature/Http/Middleware/TrustProxiesTest.php" line="75" class="Tests\Feature\Http\Middleware\TrustProxiesTest" classname="Tests.Feature.Http.Middleware.TrustProxiesTest" assertions="0" time="0.000000">
          <error type="Error">Tests\Feature\Http\Middleware\TrustProxiesTest::test_trust_proxies_middleware_handles_no_proxy_headers
Error: Class "Laravel\Dusk\DuskServiceProvider" not found

/var/www/html/vendor/laravel/framework/src/Illuminate/Foundation/Application.php:961
/var/www/html/vendor/laravel/framework/src/Illuminate/Foundation/Application.php:893
/var/www/html/app/Providers/AppServiceProvider.php:51
/var/www/html/vendor/laravel/framework/src/Illuminate/Foundation/Application.php:896
/var/www/html/vendor/laravel/framework/src/Illuminate/Foundation/ProviderRepository.php:74
/var/www/html/vendor/laravel/framework/src/Illuminate/Foundation/Application.php:871
/var/www/html/vendor/laravel/framework/src/Illuminate/Foundation/Bootstrap/RegisterProviders.php:37
/var/www/html/vendor/laravel/framework/src/Illuminate/Foundation/Application.php:342
/var/www/html/vendor/laravel/framework/src/Illuminate/Foundation/Console/Kernel.php:473
/var/www/html/tests/CreatesApplication.php:31
/var/www/html/vendor/laravel/framework/src/Illuminate/Foundation/Testing/TestCase.php:54
/var/www/html/vendor/laravel/framework/src/Illuminate/Foundation/Testing/Concerns/InteractsWithTestCaseLifecycle.php:92
/var/www/html/vendor/laravel/framework/src/Illuminate/Foundation/Testing/TestCase.php:44
/var/www/html/tests/TestCase.php:36</error>
        </testcase>
        <testcase name="test_trust_proxies_middleware_handles_proxy_headers" file="/var/www/html/tests/Feature/Http/Middleware/TrustProxiesTest.php" line="18" class="Tests\Feature\Http\Middleware\TrustProxiesTest" classname="Tests.Feature.Http.Middleware.TrustProxiesTest" assertions="0" time="0.000000">
          <error type="Error">Tests\Feature\Http\Middleware\TrustProxiesTest::test_trust_proxies_middleware_handles_proxy_headers
Error: Class "Laravel\Dusk\DuskServiceProvider" not found

/var/www/html/vendor/laravel/framework/src/Illuminate/Foundation/Application.php:961
/var/www/html/vendor/laravel/framework/src/Illuminate/Foundation/Application.php:893
/var/www/html/app/Providers/AppServiceProvider.php:51
/var/www/html/vendor/laravel/framework/src/Illuminate/Foundation/Application.php:896
/var/www/html/vendor/laravel/framework/src/Illuminate/Foundation/ProviderRepository.php:74
/var/www/html/vendor/laravel/framework/src/Illuminate/Foundation/Application.php:871
/var/www/html/vendor/laravel/framework/src/Illuminate/Foundation/Bootstrap/RegisterProviders.php:37
/var/www/html/vendor/laravel/framework/src/Illuminate/Foundation/Application.php:342
/var/www/html/vendor/laravel/framework/src/Illuminate/Foundation/Console/Kernel.php:473
/var/www/html/tests/CreatesApplication.php:31
/var/www/html/vendor/laravel/framework/src/Illuminate/Foundation/Testing/TestCase.php:54
/var/www/html/vendor/laravel/framework/src/Illuminate/Foundation/Testing/Concerns/InteractsWithTestCaseLifecycle.php:92
/var/www/html/vendor/laravel/framework/src/Illuminate/Foundation/Testing/TestCase.php:44
/var/www/html/tests/TestCase.php:36</error>
        </testcase>
        <testcase name="test_trust_proxies_middleware_handles_port_forwarding" file="/var/www/html/tests/Feature/Http/Middleware/TrustProxiesTest.php" line="47" class="Tests\Feature\Http\Middleware\TrustProxiesTest" classname="Tests.Feature.Http.Middleware.TrustProxiesTest" assertions="0" time="0.000000">
          <error type="Error">Tests\Feature\Http\Middleware\TrustProxiesTest::test_trust_proxies_middleware_handles_port_forwarding
Error: Class "Laravel\Dusk\DuskServiceProvider" not found

/var/www/html/vendor/laravel/framework/src/Illuminate/Foundation/Application.php:961
/var/www/html/vendor/laravel/framework/src/Illuminate/Foundation/Application.php:893
/var/www/html/app/Providers/AppServiceProvider.php:51
/var/www/html/vendor/laravel/framework/src/Illuminate/Foundation/Application.php:896
/var/www/html/vendor/laravel/framework/src/Illuminate/Foundation/ProviderRepository.php:74
/var/www/html/vendor/laravel/framework/src/Illuminate/Foundation/Application.php:871
/var/www/html/vendor/laravel/framework/src/Illuminate/Foundation/Bootstrap/RegisterProviders.php:37
/var/www/html/vendor/laravel/framework/src/Illuminate/Foundation/Application.php:342
/var/www/html/vendor/laravel/framework/src/Illuminate/Foundation/Console/Kernel.php:473
/var/www/html/tests/CreatesApplication.php:31
/var/www/html/vendor/laravel/framework/src/Illuminate/Foundation/Testing/TestCase.php:54
/var/www/html/vendor/laravel/framework/src/Illuminate/Foundation/Testing/Concerns/InteractsWithTestCaseLifecycle.php:92
/var/www/html/vendor/laravel/framework/src/Illuminate/Foundation/Testing/TestCase.php:44
/var/www/html/tests/TestCase.php:36</error>
        </testcase>
      </testsuite>
      <testsuite name="Tests\Feature\Http\Middleware\SetCacheHeadersTest" file="/var/www/html/tests/Feature/Http/Middleware/SetCacheHeadersTest.php" tests="5" assertions="0" errors="5" failures="0" skipped="0" time="0.000000">
        <testcase name="test_set_cache_headers_middleware_handles_post_requests" file="/var/www/html/tests/Feature/Http/Middleware/SetCacheHeadersTest.php" line="51" class="Tests\Feature\Http\Middleware\SetCacheHeadersTest" classname="Tests.Feature.Http.Middleware.SetCacheHeadersTest" assertions="0" time="0.000000">
          <error type="Error">Tests\Feature\Http\Middleware\SetCacheHeadersTest::test_set_cache_headers_middleware_handles_post_requests
Error: Class "Laravel\Dusk\DuskServiceProvider" not found

/var/www/html/vendor/laravel/framework/src/Illuminate/Foundation/Application.php:961
/var/www/html/vendor/laravel/framework/src/Illuminate/Foundation/Application.php:893
/var/www/html/app/Providers/AppServiceProvider.php:51
/var/www/html/vendor/laravel/framework/src/Illuminate/Foundation/Application.php:896
/var/www/html/vendor/laravel/framework/src/Illuminate/Foundation/ProviderRepository.php:74
/var/www/html/vendor/laravel/framework/src/Illuminate/Foundation/Application.php:871
/var/www/html/vendor/laravel/framework/src/Illuminate/Foundation/Bootstrap/RegisterProviders.php:37
/var/www/html/vendor/laravel/framework/src/Illuminate/Foundation/Application.php:342
/var/www/html/vendor/laravel/framework/src/Illuminate/Foundation/Console/Kernel.php:473
/var/www/html/tests/CreatesApplication.php:31
/var/www/html/vendor/laravel/framework/src/Illuminate/Foundation/Testing/TestCase.php:54
/var/www/html/vendor/laravel/framework/src/Illuminate/Foundation/Testing/Concerns/InteractsWithTestCaseLifecycle.php:92
/var/www/html/vendor/laravel/framework/src/Illuminate/Foundation/Testing/TestCase.php:44
/var/www/html/tests/TestCase.php:36</error>
        </testcase>
        <testcase name="test_set_cache_headers_middleware_adds_cache_headers" file="/var/www/html/tests/Feature/Http/Middleware/SetCacheHeadersTest.php" line="12" class="Tests\Feature\Http\Middleware\SetCacheHeadersTest" classname="Tests.Feature.Http.Middleware.SetCacheHeadersTest" assertions="0" time="0.000000">
          <error type="Error">Tests\Feature\Http\Middleware\SetCacheHeadersTest::test_set_cache_headers_middleware_adds_cache_headers
Error: Class "Laravel\Dusk\DuskServiceProvider" not found

/var/www/html/vendor/laravel/framework/src/Illuminate/Foundation/Application.php:961
/var/www/html/vendor/laravel/framework/src/Illuminate/Foundation/Application.php:893
/var/www/html/app/Providers/AppServiceProvider.php:51
/var/www/html/vendor/laravel/framework/src/Illuminate/Foundation/Application.php:896
/var/www/html/vendor/laravel/framework/src/Illuminate/Foundation/ProviderRepository.php:74
/var/www/html/vendor/laravel/framework/src/Illuminate/Foundation/Application.php:871
/var/www/html/vendor/laravel/framework/src/Illuminate/Foundation/Bootstrap/RegisterProviders.php:37
/var/www/html/vendor/laravel/framework/src/Illuminate/Foundation/Application.php:342
/var/www/html/vendor/laravel/framework/src/Illuminate/Foundation/Console/Kernel.php:473
/var/www/html/tests/CreatesApplication.php:31
/var/www/html/vendor/laravel/framework/src/Illuminate/Foundation/Testing/TestCase.php:54
/var/www/html/vendor/laravel/framework/src/Illuminate/Foundation/Testing/Concerns/InteractsWithTestCaseLifecycle.php:92
/var/www/html/vendor/laravel/framework/src/Illuminate/Foundation/Testing/TestCase.php:44
/var/www/html/tests/TestCase.php:36</error>
        </testcase>
        <testcase name="test_set_cache_headers_middleware_handles_api_requests" file="/var/www/html/tests/Feature/Http/Middleware/SetCacheHeadersTest.php" line="66" class="Tests\Feature\Http\Middleware\SetCacheHeadersTest" classname="Tests.Feature.Http.Middleware.SetCacheHeadersTest" assertions="0" time="0.000000">
          <error type="Error">Tests\Feature\Http\Middleware\SetCacheHeadersTest::test_set_cache_headers_middleware_handles_api_requests
Error: Class "Laravel\Dusk\DuskServiceProvider" not found

/var/www/html/vendor/laravel/framework/src/Illuminate/Foundation/Application.php:961
/var/www/html/vendor/laravel/framework/src/Illuminate/Foundation/Application.php:893
/var/www/html/app/Providers/AppServiceProvider.php:51
/var/www/html/vendor/laravel/framework/src/Illuminate/Foundation/Application.php:896
/var/www/html/vendor/laravel/framework/src/Illuminate/Foundation/ProviderRepository.php:74
/var/www/html/vendor/laravel/framework/src/Illuminate/Foundation/Application.php:871
/var/www/html/vendor/laravel/framework/src/Illuminate/Foundation/Bootstrap/RegisterProviders.php:37
/var/www/html/vendor/laravel/framework/src/Illuminate/Foundation/Application.php:342
/var/www/html/vendor/laravel/framework/src/Illuminate/Foundation/Console/Kernel.php:473
/var/www/html/tests/CreatesApplication.php:31
/var/www/html/vendor/laravel/framework/src/Illuminate/Foundation/Testing/TestCase.php:54
/var/www/html/vendor/laravel/framework/src/Illuminate/Foundation/Testing/Concerns/InteractsWithTestCaseLifecycle.php:92
/var/www/html/vendor/laravel/framework/src/Illuminate/Foundation/Testing/TestCase.php:44
/var/www/html/tests/TestCase.php:36</error>
        </testcase>
        <testcase name="test_set_cache_headers_middleware_passes_request_successfully" file="/var/www/html/tests/Feature/Http/Middleware/SetCacheHeadersTest.php" line="25" class="Tests\Feature\Http\Middleware\SetCacheHeadersTest" classname="Tests.Feature.Http.Middleware.SetCacheHeadersTest" assertions="0" time="0.000000">
          <error type="Error">Tests\Feature\Http\Middleware\SetCacheHeadersTest::test_set_cache_headers_middleware_passes_request_successfully
Error: Class "Laravel\Dusk\DuskServiceProvider" not found

/var/www/html/vendor/laravel/framework/src/Illuminate/Foundation/Application.php:961
/var/www/html/vendor/laravel/framework/src/Illuminate/Foundation/Application.php:893
/var/www/html/app/Providers/AppServiceProvider.php:51
/var/www/html/vendor/laravel/framework/src/Illuminate/Foundation/Application.php:896
/var/www/html/vendor/laravel/framework/src/Illuminate/Foundation/ProviderRepository.php:74
/var/www/html/vendor/laravel/framework/src/Illuminate/Foundation/Application.php:871
/var/www/html/vendor/laravel/framework/src/Illuminate/Foundation/Bootstrap/RegisterProviders.php:37
/var/www/html/vendor/laravel/framework/src/Illuminate/Foundation/Application.php:342
/var/www/html/vendor/laravel/framework/src/Illuminate/Foundation/Console/Kernel.php:473
/var/www/html/tests/CreatesApplication.php:31
/var/www/html/vendor/laravel/framework/src/Illuminate/Foundation/Testing/TestCase.php:54
/var/www/html/vendor/laravel/framework/src/Illuminate/Foundation/Testing/Concerns/InteractsWithTestCaseLifecycle.php:92
/var/www/html/vendor/laravel/framework/src/Illuminate/Foundation/Testing/TestCase.php:44
/var/www/html/tests/TestCase.php:36</error>
        </testcase>
        <testcase name="test_set_cache_headers_middleware_handles_different_response_codes" file="/var/www/html/tests/Feature/Http/Middleware/SetCacheHeadersTest.php" line="38" class="Tests\Feature\Http\Middleware\SetCacheHeadersTest" classname="Tests.Feature.Http.Middleware.SetCacheHeadersTest" assertions="0" time="0.000000">
          <error type="Error">Tests\Feature\Http\Middleware\SetCacheHeadersTest::test_set_cache_headers_middleware_handles_different_response_codes
Error: Class "Laravel\Dusk\DuskServiceProvider" not found

/var/www/html/vendor/laravel/framework/src/Illuminate/Foundation/Application.php:961
/var/www/html/vendor/laravel/framework/src/Illuminate/Foundation/Application.php:893
/var/www/html/app/Providers/AppServiceProvider.php:51
/var/www/html/vendor/laravel/framework/src/Illuminate/Foundation/Application.php:896
/var/www/html/vendor/laravel/framework/src/Illuminate/Foundation/ProviderRepository.php:74
/var/www/html/vendor/laravel/framework/src/Illuminate/Foundation/Application.php:871
/var/www/html/vendor/laravel/framework/src/Illuminate/Foundation/Bootstrap/RegisterProviders.php:37
/var/www/html/vendor/laravel/framework/src/Illuminate/Foundation/Application.php:342
/var/www/html/vendor/laravel/framework/src/Illuminate/Foundation/Console/Kernel.php:473
/var/www/html/tests/CreatesApplication.php:31
/var/www/html/vendor/laravel/framework/src/Illuminate/Foundation/Testing/TestCase.php:54
/var/www/html/vendor/laravel/framework/src/Illuminate/Foundation/Testing/Concerns/InteractsWithTestCaseLifecycle.php:92
/var/www/html/vendor/laravel/framework/src/Illuminate/Foundation/Testing/TestCase.php:44
/var/www/html/tests/TestCase.php:36</error>
        </testcase>
      </testsuite>
      <testsuite name="Tests\Feature\Http\Controllers\Api\AuthControllerTest" file="/var/www/html/tests/Feature/Http/Controllers/Api/AuthControllerTest.php" tests="20" assertions="0" errors="20" failures="0" skipped="0" time="0.000000">
        <testcase name="test_handles_login_with_missing_credentials" file="/var/www/html/tests/Feature/Http/Controllers/Api/AuthControllerTest.php" line="199" class="Tests\Feature\Http\Controllers\Api\AuthControllerTest" classname="Tests.Feature.Http.Controllers.Api.AuthControllerTest" assertions="0" time="0.000000">
          <error type="Error">Tests\Feature\Http\Controllers\Api\AuthControllerTest::test_handles_login_with_missing_credentials
Error: Class "Laravel\Dusk\DuskServiceProvider" not found

/var/www/html/vendor/laravel/framework/src/Illuminate/Foundation/Application.php:961
/var/www/html/vendor/laravel/framework/src/Illuminate/Foundation/Application.php:893
/var/www/html/app/Providers/AppServiceProvider.php:51
/var/www/html/vendor/laravel/framework/src/Illuminate/Foundation/Application.php:896
/var/www/html/vendor/laravel/framework/src/Illuminate/Foundation/ProviderRepository.php:74
/var/www/html/vendor/laravel/framework/src/Illuminate/Foundation/Application.php:871
/var/www/html/vendor/laravel/framework/src/Illuminate/Foundation/Bootstrap/RegisterProviders.php:37
/var/www/html/vendor/laravel/framework/src/Illuminate/Foundation/Application.php:342
/var/www/html/vendor/laravel/framework/src/Illuminate/Foundation/Console/Kernel.php:473
/var/www/html/tests/CreatesApplication.php:31
/var/www/html/vendor/laravel/framework/src/Illuminate/Foundation/Testing/TestCase.php:54
/var/www/html/vendor/laravel/framework/src/Illuminate/Foundation/Testing/Concerns/InteractsWithTestCaseLifecycle.php:92
/var/www/html/vendor/laravel/framework/src/Illuminate/Foundation/Testing/TestCase.php:44
/var/www/html/tests/TestCase.php:36</error>
        </testcase>
        <testcase name="test_creates_token_on_successful_login" file="/var/www/html/tests/Feature/Http/Controllers/Api/AuthControllerTest.php" line="156" class="Tests\Feature\Http\Controllers\Api\AuthControllerTest" classname="Tests.Feature.Http.Controllers.Api.AuthControllerTest" assertions="0" time="0.000000">
          <error type="Error">Tests\Feature\Http\Controllers\Api\AuthControllerTest::test_creates_token_on_successful_login
Error: Class "Laravel\Dusk\DuskServiceProvider" not found

/var/www/html/vendor/laravel/framework/src/Illuminate/Foundation/Application.php:961
/var/www/html/vendor/laravel/framework/src/Illuminate/Foundation/Application.php:893
/var/www/html/app/Providers/AppServiceProvider.php:51
/var/www/html/vendor/laravel/framework/src/Illuminate/Foundation/Application.php:896
/var/www/html/vendor/laravel/framework/src/Illuminate/Foundation/ProviderRepository.php:74
/var/www/html/vendor/laravel/framework/src/Illuminate/Foundation/Application.php:871
/var/www/html/vendor/laravel/framework/src/Illuminate/Foundation/Bootstrap/RegisterProviders.php:37
/var/www/html/vendor/laravel/framework/src/Illuminate/Foundation/Application.php:342
/var/www/html/vendor/laravel/framework/src/Illuminate/Foundation/Console/Kernel.php:473
/var/www/html/tests/CreatesApplication.php:31
/var/www/html/vendor/laravel/framework/src/Illuminate/Foundation/Testing/TestCase.php:54
/var/www/html/vendor/laravel/framework/src/Illuminate/Foundation/Testing/Concerns/InteractsWithTestCaseLifecycle.php:92
/var/www/html/vendor/laravel/framework/src/Illuminate/Foundation/Testing/TestCase.php:44
/var/www/html/tests/TestCase.php:36</error>
        </testcase>
        <testcase name="test_returns_validation_error_for_nonexistent_user" file="/var/www/html/tests/Feature/Http/Controllers/Api/AuthControllerTest.php" line="79" class="Tests\Feature\Http\Controllers\Api\AuthControllerTest" classname="Tests.Feature.Http.Controllers.Api.AuthControllerTest" assertions="0" time="0.000000">
          <error type="Error">Tests\Feature\Http\Controllers\Api\AuthControllerTest::test_returns_validation_error_for_nonexistent_user
Error: Class "Laravel\Dusk\DuskServiceProvider" not found

/var/www/html/vendor/laravel/framework/src/Illuminate/Foundation/Application.php:961
/var/www/html/vendor/laravel/framework/src/Illuminate/Foundation/Application.php:893
/var/www/html/app/Providers/AppServiceProvider.php:51
/var/www/html/vendor/laravel/framework/src/Illuminate/Foundation/Application.php:896
/var/www/html/vendor/laravel/framework/src/Illuminate/Foundation/ProviderRepository.php:74
/var/www/html/vendor/laravel/framework/src/Illuminate/Foundation/Application.php:871
/var/www/html/vendor/laravel/framework/src/Illuminate/Foundation/Bootstrap/RegisterProviders.php:37
/var/www/html/vendor/laravel/framework/src/Illuminate/Foundation/Application.php:342
/var/www/html/vendor/laravel/framework/src/Illuminate/Foundation/Console/Kernel.php:473
/var/www/html/tests/CreatesApplication.php:31
/var/www/html/vendor/laravel/framework/src/Illuminate/Foundation/Testing/TestCase.php:54
/var/www/html/vendor/laravel/framework/src/Illuminate/Foundation/Testing/Concerns/InteractsWithTestCaseLifecycle.php:92
/var/www/html/vendor/laravel/framework/src/Illuminate/Foundation/Testing/TestCase.php:44
/var/www/html/tests/TestCase.php:36</error>
        </testcase>
        <testcase name="test_returns_401_for_invalid_token" file="/var/www/html/tests/Feature/Http/Controllers/Api/AuthControllerTest.php" line="144" class="Tests\Feature\Http\Controllers\Api\AuthControllerTest" classname="Tests.Feature.Http.Controllers.Api.AuthControllerTest" assertions="0" time="0.000000">
          <error type="Error">Tests\Feature\Http\Controllers\Api\AuthControllerTest::test_returns_401_for_invalid_token
Error: Class "Laravel\Dusk\DuskServiceProvider" not found

/var/www/html/vendor/laravel/framework/src/Illuminate/Foundation/Application.php:961
/var/www/html/vendor/laravel/framework/src/Illuminate/Foundation/Application.php:893
/var/www/html/app/Providers/AppServiceProvider.php:51
/var/www/html/vendor/laravel/framework/src/Illuminate/Foundation/Application.php:896
/var/www/html/vendor/laravel/framework/src/Illuminate/Foundation/ProviderRepository.php:74
/var/www/html/vendor/laravel/framework/src/Illuminate/Foundation/Application.php:871
/var/www/html/vendor/laravel/framework/src/Illuminate/Foundation/Bootstrap/RegisterProviders.php:37
/var/www/html/vendor/laravel/framework/src/Illuminate/Foundation/Application.php:342
/var/www/html/vendor/laravel/framework/src/Illuminate/Foundation/Console/Kernel.php:473
/var/www/html/tests/CreatesApplication.php:31
/var/www/html/vendor/laravel/framework/src/Illuminate/Foundation/Testing/TestCase.php:54
/var/www/html/vendor/laravel/framework/src/Illuminate/Foundation/Testing/Concerns/InteractsWithTestCaseLifecycle.php:92
/var/www/html/vendor/laravel/framework/src/Illuminate/Foundation/Testing/TestCase.php:44
/var/www/html/tests/TestCase.php:36</error>
        </testcase>
        <testcase name="test_returns_validation_error_for_invalid_credentials" file="/var/www/html/tests/Feature/Http/Controllers/Api/AuthControllerTest.php" line="63" class="Tests\Feature\Http\Controllers\Api\AuthControllerTest" classname="Tests.Feature.Http.Controllers.Api.AuthControllerTest" assertions="0" time="0.000000">
          <error type="Error">Tests\Feature\Http\Controllers\Api\AuthControllerTest::test_returns_validation_error_for_invalid_credentials
Error: Class "Laravel\Dusk\DuskServiceProvider" not found

/var/www/html/vendor/laravel/framework/src/Illuminate/Foundation/Application.php:961
/var/www/html/vendor/laravel/framework/src/Illuminate/Foundation/Application.php:893
/var/www/html/app/Providers/AppServiceProvider.php:51
/var/www/html/vendor/laravel/framework/src/Illuminate/Foundation/Application.php:896
/var/www/html/vendor/laravel/framework/src/Illuminate/Foundation/ProviderRepository.php:74
/var/www/html/vendor/laravel/framework/src/Illuminate/Foundation/Application.php:871
/var/www/html/vendor/laravel/framework/src/Illuminate/Foundation/Bootstrap/RegisterProviders.php:37
/var/www/html/vendor/laravel/framework/src/Illuminate/Foundation/Application.php:342
/var/www/html/vendor/laravel/framework/src/Illuminate/Foundation/Console/Kernel.php:473
/var/www/html/tests/CreatesApplication.php:31
/var/www/html/vendor/laravel/framework/src/Illuminate/Foundation/Testing/TestCase.php:54
/var/www/html/vendor/laravel/framework/src/Illuminate/Foundation/Testing/Concerns/InteractsWithTestCaseLifecycle.php:92
/var/www/html/vendor/laravel/framework/src/Illuminate/Foundation/Testing/TestCase.php:44
/var/www/html/tests/TestCase.php:36</error>
        </testcase>
        <testcase name="test_returns_401_for_unauthenticated_me_request" file="/var/www/html/tests/Feature/Http/Controllers/Api/AuthControllerTest.php" line="134" class="Tests\Feature\Http\Controllers\Api\AuthControllerTest" classname="Tests.Feature.Http.Controllers.Api.AuthControllerTest" assertions="0" time="0.000000">
          <error type="Error">Tests\Feature\Http\Controllers\Api\AuthControllerTest::test_returns_401_for_unauthenticated_me_request
Error: Class "Laravel\Dusk\DuskServiceProvider" not found

/var/www/html/vendor/laravel/framework/src/Illuminate/Foundation/Application.php:961
/var/www/html/vendor/laravel/framework/src/Illuminate/Foundation/Application.php:893
/var/www/html/app/Providers/AppServiceProvider.php:51
/var/www/html/vendor/laravel/framework/src/Illuminate/Foundation/Application.php:896
/var/www/html/vendor/laravel/framework/src/Illuminate/Foundation/ProviderRepository.php:74
/var/www/html/vendor/laravel/framework/src/Illuminate/Foundation/Application.php:871
/var/www/html/vendor/laravel/framework/src/Illuminate/Foundation/Bootstrap/RegisterProviders.php:37
/var/www/html/vendor/laravel/framework/src/Illuminate/Foundation/Application.php:342
/var/www/html/vendor/laravel/framework/src/Illuminate/Foundation/Console/Kernel.php:473
/var/www/html/tests/CreatesApplication.php:31
/var/www/html/vendor/laravel/framework/src/Illuminate/Foundation/Testing/TestCase.php:54
/var/www/html/vendor/laravel/framework/src/Illuminate/Foundation/Testing/Concerns/InteractsWithTestCaseLifecycle.php:92
/var/www/html/vendor/laravel/framework/src/Illuminate/Foundation/Testing/TestCase.php:44
/var/www/html/tests/TestCase.php:36</error>
        </testcase>
        <testcase name="test_can_get_authenticated_user_info" file="/var/www/html/tests/Feature/Http/Controllers/Api/AuthControllerTest.php" line="112" class="Tests\Feature\Http\Controllers\Api\AuthControllerTest" classname="Tests.Feature.Http.Controllers.Api.AuthControllerTest" assertions="0" time="0.000000">
          <error type="Error">Tests\Feature\Http\Controllers\Api\AuthControllerTest::test_can_get_authenticated_user_info
Error: Class "Laravel\Dusk\DuskServiceProvider" not found

/var/www/html/vendor/laravel/framework/src/Illuminate/Foundation/Application.php:961
/var/www/html/vendor/laravel/framework/src/Illuminate/Foundation/Application.php:893
/var/www/html/app/Providers/AppServiceProvider.php:51
/var/www/html/vendor/laravel/framework/src/Illuminate/Foundation/Application.php:896
/var/www/html/vendor/laravel/framework/src/Illuminate/Foundation/ProviderRepository.php:74
/var/www/html/vendor/laravel/framework/src/Illuminate/Foundation/Application.php:871
/var/www/html/vendor/laravel/framework/src/Illuminate/Foundation/Bootstrap/RegisterProviders.php:37
/var/www/html/vendor/laravel/framework/src/Illuminate/Foundation/Application.php:342
/var/www/html/vendor/laravel/framework/src/Illuminate/Foundation/Console/Kernel.php:473
/var/www/html/tests/CreatesApplication.php:31
/var/www/html/vendor/laravel/framework/src/Illuminate/Foundation/Testing/TestCase.php:54
/var/www/html/vendor/laravel/framework/src/Illuminate/Foundation/Testing/Concerns/InteractsWithTestCaseLifecycle.php:92
/var/www/html/vendor/laravel/framework/src/Illuminate/Foundation/Testing/TestCase.php:44
/var/www/html/tests/TestCase.php:36</error>
        </testcase>
        <testcase name="test_handles_login_with_empty_credentials" file="/var/www/html/tests/Feature/Http/Controllers/Api/AuthControllerTest.php" line="207" class="Tests\Feature\Http\Controllers\Api\AuthControllerTest" classname="Tests.Feature.Http.Controllers.Api.AuthControllerTest" assertions="0" time="0.000000">
          <error type="Error">Tests\Feature\Http\Controllers\Api\AuthControllerTest::test_handles_login_with_empty_credentials
Error: Class "Laravel\Dusk\DuskServiceProvider" not found

/var/www/html/vendor/laravel/framework/src/Illuminate/Foundation/Application.php:961
/var/www/html/vendor/laravel/framework/src/Illuminate/Foundation/Application.php:893
/var/www/html/app/Providers/AppServiceProvider.php:51
/var/www/html/vendor/laravel/framework/src/Illuminate/Foundation/Application.php:896
/var/www/html/vendor/laravel/framework/src/Illuminate/Foundation/ProviderRepository.php:74
/var/www/html/vendor/laravel/framework/src/Illuminate/Foundation/Application.php:871
/var/www/html/vendor/laravel/framework/src/Illuminate/Foundation/Bootstrap/RegisterProviders.php:37
/var/www/html/vendor/laravel/framework/src/Illuminate/Foundation/Application.php:342
/var/www/html/vendor/laravel/framework/src/Illuminate/Foundation/Console/Kernel.php:473
/var/www/html/tests/CreatesApplication.php:31
/var/www/html/vendor/laravel/framework/src/Illuminate/Foundation/Testing/TestCase.php:54
/var/www/html/vendor/laravel/framework/src/Illuminate/Foundation/Testing/Concerns/InteractsWithTestCaseLifecycle.php:92
/var/www/html/vendor/laravel/framework/src/Illuminate/Foundation/Testing/TestCase.php:44
/var/www/html/tests/TestCase.php:36</error>
        </testcase>
        <testcase name="test_handles_login_with_invalid_email_format" file="/var/www/html/tests/Feature/Http/Controllers/Api/AuthControllerTest.php" line="218" class="Tests\Feature\Http\Controllers\Api\AuthControllerTest" classname="Tests.Feature.Http.Controllers.Api.AuthControllerTest" assertions="0" time="0.000000">
          <error type="Error">Tests\Feature\Http\Controllers\Api\AuthControllerTest::test_handles_login_with_invalid_email_format
Error: Class "Laravel\Dusk\DuskServiceProvider" not found

/var/www/html/vendor/laravel/framework/src/Illuminate/Foundation/Application.php:961
/var/www/html/vendor/laravel/framework/src/Illuminate/Foundation/Application.php:893
/var/www/html/app/Providers/AppServiceProvider.php:51
/var/www/html/vendor/laravel/framework/src/Illuminate/Foundation/Application.php:896
/var/www/html/vendor/laravel/framework/src/Illuminate/Foundation/ProviderRepository.php:74
/var/www/html/vendor/laravel/framework/src/Illuminate/Foundation/Application.php:871
/var/www/html/vendor/laravel/framework/src/Illuminate/Foundation/Bootstrap/RegisterProviders.php:37
/var/www/html/vendor/laravel/framework/src/Illuminate/Foundation/Application.php:342
/var/www/html/vendor/laravel/framework/src/Illuminate/Foundation/Console/Kernel.php:473
/var/www/html/tests/CreatesApplication.php:31
/var/www/html/vendor/laravel/framework/src/Illuminate/Foundation/Testing/TestCase.php:54
/var/www/html/vendor/laravel/framework/src/Illuminate/Foundation/Testing/Concerns/InteractsWithTestCaseLifecycle.php:92
/var/www/html/vendor/laravel/framework/src/Illuminate/Foundation/Testing/TestCase.php:44
/var/www/html/tests/TestCase.php:36</error>
        </testcase>
        <testcase name="test_handles_login_with_sql_injection_attempt" file="/var/www/html/tests/Feature/Http/Controllers/Api/AuthControllerTest.php" line="240" class="Tests\Feature\Http\Controllers\Api\AuthControllerTest" classname="Tests.Feature.Http.Controllers.Api.AuthControllerTest" assertions="0" time="0.000000">
          <error type="Error">Tests\Feature\Http\Controllers\Api\AuthControllerTest::test_handles_login_with_sql_injection_attempt
Error: Class "Laravel\Dusk\DuskServiceProvider" not found

/var/www/html/vendor/laravel/framework/src/Illuminate/Foundation/Application.php:961
/var/www/html/vendor/laravel/framework/src/Illuminate/Foundation/Application.php:893
/var/www/html/app/Providers/AppServiceProvider.php:51
/var/www/html/vendor/laravel/framework/src/Illuminate/Foundation/Application.php:896
/var/www/html/vendor/laravel/framework/src/Illuminate/Foundation/ProviderRepository.php:74
/var/www/html/vendor/laravel/framework/src/Illuminate/Foundation/Application.php:871
/var/www/html/vendor/laravel/framework/src/Illuminate/Foundation/Bootstrap/RegisterProviders.php:37
/var/www/html/vendor/laravel/framework/src/Illuminate/Foundation/Application.php:342
/var/www/html/vendor/laravel/framework/src/Illuminate/Foundation/Console/Kernel.php:473
/var/www/html/tests/CreatesApplication.php:31
/var/www/html/vendor/laravel/framework/src/Illuminate/Foundation/Testing/TestCase.php:54
/var/www/html/vendor/laravel/framework/src/Illuminate/Foundation/Testing/Concerns/InteractsWithTestCaseLifecycle.php:92
/var/www/html/vendor/laravel/framework/src/Illuminate/Foundation/Testing/TestCase.php:44
/var/www/html/tests/TestCase.php:36</error>
        </testcase>
        <testcase name="test_validates_login_request" file="/var/www/html/tests/Feature/Http/Controllers/Api/AuthControllerTest.php" line="52" class="Tests\Feature\Http\Controllers\Api\AuthControllerTest" classname="Tests.Feature.Http.Controllers.Api.AuthControllerTest" assertions="0" time="0.000000">
          <error type="Error">Tests\Feature\Http\Controllers\Api\AuthControllerTest::test_validates_login_request
Error: Class "Laravel\Dusk\DuskServiceProvider" not found

/var/www/html/vendor/laravel/framework/src/Illuminate/Foundation/Application.php:961
/var/www/html/vendor/laravel/framework/src/Illuminate/Foundation/Application.php:893
/var/www/html/app/Providers/AppServiceProvider.php:51
/var/www/html/vendor/laravel/framework/src/Illuminate/Foundation/Application.php:896
/var/www/html/vendor/laravel/framework/src/Illuminate/Foundation/ProviderRepository.php:74
/var/www/html/vendor/laravel/framework/src/Illuminate/Foundation/Application.php:871
/var/www/html/vendor/laravel/framework/src/Illuminate/Foundation/Bootstrap/RegisterProviders.php:37
/var/www/html/vendor/laravel/framework/src/Illuminate/Foundation/Application.php:342
/var/www/html/vendor/laravel/framework/src/Illuminate/Foundation/Console/Kernel.php:473
/var/www/html/tests/CreatesApplication.php:31
/var/www/html/vendor/laravel/framework/src/Illuminate/Foundation/Testing/TestCase.php:54
/var/www/html/vendor/laravel/framework/src/Illuminate/Foundation/Testing/Concerns/InteractsWithTestCaseLifecycle.php:92
/var/www/html/vendor/laravel/framework/src/Illuminate/Foundation/Testing/TestCase.php:44
/var/www/html/tests/TestCase.php:36</error>
        </testcase>
        <testcase name="test_can_login_with_valid_credentials" file="/var/www/html/tests/Feature/Http/Controllers/Api/AuthControllerTest.php" line="21" class="Tests\Feature\Http\Controllers\Api\AuthControllerTest" classname="Tests.Feature.Http.Controllers.Api.AuthControllerTest" assertions="0" time="0.000000">
          <error type="Error">Tests\Feature\Http\Controllers\Api\AuthControllerTest::test_can_login_with_valid_credentials
Error: Class "Laravel\Dusk\DuskServiceProvider" not found

/var/www/html/vendor/laravel/framework/src/Illuminate/Foundation/Application.php:961
/var/www/html/vendor/laravel/framework/src/Illuminate/Foundation/Application.php:893
/var/www/html/app/Providers/AppServiceProvider.php:51
/var/www/html/vendor/laravel/framework/src/Illuminate/Foundation/Application.php:896
/var/www/html/vendor/laravel/framework/src/Illuminate/Foundation/ProviderRepository.php:74
/var/www/html/vendor/laravel/framework/src/Illuminate/Foundation/Application.php:871
/var/www/html/vendor/laravel/framework/src/Illuminate/Foundation/Bootstrap/RegisterProviders.php:37
/var/www/html/vendor/laravel/framework/src/Illuminate/Foundation/Application.php:342
/var/www/html/vendor/laravel/framework/src/Illuminate/Foundation/Console/Kernel.php:473
/var/www/html/tests/CreatesApplication.php:31
/var/www/html/vendor/laravel/framework/src/Illuminate/Foundation/Testing/TestCase.php:54
/var/www/html/vendor/laravel/framework/src/Illuminate/Foundation/Testing/Concerns/InteractsWithTestCaseLifecycle.php:92
/var/www/html/vendor/laravel/framework/src/Illuminate/Foundation/Testing/TestCase.php:44
/var/www/html/tests/TestCase.php:36</error>
        </testcase>
        <testcase name="test_handles_login_with_xss_attempt" file="/var/www/html/tests/Feature/Http/Controllers/Api/AuthControllerTest.php" line="251" class="Tests\Feature\Http\Controllers\Api\AuthControllerTest" classname="Tests.Feature.Http.Controllers.Api.AuthControllerTest" assertions="0" time="0.000000">
          <error type="Error">Tests\Feature\Http\Controllers\Api\AuthControllerTest::test_handles_login_with_xss_attempt
Error: Class "Laravel\Dusk\DuskServiceProvider" not found

/var/www/html/vendor/laravel/framework/src/Illuminate/Foundation/Application.php:961
/var/www/html/vendor/laravel/framework/src/Illuminate/Foundation/Application.php:893
/var/www/html/app/Providers/AppServiceProvider.php:51
/var/www/html/vendor/laravel/framework/src/Illuminate/Foundation/Application.php:896
/var/www/html/vendor/laravel/framework/src/Illuminate/Foundation/ProviderRepository.php:74
/var/www/html/vendor/laravel/framework/src/Illuminate/Foundation/Application.php:871
/var/www/html/vendor/laravel/framework/src/Illuminate/Foundation/Bootstrap/RegisterProviders.php:37
/var/www/html/vendor/laravel/framework/src/Illuminate/Foundation/Application.php:342
/var/www/html/vendor/laravel/framework/src/Illuminate/Foundation/Console/Kernel.php:473
/var/www/html/tests/CreatesApplication.php:31
/var/www/html/vendor/laravel/framework/src/Illuminate/Foundation/Testing/TestCase.php:54
/var/www/html/vendor/laravel/framework/src/Illuminate/Foundation/Testing/Concerns/InteractsWithTestCaseLifecycle.php:92
/var/www/html/vendor/laravel/framework/src/Illuminate/Foundation/Testing/TestCase.php:44
/var/www/html/tests/TestCase.php:36</error>
        </testcase>
        <testcase name="test_can_logout_authenticated_user" file="/var/www/html/tests/Feature/Http/Controllers/Api/AuthControllerTest.php" line="90" class="Tests\Feature\Http\Controllers\Api\AuthControllerTest" classname="Tests.Feature.Http.Controllers.Api.AuthControllerTest" assertions="0" time="0.000000">
          <error type="Error">Tests\Feature\Http\Controllers\Api\AuthControllerTest::test_can_logout_authenticated_user
Error: Class "Laravel\Dusk\DuskServiceProvider" not found

/var/www/html/vendor/laravel/framework/src/Illuminate/Foundation/Application.php:961
/var/www/html/vendor/laravel/framework/src/Illuminate/Foundation/Application.php:893
/var/www/html/app/Providers/AppServiceProvider.php:51
/var/www/html/vendor/laravel/framework/src/Illuminate/Foundation/Application.php:896
/var/www/html/vendor/laravel/framework/src/Illuminate/Foundation/ProviderRepository.php:74
/var/www/html/vendor/laravel/framework/src/Illuminate/Foundation/Application.php:871
/var/www/html/vendor/laravel/framework/src/Illuminate/Foundation/Bootstrap/RegisterProviders.php:37
/var/www/html/vendor/laravel/framework/src/Illuminate/Foundation/Application.php:342
/var/www/html/vendor/laravel/framework/src/Illuminate/Foundation/Console/Kernel.php:473
/var/www/html/tests/CreatesApplication.php:31
/var/www/html/vendor/laravel/framework/src/Illuminate/Foundation/Testing/TestCase.php:54
/var/www/html/vendor/laravel/framework/src/Illuminate/Foundation/Testing/Concerns/InteractsWithTestCaseLifecycle.php:92
/var/www/html/vendor/laravel/framework/src/Illuminate/Foundation/Testing/TestCase.php:44
/var/www/html/tests/TestCase.php:36</error>
        </testcase>
        <testcase name="test_deletes_token_on_logout" file="/var/www/html/tests/Feature/Http/Controllers/Api/AuthControllerTest.php" line="175" class="Tests\Feature\Http\Controllers\Api\AuthControllerTest" classname="Tests.Feature.Http.Controllers.Api.AuthControllerTest" assertions="0" time="0.000000">
          <error type="Error">Tests\Feature\Http\Controllers\Api\AuthControllerTest::test_deletes_token_on_logout
Error: Class "Laravel\Dusk\DuskServiceProvider" not found

/var/www/html/vendor/laravel/framework/src/Illuminate/Foundation/Application.php:961
/var/www/html/vendor/laravel/framework/src/Illuminate/Foundation/Application.php:893
/var/www/html/app/Providers/AppServiceProvider.php:51
/var/www/html/vendor/laravel/framework/src/Illuminate/Foundation/Application.php:896
/var/www/html/vendor/laravel/framework/src/Illuminate/Foundation/ProviderRepository.php:74
/var/www/html/vendor/laravel/framework/src/Illuminate/Foundation/Application.php:871
/var/www/html/vendor/laravel/framework/src/Illuminate/Foundation/Bootstrap/RegisterProviders.php:37
/var/www/html/vendor/laravel/framework/src/Illuminate/Foundation/Application.php:342
/var/www/html/vendor/laravel/framework/src/Illuminate/Foundation/Console/Kernel.php:473
/var/www/html/tests/CreatesApplication.php:31
/var/www/html/vendor/laravel/framework/src/Illuminate/Foundation/Testing/TestCase.php:54
/var/www/html/vendor/laravel/framework/src/Illuminate/Foundation/Testing/Concerns/InteractsWithTestCaseLifecycle.php:92
/var/www/html/vendor/laravel/framework/src/Illuminate/Foundation/Testing/TestCase.php:44
/var/www/html/tests/TestCase.php:36</error>
        </testcase>
        <testcase name="test_handles_multiple_concurrent_logins" file="/var/www/html/tests/Feature/Http/Controllers/Api/AuthControllerTest.php" line="262" class="Tests\Feature\Http\Controllers\Api\AuthControllerTest" classname="Tests.Feature.Http.Controllers.Api.AuthControllerTest" assertions="0" time="0.000000">
          <error type="Error">Tests\Feature\Http\Controllers\Api\AuthControllerTest::test_handles_multiple_concurrent_logins
Error: Class "Laravel\Dusk\DuskServiceProvider" not found

/var/www/html/vendor/laravel/framework/src/Illuminate/Foundation/Application.php:961
/var/www/html/vendor/laravel/framework/src/Illuminate/Foundation/Application.php:893
/var/www/html/app/Providers/AppServiceProvider.php:51
/var/www/html/vendor/laravel/framework/src/Illuminate/Foundation/Application.php:896
/var/www/html/vendor/laravel/framework/src/Illuminate/Foundation/ProviderRepository.php:74
/var/www/html/vendor/laravel/framework/src/Illuminate/Foundation/Application.php:871
/var/www/html/vendor/laravel/framework/src/Illuminate/Foundation/Bootstrap/RegisterProviders.php:37
/var/www/html/vendor/laravel/framework/src/Illuminate/Foundation/Application.php:342
/var/www/html/vendor/laravel/framework/src/Illuminate/Foundation/Console/Kernel.php:473
/var/www/html/tests/CreatesApplication.php:31
/var/www/html/vendor/laravel/framework/src/Illuminate/Foundation/Testing/TestCase.php:54
/var/www/html/vendor/laravel/framework/src/Illuminate/Foundation/Testing/Concerns/InteractsWithTestCaseLifecycle.php:92
/var/www/html/vendor/laravel/framework/src/Illuminate/Foundation/Testing/TestCase.php:44
/var/www/html/tests/TestCase.php:36</error>
        </testcase>
        <testcase name="test_handles_login_with_very_long_password" file="/var/www/html/tests/Feature/Http/Controllers/Api/AuthControllerTest.php" line="229" class="Tests\Feature\Http\Controllers\Api\AuthControllerTest" classname="Tests.Feature.Http.Controllers.Api.AuthControllerTest" assertions="0" time="0.000000">
          <error type="Error">Tests\Feature\Http\Controllers\Api\AuthControllerTest::test_handles_login_with_very_long_password
Error: Class "Laravel\Dusk\DuskServiceProvider" not found

/var/www/html/vendor/laravel/framework/src/Illuminate/Foundation/Application.php:961
/var/www/html/vendor/laravel/framework/src/Illuminate/Foundation/Application.php:893
/var/www/html/app/Providers/AppServiceProvider.php:51
/var/www/html/vendor/laravel/framework/src/Illuminate/Foundation/Application.php:896
/var/www/html/vendor/laravel/framework/src/Illuminate/Foundation/ProviderRepository.php:74
/var/www/html/vendor/laravel/framework/src/Illuminate/Foundation/Application.php:871
/var/www/html/vendor/laravel/framework/src/Illuminate/Foundation/Bootstrap/RegisterProviders.php:37
/var/www/html/vendor/laravel/framework/src/Illuminate/Foundation/Application.php:342
/var/www/html/vendor/laravel/framework/src/Illuminate/Foundation/Console/Kernel.php:473
/var/www/html/tests/CreatesApplication.php:31
/var/www/html/vendor/laravel/framework/src/Illuminate/Foundation/Testing/TestCase.php:54
/var/www/html/vendor/laravel/framework/src/Illuminate/Foundation/Testing/Concerns/InteractsWithTestCaseLifecycle.php:92
/var/www/html/vendor/laravel/framework/src/Illuminate/Foundation/Testing/TestCase.php:44
/var/www/html/tests/TestCase.php:36</error>
        </testcase>
        <testcase name="test_handles_me_request_without_authorization_header" file="/var/www/html/tests/Feature/Http/Controllers/Api/AuthControllerTest.php" line="298" class="Tests\Feature\Http\Controllers\Api\AuthControllerTest" classname="Tests.Feature.Http.Controllers.Api.AuthControllerTest" assertions="0" time="0.000000">
          <error type="Error">Tests\Feature\Http\Controllers\Api\AuthControllerTest::test_handles_me_request_without_authorization_header
Error: Class "Laravel\Dusk\DuskServiceProvider" not found

/var/www/html/vendor/laravel/framework/src/Illuminate/Foundation/Application.php:961
/var/www/html/vendor/laravel/framework/src/Illuminate/Foundation/Application.php:893
/var/www/html/app/Providers/AppServiceProvider.php:51
/var/www/html/vendor/laravel/framework/src/Illuminate/Foundation/Application.php:896
/var/www/html/vendor/laravel/framework/src/Illuminate/Foundation/ProviderRepository.php:74
/var/www/html/vendor/laravel/framework/src/Illuminate/Foundation/Application.php:871
/var/www/html/vendor/laravel/framework/src/Illuminate/Foundation/Bootstrap/RegisterProviders.php:37
/var/www/html/vendor/laravel/framework/src/Illuminate/Foundation/Application.php:342
/var/www/html/vendor/laravel/framework/src/Illuminate/Foundation/Console/Kernel.php:473
/var/www/html/tests/CreatesApplication.php:31
/var/www/html/vendor/laravel/framework/src/Illuminate/Foundation/Testing/TestCase.php:54
/var/www/html/vendor/laravel/framework/src/Illuminate/Foundation/Testing/Concerns/InteractsWithTestCaseLifecycle.php:92
/var/www/html/vendor/laravel/framework/src/Illuminate/Foundation/Testing/TestCase.php:44
/var/www/html/tests/TestCase.php:36</error>
        </testcase>
        <testcase name="test_handles_logout_without_authorization_header" file="/var/www/html/tests/Feature/Http/Controllers/Api/AuthControllerTest.php" line="291" class="Tests\Feature\Http\Controllers\Api\AuthControllerTest" classname="Tests.Feature.Http.Controllers.Api.AuthControllerTest" assertions="0" time="0.000000">
          <error type="Error">Tests\Feature\Http\Controllers\Api\AuthControllerTest::test_handles_logout_without_authorization_header
Error: Class "Laravel\Dusk\DuskServiceProvider" not found

/var/www/html/vendor/laravel/framework/src/Illuminate/Foundation/Application.php:961
/var/www/html/vendor/laravel/framework/src/Illuminate/Foundation/Application.php:893
/var/www/html/app/Providers/AppServiceProvider.php:51
/var/www/html/vendor/laravel/framework/src/Illuminate/Foundation/Application.php:896
/var/www/html/vendor/laravel/framework/src/Illuminate/Foundation/ProviderRepository.php:74
/var/www/html/vendor/laravel/framework/src/Illuminate/Foundation/Application.php:871
/var/www/html/vendor/laravel/framework/src/Illuminate/Foundation/Bootstrap/RegisterProviders.php:37
/var/www/html/vendor/laravel/framework/src/Illuminate/Foundation/Application.php:342
/var/www/html/vendor/laravel/framework/src/Illuminate/Foundation/Console/Kernel.php:473
/var/www/html/tests/CreatesApplication.php:31
/var/www/html/vendor/laravel/framework/src/Illuminate/Foundation/Testing/TestCase.php:54
/var/www/html/vendor/laravel/framework/src/Illuminate/Foundation/Testing/Concerns/InteractsWithTestCaseLifecycle.php:92
/var/www/html/vendor/laravel/framework/src/Illuminate/Foundation/Testing/TestCase.php:44
/var/www/html/tests/TestCase.php:36</error>
        </testcase>
        <testcase name="test_can_logout_unauthenticated_user" file="/var/www/html/tests/Feature/Http/Controllers/Api/AuthControllerTest.php" line="105" class="Tests\Feature\Http\Controllers\Api\AuthControllerTest" classname="Tests.Feature.Http.Controllers.Api.AuthControllerTest" assertions="0" time="0.000000">
          <error type="Error">Tests\Feature\Http\Controllers\Api\AuthControllerTest::test_can_logout_unauthenticated_user
Error: Class "Laravel\Dusk\DuskServiceProvider" not found

/var/www/html/vendor/laravel/framework/src/Illuminate/Foundation/Application.php:961
/var/www/html/vendor/laravel/framework/src/Illuminate/Foundation/Application.php:893
/var/www/html/app/Providers/AppServiceProvider.php:51
/var/www/html/vendor/laravel/framework/src/Illuminate/Foundation/Application.php:896
/var/www/html/vendor/laravel/framework/src/Illuminate/Foundation/ProviderRepository.php:74
/var/www/html/vendor/laravel/framework/src/Illuminate/Foundation/Application.php:871
/var/www/html/vendor/laravel/framework/src/Illuminate/Foundation/Bootstrap/RegisterProviders.php:37
/var/www/html/vendor/laravel/framework/src/Illuminate/Foundation/Application.php:342
/var/www/html/vendor/laravel/framework/src/Illuminate/Foundation/Console/Kernel.php:473
/var/www/html/tests/CreatesApplication.php:31
/var/www/html/vendor/laravel/framework/src/Illuminate/Foundation/Testing/TestCase.php:54
/var/www/html/vendor/laravel/framework/src/Illuminate/Foundation/Testing/Concerns/InteractsWithTestCaseLifecycle.php:92
/var/www/html/vendor/laravel/framework/src/Illuminate/Foundation/Testing/TestCase.php:44
/var/www/html/tests/TestCase.php:36</error>
        </testcase>
      </testsuite>
      <testsuite name="Tests\Feature\Http\Middleware\ValidateSignatureTest" file="/var/www/html/tests/Feature/Http/Middleware/ValidateSignatureTest.php" tests="5" assertions="0" errors="5" failures="0" skipped="0" time="0.000000">
        <testcase name="test_validate_signature_middleware_handles_invalid_signature" file="/var/www/html/tests/Feature/Http/Middleware/ValidateSignatureTest.php" line="45" class="Tests\Feature\Http\Middleware\ValidateSignatureTest" classname="Tests.Feature.Http.Middleware.ValidateSignatureTest" assertions="0" time="0.000000">
          <error type="Error">Tests\Feature\Http\Middleware\ValidateSignatureTest::test_validate_signature_middleware_handles_invalid_signature
Error: Class "Laravel\Dusk\DuskServiceProvider" not found

/var/www/html/vendor/laravel/framework/src/Illuminate/Foundation/Application.php:961
/var/www/html/vendor/laravel/framework/src/Illuminate/Foundation/Application.php:893
/var/www/html/app/Providers/AppServiceProvider.php:51
/var/www/html/vendor/laravel/framework/src/Illuminate/Foundation/Application.php:896
/var/www/html/vendor/laravel/framework/src/Illuminate/Foundation/ProviderRepository.php:74
/var/www/html/vendor/laravel/framework/src/Illuminate/Foundation/Application.php:871
/var/www/html/vendor/laravel/framework/src/Illuminate/Foundation/Bootstrap/RegisterProviders.php:37
/var/www/html/vendor/laravel/framework/src/Illuminate/Foundation/Application.php:342
/var/www/html/vendor/laravel/framework/src/Illuminate/Foundation/Console/Kernel.php:473
/var/www/html/tests/CreatesApplication.php:31
/var/www/html/vendor/laravel/framework/src/Illuminate/Foundation/Testing/TestCase.php:54
/var/www/html/vendor/laravel/framework/src/Illuminate/Foundation/Testing/Concerns/InteractsWithTestCaseLifecycle.php:92
/var/www/html/vendor/laravel/framework/src/Illuminate/Foundation/Testing/TestCase.php:44
/var/www/html/tests/TestCase.php:36</error>
        </testcase>
        <testcase name="test_validate_signature_middleware_handles_post_requests" file="/var/www/html/tests/Feature/Http/Middleware/ValidateSignatureTest.php" line="59" class="Tests\Feature\Http\Middleware\ValidateSignatureTest" classname="Tests.Feature.Http.Middleware.ValidateSignatureTest" assertions="0" time="0.000000">
          <error type="Error">Tests\Feature\Http\Middleware\ValidateSignatureTest::test_validate_signature_middleware_handles_post_requests
Error: Class "Laravel\Dusk\DuskServiceProvider" not found

/var/www/html/vendor/laravel/framework/src/Illuminate/Foundation/Application.php:961
/var/www/html/vendor/laravel/framework/src/Illuminate/Foundation/Application.php:893
/var/www/html/app/Providers/AppServiceProvider.php:51
/var/www/html/vendor/laravel/framework/src/Illuminate/Foundation/Application.php:896
/var/www/html/vendor/laravel/framework/src/Illuminate/Foundation/ProviderRepository.php:74
/var/www/html/vendor/laravel/framework/src/Illuminate/Foundation/Application.php:871
/var/www/html/vendor/laravel/framework/src/Illuminate/Foundation/Bootstrap/RegisterProviders.php:37
/var/www/html/vendor/laravel/framework/src/Illuminate/Foundation/Application.php:342
/var/www/html/vendor/laravel/framework/src/Illuminate/Foundation/Console/Kernel.php:473
/var/www/html/tests/CreatesApplication.php:31
/var/www/html/vendor/laravel/framework/src/Illuminate/Foundation/Testing/TestCase.php:54
/var/www/html/vendor/laravel/framework/src/Illuminate/Foundation/Testing/Concerns/InteractsWithTestCaseLifecycle.php:92
/var/www/html/vendor/laravel/framework/src/Illuminate/Foundation/Testing/TestCase.php:44
/var/www/html/tests/TestCase.php:36</error>
        </testcase>
        <testcase name="test_validate_signature_middleware_handles_missing_signature" file="/var/www/html/tests/Feature/Http/Middleware/ValidateSignatureTest.php" line="32" class="Tests\Feature\Http\Middleware\ValidateSignatureTest" classname="Tests.Feature.Http.Middleware.ValidateSignatureTest" assertions="0" time="0.000000">
          <error type="Error">Tests\Feature\Http\Middleware\ValidateSignatureTest::test_validate_signature_middleware_handles_missing_signature
Error: Class "Laravel\Dusk\DuskServiceProvider" not found

/var/www/html/vendor/laravel/framework/src/Illuminate/Foundation/Application.php:961
/var/www/html/vendor/laravel/framework/src/Illuminate/Foundation/Application.php:893
/var/www/html/app/Providers/AppServiceProvider.php:51
/var/www/html/vendor/laravel/framework/src/Illuminate/Foundation/Application.php:896
/var/www/html/vendor/laravel/framework/src/Illuminate/Foundation/ProviderRepository.php:74
/var/www/html/vendor/laravel/framework/src/Illuminate/Foundation/Application.php:871
/var/www/html/vendor/laravel/framework/src/Illuminate/Foundation/Bootstrap/RegisterProviders.php:37
/var/www/html/vendor/laravel/framework/src/Illuminate/Foundation/Application.php:342
/var/www/html/vendor/laravel/framework/src/Illuminate/Foundation/Console/Kernel.php:473
/var/www/html/tests/CreatesApplication.php:31
/var/www/html/vendor/laravel/framework/src/Illuminate/Foundation/Testing/TestCase.php:54
/var/www/html/vendor/laravel/framework/src/Illuminate/Foundation/Testing/Concerns/InteractsWithTestCaseLifecycle.php:92
/var/www/html/vendor/laravel/framework/src/Illuminate/Foundation/Testing/TestCase.php:44
/var/www/html/tests/TestCase.php:36</error>
        </testcase>
        <testcase name="test_validate_signature_middleware_handles_api_requests" file="/var/www/html/tests/Feature/Http/Middleware/ValidateSignatureTest.php" line="74" class="Tests\Feature\Http\Middleware\ValidateSignatureTest" classname="Tests.Feature.Http.Middleware.ValidateSignatureTest" assertions="0" time="0.000000">
          <error type="Error">Tests\Feature\Http\Middleware\ValidateSignatureTest::test_validate_signature_middleware_handles_api_requests
Error: Class "Laravel\Dusk\DuskServiceProvider" not found

/var/www/html/vendor/laravel/framework/src/Illuminate/Foundation/Application.php:961
/var/www/html/vendor/laravel/framework/src/Illuminate/Foundation/Application.php:893
/var/www/html/app/Providers/AppServiceProvider.php:51
/var/www/html/vendor/laravel/framework/src/Illuminate/Foundation/Application.php:896
/var/www/html/vendor/laravel/framework/src/Illuminate/Foundation/ProviderRepository.php:74
/var/www/html/vendor/laravel/framework/src/Illuminate/Foundation/Application.php:871
/var/www/html/vendor/laravel/framework/src/Illuminate/Foundation/Bootstrap/RegisterProviders.php:37
/var/www/html/vendor/laravel/framework/src/Illuminate/Foundation/Application.php:342
/var/www/html/vendor/laravel/framework/src/Illuminate/Foundation/Console/Kernel.php:473
/var/www/html/tests/CreatesApplication.php:31
/var/www/html/vendor/laravel/framework/src/Illuminate/Foundation/Testing/TestCase.php:54
/var/www/html/vendor/laravel/framework/src/Illuminate/Foundation/Testing/Concerns/InteractsWithTestCaseLifecycle.php:92
/var/www/html/vendor/laravel/framework/src/Illuminate/Foundation/Testing/TestCase.php:44
/var/www/html/tests/TestCase.php:36</error>
        </testcase>
        <testcase name="test_validate_signature_middleware_validates_correct_signature" file="/var/www/html/tests/Feature/Http/Middleware/ValidateSignatureTest.php" line="18" class="Tests\Feature\Http\Middleware\ValidateSignatureTest" classname="Tests.Feature.Http.Middleware.ValidateSignatureTest" assertions="0" time="0.000000">
          <error type="Error">Tests\Feature\Http\Middleware\ValidateSignatureTest::test_validate_signature_middleware_validates_correct_signature
Error: Class "Laravel\Dusk\DuskServiceProvider" not found

/var/www/html/vendor/laravel/framework/src/Illuminate/Foundation/Application.php:961
/var/www/html/vendor/laravel/framework/src/Illuminate/Foundation/Application.php:893
/var/www/html/app/Providers/AppServiceProvider.php:51
/var/www/html/vendor/laravel/framework/src/Illuminate/Foundation/Application.php:896
/var/www/html/vendor/laravel/framework/src/Illuminate/Foundation/ProviderRepository.php:74
/var/www/html/vendor/laravel/framework/src/Illuminate/Foundation/Application.php:871
/var/www/html/vendor/laravel/framework/src/Illuminate/Foundation/Bootstrap/RegisterProviders.php:37
/var/www/html/vendor/laravel/framework/src/Illuminate/Foundation/Application.php:342
/var/www/html/vendor/laravel/framework/src/Illuminate/Foundation/Console/Kernel.php:473
/var/www/html/tests/CreatesApplication.php:31
/var/www/html/vendor/laravel/framework/src/Illuminate/Foundation/Testing/TestCase.php:54
/var/www/html/vendor/laravel/framework/src/Illuminate/Foundation/Testing/Concerns/InteractsWithTestCaseLifecycle.php:92
/var/www/html/vendor/laravel/framework/src/Illuminate/Foundation/Testing/TestCase.php:44
/var/www/html/tests/TestCase.php:36</error>
        </testcase>
      </testsuite>
      <testsuite name="Tests\Feature\Http\Middleware\SessionManagementMiddlewareTest" file="/var/www/html/tests/Feature/Http/Middleware/SessionManagementMiddlewareTest.php" tests="5" assertions="0" errors="5" failures="0" skipped="0" time="0.000000">
        <testcase name="test_session_management_middleware_handles_session_data" file="/var/www/html/tests/Feature/Http/Middleware/SessionManagementMiddlewareTest.php" line="35" class="Tests\Feature\Http\Middleware\SessionManagementMiddlewareTest" classname="Tests.Feature.Http.Middleware.SessionManagementMiddlewareTest" assertions="0" time="0.000000">
          <error type="Error">Tests\Feature\Http\Middleware\SessionManagementMiddlewareTest::test_session_management_middleware_handles_session_data
Error: Class "Laravel\Dusk\DuskServiceProvider" not found

/var/www/html/vendor/laravel/framework/src/Illuminate/Foundation/Application.php:961
/var/www/html/vendor/laravel/framework/src/Illuminate/Foundation/Application.php:893
/var/www/html/app/Providers/AppServiceProvider.php:51
/var/www/html/vendor/laravel/framework/src/Illuminate/Foundation/Application.php:896
/var/www/html/vendor/laravel/framework/src/Illuminate/Foundation/ProviderRepository.php:74
/var/www/html/vendor/laravel/framework/src/Illuminate/Foundation/Application.php:871
/var/www/html/vendor/laravel/framework/src/Illuminate/Foundation/Bootstrap/RegisterProviders.php:37
/var/www/html/vendor/laravel/framework/src/Illuminate/Foundation/Application.php:342
/var/www/html/vendor/laravel/framework/src/Illuminate/Foundation/Console/Kernel.php:473
/var/www/html/tests/CreatesApplication.php:31
/var/www/html/vendor/laravel/framework/src/Illuminate/Foundation/Testing/TestCase.php:54
/var/www/html/vendor/laravel/framework/src/Illuminate/Foundation/Testing/Concerns/InteractsWithTestCaseLifecycle.php:92
/var/www/html/vendor/laravel/framework/src/Illuminate/Foundation/Testing/TestCase.php:44
/var/www/html/tests/TestCase.php:36</error>
        </testcase>
        <testcase name="test_session_management_middleware_handles_session_timeout" file="/var/www/html/tests/Feature/Http/Middleware/SessionManagementMiddlewareTest.php" line="97" class="Tests\Feature\Http\Middleware\SessionManagementMiddlewareTest" classname="Tests.Feature.Http.Middleware.SessionManagementMiddlewareTest" assertions="0" time="0.000000">
          <error type="Error">Tests\Feature\Http\Middleware\SessionManagementMiddlewareTest::test_session_management_middleware_handles_session_timeout
Error: Class "Laravel\Dusk\DuskServiceProvider" not found

/var/www/html/vendor/laravel/framework/src/Illuminate/Foundation/Application.php:961
/var/www/html/vendor/laravel/framework/src/Illuminate/Foundation/Application.php:893
/var/www/html/app/Providers/AppServiceProvider.php:51
/var/www/html/vendor/laravel/framework/src/Illuminate/Foundation/Application.php:896
/var/www/html/vendor/laravel/framework/src/Illuminate/Foundation/ProviderRepository.php:74
/var/www/html/vendor/laravel/framework/src/Illuminate/Foundation/Application.php:871
/var/www/html/vendor/laravel/framework/src/Illuminate/Foundation/Bootstrap/RegisterProviders.php:37
/var/www/html/vendor/laravel/framework/src/Illuminate/Foundation/Application.php:342
/var/www/html/vendor/laravel/framework/src/Illuminate/Foundation/Console/Kernel.php:473
/var/www/html/tests/CreatesApplication.php:31
/var/www/html/vendor/laravel/framework/src/Illuminate/Foundation/Testing/TestCase.php:54
/var/www/html/vendor/laravel/framework/src/Illuminate/Foundation/Testing/Concerns/InteractsWithTestCaseLifecycle.php:92
/var/www/html/vendor/laravel/framework/src/Illuminate/Foundation/Testing/TestCase.php:44
/var/www/html/tests/TestCase.php:36</error>
        </testcase>
        <testcase name="test_session_management_middleware_handles_post_requests" file="/var/www/html/tests/Feature/Http/Middleware/SessionManagementMiddlewareTest.php" line="56" class="Tests\Feature\Http\Middleware\SessionManagementMiddlewareTest" classname="Tests.Feature.Http.Middleware.SessionManagementMiddlewareTest" assertions="0" time="0.000000">
          <error type="Error">Tests\Feature\Http\Middleware\SessionManagementMiddlewareTest::test_session_management_middleware_handles_post_requests
Error: Class "Laravel\Dusk\DuskServiceProvider" not found

/var/www/html/vendor/laravel/framework/src/Illuminate/Foundation/Application.php:961
/var/www/html/vendor/laravel/framework/src/Illuminate/Foundation/Application.php:893
/var/www/html/app/Providers/AppServiceProvider.php:51
/var/www/html/vendor/laravel/framework/src/Illuminate/Foundation/Application.php:896
/var/www/html/vendor/laravel/framework/src/Illuminate/Foundation/ProviderRepository.php:74
/var/www/html/vendor/laravel/framework/src/Illuminate/Foundation/Application.php:871
/var/www/html/vendor/laravel/framework/src/Illuminate/Foundation/Bootstrap/RegisterProviders.php:37
/var/www/html/vendor/laravel/framework/src/Illuminate/Foundation/Application.php:342
/var/www/html/vendor/laravel/framework/src/Illuminate/Foundation/Console/Kernel.php:473
/var/www/html/tests/CreatesApplication.php:31
/var/www/html/vendor/laravel/framework/src/Illuminate/Foundation/Testing/TestCase.php:54
/var/www/html/vendor/laravel/framework/src/Illuminate/Foundation/Testing/Concerns/InteractsWithTestCaseLifecycle.php:92
/var/www/html/vendor/laravel/framework/src/Illuminate/Foundation/Testing/TestCase.php:44
/var/www/html/tests/TestCase.php:36</error>
        </testcase>
        <testcase name="test_session_management_middleware_handles_api_requests" file="/var/www/html/tests/Feature/Http/Middleware/SessionManagementMiddlewareTest.php" line="77" class="Tests\Feature\Http\Middleware\SessionManagementMiddlewareTest" classname="Tests.Feature.Http.Middleware.SessionManagementMiddlewareTest" assertions="0" time="0.000000">
          <error type="Error">Tests\Feature\Http\Middleware\SessionManagementMiddlewareTest::test_session_management_middleware_handles_api_requests
Error: Class "Laravel\Dusk\DuskServiceProvider" not found

/var/www/html/vendor/laravel/framework/src/Illuminate/Foundation/Application.php:961
/var/www/html/vendor/laravel/framework/src/Illuminate/Foundation/Application.php:893
/var/www/html/app/Providers/AppServiceProvider.php:51
/var/www/html/vendor/laravel/framework/src/Illuminate/Foundation/Application.php:896
/var/www/html/vendor/laravel/framework/src/Illuminate/Foundation/ProviderRepository.php:74
/var/www/html/vendor/laravel/framework/src/Illuminate/Foundation/Application.php:871
/var/www/html/vendor/laravel/framework/src/Illuminate/Foundation/Bootstrap/RegisterProviders.php:37
/var/www/html/vendor/laravel/framework/src/Illuminate/Foundation/Application.php:342
/var/www/html/vendor/laravel/framework/src/Illuminate/Foundation/Console/Kernel.php:473
/var/www/html/tests/CreatesApplication.php:31
/var/www/html/vendor/laravel/framework/src/Illuminate/Foundation/Testing/TestCase.php:54
/var/www/html/vendor/laravel/framework/src/Illuminate/Foundation/Testing/Concerns/InteractsWithTestCaseLifecycle.php:92
/var/www/html/vendor/laravel/framework/src/Illuminate/Foundation/Testing/TestCase.php:44
/var/www/html/tests/TestCase.php:36</error>
        </testcase>
        <testcase name="test_session_management_middleware_manages_session" file="/var/www/html/tests/Feature/Http/Middleware/SessionManagementMiddlewareTest.php" line="16" class="Tests\Feature\Http\Middleware\SessionManagementMiddlewareTest" classname="Tests.Feature.Http.Middleware.SessionManagementMiddlewareTest" assertions="0" time="0.000000">
          <error type="Error">Tests\Feature\Http\Middleware\SessionManagementMiddlewareTest::test_session_management_middleware_manages_session
Error: Class "Laravel\Dusk\DuskServiceProvider" not found

/var/www/html/vendor/laravel/framework/src/Illuminate/Foundation/Application.php:961
/var/www/html/vendor/laravel/framework/src/Illuminate/Foundation/Application.php:893
/var/www/html/app/Providers/AppServiceProvider.php:51
/var/www/html/vendor/laravel/framework/src/Illuminate/Foundation/Application.php:896
/var/www/html/vendor/laravel/framework/src/Illuminate/Foundation/ProviderRepository.php:74
/var/www/html/vendor/laravel/framework/src/Illuminate/Foundation/Application.php:871
/var/www/html/vendor/laravel/framework/src/Illuminate/Foundation/Bootstrap/RegisterProviders.php:37
/var/www/html/vendor/laravel/framework/src/Illuminate/Foundation/Application.php:342
/var/www/html/vendor/laravel/framework/src/Illuminate/Foundation/Console/Kernel.php:473
/var/www/html/tests/CreatesApplication.php:31
/var/www/html/vendor/laravel/framework/src/Illuminate/Foundation/Testing/TestCase.php:54
/var/www/html/vendor/laravel/framework/src/Illuminate/Foundation/Testing/Concerns/InteractsWithTestCaseLifecycle.php:92
/var/www/html/vendor/laravel/framework/src/Illuminate/Foundation/Testing/TestCase.php:44
/var/www/html/tests/TestCase.php:36</error>
        </testcase>
      </testsuite>
      <testsuite name="Tests\Feature\Http\Controllers\BrandControllerTest" file="/var/www/html/tests/Feature/Http/Controllers/BrandControllerTest.php" tests="18" assertions="0" errors="18" failures="0" skipped="0" time="0.000000">
        <testcase name="it_validates_brand_update_request" file="/var/www/html/tests/Feature/Http/Controllers/BrandControllerTest.php" line="168" class="Tests\Feature\Http\Controllers\BrandControllerTest" classname="Tests.Feature.Http.Controllers.BrandControllerTest" assertions="0" time="0.000000">
          <error type="Error">Tests\Feature\Http\Controllers\BrandControllerTest::it_validates_brand_update_request
Error: Class "Laravel\Dusk\DuskServiceProvider" not found

/var/www/html/vendor/laravel/framework/src/Illuminate/Foundation/Application.php:961
/var/www/html/vendor/laravel/framework/src/Illuminate/Foundation/Application.php:893
/var/www/html/app/Providers/AppServiceProvider.php:51
/var/www/html/vendor/laravel/framework/src/Illuminate/Foundation/Application.php:896
/var/www/html/vendor/laravel/framework/src/Illuminate/Foundation/ProviderRepository.php:74
/var/www/html/vendor/laravel/framework/src/Illuminate/Foundation/Application.php:871
/var/www/html/vendor/laravel/framework/src/Illuminate/Foundation/Bootstrap/RegisterProviders.php:37
/var/www/html/vendor/laravel/framework/src/Illuminate/Foundation/Application.php:342
/var/www/html/vendor/laravel/framework/src/Illuminate/Foundation/Console/Kernel.php:473
/var/www/html/tests/CreatesApplication.php:31
/var/www/html/vendor/laravel/framework/src/Illuminate/Foundation/Testing/TestCase.php:54
/var/www/html/vendor/laravel/framework/src/Illuminate/Foundation/Testing/Concerns/InteractsWithTestCaseLifecycle.php:92
/var/www/html/vendor/laravel/framework/src/Illuminate/Foundation/Testing/TestCase.php:44
/var/www/html/tests/TestCase.php:36
/var/www/html/tests/Feature/Http/Controllers/BrandControllerTest.php:23</error>
        </testcase>
        <testcase name="it_can_sort_brands" file="/var/www/html/tests/Feature/Http/Controllers/BrandControllerTest.php" line="323" class="Tests\Feature\Http\Controllers\BrandControllerTest" classname="Tests.Feature.Http.Controllers.BrandControllerTest" assertions="0" time="0.000000">
          <error type="Error">Tests\Feature\Http\Controllers\BrandControllerTest::it_can_sort_brands
Error: Class "Laravel\Dusk\DuskServiceProvider" not found

/var/www/html/vendor/laravel/framework/src/Illuminate/Foundation/Application.php:961
/var/www/html/vendor/laravel/framework/src/Illuminate/Foundation/Application.php:893
/var/www/html/app/Providers/AppServiceProvider.php:51
/var/www/html/vendor/laravel/framework/src/Illuminate/Foundation/Application.php:896
/var/www/html/vendor/laravel/framework/src/Illuminate/Foundation/ProviderRepository.php:74
/var/www/html/vendor/laravel/framework/src/Illuminate/Foundation/Application.php:871
/var/www/html/vendor/laravel/framework/src/Illuminate/Foundation/Bootstrap/RegisterProviders.php:37
/var/www/html/vendor/laravel/framework/src/Illuminate/Foundation/Application.php:342
/var/www/html/vendor/laravel/framework/src/Illuminate/Foundation/Console/Kernel.php:473
/var/www/html/tests/CreatesApplication.php:31
/var/www/html/vendor/laravel/framework/src/Illuminate/Foundation/Testing/TestCase.php:54
/var/www/html/vendor/laravel/framework/src/Illuminate/Foundation/Testing/Concerns/InteractsWithTestCaseLifecycle.php:92
/var/www/html/vendor/laravel/framework/src/Illuminate/Foundation/Testing/TestCase.php:44
/var/www/html/tests/TestCase.php:36
/var/www/html/tests/Feature/Http/Controllers/BrandControllerTest.php:23</error>
        </testcase>
        <testcase name="it_can_display_brands_index" file="/var/www/html/tests/Feature/Http/Controllers/BrandControllerTest.php" line="34" class="Tests\Feature\Http\Controllers\BrandControllerTest" classname="Tests.Feature.Http.Controllers.BrandControllerTest" assertions="0" time="0.000000">
          <error type="Error">Tests\Feature\Http\Controllers\BrandControllerTest::it_can_display_brands_index
Error: Class "Laravel\Dusk\DuskServiceProvider" not found

/var/www/html/vendor/laravel/framework/src/Illuminate/Foundation/Application.php:961
/var/www/html/vendor/laravel/framework/src/Illuminate/Foundation/Application.php:893
/var/www/html/app/Providers/AppServiceProvider.php:51
/var/www/html/vendor/laravel/framework/src/Illuminate/Foundation/Application.php:896
/var/www/html/vendor/laravel/framework/src/Illuminate/Foundation/ProviderRepository.php:74
/var/www/html/vendor/laravel/framework/src/Illuminate/Foundation/Application.php:871
/var/www/html/vendor/laravel/framework/src/Illuminate/Foundation/Bootstrap/RegisterProviders.php:37
/var/www/html/vendor/laravel/framework/src/Illuminate/Foundation/Application.php:342
/var/www/html/vendor/laravel/framework/src/Illuminate/Foundation/Console/Kernel.php:473
/var/www/html/tests/CreatesApplication.php:31
/var/www/html/vendor/laravel/framework/src/Illuminate/Foundation/Testing/TestCase.php:54
/var/www/html/vendor/laravel/framework/src/Illuminate/Foundation/Testing/Concerns/InteractsWithTestCaseLifecycle.php:92
/var/www/html/vendor/laravel/framework/src/Illuminate/Foundation/Testing/TestCase.php:44
/var/www/html/tests/TestCase.php:36
/var/www/html/tests/Feature/Http/Controllers/BrandControllerTest.php:23</error>
        </testcase>
        <testcase name="it_handles_brand_creation_errors_gracefully" file="/var/www/html/tests/Feature/Http/Controllers/BrandControllerTest.php" line="238" class="Tests\Feature\Http\Controllers\BrandControllerTest" classname="Tests.Feature.Http.Controllers.BrandControllerTest" assertions="0" time="0.000000">
          <error type="Error">Tests\Feature\Http\Controllers\BrandControllerTest::it_handles_brand_creation_errors_gracefully
Error: Class "Laravel\Dusk\DuskServiceProvider" not found

/var/www/html/vendor/laravel/framework/src/Illuminate/Foundation/Application.php:961
/var/www/html/vendor/laravel/framework/src/Illuminate/Foundation/Application.php:893
/var/www/html/app/Providers/AppServiceProvider.php:51
/var/www/html/vendor/laravel/framework/src/Illuminate/Foundation/Application.php:896
/var/www/html/vendor/laravel/framework/src/Illuminate/Foundation/ProviderRepository.php:74
/var/www/html/vendor/laravel/framework/src/Illuminate/Foundation/Application.php:871
/var/www/html/vendor/laravel/framework/src/Illuminate/Foundation/Bootstrap/RegisterProviders.php:37
/var/www/html/vendor/laravel/framework/src/Illuminate/Foundation/Application.php:342
/var/www/html/vendor/laravel/framework/src/Illuminate/Foundation/Console/Kernel.php:473
/var/www/html/tests/CreatesApplication.php:31
/var/www/html/vendor/laravel/framework/src/Illuminate/Foundation/Testing/TestCase.php:54
/var/www/html/vendor/laravel/framework/src/Illuminate/Foundation/Testing/Concerns/InteractsWithTestCaseLifecycle.php:92
/var/www/html/vendor/laravel/framework/src/Illuminate/Foundation/Testing/TestCase.php:44
/var/www/html/tests/TestCase.php:36
/var/www/html/tests/Feature/Http/Controllers/BrandControllerTest.php:23</error>
        </testcase>
        <testcase name="it_can_delete_brand" file="/var/www/html/tests/Feature/Http/Controllers/BrandControllerTest.php" line="184" class="Tests\Feature\Http\Controllers\BrandControllerTest" classname="Tests.Feature.Http.Controllers.BrandControllerTest" assertions="0" time="0.000000">
          <error type="Error">Tests\Feature\Http\Controllers\BrandControllerTest::it_can_delete_brand
Error: Class "Laravel\Dusk\DuskServiceProvider" not found

/var/www/html/vendor/laravel/framework/src/Illuminate/Foundation/Application.php:961
/var/www/html/vendor/laravel/framework/src/Illuminate/Foundation/Application.php:893
/var/www/html/app/Providers/AppServiceProvider.php:51
/var/www/html/vendor/laravel/framework/src/Illuminate/Foundation/Application.php:896
/var/www/html/vendor/laravel/framework/src/Illuminate/Foundation/ProviderRepository.php:74
/var/www/html/vendor/laravel/framework/src/Illuminate/Foundation/Application.php:871
/var/www/html/vendor/laravel/framework/src/Illuminate/Foundation/Bootstrap/RegisterProviders.php:37
/var/www/html/vendor/laravel/framework/src/Illuminate/Foundation/Application.php:342
/var/www/html/vendor/laravel/framework/src/Illuminate/Foundation/Console/Kernel.php:473
/var/www/html/tests/CreatesApplication.php:31
/var/www/html/vendor/laravel/framework/src/Illuminate/Foundation/Testing/TestCase.php:54
/var/www/html/vendor/laravel/framework/src/Illuminate/Foundation/Testing/Concerns/InteractsWithTestCaseLifecycle.php:92
/var/www/html/vendor/laravel/framework/src/Illuminate/Foundation/Testing/TestCase.php:44
/var/www/html/tests/TestCase.php:36
/var/www/html/tests/Feature/Http/Controllers/BrandControllerTest.php:23</error>
        </testcase>
        <testcase name="it_returns_404_for_nonexistent_brand" file="/var/www/html/tests/Feature/Http/Controllers/BrandControllerTest.php" line="112" class="Tests\Feature\Http\Controllers\BrandControllerTest" classname="Tests.Feature.Http.Controllers.BrandControllerTest" assertions="0" time="0.000000">
          <error type="Error">Tests\Feature\Http\Controllers\BrandControllerTest::it_returns_404_for_nonexistent_brand
Error: Class "Laravel\Dusk\DuskServiceProvider" not found

/var/www/html/vendor/laravel/framework/src/Illuminate/Foundation/Application.php:961
/var/www/html/vendor/laravel/framework/src/Illuminate/Foundation/Application.php:893
/var/www/html/app/Providers/AppServiceProvider.php:51
/var/www/html/vendor/laravel/framework/src/Illuminate/Foundation/Application.php:896
/var/www/html/vendor/laravel/framework/src/Illuminate/Foundation/ProviderRepository.php:74
/var/www/html/vendor/laravel/framework/src/Illuminate/Foundation/Application.php:871
/var/www/html/vendor/laravel/framework/src/Illuminate/Foundation/Bootstrap/RegisterProviders.php:37
/var/www/html/vendor/laravel/framework/src/Illuminate/Foundation/Application.php:342
/var/www/html/vendor/laravel/framework/src/Illuminate/Foundation/Console/Kernel.php:473
/var/www/html/tests/CreatesApplication.php:31
/var/www/html/vendor/laravel/framework/src/Illuminate/Foundation/Testing/TestCase.php:54
/var/www/html/vendor/laravel/framework/src/Illuminate/Foundation/Testing/Concerns/InteractsWithTestCaseLifecycle.php:92
/var/www/html/vendor/laravel/framework/src/Illuminate/Foundation/Testing/TestCase.php:44
/var/www/html/tests/TestCase.php:36
/var/www/html/tests/Feature/Http/Controllers/BrandControllerTest.php:23</error>
        </testcase>
        <testcase name="it_handles_brand_deletion_errors_gracefully" file="/var/www/html/tests/Feature/Http/Controllers/BrandControllerTest.php" line="274" class="Tests\Feature\Http\Controllers\BrandControllerTest" classname="Tests.Feature.Http.Controllers.BrandControllerTest" assertions="0" time="0.000000">
          <error type="Error">Tests\Feature\Http\Controllers\BrandControllerTest::it_handles_brand_deletion_errors_gracefully
Error: Class "Laravel\Dusk\DuskServiceProvider" not found

/var/www/html/vendor/laravel/framework/src/Illuminate/Foundation/Application.php:961
/var/www/html/vendor/laravel/framework/src/Illuminate/Foundation/Application.php:893
/var/www/html/app/Providers/AppServiceProvider.php:51
/var/www/html/vendor/laravel/framework/src/Illuminate/Foundation/Application.php:896
/var/www/html/vendor/laravel/framework/src/Illuminate/Foundation/ProviderRepository.php:74
/var/www/html/vendor/laravel/framework/src/Illuminate/Foundation/Application.php:871
/var/www/html/vendor/laravel/framework/src/Illuminate/Foundation/Bootstrap/RegisterProviders.php:37
/var/www/html/vendor/laravel/framework/src/Illuminate/Foundation/Application.php:342
/var/www/html/vendor/laravel/framework/src/Illuminate/Foundation/Console/Kernel.php:473
/var/www/html/tests/CreatesApplication.php:31
/var/www/html/vendor/laravel/framework/src/Illuminate/Foundation/Testing/TestCase.php:54
/var/www/html/vendor/laravel/framework/src/Illuminate/Foundation/Testing/Concerns/InteractsWithTestCaseLifecycle.php:92
/var/www/html/vendor/laravel/framework/src/Illuminate/Foundation/Testing/TestCase.php:44
/var/www/html/tests/TestCase.php:36
/var/www/html/tests/Feature/Http/Controllers/BrandControllerTest.php:23</error>
        </testcase>
        <testcase name="it_validates_brand_creation_request" file="/var/www/html/tests/Feature/Http/Controllers/BrandControllerTest.php" line="85" class="Tests\Feature\Http\Controllers\BrandControllerTest" classname="Tests.Feature.Http.Controllers.BrandControllerTest" assertions="0" time="0.000000">
          <error type="Error">Tests\Feature\Http\Controllers\BrandControllerTest::it_validates_brand_creation_request
Error: Class "Laravel\Dusk\DuskServiceProvider" not found

/var/www/html/vendor/laravel/framework/src/Illuminate/Foundation/Application.php:961
/var/www/html/vendor/laravel/framework/src/Illuminate/Foundation/Application.php:893
/var/www/html/app/Providers/AppServiceProvider.php:51
/var/www/html/vendor/laravel/framework/src/Illuminate/Foundation/Application.php:896
/var/www/html/vendor/laravel/framework/src/Illuminate/Foundation/ProviderRepository.php:74
/var/www/html/vendor/laravel/framework/src/Illuminate/Foundation/Application.php:871
/var/www/html/vendor/laravel/framework/src/Illuminate/Foundation/Bootstrap/RegisterProviders.php:37
/var/www/html/vendor/laravel/framework/src/Illuminate/Foundation/Application.php:342
/var/www/html/vendor/laravel/framework/src/Illuminate/Foundation/Console/Kernel.php:473
/var/www/html/tests/CreatesApplication.php:31
/var/www/html/vendor/laravel/framework/src/Illuminate/Foundation/Testing/TestCase.php:54
/var/www/html/vendor/laravel/framework/src/Illuminate/Foundation/Testing/Concerns/InteractsWithTestCaseLifecycle.php:92
/var/www/html/vendor/laravel/framework/src/Illuminate/Foundation/Testing/TestCase.php:44
/var/www/html/tests/TestCase.php:36
/var/www/html/tests/Feature/Http/Controllers/BrandControllerTest.php:23</error>
        </testcase>
        <testcase name="it_can_display_brand_details" file="/var/www/html/tests/Feature/Http/Controllers/BrandControllerTest.php" line="97" class="Tests\Feature\Http\Controllers\BrandControllerTest" classname="Tests.Feature.Http.Controllers.BrandControllerTest" assertions="0" time="0.000000">
          <error type="Error">Tests\Feature\Http\Controllers\BrandControllerTest::it_can_display_brand_details
Error: Class "Laravel\Dusk\DuskServiceProvider" not found

/var/www/html/vendor/laravel/framework/src/Illuminate/Foundation/Application.php:961
/var/www/html/vendor/laravel/framework/src/Illuminate/Foundation/Application.php:893
/var/www/html/app/Providers/AppServiceProvider.php:51
/var/www/html/vendor/laravel/framework/src/Illuminate/Foundation/Application.php:896
/var/www/html/vendor/laravel/framework/src/Illuminate/Foundation/ProviderRepository.php:74
/var/www/html/vendor/laravel/framework/src/Illuminate/Foundation/Application.php:871
/var/www/html/vendor/laravel/framework/src/Illuminate/Foundation/Bootstrap/RegisterProviders.php:37
/var/www/html/vendor/laravel/framework/src/Illuminate/Foundation/Application.php:342
/var/www/html/vendor/laravel/framework/src/Illuminate/Foundation/Console/Kernel.php:473
/var/www/html/tests/CreatesApplication.php:31
/var/www/html/vendor/laravel/framework/src/Illuminate/Foundation/Testing/TestCase.php:54
/var/www/html/vendor/laravel/framework/src/Illuminate/Foundation/Testing/Concerns/InteractsWithTestCaseLifecycle.php:92
/var/www/html/vendor/laravel/framework/src/Illuminate/Foundation/Testing/TestCase.php:44
/var/www/html/tests/TestCase.php:36
/var/www/html/tests/Feature/Http/Controllers/BrandControllerTest.php:23</error>
        </testcase>
        <testcase name="it_can_update_brand" file="/var/www/html/tests/Feature/Http/Controllers/BrandControllerTest.php" line="138" class="Tests\Feature\Http\Controllers\BrandControllerTest" classname="Tests.Feature.Http.Controllers.BrandControllerTest" assertions="0" time="0.000000">
          <error type="Error">Tests\Feature\Http\Controllers\BrandControllerTest::it_can_update_brand
Error: Class "Laravel\Dusk\DuskServiceProvider" not found

/var/www/html/vendor/laravel/framework/src/Illuminate/Foundation/Application.php:961
/var/www/html/vendor/laravel/framework/src/Illuminate/Foundation/Application.php:893
/var/www/html/app/Providers/AppServiceProvider.php:51
/var/www/html/vendor/laravel/framework/src/Illuminate/Foundation/Application.php:896
/var/www/html/vendor/laravel/framework/src/Illuminate/Foundation/ProviderRepository.php:74
/var/www/html/vendor/laravel/framework/src/Illuminate/Foundation/Application.php:871
/var/www/html/vendor/laravel/framework/src/Illuminate/Foundation/Bootstrap/RegisterProviders.php:37
/var/www/html/vendor/laravel/framework/src/Illuminate/Foundation/Application.php:342
/var/www/html/vendor/laravel/framework/src/Illuminate/Foundation/Console/Kernel.php:473
/var/www/html/tests/CreatesApplication.php:31
/var/www/html/vendor/laravel/framework/src/Illuminate/Foundation/Testing/TestCase.php:54
/var/www/html/vendor/laravel/framework/src/Illuminate/Foundation/Testing/Concerns/InteractsWithTestCaseLifecycle.php:92
/var/www/html/vendor/laravel/framework/src/Illuminate/Foundation/Testing/TestCase.php:44
/var/www/html/tests/TestCase.php:36
/var/www/html/tests/Feature/Http/Controllers/BrandControllerTest.php:23</error>
        </testcase>
        <testcase name="it_handles_brand_update_errors_gracefully" file="/var/www/html/tests/Feature/Http/Controllers/BrandControllerTest.php" line="255" class="Tests\Feature\Http\Controllers\BrandControllerTest" classname="Tests.Feature.Http.Controllers.BrandControllerTest" assertions="0" time="0.000000">
          <error type="Error">Tests\Feature\Http\Controllers\BrandControllerTest::it_handles_brand_update_errors_gracefully
Error: Class "Laravel\Dusk\DuskServiceProvider" not found

/var/www/html/vendor/laravel/framework/src/Illuminate/Foundation/Application.php:961
/var/www/html/vendor/laravel/framework/src/Illuminate/Foundation/Application.php:893
/var/www/html/app/Providers/AppServiceProvider.php:51
/var/www/html/vendor/laravel/framework/src/Illuminate/Foundation/Application.php:896
/var/www/html/vendor/laravel/framework/src/Illuminate/Foundation/ProviderRepository.php:74
/var/www/html/vendor/laravel/framework/src/Illuminate/Foundation/Application.php:871
/var/www/html/vendor/laravel/framework/src/Illuminate/Foundation/Bootstrap/RegisterProviders.php:37
/var/www/html/vendor/laravel/framework/src/Illuminate/Foundation/Application.php:342
/var/www/html/vendor/laravel/framework/src/Illuminate/Foundation/Console/Kernel.php:473
/var/www/html/tests/CreatesApplication.php:31
/var/www/html/vendor/laravel/framework/src/Illuminate/Foundation/Testing/TestCase.php:54
/var/www/html/vendor/laravel/framework/src/Illuminate/Foundation/Testing/Concerns/InteractsWithTestCaseLifecycle.php:92
/var/www/html/vendor/laravel/framework/src/Illuminate/Foundation/Testing/TestCase.php:44
/var/www/html/tests/TestCase.php:36
/var/www/html/tests/Feature/Http/Controllers/BrandControllerTest.php:23</error>
        </testcase>
        <testcase name="it_can_search_brands" file="/var/www/html/tests/Feature/Http/Controllers/BrandControllerTest.php" line="308" class="Tests\Feature\Http\Controllers\BrandControllerTest" classname="Tests.Feature.Http.Controllers.BrandControllerTest" assertions="0" time="0.000000">
          <error type="Error">Tests\Feature\Http\Controllers\BrandControllerTest::it_can_search_brands
Error: Class "Laravel\Dusk\DuskServiceProvider" not found

/var/www/html/vendor/laravel/framework/src/Illuminate/Foundation/Application.php:961
/var/www/html/vendor/laravel/framework/src/Illuminate/Foundation/Application.php:893
/var/www/html/app/Providers/AppServiceProvider.php:51
/var/www/html/vendor/laravel/framework/src/Illuminate/Foundation/Application.php:896
/var/www/html/vendor/laravel/framework/src/Illuminate/Foundation/ProviderRepository.php:74
/var/www/html/vendor/laravel/framework/src/Illuminate/Foundation/Application.php:871
/var/www/html/vendor/laravel/framework/src/Illuminate/Foundation/Bootstrap/RegisterProviders.php:37
/var/www/html/vendor/laravel/framework/src/Illuminate/Foundation/Application.php:342
/var/www/html/vendor/laravel/framework/src/Illuminate/Foundation/Console/Kernel.php:473
/var/www/html/tests/CreatesApplication.php:31
/var/www/html/vendor/laravel/framework/src/Illuminate/Foundation/Testing/TestCase.php:54
/var/www/html/vendor/laravel/framework/src/Illuminate/Foundation/Testing/Concerns/InteractsWithTestCaseLifecycle.php:92
/var/www/html/vendor/laravel/framework/src/Illuminate/Foundation/Testing/TestCase.php:44
/var/www/html/tests/TestCase.php:36
/var/www/html/tests/Feature/Http/Controllers/BrandControllerTest.php:23</error>
        </testcase>
        <testcase name="it_can_store_new_brand" file="/var/www/html/tests/Feature/Http/Controllers/BrandControllerTest.php" line="58" class="Tests\Feature\Http\Controllers\BrandControllerTest" classname="Tests.Feature.Http.Controllers.BrandControllerTest" assertions="0" time="0.000000">
          <error type="Error">Tests\Feature\Http\Controllers\BrandControllerTest::it_can_store_new_brand
Error: Class "Laravel\Dusk\DuskServiceProvider" not found

/var/www/html/vendor/laravel/framework/src/Illuminate/Foundation/Application.php:961
/var/www/html/vendor/laravel/framework/src/Illuminate/Foundation/Application.php:893
/var/www/html/app/Providers/AppServiceProvider.php:51
/var/www/html/vendor/laravel/framework/src/Illuminate/Foundation/Application.php:896
/var/www/html/vendor/laravel/framework/src/Illuminate/Foundation/ProviderRepository.php:74
/var/www/html/vendor/laravel/framework/src/Illuminate/Foundation/Application.php:871
/var/www/html/vendor/laravel/framework/src/Illuminate/Foundation/Bootstrap/RegisterProviders.php:37
/var/www/html/vendor/laravel/framework/src/Illuminate/Foundation/Application.php:342
/var/www/html/vendor/laravel/framework/src/Illuminate/Foundation/Console/Kernel.php:473
/var/www/html/tests/CreatesApplication.php:31
/var/www/html/vendor/laravel/framework/src/Illuminate/Foundation/Testing/TestCase.php:54
/var/www/html/vendor/laravel/framework/src/Illuminate/Foundation/Testing/Concerns/InteractsWithTestCaseLifecycle.php:92
/var/www/html/vendor/laravel/framework/src/Illuminate/Foundation/Testing/TestCase.php:44
/var/www/html/tests/TestCase.php:36
/var/www/html/tests/Feature/Http/Controllers/BrandControllerTest.php:23</error>
        </testcase>
        <testcase name="it_can_display_create_brand_form" file="/var/www/html/tests/Feature/Http/Controllers/BrandControllerTest.php" line="46" class="Tests\Feature\Http\Controllers\BrandControllerTest" classname="Tests.Feature.Http.Controllers.BrandControllerTest" assertions="0" time="0.000000">
          <error type="Error">Tests\Feature\Http\Controllers\BrandControllerTest::it_can_display_create_brand_form
Error: Class "Laravel\Dusk\DuskServiceProvider" not found

/var/www/html/vendor/laravel/framework/src/Illuminate/Foundation/Application.php:961
/var/www/html/vendor/laravel/framework/src/Illuminate/Foundation/Application.php:893
/var/www/html/app/Providers/AppServiceProvider.php:51
/var/www/html/vendor/laravel/framework/src/Illuminate/Foundation/Application.php:896
/var/www/html/vendor/laravel/framework/src/Illuminate/Foundation/ProviderRepository.php:74
/var/www/html/vendor/laravel/framework/src/Illuminate/Foundation/Application.php:871
/var/www/html/vendor/laravel/framework/src/Illuminate/Foundation/Bootstrap/RegisterProviders.php:37
/var/www/html/vendor/laravel/framework/src/Illuminate/Foundation/Application.php:342
/var/www/html/vendor/laravel/framework/src/Illuminate/Foundation/Console/Kernel.php:473
/var/www/html/tests/CreatesApplication.php:31
/var/www/html/vendor/laravel/framework/src/Illuminate/Foundation/Testing/TestCase.php:54
/var/www/html/vendor/laravel/framework/src/Illuminate/Foundation/Testing/Concerns/InteractsWithTestCaseLifecycle.php:92
/var/www/html/vendor/laravel/framework/src/Illuminate/Foundation/Testing/TestCase.php:44
/var/www/html/tests/TestCase.php:36
/var/www/html/tests/Feature/Http/Controllers/BrandControllerTest.php:23</error>
        </testcase>
        <testcase name="it_returns_404_when_deleting_nonexistent_brand" file="/var/www/html/tests/Feature/Http/Controllers/BrandControllerTest.php" line="202" class="Tests\Feature\Http\Controllers\BrandControllerTest" classname="Tests.Feature.Http.Controllers.BrandControllerTest" assertions="0" time="0.000000">
          <error type="Error">Tests\Feature\Http\Controllers\BrandControllerTest::it_returns_404_when_deleting_nonexistent_brand
Error: Class "Laravel\Dusk\DuskServiceProvider" not found

/var/www/html/vendor/laravel/framework/src/Illuminate/Foundation/Application.php:961
/var/www/html/vendor/laravel/framework/src/Illuminate/Foundation/Application.php:893
/var/www/html/app/Providers/AppServiceProvider.php:51
/var/www/html/vendor/laravel/framework/src/Illuminate/Foundation/Application.php:896
/var/www/html/vendor/laravel/framework/src/Illuminate/Foundation/ProviderRepository.php:74
/var/www/html/vendor/laravel/framework/src/Illuminate/Foundation/Application.php:871
/var/www/html/vendor/laravel/framework/src/Illuminate/Foundation/Bootstrap/RegisterProviders.php:37
/var/www/html/vendor/laravel/framework/src/Illuminate/Foundation/Application.php:342
/var/www/html/vendor/laravel/framework/src/Illuminate/Foundation/Console/Kernel.php:473
/var/www/html/tests/CreatesApplication.php:31
/var/www/html/vendor/laravel/framework/src/Illuminate/Foundation/Testing/TestCase.php:54
/var/www/html/vendor/laravel/framework/src/Illuminate/Foundation/Testing/Concerns/InteractsWithTestCaseLifecycle.php:92
/var/www/html/vendor/laravel/framework/src/Illuminate/Foundation/Testing/TestCase.php:44
/var/www/html/tests/TestCase.php:36
/var/www/html/tests/Feature/Http/Controllers/BrandControllerTest.php:23</error>
        </testcase>
        <testcase name="it_can_display_brands_with_pagination" file="/var/www/html/tests/Feature/Http/Controllers/BrandControllerTest.php" line="293" class="Tests\Feature\Http\Controllers\BrandControllerTest" classname="Tests.Feature.Http.Controllers.BrandControllerTest" assertions="0" time="0.000000">
          <error type="Error">Tests\Feature\Http\Controllers\BrandControllerTest::it_can_display_brands_with_pagination
Error: Class "Laravel\Dusk\DuskServiceProvider" not found

/var/www/html/vendor/laravel/framework/src/Illuminate/Foundation/Application.php:961
/var/www/html/vendor/laravel/framework/src/Illuminate/Foundation/Application.php:893
/var/www/html/app/Providers/AppServiceProvider.php:51
/var/www/html/vendor/laravel/framework/src/Illuminate/Foundation/Application.php:896
/var/www/html/vendor/laravel/framework/src/Illuminate/Foundation/ProviderRepository.php:74
/var/www/html/vendor/laravel/framework/src/Illuminate/Foundation/Application.php:871
/var/www/html/vendor/laravel/framework/src/Illuminate/Foundation/Bootstrap/RegisterProviders.php:37
/var/www/html/vendor/laravel/framework/src/Illuminate/Foundation/Application.php:342
/var/www/html/vendor/laravel/framework/src/Illuminate/Foundation/Console/Kernel.php:473
/var/www/html/tests/CreatesApplication.php:31
/var/www/html/vendor/laravel/framework/src/Illuminate/Foundation/Testing/TestCase.php:54
/var/www/html/vendor/laravel/framework/src/Illuminate/Foundation/Testing/Concerns/InteractsWithTestCaseLifecycle.php:92
/var/www/html/vendor/laravel/framework/src/Illuminate/Foundation/Testing/TestCase.php:44
/var/www/html/tests/TestCase.php:36
/var/www/html/tests/Feature/Http/Controllers/BrandControllerTest.php:23</error>
        </testcase>
        <testcase name="it_can_display_edit_brand_form" file="/var/www/html/tests/Feature/Http/Controllers/BrandControllerTest.php" line="123" class="Tests\Feature\Http\Controllers\BrandControllerTest" classname="Tests.Feature.Http.Controllers.BrandControllerTest" assertions="0" time="0.000000">
          <error type="Error">Tests\Feature\Http\Controllers\BrandControllerTest::it_can_display_edit_brand_form
Error: Class "Laravel\Dusk\DuskServiceProvider" not found

/var/www/html/vendor/laravel/framework/src/Illuminate/Foundation/Application.php:961
/var/www/html/vendor/laravel/framework/src/Illuminate/Foundation/Application.php:893
/var/www/html/app/Providers/AppServiceProvider.php:51
/var/www/html/vendor/laravel/framework/src/Illuminate/Foundation/Application.php:896
/var/www/html/vendor/laravel/framework/src/Illuminate/Foundation/ProviderRepository.php:74
/var/www/html/vendor/laravel/framework/src/Illuminate/Foundation/Application.php:871
/var/www/html/vendor/laravel/framework/src/Illuminate/Foundation/Bootstrap/RegisterProviders.php:37
/var/www/html/vendor/laravel/framework/src/Illuminate/Foundation/Application.php:342
/var/www/html/vendor/laravel/framework/src/Illuminate/Foundation/Console/Kernel.php:473
/var/www/html/tests/CreatesApplication.php:31
/var/www/html/vendor/laravel/framework/src/Illuminate/Foundation/Testing/TestCase.php:54
/var/www/html/vendor/laravel/framework/src/Illuminate/Foundation/Testing/Concerns/InteractsWithTestCaseLifecycle.php:92
/var/www/html/vendor/laravel/framework/src/Illuminate/Foundation/Testing/TestCase.php:44
/var/www/html/tests/TestCase.php:36
/var/www/html/tests/Feature/Http/Controllers/BrandControllerTest.php:23</error>
        </testcase>
        <testcase name="it_requires_authentication_for_all_brand_routes" file="/var/www/html/tests/Feature/Http/Controllers/BrandControllerTest.php" line="213" class="Tests\Feature\Http\Controllers\BrandControllerTest" classname="Tests.Feature.Http.Controllers.BrandControllerTest" assertions="0" time="0.000000">
          <error type="Error">Tests\Feature\Http\Controllers\BrandControllerTest::it_requires_authentication_for_all_brand_routes
Error: Class "Laravel\Dusk\DuskServiceProvider" not found

/var/www/html/vendor/laravel/framework/src/Illuminate/Foundation/Application.php:961
/var/www/html/vendor/laravel/framework/src/Illuminate/Foundation/Application.php:893
/var/www/html/app/Providers/AppServiceProvider.php:51
/var/www/html/vendor/laravel/framework/src/Illuminate/Foundation/Application.php:896
/var/www/html/vendor/laravel/framework/src/Illuminate/Foundation/ProviderRepository.php:74
/var/www/html/vendor/laravel/framework/src/Illuminate/Foundation/Application.php:871
/var/www/html/vendor/laravel/framework/src/Illuminate/Foundation/Bootstrap/RegisterProviders.php:37
/var/www/html/vendor/laravel/framework/src/Illuminate/Foundation/Application.php:342
/var/www/html/vendor/laravel/framework/src/Illuminate/Foundation/Console/Kernel.php:473
/var/www/html/tests/CreatesApplication.php:31
/var/www/html/vendor/laravel/framework/src/Illuminate/Foundation/Testing/TestCase.php:54
/var/www/html/vendor/laravel/framework/src/Illuminate/Foundation/Testing/Concerns/InteractsWithTestCaseLifecycle.php:92
/var/www/html/vendor/laravel/framework/src/Illuminate/Foundation/Testing/TestCase.php:44
/var/www/html/tests/TestCase.php:36
/var/www/html/tests/Feature/Http/Controllers/BrandControllerTest.php:23</error>
        </testcase>
      </testsuite>
      <testsuite name="Tests\Feature\Http\Middleware\ConvertEmptyStringsToNullTest" file="/var/www/html/tests/Feature/Http/Middleware/ConvertEmptyStringsToNullTest.php" tests="4" assertions="0" errors="4" failures="0" skipped="0" time="0.000000">
        <testcase name="test_convert_empty_strings_middleware_does_not_convert_non_string_values" file="/var/www/html/tests/Feature/Http/Middleware/ConvertEmptyStringsToNullTest.php" line="64" class="Tests\Feature\Http\Middleware\ConvertEmptyStringsToNullTest" classname="Tests.Feature.Http.Middleware.ConvertEmptyStringsToNullTest" assertions="0" time="0.000000">
          <error type="Error">Tests\Feature\Http\Middleware\ConvertEmptyStringsToNullTest::test_convert_empty_strings_middleware_does_not_convert_non_string_values
Error: Class "Laravel\Dusk\DuskServiceProvider" not found

/var/www/html/vendor/laravel/framework/src/Illuminate/Foundation/Application.php:961
/var/www/html/vendor/laravel/framework/src/Illuminate/Foundation/Application.php:893
/var/www/html/app/Providers/AppServiceProvider.php:51
/var/www/html/vendor/laravel/framework/src/Illuminate/Foundation/Application.php:896
/var/www/html/vendor/laravel/framework/src/Illuminate/Foundation/ProviderRepository.php:74
/var/www/html/vendor/laravel/framework/src/Illuminate/Foundation/Application.php:871
/var/www/html/vendor/laravel/framework/src/Illuminate/Foundation/Bootstrap/RegisterProviders.php:37
/var/www/html/vendor/laravel/framework/src/Illuminate/Foundation/Application.php:342
/var/www/html/vendor/laravel/framework/src/Illuminate/Foundation/Console/Kernel.php:473
/var/www/html/tests/CreatesApplication.php:31
/var/www/html/vendor/laravel/framework/src/Illuminate/Foundation/Testing/TestCase.php:54
/var/www/html/vendor/laravel/framework/src/Illuminate/Foundation/Testing/Concerns/InteractsWithTestCaseLifecycle.php:92
/var/www/html/vendor/laravel/framework/src/Illuminate/Foundation/Testing/TestCase.php:44
/var/www/html/tests/TestCase.php:36</error>
        </testcase>
        <testcase name="test_convert_empty_strings_middleware_converts_empty_strings_to_null" file="/var/www/html/tests/Feature/Http/Middleware/ConvertEmptyStringsToNullTest.php" line="18" class="Tests\Feature\Http\Middleware\ConvertEmptyStringsToNullTest" classname="Tests.Feature.Http.Middleware.ConvertEmptyStringsToNullTest" assertions="0" time="0.000000">
          <error type="Error">Tests\Feature\Http\Middleware\ConvertEmptyStringsToNullTest::test_convert_empty_strings_middleware_converts_empty_strings_to_null
Error: Class "Laravel\Dusk\DuskServiceProvider" not found

/var/www/html/vendor/laravel/framework/src/Illuminate/Foundation/Application.php:961
/var/www/html/vendor/laravel/framework/src/Illuminate/Foundation/Application.php:893
/var/www/html/app/Providers/AppServiceProvider.php:51
/var/www/html/vendor/laravel/framework/src/Illuminate/Foundation/Application.php:896
/var/www/html/vendor/laravel/framework/src/Illuminate/Foundation/ProviderRepository.php:74
/var/www/html/vendor/laravel/framework/src/Illuminate/Foundation/Application.php:871
/var/www/html/vendor/laravel/framework/src/Illuminate/Foundation/Bootstrap/RegisterProviders.php:37
/var/www/html/vendor/laravel/framework/src/Illuminate/Foundation/Application.php:342
/var/www/html/vendor/laravel/framework/src/Illuminate/Foundation/Console/Kernel.php:473
/var/www/html/tests/CreatesApplication.php:31
/var/www/html/vendor/laravel/framework/src/Illuminate/Foundation/Testing/TestCase.php:54
/var/www/html/vendor/laravel/framework/src/Illuminate/Foundation/Testing/Concerns/InteractsWithTestCaseLifecycle.php:92
/var/www/html/vendor/laravel/framework/src/Illuminate/Foundation/Testing/TestCase.php:44
/var/www/html/tests/TestCase.php:36</error>
        </testcase>
        <testcase name="test_convert_empty_strings_middleware_passes_request_successfully" file="/var/www/html/tests/Feature/Http/Middleware/ConvertEmptyStringsToNullTest.php" line="85" class="Tests\Feature\Http\Middleware\ConvertEmptyStringsToNullTest" classname="Tests.Feature.Http.Middleware.ConvertEmptyStringsToNullTest" assertions="0" time="0.000000">
          <error type="Error">Tests\Feature\Http\Middleware\ConvertEmptyStringsToNullTest::test_convert_empty_strings_middleware_passes_request_successfully
Error: Class "Laravel\Dusk\DuskServiceProvider" not found

/var/www/html/vendor/laravel/framework/src/Illuminate/Foundation/Application.php:961
/var/www/html/vendor/laravel/framework/src/Illuminate/Foundation/Application.php:893
/var/www/html/app/Providers/AppServiceProvider.php:51
/var/www/html/vendor/laravel/framework/src/Illuminate/Foundation/Application.php:896
/var/www/html/vendor/laravel/framework/src/Illuminate/Foundation/ProviderRepository.php:74
/var/www/html/vendor/laravel/framework/src/Illuminate/Foundation/Application.php:871
/var/www/html/vendor/laravel/framework/src/Illuminate/Foundation/Bootstrap/RegisterProviders.php:37
/var/www/html/vendor/laravel/framework/src/Illuminate/Foundation/Application.php:342
/var/www/html/vendor/laravel/framework/src/Illuminate/Foundation/Console/Kernel.php:473
/var/www/html/tests/CreatesApplication.php:31
/var/www/html/vendor/laravel/framework/src/Illuminate/Foundation/Testing/TestCase.php:54
/var/www/html/vendor/laravel/framework/src/Illuminate/Foundation/Testing/Concerns/InteractsWithTestCaseLifecycle.php:92
/var/www/html/vendor/laravel/framework/src/Illuminate/Foundation/Testing/TestCase.php:44
/var/www/html/tests/TestCase.php:36</error>
        </testcase>
        <testcase name="test_convert_empty_strings_middleware_handles_nested_arrays" file="/var/www/html/tests/Feature/Http/Middleware/ConvertEmptyStringsToNullTest.php" line="39" class="Tests\Feature\Http\Middleware\ConvertEmptyStringsToNullTest" classname="Tests.Feature.Http.Middleware.ConvertEmptyStringsToNullTest" assertions="0" time="0.000000">
          <error type="Error">Tests\Feature\Http\Middleware\ConvertEmptyStringsToNullTest::test_convert_empty_strings_middleware_handles_nested_arrays
Error: Class "Laravel\Dusk\DuskServiceProvider" not found

/var/www/html/vendor/laravel/framework/src/Illuminate/Foundation/Application.php:961
/var/www/html/vendor/laravel/framework/src/Illuminate/Foundation/Application.php:893
/var/www/html/app/Providers/AppServiceProvider.php:51
/var/www/html/vendor/laravel/framework/src/Illuminate/Foundation/Application.php:896
/var/www/html/vendor/laravel/framework/src/Illuminate/Foundation/ProviderRepository.php:74
/var/www/html/vendor/laravel/framework/src/Illuminate/Foundation/Application.php:871
/var/www/html/vendor/laravel/framework/src/Illuminate/Foundation/Bootstrap/RegisterProviders.php:37
/var/www/html/vendor/laravel/framework/src/Illuminate/Foundation/Application.php:342
/var/www/html/vendor/laravel/framework/src/Illuminate/Foundation/Console/Kernel.php:473
/var/www/html/tests/CreatesApplication.php:31
/var/www/html/vendor/laravel/framework/src/Illuminate/Foundation/Testing/TestCase.php:54
/var/www/html/vendor/laravel/framework/src/Illuminate/Foundation/Testing/Concerns/InteractsWithTestCaseLifecycle.php:92
/var/www/html/vendor/laravel/framework/src/Illuminate/Foundation/Testing/TestCase.php:44
/var/www/html/tests/TestCase.php:36</error>
        </testcase>
      </testsuite>
      <testsuite name="Tests\Feature\FileUploadTest" file="/var/www/html/tests/Feature/FileUploadTest.php" tests="3" assertions="0" errors="3" failures="0" skipped="0" time="0.000000">
        <testcase name="test_expected_behavior" file="/var/www/html/tests/Feature/FileUploadTest.php" line="25" class="Tests\Feature\FileUploadTest" classname="Tests.Feature.FileUploadTest" assertions="0" time="0.000000">
          <error type="Error">Tests\Feature\FileUploadTest::test_expected_behavior
Error: Class "Laravel\Dusk\DuskServiceProvider" not found

/var/www/html/vendor/laravel/framework/src/Illuminate/Foundation/Application.php:961
/var/www/html/vendor/laravel/framework/src/Illuminate/Foundation/Application.php:893
/var/www/html/app/Providers/AppServiceProvider.php:51
/var/www/html/vendor/laravel/framework/src/Illuminate/Foundation/Application.php:896
/var/www/html/vendor/laravel/framework/src/Illuminate/Foundation/ProviderRepository.php:74
/var/www/html/vendor/laravel/framework/src/Illuminate/Foundation/Application.php:871
/var/www/html/vendor/laravel/framework/src/Illuminate/Foundation/Bootstrap/RegisterProviders.php:37
/var/www/html/vendor/laravel/framework/src/Illuminate/Foundation/Application.php:342
/var/www/html/vendor/laravel/framework/src/Illuminate/Foundation/Console/Kernel.php:473
/var/www/html/tests/CreatesApplication.php:31
/var/www/html/vendor/laravel/framework/src/Illuminate/Foundation/Testing/TestCase.php:54
/var/www/html/vendor/laravel/framework/src/Illuminate/Foundation/Testing/Concerns/InteractsWithTestCaseLifecycle.php:92
/var/www/html/vendor/laravel/framework/src/Illuminate/Foundation/Testing/TestCase.php:44
/var/www/html/tests/TestCase.php:36
/var/www/html/tests/Feature/FileUploadTest.php:40</error>
        </testcase>
        <testcase name="test_validation" file="/var/www/html/tests/Feature/FileUploadTest.php" line="32" class="Tests\Feature\FileUploadTest" classname="Tests.Feature.FileUploadTest" assertions="0" time="0.000000">
          <error type="Error">Tests\Feature\FileUploadTest::test_validation
Error: Class "Laravel\Dusk\DuskServiceProvider" not found

/var/www/html/vendor/laravel/framework/src/Illuminate/Foundation/Application.php:961
/var/www/html/vendor/laravel/framework/src/Illuminate/Foundation/Application.php:893
/var/www/html/app/Providers/AppServiceProvider.php:51
/var/www/html/vendor/laravel/framework/src/Illuminate/Foundation/Application.php:896
/var/www/html/vendor/laravel/framework/src/Illuminate/Foundation/ProviderRepository.php:74
/var/www/html/vendor/laravel/framework/src/Illuminate/Foundation/Application.php:871
/var/www/html/vendor/laravel/framework/src/Illuminate/Foundation/Bootstrap/RegisterProviders.php:37
/var/www/html/vendor/laravel/framework/src/Illuminate/Foundation/Application.php:342
/var/www/html/vendor/laravel/framework/src/Illuminate/Foundation/Console/Kernel.php:473
/var/www/html/tests/CreatesApplication.php:31
/var/www/html/vendor/laravel/framework/src/Illuminate/Foundation/Testing/TestCase.php:54
/var/www/html/vendor/laravel/framework/src/Illuminate/Foundation/Testing/Concerns/InteractsWithTestCaseLifecycle.php:92
/var/www/html/vendor/laravel/framework/src/Illuminate/Foundation/Testing/TestCase.php:44
/var/www/html/tests/TestCase.php:36
/var/www/html/tests/Feature/FileUploadTest.php:40</error>
        </testcase>
        <testcase name="test_basic_functionality" file="/var/www/html/tests/Feature/FileUploadTest.php" line="18" class="Tests\Feature\FileUploadTest" classname="Tests.Feature.FileUploadTest" assertions="0" time="0.000000">
          <error type="Error">Tests\Feature\FileUploadTest::test_basic_functionality
Error: Class "Laravel\Dusk\DuskServiceProvider" not found

/var/www/html/vendor/laravel/framework/src/Illuminate/Foundation/Application.php:961
/var/www/html/vendor/laravel/framework/src/Illuminate/Foundation/Application.php:893
/var/www/html/app/Providers/AppServiceProvider.php:51
/var/www/html/vendor/laravel/framework/src/Illuminate/Foundation/Application.php:896
/var/www/html/vendor/laravel/framework/src/Illuminate/Foundation/ProviderRepository.php:74
/var/www/html/vendor/laravel/framework/src/Illuminate/Foundation/Application.php:871
/var/www/html/vendor/laravel/framework/src/Illuminate/Foundation/Bootstrap/RegisterProviders.php:37
/var/www/html/vendor/laravel/framework/src/Illuminate/Foundation/Application.php:342
/var/www/html/vendor/laravel/framework/src/Illuminate/Foundation/Console/Kernel.php:473
/var/www/html/tests/CreatesApplication.php:31
/var/www/html/vendor/laravel/framework/src/Illuminate/Foundation/Testing/TestCase.php:54
/var/www/html/vendor/laravel/framework/src/Illuminate/Foundation/Testing/Concerns/InteractsWithTestCaseLifecycle.php:92
/var/www/html/vendor/laravel/framework/src/Illuminate/Foundation/Testing/TestCase.php:44
/var/www/html/tests/TestCase.php:36
/var/www/html/tests/Feature/FileUploadTest.php:40</error>
        </testcase>
      </testsuite>
      <testsuite name="Tests\Feature\E2E\AuthenticationFlowTest" file="/var/www/html/tests/Feature/E2E/AuthenticationFlowTest.php" tests="7" assertions="0" errors="7" failures="0" skipped="0" time="0.000000">
        <testcase name="test_complete_login_flow" file="/var/www/html/tests/Feature/E2E/AuthenticationFlowTest.php" line="41" class="Tests\Feature\E2E\AuthenticationFlowTest" classname="Tests.Feature.E2E.AuthenticationFlowTest" assertions="0" time="0.000000">
          <error type="Error">Tests\Feature\E2E\AuthenticationFlowTest::test_complete_login_flow
Error: Class "Laravel\Dusk\DuskServiceProvider" not found

/var/www/html/vendor/laravel/framework/src/Illuminate/Foundation/Application.php:961
/var/www/html/vendor/laravel/framework/src/Illuminate/Foundation/Application.php:893
/var/www/html/app/Providers/AppServiceProvider.php:51
/var/www/html/vendor/laravel/framework/src/Illuminate/Foundation/Application.php:896
/var/www/html/vendor/laravel/framework/src/Illuminate/Foundation/ProviderRepository.php:74
/var/www/html/vendor/laravel/framework/src/Illuminate/Foundation/Application.php:871
/var/www/html/vendor/laravel/framework/src/Illuminate/Foundation/Bootstrap/RegisterProviders.php:37
/var/www/html/vendor/laravel/framework/src/Illuminate/Foundation/Application.php:342
/var/www/html/vendor/laravel/framework/src/Illuminate/Foundation/Console/Kernel.php:473
/var/www/html/tests/CreatesApplication.php:31
/var/www/html/vendor/laravel/framework/src/Illuminate/Foundation/Testing/TestCase.php:54
/var/www/html/vendor/laravel/framework/src/Illuminate/Foundation/Testing/Concerns/InteractsWithTestCaseLifecycle.php:92
/var/www/html/vendor/laravel/framework/src/Illuminate/Foundation/Testing/TestCase.php:44
/var/www/html/tests/TestCase.php:36</error>
        </testcase>
        <testcase name="test_complete_registration_flow" file="/var/www/html/tests/Feature/E2E/AuthenticationFlowTest.php" line="16" class="Tests\Feature\E2E\AuthenticationFlowTest" classname="Tests.Feature.E2E.AuthenticationFlowTest" assertions="0" time="0.000000">
          <error type="Error">Tests\Feature\E2E\AuthenticationFlowTest::test_complete_registration_flow
Error: Class "Laravel\Dusk\DuskServiceProvider" not found

/var/www/html/vendor/laravel/framework/src/Illuminate/Foundation/Application.php:961
/var/www/html/vendor/laravel/framework/src/Illuminate/Foundation/Application.php:893
/var/www/html/app/Providers/AppServiceProvider.php:51
/var/www/html/vendor/laravel/framework/src/Illuminate/Foundation/Application.php:896
/var/www/html/vendor/laravel/framework/src/Illuminate/Foundation/ProviderRepository.php:74
/var/www/html/vendor/laravel/framework/src/Illuminate/Foundation/Application.php:871
/var/www/html/vendor/laravel/framework/src/Illuminate/Foundation/Bootstrap/RegisterProviders.php:37
/var/www/html/vendor/laravel/framework/src/Illuminate/Foundation/Application.php:342
/var/www/html/vendor/laravel/framework/src/Illuminate/Foundation/Console/Kernel.php:473
/var/www/html/tests/CreatesApplication.php:31
/var/www/html/vendor/laravel/framework/src/Illuminate/Foundation/Testing/TestCase.php:54
/var/www/html/vendor/laravel/framework/src/Illuminate/Foundation/Testing/Concerns/InteractsWithTestCaseLifecycle.php:92
/var/www/html/vendor/laravel/framework/src/Illuminate/Foundation/Testing/TestCase.php:44
/var/www/html/tests/TestCase.php:36</error>
        </testcase>
        <testcase name="test_complete_logout_flow" file="/var/www/html/tests/Feature/E2E/AuthenticationFlowTest.php" line="65" class="Tests\Feature\E2E\AuthenticationFlowTest" classname="Tests.Feature.E2E.AuthenticationFlowTest" assertions="0" time="0.000000">
          <error type="Error">Tests\Feature\E2E\AuthenticationFlowTest::test_complete_logout_flow
Error: Class "Laravel\Dusk\DuskServiceProvider" not found

/var/www/html/vendor/laravel/framework/src/Illuminate/Foundation/Application.php:961
/var/www/html/vendor/laravel/framework/src/Illuminate/Foundation/Application.php:893
/var/www/html/app/Providers/AppServiceProvider.php:51
/var/www/html/vendor/laravel/framework/src/Illuminate/Foundation/Application.php:896
/var/www/html/vendor/laravel/framework/src/Illuminate/Foundation/ProviderRepository.php:74
/var/www/html/vendor/laravel/framework/src/Illuminate/Foundation/Application.php:871
/var/www/html/vendor/laravel/framework/src/Illuminate/Foundation/Bootstrap/RegisterProviders.php:37
/var/www/html/vendor/laravel/framework/src/Illuminate/Foundation/Application.php:342
/var/www/html/vendor/laravel/framework/src/Illuminate/Foundation/Console/Kernel.php:473
/var/www/html/tests/CreatesApplication.php:31
/var/www/html/vendor/laravel/framework/src/Illuminate/Foundation/Testing/TestCase.php:54
/var/www/html/vendor/laravel/framework/src/Illuminate/Foundation/Testing/Concerns/InteractsWithTestCaseLifecycle.php:92
/var/www/html/vendor/laravel/framework/src/Illuminate/Foundation/Testing/TestCase.php:44
/var/www/html/tests/TestCase.php:36</error>
        </testcase>
        <testcase name="test_rate_limiting_on_login" file="/var/www/html/tests/Feature/E2E/AuthenticationFlowTest.php" line="103" class="Tests\Feature\E2E\AuthenticationFlowTest" classname="Tests.Feature.E2E.AuthenticationFlowTest" assertions="0" time="0.000000">
          <error type="Error">Tests\Feature\E2E\AuthenticationFlowTest::test_rate_limiting_on_login
Error: Class "Laravel\Dusk\DuskServiceProvider" not found

/var/www/html/vendor/laravel/framework/src/Illuminate/Foundation/Application.php:961
/var/www/html/vendor/laravel/framework/src/Illuminate/Foundation/Application.php:893
/var/www/html/app/Providers/AppServiceProvider.php:51
/var/www/html/vendor/laravel/framework/src/Illuminate/Foundation/Application.php:896
/var/www/html/vendor/laravel/framework/src/Illuminate/Foundation/ProviderRepository.php:74
/var/www/html/vendor/laravel/framework/src/Illuminate/Foundation/Application.php:871
/var/www/html/vendor/laravel/framework/src/Illuminate/Foundation/Bootstrap/RegisterProviders.php:37
/var/www/html/vendor/laravel/framework/src/Illuminate/Foundation/Application.php:342
/var/www/html/vendor/laravel/framework/src/Illuminate/Foundation/Console/Kernel.php:473
/var/www/html/tests/CreatesApplication.php:31
/var/www/html/vendor/laravel/framework/src/Illuminate/Foundation/Testing/TestCase.php:54
/var/www/html/vendor/laravel/framework/src/Illuminate/Foundation/Testing/Concerns/InteractsWithTestCaseLifecycle.php:92
/var/www/html/vendor/laravel/framework/src/Illuminate/Foundation/Testing/TestCase.php:44
/var/www/html/tests/TestCase.php:36</error>
        </testcase>
        <testcase name="test_authenticated_user_cannot_access_login_page" file="/var/www/html/tests/Feature/E2E/AuthenticationFlowTest.php" line="125" class="Tests\Feature\E2E\AuthenticationFlowTest" classname="Tests.Feature.E2E.AuthenticationFlowTest" assertions="0" time="0.000000">
          <error type="Error">Tests\Feature\E2E\AuthenticationFlowTest::test_authenticated_user_cannot_access_login_page
Error: Class "Laravel\Dusk\DuskServiceProvider" not found

/var/www/html/vendor/laravel/framework/src/Illuminate/Foundation/Application.php:961
/var/www/html/vendor/laravel/framework/src/Illuminate/Foundation/Application.php:893
/var/www/html/app/Providers/AppServiceProvider.php:51
/var/www/html/vendor/laravel/framework/src/Illuminate/Foundation/Application.php:896
/var/www/html/vendor/laravel/framework/src/Illuminate/Foundation/ProviderRepository.php:74
/var/www/html/vendor/laravel/framework/src/Illuminate/Foundation/Application.php:871
/var/www/html/vendor/laravel/framework/src/Illuminate/Foundation/Bootstrap/RegisterProviders.php:37
/var/www/html/vendor/laravel/framework/src/Illuminate/Foundation/Application.php:342
/var/www/html/vendor/laravel/framework/src/Illuminate/Foundation/Console/Kernel.php:473
/var/www/html/tests/CreatesApplication.php:31
/var/www/html/vendor/laravel/framework/src/Illuminate/Foundation/Testing/TestCase.php:54
/var/www/html/vendor/laravel/framework/src/Illuminate/Foundation/Testing/Concerns/InteractsWithTestCaseLifecycle.php:92
/var/www/html/vendor/laravel/framework/src/Illuminate/Foundation/Testing/TestCase.php:44
/var/www/html/tests/TestCase.php:36</error>
        </testcase>
        <testcase name="test_complete_password_reset_flow" file="/var/www/html/tests/Feature/E2E/AuthenticationFlowTest.php" line="85" class="Tests\Feature\E2E\AuthenticationFlowTest" classname="Tests.Feature.E2E.AuthenticationFlowTest" assertions="0" time="0.000000">
          <error type="Error">Tests\Feature\E2E\AuthenticationFlowTest::test_complete_password_reset_flow
Error: Class "Laravel\Dusk\DuskServiceProvider" not found

/var/www/html/vendor/laravel/framework/src/Illuminate/Foundation/Application.php:961
/var/www/html/vendor/laravel/framework/src/Illuminate/Foundation/Application.php:893
/var/www/html/app/Providers/AppServiceProvider.php:51
/var/www/html/vendor/laravel/framework/src/Illuminate/Foundation/Application.php:896
/var/www/html/vendor/laravel/framework/src/Illuminate/Foundation/ProviderRepository.php:74
/var/www/html/vendor/laravel/framework/src/Illuminate/Foundation/Application.php:871
/var/www/html/vendor/laravel/framework/src/Illuminate/Foundation/Bootstrap/RegisterProviders.php:37
/var/www/html/vendor/laravel/framework/src/Illuminate/Foundation/Application.php:342
/var/www/html/vendor/laravel/framework/src/Illuminate/Foundation/Console/Kernel.php:473
/var/www/html/tests/CreatesApplication.php:31
/var/www/html/vendor/laravel/framework/src/Illuminate/Foundation/Testing/TestCase.php:54
/var/www/html/vendor/laravel/framework/src/Illuminate/Foundation/Testing/Concerns/InteractsWithTestCaseLifecycle.php:92
/var/www/html/vendor/laravel/framework/src/Illuminate/Foundation/Testing/TestCase.php:44
/var/www/html/tests/TestCase.php:36</error>
        </testcase>
        <testcase name="test_guest_cannot_access_dashboard" file="/var/www/html/tests/Feature/E2E/AuthenticationFlowTest.php" line="134" class="Tests\Feature\E2E\AuthenticationFlowTest" classname="Tests.Feature.E2E.AuthenticationFlowTest" assertions="0" time="0.000000">
          <error type="Error">Tests\Feature\E2E\AuthenticationFlowTest::test_guest_cannot_access_dashboard
Error: Class "Laravel\Dusk\DuskServiceProvider" not found

/var/www/html/vendor/laravel/framework/src/Illuminate/Foundation/Application.php:961
/var/www/html/vendor/laravel/framework/src/Illuminate/Foundation/Application.php:893
/var/www/html/app/Providers/AppServiceProvider.php:51
/var/www/html/vendor/laravel/framework/src/Illuminate/Foundation/Application.php:896
/var/www/html/vendor/laravel/framework/src/Illuminate/Foundation/ProviderRepository.php:74
/var/www/html/vendor/laravel/framework/src/Illuminate/Foundation/Application.php:871
/var/www/html/vendor/laravel/framework/src/Illuminate/Foundation/Bootstrap/RegisterProviders.php:37
/var/www/html/vendor/laravel/framework/src/Illuminate/Foundation/Application.php:342
/var/www/html/vendor/laravel/framework/src/Illuminate/Foundation/Console/Kernel.php:473
/var/www/html/tests/CreatesApplication.php:31
/var/www/html/vendor/laravel/framework/src/Illuminate/Foundation/Testing/TestCase.php:54
/var/www/html/vendor/laravel/framework/src/Illuminate/Foundation/Testing/Concerns/InteractsWithTestCaseLifecycle.php:92
/var/www/html/vendor/laravel/framework/src/Illuminate/Foundation/Testing/TestCase.php:44
/var/www/html/tests/TestCase.php:36</error>
        </testcase>
      </testsuite>
      <testsuite name="Tests\Feature\Http\Middleware\AddQueuedCookiesToResponseTest" file="/var/www/html/tests/Feature/Http/Middleware/AddQueuedCookiesToResponseTest.php" tests="3" assertions="0" errors="3" failures="0" skipped="0" time="0.000000">
        <testcase name="test_add_queued_cookies_middleware_handles_multiple_cookies" file="/var/www/html/tests/Feature/Http/Middleware/AddQueuedCookiesToResponseTest.php" line="46" class="Tests\Feature\Http\Middleware\AddQueuedCookiesToResponseTest" classname="Tests.Feature.Http.Middleware.AddQueuedCookiesToResponseTest" assertions="0" time="0.000000">
          <error type="Error">Tests\Feature\Http\Middleware\AddQueuedCookiesToResponseTest::test_add_queued_cookies_middleware_handles_multiple_cookies
Error: Class "Laravel\Dusk\DuskServiceProvider" not found

/var/www/html/vendor/laravel/framework/src/Illuminate/Foundation/Application.php:961
/var/www/html/vendor/laravel/framework/src/Illuminate/Foundation/Application.php:893
/var/www/html/app/Providers/AppServiceProvider.php:51
/var/www/html/vendor/laravel/framework/src/Illuminate/Foundation/Application.php:896
/var/www/html/vendor/laravel/framework/src/Illuminate/Foundation/ProviderRepository.php:74
/var/www/html/vendor/laravel/framework/src/Illuminate/Foundation/Application.php:871
/var/www/html/vendor/laravel/framework/src/Illuminate/Foundation/Bootstrap/RegisterProviders.php:37
/var/www/html/vendor/laravel/framework/src/Illuminate/Foundation/Application.php:342
/var/www/html/vendor/laravel/framework/src/Illuminate/Foundation/Console/Kernel.php:473
/var/www/html/tests/CreatesApplication.php:31
/var/www/html/vendor/laravel/framework/src/Illuminate/Foundation/Testing/TestCase.php:54
/var/www/html/vendor/laravel/framework/src/Illuminate/Foundation/Testing/Concerns/InteractsWithTestCaseLifecycle.php:92
/var/www/html/vendor/laravel/framework/src/Illuminate/Foundation/Testing/TestCase.php:44
/var/www/html/tests/TestCase.php:36</error>
        </testcase>
        <testcase name="test_add_queued_cookies_middleware_adds_cookies_to_response" file="/var/www/html/tests/Feature/Http/Middleware/AddQueuedCookiesToResponseTest.php" line="17" class="Tests\Feature\Http\Middleware\AddQueuedCookiesToResponseTest" classname="Tests.Feature.Http.Middleware.AddQueuedCookiesToResponseTest" assertions="0" time="0.000000">
          <error type="Error">Tests\Feature\Http\Middleware\AddQueuedCookiesToResponseTest::test_add_queued_cookies_middleware_adds_cookies_to_response
Error: Class "Laravel\Dusk\DuskServiceProvider" not found

/var/www/html/vendor/laravel/framework/src/Illuminate/Foundation/Application.php:961
/var/www/html/vendor/laravel/framework/src/Illuminate/Foundation/Application.php:893
/var/www/html/app/Providers/AppServiceProvider.php:51
/var/www/html/vendor/laravel/framework/src/Illuminate/Foundation/Application.php:896
/var/www/html/vendor/laravel/framework/src/Illuminate/Foundation/ProviderRepository.php:74
/var/www/html/vendor/laravel/framework/src/Illuminate/Foundation/Application.php:871
/var/www/html/vendor/laravel/framework/src/Illuminate/Foundation/Bootstrap/RegisterProviders.php:37
/var/www/html/vendor/laravel/framework/src/Illuminate/Foundation/Application.php:342
/var/www/html/vendor/laravel/framework/src/Illuminate/Foundation/Console/Kernel.php:473
/var/www/html/tests/CreatesApplication.php:31
/var/www/html/vendor/laravel/framework/src/Illuminate/Foundation/Testing/TestCase.php:54
/var/www/html/vendor/laravel/framework/src/Illuminate/Foundation/Testing/Concerns/InteractsWithTestCaseLifecycle.php:92
/var/www/html/vendor/laravel/framework/src/Illuminate/Foundation/Testing/TestCase.php:44
/var/www/html/tests/TestCase.php:36</error>
        </testcase>
        <testcase name="test_add_queued_cookies_middleware_passes_request_successfully" file="/var/www/html/tests/Feature/Http/Middleware/AddQueuedCookiesToResponseTest.php" line="33" class="Tests\Feature\Http\Middleware\AddQueuedCookiesToResponseTest" classname="Tests.Feature.Http.Middleware.AddQueuedCookiesToResponseTest" assertions="0" time="0.000000">
          <error type="Error">Tests\Feature\Http\Middleware\AddQueuedCookiesToResponseTest::test_add_queued_cookies_middleware_passes_request_successfully
Error: Class "Laravel\Dusk\DuskServiceProvider" not found

/var/www/html/vendor/laravel/framework/src/Illuminate/Foundation/Application.php:961
/var/www/html/vendor/laravel/framework/src/Illuminate/Foundation/Application.php:893
/var/www/html/app/Providers/AppServiceProvider.php:51
/var/www/html/vendor/laravel/framework/src/Illuminate/Foundation/Application.php:896
/var/www/html/vendor/laravel/framework/src/Illuminate/Foundation/ProviderRepository.php:74
/var/www/html/vendor/laravel/framework/src/Illuminate/Foundation/Application.php:871
/var/www/html/vendor/laravel/framework/src/Illuminate/Foundation/Bootstrap/RegisterProviders.php:37
/var/www/html/vendor/laravel/framework/src/Illuminate/Foundation/Application.php:342
/var/www/html/vendor/laravel/framework/src/Illuminate/Foundation/Console/Kernel.php:473
/var/www/html/tests/CreatesApplication.php:31
/var/www/html/vendor/laravel/framework/src/Illuminate/Foundation/Testing/TestCase.php:54
/var/www/html/vendor/laravel/framework/src/Illuminate/Foundation/Testing/Concerns/InteractsWithTestCaseLifecycle.php:92
/var/www/html/vendor/laravel/framework/src/Illuminate/Foundation/Testing/TestCase.php:44
/var/www/html/tests/TestCase.php:36</error>
        </testcase>
      </testsuite>
      <testsuite name="Tests\Feature\Api\AnalyticsEndpointTest" file="/var/www/html/tests/Feature/Api/AnalyticsEndpointTest.php" tests="5" assertions="0" errors="5" failures="0" skipped="0" time="0.000000">
        <testcase name="test_track_behavior_success_for_authenticated_user" file="/var/www/html/tests/Feature/Api/AnalyticsEndpointTest.php" line="71" class="Tests\Feature\Api\AnalyticsEndpointTest" classname="Tests.Feature.Api.AnalyticsEndpointTest" assertions="0" time="0.000000">
          <error type="Error">Tests\Feature\Api\AnalyticsEndpointTest::test_track_behavior_success_for_authenticated_user
Error: Class "Laravel\Dusk\DuskServiceProvider" not found

/var/www/html/vendor/laravel/framework/src/Illuminate/Foundation/Application.php:961
/var/www/html/vendor/laravel/framework/src/Illuminate/Foundation/Application.php:893
/var/www/html/app/Providers/AppServiceProvider.php:51
/var/www/html/vendor/laravel/framework/src/Illuminate/Foundation/Application.php:896
/var/www/html/vendor/laravel/framework/src/Illuminate/Foundation/ProviderRepository.php:74
/var/www/html/vendor/laravel/framework/src/Illuminate/Foundation/Application.php:871
/var/www/html/vendor/laravel/framework/src/Illuminate/Foundation/Bootstrap/RegisterProviders.php:37
/var/www/html/vendor/laravel/framework/src/Illuminate/Foundation/Application.php:342
/var/www/html/vendor/laravel/framework/src/Illuminate/Foundation/Console/Kernel.php:473
/var/www/html/tests/CreatesApplication.php:31
/var/www/html/vendor/laravel/framework/src/Illuminate/Foundation/Testing/TestCase.php:54
/var/www/html/vendor/laravel/framework/src/Illuminate/Foundation/Testing/Concerns/InteractsWithTestCaseLifecycle.php:92
/var/www/html/vendor/laravel/framework/src/Illuminate/Foundation/Testing/TestCase.php:44
/var/www/html/tests/TestCase.php:36</error>
        </testcase>
        <testcase name="test_authenticated_user_can_get_user_analytics" file="/var/www/html/tests/Feature/Api/AnalyticsEndpointTest.php" line="22" class="Tests\Feature\Api\AnalyticsEndpointTest" classname="Tests.Feature.Api.AnalyticsEndpointTest" assertions="0" time="0.000000">
          <error type="Error">Tests\Feature\Api\AnalyticsEndpointTest::test_authenticated_user_can_get_user_analytics
Error: Class "Laravel\Dusk\DuskServiceProvider" not found

/var/www/html/vendor/laravel/framework/src/Illuminate/Foundation/Application.php:961
/var/www/html/vendor/laravel/framework/src/Illuminate/Foundation/Application.php:893
/var/www/html/app/Providers/AppServiceProvider.php:51
/var/www/html/vendor/laravel/framework/src/Illuminate/Foundation/Application.php:896
/var/www/html/vendor/laravel/framework/src/Illuminate/Foundation/ProviderRepository.php:74
/var/www/html/vendor/laravel/framework/src/Illuminate/Foundation/Application.php:871
/var/www/html/vendor/laravel/framework/src/Illuminate/Foundation/Bootstrap/RegisterProviders.php:37
/var/www/html/vendor/laravel/framework/src/Illuminate/Foundation/Application.php:342
/var/www/html/vendor/laravel/framework/src/Illuminate/Foundation/Console/Kernel.php:473
/var/www/html/tests/CreatesApplication.php:31
/var/www/html/vendor/laravel/framework/src/Illuminate/Foundation/Testing/TestCase.php:54
/var/www/html/vendor/laravel/framework/src/Illuminate/Foundation/Testing/Concerns/InteractsWithTestCaseLifecycle.php:92
/var/www/html/vendor/laravel/framework/src/Illuminate/Foundation/Testing/TestCase.php:44
/var/www/html/tests/TestCase.php:36</error>
        </testcase>
        <testcase name="test_track_behavior_requires_auth" file="/var/www/html/tests/Feature/Api/AnalyticsEndpointTest.php" line="61" class="Tests\Feature\Api\AnalyticsEndpointTest" classname="Tests.Feature.Api.AnalyticsEndpointTest" assertions="0" time="0.000000">
          <error type="Error">Tests\Feature\Api\AnalyticsEndpointTest::test_track_behavior_requires_auth
Error: Class "Laravel\Dusk\DuskServiceProvider" not found

/var/www/html/vendor/laravel/framework/src/Illuminate/Foundation/Application.php:961
/var/www/html/vendor/laravel/framework/src/Illuminate/Foundation/Application.php:893
/var/www/html/app/Providers/AppServiceProvider.php:51
/var/www/html/vendor/laravel/framework/src/Illuminate/Foundation/Application.php:896
/var/www/html/vendor/laravel/framework/src/Illuminate/Foundation/ProviderRepository.php:74
/var/www/html/vendor/laravel/framework/src/Illuminate/Foundation/Application.php:871
/var/www/html/vendor/laravel/framework/src/Illuminate/Foundation/Bootstrap/RegisterProviders.php:37
/var/www/html/vendor/laravel/framework/src/Illuminate/Foundation/Application.php:342
/var/www/html/vendor/laravel/framework/src/Illuminate/Foundation/Console/Kernel.php:473
/var/www/html/tests/CreatesApplication.php:31
/var/www/html/vendor/laravel/framework/src/Illuminate/Foundation/Testing/TestCase.php:54
/var/www/html/vendor/laravel/framework/src/Illuminate/Foundation/Testing/Concerns/InteractsWithTestCaseLifecycle.php:92
/var/www/html/vendor/laravel/framework/src/Illuminate/Foundation/Testing/TestCase.php:44
/var/www/html/tests/TestCase.php:36</error>
        </testcase>
        <testcase name="test_guest_cannot_access_user_analytics" file="/var/www/html/tests/Feature/Api/AnalyticsEndpointTest.php" line="16" class="Tests\Feature\Api\AnalyticsEndpointTest" classname="Tests.Feature.Api.AnalyticsEndpointTest" assertions="0" time="0.000000">
          <error type="Error">Tests\Feature\Api\AnalyticsEndpointTest::test_guest_cannot_access_user_analytics
Error: Class "Laravel\Dusk\DuskServiceProvider" not found

/var/www/html/vendor/laravel/framework/src/Illuminate/Foundation/Application.php:961
/var/www/html/vendor/laravel/framework/src/Illuminate/Foundation/Application.php:893
/var/www/html/app/Providers/AppServiceProvider.php:51
/var/www/html/vendor/laravel/framework/src/Illuminate/Foundation/Application.php:896
/var/www/html/vendor/laravel/framework/src/Illuminate/Foundation/ProviderRepository.php:74
/var/www/html/vendor/laravel/framework/src/Illuminate/Foundation/Application.php:871
/var/www/html/vendor/laravel/framework/src/Illuminate/Foundation/Bootstrap/RegisterProviders.php:37
/var/www/html/vendor/laravel/framework/src/Illuminate/Foundation/Application.php:342
/var/www/html/vendor/laravel/framework/src/Illuminate/Foundation/Console/Kernel.php:473
/var/www/html/tests/CreatesApplication.php:31
/var/www/html/vendor/laravel/framework/src/Illuminate/Foundation/Testing/TestCase.php:54
/var/www/html/vendor/laravel/framework/src/Illuminate/Foundation/Testing/Concerns/InteractsWithTestCaseLifecycle.php:92
/var/www/html/vendor/laravel/framework/src/Illuminate/Foundation/Testing/TestCase.php:44
/var/www/html/tests/TestCase.php:36</error>
        </testcase>
        <testcase name="test_site_analytics_is_public_and_has_expected_keys" file="/var/www/html/tests/Feature/Api/AnalyticsEndpointTest.php" line="42" class="Tests\Feature\Api\AnalyticsEndpointTest" classname="Tests.Feature.Api.AnalyticsEndpointTest" assertions="0" time="0.000000">
          <error type="Error">Tests\Feature\Api\AnalyticsEndpointTest::test_site_analytics_is_public_and_has_expected_keys
Error: Class "Laravel\Dusk\DuskServiceProvider" not found

/var/www/html/vendor/laravel/framework/src/Illuminate/Foundation/Application.php:961
/var/www/html/vendor/laravel/framework/src/Illuminate/Foundation/Application.php:893
/var/www/html/app/Providers/AppServiceProvider.php:51
/var/www/html/vendor/laravel/framework/src/Illuminate/Foundation/Application.php:896
/var/www/html/vendor/laravel/framework/src/Illuminate/Foundation/ProviderRepository.php:74
/var/www/html/vendor/laravel/framework/src/Illuminate/Foundation/Application.php:871
/var/www/html/vendor/laravel/framework/src/Illuminate/Foundation/Bootstrap/RegisterProviders.php:37
/var/www/html/vendor/laravel/framework/src/Illuminate/Foundation/Application.php:342
/var/www/html/vendor/laravel/framework/src/Illuminate/Foundation/Console/Kernel.php:473
/var/www/html/tests/CreatesApplication.php:31
/var/www/html/vendor/laravel/framework/src/Illuminate/Foundation/Testing/TestCase.php:54
/var/www/html/vendor/laravel/framework/src/Illuminate/Foundation/Testing/Concerns/InteractsWithTestCaseLifecycle.php:92
/var/www/html/vendor/laravel/framework/src/Illuminate/Foundation/Testing/TestCase.php:44
/var/www/html/tests/TestCase.php:36</error>
        </testcase>
      </testsuite>
      <testsuite name="Tests\Feature\Console\Commands\StatsCommandTest" file="/var/www/html/tests/Feature/Console/Commands/StatsCommandTest.php" tests="8" assertions="0" errors="8" failures="0" skipped="0" time="0.000000">
        <testcase name="stats_command_runs_successfully_with_detailed_option" file="/var/www/html/tests/Feature/Console/Commands/StatsCommandTest.php" line="22" class="Tests\Feature\Console\Commands\StatsCommandTest" classname="Tests.Feature.Console.Commands.StatsCommandTest" assertions="0" time="0.000000">
          <error type="Error">Tests\Feature\Console\Commands\StatsCommandTest::stats_command_runs_successfully_with_detailed_option
Error: Class "Laravel\Dusk\DuskServiceProvider" not found

/var/www/html/vendor/laravel/framework/src/Illuminate/Foundation/Application.php:961
/var/www/html/vendor/laravel/framework/src/Illuminate/Foundation/Application.php:893
/var/www/html/app/Providers/AppServiceProvider.php:51
/var/www/html/vendor/laravel/framework/src/Illuminate/Foundation/Application.php:896
/var/www/html/vendor/laravel/framework/src/Illuminate/Foundation/ProviderRepository.php:74
/var/www/html/vendor/laravel/framework/src/Illuminate/Foundation/Application.php:871
/var/www/html/vendor/laravel/framework/src/Illuminate/Foundation/Bootstrap/RegisterProviders.php:37
/var/www/html/vendor/laravel/framework/src/Illuminate/Foundation/Application.php:342
/var/www/html/vendor/laravel/framework/src/Illuminate/Foundation/Console/Kernel.php:473
/var/www/html/tests/CreatesApplication.php:31
/var/www/html/vendor/laravel/framework/src/Illuminate/Foundation/Testing/TestCase.php:54
/var/www/html/vendor/laravel/framework/src/Illuminate/Foundation/Testing/Concerns/InteractsWithTestCaseLifecycle.php:92
/var/www/html/vendor/laravel/framework/src/Illuminate/Foundation/Testing/TestCase.php:44
/var/www/html/tests/TestCase.php:36</error>
        </testcase>
        <testcase name="stats_command_displays_correct_basic_stats" file="/var/www/html/tests/Feature/Console/Commands/StatsCommandTest.php" line="28" class="Tests\Feature\Console\Commands\StatsCommandTest" classname="Tests.Feature.Console.Commands.StatsCommandTest" assertions="0" time="0.000000">
          <error type="Error">Tests\Feature\Console\Commands\StatsCommandTest::stats_command_displays_correct_basic_stats
Error: Class "Laravel\Dusk\DuskServiceProvider" not found

/var/www/html/vendor/laravel/framework/src/Illuminate/Foundation/Application.php:961
/var/www/html/vendor/laravel/framework/src/Illuminate/Foundation/Application.php:893
/var/www/html/app/Providers/AppServiceProvider.php:51
/var/www/html/vendor/laravel/framework/src/Illuminate/Foundation/Application.php:896
/var/www/html/vendor/laravel/framework/src/Illuminate/Foundation/ProviderRepository.php:74
/var/www/html/vendor/laravel/framework/src/Illuminate/Foundation/Application.php:871
/var/www/html/vendor/laravel/framework/src/Illuminate/Foundation/Bootstrap/RegisterProviders.php:37
/var/www/html/vendor/laravel/framework/src/Illuminate/Foundation/Application.php:342
/var/www/html/vendor/laravel/framework/src/Illuminate/Foundation/Console/Kernel.php:473
/var/www/html/tests/CreatesApplication.php:31
/var/www/html/vendor/laravel/framework/src/Illuminate/Foundation/Testing/TestCase.php:54
/var/www/html/vendor/laravel/framework/src/Illuminate/Foundation/Testing/Concerns/InteractsWithTestCaseLifecycle.php:92
/var/www/html/vendor/laravel/framework/src/Illuminate/Foundation/Testing/TestCase.php:44
/var/www/html/tests/TestCase.php:36</error>
        </testcase>
        <testcase name="stats_command_handles_detailed_stats_with_empty_database" file="/var/www/html/tests/Feature/Console/Commands/StatsCommandTest.php" line="50" class="Tests\Feature\Console\Commands\StatsCommandTest" classname="Tests.Feature.Console.Commands.StatsCommandTest" assertions="0" time="0.000000">
          <error type="Error">Tests\Feature\Console\Commands\StatsCommandTest::stats_command_handles_detailed_stats_with_empty_database
Error: Class "Laravel\Dusk\DuskServiceProvider" not found

/var/www/html/vendor/laravel/framework/src/Illuminate/Foundation/Application.php:961
/var/www/html/vendor/laravel/framework/src/Illuminate/Foundation/Application.php:893
/var/www/html/app/Providers/AppServiceProvider.php:51
/var/www/html/vendor/laravel/framework/src/Illuminate/Foundation/Application.php:896
/var/www/html/vendor/laravel/framework/src/Illuminate/Foundation/ProviderRepository.php:74
/var/www/html/vendor/laravel/framework/src/Illuminate/Foundation/Application.php:871
/var/www/html/vendor/laravel/framework/src/Illuminate/Foundation/Bootstrap/RegisterProviders.php:37
/var/www/html/vendor/laravel/framework/src/Illuminate/Foundation/Application.php:342
/var/www/html/vendor/laravel/framework/src/Illuminate/Foundation/Console/Kernel.php:473
/var/www/html/tests/CreatesApplication.php:31
/var/www/html/vendor/laravel/framework/src/Illuminate/Foundation/Testing/TestCase.php:54
/var/www/html/vendor/laravel/framework/src/Illuminate/Foundation/Testing/Concerns/InteractsWithTestCaseLifecycle.php:92
/var/www/html/vendor/laravel/framework/src/Illuminate/Foundation/Testing/TestCase.php:44
/var/www/html/tests/TestCase.php:36</error>
        </testcase>
        <testcase name="stats_command_displays_detailed_stats_when_requested" file="/var/www/html/tests/Feature/Console/Commands/StatsCommandTest.php" line="36" class="Tests\Feature\Console\Commands\StatsCommandTest" classname="Tests.Feature.Console.Commands.StatsCommandTest" assertions="0" time="0.000000">
          <error type="Error">Tests\Feature\Console\Commands\StatsCommandTest::stats_command_displays_detailed_stats_when_requested
Error: Class "Laravel\Dusk\DuskServiceProvider" not found

/var/www/html/vendor/laravel/framework/src/Illuminate/Foundation/Application.php:961
/var/www/html/vendor/laravel/framework/src/Illuminate/Foundation/Application.php:893
/var/www/html/app/Providers/AppServiceProvider.php:51
/var/www/html/vendor/laravel/framework/src/Illuminate/Foundation/Application.php:896
/var/www/html/vendor/laravel/framework/src/Illuminate/Foundation/ProviderRepository.php:74
/var/www/html/vendor/laravel/framework/src/Illuminate/Foundation/Application.php:871
/var/www/html/vendor/laravel/framework/src/Illuminate/Foundation/Bootstrap/RegisterProviders.php:37
/var/www/html/vendor/laravel/framework/src/Illuminate/Foundation/Application.php:342
/var/www/html/vendor/laravel/framework/src/Illuminate/Foundation/Console/Kernel.php:473
/var/www/html/tests/CreatesApplication.php:31
/var/www/html/vendor/laravel/framework/src/Illuminate/Foundation/Testing/TestCase.php:54
/var/www/html/vendor/laravel/framework/src/Illuminate/Foundation/Testing/Concerns/InteractsWithTestCaseLifecycle.php:92
/var/www/html/vendor/laravel/framework/src/Illuminate/Foundation/Testing/TestCase.php:44
/var/www/html/tests/TestCase.php:36</error>
        </testcase>
        <testcase name="stats_command_runs_successfully_without_detailed_option" file="/var/www/html/tests/Feature/Console/Commands/StatsCommandTest.php" line="16" class="Tests\Feature\Console\Commands\StatsCommandTest" classname="Tests.Feature.Console.Commands.StatsCommandTest" assertions="0" time="0.000000">
          <error type="Error">Tests\Feature\Console\Commands\StatsCommandTest::stats_command_runs_successfully_without_detailed_option
Error: Class "Laravel\Dusk\DuskServiceProvider" not found

/var/www/html/vendor/laravel/framework/src/Illuminate/Foundation/Application.php:961
/var/www/html/vendor/laravel/framework/src/Illuminate/Foundation/Application.php:893
/var/www/html/app/Providers/AppServiceProvider.php:51
/var/www/html/vendor/laravel/framework/src/Illuminate/Foundation/Application.php:896
/var/www/html/vendor/laravel/framework/src/Illuminate/Foundation/ProviderRepository.php:74
/var/www/html/vendor/laravel/framework/src/Illuminate/Foundation/Application.php:871
/var/www/html/vendor/laravel/framework/src/Illuminate/Foundation/Bootstrap/RegisterProviders.php:37
/var/www/html/vendor/laravel/framework/src/Illuminate/Foundation/Application.php:342
/var/www/html/vendor/laravel/framework/src/Illuminate/Foundation/Console/Kernel.php:473
/var/www/html/tests/CreatesApplication.php:31
/var/www/html/vendor/laravel/framework/src/Illuminate/Foundation/Testing/TestCase.php:54
/var/www/html/vendor/laravel/framework/src/Illuminate/Foundation/Testing/Concerns/InteractsWithTestCaseLifecycle.php:92
/var/www/html/vendor/laravel/framework/src/Illuminate/Foundation/Testing/TestCase.php:44
/var/www/html/tests/TestCase.php:36</error>
        </testcase>
        <testcase name="stats_command_handles_empty_database" file="/var/www/html/tests/Feature/Console/Commands/StatsCommandTest.php" line="44" class="Tests\Feature\Console\Commands\StatsCommandTest" classname="Tests.Feature.Console.Commands.StatsCommandTest" assertions="0" time="0.000000">
          <error type="Error">Tests\Feature\Console\Commands\StatsCommandTest::stats_command_handles_empty_database
Error: Class "Laravel\Dusk\DuskServiceProvider" not found

/var/www/html/vendor/laravel/framework/src/Illuminate/Foundation/Application.php:961
/var/www/html/vendor/laravel/framework/src/Illuminate/Foundation/Application.php:893
/var/www/html/app/Providers/AppServiceProvider.php:51
/var/www/html/vendor/laravel/framework/src/Illuminate/Foundation/Application.php:896
/var/www/html/vendor/laravel/framework/src/Illuminate/Foundation/ProviderRepository.php:74
/var/www/html/vendor/laravel/framework/src/Illuminate/Foundation/Application.php:871
/var/www/html/vendor/laravel/framework/src/Illuminate/Foundation/Bootstrap/RegisterProviders.php:37
/var/www/html/vendor/laravel/framework/src/Illuminate/Foundation/Application.php:342
/var/www/html/vendor/laravel/framework/src/Illuminate/Foundation/Console/Kernel.php:473
/var/www/html/tests/CreatesApplication.php:31
/var/www/html/vendor/laravel/framework/src/Illuminate/Foundation/Testing/TestCase.php:54
/var/www/html/vendor/laravel/framework/src/Illuminate/Foundation/Testing/Concerns/InteractsWithTestCaseLifecycle.php:92
/var/www/html/vendor/laravel/framework/src/Illuminate/Foundation/Testing/TestCase.php:44
/var/www/html/tests/TestCase.php:36</error>
        </testcase>
        <testcase name="stats_command_displays_recent_activity" file="/var/www/html/tests/Feature/Console/Commands/StatsCommandTest.php" line="56" class="Tests\Feature\Console\Commands\StatsCommandTest" classname="Tests.Feature.Console.Commands.StatsCommandTest" assertions="0" time="0.000000">
          <error type="Error">Tests\Feature\Console\Commands\StatsCommandTest::stats_command_displays_recent_activity
Error: Class "Laravel\Dusk\DuskServiceProvider" not found

/var/www/html/vendor/laravel/framework/src/Illuminate/Foundation/Application.php:961
/var/www/html/vendor/laravel/framework/src/Illuminate/Foundation/Application.php:893
/var/www/html/app/Providers/AppServiceProvider.php:51
/var/www/html/vendor/laravel/framework/src/Illuminate/Foundation/Application.php:896
/var/www/html/vendor/laravel/framework/src/Illuminate/Foundation/ProviderRepository.php:74
/var/www/html/vendor/laravel/framework/src/Illuminate/Foundation/Application.php:871
/var/www/html/vendor/laravel/framework/src/Illuminate/Foundation/Bootstrap/RegisterProviders.php:37
/var/www/html/vendor/laravel/framework/src/Illuminate/Foundation/Application.php:342
/var/www/html/vendor/laravel/framework/src/Illuminate/Foundation/Console/Kernel.php:473
/var/www/html/tests/CreatesApplication.php:31
/var/www/html/vendor/laravel/framework/src/Illuminate/Foundation/Testing/TestCase.php:54
/var/www/html/vendor/laravel/framework/src/Illuminate/Foundation/Testing/Concerns/InteractsWithTestCaseLifecycle.php:92
/var/www/html/vendor/laravel/framework/src/Illuminate/Foundation/Testing/TestCase.php:44
/var/www/html/tests/TestCase.php:36</error>
        </testcase>
        <testcase name="stats_command_displays_top_categories" file="/var/www/html/tests/Feature/Console/Commands/StatsCommandTest.php" line="64" class="Tests\Feature\Console\Commands\StatsCommandTest" classname="Tests.Feature.Console.Commands.StatsCommandTest" assertions="0" time="0.000000">
          <error type="Error">Tests\Feature\Console\Commands\StatsCommandTest::stats_command_displays_top_categories
Error: Class "Laravel\Dusk\DuskServiceProvider" not found

/var/www/html/vendor/laravel/framework/src/Illuminate/Foundation/Application.php:961
/var/www/html/vendor/laravel/framework/src/Illuminate/Foundation/Application.php:893
/var/www/html/app/Providers/AppServiceProvider.php:51
/var/www/html/vendor/laravel/framework/src/Illuminate/Foundation/Application.php:896
/var/www/html/vendor/laravel/framework/src/Illuminate/Foundation/ProviderRepository.php:74
/var/www/html/vendor/laravel/framework/src/Illuminate/Foundation/Application.php:871
/var/www/html/vendor/laravel/framework/src/Illuminate/Foundation/Bootstrap/RegisterProviders.php:37
/var/www/html/vendor/laravel/framework/src/Illuminate/Foundation/Application.php:342
/var/www/html/vendor/laravel/framework/src/Illuminate/Foundation/Console/Kernel.php:473
/var/www/html/tests/CreatesApplication.php:31
/var/www/html/vendor/laravel/framework/src/Illuminate/Foundation/Testing/TestCase.php:54
/var/www/html/vendor/laravel/framework/src/Illuminate/Foundation/Testing/Concerns/InteractsWithTestCaseLifecycle.php:92
/var/www/html/vendor/laravel/framework/src/Illuminate/Foundation/Testing/TestCase.php:44
/var/www/html/tests/TestCase.php:36</error>
        </testcase>
      </testsuite>
      <testsuite name="Tests\Feature\LinkCheckerTest" file="/var/www/html/tests/Feature/LinkCheckerTest.php" tests="3" assertions="0" errors="3" failures="0" skipped="0" time="0.000000">
        <testcase name="test_basic_functionality" file="/var/www/html/tests/Feature/LinkCheckerTest.php" line="18" class="Tests\Feature\LinkCheckerTest" classname="Tests.Feature.LinkCheckerTest" assertions="0" time="0.000000">
          <error type="Error">Tests\Feature\LinkCheckerTest::test_basic_functionality
Error: Class "Laravel\Dusk\DuskServiceProvider" not found

/var/www/html/vendor/laravel/framework/src/Illuminate/Foundation/Application.php:961
/var/www/html/vendor/laravel/framework/src/Illuminate/Foundation/Application.php:893
/var/www/html/app/Providers/AppServiceProvider.php:51
/var/www/html/vendor/laravel/framework/src/Illuminate/Foundation/Application.php:896
/var/www/html/vendor/laravel/framework/src/Illuminate/Foundation/ProviderRepository.php:74
/var/www/html/vendor/laravel/framework/src/Illuminate/Foundation/Application.php:871
/var/www/html/vendor/laravel/framework/src/Illuminate/Foundation/Bootstrap/RegisterProviders.php:37
/var/www/html/vendor/laravel/framework/src/Illuminate/Foundation/Application.php:342
/var/www/html/vendor/laravel/framework/src/Illuminate/Foundation/Console/Kernel.php:473
/var/www/html/tests/CreatesApplication.php:31
/var/www/html/vendor/laravel/framework/src/Illuminate/Foundation/Testing/TestCase.php:54
/var/www/html/vendor/laravel/framework/src/Illuminate/Foundation/Testing/Concerns/InteractsWithTestCaseLifecycle.php:92
/var/www/html/vendor/laravel/framework/src/Illuminate/Foundation/Testing/TestCase.php:44
/var/www/html/tests/TestCase.php:36
/var/www/html/tests/Feature/LinkCheckerTest.php:40</error>
        </testcase>
        <testcase name="test_validation" file="/var/www/html/tests/Feature/LinkCheckerTest.php" line="32" class="Tests\Feature\LinkCheckerTest" classname="Tests.Feature.LinkCheckerTest" assertions="0" time="0.000000">
          <error type="Error">Tests\Feature\LinkCheckerTest::test_validation
Error: Class "Laravel\Dusk\DuskServiceProvider" not found

/var/www/html/vendor/laravel/framework/src/Illuminate/Foundation/Application.php:961
/var/www/html/vendor/laravel/framework/src/Illuminate/Foundation/Application.php:893
/var/www/html/app/Providers/AppServiceProvider.php:51
/var/www/html/vendor/laravel/framework/src/Illuminate/Foundation/Application.php:896
/var/www/html/vendor/laravel/framework/src/Illuminate/Foundation/ProviderRepository.php:74
/var/www/html/vendor/laravel/framework/src/Illuminate/Foundation/Application.php:871
/var/www/html/vendor/laravel/framework/src/Illuminate/Foundation/Bootstrap/RegisterProviders.php:37
/var/www/html/vendor/laravel/framework/src/Illuminate/Foundation/Application.php:342
/var/www/html/vendor/laravel/framework/src/Illuminate/Foundation/Console/Kernel.php:473
/var/www/html/tests/CreatesApplication.php:31
/var/www/html/vendor/laravel/framework/src/Illuminate/Foundation/Testing/TestCase.php:54
/var/www/html/vendor/laravel/framework/src/Illuminate/Foundation/Testing/Concerns/InteractsWithTestCaseLifecycle.php:92
/var/www/html/vendor/laravel/framework/src/Illuminate/Foundation/Testing/TestCase.php:44
/var/www/html/tests/TestCase.php:36
/var/www/html/tests/Feature/LinkCheckerTest.php:40</error>
        </testcase>
        <testcase name="test_expected_behavior" file="/var/www/html/tests/Feature/LinkCheckerTest.php" line="25" class="Tests\Feature\LinkCheckerTest" classname="Tests.Feature.LinkCheckerTest" assertions="0" time="0.000000">
          <error type="Error">Tests\Feature\LinkCheckerTest::test_expected_behavior
Error: Class "Laravel\Dusk\DuskServiceProvider" not found

/var/www/html/vendor/laravel/framework/src/Illuminate/Foundation/Application.php:961
/var/www/html/vendor/laravel/framework/src/Illuminate/Foundation/Application.php:893
/var/www/html/app/Providers/AppServiceProvider.php:51
/var/www/html/vendor/laravel/framework/src/Illuminate/Foundation/Application.php:896
/var/www/html/vendor/laravel/framework/src/Illuminate/Foundation/ProviderRepository.php:74
/var/www/html/vendor/laravel/framework/src/Illuminate/Foundation/Application.php:871
/var/www/html/vendor/laravel/framework/src/Illuminate/Foundation/Bootstrap/RegisterProviders.php:37
/var/www/html/vendor/laravel/framework/src/Illuminate/Foundation/Application.php:342
/var/www/html/vendor/laravel/framework/src/Illuminate/Foundation/Console/Kernel.php:473
/var/www/html/tests/CreatesApplication.php:31
/var/www/html/vendor/laravel/framework/src/Illuminate/Foundation/Testing/TestCase.php:54
/var/www/html/vendor/laravel/framework/src/Illuminate/Foundation/Testing/Concerns/InteractsWithTestCaseLifecycle.php:92
/var/www/html/vendor/laravel/framework/src/Illuminate/Foundation/Testing/TestCase.php:44
/var/www/html/tests/TestCase.php:36
/var/www/html/tests/Feature/LinkCheckerTest.php:40</error>
        </testcase>
      </testsuite>
      <testsuite name="Tests\Feature\Models\RewardTest" file="/var/www/html/tests/Feature/Models/RewardTest.php" tests="5" assertions="0" errors="5" failures="0" skipped="0" time="0.000000">
        <testcase name="it_has_available_for_points_scope" file="/var/www/html/tests/Feature/Models/RewardTest.php" line="100" class="Tests\Feature\Models\RewardTest" classname="Tests.Feature.Models.RewardTest" assertions="0" time="0.000000">
          <error type="Error">Tests\Feature\Models\RewardTest::it_has_available_for_points_scope
Error: Class "Laravel\Dusk\DuskServiceProvider" not found

/var/www/html/vendor/laravel/framework/src/Illuminate/Foundation/Application.php:961
/var/www/html/vendor/laravel/framework/src/Illuminate/Foundation/Application.php:893
/var/www/html/app/Providers/AppServiceProvider.php:51
/var/www/html/vendor/laravel/framework/src/Illuminate/Foundation/Application.php:896
/var/www/html/vendor/laravel/framework/src/Illuminate/Foundation/ProviderRepository.php:74
/var/www/html/vendor/laravel/framework/src/Illuminate/Foundation/Application.php:871
/var/www/html/vendor/laravel/framework/src/Illuminate/Foundation/Bootstrap/RegisterProviders.php:37
/var/www/html/vendor/laravel/framework/src/Illuminate/Foundation/Application.php:342
/var/www/html/vendor/laravel/framework/src/Illuminate/Foundation/Console/Kernel.php:473
/var/www/html/tests/CreatesApplication.php:31
/var/www/html/vendor/laravel/framework/src/Illuminate/Foundation/Testing/TestCase.php:54
/var/www/html/vendor/laravel/framework/src/Illuminate/Foundation/Testing/Concerns/InteractsWithTestCaseLifecycle.php:92
/var/www/html/vendor/laravel/framework/src/Illuminate/Foundation/Testing/TestCase.php:44
/var/www/html/tests/TestCase.php:36</error>
        </testcase>
        <testcase name="it_can_create_a_reward" file="/var/www/html/tests/Feature/Models/RewardTest.php" line="17" class="Tests\Feature\Models\RewardTest" classname="Tests.Feature.Models.RewardTest" assertions="0" time="0.000000">
          <error type="Error">Tests\Feature\Models\RewardTest::it_can_create_a_reward
Error: Class "Laravel\Dusk\DuskServiceProvider" not found

/var/www/html/vendor/laravel/framework/src/Illuminate/Foundation/Application.php:961
/var/www/html/vendor/laravel/framework/src/Illuminate/Foundation/Application.php:893
/var/www/html/app/Providers/AppServiceProvider.php:51
/var/www/html/vendor/laravel/framework/src/Illuminate/Foundation/Application.php:896
/var/www/html/vendor/laravel/framework/src/Illuminate/Foundation/ProviderRepository.php:74
/var/www/html/vendor/laravel/framework/src/Illuminate/Foundation/Application.php:871
/var/www/html/vendor/laravel/framework/src/Illuminate/Foundation/Bootstrap/RegisterProviders.php:37
/var/www/html/vendor/laravel/framework/src/Illuminate/Foundation/Application.php:342
/var/www/html/vendor/laravel/framework/src/Illuminate/Foundation/Console/Kernel.php:473
/var/www/html/tests/CreatesApplication.php:31
/var/www/html/vendor/laravel/framework/src/Illuminate/Foundation/Testing/TestCase.php:54
/var/www/html/vendor/laravel/framework/src/Illuminate/Foundation/Testing/Concerns/InteractsWithTestCaseLifecycle.php:92
/var/www/html/vendor/laravel/framework/src/Illuminate/Foundation/Testing/TestCase.php:44
/var/www/html/tests/TestCase.php:36</error>
        </testcase>
        <testcase name="it_casts_attributes_correctly" file="/var/www/html/tests/Feature/Models/RewardTest.php" line="51" class="Tests\Feature\Models\RewardTest" classname="Tests.Feature.Models.RewardTest" assertions="0" time="0.000000">
          <error type="Error">Tests\Feature\Models\RewardTest::it_casts_attributes_correctly
Error: Class "Laravel\Dusk\DuskServiceProvider" not found

/var/www/html/vendor/laravel/framework/src/Illuminate/Foundation/Application.php:961
/var/www/html/vendor/laravel/framework/src/Illuminate/Foundation/Application.php:893
/var/www/html/app/Providers/AppServiceProvider.php:51
/var/www/html/vendor/laravel/framework/src/Illuminate/Foundation/Application.php:896
/var/www/html/vendor/laravel/framework/src/Illuminate/Foundation/ProviderRepository.php:74
/var/www/html/vendor/laravel/framework/src/Illuminate/Foundation/Application.php:871
/var/www/html/vendor/laravel/framework/src/Illuminate/Foundation/Bootstrap/RegisterProviders.php:37
/var/www/html/vendor/laravel/framework/src/Illuminate/Foundation/Application.php:342
/var/www/html/vendor/laravel/framework/src/Illuminate/Foundation/Console/Kernel.php:473
/var/www/html/tests/CreatesApplication.php:31
/var/www/html/vendor/laravel/framework/src/Illuminate/Foundation/Testing/TestCase.php:54
/var/www/html/vendor/laravel/framework/src/Illuminate/Foundation/Testing/Concerns/InteractsWithTestCaseLifecycle.php:92
/var/www/html/vendor/laravel/framework/src/Illuminate/Foundation/Testing/TestCase.php:44
/var/www/html/tests/TestCase.php:36</error>
        </testcase>
        <testcase name="it_has_fillable_attributes" file="/var/www/html/tests/Feature/Models/RewardTest.php" line="123" class="Tests\Feature\Models\RewardTest" classname="Tests.Feature.Models.RewardTest" assertions="0" time="0.000000">
          <error type="Error">Tests\Feature\Models\RewardTest::it_has_fillable_attributes
Error: Class "Laravel\Dusk\DuskServiceProvider" not found

/var/www/html/vendor/laravel/framework/src/Illuminate/Foundation/Application.php:961
/var/www/html/vendor/laravel/framework/src/Illuminate/Foundation/Application.php:893
/var/www/html/app/Providers/AppServiceProvider.php:51
/var/www/html/vendor/laravel/framework/src/Illuminate/Foundation/Application.php:896
/var/www/html/vendor/laravel/framework/src/Illuminate/Foundation/ProviderRepository.php:74
/var/www/html/vendor/laravel/framework/src/Illuminate/Foundation/Application.php:871
/var/www/html/vendor/laravel/framework/src/Illuminate/Foundation/Bootstrap/RegisterProviders.php:37
/var/www/html/vendor/laravel/framework/src/Illuminate/Foundation/Application.php:342
/var/www/html/vendor/laravel/framework/src/Illuminate/Foundation/Console/Kernel.php:473
/var/www/html/tests/CreatesApplication.php:31
/var/www/html/vendor/laravel/framework/src/Illuminate/Foundation/Testing/TestCase.php:54
/var/www/html/vendor/laravel/framework/src/Illuminate/Foundation/Testing/Concerns/InteractsWithTestCaseLifecycle.php:92
/var/www/html/vendor/laravel/framework/src/Illuminate/Foundation/Testing/TestCase.php:44
/var/www/html/tests/TestCase.php:36</error>
        </testcase>
        <testcase name="it_has_active_scope" file="/var/www/html/tests/Feature/Models/RewardTest.php" line="69" class="Tests\Feature\Models\RewardTest" classname="Tests.Feature.Models.RewardTest" assertions="0" time="0.000000">
          <error type="Error">Tests\Feature\Models\RewardTest::it_has_active_scope
Error: Class "Laravel\Dusk\DuskServiceProvider" not found

/var/www/html/vendor/laravel/framework/src/Illuminate/Foundation/Application.php:961
/var/www/html/vendor/laravel/framework/src/Illuminate/Foundation/Application.php:893
/var/www/html/app/Providers/AppServiceProvider.php:51
/var/www/html/vendor/laravel/framework/src/Illuminate/Foundation/Application.php:896
/var/www/html/vendor/laravel/framework/src/Illuminate/Foundation/ProviderRepository.php:74
/var/www/html/vendor/laravel/framework/src/Illuminate/Foundation/Application.php:871
/var/www/html/vendor/laravel/framework/src/Illuminate/Foundation/Bootstrap/RegisterProviders.php:37
/var/www/html/vendor/laravel/framework/src/Illuminate/Foundation/Application.php:342
/var/www/html/vendor/laravel/framework/src/Illuminate/Foundation/Console/Kernel.php:473
/var/www/html/tests/CreatesApplication.php:31
/var/www/html/vendor/laravel/framework/src/Illuminate/Foundation/Testing/TestCase.php:54
/var/www/html/vendor/laravel/framework/src/Illuminate/Foundation/Testing/Concerns/InteractsWithTestCaseLifecycle.php:92
/var/www/html/vendor/laravel/framework/src/Illuminate/Foundation/Testing/TestCase.php:44
/var/www/html/tests/TestCase.php:36</error>
        </testcase>
      </testsuite>
      <testsuite name="Tests\Feature\ApiRateLimitingTest" file="/var/www/html/tests/Feature/ApiRateLimitingTest.php" tests="3" assertions="0" errors="3" failures="0" skipped="0" time="0.000000">
        <testcase name="test_expected_behavior" file="/var/www/html/tests/Feature/ApiRateLimitingTest.php" line="22" class="Tests\Feature\ApiRateLimitingTest" classname="Tests.Feature.ApiRateLimitingTest" assertions="0" time="0.000000">
          <error type="Error">Tests\Feature\ApiRateLimitingTest::test_expected_behavior
Error: Class "Laravel\Dusk\DuskServiceProvider" not found

/var/www/html/vendor/laravel/framework/src/Illuminate/Foundation/Application.php:961
/var/www/html/vendor/laravel/framework/src/Illuminate/Foundation/Application.php:893
/var/www/html/app/Providers/AppServiceProvider.php:51
/var/www/html/vendor/laravel/framework/src/Illuminate/Foundation/Application.php:896
/var/www/html/vendor/laravel/framework/src/Illuminate/Foundation/ProviderRepository.php:74
/var/www/html/vendor/laravel/framework/src/Illuminate/Foundation/Application.php:871
/var/www/html/vendor/laravel/framework/src/Illuminate/Foundation/Bootstrap/RegisterProviders.php:37
/var/www/html/vendor/laravel/framework/src/Illuminate/Foundation/Application.php:342
/var/www/html/vendor/laravel/framework/src/Illuminate/Foundation/Console/Kernel.php:473
/var/www/html/tests/CreatesApplication.php:31
/var/www/html/vendor/laravel/framework/src/Illuminate/Foundation/Testing/TestCase.php:54
/var/www/html/vendor/laravel/framework/src/Illuminate/Foundation/Testing/Concerns/InteractsWithTestCaseLifecycle.php:92
/var/www/html/vendor/laravel/framework/src/Illuminate/Foundation/Testing/TestCase.php:44
/var/www/html/tests/TestCase.php:36
/var/www/html/tests/Unit/PureUnitTest.php:34
/var/www/html/tests/Feature/ApiRateLimitingTest.php:37</error>
        </testcase>
        <testcase name="test_basic_functionality" file="/var/www/html/tests/Feature/ApiRateLimitingTest.php" line="15" class="Tests\Feature\ApiRateLimitingTest" classname="Tests.Feature.ApiRateLimitingTest" assertions="0" time="0.000000">
          <error type="Error">Tests\Feature\ApiRateLimitingTest::test_basic_functionality
Error: Class "Laravel\Dusk\DuskServiceProvider" not found

/var/www/html/vendor/laravel/framework/src/Illuminate/Foundation/Application.php:961
/var/www/html/vendor/laravel/framework/src/Illuminate/Foundation/Application.php:893
/var/www/html/app/Providers/AppServiceProvider.php:51
/var/www/html/vendor/laravel/framework/src/Illuminate/Foundation/Application.php:896
/var/www/html/vendor/laravel/framework/src/Illuminate/Foundation/ProviderRepository.php:74
/var/www/html/vendor/laravel/framework/src/Illuminate/Foundation/Application.php:871
/var/www/html/vendor/laravel/framework/src/Illuminate/Foundation/Bootstrap/RegisterProviders.php:37
/var/www/html/vendor/laravel/framework/src/Illuminate/Foundation/Application.php:342
/var/www/html/vendor/laravel/framework/src/Illuminate/Foundation/Console/Kernel.php:473
/var/www/html/tests/CreatesApplication.php:31
/var/www/html/vendor/laravel/framework/src/Illuminate/Foundation/Testing/TestCase.php:54
/var/www/html/vendor/laravel/framework/src/Illuminate/Foundation/Testing/Concerns/InteractsWithTestCaseLifecycle.php:92
/var/www/html/vendor/laravel/framework/src/Illuminate/Foundation/Testing/TestCase.php:44
/var/www/html/tests/TestCase.php:36
/var/www/html/tests/Unit/PureUnitTest.php:34
/var/www/html/tests/Feature/ApiRateLimitingTest.php:37</error>
        </testcase>
        <testcase name="test_validation" file="/var/www/html/tests/Feature/ApiRateLimitingTest.php" line="29" class="Tests\Feature\ApiRateLimitingTest" classname="Tests.Feature.ApiRateLimitingTest" assertions="0" time="0.000000">
          <error type="Error">Tests\Feature\ApiRateLimitingTest::test_validation
Error: Class "Laravel\Dusk\DuskServiceProvider" not found

/var/www/html/vendor/laravel/framework/src/Illuminate/Foundation/Application.php:961
/var/www/html/vendor/laravel/framework/src/Illuminate/Foundation/Application.php:893
/var/www/html/app/Providers/AppServiceProvider.php:51
/var/www/html/vendor/laravel/framework/src/Illuminate/Foundation/Application.php:896
/var/www/html/vendor/laravel/framework/src/Illuminate/Foundation/ProviderRepository.php:74
/var/www/html/vendor/laravel/framework/src/Illuminate/Foundation/Application.php:871
/var/www/html/vendor/laravel/framework/src/Illuminate/Foundation/Bootstrap/RegisterProviders.php:37
/var/www/html/vendor/laravel/framework/src/Illuminate/Foundation/Application.php:342
/var/www/html/vendor/laravel/framework/src/Illuminate/Foundation/Console/Kernel.php:473
/var/www/html/tests/CreatesApplication.php:31
/var/www/html/vendor/laravel/framework/src/Illuminate/Foundation/Testing/TestCase.php:54
/var/www/html/vendor/laravel/framework/src/Illuminate/Foundation/Testing/Concerns/InteractsWithTestCaseLifecycle.php:92
/var/www/html/vendor/laravel/framework/src/Illuminate/Foundation/Testing/TestCase.php:44
/var/www/html/tests/TestCase.php:36
/var/www/html/tests/Unit/PureUnitTest.php:34
/var/www/html/tests/Feature/ApiRateLimitingTest.php:37</error>
        </testcase>
      </testsuite>
      <testsuite name="Tests\Feature\Http\Controllers\SystemControllerTest" file="/var/www/html/tests/Feature/Http/Controllers/SystemControllerTest.php" tests="18" assertions="0" errors="18" failures="0" skipped="0" time="0.000000">
        <testcase name="it_handles_cache_clear_errors" file="/var/www/html/tests/Feature/Http/Controllers/SystemControllerTest.php" line="160" class="Tests\Feature\Http\Controllers\SystemControllerTest" classname="Tests.Feature.Http.Controllers.SystemControllerTest" assertions="0" time="0.000000">
          <error type="Error">Tests\Feature\Http\Controllers\SystemControllerTest::it_handles_cache_clear_errors
Error: Class "Laravel\Dusk\DuskServiceProvider" not found

/var/www/html/vendor/laravel/framework/src/Illuminate/Foundation/Application.php:961
/var/www/html/vendor/laravel/framework/src/Illuminate/Foundation/Application.php:893
/var/www/html/app/Providers/AppServiceProvider.php:51
/var/www/html/vendor/laravel/framework/src/Illuminate/Foundation/Application.php:896
/var/www/html/vendor/laravel/framework/src/Illuminate/Foundation/ProviderRepository.php:74
/var/www/html/vendor/laravel/framework/src/Illuminate/Foundation/Application.php:871
/var/www/html/vendor/laravel/framework/src/Illuminate/Foundation/Bootstrap/RegisterProviders.php:37
/var/www/html/vendor/laravel/framework/src/Illuminate/Foundation/Application.php:342
/var/www/html/vendor/laravel/framework/src/Illuminate/Foundation/Console/Kernel.php:473
/var/www/html/tests/CreatesApplication.php:31
/var/www/html/vendor/laravel/framework/src/Illuminate/Foundation/Testing/TestCase.php:54
/var/www/html/vendor/laravel/framework/src/Illuminate/Foundation/Testing/Concerns/InteractsWithTestCaseLifecycle.php:92
/var/www/html/vendor/laravel/framework/src/Illuminate/Foundation/Testing/TestCase.php:44
/var/www/html/tests/TestCase.php:36</error>
        </testcase>
        <testcase name="it_handles_uptime_calculation" file="/var/www/html/tests/Feature/Http/Controllers/SystemControllerTest.php" line="328" class="Tests\Feature\Http\Controllers\SystemControllerTest" classname="Tests.Feature.Http.Controllers.SystemControllerTest" assertions="0" time="0.000000">
          <error type="Error">Tests\Feature\Http\Controllers\SystemControllerTest::it_handles_uptime_calculation
Error: Class "Laravel\Dusk\DuskServiceProvider" not found

/var/www/html/vendor/laravel/framework/src/Illuminate/Foundation/Application.php:961
/var/www/html/vendor/laravel/framework/src/Illuminate/Foundation/Application.php:893
/var/www/html/app/Providers/AppServiceProvider.php:51
/var/www/html/vendor/laravel/framework/src/Illuminate/Foundation/Application.php:896
/var/www/html/vendor/laravel/framework/src/Illuminate/Foundation/ProviderRepository.php:74
/var/www/html/vendor/laravel/framework/src/Illuminate/Foundation/Application.php:871
/var/www/html/vendor/laravel/framework/src/Illuminate/Foundation/Bootstrap/RegisterProviders.php:37
/var/www/html/vendor/laravel/framework/src/Illuminate/Foundation/Application.php:342
/var/www/html/vendor/laravel/framework/src/Illuminate/Foundation/Console/Kernel.php:473
/var/www/html/tests/CreatesApplication.php:31
/var/www/html/vendor/laravel/framework/src/Illuminate/Foundation/Testing/TestCase.php:54
/var/www/html/vendor/laravel/framework/src/Illuminate/Foundation/Testing/Concerns/InteractsWithTestCaseLifecycle.php:92
/var/www/html/vendor/laravel/framework/src/Illuminate/Foundation/Testing/TestCase.php:44
/var/www/html/tests/TestCase.php:36</error>
        </testcase>
        <testcase name="it_handles_load_average_calculation" file="/var/www/html/tests/Feature/Http/Controllers/SystemControllerTest.php" line="340" class="Tests\Feature\Http\Controllers\SystemControllerTest" classname="Tests.Feature.Http.Controllers.SystemControllerTest" assertions="0" time="0.000000">
          <error type="Error">Tests\Feature\Http\Controllers\SystemControllerTest::it_handles_load_average_calculation
Error: Class "Laravel\Dusk\DuskServiceProvider" not found

/var/www/html/vendor/laravel/framework/src/Illuminate/Foundation/Application.php:961
/var/www/html/vendor/laravel/framework/src/Illuminate/Foundation/Application.php:893
/var/www/html/app/Providers/AppServiceProvider.php:51
/var/www/html/vendor/laravel/framework/src/Illuminate/Foundation/Application.php:896
/var/www/html/vendor/laravel/framework/src/Illuminate/Foundation/ProviderRepository.php:74
/var/www/html/vendor/laravel/framework/src/Illuminate/Foundation/Application.php:871
/var/www/html/vendor/laravel/framework/src/Illuminate/Foundation/Bootstrap/RegisterProviders.php:37
/var/www/html/vendor/laravel/framework/src/Illuminate/Foundation/Application.php:342
/var/www/html/vendor/laravel/framework/src/Illuminate/Foundation/Console/Kernel.php:473
/var/www/html/tests/CreatesApplication.php:31
/var/www/html/vendor/laravel/framework/src/Illuminate/Foundation/Testing/TestCase.php:54
/var/www/html/vendor/laravel/framework/src/Illuminate/Foundation/Testing/Concerns/InteractsWithTestCaseLifecycle.php:92
/var/www/html/vendor/laravel/framework/src/Illuminate/Foundation/Testing/TestCase.php:44
/var/www/html/tests/TestCase.php:36</error>
        </testcase>
        <testcase name="it_can_clear_application_cache" file="/var/www/html/tests/Feature/Http/Controllers/SystemControllerTest.php" line="69" class="Tests\Feature\Http\Controllers\SystemControllerTest" classname="Tests.Feature.Http.Controllers.SystemControllerTest" assertions="0" time="0.000000">
          <error type="Error">Tests\Feature\Http\Controllers\SystemControllerTest::it_can_clear_application_cache
Error: Class "Laravel\Dusk\DuskServiceProvider" not found

/var/www/html/vendor/laravel/framework/src/Illuminate/Foundation/Application.php:961
/var/www/html/vendor/laravel/framework/src/Illuminate/Foundation/Application.php:893
/var/www/html/app/Providers/AppServiceProvider.php:51
/var/www/html/vendor/laravel/framework/src/Illuminate/Foundation/Application.php:896
/var/www/html/vendor/laravel/framework/src/Illuminate/Foundation/ProviderRepository.php:74
/var/www/html/vendor/laravel/framework/src/Illuminate/Foundation/Application.php:871
/var/www/html/vendor/laravel/framework/src/Illuminate/Foundation/Bootstrap/RegisterProviders.php:37
/var/www/html/vendor/laravel/framework/src/Illuminate/Foundation/Application.php:342
/var/www/html/vendor/laravel/framework/src/Illuminate/Foundation/Console/Kernel.php:473
/var/www/html/tests/CreatesApplication.php:31
/var/www/html/vendor/laravel/framework/src/Illuminate/Foundation/Testing/TestCase.php:54
/var/www/html/vendor/laravel/framework/src/Illuminate/Foundation/Testing/Concerns/InteractsWithTestCaseLifecycle.php:92
/var/www/html/vendor/laravel/framework/src/Illuminate/Foundation/Testing/TestCase.php:44
/var/www/html/tests/TestCase.php:36</error>
        </testcase>
        <testcase name="it_handles_optimization_errors" file="/var/www/html/tests/Feature/Http/Controllers/SystemControllerTest.php" line="177" class="Tests\Feature\Http\Controllers\SystemControllerTest" classname="Tests.Feature.Http.Controllers.SystemControllerTest" assertions="0" time="0.000000">
          <error type="Error">Tests\Feature\Http\Controllers\SystemControllerTest::it_handles_optimization_errors
Error: Class "Laravel\Dusk\DuskServiceProvider" not found

/var/www/html/vendor/laravel/framework/src/Illuminate/Foundation/Application.php:961
/var/www/html/vendor/laravel/framework/src/Illuminate/Foundation/Application.php:893
/var/www/html/app/Providers/AppServiceProvider.php:51
/var/www/html/vendor/laravel/framework/src/Illuminate/Foundation/Application.php:896
/var/www/html/vendor/laravel/framework/src/Illuminate/Foundation/ProviderRepository.php:74
/var/www/html/vendor/laravel/framework/src/Illuminate/Foundation/Application.php:871
/var/www/html/vendor/laravel/framework/src/Illuminate/Foundation/Bootstrap/RegisterProviders.php:37
/var/www/html/vendor/laravel/framework/src/Illuminate/Foundation/Application.php:342
/var/www/html/vendor/laravel/framework/src/Illuminate/Foundation/Console/Kernel.php:473
/var/www/html/tests/CreatesApplication.php:31
/var/www/html/vendor/laravel/framework/src/Illuminate/Foundation/Testing/TestCase.php:54
/var/www/html/vendor/laravel/framework/src/Illuminate/Foundation/Testing/Concerns/InteractsWithTestCaseLifecycle.php:92
/var/www/html/vendor/laravel/framework/src/Illuminate/Foundation/Testing/TestCase.php:44
/var/www/html/tests/TestCase.php:36</error>
        </testcase>
        <testcase name="it_handles_composer_update_errors" file="/var/www/html/tests/Feature/Http/Controllers/SystemControllerTest.php" line="194" class="Tests\Feature\Http\Controllers\SystemControllerTest" classname="Tests.Feature.Http.Controllers.SystemControllerTest" assertions="0" time="0.000000">
          <error type="Error">Tests\Feature\Http\Controllers\SystemControllerTest::it_handles_composer_update_errors
Error: Class "Laravel\Dusk\DuskServiceProvider" not found

/var/www/html/vendor/laravel/framework/src/Illuminate/Foundation/Application.php:961
/var/www/html/vendor/laravel/framework/src/Illuminate/Foundation/Application.php:893
/var/www/html/app/Providers/AppServiceProvider.php:51
/var/www/html/vendor/laravel/framework/src/Illuminate/Foundation/Application.php:896
/var/www/html/vendor/laravel/framework/src/Illuminate/Foundation/ProviderRepository.php:74
/var/www/html/vendor/laravel/framework/src/Illuminate/Foundation/Application.php:871
/var/www/html/vendor/laravel/framework/src/Illuminate/Foundation/Bootstrap/RegisterProviders.php:37
/var/www/html/vendor/laravel/framework/src/Illuminate/Foundation/Application.php:342
/var/www/html/vendor/laravel/framework/src/Illuminate/Foundation/Console/Kernel.php:473
/var/www/html/tests/CreatesApplication.php:31
/var/www/html/vendor/laravel/framework/src/Illuminate/Foundation/Testing/TestCase.php:54
/var/www/html/vendor/laravel/framework/src/Illuminate/Foundation/Testing/Concerns/InteractsWithTestCaseLifecycle.php:92
/var/www/html/vendor/laravel/framework/src/Illuminate/Foundation/Testing/TestCase.php:44
/var/www/html/tests/TestCase.php:36</error>
        </testcase>
        <testcase name="it_can_optimize_application" file="/var/www/html/tests/Feature/Http/Controllers/SystemControllerTest.php" line="85" class="Tests\Feature\Http\Controllers\SystemControllerTest" classname="Tests.Feature.Http.Controllers.SystemControllerTest" assertions="0" time="0.000000">
          <error type="Error">Tests\Feature\Http\Controllers\SystemControllerTest::it_can_optimize_application
Error: Class "Laravel\Dusk\DuskServiceProvider" not found

/var/www/html/vendor/laravel/framework/src/Illuminate/Foundation/Application.php:961
/var/www/html/vendor/laravel/framework/src/Illuminate/Foundation/Application.php:893
/var/www/html/app/Providers/AppServiceProvider.php:51
/var/www/html/vendor/laravel/framework/src/Illuminate/Foundation/Application.php:896
/var/www/html/vendor/laravel/framework/src/Illuminate/Foundation/ProviderRepository.php:74
/var/www/html/vendor/laravel/framework/src/Illuminate/Foundation/Application.php:871
/var/www/html/vendor/laravel/framework/src/Illuminate/Foundation/Bootstrap/RegisterProviders.php:37
/var/www/html/vendor/laravel/framework/src/Illuminate/Foundation/Application.php:342
/var/www/html/vendor/laravel/framework/src/Illuminate/Foundation/Console/Kernel.php:473
/var/www/html/tests/CreatesApplication.php:31
/var/www/html/vendor/laravel/framework/src/Illuminate/Foundation/Testing/TestCase.php:54
/var/www/html/vendor/laravel/framework/src/Illuminate/Foundation/Testing/Concerns/InteractsWithTestCaseLifecycle.php:92
/var/www/html/vendor/laravel/framework/src/Illuminate/Foundation/Testing/TestCase.php:44
/var/www/html/tests/TestCase.php:36</error>
        </testcase>
        <testcase name="it_can_get_system_information" file="/var/www/html/tests/Feature/Http/Controllers/SystemControllerTest.php" line="22" class="Tests\Feature\Http\Controllers\SystemControllerTest" classname="Tests.Feature.Http.Controllers.SystemControllerTest" assertions="0" time="0.000000">
          <error type="Error">Tests\Feature\Http\Controllers\SystemControllerTest::it_can_get_system_information
Error: Class "Laravel\Dusk\DuskServiceProvider" not found

/var/www/html/vendor/laravel/framework/src/Illuminate/Foundation/Application.php:961
/var/www/html/vendor/laravel/framework/src/Illuminate/Foundation/Application.php:893
/var/www/html/app/Providers/AppServiceProvider.php:51
/var/www/html/vendor/laravel/framework/src/Illuminate/Foundation/Application.php:896
/var/www/html/vendor/laravel/framework/src/Illuminate/Foundation/ProviderRepository.php:74
/var/www/html/vendor/laravel/framework/src/Illuminate/Foundation/Application.php:871
/var/www/html/vendor/laravel/framework/src/Illuminate/Foundation/Bootstrap/RegisterProviders.php:37
/var/www/html/vendor/laravel/framework/src/Illuminate/Foundation/Application.php:342
/var/www/html/vendor/laravel/framework/src/Illuminate/Foundation/Console/Kernel.php:473
/var/www/html/tests/CreatesApplication.php:31
/var/www/html/vendor/laravel/framework/src/Illuminate/Foundation/Testing/TestCase.php:54
/var/www/html/vendor/laravel/framework/src/Illuminate/Foundation/Testing/Concerns/InteractsWithTestCaseLifecycle.php:92
/var/www/html/vendor/laravel/framework/src/Illuminate/Foundation/Testing/TestCase.php:44
/var/www/html/tests/TestCase.php:36</error>
        </testcase>
        <testcase name="it_returns_valid_performance_metrics" file="/var/www/html/tests/Feature/Http/Controllers/SystemControllerTest.php" line="300" class="Tests\Feature\Http\Controllers\SystemControllerTest" classname="Tests.Feature.Http.Controllers.SystemControllerTest" assertions="0" time="0.000000">
          <error type="Error">Tests\Feature\Http\Controllers\SystemControllerTest::it_returns_valid_performance_metrics
Error: Class "Laravel\Dusk\DuskServiceProvider" not found

/var/www/html/vendor/laravel/framework/src/Illuminate/Foundation/Application.php:961
/var/www/html/vendor/laravel/framework/src/Illuminate/Foundation/Application.php:893
/var/www/html/app/Providers/AppServiceProvider.php:51
/var/www/html/vendor/laravel/framework/src/Illuminate/Foundation/Application.php:896
/var/www/html/vendor/laravel/framework/src/Illuminate/Foundation/ProviderRepository.php:74
/var/www/html/vendor/laravel/framework/src/Illuminate/Foundation/Application.php:871
/var/www/html/vendor/laravel/framework/src/Illuminate/Foundation/Bootstrap/RegisterProviders.php:37
/var/www/html/vendor/laravel/framework/src/Illuminate/Foundation/Application.php:342
/var/www/html/vendor/laravel/framework/src/Illuminate/Foundation/Console/Kernel.php:473
/var/www/html/tests/CreatesApplication.php:31
/var/www/html/vendor/laravel/framework/src/Illuminate/Foundation/Testing/TestCase.php:54
/var/www/html/vendor/laravel/framework/src/Illuminate/Foundation/Testing/Concerns/InteractsWithTestCaseLifecycle.php:92
/var/www/html/vendor/laravel/framework/src/Illuminate/Foundation/Testing/TestCase.php:44
/var/www/html/tests/TestCase.php:36</error>
        </testcase>
        <testcase name="it_handles_migration_errors" file="/var/www/html/tests/Feature/Http/Controllers/SystemControllerTest.php" line="143" class="Tests\Feature\Http\Controllers\SystemControllerTest" classname="Tests.Feature.Http.Controllers.SystemControllerTest" assertions="0" time="0.000000">
          <error type="Error">Tests\Feature\Http\Controllers\SystemControllerTest::it_handles_migration_errors
Error: Class "Laravel\Dusk\DuskServiceProvider" not found

/var/www/html/vendor/laravel/framework/src/Illuminate/Foundation/Application.php:961
/var/www/html/vendor/laravel/framework/src/Illuminate/Foundation/Application.php:893
/var/www/html/app/Providers/AppServiceProvider.php:51
/var/www/html/vendor/laravel/framework/src/Illuminate/Foundation/Application.php:896
/var/www/html/vendor/laravel/framework/src/Illuminate/Foundation/ProviderRepository.php:74
/var/www/html/vendor/laravel/framework/src/Illuminate/Foundation/Application.php:871
/var/www/html/vendor/laravel/framework/src/Illuminate/Foundation/Bootstrap/RegisterProviders.php:37
/var/www/html/vendor/laravel/framework/src/Illuminate/Foundation/Application.php:342
/var/www/html/vendor/laravel/framework/src/Illuminate/Foundation/Console/Kernel.php:473
/var/www/html/tests/CreatesApplication.php:31
/var/www/html/vendor/laravel/framework/src/Illuminate/Foundation/Testing/TestCase.php:54
/var/www/html/vendor/laravel/framework/src/Illuminate/Foundation/Testing/Concerns/InteractsWithTestCaseLifecycle.php:92
/var/www/html/vendor/laravel/framework/src/Illuminate/Foundation/Testing/TestCase.php:44
/var/www/html/tests/TestCase.php:36</error>
        </testcase>
        <testcase name="it_calls_multiple_artisan_commands_for_cache_clear" file="/var/www/html/tests/Feature/Http/Controllers/SystemControllerTest.php" line="250" class="Tests\Feature\Http\Controllers\SystemControllerTest" classname="Tests.Feature.Http.Controllers.SystemControllerTest" assertions="0" time="0.000000">
          <error type="Error">Tests\Feature\Http\Controllers\SystemControllerTest::it_calls_multiple_artisan_commands_for_cache_clear
Error: Class "Laravel\Dusk\DuskServiceProvider" not found

/var/www/html/vendor/laravel/framework/src/Illuminate/Foundation/Application.php:961
/var/www/html/vendor/laravel/framework/src/Illuminate/Foundation/Application.php:893
/var/www/html/app/Providers/AppServiceProvider.php:51
/var/www/html/vendor/laravel/framework/src/Illuminate/Foundation/Application.php:896
/var/www/html/vendor/laravel/framework/src/Illuminate/Foundation/ProviderRepository.php:74
/var/www/html/vendor/laravel/framework/src/Illuminate/Foundation/Application.php:871
/var/www/html/vendor/laravel/framework/src/Illuminate/Foundation/Bootstrap/RegisterProviders.php:37
/var/www/html/vendor/laravel/framework/src/Illuminate/Foundation/Application.php:342
/var/www/html/vendor/laravel/framework/src/Illuminate/Foundation/Console/Kernel.php:473
/var/www/html/tests/CreatesApplication.php:31
/var/www/html/vendor/laravel/framework/src/Illuminate/Foundation/Testing/TestCase.php:54
/var/www/html/vendor/laravel/framework/src/Illuminate/Foundation/Testing/Concerns/InteractsWithTestCaseLifecycle.php:92
/var/www/html/vendor/laravel/framework/src/Illuminate/Foundation/Testing/TestCase.php:44
/var/www/html/tests/TestCase.php:36</error>
        </testcase>
        <testcase name="it_handles_system_info_errors" file="/var/www/html/tests/Feature/Http/Controllers/SystemControllerTest.php" line="214" class="Tests\Feature\Http\Controllers\SystemControllerTest" classname="Tests.Feature.Http.Controllers.SystemControllerTest" assertions="0" time="0.000000">
          <error type="Error">Tests\Feature\Http\Controllers\SystemControllerTest::it_handles_system_info_errors
Error: Class "Laravel\Dusk\DuskServiceProvider" not found

/var/www/html/vendor/laravel/framework/src/Illuminate/Foundation/Application.php:961
/var/www/html/vendor/laravel/framework/src/Illuminate/Foundation/Application.php:893
/var/www/html/app/Providers/AppServiceProvider.php:51
/var/www/html/vendor/laravel/framework/src/Illuminate/Foundation/Application.php:896
/var/www/html/vendor/laravel/framework/src/Illuminate/Foundation/ProviderRepository.php:74
/var/www/html/vendor/laravel/framework/src/Illuminate/Foundation/Application.php:871
/var/www/html/vendor/laravel/framework/src/Illuminate/Foundation/Bootstrap/RegisterProviders.php:37
/var/www/html/vendor/laravel/framework/src/Illuminate/Foundation/Application.php:342
/var/www/html/vendor/laravel/framework/src/Illuminate/Foundation/Console/Kernel.php:473
/var/www/html/tests/CreatesApplication.php:31
/var/www/html/vendor/laravel/framework/src/Illuminate/Foundation/Testing/TestCase.php:54
/var/www/html/vendor/laravel/framework/src/Illuminate/Foundation/Testing/Concerns/InteractsWithTestCaseLifecycle.php:92
/var/www/html/vendor/laravel/framework/src/Illuminate/Foundation/Testing/TestCase.php:44
/var/www/html/tests/TestCase.php:36</error>
        </testcase>
        <testcase name="it_handles_performance_metrics_errors" file="/var/www/html/tests/Feature/Http/Controllers/SystemControllerTest.php" line="232" class="Tests\Feature\Http\Controllers\SystemControllerTest" classname="Tests.Feature.Http.Controllers.SystemControllerTest" assertions="0" time="0.000000">
          <error type="Error">Tests\Feature\Http\Controllers\SystemControllerTest::it_handles_performance_metrics_errors
Error: Class "Laravel\Dusk\DuskServiceProvider" not found

/var/www/html/vendor/laravel/framework/src/Illuminate/Foundation/Application.php:961
/var/www/html/vendor/laravel/framework/src/Illuminate/Foundation/Application.php:893
/var/www/html/app/Providers/AppServiceProvider.php:51
/var/www/html/vendor/laravel/framework/src/Illuminate/Foundation/Application.php:896
/var/www/html/vendor/laravel/framework/src/Illuminate/Foundation/ProviderRepository.php:74
/var/www/html/vendor/laravel/framework/src/Illuminate/Foundation/Application.php:871
/var/www/html/vendor/laravel/framework/src/Illuminate/Foundation/Bootstrap/RegisterProviders.php:37
/var/www/html/vendor/laravel/framework/src/Illuminate/Foundation/Application.php:342
/var/www/html/vendor/laravel/framework/src/Illuminate/Foundation/Console/Kernel.php:473
/var/www/html/tests/CreatesApplication.php:31
/var/www/html/vendor/laravel/framework/src/Illuminate/Foundation/Testing/TestCase.php:54
/var/www/html/vendor/laravel/framework/src/Illuminate/Foundation/Testing/Concerns/InteractsWithTestCaseLifecycle.php:92
/var/www/html/vendor/laravel/framework/src/Illuminate/Foundation/Testing/TestCase.php:44
/var/www/html/tests/TestCase.php:36</error>
        </testcase>
        <testcase name="it_returns_valid_system_information" file="/var/www/html/tests/Feature/Http/Controllers/SystemControllerTest.php" line="274" class="Tests\Feature\Http\Controllers\SystemControllerTest" classname="Tests.Feature.Http.Controllers.SystemControllerTest" assertions="0" time="0.000000">
          <error type="Error">Tests\Feature\Http\Controllers\SystemControllerTest::it_returns_valid_system_information
Error: Class "Laravel\Dusk\DuskServiceProvider" not found

/var/www/html/vendor/laravel/framework/src/Illuminate/Foundation/Application.php:961
/var/www/html/vendor/laravel/framework/src/Illuminate/Foundation/Application.php:893
/var/www/html/app/Providers/AppServiceProvider.php:51
/var/www/html/vendor/laravel/framework/src/Illuminate/Foundation/Application.php:896
/var/www/html/vendor/laravel/framework/src/Illuminate/Foundation/ProviderRepository.php:74
/var/www/html/vendor/laravel/framework/src/Illuminate/Foundation/Application.php:871
/var/www/html/vendor/laravel/framework/src/Illuminate/Foundation/Bootstrap/RegisterProviders.php:37
/var/www/html/vendor/laravel/framework/src/Illuminate/Foundation/Application.php:342
/var/www/html/vendor/laravel/framework/src/Illuminate/Foundation/Console/Kernel.php:473
/var/www/html/tests/CreatesApplication.php:31
/var/www/html/vendor/laravel/framework/src/Illuminate/Foundation/Testing/TestCase.php:54
/var/www/html/vendor/laravel/framework/src/Illuminate/Foundation/Testing/Concerns/InteractsWithTestCaseLifecycle.php:92
/var/www/html/vendor/laravel/framework/src/Illuminate/Foundation/Testing/TestCase.php:44
/var/www/html/tests/TestCase.php:36</error>
        </testcase>
        <testcase name="it_can_run_composer_update" file="/var/www/html/tests/Feature/Http/Controllers/SystemControllerTest.php" line="101" class="Tests\Feature\Http\Controllers\SystemControllerTest" classname="Tests.Feature.Http.Controllers.SystemControllerTest" assertions="0" time="0.000000">
          <error type="Error">Tests\Feature\Http\Controllers\SystemControllerTest::it_can_run_composer_update
Error: Class "Laravel\Dusk\DuskServiceProvider" not found

/var/www/html/vendor/laravel/framework/src/Illuminate/Foundation/Application.php:961
/var/www/html/vendor/laravel/framework/src/Illuminate/Foundation/Application.php:893
/var/www/html/app/Providers/AppServiceProvider.php:51
/var/www/html/vendor/laravel/framework/src/Illuminate/Foundation/Application.php:896
/var/www/html/vendor/laravel/framework/src/Illuminate/Foundation/ProviderRepository.php:74
/var/www/html/vendor/laravel/framework/src/Illuminate/Foundation/Application.php:871
/var/www/html/vendor/laravel/framework/src/Illuminate/Foundation/Bootstrap/RegisterProviders.php:37
/var/www/html/vendor/laravel/framework/src/Illuminate/Foundation/Application.php:342
/var/www/html/vendor/laravel/framework/src/Illuminate/Foundation/Console/Kernel.php:473
/var/www/html/tests/CreatesApplication.php:31
/var/www/html/vendor/laravel/framework/src/Illuminate/Foundation/Testing/TestCase.php:54
/var/www/html/vendor/laravel/framework/src/Illuminate/Foundation/Testing/Concerns/InteractsWithTestCaseLifecycle.php:92
/var/www/html/vendor/laravel/framework/src/Illuminate/Foundation/Testing/TestCase.php:44
/var/www/html/tests/TestCase.php:36</error>
        </testcase>
        <testcase name="it_can_run_database_migrations" file="/var/www/html/tests/Feature/Http/Controllers/SystemControllerTest.php" line="52" class="Tests\Feature\Http\Controllers\SystemControllerTest" classname="Tests.Feature.Http.Controllers.SystemControllerTest" assertions="0" time="0.000000">
          <error type="Error">Tests\Feature\Http\Controllers\SystemControllerTest::it_can_run_database_migrations
Error: Class "Laravel\Dusk\DuskServiceProvider" not found

/var/www/html/vendor/laravel/framework/src/Illuminate/Foundation/Application.php:961
/var/www/html/vendor/laravel/framework/src/Illuminate/Foundation/Application.php:893
/var/www/html/app/Providers/AppServiceProvider.php:51
/var/www/html/vendor/laravel/framework/src/Illuminate/Foundation/Application.php:896
/var/www/html/vendor/laravel/framework/src/Illuminate/Foundation/ProviderRepository.php:74
/var/www/html/vendor/laravel/framework/src/Illuminate/Foundation/Application.php:871
/var/www/html/vendor/laravel/framework/src/Illuminate/Foundation/Bootstrap/RegisterProviders.php:37
/var/www/html/vendor/laravel/framework/src/Illuminate/Foundation/Application.php:342
/var/www/html/vendor/laravel/framework/src/Illuminate/Foundation/Console/Kernel.php:473
/var/www/html/tests/CreatesApplication.php:31
/var/www/html/vendor/laravel/framework/src/Illuminate/Foundation/Testing/TestCase.php:54
/var/www/html/vendor/laravel/framework/src/Illuminate/Foundation/Testing/Concerns/InteractsWithTestCaseLifecycle.php:92
/var/www/html/vendor/laravel/framework/src/Illuminate/Foundation/Testing/TestCase.php:44
/var/www/html/tests/TestCase.php:36</error>
        </testcase>
        <testcase name="it_can_get_performance_metrics" file="/var/www/html/tests/Feature/Http/Controllers/SystemControllerTest.php" line="118" class="Tests\Feature\Http\Controllers\SystemControllerTest" classname="Tests.Feature.Http.Controllers.SystemControllerTest" assertions="0" time="0.000000">
          <error type="Error">Tests\Feature\Http\Controllers\SystemControllerTest::it_can_get_performance_metrics
Error: Class "Laravel\Dusk\DuskServiceProvider" not found

/var/www/html/vendor/laravel/framework/src/Illuminate/Foundation/Application.php:961
/var/www/html/vendor/laravel/framework/src/Illuminate/Foundation/Application.php:893
/var/www/html/app/Providers/AppServiceProvider.php:51
/var/www/html/vendor/laravel/framework/src/Illuminate/Foundation/Application.php:896
/var/www/html/vendor/laravel/framework/src/Illuminate/Foundation/ProviderRepository.php:74
/var/www/html/vendor/laravel/framework/src/Illuminate/Foundation/Application.php:871
/var/www/html/vendor/laravel/framework/src/Illuminate/Foundation/Bootstrap/RegisterProviders.php:37
/var/www/html/vendor/laravel/framework/src/Illuminate/Foundation/Application.php:342
/var/www/html/vendor/laravel/framework/src/Illuminate/Foundation/Console/Kernel.php:473
/var/www/html/tests/CreatesApplication.php:31
/var/www/html/vendor/laravel/framework/src/Illuminate/Foundation/Testing/TestCase.php:54
/var/www/html/vendor/laravel/framework/src/Illuminate/Foundation/Testing/Concerns/InteractsWithTestCaseLifecycle.php:92
/var/www/html/vendor/laravel/framework/src/Illuminate/Foundation/Testing/TestCase.php:44
/var/www/html/tests/TestCase.php:36</error>
        </testcase>
        <testcase name="it_handles_cpu_count_calculation" file="/var/www/html/tests/Feature/Http/Controllers/SystemControllerTest.php" line="352" class="Tests\Feature\Http\Controllers\SystemControllerTest" classname="Tests.Feature.Http.Controllers.SystemControllerTest" assertions="0" time="0.000000">
          <error type="Error">Tests\Feature\Http\Controllers\SystemControllerTest::it_handles_cpu_count_calculation
Error: Class "Laravel\Dusk\DuskServiceProvider" not found

/var/www/html/vendor/laravel/framework/src/Illuminate/Foundation/Application.php:961
/var/www/html/vendor/laravel/framework/src/Illuminate/Foundation/Application.php:893
/var/www/html/app/Providers/AppServiceProvider.php:51
/var/www/html/vendor/laravel/framework/src/Illuminate/Foundation/Application.php:896
/var/www/html/vendor/laravel/framework/src/Illuminate/Foundation/ProviderRepository.php:74
/var/www/html/vendor/laravel/framework/src/Illuminate/Foundation/Application.php:871
/var/www/html/vendor/laravel/framework/src/Illuminate/Foundation/Bootstrap/RegisterProviders.php:37
/var/www/html/vendor/laravel/framework/src/Illuminate/Foundation/Application.php:342
/var/www/html/vendor/laravel/framework/src/Illuminate/Foundation/Console/Kernel.php:473
/var/www/html/tests/CreatesApplication.php:31
/var/www/html/vendor/laravel/framework/src/Illuminate/Foundation/Testing/TestCase.php:54
/var/www/html/vendor/laravel/framework/src/Illuminate/Foundation/Testing/Concerns/InteractsWithTestCaseLifecycle.php:92
/var/www/html/vendor/laravel/framework/src/Illuminate/Foundation/Testing/TestCase.php:44
/var/www/html/tests/TestCase.php:36</error>
        </testcase>
      </testsuite>
      <testsuite name="Tests\Feature\Http\Controllers\ReviewControllerTest" file="/var/www/html/tests/Feature/Http/Controllers/ReviewControllerTest.php" tests="4" assertions="0" errors="4" failures="0" skipped="0" time="0.000000">
        <testcase name="expected_behavior" file="/var/www/html/tests/Feature/Http/Controllers/ReviewControllerTest.php" line="31" class="Tests\Feature\Http\Controllers\ReviewControllerTest" classname="Tests.Feature.Http.Controllers.ReviewControllerTest" assertions="0" time="0.000000">
          <error type="Error">Tests\Feature\Http\Controllers\ReviewControllerTest::expected_behavior
Error: Class "Laravel\Dusk\DuskServiceProvider" not found

/var/www/html/vendor/laravel/framework/src/Illuminate/Foundation/Application.php:961
/var/www/html/vendor/laravel/framework/src/Illuminate/Foundation/Application.php:893
/var/www/html/app/Providers/AppServiceProvider.php:51
/var/www/html/vendor/laravel/framework/src/Illuminate/Foundation/Application.php:896
/var/www/html/vendor/laravel/framework/src/Illuminate/Foundation/ProviderRepository.php:74
/var/www/html/vendor/laravel/framework/src/Illuminate/Foundation/Application.php:871
/var/www/html/vendor/laravel/framework/src/Illuminate/Foundation/Bootstrap/RegisterProviders.php:37
/var/www/html/vendor/laravel/framework/src/Illuminate/Foundation/Application.php:342
/var/www/html/vendor/laravel/framework/src/Illuminate/Foundation/Console/Kernel.php:473
/var/www/html/tests/CreatesApplication.php:31
/var/www/html/vendor/laravel/framework/src/Illuminate/Foundation/Testing/TestCase.php:54
/var/www/html/vendor/laravel/framework/src/Illuminate/Foundation/Testing/Concerns/InteractsWithTestCaseLifecycle.php:92
/var/www/html/vendor/laravel/framework/src/Illuminate/Foundation/Testing/TestCase.php:44
/var/www/html/tests/TestCase.php:36</error>
        </testcase>
        <testcase name="validation" file="/var/www/html/tests/Feature/Http/Controllers/ReviewControllerTest.php" line="39" class="Tests\Feature\Http\Controllers\ReviewControllerTest" classname="Tests.Feature.Http.Controllers.ReviewControllerTest" assertions="0" time="0.000000">
          <error type="Error">Tests\Feature\Http\Controllers\ReviewControllerTest::validation
Error: Class "Laravel\Dusk\DuskServiceProvider" not found

/var/www/html/vendor/laravel/framework/src/Illuminate/Foundation/Application.php:961
/var/www/html/vendor/laravel/framework/src/Illuminate/Foundation/Application.php:893
/var/www/html/app/Providers/AppServiceProvider.php:51
/var/www/html/vendor/laravel/framework/src/Illuminate/Foundation/Application.php:896
/var/www/html/vendor/laravel/framework/src/Illuminate/Foundation/ProviderRepository.php:74
/var/www/html/vendor/laravel/framework/src/Illuminate/Foundation/Application.php:871
/var/www/html/vendor/laravel/framework/src/Illuminate/Foundation/Bootstrap/RegisterProviders.php:37
/var/www/html/vendor/laravel/framework/src/Illuminate/Foundation/Application.php:342
/var/www/html/vendor/laravel/framework/src/Illuminate/Foundation/Console/Kernel.php:473
/var/www/html/tests/CreatesApplication.php:31
/var/www/html/vendor/laravel/framework/src/Illuminate/Foundation/Testing/TestCase.php:54
/var/www/html/vendor/laravel/framework/src/Illuminate/Foundation/Testing/Concerns/InteractsWithTestCaseLifecycle.php:92
/var/www/html/vendor/laravel/framework/src/Illuminate/Foundation/Testing/TestCase.php:44
/var/www/html/tests/TestCase.php:36</error>
        </testcase>
        <testcase name="store_review_validation_success" file="/var/www/html/tests/Feature/Http/Controllers/ReviewControllerTest.php" line="47" class="Tests\Feature\Http\Controllers\ReviewControllerTest" classname="Tests.Feature.Http.Controllers.ReviewControllerTest" assertions="0" time="0.000000">
          <error type="Error">Tests\Feature\Http\Controllers\ReviewControllerTest::store_review_validation_success
Error: Class "Laravel\Dusk\DuskServiceProvider" not found

/var/www/html/vendor/laravel/framework/src/Illuminate/Foundation/Application.php:961
/var/www/html/vendor/laravel/framework/src/Illuminate/Foundation/Application.php:893
/var/www/html/app/Providers/AppServiceProvider.php:51
/var/www/html/vendor/laravel/framework/src/Illuminate/Foundation/Application.php:896
/var/www/html/vendor/laravel/framework/src/Illuminate/Foundation/ProviderRepository.php:74
/var/www/html/vendor/laravel/framework/src/Illuminate/Foundation/Application.php:871
/var/www/html/vendor/laravel/framework/src/Illuminate/Foundation/Bootstrap/RegisterProviders.php:37
/var/www/html/vendor/laravel/framework/src/Illuminate/Foundation/Application.php:342
/var/www/html/vendor/laravel/framework/src/Illuminate/Foundation/Console/Kernel.php:473
/var/www/html/tests/CreatesApplication.php:31
/var/www/html/vendor/laravel/framework/src/Illuminate/Foundation/Testing/TestCase.php:54
/var/www/html/vendor/laravel/framework/src/Illuminate/Foundation/Testing/Concerns/InteractsWithTestCaseLifecycle.php:92
/var/www/html/vendor/laravel/framework/src/Illuminate/Foundation/Testing/TestCase.php:44
/var/www/html/tests/TestCase.php:36</error>
        </testcase>
        <testcase name="basic_functionality" file="/var/www/html/tests/Feature/Http/Controllers/ReviewControllerTest.php" line="23" class="Tests\Feature\Http\Controllers\ReviewControllerTest" classname="Tests.Feature.Http.Controllers.ReviewControllerTest" assertions="0" time="0.000000">
          <error type="Error">Tests\Feature\Http\Controllers\ReviewControllerTest::basic_functionality
Error: Class "Laravel\Dusk\DuskServiceProvider" not found

/var/www/html/vendor/laravel/framework/src/Illuminate/Foundation/Application.php:961
/var/www/html/vendor/laravel/framework/src/Illuminate/Foundation/Application.php:893
/var/www/html/app/Providers/AppServiceProvider.php:51
/var/www/html/vendor/laravel/framework/src/Illuminate/Foundation/Application.php:896
/var/www/html/vendor/laravel/framework/src/Illuminate/Foundation/ProviderRepository.php:74
/var/www/html/vendor/laravel/framework/src/Illuminate/Foundation/Application.php:871
/var/www/html/vendor/laravel/framework/src/Illuminate/Foundation/Bootstrap/RegisterProviders.php:37
/var/www/html/vendor/laravel/framework/src/Illuminate/Foundation/Application.php:342
/var/www/html/vendor/laravel/framework/src/Illuminate/Foundation/Console/Kernel.php:473
/var/www/html/tests/CreatesApplication.php:31
/var/www/html/vendor/laravel/framework/src/Illuminate/Foundation/Testing/TestCase.php:54
/var/www/html/vendor/laravel/framework/src/Illuminate/Foundation/Testing/Concerns/InteractsWithTestCaseLifecycle.php:92
/var/www/html/vendor/laravel/framework/src/Illuminate/Foundation/Testing/TestCase.php:44
/var/www/html/tests/TestCase.php:36</error>
        </testcase>
      </testsuite>
      <testsuite name="Tests\Feature\Performance\PerformanceTest" file="/var/www/html/tests/Feature/Performance/PerformanceTest.php" tests="3" assertions="0" errors="3" failures="0" skipped="0" time="0.000000">
        <testcase name="test_validation" file="/var/www/html/tests/Feature/Performance/PerformanceTest.php" line="32" class="Tests\Feature\Performance\PerformanceTest" classname="Tests.Feature.Performance.PerformanceTest" assertions="0" time="0.000000">
          <error type="Error">Tests\Feature\Performance\PerformanceTest::test_validation
Error: Class "Laravel\Dusk\DuskServiceProvider" not found

/var/www/html/vendor/laravel/framework/src/Illuminate/Foundation/Application.php:961
/var/www/html/vendor/laravel/framework/src/Illuminate/Foundation/Application.php:893
/var/www/html/app/Providers/AppServiceProvider.php:51
/var/www/html/vendor/laravel/framework/src/Illuminate/Foundation/Application.php:896
/var/www/html/vendor/laravel/framework/src/Illuminate/Foundation/ProviderRepository.php:74
/var/www/html/vendor/laravel/framework/src/Illuminate/Foundation/Application.php:871
/var/www/html/vendor/laravel/framework/src/Illuminate/Foundation/Bootstrap/RegisterProviders.php:37
/var/www/html/vendor/laravel/framework/src/Illuminate/Foundation/Application.php:342
/var/www/html/vendor/laravel/framework/src/Illuminate/Foundation/Console/Kernel.php:473
/var/www/html/tests/CreatesApplication.php:31
/var/www/html/vendor/laravel/framework/src/Illuminate/Foundation/Testing/TestCase.php:54
/var/www/html/vendor/laravel/framework/src/Illuminate/Foundation/Testing/Concerns/InteractsWithTestCaseLifecycle.php:92
/var/www/html/vendor/laravel/framework/src/Illuminate/Foundation/Testing/TestCase.php:44
/var/www/html/tests/TestCase.php:36
/var/www/html/tests/Feature/Performance/PerformanceTest.php:40</error>
        </testcase>
        <testcase name="test_basic_functionality" file="/var/www/html/tests/Feature/Performance/PerformanceTest.php" line="18" class="Tests\Feature\Performance\PerformanceTest" classname="Tests.Feature.Performance.PerformanceTest" assertions="0" time="0.000000">
          <error type="Error">Tests\Feature\Performance\PerformanceTest::test_basic_functionality
Error: Class "Laravel\Dusk\DuskServiceProvider" not found

/var/www/html/vendor/laravel/framework/src/Illuminate/Foundation/Application.php:961
/var/www/html/vendor/laravel/framework/src/Illuminate/Foundation/Application.php:893
/var/www/html/app/Providers/AppServiceProvider.php:51
/var/www/html/vendor/laravel/framework/src/Illuminate/Foundation/Application.php:896
/var/www/html/vendor/laravel/framework/src/Illuminate/Foundation/ProviderRepository.php:74
/var/www/html/vendor/laravel/framework/src/Illuminate/Foundation/Application.php:871
/var/www/html/vendor/laravel/framework/src/Illuminate/Foundation/Bootstrap/RegisterProviders.php:37
/var/www/html/vendor/laravel/framework/src/Illuminate/Foundation/Application.php:342
/var/www/html/vendor/laravel/framework/src/Illuminate/Foundation/Console/Kernel.php:473
/var/www/html/tests/CreatesApplication.php:31
/var/www/html/vendor/laravel/framework/src/Illuminate/Foundation/Testing/TestCase.php:54
/var/www/html/vendor/laravel/framework/src/Illuminate/Foundation/Testing/Concerns/InteractsWithTestCaseLifecycle.php:92
/var/www/html/vendor/laravel/framework/src/Illuminate/Foundation/Testing/TestCase.php:44
/var/www/html/tests/TestCase.php:36
/var/www/html/tests/Feature/Performance/PerformanceTest.php:40</error>
        </testcase>
        <testcase name="test_expected_behavior" file="/var/www/html/tests/Feature/Performance/PerformanceTest.php" line="25" class="Tests\Feature\Performance\PerformanceTest" classname="Tests.Feature.Performance.PerformanceTest" assertions="0" time="0.000000">
          <error type="Error">Tests\Feature\Performance\PerformanceTest::test_expected_behavior
Error: Class "Laravel\Dusk\DuskServiceProvider" not found

/var/www/html/vendor/laravel/framework/src/Illuminate/Foundation/Application.php:961
/var/www/html/vendor/laravel/framework/src/Illuminate/Foundation/Application.php:893
/var/www/html/app/Providers/AppServiceProvider.php:51
/var/www/html/vendor/laravel/framework/src/Illuminate/Foundation/Application.php:896
/var/www/html/vendor/laravel/framework/src/Illuminate/Foundation/ProviderRepository.php:74
/var/www/html/vendor/laravel/framework/src/Illuminate/Foundation/Application.php:871
/var/www/html/vendor/laravel/framework/src/Illuminate/Foundation/Bootstrap/RegisterProviders.php:37
/var/www/html/vendor/laravel/framework/src/Illuminate/Foundation/Application.php:342
/var/www/html/vendor/laravel/framework/src/Illuminate/Foundation/Console/Kernel.php:473
/var/www/html/tests/CreatesApplication.php:31
/var/www/html/vendor/laravel/framework/src/Illuminate/Foundation/Testing/TestCase.php:54
/var/www/html/vendor/laravel/framework/src/Illuminate/Foundation/Testing/Concerns/InteractsWithTestCaseLifecycle.php:92
/var/www/html/vendor/laravel/framework/src/Illuminate/Foundation/Testing/TestCase.php:44
/var/www/html/tests/TestCase.php:36
/var/www/html/tests/Feature/Performance/PerformanceTest.php:40</error>
        </testcase>
      </testsuite>
      <testsuite name="Tests\Feature\Http\Middleware\SubstituteBindingsTest" file="/var/www/html/tests/Feature/Http/Middleware/SubstituteBindingsTest.php" tests="5" assertions="0" errors="5" failures="0" skipped="0" time="0.000000">
        <testcase name="test_substitute_bindings_middleware_handles_post_requests" file="/var/www/html/tests/Feature/Http/Middleware/SubstituteBindingsTest.php" line="80" class="Tests\Feature\Http\Middleware\SubstituteBindingsTest" classname="Tests.Feature.Http.Middleware.SubstituteBindingsTest" assertions="0" time="0.000000">
          <error type="Error">Tests\Feature\Http\Middleware\SubstituteBindingsTest::test_substitute_bindings_middleware_handles_post_requests
Error: Class "Laravel\Dusk\DuskServiceProvider" not found

/var/www/html/vendor/laravel/framework/src/Illuminate/Foundation/Application.php:961
/var/www/html/vendor/laravel/framework/src/Illuminate/Foundation/Application.php:893
/var/www/html/app/Providers/AppServiceProvider.php:51
/var/www/html/vendor/laravel/framework/src/Illuminate/Foundation/Application.php:896
/var/www/html/vendor/laravel/framework/src/Illuminate/Foundation/ProviderRepository.php:74
/var/www/html/vendor/laravel/framework/src/Illuminate/Foundation/Application.php:871
/var/www/html/vendor/laravel/framework/src/Illuminate/Foundation/Bootstrap/RegisterProviders.php:37
/var/www/html/vendor/laravel/framework/src/Illuminate/Foundation/Application.php:342
/var/www/html/vendor/laravel/framework/src/Illuminate/Foundation/Console/Kernel.php:473
/var/www/html/tests/CreatesApplication.php:31
/var/www/html/vendor/laravel/framework/src/Illuminate/Foundation/Testing/TestCase.php:54
/var/www/html/vendor/laravel/framework/src/Illuminate/Foundation/Testing/Concerns/InteractsWithTestCaseLifecycle.php:92
/var/www/html/vendor/laravel/framework/src/Illuminate/Foundation/Testing/TestCase.php:44
/var/www/html/tests/TestCase.php:36</error>
        </testcase>
        <testcase name="test_substitute_bindings_middleware_handles_no_route" file="/var/www/html/tests/Feature/Http/Middleware/SubstituteBindingsTest.php" line="59" class="Tests\Feature\Http\Middleware\SubstituteBindingsTest" classname="Tests.Feature.Http.Middleware.SubstituteBindingsTest" assertions="0" time="0.000000">
          <error type="Error">Tests\Feature\Http\Middleware\SubstituteBindingsTest::test_substitute_bindings_middleware_handles_no_route
Error: Class "Laravel\Dusk\DuskServiceProvider" not found

/var/www/html/vendor/laravel/framework/src/Illuminate/Foundation/Application.php:961
/var/www/html/vendor/laravel/framework/src/Illuminate/Foundation/Application.php:893
/var/www/html/app/Providers/AppServiceProvider.php:51
/var/www/html/vendor/laravel/framework/src/Illuminate/Foundation/Application.php:896
/var/www/html/vendor/laravel/framework/src/Illuminate/Foundation/ProviderRepository.php:74
/var/www/html/vendor/laravel/framework/src/Illuminate/Foundation/Application.php:871
/var/www/html/vendor/laravel/framework/src/Illuminate/Foundation/Bootstrap/RegisterProviders.php:37
/var/www/html/vendor/laravel/framework/src/Illuminate/Foundation/Application.php:342
/var/www/html/vendor/laravel/framework/src/Illuminate/Foundation/Console/Kernel.php:473
/var/www/html/tests/CreatesApplication.php:31
/var/www/html/vendor/laravel/framework/src/Illuminate/Foundation/Testing/TestCase.php:54
/var/www/html/vendor/laravel/framework/src/Illuminate/Foundation/Testing/Concerns/InteractsWithTestCaseLifecycle.php:92
/var/www/html/vendor/laravel/framework/src/Illuminate/Foundation/Testing/TestCase.php:44
/var/www/html/tests/TestCase.php:36</error>
        </testcase>
        <testcase name="test_substitute_bindings_middleware_handles_missing_bindings" file="/var/www/html/tests/Feature/Http/Middleware/SubstituteBindingsTest.php" line="40" class="Tests\Feature\Http\Middleware\SubstituteBindingsTest" classname="Tests.Feature.Http.Middleware.SubstituteBindingsTest" assertions="0" time="0.000000">
          <error type="Error">Tests\Feature\Http\Middleware\SubstituteBindingsTest::test_substitute_bindings_middleware_handles_missing_bindings
Error: Class "Laravel\Dusk\DuskServiceProvider" not found

/var/www/html/vendor/laravel/framework/src/Illuminate/Foundation/Application.php:961
/var/www/html/vendor/laravel/framework/src/Illuminate/Foundation/Application.php:893
/var/www/html/app/Providers/AppServiceProvider.php:51
/var/www/html/vendor/laravel/framework/src/Illuminate/Foundation/Application.php:896
/var/www/html/vendor/laravel/framework/src/Illuminate/Foundation/ProviderRepository.php:74
/var/www/html/vendor/laravel/framework/src/Illuminate/Foundation/Application.php:871
/var/www/html/vendor/laravel/framework/src/Illuminate/Foundation/Bootstrap/RegisterProviders.php:37
/var/www/html/vendor/laravel/framework/src/Illuminate/Foundation/Application.php:342
/var/www/html/vendor/laravel/framework/src/Illuminate/Foundation/Console/Kernel.php:473
/var/www/html/tests/CreatesApplication.php:31
/var/www/html/vendor/laravel/framework/src/Illuminate/Foundation/Testing/TestCase.php:54
/var/www/html/vendor/laravel/framework/src/Illuminate/Foundation/Testing/Concerns/InteractsWithTestCaseLifecycle.php:92
/var/www/html/vendor/laravel/framework/src/Illuminate/Foundation/Testing/TestCase.php:44
/var/www/html/tests/TestCase.php:36</error>
        </testcase>
        <testcase name="test_substitute_bindings_middleware_handles_api_requests" file="/var/www/html/tests/Feature/Http/Middleware/SubstituteBindingsTest.php" line="102" class="Tests\Feature\Http\Middleware\SubstituteBindingsTest" classname="Tests.Feature.Http.Middleware.SubstituteBindingsTest" assertions="0" time="0.000000">
          <error type="Error">Tests\Feature\Http\Middleware\SubstituteBindingsTest::test_substitute_bindings_middleware_handles_api_requests
Error: Class "Laravel\Dusk\DuskServiceProvider" not found

/var/www/html/vendor/laravel/framework/src/Illuminate/Foundation/Application.php:961
/var/www/html/vendor/laravel/framework/src/Illuminate/Foundation/Application.php:893
/var/www/html/app/Providers/AppServiceProvider.php:51
/var/www/html/vendor/laravel/framework/src/Illuminate/Foundation/Application.php:896
/var/www/html/vendor/laravel/framework/src/Illuminate/Foundation/ProviderRepository.php:74
/var/www/html/vendor/laravel/framework/src/Illuminate/Foundation/Application.php:871
/var/www/html/vendor/laravel/framework/src/Illuminate/Foundation/Bootstrap/RegisterProviders.php:37
/var/www/html/vendor/laravel/framework/src/Illuminate/Foundation/Application.php:342
/var/www/html/vendor/laravel/framework/src/Illuminate/Foundation/Console/Kernel.php:473
/var/www/html/tests/CreatesApplication.php:31
/var/www/html/vendor/laravel/framework/src/Illuminate/Foundation/Testing/TestCase.php:54
/var/www/html/vendor/laravel/framework/src/Illuminate/Foundation/Testing/Concerns/InteractsWithTestCaseLifecycle.php:92
/var/www/html/vendor/laravel/framework/src/Illuminate/Foundation/Testing/TestCase.php:44
/var/www/html/tests/TestCase.php:36</error>
        </testcase>
        <testcase name="test_substitute_bindings_middleware_substitutes_route_bindings" file="/var/www/html/tests/Feature/Http/Middleware/SubstituteBindingsTest.php" line="19" class="Tests\Feature\Http\Middleware\SubstituteBindingsTest" classname="Tests.Feature.Http.Middleware.SubstituteBindingsTest" assertions="0" time="0.000000">
          <error type="Error">Tests\Feature\Http\Middleware\SubstituteBindingsTest::test_substitute_bindings_middleware_substitutes_route_bindings
Error: Class "Laravel\Dusk\DuskServiceProvider" not found

/var/www/html/vendor/laravel/framework/src/Illuminate/Foundation/Application.php:961
/var/www/html/vendor/laravel/framework/src/Illuminate/Foundation/Application.php:893
/var/www/html/app/Providers/AppServiceProvider.php:51
/var/www/html/vendor/laravel/framework/src/Illuminate/Foundation/Application.php:896
/var/www/html/vendor/laravel/framework/src/Illuminate/Foundation/ProviderRepository.php:74
/var/www/html/vendor/laravel/framework/src/Illuminate/Foundation/Application.php:871
/var/www/html/vendor/laravel/framework/src/Illuminate/Foundation/Bootstrap/RegisterProviders.php:37
/var/www/html/vendor/laravel/framework/src/Illuminate/Foundation/Application.php:342
/var/www/html/vendor/laravel/framework/src/Illuminate/Foundation/Console/Kernel.php:473
/var/www/html/tests/CreatesApplication.php:31
/var/www/html/vendor/laravel/framework/src/Illuminate/Foundation/Testing/TestCase.php:54
/var/www/html/vendor/laravel/framework/src/Illuminate/Foundation/Testing/Concerns/InteractsWithTestCaseLifecycle.php:92
/var/www/html/vendor/laravel/framework/src/Illuminate/Foundation/Testing/TestCase.php:44
/var/www/html/tests/TestCase.php:36</error>
        </testcase>
      </testsuite>
      <testsuite name="Tests\Feature\Api\ComprehensiveApiTest" file="/var/www/html/tests/Feature/Api/ComprehensiveApiTest.php" tests="3" assertions="0" errors="3" failures="0" skipped="0" time="0.000000">
        <testcase name="test_basic_functionality" file="/var/www/html/tests/Feature/Api/ComprehensiveApiTest.php" line="15" class="Tests\Feature\Api\ComprehensiveApiTest" classname="Tests.Feature.Api.ComprehensiveApiTest" assertions="0" time="0.000000">
          <error type="Error">Tests\Feature\Api\ComprehensiveApiTest::test_basic_functionality
Error: Class "Laravel\Dusk\DuskServiceProvider" not found

/var/www/html/vendor/laravel/framework/src/Illuminate/Foundation/Application.php:961
/var/www/html/vendor/laravel/framework/src/Illuminate/Foundation/Application.php:893
/var/www/html/app/Providers/AppServiceProvider.php:51
/var/www/html/vendor/laravel/framework/src/Illuminate/Foundation/Application.php:896
/var/www/html/vendor/laravel/framework/src/Illuminate/Foundation/ProviderRepository.php:74
/var/www/html/vendor/laravel/framework/src/Illuminate/Foundation/Application.php:871
/var/www/html/vendor/laravel/framework/src/Illuminate/Foundation/Bootstrap/RegisterProviders.php:37
/var/www/html/vendor/laravel/framework/src/Illuminate/Foundation/Application.php:342
/var/www/html/vendor/laravel/framework/src/Illuminate/Foundation/Console/Kernel.php:473
/var/www/html/tests/CreatesApplication.php:31
/var/www/html/vendor/laravel/framework/src/Illuminate/Foundation/Testing/TestCase.php:54
/var/www/html/vendor/laravel/framework/src/Illuminate/Foundation/Testing/Concerns/InteractsWithTestCaseLifecycle.php:92
/var/www/html/vendor/laravel/framework/src/Illuminate/Foundation/Testing/TestCase.php:44
/var/www/html/tests/TestCase.php:36</error>
        </testcase>
        <testcase name="test_expected_behavior" file="/var/www/html/tests/Feature/Api/ComprehensiveApiTest.php" line="28" class="Tests\Feature\Api\ComprehensiveApiTest" classname="Tests.Feature.Api.ComprehensiveApiTest" assertions="0" time="0.000000">
          <error type="Error">Tests\Feature\Api\ComprehensiveApiTest::test_expected_behavior
Error: Class "Laravel\Dusk\DuskServiceProvider" not found

/var/www/html/vendor/laravel/framework/src/Illuminate/Foundation/Application.php:961
/var/www/html/vendor/laravel/framework/src/Illuminate/Foundation/Application.php:893
/var/www/html/app/Providers/AppServiceProvider.php:51
/var/www/html/vendor/laravel/framework/src/Illuminate/Foundation/Application.php:896
/var/www/html/vendor/laravel/framework/src/Illuminate/Foundation/ProviderRepository.php:74
/var/www/html/vendor/laravel/framework/src/Illuminate/Foundation/Application.php:871
/var/www/html/vendor/laravel/framework/src/Illuminate/Foundation/Bootstrap/RegisterProviders.php:37
/var/www/html/vendor/laravel/framework/src/Illuminate/Foundation/Application.php:342
/var/www/html/vendor/laravel/framework/src/Illuminate/Foundation/Console/Kernel.php:473
/var/www/html/tests/CreatesApplication.php:31
/var/www/html/vendor/laravel/framework/src/Illuminate/Foundation/Testing/TestCase.php:54
/var/www/html/vendor/laravel/framework/src/Illuminate/Foundation/Testing/Concerns/InteractsWithTestCaseLifecycle.php:92
/var/www/html/vendor/laravel/framework/src/Illuminate/Foundation/Testing/TestCase.php:44
/var/www/html/tests/TestCase.php:36</error>
        </testcase>
        <testcase name="test_validation" file="/var/www/html/tests/Feature/Api/ComprehensiveApiTest.php" line="43" class="Tests\Feature\Api\ComprehensiveApiTest" classname="Tests.Feature.Api.ComprehensiveApiTest" assertions="0" time="0.000000">
          <error type="Error">Tests\Feature\Api\ComprehensiveApiTest::test_validation
Error: Class "Laravel\Dusk\DuskServiceProvider" not found

/var/www/html/vendor/laravel/framework/src/Illuminate/Foundation/Application.php:961
/var/www/html/vendor/laravel/framework/src/Illuminate/Foundation/Application.php:893
/var/www/html/app/Providers/AppServiceProvider.php:51
/var/www/html/vendor/laravel/framework/src/Illuminate/Foundation/Application.php:896
/var/www/html/vendor/laravel/framework/src/Illuminate/Foundation/ProviderRepository.php:74
/var/www/html/vendor/laravel/framework/src/Illuminate/Foundation/Application.php:871
/var/www/html/vendor/laravel/framework/src/Illuminate/Foundation/Bootstrap/RegisterProviders.php:37
/var/www/html/vendor/laravel/framework/src/Illuminate/Foundation/Application.php:342
/var/www/html/vendor/laravel/framework/src/Illuminate/Foundation/Console/Kernel.php:473
/var/www/html/tests/CreatesApplication.php:31
/var/www/html/vendor/laravel/framework/src/Illuminate/Foundation/Testing/TestCase.php:54
/var/www/html/vendor/laravel/framework/src/Illuminate/Foundation/Testing/Concerns/InteractsWithTestCaseLifecycle.php:92
/var/www/html/vendor/laravel/framework/src/Illuminate/Foundation/Testing/TestCase.php:44
/var/www/html/tests/TestCase.php:36</error>
        </testcase>
      </testsuite>
    </testsuite>
  </testsuite>
</testsuites>
