<?xml version="1.0" encoding="UTF-8"?>
<testsuites>
  <testsuite name="C:\Users\Gaser\Desktop\COPRRA\phpunit.xml" tests="2071" assertions="5454" errors="0" failures="0" skipped="0" time="424.683814">
    <testsuite name="Integration" tests="9" assertions="18" errors="0" failures="0" skipped="0" time="5.151283">
      <testsuite name="Tests\Integration\AdvancedIntegrationTest" file="C:\Users\Gaser\Desktop\COPRRA\tests\Integration\AdvancedIntegrationTest.php" tests="3" assertions="6" errors="0" failures="0" skipped="0" time="2.030928">
        <testcase name="api_database_integration" file="C:\Users\Gaser\Desktop\COPRRA\tests\Integration\AdvancedIntegrationTest.php" line="24" class="Tests\Integration\AdvancedIntegrationTest" classname="Tests.Integration.AdvancedIntegrationTest" assertions="2" time="1.030306"/>
        <testcase name="full_workflow_integration" file="C:\Users\Gaser\Desktop\COPRRA\tests\Integration\AdvancedIntegrationTest.php" line="13" class="Tests\Integration\AdvancedIntegrationTest" classname="Tests.Integration.AdvancedIntegrationTest" assertions="2" time="0.482885"/>
        <testcase name="frontend_backend_integration" file="C:\Users\Gaser\Desktop\COPRRA\tests\Integration\AdvancedIntegrationTest.php" line="35" class="Tests\Integration\AdvancedIntegrationTest" classname="Tests.Integration.AdvancedIntegrationTest" assertions="2" time="0.517737"/>
      </testsuite>
      <testsuite name="Tests\Integration\CompleteWorkflowTest" file="C:\Users\Gaser\Desktop\COPRRA\tests\Integration\CompleteWorkflowTest.php" tests="3" assertions="6" errors="0" failures="0" skipped="0" time="1.445263">
        <testcase name="product_purchase_workflow" file="C:\Users\Gaser\Desktop\COPRRA\tests\Integration\CompleteWorkflowTest.php" line="30" class="Tests\Integration\CompleteWorkflowTest" classname="Tests.Integration.CompleteWorkflowTest" assertions="2" time="0.479242"/>
        <testcase name="user_registration_workflow" file="C:\Users\Gaser\Desktop\COPRRA\tests\Integration\CompleteWorkflowTest.php" line="13" class="Tests\Integration\CompleteWorkflowTest" classname="Tests.Integration.CompleteWorkflowTest" assertions="2" time="0.466974"/>
        <testcase name="admin_management_workflow" file="C:\Users\Gaser\Desktop\COPRRA\tests\Integration\CompleteWorkflowTest.php" line="41" class="Tests\Integration\CompleteWorkflowTest" classname="Tests.Integration.CompleteWorkflowTest" assertions="2" time="0.499047"/>
      </testsuite>
      <testsuite name="Tests\Integration\IntegrationTest" file="C:\Users\Gaser\Desktop\COPRRA\tests\Integration\IntegrationTest.php" tests="3" assertions="6" errors="0" failures="0" skipped="0" time="1.675092">
        <testcase name="service_integration_works" file="C:\Users\Gaser\Desktop\COPRRA\tests\Integration\IntegrationTest.php" line="24" class="Tests\Integration\IntegrationTest" classname="Tests.Integration.IntegrationTest" assertions="2" time="0.470557"/>
        <testcase name="basic_integration_works" file="C:\Users\Gaser\Desktop\COPRRA\tests\Integration\IntegrationTest.php" line="13" class="Tests\Integration\IntegrationTest" classname="Tests.Integration.IntegrationTest" assertions="2" time="0.442626"/>
        <testcase name="component_integration_works" file="C:\Users\Gaser\Desktop\COPRRA\tests\Integration\IntegrationTest.php" line="35" class="Tests\Integration\IntegrationTest" classname="Tests.Integration.IntegrationTest" assertions="2" time="0.761909"/>
      </testsuite>
    </testsuite>
    <testsuite name="Feature" tests="1056" assertions="2774" errors="0" failures="0" skipped="0" time="173.956767">
      <testsuite name="Tests\Feature\Console\Commands\StatsCommandTest" file="C:\Users\Gaser\Desktop\COPRRA\tests\Feature\Console\Commands\StatsCommandTest.php" tests="8" assertions="8" errors="0" failures="0" skipped="0" time="1.071070">
        <testcase name="stats_command_handles_detailed_stats_with_empty_database" file="C:\Users\Gaser\Desktop\COPRRA\tests\Feature\Console\Commands\StatsCommandTest.php" line="50" class="Tests\Feature\Console\Commands\StatsCommandTest" classname="Tests.Feature.Console.Commands.StatsCommandTest" assertions="1" time="0.503802"/>
        <testcase name="stats_command_displays_detailed_stats_when_requested" file="C:\Users\Gaser\Desktop\COPRRA\tests\Feature\Console\Commands\StatsCommandTest.php" line="36" class="Tests\Feature\Console\Commands\StatsCommandTest" classname="Tests.Feature.Console.Commands.StatsCommandTest" assertions="1" time="0.077998"/>
        <testcase name="stats_command_displays_correct_basic_stats" file="C:\Users\Gaser\Desktop\COPRRA\tests\Feature\Console\Commands\StatsCommandTest.php" line="28" class="Tests\Feature\Console\Commands\StatsCommandTest" classname="Tests.Feature.Console.Commands.StatsCommandTest" assertions="1" time="0.085734"/>
        <testcase name="stats_command_displays_top_categories" file="C:\Users\Gaser\Desktop\COPRRA\tests\Feature\Console\Commands\StatsCommandTest.php" line="64" class="Tests\Feature\Console\Commands\StatsCommandTest" classname="Tests.Feature.Console.Commands.StatsCommandTest" assertions="1" time="0.096423"/>
        <testcase name="stats_command_runs_successfully_with_detailed_option" file="C:\Users\Gaser\Desktop\COPRRA\tests\Feature\Console\Commands\StatsCommandTest.php" line="22" class="Tests\Feature\Console\Commands\StatsCommandTest" classname="Tests.Feature.Console.Commands.StatsCommandTest" assertions="1" time="0.088430"/>
        <testcase name="stats_command_handles_empty_database" file="C:\Users\Gaser\Desktop\COPRRA\tests\Feature\Console\Commands\StatsCommandTest.php" line="44" class="Tests\Feature\Console\Commands\StatsCommandTest" classname="Tests.Feature.Console.Commands.StatsCommandTest" assertions="1" time="0.078772"/>
        <testcase name="stats_command_displays_recent_activity" file="C:\Users\Gaser\Desktop\COPRRA\tests\Feature\Console\Commands\StatsCommandTest.php" line="56" class="Tests\Feature\Console\Commands\StatsCommandTest" classname="Tests.Feature.Console.Commands.StatsCommandTest" assertions="1" time="0.072403"/>
        <testcase name="stats_command_runs_successfully_without_detailed_option" file="C:\Users\Gaser\Desktop\COPRRA\tests\Feature\Console\Commands\StatsCommandTest.php" line="16" class="Tests\Feature\Console\Commands\StatsCommandTest" classname="Tests.Feature.Console.Commands.StatsCommandTest" assertions="1" time="0.067506"/>
      </testsuite>
      <testsuite name="Tests\Feature\Http\Controllers\WishlistControllerTest" file="C:\Users\Gaser\Desktop\COPRRA\tests\Feature\Http\Controllers\WishlistControllerTest.php" tests="10" assertions="29" errors="0" failures="0" skipped="0" time="0.784175">
        <testcase name="test_requires_authentication_to_view_wishlist" file="C:\Users\Gaser\Desktop\COPRRA\tests\Feature\Http\Controllers\WishlistControllerTest.php" line="42" class="Tests\Feature\Http\Controllers\WishlistControllerTest" classname="Tests.Feature.Http.Controllers.WishlistControllerTest" assertions="3" time="0.083250"/>
        <testcase name="test_can_display_wishlist" file="C:\Users\Gaser\Desktop\COPRRA\tests\Feature\Http\Controllers\WishlistControllerTest.php" line="31" class="Tests\Feature\Http\Controllers\WishlistControllerTest" classname="Tests.Feature.Http.Controllers.WishlistControllerTest" assertions="2" time="0.098614"/>
        <testcase name="test_requires_authentication_to_remove_from_wishlist" file="C:\Users\Gaser\Desktop\COPRRA\tests\Feature\Http\Controllers\WishlistControllerTest.php" line="143" class="Tests\Feature\Http\Controllers\WishlistControllerTest" classname="Tests.Feature.Http.Controllers.WishlistControllerTest" assertions="3" time="0.076164"/>
        <testcase name="test_requires_authentication_to_clear_wishlist" file="C:\Users\Gaser\Desktop\COPRRA\tests\Feature\Http\Controllers\WishlistControllerTest.php" line="180" class="Tests\Feature\Http\Controllers\WishlistControllerTest" classname="Tests.Feature.Http.Controllers.WishlistControllerTest" assertions="3" time="0.063876"/>
        <testcase name="test_can_remove_product_from_wishlist" file="C:\Users\Gaser\Desktop\COPRRA\tests\Feature\Http\Controllers\WishlistControllerTest.php" line="97" class="Tests\Feature\Http\Controllers\WishlistControllerTest" classname="Tests.Feature.Http.Controllers.WishlistControllerTest" assertions="4" time="0.087941"/>
        <testcase name="test_can_clear_entire_wishlist" file="C:\Users\Gaser\Desktop\COPRRA\tests\Feature\Http\Controllers\WishlistControllerTest.php" line="155" class="Tests\Feature\Http\Controllers\WishlistControllerTest" classname="Tests.Feature.Http.Controllers.WishlistControllerTest" assertions="2" time="0.079133"/>
        <testcase name="test_can_add_product_to_wishlist" file="C:\Users\Gaser\Desktop\COPRRA\tests\Feature\Http\Controllers\WishlistControllerTest.php" line="50" class="Tests\Feature\Http\Controllers\WishlistControllerTest" classname="Tests.Feature.Http.Controllers.WishlistControllerTest" assertions="3" time="0.087144"/>
        <testcase name="test_validates_add_to_wishlist_request" file="C:\Users\Gaser\Desktop\COPRRA\tests\Feature\Http\Controllers\WishlistControllerTest.php" line="74" class="Tests\Feature\Http\Controllers\WishlistControllerTest" classname="Tests.Feature.Http.Controllers.WishlistControllerTest" assertions="3" time="0.068196"/>
        <testcase name="test_requires_authentication_to_add_to_wishlist" file="C:\Users\Gaser\Desktop\COPRRA\tests\Feature\Http\Controllers\WishlistControllerTest.php" line="85" class="Tests\Feature\Http\Controllers\WishlistControllerTest" classname="Tests.Feature.Http.Controllers.WishlistControllerTest" assertions="3" time="0.066561"/>
        <testcase name="test_validates_remove_from_wishlist_request" file="C:\Users\Gaser\Desktop\COPRRA\tests\Feature\Http\Controllers\WishlistControllerTest.php" line="132" class="Tests\Feature\Http\Controllers\WishlistControllerTest" classname="Tests.Feature.Http.Controllers.WishlistControllerTest" assertions="3" time="0.073297"/>
      </testsuite>
      <testsuite name="Tests\Feature\Auth\AuthControllerTest" file="C:\Users\Gaser\Desktop\COPRRA\tests\Feature\Auth\AuthControllerTest.php" tests="11" assertions="29" errors="0" failures="0" skipped="0" time="3.093948">
        <testcase name="test_user_cannot_register_with_weak_password" file="C:\Users\Gaser\Desktop\COPRRA\tests\Feature\Auth\AuthControllerTest.php" line="66" class="Tests\Feature\Auth\AuthControllerTest" classname="Tests.Feature.Auth.AuthControllerTest" assertions="3" time="0.071328"/>
        <testcase name="test_login_is_rate_limited" file="C:\Users\Gaser\Desktop\COPRRA\tests\Feature\Auth\AuthControllerTest.php" line="133" class="Tests\Feature\Auth\AuthControllerTest" classname="Tests.Feature.Auth.AuthControllerTest" assertions="1" time="1.242790"/>
        <testcase name="test_user_cannot_register_with_existing_email" file="C:\Users\Gaser\Desktop\COPRRA\tests\Feature\Auth\AuthControllerTest.php" line="79" class="Tests\Feature\Auth\AuthControllerTest" classname="Tests.Feature.Auth.AuthControllerTest" assertions="3" time="0.080493"/>
        <testcase name="test_user_can_login_with_valid_credentials" file="C:\Users\Gaser\Desktop\COPRRA\tests\Feature\Auth\AuthControllerTest.php" line="17" class="Tests\Feature\Auth\AuthControllerTest" classname="Tests.Feature.Auth.AuthControllerTest" assertions="5" time="0.069684"/>
        <testcase name="test_user_can_register_with_valid_data" file="C:\Users\Gaser\Desktop\COPRRA\tests\Feature\Auth\AuthControllerTest.php" line="49" class="Tests\Feature\Auth\AuthControllerTest" classname="Tests.Feature.Auth.AuthControllerTest" assertions="4" time="0.069485"/>
        <testcase name="test_user_can_reset_password_with_valid_token" file="C:\Users\Gaser\Desktop\COPRRA\tests\Feature\Auth\AuthControllerTest.php" line="117" class="Tests\Feature\Auth\AuthControllerTest" classname="Tests.Feature.Auth.AuthControllerTest" assertions="3" time="0.078090"/>
        <testcase name="test_register_is_rate_limited" file="C:\Users\Gaser\Desktop\COPRRA\tests\Feature\Auth\AuthControllerTest.php" line="156" class="Tests\Feature\Auth\AuthControllerTest" classname="Tests.Feature.Auth.AuthControllerTest" assertions="1" time="0.083184"/>
        <testcase name="test_user_can_logout" file="C:\Users\Gaser\Desktop\COPRRA\tests\Feature\Auth\AuthControllerTest.php" line="94" class="Tests\Feature\Auth\AuthControllerTest" classname="Tests.Feature.Auth.AuthControllerTest" assertions="3" time="0.068627"/>
        <testcase name="test_user_can_request_password_reset" file="C:\Users\Gaser\Desktop\COPRRA\tests\Feature\Auth\AuthControllerTest.php" line="105" class="Tests\Feature\Auth\AuthControllerTest" classname="Tests.Feature.Auth.AuthControllerTest" assertions="1" time="0.970236"/>
        <testcase name="test_user_cannot_login_with_invalid_credentials" file="C:\Users\Gaser\Desktop\COPRRA\tests\Feature\Auth\AuthControllerTest.php" line="33" class="Tests\Feature\Auth\AuthControllerTest" classname="Tests.Feature.Auth.AuthControllerTest" assertions="2" time="0.281732"/>
        <testcase name="test_password_uses_hash_make_not_bcrypt" file="C:\Users\Gaser\Desktop\COPRRA\tests\Feature\Auth\AuthControllerTest.php" line="178" class="Tests\Feature\Auth\AuthControllerTest" classname="Tests.Feature.Auth.AuthControllerTest" assertions="3" time="0.078298"/>
      </testsuite>
      <testsuite name="Tests\Feature\E2E\OrderFlowTest" file="C:\Users\Gaser\Desktop\COPRRA\tests\Feature\E2E\OrderFlowTest.php" tests="6" assertions="17" errors="0" failures="0" skipped="0" time="0.646616">
        <testcase name="test_complete_order_status_update_flow" file="C:\Users\Gaser\Desktop\COPRRA\tests\Feature\E2E\OrderFlowTest.php" line="84" class="Tests\Feature\E2E\OrderFlowTest" classname="Tests.Feature.E2E.OrderFlowTest" assertions="4" time="0.100628"/>
        <testcase name="test_cannot_cancel_shipped_order" file="C:\Users\Gaser\Desktop\COPRRA\tests\Feature\E2E\OrderFlowTest.php" line="144" class="Tests\Feature\E2E\OrderFlowTest" classname="Tests.Feature.E2E.OrderFlowTest" assertions="2" time="0.073400"/>
        <testcase name="test_user_cannot_view_other_users_orders" file="C:\Users\Gaser\Desktop\COPRRA\tests\Feature\E2E\OrderFlowTest.php" line="179" class="Tests\Feature\E2E\OrderFlowTest" classname="Tests.Feature.E2E.OrderFlowTest" assertions="1" time="0.085479"/>
        <testcase name="test_user_can_view_order_history" file="C:\Users\Gaser\Desktop\COPRRA\tests\Feature\E2E\OrderFlowTest.php" line="164" class="Tests\Feature\E2E\OrderFlowTest" classname="Tests.Feature.E2E.OrderFlowTest" assertions="2" time="0.099703"/>
        <testcase name="test_order_cancellation_flow" file="C:\Users\Gaser\Desktop\COPRRA\tests\Feature\E2E\OrderFlowTest.php" line="120" class="Tests\Feature\E2E\OrderFlowTest" classname="Tests.Feature.E2E.OrderFlowTest" assertions="2" time="0.071888"/>
        <testcase name="test_complete_order_creation_flow" file="C:\Users\Gaser\Desktop\COPRRA\tests\Feature\E2E\OrderFlowTest.php" line="33" class="Tests\Feature\E2E\OrderFlowTest" classname="Tests.Feature.E2E.OrderFlowTest" assertions="6" time="0.215517"/>
      </testsuite>
      <testsuite name="Tests\Feature\Models\CurrencyTest" file="C:\Users\Gaser\Desktop\COPRRA\tests\Feature\Models\CurrencyTest.php" tests="3" assertions="6" errors="0" failures="0" skipped="0" time="0.236416">
        <testcase name="test_it_can_save_currency" file="C:\Users\Gaser\Desktop\COPRRA\tests\Feature\Models\CurrencyTest.php" line="38" class="Tests\Feature\Models\CurrencyTest" classname="Tests.Feature.Models.CurrencyTest" assertions="2" time="0.061626"/>
        <testcase name="test_it_can_validate_required_fields" file="C:\Users\Gaser\Desktop\COPRRA\tests\Feature\Models\CurrencyTest.php" line="16" class="Tests\Feature\Models\CurrencyTest" classname="Tests.Feature.Models.CurrencyTest" assertions="2" time="0.074218"/>
        <testcase name="test_it_can_create_currency" file="C:\Users\Gaser\Desktop\COPRRA\tests\Feature\Models\CurrencyTest.php" line="27" class="Tests\Feature\Models\CurrencyTest" classname="Tests.Feature.Models.CurrencyTest" assertions="2" time="0.100573"/>
      </testsuite>
      <testsuite name="Tests\Feature\Services\ProcessServiceTest" file="C:\Users\Gaser\Desktop\COPRRA\tests\Feature\Services\ProcessServiceTest.php" tests="10" assertions="23" errors="0" failures="0" skipped="0" time="0.821014">
        <testcase name="test_handles_null_data" file="C:\Users\Gaser\Desktop\COPRRA\tests\Feature\Services\ProcessServiceTest.php" line="81" class="Tests\Feature\Services\ProcessServiceTest" classname="Tests.Feature.Services.ProcessServiceTest" assertions="3" time="0.209404"/>
        <testcase name="test_processes_data_successfully" file="C:\Users\Gaser\Desktop\COPRRA\tests\Feature\Services\ProcessServiceTest.php" line="64" class="Tests\Feature\Services\ProcessServiceTest" classname="Tests.Feature.Services.ProcessServiceTest" assertions="3" time="0.111295"/>
        <testcase name="test_validates_data_successfully" file="C:\Users\Gaser\Desktop\COPRRA\tests\Feature\Services\ProcessServiceTest.php" line="92" class="Tests\Feature\Services\ProcessServiceTest" classname="Tests.Feature.Services.ProcessServiceTest" assertions="1" time="0.067045"/>
        <testcase name="test_validates_data_with_empty_name" file="C:\Users\Gaser\Desktop\COPRRA\tests\Feature\Services\ProcessServiceTest.php" line="107" class="Tests\Feature\Services\ProcessServiceTest" classname="Tests.Feature.Services.ProcessServiceTest" assertions="2" time="0.059769"/>
        <testcase name="test_transforms_data_successfully" file="C:\Users\Gaser\Desktop\COPRRA\tests\Feature\Services\ProcessServiceTest.php" line="140" class="Tests\Feature\Services\ProcessServiceTest" classname="Tests.Feature.Services.ProcessServiceTest" assertions="2" time="0.061499"/>
        <testcase name="test_resets_service" file="C:\Users\Gaser\Desktop\COPRRA\tests\Feature\Services\ProcessServiceTest.php" line="165" class="Tests\Feature\Services\ProcessServiceTest" classname="Tests.Feature.Services.ProcessServiceTest" assertions="2" time="0.057865"/>
        <testcase name="test_cleans_data_successfully" file="C:\Users\Gaser\Desktop\COPRRA\tests\Feature\Services\ProcessServiceTest.php" line="124" class="Tests\Feature\Services\ProcessServiceTest" classname="Tests.Feature.Services.ProcessServiceTest" assertions="2" time="0.074477"/>
        <testcase name="test_runs_process_command_successfully" file="C:\Users\Gaser\Desktop\COPRRA\tests\Feature\Services\ProcessServiceTest.php" line="32" class="Tests\Feature\Services\ProcessServiceTest" classname="Tests.Feature.Services.ProcessServiceTest" assertions="4" time="0.064197"/>
        <testcase name="test_gets_processing_metrics" file="C:\Users\Gaser\Desktop\COPRRA\tests\Feature\Services\ProcessServiceTest.php" line="179" class="Tests\Feature\Services\ProcessServiceTest" classname="Tests.Feature.Services.ProcessServiceTest" assertions="3" time="0.056858"/>
        <testcase name="test_gets_processing_status" file="C:\Users\Gaser\Desktop\COPRRA\tests\Feature\Services\ProcessServiceTest.php" line="156" class="Tests\Feature\Services\ProcessServiceTest" classname="Tests.Feature.Services.ProcessServiceTest" assertions="1" time="0.058603"/>
      </testsuite>
      <testsuite name="Tests\Feature\Http\Middleware\ApiErrorHandlerTest" file="C:\Users\Gaser\Desktop\COPRRA\tests\Feature\Http\Middleware\ApiErrorHandlerTest.php" tests="11" assertions="63" errors="0" failures="0" skipped="0" time="0.708570">
        <testcase name="test_api_error_handler_handles_model_not_found_exception" file="C:\Users\Gaser\Desktop\COPRRA\tests\Feature\Http\Middleware\ApiErrorHandlerTest.php" line="111" class="Tests\Feature\Http\Middleware\ApiErrorHandlerTest" classname="Tests.Feature.Http.Middleware.ApiErrorHandlerTest" assertions="6" time="0.060326"/>
        <testcase name="test_api_error_handler_handles_general_exception_in_development" file="C:\Users\Gaser\Desktop\COPRRA\tests\Feature\Http\Middleware\ApiErrorHandlerTest.php" line="245" class="Tests\Feature\Http\Middleware\ApiErrorHandlerTest" classname="Tests.Feature.Http.Middleware.ApiErrorHandlerTest" assertions="6" time="0.059976"/>
        <testcase name="test_api_error_handler_handles_general_exception_in_production" file="C:\Users\Gaser\Desktop\COPRRA\tests\Feature\Http\Middleware\ApiErrorHandlerTest.php" line="221" class="Tests\Feature\Http\Middleware\ApiErrorHandlerTest" classname="Tests.Feature.Http.Middleware.ApiErrorHandlerTest" assertions="6" time="0.063749"/>
        <testcase name="test_api_error_handler_handles_authorization_exception" file="C:\Users\Gaser\Desktop\COPRRA\tests\Feature\Http\Middleware\ApiErrorHandlerTest.php" line="89" class="Tests\Feature\Http\Middleware\ApiErrorHandlerTest" classname="Tests.Feature.Http.Middleware.ApiErrorHandlerTest" assertions="6" time="0.066328"/>
        <testcase name="test_api_error_handler_handles_method_not_allowed_exception" file="C:\Users\Gaser\Desktop\COPRRA\tests\Feature\Http\Middleware\ApiErrorHandlerTest.php" line="155" class="Tests\Feature\Http\Middleware\ApiErrorHandlerTest" classname="Tests.Feature.Http.Middleware.ApiErrorHandlerTest" assertions="6" time="0.064318"/>
        <testcase name="test_api_error_handler_handles_validation_exception" file="C:\Users\Gaser\Desktop\COPRRA\tests\Feature\Http\Middleware\ApiErrorHandlerTest.php" line="44" class="Tests\Feature\Http\Middleware\ApiErrorHandlerTest" classname="Tests.Feature.Http.Middleware.ApiErrorHandlerTest" assertions="7" time="0.059934"/>
        <testcase name="test_api_error_handler_handles_pdo_exception" file="C:\Users\Gaser\Desktop\COPRRA\tests\Feature\Http\Middleware\ApiErrorHandlerTest.php" line="199" class="Tests\Feature\Http\Middleware\ApiErrorHandlerTest" classname="Tests.Feature.Http.Middleware.ApiErrorHandlerTest" assertions="6" time="0.076059"/>
        <testcase name="test_api_error_handler_handles_too_many_requests_exception" file="C:\Users\Gaser\Desktop\COPRRA\tests\Feature\Http\Middleware\ApiErrorHandlerTest.php" line="177" class="Tests\Feature\Http\Middleware\ApiErrorHandlerTest" classname="Tests.Feature.Http.Middleware.ApiErrorHandlerTest" assertions="6" time="0.063959"/>
        <testcase name="test_api_error_handler_handles_authentication_exception" file="C:\Users\Gaser\Desktop\COPRRA\tests\Feature\Http\Middleware\ApiErrorHandlerTest.php" line="67" class="Tests\Feature\Http\Middleware\ApiErrorHandlerTest" classname="Tests.Feature.Http.Middleware.ApiErrorHandlerTest" assertions="6" time="0.063745"/>
        <testcase name="test_api_error_handler_handles_not_found_http_exception" file="C:\Users\Gaser\Desktop\COPRRA\tests\Feature\Http\Middleware\ApiErrorHandlerTest.php" line="133" class="Tests\Feature\Http\Middleware\ApiErrorHandlerTest" classname="Tests.Feature.Http.Middleware.ApiErrorHandlerTest" assertions="6" time="0.060283"/>
        <testcase name="test_api_error_handler_passes_request_successfully" file="C:\Users\Gaser\Desktop\COPRRA\tests\Feature\Http\Middleware\ApiErrorHandlerTest.php" line="28" class="Tests\Feature\Http\Middleware\ApiErrorHandlerTest" classname="Tests.Feature.Http.Middleware.ApiErrorHandlerTest" assertions="2" time="0.069893"/>
      </testsuite>
      <testsuite name="Tests\Feature\Services\CacheServiceTest" file="C:\Users\Gaser\Desktop\COPRRA\tests\Feature\Services\CacheServiceTest.php" tests="9" assertions="9" errors="0" failures="0" skipped="0" time="0.571920">
        <testcase name="test_executes_callback_on_cache_miss" file="C:\Users\Gaser\Desktop\COPRRA\tests\Feature\Services\CacheServiceTest.php" line="51" class="Tests\Feature\Services\CacheServiceTest" classname="Tests.Feature.Services.CacheServiceTest" assertions="1" time="0.062658"/>
        <testcase name="test_handles_forget_exception" file="C:\Users\Gaser\Desktop\COPRRA\tests\Feature\Services\CacheServiceTest.php" line="209" class="Tests\Feature\Services\CacheServiceTest" classname="Tests.Feature.Services.CacheServiceTest" assertions="1" time="0.065823"/>
        <testcase name="test_remembers_data_with_cache_hit" file="C:\Users\Gaser\Desktop\COPRRA\tests\Feature\Services\CacheServiceTest.php" line="32" class="Tests\Feature\Services\CacheServiceTest" classname="Tests.Feature.Services.CacheServiceTest" assertions="1" time="0.059480"/>
        <testcase name="test_handles_cache_exception_gracefully" file="C:\Users\Gaser\Desktop\COPRRA\tests\Feature\Services\CacheServiceTest.php" line="74" class="Tests\Feature\Services\CacheServiceTest" classname="Tests.Feature.Services.CacheServiceTest" assertions="1" time="0.061846"/>
        <testcase name="test_builds_cache_key_correctly" file="C:\Users\Gaser\Desktop\COPRRA\tests\Feature\Services\CacheServiceTest.php" line="92" class="Tests\Feature\Services\CacheServiceTest" classname="Tests.Feature.Services.CacheServiceTest" assertions="1" time="0.060448"/>
        <testcase name="test_handles_tags_when_supported" file="C:\Users\Gaser\Desktop\COPRRA\tests\Feature\Services\CacheServiceTest.php" line="112" class="Tests\Feature\Services\CacheServiceTest" classname="Tests.Feature.Services.CacheServiceTest" assertions="1" time="0.062201"/>
        <testcase name="test_forgets_cache_by_tags" file="C:\Users\Gaser\Desktop\COPRRA\tests\Feature\Services\CacheServiceTest.php" line="184" class="Tests\Feature\Services\CacheServiceTest" classname="Tests.Feature.Services.CacheServiceTest" assertions="1" time="0.072077"/>
        <testcase name="test_forgets_cache_by_key" file="C:\Users\Gaser\Desktop\COPRRA\tests\Feature\Services\CacheServiceTest.php" line="168" class="Tests\Feature\Services\CacheServiceTest" classname="Tests.Feature.Services.CacheServiceTest" assertions="1" time="0.066039"/>
        <testcase name="test_logs_cache_miss_with_execution_time" file="C:\Users\Gaser\Desktop\COPRRA\tests\Feature\Services\CacheServiceTest.php" line="139" class="Tests\Feature\Services\CacheServiceTest" classname="Tests.Feature.Services.CacheServiceTest" assertions="1" time="0.061349"/>
      </testsuite>
      <testsuite name="Tests\Feature\Models\PriceOfferTest" file="C:\Users\Gaser\Desktop\COPRRA\tests\Feature\Models\PriceOfferTest.php" tests="3" assertions="6" errors="0" failures="0" skipped="0" time="0.208370">
        <testcase name="test_it_can_create_a_price_offer" file="C:\Users\Gaser\Desktop\COPRRA\tests\Feature\Models\PriceOfferTest.php" line="16" class="Tests\Feature\Models\PriceOfferTest" classname="Tests.Feature.Models.PriceOfferTest" assertions="2" time="0.065383"/>
        <testcase name="test_it_can_be_instantiated" file="C:\Users\Gaser\Desktop\COPRRA\tests\Feature\Models\PriceOfferTest.php" line="38" class="Tests\Feature\Models\PriceOfferTest" classname="Tests.Feature.Models.PriceOfferTest" assertions="2" time="0.059372"/>
        <testcase name="test_it_has_expected_properties" file="C:\Users\Gaser\Desktop\COPRRA\tests\Feature\Models\PriceOfferTest.php" line="27" class="Tests\Feature\Models\PriceOfferTest" classname="Tests.Feature.Models.PriceOfferTest" assertions="2" time="0.083614"/>
      </testsuite>
      <testsuite name="Tests\Feature\Http\Middleware\EncryptCookiesTest" file="C:\Users\Gaser\Desktop\COPRRA\tests\Feature\Http\Middleware\EncryptCookiesTest.php" tests="4" assertions="22" errors="0" failures="0" skipped="0" time="0.254276">
        <testcase name="test_encrypt_cookies_middleware_encrypts_cookies" file="C:\Users\Gaser\Desktop\COPRRA\tests\Feature\Http\Middleware\EncryptCookiesTest.php" line="19" class="Tests\Feature\Http\Middleware\EncryptCookiesTest" classname="Tests.Feature.Http.Middleware.EncryptCookiesTest" assertions="7" time="0.072849"/>
        <testcase name="test_encrypt_cookies_middleware_handles_multiple_cookies" file="C:\Users\Gaser\Desktop\COPRRA\tests\Feature\Http\Middleware\EncryptCookiesTest.php" line="64" class="Tests\Feature\Http\Middleware\EncryptCookiesTest" classname="Tests.Feature.Http.Middleware.EncryptCookiesTest" assertions="10" time="0.060091"/>
        <testcase name="test_encrypt_cookies_middleware_handles_existing_cookies" file="C:\Users\Gaser\Desktop\COPRRA\tests\Feature\Http\Middleware\EncryptCookiesTest.php" line="93" class="Tests\Feature\Http\Middleware\EncryptCookiesTest" classname="Tests.Feature.Http.Middleware.EncryptCookiesTest" assertions="3" time="0.060772"/>
        <testcase name="test_encrypt_cookies_middleware_passes_request_successfully" file="C:\Users\Gaser\Desktop\COPRRA\tests\Feature\Http\Middleware\EncryptCookiesTest.php" line="50" class="Tests\Feature\Http\Middleware\EncryptCookiesTest" classname="Tests.Feature.Http.Middleware.EncryptCookiesTest" assertions="2" time="0.060564"/>
      </testsuite>
      <testsuite name="Tests\Feature\SessionManagementTest" file="C:\Users\Gaser\Desktop\COPRRA\tests\Feature\SessionManagementTest.php" tests="3" assertions="3" errors="0" failures="0" skipped="0" time="0.186374">
        <testcase name="test_basic_functionality" file="C:\Users\Gaser\Desktop\COPRRA\tests\Feature\SessionManagementTest.php" line="18" class="Tests\Feature\SessionManagementTest" classname="Tests.Feature.SessionManagementTest" assertions="1" time="0.063751"/>
        <testcase name="test_expected_behavior" file="C:\Users\Gaser\Desktop\COPRRA\tests\Feature\SessionManagementTest.php" line="25" class="Tests\Feature\SessionManagementTest" classname="Tests.Feature.SessionManagementTest" assertions="1" time="0.060548"/>
        <testcase name="test_validation" file="C:\Users\Gaser\Desktop\COPRRA\tests\Feature\SessionManagementTest.php" line="32" class="Tests\Feature\SessionManagementTest" classname="Tests.Feature.SessionManagementTest" assertions="1" time="0.062075"/>
      </testsuite>
      <testsuite name="Tests\Feature\Models\CategoryTest" file="C:\Users\Gaser\Desktop\COPRRA\tests\Feature\Models\CategoryTest.php" tests="13" assertions="29" errors="0" failures="0" skipped="0" time="0.861445">
        <testcase name="test_level_calculation_on_parent_change" file="C:\Users\Gaser\Desktop\COPRRA\tests\Feature\Models\CategoryTest.php" line="198" class="Tests\Feature\Models\CategoryTest" classname="Tests.Feature.Models.CategoryTest" assertions="1" time="0.085791"/>
        <testcase name="test_it_can_create_a_category" file="C:\Users\Gaser\Desktop\COPRRA\tests\Feature\Models\CategoryTest.php" line="20" class="Tests\Feature\Models\CategoryTest" classname="Tests.Feature.Models.CategoryTest" assertions="5" time="0.063029"/>
        <testcase name="test_category_hierarchy_parent_child" file="C:\Users\Gaser\Desktop\COPRRA\tests\Feature\Models\CategoryTest.php" line="179" class="Tests\Feature\Models\CategoryTest" classname="Tests.Feature.Models.CategoryTest" assertions="6" time="0.063677"/>
        <testcase name="test_it_has_products_relationship" file="C:\Users\Gaser\Desktop\COPRRA\tests\Feature\Models\CategoryTest.php" line="43" class="Tests\Feature\Models\CategoryTest" classname="Tests.Feature.Models.CategoryTest" assertions="2" time="0.062923"/>
        <testcase name="test_it_can_validate_required_fields" file="C:\Users\Gaser\Desktop\COPRRA\tests\Feature\Models\CategoryTest.php" line="58" class="Tests\Feature\Models\CategoryTest" classname="Tests.Feature.Models.CategoryTest" assertions="2" time="0.066263"/>
        <testcase name="test_it_auto_generates_slug_from_name" file="C:\Users\Gaser\Desktop\COPRRA\tests\Feature\Models\CategoryTest.php" line="156" class="Tests\Feature\Models\CategoryTest" classname="Tests.Feature.Models.CategoryTest" assertions="1" time="0.066922"/>
        <testcase name="test_it_can_validate_name_length" file="C:\Users\Gaser\Desktop\COPRRA\tests\Feature\Models\CategoryTest.php" line="72" class="Tests\Feature\Models\CategoryTest" classname="Tests.Feature.Models.CategoryTest" assertions="2" time="0.063433"/>
        <testcase name="test_it_can_scope_active_categories" file="C:\Users\Gaser\Desktop\COPRRA\tests\Feature\Models\CategoryTest.php" line="83" class="Tests\Feature\Models\CategoryTest" classname="Tests.Feature.Models.CategoryTest" assertions="2" time="0.073286"/>
        <testcase name="test_it_can_search_categories_by_name" file="C:\Users\Gaser\Desktop\COPRRA\tests\Feature\Models\CategoryTest.php" line="98" class="Tests\Feature\Models\CategoryTest" classname="Tests.Feature.Models.CategoryTest" assertions="2" time="0.062273"/>
        <testcase name="test_it_can_soft_delete_category" file="C:\Users\Gaser\Desktop\COPRRA\tests\Feature\Models\CategoryTest.php" line="127" class="Tests\Feature\Models\CategoryTest" classname="Tests.Feature.Models.CategoryTest" assertions="2" time="0.065901"/>
        <testcase name="test_it_can_get_category_with_products_count" file="C:\Users\Gaser\Desktop\COPRRA\tests\Feature\Models\CategoryTest.php" line="113" class="Tests\Feature\Models\CategoryTest" classname="Tests.Feature.Models.CategoryTest" assertions="1" time="0.063836"/>
        <testcase name="test_it_updates_slug_when_name_changes" file="C:\Users\Gaser\Desktop\COPRRA\tests\Feature\Models\CategoryTest.php" line="166" class="Tests\Feature\Models\CategoryTest" classname="Tests.Feature.Models.CategoryTest" assertions="1" time="0.061644"/>
        <testcase name="test_it_can_restore_soft_deleted_category" file="C:\Users\Gaser\Desktop\COPRRA\tests\Feature\Models\CategoryTest.php" line="141" class="Tests\Feature\Models\CategoryTest" classname="Tests.Feature.Models.CategoryTest" assertions="2" time="0.062465"/>
      </testsuite>
      <testsuite name="Tests\Feature\Http\Controllers\HomeControllerTest" file="C:\Users\Gaser\Desktop\COPRRA\tests\Feature\Http\Controllers\HomeControllerTest.php" tests="3" assertions="3" errors="0" failures="0" skipped="0" time="2.559737">
        <testcase name="it_displays_featured_products_on_home_page" file="C:\Users\Gaser\Desktop\COPRRA\tests\Feature\Http\Controllers\HomeControllerTest.php" line="31" class="Tests\Feature\Http\Controllers\HomeControllerTest" classname="Tests.Feature.Http.Controllers.HomeControllerTest" assertions="1" time="0.862699"/>
        <testcase name="it_displays_latest_products_on_home_page" file="C:\Users\Gaser\Desktop\COPRRA\tests\Feature\Http\Controllers\HomeControllerTest.php" line="39" class="Tests\Feature\Http\Controllers\HomeControllerTest" classname="Tests.Feature.Http.Controllers.HomeControllerTest" assertions="1" time="0.857633"/>
        <testcase name="it_can_display_home_page" file="C:\Users\Gaser\Desktop\COPRRA\tests\Feature\Http\Controllers\HomeControllerTest.php" line="23" class="Tests\Feature\Http\Controllers\HomeControllerTest" classname="Tests.Feature.Http.Controllers.HomeControllerTest" assertions="1" time="0.839405"/>
      </testsuite>
      <testsuite name="Tests\Feature\ThirdPartyApiTest" file="C:\Users\Gaser\Desktop\COPRRA\tests\Feature\ThirdPartyApiTest.php" tests="3" assertions="3" errors="0" failures="0" skipped="0" time="0.202709">
        <testcase name="test_expected_behavior" file="C:\Users\Gaser\Desktop\COPRRA\tests\Feature\ThirdPartyApiTest.php" line="25" class="Tests\Feature\ThirdPartyApiTest" classname="Tests.Feature.ThirdPartyApiTest" assertions="1" time="0.073476"/>
        <testcase name="test_validation" file="C:\Users\Gaser\Desktop\COPRRA\tests\Feature\ThirdPartyApiTest.php" line="32" class="Tests\Feature\ThirdPartyApiTest" classname="Tests.Feature.ThirdPartyApiTest" assertions="1" time="0.067928"/>
        <testcase name="test_basic_functionality" file="C:\Users\Gaser\Desktop\COPRRA\tests\Feature\ThirdPartyApiTest.php" line="18" class="Tests\Feature\ThirdPartyApiTest" classname="Tests.Feature.ThirdPartyApiTest" assertions="1" time="0.061304"/>
      </testsuite>
      <testsuite name="Tests\Feature\Models\UserPointTest" file="C:\Users\Gaser\Desktop\COPRRA\tests\Feature\Models\UserPointTest.php" tests="8" assertions="20" errors="0" failures="0" skipped="0" time="0.543032">
        <testcase name="it_belongs_to_order" file="C:\Users\Gaser\Desktop\COPRRA\tests\Feature\Models\UserPointTest.php" line="71" class="Tests\Feature\Models\UserPointTest" classname="Tests.Feature.Models.UserPointTest" assertions="2" time="0.068853"/>
        <testcase name="it_has_valid_scope" file="C:\Users\Gaser\Desktop\COPRRA\tests\Feature\Models\UserPointTest.php" line="105" class="Tests\Feature\Models\UserPointTest" classname="Tests.Feature.Models.UserPointTest" assertions="1" time="0.075955"/>
        <testcase name="it_can_create_a_user_point" file="C:\Users\Gaser\Desktop\COPRRA\tests\Feature\Models\UserPointTest.php" line="19" class="Tests\Feature\Models\UserPointTest" classname="Tests.Feature.Models.UserPointTest" assertions="9" time="0.066076"/>
        <testcase name="it_has_redeemed_scope" file="C:\Users\Gaser\Desktop\COPRRA\tests\Feature\Models\UserPointTest.php" line="93" class="Tests\Feature\Models\UserPointTest" classname="Tests.Feature.Models.UserPointTest" assertions="2" time="0.064565"/>
        <testcase name="it_has_earned_scope" file="C:\Users\Gaser\Desktop\COPRRA\tests\Feature\Models\UserPointTest.php" line="81" class="Tests\Feature\Models\UserPointTest" classname="Tests.Feature.Models.UserPointTest" assertions="2" time="0.075203"/>
        <testcase name="it_casts_expires_at_to_datetime" file="C:\Users\Gaser\Desktop\COPRRA\tests\Feature\Models\UserPointTest.php" line="51" class="Tests\Feature\Models\UserPointTest" classname="Tests.Feature.Models.UserPointTest" assertions="1" time="0.063872"/>
        <testcase name="it_has_fillable_attributes" file="C:\Users\Gaser\Desktop\COPRRA\tests\Feature\Models\UserPointTest.php" line="122" class="Tests\Feature\Models\UserPointTest" classname="Tests.Feature.Models.UserPointTest" assertions="1" time="0.063080"/>
        <testcase name="it_belongs_to_user" file="C:\Users\Gaser\Desktop\COPRRA\tests\Feature\Models\UserPointTest.php" line="61" class="Tests\Feature\Models\UserPointTest" classname="Tests.Feature.Models.UserPointTest" assertions="2" time="0.065429"/>
      </testsuite>
      <testsuite name="Tests\Feature\Http\Controllers\SettingControllerTest" file="C:\Users\Gaser\Desktop\COPRRA\tests\Feature\Http\Controllers\SettingControllerTest.php" tests="3" assertions="7" errors="0" failures="0" skipped="0" time="2.936173">
        <testcase name="it_can_update_settings" file="C:\Users\Gaser\Desktop\COPRRA\tests\Feature\Http\Controllers\SettingControllerTest.php" line="38" class="Tests\Feature\Http\Controllers\SettingControllerTest" classname="Tests.Feature.Http.Controllers.SettingControllerTest" assertions="2" time="1.013389"/>
        <testcase name="it_validates_settings_update_request" file="C:\Users\Gaser\Desktop\COPRRA\tests\Feature\Http\Controllers\SettingControllerTest.php" line="54" class="Tests\Feature\Http\Controllers\SettingControllerTest" classname="Tests.Feature.Http.Controllers.SettingControllerTest" assertions="1" time="0.966028"/>
        <testcase name="it_can_get_all_settings" file="C:\Users\Gaser\Desktop\COPRRA\tests\Feature\Http\Controllers\SettingControllerTest.php" line="24" class="Tests\Feature\Http\Controllers\SettingControllerTest" classname="Tests.Feature.Http.Controllers.SettingControllerTest" assertions="4" time="0.956756"/>
      </testsuite>
      <testsuite name="Tests\Feature\Services\LoginAttemptServiceTest" file="C:\Users\Gaser\Desktop\COPRRA\tests\Feature\Services\LoginAttemptServiceTest.php" tests="23" assertions="31" errors="0" failures="0" skipped="0" time="1.504014">
        <testcase name="test_records_failed_attempt_without_email" file="C:\Users\Gaser\Desktop\COPRRA\tests\Feature\Services\LoginAttemptServiceTest.php" line="91" class="Tests\Feature\Services\LoginAttemptServiceTest" classname="Tests.Feature.Services.LoginAttemptServiceTest" assertions="1" time="0.084581"/>
        <testcase name="test_gets_statistics" file="C:\Users\Gaser\Desktop\COPRRA\tests\Feature\Services\LoginAttemptServiceTest.php" line="385" class="Tests\Feature\Services\LoginAttemptServiceTest" classname="Tests.Feature.Services.LoginAttemptServiceTest" assertions="7" time="0.057936"/>
        <testcase name="test_handles_empty_attempts_array" file="C:\Users\Gaser\Desktop\COPRRA\tests\Feature\Services\LoginAttemptServiceTest.php" line="437" class="Tests\Feature\Services\LoginAttemptServiceTest" classname="Tests.Feature.Services.LoginAttemptServiceTest" assertions="1" time="0.059795"/>
        <testcase name="test_handles_non_string_timestamp" file="C:\Users\Gaser\Desktop\COPRRA\tests\Feature\Services\LoginAttemptServiceTest.php" line="488" class="Tests\Feature\Services\LoginAttemptServiceTest" classname="Tests.Feature.Services.LoginAttemptServiceTest" assertions="1" time="0.071345"/>
        <testcase name="test_handles_malformed_timestamp" file="C:\Users\Gaser\Desktop\COPRRA\tests\Feature\Services\LoginAttemptServiceTest.php" line="422" class="Tests\Feature\Services\LoginAttemptServiceTest" classname="Tests.Feature.Services.LoginAttemptServiceTest" assertions="1" time="0.079409"/>
        <testcase name="test_gets_remaining_attempts_for_email" file="C:\Users\Gaser\Desktop\COPRRA\tests\Feature\Services\LoginAttemptServiceTest.php" line="225" class="Tests\Feature\Services\LoginAttemptServiceTest" classname="Tests.Feature.Services.LoginAttemptServiceTest" assertions="1" time="0.074763"/>
        <testcase name="test_gets_lockout_time_remaining_for_ip" file="C:\Users\Gaser\Desktop\COPRRA\tests\Feature\Services\LoginAttemptServiceTest.php" line="278" class="Tests\Feature\Services\LoginAttemptServiceTest" classname="Tests.Feature.Services.LoginAttemptServiceTest" assertions="2" time="0.058490"/>
        <testcase name="test_records_failed_attempt_with_email" file="C:\Users\Gaser\Desktop\COPRRA\tests\Feature\Services\LoginAttemptServiceTest.php" line="40" class="Tests\Feature\Services\LoginAttemptServiceTest" classname="Tests.Feature.Services.LoginAttemptServiceTest" assertions="1" time="0.061318"/>
        <testcase name="test_checks_ip_blocked_when_under_limit" file="C:\Users\Gaser\Desktop\COPRRA\tests\Feature\Services\LoginAttemptServiceTest.php" line="191" class="Tests\Feature\Services\LoginAttemptServiceTest" classname="Tests.Feature.Services.LoginAttemptServiceTest" assertions="1" time="0.061178"/>
        <testcase name="test_handles_non_array_attempts_data" file="C:\Users\Gaser\Desktop\COPRRA\tests\Feature\Services\LoginAttemptServiceTest.php" line="454" class="Tests\Feature\Services\LoginAttemptServiceTest" classname="Tests.Feature.Services.LoginAttemptServiceTest" assertions="1" time="0.059445"/>
        <testcase name="test_records_successful_attempt" file="C:\Users\Gaser\Desktop\COPRRA\tests\Feature\Services\LoginAttemptServiceTest.php" line="121" class="Tests\Feature\Services\LoginAttemptServiceTest" classname="Tests.Feature.Services.LoginAttemptServiceTest" assertions="1" time="0.076755"/>
        <testcase name="test_checks_ip_blocked_when_over_limit" file="C:\Users\Gaser\Desktop\COPRRA\tests\Feature\Services\LoginAttemptServiceTest.php" line="208" class="Tests\Feature\Services\LoginAttemptServiceTest" classname="Tests.Feature.Services.LoginAttemptServiceTest" assertions="1" time="0.061274"/>
        <testcase name="test_checks_email_blocked_when_over_limit" file="C:\Users\Gaser\Desktop\COPRRA\tests\Feature\Services\LoginAttemptServiceTest.php" line="174" class="Tests\Feature\Services\LoginAttemptServiceTest" classname="Tests.Feature.Services.LoginAttemptServiceTest" assertions="1" time="0.060129"/>
        <testcase name="test_unblocks_email" file="C:\Users\Gaser\Desktop\COPRRA\tests\Feature\Services\LoginAttemptServiceTest.php" line="347" class="Tests\Feature\Services\LoginAttemptServiceTest" classname="Tests.Feature.Services.LoginAttemptServiceTest" assertions="1" time="0.063798"/>
        <testcase name="test_gets_lockout_time_remaining_for_email" file="C:\Users\Gaser\Desktop\COPRRA\tests\Feature\Services\LoginAttemptServiceTest.php" line="259" class="Tests\Feature\Services\LoginAttemptServiceTest" classname="Tests.Feature.Services.LoginAttemptServiceTest" assertions="2" time="0.066816"/>
        <testcase name="test_handles_null_attempts_data" file="C:\Users\Gaser\Desktop\COPRRA\tests\Feature\Services\LoginAttemptServiceTest.php" line="331" class="Tests\Feature\Services\LoginAttemptServiceTest" classname="Tests.Feature.Services.LoginAttemptServiceTest" assertions="1" time="0.058917"/>
        <testcase name="test_gets_remaining_attempts_for_ip" file="C:\Users\Gaser\Desktop\COPRRA\tests\Feature\Services\LoginAttemptServiceTest.php" line="242" class="Tests\Feature\Services\LoginAttemptServiceTest" classname="Tests.Feature.Services.LoginAttemptServiceTest" assertions="1" time="0.069350"/>
        <testcase name="test_checks_email_blocked_when_under_limit" file="C:\Users\Gaser\Desktop\COPRRA\tests\Feature\Services\LoginAttemptServiceTest.php" line="157" class="Tests\Feature\Services\LoginAttemptServiceTest" classname="Tests.Feature.Services.LoginAttemptServiceTest" assertions="1" time="0.070958"/>
        <testcase name="test_handles_missing_timestamp_in_attempt" file="C:\Users\Gaser\Desktop\COPRRA\tests\Feature\Services\LoginAttemptServiceTest.php" line="471" class="Tests\Feature\Services\LoginAttemptServiceTest" classname="Tests.Feature.Services.LoginAttemptServiceTest" assertions="1" time="0.059143"/>
        <testcase name="test_handles_expired_lockout" file="C:\Users\Gaser\Desktop\COPRRA\tests\Feature\Services\LoginAttemptServiceTest.php" line="405" class="Tests\Feature\Services\LoginAttemptServiceTest" classname="Tests.Feature.Services.LoginAttemptServiceTest" assertions="1" time="0.059958"/>
        <testcase name="test_unblocks_ip" file="C:\Users\Gaser\Desktop\COPRRA\tests\Feature\Services\LoginAttemptServiceTest.php" line="366" class="Tests\Feature\Services\LoginAttemptServiceTest" classname="Tests.Feature.Services.LoginAttemptServiceTest" assertions="1" time="0.060082"/>
        <testcase name="test_handles_invalid_attempts_data" file="C:\Users\Gaser\Desktop\COPRRA\tests\Feature\Services\LoginAttemptServiceTest.php" line="314" class="Tests\Feature\Services\LoginAttemptServiceTest" classname="Tests.Feature.Services.LoginAttemptServiceTest" assertions="1" time="0.061121"/>
        <testcase name="test_returns_null_when_no_lockout" file="C:\Users\Gaser\Desktop\COPRRA\tests\Feature\Services\LoginAttemptServiceTest.php" line="297" class="Tests\Feature\Services\LoginAttemptServiceTest" classname="Tests.Feature.Services.LoginAttemptServiceTest" assertions="1" time="0.067453"/>
      </testsuite>
      <testsuite name="Tests\Feature\Http\Controllers\ProductControllerTest" file="C:\Users\Gaser\Desktop\COPRRA\tests\Feature\Http\Controllers\ProductControllerTest.php" tests="5" assertions="15" errors="0" failures="0" skipped="0" time="0.445642">
        <testcase name="test_handles_search_with_sort_and_order" file="C:\Users\Gaser\Desktop\COPRRA\tests\Feature\Http\Controllers\ProductControllerTest.php" line="110" class="Tests\Feature\Http\Controllers\ProductControllerTest" classname="Tests.Feature.Http.Controllers.ProductControllerTest" assertions="2" time="0.085346"/>
        <testcase name="test_returns_404_for_nonexistent_product" file="C:\Users\Gaser\Desktop\COPRRA\tests\Feature\Http\Controllers\ProductControllerTest.php" line="96" class="Tests\Feature\Http\Controllers\ProductControllerTest" classname="Tests.Feature.Http.Controllers.ProductControllerTest" assertions="1" time="0.079290"/>
        <testcase name="test_displays_index_page_with_products" file="C:\Users\Gaser\Desktop\COPRRA\tests\Feature\Http\Controllers\ProductControllerTest.php" line="34" class="Tests\Feature\Http\Controllers\ProductControllerTest" classname="Tests.Feature.Http.Controllers.ProductControllerTest" assertions="3" time="0.072229"/>
        <testcase name="test_displays_product_show_page" file="C:\Users\Gaser\Desktop\COPRRA\tests\Feature\Http\Controllers\ProductControllerTest.php" line="74" class="Tests\Feature\Http\Controllers\ProductControllerTest" classname="Tests.Feature.Http.Controllers.ProductControllerTest" assertions="6" time="0.134809"/>
        <testcase name="test_displays_search_results_when_search_parameters_present" file="C:\Users\Gaser\Desktop\COPRRA\tests\Feature\Http\Controllers\ProductControllerTest.php" line="52" class="Tests\Feature\Http\Controllers\ProductControllerTest" classname="Tests.Feature.Http.Controllers.ProductControllerTest" assertions="3" time="0.073968"/>
      </testsuite>
      <testsuite name="Tests\Feature\Http\Middleware\SecurityHeadersTest" file="C:\Users\Gaser\Desktop\COPRRA\tests\Feature\Http\Middleware\SecurityHeadersTest.php" tests="12" assertions="26" errors="0" failures="0" skipped="0" time="5.590276">
        <testcase name="test_security_headers_middleware_logs_suspicious_xss_attempts" file="C:\Users\Gaser\Desktop\COPRRA\tests\Feature\Http\Middleware\SecurityHeadersTest.php" line="125" class="Tests\Feature\Http\Middleware\SecurityHeadersTest" classname="Tests.Feature.Http.Middleware.SecurityHeadersTest" assertions="1" time="0.502877"/>
        <testcase name="test_security_headers_middleware_handles_settings_routes" file="C:\Users\Gaser\Desktop\COPRRA\tests\Feature\Http\Middleware\SecurityHeadersTest.php" line="57" class="Tests\Feature\Http\Middleware\SecurityHeadersTest" classname="Tests.Feature.Http.Middleware.SecurityHeadersTest" assertions="2" time="0.446899"/>
        <testcase name="test_security_headers_middleware_handles_https_redirect_in_production" file="C:\Users\Gaser\Desktop\COPRRA\tests\Feature\Http\Middleware\SecurityHeadersTest.php" line="187" class="Tests\Feature\Http\Middleware\SecurityHeadersTest" classname="Tests.Feature.Http.Middleware.SecurityHeadersTest" assertions="2" time="0.435852"/>
        <testcase name="test_security_headers_middleware_logs_suspicious_sql_injection_attempts" file="C:\Users\Gaser\Desktop\COPRRA\tests\Feature\Http\Middleware\SecurityHeadersTest.php" line="109" class="Tests\Feature\Http\Middleware\SecurityHeadersTest" classname="Tests.Feature.Http.Middleware.SecurityHeadersTest" assertions="1" time="0.437536"/>
        <testcase name="test_security_headers_middleware_logs_suspicious_file_uploads" file="C:\Users\Gaser\Desktop\COPRRA\tests\Feature\Http\Middleware\SecurityHeadersTest.php" line="141" class="Tests\Feature\Http\Middleware\SecurityHeadersTest" classname="Tests.Feature.Http.Middleware.SecurityHeadersTest" assertions="1" time="0.453330"/>
        <testcase name="test_security_headers_middleware_adds_security_headers" file="C:\Users\Gaser\Desktop\COPRRA\tests\Feature\Http\Middleware\SecurityHeadersTest.php" line="23" class="Tests\Feature\Http\Middleware\SecurityHeadersTest" classname="Tests.Feature.Http.Middleware.SecurityHeadersTest" assertions="9" time="0.462002"/>
        <testcase name="test_security_headers_middleware_handles_billing_routes" file="C:\Users\Gaser\Desktop\COPRRA\tests\Feature\Http\Middleware\SecurityHeadersTest.php" line="83" class="Tests\Feature\Http\Middleware\SecurityHeadersTest" classname="Tests.Feature.Http.Middleware.SecurityHeadersTest" assertions="2" time="0.439892"/>
        <testcase name="test_security_headers_middleware_handles_sensitive_routes" file="C:\Users\Gaser\Desktop\COPRRA\tests\Feature\Http\Middleware\SecurityHeadersTest.php" line="44" class="Tests\Feature\Http\Middleware\SecurityHeadersTest" classname="Tests.Feature.Http.Middleware.SecurityHeadersTest" assertions="2" time="0.553276"/>
        <testcase name="test_security_headers_middleware_handles_admin_api_routes" file="C:\Users\Gaser\Desktop\COPRRA\tests\Feature\Http\Middleware\SecurityHeadersTest.php" line="96" class="Tests\Feature\Http\Middleware\SecurityHeadersTest" classname="Tests.Feature.Http.Middleware.SecurityHeadersTest" assertions="2" time="0.445418"/>
        <testcase name="test_security_headers_middleware_handles_profile_routes" file="C:\Users\Gaser\Desktop\COPRRA\tests\Feature\Http\Middleware\SecurityHeadersTest.php" line="70" class="Tests\Feature\Http\Middleware\SecurityHeadersTest" classname="Tests.Feature.Http.Middleware.SecurityHeadersTest" assertions="2" time="0.448809"/>
        <testcase name="test_security_headers_middleware_does_not_log_normal_requests" file="C:\Users\Gaser\Desktop\COPRRA\tests\Feature\Http\Middleware\SecurityHeadersTest.php" line="170" class="Tests\Feature\Http\Middleware\SecurityHeadersTest" classname="Tests.Feature.Http.Middleware.SecurityHeadersTest" assertions="1" time="0.523784"/>
        <testcase name="test_security_headers_middleware_does_not_redirect_https_in_development" file="C:\Users\Gaser\Desktop\COPRRA\tests\Feature\Http\Middleware\SecurityHeadersTest.php" line="203" class="Tests\Feature\Http\Middleware\SecurityHeadersTest" classname="Tests.Feature.Http.Middleware.SecurityHeadersTest" assertions="1" time="0.440601"/>
      </testsuite>
      <testsuite name="Tests\Feature\Models\NotificationSimpleTest" file="C:\Users\Gaser\Desktop\COPRRA\tests\Feature\Models\NotificationSimpleTest.php" tests="33" assertions="62" errors="0" failures="0" skipped="0" time="2.168394">
        <testcase name="test_get_tags_returns_tags_array" file="C:\Users\Gaser\Desktop\COPRRA\tests\Feature\Models\NotificationSimpleTest.php" line="365" class="Tests\Feature\Models\NotificationSimpleTest" classname="Tests.Feature.Models.NotificationSimpleTest" assertions="1" time="0.063964"/>
        <testcase name="test_get_data_returns_specific_key" file="C:\Users\Gaser\Desktop\COPRRA\tests\Feature\Models\NotificationSimpleTest.php" line="345" class="Tests\Feature\Models\NotificationSimpleTest" classname="Tests.Feature.Models.NotificationSimpleTest" assertions="3" time="0.063203"/>
        <testcase name="test_get_summary_returns_full_message_when_short" file="C:\Users\Gaser\Desktop\COPRRA\tests\Feature\Models\NotificationSimpleTest.php" line="325" class="Tests\Feature\Models\NotificationSimpleTest" classname="Tests.Feature.Models.NotificationSimpleTest" assertions="1" time="0.079056"/>
        <testcase name="test_is_unread_returns_false_when_read_at_is_set" file="C:\Users\Gaser\Desktop\COPRRA\tests\Feature\Models\NotificationSimpleTest.php" line="122" class="Tests\Feature\Models\NotificationSimpleTest" classname="Tests.Feature.Models.NotificationSimpleTest" assertions="1" time="0.064201"/>
        <testcase name="test_can_retry_returns_correct_boolean" file="C:\Users\Gaser\Desktop\COPRRA\tests\Feature\Models\NotificationSimpleTest.php" line="401" class="Tests\Feature\Models\NotificationSimpleTest" classname="Tests.Feature.Models.NotificationSimpleTest" assertions="2" time="0.058041"/>
        <testcase name="test_get_type_display_name_returns_correct_names" file="C:\Users\Gaser\Desktop\COPRRA\tests\Feature\Models\NotificationSimpleTest.php" line="207" class="Tests\Feature\Models\NotificationSimpleTest" classname="Tests.Feature.Models.NotificationSimpleTest" assertions="4" time="0.061564"/>
        <testcase name="test_get_metadata_returns_metadata_array" file="C:\Users\Gaser\Desktop\COPRRA\tests\Feature\Models\NotificationSimpleTest.php" line="356" class="Tests\Feature\Models\NotificationSimpleTest" classname="Tests.Feature.Models.NotificationSimpleTest" assertions="1" time="0.060062"/>
        <testcase name="test_it_uses_timestamps" file="C:\Users\Gaser\Desktop\COPRRA\tests\Feature\Models\NotificationSimpleTest.php" line="80" class="Tests\Feature\Models\NotificationSimpleTest" classname="Tests.Feature.Models.NotificationSimpleTest" assertions="1" time="0.072695"/>
        <testcase name="test_it_has_correct_casts" file="C:\Users\Gaser\Desktop\COPRRA\tests\Feature\Models\NotificationSimpleTest.php" line="54" class="Tests\Feature\Models\NotificationSimpleTest" classname="Tests.Feature.Models.NotificationSimpleTest" assertions="1" time="0.059263"/>
        <testcase name="test_is_failed_returns_false_when_status_is_not_failed" file="C:\Users\Gaser\Desktop\COPRRA\tests\Feature\Models\NotificationSimpleTest.php" line="177" class="Tests\Feature\Models\NotificationSimpleTest" classname="Tests.Feature.Models.NotificationSimpleTest" assertions="1" time="0.076107"/>
        <testcase name="test_is_failed_returns_true_when_status_is_failed" file="C:\Users\Gaser\Desktop\COPRRA\tests\Feature\Models\NotificationSimpleTest.php" line="168" class="Tests\Feature\Models\NotificationSimpleTest" classname="Tests.Feature.Models.NotificationSimpleTest" assertions="1" time="0.060224"/>
        <testcase name="test_is_pending_returns_false_when_sent_at_is_set" file="C:\Users\Gaser\Desktop\COPRRA\tests\Feature\Models\NotificationSimpleTest.php" line="158" class="Tests\Feature\Models\NotificationSimpleTest" classname="Tests.Feature.Models.NotificationSimpleTest" assertions="1" time="0.060878"/>
        <testcase name="test_is_sent_returns_true_when_sent_at_is_set" file="C:\Users\Gaser\Desktop\COPRRA\tests\Feature\Models\NotificationSimpleTest.php" line="130" class="Tests\Feature\Models\NotificationSimpleTest" classname="Tests.Feature.Models.NotificationSimpleTest" assertions="1" time="0.058626"/>
        <testcase name="test_get_priority_level_returns_correct_levels" file="C:\Users\Gaser\Desktop\COPRRA\tests\Feature\Models\NotificationSimpleTest.php" line="186" class="Tests\Feature\Models\NotificationSimpleTest" classname="Tests.Feature.Models.NotificationSimpleTest" assertions="5" time="0.060924"/>
        <testcase name="test_get_data_returns_data_array" file="C:\Users\Gaser\Desktop\COPRRA\tests\Feature\Models\NotificationSimpleTest.php" line="336" class="Tests\Feature\Models\NotificationSimpleTest" classname="Tests.Feature.Models.NotificationSimpleTest" assertions="1" time="0.069245"/>
        <testcase name="test_it_has_correct_table_name" file="C:\Users\Gaser\Desktop\COPRRA\tests\Feature\Models\NotificationSimpleTest.php" line="72" class="Tests\Feature\Models\NotificationSimpleTest" classname="Tests.Feature.Models.NotificationSimpleTest" assertions="1" time="0.066534"/>
        <testcase name="test_is_read_returns_false_when_read_at_is_null" file="C:\Users\Gaser\Desktop\COPRRA\tests\Feature\Models\NotificationSimpleTest.php" line="106" class="Tests\Feature\Models\NotificationSimpleTest" classname="Tests.Feature.Models.NotificationSimpleTest" assertions="1" time="0.072563"/>
        <testcase name="test_it_has_correct_fillable_attributes" file="C:\Users\Gaser\Desktop\COPRRA\tests\Feature\Models\NotificationSimpleTest.php" line="31" class="Tests\Feature\Models\NotificationSimpleTest" classname="Tests.Feature.Models.NotificationSimpleTest" assertions="1" time="0.068673"/>
        <testcase name="test_get_summary_truncates_long_messages" file="C:\Users\Gaser\Desktop\COPRRA\tests\Feature\Models\NotificationSimpleTest.php" line="313" class="Tests\Feature\Models\NotificationSimpleTest" classname="Tests.Feature.Models.NotificationSimpleTest" assertions="3" time="0.061187"/>
        <testcase name="test_it_has_correct_hidden_attributes" file="C:\Users\Gaser\Desktop\COPRRA\tests\Feature\Models\NotificationSimpleTest.php" line="88" class="Tests\Feature\Models\NotificationSimpleTest" classname="Tests.Feature.Models.NotificationSimpleTest" assertions="1" time="0.060754"/>
        <testcase name="test_get_color_returns_correct_colors" file="C:\Users\Gaser\Desktop\COPRRA\tests\Feature\Models\NotificationSimpleTest.php" line="275" class="Tests\Feature\Models\NotificationSimpleTest" classname="Tests.Feature.Models.NotificationSimpleTest" assertions="4" time="0.065836"/>
        <testcase name="test_is_sent_returns_false_when_sent_at_is_null" file="C:\Users\Gaser\Desktop\COPRRA\tests\Feature\Models\NotificationSimpleTest.php" line="139" class="Tests\Feature\Models\NotificationSimpleTest" classname="Tests.Feature.Models.NotificationSimpleTest" assertions="1" time="0.061576"/>
        <testcase name="test_get_retry_count_returns_correct_count" file="C:\Users\Gaser\Desktop\COPRRA\tests\Feature\Models\NotificationSimpleTest.php" line="385" class="Tests\Feature\Models\NotificationSimpleTest" classname="Tests.Feature.Models.NotificationSimpleTest" assertions="1" time="0.077013"/>
        <testcase name="test_get_status_display_name_returns_correct_names" file="C:\Users\Gaser\Desktop\COPRRA\tests\Feature\Models\NotificationSimpleTest.php" line="241" class="Tests\Feature\Models\NotificationSimpleTest" classname="Tests.Feature.Models.NotificationSimpleTest" assertions="4" time="0.071691"/>
        <testcase name="test_can_retry_returns_false_when_not_failed" file="C:\Users\Gaser\Desktop\COPRRA\tests\Feature\Models\NotificationSimpleTest.php" line="412" class="Tests\Feature\Models\NotificationSimpleTest" classname="Tests.Feature.Models.NotificationSimpleTest" assertions="1" time="0.062926"/>
        <testcase name="test_has_tag_returns_correct_boolean" file="C:\Users\Gaser\Desktop\COPRRA\tests\Feature\Models\NotificationSimpleTest.php" line="374" class="Tests\Feature\Models\NotificationSimpleTest" classname="Tests.Feature.Models.NotificationSimpleTest" assertions="3" time="0.064130"/>
        <testcase name="test_get_retry_count_returns_zero_when_not_set" file="C:\Users\Gaser\Desktop\COPRRA\tests\Feature\Models\NotificationSimpleTest.php" line="393" class="Tests\Feature\Models\NotificationSimpleTest" classname="Tests.Feature.Models.NotificationSimpleTest" assertions="1" time="0.060572"/>
        <testcase name="test_is_read_returns_true_when_read_at_is_set" file="C:\Users\Gaser\Desktop\COPRRA\tests\Feature\Models\NotificationSimpleTest.php" line="98" class="Tests\Feature\Models\NotificationSimpleTest" classname="Tests.Feature.Models.NotificationSimpleTest" assertions="1" time="0.061911"/>
        <testcase name="test_get_icon_returns_correct_icons" file="C:\Users\Gaser\Desktop\COPRRA\tests\Feature\Models\NotificationSimpleTest.php" line="259" class="Tests\Feature\Models\NotificationSimpleTest" classname="Tests.Feature.Models.NotificationSimpleTest" assertions="4" time="0.060637"/>
        <testcase name="test_get_channel_display_name_returns_correct_names" file="C:\Users\Gaser\Desktop\COPRRA\tests\Feature\Models\NotificationSimpleTest.php" line="223" class="Tests\Feature\Models\NotificationSimpleTest" classname="Tests.Feature.Models.NotificationSimpleTest" assertions="4" time="0.061396"/>
        <testcase name="test_is_unread_returns_true_when_read_at_is_null" file="C:\Users\Gaser\Desktop\COPRRA\tests\Feature\Models\NotificationSimpleTest.php" line="114" class="Tests\Feature\Models\NotificationSimpleTest" classname="Tests.Feature.Models.NotificationSimpleTest" assertions="1" time="0.094136"/>
        <testcase name="test_is_pending_returns_true_when_sent_at_is_null_and_status_is_pending" file="C:\Users\Gaser\Desktop\COPRRA\tests\Feature\Models\NotificationSimpleTest.php" line="148" class="Tests\Feature\Models\NotificationSimpleTest" classname="Tests.Feature.Models.NotificationSimpleTest" assertions="1" time="0.066089"/>
        <testcase name="test_get_badge_text_returns_correct_text" file="C:\Users\Gaser\Desktop\COPRRA\tests\Feature\Models\NotificationSimpleTest.php" line="293" class="Tests\Feature\Models\NotificationSimpleTest" classname="Tests.Feature.Models.NotificationSimpleTest" assertions="4" time="0.062718"/>
      </testsuite>
      <testsuite name="Tests\Feature\Http\Middleware\HandlePrecognitiveRequestsTest" file="C:\Users\Gaser\Desktop\COPRRA\tests\Feature\Http\Middleware\HandlePrecognitiveRequestsTest.php" tests="5" assertions="10" errors="0" failures="0" skipped="0" time="0.312760">
        <testcase name="test_handle_precognitive_requests_middleware_passes_regular_requests" file="C:\Users\Gaser\Desktop\COPRRA\tests\Feature\Http\Middleware\HandlePrecognitiveRequestsTest.php" line="18" class="Tests\Feature\Http\Middleware\HandlePrecognitiveRequestsTest" classname="Tests.Feature.Http.Middleware.HandlePrecognitiveRequestsTest" assertions="2" time="0.064361"/>
        <testcase name="test_handle_precognitive_requests_middleware_handles_put_requests" file="C:\Users\Gaser\Desktop\COPRRA\tests\Feature\Http\Middleware\HandlePrecognitiveRequestsTest.php" line="61" class="Tests\Feature\Http\Middleware\HandlePrecognitiveRequestsTest" classname="Tests.Feature.Http.Middleware.HandlePrecognitiveRequestsTest" assertions="2" time="0.059810"/>
        <testcase name="test_handle_precognitive_requests_middleware_handles_post_requests" file="C:\Users\Gaser\Desktop\COPRRA\tests\Feature\Http\Middleware\HandlePrecognitiveRequestsTest.php" line="45" class="Tests\Feature\Http\Middleware\HandlePrecognitiveRequestsTest" classname="Tests.Feature.Http.Middleware.HandlePrecognitiveRequestsTest" assertions="2" time="0.058653"/>
        <testcase name="test_handle_precognitive_requests_middleware_handles_patch_requests" file="C:\Users\Gaser\Desktop\COPRRA\tests\Feature\Http\Middleware\HandlePrecognitiveRequestsTest.php" line="77" class="Tests\Feature\Http\Middleware\HandlePrecognitiveRequestsTest" classname="Tests.Feature.Http.Middleware.HandlePrecognitiveRequestsTest" assertions="2" time="0.071368"/>
        <testcase name="test_handle_precognitive_requests_middleware_handles_precognitive_header" file="C:\Users\Gaser\Desktop\COPRRA\tests\Feature\Http\Middleware\HandlePrecognitiveRequestsTest.php" line="31" class="Tests\Feature\Http\Middleware\HandlePrecognitiveRequestsTest" classname="Tests.Feature.Http.Middleware.HandlePrecognitiveRequestsTest" assertions="2" time="0.058568"/>
      </testsuite>
      <testsuite name="Tests\Feature\Services\UserBanServiceTest" file="C:\Users\Gaser\Desktop\COPRRA\tests\Feature\Services\UserBanServiceTest.php" tests="18" assertions="24" errors="0" failures="0" skipped="0" time="1.172404">
        <testcase name="test_can_be_instantiated" file="C:\Users\Gaser\Desktop\COPRRA\tests\Feature\Services\UserBanServiceTest.php" line="45" class="Tests\Feature\Services\UserBanServiceTest" classname="Tests.Feature.Services.UserBanServiceTest" assertions="1" time="0.072927"/>
        <testcase name="test_cleans_up_expired_bans" file="C:\Users\Gaser\Desktop\COPRRA\tests\Feature\Services\UserBanServiceTest.php" line="159" class="Tests\Feature\Services\UserBanServiceTest" classname="Tests.Feature.Services.UserBanServiceTest" assertions="3" time="0.059915"/>
        <testcase name="test_handles_ban_user_with_valid_reason" file="C:\Users\Gaser\Desktop\COPRRA\tests\Feature\Services\UserBanServiceTest.php" line="63" class="Tests\Feature\Services\UserBanServiceTest" classname="Tests.Feature.Services.UserBanServiceTest" assertions="1" time="0.061866"/>
        <testcase name="test_gets_ban_reasons" file="C:\Users\Gaser\Desktop\COPRRA\tests\Feature\Services\UserBanServiceTest.php" line="182" class="Tests\Feature\Services\UserBanServiceTest" classname="Tests.Feature.Services.UserBanServiceTest" assertions="1" time="0.064206"/>
        <testcase name="test_checks_user_is_not_banned_by_default" file="C:\Users\Gaser\Desktop\COPRRA\tests\Feature\Services\UserBanServiceTest.php" line="51" class="Tests\Feature\Services\UserBanServiceTest" classname="Tests.Feature.Services.UserBanServiceTest" assertions="1" time="0.071032"/>
        <testcase name="test_checks_can_ban_user" file="C:\Users\Gaser\Desktop\COPRRA\tests\Feature\Services\UserBanServiceTest.php" line="191" class="Tests\Feature\Services\UserBanServiceTest" classname="Tests.Feature.Services.UserBanServiceTest" assertions="1" time="0.063868"/>
        <testcase name="test_handles_auto_unban_expired_user" file="C:\Users\Gaser\Desktop\COPRRA\tests\Feature\Services\UserBanServiceTest.php" line="129" class="Tests\Feature\Services\UserBanServiceTest" classname="Tests.Feature.Services.UserBanServiceTest" assertions="1" time="0.060749"/>
        <testcase name="test_checks_can_unban_user" file="C:\Users\Gaser\Desktop\COPRRA\tests\Feature\Services\UserBanServiceTest.php" line="203" class="Tests\Feature\Services\UserBanServiceTest" classname="Tests.Feature.Services.UserBanServiceTest" assertions="1" time="0.074689"/>
        <testcase name="test_handles_extend_ban" file="C:\Users\Gaser\Desktop\COPRRA\tests\Feature\Services\UserBanServiceTest.php" line="227" class="Tests\Feature\Services\UserBanServiceTest" classname="Tests.Feature.Services.UserBanServiceTest" assertions="1" time="0.059295"/>
        <testcase name="test_gets_ban_info_for_user" file="C:\Users\Gaser\Desktop\COPRRA\tests\Feature\Services\UserBanServiceTest.php" line="117" class="Tests\Feature\Services\UserBanServiceTest" classname="Tests.Feature.Services.UserBanServiceTest" assertions="1" time="0.069008"/>
        <testcase name="test_handles_permanent_ban" file="C:\Users\Gaser\Desktop\COPRRA\tests\Feature\Services\UserBanServiceTest.php" line="91" class="Tests\Feature\Services\UserBanServiceTest" classname="Tests.Feature.Services.UserBanServiceTest" assertions="1" time="0.062342"/>
        <testcase name="test_gets_ban_history" file="C:\Users\Gaser\Desktop\COPRRA\tests\Feature\Services\UserBanServiceTest.php" line="215" class="Tests\Feature\Services\UserBanServiceTest" classname="Tests.Feature.Services.UserBanServiceTest" assertions="1" time="0.062652"/>
        <testcase name="test_handles_ban_user_with_invalid_reason" file="C:\Users\Gaser\Desktop\COPRRA\tests\Feature\Services\UserBanServiceTest.php" line="77" class="Tests\Feature\Services\UserBanServiceTest" classname="Tests.Feature.Services.UserBanServiceTest" assertions="1" time="0.060673"/>
        <testcase name="test_gets_banned_users" file="C:\Users\Gaser\Desktop\COPRRA\tests\Feature\Services\UserBanServiceTest.php" line="141" class="Tests\Feature\Services\UserBanServiceTest" classname="Tests.Feature.Services.UserBanServiceTest" assertions="1" time="0.068625"/>
        <testcase name="test_handles_unban_user" file="C:\Users\Gaser\Desktop\COPRRA\tests\Feature\Services\UserBanServiceTest.php" line="105" class="Tests\Feature\Services\UserBanServiceTest" classname="Tests.Feature.Services.UserBanServiceTest" assertions="1" time="0.078343"/>
        <testcase name="test_handles_reduce_ban" file="C:\Users\Gaser\Desktop\COPRRA\tests\Feature\Services\UserBanServiceTest.php" line="240" class="Tests\Feature\Services\UserBanServiceTest" classname="Tests.Feature.Services.UserBanServiceTest" assertions="1" time="0.060177"/>
        <testcase name="test_gets_users_with_expired_bans" file="C:\Users\Gaser\Desktop\COPRRA\tests\Feature\Services\UserBanServiceTest.php" line="150" class="Tests\Feature\Services\UserBanServiceTest" classname="Tests.Feature.Services.UserBanServiceTest" assertions="1" time="0.060994"/>
        <testcase name="test_gets_ban_statistics" file="C:\Users\Gaser\Desktop\COPRRA\tests\Feature\Services\UserBanServiceTest.php" line="169" class="Tests\Feature\Services\UserBanServiceTest" classname="Tests.Feature.Services.UserBanServiceTest" assertions="5" time="0.061042"/>
      </testsuite>
      <testsuite name="Tests\Feature\ApiEndpointsTest" file="C:\Users\Gaser\Desktop\COPRRA\tests\Feature\ApiEndpointsTest.php" tests="3" assertions="3" errors="0" failures="0" skipped="0" time="0.185070">
        <testcase name="test_validation" file="C:\Users\Gaser\Desktop\COPRRA\tests\Feature\ApiEndpointsTest.php" line="32" class="Tests\Feature\ApiEndpointsTest" classname="Tests.Feature.ApiEndpointsTest" assertions="1" time="0.060262"/>
        <testcase name="test_basic_functionality" file="C:\Users\Gaser\Desktop\COPRRA\tests\Feature\ApiEndpointsTest.php" line="18" class="Tests\Feature\ApiEndpointsTest" classname="Tests.Feature.ApiEndpointsTest" assertions="1" time="0.059220"/>
        <testcase name="test_expected_behavior" file="C:\Users\Gaser\Desktop\COPRRA\tests\Feature\ApiEndpointsTest.php" line="25" class="Tests\Feature\ApiEndpointsTest" classname="Tests.Feature.ApiEndpointsTest" assertions="1" time="0.065588"/>
      </testsuite>
      <testsuite name="Tests\Feature\Http\Middleware\SessionManagementMiddlewareTest" file="C:\Users\Gaser\Desktop\COPRRA\tests\Feature\Http\Middleware\SessionManagementMiddlewareTest.php" tests="5" assertions="10" errors="0" failures="0" skipped="0" time="2.377796">
        <testcase name="test_session_management_middleware_handles_api_requests" file="C:\Users\Gaser\Desktop\COPRRA\tests\Feature\Http\Middleware\SessionManagementMiddlewareTest.php" line="77" class="Tests\Feature\Http\Middleware\SessionManagementMiddlewareTest" classname="Tests.Feature.Http.Middleware.SessionManagementMiddlewareTest" assertions="2" time="0.507844"/>
        <testcase name="test_session_management_middleware_handles_post_requests" file="C:\Users\Gaser\Desktop\COPRRA\tests\Feature\Http\Middleware\SessionManagementMiddlewareTest.php" line="56" class="Tests\Feature\Http\Middleware\SessionManagementMiddlewareTest" classname="Tests.Feature.Http.Middleware.SessionManagementMiddlewareTest" assertions="2" time="0.483321"/>
        <testcase name="test_session_management_middleware_manages_session" file="C:\Users\Gaser\Desktop\COPRRA\tests\Feature\Http\Middleware\SessionManagementMiddlewareTest.php" line="16" class="Tests\Feature\Http\Middleware\SessionManagementMiddlewareTest" classname="Tests.Feature.Http.Middleware.SessionManagementMiddlewareTest" assertions="2" time="0.452249"/>
        <testcase name="test_session_management_middleware_handles_session_data" file="C:\Users\Gaser\Desktop\COPRRA\tests\Feature\Http\Middleware\SessionManagementMiddlewareTest.php" line="35" class="Tests\Feature\Http\Middleware\SessionManagementMiddlewareTest" classname="Tests.Feature.Http.Middleware.SessionManagementMiddlewareTest" assertions="2" time="0.433550"/>
        <testcase name="test_session_management_middleware_handles_session_timeout" file="C:\Users\Gaser\Desktop\COPRRA\tests\Feature\Http\Middleware\SessionManagementMiddlewareTest.php" line="97" class="Tests\Feature\Http\Middleware\SessionManagementMiddlewareTest" classname="Tests.Feature.Http.Middleware.SessionManagementMiddlewareTest" assertions="2" time="0.500832"/>
      </testsuite>
      <testsuite name="Tests\Feature\Http\Middleware\ValidatePostSizeTest" file="C:\Users\Gaser\Desktop\COPRRA\tests\Feature\Http\Middleware\ValidatePostSizeTest.php" tests="5" assertions="10" errors="0" failures="0" skipped="0" time="0.302399">
        <testcase name="test_validate_post_size_middleware_handles_delete_requests" file="C:\Users\Gaser\Desktop\COPRRA\tests\Feature\Http\Middleware\ValidatePostSizeTest.php" line="77" class="Tests\Feature\Http\Middleware\ValidatePostSizeTest" classname="Tests.Feature.Http.Middleware.ValidatePostSizeTest" assertions="2" time="0.063823"/>
        <testcase name="test_validate_post_size_middleware_handles_patch_requests" file="C:\Users\Gaser\Desktop\COPRRA\tests\Feature\Http\Middleware\ValidatePostSizeTest.php" line="62" class="Tests\Feature\Http\Middleware\ValidatePostSizeTest" classname="Tests.Feature.Http.Middleware.ValidatePostSizeTest" assertions="2" time="0.060337"/>
        <testcase name="test_validate_post_size_middleware_handles_get_requests" file="C:\Users\Gaser\Desktop\COPRRA\tests\Feature\Http\Middleware\ValidatePostSizeTest.php" line="34" class="Tests\Feature\Http\Middleware\ValidatePostSizeTest" classname="Tests.Feature.Http.Middleware.ValidatePostSizeTest" assertions="2" time="0.059946"/>
        <testcase name="test_validate_post_size_middleware_handles_put_requests" file="C:\Users\Gaser\Desktop\COPRRA\tests\Feature\Http\Middleware\ValidatePostSizeTest.php" line="47" class="Tests\Feature\Http\Middleware\ValidatePostSizeTest" classname="Tests.Feature.Http.Middleware.ValidatePostSizeTest" assertions="2" time="0.058659"/>
        <testcase name="test_validate_post_size_middleware_allows_valid_post_size" file="C:\Users\Gaser\Desktop\COPRRA\tests\Feature\Http\Middleware\ValidatePostSizeTest.php" line="18" class="Tests\Feature\Http\Middleware\ValidatePostSizeTest" classname="Tests.Feature.Http.Middleware.ValidatePostSizeTest" assertions="2" time="0.059634"/>
      </testsuite>
      <testsuite name="Tests\Feature\Http\Controllers\HealthControllerTest" file="C:\Users\Gaser\Desktop\COPRRA\tests\Feature\Http\Controllers\HealthControllerTest.php" tests="12" assertions="12" errors="0" failures="0" skipped="0" time="10.805697">
        <testcase name="it_returns_unhealthy_status_when_database_fails" file="C:\Users\Gaser\Desktop\COPRRA\tests\Feature\Http\Controllers\HealthControllerTest.php" line="31" class="Tests\Feature\Http\Controllers\HealthControllerTest" classname="Tests.Feature.Http.Controllers.HealthControllerTest" assertions="1" time="0.850614"/>
        <testcase name="it_handles_cache_test_failure" file="C:\Users\Gaser\Desktop\COPRRA\tests\Feature\Http\Controllers\HealthControllerTest.php" line="111" class="Tests\Feature\Http\Controllers\HealthControllerTest" classname="Tests.Feature.Http.Controllers.HealthControllerTest" assertions="1" time="0.919495"/>
        <testcase name="it_includes_version_in_response" file="C:\Users\Gaser\Desktop\COPRRA\tests\Feature\Http\Controllers\HealthControllerTest.php" line="63" class="Tests\Feature\Http\Controllers\HealthControllerTest" classname="Tests.Feature.Http.Controllers.HealthControllerTest" assertions="1" time="0.859055"/>
        <testcase name="it_handles_multiple_system_failures" file="C:\Users\Gaser\Desktop\COPRRA\tests\Feature\Http\Controllers\HealthControllerTest.php" line="103" class="Tests\Feature\Http\Controllers\HealthControllerTest" classname="Tests.Feature.Http.Controllers.HealthControllerTest" assertions="1" time="0.892934"/>
        <testcase name="it_tests_database_connection" file="C:\Users\Gaser\Desktop\COPRRA\tests\Feature\Http\Controllers\HealthControllerTest.php" line="79" class="Tests\Feature\Http\Controllers\HealthControllerTest" classname="Tests.Feature.Http.Controllers.HealthControllerTest" assertions="1" time="0.829861"/>
        <testcase name="it_tests_cache_functionality" file="C:\Users\Gaser\Desktop\COPRRA\tests\Feature\Http\Controllers\HealthControllerTest.php" line="87" class="Tests\Feature\Http\Controllers\HealthControllerTest" classname="Tests.Feature.Http.Controllers.HealthControllerTest" assertions="1" time="0.850095"/>
        <testcase name="it_returns_unhealthy_status_when_storage_is_not_writable" file="C:\Users\Gaser\Desktop\COPRRA\tests\Feature\Http\Controllers\HealthControllerTest.php" line="39" class="Tests\Feature\Http\Controllers\HealthControllerTest" classname="Tests.Feature.Http.Controllers.HealthControllerTest" assertions="1" time="0.826926"/>
        <testcase name="it_includes_environment_in_response" file="C:\Users\Gaser\Desktop\COPRRA\tests\Feature\Http\Controllers\HealthControllerTest.php" line="71" class="Tests\Feature\Http\Controllers\HealthControllerTest" classname="Tests.Feature.Http.Controllers.HealthControllerTest" assertions="1" time="0.853910"/>
        <testcase name="it_includes_timestamp_in_response" file="C:\Users\Gaser\Desktop\COPRRA\tests\Feature\Http\Controllers\HealthControllerTest.php" line="55" class="Tests\Feature\Http\Controllers\HealthControllerTest" classname="Tests.Feature.Http.Controllers.HealthControllerTest" assertions="1" time="0.962324"/>
        <testcase name="it_tests_storage_writability" file="C:\Users\Gaser\Desktop\COPRRA\tests\Feature\Http\Controllers\HealthControllerTest.php" line="95" class="Tests\Feature\Http\Controllers\HealthControllerTest" classname="Tests.Feature.Http.Controllers.HealthControllerTest" assertions="1" time="1.053918"/>
        <testcase name="it_returns_healthy_status_when_all_systems_operational" file="C:\Users\Gaser\Desktop\COPRRA\tests\Feature\Http\Controllers\HealthControllerTest.php" line="23" class="Tests\Feature\Http\Controllers\HealthControllerTest" classname="Tests.Feature.Http.Controllers.HealthControllerTest" assertions="1" time="0.936481"/>
        <testcase name="it_returns_unhealthy_status_when_cache_fails" file="C:\Users\Gaser\Desktop\COPRRA\tests\Feature\Http\Controllers\HealthControllerTest.php" line="47" class="Tests\Feature\Http\Controllers\HealthControllerTest" classname="Tests.Feature.Http.Controllers.HealthControllerTest" assertions="1" time="0.970083"/>
      </testsuite>
      <testsuite name="Tests\Feature\Http\Middleware\AuthorizeTest" file="C:\Users\Gaser\Desktop\COPRRA\tests\Feature\Http\Middleware\AuthorizeTest.php" tests="5" assertions="14" errors="0" failures="0" skipped="0" time="0.381941">
        <testcase name="test_authorize_middleware_allows_authorized_requests" file="C:\Users\Gaser\Desktop\COPRRA\tests\Feature\Http\Middleware\AuthorizeTest.php" line="19" class="Tests\Feature\Http\Middleware\AuthorizeTest" classname="Tests.Feature.Http.Middleware.AuthorizeTest" assertions="4" time="0.109730"/>
        <testcase name="test_authorize_middleware_handles_api_requests" file="C:\Users\Gaser\Desktop\COPRRA\tests\Feature\Http\Middleware\AuthorizeTest.php" line="90" class="Tests\Feature\Http\Middleware\AuthorizeTest" classname="Tests.Feature.Http.Middleware.AuthorizeTest" assertions="3" time="0.065750"/>
        <testcase name="test_authorize_middleware_handles_post_requests" file="C:\Users\Gaser\Desktop\COPRRA\tests\Feature\Http\Middleware\AuthorizeTest.php" line="62" class="Tests\Feature\Http\Middleware\AuthorizeTest" classname="Tests.Feature.Http.Middleware.AuthorizeTest" assertions="3" time="0.065212"/>
        <testcase name="test_authorize_middleware_handles_unauthenticated_users" file="C:\Users\Gaser\Desktop\COPRRA\tests\Feature\Http\Middleware\AuthorizeTest.php" line="44" class="Tests\Feature\Http\Middleware\AuthorizeTest" classname="Tests.Feature.Http.Middleware.AuthorizeTest" assertions="3" time="0.074216"/>
        <testcase name="test_authorize_middleware_handles_null_user" file="C:\Users\Gaser\Desktop\COPRRA\tests\Feature\Http\Middleware\AuthorizeTest.php" line="117" class="Tests\Feature\Http\Middleware\AuthorizeTest" classname="Tests.Feature.Http.Middleware.AuthorizeTest" assertions="1" time="0.067034"/>
      </testsuite>
      <testsuite name="Tests\Feature\Http\Middleware\RedirectIfAuthenticatedTest" file="C:\Users\Gaser\Desktop\COPRRA\tests\Feature\Http\Middleware\RedirectIfAuthenticatedTest.php" tests="5" assertions="8" errors="0" failures="0" skipped="0" time="0.358133">
        <testcase name="test_redirect_if_authenticated_middleware_redirects_authenticated_users" file="C:\Users\Gaser\Desktop\COPRRA\tests\Feature\Http\Middleware\RedirectIfAuthenticatedTest.php" line="19" class="Tests\Feature\Http\Middleware\RedirectIfAuthenticatedTest" classname="Tests.Feature.Http.Middleware.RedirectIfAuthenticatedTest" assertions="2" time="0.069335"/>
        <testcase name="test_redirect_if_authenticated_middleware_allows_unauthenticated_users" file="C:\Users\Gaser\Desktop\COPRRA\tests\Feature\Http\Middleware\RedirectIfAuthenticatedTest.php" line="36" class="Tests\Feature\Http\Middleware\RedirectIfAuthenticatedTest" classname="Tests.Feature.Http.Middleware.RedirectIfAuthenticatedTest" assertions="2" time="0.080091"/>
        <testcase name="test_redirect_if_authenticated_middleware_handles_different_routes" file="C:\Users\Gaser\Desktop\COPRRA\tests\Feature\Http\Middleware\RedirectIfAuthenticatedTest.php" line="66" class="Tests\Feature\Http\Middleware\RedirectIfAuthenticatedTest" classname="Tests.Feature.Http.Middleware.RedirectIfAuthenticatedTest" assertions="1" time="0.070808"/>
        <testcase name="test_redirect_if_authenticated_middleware_handles_null_user" file="C:\Users\Gaser\Desktop\COPRRA\tests\Feature\Http\Middleware\RedirectIfAuthenticatedTest.php" line="82" class="Tests\Feature\Http\Middleware\RedirectIfAuthenticatedTest" classname="Tests.Feature.Http.Middleware.RedirectIfAuthenticatedTest" assertions="2" time="0.063590"/>
        <testcase name="test_redirect_if_authenticated_middleware_handles_api_requests" file="C:\Users\Gaser\Desktop\COPRRA\tests\Feature\Http\Middleware\RedirectIfAuthenticatedTest.php" line="49" class="Tests\Feature\Http\Middleware\RedirectIfAuthenticatedTest" classname="Tests.Feature.Http.Middleware.RedirectIfAuthenticatedTest" assertions="1" time="0.074309"/>
      </testsuite>
      <testsuite name="Tests\Feature\E2E\AuthenticationFlowTest" file="C:\Users\Gaser\Desktop\COPRRA\tests\Feature\E2E\AuthenticationFlowTest.php" tests="7" assertions="26" errors="0" failures="0" skipped="0" time="1.811581">
        <testcase name="test_authenticated_user_cannot_access_login_page" file="C:\Users\Gaser\Desktop\COPRRA\tests\Feature\E2E\AuthenticationFlowTest.php" line="125" class="Tests\Feature\E2E\AuthenticationFlowTest" classname="Tests.Feature.E2E.AuthenticationFlowTest" assertions="2" time="0.070572"/>
        <testcase name="test_complete_logout_flow" file="C:\Users\Gaser\Desktop\COPRRA\tests\Feature\E2E\AuthenticationFlowTest.php" line="65" class="Tests\Feature\E2E\AuthenticationFlowTest" classname="Tests.Feature.E2E.AuthenticationFlowTest" assertions="3" time="0.074426"/>
        <testcase name="test_complete_password_reset_flow" file="C:\Users\Gaser\Desktop\COPRRA\tests\Feature\E2E\AuthenticationFlowTest.php" line="85" class="Tests\Feature\E2E\AuthenticationFlowTest" classname="Tests.Feature.E2E.AuthenticationFlowTest" assertions="2" time="0.307492"/>
        <testcase name="test_complete_registration_flow" file="C:\Users\Gaser\Desktop\COPRRA\tests\Feature\E2E\AuthenticationFlowTest.php" line="16" class="Tests\Feature\E2E\AuthenticationFlowTest" classname="Tests.Feature.E2E.AuthenticationFlowTest" assertions="5" time="0.076151"/>
        <testcase name="test_rate_limiting_on_login" file="C:\Users\Gaser\Desktop\COPRRA\tests\Feature\E2E\AuthenticationFlowTest.php" line="103" class="Tests\Feature\E2E\AuthenticationFlowTest" classname="Tests.Feature.E2E.AuthenticationFlowTest" assertions="6" time="1.136683"/>
        <testcase name="test_guest_cannot_access_dashboard" file="C:\Users\Gaser\Desktop\COPRRA\tests\Feature\E2E\AuthenticationFlowTest.php" line="134" class="Tests\Feature\E2E\AuthenticationFlowTest" classname="Tests.Feature.E2E.AuthenticationFlowTest" assertions="2" time="0.069880"/>
        <testcase name="test_complete_login_flow" file="C:\Users\Gaser\Desktop\COPRRA\tests\Feature\E2E\AuthenticationFlowTest.php" line="41" class="Tests\Feature\E2E\AuthenticationFlowTest" classname="Tests.Feature.E2E.AuthenticationFlowTest" assertions="6" time="0.076379"/>
      </testsuite>
      <testsuite name="Tests\Feature\SEOTest" file="C:\Users\Gaser\Desktop\COPRRA\tests\Feature\SEOTest.php" tests="18" assertions="50" errors="0" failures="0" skipped="0" time="1.287083">
        <testcase name="test_validates_meta_data_correctly" file="C:\Users\Gaser\Desktop\COPRRA\tests\Feature\SEOTest.php" line="105" class="Tests\Feature\SEOTest" classname="Tests.Feature.SEOTest" assertions="1" time="0.063654"/>
        <testcase name="test_generates_breadcrumb_structured_data" file="C:\Users\Gaser\Desktop\COPRRA\tests\Feature\SEOTest.php" line="196" class="Tests\Feature\SEOTest" classname="Tests.Feature.SEOTest" assertions="4" time="0.077587"/>
        <testcase name="test_generates_sitemap_successfully" file="C:\Users\Gaser\Desktop\COPRRA\tests\Feature\SEOTest.php" line="212" class="Tests\Feature\SEOTest" classname="Tests.Feature.SEOTest" assertions="4" time="0.111412"/>
        <testcase name="test_generates_title_with_correct_length" file="C:\Users\Gaser\Desktop\COPRRA\tests\Feature\SEOTest.php" line="83" class="Tests\Feature\SEOTest" classname="Tests.Feature.SEOTest" assertions="2" time="0.077556"/>
        <testcase name="test_generates_meta_data_for_store" file="C:\Users\Gaser\Desktop\COPRRA\tests\Feature\SEOTest.php" line="69" class="Tests\Feature\SEOTest" classname="Tests.Feature.SEOTest" assertions="3" time="0.064995"/>
        <testcase name="test_seo_audit_can_fix_issues" file="C:\Users\Gaser\Desktop\COPRRA\tests\Feature\SEOTest.php" line="260" class="Tests\Feature\SEOTest" classname="Tests.Feature.SEOTest" assertions="2" time="0.075731"/>
        <testcase name="test_detects_long_title" file="C:\Users\Gaser\Desktop\COPRRA\tests\Feature\SEOTest.php" line="149" class="Tests\Feature\SEOTest" classname="Tests.Feature.SEOTest" assertions="2" time="0.059730"/>
        <testcase name="test_generates_structured_data_for_product" file="C:\Users\Gaser\Desktop\COPRRA\tests\Feature\SEOTest.php" line="179" class="Tests\Feature\SEOTest" classname="Tests.Feature.SEOTest" assertions="5" time="0.081643"/>
        <testcase name="test_generates_meta_data_for_category" file="C:\Users\Gaser\Desktop\COPRRA\tests\Feature\SEOTest.php" line="55" class="Tests\Feature\SEOTest" classname="Tests.Feature.SEOTest" assertions="3" time="0.063331"/>
        <testcase name="test_generates_description_with_correct_length" file="C:\Users\Gaser\Desktop\COPRRA\tests\Feature\SEOTest.php" line="94" class="Tests\Feature\SEOTest" classname="Tests.Feature.SEOTest" assertions="2" time="0.064818"/>
        <testcase name="test_robots_txt_file_exists" file="C:\Users\Gaser\Desktop\COPRRA\tests\Feature\SEOTest.php" line="277" class="Tests\Feature\SEOTest" classname="Tests.Feature.SEOTest" assertions="1" time="0.059149"/>
        <testcase name="test_detects_short_title" file="C:\Users\Gaser\Desktop\COPRRA\tests\Feature\SEOTest.php" line="134" class="Tests\Feature\SEOTest" classname="Tests.Feature.SEOTest" assertions="2" time="0.066158"/>
        <testcase name="test_robots_txt_has_correct_content" file="C:\Users\Gaser\Desktop\COPRRA\tests\Feature\SEOTest.php" line="282" class="Tests\Feature\SEOTest" classname="Tests.Feature.SEOTest" assertions="3" time="0.066875"/>
        <testcase name="test_detects_missing_description" file="C:\Users\Gaser\Desktop\COPRRA\tests\Feature\SEOTest.php" line="164" class="Tests\Feature\SEOTest" classname="Tests.Feature.SEOTest" assertions="2" time="0.060078"/>
        <testcase name="test_detects_missing_title" file="C:\Users\Gaser\Desktop\COPRRA\tests\Feature\SEOTest.php" line="119" class="Tests\Feature\SEOTest" classname="Tests.Feature.SEOTest" assertions="2" time="0.059271"/>
        <testcase name="test_seo_audit_command_runs_successfully" file="C:\Users\Gaser\Desktop\COPRRA\tests\Feature\SEOTest.php" line="251" class="Tests\Feature\SEOTest" classname="Tests.Feature.SEOTest" assertions="1" time="0.084247"/>
        <testcase name="test_generates_meta_data_for_product" file="C:\Users\Gaser\Desktop\COPRRA\tests\Feature\SEOTest.php" line="33" class="Tests\Feature\SEOTest" classname="Tests.Feature.SEOTest" assertions="10" time="0.063678"/>
        <testcase name="test_sitemap_includes_products" file="C:\Users\Gaser\Desktop\COPRRA\tests\Feature\SEOTest.php" line="235" class="Tests\Feature\SEOTest" classname="Tests.Feature.SEOTest" assertions="1" time="0.087169"/>
      </testsuite>
      <testsuite name="Tests\Feature\Api\OrderApiTest" file="C:\Users\Gaser\Desktop\COPRRA\tests\Feature\Api\OrderApiTest.php" tests="10" assertions="36" errors="0" failures="0" skipped="0" time="0.824686">
        <testcase name="test_create_order_validates_product_exists" file="C:\Users\Gaser\Desktop\COPRRA\tests\Feature\Api\OrderApiTest.php" line="123" class="Tests\Feature\Api\OrderApiTest" classname="Tests.Feature.Api.OrderApiTest" assertions="3" time="0.081053"/>
        <testcase name="test_user_cannot_view_other_users_order" file="C:\Users\Gaser\Desktop\COPRRA\tests\Feature\Api\OrderApiTest.php" line="69" class="Tests\Feature\Api\OrderApiTest" classname="Tests.Feature.Api.OrderApiTest" assertions="1" time="0.068332"/>
        <testcase name="test_user_can_filter_orders_by_status" file="C:\Users\Gaser\Desktop\COPRRA\tests\Feature\Api\OrderApiTest.php" line="38" class="Tests\Feature\Api\OrderApiTest" classname="Tests.Feature.Api.OrderApiTest" assertions="3" time="0.075115"/>
        <testcase name="test_order_list_is_paginated" file="C:\Users\Gaser\Desktop\COPRRA\tests\Feature\Api\OrderApiTest.php" line="167" class="Tests\Feature\Api\OrderApiTest" classname="Tests.Feature.Api.OrderApiTest" assertions="4" time="0.134268"/>
        <testcase name="test_user_can_create_order" file="C:\Users\Gaser\Desktop\COPRRA\tests\Feature\Api\OrderApiTest.php" line="79" class="Tests\Feature\Api\OrderApiTest" classname="Tests.Feature.Api.OrderApiTest" assertions="4" time="0.076234"/>
        <testcase name="test_guest_cannot_access_orders" file="C:\Users\Gaser\Desktop\COPRRA\tests\Feature\Api\OrderApiTest.php" line="138" class="Tests\Feature\Api\OrderApiTest" classname="Tests.Feature.Api.OrderApiTest" assertions="1" time="0.070202"/>
        <testcase name="test_user_can_list_their_orders" file="C:\Users\Gaser\Desktop\COPRRA\tests\Feature\Api\OrderApiTest.php" line="26" class="Tests\Feature\Api\OrderApiTest" classname="Tests.Feature.Api.OrderApiTest" assertions="2" time="0.079495"/>
        <testcase name="test_user_can_view_single_order" file="C:\Users\Gaser\Desktop\COPRRA\tests\Feature\Api\OrderApiTest.php" line="57" class="Tests\Feature\Api\OrderApiTest" classname="Tests.Feature.Api.OrderApiTest" assertions="3" time="0.082319"/>
        <testcase name="test_order_response_includes_status_details" file="C:\Users\Gaser\Desktop\COPRRA\tests\Feature\Api\OrderApiTest.php" line="145" class="Tests\Feature\Api\OrderApiTest" classname="Tests.Feature.Api.OrderApiTest" assertions="10" time="0.074905"/>
        <testcase name="test_create_order_validates_required_fields" file="C:\Users\Gaser\Desktop\COPRRA\tests\Feature\Api\OrderApiTest.php" line="114" class="Tests\Feature\Api\OrderApiTest" classname="Tests.Feature.Api.OrderApiTest" assertions="5" time="0.082764"/>
      </testsuite>
      <testsuite name="Tests\Feature\Http\Middleware\StartSessionTest" file="C:\Users\Gaser\Desktop\COPRRA\tests\Feature\Http\Middleware\StartSessionTest.php" tests="5" assertions="10" errors="0" failures="0" skipped="0" time="0.342442">
        <testcase name="test_start_session_middleware_handles_post_requests" file="C:\Users\Gaser\Desktop\COPRRA\tests\Feature\Http\Middleware\StartSessionTest.php" line="45" class="Tests\Feature\Http\Middleware\StartSessionTest" classname="Tests.Feature.Http.Middleware.StartSessionTest" assertions="2" time="0.079539"/>
        <testcase name="test_start_session_middleware_handles_session_data" file="C:\Users\Gaser\Desktop\COPRRA\tests\Feature\Http\Middleware\StartSessionTest.php" line="31" class="Tests\Feature\Http\Middleware\StartSessionTest" classname="Tests.Feature.Http.Middleware.StartSessionTest" assertions="2" time="0.063927"/>
        <testcase name="test_start_session_middleware_starts_session" file="C:\Users\Gaser\Desktop\COPRRA\tests\Feature\Http\Middleware\StartSessionTest.php" line="18" class="Tests\Feature\Http\Middleware\StartSessionTest" classname="Tests.Feature.Http.Middleware.StartSessionTest" assertions="2" time="0.075351"/>
        <testcase name="test_start_session_middleware_handles_different_request_methods" file="C:\Users\Gaser\Desktop\COPRRA\tests\Feature\Http\Middleware\StartSessionTest.php" line="74" class="Tests\Feature\Http\Middleware\StartSessionTest" classname="Tests.Feature.Http.Middleware.StartSessionTest" assertions="2" time="0.062764"/>
        <testcase name="test_start_session_middleware_handles_api_requests" file="C:\Users\Gaser\Desktop\COPRRA\tests\Feature\Http\Middleware\StartSessionTest.php" line="60" class="Tests\Feature\Http\Middleware\StartSessionTest" classname="Tests.Feature.Http.Middleware.StartSessionTest" assertions="2" time="0.060860"/>
      </testsuite>
      <testsuite name="Tests\Feature\Http\Controllers\Api\AuthControllerTest" file="C:\Users\Gaser\Desktop\COPRRA\tests\Feature\Http\Controllers\Api\AuthControllerTest.php" tests="20" assertions="62" errors="0" failures="0" skipped="0" time="1.579211">
        <testcase name="test_handles_multiple_concurrent_logins" file="C:\Users\Gaser\Desktop\COPRRA\tests\Feature\Http\Controllers\Api\AuthControllerTest.php" line="262" class="Tests\Feature\Http\Controllers\Api\AuthControllerTest" classname="Tests.Feature.Http.Controllers.Api.AuthControllerTest" assertions="3" time="0.091240"/>
        <testcase name="test_can_login_with_valid_credentials" file="C:\Users\Gaser\Desktop\COPRRA\tests\Feature\Http\Controllers\Api\AuthControllerTest.php" line="21" class="Tests\Feature\Http\Controllers\Api\AuthControllerTest" classname="Tests.Feature.Http.Controllers.Api.AuthControllerTest" assertions="8" time="0.068937"/>
        <testcase name="test_can_get_authenticated_user_info" file="C:\Users\Gaser\Desktop\COPRRA\tests\Feature\Http\Controllers\Api\AuthControllerTest.php" line="112" class="Tests\Feature\Http\Controllers\Api\AuthControllerTest" classname="Tests.Feature.Http.Controllers.Api.AuthControllerTest" assertions="5" time="0.074555"/>
        <testcase name="test_handles_me_request_without_authorization_header" file="C:\Users\Gaser\Desktop\COPRRA\tests\Feature\Http\Controllers\Api\AuthControllerTest.php" line="298" class="Tests\Feature\Http\Controllers\Api\AuthControllerTest" classname="Tests.Feature.Http.Controllers.Api.AuthControllerTest" assertions="2" time="0.061973"/>
        <testcase name="test_handles_logout_without_authorization_header" file="C:\Users\Gaser\Desktop\COPRRA\tests\Feature\Http\Controllers\Api\AuthControllerTest.php" line="291" class="Tests\Feature\Http\Controllers\Api\AuthControllerTest" classname="Tests.Feature.Http.Controllers.Api.AuthControllerTest" assertions="1" time="0.067708"/>
        <testcase name="test_handles_login_with_xss_attempt" file="C:\Users\Gaser\Desktop\COPRRA\tests\Feature\Http\Controllers\Api\AuthControllerTest.php" line="251" class="Tests\Feature\Http\Controllers\Api\AuthControllerTest" classname="Tests.Feature.Http.Controllers.Api.AuthControllerTest" assertions="3" time="0.139089"/>
        <testcase name="test_returns_401_for_unauthenticated_me_request" file="C:\Users\Gaser\Desktop\COPRRA\tests\Feature\Http\Controllers\Api\AuthControllerTest.php" line="134" class="Tests\Feature\Http\Controllers\Api\AuthControllerTest" classname="Tests.Feature.Http.Controllers.Api.AuthControllerTest" assertions="2" time="0.068938"/>
        <testcase name="test_handles_login_with_invalid_email_format" file="C:\Users\Gaser\Desktop\COPRRA\tests\Feature\Http\Controllers\Api\AuthControllerTest.php" line="218" class="Tests\Feature\Http\Controllers\Api\AuthControllerTest" classname="Tests.Feature.Http.Controllers.Api.AuthControllerTest" assertions="3" time="0.078737"/>
        <testcase name="test_can_logout_unauthenticated_user" file="C:\Users\Gaser\Desktop\COPRRA\tests\Feature\Http\Controllers\Api\AuthControllerTest.php" line="105" class="Tests\Feature\Http\Controllers\Api\AuthControllerTest" classname="Tests.Feature.Http.Controllers.Api.AuthControllerTest" assertions="1" time="0.087271"/>
        <testcase name="test_handles_login_with_empty_credentials" file="C:\Users\Gaser\Desktop\COPRRA\tests\Feature\Http\Controllers\Api\AuthControllerTest.php" line="207" class="Tests\Feature\Http\Controllers\Api\AuthControllerTest" classname="Tests.Feature.Http.Controllers.Api.AuthControllerTest" assertions="4" time="0.090958"/>
        <testcase name="test_handles_login_with_missing_credentials" file="C:\Users\Gaser\Desktop\COPRRA\tests\Feature\Http\Controllers\Api\AuthControllerTest.php" line="199" class="Tests\Feature\Http\Controllers\Api\AuthControllerTest" classname="Tests.Feature.Http.Controllers.Api.AuthControllerTest" assertions="4" time="0.085563"/>
        <testcase name="test_validates_login_request" file="C:\Users\Gaser\Desktop\COPRRA\tests\Feature\Http\Controllers\Api\AuthControllerTest.php" line="52" class="Tests\Feature\Http\Controllers\Api\AuthControllerTest" classname="Tests.Feature.Http.Controllers.Api.AuthControllerTest" assertions="4" time="0.077664"/>
        <testcase name="test_creates_token_on_successful_login" file="C:\Users\Gaser\Desktop\COPRRA\tests\Feature\Http\Controllers\Api\AuthControllerTest.php" line="156" class="Tests\Feature\Http\Controllers\Api\AuthControllerTest" classname="Tests.Feature.Http.Controllers.Api.AuthControllerTest" assertions="3" time="0.069198"/>
        <testcase name="test_handles_login_with_sql_injection_attempt" file="C:\Users\Gaser\Desktop\COPRRA\tests\Feature\Http\Controllers\Api\AuthControllerTest.php" line="240" class="Tests\Feature\Http\Controllers\Api\AuthControllerTest" classname="Tests.Feature.Http.Controllers.Api.AuthControllerTest" assertions="3" time="0.066169"/>
        <testcase name="test_returns_validation_error_for_invalid_credentials" file="C:\Users\Gaser\Desktop\COPRRA\tests\Feature\Http\Controllers\Api\AuthControllerTest.php" line="63" class="Tests\Feature\Http\Controllers\Api\AuthControllerTest" classname="Tests.Feature.Http.Controllers.Api.AuthControllerTest" assertions="3" time="0.082363"/>
        <testcase name="test_handles_login_with_very_long_password" file="C:\Users\Gaser\Desktop\COPRRA\tests\Feature\Http\Controllers\Api\AuthControllerTest.php" line="229" class="Tests\Feature\Http\Controllers\Api\AuthControllerTest" classname="Tests.Feature.Http.Controllers.Api.AuthControllerTest" assertions="3" time="0.102238"/>
        <testcase name="test_can_logout_authenticated_user" file="C:\Users\Gaser\Desktop\COPRRA\tests\Feature\Http\Controllers\Api\AuthControllerTest.php" line="90" class="Tests\Feature\Http\Controllers\Api\AuthControllerTest" classname="Tests.Feature.Http.Controllers.Api.AuthControllerTest" assertions="2" time="0.068241"/>
        <testcase name="test_returns_validation_error_for_nonexistent_user" file="C:\Users\Gaser\Desktop\COPRRA\tests\Feature\Http\Controllers\Api\AuthControllerTest.php" line="79" class="Tests\Feature\Http\Controllers\Api\AuthControllerTest" classname="Tests.Feature.Http.Controllers.Api.AuthControllerTest" assertions="3" time="0.063848"/>
        <testcase name="test_returns_401_for_invalid_token" file="C:\Users\Gaser\Desktop\COPRRA\tests\Feature\Http\Controllers\Api\AuthControllerTest.php" line="144" class="Tests\Feature\Http\Controllers\Api\AuthControllerTest" classname="Tests.Feature.Http.Controllers.Api.AuthControllerTest" assertions="2" time="0.069618"/>
        <testcase name="test_deletes_token_on_logout" file="C:\Users\Gaser\Desktop\COPRRA\tests\Feature\Http\Controllers\Api\AuthControllerTest.php" line="175" class="Tests\Feature\Http\Controllers\Api\AuthControllerTest" classname="Tests.Feature.Http.Controllers.Api.AuthControllerTest" assertions="3" time="0.064902"/>
      </testsuite>
      <testsuite name="Tests\Feature\Http\Middleware\LocaleMiddlewareTest" file="C:\Users\Gaser\Desktop\COPRRA\tests\Feature\Http\Middleware\LocaleMiddlewareTest.php" tests="5" assertions="7" errors="0" failures="0" skipped="0" time="0.343010">
        <testcase name="test_locale_middleware_handles_session_locale" file="C:\Users\Gaser\Desktop\COPRRA\tests\Feature\Http\Middleware\LocaleMiddlewareTest.php" line="68" class="Tests\Feature\Http\Middleware\LocaleMiddlewareTest" classname="Tests.Feature.Http.Middleware.LocaleMiddlewareTest" assertions="1" time="0.089386"/>
        <testcase name="test_locale_middleware_handles_authenticated_user" file="C:\Users\Gaser\Desktop\COPRRA\tests\Feature\Http\Middleware\LocaleMiddlewareTest.php" line="48" class="Tests\Feature\Http\Middleware\LocaleMiddlewareTest" classname="Tests.Feature.Http.Middleware.LocaleMiddlewareTest" assertions="1" time="0.064251"/>
        <testcase name="test_locale_middleware_handles_browser_language" file="C:\Users\Gaser\Desktop\COPRRA\tests\Feature\Http\Middleware\LocaleMiddlewareTest.php" line="87" class="Tests\Feature\Http\Middleware\LocaleMiddlewareTest" classname="Tests.Feature.Http.Middleware.LocaleMiddlewareTest" assertions="1" time="0.059577"/>
        <testcase name="test_locale_middleware_passes_request_successfully" file="C:\Users\Gaser\Desktop\COPRRA\tests\Feature\Http\Middleware\LocaleMiddlewareTest.php" line="32" class="Tests\Feature\Http\Middleware\LocaleMiddlewareTest" classname="Tests.Feature.Http.Middleware.LocaleMiddlewareTest" assertions="2" time="0.057281"/>
        <testcase name="test_locale_middleware_handles_exceptions_gracefully" file="C:\Users\Gaser\Desktop\COPRRA\tests\Feature\Http\Middleware\LocaleMiddlewareTest.php" line="103" class="Tests\Feature\Http\Middleware\LocaleMiddlewareTest" classname="Tests.Feature.Http.Middleware.LocaleMiddlewareTest" assertions="2" time="0.072515"/>
      </testsuite>
      <testsuite name="Tests\Feature\Models\PaymentTest" file="C:\Users\Gaser\Desktop\COPRRA\tests\Feature\Models\PaymentTest.php" tests="8" assertions="25" errors="0" failures="0" skipped="0" time="0.563587">
        <testcase name="test_it_can_create_a_payment" file="C:\Users\Gaser\Desktop\COPRRA\tests\Feature\Models\PaymentTest.php" line="21" class="Tests\Feature\Models\PaymentTest" classname="Tests.Feature.Models.PaymentTest" assertions="7" time="0.070551"/>
        <testcase name="test_payment_amount_and_currency" file="C:\Users\Gaser\Desktop\COPRRA\tests\Feature\Models\PaymentTest.php" line="145" class="Tests\Feature\Models\PaymentTest" classname="Tests.Feature.Models.PaymentTest" assertions="2" time="0.071896"/>
        <testcase name="test_scope_by_status" file="C:\Users\Gaser\Desktop\COPRRA\tests\Feature\Models\PaymentTest.php" line="87" class="Tests\Feature\Models\PaymentTest" classname="Tests.Feature.Models.PaymentTest" assertions="4" time="0.093609"/>
        <testcase name="test_payment_gateway_response_storage" file="C:\Users\Gaser\Desktop\COPRRA\tests\Feature\Models\PaymentTest.php" line="159" class="Tests\Feature\Models\PaymentTest" classname="Tests.Feature.Models.PaymentTest" assertions="2" time="0.063121"/>
        <testcase name="test_payment_status_transitions" file="C:\Users\Gaser\Desktop\COPRRA\tests\Feature\Models\PaymentTest.php" line="130" class="Tests\Feature\Models\PaymentTest" classname="Tests.Feature.Models.PaymentTest" assertions="2" time="0.065030"/>
        <testcase name="test_payment_casts_attributes_correctly" file="C:\Users\Gaser\Desktop\COPRRA\tests\Feature\Models\PaymentTest.php" line="72" class="Tests\Feature\Models\PaymentTest" classname="Tests.Feature.Models.PaymentTest" assertions="3" time="0.068727"/>
        <testcase name="test_payment_relationships" file="C:\Users\Gaser\Desktop\COPRRA\tests\Feature\Models\PaymentTest.php" line="51" class="Tests\Feature\Models\PaymentTest" classname="Tests.Feature.Models.PaymentTest" assertions="4" time="0.069386"/>
        <testcase name="test_payment_fillable_attributes" file="C:\Users\Gaser\Desktop\COPRRA\tests\Feature\Models\PaymentTest.php" line="108" class="Tests\Feature\Models\PaymentTest" classname="Tests.Feature.Models.PaymentTest" assertions="1" time="0.061268"/>
      </testsuite>
      <testsuite name="Tests\Feature\Models\LanguageTest" file="C:\Users\Gaser\Desktop\COPRRA\tests\Feature\Models\LanguageTest.php" tests="3" assertions="6" errors="0" failures="0" skipped="0" time="0.195590">
        <testcase name="test_it_has_expected_properties" file="C:\Users\Gaser\Desktop\COPRRA\tests\Feature\Models\LanguageTest.php" line="27" class="Tests\Feature\Models\LanguageTest" classname="Tests.Feature.Models.LanguageTest" assertions="2" time="0.060340"/>
        <testcase name="test_it_can_create_a_language" file="C:\Users\Gaser\Desktop\COPRRA\tests\Feature\Models\LanguageTest.php" line="16" class="Tests\Feature\Models\LanguageTest" classname="Tests.Feature.Models.LanguageTest" assertions="2" time="0.074925"/>
        <testcase name="test_it_can_be_instantiated" file="C:\Users\Gaser\Desktop\COPRRA\tests\Feature\Models\LanguageTest.php" line="38" class="Tests\Feature\Models\LanguageTest" classname="Tests.Feature.Models.LanguageTest" assertions="2" time="0.060326"/>
      </testsuite>
      <testsuite name="Tests\Feature\Http\Controllers\CartControllerTest" file="C:\Users\Gaser\Desktop\COPRRA\tests\Feature\Http\Controllers\CartControllerTest.php" tests="8" assertions="8" errors="0" failures="0" skipped="0" time="7.132925">
        <testcase name="it_can_add_product_to_cart" file="C:\Users\Gaser\Desktop\COPRRA\tests\Feature\Http\Controllers\CartControllerTest.php" line="31" class="Tests\Feature\Http\Controllers\CartControllerTest" classname="Tests.Feature.Http.Controllers.CartControllerTest" assertions="1" time="0.889743"/>
        <testcase name="it_can_update_cart_item_quantity" file="C:\Users\Gaser\Desktop\COPRRA\tests\Feature\Http\Controllers\CartControllerTest.php" line="55" class="Tests\Feature\Http\Controllers\CartControllerTest" classname="Tests.Feature.Http.Controllers.CartControllerTest" assertions="1" time="0.901525"/>
        <testcase name="it_can_remove_product_from_cart" file="C:\Users\Gaser\Desktop\COPRRA\tests\Feature\Http\Controllers\CartControllerTest.php" line="63" class="Tests\Feature\Http\Controllers\CartControllerTest" classname="Tests.Feature.Http.Controllers.CartControllerTest" assertions="1" time="0.898434"/>
        <testcase name="it_can_clear_entire_cart" file="C:\Users\Gaser\Desktop\COPRRA\tests\Feature\Http\Controllers\CartControllerTest.php" line="71" class="Tests\Feature\Http\Controllers\CartControllerTest" classname="Tests.Feature.Http.Controllers.CartControllerTest" assertions="1" time="0.863804"/>
        <testcase name="it_returns_404_when_adding_nonexistent_product_to_cart" file="C:\Users\Gaser\Desktop\COPRRA\tests\Feature\Http\Controllers\CartControllerTest.php" line="47" class="Tests\Feature\Http\Controllers\CartControllerTest" classname="Tests.Feature.Http.Controllers.CartControllerTest" assertions="1" time="0.879970"/>
        <testcase name="it_requires_authentication_for_all_cart_routes" file="C:\Users\Gaser\Desktop\COPRRA\tests\Feature\Http\Controllers\CartControllerTest.php" line="79" class="Tests\Feature\Http\Controllers\CartControllerTest" classname="Tests.Feature.Http.Controllers.CartControllerTest" assertions="1" time="0.981928"/>
        <testcase name="it_validates_add_to_cart_request" file="C:\Users\Gaser\Desktop\COPRRA\tests\Feature\Http\Controllers\CartControllerTest.php" line="39" class="Tests\Feature\Http\Controllers\CartControllerTest" classname="Tests.Feature.Http.Controllers.CartControllerTest" assertions="1" time="0.844342"/>
        <testcase name="it_can_display_cart_index" file="C:\Users\Gaser\Desktop\COPRRA\tests\Feature\Http\Controllers\CartControllerTest.php" line="23" class="Tests\Feature\Http\Controllers\CartControllerTest" classname="Tests.Feature.Http.Controllers.CartControllerTest" assertions="1" time="0.873179"/>
      </testsuite>
      <testsuite name="Tests\Feature\Api\ComprehensiveApiTest" file="C:\Users\Gaser\Desktop\COPRRA\tests\Feature\Api\ComprehensiveApiTest.php" tests="3" assertions="15" errors="0" failures="0" skipped="0" time="0.225924">
        <testcase name="test_validation" file="C:\Users\Gaser\Desktop\COPRRA\tests\Feature\Api\ComprehensiveApiTest.php" line="43" class="Tests\Feature\Api\ComprehensiveApiTest" classname="Tests.Feature.Api.ComprehensiveApiTest" assertions="8" time="0.081707"/>
        <testcase name="test_basic_functionality" file="C:\Users\Gaser\Desktop\COPRRA\tests\Feature\Api\ComprehensiveApiTest.php" line="15" class="Tests\Feature\Api\ComprehensiveApiTest" classname="Tests.Feature.Api.ComprehensiveApiTest" assertions="2" time="0.068771"/>
        <testcase name="test_expected_behavior" file="C:\Users\Gaser\Desktop\COPRRA\tests\Feature\Api\ComprehensiveApiTest.php" line="28" class="Tests\Feature\Api\ComprehensiveApiTest" classname="Tests.Feature.Api.ComprehensiveApiTest" assertions="5" time="0.075446"/>
      </testsuite>
      <testsuite name="Tests\Feature\Models\UserLocaleSettingTest" file="C:\Users\Gaser\Desktop\COPRRA\tests\Feature\Models\UserLocaleSettingTest.php" tests="22" assertions="70" errors="0" failures="0" skipped="0" time="5.573078">
        <testcase name="test_find_for_user_returns_latest_when_multiple_exist" file="C:\Users\Gaser\Desktop\COPRRA\tests\Feature\Models\UserLocaleSettingTest.php" line="148" class="Tests\Feature\Models\UserLocaleSettingTest" classname="Tests.Feature.Models.UserLocaleSettingTest" assertions="3" time="0.348004"/>
        <testcase name="test_it_belongs_to_language" file="C:\Users\Gaser\Desktop\COPRRA\tests\Feature\Models\UserLocaleSettingTest.php" line="87" class="Tests\Feature\Models\UserLocaleSettingTest" classname="Tests.Feature.Models.UserLocaleSettingTest" assertions="2" time="0.337763"/>
        <testcase name="test_can_have_null_session_id" file="C:\Users\Gaser\Desktop\COPRRA\tests\Feature\Models\UserLocaleSettingTest.php" line="383" class="Tests\Feature\Models\UserLocaleSettingTest" classname="Tests.Feature.Models.UserLocaleSettingTest" assertions="2" time="0.347681"/>
        <testcase name="test_relationships_work_correctly" file="C:\Users\Gaser\Desktop\COPRRA\tests\Feature\Models\UserLocaleSettingTest.php" line="345" class="Tests\Feature\Models\UserLocaleSettingTest" classname="Tests.Feature.Models.UserLocaleSettingTest" assertions="6" time="0.335719"/>
        <testcase name="test_update_or_create_for_user_with_minimal_parameters" file="C:\Users\Gaser\Desktop\COPRRA\tests\Feature\Models\UserLocaleSettingTest.php" line="298" class="Tests\Feature\Models\UserLocaleSettingTest" classname="Tests.Feature.Models.UserLocaleSettingTest" assertions="6" time="0.337475"/>
        <testcase name="test_find_for_user_returns_null_when_no_match" file="C:\Users\Gaser\Desktop\COPRRA\tests\Feature\Models\UserLocaleSettingTest.php" line="188" class="Tests\Feature\Models\UserLocaleSettingTest" classname="Tests.Feature.Models.UserLocaleSettingTest" assertions="1" time="0.062126"/>
        <testcase name="test_update_or_create_for_user_throws_exception_without_user_or_session" file="C:\Users\Gaser\Desktop\COPRRA\tests\Feature\Models\UserLocaleSettingTest.php" line="282" class="Tests\Feature\Models\UserLocaleSettingTest" classname="Tests.Feature.Models.UserLocaleSettingTest" assertions="2" time="0.061990"/>
        <testcase name="test_find_for_user_with_session_id" file="C:\Users\Gaser\Desktop\COPRRA\tests\Feature\Models\UserLocaleSettingTest.php" line="127" class="Tests\Feature\Models\UserLocaleSettingTest" classname="Tests.Feature.Models.UserLocaleSettingTest" assertions="3" time="0.077564"/>
        <testcase name="test_can_have_null_country_code" file="C:\Users\Gaser\Desktop\COPRRA\tests\Feature\Models\UserLocaleSettingTest.php" line="406" class="Tests\Feature\Models\UserLocaleSettingTest" classname="Tests.Feature.Models.UserLocaleSettingTest" assertions="1" time="0.340545"/>
        <testcase name="test_find_for_user_with_user_id" file="C:\Users\Gaser\Desktop\COPRRA\tests\Feature\Models\UserLocaleSettingTest.php" line="107" class="Tests\Feature\Models\UserLocaleSettingTest" classname="Tests.Feature.Models.UserLocaleSettingTest" assertions="3" time="0.336363"/>
        <testcase name="test_update_or_create_for_user_with_session_id" file="C:\Users\Gaser\Desktop\COPRRA\tests\Feature\Models\UserLocaleSettingTest.php" line="221" class="Tests\Feature\Models\UserLocaleSettingTest" classname="Tests.Feature.Models.UserLocaleSettingTest" assertions="7" time="0.064316"/>
        <testcase name="test_it_can_create_a_user_locale_setting" file="C:\Users\Gaser\Desktop\COPRRA\tests\Feature\Models\UserLocaleSettingTest.php" line="34" class="Tests\Feature\Models\UserLocaleSettingTest" classname="Tests.Feature.Models.UserLocaleSettingTest" assertions="7" time="0.354273"/>
        <testcase name="test_fillable_attributes" file="C:\Users\Gaser\Desktop\COPRRA\tests\Feature\Models\UserLocaleSettingTest.php" line="330" class="Tests\Feature\Models\UserLocaleSettingTest" classname="Tests.Feature.Models.UserLocaleSettingTest" assertions="1" time="0.066552"/>
        <testcase name="test_can_have_null_ip_address" file="C:\Users\Gaser\Desktop\COPRRA\tests\Feature\Models\UserLocaleSettingTest.php" line="396" class="Tests\Feature\Models\UserLocaleSettingTest" classname="Tests.Feature.Models.UserLocaleSettingTest" assertions="1" time="0.329675"/>
        <testcase name="test_factory_creates_valid_user_locale_setting" file="C:\Users\Gaser\Desktop\COPRRA\tests\Feature\Models\UserLocaleSettingTest.php" line="320" class="Tests\Feature\Models\UserLocaleSettingTest" classname="Tests.Feature.Models.UserLocaleSettingTest" assertions="3" time="0.345138"/>
        <testcase name="test_update_or_create_for_user_updates_existing" file="C:\Users\Gaser\Desktop\COPRRA\tests\Feature\Models\UserLocaleSettingTest.php" line="246" class="Tests\Feature\Models\UserLocaleSettingTest" classname="Tests.Feature.Models.UserLocaleSettingTest" assertions="5" time="0.328686"/>
        <testcase name="test_it_casts_attributes_correctly" file="C:\Users\Gaser\Desktop\COPRRA\tests\Feature\Models\UserLocaleSettingTest.php" line="59" class="Tests\Feature\Models\UserLocaleSettingTest" classname="Tests.Feature.Models.UserLocaleSettingTest" assertions="3" time="0.336299"/>
        <testcase name="test_it_belongs_to_currency" file="C:\Users\Gaser\Desktop\COPRRA\tests\Feature\Models\UserLocaleSettingTest.php" line="97" class="Tests\Feature\Models\UserLocaleSettingTest" classname="Tests.Feature.Models.UserLocaleSettingTest" assertions="2" time="0.339087"/>
        <testcase name="test_can_have_null_user_id" file="C:\Users\Gaser\Desktop\COPRRA\tests\Feature\Models\UserLocaleSettingTest.php" line="371" class="Tests\Feature\Models\UserLocaleSettingTest" classname="Tests.Feature.Models.UserLocaleSettingTest" assertions="2" time="0.061684"/>
        <testcase name="test_find_for_user_returns_null_when_no_user_or_session" file="C:\Users\Gaser\Desktop\COPRRA\tests\Feature\Models\UserLocaleSettingTest.php" line="180" class="Tests\Feature\Models\UserLocaleSettingTest" classname="Tests.Feature.Models.UserLocaleSettingTest" assertions="1" time="0.065736"/>
        <testcase name="test_update_or_create_for_user_with_user_id" file="C:\Users\Gaser\Desktop\COPRRA\tests\Feature\Models\UserLocaleSettingTest.php" line="196" class="Tests\Feature\Models\UserLocaleSettingTest" classname="Tests.Feature.Models.UserLocaleSettingTest" assertions="7" time="0.347924"/>
        <testcase name="test_it_belongs_to_user" file="C:\Users\Gaser\Desktop\COPRRA\tests\Feature\Models\UserLocaleSettingTest.php" line="77" class="Tests\Feature\Models\UserLocaleSettingTest" classname="Tests.Feature.Models.UserLocaleSettingTest" assertions="2" time="0.348478"/>
      </testsuite>
      <testsuite name="Tests\Feature\Http\Middleware\AuthenticateSessionTest" file="C:\Users\Gaser\Desktop\COPRRA\tests\Feature\Http\Middleware\AuthenticateSessionTest.php" tests="5" assertions="10" errors="0" failures="0" skipped="0" time="0.348135">
        <testcase name="test_authenticate_session_middleware_handles_api_requests" file="C:\Users\Gaser\Desktop\COPRRA\tests\Feature\Http\Middleware\AuthenticateSessionTest.php" line="121" class="Tests\Feature\Http\Middleware\AuthenticateSessionTest" classname="Tests.Feature.Http.Middleware.AuthenticateSessionTest" assertions="2" time="0.063649"/>
        <testcase name="test_authenticate_session_middleware_handles_post_requests" file="C:\Users\Gaser\Desktop\COPRRA\tests\Feature\Http\Middleware\AuthenticateSessionTest.php" line="94" class="Tests\Feature\Http\Middleware\AuthenticateSessionTest" classname="Tests.Feature.Http.Middleware.AuthenticateSessionTest" assertions="2" time="0.063320"/>
        <testcase name="test_authenticate_session_middleware_handles_unauthenticated_users" file="C:\Users\Gaser\Desktop\COPRRA\tests\Feature\Http\Middleware\AuthenticateSessionTest.php" line="47" class="Tests\Feature\Http\Middleware\AuthenticateSessionTest" classname="Tests.Feature.Http.Middleware.AuthenticateSessionTest" assertions="2" time="0.061764"/>
        <testcase name="test_authenticate_session_middleware_allows_authenticated_users" file="C:\Users\Gaser\Desktop\COPRRA\tests\Feature\Http\Middleware\AuthenticateSessionTest.php" line="22" class="Tests\Feature\Http\Middleware\AuthenticateSessionTest" classname="Tests.Feature.Http.Middleware.AuthenticateSessionTest" assertions="2" time="0.090092"/>
        <testcase name="test_authenticate_session_middleware_handles_session_data" file="C:\Users\Gaser\Desktop\COPRRA\tests\Feature\Http\Middleware\AuthenticateSessionTest.php" line="68" class="Tests\Feature\Http\Middleware\AuthenticateSessionTest" classname="Tests.Feature.Http.Middleware.AuthenticateSessionTest" assertions="2" time="0.069310"/>
      </testsuite>
      <testsuite name="Tests\Feature\FileUploadTest" file="C:\Users\Gaser\Desktop\COPRRA\tests\Feature\FileUploadTest.php" tests="3" assertions="3" errors="0" failures="0" skipped="0" time="0.364812">
        <testcase name="test_basic_functionality" file="C:\Users\Gaser\Desktop\COPRRA\tests\Feature\FileUploadTest.php" line="18" class="Tests\Feature\FileUploadTest" classname="Tests.Feature.FileUploadTest" assertions="1" time="0.164147"/>
        <testcase name="test_validation" file="C:\Users\Gaser\Desktop\COPRRA\tests\Feature\FileUploadTest.php" line="32" class="Tests\Feature\FileUploadTest" classname="Tests.Feature.FileUploadTest" assertions="1" time="0.136845"/>
        <testcase name="test_expected_behavior" file="C:\Users\Gaser\Desktop\COPRRA\tests\Feature\FileUploadTest.php" line="25" class="Tests\Feature\FileUploadTest" classname="Tests.Feature.FileUploadTest" assertions="1" time="0.063819"/>
      </testsuite>
      <testsuite name="Tests\Feature\Http\Middleware\VerifyCsrfTokenTest" file="C:\Users\Gaser\Desktop\COPRRA\tests\Feature\Http\Middleware\VerifyCsrfTokenTest.php" tests="6" assertions="8" errors="0" failures="0" skipped="0" time="0.504418">
        <testcase name="test_verify_csrf_token_middleware_allows_head_requests" file="C:\Users\Gaser\Desktop\COPRRA\tests\Feature\Http\Middleware\VerifyCsrfTokenTest.php" line="72" class="Tests\Feature\Http\Middleware\VerifyCsrfTokenTest" classname="Tests.Feature.Http.Middleware.VerifyCsrfTokenTest" assertions="1" time="0.060847"/>
        <testcase name="test_verify_csrf_token_middleware_blocks_post_requests_without_token" file="C:\Users\Gaser\Desktop\COPRRA\tests\Feature\Http\Middleware\VerifyCsrfTokenTest.php" line="100" class="Tests\Feature\Http\Middleware\VerifyCsrfTokenTest" classname="Tests.Feature.Http.Middleware.VerifyCsrfTokenTest" assertions="1" time="0.062927"/>
        <testcase name="test_verify_csrf_token_middleware_allows_valid_token" file="C:\Users\Gaser\Desktop\COPRRA\tests\Feature\Http\Middleware\VerifyCsrfTokenTest.php" line="18" class="Tests\Feature\Http\Middleware\VerifyCsrfTokenTest" classname="Tests.Feature.Http.Middleware.VerifyCsrfTokenTest" assertions="2" time="0.062126"/>
        <testcase name="test_verify_csrf_token_middleware_allows_get_requests" file="C:\Users\Gaser\Desktop\COPRRA\tests\Feature\Http\Middleware\VerifyCsrfTokenTest.php" line="57" class="Tests\Feature\Http\Middleware\VerifyCsrfTokenTest" classname="Tests.Feature.Http.Middleware.VerifyCsrfTokenTest" assertions="2" time="0.075518"/>
        <testcase name="test_verify_csrf_token_middleware_allows_options_requests" file="C:\Users\Gaser\Desktop\COPRRA\tests\Feature\Http\Middleware\VerifyCsrfTokenTest.php" line="86" class="Tests\Feature\Http\Middleware\VerifyCsrfTokenTest" classname="Tests.Feature.Http.Middleware.VerifyCsrfTokenTest" assertions="1" time="0.103266"/>
        <testcase name="test_verify_csrf_token_middleware_blocks_invalid_token" file="C:\Users\Gaser\Desktop\COPRRA\tests\Feature\Http\Middleware\VerifyCsrfTokenTest.php" line="38" class="Tests\Feature\Http\Middleware\VerifyCsrfTokenTest" classname="Tests.Feature.Http.Middleware.VerifyCsrfTokenTest" assertions="1" time="0.139735"/>
      </testsuite>
      <testsuite name="Tests\Feature\Http\Middleware\ValidateApiRequestTest" file="C:\Users\Gaser\Desktop\COPRRA\tests\Feature\Http\Middleware\ValidateApiRequestTest.php" tests="6" assertions="12" errors="0" failures="0" skipped="0" time="0.580740">
        <testcase name="test_validate_api_request_middleware_validates_valid_api_request" file="C:\Users\Gaser\Desktop\COPRRA\tests\Feature\Http\Middleware\ValidateApiRequestTest.php" line="18" class="Tests\Feature\Http\Middleware\ValidateApiRequestTest" classname="Tests.Feature.Http.Middleware.ValidateApiRequestTest" assertions="2" time="0.202664"/>
        <testcase name="test_validate_api_request_middleware_handles_post_requests" file="C:\Users\Gaser\Desktop\COPRRA\tests\Feature\Http\Middleware\ValidateApiRequestTest.php" line="33" class="Tests\Feature\Http\Middleware\ValidateApiRequestTest" classname="Tests.Feature.Http.Middleware.ValidateApiRequestTest" assertions="2" time="0.090704"/>
        <testcase name="test_validate_api_request_middleware_handles_patch_requests" file="C:\Users\Gaser\Desktop\COPRRA\tests\Feature\Http\Middleware\ValidateApiRequestTest.php" line="68" class="Tests\Feature\Http\Middleware\ValidateApiRequestTest" classname="Tests.Feature.Http.Middleware.ValidateApiRequestTest" assertions="2" time="0.086015"/>
        <testcase name="test_validate_api_request_middleware_handles_put_requests" file="C:\Users\Gaser\Desktop\COPRRA\tests\Feature\Http\Middleware\ValidateApiRequestTest.php" line="51" class="Tests\Feature\Http\Middleware\ValidateApiRequestTest" classname="Tests.Feature.Http.Middleware.ValidateApiRequestTest" assertions="2" time="0.071818"/>
        <testcase name="test_validate_api_request_middleware_handles_delete_requests" file="C:\Users\Gaser\Desktop\COPRRA\tests\Feature\Http\Middleware\ValidateApiRequestTest.php" line="85" class="Tests\Feature\Http\Middleware\ValidateApiRequestTest" classname="Tests.Feature.Http.Middleware.ValidateApiRequestTest" assertions="2" time="0.065913"/>
        <testcase name="test_validate_api_request_middleware_handles_missing_content_type" file="C:\Users\Gaser\Desktop\COPRRA\tests\Feature\Http\Middleware\ValidateApiRequestTest.php" line="99" class="Tests\Feature\Http\Middleware\ValidateApiRequestTest" classname="Tests.Feature.Http.Middleware.ValidateApiRequestTest" assertions="2" time="0.063626"/>
      </testsuite>
      <testsuite name="Tests\Feature\Console\Commands\UpdatePricesCommandTest" file="C:\Users\Gaser\Desktop\COPRRA\tests\Feature\Console\Commands\UpdatePricesCommandTest.php" tests="4" assertions="4" errors="0" failures="0" skipped="0" time="0.283895">
        <testcase name="update_prices_command_filters_by_store" file="C:\Users\Gaser\Desktop\COPRRA\tests\Feature\Console\Commands\UpdatePricesCommandTest.php" line="28" class="Tests\Feature\Console\Commands\UpdatePricesCommandTest" classname="Tests.Feature.Console.Commands.UpdatePricesCommandTest" assertions="1" time="0.089465"/>
        <testcase name="update_prices_command_filters_by_product" file="C:\Users\Gaser\Desktop\COPRRA\tests\Feature\Console\Commands\UpdatePricesCommandTest.php" line="34" class="Tests\Feature\Console\Commands\UpdatePricesCommandTest" classname="Tests.Feature.Console.Commands.UpdatePricesCommandTest" assertions="1" time="0.065124"/>
        <testcase name="update_prices_command_runs_successfully" file="C:\Users\Gaser\Desktop\COPRRA\tests\Feature\Console\Commands\UpdatePricesCommandTest.php" line="16" class="Tests\Feature\Console\Commands\UpdatePricesCommandTest" classname="Tests.Feature.Console.Commands.UpdatePricesCommandTest" assertions="1" time="0.063764"/>
        <testcase name="update_prices_command_runs_in_dry_run_mode" file="C:\Users\Gaser\Desktop\COPRRA\tests\Feature\Console\Commands\UpdatePricesCommandTest.php" line="22" class="Tests\Feature\Console\Commands\UpdatePricesCommandTest" classname="Tests.Feature.Console.Commands.UpdatePricesCommandTest" assertions="1" time="0.065543"/>
      </testsuite>
      <testsuite name="Tests\Feature\Models\ProductTest" file="C:\Users\Gaser\Desktop\COPRRA\tests\Feature\Models\ProductTest.php" tests="27" assertions="74" errors="0" failures="0" skipped="0" time="2.020616">
        <testcase name="test_it_belongs_to_store" file="C:\Users\Gaser\Desktop\COPRRA\tests\Feature\Models\ProductTest.php" line="99" class="Tests\Feature\Models\ProductTest" classname="Tests.Feature.Models.ProductTest" assertions="2" time="0.069582"/>
        <testcase name="test_is_in_wishlist" file="C:\Users\Gaser\Desktop\COPRRA\tests\Feature\Models\ProductTest.php" line="256" class="Tests\Feature\Models\ProductTest" classname="Tests.Feature.Models.ProductTest" assertions="2" time="0.069336"/>
        <testcase name="test_it_casts_attributes_correctly" file="C:\Users\Gaser\Desktop\COPRRA\tests\Feature\Models\ProductTest.php" line="62" class="Tests\Feature\Models\ProductTest" classname="Tests.Feature.Models.ProductTest" assertions="6" time="0.084942"/>
        <testcase name="test_scope_active_filters_active_products" file="C:\Users\Gaser\Desktop\COPRRA\tests\Feature\Models\ProductTest.php" line="165" class="Tests\Feature\Models\ProductTest" classname="Tests.Feature.Models.ProductTest" assertions="2" time="0.068336"/>
        <testcase name="test_it_belongs_to_brand" file="C:\Users\Gaser\Desktop\COPRRA\tests\Feature\Models\ProductTest.php" line="79" class="Tests\Feature\Models\ProductTest" classname="Tests.Feature.Models.ProductTest" assertions="2" time="0.063529"/>
        <testcase name="test_validation_fails_with_negative_price" file="C:\Users\Gaser\Desktop\COPRRA\tests\Feature\Models\ProductTest.php" line="363" class="Tests\Feature\Models\ProductTest" classname="Tests.Feature.Models.ProductTest" assertions="2" time="0.087936"/>
        <testcase name="test_get_average_rating" file="C:\Users\Gaser\Desktop\COPRRA\tests\Feature\Models\ProductTest.php" line="210" class="Tests\Feature\Models\ProductTest" classname="Tests.Feature.Models.ProductTest" assertions="1" time="0.088325"/>
        <testcase name="test_fillable_attributes" file="C:\Users\Gaser\Desktop\COPRRA\tests\Feature\Models\ProductTest.php" line="426" class="Tests\Feature\Models\ProductTest" classname="Tests.Feature.Models.ProductTest" assertions="1" time="0.077237"/>
        <testcase name="test_get_total_reviews" file="C:\Users\Gaser\Desktop\COPRRA\tests\Feature\Models\ProductTest.php" line="236" class="Tests\Feature\Models\ProductTest" classname="Tests.Feature.Models.ProductTest" assertions="1" time="0.090048"/>
        <testcase name="test_scope_search_filters_by_name" file="C:\Users\Gaser\Desktop\COPRRA\tests\Feature\Models\ProductTest.php" line="178" class="Tests\Feature\Models\ProductTest" classname="Tests.Feature.Models.ProductTest" assertions="4" time="0.099528"/>
        <testcase name="test_get_price_history" file="C:\Users\Gaser\Desktop\COPRRA\tests\Feature\Models\ProductTest.php" line="293" class="Tests\Feature\Models\ProductTest" classname="Tests.Feature.Models.ProductTest" assertions="3" time="0.073832"/>
        <testcase name="test_booted_deletes_related_records" file="C:\Users\Gaser\Desktop\COPRRA\tests\Feature\Models\ProductTest.php" line="391" class="Tests\Feature\Models\ProductTest" classname="Tests.Feature.Models.ProductTest" assertions="4" time="0.078229"/>
        <testcase name="test_it_has_many_reviews" file="C:\Users\Gaser\Desktop\COPRRA\tests\Feature\Models\ProductTest.php" line="123" class="Tests\Feature\Models\ProductTest" classname="Tests.Feature.Models.ProductTest" assertions="3" time="0.069578"/>
        <testcase name="test_it_belongs_to_category" file="C:\Users\Gaser\Desktop\COPRRA\tests\Feature\Models\ProductTest.php" line="89" class="Tests\Feature\Models\ProductTest" classname="Tests.Feature.Models.ProductTest" assertions="2" time="0.062233"/>
        <testcase name="test_it_has_many_wishlists" file="C:\Users\Gaser\Desktop\COPRRA\tests\Feature\Models\ProductTest.php" line="137" class="Tests\Feature\Models\ProductTest" classname="Tests.Feature.Models.ProductTest" assertions="3" time="0.071703"/>
        <testcase name="test_get_average_rating_returns_zero_when_no_reviews" file="C:\Users\Gaser\Desktop\COPRRA\tests\Feature\Models\ProductTest.php" line="226" class="Tests\Feature\Models\ProductTest" classname="Tests.Feature.Models.ProductTest" assertions="1" time="0.065608"/>
        <testcase name="test_validation_passes_with_string_price" file="C:\Users\Gaser\Desktop\COPRRA\tests\Feature\Models\ProductTest.php" line="345" class="Tests\Feature\Models\ProductTest" classname="Tests.Feature.Models.ProductTest" assertions="2" time="0.081902"/>
        <testcase name="test_validation_fails_with_missing_required_fields" file="C:\Users\Gaser\Desktop\COPRRA\tests\Feature\Models\ProductTest.php" line="332" class="Tests\Feature\Models\ProductTest" classname="Tests.Feature.Models.ProductTest" assertions="5" time="0.060111"/>
        <testcase name="test_scope_with_reviews_count_adds_reviews_count" file="C:\Users\Gaser\Desktop\COPRRA\tests\Feature\Models\ProductTest.php" line="194" class="Tests\Feature\Models\ProductTest" classname="Tests.Feature.Models.ProductTest" assertions="1" time="0.085596"/>
        <testcase name="test_it_has_many_price_alerts" file="C:\Users\Gaser\Desktop\COPRRA\tests\Feature\Models\ProductTest.php" line="109" class="Tests\Feature\Models\ProductTest" classname="Tests.Feature.Models.ProductTest" assertions="3" time="0.073913"/>
        <testcase name="test_soft_deletes" file="C:\Users\Gaser\Desktop\COPRRA\tests\Feature\Models\ProductTest.php" line="381" class="Tests\Feature\Models\ProductTest" classname="Tests.Feature.Models.ProductTest" assertions="1" time="0.068762"/>
        <testcase name="test_get_current_price_without_active_offer" file="C:\Users\Gaser\Desktop\COPRRA\tests\Feature\Models\ProductTest.php" line="283" class="Tests\Feature\Models\ProductTest" classname="Tests.Feature.Models.ProductTest" assertions="1" time="0.068350"/>
        <testcase name="test_factory_creates_valid_product" file="C:\Users\Gaser\Desktop\COPRRA\tests\Feature\Models\ProductTest.php" line="412" class="Tests\Feature\Models\ProductTest" classname="Tests.Feature.Models.ProductTest" assertions="7" time="0.062969"/>
        <testcase name="test_it_can_create_a_product" file="C:\Users\Gaser\Desktop\COPRRA\tests\Feature\Models\ProductTest.php" line="28" class="Tests\Feature\Models\ProductTest" classname="Tests.Feature.Models.ProductTest" assertions="9" time="0.081744"/>
        <testcase name="test_get_current_price_with_active_offer" file="C:\Users\Gaser\Desktop\COPRRA\tests\Feature\Models\ProductTest.php" line="267" class="Tests\Feature\Models\ProductTest" classname="Tests.Feature.Models.ProductTest" assertions="1" time="0.071908"/>
        <testcase name="test_it_has_many_price_offers" file="C:\Users\Gaser\Desktop\COPRRA\tests\Feature\Models\ProductTest.php" line="151" class="Tests\Feature\Models\ProductTest" classname="Tests.Feature.Models.ProductTest" assertions="3" time="0.074579"/>
        <testcase name="test_validation_passes_with_valid_data" file="C:\Users\Gaser\Desktop\COPRRA\tests\Feature\Models\ProductTest.php" line="315" class="Tests\Feature\Models\ProductTest" classname="Tests.Feature.Models.ProductTest" assertions="2" time="0.070802"/>
      </testsuite>
      <testsuite name="Tests\Feature\Integration\PriceSearchIntegrationTest" file="C:\Users\Gaser\Desktop\COPRRA\tests\Feature\Integration\PriceSearchIntegrationTest.php" tests="3" assertions="3" errors="0" failures="0" skipped="0" time="0.183871">
        <testcase name="test_expected_behavior" file="C:\Users\Gaser\Desktop\COPRRA\tests\Feature\Integration\PriceSearchIntegrationTest.php" line="25" class="Tests\Feature\Integration\PriceSearchIntegrationTest" classname="Tests.Feature.Integration.PriceSearchIntegrationTest" assertions="1" time="0.061781"/>
        <testcase name="test_basic_functionality" file="C:\Users\Gaser\Desktop\COPRRA\tests\Feature\Integration\PriceSearchIntegrationTest.php" line="18" class="Tests\Feature\Integration\PriceSearchIntegrationTest" classname="Tests.Feature.Integration.PriceSearchIntegrationTest" assertions="1" time="0.060855"/>
        <testcase name="test_validation" file="C:\Users\Gaser\Desktop\COPRRA\tests\Feature\Integration\PriceSearchIntegrationTest.php" line="32" class="Tests\Feature\Integration\PriceSearchIntegrationTest" classname="Tests.Feature.Integration.PriceSearchIntegrationTest" assertions="1" time="0.061235"/>
      </testsuite>
      <testsuite name="Tests\Feature\Http\Middleware\ShareErrorsFromSessionTest" file="C:\Users\Gaser\Desktop\COPRRA\tests\Feature\Http\Middleware\ShareErrorsFromSessionTest.php" tests="6" assertions="14" errors="0" failures="0" skipped="0" time="1.762185">
        <testcase name="test_share_errors_from_session_middleware_handles_post_requests" file="C:\Users\Gaser\Desktop\COPRRA\tests\Feature\Http\Middleware\ShareErrorsFromSessionTest.php" line="79" class="Tests\Feature\Http\Middleware\ShareErrorsFromSessionTest" classname="Tests.Feature.Http.Middleware.ShareErrorsFromSessionTest" assertions="2" time="0.305310"/>
        <testcase name="test_share_errors_from_session_middleware_handles_api_requests" file="C:\Users\Gaser\Desktop\COPRRA\tests\Feature\Http\Middleware\ShareErrorsFromSessionTest.php" line="98" class="Tests\Feature\Http\Middleware\ShareErrorsFromSessionTest" classname="Tests.Feature.Http.Middleware.ShareErrorsFromSessionTest" assertions="2" time="0.300178"/>
        <testcase name="test_share_errors_from_session_middleware_handles_multiple_errors" file="C:\Users\Gaser\Desktop\COPRRA\tests\Feature\Http\Middleware\ShareErrorsFromSessionTest.php" line="58" class="Tests\Feature\Http\Middleware\ShareErrorsFromSessionTest" classname="Tests.Feature.Http.Middleware.ShareErrorsFromSessionTest" assertions="2" time="0.273986"/>
        <testcase name="test_can_be_instantiated" file="C:\Users\Gaser\Desktop\COPRRA\tests\SafeTestBase.php" line="81" class="Tests\Feature\Http\Middleware\ShareErrorsFromSessionTest" classname="Tests.Feature.Http.Middleware.ShareErrorsFromSessionTest" assertions="4" time="0.328086"/>
        <testcase name="test_share_errors_from_session_middleware_shares_errors" file="C:\Users\Gaser\Desktop\COPRRA\tests\Feature\Http\Middleware\ShareErrorsFromSessionTest.php" line="23" class="Tests\Feature\Http\Middleware\ShareErrorsFromSessionTest" classname="Tests.Feature.Http.Middleware.ShareErrorsFromSessionTest" assertions="2" time="0.272670"/>
        <testcase name="test_share_errors_from_session_middleware_handles_no_errors" file="C:\Users\Gaser\Desktop\COPRRA\tests\Feature\Http\Middleware\ShareErrorsFromSessionTest.php" line="41" class="Tests\Feature\Http\Middleware\ShareErrorsFromSessionTest" classname="Tests.Feature.Http.Middleware.ShareErrorsFromSessionTest" assertions="2" time="0.281955"/>
      </testsuite>
      <testsuite name="Tests\Feature\LinkCheckerTest" file="C:\Users\Gaser\Desktop\COPRRA\tests\Feature\LinkCheckerTest.php" tests="3" assertions="3" errors="0" failures="0" skipped="0" time="0.217869">
        <testcase name="test_basic_functionality" file="C:\Users\Gaser\Desktop\COPRRA\tests\Feature\LinkCheckerTest.php" line="18" class="Tests\Feature\LinkCheckerTest" classname="Tests.Feature.LinkCheckerTest" assertions="1" time="0.093310"/>
        <testcase name="test_validation" file="C:\Users\Gaser\Desktop\COPRRA\tests\Feature\LinkCheckerTest.php" line="32" class="Tests\Feature\LinkCheckerTest" classname="Tests.Feature.LinkCheckerTest" assertions="1" time="0.062264"/>
        <testcase name="test_expected_behavior" file="C:\Users\Gaser\Desktop\COPRRA\tests\Feature\LinkCheckerTest.php" line="25" class="Tests\Feature\LinkCheckerTest" classname="Tests.Feature.LinkCheckerTest" assertions="1" time="0.062295"/>
      </testsuite>
      <testsuite name="Tests\Feature\Services\QualityAnalysisServiceTest" file="C:\Users\Gaser\Desktop\COPRRA\tests\Feature\Services\QualityAnalysisServiceTest.php" tests="4" assertions="20" errors="0" failures="0" skipped="0" time="1.117709">
        <testcase name="test_returns_valid_score_range" file="C:\Users\Gaser\Desktop\COPRRA\tests\Feature\Services\QualityAnalysisServiceTest.php" line="57" class="Tests\Feature\Services\QualityAnalysisServiceTest" classname="Tests.Feature.Services.QualityAnalysisServiceTest" assertions="7" time="0.281591"/>
        <testcase name="test_returns_code_quality_category" file="C:\Users\Gaser\Desktop\COPRRA\tests\Feature\Services\QualityAnalysisServiceTest.php" line="70" class="Tests\Feature\Services\QualityAnalysisServiceTest" classname="Tests.Feature.Services.QualityAnalysisServiceTest" assertions="3" time="0.282538"/>
        <testcase name="test_analyzes_code_quality" file="C:\Users\Gaser\Desktop\COPRRA\tests\Feature\Services\QualityAnalysisServiceTest.php" line="30" class="Tests\Feature\Services\QualityAnalysisServiceTest" classname="Tests.Feature.Services.QualityAnalysisServiceTest" assertions="6" time="0.266301"/>
        <testcase name="test_handles_analysis_exception" file="C:\Users\Gaser\Desktop\COPRRA\tests\Feature\Services\QualityAnalysisServiceTest.php" line="44" class="Tests\Feature\Services\QualityAnalysisServiceTest" classname="Tests.Feature.Services.QualityAnalysisServiceTest" assertions="4" time="0.287279"/>
      </testsuite>
      <testsuite name="Tests\Feature\FeatureTest" file="C:\Users\Gaser\Desktop\COPRRA\tests\Feature\FeatureTest.php" tests="2" assertions="2" errors="0" failures="0" skipped="0" time="0.166857">
        <testcase name="test_feature_basic_functionality" file="C:\Users\Gaser\Desktop\COPRRA\tests\Feature\FeatureTest.php" line="19" class="Tests\Feature\FeatureTest" classname="Tests.Feature.FeatureTest" assertions="1" time="0.091490"/>
        <testcase name="test_feature_expected_behavior" file="C:\Users\Gaser\Desktop\COPRRA\tests\Feature\FeatureTest.php" line="26" class="Tests\Feature\FeatureTest" classname="Tests.Feature.FeatureTest" assertions="1" time="0.075368"/>
      </testsuite>
      <testsuite name="Tests\Feature\Http\Middleware\AuthenticateWithBasicAuthTest" file="C:\Users\Gaser\Desktop\COPRRA\tests\Feature\Http\Middleware\AuthenticateWithBasicAuthTest.php" tests="5" assertions="5" errors="0" failures="0" skipped="0" time="0.783399">
        <testcase name="test_authenticate_with_basic_auth_middleware_handles_invalid_credentials" file="C:\Users\Gaser\Desktop\COPRRA\tests\Feature\Http\Middleware\AuthenticateWithBasicAuthTest.php" line="45" class="Tests\Feature\Http\Middleware\AuthenticateWithBasicAuthTest" classname="Tests.Feature.Http.Middleware.AuthenticateWithBasicAuthTest" assertions="1" time="0.277914"/>
        <testcase name="test_authenticate_with_basic_auth_middleware_handles_missing_authorization" file="C:\Users\Gaser\Desktop\COPRRA\tests\Feature\Http\Middleware\AuthenticateWithBasicAuthTest.php" line="61" class="Tests\Feature\Http\Middleware\AuthenticateWithBasicAuthTest" classname="Tests.Feature.Http.Middleware.AuthenticateWithBasicAuthTest" assertions="1" time="0.064953"/>
        <testcase name="test_authenticate_with_basic_auth_middleware_handles_post_requests" file="C:\Users\Gaser\Desktop\COPRRA\tests\Feature\Http\Middleware\AuthenticateWithBasicAuthTest.php" line="91" class="Tests\Feature\Http\Middleware\AuthenticateWithBasicAuthTest" classname="Tests.Feature.Http.Middleware.AuthenticateWithBasicAuthTest" assertions="1" time="0.271840"/>
        <testcase name="test_authenticate_with_basic_auth_middleware_handles_requests" file="C:\Users\Gaser\Desktop\COPRRA\tests\Feature\Http\Middleware\AuthenticateWithBasicAuthTest.php" line="20" class="Tests\Feature\Http\Middleware\AuthenticateWithBasicAuthTest" classname="Tests.Feature.Http.Middleware.AuthenticateWithBasicAuthTest" assertions="1" time="0.082112"/>
        <testcase name="test_authenticate_with_basic_auth_middleware_handles_malformed_authorization" file="C:\Users\Gaser\Desktop\COPRRA\tests\Feature\Http\Middleware\AuthenticateWithBasicAuthTest.php" line="75" class="Tests\Feature\Http\Middleware\AuthenticateWithBasicAuthTest" classname="Tests.Feature.Http.Middleware.AuthenticateWithBasicAuthTest" assertions="1" time="0.086580"/>
      </testsuite>
      <testsuite name="Tests\Feature\Http\Controllers\UserControllerTest" file="C:\Users\Gaser\Desktop\COPRRA\tests\Feature\Http\Controllers\UserControllerTest.php" tests="8" assertions="24" errors="0" failures="0" skipped="0" time="0.794803">
        <testcase name="test_requires_authentication_to_update_profile" file="C:\Users\Gaser\Desktop\COPRRA\tests\Feature\Http\Controllers\UserControllerTest.php" line="78" class="Tests\Feature\Http\Controllers\UserControllerTest" classname="Tests.Feature.Http.Controllers.UserControllerTest" assertions="3" time="0.108979"/>
        <testcase name="test_requires_authentication_to_change_password" file="C:\Users\Gaser\Desktop\COPRRA\tests\Feature\Http\Controllers\UserControllerTest.php" line="118" class="Tests\Feature\Http\Controllers\UserControllerTest" classname="Tests.Feature.Http.Controllers.UserControllerTest" assertions="3" time="0.173571"/>
        <testcase name="test_can_change_user_password" file="C:\Users\Gaser\Desktop\COPRRA\tests\Feature\Http\Controllers\UserControllerTest.php" line="89" class="Tests\Feature\Http\Controllers\UserControllerTest" classname="Tests.Feature.Http.Controllers.UserControllerTest" assertions="2" time="0.083847"/>
        <testcase name="test_validates_password_change_request" file="C:\Users\Gaser\Desktop\COPRRA\tests\Feature\Http\Controllers\UserControllerTest.php" line="107" class="Tests\Feature\Http\Controllers\UserControllerTest" classname="Tests.Feature.Http.Controllers.UserControllerTest" assertions="4" time="0.070786"/>
        <testcase name="test_requires_authentication_to_view_profile" file="C:\Users\Gaser\Desktop\COPRRA\tests\Feature\Http\Controllers\UserControllerTest.php" line="42" class="Tests\Feature\Http\Controllers\UserControllerTest" classname="Tests.Feature.Http.Controllers.UserControllerTest" assertions="3" time="0.064525"/>
        <testcase name="test_can_display_user_profile" file="C:\Users\Gaser\Desktop\COPRRA\tests\Feature\Http\Controllers\UserControllerTest.php" line="30" class="Tests\Feature\Http\Controllers\UserControllerTest" classname="Tests.Feature.Http.Controllers.UserControllerTest" assertions="3" time="0.122415"/>
        <testcase name="test_validates_profile_update_request" file="C:\Users\Gaser\Desktop\COPRRA\tests\Feature\Http\Controllers\UserControllerTest.php" line="67" class="Tests\Feature\Http\Controllers\UserControllerTest" classname="Tests.Feature.Http.Controllers.UserControllerTest" assertions="4" time="0.094354"/>
        <testcase name="test_can_update_user_profile" file="C:\Users\Gaser\Desktop\COPRRA\tests\Feature\Http\Controllers\UserControllerTest.php" line="50" class="Tests\Feature\Http\Controllers\UserControllerTest" classname="Tests.Feature.Http.Controllers.UserControllerTest" assertions="2" time="0.076326"/>
      </testsuite>
      <testsuite name="Tests\Feature\MySQLConnectionTest" file="C:\Users\Gaser\Desktop\COPRRA\tests\Feature\MySQLConnectionTest.php" tests="1" assertions="1" errors="0" failures="0" skipped="0" time="0.079937">
        <testcase name="it_handles_mysql_connection_based_on_environment" file="C:\Users\Gaser\Desktop\COPRRA\tests\Feature\MySQLConnectionTest.php" line="17" class="Tests\Feature\MySQLConnectionTest" classname="Tests.Feature.MySQLConnectionTest" assertions="1" time="0.079937"/>
      </testsuite>
      <testsuite name="Tests\Feature\COPRRA\PriceComparisonTest" file="C:\Users\Gaser\Desktop\COPRRA\tests\Feature\COPRRA\PriceComparisonTest.php" tests="12" assertions="35" errors="0" failures="0" skipped="0" time="0.945974">
        <testcase name="test_calculates_savings_percentage" file="C:\Users\Gaser\Desktop\COPRRA\tests\Feature\COPRRA\PriceComparisonTest.php" line="146" class="Tests\Feature\COPRRA\PriceComparisonTest" classname="Tests.Feature.COPRRA.PriceComparisonTest" assertions="3" time="0.067299"/>
        <testcase name="test_tracks_price_comparison_analytics" file="C:\Users\Gaser\Desktop\COPRRA\tests\Feature\COPRRA\PriceComparisonTest.php" line="286" class="Tests\Feature\COPRRA\PriceComparisonTest" classname="Tests.Feature.COPRRA.PriceComparisonTest" assertions="3" time="0.072853"/>
        <testcase name="test_handles_multiple_currencies_in_comparison" file="C:\Users\Gaser\Desktop\COPRRA\tests\Feature\COPRRA\PriceComparisonTest.php" line="300" class="Tests\Feature\COPRRA\PriceComparisonTest" classname="Tests.Feature.COPRRA.PriceComparisonTest" assertions="1" time="0.076033"/>
        <testcase name="test_handles_unavailable_products_in_stores" file="C:\Users\Gaser\Desktop\COPRRA\tests\Feature\COPRRA\PriceComparisonTest.php" line="213" class="Tests\Feature\COPRRA\PriceComparisonTest" classname="Tests.Feature.COPRRA.PriceComparisonTest" assertions="3" time="0.084581"/>
        <testcase name="test_validates_price_update_interval" file="C:\Users\Gaser\Desktop\COPRRA\tests\Feature\COPRRA\PriceComparisonTest.php" line="320" class="Tests\Feature\COPRRA\PriceComparisonTest" classname="Tests.Feature.COPRRA.PriceComparisonTest" assertions="2" time="0.086406"/>
        <testcase name="test_compares_prices_across_multiple_stores" file="C:\Users\Gaser\Desktop\COPRRA\tests\Feature\COPRRA\PriceComparisonTest.php" line="90" class="Tests\Feature\COPRRA\PriceComparisonTest" classname="Tests.Feature.COPRRA.PriceComparisonTest" assertions="4" time="0.072665"/>
        <testcase name="test_displays_price_range_for_product" file="C:\Users\Gaser\Desktop\COPRRA\tests\Feature\COPRRA\PriceComparisonTest.php" line="183" class="Tests\Feature\COPRRA\PriceComparisonTest" classname="Tests.Feature.COPRRA.PriceComparisonTest" assertions="3" time="0.083627"/>
        <testcase name="test_caches_price_comparison_results" file="C:\Users\Gaser\Desktop\COPRRA\tests\Feature\COPRRA\PriceComparisonTest.php" line="269" class="Tests\Feature\COPRRA\PriceComparisonTest" classname="Tests.Feature.COPRRA.PriceComparisonTest" assertions="5" time="0.067088"/>
        <testcase name="test_respects_max_stores_per_product_configuration" file="C:\Users\Gaser\Desktop\COPRRA\tests\Feature\COPRRA\PriceComparisonTest.php" line="238" class="Tests\Feature\COPRRA\PriceComparisonTest" classname="Tests.Feature.COPRRA.PriceComparisonTest" assertions="3" time="0.098074"/>
        <testcase name="test_converts_prices_between_currencies" file="C:\Users\Gaser\Desktop\COPRRA\tests\Feature\COPRRA\PriceComparisonTest.php" line="171" class="Tests\Feature\COPRRA\PriceComparisonTest" classname="Tests.Feature.COPRRA.PriceComparisonTest" assertions="2" time="0.070110"/>
        <testcase name="test_formats_price_with_correct_currency_symbol" file="C:\Users\Gaser\Desktop\COPRRA\tests\Feature\COPRRA\PriceComparisonTest.php" line="160" class="Tests\Feature\COPRRA\PriceComparisonTest" classname="Tests.Feature.COPRRA.PriceComparisonTest" assertions="4" time="0.089946"/>
        <testcase name="test_identifies_best_deal_among_stores" file="C:\Users\Gaser\Desktop\COPRRA\tests\Feature\COPRRA\PriceComparisonTest.php" line="119" class="Tests\Feature\COPRRA\PriceComparisonTest" classname="Tests.Feature.COPRRA.PriceComparisonTest" assertions="2" time="0.077291"/>
      </testsuite>
      <testsuite name="Tests\Feature\Http\Middleware\SetCacheHeadersTest" file="C:\Users\Gaser\Desktop\COPRRA\tests\Feature\Http\Middleware\SetCacheHeadersTest.php" tests="5" assertions="10" errors="0" failures="0" skipped="0" time="2.263860">
        <testcase name="test_set_cache_headers_middleware_passes_request_successfully" file="C:\Users\Gaser\Desktop\COPRRA\tests\Feature\Http\Middleware\SetCacheHeadersTest.php" line="25" class="Tests\Feature\Http\Middleware\SetCacheHeadersTest" classname="Tests.Feature.Http.Middleware.SetCacheHeadersTest" assertions="2" time="0.455730"/>
        <testcase name="test_set_cache_headers_middleware_adds_cache_headers" file="C:\Users\Gaser\Desktop\COPRRA\tests\Feature\Http\Middleware\SetCacheHeadersTest.php" line="12" class="Tests\Feature\Http\Middleware\SetCacheHeadersTest" classname="Tests.Feature.Http.Middleware.SetCacheHeadersTest" assertions="2" time="0.435456"/>
        <testcase name="test_set_cache_headers_middleware_handles_different_response_codes" file="C:\Users\Gaser\Desktop\COPRRA\tests\Feature\Http\Middleware\SetCacheHeadersTest.php" line="38" class="Tests\Feature\Http\Middleware\SetCacheHeadersTest" classname="Tests.Feature.Http.Middleware.SetCacheHeadersTest" assertions="2" time="0.463459"/>
        <testcase name="test_set_cache_headers_middleware_handles_api_requests" file="C:\Users\Gaser\Desktop\COPRRA\tests\Feature\Http\Middleware\SetCacheHeadersTest.php" line="66" class="Tests\Feature\Http\Middleware\SetCacheHeadersTest" classname="Tests.Feature.Http.Middleware.SetCacheHeadersTest" assertions="2" time="0.451821"/>
        <testcase name="test_set_cache_headers_middleware_handles_post_requests" file="C:\Users\Gaser\Desktop\COPRRA\tests\Feature\Http\Middleware\SetCacheHeadersTest.php" line="51" class="Tests\Feature\Http\Middleware\SetCacheHeadersTest" classname="Tests.Feature.Http.Middleware.SetCacheHeadersTest" assertions="2" time="0.457394"/>
      </testsuite>
      <testsuite name="Tests\Feature\Http\Middleware\InputSanitizationMiddlewareTest" file="C:\Users\Gaser\Desktop\COPRRA\tests\Feature\Http\Middleware\InputSanitizationMiddlewareTest.php" tests="5" assertions="10" errors="0" failures="0" skipped="0" time="0.311196">
        <testcase name="test_input_sanitization_middleware_handles_nested_arrays" file="C:\Users\Gaser\Desktop\COPRRA\tests\Feature\Http\Middleware\InputSanitizationMiddlewareTest.php" line="50" class="Tests\Feature\Http\Middleware\InputSanitizationMiddlewareTest" classname="Tests.Feature.Http.Middleware.InputSanitizationMiddlewareTest" assertions="2" time="0.063206"/>
        <testcase name="test_input_sanitization_middleware_handles_clean_input" file="C:\Users\Gaser\Desktop\COPRRA\tests\Feature\Http\Middleware\InputSanitizationMiddlewareTest.php" line="88" class="Tests\Feature\Http\Middleware\InputSanitizationMiddlewareTest" classname="Tests.Feature.Http.Middleware.InputSanitizationMiddlewareTest" assertions="2" time="0.060176"/>
        <testcase name="test_input_sanitization_middleware_handles_api_requests" file="C:\Users\Gaser\Desktop\COPRRA\tests\Feature\Http\Middleware\InputSanitizationMiddlewareTest.php" line="72" class="Tests\Feature\Http\Middleware\InputSanitizationMiddlewareTest" classname="Tests.Feature.Http.Middleware.InputSanitizationMiddlewareTest" assertions="2" time="0.069487"/>
        <testcase name="test_input_sanitization_middleware_sanitizes_input" file="C:\Users\Gaser\Desktop\COPRRA\tests\Feature\Http\Middleware\InputSanitizationMiddlewareTest.php" line="18" class="Tests\Feature\Http\Middleware\InputSanitizationMiddlewareTest" classname="Tests.Feature.Http.Middleware.InputSanitizationMiddlewareTest" assertions="2" time="0.059812"/>
        <testcase name="test_input_sanitization_middleware_handles_get_requests" file="C:\Users\Gaser\Desktop\COPRRA\tests\Feature\Http\Middleware\InputSanitizationMiddlewareTest.php" line="35" class="Tests\Feature\Http\Middleware\InputSanitizationMiddlewareTest" classname="Tests.Feature.Http.Middleware.InputSanitizationMiddlewareTest" assertions="2" time="0.058515"/>
      </testsuite>
      <testsuite name="Tests\Feature\Http\Middleware\AdminMiddlewareTest" file="C:\Users\Gaser\Desktop\COPRRA\tests\Feature\Http\Middleware\AdminMiddlewareTest.php" tests="6" assertions="14" errors="0" failures="0" skipped="0" time="0.415423">
        <testcase name="test_admin_middleware_redirects_unauthenticated_user" file="C:\Users\Gaser\Desktop\COPRRA\tests\Feature\Http\Middleware\AdminMiddlewareTest.php" line="40" class="Tests\Feature\Http\Middleware\AdminMiddlewareTest" classname="Tests.Feature.Http.Middleware.AdminMiddlewareTest" assertions="2" time="0.075029"/>
        <testcase name="test_admin_middleware_returns_json_for_api_requests_when_non_admin" file="C:\Users\Gaser\Desktop\COPRRA\tests\Feature\Http\Middleware\AdminMiddlewareTest.php" line="91" class="Tests\Feature\Http\Middleware\AdminMiddlewareTest" classname="Tests.Feature.Http.Middleware.AdminMiddlewareTest" assertions="3" time="0.062558"/>
        <testcase name="test_admin_middleware_allows_authenticated_admin_user" file="C:\Users\Gaser\Desktop\COPRRA\tests\Feature\Http\Middleware\AdminMiddlewareTest.php" line="21" class="Tests\Feature\Http\Middleware\AdminMiddlewareTest" classname="Tests.Feature.Http.Middleware.AdminMiddlewareTest" assertions="2" time="0.066531"/>
        <testcase name="test_admin_middleware_redirects_non_admin_user" file="C:\Users\Gaser\Desktop\COPRRA\tests\Feature\Http\Middleware\AdminMiddlewareTest.php" line="72" class="Tests\Feature\Http\Middleware\AdminMiddlewareTest" classname="Tests.Feature.Http.Middleware.AdminMiddlewareTest" assertions="2" time="0.063315"/>
        <testcase name="test_admin_middleware_handles_null_user" file="C:\Users\Gaser\Desktop\COPRRA\tests\Feature\Http\Middleware\AdminMiddlewareTest.php" line="112" class="Tests\Feature\Http\Middleware\AdminMiddlewareTest" classname="Tests.Feature.Http.Middleware.AdminMiddlewareTest" assertions="2" time="0.072515"/>
        <testcase name="test_admin_middleware_returns_json_for_api_requests_when_unauthenticated" file="C:\Users\Gaser\Desktop\COPRRA\tests\Feature\Http\Middleware\AdminMiddlewareTest.php" line="55" class="Tests\Feature\Http\Middleware\AdminMiddlewareTest" classname="Tests.Feature.Http.Middleware.AdminMiddlewareTest" assertions="3" time="0.075475"/>
      </testsuite>
      <testsuite name="Tests\Feature\Http\Middleware\ThrottleSensitiveOperationsTest" file="C:\Users\Gaser\Desktop\COPRRA\tests\Feature\Http\Middleware\ThrottleSensitiveOperationsTest.php" tests="5" assertions="10" errors="0" failures="0" skipped="0" time="0.350079">
        <testcase name="test_throttle_sensitive_operations_middleware_allows_requests_within_limit" file="C:\Users\Gaser\Desktop\COPRRA\tests\Feature\Http\Middleware\ThrottleSensitiveOperationsTest.php" line="18" class="Tests\Feature\Http\Middleware\ThrottleSensitiveOperationsTest" classname="Tests.Feature.Http.Middleware.ThrottleSensitiveOperationsTest" assertions="2" time="0.066785"/>
        <testcase name="test_throttle_sensitive_operations_middleware_handles_api_requests" file="C:\Users\Gaser\Desktop\COPRRA\tests\Feature\Http\Middleware\ThrottleSensitiveOperationsTest.php" line="79" class="Tests\Feature\Http\Middleware\ThrottleSensitiveOperationsTest" classname="Tests.Feature.Http.Middleware.ThrottleSensitiveOperationsTest" assertions="2" time="0.090147"/>
        <testcase name="test_throttle_sensitive_operations_middleware_handles_password_change" file="C:\Users\Gaser\Desktop\COPRRA\tests\Feature\Http\Middleware\ThrottleSensitiveOperationsTest.php" line="33" class="Tests\Feature\Http\Middleware\ThrottleSensitiveOperationsTest" classname="Tests.Feature.Http.Middleware.ThrottleSensitiveOperationsTest" assertions="2" time="0.064404"/>
        <testcase name="test_throttle_sensitive_operations_middleware_handles_get_requests" file="C:\Users\Gaser\Desktop\COPRRA\tests\Feature\Http\Middleware\ThrottleSensitiveOperationsTest.php" line="66" class="Tests\Feature\Http\Middleware\ThrottleSensitiveOperationsTest" classname="Tests.Feature.Http.Middleware.ThrottleSensitiveOperationsTest" assertions="2" time="0.065672"/>
        <testcase name="test_throttle_sensitive_operations_middleware_handles_email_change" file="C:\Users\Gaser\Desktop\COPRRA\tests\Feature\Http\Middleware\ThrottleSensitiveOperationsTest.php" line="50" class="Tests\Feature\Http\Middleware\ThrottleSensitiveOperationsTest" classname="Tests.Feature.Http.Middleware.ThrottleSensitiveOperationsTest" assertions="2" time="0.063071"/>
      </testsuite>
      <testsuite name="Tests\Feature\Services\PasswordPolicyServiceTest" file="C:\Users\Gaser\Desktop\COPRRA\tests\Feature\Services\PasswordPolicyServiceTest.php" tests="31" assertions="59" errors="0" failures="0" skipped="0" time="2.110191">
        <testcase name="test_validates_password_with_case_insensitive_forbidden" file="C:\Users\Gaser\Desktop\COPRRA\tests\Feature\Services\PasswordPolicyServiceTest.php" line="468" class="Tests\Feature\Services\PasswordPolicyServiceTest" classname="Tests.Feature.Services.PasswordPolicyServiceTest" assertions="2" time="0.067867"/>
        <testcase name="test_handles_password_expiry_check_exception" file="C:\Users\Gaser\Desktop\COPRRA\tests\Feature\Services\PasswordPolicyServiceTest.php" line="273" class="Tests\Feature\Services\PasswordPolicyServiceTest" classname="Tests.Feature.Services.PasswordPolicyServiceTest" assertions="1" time="0.066795"/>
        <testcase name="test_checks_password_not_in_history" file="C:\Users\Gaser\Desktop\COPRRA\tests\Feature\Services\PasswordPolicyServiceTest.php" line="212" class="Tests\Feature\Services\PasswordPolicyServiceTest" classname="Tests.Feature.Services.PasswordPolicyServiceTest" assertions="1" time="0.064755"/>
        <testcase name="test_validates_weak_password" file="C:\Users\Gaser\Desktop\COPRRA\tests\Feature\Services\PasswordPolicyServiceTest.php" line="46" class="Tests\Feature\Services\PasswordPolicyServiceTest" classname="Tests.Feature.Services.PasswordPolicyServiceTest" assertions="3" time="0.081044"/>
        <testcase name="test_validates_password_without_uppercase" file="C:\Users\Gaser\Desktop\COPRRA\tests\Feature\Services\PasswordPolicyServiceTest.php" line="60" class="Tests\Feature\Services\PasswordPolicyServiceTest" classname="Tests.Feature.Services.PasswordPolicyServiceTest" assertions="2" time="0.059094"/>
        <testcase name="test_updates_policy" file="C:\Users\Gaser\Desktop\COPRRA\tests\Feature\Services\PasswordPolicyServiceTest.php" line="410" class="Tests\Feature\Services\PasswordPolicyServiceTest" classname="Tests.Feature.Services.PasswordPolicyServiceTest" assertions="1" time="0.061685"/>
        <testcase name="test_validates_password_with_repeated_characters" file="C:\Users\Gaser\Desktop\COPRRA\tests\Feature\Services\PasswordPolicyServiceTest.php" line="125" class="Tests\Feature\Services\PasswordPolicyServiceTest" classname="Tests.Feature.Services.PasswordPolicyServiceTest" assertions="2" time="0.063853"/>
        <testcase name="test_gets_policy_requirements" file="C:\Users\Gaser\Desktop\COPRRA\tests\Feature\Services\PasswordPolicyServiceTest.php" line="393" class="Tests\Feature\Services\PasswordPolicyServiceTest" classname="Tests.Feature.Services.PasswordPolicyServiceTest" assertions="9" time="0.063378"/>
        <testcase name="test_generates_secure_password" file="C:\Users\Gaser\Desktop\COPRRA\tests\Feature\Services\PasswordPolicyServiceTest.php" line="369" class="Tests\Feature\Services\PasswordPolicyServiceTest" classname="Tests.Feature.Services.PasswordPolicyServiceTest" assertions="6" time="0.060211"/>
        <testcase name="test_handles_update_policy_exception" file="C:\Users\Gaser\Desktop\COPRRA\tests\Feature\Services\PasswordPolicyServiceTest.php" line="433" class="Tests\Feature\Services\PasswordPolicyServiceTest" classname="Tests.Feature.Services.PasswordPolicyServiceTest" assertions="1" time="0.063263"/>
        <testcase name="test_validates_password_without_lowercase" file="C:\Users\Gaser\Desktop\COPRRA\tests\Feature\Services\PasswordPolicyServiceTest.php" line="73" class="Tests\Feature\Services\PasswordPolicyServiceTest" classname="Tests.Feature.Services.PasswordPolicyServiceTest" assertions="2" time="0.078716"/>
        <testcase name="test_validates_password_without_numbers" file="C:\Users\Gaser\Desktop\COPRRA\tests\Feature\Services\PasswordPolicyServiceTest.php" line="86" class="Tests\Feature\Services\PasswordPolicyServiceTest" classname="Tests.Feature.Services.PasswordPolicyServiceTest" assertions="2" time="0.062419"/>
        <testcase name="test_checks_password_expired" file="C:\Users\Gaser\Desktop\COPRRA\tests\Feature\Services\PasswordPolicyServiceTest.php" line="261" class="Tests\Feature\Services\PasswordPolicyServiceTest" classname="Tests.Feature.Services.PasswordPolicyServiceTest" assertions="1" time="0.066438"/>
        <testcase name="test_calculates_password_strength_medium" file="C:\Users\Gaser\Desktop\COPRRA\tests\Feature\Services\PasswordPolicyServiceTest.php" line="176" class="Tests\Feature\Services\PasswordPolicyServiceTest" classname="Tests.Feature.Services.PasswordPolicyServiceTest" assertions="1" time="0.059500"/>
        <testcase name="test_calculates_password_strength_weak" file="C:\Users\Gaser\Desktop\COPRRA\tests\Feature\Services\PasswordPolicyServiceTest.php" line="164" class="Tests\Feature\Services\PasswordPolicyServiceTest" classname="Tests.Feature.Services.PasswordPolicyServiceTest" assertions="1" time="0.058722"/>
        <testcase name="test_validates_forbidden_password" file="C:\Users\Gaser\Desktop\COPRRA\tests\Feature\Services\PasswordPolicyServiceTest.php" line="112" class="Tests\Feature\Services\PasswordPolicyServiceTest" classname="Tests.Feature.Services.PasswordPolicyServiceTest" assertions="2" time="0.060345"/>
        <testcase name="test_calculates_password_strength_very_strong" file="C:\Users\Gaser\Desktop\COPRRA\tests\Feature\Services\PasswordPolicyServiceTest.php" line="200" class="Tests\Feature\Services\PasswordPolicyServiceTest" classname="Tests.Feature.Services.PasswordPolicyServiceTest" assertions="1" time="0.060301"/>
        <testcase name="test_validates_password_with_maximum_length" file="C:\Users\Gaser\Desktop\COPRRA\tests\Feature\Services\PasswordPolicyServiceTest.php" line="455" class="Tests\Feature\Services\PasswordPolicyServiceTest" classname="Tests.Feature.Services.PasswordPolicyServiceTest" assertions="2" time="0.097966"/>
        <testcase name="test_validates_strong_password" file="C:\Users\Gaser\Desktop\COPRRA\tests\Feature\Services\PasswordPolicyServiceTest.php" line="32" class="Tests\Feature\Services\PasswordPolicyServiceTest" classname="Tests.Feature.Services.PasswordPolicyServiceTest" assertions="3" time="0.083470"/>
        <testcase name="test_clears_failed_attempts" file="C:\Users\Gaser\Desktop\COPRRA\tests\Feature\Services\PasswordPolicyServiceTest.php" line="354" class="Tests\Feature\Services\PasswordPolicyServiceTest" classname="Tests.Feature.Services.PasswordPolicyServiceTest" assertions="1" time="0.095159"/>
        <testcase name="test_handles_record_failed_attempt_exception" file="C:\Users\Gaser\Desktop\COPRRA\tests\Feature\Services\PasswordPolicyServiceTest.php" line="333" class="Tests\Feature\Services\PasswordPolicyServiceTest" classname="Tests.Feature.Services.PasswordPolicyServiceTest" assertions="1" time="0.070571"/>
        <testcase name="test_records_failed_attempt" file="C:\Users\Gaser\Desktop\COPRRA\tests\Feature\Services\PasswordPolicyServiceTest.php" line="317" class="Tests\Feature\Services\PasswordPolicyServiceTest" classname="Tests.Feature.Services.PasswordPolicyServiceTest" assertions="1" time="0.066446"/>
        <testcase name="test_validates_password_without_symbols" file="C:\Users\Gaser\Desktop\COPRRA\tests\Feature\Services\PasswordPolicyServiceTest.php" line="99" class="Tests\Feature\Services\PasswordPolicyServiceTest" classname="Tests.Feature.Services.PasswordPolicyServiceTest" assertions="2" time="0.068713"/>
        <testcase name="test_generates_secure_password_with_default_length" file="C:\Users\Gaser\Desktop\COPRRA\tests\Feature\Services\PasswordPolicyServiceTest.php" line="383" class="Tests\Feature\Services\PasswordPolicyServiceTest" classname="Tests.Feature.Services.PasswordPolicyServiceTest" assertions="2" time="0.066994"/>
        <testcase name="test_saves_password_to_history" file="C:\Users\Gaser\Desktop\COPRRA\tests\Feature\Services\PasswordPolicyServiceTest.php" line="225" class="Tests\Feature\Services\PasswordPolicyServiceTest" classname="Tests.Feature.Services.PasswordPolicyServiceTest" assertions="1" time="0.087301"/>
        <testcase name="test_handles_account_lock_check_exception" file="C:\Users\Gaser\Desktop\COPRRA\tests\Feature\Services\PasswordPolicyServiceTest.php" line="301" class="Tests\Feature\Services\PasswordPolicyServiceTest" classname="Tests.Feature.Services.PasswordPolicyServiceTest" assertions="1" time="0.062801"/>
        <testcase name="test_handles_save_password_history_exception" file="C:\Users\Gaser\Desktop\COPRRA\tests\Feature\Services\PasswordPolicyServiceTest.php" line="241" class="Tests\Feature\Services\PasswordPolicyServiceTest" classname="Tests.Feature.Services.PasswordPolicyServiceTest" assertions="1" time="0.060395"/>
        <testcase name="test_calculates_password_strength_strong" file="C:\Users\Gaser\Desktop\COPRRA\tests\Feature\Services\PasswordPolicyServiceTest.php" line="188" class="Tests\Feature\Services\PasswordPolicyServiceTest" classname="Tests.Feature.Services.PasswordPolicyServiceTest" assertions="1" time="0.067897"/>
        <testcase name="test_validates_password_with_common_substitutions" file="C:\Users\Gaser\Desktop\COPRRA\tests\Feature\Services\PasswordPolicyServiceTest.php" line="151" class="Tests\Feature\Services\PasswordPolicyServiceTest" classname="Tests.Feature.Services.PasswordPolicyServiceTest" assertions="2" time="0.060088"/>
        <testcase name="test_validates_password_with_keyboard_patterns" file="C:\Users\Gaser\Desktop\COPRRA\tests\Feature\Services\PasswordPolicyServiceTest.php" line="138" class="Tests\Feature\Services\PasswordPolicyServiceTest" classname="Tests.Feature.Services.PasswordPolicyServiceTest" assertions="2" time="0.061206"/>
        <testcase name="test_checks_account_not_locked" file="C:\Users\Gaser\Desktop\COPRRA\tests\Feature\Services\PasswordPolicyServiceTest.php" line="289" class="Tests\Feature\Services\PasswordPolicyServiceTest" classname="Tests.Feature.Services.PasswordPolicyServiceTest" assertions="1" time="0.062799"/>
      </testsuite>
      <testsuite name="Tests\Feature\Http\Controllers\Api\ProductControllerTest" file="C:\Users\Gaser\Desktop\COPRRA\tests\Feature\Http\Controllers\Api\ProductControllerTest.php" tests="9" assertions="79" errors="0" failures="0" skipped="0" time="0.694840">
        <testcase name="test_returns_404_for_nonexistent_product" file="C:\Users\Gaser\Desktop\COPRRA\tests\Feature\Http\Controllers\Api\ProductControllerTest.php" line="93" class="Tests\Feature\Http\Controllers\Api\ProductControllerTest" classname="Tests.Feature.Http.Controllers.Api.ProductControllerTest" assertions="1" time="0.082449"/>
        <testcase name="test_can_list_products" file="C:\Users\Gaser\Desktop\COPRRA\tests\Feature\Http\Controllers\Api\ProductControllerTest.php" line="30" class="Tests\Feature\Http\Controllers\Api\ProductControllerTest" classname="Tests.Feature.Http.Controllers.Api.ProductControllerTest" assertions="38" time="0.081850"/>
        <testcase name="test_can_search_products" file="C:\Users\Gaser\Desktop\COPRRA\tests\Feature\Http\Controllers\Api\ProductControllerTest.php" line="100" class="Tests\Feature\Http\Controllers\Api\ProductControllerTest" classname="Tests.Feature.Http.Controllers.Api.ProductControllerTest" assertions="7" time="0.068355"/>
        <testcase name="test_can_paginate_products" file="C:\Users\Gaser\Desktop\COPRRA\tests\Feature\Http\Controllers\Api\ProductControllerTest.php" line="161" class="Tests\Feature\Http\Controllers\Api\ProductControllerTest" classname="Tests.Feature.Http.Controllers.Api.ProductControllerTest" assertions="4" time="0.103382"/>
        <testcase name="test_can_show_specific_product" file="C:\Users\Gaser\Desktop\COPRRA\tests\Feature\Http\Controllers\Api\ProductControllerTest.php" line="62" class="Tests\Feature\Http\Controllers\Api\ProductControllerTest" classname="Tests.Feature.Http.Controllers.Api.ProductControllerTest" assertions="13" time="0.070256"/>
        <testcase name="test_handles_invalid_sort_parameters" file="C:\Users\Gaser\Desktop\COPRRA\tests\Feature\Http\Controllers\Api\ProductControllerTest.php" line="185" class="Tests\Feature\Http\Controllers\Api\ProductControllerTest" classname="Tests.Feature.Http.Controllers.Api.ProductControllerTest" assertions="3" time="0.068571"/>
        <testcase name="test_can_sort_products" file="C:\Users\Gaser\Desktop\COPRRA\tests\Feature\Http\Controllers\Api\ProductControllerTest.php" line="142" class="Tests\Feature\Http\Controllers\Api\ProductControllerTest" classname="Tests.Feature.Http.Controllers.Api.ProductControllerTest" assertions="3" time="0.083593"/>
        <testcase name="test_can_filter_products_by_category" file="C:\Users\Gaser\Desktop\COPRRA\tests\Feature\Http\Controllers\Api\ProductControllerTest.php" line="121" class="Tests\Feature\Http\Controllers\Api\ProductControllerTest" classname="Tests.Feature.Http.Controllers.Api.ProductControllerTest" assertions="7" time="0.068376"/>
        <testcase name="test_handles_invalid_pagination_parameters" file="C:\Users\Gaser\Desktop\COPRRA\tests\Feature\Http\Controllers\Api\ProductControllerTest.php" line="177" class="Tests\Feature\Http\Controllers\Api\ProductControllerTest" classname="Tests.Feature.Http.Controllers.Api.ProductControllerTest" assertions="3" time="0.068008"/>
      </testsuite>
      <testsuite name="Tests\Feature\Http\Controllers\SystemControllerTest" file="C:\Users\Gaser\Desktop\COPRRA\tests\Feature\Http\Controllers\SystemControllerTest.php" tests="18" assertions="97" errors="0" failures="0" skipped="0" time="5.376698">
        <testcase name="it_handles_cache_clear_errors" file="C:\Users\Gaser\Desktop\COPRRA\tests\Feature\Http\Controllers\SystemControllerTest.php" line="160" class="Tests\Feature\Http\Controllers\SystemControllerTest" classname="Tests.Feature.Http.Controllers.SystemControllerTest" assertions="2" time="0.068019"/>
        <testcase name="it_calls_multiple_artisan_commands_for_cache_clear" file="C:\Users\Gaser\Desktop\COPRRA\tests\Feature\Http\Controllers\SystemControllerTest.php" line="250" class="Tests\Feature\Http\Controllers\SystemControllerTest" classname="Tests.Feature.Http.Controllers.SystemControllerTest" assertions="1" time="0.063705"/>
        <testcase name="it_returns_valid_system_information" file="C:\Users\Gaser\Desktop\COPRRA\tests\Feature\Http\Controllers\SystemControllerTest.php" line="274" class="Tests\Feature\Http\Controllers\SystemControllerTest" classname="Tests.Feature.Http.Controllers.SystemControllerTest" assertions="13" time="0.067214"/>
        <testcase name="it_can_get_system_information" file="C:\Users\Gaser\Desktop\COPRRA\tests\Feature\Http\Controllers\SystemControllerTest.php" line="22" class="Tests\Feature\Http\Controllers\SystemControllerTest" classname="Tests.Feature.Http.Controllers.SystemControllerTest" assertions="16" time="0.150749"/>
        <testcase name="it_can_clear_application_cache" file="C:\Users\Gaser\Desktop\COPRRA\tests\Feature\Http\Controllers\SystemControllerTest.php" line="69" class="Tests\Feature\Http\Controllers\SystemControllerTest" classname="Tests.Feature.Http.Controllers.SystemControllerTest" assertions="4" time="0.148662"/>
        <testcase name="it_handles_system_info_errors" file="C:\Users\Gaser\Desktop\COPRRA\tests\Feature\Http\Controllers\SystemControllerTest.php" line="214" class="Tests\Feature\Http\Controllers\SystemControllerTest" classname="Tests.Feature.Http.Controllers.SystemControllerTest" assertions="2" time="0.078411"/>
        <testcase name="it_handles_performance_metrics_errors" file="C:\Users\Gaser\Desktop\COPRRA\tests\Feature\Http\Controllers\SystemControllerTest.php" line="232" class="Tests\Feature\Http\Controllers\SystemControllerTest" classname="Tests.Feature.Http.Controllers.SystemControllerTest" assertions="2" time="0.064813"/>
        <testcase name="it_handles_composer_update_errors" file="C:\Users\Gaser\Desktop\COPRRA\tests\Feature\Http\Controllers\SystemControllerTest.php" line="194" class="Tests\Feature\Http\Controllers\SystemControllerTest" classname="Tests.Feature.Http.Controllers.SystemControllerTest" assertions="2" time="0.066995"/>
        <testcase name="it_can_run_database_migrations" file="C:\Users\Gaser\Desktop\COPRRA\tests\Feature\Http\Controllers\SystemControllerTest.php" line="52" class="Tests\Feature\Http\Controllers\SystemControllerTest" classname="Tests.Feature.Http.Controllers.SystemControllerTest" assertions="5" time="0.069102"/>
        <testcase name="it_handles_uptime_calculation" file="C:\Users\Gaser\Desktop\COPRRA\tests\Feature\Http\Controllers\SystemControllerTest.php" line="328" class="Tests\Feature\Http\Controllers\SystemControllerTest" classname="Tests.Feature.Http.Controllers.SystemControllerTest" assertions="3" time="0.100870"/>
        <testcase name="it_handles_migration_errors" file="C:\Users\Gaser\Desktop\COPRRA\tests\Feature\Http\Controllers\SystemControllerTest.php" line="143" class="Tests\Feature\Http\Controllers\SystemControllerTest" classname="Tests.Feature.Http.Controllers.SystemControllerTest" assertions="2" time="0.125894"/>
        <testcase name="it_can_get_performance_metrics" file="C:\Users\Gaser\Desktop\COPRRA\tests\Feature\Http\Controllers\SystemControllerTest.php" line="118" class="Tests\Feature\Http\Controllers\SystemControllerTest" classname="Tests.Feature.Http.Controllers.SystemControllerTest" assertions="12" time="0.071191"/>
        <testcase name="it_can_run_composer_update" file="C:\Users\Gaser\Desktop\COPRRA\tests\Feature\Http\Controllers\SystemControllerTest.php" line="101" class="Tests\Feature\Http\Controllers\SystemControllerTest" classname="Tests.Feature.Http.Controllers.SystemControllerTest" assertions="5" time="0.061646"/>
        <testcase name="it_handles_cpu_count_calculation" file="C:\Users\Gaser\Desktop\COPRRA\tests\Feature\Http\Controllers\SystemControllerTest.php" line="352" class="Tests\Feature\Http\Controllers\SystemControllerTest" classname="Tests.Feature.Http.Controllers.SystemControllerTest" assertions="4" time="0.080013"/>
        <testcase name="it_handles_optimization_errors" file="C:\Users\Gaser\Desktop\COPRRA\tests\Feature\Http\Controllers\SystemControllerTest.php" line="177" class="Tests\Feature\Http\Controllers\SystemControllerTest" classname="Tests.Feature.Http.Controllers.SystemControllerTest" assertions="2" time="0.081111"/>
        <testcase name="it_handles_load_average_calculation" file="C:\Users\Gaser\Desktop\COPRRA\tests\Feature\Http\Controllers\SystemControllerTest.php" line="340" class="Tests\Feature\Http\Controllers\SystemControllerTest" classname="Tests.Feature.Http.Controllers.SystemControllerTest" assertions="3" time="0.081315"/>
        <testcase name="it_can_optimize_application" file="C:\Users\Gaser\Desktop\COPRRA\tests\Feature\Http\Controllers\SystemControllerTest.php" line="85" class="Tests\Feature\Http\Controllers\SystemControllerTest" classname="Tests.Feature.Http.Controllers.SystemControllerTest" assertions="4" time="3.328383"/>
        <testcase name="it_returns_valid_performance_metrics" file="C:\Users\Gaser\Desktop\COPRRA\tests\Feature\Http\Controllers\SystemControllerTest.php" line="300" class="Tests\Feature\Http\Controllers\SystemControllerTest" classname="Tests.Feature.Http.Controllers.SystemControllerTest" assertions="15" time="0.668608"/>
      </testsuite>
      <testsuite name="Tests\Feature\Services\AuditServiceTest" file="C:\Users\Gaser\Desktop\COPRRA\tests\Feature\Services\AuditServiceTest.php" tests="13" assertions="27" errors="0" failures="0" skipped="0" time="2.042182">
        <testcase name="test_logs_created_event" file="C:\Users\Gaser\Desktop\COPRRA\tests\Feature\Services\AuditServiceTest.php" line="44" class="Tests\Feature\Services\AuditServiceTest" classname="Tests.Feature.Services.AuditServiceTest" assertions="3" time="0.232496"/>
        <testcase name="test_logs_api_access" file="C:\Users\Gaser\Desktop\COPRRA\tests\Feature\Services\AuditServiceTest.php" line="178" class="Tests\Feature\Services\AuditServiceTest" classname="Tests.Feature.Services.AuditServiceTest" assertions="2" time="0.122143"/>
        <testcase name="test_gets_model_logs" file="C:\Users\Gaser\Desktop\COPRRA\tests\Feature\Services\AuditServiceTest.php" line="198" class="Tests\Feature\Services\AuditServiceTest" classname="Tests.Feature.Services.AuditServiceTest" assertions="3" time="1.087638"/>
        <testcase name="test_logs_viewed_event" file="C:\Users\Gaser\Desktop\COPRRA\tests\Feature\Services\AuditServiceTest.php" line="109" class="Tests\Feature\Services\AuditServiceTest" classname="Tests.Feature.Services.AuditServiceTest" assertions="3" time="0.063297"/>
        <testcase name="test_logs_sensitive_operation" file="C:\Users\Gaser\Desktop\COPRRA\tests\Feature\Services\AuditServiceTest.php" line="129" class="Tests\Feature\Services\AuditServiceTest" classname="Tests.Feature.Services.AuditServiceTest" assertions="1" time="0.061226"/>
        <testcase name="test_logs_deleted_event" file="C:\Users\Gaser\Desktop\COPRRA\tests\Feature\Services\AuditServiceTest.php" line="89" class="Tests\Feature\Services\AuditServiceTest" classname="Tests.Feature.Services.AuditServiceTest" assertions="3" time="0.054765"/>
        <testcase name="test_gets_user_logs" file="C:\Users\Gaser\Desktop\COPRRA\tests\Feature\Services\AuditServiceTest.php" line="214" class="Tests\Feature\Services\AuditServiceTest" classname="Tests.Feature.Services.AuditServiceTest" assertions="2" time="0.055040"/>
        <testcase name="test_cleans_old_logs" file="C:\Users\Gaser\Desktop\COPRRA\tests\Feature\Services\AuditServiceTest.php" line="240" class="Tests\Feature\Services\AuditServiceTest" classname="Tests.Feature.Services.AuditServiceTest" assertions="2" time="0.057689"/>
        <testcase name="test_logs_auth_event_with_user_id" file="C:\Users\Gaser\Desktop\COPRRA\tests\Feature\Services\AuditServiceTest.php" line="145" class="Tests\Feature\Services\AuditServiceTest" classname="Tests.Feature.Services.AuditServiceTest" assertions="1" time="0.058859"/>
        <testcase name="test_can_be_instantiated" file="C:\Users\Gaser\Desktop\COPRRA\tests\Feature\Services\AuditServiceTest.php" line="39" class="Tests\Feature\Services\AuditServiceTest" classname="Tests.Feature.Services.AuditServiceTest" assertions="1" time="0.057910"/>
        <testcase name="test_logs_updated_event" file="C:\Users\Gaser\Desktop\COPRRA\tests\Feature\Services\AuditServiceTest.php" line="68" class="Tests\Feature\Services\AuditServiceTest" classname="Tests.Feature.Services.AuditServiceTest" assertions="3" time="0.056923"/>
        <testcase name="test_logs_auth_event_without_user_id" file="C:\Users\Gaser\Desktop\COPRRA\tests\Feature\Services\AuditServiceTest.php" line="162" class="Tests\Feature\Services\AuditServiceTest" classname="Tests.Feature.Services.AuditServiceTest" assertions="1" time="0.078357"/>
        <testcase name="test_gets_event_logs" file="C:\Users\Gaser\Desktop\COPRRA\tests\Feature\Services\AuditServiceTest.php" line="227" class="Tests\Feature\Services\AuditServiceTest" classname="Tests.Feature.Services.AuditServiceTest" assertions="2" time="0.055839"/>
      </testsuite>
      <testsuite name="Tests\Feature\UITest" file="C:\Users\Gaser\Desktop\COPRRA\tests\Feature\UITest.php" tests="3" assertions="3" errors="0" failures="0" skipped="0" time="0.160503">
        <testcase name="test_validation" file="C:\Users\Gaser\Desktop\COPRRA\tests\Feature\UITest.php" line="32" class="Tests\Feature\UITest" classname="Tests.Feature.UITest" assertions="1" time="0.052418"/>
        <testcase name="test_basic_functionality" file="C:\Users\Gaser\Desktop\COPRRA\tests\Feature\UITest.php" line="18" class="Tests\Feature\UITest" classname="Tests.Feature.UITest" assertions="1" time="0.052185"/>
        <testcase name="test_expected_behavior" file="C:\Users\Gaser\Desktop\COPRRA\tests\Feature\UITest.php" line="25" class="Tests\Feature\UITest" classname="Tests.Feature.UITest" assertions="1" time="0.055900"/>
      </testsuite>
      <testsuite name="Tests\Feature\Models\BrandTest" file="C:\Users\Gaser\Desktop\COPRRA\tests\Feature\Models\BrandTest.php" tests="12" assertions="24" errors="0" failures="0" skipped="0" time="0.710871">
        <testcase name="test_it_can_validate_name_length" file="C:\Users\Gaser\Desktop\COPRRA\tests\Feature\Models\BrandTest.php" line="72" class="Tests\Feature\Models\BrandTest" classname="Tests.Feature.Models.BrandTest" assertions="2" time="0.055676"/>
        <testcase name="test_it_can_validate_required_fields" file="C:\Users\Gaser\Desktop\COPRRA\tests\Feature\Models\BrandTest.php" line="58" class="Tests\Feature\Models\BrandTest" classname="Tests.Feature.Models.BrandTest" assertions="2" time="0.050470"/>
        <testcase name="test_it_can_validate_website_url_format" file="C:\Users\Gaser\Desktop\COPRRA\tests\Feature\Models\BrandTest.php" line="83" class="Tests\Feature\Models\BrandTest" classname="Tests.Feature.Models.BrandTest" assertions="2" time="0.052478"/>
        <testcase name="test_it_has_products_relationship" file="C:\Users\Gaser\Desktop\COPRRA\tests\Feature\Models\BrandTest.php" line="43" class="Tests\Feature\Models\BrandTest" classname="Tests.Feature.Models.BrandTest" assertions="2" time="0.064639"/>
        <testcase name="test_it_can_validate_logo_url_format" file="C:\Users\Gaser\Desktop\COPRRA\tests\Feature\Models\BrandTest.php" line="94" class="Tests\Feature\Models\BrandTest" classname="Tests.Feature.Models.BrandTest" assertions="2" time="0.062036"/>
        <testcase name="test_it_can_scope_active_brands" file="C:\Users\Gaser\Desktop\COPRRA\tests\Feature\Models\BrandTest.php" line="105" class="Tests\Feature\Models\BrandTest" classname="Tests.Feature.Models.BrandTest" assertions="2" time="0.057221"/>
        <testcase name="test_slug_generation_on_create" file="C:\Users\Gaser\Desktop\COPRRA\tests\Feature\Models\BrandTest.php" line="178" class="Tests\Feature\Models\BrandTest" classname="Tests.Feature.Models.BrandTest" assertions="1" time="0.085821"/>
        <testcase name="test_it_can_restore_soft_deleted_brand" file="C:\Users\Gaser\Desktop\COPRRA\tests\Feature\Models\BrandTest.php" line="163" class="Tests\Feature\Models\BrandTest" classname="Tests.Feature.Models.BrandTest" assertions="2" time="0.055721"/>
        <testcase name="test_it_can_create_a_brand" file="C:\Users\Gaser\Desktop\COPRRA\tests\Feature\Models\BrandTest.php" line="20" class="Tests\Feature\Models\BrandTest" classname="Tests.Feature.Models.BrandTest" assertions="4" time="0.053864"/>
        <testcase name="test_it_can_search_brands_by_name" file="C:\Users\Gaser\Desktop\COPRRA\tests\Feature\Models\BrandTest.php" line="120" class="Tests\Feature\Models\BrandTest" classname="Tests.Feature.Models.BrandTest" assertions="2" time="0.053603"/>
        <testcase name="test_it_can_get_brand_with_products_count" file="C:\Users\Gaser\Desktop\COPRRA\tests\Feature\Models\BrandTest.php" line="135" class="Tests\Feature\Models\BrandTest" classname="Tests.Feature.Models.BrandTest" assertions="1" time="0.058954"/>
        <testcase name="test_it_can_soft_delete_brand" file="C:\Users\Gaser\Desktop\COPRRA\tests\Feature\Models\BrandTest.php" line="149" class="Tests\Feature\Models\BrandTest" classname="Tests.Feature.Models.BrandTest" assertions="2" time="0.060387"/>
      </testsuite>
      <testsuite name="Tests\Feature\Http\Controllers\Api\DocumentationControllerTest" file="C:\Users\Gaser\Desktop\COPRRA\tests\Feature\Http\Controllers\Api\DocumentationControllerTest.php" tests="24" assertions="67" errors="0" failures="0" skipped="0" time="1.480448">
        <testcase name="test_returns_200_for_healthy_systems" file="C:\Users\Gaser\Desktop\COPRRA\tests\Feature\Http\Controllers\Api\DocumentationControllerTest.php" line="234" class="Tests\Feature\Http\Controllers\Api\DocumentationControllerTest" classname="Tests.Feature.Http.Controllers.Api.DocumentationControllerTest" assertions="1" time="0.053589"/>
        <testcase name="test_handles_cache_test_successfully" file="C:\Users\Gaser\Desktop\COPRRA\tests\Feature\Http\Controllers\Api\DocumentationControllerTest.php" line="252" class="Tests\Feature\Http\Controllers\Api\DocumentationControllerTest" classname="Tests.Feature.Http.Controllers.Api.DocumentationControllerTest" assertions="2" time="0.055367"/>
        <testcase name="test_returns_unhealthy_status_when_storage_is_not_writable" file="C:\Users\Gaser\Desktop\COPRRA\tests\Feature\Http\Controllers\Api\DocumentationControllerTest.php" line="91" class="Tests\Feature\Http\Controllers\Api\DocumentationControllerTest" classname="Tests.Feature.Http.Controllers.Api.DocumentationControllerTest" assertions="2" time="0.053935"/>
        <testcase name="test_returns_unhealthy_status_when_cache_fails" file="C:\Users\Gaser\Desktop\COPRRA\tests\Feature\Http\Controllers\Api\DocumentationControllerTest.php" line="76" class="Tests\Feature\Http\Controllers\Api\DocumentationControllerTest" classname="Tests.Feature.Http.Controllers.Api.DocumentationControllerTest" assertions="2" time="0.061883"/>
        <testcase name="test_includes_version_in_status_response" file="C:\Users\Gaser\Desktop\COPRRA\tests\Feature\Http\Controllers\Api\DocumentationControllerTest.php" line="143" class="Tests\Feature\Http\Controllers\Api\DocumentationControllerTest" classname="Tests.Feature.Http.Controllers.Api.DocumentationControllerTest" assertions="4" time="0.067831"/>
        <testcase name="test_includes_version_in_health_response" file="C:\Users\Gaser\Desktop\COPRRA\tests\Feature\Http\Controllers\Api\DocumentationControllerTest.php" line="157" class="Tests\Feature\Http\Controllers\Api\DocumentationControllerTest" classname="Tests.Feature.Http.Controllers.Api.DocumentationControllerTest" assertions="4" time="0.072889"/>
        <testcase name="test_tests_database_connection_in_health_check" file="C:\Users\Gaser\Desktop\COPRRA\tests\Feature\Http\Controllers\Api\DocumentationControllerTest.php" line="185" class="Tests\Feature\Http\Controllers\Api\DocumentationControllerTest" classname="Tests.Feature.Http.Controllers.Api.DocumentationControllerTest" assertions="2" time="0.092778"/>
        <testcase name="test_can_get_health_status" file="C:\Users\Gaser\Desktop\COPRRA\tests\Feature\Http\Controllers\Api\DocumentationControllerTest.php" line="39" class="Tests\Feature\Http\Controllers\Api\DocumentationControllerTest" classname="Tests.Feature.Http.Controllers.Api.DocumentationControllerTest" assertions="9" time="0.055775"/>
        <testcase name="test_can_get_api_status" file="C:\Users\Gaser\Desktop\COPRRA\tests\Feature\Http\Controllers\Api\DocumentationControllerTest.php" line="21" class="Tests\Feature\Http\Controllers\Api\DocumentationControllerTest" classname="Tests.Feature.Http.Controllers.Api.DocumentationControllerTest" assertions="6" time="0.056702"/>
        <testcase name="test_tests_cache_functionality_in_health_check" file="C:\Users\Gaser\Desktop\COPRRA\tests\Feature\Http\Controllers\Api\DocumentationControllerTest.php" line="195" class="Tests\Feature\Http\Controllers\Api\DocumentationControllerTest" classname="Tests.Feature.Http.Controllers.Api.DocumentationControllerTest" assertions="2" time="0.054923"/>
        <testcase name="test_tests_storage_writability_in_health_check" file="C:\Users\Gaser\Desktop\COPRRA\tests\Feature\Http\Controllers\Api\DocumentationControllerTest.php" line="205" class="Tests\Feature\Http\Controllers\Api\DocumentationControllerTest" classname="Tests.Feature.Http.Controllers.Api.DocumentationControllerTest" assertions="2" time="0.057368"/>
        <testcase name="test_includes_timestamp_in_status_response" file="C:\Users\Gaser\Desktop\COPRRA\tests\Feature\Http\Controllers\Api\DocumentationControllerTest.php" line="113" class="Tests\Feature\Http\Controllers\Api\DocumentationControllerTest" classname="Tests.Feature.Http.Controllers.Api.DocumentationControllerTest" assertions="4" time="0.058065"/>
        <testcase name="test_handles_multiple_system_failures_in_health_check" file="C:\Users\Gaser\Desktop\COPRRA\tests\Feature\Http\Controllers\Api\DocumentationControllerTest.php" line="215" class="Tests\Feature\Http\Controllers\Api\DocumentationControllerTest" classname="Tests.Feature.Http.Controllers.Api.DocumentationControllerTest" assertions="2" time="0.081257"/>
        <testcase name="test_returns_unhealthy_status_when_database_fails" file="C:\Users\Gaser\Desktop\COPRRA\tests\Feature\Http\Controllers\Api\DocumentationControllerTest.php" line="61" class="Tests\Feature\Http\Controllers\Api\DocumentationControllerTest" classname="Tests.Feature.Http.Controllers.Api.DocumentationControllerTest" assertions="2" time="0.066281"/>
        <testcase name="test_returns_consistent_status_message" file="C:\Users\Gaser\Desktop\COPRRA\tests\Feature\Http\Controllers\Api\DocumentationControllerTest.php" line="336" class="Tests\Feature\Http\Controllers\Api\DocumentationControllerTest" classname="Tests.Feature.Http.Controllers.Api.DocumentationControllerTest" assertions="2" time="0.055294"/>
        <testcase name="test_handles_storage_exception" file="C:\Users\Gaser\Desktop\COPRRA\tests\Feature\Http\Controllers\Api\DocumentationControllerTest.php" line="320" class="Tests\Feature\Http\Controllers\Api\DocumentationControllerTest" classname="Tests.Feature.Http.Controllers.Api.DocumentationControllerTest" assertions="2" time="0.055324"/>
        <testcase name="test_handles_database_connection_exception" file="C:\Users\Gaser\Desktop\COPRRA\tests\Feature\Http\Controllers\Api\DocumentationControllerTest.php" line="290" class="Tests\Feature\Http\Controllers\Api\DocumentationControllerTest" classname="Tests.Feature.Http.Controllers.Api.DocumentationControllerTest" assertions="2" time="0.061164"/>
        <testcase name="test_includes_timestamp_in_health_response" file="C:\Users\Gaser\Desktop\COPRRA\tests\Feature\Http\Controllers\Api\DocumentationControllerTest.php" line="128" class="Tests\Feature\Http\Controllers\Api\DocumentationControllerTest" classname="Tests.Feature.Http.Controllers.Api.DocumentationControllerTest" assertions="4" time="0.052756"/>
        <testcase name="test_handles_cache_exception" file="C:\Users\Gaser\Desktop\COPRRA\tests\Feature\Http\Controllers\Api\DocumentationControllerTest.php" line="305" class="Tests\Feature\Http\Controllers\Api\DocumentationControllerTest" classname="Tests.Feature.Http.Controllers.Api.DocumentationControllerTest" assertions="2" time="0.083732"/>
        <testcase name="test_returns_consistent_health_message_for_unhealthy_systems" file="C:\Users\Gaser\Desktop\COPRRA\tests\Feature\Http\Controllers\Api\DocumentationControllerTest.php" line="357" class="Tests\Feature\Http\Controllers\Api\DocumentationControllerTest" classname="Tests.Feature.Http.Controllers.Api.DocumentationControllerTest" assertions="2" time="0.061217"/>
        <testcase name="test_handles_cache_test_failure" file="C:\Users\Gaser\Desktop\COPRRA\tests\Feature\Http\Controllers\Api\DocumentationControllerTest.php" line="271" class="Tests\Feature\Http\Controllers\Api\DocumentationControllerTest" classname="Tests.Feature.Http.Controllers.Api.DocumentationControllerTest" assertions="2" time="0.056287"/>
        <testcase name="test_includes_environment_in_health_response" file="C:\Users\Gaser\Desktop\COPRRA\tests\Feature\Http\Controllers\Api\DocumentationControllerTest.php" line="171" class="Tests\Feature\Http\Controllers\Api\DocumentationControllerTest" classname="Tests.Feature.Http.Controllers.Api.DocumentationControllerTest" assertions="4" time="0.056820"/>
        <testcase name="test_returns_consistent_health_message_for_healthy_systems" file="C:\Users\Gaser\Desktop\COPRRA\tests\Feature\Http\Controllers\Api\DocumentationControllerTest.php" line="347" class="Tests\Feature\Http\Controllers\Api\DocumentationControllerTest" classname="Tests.Feature.Http.Controllers.Api.DocumentationControllerTest" assertions="2" time="0.054052"/>
        <testcase name="test_returns_503_for_unhealthy_systems" file="C:\Users\Gaser\Desktop\COPRRA\tests\Feature\Http\Controllers\Api\DocumentationControllerTest.php" line="241" class="Tests\Feature\Http\Controllers\Api\DocumentationControllerTest" classname="Tests.Feature.Http.Controllers.Api.DocumentationControllerTest" assertions="1" time="0.055158"/>
      </testsuite>
      <testsuite name="Tests\Feature\Models\AuditLogTest" file="C:\Users\Gaser\Desktop\COPRRA\tests\Feature\Models\AuditLogTest.php" tests="17" assertions="60" errors="0" failures="0" skipped="0" time="1.177957">
        <testcase name="test_scope_for_user_filters_by_user_id" file="C:\Users\Gaser\Desktop\COPRRA\tests\Feature\Models\AuditLogTest.php" line="140" class="Tests\Feature\Models\AuditLogTest" classname="Tests.Feature.Models.AuditLogTest" assertions="4" time="0.059418"/>
        <testcase name="test_get_changes_summary_attribute_without_changes" file="C:\Users\Gaser\Desktop\COPRRA\tests\Feature\Models\AuditLogTest.php" line="216" class="Tests\Feature\Models\AuditLogTest" classname="Tests.Feature.Models.AuditLogTest" assertions="1" time="0.055280"/>
        <testcase name="test_it_casts_attributes_correctly" file="C:\Users\Gaser\Desktop\COPRRA\tests\Feature\Models\AuditLogTest.php" line="64" class="Tests\Feature\Models\AuditLogTest" classname="Tests.Feature.Models.AuditLogTest" assertions="10" time="0.054468"/>
        <testcase name="test_fillable_attributes" file="C:\Users\Gaser\Desktop\COPRRA\tests\Feature\Models\AuditLogTest.php" line="285" class="Tests\Feature\Models\AuditLogTest" classname="Tests.Feature.Models.AuditLogTest" assertions="1" time="0.062323"/>
        <testcase name="test_get_changes_summary_attribute_with_no_new_values" file="C:\Users\Gaser\Desktop\COPRRA\tests\Feature\Models\AuditLogTest.php" line="238" class="Tests\Feature\Models\AuditLogTest" classname="Tests.Feature.Models.AuditLogTest" assertions="1" time="0.130656"/>
        <testcase name="test_it_belongs_to_user" file="C:\Users\Gaser\Desktop\COPRRA\tests\Feature\Models\AuditLogTest.php" line="92" class="Tests\Feature\Models\AuditLogTest" classname="Tests.Feature.Models.AuditLogTest" assertions="3" time="0.089919"/>
        <testcase name="test_get_changes_summary_attribute_with_mixed_data_types" file="C:\Users\Gaser\Desktop\COPRRA\tests\Feature\Models\AuditLogTest.php" line="260" class="Tests\Feature\Models\AuditLogTest" classname="Tests.Feature.Models.AuditLogTest" assertions="3" time="0.110226"/>
        <testcase name="test_scope_for_model_filters_by_auditable_type" file="C:\Users\Gaser\Desktop\COPRRA\tests\Feature\Models\AuditLogTest.php" line="159" class="Tests\Feature\Models\AuditLogTest" classname="Tests.Feature.Models.AuditLogTest" assertions="4" time="0.073432"/>
        <testcase name="test_scope_date_range_filters_by_created_at" file="C:\Users\Gaser\Desktop\COPRRA\tests\Feature\Models\AuditLogTest.php" line="175" class="Tests\Feature\Models\AuditLogTest" classname="Tests.Feature.Models.AuditLogTest" assertions="3" time="0.067281"/>
        <testcase name="test_factory_creates_valid_audit_log" file="C:\Users\Gaser\Desktop\COPRRA\tests\Feature\Models\AuditLogTest.php" line="274" class="Tests\Feature\Models\AuditLogTest" classname="Tests.Feature.Models.AuditLogTest" assertions="4" time="0.077644"/>
        <testcase name="test_it_can_create_an_audit_log" file="C:\Users\Gaser\Desktop\COPRRA\tests\Feature\Models\AuditLogTest.php" line="21" class="Tests\Feature\Models\AuditLogTest" classname="Tests.Feature.Models.AuditLogTest" assertions="13" time="0.054776"/>
        <testcase name="test_get_formatted_event_attribute" file="C:\Users\Gaser\Desktop\COPRRA\tests\Feature\Models\AuditLogTest.php" line="195" class="Tests\Feature\Models\AuditLogTest" classname="Tests.Feature.Models.AuditLogTest" assertions="1" time="0.054434"/>
        <testcase name="test_get_changes_summary_attribute_with_unchanged_values" file="C:\Users\Gaser\Desktop\COPRRA\tests\Feature\Models\AuditLogTest.php" line="249" class="Tests\Feature\Models\AuditLogTest" classname="Tests.Feature.Models.AuditLogTest" assertions="1" time="0.054598"/>
        <testcase name="test_get_changes_summary_attribute_with_changes" file="C:\Users\Gaser\Desktop\COPRRA\tests\Feature\Models\AuditLogTest.php" line="203" class="Tests\Feature\Models\AuditLogTest" classname="Tests.Feature.Models.AuditLogTest" assertions="2" time="0.058542"/>
        <testcase name="test_scope_event_filters_by_event" file="C:\Users\Gaser\Desktop\COPRRA\tests\Feature\Models\AuditLogTest.php" line="121" class="Tests\Feature\Models\AuditLogTest" classname="Tests.Feature.Models.AuditLogTest" assertions="6" time="0.056355"/>
        <testcase name="test_get_changes_summary_attribute_with_no_old_values" file="C:\Users\Gaser\Desktop\COPRRA\tests\Feature\Models\AuditLogTest.php" line="227" class="Tests\Feature\Models\AuditLogTest" classname="Tests.Feature.Models.AuditLogTest" assertions="1" time="0.055685"/>
        <testcase name="test_it_has_morph_to_auditable" file="C:\Users\Gaser\Desktop\COPRRA\tests\Feature\Models\AuditLogTest.php" line="108" class="Tests\Feature\Models\AuditLogTest" classname="Tests.Feature.Models.AuditLogTest" assertions="2" time="0.062919"/>
      </testsuite>
      <testsuite name="Tests\Feature\Http\Controllers\BrandControllerTest" file="C:\Users\Gaser\Desktop\COPRRA\tests\Feature\Http\Controllers\BrandControllerTest.php" tests="18" assertions="52" errors="0" failures="0" skipped="0" time="3.220664">
        <testcase name="it_validates_brand_creation_request" file="C:\Users\Gaser\Desktop\COPRRA\tests\Feature\Http\Controllers\BrandControllerTest.php" line="85" class="Tests\Feature\Http\Controllers\BrandControllerTest" classname="Tests.Feature.Http.Controllers.BrandControllerTest" assertions="3" time="0.061599"/>
        <testcase name="it_can_display_create_brand_form" file="C:\Users\Gaser\Desktop\COPRRA\tests\Feature\Http\Controllers\BrandControllerTest.php" line="46" class="Tests\Feature\Http\Controllers\BrandControllerTest" classname="Tests.Feature.Http.Controllers.BrandControllerTest" assertions="2" time="0.109066"/>
        <testcase name="it_handles_brand_update_errors_gracefully" file="C:\Users\Gaser\Desktop\COPRRA\tests\Feature\Http\Controllers\BrandControllerTest.php" line="255" class="Tests\Feature\Http\Controllers\BrandControllerTest" classname="Tests.Feature.Http.Controllers.BrandControllerTest" assertions="4" time="0.064275"/>
        <testcase name="it_handles_brand_deletion_errors_gracefully" file="C:\Users\Gaser\Desktop\COPRRA\tests\Feature\Http\Controllers\BrandControllerTest.php" line="274" class="Tests\Feature\Http\Controllers\BrandControllerTest" classname="Tests.Feature.Http.Controllers.BrandControllerTest" assertions="1" time="0.202354"/>
        <testcase name="it_can_delete_brand" file="C:\Users\Gaser\Desktop\COPRRA\tests\Feature\Http\Controllers\BrandControllerTest.php" line="184" class="Tests\Feature\Http\Controllers\BrandControllerTest" classname="Tests.Feature.Http.Controllers.BrandControllerTest" assertions="4" time="0.061736"/>
        <testcase name="it_can_sort_brands" file="C:\Users\Gaser\Desktop\COPRRA\tests\Feature\Http\Controllers\BrandControllerTest.php" line="323" class="Tests\Feature\Http\Controllers\BrandControllerTest" classname="Tests.Feature.Http.Controllers.BrandControllerTest" assertions="2" time="0.199605"/>
        <testcase name="it_returns_404_when_deleting_nonexistent_brand" file="C:\Users\Gaser\Desktop\COPRRA\tests\Feature\Http\Controllers\BrandControllerTest.php" line="202" class="Tests\Feature\Http\Controllers\BrandControllerTest" classname="Tests.Feature.Http.Controllers.BrandControllerTest" assertions="1" time="1.607494"/>
        <testcase name="it_returns_404_for_nonexistent_brand" file="C:\Users\Gaser\Desktop\COPRRA\tests\Feature\Http\Controllers\BrandControllerTest.php" line="112" class="Tests\Feature\Http\Controllers\BrandControllerTest" classname="Tests.Feature.Http.Controllers.BrandControllerTest" assertions="1" time="0.086163"/>
        <testcase name="it_can_display_brands_index" file="C:\Users\Gaser\Desktop\COPRRA\tests\Feature\Http\Controllers\BrandControllerTest.php" line="34" class="Tests\Feature\Http\Controllers\BrandControllerTest" classname="Tests.Feature.Http.Controllers.BrandControllerTest" assertions="2" time="0.067650"/>
        <testcase name="it_can_store_new_brand" file="C:\Users\Gaser\Desktop\COPRRA\tests\Feature\Http\Controllers\BrandControllerTest.php" line="58" class="Tests\Feature\Http\Controllers\BrandControllerTest" classname="Tests.Feature.Http.Controllers.BrandControllerTest" assertions="4" time="0.075234"/>
        <testcase name="it_can_display_edit_brand_form" file="C:\Users\Gaser\Desktop\COPRRA\tests\Feature\Http\Controllers\BrandControllerTest.php" line="123" class="Tests\Feature\Http\Controllers\BrandControllerTest" classname="Tests.Feature.Http.Controllers.BrandControllerTest" assertions="3" time="0.150893"/>
        <testcase name="it_can_display_brand_details" file="C:\Users\Gaser\Desktop\COPRRA\tests\Feature\Http\Controllers\BrandControllerTest.php" line="97" class="Tests\Feature\Http\Controllers\BrandControllerTest" classname="Tests.Feature.Http.Controllers.BrandControllerTest" assertions="3" time="0.107608"/>
        <testcase name="it_can_display_brands_with_pagination" file="C:\Users\Gaser\Desktop\COPRRA\tests\Feature\Http\Controllers\BrandControllerTest.php" line="293" class="Tests\Feature\Http\Controllers\BrandControllerTest" classname="Tests.Feature.Http.Controllers.BrandControllerTest" assertions="2" time="0.069089"/>
        <testcase name="it_can_update_brand" file="C:\Users\Gaser\Desktop\COPRRA\tests\Feature\Http\Controllers\BrandControllerTest.php" line="138" class="Tests\Feature\Http\Controllers\BrandControllerTest" classname="Tests.Feature.Http.Controllers.BrandControllerTest" assertions="4" time="0.064768"/>
        <testcase name="it_requires_authentication_for_all_brand_routes" file="C:\Users\Gaser\Desktop\COPRRA\tests\Feature\Http\Controllers\BrandControllerTest.php" line="213" class="Tests\Feature\Http\Controllers\BrandControllerTest" classname="Tests.Feature.Http.Controllers.BrandControllerTest" assertions="7" time="0.074879"/>
        <testcase name="it_validates_brand_update_request" file="C:\Users\Gaser\Desktop\COPRRA\tests\Feature\Http\Controllers\BrandControllerTest.php" line="168" class="Tests\Feature\Http\Controllers\BrandControllerTest" classname="Tests.Feature.Http.Controllers.BrandControllerTest" assertions="3" time="0.071687"/>
        <testcase name="it_can_search_brands" file="C:\Users\Gaser\Desktop\COPRRA\tests\Feature\Http\Controllers\BrandControllerTest.php" line="308" class="Tests\Feature\Http\Controllers\BrandControllerTest" classname="Tests.Feature.Http.Controllers.BrandControllerTest" assertions="2" time="0.080614"/>
        <testcase name="it_handles_brand_creation_errors_gracefully" file="C:\Users\Gaser\Desktop\COPRRA\tests\Feature\Http\Controllers\BrandControllerTest.php" line="238" class="Tests\Feature\Http\Controllers\BrandControllerTest" classname="Tests.Feature.Http.Controllers.BrandControllerTest" assertions="4" time="0.065950"/>
      </testsuite>
      <testsuite name="Tests\Feature\Models\ReviewTest" file="C:\Users\Gaser\Desktop\COPRRA\tests\Feature\Models\ReviewTest.php" tests="7" assertions="33" errors="0" failures="0" skipped="0" time="0.500287">
        <testcase name="test_fillable_attributes" file="C:\Users\Gaser\Desktop\COPRRA\tests\Feature\Models\ReviewTest.php" line="115" class="Tests\Feature\Models\ReviewTest" classname="Tests.Feature.Models.ReviewTest" assertions="1" time="0.057610"/>
        <testcase name="test_it_can_create_a_review" file="C:\Users\Gaser\Desktop\COPRRA\tests\Feature\Models\ReviewTest.php" line="23" class="Tests\Feature\Models\ReviewTest" classname="Tests.Feature.Models.ReviewTest" assertions="9" time="0.071076"/>
        <testcase name="test_it_belongs_to_user" file="C:\Users\Gaser\Desktop\COPRRA\tests\Feature\Models\ReviewTest.php" line="84" class="Tests\Feature\Models\ReviewTest" classname="Tests.Feature.Models.ReviewTest" assertions="2" time="0.067166"/>
        <testcase name="test_it_belongs_to_product" file="C:\Users\Gaser\Desktop\COPRRA\tests\Feature\Models\ReviewTest.php" line="95" class="Tests\Feature\Models\ReviewTest" classname="Tests.Feature.Models.ReviewTest" assertions="2" time="0.105465"/>
        <testcase name="test_it_casts_attributes_correctly" file="C:\Users\Gaser\Desktop\COPRRA\tests\Feature\Models\ReviewTest.php" line="61" class="Tests\Feature\Models\ReviewTest" classname="Tests.Feature.Models.ReviewTest" assertions="10" time="0.066521"/>
        <testcase name="test_factory_creates_valid_review" file="C:\Users\Gaser\Desktop\COPRRA\tests\Feature\Models\ReviewTest.php" line="133" class="Tests\Feature\Models\ReviewTest" classname="Tests.Feature.Models.ReviewTest" assertions="8" time="0.068593"/>
        <testcase name="test_get_review_text_attribute" file="C:\Users\Gaser\Desktop\COPRRA\tests\Feature\Models\ReviewTest.php" line="106" class="Tests\Feature\Models\ReviewTest" classname="Tests.Feature.Models.ReviewTest" assertions="1" time="0.063857"/>
      </testsuite>
      <testsuite name="Tests\Feature\Http\Middleware\TrustHostsTest" file="C:\Users\Gaser\Desktop\COPRRA\tests\Feature\Http\Middleware\TrustHostsTest.php" tests="5" assertions="10" errors="0" failures="0" skipped="0" time="0.287361">
        <testcase name="test_trust_hosts_middleware_handles_different_hosts" file="C:\Users\Gaser\Desktop\COPRRA\tests\Feature\Http\Middleware\TrustHostsTest.php" line="33" class="Tests\Feature\Http\Middleware\TrustHostsTest" classname="Tests.Feature.Http.Middleware.TrustHostsTest" assertions="2" time="0.059563"/>
        <testcase name="test_trust_hosts_middleware_handles_api_requests" file="C:\Users\Gaser\Desktop\COPRRA\tests\Feature\Http\Middleware\TrustHostsTest.php" line="80" class="Tests\Feature\Http\Middleware\TrustHostsTest" classname="Tests.Feature.Http.Middleware.TrustHostsTest" assertions="2" time="0.057380"/>
        <testcase name="test_trust_hosts_middleware_handles_localhost" file="C:\Users\Gaser\Desktop\COPRRA\tests\Feature\Http\Middleware\TrustHostsTest.php" line="48" class="Tests\Feature\Http\Middleware\TrustHostsTest" classname="Tests.Feature.Http.Middleware.TrustHostsTest" assertions="2" time="0.058474"/>
        <testcase name="test_trust_hosts_middleware_trusts_valid_hosts" file="C:\Users\Gaser\Desktop\COPRRA\tests\Feature\Http\Middleware\TrustHostsTest.php" line="18" class="Tests\Feature\Http\Middleware\TrustHostsTest" classname="Tests.Feature.Http.Middleware.TrustHostsTest" assertions="2" time="0.057925"/>
        <testcase name="test_trust_hosts_middleware_handles_post_requests" file="C:\Users\Gaser\Desktop\COPRRA\tests\Feature\Http\Middleware\TrustHostsTest.php" line="63" class="Tests\Feature\Http\Middleware\TrustHostsTest" classname="Tests.Feature.Http.Middleware.TrustHostsTest" assertions="2" time="0.054019"/>
      </testsuite>
      <testsuite name="Tests\Feature\Models\AuditLogSimpleTest" file="C:\Users\Gaser\Desktop\COPRRA\tests\Feature\Models\AuditLogSimpleTest.php" tests="12" assertions="15" errors="0" failures="0" skipped="0" time="0.781842">
        <testcase name="test_it_has_correct_table_name" file="C:\Users\Gaser\Desktop\COPRRA\tests\Feature\Models\AuditLogSimpleTest.php" line="53" class="Tests\Feature\Models\AuditLogSimpleTest" classname="Tests.Feature.Models.AuditLogSimpleTest" assertions="1" time="0.059015"/>
        <testcase name="test_can_be_instantiated" file="C:\Users\Gaser\Desktop\COPRRA\tests\Feature\Models\AuditLogSimpleTest.php" line="160" class="Tests\Feature\Models\AuditLogSimpleTest" classname="Tests.Feature.Models.AuditLogSimpleTest" assertions="1" time="0.056046"/>
        <testcase name="test_get_changes_summary_attribute_with_no_old_values" file="C:\Users\Gaser\Desktop\COPRRA\tests\Feature\Models\AuditLogSimpleTest.php" line="104" class="Tests\Feature\Models\AuditLogSimpleTest" classname="Tests.Feature.Models.AuditLogSimpleTest" assertions="1" time="0.055561"/>
        <testcase name="test_get_formatted_event_attribute" file="C:\Users\Gaser\Desktop\COPRRA\tests\Feature\Models\AuditLogSimpleTest.php" line="69" class="Tests\Feature\Models\AuditLogSimpleTest" classname="Tests.Feature.Models.AuditLogSimpleTest" assertions="1" time="0.136257"/>
        <testcase name="test_get_changes_summary_attribute_with_mixed_data_types" file="C:\Users\Gaser\Desktop\COPRRA\tests\Feature\Models\AuditLogSimpleTest.php" line="143" class="Tests\Feature\Models\AuditLogSimpleTest" classname="Tests.Feature.Models.AuditLogSimpleTest" assertions="3" time="0.062444"/>
        <testcase name="test_get_changes_summary_attribute_without_changes" file="C:\Users\Gaser\Desktop\COPRRA\tests\Feature\Models\AuditLogSimpleTest.php" line="91" class="Tests\Feature\Models\AuditLogSimpleTest" classname="Tests.Feature.Models.AuditLogSimpleTest" assertions="1" time="0.064260"/>
        <testcase name="test_it_has_correct_casts" file="C:\Users\Gaser\Desktop\COPRRA\tests\Feature\Models\AuditLogSimpleTest.php" line="38" class="Tests\Feature\Models\AuditLogSimpleTest" classname="Tests.Feature.Models.AuditLogSimpleTest" assertions="1" time="0.059138"/>
        <testcase name="test_get_changes_summary_attribute_with_unchanged_values" file="C:\Users\Gaser\Desktop\COPRRA\tests\Feature\Models\AuditLogSimpleTest.php" line="130" class="Tests\Feature\Models\AuditLogSimpleTest" classname="Tests.Feature.Models.AuditLogSimpleTest" assertions="1" time="0.054697"/>
        <testcase name="test_it_uses_timestamps" file="C:\Users\Gaser\Desktop\COPRRA\tests\Feature\Models\AuditLogSimpleTest.php" line="61" class="Tests\Feature\Models\AuditLogSimpleTest" classname="Tests.Feature.Models.AuditLogSimpleTest" assertions="1" time="0.055502"/>
        <testcase name="test_it_has_correct_fillable_attributes" file="C:\Users\Gaser\Desktop\COPRRA\tests\Feature\Models\AuditLogSimpleTest.php" line="16" class="Tests\Feature\Models\AuditLogSimpleTest" classname="Tests.Feature.Models.AuditLogSimpleTest" assertions="1" time="0.060492"/>
        <testcase name="test_get_changes_summary_attribute_with_no_new_values" file="C:\Users\Gaser\Desktop\COPRRA\tests\Feature\Models\AuditLogSimpleTest.php" line="117" class="Tests\Feature\Models\AuditLogSimpleTest" classname="Tests.Feature.Models.AuditLogSimpleTest" assertions="1" time="0.057545"/>
        <testcase name="test_get_changes_summary_attribute_with_changes" file="C:\Users\Gaser\Desktop\COPRRA\tests\Feature\Models\AuditLogSimpleTest.php" line="77" class="Tests\Feature\Models\AuditLogSimpleTest" classname="Tests.Feature.Models.AuditLogSimpleTest" assertions="2" time="0.060885"/>
      </testsuite>
      <testsuite name="Tests\Feature\Models\UserTest" file="C:\Users\Gaser\Desktop\COPRRA\tests\Feature\Models\UserTest.php" tests="12" assertions="47" errors="0" failures="0" skipped="0" time="0.826680">
        <testcase name="test_it_has_one_locale_setting" file="C:\Users\Gaser\Desktop\COPRRA\tests\Feature\Models\UserTest.php" line="134" class="Tests\Feature\Models\UserTest" classname="Tests.Feature.Models.UserTest" assertions="2" time="0.068261"/>
        <testcase name="test_it_has_many_price_alerts" file="C:\Users\Gaser\Desktop\COPRRA\tests\Feature\Models\UserTest.php" line="120" class="Tests\Feature\Models\UserTest" classname="Tests.Feature.Models.UserTest" assertions="3" time="0.067128"/>
        <testcase name="test_is_banned_method" file="C:\Users\Gaser\Desktop\COPRRA\tests\Feature\Models\UserTest.php" line="154" class="Tests\Feature\Models\UserTest" classname="Tests.Feature.Models.UserTest" assertions="2" time="0.075777"/>
        <testcase name="test_fillable_attributes" file="C:\Users\Gaser\Desktop\COPRRA\tests\Feature\Models\UserTest.php" line="178" class="Tests\Feature\Models\UserTest" classname="Tests.Feature.Models.UserTest" assertions="1" time="0.114387"/>
        <testcase name="test_factory_creates_valid_user" file="C:\Users\Gaser\Desktop\COPRRA\tests\Feature\Models\UserTest.php" line="200" class="Tests\Feature\Models\UserTest" classname="Tests.Feature.Models.UserTest" assertions="8" time="0.061889"/>
        <testcase name="test_it_hides_sensitive_attributes" file="C:\Users\Gaser\Desktop\COPRRA\tests\Feature\Models\UserTest.php" line="81" class="Tests\Feature\Models\UserTest" classname="Tests.Feature.Models.UserTest" assertions="2" time="0.059951"/>
        <testcase name="test_is_admin_method" file="C:\Users\Gaser\Desktop\COPRRA\tests\Feature\Models\UserTest.php" line="144" class="Tests\Feature\Models\UserTest" classname="Tests.Feature.Models.UserTest" assertions="2" time="0.061094"/>
        <testcase name="test_it_has_many_reviews" file="C:\Users\Gaser\Desktop\COPRRA\tests\Feature\Models\UserTest.php" line="92" class="Tests\Feature\Models\UserTest" classname="Tests.Feature.Models.UserTest" assertions="3" time="0.065671"/>
        <testcase name="test_it_can_create_a_user" file="C:\Users\Gaser\Desktop\COPRRA\tests\Feature\Models\UserTest.php" line="27" class="Tests\Feature\Models\UserTest" classname="Tests.Feature.Models.UserTest" assertions="8" time="0.060405"/>
        <testcase name="test_is_ban_expired_method" file="C:\Users\Gaser\Desktop\COPRRA\tests\Feature\Models\UserTest.php" line="164" class="Tests\Feature\Models\UserTest" classname="Tests.Feature.Models.UserTest" assertions="4" time="0.066780"/>
        <testcase name="test_it_casts_attributes_correctly" file="C:\Users\Gaser\Desktop\COPRRA\tests\Feature\Models\UserTest.php" line="58" class="Tests\Feature\Models\UserTest" classname="Tests.Feature.Models.UserTest" assertions="9" time="0.061184"/>
        <testcase name="test_it_has_many_wishlists" file="C:\Users\Gaser\Desktop\COPRRA\tests\Feature\Models\UserTest.php" line="106" class="Tests\Feature\Models\UserTest" classname="Tests.Feature.Models.UserTest" assertions="3" time="0.064154"/>
      </testsuite>
      <testsuite name="Tests\Feature\Http\Controllers\LocaleControllerTest" file="C:\Users\Gaser\Desktop\COPRRA\tests\Feature\Http\Controllers\LocaleControllerTest.php" tests="5" assertions="5" errors="0" failures="0" skipped="0" time="4.539630">
        <testcase name="it_validates_currency_switch_request" file="C:\Users\Gaser\Desktop\COPRRA\tests\Feature\Http\Controllers\LocaleControllerTest.php" line="55" class="Tests\Feature\Http\Controllers\LocaleControllerTest" classname="Tests.Feature.Http.Controllers.LocaleControllerTest" assertions="1" time="0.982755"/>
        <testcase name="it_can_switch_language" file="C:\Users\Gaser\Desktop\COPRRA\tests\Feature\Http\Controllers\LocaleControllerTest.php" line="23" class="Tests\Feature\Http\Controllers\LocaleControllerTest" classname="Tests.Feature.Http.Controllers.LocaleControllerTest" assertions="1" time="0.884715"/>
        <testcase name="it_validates_language_switch_request" file="C:\Users\Gaser\Desktop\COPRRA\tests\Feature\Http\Controllers\LocaleControllerTest.php" line="39" class="Tests\Feature\Http\Controllers\LocaleControllerTest" classname="Tests.Feature.Http.Controllers.LocaleControllerTest" assertions="1" time="0.898941"/>
        <testcase name="it_returns_422_for_invalid_language" file="C:\Users\Gaser\Desktop\COPRRA\tests\Feature\Http\Controllers\LocaleControllerTest.php" line="47" class="Tests\Feature\Http\Controllers\LocaleControllerTest" classname="Tests.Feature.Http.Controllers.LocaleControllerTest" assertions="1" time="0.872858"/>
        <testcase name="it_can_switch_currency" file="C:\Users\Gaser\Desktop\COPRRA\tests\Feature\Http\Controllers\LocaleControllerTest.php" line="31" class="Tests\Feature\Http\Controllers\LocaleControllerTest" classname="Tests.Feature.Http.Controllers.LocaleControllerTest" assertions="1" time="0.900361"/>
      </testsuite>
      <testsuite name="Tests\Feature\AuthenticationTest" file="C:\Users\Gaser\Desktop\COPRRA\tests\Feature\AuthenticationTest.php" tests="3" assertions="3" errors="0" failures="0" skipped="0" time="0.185270">
        <testcase name="test_basic_functionality" file="C:\Users\Gaser\Desktop\COPRRA\tests\Feature\AuthenticationTest.php" line="18" class="Tests\Feature\AuthenticationTest" classname="Tests.Feature.AuthenticationTest" assertions="1" time="0.069881"/>
        <testcase name="test_expected_behavior" file="C:\Users\Gaser\Desktop\COPRRA\tests\Feature\AuthenticationTest.php" line="25" class="Tests\Feature\AuthenticationTest" classname="Tests.Feature.AuthenticationTest" assertions="1" time="0.055320"/>
        <testcase name="test_validation" file="C:\Users\Gaser\Desktop\COPRRA\tests\Feature\AuthenticationTest.php" line="32" class="Tests\Feature\AuthenticationTest" classname="Tests.Feature.AuthenticationTest" assertions="1" time="0.060069"/>
      </testsuite>
      <testsuite name="Tests\Feature\DatabaseMigrationTest" file="C:\Users\Gaser\Desktop\COPRRA\tests\Feature\DatabaseMigrationTest.php" tests="3" assertions="3" errors="0" failures="0" skipped="0" time="0.208249">
        <testcase name="test_validation" file="C:\Users\Gaser\Desktop\COPRRA\tests\Feature\DatabaseMigrationTest.php" line="32" class="Tests\Feature\DatabaseMigrationTest" classname="Tests.Feature.DatabaseMigrationTest" assertions="1" time="0.101886"/>
        <testcase name="test_expected_behavior" file="C:\Users\Gaser\Desktop\COPRRA\tests\Feature\DatabaseMigrationTest.php" line="25" class="Tests\Feature\DatabaseMigrationTest" classname="Tests.Feature.DatabaseMigrationTest" assertions="1" time="0.053223"/>
        <testcase name="test_basic_functionality" file="C:\Users\Gaser\Desktop\COPRRA\tests\Feature\DatabaseMigrationTest.php" line="18" class="Tests\Feature\DatabaseMigrationTest" classname="Tests.Feature.DatabaseMigrationTest" assertions="1" time="0.053140"/>
      </testsuite>
      <testsuite name="Tests\Feature\Services\BackupServiceTest" file="C:\Users\Gaser\Desktop\COPRRA\tests\Feature\Services\BackupServiceTest.php" tests="11" assertions="33" errors="0" failures="0" skipped="0" time="31.308664">
        <testcase name="test_handles_delete_nonexistent_backup" file="C:\Users\Gaser\Desktop\COPRRA\tests\Feature\Services\BackupServiceTest.php" line="448" class="Tests\Feature\Services\BackupServiceTest" classname="Tests.Feature.Services.BackupServiceTest" assertions="1" time="0.062962"/>
        <testcase name="test_creates_full_backup_successfully" file="C:\Users\Gaser\Desktop\COPRRA\tests\Feature\Services\BackupServiceTest.php" line="51" class="Tests\Feature\Services\BackupServiceTest" classname="Tests.Feature.Services.BackupServiceTest" assertions="9" time="15.644282"/>
        <testcase name="test_cleans_old_backups" file="C:\Users\Gaser\Desktop\COPRRA\tests\Feature\Services\BackupServiceTest.php" line="463" class="Tests\Feature\Services\BackupServiceTest" classname="Tests.Feature.Services.BackupServiceTest" assertions="1" time="0.100916"/>
        <testcase name="test_handles_full_backup_exception" file="C:\Users\Gaser\Desktop\COPRRA\tests\Feature\Services\BackupServiceTest.php" line="134" class="Tests\Feature\Services\BackupServiceTest" classname="Tests.Feature.Services.BackupServiceTest" assertions="1" time="0.106131"/>
        <testcase name="test_lists_backups_successfully" file="C:\Users\Gaser\Desktop\COPRRA\tests\Feature\Services\BackupServiceTest.php" line="373" class="Tests\Feature\Services\BackupServiceTest" classname="Tests.Feature.Services.BackupServiceTest" assertions="4" time="0.095894"/>
        <testcase name="test_handles_restore_with_nonexistent_backup" file="C:\Users\Gaser\Desktop\COPRRA\tests\Feature\Services\BackupServiceTest.php" line="357" class="Tests\Feature\Services\BackupServiceTest" classname="Tests.Feature.Services.BackupServiceTest" assertions="1" time="0.088010"/>
        <testcase name="test_restores_from_backup_successfully" file="C:\Users\Gaser\Desktop\COPRRA\tests\Feature\Services\BackupServiceTest.php" line="289" class="Tests\Feature\Services\BackupServiceTest" classname="Tests.Feature.Services.BackupServiceTest" assertions="5" time="0.092574"/>
        <testcase name="test_creates_database_backup_successfully" file="C:\Users\Gaser\Desktop\COPRRA\tests\Feature\Services\BackupServiceTest.php" line="159" class="Tests\Feature\Services\BackupServiceTest" classname="Tests.Feature.Services.BackupServiceTest" assertions="5" time="0.081114"/>
        <testcase name="test_creates_files_backup_successfully" file="C:\Users\Gaser\Desktop\COPRRA\tests\Feature\Services\BackupServiceTest.php" line="232" class="Tests\Feature\Services\BackupServiceTest" classname="Tests.Feature.Services.BackupServiceTest" assertions="3" time="14.705284"/>
        <testcase name="test_returns_empty_list_when_no_backup_directory" file="C:\Users\Gaser\Desktop\COPRRA\tests\Feature\Services\BackupServiceTest.php" line="412" class="Tests\Feature\Services\BackupServiceTest" classname="Tests.Feature.Services.BackupServiceTest" assertions="2" time="0.099354"/>
        <testcase name="test_deletes_backup_successfully" file="C:\Users\Gaser\Desktop\COPRRA\tests\Feature\Services\BackupServiceTest.php" line="427" class="Tests\Feature\Services\BackupServiceTest" classname="Tests.Feature.Services.BackupServiceTest" assertions="1" time="0.232140"/>
      </testsuite>
      <testsuite name="Tests\Feature\HostingerTest" file="C:\Users\Gaser\Desktop\COPRRA\tests\Feature\HostingerTest.php" tests="3" assertions="3" errors="0" failures="0" skipped="0" time="0.353341">
        <testcase name="test_basic_functionality" file="C:\Users\Gaser\Desktop\COPRRA\tests\Feature\HostingerTest.php" line="18" class="Tests\Feature\HostingerTest" classname="Tests.Feature.HostingerTest" assertions="1" time="0.182274"/>
        <testcase name="test_validation" file="C:\Users\Gaser\Desktop\COPRRA\tests\Feature\HostingerTest.php" line="32" class="Tests\Feature\HostingerTest" classname="Tests.Feature.HostingerTest" assertions="1" time="0.095261"/>
        <testcase name="test_expected_behavior" file="C:\Users\Gaser\Desktop\COPRRA\tests\Feature\HostingerTest.php" line="25" class="Tests\Feature\HostingerTest" classname="Tests.Feature.HostingerTest" assertions="1" time="0.075805"/>
      </testsuite>
      <testsuite name="Tests\Feature\Http\Middleware\SubstituteBindingsTest" file="C:\Users\Gaser\Desktop\COPRRA\tests\Feature\Http\Middleware\SubstituteBindingsTest.php" tests="5" assertions="10" errors="0" failures="0" skipped="0" time="0.297350">
        <testcase name="test_substitute_bindings_middleware_substitutes_route_bindings" file="C:\Users\Gaser\Desktop\COPRRA\tests\Feature\Http\Middleware\SubstituteBindingsTest.php" line="19" class="Tests\Feature\Http\Middleware\SubstituteBindingsTest" classname="Tests.Feature.Http.Middleware.SubstituteBindingsTest" assertions="2" time="0.059218"/>
        <testcase name="test_substitute_bindings_middleware_handles_no_route" file="C:\Users\Gaser\Desktop\COPRRA\tests\Feature\Http\Middleware\SubstituteBindingsTest.php" line="59" class="Tests\Feature\Http\Middleware\SubstituteBindingsTest" classname="Tests.Feature.Http.Middleware.SubstituteBindingsTest" assertions="2" time="0.054046"/>
        <testcase name="test_substitute_bindings_middleware_handles_post_requests" file="C:\Users\Gaser\Desktop\COPRRA\tests\Feature\Http\Middleware\SubstituteBindingsTest.php" line="80" class="Tests\Feature\Http\Middleware\SubstituteBindingsTest" classname="Tests.Feature.Http.Middleware.SubstituteBindingsTest" assertions="2" time="0.055530"/>
        <testcase name="test_substitute_bindings_middleware_handles_missing_bindings" file="C:\Users\Gaser\Desktop\COPRRA\tests\Feature\Http\Middleware\SubstituteBindingsTest.php" line="40" class="Tests\Feature\Http\Middleware\SubstituteBindingsTest" classname="Tests.Feature.Http.Middleware.SubstituteBindingsTest" assertions="2" time="0.055943"/>
        <testcase name="test_substitute_bindings_middleware_handles_api_requests" file="C:\Users\Gaser\Desktop\COPRRA\tests\Feature\Http\Middleware\SubstituteBindingsTest.php" line="102" class="Tests\Feature\Http\Middleware\SubstituteBindingsTest" classname="Tests.Feature.Http.Middleware.SubstituteBindingsTest" assertions="2" time="0.072614"/>
      </testsuite>
      <testsuite name="Tests\Feature\Security\SecurityTest" file="C:\Users\Gaser\Desktop\COPRRA\tests\Feature\Security\SecurityTest.php" tests="3" assertions="3" errors="0" failures="0" skipped="0" time="0.226206">
        <testcase name="test_validation" file="C:\Users\Gaser\Desktop\COPRRA\tests\Feature\Security\SecurityTest.php" line="32" class="Tests\Feature\Security\SecurityTest" classname="Tests.Feature.Security.SecurityTest" assertions="1" time="0.120302"/>
        <testcase name="test_expected_behavior" file="C:\Users\Gaser\Desktop\COPRRA\tests\Feature\Security\SecurityTest.php" line="25" class="Tests\Feature\Security\SecurityTest" classname="Tests.Feature.Security.SecurityTest" assertions="1" time="0.052607"/>
        <testcase name="test_basic_functionality" file="C:\Users\Gaser\Desktop\COPRRA\tests\Feature\Security\SecurityTest.php" line="18" class="Tests\Feature\Security\SecurityTest" classname="Tests.Feature.Security.SecurityTest" assertions="1" time="0.053297"/>
      </testsuite>
      <testsuite name="Tests\Feature\Models\PriceAlertTest" file="C:\Users\Gaser\Desktop\COPRRA\tests\Feature\Models\PriceAlertTest.php" tests="16" assertions="44" errors="0" failures="0" skipped="0" time="1.302408">
        <testcase name="test_it_casts_attributes_correctly" file="C:\Users\Gaser\Desktop\COPRRA\tests\Feature\Models\PriceAlertTest.php" line="53" class="Tests\Feature\Models\PriceAlertTest" classname="Tests.Feature.Models.PriceAlertTest" assertions="6" time="0.083734"/>
        <testcase name="test_fillable_attributes" file="C:\Users\Gaser\Desktop\COPRRA\tests\Feature\Models\PriceAlertTest.php" line="236" class="Tests\Feature\Models\PriceAlertTest" classname="Tests.Feature.Models.PriceAlertTest" assertions="1" time="0.092834"/>
        <testcase name="test_deactivate" file="C:\Users\Gaser\Desktop\COPRRA\tests\Feature\Models\PriceAlertTest.php" line="165" class="Tests\Feature\Models\PriceAlertTest" classname="Tests.Feature.Models.PriceAlertTest" assertions="1" time="0.067703"/>
        <testcase name="test_factory_creates_valid_price_alert" file="C:\Users\Gaser\Desktop\COPRRA\tests\Feature\Models\PriceAlertTest.php" line="250" class="Tests\Feature\Models\PriceAlertTest" classname="Tests.Feature.Models.PriceAlertTest" assertions="6" time="0.061413"/>
        <testcase name="test_validation_fails_with_invalid_target_price" file="C:\Users\Gaser\Desktop\COPRRA\tests\Feature\Models\PriceAlertTest.php" line="207" class="Tests\Feature\Models\PriceAlertTest" classname="Tests.Feature.Models.PriceAlertTest" assertions="2" time="0.060834"/>
        <testcase name="test_soft_deletes" file="C:\Users\Gaser\Desktop\COPRRA\tests\Feature\Models\PriceAlertTest.php" line="224" class="Tests\Feature\Models\PriceAlertTest" classname="Tests.Feature.Models.PriceAlertTest" assertions="1" time="0.073137"/>
        <testcase name="test_scope_active" file="C:\Users\Gaser\Desktop\COPRRA\tests\Feature\Models\PriceAlertTest.php" line="97" class="Tests\Feature\Models\PriceAlertTest" classname="Tests.Feature.Models.PriceAlertTest" assertions="2" time="0.075090"/>
        <testcase name="test_is_price_target_reached" file="C:\Users\Gaser\Desktop\COPRRA\tests\Feature\Models\PriceAlertTest.php" line="141" class="Tests\Feature\Models\PriceAlertTest" classname="Tests.Feature.Models.PriceAlertTest" assertions="3" time="0.072298"/>
        <testcase name="test_activate" file="C:\Users\Gaser\Desktop\COPRRA\tests\Feature\Models\PriceAlertTest.php" line="153" class="Tests\Feature\Models\PriceAlertTest" classname="Tests.Feature.Models.PriceAlertTest" assertions="1" time="0.063804"/>
        <testcase name="test_it_belongs_to_product" file="C:\Users\Gaser\Desktop\COPRRA\tests\Feature\Models\PriceAlertTest.php" line="86" class="Tests\Feature\Models\PriceAlertTest" classname="Tests.Feature.Models.PriceAlertTest" assertions="2" time="0.152149"/>
        <testcase name="test_validation_fails_with_missing_required_fields" file="C:\Users\Gaser\Desktop\COPRRA\tests\Feature\Models\PriceAlertTest.php" line="195" class="Tests\Feature\Models\PriceAlertTest" classname="Tests.Feature.Models.PriceAlertTest" assertions="4" time="0.078275"/>
        <testcase name="test_validation_passes_with_valid_data" file="C:\Users\Gaser\Desktop\COPRRA\tests\Feature\Models\PriceAlertTest.php" line="177" class="Tests\Feature\Models\PriceAlertTest" classname="Tests.Feature.Models.PriceAlertTest" assertions="2" time="0.091675"/>
        <testcase name="test_scope_for_product" file="C:\Users\Gaser\Desktop\COPRRA\tests\Feature\Models\PriceAlertTest.php" line="126" class="Tests\Feature\Models\PriceAlertTest" classname="Tests.Feature.Models.PriceAlertTest" assertions="2" time="0.097153"/>
        <testcase name="test_scope_for_user" file="C:\Users\Gaser\Desktop\COPRRA\tests\Feature\Models\PriceAlertTest.php" line="111" class="Tests\Feature\Models\PriceAlertTest" classname="Tests.Feature.Models.PriceAlertTest" assertions="2" time="0.087007"/>
        <testcase name="test_it_belongs_to_user" file="C:\Users\Gaser\Desktop\COPRRA\tests\Feature\Models\PriceAlertTest.php" line="75" class="Tests\Feature\Models\PriceAlertTest" classname="Tests.Feature.Models.PriceAlertTest" assertions="2" time="0.070124"/>
        <testcase name="test_it_can_create_a_price_alert" file="C:\Users\Gaser\Desktop\COPRRA\tests\Feature\Models\PriceAlertTest.php" line="23" class="Tests\Feature\Models\PriceAlertTest" classname="Tests.Feature.Models.PriceAlertTest" assertions="7" time="0.075178"/>
      </testsuite>
      <testsuite name="Tests\Feature\Http\Controllers\Api\Admin\CategoryControllerTest" file="C:\Users\Gaser\Desktop\COPRRA\tests\Feature\Http\Controllers\Api\Admin\CategoryControllerTest.php" tests="14" assertions="42" errors="0" failures="0" skipped="0" time="0.983873">
        <testcase name="test_requires_admin_authentication_to_delete_category" file="C:\Users\Gaser\Desktop\COPRRA\tests\Feature\Http\Controllers\Api\Admin\CategoryControllerTest.php" line="225" class="Tests\Feature\Http\Controllers\Api\Admin\CategoryControllerTest" classname="Tests.Feature.Http.Controllers.Api.Admin.CategoryControllerTest" assertions="1" time="0.058618"/>
        <testcase name="test_requires_admin_authentication_to_update_category" file="C:\Users\Gaser\Desktop\COPRRA\tests\Feature\Http\Controllers\Api\Admin\CategoryControllerTest.php" line="189" class="Tests\Feature\Http\Controllers\Api\Admin\CategoryControllerTest" classname="Tests.Feature.Http.Controllers.Api.Admin.CategoryControllerTest" assertions="1" time="0.060119"/>
        <testcase name="test_requires_admin_authentication_to_list_categories" file="C:\Users\Gaser\Desktop\COPRRA\tests\Feature\Http\Controllers\Api\Admin\CategoryControllerTest.php" line="55" class="Tests\Feature\Http\Controllers\Api\Admin\CategoryControllerTest" classname="Tests.Feature.Http.Controllers.Api.Admin.CategoryControllerTest" assertions="1" time="0.058788"/>
        <testcase name="test_can_update_category" file="C:\Users\Gaser\Desktop\COPRRA\tests\Feature\Http\Controllers\Api\Admin\CategoryControllerTest.php" line="152" class="Tests\Feature\Http\Controllers\Api\Admin\CategoryControllerTest" classname="Tests.Feature.Http.Controllers.Api.Admin.CategoryControllerTest" assertions="2" time="0.062988"/>
        <testcase name="test_can_show_specific_category" file="C:\Users\Gaser\Desktop\COPRRA\tests\Feature\Http\Controllers\Api\Admin\CategoryControllerTest.php" line="72" class="Tests\Feature\Http\Controllers\Api\Admin\CategoryControllerTest" classname="Tests.Feature.Http.Controllers.Api.Admin.CategoryControllerTest" assertions="2" time="0.103998"/>
        <testcase name="test_can_create_category" file="C:\Users\Gaser\Desktop\COPRRA\tests\Feature\Http\Controllers\Api\Admin\CategoryControllerTest.php" line="102" class="Tests\Feature\Http\Controllers\Api\Admin\CategoryControllerTest" classname="Tests.Feature.Http.Controllers.Api.Admin.CategoryControllerTest" assertions="3" time="0.062278"/>
        <testcase name="test_requires_admin_authentication_to_create_category" file="C:\Users\Gaser\Desktop\COPRRA\tests\Feature\Http\Controllers\Api\Admin\CategoryControllerTest.php" line="140" class="Tests\Feature\Http\Controllers\Api\Admin\CategoryControllerTest" classname="Tests.Feature.Http.Controllers.Api.Admin.CategoryControllerTest" assertions="1" time="0.062786"/>
        <testcase name="test_requires_admin_role_to_list_categories" file="C:\Users\Gaser\Desktop\COPRRA\tests\Feature\Http\Controllers\Api\Admin\CategoryControllerTest.php" line="62" class="Tests\Feature\Http\Controllers\Api\Admin\CategoryControllerTest" classname="Tests.Feature.Http.Controllers.Api.Admin.CategoryControllerTest" assertions="1" time="0.072585"/>
        <testcase name="test_validates_category_creation_request" file="C:\Users\Gaser\Desktop\COPRRA\tests\Feature\Http\Controllers\Api\Admin\CategoryControllerTest.php" line="129" class="Tests\Feature\Http\Controllers\Api\Admin\CategoryControllerTest" classname="Tests.Feature.Http.Controllers.Api.Admin.CategoryControllerTest" assertions="3" time="0.061813"/>
        <testcase name="test_returns_404_for_nonexistent_category" file="C:\Users\Gaser\Desktop\COPRRA\tests\Feature\Http\Controllers\Api\Admin\CategoryControllerTest.php" line="92" class="Tests\Feature\Http\Controllers\Api\Admin\CategoryControllerTest" classname="Tests.Feature.Http.Controllers.Api.Admin.CategoryControllerTest" assertions="1" time="0.069949"/>
        <testcase name="test_returns_404_when_deleting_nonexistent_category" file="C:\Users\Gaser\Desktop\COPRRA\tests\Feature\Http\Controllers\Api\Admin\CategoryControllerTest.php" line="215" class="Tests\Feature\Http\Controllers\Api\Admin\CategoryControllerTest" classname="Tests.Feature.Http.Controllers.Api.Admin.CategoryControllerTest" assertions="1" time="0.068534"/>
        <testcase name="test_can_list_categories" file="C:\Users\Gaser\Desktop\COPRRA\tests\Feature\Http\Controllers\Api\Admin\CategoryControllerTest.php" line="31" class="Tests\Feature\Http\Controllers\Api\Admin\CategoryControllerTest" classname="Tests.Feature.Http.Controllers.Api.Admin.CategoryControllerTest" assertions="21" time="0.077877"/>
        <testcase name="test_validates_category_update_request" file="C:\Users\Gaser\Desktop\COPRRA\tests\Feature\Http\Controllers\Api\Admin\CategoryControllerTest.php" line="176" class="Tests\Feature\Http\Controllers\Api\Admin\CategoryControllerTest" classname="Tests.Feature.Http.Controllers.Api.Admin.CategoryControllerTest" assertions="3" time="0.079728"/>
        <testcase name="test_can_delete_category" file="C:\Users\Gaser\Desktop\COPRRA\tests\Feature\Http\Controllers\Api\Admin\CategoryControllerTest.php" line="203" class="Tests\Feature\Http\Controllers\Api\Admin\CategoryControllerTest" classname="Tests.Feature.Http.Controllers.Api.Admin.CategoryControllerTest" assertions="1" time="0.083812"/>
      </testsuite>
      <testsuite name="Tests\Feature\FormValidationTest" file="C:\Users\Gaser\Desktop\COPRRA\tests\Feature\FormValidationTest.php" tests="3" assertions="3" errors="0" failures="0" skipped="0" time="0.204457">
        <testcase name="test_validation" file="C:\Users\Gaser\Desktop\COPRRA\tests\Feature\FormValidationTest.php" line="32" class="Tests\Feature\FormValidationTest" classname="Tests.Feature.FormValidationTest" assertions="1" time="0.058156"/>
        <testcase name="test_basic_functionality" file="C:\Users\Gaser\Desktop\COPRRA\tests\Feature\FormValidationTest.php" line="18" class="Tests\Feature\FormValidationTest" classname="Tests.Feature.FormValidationTest" assertions="1" time="0.051395"/>
        <testcase name="test_expected_behavior" file="C:\Users\Gaser\Desktop\COPRRA\tests\Feature\FormValidationTest.php" line="25" class="Tests\Feature\FormValidationTest" classname="Tests.Feature.FormValidationTest" assertions="1" time="0.094906"/>
      </testsuite>
      <testsuite name="Tests\Feature\Models\WishlistTest" file="C:\Users\Gaser\Desktop\COPRRA\tests\Feature\Models\WishlistTest.php" tests="14" assertions="34" errors="0" failures="0" skipped="0" time="0.920720">
        <testcase name="test_scope_for_user" file="C:\Users\Gaser\Desktop\COPRRA\tests\Feature\Models\WishlistTest.php" line="69" class="Tests\Feature\Models\WishlistTest" classname="Tests.Feature.Models.WishlistTest" assertions="2" time="0.070926"/>
        <testcase name="test_soft_deletes" file="C:\Users\Gaser\Desktop\COPRRA\tests\Feature\Models\WishlistTest.php" line="184" class="Tests\Feature\Models\WishlistTest" classname="Tests.Feature.Models.WishlistTest" assertions="1" time="0.060466"/>
        <testcase name="test_it_can_create_a_wishlist" file="C:\Users\Gaser\Desktop\COPRRA\tests\Feature\Models\WishlistTest.php" line="23" class="Tests\Feature\Models\WishlistTest" classname="Tests.Feature.Models.WishlistTest" assertions="5" time="0.059832"/>
        <testcase name="test_it_belongs_to_product" file="C:\Users\Gaser\Desktop\COPRRA\tests\Feature\Models\WishlistTest.php" line="58" class="Tests\Feature\Models\WishlistTest" classname="Tests.Feature.Models.WishlistTest" assertions="2" time="0.062228"/>
        <testcase name="test_is_product_in_wishlist" file="C:\Users\Gaser\Desktop\COPRRA\tests\Feature\Models\WishlistTest.php" line="103" class="Tests\Feature\Models\WishlistTest" classname="Tests.Feature.Models.WishlistTest" assertions="2" time="0.064128"/>
        <testcase name="test_get_wishlist_count" file="C:\Users\Gaser\Desktop\COPRRA\tests\Feature\Models\WishlistTest.php" line="142" class="Tests\Feature\Models\WishlistTest" classname="Tests.Feature.Models.WishlistTest" assertions="2" time="0.070689"/>
        <testcase name="test_it_belongs_to_user" file="C:\Users\Gaser\Desktop\COPRRA\tests\Feature\Models\WishlistTest.php" line="47" class="Tests\Feature\Models\WishlistTest" classname="Tests.Feature.Models.WishlistTest" assertions="2" time="0.062191"/>
        <testcase name="test_remove_from_wishlist" file="C:\Users\Gaser\Desktop\COPRRA\tests\Feature\Models\WishlistTest.php" line="129" class="Tests\Feature\Models\WishlistTest" classname="Tests.Feature.Models.WishlistTest" assertions="2" time="0.064189"/>
        <testcase name="test_factory_creates_valid_wishlist" file="C:\Users\Gaser\Desktop\COPRRA\tests\Feature\Models\WishlistTest.php" line="208" class="Tests\Feature\Models\WishlistTest" classname="Tests.Feature.Models.WishlistTest" assertions="4" time="0.058471"/>
        <testcase name="test_scope_for_product" file="C:\Users\Gaser\Desktop\COPRRA\tests\Feature\Models\WishlistTest.php" line="86" class="Tests\Feature\Models\WishlistTest" classname="Tests.Feature.Models.WishlistTest" assertions="2" time="0.066346"/>
        <testcase name="test_validation_fails_with_missing_required_fields" file="C:\Users\Gaser\Desktop\COPRRA\tests\Feature\Models\WishlistTest.php" line="173" class="Tests\Feature\Models\WishlistTest" classname="Tests.Feature.Models.WishlistTest" assertions="3" time="0.054624"/>
        <testcase name="test_validation_passes_with_valid_data" file="C:\Users\Gaser\Desktop\COPRRA\tests\Feature\Models\WishlistTest.php" line="157" class="Tests\Feature\Models\WishlistTest" classname="Tests.Feature.Models.WishlistTest" assertions="2" time="0.115141"/>
        <testcase name="test_add_to_wishlist" file="C:\Users\Gaser\Desktop\COPRRA\tests\Feature\Models\WishlistTest.php" line="115" class="Tests\Feature\Models\WishlistTest" classname="Tests.Feature.Models.WishlistTest" assertions="4" time="0.059172"/>
        <testcase name="test_fillable_attributes" file="C:\Users\Gaser\Desktop\COPRRA\tests\Feature\Models\WishlistTest.php" line="196" class="Tests\Feature\Models\WishlistTest" classname="Tests.Feature.Models.WishlistTest" assertions="1" time="0.052317"/>
      </testsuite>
      <testsuite name="Tests\Feature\Http\Middleware\ValidateSignatureTest" file="C:\Users\Gaser\Desktop\COPRRA\tests\Feature\Http\Middleware\ValidateSignatureTest.php" tests="5" assertions="10" errors="0" failures="0" skipped="0" time="0.275508">
        <testcase name="test_validate_signature_middleware_handles_post_requests" file="C:\Users\Gaser\Desktop\COPRRA\tests\Feature\Http\Middleware\ValidateSignatureTest.php" line="59" class="Tests\Feature\Http\Middleware\ValidateSignatureTest" classname="Tests.Feature.Http.Middleware.ValidateSignatureTest" assertions="2" time="0.054242"/>
        <testcase name="test_validate_signature_middleware_handles_invalid_signature" file="C:\Users\Gaser\Desktop\COPRRA\tests\Feature\Http\Middleware\ValidateSignatureTest.php" line="45" class="Tests\Feature\Http\Middleware\ValidateSignatureTest" classname="Tests.Feature.Http.Middleware.ValidateSignatureTest" assertions="2" time="0.053432"/>
        <testcase name="test_validate_signature_middleware_handles_api_requests" file="C:\Users\Gaser\Desktop\COPRRA\tests\Feature\Http\Middleware\ValidateSignatureTest.php" line="74" class="Tests\Feature\Http\Middleware\ValidateSignatureTest" classname="Tests.Feature.Http.Middleware.ValidateSignatureTest" assertions="2" time="0.057104"/>
        <testcase name="test_validate_signature_middleware_validates_correct_signature" file="C:\Users\Gaser\Desktop\COPRRA\tests\Feature\Http\Middleware\ValidateSignatureTest.php" line="18" class="Tests\Feature\Http\Middleware\ValidateSignatureTest" classname="Tests.Feature.Http.Middleware.ValidateSignatureTest" assertions="2" time="0.055508"/>
        <testcase name="test_validate_signature_middleware_handles_missing_signature" file="C:\Users\Gaser\Desktop\COPRRA\tests\Feature\Http\Middleware\ValidateSignatureTest.php" line="32" class="Tests\Feature\Http\Middleware\ValidateSignatureTest" classname="Tests.Feature.Http.Middleware.ValidateSignatureTest" assertions="2" time="0.055222"/>
      </testsuite>
      <testsuite name="Tests\Feature\Http\Controllers\Api\Admin\BrandControllerTest" file="C:\Users\Gaser\Desktop\COPRRA\tests\Feature\Http\Controllers\Api\Admin\BrandControllerTest.php" tests="14" assertions="44" errors="0" failures="0" skipped="0" time="0.880815">
        <testcase name="test_requires_admin_role_to_list_brands" file="C:\Users\Gaser\Desktop\COPRRA\tests\Feature\Http\Controllers\Api\Admin\BrandControllerTest.php" line="51" class="Tests\Feature\Http\Controllers\Api\Admin\BrandControllerTest" classname="Tests.Feature.Http.Controllers.Api.Admin.BrandControllerTest" assertions="1" time="0.059615"/>
        <testcase name="test_requires_admin_authentication_to_list_brands" file="C:\Users\Gaser\Desktop\COPRRA\tests\Feature\Http\Controllers\Api\Admin\BrandControllerTest.php" line="44" class="Tests\Feature\Http\Controllers\Api\Admin\BrandControllerTest" classname="Tests.Feature.Http.Controllers.Api.Admin.BrandControllerTest" assertions="1" time="0.064033"/>
        <testcase name="test_returns_404_for_nonexistent_brand" file="C:\Users\Gaser\Desktop\COPRRA\tests\Feature\Http\Controllers\Api\Admin\BrandControllerTest.php" line="81" class="Tests\Feature\Http\Controllers\Api\Admin\BrandControllerTest" classname="Tests.Feature.Http.Controllers.Api.Admin.BrandControllerTest" assertions="1" time="0.059257"/>
        <testcase name="test_validates_brand_creation_request" file="C:\Users\Gaser\Desktop\COPRRA\tests\Feature\Http\Controllers\Api\Admin\BrandControllerTest.php" line="118" class="Tests\Feature\Http\Controllers\Api\Admin\BrandControllerTest" classname="Tests.Feature.Http.Controllers.Api.Admin.BrandControllerTest" assertions="3" time="0.105038"/>
        <testcase name="test_can_update_brand" file="C:\Users\Gaser\Desktop\COPRRA\tests\Feature\Http\Controllers\Api\Admin\BrandControllerTest.php" line="141" class="Tests\Feature\Http\Controllers\Api\Admin\BrandControllerTest" classname="Tests.Feature.Http.Controllers.Api.Admin.BrandControllerTest" assertions="3" time="0.059597"/>
        <testcase name="test_requires_admin_authentication_to_delete_brand" file="C:\Users\Gaser\Desktop\COPRRA\tests\Feature\Http\Controllers\Api\Admin\BrandControllerTest.php" line="226" class="Tests\Feature\Http\Controllers\Api\Admin\BrandControllerTest" classname="Tests.Feature.Http.Controllers.Api.Admin.BrandControllerTest" assertions="1" time="0.056100"/>
        <testcase name="test_returns_404_when_deleting_nonexistent_brand" file="C:\Users\Gaser\Desktop\COPRRA\tests\Feature\Http\Controllers\Api\Admin\BrandControllerTest.php" line="216" class="Tests\Feature\Http\Controllers\Api\Admin\BrandControllerTest" classname="Tests.Feature.Http.Controllers.Api.Admin.BrandControllerTest" assertions="1" time="0.059195"/>
        <testcase name="test_can_create_brand" file="C:\Users\Gaser\Desktop\COPRRA\tests\Feature\Http\Controllers\Api\Admin\BrandControllerTest.php" line="91" class="Tests\Feature\Http\Controllers\Api\Admin\BrandControllerTest" classname="Tests.Feature.Http.Controllers.Api.Admin.BrandControllerTest" assertions="3" time="0.061805"/>
        <testcase name="test_validates_brand_update_request" file="C:\Users\Gaser\Desktop\COPRRA\tests\Feature\Http\Controllers\Api\Admin\BrandControllerTest.php" line="172" class="Tests\Feature\Http\Controllers\Api\Admin\BrandControllerTest" classname="Tests.Feature.Http.Controllers.Api.Admin.BrandControllerTest" assertions="3" time="0.064993"/>
        <testcase name="test_can_delete_brand" file="C:\Users\Gaser\Desktop\COPRRA\tests\Feature\Http\Controllers\Api\Admin\BrandControllerTest.php" line="199" class="Tests\Feature\Http\Controllers\Api\Admin\BrandControllerTest" classname="Tests.Feature.Http.Controllers.Api.Admin.BrandControllerTest" assertions="2" time="0.059941"/>
        <testcase name="test_requires_admin_authentication_to_create_brand" file="C:\Users\Gaser\Desktop\COPRRA\tests\Feature\Http\Controllers\Api\Admin\BrandControllerTest.php" line="129" class="Tests\Feature\Http\Controllers\Api\Admin\BrandControllerTest" classname="Tests.Feature.Http.Controllers.Api.Admin.BrandControllerTest" assertions="1" time="0.054212"/>
        <testcase name="test_can_list_brands" file="C:\Users\Gaser\Desktop\COPRRA\tests\Feature\Http\Controllers\Api\Admin\BrandControllerTest.php" line="20" class="Tests\Feature\Http\Controllers\Api\Admin\BrandControllerTest" classname="Tests.Feature.Http.Controllers.Api.Admin.BrandControllerTest" assertions="21" time="0.059288"/>
        <testcase name="test_can_show_specific_brand" file="C:\Users\Gaser\Desktop\COPRRA\tests\Feature\Http\Controllers\Api\Admin\BrandControllerTest.php" line="61" class="Tests\Feature\Http\Controllers\Api\Admin\BrandControllerTest" classname="Tests.Feature.Http.Controllers.Api.Admin.BrandControllerTest" assertions="2" time="0.060037"/>
        <testcase name="test_requires_admin_authentication_to_update_brand" file="C:\Users\Gaser\Desktop\COPRRA\tests\Feature\Http\Controllers\Api\Admin\BrandControllerTest.php" line="185" class="Tests\Feature\Http\Controllers\Api\Admin\BrandControllerTest" classname="Tests.Feature.Http.Controllers.Api.Admin.BrandControllerTest" assertions="1" time="0.057705"/>
      </testsuite>
      <testsuite name="Tests\Feature\CacheFunctionalityTest" file="C:\Users\Gaser\Desktop\COPRRA\tests\Feature\CacheFunctionalityTest.php" tests="3" assertions="3" errors="0" failures="0" skipped="0" time="0.212674">
        <testcase name="test_expected_behavior" file="C:\Users\Gaser\Desktop\COPRRA\tests\Feature\CacheFunctionalityTest.php" line="25" class="Tests\Feature\CacheFunctionalityTest" classname="Tests.Feature.CacheFunctionalityTest" assertions="1" time="0.060964"/>
        <testcase name="test_validation" file="C:\Users\Gaser\Desktop\COPRRA\tests\Feature\CacheFunctionalityTest.php" line="32" class="Tests\Feature\CacheFunctionalityTest" classname="Tests.Feature.CacheFunctionalityTest" assertions="1" time="0.094270"/>
        <testcase name="test_basic_functionality" file="C:\Users\Gaser\Desktop\COPRRA\tests\Feature\CacheFunctionalityTest.php" line="18" class="Tests\Feature\CacheFunctionalityTest" classname="Tests.Feature.CacheFunctionalityTest" assertions="1" time="0.057440"/>
      </testsuite>
      <testsuite name="Tests\Feature\Http\Controllers\ErrorControllerTest" file="C:\Users\Gaser\Desktop\COPRRA\tests\Feature\Http\Controllers\ErrorControllerTest.php" tests="15" assertions="15" errors="0" failures="0" skipped="0" time="1.811470">
        <testcase name="it_can_get_recent_errors" file="C:\Users\Gaser\Desktop\COPRRA\tests\Feature\Http\Controllers\ErrorControllerTest.php" line="45" class="Tests\Feature\Http\Controllers\ErrorControllerTest" classname="Tests.Feature.Http.Controllers.ErrorControllerTest" assertions="1" time="0.068890"/>
        <testcase name="it_checks_storage_health" file="C:\Users\Gaser\Desktop\COPRRA\tests\Feature\Http\Controllers\ErrorControllerTest.php" line="75" class="Tests\Feature\Http\Controllers\ErrorControllerTest" classname="Tests.Feature.Http.Controllers.ErrorControllerTest" assertions="1" time="0.067213"/>
        <testcase name="it_can_display_error_dashboard_as_json" file="C:\Users\Gaser\Desktop\COPRRA\tests\Feature\Http\Controllers\ErrorControllerTest.php" line="27" class="Tests\Feature\Http\Controllers\ErrorControllerTest" classname="Tests.Feature.Http.Controllers.ErrorControllerTest" assertions="1" time="0.066231"/>
        <testcase name="it_handles_database_connection_failure" file="C:\Users\Gaser\Desktop\COPRRA\tests\Feature\Http\Controllers\ErrorControllerTest.php" line="93" class="Tests\Feature\Http\Controllers\ErrorControllerTest" classname="Tests.Feature.Http.Controllers.ErrorControllerTest" assertions="1" time="0.059173"/>
        <testcase name="it_checks_database_health" file="C:\Users\Gaser\Desktop\COPRRA\tests\Feature\Http\Controllers\ErrorControllerTest.php" line="63" class="Tests\Feature\Http\Controllers\ErrorControllerTest" classname="Tests.Feature.Http.Controllers.ErrorControllerTest" assertions="1" time="0.054068"/>
        <testcase name="it_checks_cache_health" file="C:\Users\Gaser\Desktop\COPRRA\tests\Feature\Http\Controllers\ErrorControllerTest.php" line="69" class="Tests\Feature\Http\Controllers\ErrorControllerTest" classname="Tests.Feature.Http.Controllers.ErrorControllerTest" assertions="1" time="0.051485"/>
        <testcase name="it_can_get_error_statistics" file="C:\Users\Gaser\Desktop\COPRRA\tests\Feature\Http\Controllers\ErrorControllerTest.php" line="51" class="Tests\Feature\Http\Controllers\ErrorControllerTest" classname="Tests.Feature.Http.Controllers.ErrorControllerTest" assertions="1" time="0.056188"/>
        <testcase name="it_checks_memory_health" file="C:\Users\Gaser\Desktop\COPRRA\tests\Feature\Http\Controllers\ErrorControllerTest.php" line="81" class="Tests\Feature\Http\Controllers\ErrorControllerTest" classname="Tests.Feature.Http.Controllers.ErrorControllerTest" assertions="1" time="0.052836"/>
        <testcase name="it_handles_cache_failure" file="C:\Users\Gaser\Desktop\COPRRA\tests\Feature\Http\Controllers\ErrorControllerTest.php" line="99" class="Tests\Feature\Http\Controllers\ErrorControllerTest" classname="Tests.Feature.Http.Controllers.ErrorControllerTest" assertions="1" time="0.054316"/>
        <testcase name="it_returns_404_for_nonexistent_error" file="C:\Users\Gaser\Desktop\COPRRA\tests\Feature\Http\Controllers\ErrorControllerTest.php" line="39" class="Tests\Feature\Http\Controllers\ErrorControllerTest" classname="Tests.Feature.Http.Controllers.ErrorControllerTest" assertions="1" time="0.054669"/>
        <testcase name="it_can_show_error_details" file="C:\Users\Gaser\Desktop\COPRRA\tests\Feature\Http\Controllers\ErrorControllerTest.php" line="33" class="Tests\Feature\Http\Controllers\ErrorControllerTest" classname="Tests.Feature.Http.Controllers.ErrorControllerTest" assertions="1" time="0.068040"/>
        <testcase name="it_checks_disk_space_health" file="C:\Users\Gaser\Desktop\COPRRA\tests\Feature\Http\Controllers\ErrorControllerTest.php" line="87" class="Tests\Feature\Http\Controllers\ErrorControllerTest" classname="Tests.Feature.Http.Controllers.ErrorControllerTest" assertions="1" time="0.105747"/>
        <testcase name="it_can_display_error_dashboard" file="C:\Users\Gaser\Desktop\COPRRA\tests\Feature\Http\Controllers\ErrorControllerTest.php" line="21" class="Tests\Feature\Http\Controllers\ErrorControllerTest" classname="Tests.Feature.Http.Controllers.ErrorControllerTest" assertions="1" time="0.921763"/>
        <testcase name="it_handles_storage_failure" file="C:\Users\Gaser\Desktop\COPRRA\tests\Feature\Http\Controllers\ErrorControllerTest.php" line="105" class="Tests\Feature\Http\Controllers\ErrorControllerTest" classname="Tests.Feature.Http.Controllers.ErrorControllerTest" assertions="1" time="0.069468"/>
        <testcase name="it_can_get_system_health" file="C:\Users\Gaser\Desktop\COPRRA\tests\Feature\Http\Controllers\ErrorControllerTest.php" line="57" class="Tests\Feature\Http\Controllers\ErrorControllerTest" classname="Tests.Feature.Http.Controllers.ErrorControllerTest" assertions="1" time="0.061383"/>
      </testsuite>
      <testsuite name="Tests\Feature\Cart\CartControllerTest" file="C:\Users\Gaser\Desktop\COPRRA\tests\Feature\Cart\CartControllerTest.php" tests="10" assertions="30" errors="0" failures="0" skipped="0" time="0.683623">
        <testcase name="test_quantity_cannot_exceed_maximum" file="C:\Users\Gaser\Desktop\COPRRA\tests\Feature\Cart\CartControllerTest.php" line="204" class="Tests\Feature\Cart\CartControllerTest" classname="Tests.Feature.Cart.CartControllerTest" assertions="2" time="0.063786"/>
        <testcase name="test_user_can_add_product_to_cart" file="C:\Users\Gaser\Desktop\COPRRA\tests\Feature\Cart\CartControllerTest.php" line="32" class="Tests\Feature\Cart\CartControllerTest" classname="Tests.Feature.Cart.CartControllerTest" assertions="4" time="0.062159"/>
        <testcase name="test_cart_persists_product_attributes" file="C:\Users\Gaser\Desktop\COPRRA\tests\Feature\Cart\CartControllerTest.php" line="172" class="Tests\Feature\Cart\CartControllerTest" classname="Tests.Feature.Cart.CartControllerTest" assertions="4" time="0.060152"/>
        <testcase name="test_cart_calculates_total_correctly" file="C:\Users\Gaser\Desktop\COPRRA\tests\Feature\Cart\CartControllerTest.php" line="147" class="Tests\Feature\Cart\CartControllerTest" classname="Tests.Feature.Cart.CartControllerTest" assertions="1" time="0.073051"/>
        <testcase name="test_update_cart_request_validates_input" file="C:\Users\Gaser\Desktop\COPRRA\tests\Feature\Cart\CartControllerTest.php" line="195" class="Tests\Feature\Cart\CartControllerTest" classname="Tests.Feature.Cart.CartControllerTest" assertions="3" time="0.062852"/>
        <testcase name="test_user_can_remove_item_from_cart" file="C:\Users\Gaser\Desktop\COPRRA\tests\Feature\Cart\CartControllerTest.php" line="101" class="Tests\Feature\Cart\CartControllerTest" classname="Tests.Feature.Cart.CartControllerTest" assertions="3" time="0.057867"/>
        <testcase name="test_user_can_clear_entire_cart" file="C:\Users\Gaser\Desktop\COPRRA\tests\Feature\Cart\CartControllerTest.php" line="123" class="Tests\Feature\Cart\CartControllerTest" classname="Tests.Feature.Cart.CartControllerTest" assertions="4" time="0.067683"/>
        <testcase name="test_user_cannot_update_cart_with_invalid_quantity" file="C:\Users\Gaser\Desktop\COPRRA\tests\Feature\Cart\CartControllerTest.php" line="79" class="Tests\Feature\Cart\CartControllerTest" classname="Tests.Feature.Cart.CartControllerTest" assertions="2" time="0.101356"/>
        <testcase name="test_user_can_update_cart_quantity" file="C:\Users\Gaser\Desktop\COPRRA\tests\Feature\Cart\CartControllerTest.php" line="52" class="Tests\Feature\Cart\CartControllerTest" classname="Tests.Feature.Cart.CartControllerTest" assertions="3" time="0.061623"/>
        <testcase name="test_user_can_view_cart" file="C:\Users\Gaser\Desktop\COPRRA\tests\Feature\Cart\CartControllerTest.php" line="23" class="Tests\Feature\Cart\CartControllerTest" classname="Tests.Feature.Cart.CartControllerTest" assertions="4" time="0.073095"/>
      </testsuite>
      <testsuite name="Tests\Feature\MemoryLeakTest" file="C:\Users\Gaser\Desktop\COPRRA\tests\Feature\MemoryLeakTest.php" tests="3" assertions="3" errors="0" failures="0" skipped="0" time="0.163878">
        <testcase name="test_basic_functionality" file="C:\Users\Gaser\Desktop\COPRRA\tests\Feature\MemoryLeakTest.php" line="18" class="Tests\Feature\MemoryLeakTest" classname="Tests.Feature.MemoryLeakTest" assertions="1" time="0.055017"/>
        <testcase name="test_validation" file="C:\Users\Gaser\Desktop\COPRRA\tests\Feature\MemoryLeakTest.php" line="32" class="Tests\Feature\MemoryLeakTest" classname="Tests.Feature.MemoryLeakTest" assertions="1" time="0.053092"/>
        <testcase name="test_expected_behavior" file="C:\Users\Gaser\Desktop\COPRRA\tests\Feature\MemoryLeakTest.php" line="25" class="Tests\Feature\MemoryLeakTest" classname="Tests.Feature.MemoryLeakTest" assertions="1" time="0.055769"/>
      </testsuite>
      <testsuite name="Tests\Feature\Api\AnalyticsEndpointTest" file="C:\Users\Gaser\Desktop\COPRRA\tests\Feature\Api\AnalyticsEndpointTest.php" tests="5" assertions="24" errors="0" failures="0" skipped="0" time="0.314863">
        <testcase name="test_track_behavior_success_for_authenticated_user" file="C:\Users\Gaser\Desktop\COPRRA\tests\Feature\Api\AnalyticsEndpointTest.php" line="71" class="Tests\Feature\Api\AnalyticsEndpointTest" classname="Tests.Feature.Api.AnalyticsEndpointTest" assertions="4" time="0.068323"/>
        <testcase name="test_site_analytics_is_public_and_has_expected_keys" file="C:\Users\Gaser\Desktop\COPRRA\tests\Feature\Api\AnalyticsEndpointTest.php" line="42" class="Tests\Feature\Api\AnalyticsEndpointTest" classname="Tests.Feature.Api.AnalyticsEndpointTest" assertions="10" time="0.058684"/>
        <testcase name="test_guest_cannot_access_user_analytics" file="C:\Users\Gaser\Desktop\COPRRA\tests\Feature\Api\AnalyticsEndpointTest.php" line="16" class="Tests\Feature\Api\AnalyticsEndpointTest" classname="Tests.Feature.Api.AnalyticsEndpointTest" assertions="1" time="0.070881"/>
        <testcase name="test_track_behavior_requires_auth" file="C:\Users\Gaser\Desktop\COPRRA\tests\Feature\Api\AnalyticsEndpointTest.php" line="61" class="Tests\Feature\Api\AnalyticsEndpointTest" classname="Tests.Feature.Api.AnalyticsEndpointTest" assertions="1" time="0.055005"/>
        <testcase name="test_authenticated_user_can_get_user_analytics" file="C:\Users\Gaser\Desktop\COPRRA\tests\Feature\Api\AnalyticsEndpointTest.php" line="22" class="Tests\Feature\Api\AnalyticsEndpointTest" classname="Tests.Feature.Api.AnalyticsEndpointTest" assertions="8" time="0.061970"/>
      </testsuite>
      <testsuite name="Tests\Feature\Models\PaymentMethodTest" file="C:\Users\Gaser\Desktop\COPRRA\tests\Feature\Models\PaymentMethodTest.php" tests="6" assertions="22" errors="0" failures="0" skipped="0" time="0.404824">
        <testcase name="it_has_many_payments" file="C:\Users\Gaser\Desktop\COPRRA\tests\Feature\Models\PaymentMethodTest.php" line="63" class="Tests\Feature\Models\PaymentMethodTest" classname="Tests.Feature.Models.PaymentMethodTest" assertions="3" time="0.124205"/>
        <testcase name="it_can_create_a_payment_method" file="C:\Users\Gaser\Desktop\COPRRA\tests\Feature\Models\PaymentMethodTest.php" line="17" class="Tests\Feature\Models\PaymentMethodTest" classname="Tests.Feature.Models.PaymentMethodTest" assertions="8" time="0.054659"/>
        <testcase name="it_casts_attributes_correctly" file="C:\Users\Gaser\Desktop\COPRRA\tests\Feature\Models\PaymentMethodTest.php" line="46" class="Tests\Feature\Models\PaymentMethodTest" classname="Tests.Feature.Models.PaymentMethodTest" assertions="6" time="0.061063"/>
        <testcase name="it_has_fillable_attributes" file="C:\Users\Gaser\Desktop\COPRRA\tests\Feature\Models\PaymentMethodTest.php" line="99" class="Tests\Feature\Models\PaymentMethodTest" classname="Tests.Feature.Models.PaymentMethodTest" assertions="1" time="0.052909"/>
        <testcase name="it_has_active_scope" file="C:\Users\Gaser\Desktop\COPRRA\tests\Feature\Models\PaymentMethodTest.php" line="75" class="Tests\Feature\Models\PaymentMethodTest" classname="Tests.Feature.Models.PaymentMethodTest" assertions="2" time="0.056572"/>
        <testcase name="it_has_default_scope" file="C:\Users\Gaser\Desktop\COPRRA\tests\Feature\Models\PaymentMethodTest.php" line="87" class="Tests\Feature\Models\PaymentMethodTest" classname="Tests.Feature.Models.PaymentMethodTest" assertions="2" time="0.055416"/>
      </testsuite>
      <testsuite name="Tests\Feature\Models\RewardTest" file="C:\Users\Gaser\Desktop\COPRRA\tests\Feature\Models\RewardTest.php" tests="5" assertions="22" errors="0" failures="0" skipped="0" time="0.296241">
        <testcase name="it_casts_attributes_correctly" file="C:\Users\Gaser\Desktop\COPRRA\tests\Feature\Models\RewardTest.php" line="51" class="Tests\Feature\Models\RewardTest" classname="Tests.Feature.Models.RewardTest" assertions="6" time="0.056571"/>
        <testcase name="it_has_available_for_points_scope" file="C:\Users\Gaser\Desktop\COPRRA\tests\Feature\Models\RewardTest.php" line="100" class="Tests\Feature\Models\RewardTest" classname="Tests.Feature.Models.RewardTest" assertions="2" time="0.054470"/>
        <testcase name="it_has_active_scope" file="C:\Users\Gaser\Desktop\COPRRA\tests\Feature\Models\RewardTest.php" line="69" class="Tests\Feature\Models\RewardTest" classname="Tests.Feature.Models.RewardTest" assertions="2" time="0.066059"/>
        <testcase name="it_can_create_a_reward" file="C:\Users\Gaser\Desktop\COPRRA\tests\Feature\Models\RewardTest.php" line="17" class="Tests\Feature\Models\RewardTest" classname="Tests.Feature.Models.RewardTest" assertions="11" time="0.062743"/>
        <testcase name="it_has_fillable_attributes" file="C:\Users\Gaser\Desktop\COPRRA\tests\Feature\Models\RewardTest.php" line="123" class="Tests\Feature\Models\RewardTest" classname="Tests.Feature.Models.RewardTest" assertions="1" time="0.056399"/>
      </testsuite>
      <testsuite name="Tests\Feature\Api\ProductApiTest" file="C:\Users\Gaser\Desktop\COPRRA\tests\Feature\Api\ProductApiTest.php" tests="13" assertions="44" errors="0" failures="0" skipped="0" time="1.353447">
        <testcase name="test_can_filter_featured_products" file="C:\Users\Gaser\Desktop\COPRRA\tests\Feature\Api\ProductApiTest.php" line="81" class="Tests\Feature\Api\ProductApiTest" classname="Tests.Feature.Api.ProductApiTest" assertions="2" time="0.122614"/>
        <testcase name="test_inactive_products_are_not_listed" file="C:\Users\Gaser\Desktop\COPRRA\tests\Feature\Api\ProductApiTest.php" line="128" class="Tests\Feature\Api\ProductApiTest" classname="Tests.Feature.Api.ProductApiTest" assertions="2" time="0.073539"/>
        <testcase name="test_per_page_is_limited_to_100" file="C:\Users\Gaser\Desktop\COPRRA\tests\Feature\Api\ProductApiTest.php" line="185" class="Tests\Feature\Api\ProductApiTest" classname="Tests.Feature.Api.ProductApiTest" assertions="3" time="0.380812"/>
        <testcase name="test_can_filter_products_by_brand" file="C:\Users\Gaser\Desktop\COPRRA\tests\Feature\Api\ProductApiTest.php" line="54" class="Tests\Feature\Api\ProductApiTest" classname="Tests.Feature.Api.ProductApiTest" assertions="2" time="0.069979"/>
        <testcase name="test_product_response_includes_relationships" file="C:\Users\Gaser\Desktop\COPRRA\tests\Feature\Api\ProductApiTest.php" line="161" class="Tests\Feature\Api\ProductApiTest" classname="Tests.Feature.Api.ProductApiTest" assertions="11" time="0.062762"/>
        <testcase name="test_can_filter_products_by_category" file="C:\Users\Gaser\Desktop\COPRRA\tests\Feature\Api\ProductApiTest.php" line="39" class="Tests\Feature\Api\ProductApiTest" classname="Tests.Feature.Api.ProductApiTest" assertions="2" time="0.071147"/>
        <testcase name="test_can_filter_products_by_price_range" file="C:\Users\Gaser\Desktop\COPRRA\tests\Feature\Api\ProductApiTest.php" line="69" class="Tests\Feature\Api\ProductApiTest" classname="Tests.Feature.Api.ProductApiTest" assertions="2" time="0.069027"/>
        <testcase name="test_can_search_products_by_name" file="C:\Users\Gaser\Desktop\COPRRA\tests\Feature\Api\ProductApiTest.php" line="27" class="Tests\Feature\Api\ProductApiTest" classname="Tests.Feature.Api.ProductApiTest" assertions="3" time="0.078699"/>
        <testcase name="test_guest_can_list_products" file="C:\Users\Gaser\Desktop\COPRRA\tests\Feature\Api\ProductApiTest.php" line="17" class="Tests\Feature\Api\ProductApiTest" classname="Tests.Feature.Api.ProductApiTest" assertions="2" time="0.070129"/>
        <testcase name="test_product_list_is_paginated" file="C:\Users\Gaser\Desktop\COPRRA\tests\Feature\Api\ProductApiTest.php" line="139" class="Tests\Feature\Api\ProductApiTest" classname="Tests.Feature.Api.ProductApiTest" assertions="4" time="0.108022"/>
        <testcase name="test_can_sort_products_by_price_ascending" file="C:\Users\Gaser\Desktop\COPRRA\tests\Feature\Api\ProductApiTest.php" line="98" class="Tests\Feature\Api\ProductApiTest" classname="Tests.Feature.Api.ProductApiTest" assertions="4" time="0.069378"/>
        <testcase name="test_can_view_single_product" file="C:\Users\Gaser\Desktop\COPRRA\tests\Feature\Api\ProductApiTest.php" line="150" class="Tests\Feature\Api\ProductApiTest" classname="Tests.Feature.Api.ProductApiTest" assertions="3" time="0.109707"/>
        <testcase name="test_can_sort_products_by_price_descending" file="C:\Users\Gaser\Desktop\COPRRA\tests\Feature\Api\ProductApiTest.php" line="113" class="Tests\Feature\Api\ProductApiTest" classname="Tests.Feature.Api.ProductApiTest" assertions="4" time="0.067630"/>
      </testsuite>
      <testsuite name="Tests\Feature\Models\OrderTest" file="C:\Users\Gaser\Desktop\COPRRA\tests\Feature\Models\OrderTest.php" tests="8" assertions="31" errors="0" failures="0" skipped="0" time="0.483547">
        <testcase name="test_order_totals_calculation" file="C:\Users\Gaser\Desktop\COPRRA\tests\Feature\Models\OrderTest.php" line="175" class="Tests\Feature\Models\OrderTest" classname="Tests.Feature.Models.OrderTest" assertions="5" time="0.056950"/>
        <testcase name="test_scope_for_user" file="C:\Users\Gaser\Desktop\COPRRA\tests\Feature\Models\OrderTest.php" line="111" class="Tests\Feature\Models\OrderTest" classname="Tests.Feature.Models.OrderTest" assertions="3" time="0.064201"/>
        <testcase name="test_order_fillable_attributes" file="C:\Users\Gaser\Desktop\COPRRA\tests\Feature\Models\OrderTest.php" line="131" class="Tests\Feature\Models\OrderTest" classname="Tests.Feature.Models.OrderTest" assertions="1" time="0.053968"/>
        <testcase name="test_it_can_create_an_order" file="C:\Users\Gaser\Desktop\COPRRA\tests\Feature\Models\OrderTest.php" line="22" class="Tests\Feature\Models\OrderTest" classname="Tests.Feature.Models.OrderTest" assertions="7" time="0.054739"/>
        <testcase name="test_scope_by_status" file="C:\Users\Gaser\Desktop\COPRRA\tests\Feature\Models\OrderTest.php" line="93" class="Tests\Feature\Models\OrderTest" classname="Tests.Feature.Models.OrderTest" assertions="3" time="0.071050"/>
        <testcase name="test_order_status_transitions" file="C:\Users\Gaser\Desktop\COPRRA\tests\Feature\Models\OrderTest.php" line="159" class="Tests\Feature\Models\OrderTest" classname="Tests.Feature.Models.OrderTest" assertions="3" time="0.059257"/>
        <testcase name="test_order_casts_attributes_correctly" file="C:\Users\Gaser\Desktop\COPRRA\tests\Feature\Models\OrderTest.php" line="74" class="Tests\Feature\Models\OrderTest" classname="Tests.Feature.Models.OrderTest" assertions="5" time="0.057898"/>
        <testcase name="test_order_relationships" file="C:\Users\Gaser\Desktop\COPRRA\tests\Feature\Models\OrderTest.php" line="55" class="Tests\Feature\Models\OrderTest" classname="Tests.Feature.Models.OrderTest" assertions="4" time="0.065483"/>
      </testsuite>
      <testsuite name="Tests\Feature\Models\StoreTest" file="C:\Users\Gaser\Desktop\COPRRA\tests\Feature\Models\StoreTest.php" tests="3" assertions="6" errors="0" failures="0" skipped="0" time="0.214696">
        <testcase name="test_it_has_expected_properties" file="C:\Users\Gaser\Desktop\COPRRA\tests\Feature\Models\StoreTest.php" line="27" class="Tests\Feature\Models\StoreTest" classname="Tests.Feature.Models.StoreTest" assertions="2" time="0.051654"/>
        <testcase name="test_it_can_create_a_store" file="C:\Users\Gaser\Desktop\COPRRA\tests\Feature\Models\StoreTest.php" line="16" class="Tests\Feature\Models\StoreTest" classname="Tests.Feature.Models.StoreTest" assertions="2" time="0.055432"/>
        <testcase name="test_it_can_be_instantiated" file="C:\Users\Gaser\Desktop\COPRRA\tests\Feature\Models\StoreTest.php" line="38" class="Tests\Feature\Models\StoreTest" classname="Tests.Feature.Models.StoreTest" assertions="2" time="0.107610"/>
      </testsuite>
      <testsuite name="Tests\Feature\Services\PasswordHistoryServiceTest" file="C:\Users\Gaser\Desktop\COPRRA\tests\Feature\Services\PasswordHistoryServiceTest.php" tests="7" assertions="7" errors="0" failures="0" skipped="0" time="0.447924">
        <testcase name="test_handles_save_password_history_exception" file="C:\Users\Gaser\Desktop\COPRRA\tests\Feature\Services\PasswordHistoryServiceTest.php" line="132" class="Tests\Feature\Services\PasswordHistoryServiceTest" classname="Tests.Feature.Services.PasswordHistoryServiceTest" assertions="1" time="0.097760"/>
        <testcase name="test_clears_password_history" file="C:\Users\Gaser\Desktop\COPRRA\tests\Feature\Services\PasswordHistoryServiceTest.php" line="94" class="Tests\Feature\Services\PasswordHistoryServiceTest" classname="Tests.Feature.Services.PasswordHistoryServiceTest" assertions="1" time="0.064719"/>
        <testcase name="test_checks_password_not_in_history" file="C:\Users\Gaser\Desktop\COPRRA\tests\Feature\Services\PasswordHistoryServiceTest.php" line="35" class="Tests\Feature\Services\PasswordHistoryServiceTest" classname="Tests.Feature.Services.PasswordHistoryServiceTest" assertions="1" time="0.060754"/>
        <testcase name="test_handles_password_history_check_exception" file="C:\Users\Gaser\Desktop\COPRRA\tests\Feature\Services\PasswordHistoryServiceTest.php" line="113" class="Tests\Feature\Services\PasswordHistoryServiceTest" classname="Tests.Feature.Services.PasswordHistoryServiceTest" assertions="1" time="0.058269"/>
        <testcase name="test_limits_password_history_count" file="C:\Users\Gaser\Desktop\COPRRA\tests\Feature\Services\PasswordHistoryServiceTest.php" line="151" class="Tests\Feature\Services\PasswordHistoryServiceTest" classname="Tests.Feature.Services.PasswordHistoryServiceTest" assertions="1" time="0.054762"/>
        <testcase name="test_saves_password_to_history" file="C:\Users\Gaser\Desktop\COPRRA\tests\Feature\Services\PasswordHistoryServiceTest.php" line="70" class="Tests\Feature\Services\PasswordHistoryServiceTest" classname="Tests.Feature.Services.PasswordHistoryServiceTest" assertions="1" time="0.054149"/>
        <testcase name="test_checks_password_in_history" file="C:\Users\Gaser\Desktop\COPRRA\tests\Feature\Services\PasswordHistoryServiceTest.php" line="52" class="Tests\Feature\Services\PasswordHistoryServiceTest" classname="Tests.Feature.Services.PasswordHistoryServiceTest" assertions="1" time="0.057511"/>
      </testsuite>
      <testsuite name="Tests\Feature\RoutingTest" file="C:\Users\Gaser\Desktop\COPRRA\tests\Feature\RoutingTest.php" tests="3" assertions="3" errors="0" failures="0" skipped="0" time="0.162877">
        <testcase name="test_basic_functionality" file="C:\Users\Gaser\Desktop\COPRRA\tests\Feature\RoutingTest.php" line="18" class="Tests\Feature\RoutingTest" classname="Tests.Feature.RoutingTest" assertions="1" time="0.054071"/>
        <testcase name="test_expected_behavior" file="C:\Users\Gaser\Desktop\COPRRA\tests\Feature\RoutingTest.php" line="25" class="Tests\Feature\RoutingTest" classname="Tests.Feature.RoutingTest" assertions="1" time="0.051441"/>
        <testcase name="test_validation" file="C:\Users\Gaser\Desktop\COPRRA\tests\Feature\RoutingTest.php" line="32" class="Tests\Feature\RoutingTest" classname="Tests.Feature.RoutingTest" assertions="1" time="0.057366"/>
      </testsuite>
      <testsuite name="Tests\Feature\Console\Commands\AgentProposeFixCommandTest" file="C:\Users\Gaser\Desktop\COPRRA\tests\Feature\Console\Commands\AgentProposeFixCommandTest.php" tests="3" assertions="3" errors="0" failures="0" skipped="0" time="0.687805">
        <testcase name="agent_propose_fix_command_runs_successfully_with_style_option" file="C:\Users\Gaser\Desktop\COPRRA\tests\Feature\Console\Commands\AgentProposeFixCommandTest.php" line="17" class="Tests\Feature\Console\Commands\AgentProposeFixCommandTest" classname="Tests.Feature.Console.Commands.AgentProposeFixCommandTest" assertions="1" time="0.114464"/>
        <testcase name="agent_propose_fix_command_handles_unsupported_type" file="C:\Users\Gaser\Desktop\COPRRA\tests\Feature\Console\Commands\AgentProposeFixCommandTest.php" line="31" class="Tests\Feature\Console\Commands\AgentProposeFixCommandTest" classname="Tests.Feature.Console.Commands.AgentProposeFixCommandTest" assertions="1" time="0.508581"/>
        <testcase name="agent_propose_fix_command_runs_successfully_with_analysis_option" file="C:\Users\Gaser\Desktop\COPRRA\tests\Feature\Console\Commands\AgentProposeFixCommandTest.php" line="24" class="Tests\Feature\Console\Commands\AgentProposeFixCommandTest" classname="Tests.Feature.Console.Commands.AgentProposeFixCommandTest" assertions="1" time="0.064760"/>
      </testsuite>
      <testsuite name="Tests\Feature\Models\NotificationTest" file="C:\Users\Gaser\Desktop\COPRRA\tests\Feature\Models\NotificationTest.php" tests="57" assertions="157" errors="0" failures="0" skipped="0" time="4.940231">
        <testcase name="test_is_unread" file="C:\Users\Gaser\Desktop\COPRRA\tests\Feature\Models\NotificationTest.php" line="339" class="Tests\Feature\Models\NotificationTest" classname="Tests.Feature.Models.NotificationTest" assertions="2" time="0.075014"/>
        <testcase name="test_get_status_display_name" file="C:\Users\Gaser\Desktop\COPRRA\tests\Feature\Models\NotificationTest.php" line="425" class="Tests\Feature\Models\NotificationTest" classname="Tests.Feature.Models.NotificationTest" assertions="4" time="0.156375"/>
        <testcase name="test_scope_between_filters_notifications_between_dates" file="C:\Users\Gaser\Desktop\COPRRA\tests\Feature\Models\NotificationTest.php" line="262" class="Tests\Feature\Models\NotificationTest" classname="Tests.Feature.Models.NotificationTest" assertions="2" time="0.203539"/>
        <testcase name="test_add_existing_tag" file="C:\Users\Gaser\Desktop\COPRRA\tests\Feature\Models\NotificationTest.php" line="696" class="Tests\Feature\Models\NotificationTest" classname="Tests.Feature.Models.NotificationTest" assertions="2" time="0.060755"/>
        <testcase name="test_set_tags" file="C:\Users\Gaser\Desktop\COPRRA\tests\Feature\Models\NotificationTest.php" line="674" class="Tests\Feature\Models\NotificationTest" classname="Tests.Feature.Models.NotificationTest" assertions="2" time="0.056174"/>
        <testcase name="test_get_metadata" file="C:\Users\Gaser\Desktop\COPRRA\tests\Feature\Models\NotificationTest.php" line="647" class="Tests\Feature\Models\NotificationTest" classname="Tests.Feature.Models.NotificationTest" assertions="1" time="0.074883"/>
        <testcase name="test_is_sent" file="C:\Users\Gaser\Desktop\COPRRA\tests\Feature\Models\NotificationTest.php" line="349" class="Tests\Feature\Models\NotificationTest" classname="Tests.Feature.Models.NotificationTest" assertions="2" time="0.065172"/>
        <testcase name="test_has_tag" file="C:\Users\Gaser\Desktop\COPRRA\tests\Feature\Models\NotificationTest.php" line="718" class="Tests\Feature\Models\NotificationTest" classname="Tests.Feature.Models.NotificationTest" assertions="3" time="0.081041"/>
        <testcase name="test_scope_unread_filters_unread_notifications" file="C:\Users\Gaser\Desktop\COPRRA\tests\Feature\Models\NotificationTest.php" line="96" class="Tests\Feature\Models\NotificationTest" classname="Tests.Feature.Models.NotificationTest" assertions="2" time="0.188254"/>
        <testcase name="test_can_retry" file="C:\Users\Gaser\Desktop\COPRRA\tests\Feature\Models\NotificationTest.php" line="625" class="Tests\Feature\Models\NotificationTest" classname="Tests.Feature.Models.NotificationTest" assertions="3" time="0.068084"/>
        <testcase name="test_get_expiration_date" file="C:\Users\Gaser\Desktop\COPRRA\tests\Feature\Models\NotificationTest.php" line="575" class="Tests\Feature\Models\NotificationTest" classname="Tests.Feature.Models.NotificationTest" assertions="2" time="0.061306"/>
        <testcase name="test_get_icon" file="C:\Users\Gaser\Desktop\COPRRA\tests\Feature\Models\NotificationTest.php" line="492" class="Tests\Feature\Models\NotificationTest" classname="Tests.Feature.Models.NotificationTest" assertions="4" time="0.066002"/>
        <testcase name="test_get_time_ago" file="C:\Users\Gaser\Desktop\COPRRA\tests\Feature\Models\NotificationTest.php" line="439" class="Tests\Feature\Models\NotificationTest" classname="Tests.Feature.Models.NotificationTest" assertions="1" time="0.309221"/>
        <testcase name="test_get_url" file="C:\Users\Gaser\Desktop\COPRRA\tests\Feature\Models\NotificationTest.php" line="545" class="Tests\Feature\Models\NotificationTest" classname="Tests.Feature.Models.NotificationTest" assertions="2" time="0.061405"/>
        <testcase name="test_hidden_attributes" file="C:\Users\Gaser\Desktop\COPRRA\tests\Feature\Models\NotificationTest.php" line="760" class="Tests\Feature\Models\NotificationTest" classname="Tests.Feature.Models.NotificationTest" assertions="1" time="0.054365"/>
        <testcase name="test_set_data" file="C:\Users\Gaser\Desktop\COPRRA\tests\Feature\Models\NotificationTest.php" line="481" class="Tests\Feature\Models\NotificationTest" classname="Tests.Feature.Models.NotificationTest" assertions="2" time="0.057926"/>
        <testcase name="test_scope_read_filters_read_notifications" file="C:\Users\Gaser\Desktop\COPRRA\tests\Feature\Models\NotificationTest.php" line="109" class="Tests\Feature\Models\NotificationTest" classname="Tests.Feature.Models.NotificationTest" assertions="2" time="0.064016"/>
        <testcase name="test_increment_retry_count" file="C:\Users\Gaser\Desktop\COPRRA\tests\Feature\Models\NotificationTest.php" line="614" class="Tests\Feature\Models\NotificationTest" classname="Tests.Feature.Models.NotificationTest" assertions="2" time="0.058917"/>
        <testcase name="test_mark_as_sent" file="C:\Users\Gaser\Desktop\COPRRA\tests\Feature\Models\NotificationTest.php" line="305" class="Tests\Feature\Models\NotificationTest" classname="Tests.Feature.Models.NotificationTest" assertions="3" time="0.064389"/>
        <testcase name="test_get_retry_count" file="C:\Users\Gaser\Desktop\COPRRA\tests\Feature\Models\NotificationTest.php" line="604" class="Tests\Feature\Models\NotificationTest" classname="Tests.Feature.Models.NotificationTest" assertions="2" time="0.064101"/>
        <testcase name="test_get_channel_display_name" file="C:\Users\Gaser\Desktop\COPRRA\tests\Feature\Models\NotificationTest.php" line="411" class="Tests\Feature\Models\NotificationTest" classname="Tests.Feature.Models.NotificationTest" assertions="4" time="0.065364"/>
        <testcase name="test_get_action_text" file="C:\Users\Gaser\Desktop\COPRRA\tests\Feature\Models\NotificationTest.php" line="555" class="Tests\Feature\Models\NotificationTest" classname="Tests.Feature.Models.NotificationTest" assertions="2" time="0.061171"/>
        <testcase name="test_scope_failed_filters_failed_notifications" file="C:\Users\Gaser\Desktop\COPRRA\tests\Feature\Models\NotificationTest.php" line="196" class="Tests\Feature\Models\NotificationTest" classname="Tests.Feature.Models.NotificationTest" assertions="2" time="0.068681"/>
        <testcase name="test_get_priority_level" file="C:\Users\Gaser\Desktop\COPRRA\tests\Feature\Models\NotificationTest.php" line="381" class="Tests\Feature\Models\NotificationTest" classname="Tests.Feature.Models.NotificationTest" assertions="5" time="0.070067"/>
        <testcase name="test_has_action" file="C:\Users\Gaser\Desktop\COPRRA\tests\Feature\Models\NotificationTest.php" line="565" class="Tests\Feature\Models\NotificationTest" classname="Tests.Feature.Models.NotificationTest" assertions="2" time="0.061084"/>
        <testcase name="test_scope_of_priority_filters_by_priority" file="C:\Users\Gaser\Desktop\COPRRA\tests\Feature\Models\NotificationTest.php" line="138" class="Tests\Feature\Models\NotificationTest" classname="Tests.Feature.Models.NotificationTest" assertions="4" time="0.061583"/>
        <testcase name="test_get_sent_time_ago" file="C:\Users\Gaser\Desktop\COPRRA\tests\Feature\Models\NotificationTest.php" line="457" class="Tests\Feature\Models\NotificationTest" classname="Tests.Feature.Models.NotificationTest" assertions="2" time="0.326754"/>
        <testcase name="test_is_failed" file="C:\Users\Gaser\Desktop\COPRRA\tests\Feature\Models\NotificationTest.php" line="371" class="Tests\Feature\Models\NotificationTest" classname="Tests.Feature.Models.NotificationTest" assertions="2" time="0.062543"/>
        <testcase name="test_mark_as_read" file="C:\Users\Gaser\Desktop\COPRRA\tests\Feature\Models\NotificationTest.php" line="283" class="Tests\Feature\Models\NotificationTest" classname="Tests.Feature.Models.NotificationTest" assertions="2" time="0.062809"/>
        <testcase name="test_get_color" file="C:\Users\Gaser\Desktop\COPRRA\tests\Feature\Models\NotificationTest.php" line="506" class="Tests\Feature\Models\NotificationTest" classname="Tests.Feature.Models.NotificationTest" assertions="4" time="0.071114"/>
        <testcase name="test_get_summary" file="C:\Users\Gaser\Desktop\COPRRA\tests\Feature\Models\NotificationTest.php" line="534" class="Tests\Feature\Models\NotificationTest" classname="Tests.Feature.Models.NotificationTest" assertions="3" time="0.058670"/>
        <testcase name="test_get_tags" file="C:\Users\Gaser\Desktop\COPRRA\tests\Feature\Models\NotificationTest.php" line="666" class="Tests\Feature\Models\NotificationTest" classname="Tests.Feature.Models.NotificationTest" assertions="1" time="0.058019"/>
        <testcase name="test_is_read" file="C:\Users\Gaser\Desktop\COPRRA\tests\Feature\Models\NotificationTest.php" line="329" class="Tests\Feature\Models\NotificationTest" classname="Tests.Feature.Models.NotificationTest" assertions="2" time="0.059098"/>
        <testcase name="test_it_casts_attributes_correctly" file="C:\Users\Gaser\Desktop\COPRRA\tests\Feature\Models\NotificationTest.php" line="64" class="Tests\Feature\Models\NotificationTest" classname="Tests.Feature.Models.NotificationTest" assertions="6" time="0.063850"/>
        <testcase name="test_is_expired" file="C:\Users\Gaser\Desktop\COPRRA\tests\Feature\Models\NotificationTest.php" line="588" class="Tests\Feature\Models\NotificationTest" classname="Tests.Feature.Models.NotificationTest" assertions="2" time="0.074220"/>
        <testcase name="test_factory_creates_valid_notification" file="C:\Users\Gaser\Desktop\COPRRA\tests\Feature\Models\NotificationTest.php" line="728" class="Tests\Feature\Models\NotificationTest" classname="Tests.Feature.Models.NotificationTest" assertions="4" time="0.081016"/>
        <testcase name="test_scope_before_filters_notifications_before_date" file="C:\Users\Gaser\Desktop\COPRRA\tests\Feature\Models\NotificationTest.php" line="245" class="Tests\Feature\Models\NotificationTest" classname="Tests.Feature.Models.NotificationTest" assertions="2" time="0.074757"/>
        <testcase name="test_scope_of_type_filters_by_type" file="C:\Users\Gaser\Desktop\COPRRA\tests\Feature\Models\NotificationTest.php" line="122" class="Tests\Feature\Models\NotificationTest" classname="Tests.Feature.Models.NotificationTest" assertions="4" time="0.068836"/>
        <testcase name="test_get_data" file="C:\Users\Gaser\Desktop\COPRRA\tests\Feature\Models\NotificationTest.php" line="467" class="Tests\Feature\Models\NotificationTest" classname="Tests.Feature.Models.NotificationTest" assertions="5" time="0.060056"/>
        <testcase name="test_add_tag" file="C:\Users\Gaser\Desktop\COPRRA\tests\Feature\Models\NotificationTest.php" line="685" class="Tests\Feature\Models\NotificationTest" classname="Tests.Feature.Models.NotificationTest" assertions="2" time="0.061944"/>
        <testcase name="test_get_read_time_ago" file="C:\Users\Gaser\Desktop\COPRRA\tests\Feature\Models\NotificationTest.php" line="447" class="Tests\Feature\Models\NotificationTest" classname="Tests.Feature.Models.NotificationTest" assertions="2" time="0.348183"/>
        <testcase name="test_scope_of_status_filters_by_status" file="C:\Users\Gaser\Desktop\COPRRA\tests\Feature\Models\NotificationTest.php" line="154" class="Tests\Feature\Models\NotificationTest" classname="Tests.Feature.Models.NotificationTest" assertions="4" time="0.081290"/>
        <testcase name="test_set_metadata" file="C:\Users\Gaser\Desktop\COPRRA\tests\Feature\Models\NotificationTest.php" line="655" class="Tests\Feature\Models\NotificationTest" classname="Tests.Feature.Models.NotificationTest" assertions="2" time="0.063895"/>
        <testcase name="test_get_type_display_name" file="C:\Users\Gaser\Desktop\COPRRA\tests\Feature\Models\NotificationTest.php" line="397" class="Tests\Feature\Models\NotificationTest" classname="Tests.Feature.Models.NotificationTest" assertions="4" time="0.083695"/>
        <testcase name="test_remove_tag" file="C:\Users\Gaser\Desktop\COPRRA\tests\Feature\Models\NotificationTest.php" line="707" class="Tests\Feature\Models\NotificationTest" classname="Tests.Feature.Models.NotificationTest" assertions="2" time="0.059725"/>
        <testcase name="test_mark_as_failed" file="C:\Users\Gaser\Desktop\COPRRA\tests\Feature\Models\NotificationTest.php" line="317" class="Tests\Feature\Models\NotificationTest" classname="Tests.Feature.Models.NotificationTest" assertions="3" time="0.058218"/>
        <testcase name="test_mark_as_unread" file="C:\Users\Gaser\Desktop\COPRRA\tests\Feature\Models\NotificationTest.php" line="294" class="Tests\Feature\Models\NotificationTest" classname="Tests.Feature.Models.NotificationTest" assertions="2" time="0.056370"/>
        <testcase name="test_get_failure_reason" file="C:\Users\Gaser\Desktop\COPRRA\tests\Feature\Models\NotificationTest.php" line="637" class="Tests\Feature\Models\NotificationTest" classname="Tests.Feature.Models.NotificationTest" assertions="2" time="0.065179"/>
        <testcase name="test_fillable_attributes" file="C:\Users\Gaser\Desktop\COPRRA\tests\Feature\Models\NotificationTest.php" line="739" class="Tests\Feature\Models\NotificationTest" classname="Tests.Feature.Models.NotificationTest" assertions="1" time="0.052443"/>
        <testcase name="test_scope_for_user_filters_by_user_id" file="C:\Users\Gaser\Desktop\COPRRA\tests\Feature\Models\NotificationTest.php" line="209" class="Tests\Feature\Models\NotificationTest" classname="Tests.Feature.Models.NotificationTest" assertions="4" time="0.062586"/>
        <testcase name="test_scope_sent_filters_sent_notifications" file="C:\Users\Gaser\Desktop\COPRRA\tests\Feature\Models\NotificationTest.php" line="170" class="Tests\Feature\Models\NotificationTest" classname="Tests.Feature.Models.NotificationTest" assertions="2" time="0.062392"/>
        <testcase name="test_scope_pending_filters_pending_notifications" file="C:\Users\Gaser\Desktop\COPRRA\tests\Feature\Models\NotificationTest.php" line="183" class="Tests\Feature\Models\NotificationTest" classname="Tests.Feature.Models.NotificationTest" assertions="2" time="0.063043"/>
        <testcase name="test_scope_after_filters_notifications_after_date" file="C:\Users\Gaser\Desktop\COPRRA\tests\Feature\Models\NotificationTest.php" line="228" class="Tests\Feature\Models\NotificationTest" classname="Tests.Feature.Models.NotificationTest" assertions="2" time="0.130388"/>
        <testcase name="test_get_badge_text" file="C:\Users\Gaser\Desktop\COPRRA\tests\Feature\Models\NotificationTest.php" line="520" class="Tests\Feature\Models\NotificationTest" classname="Tests.Feature.Models.NotificationTest" assertions="4" time="0.074039"/>
        <testcase name="test_it_can_create_a_notification" file="C:\Users\Gaser\Desktop\COPRRA\tests\Feature\Models\NotificationTest.php" line="23" class="Tests\Feature\Models\NotificationTest" classname="Tests.Feature.Models.NotificationTest" assertions="12" time="0.063756"/>
        <testcase name="test_is_pending" file="C:\Users\Gaser\Desktop\COPRRA\tests\Feature\Models\NotificationTest.php" line="359" class="Tests\Feature\Models\NotificationTest" classname="Tests.Feature.Models.NotificationTest" assertions="3" time="0.074926"/>
        <testcase name="test_it_belongs_to_user" file="C:\Users\Gaser\Desktop\COPRRA\tests\Feature\Models\NotificationTest.php" line="86" class="Tests\Feature\Models\NotificationTest" classname="Tests.Feature.Models.NotificationTest" assertions="2" time="0.077531"/>
      </testsuite>
      <testsuite name="Tests\Feature\EmailSendingTest" file="C:\Users\Gaser\Desktop\COPRRA\tests\Feature\EmailSendingTest.php" tests="3" assertions="3" errors="0" failures="0" skipped="0" time="0.178545">
        <testcase name="test_validation" file="C:\Users\Gaser\Desktop\COPRRA\tests\Feature\EmailSendingTest.php" line="32" class="Tests\Feature\EmailSendingTest" classname="Tests.Feature.EmailSendingTest" assertions="1" time="0.069392"/>
        <testcase name="test_expected_behavior" file="C:\Users\Gaser\Desktop\COPRRA\tests\Feature\EmailSendingTest.php" line="25" class="Tests\Feature\EmailSendingTest" classname="Tests.Feature.EmailSendingTest" assertions="1" time="0.055218"/>
        <testcase name="test_basic_functionality" file="C:\Users\Gaser\Desktop\COPRRA\tests\Feature\EmailSendingTest.php" line="18" class="Tests\Feature\EmailSendingTest" classname="Tests.Feature.EmailSendingTest" assertions="1" time="0.053935"/>
      </testsuite>
      <testsuite name="Tests\Feature\Http\Controllers\BackupControllerTest" file="C:\Users\Gaser\Desktop\COPRRA\tests\Feature\Http\Controllers\BackupControllerTest.php" tests="2" assertions="2" errors="0" failures="0" skipped="0" time="1.764492">
        <testcase name="it_can_get_backups_list" file="C:\Users\Gaser\Desktop\COPRRA\tests\Feature\Http\Controllers\BackupControllerTest.php" line="23" class="Tests\Feature\Http\Controllers\BackupControllerTest" classname="Tests.Feature.Http.Controllers.BackupControllerTest" assertions="1" time="0.855934"/>
        <testcase name="it_can_create_full_backup" file="C:\Users\Gaser\Desktop\COPRRA\tests\Feature\Http\Controllers\BackupControllerTest.php" line="32" class="Tests\Feature\Http\Controllers\BackupControllerTest" classname="Tests.Feature.Http.Controllers.BackupControllerTest" assertions="1" time="0.908558"/>
      </testsuite>
      <testsuite name="Tests\Feature\Http\Controllers\ReportControllerTest" file="C:\Users\Gaser\Desktop\COPRRA\tests\Feature\Http\Controllers\ReportControllerTest.php" tests="5" assertions="5" errors="0" failures="0" skipped="0" time="4.576043">
        <testcase name="it_can_generate_product_performance_report" file="C:\Users\Gaser\Desktop\COPRRA\tests\Feature\Http\Controllers\ReportControllerTest.php" line="23" class="Tests\Feature\Http\Controllers\ReportControllerTest" classname="Tests.Feature.Http.Controllers.ReportControllerTest" assertions="1" time="0.889788"/>
        <testcase name="it_can_generate_sales_report" file="C:\Users\Gaser\Desktop\COPRRA\tests\Feature\Http\Controllers\ReportControllerTest.php" line="39" class="Tests\Feature\Http\Controllers\ReportControllerTest" classname="Tests.Feature.Http.Controllers.ReportControllerTest" assertions="1" time="0.996099"/>
        <testcase name="it_can_get_engagement_metrics" file="C:\Users\Gaser\Desktop\COPRRA\tests\Feature\Http\Controllers\ReportControllerTest.php" line="55" class="Tests\Feature\Http\Controllers\ReportControllerTest" classname="Tests.Feature.Http.Controllers.ReportControllerTest" assertions="1" time="0.955999"/>
        <testcase name="it_can_generate_user_activity_report" file="C:\Users\Gaser\Desktop\COPRRA\tests\Feature\Http\Controllers\ReportControllerTest.php" line="31" class="Tests\Feature\Http\Controllers\ReportControllerTest" classname="Tests.Feature.Http.Controllers.ReportControllerTest" assertions="1" time="0.894834"/>
        <testcase name="it_can_get_system_overview" file="C:\Users\Gaser\Desktop\COPRRA\tests\Feature\Http\Controllers\ReportControllerTest.php" line="47" class="Tests\Feature\Http\Controllers\ReportControllerTest" classname="Tests.Feature.Http.Controllers.ReportControllerTest" assertions="1" time="0.839322"/>
      </testsuite>
      <testsuite name="Tests\Feature\Http\Controllers\ReviewControllerTest" file="C:\Users\Gaser\Desktop\COPRRA\tests\Feature\Http\Controllers\ReviewControllerTest.php" tests="4" assertions="4" errors="0" failures="0" skipped="0" time="3.656330">
        <testcase name="expected_behavior" file="C:\Users\Gaser\Desktop\COPRRA\tests\Feature\Http\Controllers\ReviewControllerTest.php" line="31" class="Tests\Feature\Http\Controllers\ReviewControllerTest" classname="Tests.Feature.Http.Controllers.ReviewControllerTest" assertions="1" time="0.848314"/>
        <testcase name="store_review_validation_success" file="C:\Users\Gaser\Desktop\COPRRA\tests\Feature\Http\Controllers\ReviewControllerTest.php" line="47" class="Tests\Feature\Http\Controllers\ReviewControllerTest" classname="Tests.Feature.Http.Controllers.ReviewControllerTest" assertions="1" time="0.948675"/>
        <testcase name="validation" file="C:\Users\Gaser\Desktop\COPRRA\tests\Feature\Http\Controllers\ReviewControllerTest.php" line="39" class="Tests\Feature\Http\Controllers\ReviewControllerTest" classname="Tests.Feature.Http.Controllers.ReviewControllerTest" assertions="1" time="0.904996"/>
        <testcase name="basic_functionality" file="C:\Users\Gaser\Desktop\COPRRA\tests\Feature\Http\Controllers\ReviewControllerTest.php" line="23" class="Tests\Feature\Http\Controllers\ReviewControllerTest" classname="Tests.Feature.Http.Controllers.ReviewControllerTest" assertions="1" time="0.954345"/>
      </testsuite>
      <testsuite name="Tests\Feature\Http\Middleware\TrimStringsTest" file="C:\Users\Gaser\Desktop\COPRRA\tests\Feature\Http\Middleware\TrimStringsTest.php" tests="5" assertions="19" errors="0" failures="0" skipped="0" time="0.309145">
        <testcase name="test_trim_strings_middleware_trims_string_input" file="C:\Users\Gaser\Desktop\COPRRA\tests\Feature\Http\Middleware\TrimStringsTest.php" line="18" class="Tests\Feature\Http\Middleware\TrimStringsTest" classname="Tests.Feature.Http.Middleware.TrimStringsTest" assertions="4" time="0.068408"/>
        <testcase name="test_trim_strings_middleware_handles_empty_strings" file="C:\Users\Gaser\Desktop\COPRRA\tests\Feature\Http\Middleware\TrimStringsTest.php" line="81" class="Tests\Feature\Http\Middleware\TrimStringsTest" classname="Tests.Feature.Http.Middleware.TrimStringsTest" assertions="4" time="0.060443"/>
        <testcase name="test_trim_strings_middleware_handles_nested_arrays" file="C:\Users\Gaser\Desktop\COPRRA\tests\Feature\Http\Middleware\TrimStringsTest.php" line="56" class="Tests\Feature\Http\Middleware\TrimStringsTest" classname="Tests.Feature.Http.Middleware.TrimStringsTest" assertions="5" time="0.060239"/>
        <testcase name="test_trim_strings_middleware_does_not_trim_non_string_input" file="C:\Users\Gaser\Desktop\COPRRA\tests\Feature\Http\Middleware\TrimStringsTest.php" line="37" class="Tests\Feature\Http\Middleware\TrimStringsTest" classname="Tests.Feature.Http.Middleware.TrimStringsTest" assertions="4" time="0.052411"/>
        <testcase name="test_trim_strings_middleware_passes_request_to_next_middleware" file="C:\Users\Gaser\Desktop\COPRRA\tests\Feature\Http\Middleware\TrimStringsTest.php" line="100" class="Tests\Feature\Http\Middleware\TrimStringsTest" classname="Tests.Feature.Http.Middleware.TrimStringsTest" assertions="2" time="0.067644"/>
      </testsuite>
      <testsuite name="Tests\Feature\Http\Controllers\Api\PriceSearchControllerTest" file="C:\Users\Gaser\Desktop\COPRRA\tests\Feature\Http\Controllers\Api\PriceSearchControllerTest.php" tests="30" assertions="150" errors="0" failures="0" skipped="0" time="1.999919">
        <testcase name="test_returns_all_products_when_no_parameters_provided" file="C:\Users\Gaser\Desktop\COPRRA\tests\Feature\Http\Controllers\Api\PriceSearchControllerTest.php" line="141" class="Tests\Feature\Http\Controllers\Api\PriceSearchControllerTest" classname="Tests.Feature.Http.Controllers.Api.PriceSearchControllerTest" assertions="8" time="0.062172"/>
        <testcase name="test_returns_404_when_no_products_exist" file="C:\Users\Gaser\Desktop\COPRRA\tests\Feature\Http\Controllers\Api\PriceSearchControllerTest.php" line="159" class="Tests\Feature\Http\Controllers\Api\PriceSearchControllerTest" classname="Tests.Feature.Http.Controllers.Api.PriceSearchControllerTest" assertions="2" time="0.062204"/>
        <testcase name="test_can_search_products_with_query_parameter" file="C:\Users\Gaser\Desktop\COPRRA\tests\Feature\Http\Controllers\Api\PriceSearchControllerTest.php" line="205" class="Tests\Feature\Http\Controllers\Api\PriceSearchControllerTest" classname="Tests.Feature.Http.Controllers.Api.PriceSearchControllerTest" assertions="6" time="0.064227"/>
        <testcase name="test_returns_404_when_no_offers_available" file="C:\Users\Gaser\Desktop\COPRRA\tests\Feature\Http\Controllers\Api\PriceSearchControllerTest.php" line="125" class="Tests\Feature\Http\Controllers\Api\PriceSearchControllerTest" classname="Tests.Feature.Http.Controllers.Api.PriceSearchControllerTest" assertions="2" time="0.062821"/>
        <testcase name="test_handles_search_with_tabs_and_newlines" file="C:\Users\Gaser\Desktop\COPRRA\tests\Feature\Http\Controllers\Api\PriceSearchControllerTest.php" line="425" class="Tests\Feature\Http\Controllers\Api\PriceSearchControllerTest" classname="Tests.Feature.Http.Controllers.Api.PriceSearchControllerTest" assertions="2" time="0.059252"/>
        <testcase name="test_handles_search_with_special_characters" file="C:\Users\Gaser\Desktop\COPRRA\tests\Feature\Http\Controllers\Api\PriceSearchControllerTest.php" line="263" class="Tests\Feature\Http\Controllers\Api\PriceSearchControllerTest" classname="Tests.Feature.Http.Controllers.Api.PriceSearchControllerTest" assertions="6" time="0.059873"/>
        <testcase name="test_returns_400_when_search_query_is_missing" file="C:\Users\Gaser\Desktop\COPRRA\tests\Feature\Http\Controllers\Api\PriceSearchControllerTest.php" line="253" class="Tests\Feature\Http\Controllers\Api\PriceSearchControllerTest" classname="Tests.Feature.Http.Controllers.Api.PriceSearchControllerTest" assertions="2" time="0.060036"/>
        <testcase name="test_handles_search_with_xss_attempt" file="C:\Users\Gaser\Desktop\COPRRA\tests\Feature\Http\Controllers\Api\PriceSearchControllerTest.php" line="295" class="Tests\Feature\Http\Controllers\Api\PriceSearchControllerTest" classname="Tests.Feature.Http.Controllers.Api.PriceSearchControllerTest" assertions="6" time="0.065858"/>
        <testcase name="test_can_get_best_offer_by_product_name" file="C:\Users\Gaser\Desktop\COPRRA\tests\Feature\Http\Controllers\Api\PriceSearchControllerTest.php" line="79" class="Tests\Feature\Http\Controllers\Api\PriceSearchControllerTest" classname="Tests.Feature.Http.Controllers.Api.PriceSearchControllerTest" assertions="9" time="0.067646"/>
        <testcase name="test_handles_search_with_whitespace_only" file="C:\Users\Gaser\Desktop\COPRRA\tests\Feature\Http\Controllers\Api\PriceSearchControllerTest.php" line="413" class="Tests\Feature\Http\Controllers\Api\PriceSearchControllerTest" classname="Tests.Feature.Http.Controllers.Api.PriceSearchControllerTest" assertions="2" time="0.058342"/>
        <testcase name="test_handles_search_with_numbers" file="C:\Users\Gaser\Desktop\COPRRA\tests\Feature\Http\Controllers\Api\PriceSearchControllerTest.php" line="361" class="Tests\Feature\Http\Controllers\Api\PriceSearchControllerTest" classname="Tests.Feature.Http.Controllers.Api.PriceSearchControllerTest" assertions="6" time="0.116025"/>
        <testcase name="test_handles_search_with_multiple_words" file="C:\Users\Gaser\Desktop\COPRRA\tests\Feature\Http\Controllers\Api\PriceSearchControllerTest.php" line="345" class="Tests\Feature\Http\Controllers\Api\PriceSearchControllerTest" classname="Tests.Feature.Http.Controllers.Api.PriceSearchControllerTest" assertions="6" time="0.058924"/>
        <testcase name="test_can_search_products" file="C:\Users\Gaser\Desktop\COPRRA\tests\Feature\Http\Controllers\Api\PriceSearchControllerTest.php" line="187" class="Tests\Feature\Http\Controllers\Api\PriceSearchControllerTest" classname="Tests.Feature.Http.Controllers.Api.PriceSearchControllerTest" assertions="6" time="0.065273"/>
        <testcase name="test_handles_search_with_array_parameter" file="C:\Users\Gaser\Desktop\COPRRA\tests\Feature\Http\Controllers\Api\PriceSearchControllerTest.php" line="449" class="Tests\Feature\Http\Controllers\Api\PriceSearchControllerTest" classname="Tests.Feature.Http.Controllers.Api.PriceSearchControllerTest" assertions="2" time="0.064090"/>
        <testcase name="test_handles_search_with_boolean_parameter" file="C:\Users\Gaser\Desktop\COPRRA\tests\Feature\Http\Controllers\Api\PriceSearchControllerTest.php" line="473" class="Tests\Feature\Http\Controllers\Api\PriceSearchControllerTest" classname="Tests.Feature.Http.Controllers.Api.PriceSearchControllerTest" assertions="2" time="0.058006"/>
        <testcase name="test_handles_search_with_float_parameter" file="C:\Users\Gaser\Desktop\COPRRA\tests\Feature\Http\Controllers\Api\PriceSearchControllerTest.php" line="501" class="Tests\Feature\Http\Controllers\Api\PriceSearchControllerTest" classname="Tests.Feature.Http.Controllers.Api.PriceSearchControllerTest" assertions="6" time="0.062496"/>
        <testcase name="test_returns_404_for_nonexistent_product_by_id" file="C:\Users\Gaser\Desktop\COPRRA\tests\Feature\Http\Controllers\Api\PriceSearchControllerTest.php" line="101" class="Tests\Feature\Http\Controllers\Api\PriceSearchControllerTest" classname="Tests.Feature.Http.Controllers.Api.PriceSearchControllerTest" assertions="2" time="0.059925"/>
        <testcase name="test_handles_search_with_object_parameter" file="C:\Users\Gaser\Desktop\COPRRA\tests\Feature\Http\Controllers\Api\PriceSearchControllerTest.php" line="461" class="Tests\Feature\Http\Controllers\Api\PriceSearchControllerTest" classname="Tests.Feature.Http.Controllers.Api.PriceSearchControllerTest" assertions="2" time="0.058872"/>
        <testcase name="test_handles_search_with_empty_results" file="C:\Users\Gaser\Desktop\COPRRA\tests\Feature\Http\Controllers\Api\PriceSearchControllerTest.php" line="393" class="Tests\Feature\Http\Controllers\Api\PriceSearchControllerTest" classname="Tests.Feature.Http.Controllers.Api.PriceSearchControllerTest" assertions="8" time="0.068603"/>
        <testcase name="test_returns_404_for_nonexistent_product_by_name" file="C:\Users\Gaser\Desktop\COPRRA\tests\Feature\Http\Controllers\Api\PriceSearchControllerTest.php" line="113" class="Tests\Feature\Http\Controllers\Api\PriceSearchControllerTest" classname="Tests.Feature.Http.Controllers.Api.PriceSearchControllerTest" assertions="2" time="0.059401"/>
        <testcase name="test_handles_search_with_unicode_characters" file="C:\Users\Gaser\Desktop\COPRRA\tests\Feature\Http\Controllers\Api\PriceSearchControllerTest.php" line="329" class="Tests\Feature\Http\Controllers\Api\PriceSearchControllerTest" classname="Tests.Feature.Http.Controllers.Api.PriceSearchControllerTest" assertions="6" time="0.062235"/>
        <testcase name="test_handles_search_with_very_long_query" file="C:\Users\Gaser\Desktop\COPRRA\tests\Feature\Http\Controllers\Api\PriceSearchControllerTest.php" line="311" class="Tests\Feature\Http\Controllers\Api\PriceSearchControllerTest" classname="Tests.Feature.Http.Controllers.Api.PriceSearchControllerTest" assertions="6" time="0.098572"/>
        <testcase name="test_handles_search_with_null_parameter" file="C:\Users\Gaser\Desktop\COPRRA\tests\Feature\Http\Controllers\Api\PriceSearchControllerTest.php" line="437" class="Tests\Feature\Http\Controllers\Api\PriceSearchControllerTest" classname="Tests.Feature.Http.Controllers.Api.PriceSearchControllerTest" assertions="2" time="0.063967"/>
        <testcase name="test_handles_search_with_mixed_content" file="C:\Users\Gaser\Desktop\COPRRA\tests\Feature\Http\Controllers\Api\PriceSearchControllerTest.php" line="377" class="Tests\Feature\Http\Controllers\Api\PriceSearchControllerTest" classname="Tests.Feature.Http.Controllers.Api.PriceSearchControllerTest" assertions="6" time="0.073285"/>
        <testcase name="test_can_get_best_offer_by_product_id" file="C:\Users\Gaser\Desktop\COPRRA\tests\Feature\Http\Controllers\Api\PriceSearchControllerTest.php" line="47" class="Tests\Feature\Http\Controllers\Api\PriceSearchControllerTest" classname="Tests.Feature.Http.Controllers.Api.PriceSearchControllerTest" assertions="17" time="0.068174"/>
        <testcase name="test_can_search_products_with_name_parameter" file="C:\Users\Gaser\Desktop\COPRRA\tests\Feature\Http\Controllers\Api\PriceSearchControllerTest.php" line="223" class="Tests\Feature\Http\Controllers\Api\PriceSearchControllerTest" classname="Tests.Feature.Http.Controllers.Api.PriceSearchControllerTest" assertions="6" time="0.063449"/>
        <testcase name="test_can_get_supported_stores" file="C:\Users\Gaser\Desktop\COPRRA\tests\Feature\Http\Controllers\Api\PriceSearchControllerTest.php" line="172" class="Tests\Feature\Http\Controllers\Api\PriceSearchControllerTest" classname="Tests.Feature.Http.Controllers.Api.PriceSearchControllerTest" assertions="6" time="0.060884"/>
        <testcase name="test_returns_400_when_search_query_is_empty" file="C:\Users\Gaser\Desktop\COPRRA\tests\Feature\Http\Controllers\Api\PriceSearchControllerTest.php" line="241" class="Tests\Feature\Http\Controllers\Api\PriceSearchControllerTest" classname="Tests.Feature.Http.Controllers.Api.PriceSearchControllerTest" assertions="2" time="0.060217"/>
        <testcase name="test_handles_search_with_sql_injection_attempt" file="C:\Users\Gaser\Desktop\COPRRA\tests\Feature\Http\Controllers\Api\PriceSearchControllerTest.php" line="279" class="Tests\Feature\Http\Controllers\Api\PriceSearchControllerTest" classname="Tests.Feature.Http.Controllers.Api.PriceSearchControllerTest" assertions="6" time="0.079379"/>
        <testcase name="test_handles_search_with_numeric_parameter" file="C:\Users\Gaser\Desktop\COPRRA\tests\Feature\Http\Controllers\Api\PriceSearchControllerTest.php" line="485" class="Tests\Feature\Http\Controllers\Api\PriceSearchControllerTest" classname="Tests.Feature.Http.Controllers.Api.PriceSearchControllerTest" assertions="6" time="0.075714"/>
      </testsuite>
      <testsuite name="Tests\Feature\Services\FileCleanupServiceTest" file="C:\Users\Gaser\Desktop\COPRRA\tests\Feature\Services\FileCleanupServiceTest.php" tests="13" assertions="61" errors="0" failures="0" skipped="0" time="3.327259">
        <testcase name="test_cleans_up_backup_files" file="C:\Users\Gaser\Desktop\COPRRA\tests\Feature\Services\FileCleanupServiceTest.php" line="235" class="Tests\Feature\Services\FileCleanupServiceTest" classname="Tests.Feature.Services.FileCleanupServiceTest" assertions="6" time="0.070846"/>
        <testcase name="test_cleans_up_cache_files" file="C:\Users\Gaser\Desktop\COPRRA\tests\Feature\Services\FileCleanupServiceTest.php" line="176" class="Tests\Feature\Services\FileCleanupServiceTest" classname="Tests.Feature.Services.FileCleanupServiceTest" assertions="6" time="0.119805"/>
        <testcase name="test_handles_log_files_cleanup_exception" file="C:\Users\Gaser\Desktop\COPRRA\tests\Feature\Services\FileCleanupServiceTest.php" line="155" class="Tests\Feature\Services\FileCleanupServiceTest" classname="Tests.Feature.Services.FileCleanupServiceTest" assertions="2" time="0.208380"/>
        <testcase name="test_cleans_up_temp_files" file="C:\Users\Gaser\Desktop\COPRRA\tests\Feature\Services\FileCleanupServiceTest.php" line="34" class="Tests\Feature\Services\FileCleanupServiceTest" classname="Tests.Feature.Services.FileCleanupServiceTest" assertions="6" time="0.187927"/>
        <testcase name="test_handles_temp_files_cleanup_exception" file="C:\Users\Gaser\Desktop\COPRRA\tests\Feature\Services\FileCleanupServiceTest.php" line="91" class="Tests\Feature\Services\FileCleanupServiceTest" classname="Tests.Feature.Services.FileCleanupServiceTest" assertions="3" time="0.120081"/>
        <testcase name="test_checks_storage_usage_over_limit" file="C:\Users\Gaser\Desktop\COPRRA\tests\Feature\Services\FileCleanupServiceTest.php" line="392" class="Tests\Feature\Services\FileCleanupServiceTest" classname="Tests.Feature.Services.FileCleanupServiceTest" assertions="2" time="1.137993"/>
        <testcase name="test_schedules_cleanup_daily" file="C:\Users\Gaser\Desktop\COPRRA\tests\Feature\Services\FileCleanupServiceTest.php" line="447" class="Tests\Feature\Services\FileCleanupServiceTest" classname="Tests.Feature.Services.FileCleanupServiceTest" assertions="1" time="0.063832"/>
        <testcase name="test_performs_complete_cleanup" file="C:\Users\Gaser\Desktop\COPRRA\tests\Feature\Services\FileCleanupServiceTest.php" line="330" class="Tests\Feature\Services\FileCleanupServiceTest" classname="Tests.Feature.Services.FileCleanupServiceTest" assertions="8" time="0.346642"/>
        <testcase name="test_cleans_up_uploaded_files" file="C:\Users\Gaser\Desktop\COPRRA\tests\Feature\Services\FileCleanupServiceTest.php" line="281" class="Tests\Feature\Services\FileCleanupServiceTest" classname="Tests.Feature.Services.FileCleanupServiceTest" assertions="6" time="0.066558"/>
        <testcase name="test_cleans_up_log_files" file="C:\Users\Gaser\Desktop\COPRRA\tests\Feature\Services\FileCleanupServiceTest.php" line="109" class="Tests\Feature\Services\FileCleanupServiceTest" classname="Tests.Feature.Services.FileCleanupServiceTest" assertions="6" time="0.212261"/>
        <testcase name="test_schedules_cleanup_weekly_on_sunday" file="C:\Users\Gaser\Desktop\COPRRA\tests\Feature\Services\FileCleanupServiceTest.php" line="461" class="Tests\Feature\Services\FileCleanupServiceTest" classname="Tests.Feature.Services.FileCleanupServiceTest" assertions="1" time="0.067244"/>
        <testcase name="test_gets_cleanup_statistics" file="C:\Users\Gaser\Desktop\COPRRA\tests\Feature\Services\FileCleanupServiceTest.php" line="427" class="Tests\Feature\Services\FileCleanupServiceTest" classname="Tests.Feature.Services.FileCleanupServiceTest" assertions="5" time="0.362924"/>
        <testcase name="test_checks_storage_usage" file="C:\Users\Gaser\Desktop\COPRRA\tests\Feature\Services\FileCleanupServiceTest.php" line="355" class="Tests\Feature\Services\FileCleanupServiceTest" classname="Tests.Feature.Services.FileCleanupServiceTest" assertions="9" time="0.362768"/>
      </testsuite>
      <testsuite name="Tests\Feature\Http\Middleware\TrustProxiesTest" file="C:\Users\Gaser\Desktop\COPRRA\tests\Feature\Http\Middleware\TrustProxiesTest.php" tests="5" assertions="10" errors="0" failures="0" skipped="0" time="0.341425">
        <testcase name="test_trust_proxies_middleware_handles_https_forwarding" file="C:\Users\Gaser\Desktop\COPRRA\tests\Feature\Http\Middleware\TrustProxiesTest.php" line="33" class="Tests\Feature\Http\Middleware\TrustProxiesTest" classname="Tests.Feature.Http.Middleware.TrustProxiesTest" assertions="2" time="0.067094"/>
        <testcase name="test_trust_proxies_middleware_handles_host_forwarding" file="C:\Users\Gaser\Desktop\COPRRA\tests\Feature\Http\Middleware\TrustProxiesTest.php" line="61" class="Tests\Feature\Http\Middleware\TrustProxiesTest" classname="Tests.Feature.Http.Middleware.TrustProxiesTest" assertions="2" time="0.053978"/>
        <testcase name="test_trust_proxies_middleware_handles_proxy_headers" file="C:\Users\Gaser\Desktop\COPRRA\tests\Feature\Http\Middleware\TrustProxiesTest.php" line="18" class="Tests\Feature\Http\Middleware\TrustProxiesTest" classname="Tests.Feature.Http.Middleware.TrustProxiesTest" assertions="2" time="0.101666"/>
        <testcase name="test_trust_proxies_middleware_handles_port_forwarding" file="C:\Users\Gaser\Desktop\COPRRA\tests\Feature\Http\Middleware\TrustProxiesTest.php" line="47" class="Tests\Feature\Http\Middleware\TrustProxiesTest" classname="Tests.Feature.Http.Middleware.TrustProxiesTest" assertions="2" time="0.061477"/>
        <testcase name="test_trust_proxies_middleware_handles_no_proxy_headers" file="C:\Users\Gaser\Desktop\COPRRA\tests\Feature\Http\Middleware\TrustProxiesTest.php" line="75" class="Tests\Feature\Http\Middleware\TrustProxiesTest" classname="Tests.Feature.Http.Middleware.TrustProxiesTest" assertions="2" time="0.057210"/>
      </testsuite>
      <testsuite name="Tests\Feature\PermissionControlTest" file="C:\Users\Gaser\Desktop\COPRRA\tests\Feature\PermissionControlTest.php" tests="3" assertions="3" errors="0" failures="0" skipped="0" time="0.178277">
        <testcase name="test_expected_behavior" file="C:\Users\Gaser\Desktop\COPRRA\tests\Feature\PermissionControlTest.php" line="25" class="Tests\Feature\PermissionControlTest" classname="Tests.Feature.PermissionControlTest" assertions="1" time="0.066471"/>
        <testcase name="test_basic_functionality" file="C:\Users\Gaser\Desktop\COPRRA\tests\Feature\PermissionControlTest.php" line="18" class="Tests\Feature\PermissionControlTest" classname="Tests.Feature.PermissionControlTest" assertions="1" time="0.055378"/>
        <testcase name="test_validation" file="C:\Users\Gaser\Desktop\COPRRA\tests\Feature\PermissionControlTest.php" line="32" class="Tests\Feature\PermissionControlTest" classname="Tests.Feature.PermissionControlTest" assertions="1" time="0.056428"/>
      </testsuite>
      <testsuite name="Tests\Feature\Http\Controllers\LogControllerTest" file="C:\Users\Gaser\Desktop\COPRRA\tests\Feature\Http\Controllers\LogControllerTest.php" tests="2" assertions="2" errors="0" failures="0" skipped="0" time="1.803135">
        <testcase name="it_can_clear_application_logs" file="C:\Users\Gaser\Desktop\COPRRA\tests\Feature\Http\Controllers\LogControllerTest.php" line="31" class="Tests\Feature\Http\Controllers\LogControllerTest" classname="Tests.Feature.Http.Controllers.LogControllerTest" assertions="1" time="0.911337"/>
        <testcase name="it_can_get_application_logs" file="C:\Users\Gaser\Desktop\COPRRA\tests\Feature\Http\Controllers\LogControllerTest.php" line="23" class="Tests\Feature\Http\Controllers\LogControllerTest" classname="Tests.Feature.Http.Controllers.LogControllerTest" assertions="1" time="0.891798"/>
      </testsuite>
      <testsuite name="Tests\Feature\Services\NotificationServiceTest" file="C:\Users\Gaser\Desktop\COPRRA\tests\Feature\Services\NotificationServiceTest.php" tests="5" assertions="6" errors="0" failures="0" skipped="0" time="0.396301">
        <testcase name="test_handles_exception_during_notification_sending" file="C:\Users\Gaser\Desktop\COPRRA\tests\Feature\Services\NotificationServiceTest.php" line="130" class="Tests\Feature\Services\NotificationServiceTest" classname="Tests.Feature.Services.NotificationServiceTest" assertions="1" time="0.090849"/>
        <testcase name="test_skips_notification_for_user_without_email" file="C:\Users\Gaser\Desktop\COPRRA\tests\Feature\Services\NotificationServiceTest.php" line="92" class="Tests\Feature\Services\NotificationServiceTest" classname="Tests.Feature.Services.NotificationServiceTest" assertions="2" time="0.114318"/>
        <testcase name="test_logs_audit_trail_for_notification" file="C:\Users\Gaser\Desktop\COPRRA\tests\Feature\Services\NotificationServiceTest.php" line="154" class="Tests\Feature\Services\NotificationServiceTest" classname="Tests.Feature.Services.NotificationServiceTest" assertions="1" time="0.062775"/>
        <testcase name="test_does_not_send_notification_when_no_active_alerts" file="C:\Users\Gaser\Desktop\COPRRA\tests\Feature\Services\NotificationServiceTest.php" line="76" class="Tests\Feature\Services\NotificationServiceTest" classname="Tests.Feature.Services.NotificationServiceTest" assertions="1" time="0.069054"/>
        <testcase name="test_sends_price_drop_notification_to_active_alerts" file="C:\Users\Gaser\Desktop\COPRRA\tests\Feature\Services\NotificationServiceTest.php" line="43" class="Tests\Feature\Services\NotificationServiceTest" classname="Tests.Feature.Services.NotificationServiceTest" assertions="1" time="0.059305"/>
      </testsuite>
      <testsuite name="Tests\Feature\SQLiteConnectionTest" file="C:\Users\Gaser\Desktop\COPRRA\tests\Feature\SQLiteConnectionTest.php" tests="1" assertions="3" errors="0" failures="0" skipped="0" time="0.054050">
        <testcase name="it_connects_to_sqlite_memory_in_testing_environment" file="C:\Users\Gaser\Desktop\COPRRA\tests\Feature\SQLiteConnectionTest.php" line="17" class="Tests\Feature\SQLiteConnectionTest" classname="Tests.Feature.SQLiteConnectionTest" assertions="3" time="0.054050"/>
      </testsuite>
      <testsuite name="Tests\Feature\PostgreSQLConnectionTest" file="C:\Users\Gaser\Desktop\COPRRA\tests\Feature\PostgreSQLConnectionTest.php" tests="1" assertions="1" errors="0" failures="0" skipped="0" time="0.101345">
        <testcase name="it_handles_pgsql_connection_based_on_environment" file="C:\Users\Gaser\Desktop\COPRRA\tests\Feature\PostgreSQLConnectionTest.php" line="17" class="Tests\Feature\PostgreSQLConnectionTest" classname="Tests.Feature.PostgreSQLConnectionTest" assertions="1" time="0.101345"/>
      </testsuite>
      <testsuite name="Tests\Feature\Http\Middleware\SecurityHeadersMiddlewareTest" file="C:\Users\Gaser\Desktop\COPRRA\tests\Feature\Http\Middleware\SecurityHeadersMiddlewareTest.php" tests="5" assertions="12" errors="0" failures="0" skipped="0" time="0.408390">
        <testcase name="test_security_headers_middleware_handles_post_requests" file="C:\Users\Gaser\Desktop\COPRRA\tests\Feature\Http\Middleware\SecurityHeadersMiddlewareTest.php" line="60" class="Tests\Feature\Http\Middleware\SecurityHeadersMiddlewareTest" classname="Tests.Feature.Http.Middleware.SecurityHeadersMiddlewareTest" assertions="2" time="0.179531"/>
        <testcase name="test_security_headers_middleware_handles_sensitive_routes" file="C:\Users\Gaser\Desktop\COPRRA\tests\Feature\Http\Middleware\SecurityHeadersMiddlewareTest.php" line="42" class="Tests\Feature\Http\Middleware\SecurityHeadersMiddlewareTest" classname="Tests.Feature.Http.Middleware.SecurityHeadersMiddlewareTest" assertions="2" time="0.056997"/>
        <testcase name="test_security_headers_middleware_handles_https_redirect" file="C:\Users\Gaser\Desktop\COPRRA\tests\Feature\Http\Middleware\SecurityHeadersMiddlewareTest.php" line="99" class="Tests\Feature\Http\Middleware\SecurityHeadersMiddlewareTest" classname="Tests.Feature.Http.Middleware.SecurityHeadersMiddlewareTest" assertions="2" time="0.062190"/>
        <testcase name="test_security_headers_middleware_adds_security_headers" file="C:\Users\Gaser\Desktop\COPRRA\tests\Feature\Http\Middleware\SecurityHeadersMiddlewareTest.php" line="20" class="Tests\Feature\Http\Middleware\SecurityHeadersMiddlewareTest" classname="Tests.Feature.Http.Middleware.SecurityHeadersMiddlewareTest" assertions="4" time="0.052606"/>
        <testcase name="test_security_headers_middleware_handles_api_requests" file="C:\Users\Gaser\Desktop\COPRRA\tests\Feature\Http\Middleware\SecurityHeadersMiddlewareTest.php" line="80" class="Tests\Feature\Http\Middleware\SecurityHeadersMiddlewareTest" classname="Tests.Feature.Http.Middleware.SecurityHeadersMiddlewareTest" assertions="2" time="0.057066"/>
      </testsuite>
      <testsuite name="Tests\Feature\Http\Middleware\ConvertEmptyStringsToNullTest" file="C:\Users\Gaser\Desktop\COPRRA\tests\Feature\Http\Middleware\ConvertEmptyStringsToNullTest.php" tests="4" assertions="17" errors="0" failures="0" skipped="0" time="0.271177">
        <testcase name="test_convert_empty_strings_middleware_passes_request_successfully" file="C:\Users\Gaser\Desktop\COPRRA\tests\Feature\Http\Middleware\ConvertEmptyStringsToNullTest.php" line="85" class="Tests\Feature\Http\Middleware\ConvertEmptyStringsToNullTest" classname="Tests.Feature.Http.Middleware.ConvertEmptyStringsToNullTest" assertions="2" time="0.096846"/>
        <testcase name="test_convert_empty_strings_middleware_converts_empty_strings_to_null" file="C:\Users\Gaser\Desktop\COPRRA\tests\Feature\Http\Middleware\ConvertEmptyStringsToNullTest.php" line="18" class="Tests\Feature\Http\Middleware\ConvertEmptyStringsToNullTest" classname="Tests.Feature.Http.Middleware.ConvertEmptyStringsToNullTest" assertions="5" time="0.055827"/>
        <testcase name="test_convert_empty_strings_middleware_handles_nested_arrays" file="C:\Users\Gaser\Desktop\COPRRA\tests\Feature\Http\Middleware\ConvertEmptyStringsToNullTest.php" line="39" class="Tests\Feature\Http\Middleware\ConvertEmptyStringsToNullTest" classname="Tests.Feature.Http.Middleware.ConvertEmptyStringsToNullTest" assertions="5" time="0.055877"/>
        <testcase name="test_convert_empty_strings_middleware_does_not_convert_non_string_values" file="C:\Users\Gaser\Desktop\COPRRA\tests\Feature\Http\Middleware\ConvertEmptyStringsToNullTest.php" line="64" class="Tests\Feature\Http\Middleware\ConvertEmptyStringsToNullTest" classname="Tests.Feature.Http.Middleware.ConvertEmptyStringsToNullTest" assertions="5" time="0.062627"/>
      </testsuite>
      <testsuite name="Tests\Feature\Services\FinancialTransactionServiceTest" file="C:\Users\Gaser\Desktop\COPRRA\tests\Feature\Services\FinancialTransactionServiceTest.php" tests="7" assertions="14" errors="0" failures="0" skipped="0" time="0.425618">
        <testcase name="test_processes_payment_successfully" file="C:\Users\Gaser\Desktop\COPRRA\tests\Feature\Services\FinancialTransactionServiceTest.php" line="32" class="Tests\Feature\Services\FinancialTransactionServiceTest" classname="Tests.Feature.Services.FinancialTransactionServiceTest" assertions="4" time="0.058291"/>
        <testcase name="test_validates_payment_method" file="C:\Users\Gaser\Desktop\COPRRA\tests\Feature\Services\FinancialTransactionServiceTest.php" line="145" class="Tests\Feature\Services\FinancialTransactionServiceTest" classname="Tests.Feature.Services.FinancialTransactionServiceTest" assertions="1" time="0.072837"/>
        <testcase name="test_gets_transaction_history" file="C:\Users\Gaser\Desktop\COPRRA\tests\Feature\Services\FinancialTransactionServiceTest.php" line="117" class="Tests\Feature\Services\FinancialTransactionServiceTest" classname="Tests.Feature.Services.FinancialTransactionServiceTest" assertions="1" time="0.057413"/>
        <testcase name="test_refunds_transaction" file="C:\Users\Gaser\Desktop\COPRRA\tests\Feature\Services\FinancialTransactionServiceTest.php" line="86" class="Tests\Feature\Services\FinancialTransactionServiceTest" classname="Tests.Feature.Services.FinancialTransactionServiceTest" assertions="5" time="0.056968"/>
        <testcase name="test_calculates_tax" file="C:\Users\Gaser\Desktop\COPRRA\tests\Feature\Services\FinancialTransactionServiceTest.php" line="131" class="Tests\Feature\Services\FinancialTransactionServiceTest" classname="Tests.Feature.Services.FinancialTransactionServiceTest" assertions="1" time="0.062473"/>
        <testcase name="test_handles_payment_failure" file="C:\Users\Gaser\Desktop\COPRRA\tests\Feature\Services\FinancialTransactionServiceTest.php" line="62" class="Tests\Feature\Services\FinancialTransactionServiceTest" classname="Tests.Feature.Services.FinancialTransactionServiceTest" assertions="1" time="0.059754"/>
        <testcase name="test_handles_invalid_payment_method" file="C:\Users\Gaser\Desktop\COPRRA\tests\Feature\Services\FinancialTransactionServiceTest.php" line="159" class="Tests\Feature\Services\FinancialTransactionServiceTest" classname="Tests.Feature.Services.FinancialTransactionServiceTest" assertions="1" time="0.057881"/>
      </testsuite>
      <testsuite name="Tests\Feature\Http\Middleware\SetLocaleAndCurrencyTest" file="C:\Users\Gaser\Desktop\COPRRA\tests\Feature\Http\Middleware\SetLocaleAndCurrencyTest.php" tests="6" assertions="14" errors="0" failures="0" skipped="0" time="1.595581">
        <testcase name="test_set_locale_and_currency_middleware_sets_locale_and_currency" file="C:\Users\Gaser\Desktop\COPRRA\tests\Feature\Http\Middleware\SetLocaleAndCurrencyTest.php" line="22" class="Tests\Feature\Http\Middleware\SetLocaleAndCurrencyTest" classname="Tests.Feature.Http.Middleware.SetLocaleAndCurrencyTest" assertions="2" time="0.252863"/>
        <testcase name="test_set_locale_and_currency_middleware_handles_session_values" file="C:\Users\Gaser\Desktop\COPRRA\tests\Feature\Http\Middleware\SetLocaleAndCurrencyTest.php" line="53" class="Tests\Feature\Http\Middleware\SetLocaleAndCurrencyTest" classname="Tests.Feature.Http.Middleware.SetLocaleAndCurrencyTest" assertions="2" time="0.275521"/>
        <testcase name="test_set_locale_and_currency_middleware_handles_post_requests" file="C:\Users\Gaser\Desktop\COPRRA\tests\Feature\Http\Middleware\SetLocaleAndCurrencyTest.php" line="91" class="Tests\Feature\Http\Middleware\SetLocaleAndCurrencyTest" classname="Tests.Feature.Http.Middleware.SetLocaleAndCurrencyTest" assertions="2" time="0.282676"/>
        <testcase name="test_set_locale_and_currency_middleware_handles_default_values" file="C:\Users\Gaser\Desktop\COPRRA\tests\Feature\Http\Middleware\SetLocaleAndCurrencyTest.php" line="38" class="Tests\Feature\Http\Middleware\SetLocaleAndCurrencyTest" classname="Tests.Feature.Http.Middleware.SetLocaleAndCurrencyTest" assertions="2" time="0.259760"/>
        <testcase name="test_can_be_instantiated" file="C:\Users\Gaser\Desktop\COPRRA\tests\SafeTestBase.php" line="81" class="Tests\Feature\Http\Middleware\SetLocaleAndCurrencyTest" classname="Tests.Feature.Http.Middleware.SetLocaleAndCurrencyTest" assertions="4" time="0.278956"/>
        <testcase name="test_set_locale_and_currency_middleware_handles_cookie_values" file="C:\Users\Gaser\Desktop\COPRRA\tests\Feature\Http\Middleware\SetLocaleAndCurrencyTest.php" line="74" class="Tests\Feature\Http\Middleware\SetLocaleAndCurrencyTest" classname="Tests.Feature.Http.Middleware.SetLocaleAndCurrencyTest" assertions="2" time="0.245805"/>
      </testsuite>
      <testsuite name="Tests\Feature\Http\Middleware\EnsureEmailIsVerifiedTest" file="C:\Users\Gaser\Desktop\COPRRA\tests\Feature\Http\Middleware\EnsureEmailIsVerifiedTest.php" tests="5" assertions="8" errors="0" failures="0" skipped="0" time="0.377444">
        <testcase name="test_ensure_email_is_verified_middleware_handles_post_requests" file="C:\Users\Gaser\Desktop\COPRRA\tests\Feature\Http\Middleware\EnsureEmailIsVerifiedTest.php" line="88" class="Tests\Feature\Http\Middleware\EnsureEmailIsVerifiedTest" classname="Tests.Feature.Http.Middleware.EnsureEmailIsVerifiedTest" assertions="2" time="0.123177"/>
        <testcase name="test_ensure_email_is_verified_middleware_handles_api_requests" file="C:\Users\Gaser\Desktop\COPRRA\tests\Feature\Http\Middleware\EnsureEmailIsVerifiedTest.php" line="69" class="Tests\Feature\Http\Middleware\EnsureEmailIsVerifiedTest" classname="Tests.Feature.Http.Middleware.EnsureEmailIsVerifiedTest" assertions="1" time="0.056636"/>
        <testcase name="test_ensure_email_is_verified_middleware_handles_unauthenticated_users" file="C:\Users\Gaser\Desktop\COPRRA\tests\Feature\Http\Middleware\EnsureEmailIsVerifiedTest.php" line="56" class="Tests\Feature\Http\Middleware\EnsureEmailIsVerifiedTest" classname="Tests.Feature.Http.Middleware.EnsureEmailIsVerifiedTest" assertions="2" time="0.080287"/>
        <testcase name="test_ensure_email_is_verified_middleware_allows_verified_users" file="C:\Users\Gaser\Desktop\COPRRA\tests\Feature\Http\Middleware\EnsureEmailIsVerifiedTest.php" line="19" class="Tests\Feature\Http\Middleware\EnsureEmailIsVerifiedTest" classname="Tests.Feature.Http.Middleware.EnsureEmailIsVerifiedTest" assertions="2" time="0.056113"/>
        <testcase name="test_ensure_email_is_verified_middleware_redirects_unverified_users" file="C:\Users\Gaser\Desktop\COPRRA\tests\Feature\Http\Middleware\EnsureEmailIsVerifiedTest.php" line="38" class="Tests\Feature\Http\Middleware\EnsureEmailIsVerifiedTest" classname="Tests.Feature.Http.Middleware.EnsureEmailIsVerifiedTest" assertions="1" time="0.061231"/>
      </testsuite>
      <testsuite name="Tests\Feature\Services\PasswordResetServiceTest" file="C:\Users\Gaser\Desktop\COPRRA\tests\Feature\Services\PasswordResetServiceTest.php" tests="10" assertions="66" errors="0" failures="0" skipped="0" time="0.035510">
        <testcase name="test_gets_reset_token_info" file="C:\Users\Gaser\Desktop\COPRRA\tests\Feature\Services\PasswordResetServiceTest.php" line="113" class="Tests\Feature\Services\PasswordResetServiceTest" classname="Tests.Feature.Services.PasswordResetServiceTest" assertions="6" time="0.005985"/>
        <testcase name="test_handles_reset_password_with_valid_token" file="C:\Users\Gaser\Desktop\COPRRA\tests\Feature\Services\PasswordResetServiceTest.php" line="61" class="Tests\Feature\Services\PasswordResetServiceTest" classname="Tests.Feature.Services.PasswordResetServiceTest" assertions="8" time="0.003378"/>
        <testcase name="test_handles_too_many_attempts" file="C:\Users\Gaser\Desktop\COPRRA\tests\Feature\Services\PasswordResetServiceTest.php" line="147" class="Tests\Feature\Services\PasswordResetServiceTest" classname="Tests.Feature.Services.PasswordResetServiceTest" assertions="8" time="0.002971"/>
        <testcase name="test_handles_reset_password_with_invalid_token" file="C:\Users\Gaser\Desktop\COPRRA\tests\Feature\Services\PasswordResetServiceTest.php" line="79" class="Tests\Feature\Services\PasswordResetServiceTest" classname="Tests.Feature.Services.PasswordResetServiceTest" assertions="8" time="0.002805"/>
        <testcase name="test_handles_expired_token" file="C:\Users\Gaser\Desktop\COPRRA\tests\Feature\Services\PasswordResetServiceTest.php" line="129" class="Tests\Feature\Services\PasswordResetServiceTest" classname="Tests.Feature.Services.PasswordResetServiceTest" assertions="8" time="0.005120"/>
        <testcase name="test_gets_statistics" file="C:\Users\Gaser\Desktop\COPRRA\tests\Feature\Services\PasswordResetServiceTest.php" line="165" class="Tests\Feature\Services\PasswordResetServiceTest" classname="Tests.Feature.Services.PasswordResetServiceTest" assertions="9" time="0.002949"/>
        <testcase name="test_handles_send_reset_email_with_nonexistent_email" file="C:\Users\Gaser\Desktop\COPRRA\tests\Feature\Services\PasswordResetServiceTest.php" line="45" class="Tests\Feature\Services\PasswordResetServiceTest" classname="Tests.Feature.Services.PasswordResetServiceTest" assertions="6" time="0.003100"/>
        <testcase name="test_handles_send_reset_email_with_valid_email" file="C:\Users\Gaser\Desktop\COPRRA\tests\Feature\Services\PasswordResetServiceTest.php" line="29" class="Tests\Feature\Services\PasswordResetServiceTest" classname="Tests.Feature.Services.PasswordResetServiceTest" assertions="6" time="0.002542"/>
        <testcase name="test_can_be_instantiated" file="C:\Users\Gaser\Desktop\COPRRA\tests\Feature\Services\PasswordResetServiceTest.php" line="23" class="Tests\Feature\Services\PasswordResetServiceTest" classname="Tests.Feature.Services.PasswordResetServiceTest" assertions="1" time="0.002699"/>
        <testcase name="test_checks_reset_token_exists" file="C:\Users\Gaser\Desktop\COPRRA\tests\Feature\Services\PasswordResetServiceTest.php" line="97" class="Tests\Feature\Services\PasswordResetServiceTest" classname="Tests.Feature.Services.PasswordResetServiceTest" assertions="6" time="0.003961"/>
      </testsuite>
      <testsuite name="Tests\Feature\Performance\PerformanceTest" file="C:\Users\Gaser\Desktop\COPRRA\tests\Feature\Performance\PerformanceTest.php" tests="3" assertions="3" errors="0" failures="0" skipped="0" time="0.159185">
        <testcase name="test_expected_behavior" file="C:\Users\Gaser\Desktop\COPRRA\tests\Feature\Performance\PerformanceTest.php" line="25" class="Tests\Feature\Performance\PerformanceTest" classname="Tests.Feature.Performance.PerformanceTest" assertions="1" time="0.052539"/>
        <testcase name="test_basic_functionality" file="C:\Users\Gaser\Desktop\COPRRA\tests\Feature\Performance\PerformanceTest.php" line="18" class="Tests\Feature\Performance\PerformanceTest" classname="Tests.Feature.Performance.PerformanceTest" assertions="1" time="0.053866"/>
        <testcase name="test_validation" file="C:\Users\Gaser\Desktop\COPRRA\tests\Feature\Performance\PerformanceTest.php" line="32" class="Tests\Feature\Performance\PerformanceTest" classname="Tests.Feature.Performance.PerformanceTest" assertions="1" time="0.052780"/>
      </testsuite>
      <testsuite name="Tests\Feature\Api\DebugHealthContentTest" file="C:\Users\Gaser\Desktop\COPRRA\tests\Feature\Api\DebugHealthContentTest.php" tests="1" assertions="1" errors="0" failures="0" skipped="0" time="0.055809">
        <testcase name="test_dump_health_response_content" file="C:\Users\Gaser\Desktop\COPRRA\tests\Feature\Api\DebugHealthContentTest.php" line="14" class="Tests\Feature\Api\DebugHealthContentTest" classname="Tests.Feature.Api.DebugHealthContentTest" assertions="1" time="0.055809"/>
      </testsuite>
      <testsuite name="Tests\Feature\Services\ReportServiceTest" file="C:\Users\Gaser\Desktop\COPRRA\tests\Feature\Services\ReportServiceTest.php" tests="5" assertions="15" errors="0" failures="0" skipped="0" time="0.334522">
        <testcase name="test_generates_sales_report_with_null_end_date" file="C:\Users\Gaser\Desktop\COPRRA\tests\Feature\Services\ReportServiceTest.php" line="55" class="Tests\Feature\Services\ReportServiceTest" classname="Tests.Feature.Services.ReportServiceTest" assertions="3" time="0.056830"/>
        <testcase name="test_generates_sales_report_with_default_dates" file="C:\Users\Gaser\Desktop\COPRRA\tests\Feature\Services\ReportServiceTest.php" line="37" class="Tests\Feature\Services\ReportServiceTest" classname="Tests.Feature.Services.ReportServiceTest" assertions="3" time="0.065506"/>
        <testcase name="test_generates_sales_report_with_null_start_date" file="C:\Users\Gaser\Desktop\COPRRA\tests\Feature\Services\ReportServiceTest.php" line="46" class="Tests\Feature\Services\ReportServiceTest" classname="Tests.Feature.Services.ReportServiceTest" assertions="3" time="0.100493"/>
        <testcase name="test_handles_invalid_date_range" file="C:\Users\Gaser\Desktop\COPRRA\tests\Feature\Services\ReportServiceTest.php" line="64" class="Tests\Feature\Services\ReportServiceTest" classname="Tests.Feature.Services.ReportServiceTest" assertions="3" time="0.054859"/>
        <testcase name="test_generates_sales_report" file="C:\Users\Gaser\Desktop\COPRRA\tests\Feature\Services\ReportServiceTest.php" line="28" class="Tests\Feature\Services\ReportServiceTest" classname="Tests.Feature.Services.ReportServiceTest" assertions="3" time="0.056833"/>
      </testsuite>
      <testsuite name="Tests\Feature\ApiVersioningTest" file="C:\Users\Gaser\Desktop\COPRRA\tests\Feature\ApiVersioningTest.php" tests="3" assertions="3" errors="0" failures="0" skipped="0" time="0.167649">
        <testcase name="test_validation" file="C:\Users\Gaser\Desktop\COPRRA\tests\Feature\ApiVersioningTest.php" line="32" class="Tests\Feature\ApiVersioningTest" classname="Tests.Feature.ApiVersioningTest" assertions="1" time="0.054750"/>
        <testcase name="test_expected_behavior" file="C:\Users\Gaser\Desktop\COPRRA\tests\Feature\ApiVersioningTest.php" line="25" class="Tests\Feature\ApiVersioningTest" classname="Tests.Feature.ApiVersioningTest" assertions="1" time="0.059079"/>
        <testcase name="test_basic_functionality" file="C:\Users\Gaser\Desktop\COPRRA\tests\Feature\ApiVersioningTest.php" line="18" class="Tests\Feature\ApiVersioningTest" classname="Tests.Feature.ApiVersioningTest" assertions="1" time="0.053819"/>
      </testsuite>
      <testsuite name="Tests\Feature\ApiRateLimitingTest" file="C:\Users\Gaser\Desktop\COPRRA\tests\Feature\ApiRateLimitingTest.php" tests="3" assertions="3" errors="0" failures="0" skipped="0" time="0.161895">
        <testcase name="test_basic_functionality" file="C:\Users\Gaser\Desktop\COPRRA\tests\Feature\ApiRateLimitingTest.php" line="15" class="Tests\Feature\ApiRateLimitingTest" classname="Tests.Feature.ApiRateLimitingTest" assertions="1" time="0.054961"/>
        <testcase name="test_expected_behavior" file="C:\Users\Gaser\Desktop\COPRRA\tests\Feature\ApiRateLimitingTest.php" line="22" class="Tests\Feature\ApiRateLimitingTest" classname="Tests.Feature.ApiRateLimitingTest" assertions="1" time="0.055321"/>
        <testcase name="test_validation" file="C:\Users\Gaser\Desktop\COPRRA\tests\Feature\ApiRateLimitingTest.php" line="29" class="Tests\Feature\ApiRateLimitingTest" classname="Tests.Feature.ApiRateLimitingTest" assertions="1" time="0.051613"/>
      </testsuite>
      <testsuite name="Tests\Feature\Http\Middleware\AuthenticateTest" file="C:\Users\Gaser\Desktop\COPRRA\tests\Feature\Http\Middleware\AuthenticateTest.php" tests="5" assertions="6" errors="0" failures="0" skipped="0" time="0.333230">
        <testcase name="test_authenticate_middleware_handles_different_request_types" file="C:\Users\Gaser\Desktop\COPRRA\tests\Feature\Http\Middleware\AuthenticateTest.php" line="98" class="Tests\Feature\Http\Middleware\AuthenticateTest" classname="Tests.Feature.Http.Middleware.AuthenticateTest" assertions="1" time="0.057337"/>
        <testcase name="test_authenticate_middleware_redirects_web_requests_to_login" file="C:\Users\Gaser\Desktop\COPRRA\tests\Feature\Http\Middleware\AuthenticateTest.php" line="29" class="Tests\Feature\Http\Middleware\AuthenticateTest" classname="Tests.Feature.Http.Middleware.AuthenticateTest" assertions="1" time="0.056235"/>
        <testcase name="test_authenticate_middleware_passes_authenticated_requests" file="C:\Users\Gaser\Desktop\COPRRA\tests\Feature\Http\Middleware\AuthenticateTest.php" line="72" class="Tests\Feature\Http\Middleware\AuthenticateTest" classname="Tests.Feature.Http.Middleware.AuthenticateTest" assertions="2" time="0.109703"/>
        <testcase name="test_authenticate_middleware_returns_json_for_api_requests" file="C:\Users\Gaser\Desktop\COPRRA\tests\Feature\Http\Middleware\AuthenticateTest.php" line="44" class="Tests\Feature\Http\Middleware\AuthenticateTest" classname="Tests.Feature.Http.Middleware.AuthenticateTest" assertions="1" time="0.054751"/>
        <testcase name="test_authenticate_middleware_handles_api_route_pattern" file="C:\Users\Gaser\Desktop\COPRRA\tests\Feature\Http\Middleware\AuthenticateTest.php" line="58" class="Tests\Feature\Http\Middleware\AuthenticateTest" classname="Tests.Feature.Http.Middleware.AuthenticateTest" assertions="1" time="0.055205"/>
      </testsuite>
      <testsuite name="Tests\Feature\DatabaseConnectionTest" file="C:\Users\Gaser\Desktop\COPRRA\tests\Feature\DatabaseConnectionTest.php" tests="3" assertions="3" errors="0" failures="0" skipped="0" time="0.176848">
        <testcase name="test_expected_behavior" file="C:\Users\Gaser\Desktop\COPRRA\tests\Feature\DatabaseConnectionTest.php" line="21" class="Tests\Feature\DatabaseConnectionTest" classname="Tests.Feature.DatabaseConnectionTest" assertions="1" time="0.058066"/>
        <testcase name="test_basic_functionality" file="C:\Users\Gaser\Desktop\COPRRA\tests\Feature\DatabaseConnectionTest.php" line="15" class="Tests\Feature\DatabaseConnectionTest" classname="Tests.Feature.DatabaseConnectionTest" assertions="1" time="0.062433"/>
        <testcase name="test_validation" file="C:\Users\Gaser\Desktop\COPRRA\tests\Feature\DatabaseConnectionTest.php" line="27" class="Tests\Feature\DatabaseConnectionTest" classname="Tests.Feature.DatabaseConnectionTest" assertions="1" time="0.056349"/>
      </testsuite>
      <testsuite name="Tests\Feature\Http\Middleware\HandleCorsTest" file="C:\Users\Gaser\Desktop\COPRRA\tests\Feature\Http\Middleware\HandleCorsTest.php" tests="3" assertions="9" errors="0" failures="0" skipped="0" time="0.175724">
        <testcase name="test_handle_cors_middleware_adds_cors_headers" file="C:\Users\Gaser\Desktop\COPRRA\tests\Feature\Http\Middleware\HandleCorsTest.php" line="18" class="Tests\Feature\Http\Middleware\HandleCorsTest" classname="Tests.Feature.Http.Middleware.HandleCorsTest" assertions="4" time="0.053751"/>
        <testcase name="test_handle_cors_middleware_handles_preflight_requests" file="C:\Users\Gaser\Desktop\COPRRA\tests\Feature\Http\Middleware\HandleCorsTest.php" line="35" class="Tests\Feature\Http\Middleware\HandleCorsTest" classname="Tests.Feature.Http.Middleware.HandleCorsTest" assertions="3" time="0.060046"/>
        <testcase name="test_handle_cors_middleware_passes_regular_requests" file="C:\Users\Gaser\Desktop\COPRRA\tests\Feature\Http\Middleware\HandleCorsTest.php" line="52" class="Tests\Feature\Http\Middleware\HandleCorsTest" classname="Tests.Feature.Http.Middleware.HandleCorsTest" assertions="2" time="0.061927"/>
      </testsuite>
      <testsuite name="Tests\Feature\Http\Middleware\ThrottleRequestsTest" file="C:\Users\Gaser\Desktop\COPRRA\tests\Feature\Http\Middleware\ThrottleRequestsTest.php" tests="5" assertions="19" errors="0" failures="0" skipped="0" time="0.379076">
        <testcase name="test_throttle_requests_middleware_allows_requests_within_limit" file="C:\Users\Gaser\Desktop\COPRRA\tests\Feature\Http\Middleware\ThrottleRequestsTest.php" line="25" class="Tests\Feature\Http\Middleware\ThrottleRequestsTest" classname="Tests.Feature.Http.Middleware.ThrottleRequestsTest" assertions="2" time="0.069641"/>
        <testcase name="test_throttle_requests_middleware_blocks_requests_exceeding_limit" file="C:\Users\Gaser\Desktop\COPRRA\tests\Feature\Http\Middleware\ThrottleRequestsTest.php" line="39" class="Tests\Feature\Http\Middleware\ThrottleRequestsTest" classname="Tests.Feature.Http.Middleware.ThrottleRequestsTest" assertions="1" time="0.074839"/>
        <testcase name="test_throttle_requests_middleware_includes_retry_after_header" file="C:\Users\Gaser\Desktop\COPRRA\tests\Feature\Http\Middleware\ThrottleRequestsTest.php" line="56" class="Tests\Feature\Http\Middleware\ThrottleRequestsTest" classname="Tests.Feature.Http.Middleware.ThrottleRequestsTest" assertions="6" time="0.068055"/>
        <testcase name="test_throttle_requests_middleware_resets_after_time_window" file="C:\Users\Gaser\Desktop\COPRRA\tests\Feature\Http\Middleware\ThrottleRequestsTest.php" line="107" class="Tests\Feature\Http\Middleware\ThrottleRequestsTest" classname="Tests.Feature.Http.Middleware.ThrottleRequestsTest" assertions="8" time="0.106589"/>
        <testcase name="test_throttle_requests_middleware_handles_different_ips_separately" file="C:\Users\Gaser\Desktop\COPRRA\tests\Feature\Http\Middleware\ThrottleRequestsTest.php" line="79" class="Tests\Feature\Http\Middleware\ThrottleRequestsTest" classname="Tests.Feature.Http.Middleware.ThrottleRequestsTest" assertions="2" time="0.059951"/>
      </testsuite>
      <testsuite name="Tests\Feature\Http\Middleware\AddQueuedCookiesToResponseTest" file="C:\Users\Gaser\Desktop\COPRRA\tests\Feature\Http\Middleware\AddQueuedCookiesToResponseTest.php" tests="3" assertions="6" errors="0" failures="0" skipped="0" time="0.167267">
        <testcase name="test_add_queued_cookies_middleware_handles_multiple_cookies" file="C:\Users\Gaser\Desktop\COPRRA\tests\Feature\Http\Middleware\AddQueuedCookiesToResponseTest.php" line="46" class="Tests\Feature\Http\Middleware\AddQueuedCookiesToResponseTest" classname="Tests.Feature.Http.Middleware.AddQueuedCookiesToResponseTest" assertions="2" time="0.054772"/>
        <testcase name="test_add_queued_cookies_middleware_adds_cookies_to_response" file="C:\Users\Gaser\Desktop\COPRRA\tests\Feature\Http\Middleware\AddQueuedCookiesToResponseTest.php" line="17" class="Tests\Feature\Http\Middleware\AddQueuedCookiesToResponseTest" classname="Tests.Feature.Http.Middleware.AddQueuedCookiesToResponseTest" assertions="2" time="0.057991"/>
        <testcase name="test_add_queued_cookies_middleware_passes_request_successfully" file="C:\Users\Gaser\Desktop\COPRRA\tests\Feature\Http\Middleware\AddQueuedCookiesToResponseTest.php" line="33" class="Tests\Feature\Http\Middleware\AddQueuedCookiesToResponseTest" classname="Tests.Feature.Http.Middleware.AddQueuedCookiesToResponseTest" assertions="2" time="0.054504"/>
      </testsuite>
      <testsuite name="Tests\Feature\Http\Controllers\PriceAlertControllerTest" file="C:\Users\Gaser\Desktop\COPRRA\tests\Feature\Http\Controllers\PriceAlertControllerTest.php" tests="3" assertions="3" errors="0" failures="0" skipped="0" time="0.166622">
        <testcase name="test_expected_behavior" file="C:\Users\Gaser\Desktop\COPRRA\tests\Feature\Http\Controllers\PriceAlertControllerTest.php" line="25" class="Tests\Feature\Http\Controllers\PriceAlertControllerTest" classname="Tests.Feature.Http.Controllers.PriceAlertControllerTest" assertions="1" time="0.055398"/>
        <testcase name="test_basic_functionality" file="C:\Users\Gaser\Desktop\COPRRA\tests\Feature\Http\Controllers\PriceAlertControllerTest.php" line="18" class="Tests\Feature\Http\Controllers\PriceAlertControllerTest" classname="Tests.Feature.Http.Controllers.PriceAlertControllerTest" assertions="1" time="0.055436"/>
        <testcase name="test_validation" file="C:\Users\Gaser\Desktop\COPRRA\tests\Feature\Http\Controllers\PriceAlertControllerTest.php" line="32" class="Tests\Feature\Http\Controllers\PriceAlertControllerTest" classname="Tests.Feature.Http.Controllers.PriceAlertControllerTest" assertions="1" time="0.055789"/>
      </testsuite>
      <testsuite name="Tests\Feature\Http\Controllers\AdminControllerTest" file="C:\Users\Gaser\Desktop\COPRRA\tests\Feature\Http\Controllers\AdminControllerTest.php" tests="3" assertions="13" errors="0" failures="0" skipped="0" time="0.985144">
        <testcase name="it_redirects_non_admin_users_from_dashboard" file="C:\Users\Gaser\Desktop\COPRRA\tests\Feature\Http\Controllers\AdminControllerTest.php" line="36" class="Tests\Feature\Http\Controllers\AdminControllerTest" classname="Tests.Feature.Http.Controllers.AdminControllerTest" assertions="1" time="0.062070"/>
        <testcase name="it_can_display_admin_dashboard" file="C:\Users\Gaser\Desktop\COPRRA\tests\Feature\Http\Controllers\AdminControllerTest.php" line="16" class="Tests\Feature\Http\Controllers\AdminControllerTest" classname="Tests.Feature.Http.Controllers.AdminControllerTest" assertions="8" time="0.775276"/>
        <testcase name="it_can_display_users_management_page" file="C:\Users\Gaser\Desktop\COPRRA\tests\Feature\Http\Controllers\AdminControllerTest.php" line="50" class="Tests\Feature\Http\Controllers\AdminControllerTest" classname="Tests.Feature.Http.Controllers.AdminControllerTest" assertions="4" time="0.147798"/>
      </testsuite>
      <testsuite name="Tests\Feature\Http\Middleware\PreventRequestsDuringMaintenanceTest" file="C:\Users\Gaser\Desktop\COPRRA\tests\Feature\Http\Middleware\PreventRequestsDuringMaintenanceTest.php" tests="5" assertions="12" errors="0" failures="0" skipped="0" time="0.323150">
        <testcase name="test_prevent_requests_during_maintenance_middleware_handles_api_requests" file="C:\Users\Gaser\Desktop\COPRRA\tests\Feature\Http\Middleware\PreventRequestsDuringMaintenanceTest.php" line="104" class="Tests\Feature\Http\Middleware\PreventRequestsDuringMaintenanceTest" classname="Tests.Feature.Http.Middleware.PreventRequestsDuringMaintenanceTest" assertions="3" time="0.059326"/>
        <testcase name="test_prevent_requests_during_maintenance_middleware_blocks_requests_during_maintenance" file="C:\Users\Gaser\Desktop\COPRRA\tests\Feature\Http\Middleware\PreventRequestsDuringMaintenanceTest.php" line="43" class="Tests\Feature\Http\Middleware\PreventRequestsDuringMaintenanceTest" classname="Tests.Feature.Http.Middleware.PreventRequestsDuringMaintenanceTest" assertions="2" time="0.059590"/>
        <testcase name="test_prevent_requests_during_maintenance_middleware_allows_requests_when_not_in_maintenance" file="C:\Users\Gaser\Desktop\COPRRA\tests\Feature\Http\Middleware\PreventRequestsDuringMaintenanceTest.php" line="18" class="Tests\Feature\Http\Middleware\PreventRequestsDuringMaintenanceTest" classname="Tests.Feature.Http.Middleware.PreventRequestsDuringMaintenanceTest" assertions="4" time="0.056007"/>
        <testcase name="test_prevent_requests_during_maintenance_middleware_handles_different_request_methods" file="C:\Users\Gaser\Desktop\COPRRA\tests\Feature\Http\Middleware\PreventRequestsDuringMaintenanceTest.php" line="87" class="Tests\Feature\Http\Middleware\PreventRequestsDuringMaintenanceTest" classname="Tests.Feature.Http.Middleware.PreventRequestsDuringMaintenanceTest" assertions="1" time="0.073130"/>
        <testcase name="test_prevent_requests_during_maintenance_middleware_handles_maintenance_mode_with_exceptions" file="C:\Users\Gaser\Desktop\COPRRA\tests\Feature\Http\Middleware\PreventRequestsDuringMaintenanceTest.php" line="66" class="Tests\Feature\Http\Middleware\PreventRequestsDuringMaintenanceTest" classname="Tests.Feature.Http.Middleware.PreventRequestsDuringMaintenanceTest" assertions="2" time="0.075098"/>
      </testsuite>
      <testsuite name="Tests\Feature\Services\ProductServiceTest" file="C:\Users\Gaser\Desktop\COPRRA\tests\Feature\Services\ProductServiceTest.php" tests="5" assertions="12" errors="0" failures="0" skipped="0" time="0.378386">
        <testcase name="test_handles_invalid_page_number" file="C:\Users\Gaser\Desktop\COPRRA\tests\Feature\Services\ProductServiceTest.php" line="94" class="Tests\Feature\Services\ProductServiceTest" classname="Tests.Feature.Services.ProductServiceTest" assertions="2" time="0.083183"/>
        <testcase name="test_returns_paginated_products_from_cache" file="C:\Users\Gaser\Desktop\COPRRA\tests\Feature\Services\ProductServiceTest.php" line="42" class="Tests\Feature\Services\ProductServiceTest" classname="Tests.Feature.Services.ProductServiceTest" assertions="3" time="0.126402"/>
        <testcase name="test_returns_empty_paginator_when_cache_returns_null" file="C:\Users\Gaser\Desktop\COPRRA\tests\Feature\Services\ProductServiceTest.php" line="74" class="Tests\Feature\Services\ProductServiceTest" classname="Tests.Feature.Services.ProductServiceTest" assertions="3" time="0.060737"/>
        <testcase name="test_uses_default_per_page_when_not_specified" file="C:\Users\Gaser\Desktop\COPRRA\tests\Feature\Services\ProductServiceTest.php" line="121" class="Tests\Feature\Services\ProductServiceTest" classname="Tests.Feature.Services.ProductServiceTest" assertions="2" time="0.052915"/>
        <testcase name="test_calls_repository_when_cache_miss" file="C:\Users\Gaser\Desktop\COPRRA\tests\Feature\Services\ProductServiceTest.php" line="140" class="Tests\Feature\Services\ProductServiceTest" classname="Tests.Feature.Services.ProductServiceTest" assertions="2" time="0.055149"/>
      </testsuite>
      <testsuite name="Tests\Feature\Http\Middleware\RequirePasswordTest" file="C:\Users\Gaser\Desktop\COPRRA\tests\Feature\Http\Middleware\RequirePasswordTest.php" tests="5" assertions="7" errors="0" failures="0" skipped="0" time="0.291896">
        <testcase name="test_require_password_middleware_blocks_requests_without_password" file="C:\Users\Gaser\Desktop\COPRRA\tests\Feature\Http\Middleware\RequirePasswordTest.php" line="65" class="Tests\Feature\Http\Middleware\RequirePasswordTest" classname="Tests.Feature.Http.Middleware.RequirePasswordTest" assertions="1" time="0.059186"/>
        <testcase name="test_require_password_middleware_blocks_requests_with_invalid_password" file="C:\Users\Gaser\Desktop\COPRRA\tests\Feature\Http\Middleware\RequirePasswordTest.php" line="45" class="Tests\Feature\Http\Middleware\RequirePasswordTest" classname="Tests.Feature.Http.Middleware.RequirePasswordTest" assertions="1" time="0.056168"/>
        <testcase name="test_require_password_middleware_handles_get_requests" file="C:\Users\Gaser\Desktop\COPRRA\tests\Feature\Http\Middleware\RequirePasswordTest.php" line="95" class="Tests\Feature\Http\Middleware\RequirePasswordTest" classname="Tests.Feature.Http.Middleware.RequirePasswordTest" assertions="2" time="0.056309"/>
        <testcase name="test_require_password_middleware_allows_requests_with_valid_password" file="C:\Users\Gaser\Desktop\COPRRA\tests\Feature\Http\Middleware\RequirePasswordTest.php" line="20" class="Tests\Feature\Http\Middleware\RequirePasswordTest" classname="Tests.Feature.Http.Middleware.RequirePasswordTest" assertions="2" time="0.062989"/>
        <testcase name="test_require_password_middleware_handles_unauthenticated_users" file="C:\Users\Gaser\Desktop\COPRRA\tests\Feature\Http\Middleware\RequirePasswordTest.php" line="81" class="Tests\Feature\Http\Middleware\RequirePasswordTest" classname="Tests.Feature.Http.Middleware.RequirePasswordTest" assertions="1" time="0.057243"/>
      </testsuite>
    </testsuite>
    <testsuite name="Security" tests="26" assertions="91" errors="0" failures="0" skipped="0" time="11.823482">
      <testsuite name="Tests\Security\AuthenticationSecurityTest" file="C:\Users\Gaser\Desktop\COPRRA\tests\Security\AuthenticationSecurityTest.php" tests="3" assertions="3" errors="0" failures="0" skipped="0" time="1.288431">
        <testcase name="test_session_security" file="C:\Users\Gaser\Desktop\COPRRA\tests\Security\AuthenticationSecurityTest.php" line="23" class="Tests\Security\AuthenticationSecurityTest" classname="Tests.Security.AuthenticationSecurityTest" assertions="1" time="0.445507"/>
        <testcase name="test_authentication_security" file="C:\Users\Gaser\Desktop\COPRRA\tests\Security\AuthenticationSecurityTest.php" line="11" class="Tests\Security\AuthenticationSecurityTest" classname="Tests.Security.AuthenticationSecurityTest" assertions="1" time="0.427874"/>
        <testcase name="test_password_security" file="C:\Users\Gaser\Desktop\COPRRA\tests\Security\AuthenticationSecurityTest.php" line="17" class="Tests\Security\AuthenticationSecurityTest" classname="Tests.Security.AuthenticationSecurityTest" assertions="1" time="0.415049"/>
      </testsuite>
      <testsuite name="Tests\Security\SQLInjectionTest" file="C:\Users\Gaser\Desktop\COPRRA\tests\Security\SQLInjectionTest.php" tests="6" assertions="37" errors="0" failures="0" skipped="0" time="0.439130">
        <testcase name="test_sql_injection_in_profile_update" file="C:\Users\Gaser\Desktop\COPRRA\tests\Security\SQLInjectionTest.php" line="154" class="Tests\Security\SQLInjectionTest" classname="Tests.Security.SQLInjectionTest" assertions="4" time="0.101595"/>
        <testcase name="test_sql_injection_in_user_registration" file="C:\Users\Gaser\Desktop\COPRRA\tests\Security\SQLInjectionTest.php" line="91" class="Tests\Security\SQLInjectionTest" classname="Tests.Security.SQLInjectionTest" assertions="3" time="0.064245"/>
        <testcase name="test_sql_injection_in_order_processing" file="C:\Users\Gaser\Desktop\COPRRA\tests\Security\SQLInjectionTest.php" line="120" class="Tests\Security\SQLInjectionTest" classname="Tests.Security.SQLInjectionTest" assertions="2" time="0.067299"/>
        <testcase name="test_parameterized_queries_are_used" file="C:\Users\Gaser\Desktop\COPRRA\tests\Security\SQLInjectionTest.php" line="52" class="Tests\Security\SQLInjectionTest" classname="Tests.Security.SQLInjectionTest" assertions="2" time="0.068062"/>
        <testcase name="test_sql_injection_protection_in_product_search" file="C:\Users\Gaser\Desktop\COPRRA\tests\Security\SQLInjectionTest.php" line="19" class="Tests\Security\SQLInjectionTest" classname="Tests.Security.SQLInjectionTest" assertions="20" time="0.074201"/>
        <testcase name="test_input_sanitization_in_search" file="C:\Users\Gaser\Desktop\COPRRA\tests\Security\SQLInjectionTest.php" line="68" class="Tests\Security\SQLInjectionTest" classname="Tests.Security.SQLInjectionTest" assertions="6" time="0.063729"/>
      </testsuite>
      <testsuite name="Tests\Security\PermissionSecurityTest" file="C:\Users\Gaser\Desktop\COPRRA\tests\Security\PermissionSecurityTest.php" tests="3" assertions="3" errors="0" failures="0" skipped="0" time="1.364377">
        <testcase name="test_access_control" file="C:\Users\Gaser\Desktop\COPRRA\tests\Security\PermissionSecurityTest.php" line="21" class="Tests\Security\PermissionSecurityTest" classname="Tests.Security.PermissionSecurityTest" assertions="1" time="0.492537"/>
        <testcase name="test_role_security" file="C:\Users\Gaser\Desktop\COPRRA\tests\Security\PermissionSecurityTest.php" line="16" class="Tests\Security\PermissionSecurityTest" classname="Tests.Security.PermissionSecurityTest" assertions="1" time="0.433373"/>
        <testcase name="test_permission_security" file="C:\Users\Gaser\Desktop\COPRRA\tests\Security\PermissionSecurityTest.php" line="11" class="Tests\Security\PermissionSecurityTest" classname="Tests.Security.PermissionSecurityTest" assertions="1" time="0.438467"/>
      </testsuite>
      <testsuite name="Tests\Security\DataEncryptionTest" file="C:\Users\Gaser\Desktop\COPRRA\tests\Security\DataEncryptionTest.php" tests="3" assertions="6" errors="0" failures="0" skipped="0" time="1.438583">
        <testcase name="test_data_encryption" file="C:\Users\Gaser\Desktop\COPRRA\tests\Security\DataEncryptionTest.php" line="12" class="Tests\Security\DataEncryptionTest" classname="Tests.Security.DataEncryptionTest" assertions="2" time="0.504069"/>
        <testcase name="test_decryption_works" file="C:\Users\Gaser\Desktop\COPRRA\tests\Security\DataEncryptionTest.php" line="30" class="Tests\Security\DataEncryptionTest" classname="Tests.Security.DataEncryptionTest" assertions="1" time="0.482987"/>
        <testcase name="test_encryption_keys" file="C:\Users\Gaser\Desktop\COPRRA\tests\Security\DataEncryptionTest.php" line="20" class="Tests\Security\DataEncryptionTest" classname="Tests.Security.DataEncryptionTest" assertions="3" time="0.451526"/>
      </testsuite>
      <testsuite name="Tests\Security\XSSTest" file="C:\Users\Gaser\Desktop\COPRRA\tests\Security\XSSTest.php" tests="5" assertions="26" errors="0" failures="0" skipped="0" time="0.379382">
        <testcase name="test_xss_protection_in_error_messages" file="C:\Users\Gaser\Desktop\COPRRA\tests\Security\XSSTest.php" line="143" class="Tests\Security\XSSTest" classname="Tests.Security.XSSTest" assertions="2" time="0.059190"/>
        <testcase name="test_xss_protection_in_product_creation" file="C:\Users\Gaser\Desktop\COPRRA\tests\Security\XSSTest.php" line="15" class="Tests\Security\XSSTest" classname="Tests.Security.XSSTest" assertions="10" time="0.126862"/>
        <testcase name="test_input_escaping_in_reviews" file="C:\Users\Gaser\Desktop\COPRRA\tests\Security\XSSTest.php" line="56" class="Tests\Security\XSSTest" classname="Tests.Security.XSSTest" assertions="3" time="0.066705"/>
        <testcase name="test_output_encoding_in_product_display" file="C:\Users\Gaser\Desktop\COPRRA\tests\Security\XSSTest.php" line="91" class="Tests\Security\XSSTest" classname="Tests.Security.XSSTest" assertions="2" time="0.062827"/>
        <testcase name="test_xss_in_search_parameters" file="C:\Users\Gaser\Desktop\COPRRA\tests\Security\XSSTest.php" line="118" class="Tests\Security\XSSTest" classname="Tests.Security.XSSTest" assertions="9" time="0.063798"/>
      </testsuite>
      <testsuite name="Tests\Security\CSRFTest" file="C:\Users\Gaser\Desktop\COPRRA\tests\Security\CSRFTest.php" tests="6" assertions="16" errors="0" failures="0" skipped="0" time="6.913579">
        <testcase name="test_csrf_token_regeneration" file="C:\Users\Gaser\Desktop\COPRRA\tests\Security\CSRFTest.php" line="95" class="Tests\Security\CSRFTest" classname="Tests.Security.CSRFTest" assertions="9" time="1.120798"/>
        <testcase name="test_csrf_protection_on_state_changing_endpoints" file="C:\Users\Gaser\Desktop\COPRRA\tests\Security\CSRFTest.php" line="24" class="Tests\Security\CSRFTest" classname="Tests.Security.CSRFTest" assertions="1" time="1.020545"/>
        <testcase name="test_api_routes_bypass_csrf" file="C:\Users\Gaser\Desktop\COPRRA\tests\Security\CSRFTest.php" line="81" class="Tests\Security\CSRFTest" classname="Tests.Security.CSRFTest" assertions="1" time="0.957003"/>
        <testcase name="test_csrf_protection_on_delete_requests" file="C:\Users\Gaser\Desktop\COPRRA\tests\Security\CSRFTest.php" line="129" class="Tests\Security\CSRFTest" classname="Tests.Security.CSRFTest" assertions="1" time="1.890651"/>
        <testcase name="test_csrf_token_validation_in_forms" file="C:\Users\Gaser\Desktop\COPRRA\tests\Security\CSRFTest.php" line="39" class="Tests\Security\CSRFTest" classname="Tests.Security.CSRFTest" assertions="2" time="0.973726"/>
        <testcase name="test_csrf_protection_bypassing_with_valid_token" file="C:\Users\Gaser\Desktop\COPRRA\tests\Security\CSRFTest.php" line="52" class="Tests\Security\CSRFTest" classname="Tests.Security.CSRFTest" assertions="2" time="0.950857"/>
      </testsuite>
    </testsuite>
    <testsuite name="AI" tests="173" assertions="735" errors="0" failures="0" skipped="0" time="0.519358">
      <testsuite name="Tests\AI\AIErrorHandlingTest" file="C:\Users\Gaser\Desktop\COPRRA\tests\AI\AIErrorHandlingTest.php" tests="6" assertions="6" errors="0" failures="0" skipped="0" time="0.019680">
        <testcase name="ai_handles_invalid_input_gracefully" file="C:\Users\Gaser\Desktop\COPRRA\tests\AI\AIErrorHandlingTest.php" line="36" class="Tests\AI\AIErrorHandlingTest" classname="Tests.AI.AIErrorHandlingTest" assertions="1" time="0.003220"/>
        <testcase name="ai_handles_concurrent_requests" file="C:\Users\Gaser\Desktop\COPRRA\tests\AI\AIErrorHandlingTest.php" line="103" class="Tests\AI\AIErrorHandlingTest" classname="Tests.AI.AIErrorHandlingTest" assertions="1" time="0.003262"/>
        <testcase name="ai_handles_network_timeout" file="C:\Users\Gaser\Desktop\COPRRA\tests\AI\AIErrorHandlingTest.php" line="62" class="Tests\AI\AIErrorHandlingTest" classname="Tests.AI.AIErrorHandlingTest" assertions="1" time="0.003434"/>
        <testcase name="ai_handles_malformed_json" file="C:\Users\Gaser\Desktop\COPRRA\tests\AI\AIErrorHandlingTest.php" line="49" class="Tests\AI\AIErrorHandlingTest" classname="Tests.AI.AIErrorHandlingTest" assertions="1" time="0.003514"/>
        <testcase name="ai_logs_errors_properly" file="C:\Users\Gaser\Desktop\COPRRA\tests\AI\AIErrorHandlingTest.php" line="75" class="Tests\AI\AIErrorHandlingTest" classname="Tests.AI.AIErrorHandlingTest" assertions="1" time="0.003069"/>
        <testcase name="ai_returns_meaningful_error_messages" file="C:\Users\Gaser\Desktop\COPRRA\tests\AI\AIErrorHandlingTest.php" line="89" class="Tests\AI\AIErrorHandlingTest" classname="Tests.AI.AIErrorHandlingTest" assertions="1" time="0.003181"/>
      </testsuite>
      <testsuite name="Tests\AI\MockAIServiceTest" file="C:\Users\Gaser\Desktop\COPRRA\tests\AI\MockAIServiceTest.php" tests="4" assertions="38" errors="0" failures="0" skipped="0" time="0.016921">
        <testcase name="testGenerateRecommendationsReturnsThreeWithConfidence" file="C:\Users\Gaser\Desktop\COPRRA\tests\AI\MockAIServiceTest.php" line="51" class="Tests\AI\MockAIServiceTest" classname="Tests.AI.MockAIServiceTest" assertions="8" time="0.002789"/>
        <testcase name="testClassifyProductReturnsValidKeys" file="C:\Users\Gaser\Desktop\COPRRA\tests\AI\MockAIServiceTest.php" line="31" class="Tests\AI\MockAIServiceTest" classname="Tests.AI.MockAIServiceTest" assertions="10" time="0.006625"/>
        <testcase name="testAnalyzeImageReturnsExpectedStructure" file="C:\Users\Gaser\Desktop\COPRRA\tests\AI\MockAIServiceTest.php" line="74" class="Tests\AI\MockAIServiceTest" classname="Tests.AI.MockAIServiceTest" assertions="12" time="0.004150"/>
        <testcase name="testAnalyzeTextReturnsPositiveSentimentAndStructure" file="C:\Users\Gaser\Desktop\COPRRA\tests\AI\MockAIServiceTest.php" line="13" class="Tests\AI\MockAIServiceTest" classname="Tests.AI.MockAIServiceTest" assertions="8" time="0.003357"/>
      </testsuite>
      <testsuite name="Tests\AI\AIModelPerformanceTest" file="C:\Users\Gaser\Desktop\COPRRA\tests\AI\AIModelPerformanceTest.php" tests="5" assertions="13" errors="0" failures="0" skipped="0" time="0.011834">
        <testcase name="ai_model_memory_usage_is_reasonable" file="C:\Users\Gaser\Desktop\COPRRA\tests\AI\AIModelPerformanceTest.php" line="43" class="Tests\AI\AIModelPerformanceTest" classname="Tests.AI.AIModelPerformanceTest" assertions="1" time="0.003650"/>
        <testcase name="ai_model_accuracy_remains_consistent" file="C:\Users\Gaser\Desktop\COPRRA\tests\AI\AIModelPerformanceTest.php" line="74" class="Tests\AI\AIModelPerformanceTest" classname="Tests.AI.AIModelPerformanceTest" assertions="2" time="0.001972"/>
        <testcase name="ai_model_handles_large_input" file="C:\Users\Gaser\Desktop\COPRRA\tests\AI\AIModelPerformanceTest.php" line="28" class="Tests\AI\AIModelPerformanceTest" classname="Tests.AI.AIModelPerformanceTest" assertions="2" time="0.002217"/>
        <testcase name="ai_model_handles_concurrent_requests" file="C:\Users\Gaser\Desktop\COPRRA\tests\AI\AIModelPerformanceTest.php" line="57" class="Tests\AI\AIModelPerformanceTest" classname="Tests.AI.AIModelPerformanceTest" assertions="6" time="0.001917"/>
        <testcase name="ai_model_response_time_is_acceptable" file="C:\Users\Gaser\Desktop\COPRRA\tests\AI\AIModelPerformanceTest.php" line="13" class="Tests\AI\AIModelPerformanceTest" classname="Tests.AI.AIModelPerformanceTest" assertions="2" time="0.002078"/>
      </testsuite>
      <testsuite name="Tests\AI\ProductClassificationTest" file="C:\Users\Gaser\Desktop\COPRRA\tests\AI\ProductClassificationTest.php" tests="8" assertions="8" errors="0" failures="0" skipped="0" time="0.015670">
        <testcase name="can_classify_sports" file="C:\Users\Gaser\Desktop\COPRRA\tests\AI\ProductClassificationTest.php" line="37" class="Tests\AI\ProductClassificationTest" classname="Tests.AI.ProductClassificationTest" assertions="1" time="0.001990"/>
        <testcase name="classification_confidence_is_high" file="C:\Users\Gaser\Desktop\COPRRA\tests\AI\ProductClassificationTest.php" line="43" class="Tests\AI\ProductClassificationTest" classname="Tests.AI.ProductClassificationTest" assertions="1" time="0.001814"/>
        <testcase name="can_classify_clothing" file="C:\Users\Gaser\Desktop\COPRRA\tests\AI\ProductClassificationTest.php" line="19" class="Tests\AI\ProductClassificationTest" classname="Tests.AI.ProductClassificationTest" assertions="1" time="0.001898"/>
        <testcase name="can_classify_home_garden" file="C:\Users\Gaser\Desktop\COPRRA\tests\AI\ProductClassificationTest.php" line="31" class="Tests\AI\ProductClassificationTest" classname="Tests.AI.ProductClassificationTest" assertions="1" time="0.002301"/>
        <testcase name="can_classify_electronics" file="C:\Users\Gaser\Desktop\COPRRA\tests\AI\ProductClassificationTest.php" line="13" class="Tests\AI\ProductClassificationTest" classname="Tests.AI.ProductClassificationTest" assertions="1" time="0.002092"/>
        <testcase name="can_handle_ambiguous_products" file="C:\Users\Gaser\Desktop\COPRRA\tests\AI\ProductClassificationTest.php" line="49" class="Tests\AI\ProductClassificationTest" classname="Tests.AI.ProductClassificationTest" assertions="1" time="0.001762"/>
        <testcase name="can_suggest_subcategories" file="C:\Users\Gaser\Desktop\COPRRA\tests\AI\ProductClassificationTest.php" line="55" class="Tests\AI\ProductClassificationTest" classname="Tests.AI.ProductClassificationTest" assertions="1" time="0.001892"/>
        <testcase name="can_classify_books" file="C:\Users\Gaser\Desktop\COPRRA\tests\AI\ProductClassificationTest.php" line="25" class="Tests\AI\ProductClassificationTest" classname="Tests.AI.ProductClassificationTest" assertions="1" time="0.001921"/>
      </testsuite>
      <testsuite name="Tests\AI\ImageProcessingTest" file="C:\Users\Gaser\Desktop\COPRRA\tests\AI\ImageProcessingTest.php" tests="8" assertions="8" errors="0" failures="0" skipped="0" time="0.017866">
        <testcase name="can_compress_images" file="C:\Users\Gaser\Desktop\COPRRA\tests\AI\ImageProcessingTest.php" line="43" class="Tests\AI\ImageProcessingTest" classname="Tests.AI.ImageProcessingTest" assertions="1" time="0.003008"/>
        <testcase name="can_resize_images" file="C:\Users\Gaser\Desktop\COPRRA\tests\AI\ImageProcessingTest.php" line="37" class="Tests\AI\ImageProcessingTest" classname="Tests.AI.ImageProcessingTest" assertions="1" time="0.003139"/>
        <testcase name="can_detect_image_quality" file="C:\Users\Gaser\Desktop\COPRRA\tests\AI\ImageProcessingTest.php" line="49" class="Tests\AI\ImageProcessingTest" classname="Tests.AI.ImageProcessingTest" assertions="1" time="0.001951"/>
        <testcase name="can_extract_colors_from_images" file="C:\Users\Gaser\Desktop\COPRRA\tests\AI\ImageProcessingTest.php" line="25" class="Tests\AI\ImageProcessingTest" classname="Tests.AI.ImageProcessingTest" assertions="1" time="0.002193"/>
        <testcase name="can_generate_image_tags" file="C:\Users\Gaser\Desktop\COPRRA\tests\AI\ImageProcessingTest.php" line="31" class="Tests\AI\ImageProcessingTest" classname="Tests.AI.ImageProcessingTest" assertions="1" time="0.002090"/>
        <testcase name="can_handle_multiple_image_formats" file="C:\Users\Gaser\Desktop\COPRRA\tests\AI\ImageProcessingTest.php" line="55" class="Tests\AI\ImageProcessingTest" classname="Tests.AI.ImageProcessingTest" assertions="1" time="0.001948"/>
        <testcase name="can_analyze_product_images" file="C:\Users\Gaser\Desktop\COPRRA\tests\AI\ImageProcessingTest.php" line="13" class="Tests\AI\ImageProcessingTest" classname="Tests.AI.ImageProcessingTest" assertions="1" time="0.001687"/>
        <testcase name="can_detect_objects_in_images" file="C:\Users\Gaser\Desktop\COPRRA\tests\AI\ImageProcessingTest.php" line="19" class="Tests\AI\ImageProcessingTest" classname="Tests.AI.ImageProcessingTest" assertions="1" time="0.001850"/>
      </testsuite>
      <testsuite name="Tests\AI\AIAccuracyTest" file="C:\Users\Gaser\Desktop\COPRRA\tests\AI\AIAccuracyTest.php" tests="36" assertions="420" errors="0" failures="0" skipped="0" time="0.103491">
        <testsuite name="Tests\AI\AIAccuracyTest::confidence_scores_are_reasonable" tests="5" assertions="54" errors="0" failures="0" skipped="0" time="0.014169">
          <testcase name="confidence_scores_are_reasonable with data set &quot;empty_text&quot;" file="C:\Users\Gaser\Desktop\COPRRA\tests\AI\AIAccuracyTest.php" line="334" class="Tests\AI\AIAccuracyTest" classname="Tests.AI.AIAccuracyTest" assertions="10" time="0.003757"/>
          <testcase name="confidence_scores_are_reasonable with data set &quot;clear_positive&quot;" file="C:\Users\Gaser\Desktop\COPRRA\tests\AI\AIAccuracyTest.php" line="334" class="Tests\AI\AIAccuracyTest" classname="Tests.AI.AIAccuracyTest" assertions="11" time="0.002727"/>
          <testcase name="confidence_scores_are_reasonable with data set &quot;ambiguous_text&quot;" file="C:\Users\Gaser\Desktop\COPRRA\tests\AI\AIAccuracyTest.php" line="334" class="Tests\AI\AIAccuracyTest" classname="Tests.AI.AIAccuracyTest" assertions="11" time="0.002342"/>
          <testcase name="confidence_scores_are_reasonable with data set &quot;clear_negative&quot;" file="C:\Users\Gaser\Desktop\COPRRA\tests\AI\AIAccuracyTest.php" line="334" class="Tests\AI\AIAccuracyTest" classname="Tests.AI.AIAccuracyTest" assertions="11" time="0.002691"/>
          <testcase name="confidence_scores_are_reasonable with data set &quot;neutral_text&quot;" file="C:\Users\Gaser\Desktop\COPRRA\tests\AI\AIAccuracyTest.php" line="334" class="Tests\AI\AIAccuracyTest" classname="Tests.AI.AIAccuracyTest" assertions="11" time="0.002651"/>
        </testsuite>
        <testsuite name="Tests\AI\AIAccuracyTest::ai_learns_from_corrective_feedback" tests="3" assertions="33" errors="0" failures="0" skipped="0" time="0.009042">
          <testcase name="ai_learns_from_corrective_feedback with data set &quot;negative_feedback&quot;" file="C:\Users\Gaser\Desktop\COPRRA\tests\AI\AIAccuracyTest.php" line="374" class="Tests\AI\AIAccuracyTest" classname="Tests.AI.AIAccuracyTest" assertions="11" time="0.002876"/>
          <testcase name="ai_learns_from_corrective_feedback with data set &quot;neutral_feedback&quot;" file="C:\Users\Gaser\Desktop\COPRRA\tests\AI\AIAccuracyTest.php" line="374" class="Tests\AI\AIAccuracyTest" classname="Tests.AI.AIAccuracyTest" assertions="11" time="0.003559"/>
          <testcase name="ai_learns_from_corrective_feedback with data set &quot;positive_feedback&quot;" file="C:\Users\Gaser\Desktop\COPRRA\tests\AI\AIAccuracyTest.php" line="374" class="Tests\AI\AIAccuracyTest" classname="Tests.AI.AIAccuracyTest" assertions="11" time="0.002607"/>
        </testsuite>
        <testsuite name="Tests\AI\AIAccuracyTest::image_analysis_accuracy_is_acceptable" tests="4" assertions="55" errors="0" failures="0" skipped="0" time="0.012002">
          <testcase name="image_analysis_accuracy_is_acceptable with data set &quot;invalid_image&quot;" file="C:\Users\Gaser\Desktop\COPRRA\tests\AI\AIAccuracyTest.php" line="272" class="Tests\AI\AIAccuracyTest" classname="Tests.AI.AIAccuracyTest" assertions="13" time="0.002785"/>
          <testcase name="image_analysis_accuracy_is_acceptable with data set &quot;laptop_image&quot;" file="C:\Users\Gaser\Desktop\COPRRA\tests\AI\AIAccuracyTest.php" line="272" class="Tests\AI\AIAccuracyTest" classname="Tests.AI.AIAccuracyTest" assertions="14" time="0.002843"/>
          <testcase name="image_analysis_accuracy_is_acceptable with data set &quot;phone_image&quot;" file="C:\Users\Gaser\Desktop\COPRRA\tests\AI\AIAccuracyTest.php" line="272" class="Tests\AI\AIAccuracyTest" classname="Tests.AI.AIAccuracyTest" assertions="14" time="0.003041"/>
          <testcase name="image_analysis_accuracy_is_acceptable with data set &quot;shirt_image&quot;" file="C:\Users\Gaser\Desktop\COPRRA\tests\AI\AIAccuracyTest.php" line="272" class="Tests\AI\AIAccuracyTest" classname="Tests.AI.AIAccuracyTest" assertions="14" time="0.003334"/>
        </testsuite>
        <testsuite name="Tests\AI\AIAccuracyTest::sentiment_analysis_accuracy_is_acceptable" tests="8" assertions="104" errors="0" failures="0" skipped="0" time="0.022252">
          <testcase name="sentiment_analysis_accuracy_is_acceptable with data set &quot;negative_arabic_text&quot;" file="C:\Users\Gaser\Desktop\COPRRA\tests\AI\AIAccuracyTest.php" line="33" class="Tests\AI\AIAccuracyTest" classname="Tests.AI.AIAccuracyTest" assertions="13" time="0.003082"/>
          <testcase name="sentiment_analysis_accuracy_is_acceptable with data set &quot;special_characters&quot;" file="C:\Users\Gaser\Desktop\COPRRA\tests\AI\AIAccuracyTest.php" line="33" class="Tests\AI\AIAccuracyTest" classname="Tests.AI.AIAccuracyTest" assertions="13" time="0.002438"/>
          <testcase name="sentiment_analysis_accuracy_is_acceptable with data set &quot;empty_text&quot;" file="C:\Users\Gaser\Desktop\COPRRA\tests\AI\AIAccuracyTest.php" line="33" class="Tests\AI\AIAccuracyTest" classname="Tests.AI.AIAccuracyTest" assertions="13" time="0.002735"/>
          <testcase name="sentiment_analysis_accuracy_is_acceptable with data set &quot;strong_positive&quot;" file="C:\Users\Gaser\Desktop\COPRRA\tests\AI\AIAccuracyTest.php" line="33" class="Tests\AI\AIAccuracyTest" classname="Tests.AI.AIAccuracyTest" assertions="13" time="0.002400"/>
          <testcase name="sentiment_analysis_accuracy_is_acceptable with data set &quot;positive_arabic_text&quot;" file="C:\Users\Gaser\Desktop\COPRRA\tests\AI\AIAccuracyTest.php" line="33" class="Tests\AI\AIAccuracyTest" classname="Tests.AI.AIAccuracyTest" assertions="13" time="0.003850"/>
          <testcase name="sentiment_analysis_accuracy_is_acceptable with data set &quot;mixed_sentiment&quot;" file="C:\Users\Gaser\Desktop\COPRRA\tests\AI\AIAccuracyTest.php" line="33" class="Tests\AI\AIAccuracyTest" classname="Tests.AI.AIAccuracyTest" assertions="13" time="0.002305"/>
          <testcase name="sentiment_analysis_accuracy_is_acceptable with data set &quot;neutral_arabic_text&quot;" file="C:\Users\Gaser\Desktop\COPRRA\tests\AI\AIAccuracyTest.php" line="33" class="Tests\AI\AIAccuracyTest" classname="Tests.AI.AIAccuracyTest" assertions="13" time="0.002892"/>
          <testcase name="sentiment_analysis_accuracy_is_acceptable with data set &quot;strong_negative&quot;" file="C:\Users\Gaser\Desktop\COPRRA\tests\AI\AIAccuracyTest.php" line="33" class="Tests\AI\AIAccuracyTest" classname="Tests.AI.AIAccuracyTest" assertions="13" time="0.002550"/>
        </testsuite>
        <testsuite name="Tests\AI\AIAccuracyTest::keyword_extraction_accuracy_is_acceptable" tests="5" assertions="32" errors="0" failures="0" skipped="0" time="0.014315">
          <testcase name="keyword_extraction_accuracy_is_acceptable with data set &quot;single_word&quot;" file="C:\Users\Gaser\Desktop\COPRRA\tests\AI\AIAccuracyTest.php" line="135" class="Tests\AI\AIAccuracyTest" classname="Tests.AI.AIAccuracyTest" assertions="7" time="0.002584"/>
          <testcase name="keyword_extraction_accuracy_is_acceptable with data set &quot;laptop_description&quot;" file="C:\Users\Gaser\Desktop\COPRRA\tests\AI\AIAccuracyTest.php" line="135" class="Tests\AI\AIAccuracyTest" classname="Tests.AI.AIAccuracyTest" assertions="7" time="0.003964"/>
          <testcase name="keyword_extraction_accuracy_is_acceptable with data set &quot;clothing_description&quot;" file="C:\Users\Gaser\Desktop\COPRRA\tests\AI\AIAccuracyTest.php" line="135" class="Tests\AI\AIAccuracyTest" classname="Tests.AI.AIAccuracyTest" assertions="7" time="0.002790"/>
          <testcase name="keyword_extraction_accuracy_is_acceptable with data set &quot;phone_description&quot;" file="C:\Users\Gaser\Desktop\COPRRA\tests\AI\AIAccuracyTest.php" line="135" class="Tests\AI\AIAccuracyTest" classname="Tests.AI.AIAccuracyTest" assertions="7" time="0.002484"/>
          <testcase name="keyword_extraction_accuracy_is_acceptable with data set &quot;empty_text&quot;" file="C:\Users\Gaser\Desktop\COPRRA\tests\AI\AIAccuracyTest.php" line="135" class="Tests\AI\AIAccuracyTest" classname="Tests.AI.AIAccuracyTest" assertions="4" time="0.002493"/>
        </testsuite>
        <testsuite name="Tests\AI\AIAccuracyTest::recommendation_relevance_is_acceptable" tests="3" assertions="51" errors="0" failures="0" skipped="0" time="0.009376">
          <testcase name="recommendation_relevance_is_acceptable with data set &quot;electronics_preference&quot;" file="C:\Users\Gaser\Desktop\COPRRA\tests\AI\AIAccuracyTest.php" line="207" class="Tests\AI\AIAccuracyTest" classname="Tests.AI.AIAccuracyTest" assertions="17" time="0.002909"/>
          <testcase name="recommendation_relevance_is_acceptable with data set &quot;empty_products&quot;" file="C:\Users\Gaser\Desktop\COPRRA\tests\AI\AIAccuracyTest.php" line="207" class="Tests\AI\AIAccuracyTest" classname="Tests.AI.AIAccuracyTest" assertions="17" time="0.002661"/>
          <testcase name="recommendation_relevance_is_acceptable with data set &quot;no_preferences&quot;" file="C:\Users\Gaser\Desktop\COPRRA\tests\AI\AIAccuracyTest.php" line="207" class="Tests\AI\AIAccuracyTest" classname="Tests.AI.AIAccuracyTest" assertions="17" time="0.003806"/>
        </testsuite>
        <testsuite name="Tests\AI\AIAccuracyTest::product_classification_accuracy_is_acceptable" tests="6" assertions="72" errors="0" failures="0" skipped="0" time="0.016689">
          <testcase name="product_classification_accuracy_is_acceptable with data set &quot;furniture_chair&quot;" file="C:\Users\Gaser\Desktop\COPRRA\tests\AI\AIAccuracyTest.php" line="73" class="Tests\AI\AIAccuracyTest" classname="Tests.AI.AIAccuracyTest" assertions="12" time="0.002505"/>
          <testcase name="product_classification_accuracy_is_acceptable with data set &quot;sports_football&quot;" file="C:\Users\Gaser\Desktop\COPRRA\tests\AI\AIAccuracyTest.php" line="73" class="Tests\AI\AIAccuracyTest" classname="Tests.AI.AIAccuracyTest" assertions="12" time="0.002779"/>
          <testcase name="product_classification_accuracy_is_acceptable with data set &quot;clothing_shirt&quot;" file="C:\Users\Gaser\Desktop\COPRRA\tests\AI\AIAccuracyTest.php" line="73" class="Tests\AI\AIAccuracyTest" classname="Tests.AI.AIAccuracyTest" assertions="12" time="0.002561"/>
          <testcase name="product_classification_accuracy_is_acceptable with data set &quot;empty_data&quot;" file="C:\Users\Gaser\Desktop\COPRRA\tests\AI\AIAccuracyTest.php" line="73" class="Tests\AI\AIAccuracyTest" classname="Tests.AI.AIAccuracyTest" assertions="12" time="0.002743"/>
          <testcase name="product_classification_accuracy_is_acceptable with data set &quot;electronics_phone&quot;" file="C:\Users\Gaser\Desktop\COPRRA\tests\AI\AIAccuracyTest.php" line="73" class="Tests\AI\AIAccuracyTest" classname="Tests.AI.AIAccuracyTest" assertions="12" time="0.003610"/>
          <testcase name="product_classification_accuracy_is_acceptable with data set &quot;books_programming&quot;" file="C:\Users\Gaser\Desktop\COPRRA\tests\AI\AIAccuracyTest.php" line="73" class="Tests\AI\AIAccuracyTest" classname="Tests.AI.AIAccuracyTest" assertions="12" time="0.002491"/>
        </testsuite>
        <testcase name="test_can_be_instantiated" file="C:\Users\Gaser\Desktop\COPRRA\tests\AI\AIAccuracyTest.php" line="458" class="Tests\AI\AIAccuracyTest" classname="Tests.AI.AIAccuracyTest" assertions="1" time="0.002713"/>
        <testcase name="ai_handles_error_conditions_gracefully" file="C:\Users\Gaser\Desktop\COPRRA\tests\AI\AIAccuracyTest.php" line="423" class="Tests\AI\AIAccuracyTest" classname="Tests.AI.AIAccuracyTest" assertions="18" time="0.002933"/>
      </testsuite>
      <testsuite name="Tests\AI\AITest" file="C:\Users\Gaser\Desktop\COPRRA\tests\AI\AITest.php" tests="1" assertions="1" errors="0" failures="0" skipped="0" time="0.002241">
        <testcase name="test_basic_test" file="C:\Users\Gaser\Desktop\COPRRA\tests\AI\AITest.php" line="20" class="Tests\AI\AITest" classname="Tests.AI.AITest" assertions="1" time="0.002241"/>
      </testsuite>
      <testsuite name="Tests\AI\AIServiceTest" file="C:\Users\Gaser\Desktop\COPRRA\tests\AI\AIServiceTest.php" tests="50" assertions="170" errors="0" failures="0" skipped="0" time="0.189034">
        <testcase name="test_analyze_text_with_empty_string" file="C:\Users\Gaser\Desktop\COPRRA\tests\AI\AIServiceTest.php" line="84" class="Tests\AI\AIServiceTest" classname="Tests.AI.AIServiceTest" assertions="3" time="0.002680"/>
        <testcase name="test_analyze_text_confidence_score_range" file="C:\Users\Gaser\Desktop\COPRRA\tests\AI\AIServiceTest.php" line="94" class="Tests\AI\AIServiceTest" classname="Tests.AI.AIServiceTest" assertions="5" time="0.003353"/>
        <testcase name="test_analyze_text_whitespace_only_returns_neutral" file="C:\Users\Gaser\Desktop\COPRRA\tests\AI\AIServiceTest.php" line="76" class="Tests\AI\AIServiceTest" classname="Tests.AI.AIServiceTest" assertions="2" time="0.002390"/>
        <testsuite name="Tests\AI\AIServiceTest::test_analyze_image_with_various_urls" tests="4" assertions="12" errors="0" failures="0" skipped="0" time="0.010354">
          <testcase name="test_analyze_image_with_various_urls with data set &quot;with_params&quot;" file="C:\Users\Gaser\Desktop\COPRRA\tests\AI\AIServiceTest.php" line="338" class="Tests\AI\AIServiceTest" classname="Tests.AI.AIServiceTest" assertions="3" time="0.002372"/>
          <testcase name="test_analyze_image_with_various_urls with data set &quot;jpg_image&quot;" file="C:\Users\Gaser\Desktop\COPRRA\tests\AI\AIServiceTest.php" line="338" class="Tests\AI\AIServiceTest" classname="Tests.AI.AIServiceTest" assertions="3" time="0.002682"/>
          <testcase name="test_analyze_image_with_various_urls with data set &quot;png_image&quot;" file="C:\Users\Gaser\Desktop\COPRRA\tests\AI\AIServiceTest.php" line="338" class="Tests\AI\AIServiceTest" classname="Tests.AI.AIServiceTest" assertions="3" time="0.002322"/>
          <testcase name="test_analyze_image_with_various_urls with data set &quot;short_url&quot;" file="C:\Users\Gaser\Desktop\COPRRA\tests\AI\AIServiceTest.php" line="338" class="Tests\AI\AIServiceTest" classname="Tests.AI.AIServiceTest" assertions="3" time="0.002977"/>
        </testsuite>
        <testcase name="test_analyze_image_confidence_range" file="C:\Users\Gaser\Desktop\COPRRA\tests\AI\AIServiceTest.php" line="390" class="Tests\AI\AIServiceTest" classname="Tests.AI.AIServiceTest" assertions="5" time="0.002697"/>
        <testcase name="test_classify_product_category_not_empty" file="C:\Users\Gaser\Desktop\COPRRA\tests\AI\AIServiceTest.php" line="252" class="Tests\AI\AIServiceTest" classname="Tests.AI.AIServiceTest" assertions="2" time="0.002438"/>
        <testcase name="test_classify_product_tags_is_array" file="C:\Users\Gaser\Desktop\COPRRA\tests\AI\AIServiceTest.php" line="227" class="Tests\AI\AIServiceTest" classname="Tests.AI.AIServiceTest" assertions="4" time="0.002559"/>
        <testcase name="test_analyze_image_with_custom_prompt" file="C:\Users\Gaser\Desktop\COPRRA\tests\AI\AIServiceTest.php" line="358" class="Tests\AI\AIServiceTest" classname="Tests.AI.AIServiceTest" assertions="3" time="0.002997"/>
        <testcase name="test_classify_product_returns_valid_structure" file="C:\Users\Gaser\Desktop\COPRRA\tests\AI\AIServiceTest.php" line="174" class="Tests\AI\AIServiceTest" classname="Tests.AI.AIServiceTest" assertions="9" time="0.002463"/>
        <testcase name="test_generate_recommendations_returns_valid_structure" file="C:\Users\Gaser\Desktop\COPRRA\tests\AI\AIServiceTest.php" line="263" class="Tests\AI\AIServiceTest" classname="Tests.AI.AIServiceTest" assertions="2" time="0.013543"/>
        <testsuite name="Tests\AI\AIServiceTest::test_analyze_text_case_insensitive" tests="3" assertions="6" errors="0" failures="0" skipped="0" time="0.007176">
          <testcase name="test_analyze_text_case_insensitive with data set &quot;mixed_case&quot;" file="C:\Users\Gaser\Desktop\COPRRA\tests\AI\AIServiceTest.php" line="147" class="Tests\AI\AIServiceTest" classname="Tests.AI.AIServiceTest" assertions="2" time="0.002091"/>
          <testcase name="test_analyze_text_case_insensitive with data set &quot;capitalized&quot;" file="C:\Users\Gaser\Desktop\COPRRA\tests\AI\AIServiceTest.php" line="147" class="Tests\AI\AIServiceTest" classname="Tests.AI.AIServiceTest" assertions="2" time="0.002817"/>
          <testcase name="test_analyze_text_case_insensitive with data set &quot;uppercase&quot;" file="C:\Users\Gaser\Desktop\COPRRA\tests\AI\AIServiceTest.php" line="147" class="Tests\AI\AIServiceTest" classname="Tests.AI.AIServiceTest" assertions="2" time="0.002268"/>
        </testsuite>
        <testcase name="test_all_methods_return_arrays" file="C:\Users\Gaser\Desktop\COPRRA\tests\AI\AIServiceTest.php" line="402" class="Tests\AI\AIServiceTest" classname="Tests.AI.AIServiceTest" assertions="4" time="0.002227"/>
        <testsuite name="Tests\AI\AIServiceTest::test_analyze_text_with_different_types" tests="3" assertions="9" errors="0" failures="0" skipped="0" time="0.006726">
          <testcase name="test_analyze_text_with_different_types with data set &quot;sentiment_type&quot;" file="C:\Users\Gaser\Desktop\COPRRA\tests\AI\AIServiceTest.php" line="105" class="Tests\AI\AIServiceTest" classname="Tests.AI.AIServiceTest" assertions="3" time="0.002251"/>
          <testcase name="test_analyze_text_with_different_types with data set &quot;summary_type&quot;" file="C:\Users\Gaser\Desktop\COPRRA\tests\AI\AIServiceTest.php" line="105" class="Tests\AI\AIServiceTest" classname="Tests.AI.AIServiceTest" assertions="3" time="0.002237"/>
          <testcase name="test_analyze_text_with_different_types with data set &quot;classification_type&quot;" file="C:\Users\Gaser\Desktop\COPRRA\tests\AI\AIServiceTest.php" line="105" class="Tests\AI\AIServiceTest" classname="Tests.AI.AIServiceTest" assertions="3" time="0.002238"/>
        </testsuite>
        <testcase name="test_analyze_text_with_very_long_text" file="C:\Users\Gaser\Desktop\COPRRA\tests\AI\AIServiceTest.php" line="135" class="Tests\AI\AIServiceTest" classname="Tests.AI.AIServiceTest" assertions="3" time="0.002178"/>
        <testcase name="test_analyze_text_returns_valid_structure" file="C:\Users\Gaser\Desktop\COPRRA\tests\AI\AIServiceTest.php" line="39" class="Tests\AI\AIServiceTest" classname="Tests.AI.AIServiceTest" assertions="7" time="0.002083"/>
        <testcase name="test_analyze_text_mixed_equal_positive_negative_returns_neutral" file="C:\Users\Gaser\Desktop\COPRRA\tests\AI\AIServiceTest.php" line="164" class="Tests\AI\AIServiceTest" classname="Tests.AI.AIServiceTest" assertions="2" time="0.002436"/>
        <testcase name="test_analyze_image_description_contains_mock_keyword" file="C:\Users\Gaser\Desktop\COPRRA\tests\AI\AIServiceTest.php" line="382" class="Tests\AI\AIServiceTest" classname="Tests.AI.AIServiceTest" assertions="2" time="0.002066"/>
        <testsuite name="Tests\AI\AIServiceTest::test_generate_recommendations_with_various_preferences" tests="4" assertions="8" errors="0" failures="0" skipped="0" time="0.025975">
          <testcase name="test_generate_recommendations_with_various_preferences with data set &quot;empty_products&quot;" file="C:\Users\Gaser\Desktop\COPRRA\tests\AI\AIServiceTest.php" line="287" class="Tests\AI\AIServiceTest" classname="Tests.AI.AIServiceTest" assertions="2" time="0.002233"/>
          <testcase name="test_generate_recommendations_with_various_preferences with data set &quot;multiple_categories&quot;" file="C:\Users\Gaser\Desktop\COPRRA\tests\AI\AIServiceTest.php" line="287" class="Tests\AI\AIServiceTest" classname="Tests.AI.AIServiceTest" assertions="2" time="0.019425"/>
          <testcase name="test_generate_recommendations_with_various_preferences with data set &quot;single_category&quot;" file="C:\Users\Gaser\Desktop\COPRRA\tests\AI\AIServiceTest.php" line="287" class="Tests\AI\AIServiceTest" classname="Tests.AI.AIServiceTest" assertions="2" time="0.002053"/>
          <testcase name="test_generate_recommendations_with_various_preferences with data set &quot;price_range&quot;" file="C:\Users\Gaser\Desktop\COPRRA\tests\AI\AIServiceTest.php" line="287" class="Tests\AI\AIServiceTest" classname="Tests.AI.AIServiceTest" assertions="2" time="0.002265"/>
        </testsuite>
        <testsuite name="Tests\AI\AIServiceTest::test_analyze_text_sentiment_detection" tests="5" assertions="15" errors="0" failures="0" skipped="0" time="0.026066">
          <testcase name="test_analyze_text_sentiment_detection with data set &quot;positive_arabic&quot;" file="C:\Users\Gaser\Desktop\COPRRA\tests\AI\AIServiceTest.php" line="55" class="Tests\AI\AIServiceTest" classname="Tests.AI.AIServiceTest" assertions="3" time="0.002587"/>
          <testcase name="test_analyze_text_sentiment_detection with data set &quot;negative_arabic&quot;" file="C:\Users\Gaser\Desktop\COPRRA\tests\AI\AIServiceTest.php" line="55" class="Tests\AI\AIServiceTest" classname="Tests.AI.AIServiceTest" assertions="3" time="0.002225"/>
          <testcase name="test_analyze_text_sentiment_detection with data set &quot;neutral_arabic&quot;" file="C:\Users\Gaser\Desktop\COPRRA\tests\AI\AIServiceTest.php" line="55" class="Tests\AI\AIServiceTest" classname="Tests.AI.AIServiceTest" assertions="3" time="0.016789"/>
          <testcase name="test_analyze_text_sentiment_detection with data set &quot;mixed_sentiment&quot;" file="C:\Users\Gaser\Desktop\COPRRA\tests\AI\AIServiceTest.php" line="55" class="Tests\AI\AIServiceTest" classname="Tests.AI.AIServiceTest" assertions="3" time="0.002329"/>
          <testcase name="test_analyze_text_sentiment_detection with data set &quot;positive_english&quot;" file="C:\Users\Gaser\Desktop\COPRRA\tests\AI\AIServiceTest.php" line="55" class="Tests\AI\AIServiceTest" classname="Tests.AI.AIServiceTest" assertions="3" time="0.002136"/>
        </testsuite>
        <testcase name="test_analyze_image_returns_valid_structure" file="C:\Users\Gaser\Desktop\COPRRA\tests\AI\AIServiceTest.php" line="323" class="Tests\AI\AIServiceTest" classname="Tests.AI.AIServiceTest" assertions="6" time="0.002054"/>
        <testcase name="test_classify_product_tags_count_and_strings" file="C:\Users\Gaser\Desktop\COPRRA\tests\AI\AIServiceTest.php" line="237" class="Tests\AI\AIServiceTest" classname="Tests.AI.AIServiceTest" assertions="9" time="0.002122"/>
        <testcase name="test_service_handles_unicode_correctly" file="C:\Users\Gaser\Desktop\COPRRA\tests\AI\AIServiceTest.php" line="428" class="Tests\AI\AIServiceTest" classname="Tests.AI.AIServiceTest" assertions="3" time="0.002264"/>
        <testcase name="test_classify_product_confidence_range" file="C:\Users\Gaser\Desktop\COPRRA\tests\AI\AIServiceTest.php" line="217" class="Tests\AI\AIServiceTest" classname="Tests.AI.AIServiceTest" assertions="5" time="0.002309"/>
        <testcase name="test_analyze_text_with_special_characters" file="C:\Users\Gaser\Desktop\COPRRA\tests\AI\AIServiceTest.php" line="124" class="Tests\AI\AIServiceTest" classname="Tests.AI.AIServiceTest" assertions="3" time="0.014762"/>
        <testsuite name="Tests\AI\AIServiceTest::test_classify_product_with_various_descriptions" tests="8" assertions="32" errors="0" failures="0" skipped="0" time="0.034618">
          <testcase name="test_classify_product_with_various_descriptions with data set &quot;sports&quot;" file="C:\Users\Gaser\Desktop\COPRRA\tests\AI\AIServiceTest.php" line="192" class="Tests\AI\AIServiceTest" classname="Tests.AI.AIServiceTest" assertions="4" time="0.002184"/>
          <testcase name="test_classify_product_with_various_descriptions with data set &quot;furniture&quot;" file="C:\Users\Gaser\Desktop\COPRRA\tests\AI\AIServiceTest.php" line="192" class="Tests\AI\AIServiceTest" classname="Tests.AI.AIServiceTest" assertions="4" time="0.002136"/>
          <testcase name="test_classify_product_with_various_descriptions with data set &quot;empty&quot;" file="C:\Users\Gaser\Desktop\COPRRA\tests\AI\AIServiceTest.php" line="192" class="Tests\AI\AIServiceTest" classname="Tests.AI.AIServiceTest" assertions="4" time="0.002103"/>
          <testcase name="test_classify_product_with_various_descriptions with data set &quot;very_long&quot;" file="C:\Users\Gaser\Desktop\COPRRA\tests\AI\AIServiceTest.php" line="192" class="Tests\AI\AIServiceTest" classname="Tests.AI.AIServiceTest" assertions="4" time="0.002097"/>
          <testcase name="test_classify_product_with_various_descriptions with data set &quot;electronics&quot;" file="C:\Users\Gaser\Desktop\COPRRA\tests\AI\AIServiceTest.php" line="192" class="Tests\AI\AIServiceTest" classname="Tests.AI.AIServiceTest" assertions="4" time="0.002322"/>
          <testcase name="test_classify_product_with_various_descriptions with data set &quot;clothing&quot;" file="C:\Users\Gaser\Desktop\COPRRA\tests\AI\AIServiceTest.php" line="192" class="Tests\AI\AIServiceTest" classname="Tests.AI.AIServiceTest" assertions="4" time="0.018154"/>
          <testcase name="test_classify_product_with_various_descriptions with data set &quot;very_short&quot;" file="C:\Users\Gaser\Desktop\COPRRA\tests\AI\AIServiceTest.php" line="192" class="Tests\AI\AIServiceTest" classname="Tests.AI.AIServiceTest" assertions="4" time="0.003171"/>
          <testcase name="test_classify_product_with_various_descriptions with data set &quot;books&quot;" file="C:\Users\Gaser\Desktop\COPRRA\tests\AI\AIServiceTest.php" line="192" class="Tests\AI\AIServiceTest" classname="Tests.AI.AIServiceTest" assertions="4" time="0.002450"/>
        </testsuite>
        <testcase name="test_generate_recommendations_with_empty_preferences" file="C:\Users\Gaser\Desktop\COPRRA\tests\AI\AIServiceTest.php" line="278" class="Tests\AI\AIServiceTest" classname="Tests.AI.AIServiceTest" assertions="1" time="0.002151"/>
        <testcase name="test_service_consistency_across_multiple_calls" file="C:\Users\Gaser\Desktop\COPRRA\tests\AI\AIServiceTest.php" line="416" class="Tests\AI\AIServiceTest" classname="Tests.AI.AIServiceTest" assertions="2" time="0.001904"/>
        <testcase name="test_analyze_image_with_invalid_url_returns_structure" file="C:\Users\Gaser\Desktop\COPRRA\tests\AI\AIServiceTest.php" line="371" class="Tests\AI\AIServiceTest" classname="Tests.AI.AIServiceTest" assertions="5" time="0.002192"/>
        <testcase name="test_service_memory_efficiency" file="C:\Users\Gaser\Desktop\COPRRA\tests\AI\AIServiceTest.php" line="439" class="Tests\AI\AIServiceTest" classname="Tests.AI.AIServiceTest" assertions="1" time="0.002252"/>
      </testsuite>
      <testsuite name="Tests\AI\ContinuousQualityMonitorTest" file="C:\Users\Gaser\Desktop\COPRRA\tests\AI\ContinuousQualityMonitorTest.php" tests="11" assertions="11" errors="0" failures="0" skipped="0" time="0.021387">
        <testcase name="monitor_initializes_correctly" file="C:\Users\Gaser\Desktop\COPRRA\tests\AI\ContinuousQualityMonitorTest.php" line="13" class="Tests\AI\ContinuousQualityMonitorTest" classname="Tests.AI.ContinuousQualityMonitorTest" assertions="1" time="0.002019"/>
        <testcase name="monitor_performs_quality_check" file="C:\Users\Gaser\Desktop\COPRRA\tests\AI\ContinuousQualityMonitorTest.php" line="25" class="Tests\AI\ContinuousQualityMonitorTest" classname="Tests.AI.ContinuousQualityMonitorTest" assertions="1" time="0.001891"/>
        <testcase name="monitor_calculates_health_scores_correctly" file="C:\Users\Gaser\Desktop\COPRRA\tests\AI\ContinuousQualityMonitorTest.php" line="31" class="Tests\AI\ContinuousQualityMonitorTest" classname="Tests.AI.ContinuousQualityMonitorTest" assertions="1" time="0.001933"/>
        <testcase name="monitor_has_required_rules" file="C:\Users\Gaser\Desktop\COPRRA\tests\AI\ContinuousQualityMonitorTest.php" line="19" class="Tests\AI\ContinuousQualityMonitorTest" classname="Tests.AI.ContinuousQualityMonitorTest" assertions="1" time="0.001992"/>
        <testcase name="monitor_can_clear_alerts" file="C:\Users\Gaser\Desktop\COPRRA\tests\AI\ContinuousQualityMonitorTest.php" line="73" class="Tests\AI\ContinuousQualityMonitorTest" classname="Tests.AI.ContinuousQualityMonitorTest" assertions="1" time="0.001743"/>
        <testcase name="monitor_triggers_warning_alerts" file="C:\Users\Gaser\Desktop\COPRRA\tests\AI\ContinuousQualityMonitorTest.php" line="49" class="Tests\AI\ContinuousQualityMonitorTest" classname="Tests.AI.ContinuousQualityMonitorTest" assertions="1" time="0.001984"/>
        <testcase name="monitor_returns_alerts_summary" file="C:\Users\Gaser\Desktop\COPRRA\tests\AI\ContinuousQualityMonitorTest.php" line="67" class="Tests\AI\ContinuousQualityMonitorTest" classname="Tests.AI.ContinuousQualityMonitorTest" assertions="1" time="0.001831"/>
        <testcase name="monitor_updates_health_status" file="C:\Users\Gaser\Desktop\COPRRA\tests\AI\ContinuousQualityMonitorTest.php" line="55" class="Tests\AI\ContinuousQualityMonitorTest" classname="Tests.AI.ContinuousQualityMonitorTest" assertions="1" time="0.001931"/>
        <testcase name="monitor_handles_failed_commands" file="C:\Users\Gaser\Desktop\COPRRA\tests\AI\ContinuousQualityMonitorTest.php" line="37" class="Tests\AI\ContinuousQualityMonitorTest" classname="Tests.AI.ContinuousQualityMonitorTest" assertions="1" time="0.001906"/>
        <testcase name="monitor_triggers_critical_alerts" file="C:\Users\Gaser\Desktop\COPRRA\tests\AI\ContinuousQualityMonitorTest.php" line="43" class="Tests\AI\ContinuousQualityMonitorTest" classname="Tests.AI.ContinuousQualityMonitorTest" assertions="1" time="0.002068"/>
        <testcase name="monitor_returns_health_status" file="C:\Users\Gaser\Desktop\COPRRA\tests\AI\ContinuousQualityMonitorTest.php" line="61" class="Tests\AI\ContinuousQualityMonitorTest" classname="Tests.AI.ContinuousQualityMonitorTest" assertions="1" time="0.002088"/>
      </testsuite>
      <testsuite name="Tests\AI\AIResponseTimeTest" file="C:\Users\Gaser\Desktop\COPRRA\tests\AI\AIResponseTimeTest.php" tests="8" assertions="17" errors="0" failures="0" skipped="0" time="0.025225">
        <testcase name="batch_processing_response_time_is_acceptable" file="C:\Users\Gaser\Desktop\COPRRA\tests\AI\AIResponseTimeTest.php" line="89" class="Tests\AI\AIResponseTimeTest" classname="Tests.AI.AIResponseTimeTest" assertions="2" time="0.002334"/>
        <testcase name="response_time_scales_linearly_with_input_size" file="C:\Users\Gaser\Desktop\COPRRA\tests\AI\AIResponseTimeTest.php" line="159" class="Tests\AI\AIResponseTimeTest" classname="Tests.AI.AIResponseTimeTest" assertions="3" time="0.002288"/>
        <testcase name="product_classification_response_time_is_acceptable" file="C:\Users\Gaser\Desktop\COPRRA\tests\AI\AIResponseTimeTest.php" line="31" class="Tests\AI\AIResponseTimeTest" classname="Tests.AI.AIResponseTimeTest" assertions="2" time="0.002161"/>
        <testcase name="image_processing_response_time_is_acceptable" file="C:\Users\Gaser\Desktop\COPRRA\tests\AI\AIResponseTimeTest.php" line="71" class="Tests\AI\AIResponseTimeTest" classname="Tests.AI.AIResponseTimeTest" assertions="2" time="0.002278"/>
        <testcase name="concurrent_requests_handle_gracefully" file="C:\Users\Gaser\Desktop\COPRRA\tests\AI\AIResponseTimeTest.php" line="117" class="Tests\AI\AIResponseTimeTest" classname="Tests.AI.AIResponseTimeTest" assertions="2" time="0.002267"/>
        <testcase name="text_analysis_response_time_is_acceptable" file="C:\Users\Gaser\Desktop\COPRRA\tests\AI\AIResponseTimeTest.php" line="16" class="Tests\AI\AIResponseTimeTest" classname="Tests.AI.AIResponseTimeTest" assertions="2" time="0.001902"/>
        <testcase name="recommendation_generation_response_time_is_acceptable" file="C:\Users\Gaser\Desktop\COPRRA\tests\AI\AIResponseTimeTest.php" line="48" class="Tests\AI\AIResponseTimeTest" classname="Tests.AI.AIResponseTimeTest" assertions="2" time="0.009737"/>
        <testcase name="response_time_improves_with_caching" file="C:\Users\Gaser\Desktop\COPRRA\tests\AI\AIResponseTimeTest.php" line="137" class="Tests\AI\AIResponseTimeTest" classname="Tests.AI.AIResponseTimeTest" assertions="2" time="0.002260"/>
      </testsuite>
      <testsuite name="Tests\AI\RecommendationSystemTest" file="C:\Users\Gaser\Desktop\COPRRA\tests\AI\RecommendationSystemTest.php" tests="8" assertions="8" errors="0" failures="0" skipped="0" time="0.015278">
        <testcase name="recommendations_improve_with_feedback" file="C:\Users\Gaser\Desktop\COPRRA\tests\AI\RecommendationSystemTest.php" line="55" class="Tests\AI\RecommendationSystemTest" classname="Tests.AI.RecommendationSystemTest" assertions="1" time="0.001915"/>
        <testcase name="can_generate_trending_products" file="C:\Users\Gaser\Desktop\COPRRA\tests\AI\RecommendationSystemTest.php" line="31" class="Tests\AI\RecommendationSystemTest" classname="Tests.AI.RecommendationSystemTest" assertions="1" time="0.002002"/>
        <testcase name="can_generate_similar_products" file="C:\Users\Gaser\Desktop\COPRRA\tests\AI\RecommendationSystemTest.php" line="25" class="Tests\AI\RecommendationSystemTest" classname="Tests.AI.RecommendationSystemTest" assertions="1" time="0.001895"/>
        <testcase name="can_generate_collaborative_recommendations" file="C:\Users\Gaser\Desktop\COPRRA\tests\AI\RecommendationSystemTest.php" line="37" class="Tests\AI\RecommendationSystemTest" classname="Tests.AI.RecommendationSystemTest" assertions="1" time="0.001935"/>
        <testcase name="recommendations_consider_price_range" file="C:\Users\Gaser\Desktop\COPRRA\tests\AI\RecommendationSystemTest.php" line="43" class="Tests\AI\RecommendationSystemTest" classname="Tests.AI.RecommendationSystemTest" assertions="1" time="0.001709"/>
        <testcase name="can_generate_user_recommendations" file="C:\Users\Gaser\Desktop\COPRRA\tests\AI\RecommendationSystemTest.php" line="13" class="Tests\AI\RecommendationSystemTest" classname="Tests.AI.RecommendationSystemTest" assertions="1" time="0.001903"/>
        <testcase name="recommendations_match_user_preferences" file="C:\Users\Gaser\Desktop\COPRRA\tests\AI\RecommendationSystemTest.php" line="19" class="Tests\AI\RecommendationSystemTest" classname="Tests.AI.RecommendationSystemTest" assertions="1" time="0.002175"/>
        <testcase name="can_generate_seasonal_recommendations" file="C:\Users\Gaser\Desktop\COPRRA\tests\AI\RecommendationSystemTest.php" line="49" class="Tests\AI\RecommendationSystemTest" classname="Tests.AI.RecommendationSystemTest" assertions="1" time="0.001743"/>
      </testsuite>
      <testsuite name="Tests\AI\SmokeTest" file="C:\Users\Gaser\Desktop\COPRRA\tests\AI\SmokeTest.php" tests="1" assertions="1" errors="0" failures="0" skipped="0" time="0.003106">
        <testcase name="it_runs" file="C:\Users\Gaser\Desktop\COPRRA\tests\AI\SmokeTest.php" line="13" class="Tests\AI\SmokeTest" classname="Tests.AI.SmokeTest" assertions="1" time="0.003106"/>
      </testsuite>
      <testsuite name="Tests\AI\AIModelTest" file="C:\Users\Gaser\Desktop\COPRRA\tests\AI\AIModelTest.php" tests="5" assertions="7" errors="0" failures="0" skipped="0" time="0.010606">
        <testcase name="ai_model_initializes_correctly" file="C:\Users\Gaser\Desktop\COPRRA\tests\AI\AIModelTest.php" line="16" class="Tests\AI\AIModelTest" classname="Tests.AI.AIModelTest" assertions="1" time="0.002126"/>
        <testcase name="ai_can_generate_recommendations" file="C:\Users\Gaser\Desktop\COPRRA\tests\AI\AIModelTest.php" line="50" class="Tests\AI\AIModelTest" classname="Tests.AI.AIModelTest" assertions="1" time="0.001918"/>
        <testcase name="ai_can_analyze_text" file="C:\Users\Gaser\Desktop\COPRRA\tests\AI\AIModelTest.php" line="24" class="Tests\AI\AIModelTest" classname="Tests.AI.AIModelTest" assertions="2" time="0.002196"/>
        <testcase name="ai_can_analyze_images" file="C:\Users\Gaser\Desktop\COPRRA\tests\AI\AIModelTest.php" line="66" class="Tests\AI\AIModelTest" classname="Tests.AI.AIModelTest" assertions="1" time="0.002195"/>
        <testcase name="ai_can_classify_products" file="C:\Users\Gaser\Desktop\COPRRA\tests\AI\AIModelTest.php" line="38" class="Tests\AI\AIModelTest" classname="Tests.AI.AIModelTest" assertions="2" time="0.002171"/>
      </testsuite>
      <testsuite name="Tests\AI\StrictQualityAgentTest" file="C:\Users\Gaser\Desktop\COPRRA\tests\AI\StrictQualityAgentTest.php" tests="10" assertions="10" errors="0" failures="0" skipped="0" time="0.035915">
        <testcase name="agent_handles_stage_failure" file="C:\Users\Gaser\Desktop\COPRRA\tests\AI\StrictQualityAgentTest.php" line="37" class="Tests\AI\StrictQualityAgentTest" classname="Tests.AI.StrictQualityAgentTest" assertions="1" time="0.002086"/>
        <testcase name="agent_has_all_required_stages" file="C:\Users\Gaser\Desktop\COPRRA\tests\AI\StrictQualityAgentTest.php" line="19" class="Tests\AI\StrictQualityAgentTest" classname="Tests.AI.StrictQualityAgentTest" assertions="1" time="0.001896"/>
        <testcase name="agent_can_auto_fix_issues" file="C:\Users\Gaser\Desktop\COPRRA\tests\AI\StrictQualityAgentTest.php" line="43" class="Tests\AI\StrictQualityAgentTest" classname="Tests.AI.StrictQualityAgentTest" assertions="1" time="0.001687"/>
        <testcase name="agent_generates_report_file" file="C:\Users\Gaser\Desktop\COPRRA\tests\AI\StrictQualityAgentTest.php" line="49" class="Tests\AI\StrictQualityAgentTest" classname="Tests.AI.StrictQualityAgentTest" assertions="1" time="0.018585"/>
        <testcase name="agent_initializes_correctly" file="C:\Users\Gaser\Desktop\COPRRA\tests\AI\StrictQualityAgentTest.php" line="13" class="Tests\AI\StrictQualityAgentTest" classname="Tests.AI.StrictQualityAgentTest" assertions="1" time="0.001612"/>
        <testcase name="agent_returns_all_results" file="C:\Users\Gaser\Desktop\COPRRA\tests\AI\StrictQualityAgentTest.php" line="61" class="Tests\AI\StrictQualityAgentTest" classname="Tests.AI.StrictQualityAgentTest" assertions="1" time="0.001870"/>
        <testcase name="agent_stages_have_required_properties" file="C:\Users\Gaser\Desktop\COPRRA\tests\AI\StrictQualityAgentTest.php" line="25" class="Tests\AI\StrictQualityAgentTest" classname="Tests.AI.StrictQualityAgentTest" assertions="1" time="0.002002"/>
        <testcase name="agent_returns_errors_summary" file="C:\Users\Gaser\Desktop\COPRRA\tests\AI\StrictQualityAgentTest.php" line="67" class="Tests\AI\StrictQualityAgentTest" classname="Tests.AI.StrictQualityAgentTest" assertions="1" time="0.001819"/>
        <testcase name="agent_returns_correct_stage_status" file="C:\Users\Gaser\Desktop\COPRRA\tests\AI\StrictQualityAgentTest.php" line="55" class="Tests\AI\StrictQualityAgentTest" classname="Tests.AI.StrictQualityAgentTest" assertions="1" time="0.002043"/>
        <testcase name="agent_can_execute_single_stage" file="C:\Users\Gaser\Desktop\COPRRA\tests\AI\StrictQualityAgentTest.php" line="31" class="Tests\AI\StrictQualityAgentTest" classname="Tests.AI.StrictQualityAgentTest" assertions="1" time="0.002315"/>
      </testsuite>
      <testsuite name="Tests\AI\TextProcessingTest" file="C:\Users\Gaser\Desktop\COPRRA\tests\AI\TextProcessingTest.php" tests="8" assertions="8" errors="0" failures="0" skipped="0" time="0.022578">
        <testcase name="can_handle_mixed_languages" file="C:\Users\Gaser\Desktop\COPRRA\tests\AI\TextProcessingTest.php" line="43" class="Tests\AI\TextProcessingTest" classname="Tests.AI.TextProcessingTest" assertions="1" time="0.001765"/>
        <testcase name="can_remove_stop_words" file="C:\Users\Gaser\Desktop\COPRRA\tests\AI\TextProcessingTest.php" line="31" class="Tests\AI\TextProcessingTest" classname="Tests.AI.TextProcessingTest" assertions="1" time="0.001825"/>
        <testcase name="can_process_arabic_text" file="C:\Users\Gaser\Desktop\COPRRA\tests\AI\TextProcessingTest.php" line="13" class="Tests\AI\TextProcessingTest" classname="Tests.AI.TextProcessingTest" assertions="1" time="0.002146"/>
        <testcase name="can_normalize_text" file="C:\Users\Gaser\Desktop\COPRRA\tests\AI\TextProcessingTest.php" line="37" class="Tests\AI\TextProcessingTest" classname="Tests.AI.TextProcessingTest" assertions="1" time="0.001783"/>
        <testcase name="can_summarize_text" file="C:\Users\Gaser\Desktop\COPRRA\tests\AI\TextProcessingTest.php" line="55" class="Tests\AI\TextProcessingTest" classname="Tests.AI.TextProcessingTest" assertions="1" time="0.001723"/>
        <testcase name="can_detect_sentiment" file="C:\Users\Gaser\Desktop\COPRRA\tests\AI\TextProcessingTest.php" line="25" class="Tests\AI\TextProcessingTest" classname="Tests.AI.TextProcessingTest" assertions="1" time="0.002325"/>
        <testcase name="can_extract_entities" file="C:\Users\Gaser\Desktop\COPRRA\tests\AI\TextProcessingTest.php" line="49" class="Tests\AI\TextProcessingTest" classname="Tests.AI.TextProcessingTest" assertions="1" time="0.009141"/>
        <testcase name="can_extract_keywords" file="C:\Users\Gaser\Desktop\COPRRA\tests\AI\TextProcessingTest.php" line="19" class="Tests\AI\TextProcessingTest" classname="Tests.AI.TextProcessingTest" assertions="1" time="0.001870"/>
      </testsuite>
      <testsuite name="Tests\AI\AILearningTest" file="C:\Users\Gaser\Desktop\COPRRA\tests\AI\AILearningTest.php" tests="4" assertions="9" errors="0" failures="0" skipped="0" time="0.008523">
        <testcase name="ai_learns_from_image_analysis_feedback" file="C:\Users\Gaser\Desktop\COPRRA\tests\AI\AILearningTest.php" line="75" class="Tests\AI\AILearningTest" classname="Tests.AI.AILearningTest" assertions="2" time="0.002083"/>
        <testcase name="ai_learns_from_recommendation_feedback" file="C:\Users\Gaser\Desktop\COPRRA\tests\AI\AILearningTest.php" line="55" class="Tests\AI\AILearningTest" classname="Tests.AI.AILearningTest" assertions="2" time="0.002095"/>
        <testcase name="ai_learns_from_text_feedback" file="C:\Users\Gaser\Desktop\COPRRA\tests\AI\AILearningTest.php" line="15" class="Tests\AI\AILearningTest" classname="Tests.AI.AILearningTest" assertions="2" time="0.002156"/>
        <testcase name="ai_learns_from_classification_feedback" file="C:\Users\Gaser\Desktop\COPRRA\tests\AI\AILearningTest.php" line="35" class="Tests\AI\AILearningTest" classname="Tests.AI.AILearningTest" assertions="3" time="0.002189"/>
      </testsuite>
    </testsuite>
    <testsuite name="Performance" tests="24" assertions="128" errors="0" failures="0" skipped="0" time="11.159404">
      <testsuite name="Tests\Performance\ApiResponseTimeTest" file="C:\Users\Gaser\Desktop\COPRRA\tests\Performance\ApiResponseTimeTest.php" tests="3" assertions="3" errors="0" failures="0" skipped="0" time="1.490730">
        <testcase name="test_api_response_time_is_acceptable" file="C:\Users\Gaser\Desktop\COPRRA\tests\Performance\ApiResponseTimeTest.php" line="11" class="Tests\Performance\ApiResponseTimeTest" classname="Tests.Performance.ApiResponseTimeTest" assertions="1" time="0.495720"/>
        <testcase name="test_api_response_time_under_load" file="C:\Users\Gaser\Desktop\COPRRA\tests\Performance\ApiResponseTimeTest.php" line="16" class="Tests\Performance\ApiResponseTimeTest" classname="Tests.Performance.ApiResponseTimeTest" assertions="1" time="0.541564"/>
        <testcase name="test_api_response_time_consistency" file="C:\Users\Gaser\Desktop\COPRRA\tests\Performance\ApiResponseTimeTest.php" line="21" class="Tests\Performance\ApiResponseTimeTest" classname="Tests.Performance.ApiResponseTimeTest" assertions="1" time="0.453445"/>
      </testsuite>
      <testsuite name="Tests\Performance\AdvancedPerformanceTest" file="C:\Users\Gaser\Desktop\COPRRA\tests\Performance\AdvancedPerformanceTest.php" tests="3" assertions="3" errors="0" failures="0" skipped="0" time="1.390247">
        <testcase name="test_advanced_performance_metrics" file="C:\Users\Gaser\Desktop\COPRRA\tests\Performance\AdvancedPerformanceTest.php" line="11" class="Tests\Performance\AdvancedPerformanceTest" classname="Tests.Performance.AdvancedPerformanceTest" assertions="1" time="0.435435"/>
        <testcase name="test_advanced_response_times" file="C:\Users\Gaser\Desktop\COPRRA\tests\Performance\AdvancedPerformanceTest.php" line="21" class="Tests\Performance\AdvancedPerformanceTest" classname="Tests.Performance.AdvancedPerformanceTest" assertions="1" time="0.456118"/>
        <testcase name="test_advanced_memory_usage" file="C:\Users\Gaser\Desktop\COPRRA\tests\Performance\AdvancedPerformanceTest.php" line="16" class="Tests\Performance\AdvancedPerformanceTest" classname="Tests.Performance.AdvancedPerformanceTest" assertions="1" time="0.498694"/>
      </testsuite>
      <testsuite name="Tests\Performance\LoadTimeTest" file="C:\Users\Gaser\Desktop\COPRRA\tests\Performance\LoadTimeTest.php" tests="3" assertions="3" errors="0" failures="0" skipped="0" time="1.338518">
        <testcase name="test_page_load_time" file="C:\Users\Gaser\Desktop\COPRRA\tests\Performance\LoadTimeTest.php" line="11" class="Tests\Performance\LoadTimeTest" classname="Tests.Performance.LoadTimeTest" assertions="1" time="0.432331"/>
        <testcase name="test_api_load_time" file="C:\Users\Gaser\Desktop\COPRRA\tests\Performance\LoadTimeTest.php" line="21" class="Tests\Performance\LoadTimeTest" classname="Tests.Performance.LoadTimeTest" assertions="1" time="0.479931"/>
        <testcase name="test_asset_load_time" file="C:\Users\Gaser\Desktop\COPRRA\tests\Performance\LoadTimeTest.php" line="16" class="Tests\Performance\LoadTimeTest" classname="Tests.Performance.LoadTimeTest" assertions="1" time="0.426256"/>
      </testsuite>
      <testsuite name="Tests\Performance\MemoryUsageTest" file="C:\Users\Gaser\Desktop\COPRRA\tests\Performance\MemoryUsageTest.php" tests="3" assertions="3" errors="0" failures="0" skipped="0" time="1.351505">
        <testcase name="test_memory_usage_is_reasonable" file="C:\Users\Gaser\Desktop\COPRRA\tests\Performance\MemoryUsageTest.php" line="11" class="Tests\Performance\MemoryUsageTest" classname="Tests.Performance.MemoryUsageTest" assertions="1" time="0.452923"/>
        <testcase name="test_memory_leaks_are_prevented" file="C:\Users\Gaser\Desktop\COPRRA\tests\Performance\MemoryUsageTest.php" line="16" class="Tests\Performance\MemoryUsageTest" classname="Tests.Performance.MemoryUsageTest" assertions="1" time="0.436292"/>
        <testcase name="test_memory_cleanup_works" file="C:\Users\Gaser\Desktop\COPRRA\tests\Performance\MemoryUsageTest.php" line="21" class="Tests\Performance\MemoryUsageTest" classname="Tests.Performance.MemoryUsageTest" assertions="1" time="0.462290"/>
      </testsuite>
      <testsuite name="Tests\Performance\CachePerformanceTest" file="C:\Users\Gaser\Desktop\COPRRA\tests\Performance\CachePerformanceTest.php" tests="3" assertions="3" errors="0" failures="0" skipped="0" time="1.325829">
        <testcase name="test_cache_performance" file="C:\Users\Gaser\Desktop\COPRRA\tests\Performance\CachePerformanceTest.php" line="11" class="Tests\Performance\CachePerformanceTest" classname="Tests.Performance.CachePerformanceTest" assertions="1" time="0.425098"/>
        <testcase name="test_cache_hit_ratio" file="C:\Users\Gaser\Desktop\COPRRA\tests\Performance\CachePerformanceTest.php" line="16" class="Tests\Performance\CachePerformanceTest" classname="Tests.Performance.CachePerformanceTest" assertions="1" time="0.472491"/>
        <testcase name="test_cache_memory_usage" file="C:\Users\Gaser\Desktop\COPRRA\tests\Performance\CachePerformanceTest.php" line="21" class="Tests\Performance\CachePerformanceTest" classname="Tests.Performance.CachePerformanceTest" assertions="1" time="0.428240"/>
      </testsuite>
      <testsuite name="Tests\Performance\PerformanceBenchmarkTest" file="C:\Users\Gaser\Desktop\COPRRA\tests\Performance\PerformanceBenchmarkTest.php" tests="3" assertions="107" errors="0" failures="0" skipped="0" time="1.462104">
        <testcase name="test_benchmark_trends" file="C:\Users\Gaser\Desktop\COPRRA\tests\Performance\PerformanceBenchmarkTest.php" line="46" class="Tests\Performance\PerformanceBenchmarkTest" classname="Tests.Performance.PerformanceBenchmarkTest" assertions="102" time="0.489809"/>
        <testcase name="test_benchmark_comparison" file="C:\Users\Gaser\Desktop\COPRRA\tests\Performance\PerformanceBenchmarkTest.php" line="28" class="Tests\Performance\PerformanceBenchmarkTest" classname="Tests.Performance.PerformanceBenchmarkTest" assertions="3" time="0.549021"/>
        <testcase name="test_performance_benchmark" file="C:\Users\Gaser\Desktop\COPRRA\tests\Performance\PerformanceBenchmarkTest.php" line="11" class="Tests\Performance\PerformanceBenchmarkTest" classname="Tests.Performance.PerformanceBenchmarkTest" assertions="2" time="0.423274"/>
      </testsuite>
      <testsuite name="Tests\Performance\DatabasePerformanceTest" file="C:\Users\Gaser\Desktop\COPRRA\tests\Performance\DatabasePerformanceTest.php" tests="3" assertions="3" errors="0" failures="0" skipped="0" time="1.403230">
        <testcase name="test_database_query_performance" file="C:\Users\Gaser\Desktop\COPRRA\tests\Performance\DatabasePerformanceTest.php" line="11" class="Tests\Performance\DatabasePerformanceTest" classname="Tests.Performance.DatabasePerformanceTest" assertions="1" time="0.513236"/>
        <testcase name="test_database_connection_performance" file="C:\Users\Gaser\Desktop\COPRRA\tests\Performance\DatabasePerformanceTest.php" line="16" class="Tests\Performance\DatabasePerformanceTest" classname="Tests.Performance.DatabasePerformanceTest" assertions="1" time="0.461301"/>
        <testcase name="test_database_transaction_performance" file="C:\Users\Gaser\Desktop\COPRRA\tests\Performance\DatabasePerformanceTest.php" line="21" class="Tests\Performance\DatabasePerformanceTest" classname="Tests.Performance.DatabasePerformanceTest" assertions="1" time="0.428694"/>
      </testsuite>
      <testsuite name="Tests\Performance\LoadTestingTest" file="C:\Users\Gaser\Desktop\COPRRA\tests\Performance\LoadTestingTest.php" tests="3" assertions="3" errors="0" failures="0" skipped="0" time="1.397240">
        <testcase name="test_load_testing_basic" file="C:\Users\Gaser\Desktop\COPRRA\tests\Performance\LoadTestingTest.php" line="11" class="Tests\Performance\LoadTestingTest" classname="Tests.Performance.LoadTestingTest" assertions="1" time="0.436285"/>
        <testcase name="test_load_testing_high" file="C:\Users\Gaser\Desktop\COPRRA\tests\Performance\LoadTestingTest.php" line="21" class="Tests\Performance\LoadTestingTest" classname="Tests.Performance.LoadTestingTest" assertions="1" time="0.453884"/>
        <testcase name="test_load_testing_medium" file="C:\Users\Gaser\Desktop\COPRRA\tests\Performance\LoadTestingTest.php" line="16" class="Tests\Performance\LoadTestingTest" classname="Tests.Performance.LoadTestingTest" assertions="1" time="0.507072"/>
      </testsuite>
    </testsuite>
    <testsuite name="Unit" tests="783" assertions="1708" errors="0" failures="0" skipped="0" time="222.073520">
      <testsuite name="Tests\Unit\Services\BehaviorAnalysisServiceTest" file="C:\Users\Gaser\Desktop\COPRRA\tests\Unit\Services\BehaviorAnalysisServiceTest.php" tests="3" assertions="3" errors="0" failures="0" skipped="0" time="1.413951">
        <testcase name="test_get_site_analytics_returns_cached_data" file="C:\Users\Gaser\Desktop\COPRRA\tests\Unit\Services\BehaviorAnalysisServiceTest.php" line="76" class="Tests\Unit\Services\BehaviorAnalysisServiceTest" classname="Tests.Unit.Services.BehaviorAnalysisServiceTest" assertions="1" time="0.479460"/>
        <testcase name="test_get_user_analytics_returns_cached_data" file="C:\Users\Gaser\Desktop\COPRRA\tests\Unit\Services\BehaviorAnalysisServiceTest.php" line="54" class="Tests\Unit\Services\BehaviorAnalysisServiceTest" classname="Tests.Unit.Services.BehaviorAnalysisServiceTest" assertions="1" time="0.481247"/>
        <testcase name="test_track_user_behavior_inserts_into_database" file="C:\Users\Gaser\Desktop\COPRRA\tests\Unit\Services\BehaviorAnalysisServiceTest.php" line="23" class="Tests\Unit\Services\BehaviorAnalysisServiceTest" classname="Tests.Unit.Services.BehaviorAnalysisServiceTest" assertions="1" time="0.453244"/>
      </testsuite>
      <testsuite name="Tests\Unit\Jobs\ProcessHeavyOperationTest" file="C:\Users\Gaser\Desktop\COPRRA\tests\Unit\Jobs\ProcessHeavyOperationTest.php" tests="14" assertions="20" errors="0" failures="0" skipped="0" time="0.870574">
        <testcase name="test_job_handles_generate_report_operation_without_job_instance" file="C:\Users\Gaser\Desktop\COPRRA\tests\Unit\Jobs\ProcessHeavyOperationTest.php" line="90" class="Tests\Unit\Jobs\ProcessHeavyOperationTest" classname="Tests.Unit.Jobs.ProcessHeavyOperationTest" assertions="1" time="0.078647"/>
        <testcase name="test_can_be_instantiated" file="C:\Users\Gaser\Desktop\COPRRA\tests\Unit\Jobs\ProcessHeavyOperationTest.php" line="50" class="Tests\Unit\Jobs\ProcessHeavyOperationTest" classname="Tests.Unit.Jobs.ProcessHeavyOperationTest" assertions="1" time="0.066813"/>
        <testcase name="test_job_get_job_status_returns_null_for_unknown_job" file="C:\Users\Gaser\Desktop\COPRRA\tests\Unit\Jobs\ProcessHeavyOperationTest.php" line="64" class="Tests\Unit\Jobs\ProcessHeavyOperationTest" classname="Tests.Unit.Jobs.ProcessHeavyOperationTest" assertions="1" time="0.067513"/>
        <testcase name="test_job_handles_import_data_operation_without_job_instance" file="C:\Users\Gaser\Desktop\COPRRA\tests\Unit\Jobs\ProcessHeavyOperationTest.php" line="193" class="Tests\Unit\Jobs\ProcessHeavyOperationTest" classname="Tests.Unit.Jobs.ProcessHeavyOperationTest" assertions="1" time="0.053708"/>
        <testcase name="test_job_handles_update_statistics_operation_without_job_instance" file="C:\Users\Gaser\Desktop\COPRRA\tests\Unit\Jobs\ProcessHeavyOperationTest.php" line="150" class="Tests\Unit\Jobs\ProcessHeavyOperationTest" classname="Tests.Unit.Jobs.ProcessHeavyOperationTest" assertions="1" time="0.055263"/>
        <testcase name="test_job_handles_process_images_operation_without_job_instance" file="C:\Users\Gaser\Desktop\COPRRA\tests\Unit\Jobs\ProcessHeavyOperationTest.php" line="107" class="Tests\Unit\Jobs\ProcessHeavyOperationTest" classname="Tests.Unit.Jobs.ProcessHeavyOperationTest" assertions="1" time="0.054527"/>
        <testcase name="test_job_constructor_sets_properties_correctly" file="C:\Users\Gaser\Desktop\COPRRA\tests\Unit\Jobs\ProcessHeavyOperationTest.php" line="23" class="Tests\Unit\Jobs\ProcessHeavyOperationTest" classname="Tests.Unit.Jobs.ProcessHeavyOperationTest" assertions="3" time="0.100536"/>
        <testcase name="test_job_has_correct_timeout_and_retry_settings" file="C:\Users\Gaser\Desktop\COPRRA\tests\Unit\Jobs\ProcessHeavyOperationTest.php" line="55" class="Tests\Unit\Jobs\ProcessHeavyOperationTest" classname="Tests.Unit.Jobs.ProcessHeavyOperationTest" assertions="3" time="0.058847"/>
        <testcase name="test_job_handles_cleanup_old_data_operation_without_job_instance" file="C:\Users\Gaser\Desktop\COPRRA\tests\Unit\Jobs\ProcessHeavyOperationTest.php" line="164" class="Tests\Unit\Jobs\ProcessHeavyOperationTest" classname="Tests.Unit.Jobs.ProcessHeavyOperationTest" assertions="1" time="0.057988"/>
        <testcase name="test_job_handles_send_bulk_notifications_operation_without_job_instance" file="C:\Users\Gaser\Desktop\COPRRA\tests\Unit\Jobs\ProcessHeavyOperationTest.php" line="135" class="Tests\Unit\Jobs\ProcessHeavyOperationTest" classname="Tests.Unit.Jobs.ProcessHeavyOperationTest" assertions="1" time="0.055452"/>
        <testcase name="test_job_get_user_job_statuses_returns_empty_array" file="C:\Users\Gaser\Desktop\COPRRA\tests\Unit\Jobs\ProcessHeavyOperationTest.php" line="70" class="Tests\Unit\Jobs\ProcessHeavyOperationTest" classname="Tests.Unit.Jobs.ProcessHeavyOperationTest" assertions="2" time="0.054180"/>
        <testcase name="test_job_handles_export_data_operation_without_job_instance" file="C:\Users\Gaser\Desktop\COPRRA\tests\Unit\Jobs\ProcessHeavyOperationTest.php" line="178" class="Tests\Unit\Jobs\ProcessHeavyOperationTest" classname="Tests.Unit.Jobs.ProcessHeavyOperationTest" assertions="1" time="0.055180"/>
        <testcase name="test_job_throws_exception_for_unknown_operation" file="C:\Users\Gaser\Desktop\COPRRA\tests\Unit\Jobs\ProcessHeavyOperationTest.php" line="77" class="Tests\Unit\Jobs\ProcessHeavyOperationTest" classname="Tests.Unit.Jobs.ProcessHeavyOperationTest" assertions="2" time="0.055127"/>
        <testcase name="test_job_handles_sync_data_operation_without_job_instance" file="C:\Users\Gaser\Desktop\COPRRA\tests\Unit\Jobs\ProcessHeavyOperationTest.php" line="121" class="Tests\Unit\Jobs\ProcessHeavyOperationTest" classname="Tests.Unit.Jobs.ProcessHeavyOperationTest" assertions="1" time="0.056792"/>
      </testsuite>
      <testsuite name="Tests\Unit\DataQuality\DataQualityMetricsTest" file="C:\Users\Gaser\Desktop\COPRRA\tests\Unit\DataQuality\DataQualityMetricsTest.php" tests="3" assertions="3" errors="0" failures="0" skipped="0" time="1.374363">
        <testcase name="test_expected_behavior" file="C:\Users\Gaser\Desktop\COPRRA\tests\Unit\DataQuality\DataQualityMetricsTest.php" line="19" class="Tests\Unit\DataQuality\DataQualityMetricsTest" classname="Tests.Unit.DataQuality.DataQualityMetricsTest" assertions="1" time="0.457758"/>
        <testcase name="test_validation" file="C:\Users\Gaser\Desktop\COPRRA\tests\Unit\DataQuality\DataQualityMetricsTest.php" line="26" class="Tests\Unit\DataQuality\DataQualityMetricsTest" classname="Tests.Unit.DataQuality.DataQualityMetricsTest" assertions="1" time="0.424474"/>
        <testcase name="test_basic_functionality" file="C:\Users\Gaser\Desktop\COPRRA\tests\Unit\DataQuality\DataQualityMetricsTest.php" line="12" class="Tests\Unit\DataQuality\DataQualityMetricsTest" classname="Tests.Unit.DataQuality.DataQualityMetricsTest" assertions="1" time="0.492131"/>
      </testsuite>
      <testsuite name="Tests\Unit\DataQuality\DataTimelinessTest" file="C:\Users\Gaser\Desktop\COPRRA\tests\Unit\DataQuality\DataTimelinessTest.php" tests="3" assertions="3" errors="0" failures="0" skipped="0" time="1.343146">
        <testcase name="test_expected_behavior" file="C:\Users\Gaser\Desktop\COPRRA\tests\Unit\DataQuality\DataTimelinessTest.php" line="19" class="Tests\Unit\DataQuality\DataTimelinessTest" classname="Tests.Unit.DataQuality.DataTimelinessTest" assertions="1" time="0.436057"/>
        <testcase name="test_validation" file="C:\Users\Gaser\Desktop\COPRRA\tests\Unit\DataQuality\DataTimelinessTest.php" line="26" class="Tests\Unit\DataQuality\DataTimelinessTest" classname="Tests.Unit.DataQuality.DataTimelinessTest" assertions="1" time="0.481098"/>
        <testcase name="test_basic_functionality" file="C:\Users\Gaser\Desktop\COPRRA\tests\Unit\DataQuality\DataTimelinessTest.php" line="12" class="Tests\Unit\DataQuality\DataTimelinessTest" classname="Tests.Unit.DataQuality.DataTimelinessTest" assertions="1" time="0.425991"/>
      </testsuite>
      <testsuite name="Tests\Unit\Models\UserTest" file="C:\Users\Gaser\Desktop\COPRRA\tests\Unit\Models\UserTest.php" tests="14" assertions="18" errors="0" failures="0" skipped="0" time="7.088346">
        <testcase name="test_locale_setting_relation" file="C:\Users\Gaser\Desktop\COPRRA\tests\Unit\Models\UserTest.php" line="172" class="Tests\Unit\Models\UserTest" classname="Tests.Unit.Models.UserTest" assertions="2" time="0.449306"/>
        <testcase name="test_wishlists_relation" file="C:\Users\Gaser\Desktop\COPRRA\tests\Unit\Models\UserTest.php" line="146" class="Tests\Unit\Models\UserTest" classname="Tests.Unit.Models.UserTest" assertions="2" time="0.485575"/>
        <testcase name="test_price_alerts_relation" file="C:\Users\Gaser\Desktop\COPRRA\tests\Unit\Models\UserTest.php" line="159" class="Tests\Unit\Models\UserTest" classname="Tests.Unit.Models.UserTest" assertions="2" time="0.544363"/>
        <testcase name="test_is_ban_expired_returns_false_when_not_blocked" file="C:\Users\Gaser\Desktop\COPRRA\tests\Unit\Models\UserTest.php" line="87" class="Tests\Unit\Models\UserTest" classname="Tests.Unit.Models.UserTest" assertions="1" time="0.553371"/>
        <testcase name="test_is_admin_returns_false_when_is_admin_is_null" file="C:\Users\Gaser\Desktop\COPRRA\tests\Unit\Models\UserTest.php" line="47" class="Tests\Unit\Models\UserTest" classname="Tests.Unit.Models.UserTest" assertions="1" time="0.485205"/>
        <testcase name="test_reviews_relation" file="C:\Users\Gaser\Desktop\COPRRA\tests\Unit\Models\UserTest.php" line="133" class="Tests\Unit\Models\UserTest" classname="Tests.Unit.Models.UserTest" assertions="2" time="0.494634"/>
        <testcase name="test_is_banned_returns_true_when_is_blocked_is_true" file="C:\Users\Gaser\Desktop\COPRRA\tests\Unit\Models\UserTest.php" line="57" class="Tests\Unit\Models\UserTest" classname="Tests.Unit.Models.UserTest" assertions="1" time="0.491618"/>
        <testcase name="test_is_banned_returns_false_when_is_blocked_is_null" file="C:\Users\Gaser\Desktop\COPRRA\tests\Unit\Models\UserTest.php" line="77" class="Tests\Unit\Models\UserTest" classname="Tests.Unit.Models.UserTest" assertions="1" time="0.514892"/>
        <testcase name="test_is_admin_returns_true_when_is_admin_is_true" file="C:\Users\Gaser\Desktop\COPRRA\tests\Unit\Models\UserTest.php" line="27" class="Tests\Unit\Models\UserTest" classname="Tests.Unit.Models.UserTest" assertions="1" time="0.551424"/>
        <testcase name="test_is_banned_returns_false_when_is_blocked_is_false" file="C:\Users\Gaser\Desktop\COPRRA\tests\Unit\Models\UserTest.php" line="67" class="Tests\Unit\Models\UserTest" classname="Tests.Unit.Models.UserTest" assertions="1" time="0.597494"/>
        <testcase name="test_is_ban_expired_returns_true_when_ban_expired" file="C:\Users\Gaser\Desktop\COPRRA\tests\Unit\Models\UserTest.php" line="110" class="Tests\Unit\Models\UserTest" classname="Tests.Unit.Models.UserTest" assertions="1" time="0.453244"/>
        <testcase name="test_is_ban_expired_returns_false_when_ban_not_expired" file="C:\Users\Gaser\Desktop\COPRRA\tests\Unit\Models\UserTest.php" line="97" class="Tests\Unit\Models\UserTest" classname="Tests.Unit.Models.UserTest" assertions="1" time="0.488075"/>
        <testcase name="test_is_admin_returns_false_when_is_admin_is_false" file="C:\Users\Gaser\Desktop\COPRRA\tests\Unit\Models\UserTest.php" line="37" class="Tests\Unit\Models\UserTest" classname="Tests.Unit.Models.UserTest" assertions="1" time="0.543982"/>
        <testcase name="test_is_ban_expired_returns_false_when_ban_expires_at_is_null" file="C:\Users\Gaser\Desktop\COPRRA\tests\Unit\Models\UserTest.php" line="123" class="Tests\Unit\Models\UserTest" classname="Tests.Unit.Models.UserTest" assertions="1" time="0.435160"/>
      </testsuite>
      <testsuite name="Tests\Unit\Performance\AvailabilityTestingTest" file="C:\Users\Gaser\Desktop\COPRRA\tests\Unit\Performance\AvailabilityTestingTest.php" tests="3" assertions="3" errors="0" failures="0" skipped="0" time="1.414601">
        <testcase name="test_performance_optimization" file="C:\Users\Gaser\Desktop\COPRRA\tests\Unit\Performance\AvailabilityTestingTest.php" line="26" class="Tests\Unit\Performance\AvailabilityTestingTest" classname="Tests.Unit.Performance.AvailabilityTestingTest" assertions="1" time="0.497575"/>
        <testcase name="test_performance_basic_functionality" file="C:\Users\Gaser\Desktop\COPRRA\tests\Unit\Performance\AvailabilityTestingTest.php" line="12" class="Tests\Unit\Performance\AvailabilityTestingTest" classname="Tests.Unit.Performance.AvailabilityTestingTest" assertions="1" time="0.484581"/>
        <testcase name="test_performance_metrics" file="C:\Users\Gaser\Desktop\COPRRA\tests\Unit\Performance\AvailabilityTestingTest.php" line="19" class="Tests\Unit\Performance\AvailabilityTestingTest" classname="Tests.Unit.Performance.AvailabilityTestingTest" assertions="1" time="0.432445"/>
      </testsuite>
      <testsuite name="Tests\Unit\Models\ReviewTest" file="C:\Users\Gaser\Desktop\COPRRA\tests\Unit\Models\ReviewTest.php" tests="3" assertions="5" errors="0" failures="0" skipped="0" time="1.291178">
        <testcase name="test_user_relation" file="C:\Users\Gaser\Desktop\COPRRA\tests\Unit\Models\ReviewTest.php" line="23" class="Tests\Unit\Models\ReviewTest" classname="Tests.Unit.Models.ReviewTest" assertions="2" time="0.440493"/>
        <testcase name="test_get_review_text_attribute" file="C:\Users\Gaser\Desktop\COPRRA\tests\Unit\Models\ReviewTest.php" line="49" class="Tests\Unit\Models\ReviewTest" classname="Tests.Unit.Models.ReviewTest" assertions="1" time="0.424792"/>
        <testcase name="test_product_relation" file="C:\Users\Gaser\Desktop\COPRRA\tests\Unit\Models\ReviewTest.php" line="36" class="Tests\Unit\Models\ReviewTest" classname="Tests.Unit.Models.ReviewTest" assertions="2" time="0.425893"/>
      </testsuite>
      <testsuite name="Tests\Unit\Models\LanguageTest" file="C:\Users\Gaser\Desktop\COPRRA\tests\Unit\Models\LanguageTest.php" tests="10" assertions="15" errors="0" failures="0" skipped="0" time="4.577051">
        <testcase name="test_fillable_attributes" file="C:\Users\Gaser\Desktop\COPRRA\tests\Unit\Models\LanguageTest.php" line="24" class="Tests\Unit\Models\LanguageTest" classname="Tests.Unit.Models.LanguageTest" assertions="1" time="0.445104"/>
        <testcase name="test_is_rtl_returns_false_when_direction_ltr" file="C:\Users\Gaser\Desktop\COPRRA\tests\Unit\Models\LanguageTest.php" line="112" class="Tests\Unit\Models\LanguageTest" classname="Tests.Unit.Models.LanguageTest" assertions="1" time="0.475758"/>
        <testcase name="test_currencies_relation" file="C:\Users\Gaser\Desktop\COPRRA\tests\Unit\Models\LanguageTest.php" line="54" class="Tests\Unit\Models\LanguageTest" classname="Tests.Unit.Models.LanguageTest" assertions="3" time="0.464629"/>
        <testcase name="test_scope_active" file="C:\Users\Gaser\Desktop\COPRRA\tests\Unit\Models\LanguageTest.php" line="81" class="Tests\Unit\Models\LanguageTest" classname="Tests.Unit.Models.LanguageTest" assertions="2" time="0.478664"/>
        <testcase name="test_scope_ordered" file="C:\Users\Gaser\Desktop\COPRRA\tests\Unit\Models\LanguageTest.php" line="92" class="Tests\Unit\Models\LanguageTest" classname="Tests.Unit.Models.LanguageTest" assertions="1" time="0.454871"/>
        <testcase name="test_user_locale_settings_relation" file="C:\Users\Gaser\Desktop\COPRRA\tests\Unit\Models\LanguageTest.php" line="68" class="Tests\Unit\Models\LanguageTest" classname="Tests.Unit.Models.LanguageTest" assertions="2" time="0.432952"/>
        <testcase name="test_default_currency_method_exists" file="C:\Users\Gaser\Desktop\COPRRA\tests\Unit\Models\LanguageTest.php" line="136" class="Tests\Unit\Models\LanguageTest" classname="Tests.Unit.Models.LanguageTest" assertions="1" time="0.445887"/>
        <testcase name="test_is_rtl_returns_true_when_direction_rtl" file="C:\Users\Gaser\Desktop\COPRRA\tests\Unit\Models\LanguageTest.php" line="102" class="Tests\Unit\Models\LanguageTest" classname="Tests.Unit.Models.LanguageTest" assertions="1" time="0.490913"/>
        <testcase name="test_find_by_code" file="C:\Users\Gaser\Desktop\COPRRA\tests\Unit\Models\LanguageTest.php" line="122" class="Tests\Unit\Models\LanguageTest" classname="Tests.Unit.Models.LanguageTest" assertions="2" time="0.442506"/>
        <testcase name="test_casts" file="C:\Users\Gaser\Desktop\COPRRA\tests\Unit\Models\LanguageTest.php" line="41" class="Tests\Unit\Models\LanguageTest" classname="Tests.Unit.Models.LanguageTest" assertions="1" time="0.445765"/>
      </testsuite>
      <testsuite name="Tests\Unit\Recommendations\ContentBasedFilteringTest" file="C:\Users\Gaser\Desktop\COPRRA\tests\Unit\Recommendations\ContentBasedFilteringTest.php" tests="10" assertions="21" errors="0" failures="0" skipped="0" time="0.026199">
        <testcase name="it_builds_user_profile" file="C:\Users\Gaser\Desktop\COPRRA\tests\Unit\Recommendations\ContentBasedFilteringTest.php" line="65" class="Tests\Unit\Recommendations\ContentBasedFilteringTest" classname="Tests.Unit.Recommendations.ContentBasedFilteringTest" assertions="4" time="0.003065"/>
        <testcase name="it_handles_text_similarity" file="C:\Users\Gaser\Desktop\COPRRA\tests\Unit\Recommendations\ContentBasedFilteringTest.php" line="115" class="Tests\Unit\Recommendations\ContentBasedFilteringTest" classname="Tests.Unit.Recommendations.ContentBasedFilteringTest" assertions="1" time="0.003322"/>
        <testcase name="it_calculates_tf_idf_scores" file="C:\Users\Gaser\Desktop\COPRRA\tests\Unit\Recommendations\ContentBasedFilteringTest.php" line="137" class="Tests\Unit\Recommendations\ContentBasedFilteringTest" classname="Tests.Unit.Recommendations.ContentBasedFilteringTest" assertions="1" time="0.002542"/>
        <testcase name="it_extracts_keywords_from_text" file="C:\Users\Gaser\Desktop\COPRRA\tests\Unit\Recommendations\ContentBasedFilteringTest.php" line="126" class="Tests\Unit\Recommendations\ContentBasedFilteringTest" classname="Tests.Unit.Recommendations.ContentBasedFilteringTest" assertions="3" time="0.003275"/>
        <testcase name="it_calculates_item_similarity" file="C:\Users\Gaser\Desktop\COPRRA\tests\Unit\Recommendations\ContentBasedFilteringTest.php" line="43" class="Tests\Unit\Recommendations\ContentBasedFilteringTest" classname="Tests.Unit.Recommendations.ContentBasedFilteringTest" assertions="1" time="0.002077"/>
        <testcase name="it_handles_numerical_features" file="C:\Users\Gaser\Desktop\COPRRA\tests\Unit\Recommendations\ContentBasedFilteringTest.php" line="167" class="Tests\Unit\Recommendations\ContentBasedFilteringTest" classname="Tests.Unit.Recommendations.ContentBasedFilteringTest" assertions="1" time="0.001834"/>
        <testcase name="it_analyzes_item_features" file="C:\Users\Gaser\Desktop\COPRRA\tests\Unit\Recommendations\ContentBasedFilteringTest.php" line="13" class="Tests\Unit\Recommendations\ContentBasedFilteringTest" classname="Tests.Unit.Recommendations.ContentBasedFilteringTest" assertions="4" time="0.002664"/>
        <testcase name="it_combines_multiple_similarity_measures" file="C:\Users\Gaser\Desktop\COPRRA\tests\Unit\Recommendations\ContentBasedFilteringTest.php" line="180" class="Tests\Unit\Recommendations\ContentBasedFilteringTest" classname="Tests.Unit.Recommendations.ContentBasedFilteringTest" assertions="3" time="0.002175"/>
        <testcase name="it_handles_categorical_features" file="C:\Users\Gaser\Desktop\COPRRA\tests\Unit\Recommendations\ContentBasedFilteringTest.php" line="154" class="Tests\Unit\Recommendations\ContentBasedFilteringTest" classname="Tests.Unit.Recommendations.ContentBasedFilteringTest" assertions="1" time="0.002649"/>
        <testcase name="it_recommends_items_based_on_content" file="C:\Users\Gaser\Desktop\COPRRA\tests\Unit\Recommendations\ContentBasedFilteringTest.php" line="82" class="Tests\Unit\Recommendations\ContentBasedFilteringTest" classname="Tests.Unit.Recommendations.ContentBasedFilteringTest" assertions="2" time="0.002594"/>
      </testsuite>
      <testsuite name="Tests\Unit\Recommendations\CategoryRecommendationTest" file="C:\Users\Gaser\Desktop\COPRRA\tests\Unit\Recommendations\CategoryRecommendationTest.php" tests="10" assertions="31" errors="0" failures="0" skipped="0" time="0.024838">
        <testcase name="it_ranks_categories_by_relevance_score" file="C:\Users\Gaser\Desktop\COPRRA\tests\Unit\Recommendations\CategoryRecommendationTest.php" line="117" class="Tests\Unit\Recommendations\CategoryRecommendationTest" classname="Tests.Unit.Recommendations.CategoryRecommendationTest" assertions="8" time="0.002210"/>
        <testcase name="it_recommends_categories_based_on_user_history" file="C:\Users\Gaser\Desktop\COPRRA\tests\Unit\Recommendations\CategoryRecommendationTest.php" line="13" class="Tests\Unit\Recommendations\CategoryRecommendationTest" classname="Tests.Unit.Recommendations.CategoryRecommendationTest" assertions="3" time="0.002156"/>
        <testcase name="it_handles_seasonal_category_recommendations" file="C:\Users\Gaser\Desktop\COPRRA\tests\Unit\Recommendations\CategoryRecommendationTest.php" line="65" class="Tests\Unit\Recommendations\CategoryRecommendationTest" classname="Tests.Unit.Recommendations.CategoryRecommendationTest" assertions="3" time="0.002524"/>
        <testcase name="it_filters_categories_by_availability" file="C:\Users\Gaser\Desktop\COPRRA\tests\Unit\Recommendations\CategoryRecommendationTest.php" line="104" class="Tests\Unit\Recommendations\CategoryRecommendationTest" classname="Tests.Unit.Recommendations.CategoryRecommendationTest" assertions="3" time="0.002159"/>
        <testcase name="it_handles_empty_category_data" file="C:\Users\Gaser\Desktop\COPRRA\tests\Unit\Recommendations\CategoryRecommendationTest.php" line="139" class="Tests\Unit\Recommendations\CategoryRecommendationTest" classname="Tests.Unit.Recommendations.CategoryRecommendationTest" assertions="1" time="0.003653"/>
        <testcase name="it_recommends_popular_categories" file="C:\Users\Gaser\Desktop\COPRRA\tests\Unit\Recommendations\CategoryRecommendationTest.php" line="29" class="Tests\Unit\Recommendations\CategoryRecommendationTest" classname="Tests.Unit.Recommendations.CategoryRecommendationTest" assertions="4" time="0.003275"/>
        <testcase name="it_calculates_category_affinity_score" file="C:\Users\Gaser\Desktop\COPRRA\tests\Unit\Recommendations\CategoryRecommendationTest.php" line="148" class="Tests\Unit\Recommendations\CategoryRecommendationTest" classname="Tests.Unit.Recommendations.CategoryRecommendationTest" assertions="1" time="0.002288"/>
        <testcase name="it_recommends_related_categories" file="C:\Users\Gaser\Desktop\COPRRA\tests\Unit\Recommendations\CategoryRecommendationTest.php" line="48" class="Tests\Unit\Recommendations\CategoryRecommendationTest" classname="Tests.Unit.Recommendations.CategoryRecommendationTest" assertions="3" time="0.002229"/>
        <testcase name="it_recommends_categories_based_on_demographics" file="C:\Users\Gaser\Desktop\COPRRA\tests\Unit\Recommendations\CategoryRecommendationTest.php" line="83" class="Tests\Unit\Recommendations\CategoryRecommendationTest" classname="Tests.Unit.Recommendations.CategoryRecommendationTest" assertions="2" time="0.002248"/>
        <testcase name="it_recommends_trending_categories" file="C:\Users\Gaser\Desktop\COPRRA\tests\Unit\Recommendations\CategoryRecommendationTest.php" line="163" class="Tests\Unit\Recommendations\CategoryRecommendationTest" classname="Tests.Unit.Recommendations.CategoryRecommendationTest" assertions="3" time="0.002097"/>
      </testsuite>
      <testsuite name="Tests\Unit\SimpleMockeryTest" file="C:\Users\Gaser\Desktop\COPRRA\tests\Unit\SimpleMockeryTest.php" tests="3" assertions="4" errors="0" failures="0" skipped="0" time="1.481763">
        <testcase name="test_mock_expected_behavior_with_parameters" file="C:\Users\Gaser\Desktop\COPRRA\tests\Unit\SimpleMockeryTest.php" line="33" class="Tests\Unit\SimpleMockeryTest" classname="Tests.Unit.SimpleMockeryTest" assertions="1" time="0.426080"/>
        <testcase name="test_mock_basic_functionality" file="C:\Users\Gaser\Desktop\COPRRA\tests\Unit\SimpleMockeryTest.php" line="19" class="Tests\Unit\SimpleMockeryTest" classname="Tests.Unit.SimpleMockeryTest" assertions="1" time="0.587759"/>
        <testcase name="test_mock_validation_throws_exception" file="C:\Users\Gaser\Desktop\COPRRA\tests\Unit\SimpleMockeryTest.php" line="49" class="Tests\Unit\SimpleMockeryTest" classname="Tests.Unit.SimpleMockeryTest" assertions="2" time="0.467924"/>
      </testsuite>
      <testsuite name="Tests\Unit\DataQuality\DataReliabilityTest" file="C:\Users\Gaser\Desktop\COPRRA\tests\Unit\DataQuality\DataReliabilityTest.php" tests="3" assertions="3" errors="0" failures="0" skipped="0" time="1.431901">
        <testcase name="test_expected_behavior" file="C:\Users\Gaser\Desktop\COPRRA\tests\Unit\DataQuality\DataReliabilityTest.php" line="19" class="Tests\Unit\DataQuality\DataReliabilityTest" classname="Tests.Unit.DataQuality.DataReliabilityTest" assertions="1" time="0.519510"/>
        <testcase name="test_basic_functionality" file="C:\Users\Gaser\Desktop\COPRRA\tests\Unit\DataQuality\DataReliabilityTest.php" line="12" class="Tests\Unit\DataQuality\DataReliabilityTest" classname="Tests.Unit.DataQuality.DataReliabilityTest" assertions="1" time="0.483325"/>
        <testcase name="test_validation" file="C:\Users\Gaser\Desktop\COPRRA\tests\Unit\DataQuality\DataReliabilityTest.php" line="26" class="Tests\Unit\DataQuality\DataReliabilityTest" classname="Tests.Unit.DataQuality.DataReliabilityTest" assertions="1" time="0.429065"/>
      </testsuite>
      <testsuite name="Tests\Unit\Deployment\EnvironmentConfigurationTest" file="C:\Users\Gaser\Desktop\COPRRA\tests\Unit\Deployment\EnvironmentConfigurationTest.php" tests="3" assertions="3" errors="0" failures="0" skipped="0" time="1.380561">
        <testcase name="test_validation" file="C:\Users\Gaser\Desktop\COPRRA\tests\Unit\Deployment\EnvironmentConfigurationTest.php" line="26" class="Tests\Unit\Deployment\EnvironmentConfigurationTest" classname="Tests.Unit.Deployment.EnvironmentConfigurationTest" assertions="1" time="0.505081"/>
        <testcase name="test_expected_behavior" file="C:\Users\Gaser\Desktop\COPRRA\tests\Unit\Deployment\EnvironmentConfigurationTest.php" line="19" class="Tests\Unit\Deployment\EnvironmentConfigurationTest" classname="Tests.Unit.Deployment.EnvironmentConfigurationTest" assertions="1" time="0.424608"/>
        <testcase name="test_basic_functionality" file="C:\Users\Gaser\Desktop\COPRRA\tests\Unit\Deployment\EnvironmentConfigurationTest.php" line="12" class="Tests\Unit\Deployment\EnvironmentConfigurationTest" classname="Tests.Unit.Deployment.EnvironmentConfigurationTest" assertions="1" time="0.450873"/>
      </testsuite>
      <testsuite name="Tests\Unit\Deployment\ConfigurationTest" file="C:\Users\Gaser\Desktop\COPRRA\tests\Unit\Deployment\ConfigurationTest.php" tests="3" assertions="3" errors="0" failures="0" skipped="0" time="1.347181">
        <testcase name="test_validation" file="C:\Users\Gaser\Desktop\COPRRA\tests\Unit\Deployment\ConfigurationTest.php" line="26" class="Tests\Unit\Deployment\ConfigurationTest" classname="Tests.Unit.Deployment.ConfigurationTest" assertions="1" time="0.484749"/>
        <testcase name="test_basic_functionality" file="C:\Users\Gaser\Desktop\COPRRA\tests\Unit\Deployment\ConfigurationTest.php" line="12" class="Tests\Unit\Deployment\ConfigurationTest" classname="Tests.Unit.Deployment.ConfigurationTest" assertions="1" time="0.438776"/>
        <testcase name="test_expected_behavior" file="C:\Users\Gaser\Desktop\COPRRA\tests\Unit\Deployment\ConfigurationTest.php" line="19" class="Tests\Unit\Deployment\ConfigurationTest" classname="Tests.Unit.Deployment.ConfigurationTest" assertions="1" time="0.423656"/>
      </testsuite>
      <testsuite name="Tests\Unit\Recommendations\UserBehaviorRecommendationTest" file="C:\Users\Gaser\Desktop\COPRRA\tests\Unit\Recommendations\UserBehaviorRecommendationTest.php" tests="10" assertions="31" errors="0" failures="0" skipped="0" time="0.027571">
        <testcase name="it_tracks_user_seasonal_patterns" file="C:\Users\Gaser\Desktop\COPRRA\tests\Unit\Recommendations\UserBehaviorRecommendationTest.php" line="138" class="Tests\Unit\Recommendations\UserBehaviorRecommendationTest" classname="Tests.Unit.Recommendations.UserBehaviorRecommendationTest" assertions="3" time="0.005351"/>
        <testcase name="it_generates_personalized_recommendations" file="C:\Users\Gaser\Desktop\COPRRA\tests\Unit\Recommendations\UserBehaviorRecommendationTest.php" line="173" class="Tests\Unit\Recommendations\UserBehaviorRecommendationTest" classname="Tests.Unit.Recommendations.UserBehaviorRecommendationTest" assertions="2" time="0.002897"/>
        <testcase name="it_identifies_user_preferences_from_behavior" file="C:\Users\Gaser\Desktop\COPRRA\tests\Unit\Recommendations\UserBehaviorRecommendationTest.php" line="46" class="Tests\Unit\Recommendations\UserBehaviorRecommendationTest" classname="Tests.Unit.Recommendations.UserBehaviorRecommendationTest" assertions="4" time="0.002211"/>
        <testcase name="it_tracks_user_price_sensitivity" file="C:\Users\Gaser\Desktop\COPRRA\tests\Unit\Recommendations\UserBehaviorRecommendationTest.php" line="100" class="Tests\Unit\Recommendations\UserBehaviorRecommendationTest" classname="Tests.Unit.Recommendations.UserBehaviorRecommendationTest" assertions="3" time="0.002821"/>
        <testcase name="it_predicts_user_intent" file="C:\Users\Gaser\Desktop\COPRRA\tests\Unit\Recommendations\UserBehaviorRecommendationTest.php" line="64" class="Tests\Unit\Recommendations\UserBehaviorRecommendationTest" classname="Tests.Unit.Recommendations.UserBehaviorRecommendationTest" assertions="4" time="0.002619"/>
        <testcase name="it_analyzes_user_engagement_level" file="C:\Users\Gaser\Desktop\COPRRA\tests\Unit\Recommendations\UserBehaviorRecommendationTest.php" line="82" class="Tests\Unit\Recommendations\UserBehaviorRecommendationTest" classname="Tests.Unit.Recommendations.UserBehaviorRecommendationTest" assertions="3" time="0.002929"/>
        <testcase name="it_analyzes_user_device_preferences" file="C:\Users\Gaser\Desktop\COPRRA\tests\Unit\Recommendations\UserBehaviorRecommendationTest.php" line="121" class="Tests\Unit\Recommendations\UserBehaviorRecommendationTest" classname="Tests.Unit.Recommendations.UserBehaviorRecommendationTest" assertions="4" time="0.001864"/>
        <testcase name="it_analyzes_user_browsing_patterns" file="C:\Users\Gaser\Desktop\COPRRA\tests\Unit\Recommendations\UserBehaviorRecommendationTest.php" line="13" class="Tests\Unit\Recommendations\UserBehaviorRecommendationTest" classname="Tests.Unit.Recommendations.UserBehaviorRecommendationTest" assertions="3" time="0.002549"/>
        <testcase name="it_tracks_user_purchase_frequency" file="C:\Users\Gaser\Desktop\COPRRA\tests\Unit\Recommendations\UserBehaviorRecommendationTest.php" line="30" class="Tests\Unit\Recommendations\UserBehaviorRecommendationTest" classname="Tests.Unit.Recommendations.UserBehaviorRecommendationTest" assertions="2" time="0.002153"/>
        <testcase name="it_predicts_user_churn_risk" file="C:\Users\Gaser\Desktop\COPRRA\tests\Unit\Recommendations\UserBehaviorRecommendationTest.php" line="155" class="Tests\Unit\Recommendations\UserBehaviorRecommendationTest" classname="Tests.Unit.Recommendations.UserBehaviorRecommendationTest" assertions="3" time="0.002176"/>
      </testsuite>
      <testsuite name="Tests\Unit\DataAccuracy\InventoryAccuracyTest" file="C:\Users\Gaser\Desktop\COPRRA\tests\Unit\DataAccuracy\InventoryAccuracyTest.php" tests="3" assertions="3" errors="0" failures="0" skipped="0" time="1.422693">
        <testcase name="test_expected_behavior" file="C:\Users\Gaser\Desktop\COPRRA\tests\Unit\DataAccuracy\InventoryAccuracyTest.php" line="19" class="Tests\Unit\DataAccuracy\InventoryAccuracyTest" classname="Tests.Unit.DataAccuracy.InventoryAccuracyTest" assertions="1" time="0.449674"/>
        <testcase name="test_validation" file="C:\Users\Gaser\Desktop\COPRRA\tests\Unit\DataAccuracy\InventoryAccuracyTest.php" line="26" class="Tests\Unit\DataAccuracy\InventoryAccuracyTest" classname="Tests.Unit.DataAccuracy.InventoryAccuracyTest" assertions="1" time="0.497645"/>
        <testcase name="test_basic_functionality" file="C:\Users\Gaser\Desktop\COPRRA\tests\Unit\DataAccuracy\InventoryAccuracyTest.php" line="12" class="Tests\Unit\DataAccuracy\InventoryAccuracyTest" classname="Tests.Unit.DataAccuracy.InventoryAccuracyTest" assertions="1" time="0.475374"/>
      </testsuite>
      <testsuite name="Tests\Unit\Recommendations\BestDealRecommendationTest" file="C:\Users\Gaser\Desktop\COPRRA\tests\Unit\Recommendations\BestDealRecommendationTest.php" tests="13" assertions="27" errors="0" failures="0" skipped="0" time="0.024369">
        <testcase name="it_identifies_bundle_deals" file="C:\Users\Gaser\Desktop\COPRRA\tests\Unit\Recommendations\BestDealRecommendationTest.php" line="116" class="Tests\Unit\Recommendations\BestDealRecommendationTest" classname="Tests.Unit.Recommendations.BestDealRecommendationTest" assertions="2" time="0.001546"/>
        <testcase name="it_identifies_best_overall_deals" file="C:\Users\Gaser\Desktop\COPRRA\tests\Unit\Recommendations\BestDealRecommendationTest.php" line="186" class="Tests\Unit\Recommendations\BestDealRecommendationTest" classname="Tests.Unit.Recommendations.BestDealRecommendationTest" assertions="2" time="0.001487"/>
        <testcase name="it_identifies_clearance_deals" file="C:\Users\Gaser\Desktop\COPRRA\tests\Unit\Recommendations\BestDealRecommendationTest.php" line="158" class="Tests\Unit\Recommendations\BestDealRecommendationTest" classname="Tests.Unit.Recommendations.BestDealRecommendationTest" assertions="2" time="0.002015"/>
        <testcase name="it_identifies_free_shipping_deals" file="C:\Users\Gaser\Desktop\COPRRA\tests\Unit\Recommendations\BestDealRecommendationTest.php" line="144" class="Tests\Unit\Recommendations\BestDealRecommendationTest" classname="Tests.Unit.Recommendations.BestDealRecommendationTest" assertions="2" time="0.002063"/>
        <testcase name="it_identifies_absolute_discounts" file="C:\Users\Gaser\Desktop\COPRRA\tests\Unit\Recommendations\BestDealRecommendationTest.php" line="60" class="Tests\Unit\Recommendations\BestDealRecommendationTest" classname="Tests.Unit.Recommendations.BestDealRecommendationTest" assertions="2" time="0.002491"/>
        <testcase name="it_identifies_limited_time_deals" file="C:\Users\Gaser\Desktop\COPRRA\tests\Unit\Recommendations\BestDealRecommendationTest.php" line="88" class="Tests\Unit\Recommendations\BestDealRecommendationTest" classname="Tests.Unit.Recommendations.BestDealRecommendationTest" assertions="2" time="0.001983"/>
        <testcase name="it_identifies_best_deals" file="C:\Users\Gaser\Desktop\COPRRA\tests\Unit\Recommendations\BestDealRecommendationTest.php" line="13" class="Tests\Unit\Recommendations\BestDealRecommendationTest" classname="Tests.Unit.Recommendations.BestDealRecommendationTest" assertions="2" time="0.001921"/>
        <testcase name="it_identifies_bulk_deals" file="C:\Users\Gaser\Desktop\COPRRA\tests\Unit\Recommendations\BestDealRecommendationTest.php" line="102" class="Tests\Unit\Recommendations\BestDealRecommendationTest" classname="Tests.Unit.Recommendations.BestDealRecommendationTest" assertions="2" time="0.001716"/>
        <testcase name="it_calculates_deal_score" file="C:\Users\Gaser\Desktop\COPRRA\tests\Unit\Recommendations\BestDealRecommendationTest.php" line="28" class="Tests\Unit\Recommendations\BestDealRecommendationTest" classname="Tests.Unit.Recommendations.BestDealRecommendationTest" assertions="3" time="0.001982"/>
        <testcase name="it_identifies_seasonal_deals" file="C:\Users\Gaser\Desktop\COPRRA\tests\Unit\Recommendations\BestDealRecommendationTest.php" line="172" class="Tests\Unit\Recommendations\BestDealRecommendationTest" classname="Tests.Unit.Recommendations.BestDealRecommendationTest" assertions="2" time="0.001652"/>
        <testcase name="it_identifies_value_for_money_deals" file="C:\Users\Gaser\Desktop\COPRRA\tests\Unit\Recommendations\BestDealRecommendationTest.php" line="74" class="Tests\Unit\Recommendations\BestDealRecommendationTest" classname="Tests.Unit.Recommendations.BestDealRecommendationTest" assertions="2" time="0.001569"/>
        <testcase name="it_identifies_percentage_discounts" file="C:\Users\Gaser\Desktop\COPRRA\tests\Unit\Recommendations\BestDealRecommendationTest.php" line="46" class="Tests\Unit\Recommendations\BestDealRecommendationTest" classname="Tests.Unit.Recommendations.BestDealRecommendationTest" assertions="2" time="0.001722"/>
        <testcase name="it_identifies_cashback_deals" file="C:\Users\Gaser\Desktop\COPRRA\tests\Unit\Recommendations\BestDealRecommendationTest.php" line="130" class="Tests\Unit\Recommendations\BestDealRecommendationTest" classname="Tests.Unit.Recommendations.BestDealRecommendationTest" assertions="2" time="0.002222"/>
      </testsuite>
      <testsuite name="Tests\Unit\DataQuality\DuplicateDetectionTest" file="C:\Users\Gaser\Desktop\COPRRA\tests\Unit\DataQuality\DuplicateDetectionTest.php" tests="3" assertions="3" errors="0" failures="0" skipped="0" time="1.482316">
        <testcase name="test_expected_behavior" file="C:\Users\Gaser\Desktop\COPRRA\tests\Unit\DataQuality\DuplicateDetectionTest.php" line="19" class="Tests\Unit\DataQuality\DuplicateDetectionTest" classname="Tests.Unit.DataQuality.DuplicateDetectionTest" assertions="1" time="0.550390"/>
        <testcase name="test_basic_functionality" file="C:\Users\Gaser\Desktop\COPRRA\tests\Unit\DataQuality\DuplicateDetectionTest.php" line="12" class="Tests\Unit\DataQuality\DuplicateDetectionTest" classname="Tests.Unit.DataQuality.DuplicateDetectionTest" assertions="1" time="0.492264"/>
        <testcase name="test_validation" file="C:\Users\Gaser\Desktop\COPRRA\tests\Unit\DataQuality\DuplicateDetectionTest.php" line="26" class="Tests\Unit\DataQuality\DuplicateDetectionTest" classname="Tests.Unit.DataQuality.DuplicateDetectionTest" assertions="1" time="0.439661"/>
      </testsuite>
      <testsuite name="Tests\Unit\Models\ProductTest" file="C:\Users\Gaser\Desktop\COPRRA\tests\Unit\Models\ProductTest.php" tests="17" assertions="30" errors="0" failures="0" skipped="0" time="7.794476">
        <testcase name="test_scope_active" file="C:\Users\Gaser\Desktop\COPRRA\tests\Unit\Models\ProductTest.php" line="130" class="Tests\Unit\Models\ProductTest" classname="Tests.Unit.Models.ProductTest" assertions="2" time="0.439560"/>
        <testcase name="test_scope_with_reviews_count" file="C:\Users\Gaser\Desktop\COPRRA\tests\Unit\Models\ProductTest.php" line="152" class="Tests\Unit\Models\ProductTest" classname="Tests.Unit.Models.ProductTest" assertions="1" time="0.449189"/>
        <testcase name="test_wishlists_relation" file="C:\Users\Gaser\Desktop\COPRRA\tests\Unit\Models\ProductTest.php" line="104" class="Tests\Unit\Models\ProductTest" classname="Tests.Unit.Models.ProductTest" assertions="2" time="0.445618"/>
        <testcase name="test_get_current_price" file="C:\Users\Gaser\Desktop\COPRRA\tests\Unit\Models\ProductTest.php" line="200" class="Tests\Unit\Models\ProductTest" classname="Tests.Unit.Models.ProductTest" assertions="1" time="0.484365"/>
        <testcase name="test_get_total_reviews" file="C:\Users\Gaser\Desktop\COPRRA\tests\Unit\Models\ProductTest.php" line="175" class="Tests\Unit\Models\ProductTest" classname="Tests.Unit.Models.ProductTest" assertions="1" time="0.454108"/>
        <testcase name="test_get_price_history" file="C:\Users\Gaser\Desktop\COPRRA\tests\Unit\Models\ProductTest.php" line="211" class="Tests\Unit\Models\ProductTest" classname="Tests.Unit.Models.ProductTest" assertions="2" time="0.509564"/>
        <testcase name="test_brand_relation" file="C:\Users\Gaser\Desktop\COPRRA\tests\Unit\Models\ProductTest.php" line="39" class="Tests\Unit\Models\ProductTest" classname="Tests.Unit.Models.ProductTest" assertions="2" time="0.467697"/>
        <testcase name="test_validate" file="C:\Users\Gaser\Desktop\COPRRA\tests\Unit\Models\ProductTest.php" line="226" class="Tests\Unit\Models\ProductTest" classname="Tests.Unit.Models.ProductTest" assertions="2" time="0.504970"/>
        <testcase name="test_store_relation" file="C:\Users\Gaser\Desktop\COPRRA\tests\Unit\Models\ProductTest.php" line="65" class="Tests\Unit\Models\ProductTest" classname="Tests.Unit.Models.ProductTest" assertions="2" time="0.430127"/>
        <testcase name="test_price_offers_relation" file="C:\Users\Gaser\Desktop\COPRRA\tests\Unit\Models\ProductTest.php" line="117" class="Tests\Unit\Models\ProductTest" classname="Tests.Unit.Models.ProductTest" assertions="2" time="0.502058"/>
        <testcase name="test_price_alerts_relation" file="C:\Users\Gaser\Desktop\COPRRA\tests\Unit\Models\ProductTest.php" line="78" class="Tests\Unit\Models\ProductTest" classname="Tests.Unit.Models.ProductTest" assertions="2" time="0.425244"/>
        <testcase name="test_scope_search" file="C:\Users\Gaser\Desktop\COPRRA\tests\Unit\Models\ProductTest.php" line="141" class="Tests\Unit\Models\ProductTest" classname="Tests.Unit.Models.ProductTest" assertions="2" time="0.451448"/>
        <testcase name="test_category_relation" file="C:\Users\Gaser\Desktop\COPRRA\tests\Unit\Models\ProductTest.php" line="52" class="Tests\Unit\Models\ProductTest" classname="Tests.Unit.Models.ProductTest" assertions="2" time="0.435931"/>
        <testcase name="test_validate_fails" file="C:\Users\Gaser\Desktop\COPRRA\tests\Unit\Models\ProductTest.php" line="237" class="Tests\Unit\Models\ProductTest" classname="Tests.Unit.Models.ProductTest" assertions="2" time="0.431198"/>
        <testcase name="test_is_in_wishlist" file="C:\Users\Gaser\Desktop\COPRRA\tests\Unit\Models\ProductTest.php" line="187" class="Tests\Unit\Models\ProductTest" classname="Tests.Unit.Models.ProductTest" assertions="2" time="0.438724"/>
        <testcase name="test_get_average_rating" file="C:\Users\Gaser\Desktop\COPRRA\tests\Unit\Models\ProductTest.php" line="163" class="Tests\Unit\Models\ProductTest" classname="Tests.Unit.Models.ProductTest" assertions="1" time="0.493438"/>
        <testcase name="test_reviews_relation" file="C:\Users\Gaser\Desktop\COPRRA\tests\Unit\Models\ProductTest.php" line="91" class="Tests\Unit\Models\ProductTest" classname="Tests.Unit.Models.ProductTest" assertions="2" time="0.431236"/>
      </testsuite>
      <testsuite name="Tests\Unit\DataQuality\DataUniquenessTest" file="C:\Users\Gaser\Desktop\COPRRA\tests\Unit\DataQuality\DataUniquenessTest.php" tests="3" assertions="3" errors="0" failures="0" skipped="0" time="1.390203">
        <testcase name="test_validation" file="C:\Users\Gaser\Desktop\COPRRA\tests\Unit\DataQuality\DataUniquenessTest.php" line="26" class="Tests\Unit\DataQuality\DataUniquenessTest" classname="Tests.Unit.DataQuality.DataUniquenessTest" assertions="1" time="0.436677"/>
        <testcase name="test_expected_behavior" file="C:\Users\Gaser\Desktop\COPRRA\tests\Unit\DataQuality\DataUniquenessTest.php" line="19" class="Tests\Unit\DataQuality\DataUniquenessTest" classname="Tests.Unit.DataQuality.DataUniquenessTest" assertions="1" time="0.502582"/>
        <testcase name="test_basic_functionality" file="C:\Users\Gaser\Desktop\COPRRA\tests\Unit\DataQuality\DataUniquenessTest.php" line="12" class="Tests\Unit\DataQuality\DataUniquenessTest" classname="Tests.Unit.DataQuality.DataUniquenessTest" assertions="1" time="0.450943"/>
      </testsuite>
      <testsuite name="Tests\Unit\Integration\AnalyticsIntegrationTest" file="C:\Users\Gaser\Desktop\COPRRA\tests\Unit\Integration\AnalyticsIntegrationTest.php" tests="3" assertions="3" errors="0" failures="0" skipped="0" time="1.358717">
        <testcase name="test_expected_behavior" file="C:\Users\Gaser\Desktop\COPRRA\tests\Unit\Integration\AnalyticsIntegrationTest.php" line="19" class="Tests\Unit\Integration\AnalyticsIntegrationTest" classname="Tests.Unit.Integration.AnalyticsIntegrationTest" assertions="1" time="0.442689"/>
        <testcase name="test_validation" file="C:\Users\Gaser\Desktop\COPRRA\tests\Unit\Integration\AnalyticsIntegrationTest.php" line="26" class="Tests\Unit\Integration\AnalyticsIntegrationTest" classname="Tests.Unit.Integration.AnalyticsIntegrationTest" assertions="1" time="0.437699"/>
        <testcase name="test_basic_functionality" file="C:\Users\Gaser\Desktop\COPRRA\tests\Unit\Integration\AnalyticsIntegrationTest.php" line="12" class="Tests\Unit\Integration\AnalyticsIntegrationTest" classname="Tests.Unit.Integration.AnalyticsIntegrationTest" assertions="1" time="0.478330"/>
      </testsuite>
      <testsuite name="Tests\Unit\Deployment\DevelopmentDeploymentTest" file="C:\Users\Gaser\Desktop\COPRRA\tests\Unit\Deployment\DevelopmentDeploymentTest.php" tests="3" assertions="3" errors="0" failures="0" skipped="0" time="1.358866">
        <testcase name="test_validation" file="C:\Users\Gaser\Desktop\COPRRA\tests\Unit\Deployment\DevelopmentDeploymentTest.php" line="26" class="Tests\Unit\Deployment\DevelopmentDeploymentTest" classname="Tests.Unit.Deployment.DevelopmentDeploymentTest" assertions="1" time="0.444124"/>
        <testcase name="test_basic_functionality" file="C:\Users\Gaser\Desktop\COPRRA\tests\Unit\Deployment\DevelopmentDeploymentTest.php" line="12" class="Tests\Unit\Deployment\DevelopmentDeploymentTest" classname="Tests.Unit.Deployment.DevelopmentDeploymentTest" assertions="1" time="0.464353"/>
        <testcase name="test_expected_behavior" file="C:\Users\Gaser\Desktop\COPRRA\tests\Unit\Deployment\DevelopmentDeploymentTest.php" line="19" class="Tests\Unit\Deployment\DevelopmentDeploymentTest" classname="Tests.Unit.Deployment.DevelopmentDeploymentTest" assertions="1" time="0.450390"/>
      </testsuite>
      <testsuite name="Tests\Unit\DataQuality\DataDuplicationTest" file="C:\Users\Gaser\Desktop\COPRRA\tests\Unit\DataQuality\DataDuplicationTest.php" tests="3" assertions="3" errors="0" failures="0" skipped="0" time="1.501264">
        <testcase name="test_expected_behavior" file="C:\Users\Gaser\Desktop\COPRRA\tests\Unit\DataQuality\DataDuplicationTest.php" line="19" class="Tests\Unit\DataQuality\DataDuplicationTest" classname="Tests.Unit.DataQuality.DataDuplicationTest" assertions="1" time="0.436623"/>
        <testcase name="test_validation" file="C:\Users\Gaser\Desktop\COPRRA\tests\Unit\DataQuality\DataDuplicationTest.php" line="26" class="Tests\Unit\DataQuality\DataDuplicationTest" classname="Tests.Unit.DataQuality.DataDuplicationTest" assertions="1" time="0.533537"/>
        <testcase name="test_basic_functionality" file="C:\Users\Gaser\Desktop\COPRRA\tests\Unit\DataQuality\DataDuplicationTest.php" line="12" class="Tests\Unit\DataQuality\DataDuplicationTest" classname="Tests.Unit.DataQuality.DataDuplicationTest" assertions="1" time="0.531104"/>
      </testsuite>
      <testsuite name="Tests\Unit\Models\OrderTest" file="C:\Users\Gaser\Desktop\COPRRA\tests\Unit\Models\OrderTest.php" tests="5" assertions="8" errors="0" failures="0" skipped="0" time="2.307882">
        <testcase name="test_items_relation" file="C:\Users\Gaser\Desktop\COPRRA\tests\Unit\Models\OrderTest.php" line="39" class="Tests\Unit\Models\OrderTest" classname="Tests.Unit.Models.OrderTest" assertions="2" time="0.488671"/>
        <testcase name="test_user_relation" file="C:\Users\Gaser\Desktop\COPRRA\tests\Unit\Models\OrderTest.php" line="26" class="Tests\Unit\Models\OrderTest" classname="Tests.Unit.Models.OrderTest" assertions="2" time="0.448748"/>
        <testcase name="test_scope_for_user" file="C:\Users\Gaser\Desktop\COPRRA\tests\Unit\Models\OrderTest.php" line="80" class="Tests\Unit\Models\OrderTest" classname="Tests.Unit.Models.OrderTest" assertions="1" time="0.484188"/>
        <testcase name="test_payments_relation" file="C:\Users\Gaser\Desktop\COPRRA\tests\Unit\Models\OrderTest.php" line="52" class="Tests\Unit\Models\OrderTest" classname="Tests.Unit.Models.OrderTest" assertions="2" time="0.431537"/>
        <testcase name="test_scope_by_status" file="C:\Users\Gaser\Desktop\COPRRA\tests\Unit\Models\OrderTest.php" line="65" class="Tests\Unit\Models\OrderTest" classname="Tests.Unit.Models.OrderTest" assertions="1" time="0.454738"/>
      </testsuite>
      <testsuite name="Tests\Unit\DataAccuracy\CurrencyConversionTest" file="C:\Users\Gaser\Desktop\COPRRA\tests\Unit\DataAccuracy\CurrencyConversionTest.php" tests="6" assertions="6" errors="0" failures="0" skipped="0" time="2.705052">
        <testcase name="test_zero_value_handling" file="C:\Users\Gaser\Desktop\COPRRA\tests\Unit\DataAccuracy\CurrencyConversionTest.php" line="30" class="Tests\Unit\DataAccuracy\CurrencyConversionTest" classname="Tests.Unit.DataAccuracy.CurrencyConversionTest" assertions="1" time="0.477799"/>
        <testcase name="test_basic_conversion" file="C:\Users\Gaser\Desktop\COPRRA\tests\Unit\DataAccuracy\CurrencyConversionTest.php" line="16" class="Tests\Unit\DataAccuracy\CurrencyConversionTest" classname="Tests.Unit.DataAccuracy.CurrencyConversionTest" assertions="1" time="0.431145"/>
        <testcase name="test_basic_functionality" file="C:\Users\Gaser\Desktop\COPRRA\tests\Unit\DataAccuracy\CurrencyConversionTest.php" line="37" class="Tests\Unit\DataAccuracy\CurrencyConversionTest" classname="Tests.Unit.DataAccuracy.CurrencyConversionTest" assertions="1" time="0.442579"/>
        <testcase name="test_validation" file="C:\Users\Gaser\Desktop\COPRRA\tests\Unit\DataAccuracy\CurrencyConversionTest.php" line="51" class="Tests\Unit\DataAccuracy\CurrencyConversionTest" classname="Tests.Unit.DataAccuracy.CurrencyConversionTest" assertions="1" time="0.440353"/>
        <testcase name="test_inverse_conversion" file="C:\Users\Gaser\Desktop\COPRRA\tests\Unit\DataAccuracy\CurrencyConversionTest.php" line="23" class="Tests\Unit\DataAccuracy\CurrencyConversionTest" classname="Tests.Unit.DataAccuracy.CurrencyConversionTest" assertions="1" time="0.442650"/>
        <testcase name="test_expected_behavior" file="C:\Users\Gaser\Desktop\COPRRA\tests\Unit\DataAccuracy\CurrencyConversionTest.php" line="44" class="Tests\Unit\DataAccuracy\CurrencyConversionTest" classname="Tests.Unit.DataAccuracy.CurrencyConversionTest" assertions="1" time="0.470527"/>
      </testsuite>
      <testsuite name="Tests\Unit\Performance\PageLoadTimeTest" file="C:\Users\Gaser\Desktop\COPRRA\tests\Unit\Performance\PageLoadTimeTest.php" tests="3" assertions="3" errors="0" failures="0" skipped="0" time="1.460785">
        <testcase name="test_basic_functionality" file="C:\Users\Gaser\Desktop\COPRRA\tests\Unit\Performance\PageLoadTimeTest.php" line="12" class="Tests\Unit\Performance\PageLoadTimeTest" classname="Tests.Unit.Performance.PageLoadTimeTest" assertions="1" time="0.580161"/>
        <testcase name="test_validation" file="C:\Users\Gaser\Desktop\COPRRA\tests\Unit\Performance\PageLoadTimeTest.php" line="26" class="Tests\Unit\Performance\PageLoadTimeTest" classname="Tests.Unit.Performance.PageLoadTimeTest" assertions="1" time="0.435671"/>
        <testcase name="test_expected_behavior" file="C:\Users\Gaser\Desktop\COPRRA\tests\Unit\Performance\PageLoadTimeTest.php" line="19" class="Tests\Unit\Performance\PageLoadTimeTest" classname="Tests.Unit.Performance.PageLoadTimeTest" assertions="1" time="0.444952"/>
      </testsuite>
      <testsuite name="Tests\Unit\StoreModelTest" file="C:\Users\Gaser\Desktop\COPRRA\tests\Unit\StoreModelTest.php" tests="9" assertions="25" errors="0" failures="0" skipped="0" time="0.581165">
        <testcase name="test_validation_rules" file="C:\Users\Gaser\Desktop\COPRRA\tests\Unit\StoreModelTest.php" line="166" class="Tests\Unit\StoreModelTest" classname="Tests.Unit.StoreModelTest" assertions="3" time="0.058351"/>
        <testcase name="test_generate_affiliate_url_without_config" file="C:\Users\Gaser\Desktop\COPRRA\tests\Unit\StoreModelTest.php" line="140" class="Tests\Unit\StoreModelTest" classname="Tests.Unit.StoreModelTest" assertions="1" time="0.059948"/>
        <testcase name="test_generate_affiliate_url" file="C:\Users\Gaser\Desktop\COPRRA\tests\Unit\StoreModelTest.php" line="123" class="Tests\Unit\StoreModelTest" classname="Tests.Unit.StoreModelTest" assertions="1" time="0.059630"/>
        <testcase name="test_store_relationships" file="C:\Users\Gaser\Desktop\COPRRA\tests\Unit\StoreModelTest.php" line="70" class="Tests\Unit\StoreModelTest" classname="Tests.Unit.StoreModelTest" assertions="4" time="0.062024"/>
        <testcase name="test_store_casts_attributes_correctly" file="C:\Users\Gaser\Desktop\COPRRA\tests\Unit\StoreModelTest.php" line="48" class="Tests\Unit\StoreModelTest" classname="Tests.Unit.StoreModelTest" assertions="8" time="0.058533"/>
        <testcase name="test_store_has_fillable_attributes" file="C:\Users\Gaser\Desktop\COPRRA\tests\Unit\StoreModelTest.php" line="19" class="Tests\Unit\StoreModelTest" classname="Tests.Unit.StoreModelTest" assertions="3" time="0.052322"/>
        <testcase name="test_active_scope" file="C:\Users\Gaser\Desktop\COPRRA\tests\Unit\StoreModelTest.php" line="92" class="Tests\Unit\StoreModelTest" classname="Tests.Unit.StoreModelTest" assertions="2" time="0.117967"/>
        <testcase name="test_slug_generation_on_create" file="C:\Users\Gaser\Desktop\COPRRA\tests\Unit\StoreModelTest.php" line="156" class="Tests\Unit\StoreModelTest" classname="Tests.Unit.StoreModelTest" assertions="1" time="0.053345"/>
        <testcase name="test_search_scope" file="C:\Users\Gaser\Desktop\COPRRA\tests\Unit\StoreModelTest.php" line="107" class="Tests\Unit\StoreModelTest" classname="Tests.Unit.StoreModelTest" assertions="2" time="0.059045"/>
      </testsuite>
      <testsuite name="Tests\Unit\DataAccuracy\DataIntegrityTest" file="C:\Users\Gaser\Desktop\COPRRA\tests\Unit\DataAccuracy\DataIntegrityTest.php" tests="3" assertions="3" errors="0" failures="0" skipped="0" time="1.332946">
        <testcase name="test_expected_behavior" file="C:\Users\Gaser\Desktop\COPRRA\tests\Unit\DataAccuracy\DataIntegrityTest.php" line="19" class="Tests\Unit\DataAccuracy\DataIntegrityTest" classname="Tests.Unit.DataAccuracy.DataIntegrityTest" assertions="1" time="0.446084"/>
        <testcase name="test_basic_functionality" file="C:\Users\Gaser\Desktop\COPRRA\tests\Unit\DataAccuracy\DataIntegrityTest.php" line="12" class="Tests\Unit\DataAccuracy\DataIntegrityTest" classname="Tests.Unit.DataAccuracy.DataIntegrityTest" assertions="1" time="0.459646"/>
        <testcase name="test_validation" file="C:\Users\Gaser\Desktop\COPRRA\tests\Unit\DataAccuracy\DataIntegrityTest.php" line="26" class="Tests\Unit\DataAccuracy\DataIntegrityTest" classname="Tests.Unit.DataAccuracy.DataIntegrityTest" assertions="1" time="0.427217"/>
      </testsuite>
      <testsuite name="Tests\Unit\Performance\CacheHitRateTest" file="C:\Users\Gaser\Desktop\COPRRA\tests\Unit\Performance\CacheHitRateTest.php" tests="3" assertions="3" errors="0" failures="0" skipped="0" time="1.418957">
        <testcase name="test_performance_metrics" file="C:\Users\Gaser\Desktop\COPRRA\tests\Unit\Performance\CacheHitRateTest.php" line="19" class="Tests\Unit\Performance\CacheHitRateTest" classname="Tests.Unit.Performance.CacheHitRateTest" assertions="1" time="0.428244"/>
        <testcase name="test_performance_optimization" file="C:\Users\Gaser\Desktop\COPRRA\tests\Unit\Performance\CacheHitRateTest.php" line="26" class="Tests\Unit\Performance\CacheHitRateTest" classname="Tests.Unit.Performance.CacheHitRateTest" assertions="1" time="0.511536"/>
        <testcase name="test_performance_basic_functionality" file="C:\Users\Gaser\Desktop\COPRRA\tests\Unit\Performance\CacheHitRateTest.php" line="12" class="Tests\Unit\Performance\CacheHitRateTest" classname="Tests.Unit.Performance.CacheHitRateTest" assertions="1" time="0.479178"/>
      </testsuite>
      <testsuite name="Tests\Unit\Middleware\AdminMiddlewareTest" file="C:\Users\Gaser\Desktop\COPRRA\tests\Unit\Middleware\AdminMiddlewareTest.php" tests="3" assertions="3" errors="0" failures="0" skipped="0" time="1.395709">
        <testcase name="test_validation" file="C:\Users\Gaser\Desktop\COPRRA\tests\Unit\Middleware\AdminMiddlewareTest.php" line="26" class="Tests\Unit\Middleware\AdminMiddlewareTest" classname="Tests.Unit.Middleware.AdminMiddlewareTest" assertions="1" time="0.488737"/>
        <testcase name="test_expected_behavior" file="C:\Users\Gaser\Desktop\COPRRA\tests\Unit\Middleware\AdminMiddlewareTest.php" line="19" class="Tests\Unit\Middleware\AdminMiddlewareTest" classname="Tests.Unit.Middleware.AdminMiddlewareTest" assertions="1" time="0.463484"/>
        <testcase name="test_basic_functionality" file="C:\Users\Gaser\Desktop\COPRRA\tests\Unit\Middleware\AdminMiddlewareTest.php" line="12" class="Tests\Unit\Middleware\AdminMiddlewareTest" classname="Tests.Unit.Middleware.AdminMiddlewareTest" assertions="1" time="0.443488"/>
      </testsuite>
      <testsuite name="Tests\Unit\Security\DataBackupTest" file="C:\Users\Gaser\Desktop\COPRRA\tests\Unit\Security\DataBackupTest.php" tests="3" assertions="3" errors="0" failures="0" skipped="0" time="1.347552">
        <testcase name="test_validation" file="C:\Users\Gaser\Desktop\COPRRA\tests\Unit\Security\DataBackupTest.php" line="26" class="Tests\Unit\Security\DataBackupTest" classname="Tests.Unit.Security.DataBackupTest" assertions="1" time="0.426051"/>
        <testcase name="test_basic_functionality" file="C:\Users\Gaser\Desktop\COPRRA\tests\Unit\Security\DataBackupTest.php" line="12" class="Tests\Unit\Security\DataBackupTest" classname="Tests.Unit.Security.DataBackupTest" assertions="1" time="0.432189"/>
        <testcase name="test_expected_behavior" file="C:\Users\Gaser\Desktop\COPRRA\tests\Unit\Security\DataBackupTest.php" line="19" class="Tests\Unit\Security\DataBackupTest" classname="Tests.Unit.Security.DataBackupTest" assertions="1" time="0.489312"/>
      </testsuite>
      <testsuite name="Tests\Unit\Enums\OrderStatusTest" file="C:\Users\Gaser\Desktop\COPRRA\tests\Unit\Enums\OrderStatusTest.php" tests="15" assertions="58" errors="0" failures="0" skipped="0" time="0.043562">
        <testcase name="test_enum_values_are_correct" file="C:\Users\Gaser\Desktop\COPRRA\tests\Unit\Enums\OrderStatusTest.php" line="25" class="Tests\Unit\Enums\OrderStatusTest" classname="Tests.Unit.Enums.OrderStatusTest" assertions="6" time="0.004442"/>
        <testcase name="test_to_array_returns_correct_format" file="C:\Users\Gaser\Desktop\COPRRA\tests\Unit\Enums\OrderStatusTest.php" line="104" class="Tests\Unit\Enums\OrderStatusTest" classname="Tests.Unit.Enums.OrderStatusTest" assertions="5" time="0.002564"/>
        <testcase name="test_allowed_transitions_from_pending" file="C:\Users\Gaser\Desktop\COPRRA\tests\Unit\Enums\OrderStatusTest.php" line="55" class="Tests\Unit\Enums\OrderStatusTest" classname="Tests.Unit.Enums.OrderStatusTest" assertions="3" time="0.003667"/>
        <testcase name="test_label_returns_correct_arabic_text" file="C:\Users\Gaser\Desktop\COPRRA\tests\Unit\Enums\OrderStatusTest.php" line="35" class="Tests\Unit\Enums\OrderStatusTest" classname="Tests.Unit.Enums.OrderStatusTest" assertions="6" time="0.002798"/>
        <testcase name="test_can_transition_to_allowed_status" file="C:\Users\Gaser\Desktop\COPRRA\tests\Unit\Enums\OrderStatusTest.php" line="88" class="Tests\Unit\Enums\OrderStatusTest" classname="Tests.Unit.Enums.OrderStatusTest" assertions="4" time="0.002441"/>
        <testcase name="test_try_from_returns_null_for_invalid_value" file="C:\Users\Gaser\Desktop\COPRRA\tests\Unit\Enums\OrderStatusTest.php" line="135" class="Tests\Unit\Enums\OrderStatusTest" classname="Tests.Unit.Enums.OrderStatusTest" assertions="1" time="0.002906"/>
        <testcase name="test_cannot_transition_to_disallowed_status" file="C:\Users\Gaser\Desktop\COPRRA\tests\Unit\Enums\OrderStatusTest.php" line="96" class="Tests\Unit\Enums\OrderStatusTest" classname="Tests.Unit.Enums.OrderStatusTest" assertions="4" time="0.003246"/>
        <testcase name="test_allowed_transitions_from_processing" file="C:\Users\Gaser\Desktop\COPRRA\tests\Unit\Enums\OrderStatusTest.php" line="64" class="Tests\Unit\Enums\OrderStatusTest" classname="Tests.Unit.Enums.OrderStatusTest" assertions="3" time="0.002813"/>
        <testcase name="test_no_transitions_from_final_statuses" file="C:\Users\Gaser\Desktop\COPRRA\tests\Unit\Enums\OrderStatusTest.php" line="81" class="Tests\Unit\Enums\OrderStatusTest" classname="Tests.Unit.Enums.OrderStatusTest" assertions="3" time="0.002538"/>
        <testcase name="test_enum_has_all_expected_cases" file="C:\Users\Gaser\Desktop\COPRRA\tests\Unit\Enums\OrderStatusTest.php" line="12" class="Tests\Unit\Enums\OrderStatusTest" classname="Tests.Unit.Enums.OrderStatusTest" assertions="7" time="0.002512"/>
        <testcase name="test_from_throws_exception_for_invalid_value" file="C:\Users\Gaser\Desktop\COPRRA\tests\Unit\Enums\OrderStatusTest.php" line="141" class="Tests\Unit\Enums\OrderStatusTest" classname="Tests.Unit.Enums.OrderStatusTest" assertions="1" time="0.002308"/>
        <testcase name="test_color_returns_correct_values" file="C:\Users\Gaser\Desktop\COPRRA\tests\Unit\Enums\OrderStatusTest.php" line="45" class="Tests\Unit\Enums\OrderStatusTest" classname="Tests.Unit.Enums.OrderStatusTest" assertions="6" time="0.002353"/>
        <testcase name="test_can_create_from_string" file="C:\Users\Gaser\Desktop\COPRRA\tests\Unit\Enums\OrderStatusTest.php" line="126" class="Tests\Unit\Enums\OrderStatusTest" classname="Tests.Unit.Enums.OrderStatusTest" assertions="2" time="0.004080"/>
        <testcase name="test_allowed_transitions_from_shipped" file="C:\Users\Gaser\Desktop\COPRRA\tests\Unit\Enums\OrderStatusTest.php" line="73" class="Tests\Unit\Enums\OrderStatusTest" classname="Tests.Unit.Enums.OrderStatusTest" assertions="2" time="0.002384"/>
        <testcase name="test_options_returns_value_label_pairs" file="C:\Users\Gaser\Desktop\COPRRA\tests\Unit\Enums\OrderStatusTest.php" line="115" class="Tests\Unit\Enums\OrderStatusTest" classname="Tests.Unit.Enums.OrderStatusTest" assertions="5" time="0.002511"/>
      </testsuite>
      <testsuite name="Tests\Unit\Deployment\CloudDeploymentTest" file="C:\Users\Gaser\Desktop\COPRRA\tests\Unit\Deployment\CloudDeploymentTest.php" tests="3" assertions="3" errors="0" failures="0" skipped="0" time="1.313430">
        <testcase name="test_expected_behavior" file="C:\Users\Gaser\Desktop\COPRRA\tests\Unit\Deployment\CloudDeploymentTest.php" line="19" class="Tests\Unit\Deployment\CloudDeploymentTest" classname="Tests.Unit.Deployment.CloudDeploymentTest" assertions="1" time="0.429246"/>
        <testcase name="test_basic_functionality" file="C:\Users\Gaser\Desktop\COPRRA\tests\Unit\Deployment\CloudDeploymentTest.php" line="12" class="Tests\Unit\Deployment\CloudDeploymentTest" classname="Tests.Unit.Deployment.CloudDeploymentTest" assertions="1" time="0.430764"/>
        <testcase name="test_validation" file="C:\Users\Gaser\Desktop\COPRRA\tests\Unit\Deployment\CloudDeploymentTest.php" line="26" class="Tests\Unit\Deployment\CloudDeploymentTest" classname="Tests.Unit.Deployment.CloudDeploymentTest" assertions="1" time="0.453421"/>
      </testsuite>
      <testsuite name="Tests\Unit\Enums\UserRoleTest" file="C:\Users\Gaser\Desktop\COPRRA\tests\Unit\Enums\UserRoleTest.php" tests="15" assertions="62" errors="0" failures="0" skipped="0" time="0.035474">
        <testcase name="test_admin_has_all_permissions" file="C:\Users\Gaser\Desktop\COPRRA\tests\Unit\Enums\UserRoleTest.php" line="39" class="Tests\Unit\Enums\UserRoleTest" classname="Tests.Unit.Enums.UserRoleTest" assertions="7" time="0.003875"/>
        <testcase name="test_is_moderator_returns_true_for_admin_and_moderator" file="C:\Users\Gaser\Desktop\COPRRA\tests\Unit\Enums\UserRoleTest.php" line="107" class="Tests\Unit\Enums\UserRoleTest" classname="Tests.Unit.Enums.UserRoleTest" assertions="4" time="0.002892"/>
        <testcase name="test_has_permission_returns_true_for_valid_permission" file="C:\Users\Gaser\Desktop\COPRRA\tests\Unit\Enums\UserRoleTest.php" line="84" class="Tests\Unit\Enums\UserRoleTest" classname="Tests.Unit.Enums.UserRoleTest" assertions="4" time="0.003282"/>
        <testcase name="test_enum_has_all_expected_cases" file="C:\Users\Gaser\Desktop\COPRRA\tests\Unit\Enums\UserRoleTest.php" line="12" class="Tests\Unit\Enums\UserRoleTest" classname="Tests.Unit.Enums.UserRoleTest" assertions="5" time="0.002705"/>
        <testcase name="test_to_array_returns_correct_format" file="C:\Users\Gaser\Desktop\COPRRA\tests\Unit\Enums\UserRoleTest.php" line="115" class="Tests\Unit\Enums\UserRoleTest" classname="Tests.Unit.Enums.UserRoleTest" assertions="5" time="0.002151"/>
        <testcase name="test_enum_values_are_correct" file="C:\Users\Gaser\Desktop\COPRRA\tests\Unit\Enums\UserRoleTest.php" line="23" class="Tests\Unit\Enums\UserRoleTest" classname="Tests.Unit.Enums.UserRoleTest" assertions="4" time="0.001898"/>
        <testcase name="test_moderator_has_limited_permissions" file="C:\Users\Gaser\Desktop\COPRRA\tests\Unit\Enums\UserRoleTest.php" line="52" class="Tests\Unit\Enums\UserRoleTest" classname="Tests.Unit.Enums.UserRoleTest" assertions="5" time="0.002206"/>
        <testcase name="test_is_admin_returns_true_only_for_admin" file="C:\Users\Gaser\Desktop\COPRRA\tests\Unit\Enums\UserRoleTest.php" line="99" class="Tests\Unit\Enums\UserRoleTest" classname="Tests.Unit.Enums.UserRoleTest" assertions="4" time="0.001772"/>
        <testcase name="test_label_returns_correct_arabic_text" file="C:\Users\Gaser\Desktop\COPRRA\tests\Unit\Enums\UserRoleTest.php" line="31" class="Tests\Unit\Enums\UserRoleTest" classname="Tests.Unit.Enums.UserRoleTest" assertions="4" time="0.002212"/>
        <testcase name="test_guest_has_minimal_permissions" file="C:\Users\Gaser\Desktop\COPRRA\tests\Unit\Enums\UserRoleTest.php" line="74" class="Tests\Unit\Enums\UserRoleTest" classname="Tests.Unit.Enums.UserRoleTest" assertions="4" time="0.002430"/>
        <testcase name="test_can_create_from_string" file="C:\Users\Gaser\Desktop\COPRRA\tests\Unit\Enums\UserRoleTest.php" line="137" class="Tests\Unit\Enums\UserRoleTest" classname="Tests.Unit.Enums.UserRoleTest" assertions="2" time="0.002018"/>
        <testcase name="test_try_from_returns_null_for_invalid_value" file="C:\Users\Gaser\Desktop\COPRRA\tests\Unit\Enums\UserRoleTest.php" line="146" class="Tests\Unit\Enums\UserRoleTest" classname="Tests.Unit.Enums.UserRoleTest" assertions="1" time="0.002253"/>
        <testcase name="test_has_permission_returns_false_for_invalid_permission" file="C:\Users\Gaser\Desktop\COPRRA\tests\Unit\Enums\UserRoleTest.php" line="92" class="Tests\Unit\Enums\UserRoleTest" classname="Tests.Unit.Enums.UserRoleTest" assertions="3" time="0.002124"/>
        <testcase name="test_user_has_basic_permissions" file="C:\Users\Gaser\Desktop\COPRRA\tests\Unit\Enums\UserRoleTest.php" line="63" class="Tests\Unit\Enums\UserRoleTest" classname="Tests.Unit.Enums.UserRoleTest" assertions="5" time="0.001767"/>
        <testcase name="test_options_returns_value_label_pairs" file="C:\Users\Gaser\Desktop\COPRRA\tests\Unit\Enums\UserRoleTest.php" line="126" class="Tests\Unit\Enums\UserRoleTest" classname="Tests.Unit.Enums.UserRoleTest" assertions="5" time="0.001889"/>
      </testsuite>
      <testsuite name="Tests\Unit\Deployment\ProductionDeploymentTest" file="C:\Users\Gaser\Desktop\COPRRA\tests\Unit\Deployment\ProductionDeploymentTest.php" tests="3" assertions="3" errors="0" failures="0" skipped="0" time="1.479552">
        <testcase name="test_basic_functionality" file="C:\Users\Gaser\Desktop\COPRRA\tests\Unit\Deployment\ProductionDeploymentTest.php" line="12" class="Tests\Unit\Deployment\ProductionDeploymentTest" classname="Tests.Unit.Deployment.ProductionDeploymentTest" assertions="1" time="0.465605"/>
        <testcase name="test_expected_behavior" file="C:\Users\Gaser\Desktop\COPRRA\tests\Unit\Deployment\ProductionDeploymentTest.php" line="19" class="Tests\Unit\Deployment\ProductionDeploymentTest" classname="Tests.Unit.Deployment.ProductionDeploymentTest" assertions="1" time="0.469479"/>
        <testcase name="test_validation" file="C:\Users\Gaser\Desktop\COPRRA\tests\Unit\Deployment\ProductionDeploymentTest.php" line="26" class="Tests\Unit\Deployment\ProductionDeploymentTest" classname="Tests.Unit.Deployment.ProductionDeploymentTest" assertions="1" time="0.544469"/>
      </testsuite>
      <testsuite name="Tests\Unit\Recommendations\TrendingProductTest" file="C:\Users\Gaser\Desktop\COPRRA\tests\Unit\Recommendations\TrendingProductTest.php" tests="11" assertions="23" errors="0" failures="0" skipped="0" time="0.032061">
        <testcase name="it_identifies_category_trends" file="C:\Users\Gaser\Desktop\COPRRA\tests\Unit\Recommendations\TrendingProductTest.php" line="87" class="Tests\Unit\Recommendations\TrendingProductTest" classname="Tests.Unit.Recommendations.TrendingProductTest" assertions="2" time="0.004136"/>
        <testcase name="it_identifies_falling_trends" file="C:\Users\Gaser\Desktop\COPRRA\tests\Unit\Recommendations\TrendingProductTest.php" line="59" class="Tests\Unit\Recommendations\TrendingProductTest" classname="Tests.Unit.Recommendations.TrendingProductTest" assertions="2" time="0.003229"/>
        <testcase name="it_identifies_brand_trends" file="C:\Users\Gaser\Desktop\COPRRA\tests\Unit\Recommendations\TrendingProductTest.php" line="102" class="Tests\Unit\Recommendations\TrendingProductTest" classname="Tests.Unit.Recommendations.TrendingProductTest" assertions="2" time="0.002732"/>
        <testcase name="it_identifies_rising_trends" file="C:\Users\Gaser\Desktop\COPRRA\tests\Unit\Recommendations\TrendingProductTest.php" line="45" class="Tests\Unit\Recommendations\TrendingProductTest" classname="Tests.Unit.Recommendations.TrendingProductTest" assertions="2" time="0.002727"/>
        <testcase name="it_identifies_geographic_trends" file="C:\Users\Gaser\Desktop\COPRRA\tests\Unit\Recommendations\TrendingProductTest.php" line="146" class="Tests\Unit\Recommendations\TrendingProductTest" classname="Tests.Unit.Recommendations.TrendingProductTest" assertions="2" time="0.002383"/>
        <testcase name="it_identifies_seasonal_trends" file="C:\Users\Gaser\Desktop\COPRRA\tests\Unit\Recommendations\TrendingProductTest.php" line="73" class="Tests\Unit\Recommendations\TrendingProductTest" classname="Tests.Unit.Recommendations.TrendingProductTest" assertions="2" time="0.002397"/>
        <testcase name="it_calculates_trending_score" file="C:\Users\Gaser\Desktop\COPRRA\tests\Unit\Recommendations\TrendingProductTest.php" line="28" class="Tests\Unit\Recommendations\TrendingProductTest" classname="Tests.Unit.Recommendations.TrendingProductTest" assertions="3" time="0.003959"/>
        <testcase name="it_identifies_time_based_trends" file="C:\Users\Gaser\Desktop\COPRRA\tests\Unit\Recommendations\TrendingProductTest.php" line="132" class="Tests\Unit\Recommendations\TrendingProductTest" classname="Tests.Unit.Recommendations.TrendingProductTest" assertions="2" time="0.002782"/>
        <testcase name="it_identifies_demographic_trends" file="C:\Users\Gaser\Desktop\COPRRA\tests\Unit\Recommendations\TrendingProductTest.php" line="161" class="Tests\Unit\Recommendations\TrendingProductTest" classname="Tests.Unit.Recommendations.TrendingProductTest" assertions="2" time="0.002437"/>
        <testcase name="it_identifies_price_range_trends" file="C:\Users\Gaser\Desktop\COPRRA\tests\Unit\Recommendations\TrendingProductTest.php" line="117" class="Tests\Unit\Recommendations\TrendingProductTest" classname="Tests.Unit.Recommendations.TrendingProductTest" assertions="2" time="0.002447"/>
        <testcase name="it_identifies_trending_products" file="C:\Users\Gaser\Desktop\COPRRA\tests\Unit\Recommendations\TrendingProductTest.php" line="13" class="Tests\Unit\Recommendations\TrendingProductTest" classname="Tests.Unit.Recommendations.TrendingProductTest" assertions="2" time="0.002833"/>
      </testsuite>
      <testsuite name="Tests\Unit\Validation\BasicValidationTest" file="C:\Users\Gaser\Desktop\COPRRA\tests\Unit\Validation\BasicValidationTest.php" tests="3" assertions="3" errors="0" failures="0" skipped="0" time="1.385541">
        <testcase name="test_validation" file="C:\Users\Gaser\Desktop\COPRRA\tests\Unit\Validation\BasicValidationTest.php" line="26" class="Tests\Unit\Validation\BasicValidationTest" classname="Tests.Unit.Validation.BasicValidationTest" assertions="1" time="0.488900"/>
        <testcase name="test_basic_functionality" file="C:\Users\Gaser\Desktop\COPRRA\tests\Unit\Validation\BasicValidationTest.php" line="12" class="Tests\Unit\Validation\BasicValidationTest" classname="Tests.Unit.Validation.BasicValidationTest" assertions="1" time="0.470977"/>
        <testcase name="test_expected_behavior" file="C:\Users\Gaser\Desktop\COPRRA\tests\Unit\Validation\BasicValidationTest.php" line="19" class="Tests\Unit\Validation\BasicValidationTest" classname="Tests.Unit.Validation.BasicValidationTest" assertions="1" time="0.425664"/>
      </testsuite>
      <testsuite name="Tests\Unit\COPRRA\ExchangeRateServiceTest" file="C:\Users\Gaser\Desktop\COPRRA\tests\Unit\COPRRA\ExchangeRateServiceTest.php" tests="12" assertions="24" errors="0" failures="0" skipped="0" time="1.220155">
        <testcase name="test_it_updates_existing_rates" file="C:\Users\Gaser\Desktop\COPRRA\tests\Unit\COPRRA\ExchangeRateServiceTest.php" line="222" class="Tests\Unit\COPRRA\ExchangeRateServiceTest" classname="Tests.Unit.COPRRA.ExchangeRateServiceTest" assertions="2" time="0.083704"/>
        <testcase name="test_it_caches_exchange_rates" file="C:\Users\Gaser\Desktop\COPRRA\tests\Unit\COPRRA\ExchangeRateServiceTest.php" line="68" class="Tests\Unit\COPRRA\ExchangeRateServiceTest" classname="Tests.Unit.COPRRA.ExchangeRateServiceTest" assertions="3" time="0.058519"/>
        <testcase name="test_it_seeds_exchange_rates_from_config" file="C:\Users\Gaser\Desktop\COPRRA\tests\Unit\COPRRA\ExchangeRateServiceTest.php" line="39" class="Tests\Unit\COPRRA\ExchangeRateServiceTest" classname="Tests.Unit.COPRRA.ExchangeRateServiceTest" assertions="2" time="0.061758"/>
        <testcase name="test_it_gets_fresh_rates_only" file="C:\Users\Gaser\Desktop\COPRRA\tests\Unit\COPRRA\ExchangeRateServiceTest.php" line="129" class="Tests\Unit\COPRRA\ExchangeRateServiceTest" classname="Tests.Unit.COPRRA.ExchangeRateServiceTest" assertions="2" time="0.110268"/>
        <testcase name="test_it_handles_reverse_conversion" file="C:\Users\Gaser\Desktop\COPRRA\tests\Unit\COPRRA\ExchangeRateServiceTest.php" line="197" class="Tests\Unit\COPRRA\ExchangeRateServiceTest" classname="Tests.Unit.COPRRA.ExchangeRateServiceTest" assertions="2" time="0.077609"/>
        <testcase name="test_it_gets_stale_rates_only" file="C:\Users\Gaser\Desktop\COPRRA\tests\Unit\COPRRA\ExchangeRateServiceTest.php" line="153" class="Tests\Unit\COPRRA\ExchangeRateServiceTest" classname="Tests.Unit.COPRRA.ExchangeRateServiceTest" assertions="2" time="0.054263"/>
        <testcase name="test_it_gets_rate_from_database" file="C:\Users\Gaser\Desktop\COPRRA\tests\Unit\COPRRA\ExchangeRateServiceTest.php" line="53" class="Tests\Unit\COPRRA\ExchangeRateServiceTest" classname="Tests.Unit.COPRRA.ExchangeRateServiceTest" assertions="1" time="0.055780"/>
        <testcase name="test_it_returns_supported_currencies" file="C:\Users\Gaser\Desktop\COPRRA\tests\Unit\COPRRA\ExchangeRateServiceTest.php" line="177" class="Tests\Unit\COPRRA\ExchangeRateServiceTest" classname="Tests.Unit.COPRRA.ExchangeRateServiceTest" assertions="4" time="0.052473"/>
        <testcase name="test_it_returns_one_for_same_currency" file="C:\Users\Gaser\Desktop\COPRRA\tests\Unit\COPRRA\ExchangeRateServiceTest.php" line="32" class="Tests\Unit\COPRRA\ExchangeRateServiceTest" classname="Tests.Unit.COPRRA.ExchangeRateServiceTest" assertions="1" time="0.054099"/>
        <testcase name="test_it_uses_fallback_rate_when_not_in_database" file="C:\Users\Gaser\Desktop\COPRRA\tests\Unit\COPRRA\ExchangeRateServiceTest.php" line="187" class="Tests\Unit\COPRRA\ExchangeRateServiceTest" classname="Tests.Unit.COPRRA.ExchangeRateServiceTest" assertions="2" time="0.503245"/>
        <testcase name="test_it_identifies_stale_rates" file="C:\Users\Gaser\Desktop\COPRRA\tests\Unit\COPRRA\ExchangeRateServiceTest.php" line="107" class="Tests\Unit\COPRRA\ExchangeRateServiceTest" classname="Tests.Unit.COPRRA.ExchangeRateServiceTest" assertions="2" time="0.052775"/>
        <testcase name="test_it_converts_currency_correctly" file="C:\Users\Gaser\Desktop\COPRRA\tests\Unit\COPRRA\ExchangeRateServiceTest.php" line="92" class="Tests\Unit\COPRRA\ExchangeRateServiceTest" classname="Tests.Unit.COPRRA.ExchangeRateServiceTest" assertions="1" time="0.055661"/>
      </testsuite>
      <testsuite name="Tests\Unit\ProcessIsolationTest" file="C:\Users\Gaser\Desktop\COPRRA\tests\Unit\ProcessIsolationTest.php" tests="3" assertions="3" errors="0" failures="0" skipped="0" time="1.410155">
        <testcase name="test_expected_behavior" file="C:\Users\Gaser\Desktop\COPRRA\tests\Unit\ProcessIsolationTest.php" line="19" class="Tests\Unit\ProcessIsolationTest" classname="Tests.Unit.ProcessIsolationTest" assertions="1" time="0.420957"/>
        <testcase name="test_basic_functionality" file="C:\Users\Gaser\Desktop\COPRRA\tests\Unit\ProcessIsolationTest.php" line="12" class="Tests\Unit\ProcessIsolationTest" classname="Tests.Unit.ProcessIsolationTest" assertions="1" time="0.435070"/>
        <testcase name="test_validation" file="C:\Users\Gaser\Desktop\COPRRA\tests\Unit\ProcessIsolationTest.php" line="26" class="Tests\Unit\ProcessIsolationTest" classname="Tests.Unit.ProcessIsolationTest" assertions="1" time="0.554128"/>
      </testsuite>
      <testsuite name="Tests\Unit\Performance\DatabaseQueryTimeTest" file="C:\Users\Gaser\Desktop\COPRRA\tests\Unit\Performance\DatabaseQueryTimeTest.php" tests="3" assertions="3" errors="0" failures="0" skipped="0" time="1.412211">
        <testcase name="test_performance_optimization" file="C:\Users\Gaser\Desktop\COPRRA\tests\Unit\Performance\DatabaseQueryTimeTest.php" line="26" class="Tests\Unit\Performance\DatabaseQueryTimeTest" classname="Tests.Unit.Performance.DatabaseQueryTimeTest" assertions="1" time="0.456860"/>
        <testcase name="test_performance_basic_functionality" file="C:\Users\Gaser\Desktop\COPRRA\tests\Unit\Performance\DatabaseQueryTimeTest.php" line="12" class="Tests\Unit\Performance\DatabaseQueryTimeTest" classname="Tests.Unit.Performance.DatabaseQueryTimeTest" assertions="1" time="0.493170"/>
        <testcase name="test_performance_metrics" file="C:\Users\Gaser\Desktop\COPRRA\tests\Unit\Performance\DatabaseQueryTimeTest.php" line="19" class="Tests\Unit\Performance\DatabaseQueryTimeTest" classname="Tests.Unit.Performance.DatabaseQueryTimeTest" assertions="1" time="0.462181"/>
      </testsuite>
      <testsuite name="Tests\Unit\Recommendations\HybridRecommendationTest" file="C:\Users\Gaser\Desktop\COPRRA\tests\Unit\Recommendations\HybridRecommendationTest.php" tests="11" assertions="24" errors="0" failures="0" skipped="0" time="0.031438">
        <testcase name="it_combines_collaborative_and_content_based_filtering" file="C:\Users\Gaser\Desktop\COPRRA\tests\Unit\Recommendations\HybridRecommendationTest.php" line="13" class="Tests\Unit\Recommendations\HybridRecommendationTest" classname="Tests.Unit.Recommendations.HybridRecommendationTest" assertions="1" time="0.003311"/>
        <testcase name="it_handles_mixed_hybrid_approach" file="C:\Users\Gaser\Desktop\COPRRA\tests\Unit\Recommendations\HybridRecommendationTest.php" line="56" class="Tests\Unit\Recommendations\HybridRecommendationTest" classname="Tests.Unit.Recommendations.HybridRecommendationTest" assertions="4" time="0.003609"/>
        <testcase name="it_handles_dynamic_weight_adjustment" file="C:\Users\Gaser\Desktop\COPRRA\tests\Unit\Recommendations\HybridRecommendationTest.php" line="124" class="Tests\Unit\Recommendations\HybridRecommendationTest" classname="Tests.Unit.Recommendations.HybridRecommendationTest" assertions="3" time="0.002838"/>
        <testcase name="it_handles_switching_hybrid_approach" file="C:\Users\Gaser\Desktop\COPRRA\tests\Unit\Recommendations\HybridRecommendationTest.php" line="42" class="Tests\Unit\Recommendations\HybridRecommendationTest" classname="Tests.Unit.Recommendations.HybridRecommendationTest" assertions="1" time="0.003199"/>
        <testcase name="it_handles_temporal_hybrid_approach" file="C:\Users\Gaser\Desktop\COPRRA\tests\Unit\Recommendations\HybridRecommendationTest.php" line="154" class="Tests\Unit\Recommendations\HybridRecommendationTest" classname="Tests.Unit.Recommendations.HybridRecommendationTest" assertions="1" time="0.002362"/>
        <testcase name="it_handles_confidence_weighted_hybrid" file="C:\Users\Gaser\Desktop\COPRRA\tests\Unit\Recommendations\HybridRecommendationTest.php" line="140" class="Tests\Unit\Recommendations\HybridRecommendationTest" classname="Tests.Unit.Recommendations.HybridRecommendationTest" assertions="2" time="0.002712"/>
        <testcase name="it_handles_cascade_hybrid_approach" file="C:\Users\Gaser\Desktop\COPRRA\tests\Unit\Recommendations\HybridRecommendationTest.php" line="77" class="Tests\Unit\Recommendations\HybridRecommendationTest" classname="Tests.Unit.Recommendations.HybridRecommendationTest" assertions="2" time="0.002208"/>
        <testcase name="it_evaluates_hybrid_recommendation_quality" file="C:\Users\Gaser\Desktop\COPRRA\tests\Unit\Recommendations\HybridRecommendationTest.php" line="172" class="Tests\Unit\Recommendations\HybridRecommendationTest" classname="Tests.Unit.Recommendations.HybridRecommendationTest" assertions="4" time="0.002377"/>
        <testcase name="it_handles_weighted_ensemble_method" file="C:\Users\Gaser\Desktop\COPRRA\tests\Unit\Recommendations\HybridRecommendationTest.php" line="26" class="Tests\Unit\Recommendations\HybridRecommendationTest" classname="Tests.Unit.Recommendations.HybridRecommendationTest" assertions="2" time="0.002609"/>
        <testcase name="it_handles_meta_learning_hybrid" file="C:\Users\Gaser\Desktop\COPRRA\tests\Unit\Recommendations\HybridRecommendationTest.php" line="110" class="Tests\Unit\Recommendations\HybridRecommendationTest" classname="Tests.Unit.Recommendations.HybridRecommendationTest" assertions="1" time="0.003808"/>
        <testcase name="it_handles_feature_combination_hybrid" file="C:\Users\Gaser\Desktop\COPRRA\tests\Unit\Recommendations\HybridRecommendationTest.php" line="97" class="Tests\Unit\Recommendations\HybridRecommendationTest" classname="Tests.Unit.Recommendations.HybridRecommendationTest" assertions="3" time="0.002406"/>
      </testsuite>
      <testsuite name="Tests\Unit\Recommendations\CollaborativeFilteringTest" file="C:\Users\Gaser\Desktop\COPRRA\tests\Unit\Recommendations\CollaborativeFilteringTest.php" tests="10" assertions="25" errors="0" failures="0" skipped="0" time="0.024353">
        <testcase name="it_calculates_confidence_scores" file="C:\Users\Gaser\Desktop\COPRRA\tests\Unit\Recommendations\CollaborativeFilteringTest.php" line="139" class="Tests\Unit\Recommendations\CollaborativeFilteringTest" classname="Tests.Unit.Recommendations.CollaborativeFilteringTest" assertions="3" time="0.002553"/>
        <testcase name="it_predicts_ratings_for_items" file="C:\Users\Gaser\Desktop\COPRRA\tests\Unit\Recommendations\CollaborativeFilteringTest.php" line="42" class="Tests\Unit\Recommendations\CollaborativeFilteringTest" classname="Tests.Unit.Recommendations.CollaborativeFilteringTest" assertions="3" time="0.002601"/>
        <testcase name="it_filters_items_by_user_preferences" file="C:\Users\Gaser\Desktop\COPRRA\tests\Unit\Recommendations\CollaborativeFilteringTest.php" line="91" class="Tests\Unit\Recommendations\CollaborativeFilteringTest" classname="Tests.Unit.Recommendations.CollaborativeFilteringTest" assertions="5" time="0.001962"/>
        <testcase name="it_finds_similar_users" file="C:\Users\Gaser\Desktop\COPRRA\tests\Unit\Recommendations\CollaborativeFilteringTest.php" line="13" class="Tests\Unit\Recommendations\CollaborativeFilteringTest" classname="Tests.Unit.Recommendations.CollaborativeFilteringTest" assertions="3" time="0.002608"/>
        <testcase name="it_handles_sparse_data" file="C:\Users\Gaser\Desktop\COPRRA\tests\Unit\Recommendations\CollaborativeFilteringTest.php" line="121" class="Tests\Unit\Recommendations\CollaborativeFilteringTest" classname="Tests.Unit.Recommendations.CollaborativeFilteringTest" assertions="1" time="0.002422"/>
        <testcase name="it_handles_cold_start_problem" file="C:\Users\Gaser\Desktop\COPRRA\tests\Unit\Recommendations\CollaborativeFilteringTest.php" line="61" class="Tests\Unit\Recommendations\CollaborativeFilteringTest" classname="Tests.Unit.Recommendations.CollaborativeFilteringTest" assertions="4" time="0.002037"/>
        <testcase name="it_handles_matrix_factorization" file="C:\Users\Gaser\Desktop\COPRRA\tests\Unit\Recommendations\CollaborativeFilteringTest.php" line="158" class="Tests\Unit\Recommendations\CollaborativeFilteringTest" classname="Tests.Unit.Recommendations.CollaborativeFilteringTest" assertions="3" time="0.002871"/>
        <testcase name="it_calculates_cosine_similarity" file="C:\Users\Gaser\Desktop\COPRRA\tests\Unit\Recommendations\CollaborativeFilteringTest.php" line="31" class="Tests\Unit\Recommendations\CollaborativeFilteringTest" classname="Tests.Unit.Recommendations.CollaborativeFilteringTest" assertions="1" time="0.002014"/>
        <testcase name="it_calculates_pearson_correlation" file="C:\Users\Gaser\Desktop\COPRRA\tests\Unit\Recommendations\CollaborativeFilteringTest.php" line="80" class="Tests\Unit\Recommendations\CollaborativeFilteringTest" classname="Tests.Unit.Recommendations.CollaborativeFilteringTest" assertions="1" time="0.002563"/>
        <testcase name="it_calculates_item_based_similarity" file="C:\Users\Gaser\Desktop\COPRRA\tests\Unit\Recommendations\CollaborativeFilteringTest.php" line="107" class="Tests\Unit\Recommendations\CollaborativeFilteringTest" classname="Tests.Unit.Recommendations.CollaborativeFilteringTest" assertions="1" time="0.002723"/>
      </testsuite>
      <testsuite name="Tests\Unit\Helpers\OrderHelperTest" file="C:\Users\Gaser\Desktop\COPRRA\tests\Unit\Helpers\OrderHelperTest.php" tests="20" assertions="33" errors="0" failures="0" skipped="0" time="1.466809">
        <testcase name="test_calculate_total_returns_zero_for_negative_result" file="C:\Users\Gaser\Desktop\COPRRA\tests\Unit\Helpers\OrderHelperTest.php" line="49" class="Tests\Unit\Helpers\OrderHelperTest" classname="Tests.Unit.Helpers.OrderHelperTest" assertions="1" time="0.052682"/>
        <testcase name="test_can_be_cancelled_returns_true_for_processing" file="C:\Users\Gaser\Desktop\COPRRA\tests\Unit\Helpers\OrderHelperTest.php" line="92" class="Tests\Unit\Helpers\OrderHelperTest" classname="Tests.Unit.Helpers.OrderHelperTest" assertions="1" time="0.253676"/>
        <testcase name="test_calculate_tax_with_custom_rate" file="C:\Users\Gaser\Desktop\COPRRA\tests\Unit\Helpers\OrderHelperTest.php" line="68" class="Tests\Unit\Helpers\OrderHelperTest" classname="Tests.Unit.Helpers.OrderHelperTest" assertions="1" time="0.056904"/>
        <testcase name="test_get_estimated_delivery_date_returns_null_for_pending" file="C:\Users\Gaser\Desktop\COPRRA\tests\Unit\Helpers\OrderHelperTest.php" line="169" class="Tests\Unit\Helpers\OrderHelperTest" classname="Tests.Unit.Helpers.OrderHelperTest" assertions="1" time="0.115871"/>
        <testcase name="test_can_be_cancelled_returns_false_for_shipped" file="C:\Users\Gaser\Desktop\COPRRA\tests\Unit\Helpers\OrderHelperTest.php" line="99" class="Tests\Unit\Helpers\OrderHelperTest" classname="Tests.Unit.Helpers.OrderHelperTest" assertions="1" time="0.057204"/>
        <testcase name="test_format_total_with_default_currency" file="C:\Users\Gaser\Desktop\COPRRA\tests\Unit\Helpers\OrderHelperTest.php" line="130" class="Tests\Unit\Helpers\OrderHelperTest" classname="Tests.Unit.Helpers.OrderHelperTest" assertions="2" time="0.052180"/>
        <testcase name="test_get_estimated_delivery_date_for_shipped_order" file="C:\Users\Gaser\Desktop\COPRRA\tests\Unit\Helpers\OrderHelperTest.php" line="146" class="Tests\Unit\Helpers\OrderHelperTest" classname="Tests.Unit.Helpers.OrderHelperTest" assertions="2" time="0.057077"/>
        <testcase name="test_calculate_total_with_all_values" file="C:\Users\Gaser\Desktop\COPRRA\tests\Unit\Helpers\OrderHelperTest.php" line="26" class="Tests\Unit\Helpers\OrderHelperTest" classname="Tests.Unit.Helpers.OrderHelperTest" assertions="1" time="0.058349"/>
        <testcase name="test_get_progress_percentage_for_all_statuses" file="C:\Users\Gaser\Desktop\COPRRA\tests\Unit\Helpers\OrderHelperTest.php" line="120" class="Tests\Unit\Helpers\OrderHelperTest" classname="Tests.Unit.Helpers.OrderHelperTest" assertions="6" time="0.053424"/>
        <testcase name="test_get_estimated_delivery_date_for_processing_order" file="C:\Users\Gaser\Desktop\COPRRA\tests\Unit\Helpers\OrderHelperTest.php" line="159" class="Tests\Unit\Helpers\OrderHelperTest" classname="Tests.Unit.Helpers.OrderHelperTest" assertions="2" time="0.058999"/>
        <testcase name="test_get_status_badge_returns_correct_html" file="C:\Users\Gaser\Desktop\COPRRA\tests\Unit\Helpers\OrderHelperTest.php" line="17" class="Tests\Unit\Helpers\OrderHelperTest" classname="Tests.Unit.Helpers.OrderHelperTest" assertions="3" time="0.053642"/>
        <testcase name="test_is_overdue_returns_false_for_recent_shipment" file="C:\Users\Gaser\Desktop\COPRRA\tests\Unit\Helpers\OrderHelperTest.php" line="185" class="Tests\Unit\Helpers\OrderHelperTest" classname="Tests.Unit.Helpers.OrderHelperTest" assertions="1" time="0.061944"/>
        <testcase name="test_can_be_refunded_returns_true_for_delivered" file="C:\Users\Gaser\Desktop\COPRRA\tests\Unit\Helpers\OrderHelperTest.php" line="106" class="Tests\Unit\Helpers\OrderHelperTest" classname="Tests.Unit.Helpers.OrderHelperTest" assertions="1" time="0.060782"/>
        <testcase name="test_can_be_refunded_returns_false_for_pending" file="C:\Users\Gaser\Desktop\COPRRA\tests\Unit\Helpers\OrderHelperTest.php" line="113" class="Tests\Unit\Helpers\OrderHelperTest" classname="Tests.Unit.Helpers.OrderHelperTest" assertions="1" time="0.062587"/>
        <testcase name="test_is_overdue_returns_false_for_non_shipped_order" file="C:\Users\Gaser\Desktop\COPRRA\tests\Unit\Helpers\OrderHelperTest.php" line="178" class="Tests\Unit\Helpers\OrderHelperTest" classname="Tests.Unit.Helpers.OrderHelperTest" assertions="1" time="0.059225"/>
        <testcase name="test_can_be_cancelled_returns_true_for_pending" file="C:\Users\Gaser\Desktop\COPRRA\tests\Unit\Helpers\OrderHelperTest.php" line="85" class="Tests\Unit\Helpers\OrderHelperTest" classname="Tests.Unit.Helpers.OrderHelperTest" assertions="1" time="0.074973"/>
        <testcase name="test_calculate_total_with_missing_values" file="C:\Users\Gaser\Desktop\COPRRA\tests\Unit\Helpers\OrderHelperTest.php" line="40" class="Tests\Unit\Helpers\OrderHelperTest" classname="Tests.Unit.Helpers.OrderHelperTest" assertions="1" time="0.109601"/>
        <testcase name="test_calculate_tax_with_default_rate" file="C:\Users\Gaser\Desktop\COPRRA\tests\Unit\Helpers\OrderHelperTest.php" line="61" class="Tests\Unit\Helpers\OrderHelperTest" classname="Tests.Unit.Helpers.OrderHelperTest" assertions="1" time="0.058373"/>
        <testcase name="test_format_total_with_sar_currency" file="C:\Users\Gaser\Desktop\COPRRA\tests\Unit\Helpers\OrderHelperTest.php" line="138" class="Tests\Unit\Helpers\OrderHelperTest" classname="Tests.Unit.Helpers.OrderHelperTest" assertions="2" time="0.057184"/>
        <testcase name="test_generate_order_number_is_unique" file="C:\Users\Gaser\Desktop\COPRRA\tests\Unit\Helpers\OrderHelperTest.php" line="75" class="Tests\Unit\Helpers\OrderHelperTest" classname="Tests.Unit.Helpers.OrderHelperTest" assertions="3" time="0.052131"/>
      </testsuite>
      <testsuite name="Tests\Unit\DataQuality\DataFreshnessTest" file="C:\Users\Gaser\Desktop\COPRRA\tests\Unit\DataQuality\DataFreshnessTest.php" tests="3" assertions="3" errors="0" failures="0" skipped="0" time="1.356060">
        <testcase name="test_expected_behavior" file="C:\Users\Gaser\Desktop\COPRRA\tests\Unit\DataQuality\DataFreshnessTest.php" line="19" class="Tests\Unit\DataQuality\DataFreshnessTest" classname="Tests.Unit.DataQuality.DataFreshnessTest" assertions="1" time="0.459179"/>
        <testcase name="test_basic_functionality" file="C:\Users\Gaser\Desktop\COPRRA\tests\Unit\DataQuality\DataFreshnessTest.php" line="12" class="Tests\Unit\DataQuality\DataFreshnessTest" classname="Tests.Unit.DataQuality.DataFreshnessTest" assertions="1" time="0.461693"/>
        <testcase name="test_validation" file="C:\Users\Gaser\Desktop\COPRRA\tests\Unit\DataQuality\DataFreshnessTest.php" line="26" class="Tests\Unit\DataQuality\DataFreshnessTest" classname="Tests.Unit.DataQuality.DataFreshnessTest" assertions="1" time="0.435188"/>
      </testsuite>
      <testsuite name="Tests\Unit\Performance\ConcurrentUserTest" file="C:\Users\Gaser\Desktop\COPRRA\tests\Unit\Performance\ConcurrentUserTest.php" tests="3" assertions="3" errors="0" failures="0" skipped="0" time="1.408586">
        <testcase name="test_performance_metrics" file="C:\Users\Gaser\Desktop\COPRRA\tests\Unit\Performance\ConcurrentUserTest.php" line="19" class="Tests\Unit\Performance\ConcurrentUserTest" classname="Tests.Unit.Performance.ConcurrentUserTest" assertions="1" time="0.444365"/>
        <testcase name="test_performance_basic_functionality" file="C:\Users\Gaser\Desktop\COPRRA\tests\Unit\Performance\ConcurrentUserTest.php" line="12" class="Tests\Unit\Performance\ConcurrentUserTest" classname="Tests.Unit.Performance.ConcurrentUserTest" assertions="1" time="0.477416"/>
        <testcase name="test_performance_optimization" file="C:\Users\Gaser\Desktop\COPRRA\tests\Unit\Performance\ConcurrentUserTest.php" line="26" class="Tests\Unit\Performance\ConcurrentUserTest" classname="Tests.Unit.Performance.ConcurrentUserTest" assertions="1" time="0.486806"/>
      </testsuite>
      <testsuite name="Tests\Unit\Models\OrderItemTest" file="C:\Users\Gaser\Desktop\COPRRA\tests\Unit\Models\OrderItemTest.php" tests="4" assertions="6" errors="0" failures="0" skipped="0" time="1.813917">
        <testcase name="test_order_relation" file="C:\Users\Gaser\Desktop\COPRRA\tests\Unit\Models\OrderItemTest.php" line="52" class="Tests\Unit\Models\OrderItemTest" classname="Tests.Unit.Models.OrderItemTest" assertions="2" time="0.470234"/>
        <testcase name="test_product_relation" file="C:\Users\Gaser\Desktop\COPRRA\tests\Unit\Models\OrderItemTest.php" line="65" class="Tests\Unit\Models\OrderItemTest" classname="Tests.Unit.Models.OrderItemTest" assertions="2" time="0.446966"/>
        <testcase name="test_casts" file="C:\Users\Gaser\Desktop\COPRRA\tests\Unit\Models\OrderItemTest.php" line="40" class="Tests\Unit\Models\OrderItemTest" classname="Tests.Unit.Models.OrderItemTest" assertions="1" time="0.459874"/>
        <testcase name="test_fillable_attributes" file="C:\Users\Gaser\Desktop\COPRRA\tests\Unit\Models\OrderItemTest.php" line="23" class="Tests\Unit\Models\OrderItemTest" classname="Tests.Unit.Models.OrderItemTest" assertions="1" time="0.436843"/>
      </testsuite>
      <testsuite name="Tests\Unit\DataAccuracy\OrderAccuracyTest" file="C:\Users\Gaser\Desktop\COPRRA\tests\Unit\DataAccuracy\OrderAccuracyTest.php" tests="3" assertions="3" errors="0" failures="0" skipped="0" time="1.550873">
        <testcase name="test_expected_behavior" file="C:\Users\Gaser\Desktop\COPRRA\tests\Unit\DataAccuracy\OrderAccuracyTest.php" line="19" class="Tests\Unit\DataAccuracy\OrderAccuracyTest" classname="Tests.Unit.DataAccuracy.OrderAccuracyTest" assertions="1" time="0.498353"/>
        <testcase name="test_validation" file="C:\Users\Gaser\Desktop\COPRRA\tests\Unit\DataAccuracy\OrderAccuracyTest.php" line="26" class="Tests\Unit\DataAccuracy\OrderAccuracyTest" classname="Tests.Unit.DataAccuracy.OrderAccuracyTest" assertions="1" time="0.517633"/>
        <testcase name="test_basic_functionality" file="C:\Users\Gaser\Desktop\COPRRA\tests\Unit\DataAccuracy\OrderAccuracyTest.php" line="12" class="Tests\Unit\DataAccuracy\OrderAccuracyTest" classname="Tests.Unit.DataAccuracy.OrderAccuracyTest" assertions="1" time="0.534887"/>
      </testsuite>
      <testsuite name="Tests\Unit\DataQuality\DataRelevanceTest" file="C:\Users\Gaser\Desktop\COPRRA\tests\Unit\DataQuality\DataRelevanceTest.php" tests="3" assertions="3" errors="0" failures="0" skipped="0" time="1.632343">
        <testcase name="test_basic_functionality" file="C:\Users\Gaser\Desktop\COPRRA\tests\Unit\DataQuality\DataRelevanceTest.php" line="12" class="Tests\Unit\DataQuality\DataRelevanceTest" classname="Tests.Unit.DataQuality.DataRelevanceTest" assertions="1" time="0.498665"/>
        <testcase name="test_expected_behavior" file="C:\Users\Gaser\Desktop\COPRRA\tests\Unit\DataQuality\DataRelevanceTest.php" line="19" class="Tests\Unit\DataQuality\DataRelevanceTest" classname="Tests.Unit.DataQuality.DataRelevanceTest" assertions="1" time="0.593569"/>
        <testcase name="test_validation" file="C:\Users\Gaser\Desktop\COPRRA\tests\Unit\DataQuality\DataRelevanceTest.php" line="26" class="Tests\Unit\DataQuality\DataRelevanceTest" classname="Tests.Unit.DataQuality.DataRelevanceTest" assertions="1" time="0.540110"/>
      </testsuite>
      <testsuite name="Tests\Unit\Integration\PaymentIntegrationTest" file="C:\Users\Gaser\Desktop\COPRRA\tests\Unit\Integration\PaymentIntegrationTest.php" tests="3" assertions="3" errors="0" failures="0" skipped="0" time="1.527630">
        <testcase name="test_basic_functionality" file="C:\Users\Gaser\Desktop\COPRRA\tests\Unit\Integration\PaymentIntegrationTest.php" line="12" class="Tests\Unit\Integration\PaymentIntegrationTest" classname="Tests.Unit.Integration.PaymentIntegrationTest" assertions="1" time="0.558055"/>
        <testcase name="test_validation" file="C:\Users\Gaser\Desktop\COPRRA\tests\Unit\Integration\PaymentIntegrationTest.php" line="26" class="Tests\Unit\Integration\PaymentIntegrationTest" classname="Tests.Unit.Integration.PaymentIntegrationTest" assertions="1" time="0.530984"/>
        <testcase name="test_expected_behavior" file="C:\Users\Gaser\Desktop\COPRRA\tests\Unit\Integration\PaymentIntegrationTest.php" line="19" class="Tests\Unit\Integration\PaymentIntegrationTest" classname="Tests.Unit.Integration.PaymentIntegrationTest" assertions="1" time="0.438591"/>
      </testsuite>
      <testsuite name="Tests\Unit\PureUnitTest" file="C:\Users\Gaser\Desktop\COPRRA\tests\Unit\PureUnitTest.php" tests="3" assertions="3" errors="0" failures="0" skipped="0" time="1.321910">
        <testcase name="test_basic_functionality" file="C:\Users\Gaser\Desktop\COPRRA\tests\Unit\PureUnitTest.php" line="12" class="Tests\Unit\PureUnitTest" classname="Tests.Unit.PureUnitTest" assertions="1" time="0.444072"/>
        <testcase name="test_validation" file="C:\Users\Gaser\Desktop\COPRRA\tests\Unit\PureUnitTest.php" line="26" class="Tests\Unit\PureUnitTest" classname="Tests.Unit.PureUnitTest" assertions="1" time="0.439288"/>
        <testcase name="test_expected_behavior" file="C:\Users\Gaser\Desktop\COPRRA\tests\Unit\PureUnitTest.php" line="19" class="Tests\Unit\PureUnitTest" classname="Tests.Unit.PureUnitTest" assertions="1" time="0.438549"/>
      </testsuite>
      <testsuite name="Tests\Unit\COPRRA\AnalyticsServiceTest" file="C:\Users\Gaser\Desktop\COPRRA\tests\Unit\COPRRA\AnalyticsServiceTest.php" tests="13" assertions="43" errors="0" failures="0" skipped="0" time="0.918219">
        <testcase name="test_it_handles_null_user_id" file="C:\Users\Gaser\Desktop\COPRRA\tests\Unit\COPRRA\AnalyticsServiceTest.php" line="205" class="Tests\Unit\COPRRA\AnalyticsServiceTest" classname="Tests.Unit.COPRRA.AnalyticsServiceTest" assertions="2" time="0.111361"/>
        <testcase name="test_it_does_not_track_when_disabled" file="C:\Users\Gaser\Desktop\COPRRA\tests\Unit\COPRRA\AnalyticsServiceTest.php" line="191" class="Tests\Unit\COPRRA\AnalyticsServiceTest" classname="Tests.Unit.COPRRA.AnalyticsServiceTest" assertions="2" time="0.057656"/>
        <testcase name="test_it_tracks_price_comparison_event" file="C:\Users\Gaser\Desktop\COPRRA\tests\Unit\COPRRA\AnalyticsServiceTest.php" line="22" class="Tests\Unit\COPRRA\AnalyticsServiceTest" classname="Tests.Unit.COPRRA.AnalyticsServiceTest" assertions="4" time="0.060228"/>
        <testcase name="test_it_tracks_search_event" file="C:\Users\Gaser\Desktop\COPRRA\tests\Unit\COPRRA\AnalyticsServiceTest.php" line="48" class="Tests\Unit\COPRRA\AnalyticsServiceTest" classname="Tests.Unit.COPRRA.AnalyticsServiceTest" assertions="4" time="0.056639"/>
        <testcase name="test_it_tracks_product_view_event" file="C:\Users\Gaser\Desktop\COPRRA\tests\Unit\COPRRA\AnalyticsServiceTest.php" line="36" class="Tests\Unit\COPRRA\AnalyticsServiceTest" classname="Tests.Unit.COPRRA.AnalyticsServiceTest" assertions="3" time="0.061527"/>
        <testcase name="test_it_tracks_store_click_event" file="C:\Users\Gaser\Desktop\COPRRA\tests\Unit\COPRRA\AnalyticsServiceTest.php" line="62" class="Tests\Unit\COPRRA\AnalyticsServiceTest" classname="Tests.Unit.COPRRA.AnalyticsServiceTest" assertions="4" time="0.059966"/>
        <testcase name="test_it_gets_most_viewed_products" file="C:\Users\Gaser\Desktop\COPRRA\tests\Unit\COPRRA\AnalyticsServiceTest.php" line="76" class="Tests\Unit\COPRRA\AnalyticsServiceTest" classname="Tests.Unit.COPRRA.AnalyticsServiceTest" assertions="3" time="0.062604"/>
        <testcase name="test_it_gets_price_comparison_statistics" file="C:\Users\Gaser\Desktop\COPRRA\tests\Unit\COPRRA\AnalyticsServiceTest.php" line="136" class="Tests\Unit\COPRRA\AnalyticsServiceTest" classname="Tests.Unit.COPRRA.AnalyticsServiceTest" assertions="4" time="0.065679"/>
        <testcase name="test_it_handles_empty_metadata" file="C:\Users\Gaser\Desktop\COPRRA\tests\Unit\COPRRA\AnalyticsServiceTest.php" line="216" class="Tests\Unit\COPRRA\AnalyticsServiceTest" classname="Tests.Unit.COPRRA.AnalyticsServiceTest" assertions="2" time="0.059473"/>
        <testcase name="test_it_gets_dashboard_data" file="C:\Users\Gaser\Desktop\COPRRA\tests\Unit\COPRRA\AnalyticsServiceTest.php" line="154" class="Tests\Unit\COPRRA\AnalyticsServiceTest" classname="Tests.Unit.COPRRA.AnalyticsServiceTest" assertions="5" time="0.062251"/>
        <testcase name="test_it_gets_most_popular_stores" file="C:\Users\Gaser\Desktop\COPRRA\tests\Unit\COPRRA\AnalyticsServiceTest.php" line="113" class="Tests\Unit\COPRRA\AnalyticsServiceTest" classname="Tests.Unit.COPRRA.AnalyticsServiceTest" assertions="3" time="0.065248"/>
        <testcase name="test_it_cleans_old_analytics_data" file="C:\Users\Gaser\Desktop\COPRRA\tests\Unit\COPRRA\AnalyticsServiceTest.php" line="172" class="Tests\Unit\COPRRA\AnalyticsServiceTest" classname="Tests.Unit.COPRRA.AnalyticsServiceTest" assertions="3" time="0.077864"/>
        <testcase name="test_it_gets_most_searched_queries" file="C:\Users\Gaser\Desktop\COPRRA\tests\Unit\COPRRA\AnalyticsServiceTest.php" line="98" class="Tests\Unit\COPRRA\AnalyticsServiceTest" classname="Tests.Unit.COPRRA.AnalyticsServiceTest" assertions="4" time="0.117723"/>
      </testsuite>
      <testsuite name="Tests\Unit\Integration\APIIntegrationTest" file="C:\Users\Gaser\Desktop\COPRRA\tests\Unit\Integration\APIIntegrationTest.php" tests="3" assertions="3" errors="0" failures="0" skipped="0" time="1.374913">
        <testcase name="test_validation" file="C:\Users\Gaser\Desktop\COPRRA\tests\Unit\Integration\APIIntegrationTest.php" line="26" class="Tests\Unit\Integration\APIIntegrationTest" classname="Tests.Unit.Integration.APIIntegrationTest" assertions="1" time="0.429870"/>
        <testcase name="test_basic_functionality" file="C:\Users\Gaser\Desktop\COPRRA\tests\Unit\Integration\APIIntegrationTest.php" line="12" class="Tests\Unit\Integration\APIIntegrationTest" classname="Tests.Unit.Integration.APIIntegrationTest" assertions="1" time="0.448172"/>
        <testcase name="test_expected_behavior" file="C:\Users\Gaser\Desktop\COPRRA\tests\Unit\Integration\APIIntegrationTest.php" line="19" class="Tests\Unit\Integration\APIIntegrationTest" classname="Tests.Unit.Integration.APIIntegrationTest" assertions="1" time="0.496871"/>
      </testsuite>
      <testsuite name="Tests\Unit\Integration\ShippingIntegrationTest" file="C:\Users\Gaser\Desktop\COPRRA\tests\Unit\Integration\ShippingIntegrationTest.php" tests="3" assertions="3" errors="0" failures="0" skipped="0" time="1.337642">
        <testcase name="test_basic_functionality" file="C:\Users\Gaser\Desktop\COPRRA\tests\Unit\Integration\ShippingIntegrationTest.php" line="12" class="Tests\Unit\Integration\ShippingIntegrationTest" classname="Tests.Unit.Integration.ShippingIntegrationTest" assertions="1" time="0.462627"/>
        <testcase name="test_validation" file="C:\Users\Gaser\Desktop\COPRRA\tests\Unit\Integration\ShippingIntegrationTest.php" line="26" class="Tests\Unit\Integration\ShippingIntegrationTest" classname="Tests.Unit.Integration.ShippingIntegrationTest" assertions="1" time="0.447180"/>
        <testcase name="test_expected_behavior" file="C:\Users\Gaser\Desktop\COPRRA\tests\Unit\Integration\ShippingIntegrationTest.php" line="19" class="Tests\Unit\Integration\ShippingIntegrationTest" classname="Tests.Unit.Integration.ShippingIntegrationTest" assertions="1" time="0.427835"/>
      </testsuite>
      <testsuite name="Tests\Unit\DataAccuracy\DiscountCalculationTest" file="C:\Users\Gaser\Desktop\COPRRA\tests\Unit\DataAccuracy\DiscountCalculationTest.php" tests="3" assertions="3" errors="0" failures="0" skipped="0" time="1.409506">
        <testcase name="test_discount_expiration" file="C:\Users\Gaser\Desktop\COPRRA\tests\Unit\DataAccuracy\DiscountCalculationTest.php" line="40" class="Tests\Unit\DataAccuracy\DiscountCalculationTest" classname="Tests.Unit.DataAccuracy.DiscountCalculationTest" assertions="1" time="0.495987"/>
        <testcase name="test_percentage_discount" file="C:\Users\Gaser\Desktop\COPRRA\tests\Unit\DataAccuracy\DiscountCalculationTest.php" line="16" class="Tests\Unit\DataAccuracy\DiscountCalculationTest" classname="Tests.Unit.DataAccuracy.DiscountCalculationTest" assertions="1" time="0.462190"/>
        <testcase name="test_fixed_amount_discount" file="C:\Users\Gaser\Desktop\COPRRA\tests\Unit\DataAccuracy\DiscountCalculationTest.php" line="28" class="Tests\Unit\DataAccuracy\DiscountCalculationTest" classname="Tests.Unit.DataAccuracy.DiscountCalculationTest" assertions="1" time="0.451330"/>
      </testsuite>
      <testsuite name="Tests\Unit\Models\PaymentTest" file="C:\Users\Gaser\Desktop\COPRRA\tests\Unit\Models\PaymentTest.php" tests="3" assertions="5" errors="0" failures="0" skipped="0" time="1.307629">
        <testcase name="test_payment_method_relation" file="C:\Users\Gaser\Desktop\COPRRA\tests\Unit\Models\PaymentTest.php" line="37" class="Tests\Unit\Models\PaymentTest" classname="Tests.Unit.Models.PaymentTest" assertions="2" time="0.419469"/>
        <testcase name="test_order_relation" file="C:\Users\Gaser\Desktop\COPRRA\tests\Unit\Models\PaymentTest.php" line="24" class="Tests\Unit\Models\PaymentTest" classname="Tests.Unit.Models.PaymentTest" assertions="2" time="0.455827"/>
        <testcase name="test_scope_by_status" file="C:\Users\Gaser\Desktop\COPRRA\tests\Unit\Models\PaymentTest.php" line="50" class="Tests\Unit\Models\PaymentTest" classname="Tests.Unit.Models.PaymentTest" assertions="1" time="0.432333"/>
      </testsuite>
      <testsuite name="Tests\Unit\URLServiceTest" file="C:\Users\Gaser\Desktop\COPRRA\tests\Unit\URLServiceTest.php" tests="3" assertions="7" errors="0" failures="0" skipped="0" time="0.010878">
        <testcase name="testGenerateAffiliateUrlReturnsOriginalWhenMissingConfig" file="C:\Users\Gaser\Desktop\COPRRA\tests\Unit\URLServiceTest.php" line="27" class="Tests\Unit\URLServiceTest" classname="Tests.Unit.URLServiceTest" assertions="2" time="0.004922"/>
        <testcase name="testGenerateAffiliateUrlKeepsPathSlashesUnencoded" file="C:\Users\Gaser\Desktop\COPRRA\tests\Unit\URLServiceTest.php" line="43" class="Tests\Unit\URLServiceTest" classname="Tests.Unit.URLServiceTest" assertions="2" time="0.003284"/>
        <testcase name="testGenerateAffiliateUrlEncodesUrlAndInjectsAffiliateCode" file="C:\Users\Gaser\Desktop\COPRRA\tests\Unit\URLServiceTest.php" line="12" class="Tests\Unit\URLServiceTest" classname="Tests.Unit.URLServiceTest" assertions="3" time="0.002671"/>
      </testsuite>
      <testsuite name="Tests\Unit\Models\AuditLogTest" file="C:\Users\Gaser\Desktop\COPRRA\tests\Unit\Models\AuditLogTest.php" tests="16" assertions="22" errors="0" failures="0" skipped="0" time="7.536818">
        <testcase name="test_get_formatted_event_attribute" file="C:\Users\Gaser\Desktop\COPRRA\tests\Unit\Models\AuditLogTest.php" line="132" class="Tests\Unit\Models\AuditLogTest" classname="Tests.Unit.Models.AuditLogTest" assertions="1" time="0.602168"/>
        <testcase name="test_scope_for_user" file="C:\Users\Gaser\Desktop\COPRRA\tests\Unit\Models\AuditLogTest.php" line="96" class="Tests\Unit\Models\AuditLogTest" classname="Tests.Unit.Models.AuditLogTest" assertions="2" time="0.451303"/>
        <testcase name="test_get_changes_summary_attribute_null_values" file="C:\Users\Gaser\Desktop\COPRRA\tests\Unit\Models\AuditLogTest.php" line="203" class="Tests\Unit\Models\AuditLogTest" classname="Tests.Unit.Models.AuditLogTest" assertions="1" time="0.462982"/>
        <testcase name="test_get_changes_summary_attribute_with_changes" file="C:\Users\Gaser\Desktop\COPRRA\tests\Unit\Models\AuditLogTest.php" line="172" class="Tests\Unit\Models\AuditLogTest" classname="Tests.Unit.Models.AuditLogTest" assertions="2" time="0.437312"/>
        <testcase name="test_scope_for_model" file="C:\Users\Gaser\Desktop\COPRRA\tests\Unit\Models\AuditLogTest.php" line="107" class="Tests\Unit\Models\AuditLogTest" classname="Tests.Unit.Models.AuditLogTest" assertions="2" time="0.426624"/>
        <testcase name="test_get_changes_summary_attribute_no_actual_changes" file="C:\Users\Gaser\Desktop\COPRRA\tests\Unit\Models\AuditLogTest.php" line="218" class="Tests\Unit\Models\AuditLogTest" classname="Tests.Unit.Models.AuditLogTest" assertions="1" time="0.455810"/>
        <testcase name="test_get_changes_summary_attribute_only_old_values" file="C:\Users\Gaser\Desktop\COPRRA\tests\Unit\Models\AuditLogTest.php" line="152" class="Tests\Unit\Models\AuditLogTest" classname="Tests.Unit.Models.AuditLogTest" assertions="1" time="0.485397"/>
        <testcase name="test_get_changes_summary_attribute_boolean_values" file="C:\Users\Gaser\Desktop\COPRRA\tests\Unit\Models\AuditLogTest.php" line="188" class="Tests\Unit\Models\AuditLogTest" classname="Tests.Unit.Models.AuditLogTest" assertions="1" time="0.429352"/>
        <testcase name="test_fillable_attributes" file="C:\Users\Gaser\Desktop\COPRRA\tests\Unit\Models\AuditLogTest.php" line="23" class="Tests\Unit\Models\AuditLogTest" classname="Tests.Unit.Models.AuditLogTest" assertions="1" time="0.425615"/>
        <testcase name="test_user_relation" file="C:\Users\Gaser\Desktop\COPRRA\tests\Unit\Models\AuditLogTest.php" line="60" class="Tests\Unit\Models\AuditLogTest" classname="Tests.Unit.Models.AuditLogTest" assertions="2" time="0.445601"/>
        <testcase name="test_auditable_relation" file="C:\Users\Gaser\Desktop\COPRRA\tests\Unit\Models\AuditLogTest.php" line="73" class="Tests\Unit\Models\AuditLogTest" classname="Tests.Unit.Models.AuditLogTest" assertions="1" time="0.521490"/>
        <testcase name="test_get_changes_summary_attribute_no_changes" file="C:\Users\Gaser\Desktop\COPRRA\tests\Unit\Models\AuditLogTest.php" line="142" class="Tests\Unit\Models\AuditLogTest" classname="Tests.Unit.Models.AuditLogTest" assertions="1" time="0.488291"/>
        <testcase name="test_casts" file="C:\Users\Gaser\Desktop\COPRRA\tests\Unit\Models\AuditLogTest.php" line="45" class="Tests\Unit\Models\AuditLogTest" classname="Tests.Unit.Models.AuditLogTest" assertions="1" time="0.530984"/>
        <testcase name="test_scope_event" file="C:\Users\Gaser\Desktop\COPRRA\tests\Unit\Models\AuditLogTest.php" line="85" class="Tests\Unit\Models\AuditLogTest" classname="Tests.Unit.Models.AuditLogTest" assertions="2" time="0.495112"/>
        <testcase name="test_scope_date_range" file="C:\Users\Gaser\Desktop\COPRRA\tests\Unit\Models\AuditLogTest.php" line="118" class="Tests\Unit\Models\AuditLogTest" classname="Tests.Unit.Models.AuditLogTest" assertions="2" time="0.446229"/>
        <testcase name="test_get_changes_summary_attribute_only_new_values" file="C:\Users\Gaser\Desktop\COPRRA\tests\Unit\Models\AuditLogTest.php" line="162" class="Tests\Unit\Models\AuditLogTest" classname="Tests.Unit.Models.AuditLogTest" assertions="1" time="0.432548"/>
      </testsuite>
      <testsuite name="Tests\Unit\Controllers\BaseApiControllerTest" file="C:\Users\Gaser\Desktop\COPRRA\tests\Unit\Controllers\BaseApiControllerTest.php" tests="4" assertions="29" errors="0" failures="0" skipped="0" time="1.813556">
        <testcase name="test_success_response" file="C:\Users\Gaser\Desktop\COPRRA\tests\Unit\Controllers\BaseApiControllerTest.php" line="63" class="Tests\Unit\Controllers\BaseApiControllerTest" classname="Tests.Unit.Controllers.BaseApiControllerTest" assertions="7" time="0.445893"/>
        <testcase name="test_error_response" file="C:\Users\Gaser\Desktop\COPRRA\tests\Unit\Controllers\BaseApiControllerTest.php" line="87" class="Tests\Unit\Controllers\BaseApiControllerTest" classname="Tests.Unit.Controllers.BaseApiControllerTest" assertions="7" time="0.442044"/>
        <testcase name="test_get_rate_limit_info" file="C:\Users\Gaser\Desktop\COPRRA\tests\Unit\Controllers\BaseApiControllerTest.php" line="140" class="Tests\Unit\Controllers\BaseApiControllerTest" classname="Tests.Unit.Controllers.BaseApiControllerTest" assertions="7" time="0.446322"/>
        <testcase name="test_paginated_response" file="C:\Users\Gaser\Desktop\COPRRA\tests\Unit\Controllers\BaseApiControllerTest.php" line="111" class="Tests\Unit\Controllers\BaseApiControllerTest" classname="Tests.Unit.Controllers.BaseApiControllerTest" assertions="8" time="0.479297"/>
      </testsuite>
      <testsuite name="Tests\Unit\MockeryDebugTest" file="C:\Users\Gaser\Desktop\COPRRA\tests\Unit\MockeryDebugTest.php" tests="3" assertions="3" errors="0" failures="0" skipped="0" time="1.426961">
        <testcase name="test_basic_functionality" file="C:\Users\Gaser\Desktop\COPRRA\tests\Unit\MockeryDebugTest.php" line="12" class="Tests\Unit\MockeryDebugTest" classname="Tests.Unit.MockeryDebugTest" assertions="1" time="0.436562"/>
        <testcase name="test_validation" file="C:\Users\Gaser\Desktop\COPRRA\tests\Unit\MockeryDebugTest.php" line="26" class="Tests\Unit\MockeryDebugTest" classname="Tests.Unit.MockeryDebugTest" assertions="1" time="0.419594"/>
        <testcase name="test_expected_behavior" file="C:\Users\Gaser\Desktop\COPRRA\tests\Unit\MockeryDebugTest.php" line="19" class="Tests\Unit\MockeryDebugTest" classname="Tests.Unit.MockeryDebugTest" assertions="1" time="0.570805"/>
      </testsuite>
      <testsuite name="Tests\Unit\Recommendations\PersonalizedRecommendationTest" file="C:\Users\Gaser\Desktop\COPRRA\tests\Unit\Recommendations\PersonalizedRecommendationTest.php" tests="14" assertions="188" errors="0" failures="0" skipped="0" time="0.042133">
        <testcase name="it_considers_seasonal_trends" file="C:\Users\Gaser\Desktop\COPRRA\tests\Unit\Recommendations\PersonalizedRecommendationTest.php" line="95" class="Tests\Unit\Recommendations\PersonalizedRecommendationTest" classname="Tests.Unit.Recommendations.PersonalizedRecommendationTest" assertions="1" time="0.004042"/>
        <testcase name="it_considers_product_availability" file="C:\Users\Gaser\Desktop\COPRRA\tests\Unit\Recommendations\PersonalizedRecommendationTest.php" line="132" class="Tests\Unit\Recommendations\PersonalizedRecommendationTest" classname="Tests.Unit.Recommendations.PersonalizedRecommendationTest" assertions="20" time="0.004249"/>
        <testcase name="it_limits_recommendation_count" file="C:\Users\Gaser\Desktop\COPRRA\tests\Unit\Recommendations\PersonalizedRecommendationTest.php" line="119" class="Tests\Unit\Recommendations\PersonalizedRecommendationTest" classname="Tests.Unit.Recommendations.PersonalizedRecommendationTest" assertions="2" time="0.003119"/>
        <testcase name="it_considers_collaborative_filtering" file="C:\Users\Gaser\Desktop\COPRRA\tests\Unit\Recommendations\PersonalizedRecommendationTest.php" line="182" class="Tests\Unit\Recommendations\PersonalizedRecommendationTest" classname="Tests.Unit.Recommendations.PersonalizedRecommendationTest" assertions="53" time="0.004251"/>
        <testcase name="it_avoids_previously_purchased_products" file="C:\Users\Gaser\Desktop\COPRRA\tests\Unit\Recommendations\PersonalizedRecommendationTest.php" line="60" class="Tests\Unit\Recommendations\PersonalizedRecommendationTest" classname="Tests.Unit.Recommendations.PersonalizedRecommendationTest" assertions="10" time="0.002751"/>
        <testcase name="it_considers_user_rating_patterns" file="C:\Users\Gaser\Desktop\COPRRA\tests\Unit\Recommendations\PersonalizedRecommendationTest.php" line="76" class="Tests\Unit\Recommendations\PersonalizedRecommendationTest" classname="Tests.Unit.Recommendations.PersonalizedRecommendationTest" assertions="2" time="0.002552"/>
        <testcase name="it_generates_recommendations_based_on_user_history" file="C:\Users\Gaser\Desktop\COPRRA\tests\Unit\Recommendations\PersonalizedRecommendationTest.php" line="13" class="Tests\Unit\Recommendations\PersonalizedRecommendationTest" classname="Tests.Unit.Recommendations.PersonalizedRecommendationTest" assertions="1" time="0.002403"/>
        <testcase name="it_considers_content_based_filtering" file="C:\Users\Gaser\Desktop\COPRRA\tests\Unit\Recommendations\PersonalizedRecommendationTest.php" line="213" class="Tests\Unit\Recommendations\PersonalizedRecommendationTest" classname="Tests.Unit.Recommendations.PersonalizedRecommendationTest" assertions="10" time="0.002661"/>
        <testcase name="it_considers_user_demographics" file="C:\Users\Gaser\Desktop\COPRRA\tests\Unit\Recommendations\PersonalizedRecommendationTest.php" line="105" class="Tests\Unit\Recommendations\PersonalizedRecommendationTest" classname="Tests.Unit.Recommendations.PersonalizedRecommendationTest" assertions="1" time="0.003362"/>
        <testcase name="it_prioritizes_same_brand_recommendations" file="C:\Users\Gaser\Desktop\COPRRA\tests\Unit\Recommendations\PersonalizedRecommendationTest.php" line="27" class="Tests\Unit\Recommendations\PersonalizedRecommendationTest" classname="Tests.Unit.Recommendations.PersonalizedRecommendationTest" assertions="1" time="0.002952"/>
        <testcase name="it_considers_user_preferences" file="C:\Users\Gaser\Desktop\COPRRA\tests\Unit\Recommendations\PersonalizedRecommendationTest.php" line="41" class="Tests\Unit\Recommendations\PersonalizedRecommendationTest" classname="Tests.Unit.Recommendations.PersonalizedRecommendationTest" assertions="60" time="0.003038"/>
        <testcase name="it_handles_empty_user_history" file="C:\Users\Gaser\Desktop\COPRRA\tests\Unit\Recommendations\PersonalizedRecommendationTest.php" line="228" class="Tests\Unit\Recommendations\PersonalizedRecommendationTest" classname="Tests.Unit.Recommendations.PersonalizedRecommendationTest" assertions="1" time="0.002217"/>
        <testcase name="it_considers_recommendation_diversity" file="C:\Users\Gaser\Desktop\COPRRA\tests\Unit\Recommendations\PersonalizedRecommendationTest.php" line="237" class="Tests\Unit\Recommendations\PersonalizedRecommendationTest" classname="Tests.Unit.Recommendations.PersonalizedRecommendationTest" assertions="4" time="0.002376"/>
        <testcase name="it_considers_price_sensitivity" file="C:\Users\Gaser\Desktop\COPRRA\tests\Unit\Recommendations\PersonalizedRecommendationTest.php" line="147" class="Tests\Unit\Recommendations\PersonalizedRecommendationTest" classname="Tests.Unit.Recommendations.PersonalizedRecommendationTest" assertions="22" time="0.002158"/>
      </testsuite>
      <testsuite name="Tests\Unit\Deployment\InfrastructureTest" file="C:\Users\Gaser\Desktop\COPRRA\tests\Unit\Deployment\InfrastructureTest.php" tests="3" assertions="3" errors="0" failures="0" skipped="0" time="1.418629">
        <testcase name="test_basic_functionality" file="C:\Users\Gaser\Desktop\COPRRA\tests\Unit\Deployment\InfrastructureTest.php" line="12" class="Tests\Unit\Deployment\InfrastructureTest" classname="Tests.Unit.Deployment.InfrastructureTest" assertions="1" time="0.442146"/>
        <testcase name="test_validation" file="C:\Users\Gaser\Desktop\COPRRA\tests\Unit\Deployment\InfrastructureTest.php" line="26" class="Tests\Unit\Deployment\InfrastructureTest" classname="Tests.Unit.Deployment.InfrastructureTest" assertions="1" time="0.499388"/>
        <testcase name="test_expected_behavior" file="C:\Users\Gaser\Desktop\COPRRA\tests\Unit\Deployment\InfrastructureTest.php" line="19" class="Tests\Unit\Deployment\InfrastructureTest" classname="Tests.Unit.Deployment.InfrastructureTest" assertions="1" time="0.477094"/>
      </testsuite>
      <testsuite name="Tests\Unit\Models\CurrencyTest" file="C:\Users\Gaser\Desktop\COPRRA\tests\Unit\Models\CurrencyTest.php" tests="3" assertions="6" errors="0" failures="0" skipped="0" time="1.342044">
        <testcase name="test_stores_relation" file="C:\Users\Gaser\Desktop\COPRRA\tests\Unit\Models\CurrencyTest.php" line="34" class="Tests\Unit\Models\CurrencyTest" classname="Tests.Unit.Models.CurrencyTest" assertions="2" time="0.427100"/>
        <testcase name="test_guarded_attributes" file="C:\Users\Gaser\Desktop\COPRRA\tests\Unit\Models\CurrencyTest.php" line="24" class="Tests\Unit\Models\CurrencyTest" classname="Tests.Unit.Models.CurrencyTest" assertions="1" time="0.465888"/>
        <testcase name="test_languages_relation" file="C:\Users\Gaser\Desktop\COPRRA\tests\Unit\Models\CurrencyTest.php" line="47" class="Tests\Unit\Models\CurrencyTest" classname="Tests.Unit.Models.CurrencyTest" assertions="3" time="0.449056"/>
      </testsuite>
      <testsuite name="Tests\Unit\CreatesApplicationTest" file="C:\Users\Gaser\Desktop\COPRRA\tests\Unit\CreatesApplicationTest.php" tests="1" assertions="2" errors="0" failures="0" skipped="0" time="0.543832">
        <testcase name="test_application_can_be_created" file="C:\Users\Gaser\Desktop\COPRRA\tests\Unit\CreatesApplicationTest.php" line="11" class="Tests\Unit\CreatesApplicationTest" classname="Tests.Unit.CreatesApplicationTest" assertions="2" time="0.543832"/>
      </testsuite>
      <testsuite name="Tests\Unit\Deployment\KubernetesDeploymentTest" file="C:\Users\Gaser\Desktop\COPRRA\tests\Unit\Deployment\KubernetesDeploymentTest.php" tests="3" assertions="3" errors="0" failures="0" skipped="0" time="1.511097">
        <testcase name="test_validation" file="C:\Users\Gaser\Desktop\COPRRA\tests\Unit\Deployment\KubernetesDeploymentTest.php" line="26" class="Tests\Unit\Deployment\KubernetesDeploymentTest" classname="Tests.Unit.Deployment.KubernetesDeploymentTest" assertions="1" time="0.504463"/>
        <testcase name="test_basic_functionality" file="C:\Users\Gaser\Desktop\COPRRA\tests\Unit\Deployment\KubernetesDeploymentTest.php" line="12" class="Tests\Unit\Deployment\KubernetesDeploymentTest" classname="Tests.Unit.Deployment.KubernetesDeploymentTest" assertions="1" time="0.496199"/>
        <testcase name="test_expected_behavior" file="C:\Users\Gaser\Desktop\COPRRA\tests\Unit\Deployment\KubernetesDeploymentTest.php" line="19" class="Tests\Unit\Deployment\KubernetesDeploymentTest" classname="Tests.Unit.Deployment.KubernetesDeploymentTest" assertions="1" time="0.510435"/>
      </testsuite>
      <testsuite name="Tests\Unit\DataAccuracy\DataValidationTest" file="C:\Users\Gaser\Desktop\COPRRA\tests\Unit\DataAccuracy\DataValidationTest.php" tests="3" assertions="6" errors="0" failures="0" skipped="0" time="2.030140">
        <testcase name="test_integer_validation" file="C:\Users\Gaser\Desktop\COPRRA\tests\Unit\DataAccuracy\DataValidationTest.php" line="13" class="Tests\Unit\DataAccuracy\DataValidationTest" classname="Tests.Unit.DataAccuracy.DataValidationTest" assertions="2" time="1.033393"/>
        <testcase name="test_date_validation" file="C:\Users\Gaser\Desktop\COPRRA\tests\Unit\DataAccuracy\DataValidationTest.php" line="26" class="Tests\Unit\DataAccuracy\DataValidationTest" classname="Tests.Unit.DataAccuracy.DataValidationTest" assertions="2" time="0.526397"/>
        <testcase name="test_url_validation" file="C:\Users\Gaser\Desktop\COPRRA\tests\Unit\DataAccuracy\DataValidationTest.php" line="39" class="Tests\Unit\DataAccuracy\DataValidationTest" classname="Tests.Unit.DataAccuracy.DataValidationTest" assertions="2" time="0.470351"/>
      </testsuite>
      <testsuite name="Tests\Unit\Performance\FilteringPerformanceTest" file="C:\Users\Gaser\Desktop\COPRRA\tests\Unit\Performance\FilteringPerformanceTest.php" tests="3" assertions="3" errors="0" failures="0" skipped="0" time="1.575496">
        <testcase name="test_performance_basic_functionality" file="C:\Users\Gaser\Desktop\COPRRA\tests\Unit\Performance\FilteringPerformanceTest.php" line="12" class="Tests\Unit\Performance\FilteringPerformanceTest" classname="Tests.Unit.Performance.FilteringPerformanceTest" assertions="1" time="0.440440"/>
        <testcase name="test_performance_metrics" file="C:\Users\Gaser\Desktop\COPRRA\tests\Unit\Performance\FilteringPerformanceTest.php" line="19" class="Tests\Unit\Performance\FilteringPerformanceTest" classname="Tests.Unit.Performance.FilteringPerformanceTest" assertions="1" time="0.648670"/>
        <testcase name="test_performance_optimization" file="C:\Users\Gaser\Desktop\COPRRA\tests\Unit\Performance\FilteringPerformanceTest.php" line="26" class="Tests\Unit\Performance\FilteringPerformanceTest" classname="Tests.Unit.Performance.FilteringPerformanceTest" assertions="1" time="0.486386"/>
      </testsuite>
      <testsuite name="Tests\Unit\Integration\EndToEndIntegrationTest" file="C:\Users\Gaser\Desktop\COPRRA\tests\Unit\Integration\EndToEndIntegrationTest.php" tests="3" assertions="3" errors="0" failures="0" skipped="0" time="1.528339">
        <testcase name="test_basic_functionality" file="C:\Users\Gaser\Desktop\COPRRA\tests\Unit\Integration\EndToEndIntegrationTest.php" line="12" class="Tests\Unit\Integration\EndToEndIntegrationTest" classname="Tests.Unit.Integration.EndToEndIntegrationTest" assertions="1" time="0.438197"/>
        <testcase name="test_validation" file="C:\Users\Gaser\Desktop\COPRRA\tests\Unit\Integration\EndToEndIntegrationTest.php" line="26" class="Tests\Unit\Integration\EndToEndIntegrationTest" classname="Tests.Unit.Integration.EndToEndIntegrationTest" assertions="1" time="0.492293"/>
        <testcase name="test_expected_behavior" file="C:\Users\Gaser\Desktop\COPRRA\tests\Unit\Integration\EndToEndIntegrationTest.php" line="19" class="Tests\Unit\Integration\EndToEndIntegrationTest" classname="Tests.Unit.Integration.EndToEndIntegrationTest" assertions="1" time="0.597850"/>
      </testsuite>
      <testsuite name="Tests\Unit\Integration\PushNotificationTest" file="C:\Users\Gaser\Desktop\COPRRA\tests\Unit\Integration\PushNotificationTest.php" tests="3" assertions="3" errors="0" failures="0" skipped="0" time="1.461182">
        <testcase name="test_expected_behavior" file="C:\Users\Gaser\Desktop\COPRRA\tests\Unit\Integration\PushNotificationTest.php" line="19" class="Tests\Unit\Integration\PushNotificationTest" classname="Tests.Unit.Integration.PushNotificationTest" assertions="1" time="0.439770"/>
        <testcase name="test_validation" file="C:\Users\Gaser\Desktop\COPRRA\tests\Unit\Integration\PushNotificationTest.php" line="26" class="Tests\Unit\Integration\PushNotificationTest" classname="Tests.Unit.Integration.PushNotificationTest" assertions="1" time="0.588953"/>
        <testcase name="test_basic_functionality" file="C:\Users\Gaser\Desktop\COPRRA\tests\Unit\Integration\PushNotificationTest.php" line="12" class="Tests\Unit\Integration\PushNotificationTest" classname="Tests.Unit.Integration.PushNotificationTest" assertions="1" time="0.432459"/>
      </testsuite>
      <testsuite name="Tests\Unit\Models\CategoryTest" file="C:\Users\Gaser\Desktop\COPRRA\tests\Unit\Models\CategoryTest.php" tests="10" assertions="19" errors="0" failures="0" skipped="0" time="4.566250">
        <testcase name="test_level_based_on_parent_on_creating" file="C:\Users\Gaser\Desktop\COPRRA\tests\Unit\Models\CategoryTest.php" line="107" class="Tests\Unit\Models\CategoryTest" classname="Tests.Unit.Models.CategoryTest" assertions="1" time="0.440037"/>
        <testcase name="test_children_relation" file="C:\Users\Gaser\Desktop\COPRRA\tests\Unit\Models\CategoryTest.php" line="46" class="Tests\Unit\Models\CategoryTest" classname="Tests.Unit.Models.CategoryTest" assertions="2" time="0.442454"/>
        <testcase name="test_slug_and_level_auto_generated_on_creating" file="C:\Users\Gaser\Desktop\COPRRA\tests\Unit\Models\CategoryTest.php" line="94" class="Tests\Unit\Models\CategoryTest" classname="Tests.Unit.Models.CategoryTest" assertions="2" time="0.438225"/>
        <testcase name="test_scope_active" file="C:\Users\Gaser\Desktop\COPRRA\tests\Unit\Models\CategoryTest.php" line="72" class="Tests\Unit\Models\CategoryTest" classname="Tests.Unit.Models.CategoryTest" assertions="2" time="0.431659"/>
        <testcase name="test_slug_updated_on_name_change" file="C:\Users\Gaser\Desktop\COPRRA\tests\Unit\Models\CategoryTest.php" line="123" class="Tests\Unit\Models\CategoryTest" classname="Tests.Unit.Models.CategoryTest" assertions="1" time="0.499419"/>
        <testcase name="test_parent_relation" file="C:\Users\Gaser\Desktop\COPRRA\tests\Unit\Models\CategoryTest.php" line="33" class="Tests\Unit\Models\CategoryTest" classname="Tests.Unit.Models.CategoryTest" assertions="2" time="0.430889"/>
        <testcase name="test_level_updated_on_parent_change" file="C:\Users\Gaser\Desktop\COPRRA\tests\Unit\Models\CategoryTest.php" line="138" class="Tests\Unit\Models\CategoryTest" classname="Tests.Unit.Models.CategoryTest" assertions="1" time="0.444590"/>
        <testcase name="test_get_rules" file="C:\Users\Gaser\Desktop\COPRRA\tests\Unit\Models\CategoryTest.php" line="157" class="Tests\Unit\Models\CategoryTest" classname="Tests.Unit.Models.CategoryTest" assertions="4" time="0.514326"/>
        <testcase name="test_scope_search" file="C:\Users\Gaser\Desktop\COPRRA\tests\Unit\Models\CategoryTest.php" line="83" class="Tests\Unit\Models\CategoryTest" classname="Tests.Unit.Models.CategoryTest" assertions="2" time="0.437071"/>
        <testcase name="test_products_relation" file="C:\Users\Gaser\Desktop\COPRRA\tests\Unit\Models\CategoryTest.php" line="59" class="Tests\Unit\Models\CategoryTest" classname="Tests.Unit.Models.CategoryTest" assertions="2" time="0.487580"/>
      </testsuite>
      <testsuite name="Tests\Unit\DataAccuracy\ProductMatchingTest" file="C:\Users\Gaser\Desktop\COPRRA\tests\Unit\DataAccuracy\ProductMatchingTest.php" tests="3" assertions="3" errors="0" failures="0" skipped="0" time="1.353202">
        <testcase name="test_expected_behavior" file="C:\Users\Gaser\Desktop\COPRRA\tests\Unit\DataAccuracy\ProductMatchingTest.php" line="19" class="Tests\Unit\DataAccuracy\ProductMatchingTest" classname="Tests.Unit.DataAccuracy.ProductMatchingTest" assertions="1" time="0.480587"/>
        <testcase name="test_basic_functionality" file="C:\Users\Gaser\Desktop\COPRRA\tests\Unit\DataAccuracy\ProductMatchingTest.php" line="12" class="Tests\Unit\DataAccuracy\ProductMatchingTest" classname="Tests.Unit.DataAccuracy.ProductMatchingTest" assertions="1" time="0.434865"/>
        <testcase name="test_validation" file="C:\Users\Gaser\Desktop\COPRRA\tests\Unit\DataAccuracy\ProductMatchingTest.php" line="26" class="Tests\Unit\DataAccuracy\ProductMatchingTest" classname="Tests.Unit.DataAccuracy.ProductMatchingTest" assertions="1" time="0.437750"/>
      </testsuite>
      <testsuite name="Tests\Unit\Integration\SearchIntegrationTest" file="C:\Users\Gaser\Desktop\COPRRA\tests\Unit\Integration\SearchIntegrationTest.php" tests="3" assertions="3" errors="0" failures="0" skipped="0" time="1.361243">
        <testcase name="test_validation" file="C:\Users\Gaser\Desktop\COPRRA\tests\Unit\Integration\SearchIntegrationTest.php" line="26" class="Tests\Unit\Integration\SearchIntegrationTest" classname="Tests.Unit.Integration.SearchIntegrationTest" assertions="1" time="0.471390"/>
        <testcase name="test_basic_functionality" file="C:\Users\Gaser\Desktop\COPRRA\tests\Unit\Integration\SearchIntegrationTest.php" line="12" class="Tests\Unit\Integration\SearchIntegrationTest" classname="Tests.Unit.Integration.SearchIntegrationTest" assertions="1" time="0.440724"/>
        <testcase name="test_expected_behavior" file="C:\Users\Gaser\Desktop\COPRRA\tests\Unit\Integration\SearchIntegrationTest.php" line="19" class="Tests\Unit\Integration\SearchIntegrationTest" classname="Tests.Unit.Integration.SearchIntegrationTest" assertions="1" time="0.449129"/>
      </testsuite>
      <testsuite name="Tests\Unit\Controllers\AnalyticsControllerTest" file="C:\Users\Gaser\Desktop\COPRRA\tests\Unit\Controllers\AnalyticsControllerTest.php" tests="9" assertions="19" errors="0" failures="0" skipped="0" time="0.588336">
        <testcase name="test_user_analytics_returns_analytics_for_authenticated_user" file="C:\Users\Gaser\Desktop\COPRRA\tests\Unit\Controllers\AnalyticsControllerTest.php" line="88" class="Tests\Unit\Controllers\AnalyticsControllerTest" classname="Tests.Unit.Controllers.AnalyticsControllerTest" assertions="3" time="0.059787"/>
        <testcase name="test_site_analytics_throws_exception_when_service_fails" file="C:\Users\Gaser\Desktop\COPRRA\tests\Unit\Controllers\AnalyticsControllerTest.php" line="280" class="Tests\Unit\Controllers\AnalyticsControllerTest" classname="Tests.Unit.Controllers.AnalyticsControllerTest" assertions="1" time="0.120453"/>
        <testcase name="test_user_analytics_throws_exception_when_service_fails" file="C:\Users\Gaser\Desktop\COPRRA\tests\Unit\Controllers\AnalyticsControllerTest.php" line="257" class="Tests\Unit\Controllers\AnalyticsControllerTest" classname="Tests.Unit.Controllers.AnalyticsControllerTest" assertions="1" time="0.055158"/>
        <testcase name="test_track_behavior_returns_unauthorized_for_unauthenticated_user" file="C:\Users\Gaser\Desktop\COPRRA\tests\Unit\Controllers\AnalyticsControllerTest.php" line="203" class="Tests\Unit\Controllers\AnalyticsControllerTest" classname="Tests.Unit.Controllers.AnalyticsControllerTest" assertions="3" time="0.057035"/>
        <testcase name="test_site_analytics_returns_site_analytics" file="C:\Users\Gaser\Desktop\COPRRA\tests\Unit\Controllers\AnalyticsControllerTest.php" line="138" class="Tests\Unit\Controllers\AnalyticsControllerTest" classname="Tests.Unit.Controllers.AnalyticsControllerTest" assertions="3" time="0.057657"/>
        <testcase name="test_user_analytics_returns_unauthorized_for_unauthenticated_user" file="C:\Users\Gaser\Desktop\COPRRA\tests\Unit\Controllers\AnalyticsControllerTest.php" line="117" class="Tests\Unit\Controllers\AnalyticsControllerTest" classname="Tests.Unit.Controllers.AnalyticsControllerTest" assertions="3" time="0.058414"/>
        <testcase name="test_track_behavior_fails_validation_for_invalid_action" file="C:\Users\Gaser\Desktop\COPRRA\tests\Unit\Controllers\AnalyticsControllerTest.php" line="234" class="Tests\Unit\Controllers\AnalyticsControllerTest" classname="Tests.Unit.Controllers.AnalyticsControllerTest" assertions="1" time="0.062089"/>
        <testcase name="test_track_behavior_throws_exception_when_service_fails" file="C:\Users\Gaser\Desktop\COPRRA\tests\Unit\Controllers\AnalyticsControllerTest.php" line="298" class="Tests\Unit\Controllers\AnalyticsControllerTest" classname="Tests.Unit.Controllers.AnalyticsControllerTest" assertions="1" time="0.057587"/>
        <testcase name="test_track_behavior_returns_success_for_valid_authenticated_request" file="C:\Users\Gaser\Desktop\COPRRA\tests\Unit\Controllers\AnalyticsControllerTest.php" line="162" class="Tests\Unit\Controllers\AnalyticsControllerTest" classname="Tests.Unit.Controllers.AnalyticsControllerTest" assertions="3" time="0.060156"/>
      </testsuite>
      <testsuite name="Tests\Unit\Models\PaymentMethodTest" file="C:\Users\Gaser\Desktop\COPRRA\tests\Unit\Models\PaymentMethodTest.php" tests="5" assertions="8" errors="0" failures="0" skipped="0" time="2.402610">
        <testcase name="test_payments_relation" file="C:\Users\Gaser\Desktop\COPRRA\tests\Unit\Models\PaymentMethodTest.php" line="53" class="Tests\Unit\Models\PaymentMethodTest" classname="Tests.Unit.Models.PaymentMethodTest" assertions="2" time="0.437605"/>
        <testcase name="test_casts" file="C:\Users\Gaser\Desktop\COPRRA\tests\Unit\Models\PaymentMethodTest.php" line="39" class="Tests\Unit\Models\PaymentMethodTest" classname="Tests.Unit.Models.PaymentMethodTest" assertions="1" time="0.603549"/>
        <testcase name="test_fillable_attributes" file="C:\Users\Gaser\Desktop\COPRRA\tests\Unit\Models\PaymentMethodTest.php" line="22" class="Tests\Unit\Models\PaymentMethodTest" classname="Tests.Unit.Models.PaymentMethodTest" assertions="1" time="0.443090"/>
        <testcase name="test_scope_active" file="C:\Users\Gaser\Desktop\COPRRA\tests\Unit\Models\PaymentMethodTest.php" line="66" class="Tests\Unit\Models\PaymentMethodTest" classname="Tests.Unit.Models.PaymentMethodTest" assertions="2" time="0.474784"/>
        <testcase name="test_scope_default" file="C:\Users\Gaser\Desktop\COPRRA\tests\Unit\Models\PaymentMethodTest.php" line="77" class="Tests\Unit\Models\PaymentMethodTest" classname="Tests.Unit.Models.PaymentMethodTest" assertions="2" time="0.443583"/>
      </testsuite>
      <testsuite name="Tests\Unit\Rules\ValidOrderStatusTest" file="C:\Users\Gaser\Desktop\COPRRA\tests\Unit\Rules\ValidOrderStatusTest.php" tests="4" assertions="9" errors="0" failures="0" skipped="0" time="0.015837">
        <testcase name="test_fails_with_non_string_value" file="C:\Users\Gaser\Desktop\COPRRA\tests\Unit\Rules\ValidOrderStatusTest.php" line="44" class="Tests\Unit\Rules\ValidOrderStatusTest" classname="Tests.Unit.Rules.ValidOrderStatusTest" assertions="1" time="0.005747"/>
        <testcase name="test_passes_with_valid_status" file="C:\Users\Gaser\Desktop\COPRRA\tests\Unit\Rules\ValidOrderStatusTest.php" line="20" class="Tests\Unit\Rules\ValidOrderStatusTest" classname="Tests.Unit.Rules.ValidOrderStatusTest" assertions="1" time="0.004470"/>
        <testcase name="test_fails_with_invalid_status" file="C:\Users\Gaser\Desktop\COPRRA\tests\Unit\Rules\ValidOrderStatusTest.php" line="32" class="Tests\Unit\Rules\ValidOrderStatusTest" classname="Tests.Unit.Rules.ValidOrderStatusTest" assertions="1" time="0.003069"/>
        <testcase name="test_passes_with_all_valid_statuses" file="C:\Users\Gaser\Desktop\COPRRA\tests\Unit\Rules\ValidOrderStatusTest.php" line="56" class="Tests\Unit\Rules\ValidOrderStatusTest" classname="Tests.Unit.Rules.ValidOrderStatusTest" assertions="6" time="0.002551"/>
      </testsuite>
      <testsuite name="Tests\Unit\Integration\SMSIntegrationTest" file="C:\Users\Gaser\Desktop\COPRRA\tests\Unit\Integration\SMSIntegrationTest.php" tests="3" assertions="3" errors="0" failures="0" skipped="0" time="1.302564">
        <testcase name="test_basic_functionality" file="C:\Users\Gaser\Desktop\COPRRA\tests\Unit\Integration\SMSIntegrationTest.php" line="12" class="Tests\Unit\Integration\SMSIntegrationTest" classname="Tests.Unit.Integration.SMSIntegrationTest" assertions="1" time="0.437522"/>
        <testcase name="test_validation" file="C:\Users\Gaser\Desktop\COPRRA\tests\Unit\Integration\SMSIntegrationTest.php" line="26" class="Tests\Unit\Integration\SMSIntegrationTest" classname="Tests.Unit.Integration.SMSIntegrationTest" assertions="1" time="0.442487"/>
        <testcase name="test_expected_behavior" file="C:\Users\Gaser\Desktop\COPRRA\tests\Unit\Integration\SMSIntegrationTest.php" line="19" class="Tests\Unit\Integration\SMSIntegrationTest" classname="Tests.Unit.Integration.SMSIntegrationTest" assertions="1" time="0.422556"/>
      </testsuite>
      <testsuite name="Tests\Unit\Deployment\DockerDeploymentTest" file="C:\Users\Gaser\Desktop\COPRRA\tests\Unit\Deployment\DockerDeploymentTest.php" tests="3" assertions="3" errors="0" failures="0" skipped="0" time="1.443637">
        <testcase name="test_validation" file="C:\Users\Gaser\Desktop\COPRRA\tests\Unit\Deployment\DockerDeploymentTest.php" line="26" class="Tests\Unit\Deployment\DockerDeploymentTest" classname="Tests.Unit.Deployment.DockerDeploymentTest" assertions="1" time="0.483490"/>
        <testcase name="test_expected_behavior" file="C:\Users\Gaser\Desktop\COPRRA\tests\Unit\Deployment\DockerDeploymentTest.php" line="19" class="Tests\Unit\Deployment\DockerDeploymentTest" classname="Tests.Unit.Deployment.DockerDeploymentTest" assertions="1" time="0.461052"/>
        <testcase name="test_basic_functionality" file="C:\Users\Gaser\Desktop\COPRRA\tests\Unit\Deployment\DockerDeploymentTest.php" line="12" class="Tests\Unit\Deployment\DockerDeploymentTest" classname="Tests.Unit.Deployment.DockerDeploymentTest" assertions="1" time="0.499096"/>
      </testsuite>
      <testsuite name="Tests\Unit\COPRRA\CoprraServiceProviderTest" file="C:\Users\Gaser\Desktop\COPRRA\tests\Unit\COPRRA\CoprraServiceProviderTest.php" tests="25" assertions="69" errors="0" failures="0" skipped="0" time="11.666123">
        <testcase name="test_it_has_default_currency_configuration" file="C:\Users\Gaser\Desktop\COPRRA\tests\Unit\COPRRA\CoprraServiceProviderTest.php" line="48" class="Tests\Unit\COPRRA\CoprraServiceProviderTest" classname="Tests.Unit.COPRRA.CoprraServiceProviderTest" assertions="3" time="0.504466"/>
        <testcase name="test_it_has_analytics_settings" file="C:\Users\Gaser\Desktop\COPRRA\tests\Unit\COPRRA\CoprraServiceProviderTest.php" line="128" class="Tests\Unit\COPRRA\CoprraServiceProviderTest" classname="Tests.Unit.COPRRA.CoprraServiceProviderTest" assertions="3" time="0.433514"/>
        <testcase name="test_it_shares_coprra_version_with_views" file="C:\Users\Gaser\Desktop\COPRRA\tests\Unit\COPRRA\CoprraServiceProviderTest.php" line="162" class="Tests\Unit\COPRRA\CoprraServiceProviderTest" classname="Tests.Unit.COPRRA.CoprraServiceProviderTest" assertions="1" time="0.520753"/>
        <testcase name="test_it_has_coprra_name_configuration" file="C:\Users\Gaser\Desktop\COPRRA\tests\Unit\COPRRA\CoprraServiceProviderTest.php" line="30" class="Tests\Unit\COPRRA\CoprraServiceProviderTest" classname="Tests.Unit.COPRRA.CoprraServiceProviderTest" assertions="3" time="0.489858"/>
        <testcase name="test_it_has_search_settings" file="C:\Users\Gaser\Desktop\COPRRA\tests\Unit\COPRRA\CoprraServiceProviderTest.php" line="76" class="Tests\Unit\COPRRA\CoprraServiceProviderTest" classname="Tests.Unit.COPRRA.CoprraServiceProviderTest" assertions="4" time="0.464855"/>
        <testcase name="test_it_validates_max_stores_per_product_is_numeric" file="C:\Users\Gaser\Desktop\COPRRA\tests\Unit\COPRRA\CoprraServiceProviderTest.php" line="249" class="Tests\Unit\COPRRA\CoprraServiceProviderTest" classname="Tests.Unit.COPRRA.CoprraServiceProviderTest" assertions="2" time="0.509279"/>
        <testcase name="test_it_has_default_language_configuration" file="C:\Users\Gaser\Desktop\COPRRA\tests\Unit\COPRRA\CoprraServiceProviderTest.php" line="57" class="Tests\Unit\COPRRA\CoprraServiceProviderTest" classname="Tests.Unit.COPRRA.CoprraServiceProviderTest" assertions="3" time="0.447477"/>
        <testcase name="test_it_has_security_settings" file="C:\Users\Gaser\Desktop\COPRRA\tests\Unit\COPRRA\CoprraServiceProviderTest.php" line="137" class="Tests\Unit\COPRRA\CoprraServiceProviderTest" classname="Tests.Unit.COPRRA.CoprraServiceProviderTest" assertions="4" time="0.436486"/>
        <testcase name="test_it_registers_coprra_configuration" file="C:\Users\Gaser\Desktop\COPRRA\tests\Unit\COPRRA\CoprraServiceProviderTest.php" line="24" class="Tests\Unit\COPRRA\CoprraServiceProviderTest" classname="Tests.Unit.COPRRA.CoprraServiceProviderTest" assertions="2" time="0.438993"/>
        <testcase name="test_it_has_pagination_settings" file="C:\Users\Gaser\Desktop\COPRRA\tests\Unit\COPRRA\CoprraServiceProviderTest.php" line="97" class="Tests\Unit\COPRRA\CoprraServiceProviderTest" classname="Tests.Unit.COPRRA.CoprraServiceProviderTest" assertions="4" time="0.483121"/>
        <testcase name="test_it_shares_default_currency_with_views" file="C:\Users\Gaser\Desktop\COPRRA\tests\Unit\COPRRA\CoprraServiceProviderTest.php" line="167" class="Tests\Unit\COPRRA\CoprraServiceProviderTest" classname="Tests.Unit.COPRRA.CoprraServiceProviderTest" assertions="1" time="0.419748"/>
        <testcase name="test_it_validates_api_rate_limit_is_numeric" file="C:\Users\Gaser\Desktop\COPRRA\tests\Unit\COPRRA\CoprraServiceProviderTest.php" line="265" class="Tests\Unit\COPRRA\CoprraServiceProviderTest" classname="Tests.Unit.COPRRA.CoprraServiceProviderTest" assertions="2" time="0.528787"/>
        <testcase name="test_it_has_performance_settings" file="C:\Users\Gaser\Desktop\COPRRA\tests\Unit\COPRRA\CoprraServiceProviderTest.php" line="147" class="Tests\Unit\COPRRA\CoprraServiceProviderTest" classname="Tests.Unit.COPRRA.CoprraServiceProviderTest" assertions="4" time="0.494576"/>
        <testcase name="test_it_registers_pricecompare_blade_directive" file="C:\Users\Gaser\Desktop\COPRRA\tests\Unit\COPRRA\CoprraServiceProviderTest.php" line="185" class="Tests\Unit\COPRRA\CoprraServiceProviderTest" classname="Tests.Unit.COPRRA.CoprraServiceProviderTest" assertions="2" time="0.444128"/>
        <testcase name="test_it_shares_default_language_with_views" file="C:\Users\Gaser\Desktop\COPRRA\tests\Unit\COPRRA\CoprraServiceProviderTest.php" line="172" class="Tests\Unit\COPRRA\CoprraServiceProviderTest" classname="Tests.Unit.COPRRA.CoprraServiceProviderTest" assertions="1" time="0.458357"/>
        <testcase name="test_it_validates_price_cache_duration_is_numeric" file="C:\Users\Gaser\Desktop\COPRRA\tests\Unit\COPRRA\CoprraServiceProviderTest.php" line="241" class="Tests\Unit\COPRRA\CoprraServiceProviderTest" classname="Tests.Unit.COPRRA.CoprraServiceProviderTest" assertions="2" time="0.453222"/>
        <testcase name="test_it_has_api_configuration" file="C:\Users\Gaser\Desktop\COPRRA\tests\Unit\COPRRA\CoprraServiceProviderTest.php" line="107" class="Tests\Unit\COPRRA\CoprraServiceProviderTest" classname="Tests.Unit.COPRRA.CoprraServiceProviderTest" assertions="4" time="0.504622"/>
        <testcase name="test_it_registers_rtl_blade_directive" file="C:\Users\Gaser\Desktop\COPRRA\tests\Unit\COPRRA\CoprraServiceProviderTest.php" line="193" class="Tests\Unit\COPRRA\CoprraServiceProviderTest" classname="Tests.Unit.COPRRA.CoprraServiceProviderTest" assertions="2" time="0.447502"/>
        <testcase name="test_it_validates_search_max_results_is_numeric" file="C:\Users\Gaser\Desktop\COPRRA\tests\Unit\COPRRA\CoprraServiceProviderTest.php" line="257" class="Tests\Unit\COPRRA\CoprraServiceProviderTest" classname="Tests.Unit.COPRRA.CoprraServiceProviderTest" assertions="2" time="0.427972"/>
        <testcase name="test_it_has_coprra_version_configuration" file="C:\Users\Gaser\Desktop\COPRRA\tests\Unit\COPRRA\CoprraServiceProviderTest.php" line="39" class="Tests\Unit\COPRRA\CoprraServiceProviderTest" classname="Tests.Unit.COPRRA.CoprraServiceProviderTest" assertions="3" time="0.439412"/>
        <testcase name="test_it_has_media_settings" file="C:\Users\Gaser\Desktop\COPRRA\tests\Unit\COPRRA\CoprraServiceProviderTest.php" line="117" class="Tests\Unit\COPRRA\CoprraServiceProviderTest" classname="Tests.Unit.COPRRA.CoprraServiceProviderTest" assertions="5" time="0.439627"/>
        <testcase name="test_it_has_price_comparison_settings" file="C:\Users\Gaser\Desktop\COPRRA\tests\Unit\COPRRA\CoprraServiceProviderTest.php" line="66" class="Tests\Unit\COPRRA\CoprraServiceProviderTest" classname="Tests.Unit.COPRRA.CoprraServiceProviderTest" assertions="4" time="0.419978"/>
        <testcase name="test_it_has_exchange_rates_configuration" file="C:\Users\Gaser\Desktop\COPRRA\tests\Unit\COPRRA\CoprraServiceProviderTest.php" line="86" class="Tests\Unit\COPRRA\CoprraServiceProviderTest" classname="Tests.Unit.COPRRA.CoprraServiceProviderTest" assertions="5" time="0.543084"/>
        <testcase name="test_it_shares_coprra_name_with_views" file="C:\Users\Gaser\Desktop\COPRRA\tests\Unit\COPRRA\CoprraServiceProviderTest.php" line="157" class="Tests\Unit\COPRRA\CoprraServiceProviderTest" classname="Tests.Unit.COPRRA.CoprraServiceProviderTest" assertions="1" time="0.444621"/>
        <testcase name="test_it_registers_currency_blade_directive" file="C:\Users\Gaser\Desktop\COPRRA\tests\Unit\COPRRA\CoprraServiceProviderTest.php" line="177" class="Tests\Unit\COPRRA\CoprraServiceProviderTest" classname="Tests.Unit.COPRRA.CoprraServiceProviderTest" assertions="2" time="0.471685"/>
      </testsuite>
      <testsuite name="Tests\Unit\DataAccuracy\TaxCalculationTest" file="C:\Users\Gaser\Desktop\COPRRA\tests\Unit\DataAccuracy\TaxCalculationTest.php" tests="3" assertions="3" errors="0" failures="0" skipped="0" time="1.319058">
        <testcase name="test_basic_functionality" file="C:\Users\Gaser\Desktop\COPRRA\tests\Unit\DataAccuracy\TaxCalculationTest.php" line="12" class="Tests\Unit\DataAccuracy\TaxCalculationTest" classname="Tests.Unit.DataAccuracy.TaxCalculationTest" assertions="1" time="0.426438"/>
        <testcase name="test_expected_behavior" file="C:\Users\Gaser\Desktop\COPRRA\tests\Unit\DataAccuracy\TaxCalculationTest.php" line="19" class="Tests\Unit\DataAccuracy\TaxCalculationTest" classname="Tests.Unit.DataAccuracy.TaxCalculationTest" assertions="1" time="0.442098"/>
        <testcase name="test_validation" file="C:\Users\Gaser\Desktop\COPRRA\tests\Unit\DataAccuracy\TaxCalculationTest.php" line="26" class="Tests\Unit\DataAccuracy\TaxCalculationTest" classname="Tests.Unit.DataAccuracy.TaxCalculationTest" assertions="1" time="0.450521"/>
      </testsuite>
      <testsuite name="Tests\Unit\Services\APIServiceTest" file="C:\Users\Gaser\Desktop\COPRRA\tests\Unit\Services\APIServiceTest.php" tests="5" assertions="39" errors="0" failures="0" skipped="0" time="2.523162">
        <testcase name="test_request_parameter_service_parsing" file="C:\Users\Gaser\Desktop\COPRRA\tests\Unit\Services\APIServiceTest.php" line="71" class="Tests\Unit\Services\APIServiceTest" classname="Tests.Unit.Services.APIServiceTest" assertions="7" time="0.609818"/>
        <testcase name="test_response_builder_success_and_error" file="C:\Users\Gaser\Desktop\COPRRA\tests\Unit\Services\APIServiceTest.php" line="34" class="Tests\Unit\Services\APIServiceTest" classname="Tests.Unit.Services.APIServiceTest" assertions="13" time="0.467906"/>
        <testcase name="test_pagination_service_defaults_for_non_paginator" file="C:\Users\Gaser\Desktop\COPRRA\tests\Unit\Services\APIServiceTest.php" line="96" class="Tests\Unit\Services\APIServiceTest" classname="Tests.Unit.Services.APIServiceTest" assertions="6" time="0.431999"/>
        <testcase name="test_paginated_response_structure_with_collection" file="C:\Users\Gaser\Desktop\COPRRA\tests\Unit\Services\APIServiceTest.php" line="58" class="Tests\Unit\Services\APIServiceTest" classname="Tests.Unit.Services.APIServiceTest" assertions="5" time="0.499330"/>
        <testcase name="test_api_info_service_version_and_urls" file="C:\Users\Gaser\Desktop\COPRRA\tests\Unit\Services\APIServiceTest.php" line="17" class="Tests\Unit\Services\APIServiceTest" classname="Tests.Unit.Services.APIServiceTest" assertions="8" time="0.514108"/>
      </testsuite>
      <testsuite name="Tests\Unit\ModelRelationsTest" file="C:\Users\Gaser\Desktop\COPRRA\tests\Unit\ModelRelationsTest.php" tests="3" assertions="3" errors="0" failures="0" skipped="0" time="1.757621">
        <testcase name="test_basic_functionality" file="C:\Users\Gaser\Desktop\COPRRA\tests\Unit\ModelRelationsTest.php" line="12" class="Tests\Unit\ModelRelationsTest" classname="Tests.Unit.ModelRelationsTest" assertions="1" time="0.573638"/>
        <testcase name="test_expected_behavior" file="C:\Users\Gaser\Desktop\COPRRA\tests\Unit\ModelRelationsTest.php" line="19" class="Tests\Unit\ModelRelationsTest" classname="Tests.Unit.ModelRelationsTest" assertions="1" time="0.604488"/>
        <testcase name="test_validation" file="C:\Users\Gaser\Desktop\COPRRA\tests\Unit\ModelRelationsTest.php" line="26" class="Tests\Unit\ModelRelationsTest" classname="Tests.Unit.ModelRelationsTest" assertions="1" time="0.579495"/>
      </testsuite>
      <testsuite name="Tests\Unit\DataAccuracy\DataConsistencyTest" file="C:\Users\Gaser\Desktop\COPRRA\tests\Unit\DataAccuracy\DataConsistencyTest.php" tests="3" assertions="5" errors="0" failures="0" skipped="0" time="1.545263">
        <testcase name="test_order_status_consistency" file="C:\Users\Gaser\Desktop\COPRRA\tests\Unit\DataAccuracy\DataConsistencyTest.php" line="60" class="Tests\Unit\DataAccuracy\DataConsistencyTest" classname="Tests.Unit.DataAccuracy.DataConsistencyTest" assertions="2" time="0.519922"/>
        <testcase name="test_order_total_matches_items_sum" file="C:\Users\Gaser\Desktop\COPRRA\tests\Unit\DataAccuracy\DataConsistencyTest.php" line="19" class="Tests\Unit\DataAccuracy\DataConsistencyTest" classname="Tests.Unit.DataAccuracy.DataConsistencyTest" assertions="1" time="0.514757"/>
        <testcase name="test_order_items_product_reference" file="C:\Users\Gaser\Desktop\COPRRA\tests\Unit\DataAccuracy\DataConsistencyTest.php" line="45" class="Tests\Unit\DataAccuracy\DataConsistencyTest" classname="Tests.Unit.DataAccuracy.DataConsistencyTest" assertions="2" time="0.510584"/>
      </testsuite>
      <testsuite name="Tests\Unit\COPRRA\PriceHelperTest" file="C:\Users\Gaser\Desktop\COPRRA\tests\Unit\COPRRA\PriceHelperTest.php" tests="27" assertions="55" errors="0" failures="0" skipped="0" time="1.800579">
        <testcase name="test_it_formats_positive_price_difference_string" file="C:\Users\Gaser\Desktop\COPRRA\tests\Unit\COPRRA\PriceHelperTest.php" line="121" class="Tests\Unit\COPRRA\PriceHelperTest" classname="Tests.Unit.COPRRA.PriceHelperTest" assertions="4" time="0.063132"/>
        <testcase name="test_it_converts_currency_to_sar" file="C:\Users\Gaser\Desktop\COPRRA\tests\Unit\COPRRA\PriceHelperTest.php" line="194" class="Tests\Unit\COPRRA\PriceHelperTest" classname="Tests.Unit.COPRRA.PriceHelperTest" assertions="2" time="0.060625"/>
        <testcase name="test_it_converts_currency" file="C:\Users\Gaser\Desktop\COPRRA\tests\Unit\COPRRA\PriceHelperTest.php" line="185" class="Tests\Unit\COPRRA\PriceHelperTest" classname="Tests.Unit.COPRRA.PriceHelperTest" assertions="2" time="0.060540"/>
        <testcase name="test_it_calculates_accurate_percentage_for_large_differences" file="C:\Users\Gaser\Desktop\COPRRA\tests\Unit\COPRRA\PriceHelperTest.php" line="263" class="Tests\Unit\COPRRA\PriceHelperTest" classname="Tests.Unit.COPRRA.PriceHelperTest" assertions="1" time="0.126120"/>
        <testcase name="test_it_calculates_negative_price_difference" file="C:\Users\Gaser\Desktop\COPRRA\tests\Unit\COPRRA\PriceHelperTest.php" line="92" class="Tests\Unit\COPRRA\PriceHelperTest" classname="Tests.Unit.COPRRA.PriceHelperTest" assertions="2" time="0.066483"/>
        <testcase name="test_it_formats_price_with_default_currency" file="C:\Users\Gaser\Desktop\COPRRA\tests\Unit\COPRRA\PriceHelperTest.php" line="48" class="Tests\Unit\COPRRA\PriceHelperTest" classname="Tests.Unit.COPRRA.PriceHelperTest" assertions="3" time="0.061981"/>
        <testcase name="test_it_handles_empty_prices_array_for_good_deal" file="C:\Users\Gaser\Desktop\COPRRA\tests\Unit\COPRRA\PriceHelperTest.php" line="163" class="Tests\Unit\COPRRA\PriceHelperTest" classname="Tests.Unit.COPRRA.PriceHelperTest" assertions="1" time="0.059474"/>
        <testcase name="test_it_formats_price_range_with_default_currency" file="C:\Users\Gaser\Desktop\COPRRA\tests\Unit\COPRRA\PriceHelperTest.php" line="224" class="Tests\Unit\COPRRA\PriceHelperTest" classname="Tests.Unit.COPRRA.PriceHelperTest" assertions="2" time="0.059904"/>
        <testcase name="test_it_formats_price_range_with_same_prices" file="C:\Users\Gaser\Desktop\COPRRA\tests\Unit\COPRRA\PriceHelperTest.php" line="203" class="Tests\Unit\COPRRA\PriceHelperTest" classname="Tests.Unit.COPRRA.PriceHelperTest" assertions="4" time="0.065441"/>
        <testcase name="test_it_handles_negative_original_price" file="C:\Users\Gaser\Desktop\COPRRA\tests\Unit\COPRRA\PriceHelperTest.php" line="114" class="Tests\Unit\COPRRA\PriceHelperTest" classname="Tests.Unit.COPRRA.PriceHelperTest" assertions="1" time="0.058829"/>
        <testcase name="test_it_calculates_price_difference_percentage" file="C:\Users\Gaser\Desktop\COPRRA\tests\Unit\COPRRA\PriceHelperTest.php" line="84" class="Tests\Unit\COPRRA\PriceHelperTest" classname="Tests.Unit.COPRRA.PriceHelperTest" assertions="2" time="0.058860"/>
        <testcase name="test_it_returns_null_for_empty_prices_array" file="C:\Users\Gaser\Desktop\COPRRA\tests\Unit\COPRRA\PriceHelperTest.php" line="178" class="Tests\Unit\COPRRA\PriceHelperTest" classname="Tests.Unit.COPRRA.PriceHelperTest" assertions="1" time="0.058035"/>
        <testcase name="test_it_formats_zero_price_difference_string" file="C:\Users\Gaser\Desktop\COPRRA\tests\Unit\COPRRA\PriceHelperTest.php" line="140" class="Tests\Unit\COPRRA\PriceHelperTest" classname="Tests.Unit.COPRRA.PriceHelperTest" assertions="1" time="0.061269"/>
        <testcase name="test_it_gets_best_price_from_array" file="C:\Users\Gaser\Desktop\COPRRA\tests\Unit\COPRRA\PriceHelperTest.php" line="170" class="Tests\Unit\COPRRA\PriceHelperTest" classname="Tests.Unit.COPRRA.PriceHelperTest" assertions="1" time="0.057569"/>
        <testcase name="test_it_formats_price_with_specific_currency" file="C:\Users\Gaser\Desktop\COPRRA\tests\Unit\COPRRA\PriceHelperTest.php" line="57" class="Tests\Unit\COPRRA\PriceHelperTest" classname="Tests.Unit.COPRRA.PriceHelperTest" assertions="3" time="0.065026"/>
        <testcase name="test_it_handles_large_prices" file="C:\Users\Gaser\Desktop\COPRRA\tests\Unit\COPRRA\PriceHelperTest.php" line="249" class="Tests\Unit\COPRRA\PriceHelperTest" classname="Tests.Unit.COPRRA.PriceHelperTest" assertions="1" time="0.059466"/>
        <testcase name="test_it_handles_zero_original_price" file="C:\Users\Gaser\Desktop\COPRRA\tests\Unit\COPRRA\PriceHelperTest.php" line="107" class="Tests\Unit\COPRRA\PriceHelperTest" classname="Tests.Unit.COPRRA.PriceHelperTest" assertions="1" time="0.119000"/>
        <testcase name="test_it_formats_price_with_sar_currency" file="C:\Users\Gaser\Desktop\COPRRA\tests\Unit\COPRRA\PriceHelperTest.php" line="66" class="Tests\Unit\COPRRA\PriceHelperTest" classname="Tests.Unit.COPRRA.PriceHelperTest" assertions="3" time="0.059859"/>
        <testcase name="test_it_formats_price_range_with_different_prices" file="C:\Users\Gaser\Desktop\COPRRA\tests\Unit\COPRRA\PriceHelperTest.php" line="213" class="Tests\Unit\COPRRA\PriceHelperTest" classname="Tests.Unit.COPRRA.PriceHelperTest" assertions="5" time="0.059135"/>
        <testcase name="test_it_handles_decimal_prices_correctly" file="C:\Users\Gaser\Desktop\COPRRA\tests\Unit\COPRRA\PriceHelperTest.php" line="242" class="Tests\Unit\COPRRA\PriceHelperTest" classname="Tests.Unit.COPRRA.PriceHelperTest" assertions="1" time="0.066033"/>
        <testcase name="test_it_formats_negative_price_difference_string" file="C:\Users\Gaser\Desktop\COPRRA\tests\Unit\COPRRA\PriceHelperTest.php" line="131" class="Tests\Unit\COPRRA\PriceHelperTest" classname="Tests.Unit.COPRRA.PriceHelperTest" assertions="3" time="0.059691"/>
        <testcase name="test_it_returns_zero_for_same_prices" file="C:\Users\Gaser\Desktop\COPRRA\tests\Unit\COPRRA\PriceHelperTest.php" line="100" class="Tests\Unit\COPRRA\PriceHelperTest" classname="Tests.Unit.COPRRA.PriceHelperTest" assertions="1" time="0.055559"/>
        <testcase name="test_it_handles_non_existent_currency" file="C:\Users\Gaser\Desktop\COPRRA\tests\Unit\COPRRA\PriceHelperTest.php" line="75" class="Tests\Unit\COPRRA\PriceHelperTest" classname="Tests.Unit.COPRRA.PriceHelperTest" assertions="3" time="0.067331"/>
        <testcase name="test_it_identifies_not_good_deal" file="C:\Users\Gaser\Desktop\COPRRA\tests\Unit\COPRRA\PriceHelperTest.php" line="155" class="Tests\Unit\COPRRA\PriceHelperTest" classname="Tests.Unit.COPRRA.PriceHelperTest" assertions="1" time="0.075411"/>
        <testcase name="test_it_identifies_good_deal" file="C:\Users\Gaser\Desktop\COPRRA\tests\Unit\COPRRA\PriceHelperTest.php" line="147" class="Tests\Unit\COPRRA\PriceHelperTest" classname="Tests.Unit.COPRRA.PriceHelperTest" assertions="1" time="0.063805"/>
        <testcase name="test_it_formats_price_range_with_non_existent_currency" file="C:\Users\Gaser\Desktop\COPRRA\tests\Unit\COPRRA\PriceHelperTest.php" line="232" class="Tests\Unit\COPRRA\PriceHelperTest" classname="Tests.Unit.COPRRA.PriceHelperTest" assertions="4" time="0.067181"/>
        <testcase name="test_it_calculates_accurate_percentage_for_small_differences" file="C:\Users\Gaser\Desktop\COPRRA\tests\Unit\COPRRA\PriceHelperTest.php" line="256" class="Tests\Unit\COPRRA\PriceHelperTest" classname="Tests.Unit.COPRRA.PriceHelperTest" assertions="1" time="0.064819"/>
      </testsuite>
      <testsuite name="Tests\Unit\DataQuality\DataCompletenessTest" file="C:\Users\Gaser\Desktop\COPRRA\tests\Unit\DataQuality\DataCompletenessTest.php" tests="3" assertions="3" errors="0" failures="0" skipped="0" time="1.399741">
        <testcase name="test_expected_behavior" file="C:\Users\Gaser\Desktop\COPRRA\tests\Unit\DataQuality\DataCompletenessTest.php" line="19" class="Tests\Unit\DataQuality\DataCompletenessTest" classname="Tests.Unit.DataQuality.DataCompletenessTest" assertions="1" time="0.509275"/>
        <testcase name="test_basic_functionality" file="C:\Users\Gaser\Desktop\COPRRA\tests\Unit\DataQuality\DataCompletenessTest.php" line="12" class="Tests\Unit\DataQuality\DataCompletenessTest" classname="Tests.Unit.DataQuality.DataCompletenessTest" assertions="1" time="0.449767"/>
        <testcase name="test_validation" file="C:\Users\Gaser\Desktop\COPRRA\tests\Unit\DataQuality\DataCompletenessTest.php" line="26" class="Tests\Unit\DataQuality\DataCompletenessTest" classname="Tests.Unit.DataQuality.DataCompletenessTest" assertions="1" time="0.440700"/>
      </testsuite>
      <testsuite name="Tests\Unit\StrictMockeryTest" file="C:\Users\Gaser\Desktop\COPRRA\tests\Unit\StrictMockeryTest.php" tests="3" assertions="3" errors="0" failures="0" skipped="0" time="1.320225">
        <testcase name="test_validation" file="C:\Users\Gaser\Desktop\COPRRA\tests\Unit\StrictMockeryTest.php" line="26" class="Tests\Unit\StrictMockeryTest" classname="Tests.Unit.StrictMockeryTest" assertions="1" time="0.429050"/>
        <testcase name="test_expected_behavior" file="C:\Users\Gaser\Desktop\COPRRA\tests\Unit\StrictMockeryTest.php" line="19" class="Tests\Unit\StrictMockeryTest" classname="Tests.Unit.StrictMockeryTest" assertions="1" time="0.439527"/>
        <testcase name="test_basic_functionality" file="C:\Users\Gaser\Desktop\COPRRA\tests\Unit\StrictMockeryTest.php" line="12" class="Tests\Unit\StrictMockeryTest" classname="Tests.Unit.StrictMockeryTest" assertions="1" time="0.451648"/>
      </testsuite>
      <testsuite name="Tests\Unit\DataAccuracy\PaymentAccuracyTest" file="C:\Users\Gaser\Desktop\COPRRA\tests\Unit\DataAccuracy\PaymentAccuracyTest.php" tests="3" assertions="3" errors="0" failures="0" skipped="0" time="1.351316">
        <testcase name="test_basic_functionality" file="C:\Users\Gaser\Desktop\COPRRA\tests\Unit\DataAccuracy\PaymentAccuracyTest.php" line="12" class="Tests\Unit\DataAccuracy\PaymentAccuracyTest" classname="Tests.Unit.DataAccuracy.PaymentAccuracyTest" assertions="1" time="0.480898"/>
        <testcase name="test_validation" file="C:\Users\Gaser\Desktop\COPRRA\tests\Unit\DataAccuracy\PaymentAccuracyTest.php" line="26" class="Tests\Unit\DataAccuracy\PaymentAccuracyTest" classname="Tests.Unit.DataAccuracy.PaymentAccuracyTest" assertions="1" time="0.448617"/>
        <testcase name="test_expected_behavior" file="C:\Users\Gaser\Desktop\COPRRA\tests\Unit\DataAccuracy\PaymentAccuracyTest.php" line="19" class="Tests\Unit\DataAccuracy\PaymentAccuracyTest" classname="Tests.Unit.DataAccuracy.PaymentAccuracyTest" assertions="1" time="0.421801"/>
      </testsuite>
      <testsuite name="Tests\Unit\Models\BrandTest" file="C:\Users\Gaser\Desktop\COPRRA\tests\Unit\Models\BrandTest.php" tests="6" assertions="12" errors="0" failures="0" skipped="0" time="2.870252">
        <testcase name="test_scope_active" file="C:\Users\Gaser\Desktop\COPRRA\tests\Unit\Models\BrandTest.php" line="44" class="Tests\Unit\Models\BrandTest" classname="Tests.Unit.Models.BrandTest" assertions="2" time="0.431625"/>
        <testcase name="test_get_rules" file="C:\Users\Gaser\Desktop\COPRRA\tests\Unit\Models\BrandTest.php" line="94" class="Tests\Unit\Models\BrandTest" classname="Tests.Unit.Models.BrandTest" assertions="4" time="0.499024"/>
        <testcase name="test_products_relation" file="C:\Users\Gaser\Desktop\COPRRA\tests\Unit\Models\BrandTest.php" line="31" class="Tests\Unit\Models\BrandTest" classname="Tests.Unit.Models.BrandTest" assertions="2" time="0.498293"/>
        <testcase name="test_slug_auto_generated_on_updating" file="C:\Users\Gaser\Desktop\COPRRA\tests\Unit\Models\BrandTest.php" line="78" class="Tests\Unit\Models\BrandTest" classname="Tests.Unit.Models.BrandTest" assertions="1" time="0.448398"/>
        <testcase name="test_slug_auto_generated_on_creating" file="C:\Users\Gaser\Desktop\COPRRA\tests\Unit\Models\BrandTest.php" line="66" class="Tests\Unit\Models\BrandTest" classname="Tests.Unit.Models.BrandTest" assertions="1" time="0.537202"/>
        <testcase name="test_scope_search" file="C:\Users\Gaser\Desktop\COPRRA\tests\Unit\Models\BrandTest.php" line="55" class="Tests\Unit\Models\BrandTest" classname="Tests.Unit.Models.BrandTest" assertions="2" time="0.455711"/>
      </testsuite>
      <testsuite name="Tests\Unit\Integration\WebhookTest" file="C:\Users\Gaser\Desktop\COPRRA\tests\Unit\Integration\WebhookTest.php" tests="3" assertions="3" errors="0" failures="0" skipped="0" time="1.324439">
        <testcase name="test_expected_behavior" file="C:\Users\Gaser\Desktop\COPRRA\tests\Unit\Integration\WebhookTest.php" line="19" class="Tests\Unit\Integration\WebhookTest" classname="Tests.Unit.Integration.WebhookTest" assertions="1" time="0.464330"/>
        <testcase name="test_validation" file="C:\Users\Gaser\Desktop\COPRRA\tests\Unit\Integration\WebhookTest.php" line="26" class="Tests\Unit\Integration\WebhookTest" classname="Tests.Unit.Integration.WebhookTest" assertions="1" time="0.427026"/>
        <testcase name="test_basic_functionality" file="C:\Users\Gaser\Desktop\COPRRA\tests\Unit\Integration\WebhookTest.php" line="12" class="Tests\Unit\Integration\WebhookTest" classname="Tests.Unit.Integration.WebhookTest" assertions="1" time="0.433083"/>
      </testsuite>
      <testsuite name="Tests\Unit\DataAccuracy\PriceHistoryAccuracyTest" file="C:\Users\Gaser\Desktop\COPRRA\tests\Unit\DataAccuracy\PriceHistoryAccuracyTest.php" tests="3" assertions="7" errors="0" failures="0" skipped="0" time="0.244172">
        <testcase name="test_historical_prices_accuracy" file="C:\Users\Gaser\Desktop\COPRRA\tests\Unit\DataAccuracy\PriceHistoryAccuracyTest.php" line="29" class="Tests\Unit\DataAccuracy\PriceHistoryAccuracyTest" classname="Tests.Unit.DataAccuracy.PriceHistoryAccuracyTest" assertions="2" time="0.060791"/>
        <testcase name="test_price_fluctuation_detection" file="C:\Users\Gaser\Desktop\COPRRA\tests\Unit\DataAccuracy\PriceHistoryAccuracyTest.php" line="45" class="Tests\Unit\DataAccuracy\PriceHistoryAccuracyTest" classname="Tests.Unit.DataAccuracy.PriceHistoryAccuracyTest" assertions="2" time="0.058600"/>
        <testcase name="test_price_history_records_changes" file="C:\Users\Gaser\Desktop\COPRRA\tests\Unit\DataAccuracy\PriceHistoryAccuracyTest.php" line="16" class="Tests\Unit\DataAccuracy\PriceHistoryAccuracyTest" classname="Tests.Unit.DataAccuracy.PriceHistoryAccuracyTest" assertions="3" time="0.124781"/>
      </testsuite>
      <testsuite name="Tests\Unit\Helpers\PriceHelperTest" file="C:\Users\Gaser\Desktop\COPRRA\tests\Unit\Helpers\PriceHelperTest.php" tests="3" assertions="3" errors="0" failures="0" skipped="0" time="1.452276">
        <testcase name="test_basic_functionality" file="C:\Users\Gaser\Desktop\COPRRA\tests\Unit\Helpers\PriceHelperTest.php" line="15" class="Tests\Unit\Helpers\PriceHelperTest" classname="Tests.Unit.Helpers.PriceHelperTest" assertions="1" time="0.461884"/>
        <testcase name="test_validation" file="C:\Users\Gaser\Desktop\COPRRA\tests\Unit\Helpers\PriceHelperTest.php" line="29" class="Tests\Unit\Helpers\PriceHelperTest" classname="Tests.Unit.Helpers.PriceHelperTest" assertions="1" time="0.477134"/>
        <testcase name="test_expected_behavior" file="C:\Users\Gaser\Desktop\COPRRA\tests\Unit\Helpers\PriceHelperTest.php" line="22" class="Tests\Unit\Helpers\PriceHelperTest" classname="Tests.Unit.Helpers.PriceHelperTest" assertions="1" time="0.513258"/>
      </testsuite>
      <testsuite name="Tests\Unit\Models\PriceAlertTest" file="C:\Users\Gaser\Desktop\COPRRA\tests\Unit\Models\PriceAlertTest.php" tests="11" assertions="20" errors="0" failures="0" skipped="0" time="5.031789">
        <testcase name="test_is_price_target_reached_false" file="C:\Users\Gaser\Desktop\COPRRA\tests\Unit\Models\PriceAlertTest.php" line="146" class="Tests\Unit\Models\PriceAlertTest" classname="Tests.Unit.Models.PriceAlertTest" assertions="1" time="0.425843"/>
        <testcase name="test_scope_active" file="C:\Users\Gaser\Desktop\COPRRA\tests\Unit\Models\PriceAlertTest.php" line="87" class="Tests\Unit\Models\PriceAlertTest" classname="Tests.Unit.Models.PriceAlertTest" assertions="2" time="0.497044"/>
        <testcase name="test_fillable_attributes" file="C:\Users\Gaser\Desktop\COPRRA\tests\Unit\Models\PriceAlertTest.php" line="23" class="Tests\Unit\Models\PriceAlertTest" classname="Tests.Unit.Models.PriceAlertTest" assertions="1" time="0.517740"/>
        <testcase name="test_scope_for_user" file="C:\Users\Gaser\Desktop\COPRRA\tests\Unit\Models\PriceAlertTest.php" line="98" class="Tests\Unit\Models\PriceAlertTest" classname="Tests.Unit.Models.PriceAlertTest" assertions="2" time="0.443038"/>
        <testcase name="test_casts" file="C:\Users\Gaser\Desktop\COPRRA\tests\Unit\Models\PriceAlertTest.php" line="39" class="Tests\Unit\Models\PriceAlertTest" classname="Tests.Unit.Models.PriceAlertTest" assertions="1" time="0.428418"/>
        <testcase name="test_scope_for_product" file="C:\Users\Gaser\Desktop\COPRRA\tests\Unit\Models\PriceAlertTest.php" line="109" class="Tests\Unit\Models\PriceAlertTest" classname="Tests.Unit.Models.PriceAlertTest" assertions="2" time="0.459423"/>
        <testcase name="test_uses_soft_deletes" file="C:\Users\Gaser\Desktop\COPRRA\tests\Unit\Models\PriceAlertTest.php" line="53" class="Tests\Unit\Models\PriceAlertTest" classname="Tests.Unit.Models.PriceAlertTest" assertions="1" time="0.430409"/>
        <testcase name="test_user_relation" file="C:\Users\Gaser\Desktop\COPRRA\tests\Unit\Models\PriceAlertTest.php" line="61" class="Tests\Unit\Models\PriceAlertTest" classname="Tests.Unit.Models.PriceAlertTest" assertions="2" time="0.424115"/>
        <testcase name="test_product_relation" file="C:\Users\Gaser\Desktop\COPRRA\tests\Unit\Models\PriceAlertTest.php" line="74" class="Tests\Unit\Models\PriceAlertTest" classname="Tests.Unit.Models.PriceAlertTest" assertions="2" time="0.488585"/>
        <testcase name="test_get_rules" file="C:\Users\Gaser\Desktop\COPRRA\tests\Unit\Models\PriceAlertTest.php" line="120" class="Tests\Unit\Models\PriceAlertTest" classname="Tests.Unit.Models.PriceAlertTest" assertions="4" time="0.429220"/>
        <testcase name="test_is_price_target_reached_true" file="C:\Users\Gaser\Desktop\COPRRA\tests\Unit\Models\PriceAlertTest.php" line="135" class="Tests\Unit\Models\PriceAlertTest" classname="Tests.Unit.Models.PriceAlertTest" assertions="2" time="0.487953"/>
      </testsuite>
      <testsuite name="Tests\Unit\Models\StoreTest" file="C:\Users\Gaser\Desktop\COPRRA\tests\Unit\Models\StoreTest.php" tests="10" assertions="16" errors="0" failures="0" skipped="0" time="4.563145">
        <testcase name="test_price_offers_relation" file="C:\Users\Gaser\Desktop\COPRRA\tests\Unit\Models\StoreTest.php" line="35" class="Tests\Unit\Models\StoreTest" classname="Tests.Unit.Models.StoreTest" assertions="2" time="0.458118"/>
        <testcase name="test_scope_active" file="C:\Users\Gaser\Desktop\COPRRA\tests\Unit\Models\StoreTest.php" line="74" class="Tests\Unit\Models\StoreTest" classname="Tests.Unit.Models.StoreTest" assertions="1" time="0.526163"/>
        <testcase name="test_products_relation" file="C:\Users\Gaser\Desktop\COPRRA\tests\Unit\Models\StoreTest.php" line="48" class="Tests\Unit\Models\StoreTest" classname="Tests.Unit.Models.StoreTest" assertions="2" time="0.426980"/>
        <testcase name="test_slug_auto_generated_on_creating" file="C:\Users\Gaser\Desktop\COPRRA\tests\Unit\Models\StoreTest.php" line="103" class="Tests\Unit\Models\StoreTest" classname="Tests.Unit.Models.StoreTest" assertions="1" time="0.550282"/>
        <testcase name="test_get_rules" file="C:\Users\Gaser\Desktop\COPRRA\tests\Unit\Models\StoreTest.php" line="159" class="Tests\Unit\Models\StoreTest" classname="Tests.Unit.Models.StoreTest" assertions="4" time="0.431318"/>
        <testcase name="test_generate_affiliate_url_no_affiliate_data" file="C:\Users\Gaser\Desktop\COPRRA\tests\Unit\Models\StoreTest.php" line="130" class="Tests\Unit\Models\StoreTest" classname="Tests.Unit.Models.StoreTest" assertions="1" time="0.419780"/>
        <testcase name="test_scope_search" file="C:\Users\Gaser\Desktop\COPRRA\tests\Unit\Models\StoreTest.php" line="88" class="Tests\Unit\Models\StoreTest" classname="Tests.Unit.Models.StoreTest" assertions="1" time="0.430515"/>
        <testcase name="test_generate_affiliate_url" file="C:\Users\Gaser\Desktop\COPRRA\tests\Unit\Models\StoreTest.php" line="143" class="Tests\Unit\Models\StoreTest" classname="Tests.Unit.Models.StoreTest" assertions="1" time="0.443843"/>
        <testcase name="test_slug_updated_on_name_change" file="C:\Users\Gaser\Desktop\COPRRA\tests\Unit\Models\StoreTest.php" line="115" class="Tests\Unit\Models\StoreTest" classname="Tests.Unit.Models.StoreTest" assertions="1" time="0.447284"/>
        <testcase name="test_currency_relation" file="C:\Users\Gaser\Desktop\COPRRA\tests\Unit\Models\StoreTest.php" line="61" class="Tests\Unit\Models\StoreTest" classname="Tests.Unit.Models.StoreTest" assertions="2" time="0.428861"/>
      </testsuite>
      <testsuite name="Tests\Unit\Validation\ComprehensiveValidationTest" file="C:\Users\Gaser\Desktop\COPRRA\tests\Unit\Validation\ComprehensiveValidationTest.php" tests="3" assertions="3" errors="0" failures="0" skipped="0" time="1.454825">
        <testcase name="test_validation" file="C:\Users\Gaser\Desktop\COPRRA\tests\Unit\Validation\ComprehensiveValidationTest.php" line="26" class="Tests\Unit\Validation\ComprehensiveValidationTest" classname="Tests.Unit.Validation.ComprehensiveValidationTest" assertions="1" time="0.570836"/>
        <testcase name="test_expected_behavior" file="C:\Users\Gaser\Desktop\COPRRA\tests\Unit\Validation\ComprehensiveValidationTest.php" line="19" class="Tests\Unit\Validation\ComprehensiveValidationTest" classname="Tests.Unit.Validation.ComprehensiveValidationTest" assertions="1" time="0.435625"/>
        <testcase name="test_basic_functionality" file="C:\Users\Gaser\Desktop\COPRRA\tests\Unit\Validation\ComprehensiveValidationTest.php" line="12" class="Tests\Unit\Validation\ComprehensiveValidationTest" classname="Tests.Unit.Validation.ComprehensiveValidationTest" assertions="1" time="0.448364"/>
      </testsuite>
      <testsuite name="Tests\Unit\Services\PointsServiceTest" file="C:\Users\Gaser\Desktop\COPRRA\tests\Unit\Services\PointsServiceTest.php" tests="6" assertions="11" errors="0" failures="0" skipped="0" time="0.389570">
        <testcase name="test_get_available_points_returns_sum" file="C:\Users\Gaser\Desktop\COPRRA\tests\Unit\Services\PointsServiceTest.php" line="44" class="Tests\Unit\Services\PointsServiceTest" classname="Tests.Unit.Services.PointsServiceTest" assertions="1" time="0.069089"/>
        <testcase name="test_award_purchase_points_adds_points" file="C:\Users\Gaser\Desktop\COPRRA\tests\Unit\Services\PointsServiceTest.php" line="86" class="Tests\Unit\Services\PointsServiceTest" classname="Tests.Unit.Services.PointsServiceTest" assertions="1" time="0.081222"/>
        <testcase name="test_get_points_history_returns_paginated" file="C:\Users\Gaser\Desktop\COPRRA\tests\Unit\Services\PointsServiceTest.php" line="99" class="Tests\Unit\Services\PointsServiceTest" classname="Tests.Unit.Services.PointsServiceTest" assertions="1" time="0.067977"/>
        <testcase name="test_add_points_creates_user_point" file="C:\Users\Gaser\Desktop\COPRRA\tests\Unit\Services\PointsServiceTest.php" line="26" class="Tests\Unit\Services\PointsServiceTest" classname="Tests.Unit.Services.PointsServiceTest" assertions="4" time="0.057401"/>
        <testcase name="test_redeem_points_fails_with_insufficient_points" file="C:\Users\Gaser\Desktop\COPRRA\tests\Unit\Services\PointsServiceTest.php" line="72" class="Tests\Unit\Services\PointsServiceTest" classname="Tests.Unit.Services.PointsServiceTest" assertions="2" time="0.056405"/>
        <testcase name="test_redeem_points_succeeds_with_sufficient_points" file="C:\Users\Gaser\Desktop\COPRRA\tests\Unit\Services\PointsServiceTest.php" line="58" class="Tests\Unit\Services\PointsServiceTest" classname="Tests.Unit.Services.PointsServiceTest" assertions="2" time="0.057477"/>
      </testsuite>
      <testsuite name="Tests\Unit\Deployment\BlueGreenDeploymentTest" file="C:\Users\Gaser\Desktop\COPRRA\tests\Unit\Deployment\BlueGreenDeploymentTest.php" tests="3" assertions="3" errors="0" failures="0" skipped="0" time="1.390857">
        <testcase name="test_expected_behavior" file="C:\Users\Gaser\Desktop\COPRRA\tests\Unit\Deployment\BlueGreenDeploymentTest.php" line="19" class="Tests\Unit\Deployment\BlueGreenDeploymentTest" classname="Tests.Unit.Deployment.BlueGreenDeploymentTest" assertions="1" time="0.504862"/>
        <testcase name="test_basic_functionality" file="C:\Users\Gaser\Desktop\COPRRA\tests\Unit\Deployment\BlueGreenDeploymentTest.php" line="12" class="Tests\Unit\Deployment\BlueGreenDeploymentTest" classname="Tests.Unit.Deployment.BlueGreenDeploymentTest" assertions="1" time="0.439074"/>
        <testcase name="test_validation" file="C:\Users\Gaser\Desktop\COPRRA\tests\Unit\Deployment\BlueGreenDeploymentTest.php" line="26" class="Tests\Unit\Deployment\BlueGreenDeploymentTest" classname="Tests.Unit.Deployment.BlueGreenDeploymentTest" assertions="1" time="0.446922"/>
      </testsuite>
      <testsuite name="Tests\Unit\Recommendations\CrossSellRecommendationTest" file="C:\Users\Gaser\Desktop\COPRRA\tests\Unit\Recommendations\CrossSellRecommendationTest.php" tests="19" assertions="67" errors="0" failures="0" skipped="0" time="0.048236">
        <testcase name="it_recommends_products_based_on_events" file="C:\Users\Gaser\Desktop\COPRRA\tests\Unit\Recommendations\CrossSellRecommendationTest.php" line="349" class="Tests\Unit\Recommendations\CrossSellRecommendationTest" classname="Tests.Unit.Recommendations.CrossSellRecommendationTest" assertions="2" time="0.002800"/>
        <testcase name="it_generates_cross_sell_report" file="C:\Users\Gaser\Desktop\COPRRA\tests\Unit\Recommendations\CrossSellRecommendationTest.php" line="393" class="Tests\Unit\Recommendations\CrossSellRecommendationTest" classname="Tests.Unit.Recommendations.CrossSellRecommendationTest" assertions="5" time="0.003315"/>
        <testcase name="it_recommends_products_based_on_time_of_day" file="C:\Users\Gaser\Desktop\COPRRA\tests\Unit\Recommendations\CrossSellRecommendationTest.php" line="307" class="Tests\Unit\Recommendations\CrossSellRecommendationTest" classname="Tests.Unit.Recommendations.CrossSellRecommendationTest" assertions="2" time="0.002674"/>
        <testcase name="it_recommends_products_based_on_purchase_history" file="C:\Users\Gaser\Desktop\COPRRA\tests\Unit\Recommendations\CrossSellRecommendationTest.php" line="91" class="Tests\Unit\Recommendations\CrossSellRecommendationTest" classname="Tests.Unit.Recommendations.CrossSellRecommendationTest" assertions="1" time="0.002284"/>
        <testcase name="it_recommends_products_based_on_availability" file="C:\Users\Gaser\Desktop\COPRRA\tests\Unit\Recommendations\CrossSellRecommendationTest.php" line="219" class="Tests\Unit\Recommendations\CrossSellRecommendationTest" classname="Tests.Unit.Recommendations.CrossSellRecommendationTest" assertions="5" time="0.002452"/>
        <testcase name="it_recommends_bundled_products" file="C:\Users\Gaser\Desktop\COPRRA\tests\Unit\Recommendations\CrossSellRecommendationTest.php" line="71" class="Tests\Unit\Recommendations\CrossSellRecommendationTest" classname="Tests.Unit.Recommendations.CrossSellRecommendationTest" assertions="3" time="0.002175"/>
        <testcase name="it_recommends_products_based_on_brand_preference" file="C:\Users\Gaser\Desktop\COPRRA\tests\Unit\Recommendations\CrossSellRecommendationTest.php" line="174" class="Tests\Unit\Recommendations\CrossSellRecommendationTest" classname="Tests.Unit.Recommendations.CrossSellRecommendationTest" assertions="5" time="0.003188"/>
        <testcase name="it_recommends_products_based_on_ratings" file="C:\Users\Gaser\Desktop\COPRRA\tests\Unit\Recommendations\CrossSellRecommendationTest.php" line="197" class="Tests\Unit\Recommendations\CrossSellRecommendationTest" classname="Tests.Unit.Recommendations.CrossSellRecommendationTest" assertions="7" time="0.002795"/>
        <testcase name="it_recommends_products_based_on_geographic_location" file="C:\Users\Gaser\Desktop\COPRRA\tests\Unit\Recommendations\CrossSellRecommendationTest.php" line="282" class="Tests\Unit\Recommendations\CrossSellRecommendationTest" classname="Tests.Unit.Recommendations.CrossSellRecommendationTest" assertions="3" time="0.002354"/>
        <testcase name="it_recommends_products_based_on_popularity" file="C:\Users\Gaser\Desktop\COPRRA\tests\Unit\Recommendations\CrossSellRecommendationTest.php" line="240" class="Tests\Unit\Recommendations\CrossSellRecommendationTest" classname="Tests.Unit.Recommendations.CrossSellRecommendationTest" assertions="5" time="0.002373"/>
        <testcase name="it_recommends_products_based_on_user_behavior" file="C:\Users\Gaser\Desktop\COPRRA\tests\Unit\Recommendations\CrossSellRecommendationTest.php" line="112" class="Tests\Unit\Recommendations\CrossSellRecommendationTest" classname="Tests.Unit.Recommendations.CrossSellRecommendationTest" assertions="1" time="0.002109"/>
        <testcase name="it_recommends_products_based_on_season" file="C:\Users\Gaser\Desktop\COPRRA\tests\Unit\Recommendations\CrossSellRecommendationTest.php" line="133" class="Tests\Unit\Recommendations\CrossSellRecommendationTest" classname="Tests.Unit.Recommendations.CrossSellRecommendationTest" assertions="5" time="0.002382"/>
        <testcase name="it_recommends_products_based_on_weather" file="C:\Users\Gaser\Desktop\COPRRA\tests\Unit\Recommendations\CrossSellRecommendationTest.php" line="328" class="Tests\Unit\Recommendations\CrossSellRecommendationTest" classname="Tests.Unit.Recommendations.CrossSellRecommendationTest" assertions="2" time="0.002893"/>
        <testcase name="it_calculates_recommendation_confidence" file="C:\Users\Gaser\Desktop\COPRRA\tests\Unit\Recommendations\CrossSellRecommendationTest.php" line="370" class="Tests\Unit\Recommendations\CrossSellRecommendationTest" classname="Tests.Unit.Recommendations.CrossSellRecommendationTest" assertions="4" time="0.002788"/>
        <testcase name="it_recommends_products_based_on_price_range" file="C:\Users\Gaser\Desktop\COPRRA\tests\Unit\Recommendations\CrossSellRecommendationTest.php" line="154" class="Tests\Unit\Recommendations\CrossSellRecommendationTest" classname="Tests.Unit.Recommendations.CrossSellRecommendationTest" assertions="3" time="0.002330"/>
        <testcase name="it_recommends_products_based_on_customer_segments" file="C:\Users\Gaser\Desktop\COPRRA\tests\Unit\Recommendations\CrossSellRecommendationTest.php" line="261" class="Tests\Unit\Recommendations\CrossSellRecommendationTest" classname="Tests.Unit.Recommendations.CrossSellRecommendationTest" assertions="2" time="0.002144"/>
        <testcase name="it_recommends_cross_sell_products" file="C:\Users\Gaser\Desktop\COPRRA\tests\Unit\Recommendations\CrossSellRecommendationTest.php" line="13" class="Tests\Unit\Recommendations\CrossSellRecommendationTest" classname="Tests.Unit.Recommendations.CrossSellRecommendationTest" assertions="4" time="0.002291"/>
        <testcase name="it_recommends_related_accessories" file="C:\Users\Gaser\Desktop\COPRRA\tests\Unit\Recommendations\CrossSellRecommendationTest.php" line="51" class="Tests\Unit\Recommendations\CrossSellRecommendationTest" classname="Tests.Unit.Recommendations.CrossSellRecommendationTest" assertions="3" time="0.002153"/>
        <testcase name="it_recommends_complementary_products" file="C:\Users\Gaser\Desktop\COPRRA\tests\Unit\Recommendations\CrossSellRecommendationTest.php" line="31" class="Tests\Unit\Recommendations\CrossSellRecommendationTest" classname="Tests.Unit.Recommendations.CrossSellRecommendationTest" assertions="5" time="0.002736"/>
      </testsuite>
      <testsuite name="Tests\Unit\Recommendations\UpsellRecommendationTest" file="C:\Users\Gaser\Desktop\COPRRA\tests\Unit\Recommendations\UpsellRecommendationTest.php" tests="19" assertions="44" errors="0" failures="0" skipped="0" time="0.044720">
        <testcase name="it_generates_upsell_report" file="C:\Users\Gaser\Desktop\COPRRA\tests\Unit\Recommendations\UpsellRecommendationTest.php" line="392" class="Tests\Unit\Recommendations\UpsellRecommendationTest" classname="Tests.Unit.Recommendations.UpsellRecommendationTest" assertions="5" time="0.002534"/>
        <testcase name="it_recommends_products_with_better_camera" file="C:\Users\Gaser\Desktop\COPRRA\tests\Unit\Recommendations\UpsellRecommendationTest.php" line="285" class="Tests\Unit\Recommendations\UpsellRecommendationTest" classname="Tests.Unit.Recommendations.UpsellRecommendationTest" assertions="2" time="0.002415"/>
        <testcase name="it_recommends_products_with_higher_capacity" file="C:\Users\Gaser\Desktop\COPRRA\tests\Unit\Recommendations\UpsellRecommendationTest.php" line="159" class="Tests\Unit\Recommendations\UpsellRecommendationTest" classname="Tests.Unit.Recommendations.UpsellRecommendationTest" assertions="2" time="0.002169"/>
        <testcase name="it_recommends_products_with_better_audio" file="C:\Users\Gaser\Desktop\COPRRA\tests\Unit\Recommendations\UpsellRecommendationTest.php" line="306" class="Tests\Unit\Recommendations\UpsellRecommendationTest" classname="Tests.Unit.Recommendations.UpsellRecommendationTest" assertions="2" time="0.002158"/>
        <testcase name="it_recommends_products_with_premium_materials" file="C:\Users\Gaser\Desktop\COPRRA\tests\Unit\Recommendations\UpsellRecommendationTest.php" line="117" class="Tests\Unit\Recommendations\UpsellRecommendationTest" classname="Tests.Unit.Recommendations.UpsellRecommendationTest" assertions="2" time="0.001899"/>
        <testcase name="it_recommends_higher_tier_products" file="C:\Users\Gaser\Desktop\COPRRA\tests\Unit\Recommendations\UpsellRecommendationTest.php" line="13" class="Tests\Unit\Recommendations\UpsellRecommendationTest" classname="Tests.Unit.Recommendations.UpsellRecommendationTest" assertions="5" time="0.002821"/>
        <testcase name="it_recommends_products_with_better_brand" file="C:\Users\Gaser\Desktop\COPRRA\tests\Unit\Recommendations\UpsellRecommendationTest.php" line="138" class="Tests\Unit\Recommendations\UpsellRecommendationTest" classname="Tests.Unit.Recommendations.UpsellRecommendationTest" assertions="2" time="0.003192"/>
        <testcase name="it_recommends_products_with_extended_warranty" file="C:\Users\Gaser\Desktop\COPRRA\tests\Unit\Recommendations\UpsellRecommendationTest.php" line="96" class="Tests\Unit\Recommendations\UpsellRecommendationTest" classname="Tests.Unit.Recommendations.UpsellRecommendationTest" assertions="2" time="0.002454"/>
        <testcase name="it_recommends_products_with_more_features" file="C:\Users\Gaser\Desktop\COPRRA\tests\Unit\Recommendations\UpsellRecommendationTest.php" line="54" class="Tests\Unit\Recommendations\UpsellRecommendationTest" classname="Tests.Unit.Recommendations.UpsellRecommendationTest" assertions="2" time="0.002114"/>
        <testcase name="it_recommends_products_with_better_connectivity" file="C:\Users\Gaser\Desktop\COPRRA\tests\Unit\Recommendations\UpsellRecommendationTest.php" line="243" class="Tests\Unit\Recommendations\UpsellRecommendationTest" classname="Tests.Unit.Recommendations.UpsellRecommendationTest" assertions="2" time="0.002177"/>
        <testcase name="it_recommends_products_with_better_display" file="C:\Users\Gaser\Desktop\COPRRA\tests\Unit\Recommendations\UpsellRecommendationTest.php" line="222" class="Tests\Unit\Recommendations\UpsellRecommendationTest" classname="Tests.Unit.Recommendations.UpsellRecommendationTest" assertions="2" time="0.002118"/>
        <testcase name="it_recommends_products_with_better_specifications" file="C:\Users\Gaser\Desktop\COPRRA\tests\Unit\Recommendations\UpsellRecommendationTest.php" line="75" class="Tests\Unit\Recommendations\UpsellRecommendationTest" classname="Tests.Unit.Recommendations.UpsellRecommendationTest" assertions="2" time="0.002042"/>
        <testcase name="it_recommends_products_with_better_performance" file="C:\Users\Gaser\Desktop\COPRRA\tests\Unit\Recommendations\UpsellRecommendationTest.php" line="180" class="Tests\Unit\Recommendations\UpsellRecommendationTest" classname="Tests.Unit.Recommendations.UpsellRecommendationTest" assertions="2" time="0.002675"/>
        <testcase name="it_recommends_products_with_better_battery_life" file="C:\Users\Gaser\Desktop\COPRRA\tests\Unit\Recommendations\UpsellRecommendationTest.php" line="264" class="Tests\Unit\Recommendations\UpsellRecommendationTest" classname="Tests.Unit.Recommendations.UpsellRecommendationTest" assertions="2" time="0.002762"/>
        <testcase name="it_recommends_premium_versions" file="C:\Users\Gaser\Desktop\COPRRA\tests\Unit\Recommendations\UpsellRecommendationTest.php" line="33" class="Tests\Unit\Recommendations\UpsellRecommendationTest" classname="Tests.Unit.Recommendations.UpsellRecommendationTest" assertions="2" time="0.002137"/>
        <testcase name="it_recommends_products_with_more_storage" file="C:\Users\Gaser\Desktop\COPRRA\tests\Unit\Recommendations\UpsellRecommendationTest.php" line="201" class="Tests\Unit\Recommendations\UpsellRecommendationTest" classname="Tests.Unit.Recommendations.UpsellRecommendationTest" assertions="2" time="0.002420"/>
        <testcase name="it_recommends_products_with_better_security" file="C:\Users\Gaser\Desktop\COPRRA\tests\Unit\Recommendations\UpsellRecommendationTest.php" line="327" class="Tests\Unit\Recommendations\UpsellRecommendationTest" classname="Tests.Unit.Recommendations.UpsellRecommendationTest" assertions="2" time="0.002224"/>
        <testcase name="it_recommends_products_with_better_support" file="C:\Users\Gaser\Desktop\COPRRA\tests\Unit\Recommendations\UpsellRecommendationTest.php" line="348" class="Tests\Unit\Recommendations\UpsellRecommendationTest" classname="Tests.Unit.Recommendations.UpsellRecommendationTest" assertions="2" time="0.001907"/>
        <testcase name="it_calculates_upsell_potential" file="C:\Users\Gaser\Desktop\COPRRA\tests\Unit\Recommendations\UpsellRecommendationTest.php" line="369" class="Tests\Unit\Recommendations\UpsellRecommendationTest" classname="Tests.Unit.Recommendations.UpsellRecommendationTest" assertions="2" time="0.002503"/>
      </testsuite>
      <testsuite name="Tests\Unit\COPRRA\WebhookServiceTest" file="C:\Users\Gaser\Desktop\COPRRA\tests\Unit\COPRRA\WebhookServiceTest.php" tests="8" assertions="21" errors="0" failures="0" skipped="0" time="0.543308">
        <testcase name="test_it_marks_webhook_as_failed_on_error" file="C:\Users\Gaser\Desktop\COPRRA\tests\Unit\COPRRA\WebhookServiceTest.php" line="82" class="Tests\Unit\COPRRA\WebhookServiceTest" classname="Tests.Unit.COPRRA.WebhookServiceTest" assertions="2" time="0.057445"/>
        <testcase name="test_it_filters_webhooks_by_event_type" file="C:\Users\Gaser\Desktop\COPRRA\tests\Unit\COPRRA\WebhookServiceTest.php" line="187" class="Tests\Unit\COPRRA\WebhookServiceTest" classname="Tests.Unit.COPRRA.WebhookServiceTest" assertions="2" time="0.064278"/>
        <testcase name="test_it_filters_webhooks_by_status" file="C:\Users\Gaser\Desktop\COPRRA\tests\Unit\COPRRA\WebhookServiceTest.php" line="163" class="Tests\Unit\COPRRA\WebhookServiceTest" classname="Tests.Unit.COPRRA.WebhookServiceTest" assertions="2" time="0.058459"/>
        <testcase name="test_it_gets_webhook_statistics" file="C:\Users\Gaser\Desktop\COPRRA\tests\Unit\COPRRA\WebhookServiceTest.php" line="116" class="Tests\Unit\COPRRA\WebhookServiceTest" classname="Tests.Unit.COPRRA.WebhookServiceTest" assertions="4" time="0.064225"/>
        <testcase name="test_it_filters_webhooks_by_store" file="C:\Users\Gaser\Desktop\COPRRA\tests\Unit\COPRRA\WebhookServiceTest.php" line="175" class="Tests\Unit\COPRRA\WebhookServiceTest" classname="Tests.Unit.COPRRA.WebhookServiceTest" assertions="2" time="0.058516"/>
        <testcase name="test_it_processes_price_update_webhook" file="C:\Users\Gaser\Desktop\COPRRA\tests\Unit\COPRRA\WebhookServiceTest.php" line="57" class="Tests\Unit\COPRRA\WebhookServiceTest" classname="Tests.Unit.COPRRA.WebhookServiceTest" assertions="2" time="0.125219"/>
        <testcase name="test_it_adds_logs_to_webhook" file="C:\Users\Gaser\Desktop\COPRRA\tests\Unit\COPRRA\WebhookServiceTest.php" line="99" class="Tests\Unit\COPRRA\WebhookServiceTest" classname="Tests.Unit.COPRRA.WebhookServiceTest" assertions="3" time="0.058930"/>
        <testcase name="test_it_creates_webhook_record" file="C:\Users\Gaser\Desktop\COPRRA\tests\Unit\COPRRA\WebhookServiceTest.php" line="38" class="Tests\Unit\COPRRA\WebhookServiceTest" classname="Tests.Unit.COPRRA.WebhookServiceTest" assertions="4" time="0.056237"/>
      </testsuite>
      <testsuite name="Tests\Unit\Integration\StoreAPIIntegrationTest" file="C:\Users\Gaser\Desktop\COPRRA\tests\Unit\Integration\StoreAPIIntegrationTest.php" tests="3" assertions="3" errors="0" failures="0" skipped="0" time="1.447584">
        <testcase name="test_basic_functionality" file="C:\Users\Gaser\Desktop\COPRRA\tests\Unit\Integration\StoreAPIIntegrationTest.php" line="12" class="Tests\Unit\Integration\StoreAPIIntegrationTest" classname="Tests.Unit.Integration.StoreAPIIntegrationTest" assertions="1" time="0.453876"/>
        <testcase name="test_expected_behavior" file="C:\Users\Gaser\Desktop\COPRRA\tests\Unit\Integration\StoreAPIIntegrationTest.php" line="19" class="Tests\Unit\Integration\StoreAPIIntegrationTest" classname="Tests.Unit.Integration.StoreAPIIntegrationTest" assertions="1" time="0.496927"/>
        <testcase name="test_validation" file="C:\Users\Gaser\Desktop\COPRRA\tests\Unit\Integration\StoreAPIIntegrationTest.php" line="26" class="Tests\Unit\Integration\StoreAPIIntegrationTest" classname="Tests.Unit.Integration.StoreAPIIntegrationTest" assertions="1" time="0.496781"/>
      </testsuite>
      <testsuite name="Tests\Unit\DataAccuracy\StoreDataValidationTest" file="C:\Users\Gaser\Desktop\COPRRA\tests\Unit\DataAccuracy\StoreDataValidationTest.php" tests="3" assertions="3" errors="0" failures="0" skipped="0" time="1.495197">
        <testcase name="test_validation" file="C:\Users\Gaser\Desktop\COPRRA\tests\Unit\DataAccuracy\StoreDataValidationTest.php" line="26" class="Tests\Unit\DataAccuracy\StoreDataValidationTest" classname="Tests.Unit.DataAccuracy.StoreDataValidationTest" assertions="1" time="0.434701"/>
        <testcase name="test_expected_behavior" file="C:\Users\Gaser\Desktop\COPRRA\tests\Unit\DataAccuracy\StoreDataValidationTest.php" line="19" class="Tests\Unit\DataAccuracy\StoreDataValidationTest" classname="Tests.Unit.DataAccuracy.StoreDataValidationTest" assertions="1" time="0.634057"/>
        <testcase name="test_basic_functionality" file="C:\Users\Gaser\Desktop\COPRRA\tests\Unit\DataAccuracy\StoreDataValidationTest.php" line="12" class="Tests\Unit\DataAccuracy\StoreDataValidationTest" classname="Tests.Unit.DataAccuracy.StoreDataValidationTest" assertions="1" time="0.426440"/>
      </testsuite>
      <testsuite name="Tests\Unit\DataAccuracy\ShippingAccuracyTest" file="C:\Users\Gaser\Desktop\COPRRA\tests\Unit\DataAccuracy\ShippingAccuracyTest.php" tests="3" assertions="3" errors="0" failures="0" skipped="0" time="1.351152">
        <testcase name="test_expected_behavior" file="C:\Users\Gaser\Desktop\COPRRA\tests\Unit\DataAccuracy\ShippingAccuracyTest.php" line="19" class="Tests\Unit\DataAccuracy\ShippingAccuracyTest" classname="Tests.Unit.DataAccuracy.ShippingAccuracyTest" assertions="1" time="0.479595"/>
        <testcase name="test_validation" file="C:\Users\Gaser\Desktop\COPRRA\tests\Unit\DataAccuracy\ShippingAccuracyTest.php" line="26" class="Tests\Unit\DataAccuracy\ShippingAccuracyTest" classname="Tests.Unit.DataAccuracy.ShippingAccuracyTest" assertions="1" time="0.444991"/>
        <testcase name="test_basic_functionality" file="C:\Users\Gaser\Desktop\COPRRA\tests\Unit\DataAccuracy\ShippingAccuracyTest.php" line="12" class="Tests\Unit\DataAccuracy\ShippingAccuracyTest" classname="Tests.Unit.DataAccuracy.ShippingAccuracyTest" assertions="1" time="0.426566"/>
      </testsuite>
      <testsuite name="Tests\Unit\Integration\InventoryIntegrationTest" file="C:\Users\Gaser\Desktop\COPRRA\tests\Unit\Integration\InventoryIntegrationTest.php" tests="3" assertions="3" errors="0" failures="0" skipped="0" time="1.378034">
        <testcase name="test_validation" file="C:\Users\Gaser\Desktop\COPRRA\tests\Unit\Integration\InventoryIntegrationTest.php" line="26" class="Tests\Unit\Integration\InventoryIntegrationTest" classname="Tests.Unit.Integration.InventoryIntegrationTest" assertions="1" time="0.443975"/>
        <testcase name="test_expected_behavior" file="C:\Users\Gaser\Desktop\COPRRA\tests\Unit\Integration\InventoryIntegrationTest.php" line="19" class="Tests\Unit\Integration\InventoryIntegrationTest" classname="Tests.Unit.Integration.InventoryIntegrationTest" assertions="1" time="0.502023"/>
        <testcase name="test_basic_functionality" file="C:\Users\Gaser\Desktop\COPRRA\tests\Unit\Integration\InventoryIntegrationTest.php" line="12" class="Tests\Unit\Integration\InventoryIntegrationTest" classname="Tests.Unit.Integration.InventoryIntegrationTest" assertions="1" time="0.432035"/>
      </testsuite>
      <testsuite name="Tests\Unit\Performance\CPUUsageTest" file="C:\Users\Gaser\Desktop\COPRRA\tests\Unit\Performance\CPUUsageTest.php" tests="3" assertions="3" errors="0" failures="0" skipped="0" time="1.374548">
        <testcase name="test_performance_basic_functionality" file="C:\Users\Gaser\Desktop\COPRRA\tests\Unit\Performance\CPUUsageTest.php" line="12" class="Tests\Unit\Performance\CPUUsageTest" classname="Tests.Unit.Performance.CPUUsageTest" assertions="1" time="0.424414"/>
        <testcase name="test_performance_optimization" file="C:\Users\Gaser\Desktop\COPRRA\tests\Unit\Performance\CPUUsageTest.php" line="26" class="Tests\Unit\Performance\CPUUsageTest" classname="Tests.Unit.Performance.CPUUsageTest" assertions="1" time="0.471385"/>
        <testcase name="test_performance_metrics" file="C:\Users\Gaser\Desktop\COPRRA\tests\Unit\Performance\CPUUsageTest.php" line="19" class="Tests\Unit\Performance\CPUUsageTest" classname="Tests.Unit.Performance.CPUUsageTest" assertions="1" time="0.478749"/>
      </testsuite>
      <testsuite name="Tests\Unit\Integration\EmailIntegrationTest" file="C:\Users\Gaser\Desktop\COPRRA\tests\Unit\Integration\EmailIntegrationTest.php" tests="3" assertions="3" errors="0" failures="0" skipped="0" time="1.428739">
        <testcase name="test_basic_functionality" file="C:\Users\Gaser\Desktop\COPRRA\tests\Unit\Integration\EmailIntegrationTest.php" line="12" class="Tests\Unit\Integration\EmailIntegrationTest" classname="Tests.Unit.Integration.EmailIntegrationTest" assertions="1" time="0.440773"/>
        <testcase name="test_expected_behavior" file="C:\Users\Gaser\Desktop\COPRRA\tests\Unit\Integration\EmailIntegrationTest.php" line="19" class="Tests\Unit\Integration\EmailIntegrationTest" classname="Tests.Unit.Integration.EmailIntegrationTest" assertions="1" time="0.534342"/>
        <testcase name="test_validation" file="C:\Users\Gaser\Desktop\COPRRA\tests\Unit\Integration\EmailIntegrationTest.php" line="26" class="Tests\Unit\Integration\EmailIntegrationTest" classname="Tests.Unit.Integration.EmailIntegrationTest" assertions="1" time="0.453623"/>
      </testsuite>
      <testsuite name="Tests\Unit\Recommendations\BrandRecommendationTest" file="C:\Users\Gaser\Desktop\COPRRA\tests\Unit\Recommendations\BrandRecommendationTest.php" tests="10" assertions="33" errors="0" failures="0" skipped="0" time="0.029614">
        <testcase name="it_recommends_brands_based_on_user_preferences" file="C:\Users\Gaser\Desktop\COPRRA\tests\Unit\Recommendations\BrandRecommendationTest.php" line="13" class="Tests\Unit\Recommendations\BrandRecommendationTest" classname="Tests.Unit.Recommendations.BrandRecommendationTest" assertions="4" time="0.004614"/>
        <testcase name="it_calculates_brand_loyalty_score" file="C:\Users\Gaser\Desktop\COPRRA\tests\Unit\Recommendations\BrandRecommendationTest.php" line="148" class="Tests\Unit\Recommendations\BrandRecommendationTest" classname="Tests.Unit.Recommendations.BrandRecommendationTest" assertions="1" time="0.002915"/>
        <testcase name="it_handles_brand_recommendation_weights" file="C:\Users\Gaser\Desktop\COPRRA\tests\Unit\Recommendations\BrandRecommendationTest.php" line="180" class="Tests\Unit\Recommendations\BrandRecommendationTest" classname="Tests.Unit.Recommendations.BrandRecommendationTest" assertions="4" time="0.002487"/>
        <testcase name="it_recommends_brands_based_on_user_purchase_history" file="C:\Users\Gaser\Desktop\COPRRA\tests\Unit\Recommendations\BrandRecommendationTest.php" line="131" class="Tests\Unit\Recommendations\BrandRecommendationTest" classname="Tests.Unit.Recommendations.BrandRecommendationTest" assertions="3" time="0.003175"/>
        <testcase name="it_recommends_brands_based_on_quality_rating" file="C:\Users\Gaser\Desktop\COPRRA\tests\Unit\Recommendations\BrandRecommendationTest.php" line="91" class="Tests\Unit\Recommendations\BrandRecommendationTest" classname="Tests.Unit.Recommendations.BrandRecommendationTest" assertions="5" time="0.002644"/>
        <testcase name="it_recommends_brands_based_on_price_range" file="C:\Users\Gaser\Desktop\COPRRA\tests\Unit\Recommendations\BrandRecommendationTest.php" line="73" class="Tests\Unit\Recommendations\BrandRecommendationTest" classname="Tests.Unit.Recommendations.BrandRecommendationTest" assertions="3" time="0.002662"/>
        <testcase name="it_handles_brand_availability_by_region" file="C:\Users\Gaser\Desktop\COPRRA\tests\Unit\Recommendations\BrandRecommendationTest.php" line="112" class="Tests\Unit\Recommendations\BrandRecommendationTest" classname="Tests.Unit.Recommendations.BrandRecommendationTest" assertions="4" time="0.002526"/>
        <testcase name="it_recommends_trending_brands" file="C:\Users\Gaser\Desktop\COPRRA\tests\Unit\Recommendations\BrandRecommendationTest.php" line="163" class="Tests\Unit\Recommendations\BrandRecommendationTest" classname="Tests.Unit.Recommendations.BrandRecommendationTest" assertions="3" time="0.002319"/>
        <testcase name="it_recommends_similar_brands" file="C:\Users\Gaser\Desktop\COPRRA\tests\Unit\Recommendations\BrandRecommendationTest.php" line="56" class="Tests\Unit\Recommendations\BrandRecommendationTest" classname="Tests.Unit.Recommendations.BrandRecommendationTest" assertions="3" time="0.003577"/>
        <testcase name="it_recommends_popular_brands_in_category" file="C:\Users\Gaser\Desktop\COPRRA\tests\Unit\Recommendations\BrandRecommendationTest.php" line="31" class="Tests\Unit\Recommendations\BrandRecommendationTest" classname="Tests.Unit.Recommendations.BrandRecommendationTest" assertions="3" time="0.002694"/>
      </testsuite>
      <testsuite name="Tests\Unit\Performance\ImageLoadTimeTest" file="C:\Users\Gaser\Desktop\COPRRA\tests\Unit\Performance\ImageLoadTimeTest.php" tests="3" assertions="3" errors="0" failures="0" skipped="0" time="1.313115">
        <testcase name="test_performance_basic_functionality" file="C:\Users\Gaser\Desktop\COPRRA\tests\Unit\Performance\ImageLoadTimeTest.php" line="12" class="Tests\Unit\Performance\ImageLoadTimeTest" classname="Tests.Unit.Performance.ImageLoadTimeTest" assertions="1" time="0.439369"/>
        <testcase name="test_performance_optimization" file="C:\Users\Gaser\Desktop\COPRRA\tests\Unit\Performance\ImageLoadTimeTest.php" line="26" class="Tests\Unit\Performance\ImageLoadTimeTest" classname="Tests.Unit.Performance.ImageLoadTimeTest" assertions="1" time="0.436972"/>
        <testcase name="test_performance_metrics" file="C:\Users\Gaser\Desktop\COPRRA\tests\Unit\Performance\ImageLoadTimeTest.php" line="19" class="Tests\Unit\Performance\ImageLoadTimeTest" classname="Tests.Unit.Performance.ImageLoadTimeTest" assertions="1" time="0.436774"/>
      </testsuite>
      <testsuite name="Tests\Unit\DataQuality\DataAccuracyTest" file="C:\Users\Gaser\Desktop\COPRRA\tests\Unit\DataQuality\DataAccuracyTest.php" tests="4" assertions="6" errors="0" failures="0" skipped="0" time="0.301772">
        <testcase name="test_complex_order_scenarios" file="C:\Users\Gaser\Desktop\COPRRA\tests\Unit\DataQuality\DataAccuracyTest.php" line="49" class="Tests\Unit\DataQuality\DataAccuracyTest" classname="Tests.Unit.DataQuality.DataAccuracyTest" assertions="1" time="0.075208"/>
        <testcase name="test_price_calculation_accuracy" file="C:\Users\Gaser\Desktop\COPRRA\tests\Unit\DataQuality\DataAccuracyTest.php" line="18" class="Tests\Unit\DataQuality\DataAccuracyTest" classname="Tests.Unit.DataQuality.DataAccuracyTest" assertions="2" time="0.060285"/>
        <testcase name="test_negative_values_handling" file="C:\Users\Gaser\Desktop\COPRRA\tests\Unit\DataQuality\DataAccuracyTest.php" line="74" class="Tests\Unit\DataQuality\DataAccuracyTest" classname="Tests.Unit.DataQuality.DataAccuracyTest" assertions="1" time="0.057808"/>
        <testcase name="test_currency_conversion_edge_cases" file="C:\Users\Gaser\Desktop\COPRRA\tests\Unit\DataQuality\DataAccuracyTest.php" line="37" class="Tests\Unit\DataQuality\DataAccuracyTest" classname="Tests.Unit.DataQuality.DataAccuracyTest" assertions="2" time="0.108470"/>
      </testsuite>
      <testsuite name="Tests\Unit\DataAccuracy\PriceAccuracyTest" file="C:\Users\Gaser\Desktop\COPRRA\tests\Unit\DataAccuracy\PriceAccuracyTest.php" tests="3" assertions="3" errors="0" failures="0" skipped="0" time="0.186916">
        <testcase name="test_base_price_calculation" file="C:\Users\Gaser\Desktop\COPRRA\tests\Unit\DataAccuracy\PriceAccuracyTest.php" line="16" class="Tests\Unit\DataAccuracy\PriceAccuracyTest" classname="Tests.Unit.DataAccuracy.PriceAccuracyTest" assertions="1" time="0.070614"/>
        <testcase name="test_tax_inclusive_pricing" file="C:\Users\Gaser\Desktop\COPRRA\tests\Unit\DataAccuracy\PriceAccuracyTest.php" line="23" class="Tests\Unit\DataAccuracy\PriceAccuracyTest" classname="Tests.Unit.DataAccuracy.PriceAccuracyTest" assertions="1" time="0.059900"/>
        <testcase name="test_discount_application_accuracy" file="C:\Users\Gaser\Desktop\COPRRA\tests\Unit\DataAccuracy\PriceAccuracyTest.php" line="34" class="Tests\Unit\DataAccuracy\PriceAccuracyTest" classname="Tests.Unit.DataAccuracy.PriceAccuracyTest" assertions="1" time="0.056402"/>
      </testsuite>
      <testsuite name="Tests\Unit\Integration\NotificationIntegrationTest" file="C:\Users\Gaser\Desktop\COPRRA\tests\Unit\Integration\NotificationIntegrationTest.php" tests="3" assertions="3" errors="0" failures="0" skipped="0" time="1.348925">
        <testcase name="test_basic_functionality" file="C:\Users\Gaser\Desktop\COPRRA\tests\Unit\Integration\NotificationIntegrationTest.php" line="12" class="Tests\Unit\Integration\NotificationIntegrationTest" classname="Tests.Unit.Integration.NotificationIntegrationTest" assertions="1" time="0.420169"/>
        <testcase name="test_validation" file="C:\Users\Gaser\Desktop\COPRRA\tests\Unit\Integration\NotificationIntegrationTest.php" line="26" class="Tests\Unit\Integration\NotificationIntegrationTest" classname="Tests.Unit.Integration.NotificationIntegrationTest" assertions="1" time="0.443017"/>
        <testcase name="test_expected_behavior" file="C:\Users\Gaser\Desktop\COPRRA\tests\Unit\Integration\NotificationIntegrationTest.php" line="19" class="Tests\Unit\Integration\NotificationIntegrationTest" classname="Tests.Unit.Integration.NotificationIntegrationTest" assertions="1" time="0.485739"/>
      </testsuite>
      <testsuite name="Tests\Unit\Models\NotificationTest" file="C:\Users\Gaser\Desktop\COPRRA\tests\Unit\Models\NotificationTest.php" tests="39" assertions="65" errors="0" failures="0" skipped="0" time="18.681407">
        <testcase name="test_is_unread_returns_true_when_read_at_null" file="C:\Users\Gaser\Desktop\COPRRA\tests\Unit\Models\NotificationTest.php" line="250" class="Tests\Unit\Models\NotificationTest" classname="Tests.Unit.Models.NotificationTest" assertions="1" time="0.729051"/>
        <testcase name="test_scope_before" file="C:\Users\Gaser\Desktop\COPRRA\tests\Unit\Models\NotificationTest.php" line="203" class="Tests\Unit\Models\NotificationTest" classname="Tests.Unit.Models.NotificationTest" assertions="2" time="0.563561"/>
        <testcase name="test_scope_of_status" file="C:\Users\Gaser\Desktop\COPRRA\tests\Unit\Models\NotificationTest.php" line="136" class="Tests\Unit\Models\NotificationTest" classname="Tests.Unit.Models.NotificationTest" assertions="2" time="0.467756"/>
        <testcase name="test_is_pending_returns_true" file="C:\Users\Gaser\Desktop\COPRRA\tests\Unit\Models\NotificationTest.php" line="291" class="Tests\Unit\Models\NotificationTest" classname="Tests.Unit.Models.NotificationTest" assertions="1" time="0.454580"/>
        <testcase name="test_hidden_attributes" file="C:\Users\Gaser\Desktop\COPRRA\tests\Unit\Models\NotificationTest.php" line="71" class="Tests\Unit\Models\NotificationTest" classname="Tests.Unit.Models.NotificationTest" assertions="1" time="0.458164"/>
        <testcase name="test_is_sent_returns_true_when_sent_at_set" file="C:\Users\Gaser\Desktop\COPRRA\tests\Unit\Models\NotificationTest.php" line="270" class="Tests\Unit\Models\NotificationTest" classname="Tests.Unit.Models.NotificationTest" assertions="1" time="0.454753"/>
        <testcase name="test_has_action" file="C:\Users\Gaser\Desktop\COPRRA\tests\Unit\Models\NotificationTest.php" line="447" class="Tests\Unit\Models\NotificationTest" classname="Tests.Unit.Models.NotificationTest" assertions="2" time="0.441086"/>
        <testcase name="test_is_read_returns_true_when_read_at_set" file="C:\Users\Gaser\Desktop\COPRRA\tests\Unit\Models\NotificationTest.php" line="230" class="Tests\Unit\Models\NotificationTest" classname="Tests.Unit.Models.NotificationTest" assertions="1" time="0.638259"/>
        <testcase name="test_get_icon" file="C:\Users\Gaser\Desktop\COPRRA\tests\Unit\Models\NotificationTest.php" line="396" class="Tests\Unit\Models\NotificationTest" classname="Tests.Unit.Models.NotificationTest" assertions="2" time="0.520278"/>
        <testcase name="test_get_color" file="C:\Users\Gaser\Desktop\COPRRA\tests\Unit\Models\NotificationTest.php" line="408" class="Tests\Unit\Models\NotificationTest" classname="Tests.Unit.Models.NotificationTest" assertions="2" time="0.436069"/>
        <testcase name="test_is_pending_returns_false_when_sent_at_set" file="C:\Users\Gaser\Desktop\COPRRA\tests\Unit\Models\NotificationTest.php" line="302" class="Tests\Unit\Models\NotificationTest" classname="Tests.Unit.Models.NotificationTest" assertions="1" time="0.510719"/>
        <testcase name="test_user_relation" file="C:\Users\Gaser\Desktop\COPRRA\tests\Unit\Models\NotificationTest.php" line="81" class="Tests\Unit\Models\NotificationTest" classname="Tests.Unit.Models.NotificationTest" assertions="2" time="0.466672"/>
        <testcase name="test_scope_failed" file="C:\Users\Gaser\Desktop\COPRRA\tests\Unit\Models\NotificationTest.php" line="168" class="Tests\Unit\Models\NotificationTest" classname="Tests.Unit.Models.NotificationTest" assertions="2" time="0.439564"/>
        <testcase name="test_scope_of_priority" file="C:\Users\Gaser\Desktop\COPRRA\tests\Unit\Models\NotificationTest.php" line="125" class="Tests\Unit\Models\NotificationTest" classname="Tests.Unit.Models.NotificationTest" assertions="2" time="0.499776"/>
        <testcase name="test_is_read_returns_false_when_read_at_null" file="C:\Users\Gaser\Desktop\COPRRA\tests\Unit\Models\NotificationTest.php" line="240" class="Tests\Unit\Models\NotificationTest" classname="Tests.Unit.Models.NotificationTest" assertions="1" time="0.451154"/>
        <testcase name="test_is_failed_returns_false" file="C:\Users\Gaser\Desktop\COPRRA\tests\Unit\Models\NotificationTest.php" line="325" class="Tests\Unit\Models\NotificationTest" classname="Tests.Unit.Models.NotificationTest" assertions="1" time="0.426525"/>
        <testcase name="test_is_expired" file="C:\Users\Gaser\Desktop\COPRRA\tests\Unit\Models\NotificationTest.php" line="459" class="Tests\Unit\Models\NotificationTest" classname="Tests.Unit.Models.NotificationTest" assertions="2" time="0.440060"/>
        <testcase name="test_scope_after" file="C:\Users\Gaser\Desktop\COPRRA\tests\Unit\Models\NotificationTest.php" line="190" class="Tests\Unit\Models\NotificationTest" classname="Tests.Unit.Models.NotificationTest" assertions="2" time="0.449040"/>
        <testcase name="test_has_tag" file="C:\Users\Gaser\Desktop\COPRRA\tests\Unit\Models\NotificationTest.php" line="488" class="Tests\Unit\Models\NotificationTest" classname="Tests.Unit.Models.NotificationTest" assertions="2" time="0.422446"/>
        <testcase name="test_scope_between" file="C:\Users\Gaser\Desktop\COPRRA\tests\Unit\Models\NotificationTest.php" line="216" class="Tests\Unit\Models\NotificationTest" classname="Tests.Unit.Models.NotificationTest" assertions="2" time="0.491626"/>
        <testcase name="test_get_badge_text" file="C:\Users\Gaser\Desktop\COPRRA\tests\Unit\Models\NotificationTest.php" line="421" class="Tests\Unit\Models\NotificationTest" classname="Tests.Unit.Models.NotificationTest" assertions="3" time="0.527418"/>
        <testcase name="test_is_sent_returns_false_when_sent_at_null" file="C:\Users\Gaser\Desktop\COPRRA\tests\Unit\Models\NotificationTest.php" line="281" class="Tests\Unit\Models\NotificationTest" classname="Tests.Unit.Models.NotificationTest" assertions="1" time="0.437129"/>
        <testcase name="test_scope_sent" file="C:\Users\Gaser\Desktop\COPRRA\tests\Unit\Models\NotificationTest.php" line="147" class="Tests\Unit\Models\NotificationTest" classname="Tests.Unit.Models.NotificationTest" assertions="1" time="0.511162"/>
        <testcase name="test_get_channel_display_name" file="C:\Users\Gaser\Desktop\COPRRA\tests\Unit\Models\NotificationTest.php" line="370" class="Tests\Unit\Models\NotificationTest" classname="Tests.Unit.Models.NotificationTest" assertions="2" time="0.463244"/>
        <testcase name="test_table_name" file="C:\Users\Gaser\Desktop\COPRRA\tests\Unit\Models\NotificationTest.php" line="23" class="Tests\Unit\Models\NotificationTest" classname="Tests.Unit.Models.NotificationTest" assertions="1" time="0.498767"/>
        <testcase name="test_get_type_display_name" file="C:\Users\Gaser\Desktop\COPRRA\tests\Unit\Models\NotificationTest.php" line="358" class="Tests\Unit\Models\NotificationTest" classname="Tests.Unit.Models.NotificationTest" assertions="2" time="0.451628"/>
        <testcase name="test_get_status_display_name" file="C:\Users\Gaser\Desktop\COPRRA\tests\Unit\Models\NotificationTest.php" line="383" class="Tests\Unit\Models\NotificationTest" classname="Tests.Unit.Models.NotificationTest" assertions="2" time="0.492417"/>
        <testcase name="test_is_unread_returns_false_when_read_at_set" file="C:\Users\Gaser\Desktop\COPRRA\tests\Unit\Models\NotificationTest.php" line="260" class="Tests\Unit\Models\NotificationTest" classname="Tests.Unit.Models.NotificationTest" assertions="1" time="0.450693"/>
        <testcase name="test_is_failed_returns_true" file="C:\Users\Gaser\Desktop\COPRRA\tests\Unit\Models\NotificationTest.php" line="314" class="Tests\Unit\Models\NotificationTest" classname="Tests.Unit.Models.NotificationTest" assertions="1" time="0.424225"/>
        <testcase name="test_scope_read" file="C:\Users\Gaser\Desktop\COPRRA\tests\Unit\Models\NotificationTest.php" line="104" class="Tests\Unit\Models\NotificationTest" classname="Tests.Unit.Models.NotificationTest" assertions="1" time="0.429495"/>
        <testcase name="test_scope_for_user" file="C:\Users\Gaser\Desktop\COPRRA\tests\Unit\Models\NotificationTest.php" line="179" class="Tests\Unit\Models\NotificationTest" classname="Tests.Unit.Models.NotificationTest" assertions="2" time="0.508302"/>
        <testcase name="test_casts" file="C:\Users\Gaser\Desktop\COPRRA\tests\Unit\Models\NotificationTest.php" line="54" class="Tests\Unit\Models\NotificationTest" classname="Tests.Unit.Models.NotificationTest" assertions="1" time="0.433120"/>
        <testcase name="test_get_summary" file="C:\Users\Gaser\Desktop\COPRRA\tests\Unit\Models\NotificationTest.php" line="436" class="Tests\Unit\Models\NotificationTest" classname="Tests.Unit.Models.NotificationTest" assertions="2" time="0.509225"/>
        <testcase name="test_scope_unread" file="C:\Users\Gaser\Desktop\COPRRA\tests\Unit\Models\NotificationTest.php" line="94" class="Tests\Unit\Models\NotificationTest" classname="Tests.Unit.Models.NotificationTest" assertions="1" time="0.465477"/>
        <testcase name="test_fillable_attributes" file="C:\Users\Gaser\Desktop\COPRRA\tests\Unit\Models\NotificationTest.php" line="31" class="Tests\Unit\Models\NotificationTest" classname="Tests.Unit.Models.NotificationTest" assertions="1" time="0.442547"/>
        <testcase name="test_scope_pending" file="C:\Users\Gaser\Desktop\COPRRA\tests\Unit\Models\NotificationTest.php" line="157" class="Tests\Unit\Models\NotificationTest" classname="Tests.Unit.Models.NotificationTest" assertions="2" time="0.425215"/>
        <testcase name="test_get_priority_level" file="C:\Users\Gaser\Desktop\COPRRA\tests\Unit\Models\NotificationTest.php" line="336" class="Tests\Unit\Models\NotificationTest" classname="Tests.Unit.Models.NotificationTest" assertions="5" time="0.533498"/>
        <testcase name="test_can_retry" file="C:\Users\Gaser\Desktop\COPRRA\tests\Unit\Models\NotificationTest.php" line="474" class="Tests\Unit\Models\NotificationTest" classname="Tests.Unit.Models.NotificationTest" assertions="2" time="0.479817"/>
        <testcase name="test_scope_of_type" file="C:\Users\Gaser\Desktop\COPRRA\tests\Unit\Models\NotificationTest.php" line="114" class="Tests\Unit\Models\NotificationTest" classname="Tests.Unit.Models.NotificationTest" assertions="2" time="0.436890"/>
      </testsuite>
      <testsuite name="Tests\Unit\COPRRA\StoreAdapterManagerTest" file="C:\Users\Gaser\Desktop\COPRRA\tests\Unit\COPRRA\StoreAdapterManagerTest.php" tests="14" assertions="40" errors="0" failures="0" skipped="0" time="6.760574">
        <testcase name="test_it_validates_amazon_identifier" file="C:\Users\Gaser\Desktop\COPRRA\tests\Unit\COPRRA\StoreAdapterManagerTest.php" line="67" class="Tests\Unit\COPRRA\StoreAdapterManagerTest" classname="Tests.Unit.COPRRA.StoreAdapterManagerTest" assertions="3" time="0.555943"/>
        <testcase name="test_it_gets_product_url_for_noon" file="C:\Users\Gaser\Desktop\COPRRA\tests\Unit\COPRRA\StoreAdapterManagerTest.php" line="104" class="Tests\Unit\COPRRA\StoreAdapterManagerTest" classname="Tests.Unit.COPRRA.StoreAdapterManagerTest" assertions="2" time="0.515803"/>
        <testcase name="test_it_gets_statistics" file="C:\Users\Gaser\Desktop\COPRRA\tests\Unit\COPRRA\StoreAdapterManagerTest.php" line="119" class="Tests\Unit\COPRRA\StoreAdapterManagerTest" classname="Tests.Unit.COPRRA.StoreAdapterManagerTest" assertions="5" time="0.427077"/>
        <testcase name="test_it_registers_default_adapters" file="C:\Users\Gaser\Desktop\COPRRA\tests\Unit\COPRRA\StoreAdapterManagerTest.php" line="24" class="Tests\Unit\COPRRA\StoreAdapterManagerTest" classname="Tests.Unit.COPRRA.StoreAdapterManagerTest" assertions="4" time="0.507534"/>
        <testcase name="test_it_returns_null_for_unknown_adapter" file="C:\Users\Gaser\Desktop\COPRRA\tests\Unit\COPRRA\StoreAdapterManagerTest.php" line="42" class="Tests\Unit\COPRRA\StoreAdapterManagerTest" classname="Tests.Unit.COPRRA.StoreAdapterManagerTest" assertions="1" time="0.510075"/>
        <testcase name="test_it_checks_if_store_is_supported" file="C:\Users\Gaser\Desktop\COPRRA\tests\Unit\COPRRA\StoreAdapterManagerTest.php" line="49" class="Tests\Unit\COPRRA\StoreAdapterManagerTest" classname="Tests.Unit.COPRRA.StoreAdapterManagerTest" assertions="4" time="0.447919"/>
        <testcase name="test_it_returns_null_for_unknown_store_url" file="C:\Users\Gaser\Desktop\COPRRA\tests\Unit\COPRRA\StoreAdapterManagerTest.php" line="112" class="Tests\Unit\COPRRA\StoreAdapterManagerTest" classname="Tests.Unit.COPRRA.StoreAdapterManagerTest" assertions="1" time="0.531951"/>
        <testcase name="test_it_validates_ebay_identifier" file="C:\Users\Gaser\Desktop\COPRRA\tests\Unit\COPRRA\StoreAdapterManagerTest.php" line="74" class="Tests\Unit\COPRRA\StoreAdapterManagerTest" classname="Tests.Unit.COPRRA.StoreAdapterManagerTest" assertions="3" time="0.434129"/>
        <testcase name="test_it_gets_adapter_by_identifier" file="C:\Users\Gaser\Desktop\COPRRA\tests\Unit\COPRRA\StoreAdapterManagerTest.php" line="34" class="Tests\Unit\COPRRA\StoreAdapterManagerTest" classname="Tests.Unit.COPRRA.StoreAdapterManagerTest" assertions="2" time="0.424631"/>
        <testcase name="test_it_validates_noon_identifier" file="C:\Users\Gaser\Desktop\COPRRA\tests\Unit\COPRRA\StoreAdapterManagerTest.php" line="81" class="Tests\Unit\COPRRA\StoreAdapterManagerTest" classname="Tests.Unit.COPRRA.StoreAdapterManagerTest" assertions="3" time="0.434620"/>
        <testcase name="test_it_gets_product_url_for_amazon" file="C:\Users\Gaser\Desktop\COPRRA\tests\Unit\COPRRA\StoreAdapterManagerTest.php" line="88" class="Tests\Unit\COPRRA\StoreAdapterManagerTest" classname="Tests.Unit.COPRRA.StoreAdapterManagerTest" assertions="2" time="0.433339"/>
        <testcase name="test_it_gets_product_url_for_ebay" file="C:\Users\Gaser\Desktop\COPRRA\tests\Unit\COPRRA\StoreAdapterManagerTest.php" line="96" class="Tests\Unit\COPRRA\StoreAdapterManagerTest" classname="Tests.Unit.COPRRA.StoreAdapterManagerTest" assertions="2" time="0.435335"/>
        <testcase name="test_it_gets_adapter_rate_limits" file="C:\Users\Gaser\Desktop\COPRRA\tests\Unit\COPRRA\StoreAdapterManagerTest.php" line="130" class="Tests\Unit\COPRRA\StoreAdapterManagerTest" classname="Tests.Unit.COPRRA.StoreAdapterManagerTest" assertions="4" time="0.524968"/>
        <testcase name="test_it_gets_supported_stores" file="C:\Users\Gaser\Desktop\COPRRA\tests\Unit\COPRRA\StoreAdapterManagerTest.php" line="57" class="Tests\Unit\COPRRA\StoreAdapterManagerTest" classname="Tests.Unit.COPRRA.StoreAdapterManagerTest" assertions="4" time="0.577250"/>
      </testsuite>
      <testsuite name="Tests\Unit\Integration\CurrencyIntegrationTest" file="C:\Users\Gaser\Desktop\COPRRA\tests\Unit\Integration\CurrencyIntegrationTest.php" tests="3" assertions="3" errors="0" failures="0" skipped="0" time="1.547372">
        <testcase name="test_expected_behavior" file="C:\Users\Gaser\Desktop\COPRRA\tests\Unit\Integration\CurrencyIntegrationTest.php" line="19" class="Tests\Unit\Integration\CurrencyIntegrationTest" classname="Tests.Unit.Integration.CurrencyIntegrationTest" assertions="1" time="0.510239"/>
        <testcase name="test_basic_functionality" file="C:\Users\Gaser\Desktop\COPRRA\tests\Unit\Integration\CurrencyIntegrationTest.php" line="12" class="Tests\Unit\Integration\CurrencyIntegrationTest" classname="Tests.Unit.Integration.CurrencyIntegrationTest" assertions="1" time="0.519253"/>
        <testcase name="test_validation" file="C:\Users\Gaser\Desktop\COPRRA\tests\Unit\Integration\CurrencyIntegrationTest.php" line="26" class="Tests\Unit\Integration\CurrencyIntegrationTest" classname="Tests.Unit.Integration.CurrencyIntegrationTest" assertions="1" time="0.517880"/>
      </testsuite>
      <testsuite name="Tests\Unit\Services\OrderServiceTest" file="C:\Users\Gaser\Desktop\COPRRA\tests\Unit\Services\OrderServiceTest.php" tests="6" assertions="17" errors="0" failures="0" skipped="0" time="0.507238">
        <testcase name="test_update_order_status_fails_invalid_transition" file="C:\Users\Gaser\Desktop\COPRRA\tests\Unit\Services\OrderServiceTest.php" line="60" class="Tests\Unit\Services\OrderServiceTest" classname="Tests.Unit.Services.OrderServiceTest" assertions="2" time="0.067236"/>
        <testcase name="test_create_order_creates_order_with_items" file="C:\Users\Gaser\Desktop\COPRRA\tests\Unit\Services\OrderServiceTest.php" line="27" class="Tests\Unit\Services\OrderServiceTest" classname="Tests.Unit.Services.OrderServiceTest" assertions="6" time="0.076998"/>
        <testcase name="test_cancel_order_cancels_pending_order" file="C:\Users\Gaser\Desktop\COPRRA\tests\Unit\Services\OrderServiceTest.php" line="73" class="Tests\Unit\Services\OrderServiceTest" classname="Tests.Unit.Services.OrderServiceTest" assertions="3" time="0.082836"/>
        <testcase name="test_update_order_status_updates_valid_transition" file="C:\Users\Gaser\Desktop\COPRRA\tests\Unit\Services\OrderServiceTest.php" line="47" class="Tests\Unit\Services\OrderServiceTest" classname="Tests.Unit.Services.OrderServiceTest" assertions="2" time="0.148697"/>
        <testcase name="test_get_order_history_returns_user_orders" file="C:\Users\Gaser\Desktop\COPRRA\tests\Unit\Services\OrderServiceTest.php" line="102" class="Tests\Unit\Services\OrderServiceTest" classname="Tests.Unit.Services.OrderServiceTest" assertions="2" time="0.068331"/>
        <testcase name="test_cancel_order_fails_for_shipped_order" file="C:\Users\Gaser\Desktop\COPRRA\tests\Unit\Services\OrderServiceTest.php" line="89" class="Tests\Unit\Services\OrderServiceTest" classname="Tests.Unit.Services.OrderServiceTest" assertions="2" time="0.063141"/>
      </testsuite>
      <testsuite name="Tests\Unit\Deployment\RollingDeploymentTest" file="C:\Users\Gaser\Desktop\COPRRA\tests\Unit\Deployment\RollingDeploymentTest.php" tests="3" assertions="3" errors="0" failures="0" skipped="0" time="1.370729">
        <testcase name="test_validation" file="C:\Users\Gaser\Desktop\COPRRA\tests\Unit\Deployment\RollingDeploymentTest.php" line="26" class="Tests\Unit\Deployment\RollingDeploymentTest" classname="Tests.Unit.Deployment.RollingDeploymentTest" assertions="1" time="0.491287"/>
        <testcase name="test_expected_behavior" file="C:\Users\Gaser\Desktop\COPRRA\tests\Unit\Deployment\RollingDeploymentTest.php" line="19" class="Tests\Unit\Deployment\RollingDeploymentTest" classname="Tests.Unit.Deployment.RollingDeploymentTest" assertions="1" time="0.448986"/>
        <testcase name="test_basic_functionality" file="C:\Users\Gaser\Desktop\COPRRA\tests\Unit\Deployment\RollingDeploymentTest.php" line="12" class="Tests\Unit\Deployment\RollingDeploymentTest" classname="Tests.Unit.Deployment.RollingDeploymentTest" assertions="1" time="0.430455"/>
      </testsuite>
      <testsuite name="Tests\Unit\Services\ExternalStoreServiceTest" file="C:\Users\Gaser\Desktop\COPRRA\tests\Unit\Services\ExternalStoreServiceTest.php" tests="6" assertions="6" errors="0" failures="0" skipped="0" time="4.403730">
        <testcase name="test_it_gets_store_status" file="C:\Users\Gaser\Desktop\COPRRA\tests\Unit\Services\ExternalStoreServiceTest.php" line="99" class="Tests\Unit\Services\ExternalStoreServiceTest" classname="Tests.Unit.Services.ExternalStoreServiceTest" assertions="1" time="1.046300"/>
        <testcase name="test_it_gets_product_details_with_cache" file="C:\Users\Gaser\Desktop\COPRRA\tests\Unit\Services\ExternalStoreServiceTest.php" line="55" class="Tests\Unit\Services\ExternalStoreServiceTest" classname="Tests.Unit.Services.ExternalStoreServiceTest" assertions="1" time="0.498964"/>
        <testcase name="test_it_searches_products_across_all_stores" file="C:\Users\Gaser\Desktop\COPRRA\tests\Unit\Services\ExternalStoreServiceTest.php" line="29" class="Tests\Unit\Services\ExternalStoreServiceTest" classname="Tests.Unit.Services.ExternalStoreServiceTest" assertions="1" time="1.011653"/>
        <testcase name="test_it_syncs_store_products" file="C:\Users\Gaser\Desktop\COPRRA\tests\Unit\Services\ExternalStoreServiceTest.php" line="87" class="Tests\Unit\Services\ExternalStoreServiceTest" classname="Tests.Unit.Services.ExternalStoreServiceTest" assertions="1" time="0.443936"/>
        <testcase name="test_it_returns_null_for_invalid_store" file="C:\Users\Gaser\Desktop\COPRRA\tests\Unit\Services\ExternalStoreServiceTest.php" line="74" class="Tests\Unit\Services\ExternalStoreServiceTest" classname="Tests.Unit.Services.ExternalStoreServiceTest" assertions="1" time="0.469983"/>
        <testcase name="test_it_handles_api_failure_gracefully" file="C:\Users\Gaser\Desktop\COPRRA\tests\Unit\Services\ExternalStoreServiceTest.php" line="42" class="Tests\Unit\Services\ExternalStoreServiceTest" classname="Tests.Unit.Services.ExternalStoreServiceTest" assertions="1" time="0.932894"/>
      </testsuite>
      <testsuite name="Tests\Unit\COPRRA\CacheServiceTest" file="C:\Users\Gaser\Desktop\COPRRA\tests\Unit\COPRRA\CacheServiceTest.php" tests="19" assertions="36" errors="0" failures="0" skipped="0" time="1.262091">
        <testcase name="test_it_generates_correct_store_cache_key" file="C:\Users\Gaser\Desktop\COPRRA\tests\Unit\COPRRA\CacheServiceTest.php" line="48" class="Tests\Unit\COPRRA\CacheServiceTest" classname="Tests.Unit.COPRRA.CacheServiceTest" assertions="1" time="0.061526"/>
        <testcase name="test_it_generates_correct_exchange_rate_cache_key" file="C:\Users\Gaser\Desktop\COPRRA\tests\Unit\COPRRA\CacheServiceTest.php" line="62" class="Tests\Unit\COPRRA\CacheServiceTest" classname="Tests.Unit.COPRRA.CacheServiceTest" assertions="1" time="0.065015"/>
        <testcase name="test_it_clears_all_cache" file="C:\Users\Gaser\Desktop\COPRRA\tests\Unit\COPRRA\CacheServiceTest.php" line="203" class="Tests\Unit\COPRRA\CacheServiceTest" classname="Tests.Unit.COPRRA.CacheServiceTest" assertions="4" time="0.057346"/>
        <testcase name="test_it_generates_correct_product_cache_key" file="C:\Users\Gaser\Desktop\COPRRA\tests\Unit\COPRRA\CacheServiceTest.php" line="34" class="Tests\Unit\COPRRA\CacheServiceTest" classname="Tests.Unit.COPRRA.CacheServiceTest" assertions="1" time="0.060349"/>
        <testcase name="test_it_uses_remember_method_correctly" file="C:\Users\Gaser\Desktop\COPRRA\tests\Unit\COPRRA\CacheServiceTest.php" line="184" class="Tests\Unit\COPRRA\CacheServiceTest" classname="Tests.Unit.COPRRA.CacheServiceTest" assertions="2" time="0.116698"/>
        <testcase name="test_it_handles_search_with_different_filters" file="C:\Users\Gaser\Desktop\COPRRA\tests\Unit\COPRRA\CacheServiceTest.php" line="230" class="Tests\Unit\COPRRA\CacheServiceTest" classname="Tests.Unit.COPRRA.CacheServiceTest" assertions="3" time="0.061386"/>
        <testcase name="test_it_invalidates_product_cache" file="C:\Users\Gaser\Desktop\COPRRA\tests\Unit\COPRRA\CacheServiceTest.php" line="131" class="Tests\Unit\COPRRA\CacheServiceTest" classname="Tests.Unit.COPRRA.CacheServiceTest" assertions="2" time="0.060540"/>
        <testcase name="test_it_invalidates_category_cache" file="C:\Users\Gaser\Desktop\COPRRA\tests\Unit\COPRRA\CacheServiceTest.php" line="143" class="Tests\Unit\COPRRA\CacheServiceTest" classname="Tests.Unit.COPRRA.CacheServiceTest" assertions="2" time="0.071865"/>
        <testcase name="test_it_generates_correct_price_comparison_cache_key" file="C:\Users\Gaser\Desktop\COPRRA\tests\Unit\COPRRA\CacheServiceTest.php" line="55" class="Tests\Unit\COPRRA\CacheServiceTest" classname="Tests.Unit.COPRRA.CacheServiceTest" assertions="1" time="0.058983"/>
        <testcase name="test_it_caches_price_comparison_data" file="C:\Users\Gaser\Desktop\COPRRA\tests\Unit\COPRRA\CacheServiceTest.php" line="98" class="Tests\Unit\COPRRA\CacheServiceTest" classname="Tests.Unit.COPRRA.CacheServiceTest" assertions="2" time="0.057330"/>
        <testcase name="test_it_returns_cache_statistics" file="C:\Users\Gaser\Desktop\COPRRA\tests\Unit\COPRRA\CacheServiceTest.php" line="174" class="Tests\Unit\COPRRA\CacheServiceTest" classname="Tests.Unit.COPRRA.CacheServiceTest" assertions="4" time="0.055709"/>
        <testcase name="test_it_respects_custom_cache_duration" file="C:\Users\Gaser\Desktop\COPRRA\tests\Unit\COPRRA\CacheServiceTest.php" line="219" class="Tests\Unit\COPRRA\CacheServiceTest" classname="Tests.Unit.COPRRA.CacheServiceTest" assertions="1" time="0.061550"/>
        <testcase name="test_it_returns_null_for_non_existent_cache" file="C:\Users\Gaser\Desktop\COPRRA\tests\Unit\COPRRA\CacheServiceTest.php" line="167" class="Tests\Unit\COPRRA\CacheServiceTest" classname="Tests.Unit.COPRRA.CacheServiceTest" assertions="1" time="0.057665"/>
        <testcase name="test_it_generates_correct_category_cache_key" file="C:\Users\Gaser\Desktop\COPRRA\tests\Unit\COPRRA\CacheServiceTest.php" line="41" class="Tests\Unit\COPRRA\CacheServiceTest" classname="Tests.Unit.COPRRA.CacheServiceTest" assertions="1" time="0.058622"/>
        <testcase name="test_it_generates_correct_search_cache_key" file="C:\Users\Gaser\Desktop\COPRRA\tests\Unit\COPRRA\CacheServiceTest.php" line="69" class="Tests\Unit\COPRRA\CacheServiceTest" classname="Tests.Unit.COPRRA.CacheServiceTest" assertions="2" time="0.056214"/>
        <testcase name="test_it_caches_search_results" file="C:\Users\Gaser\Desktop\COPRRA\tests\Unit\COPRRA\CacheServiceTest.php" line="116" class="Tests\Unit\COPRRA\CacheServiceTest" classname="Tests.Unit.COPRRA.CacheServiceTest" assertions="2" time="0.058161"/>
        <testcase name="test_it_caches_product_data" file="C:\Users\Gaser\Desktop\COPRRA\tests\Unit\COPRRA\CacheServiceTest.php" line="86" class="Tests\Unit\COPRRA\CacheServiceTest" classname="Tests.Unit.COPRRA.CacheServiceTest" assertions="2" time="0.058707"/>
        <testcase name="test_it_generates_search_cache_key_with_filters" file="C:\Users\Gaser\Desktop\COPRRA\tests\Unit\COPRRA\CacheServiceTest.php" line="77" class="Tests\Unit\COPRRA\CacheServiceTest" classname="Tests.Unit.COPRRA.CacheServiceTest" assertions="2" time="0.126148"/>
        <testcase name="test_it_invalidates_store_cache" file="C:\Users\Gaser\Desktop\COPRRA\tests\Unit\COPRRA\CacheServiceTest.php" line="155" class="Tests\Unit\COPRRA\CacheServiceTest" classname="Tests.Unit.COPRRA.CacheServiceTest" assertions="2" time="0.058278"/>
      </testsuite>
      <testsuite name="Tests\Unit\Deployment\TestingDeploymentTest" file="C:\Users\Gaser\Desktop\COPRRA\tests\Unit\Deployment\TestingDeploymentTest.php" tests="3" assertions="3" errors="0" failures="0" skipped="0" time="1.415530">
        <testcase name="test_basic_functionality" file="C:\Users\Gaser\Desktop\COPRRA\tests\Unit\Deployment\TestingDeploymentTest.php" line="12" class="Tests\Unit\Deployment\TestingDeploymentTest" classname="Tests.Unit.Deployment.TestingDeploymentTest" assertions="1" time="0.477036"/>
        <testcase name="test_expected_behavior" file="C:\Users\Gaser\Desktop\COPRRA\tests\Unit\Deployment\TestingDeploymentTest.php" line="19" class="Tests\Unit\Deployment\TestingDeploymentTest" classname="Tests.Unit.Deployment.TestingDeploymentTest" assertions="1" time="0.468090"/>
        <testcase name="test_validation" file="C:\Users\Gaser\Desktop\COPRRA\tests\Unit\Deployment\TestingDeploymentTest.php" line="26" class="Tests\Unit\Deployment\TestingDeploymentTest" classname="Tests.Unit.Deployment.TestingDeploymentTest" assertions="1" time="0.470404"/>
      </testsuite>
      <testsuite name="Tests\Unit\IsolatedStrictTest" file="C:\Users\Gaser\Desktop\COPRRA\tests\Unit\IsolatedStrictTest.php" tests="3" assertions="3" errors="0" failures="0" skipped="0" time="1.420604">
        <testcase name="test_validation" file="C:\Users\Gaser\Desktop\COPRRA\tests\Unit\IsolatedStrictTest.php" line="26" class="Tests\Unit\IsolatedStrictTest" classname="Tests.Unit.IsolatedStrictTest" assertions="1" time="0.434783"/>
        <testcase name="test_basic_functionality" file="C:\Users\Gaser\Desktop\COPRRA\tests\Unit\IsolatedStrictTest.php" line="12" class="Tests\Unit\IsolatedStrictTest" classname="Tests.Unit.IsolatedStrictTest" assertions="1" time="0.482827"/>
        <testcase name="test_expected_behavior" file="C:\Users\Gaser\Desktop\COPRRA\tests\Unit\IsolatedStrictTest.php" line="19" class="Tests\Unit\IsolatedStrictTest" classname="Tests.Unit.IsolatedStrictTest" assertions="1" time="0.502995"/>
      </testsuite>
      <testsuite name="Tests\Unit\Deployment\StagingDeploymentTest" file="C:\Users\Gaser\Desktop\COPRRA\tests\Unit\Deployment\StagingDeploymentTest.php" tests="3" assertions="3" errors="0" failures="0" skipped="0" time="1.335639">
        <testcase name="test_basic_functionality" file="C:\Users\Gaser\Desktop\COPRRA\tests\Unit\Deployment\StagingDeploymentTest.php" line="12" class="Tests\Unit\Deployment\StagingDeploymentTest" classname="Tests.Unit.Deployment.StagingDeploymentTest" assertions="1" time="0.460889"/>
        <testcase name="test_validation" file="C:\Users\Gaser\Desktop\COPRRA\tests\Unit\Deployment\StagingDeploymentTest.php" line="26" class="Tests\Unit\Deployment\StagingDeploymentTest" classname="Tests.Unit.Deployment.StagingDeploymentTest" assertions="1" time="0.430351"/>
        <testcase name="test_expected_behavior" file="C:\Users\Gaser\Desktop\COPRRA\tests\Unit\Deployment\StagingDeploymentTest.php" line="19" class="Tests\Unit\Deployment\StagingDeploymentTest" classname="Tests.Unit.Deployment.StagingDeploymentTest" assertions="1" time="0.444398"/>
      </testsuite>
      <testsuite name="Tests\Unit\Integration\ThirdPartyAPIIntegrationTest" file="C:\Users\Gaser\Desktop\COPRRA\tests\Unit\Integration\ThirdPartyAPIIntegrationTest.php" tests="3" assertions="3" errors="0" failures="0" skipped="0" time="1.409935">
        <testcase name="test_basic_functionality" file="C:\Users\Gaser\Desktop\COPRRA\tests\Unit\Integration\ThirdPartyAPIIntegrationTest.php" line="12" class="Tests\Unit\Integration\ThirdPartyAPIIntegrationTest" classname="Tests.Unit.Integration.ThirdPartyAPIIntegrationTest" assertions="1" time="0.430191"/>
        <testcase name="test_validation" file="C:\Users\Gaser\Desktop\COPRRA\tests\Unit\Integration\ThirdPartyAPIIntegrationTest.php" line="26" class="Tests\Unit\Integration\ThirdPartyAPIIntegrationTest" classname="Tests.Unit.Integration.ThirdPartyAPIIntegrationTest" assertions="1" time="0.478929"/>
        <testcase name="test_expected_behavior" file="C:\Users\Gaser\Desktop\COPRRA\tests\Unit\Integration\ThirdPartyAPIIntegrationTest.php" line="19" class="Tests\Unit\Integration\ThirdPartyAPIIntegrationTest" classname="Tests.Unit.Integration.ThirdPartyAPIIntegrationTest" assertions="1" time="0.500815"/>
      </testsuite>
      <testsuite name="Tests\Unit\Controllers\OrderControllerTest" file="C:\Users\Gaser\Desktop\COPRRA\tests\Unit\Controllers\OrderControllerTest.php" tests="12" assertions="38" errors="0" failures="0" skipped="0" time="5.733376">
        <testcase name="test_index_returns_unauthorized_for_unauthenticated_user" file="C:\Users\Gaser\Desktop\COPRRA\tests\Unit\Controllers\OrderControllerTest.php" line="72" class="Tests\Unit\Controllers\OrderControllerTest" classname="Tests.Unit.Controllers.OrderControllerTest" assertions="3" time="0.487450"/>
        <testcase name="test_update_status_updates_status_and_sends_notification" file="C:\Users\Gaser\Desktop\COPRRA\tests\Unit\Controllers\OrderControllerTest.php" line="160" class="Tests\Unit\Controllers\OrderControllerTest" classname="Tests.Unit.Controllers.OrderControllerTest" assertions="4" time="0.445020"/>
        <testcase name="test_update_status_returns_error_when_update_fails" file="C:\Users\Gaser\Desktop\COPRRA\tests\Unit\Controllers\OrderControllerTest.php" line="189" class="Tests\Unit\Controllers\OrderControllerTest" classname="Tests.Unit.Controllers.OrderControllerTest" assertions="3" time="0.665810"/>
        <testcase name="test_cancel_cancels_order_successfully" file="C:\Users\Gaser\Desktop\COPRRA\tests\Unit\Controllers\OrderControllerTest.php" line="212" class="Tests\Unit\Controllers\OrderControllerTest" classname="Tests.Unit.Controllers.OrderControllerTest" assertions="3" time="0.435531"/>
        <testcase name="test_update_status_returns_error_for_invalid_transition" file="C:\Users\Gaser\Desktop\COPRRA\tests\Unit\Controllers\OrderControllerTest.php" line="274" class="Tests\Unit\Controllers\OrderControllerTest" classname="Tests.Unit.Controllers.OrderControllerTest" assertions="3" time="0.527446"/>
        <testcase name="test_index_returns_orders_for_authenticated_user" file="C:\Users\Gaser\Desktop\COPRRA\tests\Unit\Controllers\OrderControllerTest.php" line="51" class="Tests\Unit\Controllers\OrderControllerTest" classname="Tests.Unit.Controllers.OrderControllerTest" assertions="4" time="0.427248"/>
        <testcase name="test_create_returns_unauthorized_for_unauthenticated_user" file="C:\Users\Gaser\Desktop\COPRRA\tests\Unit\Controllers\OrderControllerTest.php" line="144" class="Tests\Unit\Controllers\OrderControllerTest" classname="Tests.Unit.Controllers.OrderControllerTest" assertions="3" time="0.447715"/>
        <testcase name="test_show_throws_authorization_exception_when_not_authorized" file="C:\Users\Gaser\Desktop\COPRRA\tests\Unit\Controllers\OrderControllerTest.php" line="258" class="Tests\Unit\Controllers\OrderControllerTest" classname="Tests.Unit.Controllers.OrderControllerTest" assertions="3" time="0.441187"/>
        <testcase name="test_cancel_returns_error_for_invalid_status" file="C:\Users\Gaser\Desktop\COPRRA\tests\Unit\Controllers\OrderControllerTest.php" line="299" class="Tests\Unit\Controllers\OrderControllerTest" classname="Tests.Unit.Controllers.OrderControllerTest" assertions="3" time="0.426932"/>
        <testcase name="test_show_returns_order_with_loaded_relationships" file="C:\Users\Gaser\Desktop\COPRRA\tests\Unit\Controllers\OrderControllerTest.php" line="86" class="Tests\Unit\Controllers\OrderControllerTest" classname="Tests.Unit.Controllers.OrderControllerTest" assertions="3" time="0.494829"/>
        <testcase name="test_create_creates_order_and_awards_points_for_valid_request" file="C:\Users\Gaser\Desktop\COPRRA\tests\Unit\Controllers\OrderControllerTest.php" line="107" class="Tests\Unit\Controllers\OrderControllerTest" classname="Tests.Unit.Controllers.OrderControllerTest" assertions="3" time="0.488042"/>
        <testcase name="test_cancel_returns_error_when_cancel_fails" file="C:\Users\Gaser\Desktop\COPRRA\tests\Unit\Controllers\OrderControllerTest.php" line="236" class="Tests\Unit\Controllers\OrderControllerTest" classname="Tests.Unit.Controllers.OrderControllerTest" assertions="3" time="0.446165"/>
      </testsuite>
      <testsuite name="Tests\Unit\DataQuality\DataValidityTest" file="C:\Users\Gaser\Desktop\COPRRA\tests\Unit\DataQuality\DataValidityTest.php" tests="3" assertions="6" errors="0" failures="0" skipped="0" time="0.191103">
        <testcase name="test_phone_number_format" file="C:\Users\Gaser\Desktop\COPRRA\tests\Unit\DataQuality\DataValidityTest.php" line="31" class="Tests\Unit\DataQuality\DataValidityTest" classname="Tests.Unit.DataQuality.DataValidityTest" assertions="2" time="0.058686"/>
        <testcase name="test_email_format_validity" file="C:\Users\Gaser\Desktop\COPRRA\tests\Unit\DataQuality\DataValidityTest.php" line="17" class="Tests\Unit\DataQuality\DataValidityTest" classname="Tests.Unit.DataQuality.DataValidityTest" assertions="2" time="0.064046"/>
        <testcase name="test_order_date_format" file="C:\Users\Gaser\Desktop\COPRRA\tests\Unit\DataQuality\DataValidityTest.php" line="45" class="Tests\Unit\DataQuality\DataValidityTest" classname="Tests.Unit.DataQuality.DataValidityTest" assertions="2" time="0.068371"/>
      </testsuite>
      <testsuite name="Tests\Unit\Deployment\CanaryDeploymentTest" file="C:\Users\Gaser\Desktop\COPRRA\tests\Unit\Deployment\CanaryDeploymentTest.php" tests="3" assertions="3" errors="0" failures="0" skipped="0" time="1.441107">
        <testcase name="test_expected_behavior" file="C:\Users\Gaser\Desktop\COPRRA\tests\Unit\Deployment\CanaryDeploymentTest.php" line="19" class="Tests\Unit\Deployment\CanaryDeploymentTest" classname="Tests.Unit.Deployment.CanaryDeploymentTest" assertions="1" time="0.433172"/>
        <testcase name="test_basic_functionality" file="C:\Users\Gaser\Desktop\COPRRA\tests\Unit\Deployment\CanaryDeploymentTest.php" line="12" class="Tests\Unit\Deployment\CanaryDeploymentTest" classname="Tests.Unit.Deployment.CanaryDeploymentTest" assertions="1" time="0.487316"/>
        <testcase name="test_validation" file="C:\Users\Gaser\Desktop\COPRRA\tests\Unit\Deployment\CanaryDeploymentTest.php" line="26" class="Tests\Unit\Deployment\CanaryDeploymentTest" classname="Tests.Unit.Deployment.CanaryDeploymentTest" assertions="1" time="0.520620"/>
      </testsuite>
      <testsuite name="Tests\Unit\Deployment\RollbackTest" file="C:\Users\Gaser\Desktop\COPRRA\tests\Unit\Deployment\RollbackTest.php" tests="3" assertions="3" errors="0" failures="0" skipped="0" time="1.321100">
        <testcase name="test_expected_behavior" file="C:\Users\Gaser\Desktop\COPRRA\tests\Unit\Deployment\RollbackTest.php" line="19" class="Tests\Unit\Deployment\RollbackTest" classname="Tests.Unit.Deployment.RollbackTest" assertions="1" time="0.425136"/>
        <testcase name="test_validation" file="C:\Users\Gaser\Desktop\COPRRA\tests\Unit\Deployment\RollbackTest.php" line="26" class="Tests\Unit\Deployment\RollbackTest" classname="Tests.Unit.Deployment.RollbackTest" assertions="1" time="0.433718"/>
        <testcase name="test_basic_functionality" file="C:\Users\Gaser\Desktop\COPRRA\tests\Unit\Deployment\RollbackTest.php" line="12" class="Tests\Unit\Deployment\RollbackTest" classname="Tests.Unit.Deployment.RollbackTest" assertions="1" time="0.462246"/>
      </testsuite>
      <testsuite name="Tests\Unit\Factories\FactoriesTest" file="C:\Users\Gaser\Desktop\COPRRA\tests\Unit\Factories\FactoriesTest.php" tests="3" assertions="3" errors="0" failures="0" skipped="0" time="1.478875">
        <testcase name="test_validation" file="C:\Users\Gaser\Desktop\COPRRA\tests\Unit\Factories\FactoriesTest.php" line="26" class="Tests\Unit\Factories\FactoriesTest" classname="Tests.Unit.Factories.FactoriesTest" assertions="1" time="0.495494"/>
        <testcase name="test_basic_functionality" file="C:\Users\Gaser\Desktop\COPRRA\tests\Unit\Factories\FactoriesTest.php" line="12" class="Tests\Unit\Factories\FactoriesTest" classname="Tests.Unit.Factories.FactoriesTest" assertions="1" time="0.488494"/>
        <testcase name="test_expected_behavior" file="C:\Users\Gaser\Desktop\COPRRA\tests\Unit\Factories\FactoriesTest.php" line="19" class="Tests\Unit\Factories\FactoriesTest" classname="Tests.Unit.Factories.FactoriesTest" assertions="1" time="0.494887"/>
      </testsuite>
      <testsuite name="Tests\Unit\Recommendations\SimilarProductTest" file="C:\Users\Gaser\Desktop\COPRRA\tests\Unit\Recommendations\SimilarProductTest.php" tests="11" assertions="29" errors="0" failures="0" skipped="0" time="0.031909">
        <testcase name="it_handles_case_insensitive_matching" file="C:\Users\Gaser\Desktop\COPRRA\tests\Unit\Recommendations\SimilarProductTest.php" line="225" class="Tests\Unit\Recommendations\SimilarProductTest" classname="Tests.Unit.Recommendations.SimilarProductTest" assertions="3" time="0.005074"/>
        <testcase name="it_handles_empty_product_list" file="C:\Users\Gaser\Desktop\COPRRA\tests\Unit\Recommendations\SimilarProductTest.php" line="155" class="Tests\Unit\Recommendations\SimilarProductTest" classname="Tests.Unit.Recommendations.SimilarProductTest" assertions="1" time="0.002115"/>
        <testcase name="it_finds_similar_products_by_category" file="C:\Users\Gaser\Desktop\COPRRA\tests\Unit\Recommendations\SimilarProductTest.php" line="13" class="Tests\Unit\Recommendations\SimilarProductTest" classname="Tests.Unit.Recommendations.SimilarProductTest" assertions="4" time="0.001827"/>
        <testcase name="it_limits_number_of_similar_products" file="C:\Users\Gaser\Desktop\COPRRA\tests\Unit\Recommendations\SimilarProductTest.php" line="250" class="Tests\Unit\Recommendations\SimilarProductTest" classname="Tests.Unit.Recommendations.SimilarProductTest" assertions="2" time="0.002501"/>
        <testcase name="it_finds_similar_products_by_brand" file="C:\Users\Gaser\Desktop\COPRRA\tests\Unit\Recommendations\SimilarProductTest.php" line="38" class="Tests\Unit\Recommendations\SimilarProductTest" classname="Tests.Unit.Recommendations.SimilarProductTest" assertions="4" time="0.002107"/>
        <testcase name="it_finds_similar_products_by_specifications" file="C:\Users\Gaser\Desktop\COPRRA\tests\Unit\Recommendations\SimilarProductTest.php" line="89" class="Tests\Unit\Recommendations\SimilarProductTest" classname="Tests.Unit.Recommendations.SimilarProductTest" assertions="2" time="0.001695"/>
        <testcase name="it_considers_user_preferences" file="C:\Users\Gaser\Desktop\COPRRA\tests\Unit\Recommendations\SimilarProductTest.php" line="195" class="Tests\Unit\Recommendations\SimilarProductTest" classname="Tests.Unit.Recommendations.SimilarProductTest" assertions="4" time="0.006661"/>
        <testcase name="it_calculates_similarity_score" file="C:\Users\Gaser\Desktop\COPRRA\tests\Unit\Recommendations\SimilarProductTest.php" line="133" class="Tests\Unit\Recommendations\SimilarProductTest" classname="Tests.Unit.Recommendations.SimilarProductTest" assertions="1" time="0.003655"/>
        <testcase name="it_handles_products_with_missing_attributes" file="C:\Users\Gaser\Desktop\COPRRA\tests\Unit\Recommendations\SimilarProductTest.php" line="269" class="Tests\Unit\Recommendations\SimilarProductTest" classname="Tests.Unit.Recommendations.SimilarProductTest" assertions="1" time="0.002637"/>
        <testcase name="it_finds_similar_products_by_price_range" file="C:\Users\Gaser\Desktop\COPRRA\tests\Unit\Recommendations\SimilarProductTest.php" line="63" class="Tests\Unit\Recommendations\SimilarProductTest" classname="Tests.Unit.Recommendations.SimilarProductTest" assertions="5" time="0.001882"/>
        <testcase name="it_ranks_similar_products_by_relevance" file="C:\Users\Gaser\Desktop\COPRRA\tests\Unit\Recommendations\SimilarProductTest.php" line="171" class="Tests\Unit\Recommendations\SimilarProductTest" classname="Tests.Unit.Recommendations.SimilarProductTest" assertions="2" time="0.001755"/>
      </testsuite>
    </testsuite>
  </testsuite>
</testsuites>
