<?xml version="1.0" encoding="UTF-8"?>
<testsuites>
  <testsuite name="C:\Users\Gaser\Desktop\COPRRA\phpunit.xml" tests="2044" assertions="5312" errors="0" failures="0" skipped="0" time="23.000000">
    <testsuite name="Feature" tests="1048" assertions="2748" errors="0" failures="0" skipped="0" time="23.000000">
      <testsuite name="Tests\Feature\Http\Controllers\ReviewControllerTest" file="C:\Users\Gaser\Desktop\COPRRA\tests\Feature\Http\Controllers\ReviewControllerTest.php" tests="4" assertions="4" errors="0" failures="0" skipped="0" time="0.000000">
        <testcase name="basic_functionality" file="C:\Users\Gaser\Desktop\COPRRA\tests\Feature\Http\Controllers\ReviewControllerTest.php" line="21" class="Tests\Feature\Http\Controllers\ReviewControllerTest" classname="Tests.Feature.Http.Controllers.ReviewControllerTest" assertions="1" time="0.890189"/>
        <testcase name="validation" file="C:\Users\Gaser\Desktop\COPRRA\tests\Feature\Http\Controllers\ReviewControllerTest.php" line="37" class="Tests\Feature\Http\Controllers\ReviewControllerTest" classname="Tests.Feature.Http.Controllers.ReviewControllerTest" assertions="1" time="0.801206"/>
        <testcase name="store_review_validation_success" file="C:\Users\Gaser\Desktop\COPRRA\tests\Feature\Http\Controllers\ReviewControllerTest.php" line="45" class="Tests\Feature\Http\Controllers\ReviewControllerTest" classname="Tests.Feature.Http.Controllers.ReviewControllerTest" assertions="1" time="0.813642"/>
        <testcase name="expected_behavior" file="C:\Users\Gaser\Desktop\COPRRA\tests\Feature\Http\Controllers\ReviewControllerTest.php" line="29" class="Tests\Feature\Http\Controllers\ReviewControllerTest" classname="Tests.Feature.Http.Controllers.ReviewControllerTest" assertions="1" time="0.807711"/>
      </testsuite>
      <testsuite name="Tests\Feature\Http\Controllers\Api\ProductControllerTest" file="C:\Users\Gaser\Desktop\COPRRA\tests\Feature\Http\Controllers\Api\ProductControllerTest.php" tests="9" assertions="79" errors="0" failures="0" skipped="0" time="0.000000">
        <testcase name="test_can_search_products" file="C:\Users\Gaser\Desktop\COPRRA\tests\Feature\Http\Controllers\Api\ProductControllerTest.php" line="100" class="Tests\Feature\Http\Controllers\Api\ProductControllerTest" classname="Tests.Feature.Http.Controllers.Api.ProductControllerTest" assertions="7" time="0.964208"/>
        <testcase name="test_can_paginate_products" file="C:\Users\Gaser\Desktop\COPRRA\tests\Feature\Http\Controllers\Api\ProductControllerTest.php" line="161" class="Tests\Feature\Http\Controllers\Api\ProductControllerTest" classname="Tests.Feature.Http.Controllers.Api.ProductControllerTest" assertions="4" time="0.118992"/>
        <testcase name="test_returns_404_for_nonexistent_product" file="C:\Users\Gaser\Desktop\COPRRA\tests\Feature\Http\Controllers\Api\ProductControllerTest.php" line="93" class="Tests\Feature\Http\Controllers\Api\ProductControllerTest" classname="Tests.Feature.Http.Controllers.Api.ProductControllerTest" assertions="1" time="0.078287"/>
        <testcase name="test_can_show_specific_product" file="C:\Users\Gaser\Desktop\COPRRA\tests\Feature\Http\Controllers\Api\ProductControllerTest.php" line="62" class="Tests\Feature\Http\Controllers\Api\ProductControllerTest" classname="Tests.Feature.Http.Controllers.Api.ProductControllerTest" assertions="13" time="0.070046"/>
        <testcase name="test_handles_invalid_sort_parameters" file="C:\Users\Gaser\Desktop\COPRRA\tests\Feature\Http\Controllers\Api\ProductControllerTest.php" line="185" class="Tests\Feature\Http\Controllers\Api\ProductControllerTest" classname="Tests.Feature.Http.Controllers.Api.ProductControllerTest" assertions="3" time="0.077640"/>
        <testcase name="test_can_list_products" file="C:\Users\Gaser\Desktop\COPRRA\tests\Feature\Http\Controllers\Api\ProductControllerTest.php" line="30" class="Tests\Feature\Http\Controllers\Api\ProductControllerTest" classname="Tests.Feature.Http.Controllers.Api.ProductControllerTest" assertions="38" time="0.080557"/>
        <testcase name="test_handles_invalid_pagination_parameters" file="C:\Users\Gaser\Desktop\COPRRA\tests\Feature\Http\Controllers\Api\ProductControllerTest.php" line="177" class="Tests\Feature\Http\Controllers\Api\ProductControllerTest" classname="Tests.Feature.Http.Controllers.Api.ProductControllerTest" assertions="3" time="0.057555"/>
        <testcase name="test_can_sort_products" file="C:\Users\Gaser\Desktop\COPRRA\tests\Feature\Http\Controllers\Api\ProductControllerTest.php" line="142" class="Tests\Feature\Http\Controllers\Api\ProductControllerTest" classname="Tests.Feature.Http.Controllers.Api.ProductControllerTest" assertions="3" time="0.055609"/>
        <testcase name="test_can_filter_products_by_category" file="C:\Users\Gaser\Desktop\COPRRA\tests\Feature\Http\Controllers\Api\ProductControllerTest.php" line="121" class="Tests\Feature\Http\Controllers\Api\ProductControllerTest" classname="Tests.Feature.Http.Controllers.Api.ProductControllerTest" assertions="7" time="0.060216"/>
      </testsuite>
      <testsuite name="Tests\Feature\Http\Controllers\ErrorControllerTest" file="C:\Users\Gaser\Desktop\COPRRA\tests\Feature\Http\Controllers\ErrorControllerTest.php" tests="15" assertions="15" errors="0" failures="0" skipped="0" time="0.000000">
        <testcase name="it_returns_404_for_nonexistent_error" file="C:\Users\Gaser\Desktop\COPRRA\tests\Feature\Http\Controllers\ErrorControllerTest.php" line="37" class="Tests\Feature\Http\Controllers\ErrorControllerTest" classname="Tests.Feature.Http.Controllers.ErrorControllerTest" assertions="1" time="0.051192"/>
        <testcase name="it_can_show_error_details" file="C:\Users\Gaser\Desktop\COPRRA\tests\Feature\Http\Controllers\ErrorControllerTest.php" line="31" class="Tests\Feature\Http\Controllers\ErrorControllerTest" classname="Tests.Feature.Http.Controllers.ErrorControllerTest" assertions="1" time="0.051394"/>
        <testcase name="it_can_display_error_dashboard" file="C:\Users\Gaser\Desktop\COPRRA\tests\Feature\Http\Controllers\ErrorControllerTest.php" line="19" class="Tests\Feature\Http\Controllers\ErrorControllerTest" classname="Tests.Feature.Http.Controllers.ErrorControllerTest" assertions="1" time="0.811315"/>
        <testcase name="it_checks_disk_space_health" file="C:\Users\Gaser\Desktop\COPRRA\tests\Feature\Http\Controllers\ErrorControllerTest.php" line="85" class="Tests\Feature\Http\Controllers\ErrorControllerTest" classname="Tests.Feature.Http.Controllers.ErrorControllerTest" assertions="1" time="0.059928"/>
        <testcase name="it_can_get_error_statistics" file="C:\Users\Gaser\Desktop\COPRRA\tests\Feature\Http\Controllers\ErrorControllerTest.php" line="49" class="Tests\Feature\Http\Controllers\ErrorControllerTest" classname="Tests.Feature.Http.Controllers.ErrorControllerTest" assertions="1" time="0.058298"/>
        <testcase name="it_checks_cache_health" file="C:\Users\Gaser\Desktop\COPRRA\tests\Feature\Http\Controllers\ErrorControllerTest.php" line="67" class="Tests\Feature\Http\Controllers\ErrorControllerTest" classname="Tests.Feature.Http.Controllers.ErrorControllerTest" assertions="1" time="0.049964"/>
        <testcase name="it_handles_storage_failure" file="C:\Users\Gaser\Desktop\COPRRA\tests\Feature\Http\Controllers\ErrorControllerTest.php" line="103" class="Tests\Feature\Http\Controllers\ErrorControllerTest" classname="Tests.Feature.Http.Controllers.ErrorControllerTest" assertions="1" time="0.055130"/>
        <testcase name="it_checks_memory_health" file="C:\Users\Gaser\Desktop\COPRRA\tests\Feature\Http\Controllers\ErrorControllerTest.php" line="79" class="Tests\Feature\Http\Controllers\ErrorControllerTest" classname="Tests.Feature.Http.Controllers.ErrorControllerTest" assertions="1" time="0.057946"/>
        <testcase name="it_handles_database_connection_failure" file="C:\Users\Gaser\Desktop\COPRRA\tests\Feature\Http\Controllers\ErrorControllerTest.php" line="91" class="Tests\Feature\Http\Controllers\ErrorControllerTest" classname="Tests.Feature.Http.Controllers.ErrorControllerTest" assertions="1" time="0.060674"/>
        <testcase name="it_can_get_system_health" file="C:\Users\Gaser\Desktop\COPRRA\tests\Feature\Http\Controllers\ErrorControllerTest.php" line="55" class="Tests\Feature\Http\Controllers\ErrorControllerTest" classname="Tests.Feature.Http.Controllers.ErrorControllerTest" assertions="1" time="0.052736"/>
        <testcase name="it_checks_storage_health" file="C:\Users\Gaser\Desktop\COPRRA\tests\Feature\Http\Controllers\ErrorControllerTest.php" line="73" class="Tests\Feature\Http\Controllers\ErrorControllerTest" classname="Tests.Feature.Http.Controllers.ErrorControllerTest" assertions="1" time="0.051932"/>
        <testcase name="it_can_get_recent_errors" file="C:\Users\Gaser\Desktop\COPRRA\tests\Feature\Http\Controllers\ErrorControllerTest.php" line="43" class="Tests\Feature\Http\Controllers\ErrorControllerTest" classname="Tests.Feature.Http.Controllers.ErrorControllerTest" assertions="1" time="0.059270"/>
        <testcase name="it_checks_database_health" file="C:\Users\Gaser\Desktop\COPRRA\tests\Feature\Http\Controllers\ErrorControllerTest.php" line="61" class="Tests\Feature\Http\Controllers\ErrorControllerTest" classname="Tests.Feature.Http.Controllers.ErrorControllerTest" assertions="1" time="0.052087"/>
        <testcase name="it_can_display_error_dashboard_as_json" file="C:\Users\Gaser\Desktop\COPRRA\tests\Feature\Http\Controllers\ErrorControllerTest.php" line="25" class="Tests\Feature\Http\Controllers\ErrorControllerTest" classname="Tests.Feature.Http.Controllers.ErrorControllerTest" assertions="1" time="0.072433"/>
        <testcase name="it_handles_cache_failure" file="C:\Users\Gaser\Desktop\COPRRA\tests\Feature\Http\Controllers\ErrorControllerTest.php" line="97" class="Tests\Feature\Http\Controllers\ErrorControllerTest" classname="Tests.Feature.Http.Controllers.ErrorControllerTest" assertions="1" time="0.057494"/>
      </testsuite>
      <testsuite name="Tests\Feature\Http\Controllers\Api\Admin\CategoryControllerTest" file="C:\Users\Gaser\Desktop\COPRRA\tests\Feature\Http\Controllers\Api\Admin\CategoryControllerTest.php" tests="14" assertions="42" errors="0" failures="0" skipped="0" time="0.000000">
        <testcase name="test_requires_admin_role_to_list_categories" file="C:\Users\Gaser\Desktop\COPRRA\tests\Feature\Http\Controllers\Api\Admin\CategoryControllerTest.php" line="62" class="Tests\Feature\Http\Controllers\Api\Admin\CategoryControllerTest" classname="Tests.Feature.Http.Controllers.Api.Admin.CategoryControllerTest" assertions="1" time="0.076051"/>
        <testcase name="test_can_delete_category" file="C:\Users\Gaser\Desktop\COPRRA\tests\Feature\Http\Controllers\Api\Admin\CategoryControllerTest.php" line="203" class="Tests\Feature\Http\Controllers\Api\Admin\CategoryControllerTest" classname="Tests.Feature.Http.Controllers.Api.Admin.CategoryControllerTest" assertions="1" time="0.058174"/>
        <testcase name="test_requires_admin_authentication_to_list_categories" file="C:\Users\Gaser\Desktop\COPRRA\tests\Feature\Http\Controllers\Api\Admin\CategoryControllerTest.php" line="55" class="Tests\Feature\Http\Controllers\Api\Admin\CategoryControllerTest" classname="Tests.Feature.Http.Controllers.Api.Admin.CategoryControllerTest" assertions="1" time="0.056479"/>
        <testcase name="test_validates_category_update_request" file="C:\Users\Gaser\Desktop\COPRRA\tests\Feature\Http\Controllers\Api\Admin\CategoryControllerTest.php" line="176" class="Tests\Feature\Http\Controllers\Api\Admin\CategoryControllerTest" classname="Tests.Feature.Http.Controllers.Api.Admin.CategoryControllerTest" assertions="3" time="0.071863"/>
        <testcase name="test_requires_admin_authentication_to_delete_category" file="C:\Users\Gaser\Desktop\COPRRA\tests\Feature\Http\Controllers\Api\Admin\CategoryControllerTest.php" line="225" class="Tests\Feature\Http\Controllers\Api\Admin\CategoryControllerTest" classname="Tests.Feature.Http.Controllers.Api.Admin.CategoryControllerTest" assertions="1" time="0.057658"/>
        <testcase name="test_can_update_category" file="C:\Users\Gaser\Desktop\COPRRA\tests\Feature\Http\Controllers\Api\Admin\CategoryControllerTest.php" line="152" class="Tests\Feature\Http\Controllers\Api\Admin\CategoryControllerTest" classname="Tests.Feature.Http.Controllers.Api.Admin.CategoryControllerTest" assertions="2" time="0.061377"/>
        <testcase name="test_returns_404_for_nonexistent_category" file="C:\Users\Gaser\Desktop\COPRRA\tests\Feature\Http\Controllers\Api\Admin\CategoryControllerTest.php" line="92" class="Tests\Feature\Http\Controllers\Api\Admin\CategoryControllerTest" classname="Tests.Feature.Http.Controllers.Api.Admin.CategoryControllerTest" assertions="1" time="0.071777"/>
        <testcase name="test_validates_category_creation_request" file="C:\Users\Gaser\Desktop\COPRRA\tests\Feature\Http\Controllers\Api\Admin\CategoryControllerTest.php" line="129" class="Tests\Feature\Http\Controllers\Api\Admin\CategoryControllerTest" classname="Tests.Feature.Http.Controllers.Api.Admin.CategoryControllerTest" assertions="3" time="0.065631"/>
        <testcase name="test_can_show_specific_category" file="C:\Users\Gaser\Desktop\COPRRA\tests\Feature\Http\Controllers\Api\Admin\CategoryControllerTest.php" line="72" class="Tests\Feature\Http\Controllers\Api\Admin\CategoryControllerTest" classname="Tests.Feature.Http.Controllers.Api.Admin.CategoryControllerTest" assertions="2" time="0.064647"/>
        <testcase name="test_returns_404_when_deleting_nonexistent_category" file="C:\Users\Gaser\Desktop\COPRRA\tests\Feature\Http\Controllers\Api\Admin\CategoryControllerTest.php" line="215" class="Tests\Feature\Http\Controllers\Api\Admin\CategoryControllerTest" classname="Tests.Feature.Http.Controllers.Api.Admin.CategoryControllerTest" assertions="1" time="0.068776"/>
        <testcase name="test_can_list_categories" file="C:\Users\Gaser\Desktop\COPRRA\tests\Feature\Http\Controllers\Api\Admin\CategoryControllerTest.php" line="31" class="Tests\Feature\Http\Controllers\Api\Admin\CategoryControllerTest" classname="Tests.Feature.Http.Controllers.Api.Admin.CategoryControllerTest" assertions="21" time="0.069061"/>
        <testcase name="test_requires_admin_authentication_to_create_category" file="C:\Users\Gaser\Desktop\COPRRA\tests\Feature\Http\Controllers\Api\Admin\CategoryControllerTest.php" line="140" class="Tests\Feature\Http\Controllers\Api\Admin\CategoryControllerTest" classname="Tests.Feature.Http.Controllers.Api.Admin.CategoryControllerTest" assertions="1" time="0.059596"/>
        <testcase name="test_can_create_category" file="C:\Users\Gaser\Desktop\COPRRA\tests\Feature\Http\Controllers\Api\Admin\CategoryControllerTest.php" line="102" class="Tests\Feature\Http\Controllers\Api\Admin\CategoryControllerTest" classname="Tests.Feature.Http.Controllers.Api.Admin.CategoryControllerTest" assertions="3" time="0.062782"/>
        <testcase name="test_requires_admin_authentication_to_update_category" file="C:\Users\Gaser\Desktop\COPRRA\tests\Feature\Http\Controllers\Api\Admin\CategoryControllerTest.php" line="189" class="Tests\Feature\Http\Controllers\Api\Admin\CategoryControllerTest" classname="Tests.Feature.Http.Controllers.Api.Admin.CategoryControllerTest" assertions="1" time="0.057181"/>
      </testsuite>
      <testsuite name="Tests\Feature\Http\Middleware\TrustHostsTest" file="C:\Users\Gaser\Desktop\COPRRA\tests\Feature\Http\Middleware\TrustHostsTest.php" tests="5" assertions="10" errors="0" failures="0" skipped="0" time="0.000000">
        <testcase name="test_trust_hosts_middleware_handles_different_hosts" file="C:\Users\Gaser\Desktop\COPRRA\tests\Feature\Http\Middleware\TrustHostsTest.php" line="31" class="Tests\Feature\Http\Middleware\TrustHostsTest" classname="Tests.Feature.Http.Middleware.TrustHostsTest" assertions="2" time="0.051377"/>
        <testcase name="test_trust_hosts_middleware_handles_api_requests" file="C:\Users\Gaser\Desktop\COPRRA\tests\Feature\Http\Middleware\TrustHostsTest.php" line="78" class="Tests\Feature\Http\Middleware\TrustHostsTest" classname="Tests.Feature.Http.Middleware.TrustHostsTest" assertions="2" time="0.050992"/>
        <testcase name="test_trust_hosts_middleware_handles_localhost" file="C:\Users\Gaser\Desktop\COPRRA\tests\Feature\Http\Middleware\TrustHostsTest.php" line="46" class="Tests\Feature\Http\Middleware\TrustHostsTest" classname="Tests.Feature.Http.Middleware.TrustHostsTest" assertions="2" time="0.064275"/>
        <testcase name="test_trust_hosts_middleware_trusts_valid_hosts" file="C:\Users\Gaser\Desktop\COPRRA\tests\Feature\Http\Middleware\TrustHostsTest.php" line="16" class="Tests\Feature\Http\Middleware\TrustHostsTest" classname="Tests.Feature.Http.Middleware.TrustHostsTest" assertions="2" time="0.051988"/>
        <testcase name="test_trust_hosts_middleware_handles_post_requests" file="C:\Users\Gaser\Desktop\COPRRA\tests\Feature\Http\Middleware\TrustHostsTest.php" line="61" class="Tests\Feature\Http\Middleware\TrustHostsTest" classname="Tests.Feature.Http.Middleware.TrustHostsTest" assertions="2" time="0.053057"/>
      </testsuite>
      <testsuite name="Tests\Feature\Integration\PriceSearchIntegrationTest" file="C:\Users\Gaser\Desktop\COPRRA\tests\Feature\Integration\PriceSearchIntegrationTest.php" tests="3" assertions="3" errors="0" failures="0" skipped="0" time="0.000000">
        <testcase name="test_expected_behavior" file="C:\Users\Gaser\Desktop\COPRRA\tests\Feature\Integration\PriceSearchIntegrationTest.php" line="23" class="Tests\Feature\Integration\PriceSearchIntegrationTest" classname="Tests.Feature.Integration.PriceSearchIntegrationTest" assertions="1" time="0.054373"/>
        <testcase name="test_basic_functionality" file="C:\Users\Gaser\Desktop\COPRRA\tests\Feature\Integration\PriceSearchIntegrationTest.php" line="16" class="Tests\Feature\Integration\PriceSearchIntegrationTest" classname="Tests.Feature.Integration.PriceSearchIntegrationTest" assertions="1" time="0.052124"/>
        <testcase name="test_validation" file="C:\Users\Gaser\Desktop\COPRRA\tests\Feature\Integration\PriceSearchIntegrationTest.php" line="30" class="Tests\Feature\Integration\PriceSearchIntegrationTest" classname="Tests.Feature.Integration.PriceSearchIntegrationTest" assertions="1" time="0.051017"/>
      </testsuite>
      <testsuite name="Tests\Feature\LinkCheckerTest" file="C:\Users\Gaser\Desktop\COPRRA\tests\Feature\LinkCheckerTest.php" tests="3" assertions="3" errors="0" failures="0" skipped="0" time="0.000000">
        <testcase name="test_expected_behavior" file="C:\Users\Gaser\Desktop\COPRRA\tests\Feature\LinkCheckerTest.php" line="23" class="Tests\Feature\LinkCheckerTest" classname="Tests.Feature.LinkCheckerTest" assertions="1" time="0.051477"/>
        <testcase name="test_basic_functionality" file="C:\Users\Gaser\Desktop\COPRRA\tests\Feature\LinkCheckerTest.php" line="16" class="Tests\Feature\LinkCheckerTest" classname="Tests.Feature.LinkCheckerTest" assertions="1" time="0.060519"/>
        <testcase name="test_validation" file="C:\Users\Gaser\Desktop\COPRRA\tests\Feature\LinkCheckerTest.php" line="30" class="Tests\Feature\LinkCheckerTest" classname="Tests.Feature.LinkCheckerTest" assertions="1" time="0.051596"/>
      </testsuite>
      <testsuite name="Tests\Feature\Http\Middleware\TrimStringsTest" file="C:\Users\Gaser\Desktop\COPRRA\tests\Feature\Http\Middleware\TrimStringsTest.php" tests="5" assertions="19" errors="0" failures="0" skipped="0" time="0.000000">
        <testcase name="test_trim_strings_middleware_handles_nested_arrays" file="C:\Users\Gaser\Desktop\COPRRA\tests\Feature\Http\Middleware\TrimStringsTest.php" line="54" class="Tests\Feature\Http\Middleware\TrimStringsTest" classname="Tests.Feature.Http.Middleware.TrimStringsTest" assertions="5" time="0.054063"/>
        <testcase name="test_trim_strings_middleware_passes_request_to_next_middleware" file="C:\Users\Gaser\Desktop\COPRRA\tests\Feature\Http\Middleware\TrimStringsTest.php" line="98" class="Tests\Feature\Http\Middleware\TrimStringsTest" classname="Tests.Feature.Http.Middleware.TrimStringsTest" assertions="2" time="0.052816"/>
        <testcase name="test_trim_strings_middleware_does_not_trim_non_string_input" file="C:\Users\Gaser\Desktop\COPRRA\tests\Feature\Http\Middleware\TrimStringsTest.php" line="35" class="Tests\Feature\Http\Middleware\TrimStringsTest" classname="Tests.Feature.Http.Middleware.TrimStringsTest" assertions="4" time="0.051421"/>
        <testcase name="test_trim_strings_middleware_trims_string_input" file="C:\Users\Gaser\Desktop\COPRRA\tests\Feature\Http\Middleware\TrimStringsTest.php" line="16" class="Tests\Feature\Http\Middleware\TrimStringsTest" classname="Tests.Feature.Http.Middleware.TrimStringsTest" assertions="4" time="0.056838"/>
        <testcase name="test_trim_strings_middleware_handles_empty_strings" file="C:\Users\Gaser\Desktop\COPRRA\tests\Feature\Http\Middleware\TrimStringsTest.php" line="79" class="Tests\Feature\Http\Middleware\TrimStringsTest" classname="Tests.Feature.Http.Middleware.TrimStringsTest" assertions="4" time="0.053423"/>
      </testsuite>
      <testsuite name="Tests\Feature\Models\RewardTest" file="C:\Users\Gaser\Desktop\COPRRA\tests\Feature\Models\RewardTest.php" tests="5" assertions="22" errors="0" failures="0" skipped="0" time="0.000000">
        <testcase name="it_has_active_scope" file="C:\Users\Gaser\Desktop\COPRRA\tests\Feature\Models\RewardTest.php" line="67" class="Tests\Feature\Models\RewardTest" classname="Tests.Feature.Models.RewardTest" assertions="2" time="0.079264"/>
        <testcase name="it_has_available_for_points_scope" file="C:\Users\Gaser\Desktop\COPRRA\tests\Feature\Models\RewardTest.php" line="98" class="Tests\Feature\Models\RewardTest" classname="Tests.Feature.Models.RewardTest" assertions="2" time="0.054858"/>
        <testcase name="it_can_create_a_reward" file="C:\Users\Gaser\Desktop\COPRRA\tests\Feature\Models\RewardTest.php" line="15" class="Tests\Feature\Models\RewardTest" classname="Tests.Feature.Models.RewardTest" assertions="11" time="0.053610"/>
        <testcase name="it_has_fillable_attributes" file="C:\Users\Gaser\Desktop\COPRRA\tests\Feature\Models\RewardTest.php" line="121" class="Tests\Feature\Models\RewardTest" classname="Tests.Feature.Models.RewardTest" assertions="1" time="0.050781"/>
        <testcase name="it_casts_attributes_correctly" file="C:\Users\Gaser\Desktop\COPRRA\tests\Feature\Models\RewardTest.php" line="49" class="Tests\Feature\Models\RewardTest" classname="Tests.Feature.Models.RewardTest" assertions="6" time="0.051513"/>
      </testsuite>
      <testsuite name="Tests\Feature\SessionManagementTest" file="C:\Users\Gaser\Desktop\COPRRA\tests\Feature\SessionManagementTest.php" tests="3" assertions="3" errors="0" failures="0" skipped="0" time="0.000000">
        <testcase name="test_expected_behavior" file="C:\Users\Gaser\Desktop\COPRRA\tests\Feature\SessionManagementTest.php" line="23" class="Tests\Feature\SessionManagementTest" classname="Tests.Feature.SessionManagementTest" assertions="1" time="0.068921"/>
        <testcase name="test_basic_functionality" file="C:\Users\Gaser\Desktop\COPRRA\tests\Feature\SessionManagementTest.php" line="16" class="Tests\Feature\SessionManagementTest" classname="Tests.Feature.SessionManagementTest" assertions="1" time="0.064750"/>
        <testcase name="test_validation" file="C:\Users\Gaser\Desktop\COPRRA\tests\Feature\SessionManagementTest.php" line="30" class="Tests\Feature\SessionManagementTest" classname="Tests.Feature.SessionManagementTest" assertions="1" time="0.060073"/>
      </testsuite>
      <testsuite name="Tests\Feature\PermissionControlTest" file="C:\Users\Gaser\Desktop\COPRRA\tests\Feature\PermissionControlTest.php" tests="3" assertions="3" errors="0" failures="0" skipped="0" time="0.000000">
        <testcase name="test_expected_behavior" file="C:\Users\Gaser\Desktop\COPRRA\tests\Feature\PermissionControlTest.php" line="23" class="Tests\Feature\PermissionControlTest" classname="Tests.Feature.PermissionControlTest" assertions="1" time="0.052485"/>
        <testcase name="test_basic_functionality" file="C:\Users\Gaser\Desktop\COPRRA\tests\Feature\PermissionControlTest.php" line="16" class="Tests\Feature\PermissionControlTest" classname="Tests.Feature.PermissionControlTest" assertions="1" time="0.051471"/>
        <testcase name="test_validation" file="C:\Users\Gaser\Desktop\COPRRA\tests\Feature\PermissionControlTest.php" line="30" class="Tests\Feature\PermissionControlTest" classname="Tests.Feature.PermissionControlTest" assertions="1" time="0.052221"/>
      </testsuite>
      <testsuite name="Tests\Feature\CacheFunctionalityTest" file="C:\Users\Gaser\Desktop\COPRRA\tests\Feature\CacheFunctionalityTest.php" tests="3" assertions="3" errors="0" failures="0" skipped="0" time="0.000000">
        <testcase name="test_expected_behavior" file="C:\Users\Gaser\Desktop\COPRRA\tests\Feature\CacheFunctionalityTest.php" line="23" class="Tests\Feature\CacheFunctionalityTest" classname="Tests.Feature.CacheFunctionalityTest" assertions="1" time="0.051549"/>
        <testcase name="test_validation" file="C:\Users\Gaser\Desktop\COPRRA\tests\Feature\CacheFunctionalityTest.php" line="30" class="Tests\Feature\CacheFunctionalityTest" classname="Tests.Feature.CacheFunctionalityTest" assertions="1" time="0.054938"/>
        <testcase name="test_basic_functionality" file="C:\Users\Gaser\Desktop\COPRRA\tests\Feature\CacheFunctionalityTest.php" line="16" class="Tests\Feature\CacheFunctionalityTest" classname="Tests.Feature.CacheFunctionalityTest" assertions="1" time="0.049938"/>
      </testsuite>
      <testsuite name="Tests\Feature\Console\Commands\AgentProposeFixCommandTest" file="C:\Users\Gaser\Desktop\COPRRA\tests\Feature\Console\Commands\AgentProposeFixCommandTest.php" tests="3" assertions="3" errors="0" failures="0" skipped="0" time="0.000000">
        <testcase name="agent_propose_fix_command_runs_successfully_with_analysis_option" file="C:\Users\Gaser\Desktop\COPRRA\tests\Feature\Console\Commands\AgentProposeFixCommandTest.php" line="22" class="Tests\Feature\Console\Commands\AgentProposeFixCommandTest" classname="Tests.Feature.Console.Commands.AgentProposeFixCommandTest" assertions="1" time="0.088645"/>
        <testcase name="agent_propose_fix_command_runs_successfully_with_style_option" file="C:\Users\Gaser\Desktop\COPRRA\tests\Feature\Console\Commands\AgentProposeFixCommandTest.php" line="15" class="Tests\Feature\Console\Commands\AgentProposeFixCommandTest" classname="Tests.Feature.Console.Commands.AgentProposeFixCommandTest" assertions="1" time="0.057018"/>
        <testcase name="agent_propose_fix_command_handles_unsupported_type" file="C:\Users\Gaser\Desktop\COPRRA\tests\Feature\Console\Commands\AgentProposeFixCommandTest.php" line="29" class="Tests\Feature\Console\Commands\AgentProposeFixCommandTest" classname="Tests.Feature.Console.Commands.AgentProposeFixCommandTest" assertions="1" time="0.495339"/>
      </testsuite>
      <testsuite name="Tests\Feature\Models\ProductTest" file="C:\Users\Gaser\Desktop\COPRRA\tests\Feature\Models\ProductTest.php" tests="27" assertions="74" errors="0" failures="0" skipped="0" time="0.000000">
        <testcase name="test_get_total_reviews" file="C:\Users\Gaser\Desktop\COPRRA\tests\Feature\Models\ProductTest.php" line="234" class="Tests\Feature\Models\ProductTest" classname="Tests.Feature.Models.ProductTest" assertions="1" time="0.068991"/>
        <testcase name="test_it_casts_attributes_correctly" file="C:\Users\Gaser\Desktop\COPRRA\tests\Feature\Models\ProductTest.php" line="60" class="Tests\Feature\Models\ProductTest" classname="Tests.Feature.Models.ProductTest" assertions="6" time="0.055329"/>
        <testcase name="test_it_has_many_wishlists" file="C:\Users\Gaser\Desktop\COPRRA\tests\Feature\Models\ProductTest.php" line="135" class="Tests\Feature\Models\ProductTest" classname="Tests.Feature.Models.ProductTest" assertions="3" time="0.060833"/>
        <testcase name="test_it_belongs_to_category" file="C:\Users\Gaser\Desktop\COPRRA\tests\Feature\Models\ProductTest.php" line="87" class="Tests\Feature\Models\ProductTest" classname="Tests.Feature.Models.ProductTest" assertions="2" time="0.067009"/>
        <testcase name="test_validation_passes_with_valid_data" file="C:\Users\Gaser\Desktop\COPRRA\tests\Feature\Models\ProductTest.php" line="313" class="Tests\Feature\Models\ProductTest" classname="Tests.Feature.Models.ProductTest" assertions="2" time="0.054323"/>
        <testcase name="test_get_current_price_without_active_offer" file="C:\Users\Gaser\Desktop\COPRRA\tests\Feature\Models\ProductTest.php" line="281" class="Tests\Feature\Models\ProductTest" classname="Tests.Feature.Models.ProductTest" assertions="1" time="0.056868"/>
        <testcase name="test_scope_with_reviews_count_adds_reviews_count" file="C:\Users\Gaser\Desktop\COPRRA\tests\Feature\Models\ProductTest.php" line="192" class="Tests\Feature\Models\ProductTest" classname="Tests.Feature.Models.ProductTest" assertions="1" time="0.074186"/>
        <testcase name="test_validation_passes_with_string_price" file="C:\Users\Gaser\Desktop\COPRRA\tests\Feature\Models\ProductTest.php" line="343" class="Tests\Feature\Models\ProductTest" classname="Tests.Feature.Models.ProductTest" assertions="2" time="0.054212"/>
        <testcase name="test_scope_search_filters_by_name" file="C:\Users\Gaser\Desktop\COPRRA\tests\Feature\Models\ProductTest.php" line="176" class="Tests\Feature\Models\ProductTest" classname="Tests.Feature.Models.ProductTest" assertions="4" time="0.059731"/>
        <testcase name="test_it_belongs_to_brand" file="C:\Users\Gaser\Desktop\COPRRA\tests\Feature\Models\ProductTest.php" line="77" class="Tests\Feature\Models\ProductTest" classname="Tests.Feature.Models.ProductTest" assertions="2" time="0.058070"/>
        <testcase name="test_validation_fails_with_negative_price" file="C:\Users\Gaser\Desktop\COPRRA\tests\Feature\Models\ProductTest.php" line="361" class="Tests\Feature\Models\ProductTest" classname="Tests.Feature.Models.ProductTest" assertions="2" time="0.068250"/>
        <testcase name="test_get_average_rating_returns_zero_when_no_reviews" file="C:\Users\Gaser\Desktop\COPRRA\tests\Feature\Models\ProductTest.php" line="224" class="Tests\Feature\Models\ProductTest" classname="Tests.Feature.Models.ProductTest" assertions="1" time="0.072662"/>
        <testcase name="test_it_can_create_a_product" file="C:\Users\Gaser\Desktop\COPRRA\tests\Feature\Models\ProductTest.php" line="26" class="Tests\Feature\Models\ProductTest" classname="Tests.Feature.Models.ProductTest" assertions="9" time="0.087675"/>
        <testcase name="test_it_has_many_price_offers" file="C:\Users\Gaser\Desktop\COPRRA\tests\Feature\Models\ProductTest.php" line="149" class="Tests\Feature\Models\ProductTest" classname="Tests.Feature.Models.ProductTest" assertions="3" time="0.087287"/>
        <testcase name="test_get_current_price_with_active_offer" file="C:\Users\Gaser\Desktop\COPRRA\tests\Feature\Models\ProductTest.php" line="265" class="Tests\Feature\Models\ProductTest" classname="Tests.Feature.Models.ProductTest" assertions="1" time="0.064758"/>
        <testcase name="test_scope_active_filters_active_products" file="C:\Users\Gaser\Desktop\COPRRA\tests\Feature\Models\ProductTest.php" line="163" class="Tests\Feature\Models\ProductTest" classname="Tests.Feature.Models.ProductTest" assertions="2" time="0.058345"/>
        <testcase name="test_get_price_history" file="C:\Users\Gaser\Desktop\COPRRA\tests\Feature\Models\ProductTest.php" line="291" class="Tests\Feature\Models\ProductTest" classname="Tests.Feature.Models.ProductTest" assertions="3" time="0.059405"/>
        <testcase name="test_it_has_many_price_alerts" file="C:\Users\Gaser\Desktop\COPRRA\tests\Feature\Models\ProductTest.php" line="107" class="Tests\Feature\Models\ProductTest" classname="Tests.Feature.Models.ProductTest" assertions="3" time="0.069663"/>
        <testcase name="test_soft_deletes" file="C:\Users\Gaser\Desktop\COPRRA\tests\Feature\Models\ProductTest.php" line="379" class="Tests\Feature\Models\ProductTest" classname="Tests.Feature.Models.ProductTest" assertions="1" time="0.073540"/>
        <testcase name="test_is_in_wishlist" file="C:\Users\Gaser\Desktop\COPRRA\tests\Feature\Models\ProductTest.php" line="254" class="Tests\Feature\Models\ProductTest" classname="Tests.Feature.Models.ProductTest" assertions="2" time="0.063334"/>
        <testcase name="test_it_has_many_reviews" file="C:\Users\Gaser\Desktop\COPRRA\tests\Feature\Models\ProductTest.php" line="121" class="Tests\Feature\Models\ProductTest" classname="Tests.Feature.Models.ProductTest" assertions="3" time="0.070379"/>
        <testcase name="test_factory_creates_valid_product" file="C:\Users\Gaser\Desktop\COPRRA\tests\Feature\Models\ProductTest.php" line="410" class="Tests\Feature\Models\ProductTest" classname="Tests.Feature.Models.ProductTest" assertions="7" time="0.059867"/>
        <testcase name="test_fillable_attributes" file="C:\Users\Gaser\Desktop\COPRRA\tests\Feature\Models\ProductTest.php" line="424" class="Tests\Feature\Models\ProductTest" classname="Tests.Feature.Models.ProductTest" assertions="1" time="0.056540"/>
        <testcase name="test_booted_deletes_related_records" file="C:\Users\Gaser\Desktop\COPRRA\tests\Feature\Models\ProductTest.php" line="389" class="Tests\Feature\Models\ProductTest" classname="Tests.Feature.Models.ProductTest" assertions="4" time="0.079753"/>
        <testcase name="test_validation_fails_with_missing_required_fields" file="C:\Users\Gaser\Desktop\COPRRA\tests\Feature\Models\ProductTest.php" line="330" class="Tests\Feature\Models\ProductTest" classname="Tests.Feature.Models.ProductTest" assertions="5" time="0.054352"/>
        <testcase name="test_it_belongs_to_store" file="C:\Users\Gaser\Desktop\COPRRA\tests\Feature\Models\ProductTest.php" line="97" class="Tests\Feature\Models\ProductTest" classname="Tests.Feature.Models.ProductTest" assertions="2" time="0.068727"/>
        <testcase name="test_get_average_rating" file="C:\Users\Gaser\Desktop\COPRRA\tests\Feature\Models\ProductTest.php" line="208" class="Tests\Feature\Models\ProductTest" classname="Tests.Feature.Models.ProductTest" assertions="1" time="0.062396"/>
      </testsuite>
      <testsuite name="Tests\Feature\Http\Controllers\PriceAlertControllerTest" file="C:\Users\Gaser\Desktop\COPRRA\tests\Feature\Http\Controllers\PriceAlertControllerTest.php" tests="3" assertions="3" errors="0" failures="0" skipped="0" time="0.000000">
        <testcase name="test_basic_functionality" file="C:\Users\Gaser\Desktop\COPRRA\tests\Feature\Http\Controllers\PriceAlertControllerTest.php" line="16" class="Tests\Feature\Http\Controllers\PriceAlertControllerTest" classname="Tests.Feature.Http.Controllers.PriceAlertControllerTest" assertions="1" time="0.058287"/>
        <testcase name="test_expected_behavior" file="C:\Users\Gaser\Desktop\COPRRA\tests\Feature\Http\Controllers\PriceAlertControllerTest.php" line="23" class="Tests\Feature\Http\Controllers\PriceAlertControllerTest" classname="Tests.Feature.Http.Controllers.PriceAlertControllerTest" assertions="1" time="0.055245"/>
        <testcase name="test_validation" file="C:\Users\Gaser\Desktop\COPRRA\tests\Feature\Http\Controllers\PriceAlertControllerTest.php" line="30" class="Tests\Feature\Http\Controllers\PriceAlertControllerTest" classname="Tests.Feature.Http.Controllers.PriceAlertControllerTest" assertions="1" time="0.063608"/>
      </testsuite>
      <testsuite name="Tests\Feature\Http\Middleware\ApiErrorHandlerTest" file="C:\Users\Gaser\Desktop\COPRRA\tests\Feature\Http\Middleware\ApiErrorHandlerTest.php" tests="11" assertions="63" errors="0" failures="0" skipped="0" time="0.000000">
        <testcase name="test_api_error_handler_handles_too_many_requests_exception" file="C:\Users\Gaser\Desktop\COPRRA\tests\Feature\Http\Middleware\ApiErrorHandlerTest.php" line="175" class="Tests\Feature\Http\Middleware\ApiErrorHandlerTest" classname="Tests.Feature.Http.Middleware.ApiErrorHandlerTest" assertions="6" time="0.054474"/>
        <testcase name="test_api_error_handler_passes_request_successfully" file="C:\Users\Gaser\Desktop\COPRRA\tests\Feature\Http\Middleware\ApiErrorHandlerTest.php" line="26" class="Tests\Feature\Http\Middleware\ApiErrorHandlerTest" classname="Tests.Feature.Http.Middleware.ApiErrorHandlerTest" assertions="2" time="0.053216"/>
        <testcase name="test_api_error_handler_handles_authentication_exception" file="C:\Users\Gaser\Desktop\COPRRA\tests\Feature\Http\Middleware\ApiErrorHandlerTest.php" line="65" class="Tests\Feature\Http\Middleware\ApiErrorHandlerTest" classname="Tests.Feature.Http.Middleware.ApiErrorHandlerTest" assertions="6" time="0.060979"/>
        <testcase name="test_api_error_handler_handles_method_not_allowed_exception" file="C:\Users\Gaser\Desktop\COPRRA\tests\Feature\Http\Middleware\ApiErrorHandlerTest.php" line="153" class="Tests\Feature\Http\Middleware\ApiErrorHandlerTest" classname="Tests.Feature.Http.Middleware.ApiErrorHandlerTest" assertions="6" time="0.051360"/>
        <testcase name="test_api_error_handler_handles_authorization_exception" file="C:\Users\Gaser\Desktop\COPRRA\tests\Feature\Http\Middleware\ApiErrorHandlerTest.php" line="87" class="Tests\Feature\Http\Middleware\ApiErrorHandlerTest" classname="Tests.Feature.Http.Middleware.ApiErrorHandlerTest" assertions="6" time="0.052521"/>
        <testcase name="test_api_error_handler_handles_model_not_found_exception" file="C:\Users\Gaser\Desktop\COPRRA\tests\Feature\Http\Middleware\ApiErrorHandlerTest.php" line="109" class="Tests\Feature\Http\Middleware\ApiErrorHandlerTest" classname="Tests.Feature.Http.Middleware.ApiErrorHandlerTest" assertions="6" time="0.054867"/>
        <testcase name="test_api_error_handler_handles_general_exception_in_development" file="C:\Users\Gaser\Desktop\COPRRA\tests\Feature\Http\Middleware\ApiErrorHandlerTest.php" line="243" class="Tests\Feature\Http\Middleware\ApiErrorHandlerTest" classname="Tests.Feature.Http.Middleware.ApiErrorHandlerTest" assertions="6" time="0.053176"/>
        <testcase name="test_api_error_handler_handles_not_found_http_exception" file="C:\Users\Gaser\Desktop\COPRRA\tests\Feature\Http\Middleware\ApiErrorHandlerTest.php" line="131" class="Tests\Feature\Http\Middleware\ApiErrorHandlerTest" classname="Tests.Feature.Http.Middleware.ApiErrorHandlerTest" assertions="6" time="0.052127"/>
        <testcase name="test_api_error_handler_handles_validation_exception" file="C:\Users\Gaser\Desktop\COPRRA\tests\Feature\Http\Middleware\ApiErrorHandlerTest.php" line="42" class="Tests\Feature\Http\Middleware\ApiErrorHandlerTest" classname="Tests.Feature.Http.Middleware.ApiErrorHandlerTest" assertions="7" time="0.052011"/>
        <testcase name="test_api_error_handler_handles_general_exception_in_production" file="C:\Users\Gaser\Desktop\COPRRA\tests\Feature\Http\Middleware\ApiErrorHandlerTest.php" line="219" class="Tests\Feature\Http\Middleware\ApiErrorHandlerTest" classname="Tests.Feature.Http.Middleware.ApiErrorHandlerTest" assertions="6" time="0.060984"/>
        <testcase name="test_api_error_handler_handles_pdo_exception" file="C:\Users\Gaser\Desktop\COPRRA\tests\Feature\Http\Middleware\ApiErrorHandlerTest.php" line="197" class="Tests\Feature\Http\Middleware\ApiErrorHandlerTest" classname="Tests.Feature.Http.Middleware.ApiErrorHandlerTest" assertions="6" time="0.053197"/>
      </testsuite>
      <testsuite name="Tests\Feature\Http\Middleware\ValidatePostSizeTest" file="C:\Users\Gaser\Desktop\COPRRA\tests\Feature\Http\Middleware\ValidatePostSizeTest.php" tests="5" assertions="10" errors="0" failures="0" skipped="0" time="0.000000">
        <testcase name="test_validate_post_size_middleware_handles_put_requests" file="C:\Users\Gaser\Desktop\COPRRA\tests\Feature\Http\Middleware\ValidatePostSizeTest.php" line="45" class="Tests\Feature\Http\Middleware\ValidatePostSizeTest" classname="Tests.Feature.Http.Middleware.ValidatePostSizeTest" assertions="2" time="0.053609"/>
        <testcase name="test_validate_post_size_middleware_allows_valid_post_size" file="C:\Users\Gaser\Desktop\COPRRA\tests\Feature\Http\Middleware\ValidatePostSizeTest.php" line="16" class="Tests\Feature\Http\Middleware\ValidatePostSizeTest" classname="Tests.Feature.Http.Middleware.ValidatePostSizeTest" assertions="2" time="0.052719"/>
        <testcase name="test_validate_post_size_middleware_handles_delete_requests" file="C:\Users\Gaser\Desktop\COPRRA\tests\Feature\Http\Middleware\ValidatePostSizeTest.php" line="75" class="Tests\Feature\Http\Middleware\ValidatePostSizeTest" classname="Tests.Feature.Http.Middleware.ValidatePostSizeTest" assertions="2" time="0.052548"/>
        <testcase name="test_validate_post_size_middleware_handles_get_requests" file="C:\Users\Gaser\Desktop\COPRRA\tests\Feature\Http\Middleware\ValidatePostSizeTest.php" line="32" class="Tests\Feature\Http\Middleware\ValidatePostSizeTest" classname="Tests.Feature.Http.Middleware.ValidatePostSizeTest" assertions="2" time="0.054483"/>
        <testcase name="test_validate_post_size_middleware_handles_patch_requests" file="C:\Users\Gaser\Desktop\COPRRA\tests\Feature\Http\Middleware\ValidatePostSizeTest.php" line="60" class="Tests\Feature\Http\Middleware\ValidatePostSizeTest" classname="Tests.Feature.Http.Middleware.ValidatePostSizeTest" assertions="2" time="0.054932"/>
      </testsuite>
      <testsuite name="Tests\Feature\Http\Controllers\UserControllerTest" file="C:\Users\Gaser\Desktop\COPRRA\tests\Feature\Http\Controllers\UserControllerTest.php" tests="8" assertions="24" errors="0" failures="0" skipped="0" time="0.000000">
        <testcase name="test_can_display_user_profile" file="C:\Users\Gaser\Desktop\COPRRA\tests\Feature\Http\Controllers\UserControllerTest.php" line="30" class="Tests\Feature\Http\Controllers\UserControllerTest" classname="Tests.Feature.Http.Controllers.UserControllerTest" assertions="3" time="0.091471"/>
        <testcase name="test_requires_authentication_to_view_profile" file="C:\Users\Gaser\Desktop\COPRRA\tests\Feature\Http\Controllers\UserControllerTest.php" line="42" class="Tests\Feature\Http\Controllers\UserControllerTest" classname="Tests.Feature.Http.Controllers.UserControllerTest" assertions="3" time="0.059824"/>
        <testcase name="test_requires_authentication_to_change_password" file="C:\Users\Gaser\Desktop\COPRRA\tests\Feature\Http\Controllers\UserControllerTest.php" line="118" class="Tests\Feature\Http\Controllers\UserControllerTest" classname="Tests.Feature.Http.Controllers.UserControllerTest" assertions="3" time="0.069052"/>
        <testcase name="test_validates_profile_update_request" file="C:\Users\Gaser\Desktop\COPRRA\tests\Feature\Http\Controllers\UserControllerTest.php" line="67" class="Tests\Feature\Http\Controllers\UserControllerTest" classname="Tests.Feature.Http.Controllers.UserControllerTest" assertions="4" time="0.083600"/>
        <testcase name="test_can_update_user_profile" file="C:\Users\Gaser\Desktop\COPRRA\tests\Feature\Http\Controllers\UserControllerTest.php" line="50" class="Tests\Feature\Http\Controllers\UserControllerTest" classname="Tests.Feature.Http.Controllers.UserControllerTest" assertions="2" time="0.075234"/>
        <testcase name="test_validates_password_change_request" file="C:\Users\Gaser\Desktop\COPRRA\tests\Feature\Http\Controllers\UserControllerTest.php" line="107" class="Tests\Feature\Http\Controllers\UserControllerTest" classname="Tests.Feature.Http.Controllers.UserControllerTest" assertions="4" time="0.060277"/>
        <testcase name="test_can_change_user_password" file="C:\Users\Gaser\Desktop\COPRRA\tests\Feature\Http\Controllers\UserControllerTest.php" line="89" class="Tests\Feature\Http\Controllers\UserControllerTest" classname="Tests.Feature.Http.Controllers.UserControllerTest" assertions="2" time="0.072800"/>
        <testcase name="test_requires_authentication_to_update_profile" file="C:\Users\Gaser\Desktop\COPRRA\tests\Feature\Http\Controllers\UserControllerTest.php" line="78" class="Tests\Feature\Http\Controllers\UserControllerTest" classname="Tests.Feature.Http.Controllers.UserControllerTest" assertions="3" time="0.056929"/>
      </testsuite>
      <testsuite name="Tests\Feature\Http\Middleware\RequirePasswordTest" file="C:\Users\Gaser\Desktop\COPRRA\tests\Feature\Http\Middleware\RequirePasswordTest.php" tests="5" assertions="7" errors="0" failures="0" skipped="0" time="0.000000">
        <testcase name="test_require_password_middleware_handles_unauthenticated_users" file="C:\Users\Gaser\Desktop\COPRRA\tests\Feature\Http\Middleware\RequirePasswordTest.php" line="79" class="Tests\Feature\Http\Middleware\RequirePasswordTest" classname="Tests.Feature.Http.Middleware.RequirePasswordTest" assertions="1" time="0.054751"/>
        <testcase name="test_require_password_middleware_handles_get_requests" file="C:\Users\Gaser\Desktop\COPRRA\tests\Feature\Http\Middleware\RequirePasswordTest.php" line="93" class="Tests\Feature\Http\Middleware\RequirePasswordTest" classname="Tests.Feature.Http.Middleware.RequirePasswordTest" assertions="2" time="0.052995"/>
        <testcase name="test_require_password_middleware_allows_requests_with_valid_password" file="C:\Users\Gaser\Desktop\COPRRA\tests\Feature\Http\Middleware\RequirePasswordTest.php" line="18" class="Tests\Feature\Http\Middleware\RequirePasswordTest" classname="Tests.Feature.Http.Middleware.RequirePasswordTest" assertions="2" time="0.057586"/>
        <testcase name="test_require_password_middleware_blocks_requests_without_password" file="C:\Users\Gaser\Desktop\COPRRA\tests\Feature\Http\Middleware\RequirePasswordTest.php" line="63" class="Tests\Feature\Http\Middleware\RequirePasswordTest" classname="Tests.Feature.Http.Middleware.RequirePasswordTest" assertions="1" time="0.055743"/>
        <testcase name="test_require_password_middleware_blocks_requests_with_invalid_password" file="C:\Users\Gaser\Desktop\COPRRA\tests\Feature\Http\Middleware\RequirePasswordTest.php" line="43" class="Tests\Feature\Http\Middleware\RequirePasswordTest" classname="Tests.Feature.Http.Middleware.RequirePasswordTest" assertions="1" time="0.064326"/>
      </testsuite>
      <testsuite name="Tests\Feature\Http\Middleware\AuthenticateWithBasicAuthTest" file="C:\Users\Gaser\Desktop\COPRRA\tests\Feature\Http\Middleware\AuthenticateWithBasicAuthTest.php" tests="5" assertions="5" errors="0" failures="0" skipped="0" time="0.000000">
        <testcase name="test_authenticate_with_basic_auth_middleware_handles_requests" file="C:\Users\Gaser\Desktop\COPRRA\tests\Feature\Http\Middleware\AuthenticateWithBasicAuthTest.php" line="18" class="Tests\Feature\Http\Middleware\AuthenticateWithBasicAuthTest" classname="Tests.Feature.Http.Middleware.AuthenticateWithBasicAuthTest" assertions="1" time="0.059950"/>
        <testcase name="test_authenticate_with_basic_auth_middleware_handles_invalid_credentials" file="C:\Users\Gaser\Desktop\COPRRA\tests\Feature\Http\Middleware\AuthenticateWithBasicAuthTest.php" line="43" class="Tests\Feature\Http\Middleware\AuthenticateWithBasicAuthTest" classname="Tests.Feature.Http.Middleware.AuthenticateWithBasicAuthTest" assertions="1" time="0.264983"/>
        <testcase name="test_authenticate_with_basic_auth_middleware_handles_malformed_authorization" file="C:\Users\Gaser\Desktop\COPRRA\tests\Feature\Http\Middleware\AuthenticateWithBasicAuthTest.php" line="73" class="Tests\Feature\Http\Middleware\AuthenticateWithBasicAuthTest" classname="Tests.Feature.Http.Middleware.AuthenticateWithBasicAuthTest" assertions="1" time="0.056064"/>
        <testcase name="test_authenticate_with_basic_auth_middleware_handles_missing_authorization" file="C:\Users\Gaser\Desktop\COPRRA\tests\Feature\Http\Middleware\AuthenticateWithBasicAuthTest.php" line="59" class="Tests\Feature\Http\Middleware\AuthenticateWithBasicAuthTest" classname="Tests.Feature.Http.Middleware.AuthenticateWithBasicAuthTest" assertions="1" time="0.063563"/>
        <testcase name="test_authenticate_with_basic_auth_middleware_handles_post_requests" file="C:\Users\Gaser\Desktop\COPRRA\tests\Feature\Http\Middleware\AuthenticateWithBasicAuthTest.php" line="89" class="Tests\Feature\Http\Middleware\AuthenticateWithBasicAuthTest" classname="Tests.Feature.Http.Middleware.AuthenticateWithBasicAuthTest" assertions="1" time="0.293910"/>
      </testsuite>
      <testsuite name="Tests\Feature\Models\UserPointTest" file="C:\Users\Gaser\Desktop\COPRRA\tests\Feature\Models\UserPointTest.php" tests="8" assertions="20" errors="0" failures="0" skipped="0" time="0.000000">
        <testcase name="it_has_earned_scope" file="C:\Users\Gaser\Desktop\COPRRA\tests\Feature\Models\UserPointTest.php" line="79" class="Tests\Feature\Models\UserPointTest" classname="Tests.Feature.Models.UserPointTest" assertions="2" time="0.066010"/>
        <testcase name="it_can_create_a_user_point" file="C:\Users\Gaser\Desktop\COPRRA\tests\Feature\Models\UserPointTest.php" line="17" class="Tests\Feature\Models\UserPointTest" classname="Tests.Feature.Models.UserPointTest" assertions="9" time="0.097774"/>
        <testcase name="it_has_redeemed_scope" file="C:\Users\Gaser\Desktop\COPRRA\tests\Feature\Models\UserPointTest.php" line="91" class="Tests\Feature\Models\UserPointTest" classname="Tests.Feature.Models.UserPointTest" assertions="2" time="0.071236"/>
        <testcase name="it_has_valid_scope" file="C:\Users\Gaser\Desktop\COPRRA\tests\Feature\Models\UserPointTest.php" line="103" class="Tests\Feature\Models\UserPointTest" classname="Tests.Feature.Models.UserPointTest" assertions="1" time="0.063104"/>
        <testcase name="it_belongs_to_user" file="C:\Users\Gaser\Desktop\COPRRA\tests\Feature\Models\UserPointTest.php" line="59" class="Tests\Feature\Models\UserPointTest" classname="Tests.Feature.Models.UserPointTest" assertions="2" time="0.055727"/>
        <testcase name="it_belongs_to_order" file="C:\Users\Gaser\Desktop\COPRRA\tests\Feature\Models\UserPointTest.php" line="69" class="Tests\Feature\Models\UserPointTest" classname="Tests.Feature.Models.UserPointTest" assertions="2" time="0.057549"/>
        <testcase name="it_has_fillable_attributes" file="C:\Users\Gaser\Desktop\COPRRA\tests\Feature\Models\UserPointTest.php" line="120" class="Tests\Feature\Models\UserPointTest" classname="Tests.Feature.Models.UserPointTest" assertions="1" time="0.054868"/>
        <testcase name="it_casts_expires_at_to_datetime" file="C:\Users\Gaser\Desktop\COPRRA\tests\Feature\Models\UserPointTest.php" line="49" class="Tests\Feature\Models\UserPointTest" classname="Tests.Feature.Models.UserPointTest" assertions="1" time="0.053985"/>
      </testsuite>
      <testsuite name="Tests\Feature\Services\PasswordResetServiceTest" file="C:\Users\Gaser\Desktop\COPRRA\tests\Feature\Services\PasswordResetServiceTest.php" tests="10" assertions="66" errors="0" failures="0" skipped="0" time="0.000000">
        <testcase name="test_handles_send_reset_email_with_nonexistent_email" file="C:\Users\Gaser\Desktop\COPRRA\tests\Feature\Services\PasswordResetServiceTest.php" line="45" class="Tests\Feature\Services\PasswordResetServiceTest" classname="Tests.Feature.Services.PasswordResetServiceTest" assertions="6" time="0.001385"/>
        <testcase name="test_can_be_instantiated" file="C:\Users\Gaser\Desktop\COPRRA\tests\Feature\Services\PasswordResetServiceTest.php" line="23" class="Tests\Feature\Services\PasswordResetServiceTest" classname="Tests.Feature.Services.PasswordResetServiceTest" assertions="1" time="0.000385"/>
        <testcase name="test_handles_send_reset_email_with_valid_email" file="C:\Users\Gaser\Desktop\COPRRA\tests\Feature\Services\PasswordResetServiceTest.php" line="29" class="Tests\Feature\Services\PasswordResetServiceTest" classname="Tests.Feature.Services.PasswordResetServiceTest" assertions="6" time="0.000687"/>
        <testcase name="test_handles_reset_password_with_valid_token" file="C:\Users\Gaser\Desktop\COPRRA\tests\Feature\Services\PasswordResetServiceTest.php" line="61" class="Tests\Feature\Services\PasswordResetServiceTest" classname="Tests.Feature.Services.PasswordResetServiceTest" assertions="8" time="0.000391"/>
        <testcase name="test_gets_reset_token_info" file="C:\Users\Gaser\Desktop\COPRRA\tests\Feature\Services\PasswordResetServiceTest.php" line="113" class="Tests\Feature\Services\PasswordResetServiceTest" classname="Tests.Feature.Services.PasswordResetServiceTest" assertions="6" time="0.000351"/>
        <testcase name="test_gets_statistics" file="C:\Users\Gaser\Desktop\COPRRA\tests\Feature\Services\PasswordResetServiceTest.php" line="165" class="Tests\Feature\Services\PasswordResetServiceTest" classname="Tests.Feature.Services.PasswordResetServiceTest" assertions="9" time="0.000370"/>
        <testcase name="test_handles_expired_token" file="C:\Users\Gaser\Desktop\COPRRA\tests\Feature\Services\PasswordResetServiceTest.php" line="129" class="Tests\Feature\Services\PasswordResetServiceTest" classname="Tests.Feature.Services.PasswordResetServiceTest" assertions="8" time="0.000308"/>
        <testcase name="test_checks_reset_token_exists" file="C:\Users\Gaser\Desktop\COPRRA\tests\Feature\Services\PasswordResetServiceTest.php" line="97" class="Tests\Feature\Services\PasswordResetServiceTest" classname="Tests.Feature.Services.PasswordResetServiceTest" assertions="6" time="0.000352"/>
        <testcase name="test_handles_too_many_attempts" file="C:\Users\Gaser\Desktop\COPRRA\tests\Feature\Services\PasswordResetServiceTest.php" line="147" class="Tests\Feature\Services\PasswordResetServiceTest" classname="Tests.Feature.Services.PasswordResetServiceTest" assertions="8" time="0.000347"/>
        <testcase name="test_handles_reset_password_with_invalid_token" file="C:\Users\Gaser\Desktop\COPRRA\tests\Feature\Services\PasswordResetServiceTest.php" line="79" class="Tests\Feature\Services\PasswordResetServiceTest" classname="Tests.Feature.Services.PasswordResetServiceTest" assertions="8" time="0.000377"/>
      </testsuite>
      <testsuite name="Tests\Feature\Models\WishlistTest" file="C:\Users\Gaser\Desktop\COPRRA\tests\Feature\Models\WishlistTest.php" tests="14" assertions="34" errors="0" failures="0" skipped="0" time="0.000000">
        <testcase name="test_it_belongs_to_product" file="C:\Users\Gaser\Desktop\COPRRA\tests\Feature\Models\WishlistTest.php" line="56" class="Tests\Feature\Models\WishlistTest" classname="Tests.Feature.Models.WishlistTest" assertions="2" time="0.068288"/>
        <testcase name="test_validation_passes_with_valid_data" file="C:\Users\Gaser\Desktop\COPRRA\tests\Feature\Models\WishlistTest.php" line="155" class="Tests\Feature\Models\WishlistTest" classname="Tests.Feature.Models.WishlistTest" assertions="2" time="0.059726"/>
        <testcase name="test_soft_deletes" file="C:\Users\Gaser\Desktop\COPRRA\tests\Feature\Models\WishlistTest.php" line="182" class="Tests\Feature\Models\WishlistTest" classname="Tests.Feature.Models.WishlistTest" assertions="1" time="0.062552"/>
        <testcase name="test_it_belongs_to_user" file="C:\Users\Gaser\Desktop\COPRRA\tests\Feature\Models\WishlistTest.php" line="45" class="Tests\Feature\Models\WishlistTest" classname="Tests.Feature.Models.WishlistTest" assertions="2" time="0.069961"/>
        <testcase name="test_remove_from_wishlist" file="C:\Users\Gaser\Desktop\COPRRA\tests\Feature\Models\WishlistTest.php" line="127" class="Tests\Feature\Models\WishlistTest" classname="Tests.Feature.Models.WishlistTest" assertions="2" time="0.090104"/>
        <testcase name="test_scope_for_user" file="C:\Users\Gaser\Desktop\COPRRA\tests\Feature\Models\WishlistTest.php" line="67" class="Tests\Feature\Models\WishlistTest" classname="Tests.Feature.Models.WishlistTest" assertions="2" time="0.080352"/>
        <testcase name="test_is_product_in_wishlist" file="C:\Users\Gaser\Desktop\COPRRA\tests\Feature\Models\WishlistTest.php" line="101" class="Tests\Feature\Models\WishlistTest" classname="Tests.Feature.Models.WishlistTest" assertions="2" time="0.084627"/>
        <testcase name="test_fillable_attributes" file="C:\Users\Gaser\Desktop\COPRRA\tests\Feature\Models\WishlistTest.php" line="194" class="Tests\Feature\Models\WishlistTest" classname="Tests.Feature.Models.WishlistTest" assertions="1" time="0.075043"/>
        <testcase name="test_it_can_create_a_wishlist" file="C:\Users\Gaser\Desktop\COPRRA\tests\Feature\Models\WishlistTest.php" line="21" class="Tests\Feature\Models\WishlistTest" classname="Tests.Feature.Models.WishlistTest" assertions="5" time="0.060408"/>
        <testcase name="test_validation_fails_with_missing_required_fields" file="C:\Users\Gaser\Desktop\COPRRA\tests\Feature\Models\WishlistTest.php" line="171" class="Tests\Feature\Models\WishlistTest" classname="Tests.Feature.Models.WishlistTest" assertions="3" time="0.065679"/>
        <testcase name="test_add_to_wishlist" file="C:\Users\Gaser\Desktop\COPRRA\tests\Feature\Models\WishlistTest.php" line="113" class="Tests\Feature\Models\WishlistTest" classname="Tests.Feature.Models.WishlistTest" assertions="4" time="0.056073"/>
        <testcase name="test_scope_for_product" file="C:\Users\Gaser\Desktop\COPRRA\tests\Feature\Models\WishlistTest.php" line="84" class="Tests\Feature\Models\WishlistTest" classname="Tests.Feature.Models.WishlistTest" assertions="2" time="0.063011"/>
        <testcase name="test_get_wishlist_count" file="C:\Users\Gaser\Desktop\COPRRA\tests\Feature\Models\WishlistTest.php" line="140" class="Tests\Feature\Models\WishlistTest" classname="Tests.Feature.Models.WishlistTest" assertions="2" time="0.064634"/>
        <testcase name="test_factory_creates_valid_wishlist" file="C:\Users\Gaser\Desktop\COPRRA\tests\Feature\Models\WishlistTest.php" line="206" class="Tests\Feature\Models\WishlistTest" classname="Tests.Feature.Models.WishlistTest" assertions="4" time="0.057891"/>
      </testsuite>
      <testsuite name="Tests\Feature\Http\Middleware\ConvertEmptyStringsToNullTest" file="C:\Users\Gaser\Desktop\COPRRA\tests\Feature\Http\Middleware\ConvertEmptyStringsToNullTest.php" tests="4" assertions="17" errors="0" failures="0" skipped="0" time="0.000000">
        <testcase name="test_convert_empty_strings_middleware_passes_request_successfully" file="C:\Users\Gaser\Desktop\COPRRA\tests\Feature\Http\Middleware\ConvertEmptyStringsToNullTest.php" line="83" class="Tests\Feature\Http\Middleware\ConvertEmptyStringsToNullTest" classname="Tests.Feature.Http.Middleware.ConvertEmptyStringsToNullTest" assertions="2" time="0.064293"/>
        <testcase name="test_convert_empty_strings_middleware_handles_nested_arrays" file="C:\Users\Gaser\Desktop\COPRRA\tests\Feature\Http\Middleware\ConvertEmptyStringsToNullTest.php" line="37" class="Tests\Feature\Http\Middleware\ConvertEmptyStringsToNullTest" classname="Tests.Feature.Http.Middleware.ConvertEmptyStringsToNullTest" assertions="5" time="0.053715"/>
        <testcase name="test_convert_empty_strings_middleware_does_not_convert_non_string_values" file="C:\Users\Gaser\Desktop\COPRRA\tests\Feature\Http\Middleware\ConvertEmptyStringsToNullTest.php" line="62" class="Tests\Feature\Http\Middleware\ConvertEmptyStringsToNullTest" classname="Tests.Feature.Http.Middleware.ConvertEmptyStringsToNullTest" assertions="5" time="0.052546"/>
        <testcase name="test_convert_empty_strings_middleware_converts_empty_strings_to_null" file="C:\Users\Gaser\Desktop\COPRRA\tests\Feature\Http\Middleware\ConvertEmptyStringsToNullTest.php" line="16" class="Tests\Feature\Http\Middleware\ConvertEmptyStringsToNullTest" classname="Tests.Feature.Http.Middleware.ConvertEmptyStringsToNullTest" assertions="5" time="0.053737"/>
      </testsuite>
      <testsuite name="Tests\Feature\Security\SecurityTest" file="C:\Users\Gaser\Desktop\COPRRA\tests\Feature\Security\SecurityTest.php" tests="3" assertions="3" errors="0" failures="0" skipped="0" time="0.000000">
        <testcase name="test_expected_behavior" file="C:\Users\Gaser\Desktop\COPRRA\tests\Feature\Security\SecurityTest.php" line="23" class="Tests\Feature\Security\SecurityTest" classname="Tests.Feature.Security.SecurityTest" assertions="1" time="0.057555"/>
        <testcase name="test_validation" file="C:\Users\Gaser\Desktop\COPRRA\tests\Feature\Security\SecurityTest.php" line="30" class="Tests\Feature\Security\SecurityTest" classname="Tests.Feature.Security.SecurityTest" assertions="1" time="0.059112"/>
        <testcase name="test_basic_functionality" file="C:\Users\Gaser\Desktop\COPRRA\tests\Feature\Security\SecurityTest.php" line="16" class="Tests\Feature\Security\SecurityTest" classname="Tests.Feature.Security.SecurityTest" assertions="1" time="0.061184"/>
      </testsuite>
      <testsuite name="Tests\Feature\Api\ComprehensiveApiTest" file="C:\Users\Gaser\Desktop\COPRRA\tests\Feature\Api\ComprehensiveApiTest.php" tests="3" assertions="15" errors="0" failures="0" skipped="0" time="0.000000">
        <testcase name="test_basic_functionality" file="C:\Users\Gaser\Desktop\COPRRA\tests\Feature\Api\ComprehensiveApiTest.php" line="13" class="Tests\Feature\Api\ComprehensiveApiTest" classname="Tests.Feature.Api.ComprehensiveApiTest" assertions="2" time="0.071322"/>
        <testcase name="test_validation" file="C:\Users\Gaser\Desktop\COPRRA\tests\Feature\Api\ComprehensiveApiTest.php" line="41" class="Tests\Feature\Api\ComprehensiveApiTest" classname="Tests.Feature.Api.ComprehensiveApiTest" assertions="8" time="0.058332"/>
        <testcase name="test_expected_behavior" file="C:\Users\Gaser\Desktop\COPRRA\tests\Feature\Api\ComprehensiveApiTest.php" line="26" class="Tests\Feature\Api\ComprehensiveApiTest" classname="Tests.Feature.Api.ComprehensiveApiTest" assertions="5" time="0.066465"/>
      </testsuite>
      <testsuite name="Tests\Feature\ApiEndpointsTest" file="C:\Users\Gaser\Desktop\COPRRA\tests\Feature\ApiEndpointsTest.php" tests="3" assertions="3" errors="0" failures="0" skipped="0" time="0.000000">
        <testcase name="test_expected_behavior" file="C:\Users\Gaser\Desktop\COPRRA\tests\Feature\ApiEndpointsTest.php" line="23" class="Tests\Feature\ApiEndpointsTest" classname="Tests.Feature.ApiEndpointsTest" assertions="1" time="0.055029"/>
        <testcase name="test_validation" file="C:\Users\Gaser\Desktop\COPRRA\tests\Feature\ApiEndpointsTest.php" line="30" class="Tests\Feature\ApiEndpointsTest" classname="Tests.Feature.ApiEndpointsTest" assertions="1" time="0.050910"/>
        <testcase name="test_basic_functionality" file="C:\Users\Gaser\Desktop\COPRRA\tests\Feature\ApiEndpointsTest.php" line="16" class="Tests\Feature\ApiEndpointsTest" classname="Tests.Feature.ApiEndpointsTest" assertions="1" time="0.067670"/>
      </testsuite>
      <testsuite name="Tests\Feature\Api\ProductApiTest" file="C:\Users\Gaser\Desktop\COPRRA\tests\Feature\Api\ProductApiTest.php" tests="13" assertions="44" errors="0" failures="0" skipped="0" time="0.000000">
        <testcase name="test_can_filter_featured_products" file="C:\Users\Gaser\Desktop\COPRRA\tests\Feature\Api\ProductApiTest.php" line="81" class="Tests\Feature\Api\ProductApiTest" classname="Tests.Feature.Api.ProductApiTest" assertions="2" time="0.073992"/>
        <testcase name="test_guest_can_list_products" file="C:\Users\Gaser\Desktop\COPRRA\tests\Feature\Api\ProductApiTest.php" line="17" class="Tests\Feature\Api\ProductApiTest" classname="Tests.Feature.Api.ProductApiTest" assertions="2" time="0.080008"/>
        <testcase name="test_can_search_products_by_name" file="C:\Users\Gaser\Desktop\COPRRA\tests\Feature\Api\ProductApiTest.php" line="27" class="Tests\Feature\Api\ProductApiTest" classname="Tests.Feature.Api.ProductApiTest" assertions="3" time="0.074692"/>
        <testcase name="test_per_page_is_limited_to_100" file="C:\Users\Gaser\Desktop\COPRRA\tests\Feature\Api\ProductApiTest.php" line="185" class="Tests\Feature\Api\ProductApiTest" classname="Tests.Feature.Api.ProductApiTest" assertions="3" time="0.354168"/>
        <testcase name="test_can_sort_products_by_price_descending" file="C:\Users\Gaser\Desktop\COPRRA\tests\Feature\Api\ProductApiTest.php" line="113" class="Tests\Feature\Api\ProductApiTest" classname="Tests.Feature.Api.ProductApiTest" assertions="4" time="0.070292"/>
        <testcase name="test_can_filter_products_by_brand" file="C:\Users\Gaser\Desktop\COPRRA\tests\Feature\Api\ProductApiTest.php" line="54" class="Tests\Feature\Api\ProductApiTest" classname="Tests.Feature.Api.ProductApiTest" assertions="2" time="0.076469"/>
        <testcase name="test_can_sort_products_by_price_ascending" file="C:\Users\Gaser\Desktop\COPRRA\tests\Feature\Api\ProductApiTest.php" line="98" class="Tests\Feature\Api\ProductApiTest" classname="Tests.Feature.Api.ProductApiTest" assertions="4" time="0.068720"/>
        <testcase name="test_product_list_is_paginated" file="C:\Users\Gaser\Desktop\COPRRA\tests\Feature\Api\ProductApiTest.php" line="139" class="Tests\Feature\Api\ProductApiTest" classname="Tests.Feature.Api.ProductApiTest" assertions="4" time="0.112937"/>
        <testcase name="test_can_filter_products_by_category" file="C:\Users\Gaser\Desktop\COPRRA\tests\Feature\Api\ProductApiTest.php" line="39" class="Tests\Feature\Api\ProductApiTest" classname="Tests.Feature.Api.ProductApiTest" assertions="2" time="0.068634"/>
        <testcase name="test_product_response_includes_relationships" file="C:\Users\Gaser\Desktop\COPRRA\tests\Feature\Api\ProductApiTest.php" line="161" class="Tests\Feature\Api\ProductApiTest" classname="Tests.Feature.Api.ProductApiTest" assertions="11" time="0.060101"/>
        <testcase name="test_can_filter_products_by_price_range" file="C:\Users\Gaser\Desktop\COPRRA\tests\Feature\Api\ProductApiTest.php" line="69" class="Tests\Feature\Api\ProductApiTest" classname="Tests.Feature.Api.ProductApiTest" assertions="2" time="0.065734"/>
        <testcase name="test_inactive_products_are_not_listed" file="C:\Users\Gaser\Desktop\COPRRA\tests\Feature\Api\ProductApiTest.php" line="128" class="Tests\Feature\Api\ProductApiTest" classname="Tests.Feature.Api.ProductApiTest" assertions="2" time="0.070205"/>
        <testcase name="test_can_view_single_product" file="C:\Users\Gaser\Desktop\COPRRA\tests\Feature\Api\ProductApiTest.php" line="150" class="Tests\Feature\Api\ProductApiTest" classname="Tests.Feature.Api.ProductApiTest" assertions="3" time="0.060441"/>
      </testsuite>
      <testsuite name="Tests\Feature\Services\NotificationServiceTest" file="C:\Users\Gaser\Desktop\COPRRA\tests\Feature\Services\NotificationServiceTest.php" tests="5" assertions="6" errors="0" failures="0" skipped="0" time="0.000000">
        <testcase name="test_does_not_send_notification_when_no_active_alerts" file="C:\Users\Gaser\Desktop\COPRRA\tests\Feature\Services\NotificationServiceTest.php" line="76" class="Tests\Feature\Services\NotificationServiceTest" classname="Tests.Feature.Services.NotificationServiceTest" assertions="1" time="0.076140"/>
        <testcase name="test_skips_notification_for_user_without_email" file="C:\Users\Gaser\Desktop\COPRRA\tests\Feature\Services\NotificationServiceTest.php" line="92" class="Tests\Feature\Services\NotificationServiceTest" classname="Tests.Feature.Services.NotificationServiceTest" assertions="2" time="0.074751"/>
        <testcase name="test_logs_audit_trail_for_notification" file="C:\Users\Gaser\Desktop\COPRRA\tests\Feature\Services\NotificationServiceTest.php" line="154" class="Tests\Feature\Services\NotificationServiceTest" classname="Tests.Feature.Services.NotificationServiceTest" assertions="1" time="0.076983"/>
        <testcase name="test_sends_price_drop_notification_to_active_alerts" file="C:\Users\Gaser\Desktop\COPRRA\tests\Feature\Services\NotificationServiceTest.php" line="43" class="Tests\Feature\Services\NotificationServiceTest" classname="Tests.Feature.Services.NotificationServiceTest" assertions="1" time="0.058428"/>
        <testcase name="test_handles_exception_during_notification_sending" file="C:\Users\Gaser\Desktop\COPRRA\tests\Feature\Services\NotificationServiceTest.php" line="130" class="Tests\Feature\Services\NotificationServiceTest" classname="Tests.Feature.Services.NotificationServiceTest" assertions="1" time="0.060333"/>
      </testsuite>
      <testsuite name="Tests\Feature\Console\Commands\StatsCommandTest" file="C:\Users\Gaser\Desktop\COPRRA\tests\Feature\Console\Commands\StatsCommandTest.php" tests="8" assertions="8" errors="0" failures="0" skipped="0" time="0.000000">
        <testcase name="stats_command_displays_correct_basic_stats" file="C:\Users\Gaser\Desktop\COPRRA\tests\Feature\Console\Commands\StatsCommandTest.php" line="26" class="Tests\Feature\Console\Commands\StatsCommandTest" classname="Tests.Feature.Console.Commands.StatsCommandTest" assertions="1" time="0.073117"/>
        <testcase name="stats_command_displays_top_categories" file="C:\Users\Gaser\Desktop\COPRRA\tests\Feature\Console\Commands\StatsCommandTest.php" line="62" class="Tests\Feature\Console\Commands\StatsCommandTest" classname="Tests.Feature.Console.Commands.StatsCommandTest" assertions="1" time="0.069480"/>
        <testcase name="stats_command_runs_successfully_with_detailed_option" file="C:\Users\Gaser\Desktop\COPRRA\tests\Feature\Console\Commands\StatsCommandTest.php" line="20" class="Tests\Feature\Console\Commands\StatsCommandTest" classname="Tests.Feature.Console.Commands.StatsCommandTest" assertions="1" time="0.074000"/>
        <testcase name="stats_command_displays_recent_activity" file="C:\Users\Gaser\Desktop\COPRRA\tests\Feature\Console\Commands\StatsCommandTest.php" line="54" class="Tests\Feature\Console\Commands\StatsCommandTest" classname="Tests.Feature.Console.Commands.StatsCommandTest" assertions="1" time="0.067864"/>
        <testcase name="stats_command_handles_empty_database" file="C:\Users\Gaser\Desktop\COPRRA\tests\Feature\Console\Commands\StatsCommandTest.php" line="42" class="Tests\Feature\Console\Commands\StatsCommandTest" classname="Tests.Feature.Console.Commands.StatsCommandTest" assertions="1" time="0.061907"/>
        <testcase name="stats_command_displays_detailed_stats_when_requested" file="C:\Users\Gaser\Desktop\COPRRA\tests\Feature\Console\Commands\StatsCommandTest.php" line="34" class="Tests\Feature\Console\Commands\StatsCommandTest" classname="Tests.Feature.Console.Commands.StatsCommandTest" assertions="1" time="0.066799"/>
        <testcase name="stats_command_handles_detailed_stats_with_empty_database" file="C:\Users\Gaser\Desktop\COPRRA\tests\Feature\Console\Commands\StatsCommandTest.php" line="48" class="Tests\Feature\Console\Commands\StatsCommandTest" classname="Tests.Feature.Console.Commands.StatsCommandTest" assertions="1" time="0.074167"/>
        <testcase name="stats_command_runs_successfully_without_detailed_option" file="C:\Users\Gaser\Desktop\COPRRA\tests\Feature\Console\Commands\StatsCommandTest.php" line="14" class="Tests\Feature\Console\Commands\StatsCommandTest" classname="Tests.Feature.Console.Commands.StatsCommandTest" assertions="1" time="0.062948"/>
      </testsuite>
      <testsuite name="Tests\Feature\E2E\OrderFlowTest" file="C:\Users\Gaser\Desktop\COPRRA\tests\Feature\E2E\OrderFlowTest.php" tests="6" assertions="17" errors="0" failures="0" skipped="0" time="0.000000">
        <testcase name="test_order_cancellation_flow" file="C:\Users\Gaser\Desktop\COPRRA\tests\Feature\E2E\OrderFlowTest.php" line="120" class="Tests\Feature\E2E\OrderFlowTest" classname="Tests.Feature.E2E.OrderFlowTest" assertions="2" time="0.068477"/>
        <testcase name="test_complete_order_creation_flow" file="C:\Users\Gaser\Desktop\COPRRA\tests\Feature\E2E\OrderFlowTest.php" line="33" class="Tests\Feature\E2E\OrderFlowTest" classname="Tests.Feature.E2E.OrderFlowTest" assertions="6" time="0.086816"/>
        <testcase name="test_complete_order_status_update_flow" file="C:\Users\Gaser\Desktop\COPRRA\tests\Feature\E2E\OrderFlowTest.php" line="84" class="Tests\Feature\E2E\OrderFlowTest" classname="Tests.Feature.E2E.OrderFlowTest" assertions="4" time="0.091880"/>
        <testcase name="test_user_can_view_order_history" file="C:\Users\Gaser\Desktop\COPRRA\tests\Feature\E2E\OrderFlowTest.php" line="164" class="Tests\Feature\E2E\OrderFlowTest" classname="Tests.Feature.E2E.OrderFlowTest" assertions="2" time="0.097517"/>
        <testcase name="test_cannot_cancel_shipped_order" file="C:\Users\Gaser\Desktop\COPRRA\tests\Feature\E2E\OrderFlowTest.php" line="144" class="Tests\Feature\E2E\OrderFlowTest" classname="Tests.Feature.E2E.OrderFlowTest" assertions="2" time="0.074463"/>
        <testcase name="test_user_cannot_view_other_users_orders" file="C:\Users\Gaser\Desktop\COPRRA\tests\Feature\E2E\OrderFlowTest.php" line="179" class="Tests\Feature\E2E\OrderFlowTest" classname="Tests.Feature.E2E.OrderFlowTest" assertions="1" time="0.063913"/>
      </testsuite>
      <testsuite name="Tests\Feature\Http\Controllers\LogControllerTest" file="C:\Users\Gaser\Desktop\COPRRA\tests\Feature\Http\Controllers\LogControllerTest.php" tests="2" assertions="2" errors="0" failures="0" skipped="0" time="0.000000">
        <testcase name="it_can_clear_application_logs" file="C:\Users\Gaser\Desktop\COPRRA\tests\Feature\Http\Controllers\LogControllerTest.php" line="29" class="Tests\Feature\Http\Controllers\LogControllerTest" classname="Tests.Feature.Http.Controllers.LogControllerTest" assertions="1" time="0.703834"/>
        <testcase name="it_can_get_application_logs" file="C:\Users\Gaser\Desktop\COPRRA\tests\Feature\Http\Controllers\LogControllerTest.php" line="21" class="Tests\Feature\Http\Controllers\LogControllerTest" classname="Tests.Feature.Http.Controllers.LogControllerTest" assertions="1" time="0.715317"/>
      </testsuite>
      <testsuite name="Tests\Feature\Models\PriceOfferTest" file="C:\Users\Gaser\Desktop\COPRRA\tests\Feature\Models\PriceOfferTest.php" tests="3" assertions="6" errors="0" failures="0" skipped="0" time="0.000000">
        <testcase name="test_it_has_expected_properties" file="C:\Users\Gaser\Desktop\COPRRA\tests\Feature\Models\PriceOfferTest.php" line="25" class="Tests\Feature\Models\PriceOfferTest" classname="Tests.Feature.Models.PriceOfferTest" assertions="2" time="0.063832"/>
        <testcase name="test_it_can_create_a_price_offer" file="C:\Users\Gaser\Desktop\COPRRA\tests\Feature\Models\PriceOfferTest.php" line="14" class="Tests\Feature\Models\PriceOfferTest" classname="Tests.Feature.Models.PriceOfferTest" assertions="2" time="0.054214"/>
        <testcase name="test_it_can_be_instantiated" file="C:\Users\Gaser\Desktop\COPRRA\tests\Feature\Models\PriceOfferTest.php" line="36" class="Tests\Feature\Models\PriceOfferTest" classname="Tests.Feature.Models.PriceOfferTest" assertions="2" time="0.051288"/>
      </testsuite>
      <testsuite name="Tests\Feature\Models\UserTest" file="C:\Users\Gaser\Desktop\COPRRA\tests\Feature\Models\UserTest.php" tests="12" assertions="47" errors="0" failures="0" skipped="0" time="0.000000">
        <testcase name="test_factory_creates_valid_user" file="C:\Users\Gaser\Desktop\COPRRA\tests\Feature\Models\UserTest.php" line="198" class="Tests\Feature\Models\UserTest" classname="Tests.Feature.Models.UserTest" assertions="8" time="0.052833"/>
        <testcase name="test_it_hides_sensitive_attributes" file="C:\Users\Gaser\Desktop\COPRRA\tests\Feature\Models\UserTest.php" line="79" class="Tests\Feature\Models\UserTest" classname="Tests.Feature.Models.UserTest" assertions="2" time="0.064684"/>
        <testcase name="test_is_banned_method" file="C:\Users\Gaser\Desktop\COPRRA\tests\Feature\Models\UserTest.php" line="152" class="Tests\Feature\Models\UserTest" classname="Tests.Feature.Models.UserTest" assertions="2" time="0.057659"/>
        <testcase name="test_it_has_many_price_alerts" file="C:\Users\Gaser\Desktop\COPRRA\tests\Feature\Models\UserTest.php" line="118" class="Tests\Feature\Models\UserTest" classname="Tests.Feature.Models.UserTest" assertions="3" time="0.061734"/>
        <testcase name="test_it_casts_attributes_correctly" file="C:\Users\Gaser\Desktop\COPRRA\tests\Feature\Models\UserTest.php" line="56" class="Tests\Feature\Models\UserTest" classname="Tests.Feature.Models.UserTest" assertions="9" time="0.059482"/>
        <testcase name="test_it_can_create_a_user" file="C:\Users\Gaser\Desktop\COPRRA\tests\Feature\Models\UserTest.php" line="25" class="Tests\Feature\Models\UserTest" classname="Tests.Feature.Models.UserTest" assertions="8" time="0.063914"/>
        <testcase name="test_it_has_many_wishlists" file="C:\Users\Gaser\Desktop\COPRRA\tests\Feature\Models\UserTest.php" line="104" class="Tests\Feature\Models\UserTest" classname="Tests.Feature.Models.UserTest" assertions="3" time="0.071311"/>
        <testcase name="test_it_has_one_locale_setting" file="C:\Users\Gaser\Desktop\COPRRA\tests\Feature\Models\UserTest.php" line="132" class="Tests\Feature\Models\UserTest" classname="Tests.Feature.Models.UserTest" assertions="2" time="0.062229"/>
        <testcase name="test_fillable_attributes" file="C:\Users\Gaser\Desktop\COPRRA\tests\Feature\Models\UserTest.php" line="176" class="Tests\Feature\Models\UserTest" classname="Tests.Feature.Models.UserTest" assertions="1" time="0.063760"/>
        <testcase name="test_is_admin_method" file="C:\Users\Gaser\Desktop\COPRRA\tests\Feature\Models\UserTest.php" line="142" class="Tests\Feature\Models\UserTest" classname="Tests.Feature.Models.UserTest" assertions="2" time="0.058203"/>
        <testcase name="test_is_ban_expired_method" file="C:\Users\Gaser\Desktop\COPRRA\tests\Feature\Models\UserTest.php" line="162" class="Tests\Feature\Models\UserTest" classname="Tests.Feature.Models.UserTest" assertions="4" time="0.061617"/>
        <testcase name="test_it_has_many_reviews" file="C:\Users\Gaser\Desktop\COPRRA\tests\Feature\Models\UserTest.php" line="90" class="Tests\Feature\Models\UserTest" classname="Tests.Feature.Models.UserTest" assertions="3" time="0.063042"/>
      </testsuite>
      <testsuite name="Tests\Feature\Http\Middleware\StartSessionTest" file="C:\Users\Gaser\Desktop\COPRRA\tests\Feature\Http\Middleware\StartSessionTest.php" tests="5" assertions="10" errors="0" failures="0" skipped="0" time="0.000000">
        <testcase name="test_start_session_middleware_handles_different_request_methods" file="C:\Users\Gaser\Desktop\COPRRA\tests\Feature\Http\Middleware\StartSessionTest.php" line="72" class="Tests\Feature\Http\Middleware\StartSessionTest" classname="Tests.Feature.Http.Middleware.StartSessionTest" assertions="2" time="0.054355"/>
        <testcase name="test_start_session_middleware_handles_session_data" file="C:\Users\Gaser\Desktop\COPRRA\tests\Feature\Http\Middleware\StartSessionTest.php" line="29" class="Tests\Feature\Http\Middleware\StartSessionTest" classname="Tests.Feature.Http.Middleware.StartSessionTest" assertions="2" time="0.054527"/>
        <testcase name="test_start_session_middleware_starts_session" file="C:\Users\Gaser\Desktop\COPRRA\tests\Feature\Http\Middleware\StartSessionTest.php" line="16" class="Tests\Feature\Http\Middleware\StartSessionTest" classname="Tests.Feature.Http.Middleware.StartSessionTest" assertions="2" time="0.054186"/>
        <testcase name="test_start_session_middleware_handles_api_requests" file="C:\Users\Gaser\Desktop\COPRRA\tests\Feature\Http\Middleware\StartSessionTest.php" line="58" class="Tests\Feature\Http\Middleware\StartSessionTest" classname="Tests.Feature.Http.Middleware.StartSessionTest" assertions="2" time="0.061803"/>
        <testcase name="test_start_session_middleware_handles_post_requests" file="C:\Users\Gaser\Desktop\COPRRA\tests\Feature\Http\Middleware\StartSessionTest.php" line="43" class="Tests\Feature\Http\Middleware\StartSessionTest" classname="Tests.Feature.Http.Middleware.StartSessionTest" assertions="2" time="0.051622"/>
      </testsuite>
      <testsuite name="Tests\Feature\Models\ReviewTest" file="C:\Users\Gaser\Desktop\COPRRA\tests\Feature\Models\ReviewTest.php" tests="7" assertions="33" errors="0" failures="0" skipped="0" time="0.000000">
        <testcase name="test_it_belongs_to_user" file="C:\Users\Gaser\Desktop\COPRRA\tests\Feature\Models\ReviewTest.php" line="82" class="Tests\Feature\Models\ReviewTest" classname="Tests.Feature.Models.ReviewTest" assertions="2" time="0.056082"/>
        <testcase name="test_factory_creates_valid_review" file="C:\Users\Gaser\Desktop\COPRRA\tests\Feature\Models\ReviewTest.php" line="131" class="Tests\Feature\Models\ReviewTest" classname="Tests.Feature.Models.ReviewTest" assertions="8" time="0.056463"/>
        <testcase name="test_it_belongs_to_product" file="C:\Users\Gaser\Desktop\COPRRA\tests\Feature\Models\ReviewTest.php" line="93" class="Tests\Feature\Models\ReviewTest" classname="Tests.Feature.Models.ReviewTest" assertions="2" time="0.056917"/>
        <testcase name="test_it_casts_attributes_correctly" file="C:\Users\Gaser\Desktop\COPRRA\tests\Feature\Models\ReviewTest.php" line="59" class="Tests\Feature\Models\ReviewTest" classname="Tests.Feature.Models.ReviewTest" assertions="10" time="0.060628"/>
        <testcase name="test_get_review_text_attribute" file="C:\Users\Gaser\Desktop\COPRRA\tests\Feature\Models\ReviewTest.php" line="104" class="Tests\Feature\Models\ReviewTest" classname="Tests.Feature.Models.ReviewTest" assertions="1" time="0.057655"/>
        <testcase name="test_fillable_attributes" file="C:\Users\Gaser\Desktop\COPRRA\tests\Feature\Models\ReviewTest.php" line="113" class="Tests\Feature\Models\ReviewTest" classname="Tests.Feature.Models.ReviewTest" assertions="1" time="0.068826"/>
        <testcase name="test_it_can_create_a_review" file="C:\Users\Gaser\Desktop\COPRRA\tests\Feature\Models\ReviewTest.php" line="21" class="Tests\Feature\Models\ReviewTest" classname="Tests.Feature.Models.ReviewTest" assertions="9" time="0.071167"/>
      </testsuite>
      <testsuite name="Tests\Feature\Http\Controllers\SystemControllerTest" file="C:\Users\Gaser\Desktop\COPRRA\tests\Feature\Http\Controllers\SystemControllerTest.php" tests="18" assertions="97" errors="0" failures="0" skipped="0" time="2.000000">
        <testcase name="it_returns_valid_system_information" file="C:\Users\Gaser\Desktop\COPRRA\tests\Feature\Http\Controllers\SystemControllerTest.php" line="274" class="Tests\Feature\Http\Controllers\SystemControllerTest" classname="Tests.Feature.Http.Controllers.SystemControllerTest" assertions="13" time="0.063556"/>
        <testcase name="it_calls_multiple_artisan_commands_for_cache_clear" file="C:\Users\Gaser\Desktop\COPRRA\tests\Feature\Http\Controllers\SystemControllerTest.php" line="250" class="Tests\Feature\Http\Controllers\SystemControllerTest" classname="Tests.Feature.Http.Controllers.SystemControllerTest" assertions="1" time="0.062140"/>
        <testcase name="it_can_get_performance_metrics" file="C:\Users\Gaser\Desktop\COPRRA\tests\Feature\Http\Controllers\SystemControllerTest.php" line="118" class="Tests\Feature\Http\Controllers\SystemControllerTest" classname="Tests.Feature.Http.Controllers.SystemControllerTest" assertions="12" time="0.055623"/>
        <testcase name="it_handles_system_info_errors" file="C:\Users\Gaser\Desktop\COPRRA\tests\Feature\Http\Controllers\SystemControllerTest.php" line="214" class="Tests\Feature\Http\Controllers\SystemControllerTest" classname="Tests.Feature.Http.Controllers.SystemControllerTest" assertions="2" time="0.055628"/>
        <testcase name="it_can_run_composer_update" file="C:\Users\Gaser\Desktop\COPRRA\tests\Feature\Http\Controllers\SystemControllerTest.php" line="101" class="Tests\Feature\Http\Controllers\SystemControllerTest" classname="Tests.Feature.Http.Controllers.SystemControllerTest" assertions="5" time="0.067924"/>
        <testcase name="it_handles_cpu_count_calculation" file="C:\Users\Gaser\Desktop\COPRRA\tests\Feature\Http\Controllers\SystemControllerTest.php" line="352" class="Tests\Feature\Http\Controllers\SystemControllerTest" classname="Tests.Feature.Http.Controllers.SystemControllerTest" assertions="4" time="0.057261"/>
        <testcase name="it_handles_load_average_calculation" file="C:\Users\Gaser\Desktop\COPRRA\tests\Feature\Http\Controllers\SystemControllerTest.php" line="340" class="Tests\Feature\Http\Controllers\SystemControllerTest" classname="Tests.Feature.Http.Controllers.SystemControllerTest" assertions="3" time="0.054740"/>
        <testcase name="it_handles_migration_errors" file="C:\Users\Gaser\Desktop\COPRRA\tests\Feature\Http\Controllers\SystemControllerTest.php" line="143" class="Tests\Feature\Http\Controllers\SystemControllerTest" classname="Tests.Feature.Http.Controllers.SystemControllerTest" assertions="2" time="0.055902"/>
        <testcase name="it_handles_cache_clear_errors" file="C:\Users\Gaser\Desktop\COPRRA\tests\Feature\Http\Controllers\SystemControllerTest.php" line="160" class="Tests\Feature\Http\Controllers\SystemControllerTest" classname="Tests.Feature.Http.Controllers.SystemControllerTest" assertions="2" time="0.055852"/>
        <testcase name="it_can_optimize_application" file="C:\Users\Gaser\Desktop\COPRRA\tests\Feature\Http\Controllers\SystemControllerTest.php" line="85" class="Tests\Feature\Http\Controllers\SystemControllerTest" classname="Tests.Feature.Http.Controllers.SystemControllerTest" assertions="4" time="2.164928"/>
        <testcase name="it_handles_performance_metrics_errors" file="C:\Users\Gaser\Desktop\COPRRA\tests\Feature\Http\Controllers\SystemControllerTest.php" line="232" class="Tests\Feature\Http\Controllers\SystemControllerTest" classname="Tests.Feature.Http.Controllers.SystemControllerTest" assertions="2" time="0.087324"/>
        <testcase name="it_handles_composer_update_errors" file="C:\Users\Gaser\Desktop\COPRRA\tests\Feature\Http\Controllers\SystemControllerTest.php" line="194" class="Tests\Feature\Http\Controllers\SystemControllerTest" classname="Tests.Feature.Http.Controllers.SystemControllerTest" assertions="2" time="0.208569"/>
        <testcase name="it_handles_optimization_errors" file="C:\Users\Gaser\Desktop\COPRRA\tests\Feature\Http\Controllers\SystemControllerTest.php" line="177" class="Tests\Feature\Http\Controllers\SystemControllerTest" classname="Tests.Feature.Http.Controllers.SystemControllerTest" assertions="2" time="0.221363"/>
        <testcase name="it_can_get_system_information" file="C:\Users\Gaser\Desktop\COPRRA\tests\Feature\Http\Controllers\SystemControllerTest.php" line="22" class="Tests\Feature\Http\Controllers\SystemControllerTest" classname="Tests.Feature.Http.Controllers.SystemControllerTest" assertions="16" time="0.078315"/>
        <testcase name="it_returns_valid_performance_metrics" file="C:\Users\Gaser\Desktop\COPRRA\tests\Feature\Http\Controllers\SystemControllerTest.php" line="300" class="Tests\Feature\Http\Controllers\SystemControllerTest" classname="Tests.Feature.Http.Controllers.SystemControllerTest" assertions="15" time="0.098240"/>
        <testcase name="it_can_run_database_migrations" file="C:\Users\Gaser\Desktop\COPRRA\tests\Feature\Http\Controllers\SystemControllerTest.php" line="52" class="Tests\Feature\Http\Controllers\SystemControllerTest" classname="Tests.Feature.Http.Controllers.SystemControllerTest" assertions="5" time="0.204840"/>
        <testcase name="it_handles_uptime_calculation" file="C:\Users\Gaser\Desktop\COPRRA\tests\Feature\Http\Controllers\SystemControllerTest.php" line="328" class="Tests\Feature\Http\Controllers\SystemControllerTest" classname="Tests.Feature.Http.Controllers.SystemControllerTest" assertions="3" time="0.079103"/>
        <testcase name="it_can_clear_application_cache" file="C:\Users\Gaser\Desktop\COPRRA\tests\Feature\Http\Controllers\SystemControllerTest.php" line="69" class="Tests\Feature\Http\Controllers\SystemControllerTest" classname="Tests.Feature.Http.Controllers.SystemControllerTest" assertions="4" time="0.579984"/>
      </testsuite>
      <testsuite name="Tests\Feature\Cart\CartControllerTest" file="C:\Users\Gaser\Desktop\COPRRA\tests\Feature\Cart\CartControllerTest.php" tests="10" assertions="30" errors="0" failures="0" skipped="0" time="0.000000">
        <testcase name="test_user_can_add_product_to_cart" file="C:\Users\Gaser\Desktop\COPRRA\tests\Feature\Cart\CartControllerTest.php" line="32" class="Tests\Feature\Cart\CartControllerTest" classname="Tests.Feature.Cart.CartControllerTest" assertions="4" time="0.107950"/>
        <testcase name="test_user_can_clear_entire_cart" file="C:\Users\Gaser\Desktop\COPRRA\tests\Feature\Cart\CartControllerTest.php" line="123" class="Tests\Feature\Cart\CartControllerTest" classname="Tests.Feature.Cart.CartControllerTest" assertions="4" time="0.075858"/>
        <testcase name="test_user_cannot_update_cart_with_invalid_quantity" file="C:\Users\Gaser\Desktop\COPRRA\tests\Feature\Cart\CartControllerTest.php" line="79" class="Tests\Feature\Cart\CartControllerTest" classname="Tests.Feature.Cart.CartControllerTest" assertions="2" time="0.066826"/>
        <testcase name="test_cart_calculates_total_correctly" file="C:\Users\Gaser\Desktop\COPRRA\tests\Feature\Cart\CartControllerTest.php" line="147" class="Tests\Feature\Cart\CartControllerTest" classname="Tests.Feature.Cart.CartControllerTest" assertions="1" time="0.077864"/>
        <testcase name="test_cart_persists_product_attributes" file="C:\Users\Gaser\Desktop\COPRRA\tests\Feature\Cart\CartControllerTest.php" line="172" class="Tests\Feature\Cart\CartControllerTest" classname="Tests.Feature.Cart.CartControllerTest" assertions="4" time="0.091788"/>
        <testcase name="test_user_can_remove_item_from_cart" file="C:\Users\Gaser\Desktop\COPRRA\tests\Feature\Cart\CartControllerTest.php" line="101" class="Tests\Feature\Cart\CartControllerTest" classname="Tests.Feature.Cart.CartControllerTest" assertions="3" time="0.062958"/>
        <testcase name="test_quantity_cannot_exceed_maximum" file="C:\Users\Gaser\Desktop\COPRRA\tests\Feature\Cart\CartControllerTest.php" line="204" class="Tests\Feature\Cart\CartControllerTest" classname="Tests.Feature.Cart.CartControllerTest" assertions="2" time="0.088399"/>
        <testcase name="test_update_cart_request_validates_input" file="C:\Users\Gaser\Desktop\COPRRA\tests\Feature\Cart\CartControllerTest.php" line="195" class="Tests\Feature\Cart\CartControllerTest" classname="Tests.Feature.Cart.CartControllerTest" assertions="3" time="0.072096"/>
        <testcase name="test_user_can_update_cart_quantity" file="C:\Users\Gaser\Desktop\COPRRA\tests\Feature\Cart\CartControllerTest.php" line="52" class="Tests\Feature\Cart\CartControllerTest" classname="Tests.Feature.Cart.CartControllerTest" assertions="3" time="0.064320"/>
        <testcase name="test_user_can_view_cart" file="C:\Users\Gaser\Desktop\COPRRA\tests\Feature\Cart\CartControllerTest.php" line="23" class="Tests\Feature\Cart\CartControllerTest" classname="Tests.Feature.Cart.CartControllerTest" assertions="4" time="0.279924"/>
      </testsuite>
      <testsuite name="Tests\Feature\Models\AuditLogSimpleTest" file="C:\Users\Gaser\Desktop\COPRRA\tests\Feature\Models\AuditLogSimpleTest.php" tests="12" assertions="15" errors="0" failures="0" skipped="0" time="0.000000">
        <testcase name="test_get_changes_summary_attribute_with_no_new_values" file="C:\Users\Gaser\Desktop\COPRRA\tests\Feature\Models\AuditLogSimpleTest.php" line="115" class="Tests\Feature\Models\AuditLogSimpleTest" classname="Tests.Feature.Models.AuditLogSimpleTest" assertions="1" time="0.078538"/>
        <testcase name="test_get_changes_summary_attribute_with_unchanged_values" file="C:\Users\Gaser\Desktop\COPRRA\tests\Feature\Models\AuditLogSimpleTest.php" line="128" class="Tests\Feature\Models\AuditLogSimpleTest" classname="Tests.Feature.Models.AuditLogSimpleTest" assertions="1" time="0.060759"/>
        <testcase name="test_it_uses_timestamps" file="C:\Users\Gaser\Desktop\COPRRA\tests\Feature\Models\AuditLogSimpleTest.php" line="59" class="Tests\Feature\Models\AuditLogSimpleTest" classname="Tests.Feature.Models.AuditLogSimpleTest" assertions="1" time="0.077244"/>
        <testcase name="test_get_changes_summary_attribute_without_changes" file="C:\Users\Gaser\Desktop\COPRRA\tests\Feature\Models\AuditLogSimpleTest.php" line="89" class="Tests\Feature\Models\AuditLogSimpleTest" classname="Tests.Feature.Models.AuditLogSimpleTest" assertions="1" time="0.059029"/>
        <testcase name="test_it_has_correct_fillable_attributes" file="C:\Users\Gaser\Desktop\COPRRA\tests\Feature\Models\AuditLogSimpleTest.php" line="14" class="Tests\Feature\Models\AuditLogSimpleTest" classname="Tests.Feature.Models.AuditLogSimpleTest" assertions="1" time="0.061421"/>
        <testcase name="test_get_changes_summary_attribute_with_no_old_values" file="C:\Users\Gaser\Desktop\COPRRA\tests\Feature\Models\AuditLogSimpleTest.php" line="102" class="Tests\Feature\Models\AuditLogSimpleTest" classname="Tests.Feature.Models.AuditLogSimpleTest" assertions="1" time="0.053951"/>
        <testcase name="test_get_changes_summary_attribute_with_mixed_data_types" file="C:\Users\Gaser\Desktop\COPRRA\tests\Feature\Models\AuditLogSimpleTest.php" line="141" class="Tests\Feature\Models\AuditLogSimpleTest" classname="Tests.Feature.Models.AuditLogSimpleTest" assertions="3" time="0.054503"/>
        <testcase name="test_can_be_instantiated" file="C:\Users\Gaser\Desktop\COPRRA\tests\Feature\Models\AuditLogSimpleTest.php" line="158" class="Tests\Feature\Models\AuditLogSimpleTest" classname="Tests.Feature.Models.AuditLogSimpleTest" assertions="1" time="0.081091"/>
        <testcase name="test_get_formatted_event_attribute" file="C:\Users\Gaser\Desktop\COPRRA\tests\Feature\Models\AuditLogSimpleTest.php" line="67" class="Tests\Feature\Models\AuditLogSimpleTest" classname="Tests.Feature.Models.AuditLogSimpleTest" assertions="1" time="0.092297"/>
        <testcase name="test_get_changes_summary_attribute_with_changes" file="C:\Users\Gaser\Desktop\COPRRA\tests\Feature\Models\AuditLogSimpleTest.php" line="75" class="Tests\Feature\Models\AuditLogSimpleTest" classname="Tests.Feature.Models.AuditLogSimpleTest" assertions="2" time="0.078884"/>
        <testcase name="test_it_has_correct_table_name" file="C:\Users\Gaser\Desktop\COPRRA\tests\Feature\Models\AuditLogSimpleTest.php" line="51" class="Tests\Feature\Models\AuditLogSimpleTest" classname="Tests.Feature.Models.AuditLogSimpleTest" assertions="1" time="0.060279"/>
        <testcase name="test_it_has_correct_casts" file="C:\Users\Gaser\Desktop\COPRRA\tests\Feature\Models\AuditLogSimpleTest.php" line="36" class="Tests\Feature\Models\AuditLogSimpleTest" classname="Tests.Feature.Models.AuditLogSimpleTest" assertions="1" time="0.054252"/>
      </testsuite>
      <testsuite name="Tests\Feature\Models\UserLocaleSettingTest" file="C:\Users\Gaser\Desktop\COPRRA\tests\Feature\Models\UserLocaleSettingTest.php" tests="22" assertions="70" errors="0" failures="0" skipped="0" time="0.000000">
        <testcase name="test_update_or_create_for_user_throws_exception_without_user_or_session" file="C:\Users\Gaser\Desktop\COPRRA\tests\Feature\Models\UserLocaleSettingTest.php" line="280" class="Tests\Feature\Models\UserLocaleSettingTest" classname="Tests.Feature.Models.UserLocaleSettingTest" assertions="2" time="0.053395"/>
        <testcase name="test_can_have_null_user_id" file="C:\Users\Gaser\Desktop\COPRRA\tests\Feature\Models\UserLocaleSettingTest.php" line="369" class="Tests\Feature\Models\UserLocaleSettingTest" classname="Tests.Feature.Models.UserLocaleSettingTest" assertions="2" time="0.055030"/>
        <testcase name="test_it_can_create_a_user_locale_setting" file="C:\Users\Gaser\Desktop\COPRRA\tests\Feature\Models\UserLocaleSettingTest.php" line="32" class="Tests\Feature\Models\UserLocaleSettingTest" classname="Tests.Feature.Models.UserLocaleSettingTest" assertions="7" time="0.351056"/>
        <testcase name="test_relationships_work_correctly" file="C:\Users\Gaser\Desktop\COPRRA\tests\Feature\Models\UserLocaleSettingTest.php" line="343" class="Tests\Feature\Models\UserLocaleSettingTest" classname="Tests.Feature.Models.UserLocaleSettingTest" assertions="6" time="0.330568"/>
        <testcase name="test_update_or_create_for_user_with_user_id" file="C:\Users\Gaser\Desktop\COPRRA\tests\Feature\Models\UserLocaleSettingTest.php" line="194" class="Tests\Feature\Models\UserLocaleSettingTest" classname="Tests.Feature.Models.UserLocaleSettingTest" assertions="7" time="0.331552"/>
        <testcase name="test_fillable_attributes" file="C:\Users\Gaser\Desktop\COPRRA\tests\Feature\Models\UserLocaleSettingTest.php" line="328" class="Tests\Feature\Models\UserLocaleSettingTest" classname="Tests.Feature.Models.UserLocaleSettingTest" assertions="1" time="0.053801"/>
        <testcase name="test_factory_creates_valid_user_locale_setting" file="C:\Users\Gaser\Desktop\COPRRA\tests\Feature\Models\UserLocaleSettingTest.php" line="318" class="Tests\Feature\Models\UserLocaleSettingTest" classname="Tests.Feature.Models.UserLocaleSettingTest" assertions="3" time="0.322027"/>
        <testcase name="test_can_have_null_ip_address" file="C:\Users\Gaser\Desktop\COPRRA\tests\Feature\Models\UserLocaleSettingTest.php" line="394" class="Tests\Feature\Models\UserLocaleSettingTest" classname="Tests.Feature.Models.UserLocaleSettingTest" assertions="1" time="0.332211"/>
        <testcase name="test_can_have_null_session_id" file="C:\Users\Gaser\Desktop\COPRRA\tests\Feature\Models\UserLocaleSettingTest.php" line="381" class="Tests\Feature\Models\UserLocaleSettingTest" classname="Tests.Feature.Models.UserLocaleSettingTest" assertions="2" time="0.322591"/>
        <testcase name="test_find_for_user_with_user_id" file="C:\Users\Gaser\Desktop\COPRRA\tests\Feature\Models\UserLocaleSettingTest.php" line="105" class="Tests\Feature\Models\UserLocaleSettingTest" classname="Tests.Feature.Models.UserLocaleSettingTest" assertions="3" time="0.329899"/>
        <testcase name="test_update_or_create_for_user_updates_existing" file="C:\Users\Gaser\Desktop\COPRRA\tests\Feature\Models\UserLocaleSettingTest.php" line="244" class="Tests\Feature\Models\UserLocaleSettingTest" classname="Tests.Feature.Models.UserLocaleSettingTest" assertions="5" time="0.331058"/>
        <testcase name="test_it_belongs_to_language" file="C:\Users\Gaser\Desktop\COPRRA\tests\Feature\Models\UserLocaleSettingTest.php" line="85" class="Tests\Feature\Models\UserLocaleSettingTest" classname="Tests.Feature.Models.UserLocaleSettingTest" assertions="2" time="0.339551"/>
        <testcase name="test_update_or_create_for_user_with_session_id" file="C:\Users\Gaser\Desktop\COPRRA\tests\Feature\Models\UserLocaleSettingTest.php" line="219" class="Tests\Feature\Models\UserLocaleSettingTest" classname="Tests.Feature.Models.UserLocaleSettingTest" assertions="7" time="0.054696"/>
        <testcase name="test_find_for_user_returns_latest_when_multiple_exist" file="C:\Users\Gaser\Desktop\COPRRA\tests\Feature\Models\UserLocaleSettingTest.php" line="146" class="Tests\Feature\Models\UserLocaleSettingTest" classname="Tests.Feature.Models.UserLocaleSettingTest" assertions="3" time="0.320641"/>
        <testcase name="test_update_or_create_for_user_with_minimal_parameters" file="C:\Users\Gaser\Desktop\COPRRA\tests\Feature\Models\UserLocaleSettingTest.php" line="296" class="Tests\Feature\Models\UserLocaleSettingTest" classname="Tests.Feature.Models.UserLocaleSettingTest" assertions="6" time="0.334857"/>
        <testcase name="test_find_for_user_returns_null_when_no_user_or_session" file="C:\Users\Gaser\Desktop\COPRRA\tests\Feature\Models\UserLocaleSettingTest.php" line="178" class="Tests\Feature\Models\UserLocaleSettingTest" classname="Tests.Feature.Models.UserLocaleSettingTest" assertions="1" time="0.053605"/>
        <testcase name="test_find_for_user_with_session_id" file="C:\Users\Gaser\Desktop\COPRRA\tests\Feature\Models\UserLocaleSettingTest.php" line="125" class="Tests\Feature\Models\UserLocaleSettingTest" classname="Tests.Feature.Models.UserLocaleSettingTest" assertions="3" time="0.053988"/>
        <testcase name="test_it_belongs_to_user" file="C:\Users\Gaser\Desktop\COPRRA\tests\Feature\Models\UserLocaleSettingTest.php" line="75" class="Tests\Feature\Models\UserLocaleSettingTest" classname="Tests.Feature.Models.UserLocaleSettingTest" assertions="2" time="0.323882"/>
        <testcase name="test_it_belongs_to_currency" file="C:\Users\Gaser\Desktop\COPRRA\tests\Feature\Models\UserLocaleSettingTest.php" line="95" class="Tests\Feature\Models\UserLocaleSettingTest" classname="Tests.Feature.Models.UserLocaleSettingTest" assertions="2" time="0.341050"/>
        <testcase name="test_can_have_null_country_code" file="C:\Users\Gaser\Desktop\COPRRA\tests\Feature\Models\UserLocaleSettingTest.php" line="404" class="Tests\Feature\Models\UserLocaleSettingTest" classname="Tests.Feature.Models.UserLocaleSettingTest" assertions="1" time="0.333828"/>
        <testcase name="test_it_casts_attributes_correctly" file="C:\Users\Gaser\Desktop\COPRRA\tests\Feature\Models\UserLocaleSettingTest.php" line="57" class="Tests\Feature\Models\UserLocaleSettingTest" classname="Tests.Feature.Models.UserLocaleSettingTest" assertions="3" time="0.325316"/>
        <testcase name="test_find_for_user_returns_null_when_no_match" file="C:\Users\Gaser\Desktop\COPRRA\tests\Feature\Models\UserLocaleSettingTest.php" line="186" class="Tests\Feature\Models\UserLocaleSettingTest" classname="Tests.Feature.Models.UserLocaleSettingTest" assertions="1" time="0.084111"/>
      </testsuite>
      <testsuite name="Tests\Feature\Http\Middleware\AuthenticateTest" file="C:\Users\Gaser\Desktop\COPRRA\tests\Feature\Http\Middleware\AuthenticateTest.php" tests="5" assertions="6" errors="0" failures="0" skipped="0" time="0.000000">
        <testcase name="test_authenticate_middleware_redirects_web_requests_to_login" file="C:\Users\Gaser\Desktop\COPRRA\tests\Feature\Http\Middleware\AuthenticateTest.php" line="27" class="Tests\Feature\Http\Middleware\AuthenticateTest" classname="Tests.Feature.Http.Middleware.AuthenticateTest" assertions="1" time="0.068119"/>
        <testcase name="test_authenticate_middleware_passes_authenticated_requests" file="C:\Users\Gaser\Desktop\COPRRA\tests\Feature\Http\Middleware\AuthenticateTest.php" line="70" class="Tests\Feature\Http\Middleware\AuthenticateTest" classname="Tests.Feature.Http.Middleware.AuthenticateTest" assertions="2" time="0.059864"/>
        <testcase name="test_authenticate_middleware_handles_different_request_types" file="C:\Users\Gaser\Desktop\COPRRA\tests\Feature\Http\Middleware\AuthenticateTest.php" line="96" class="Tests\Feature\Http\Middleware\AuthenticateTest" classname="Tests.Feature.Http.Middleware.AuthenticateTest" assertions="1" time="0.060337"/>
        <testcase name="test_authenticate_middleware_handles_api_route_pattern" file="C:\Users\Gaser\Desktop\COPRRA\tests\Feature\Http\Middleware\AuthenticateTest.php" line="56" class="Tests\Feature\Http\Middleware\AuthenticateTest" classname="Tests.Feature.Http.Middleware.AuthenticateTest" assertions="1" time="0.101516"/>
        <testcase name="test_authenticate_middleware_returns_json_for_api_requests" file="C:\Users\Gaser\Desktop\COPRRA\tests\Feature\Http\Middleware\AuthenticateTest.php" line="42" class="Tests\Feature\Http\Middleware\AuthenticateTest" classname="Tests.Feature.Http.Middleware.AuthenticateTest" assertions="1" time="0.067809"/>
      </testsuite>
      <testsuite name="Tests\Feature\Http\Middleware\ValidateSignatureTest" file="C:\Users\Gaser\Desktop\COPRRA\tests\Feature\Http\Middleware\ValidateSignatureTest.php" tests="5" assertions="10" errors="0" failures="0" skipped="0" time="0.000000">
        <testcase name="test_validate_signature_middleware_handles_api_requests" file="C:\Users\Gaser\Desktop\COPRRA\tests\Feature\Http\Middleware\ValidateSignatureTest.php" line="72" class="Tests\Feature\Http\Middleware\ValidateSignatureTest" classname="Tests.Feature.Http.Middleware.ValidateSignatureTest" assertions="2" time="0.058490"/>
        <testcase name="test_validate_signature_middleware_handles_missing_signature" file="C:\Users\Gaser\Desktop\COPRRA\tests\Feature\Http\Middleware\ValidateSignatureTest.php" line="30" class="Tests\Feature\Http\Middleware\ValidateSignatureTest" classname="Tests.Feature.Http.Middleware.ValidateSignatureTest" assertions="2" time="0.052572"/>
        <testcase name="test_validate_signature_middleware_handles_invalid_signature" file="C:\Users\Gaser\Desktop\COPRRA\tests\Feature\Http\Middleware\ValidateSignatureTest.php" line="43" class="Tests\Feature\Http\Middleware\ValidateSignatureTest" classname="Tests.Feature.Http.Middleware.ValidateSignatureTest" assertions="2" time="0.057739"/>
        <testcase name="test_validate_signature_middleware_handles_post_requests" file="C:\Users\Gaser\Desktop\COPRRA\tests\Feature\Http\Middleware\ValidateSignatureTest.php" line="57" class="Tests\Feature\Http\Middleware\ValidateSignatureTest" classname="Tests.Feature.Http.Middleware.ValidateSignatureTest" assertions="2" time="0.055515"/>
        <testcase name="test_validate_signature_middleware_validates_correct_signature" file="C:\Users\Gaser\Desktop\COPRRA\tests\Feature\Http\Middleware\ValidateSignatureTest.php" line="16" class="Tests\Feature\Http\Middleware\ValidateSignatureTest" classname="Tests.Feature.Http.Middleware.ValidateSignatureTest" assertions="2" time="0.063097"/>
      </testsuite>
      <testsuite name="Tests\Feature\MemoryLeakTest" file="C:\Users\Gaser\Desktop\COPRRA\tests\Feature\MemoryLeakTest.php" tests="3" assertions="3" errors="0" failures="0" skipped="0" time="0.000000">
        <testcase name="test_validation" file="C:\Users\Gaser\Desktop\COPRRA\tests\Feature\MemoryLeakTest.php" line="30" class="Tests\Feature\MemoryLeakTest" classname="Tests.Feature.MemoryLeakTest" assertions="1" time="0.069305"/>
        <testcase name="test_expected_behavior" file="C:\Users\Gaser\Desktop\COPRRA\tests\Feature\MemoryLeakTest.php" line="23" class="Tests\Feature\MemoryLeakTest" classname="Tests.Feature.MemoryLeakTest" assertions="1" time="0.049878"/>
        <testcase name="test_basic_functionality" file="C:\Users\Gaser\Desktop\COPRRA\tests\Feature\MemoryLeakTest.php" line="16" class="Tests\Feature\MemoryLeakTest" classname="Tests.Feature.MemoryLeakTest" assertions="1" time="0.052489"/>
      </testsuite>
      <testsuite name="Tests\Feature\ApiVersioningTest" file="C:\Users\Gaser\Desktop\COPRRA\tests\Feature\ApiVersioningTest.php" tests="3" assertions="3" errors="0" failures="0" skipped="0" time="0.000000">
        <testcase name="test_basic_functionality" file="C:\Users\Gaser\Desktop\COPRRA\tests\Feature\ApiVersioningTest.php" line="16" class="Tests\Feature\ApiVersioningTest" classname="Tests.Feature.ApiVersioningTest" assertions="1" time="0.053370"/>
        <testcase name="test_validation" file="C:\Users\Gaser\Desktop\COPRRA\tests\Feature\ApiVersioningTest.php" line="30" class="Tests\Feature\ApiVersioningTest" classname="Tests.Feature.ApiVersioningTest" assertions="1" time="0.053531"/>
        <testcase name="test_expected_behavior" file="C:\Users\Gaser\Desktop\COPRRA\tests\Feature\ApiVersioningTest.php" line="23" class="Tests\Feature\ApiVersioningTest" classname="Tests.Feature.ApiVersioningTest" assertions="1" time="0.057706"/>
      </testsuite>
      <testsuite name="Tests\Feature\UITest" file="C:\Users\Gaser\Desktop\COPRRA\tests\Feature\UITest.php" tests="3" assertions="3" errors="0" failures="0" skipped="0" time="0.000000">
        <testcase name="test_validation" file="C:\Users\Gaser\Desktop\COPRRA\tests\Feature\UITest.php" line="30" class="Tests\Feature\UITest" classname="Tests.Feature.UITest" assertions="1" time="0.055038"/>
        <testcase name="test_expected_behavior" file="C:\Users\Gaser\Desktop\COPRRA\tests\Feature\UITest.php" line="23" class="Tests\Feature\UITest" classname="Tests.Feature.UITest" assertions="1" time="0.076044"/>
        <testcase name="test_basic_functionality" file="C:\Users\Gaser\Desktop\COPRRA\tests\Feature\UITest.php" line="16" class="Tests\Feature\UITest" classname="Tests.Feature.UITest" assertions="1" time="0.074538"/>
      </testsuite>
      <testsuite name="Tests\Feature\Services\QualityAnalysisServiceTest" file="C:\Users\Gaser\Desktop\COPRRA\tests\Feature\Services\QualityAnalysisServiceTest.php" tests="4" assertions="20" errors="0" failures="0" skipped="0" time="0.000000">
        <testcase name="test_handles_analysis_exception" file="C:\Users\Gaser\Desktop\COPRRA\tests\Feature\Services\QualityAnalysisServiceTest.php" line="44" class="Tests\Feature\Services\QualityAnalysisServiceTest" classname="Tests.Feature.Services.QualityAnalysisServiceTest" assertions="4" time="0.295037"/>
        <testcase name="test_analyzes_code_quality" file="C:\Users\Gaser\Desktop\COPRRA\tests\Feature\Services\QualityAnalysisServiceTest.php" line="30" class="Tests\Feature\Services\QualityAnalysisServiceTest" classname="Tests.Feature.Services.QualityAnalysisServiceTest" assertions="6" time="0.259430"/>
        <testcase name="test_returns_valid_score_range" file="C:\Users\Gaser\Desktop\COPRRA\tests\Feature\Services\QualityAnalysisServiceTest.php" line="57" class="Tests\Feature\Services\QualityAnalysisServiceTest" classname="Tests.Feature.Services.QualityAnalysisServiceTest" assertions="7" time="0.254446"/>
        <testcase name="test_returns_code_quality_category" file="C:\Users\Gaser\Desktop\COPRRA\tests\Feature\Services\QualityAnalysisServiceTest.php" line="70" class="Tests\Feature\Services\QualityAnalysisServiceTest" classname="Tests.Feature.Services.QualityAnalysisServiceTest" assertions="3" time="0.263954"/>
      </testsuite>
      <testsuite name="Tests\Feature\Models\PriceAlertTest" file="C:\Users\Gaser\Desktop\COPRRA\tests\Feature\Models\PriceAlertTest.php" tests="16" assertions="44" errors="0" failures="0" skipped="0" time="0.000000">
        <testcase name="test_scope_active" file="C:\Users\Gaser\Desktop\COPRRA\tests\Feature\Models\PriceAlertTest.php" line="95" class="Tests\Feature\Models\PriceAlertTest" classname="Tests.Feature.Models.PriceAlertTest" assertions="2" time="0.074580"/>
        <testcase name="test_it_casts_attributes_correctly" file="C:\Users\Gaser\Desktop\COPRRA\tests\Feature\Models\PriceAlertTest.php" line="51" class="Tests\Feature\Models\PriceAlertTest" classname="Tests.Feature.Models.PriceAlertTest" assertions="6" time="0.075861"/>
        <testcase name="test_it_belongs_to_user" file="C:\Users\Gaser\Desktop\COPRRA\tests\Feature\Models\PriceAlertTest.php" line="73" class="Tests\Feature\Models\PriceAlertTest" classname="Tests.Feature.Models.PriceAlertTest" assertions="2" time="0.063568"/>
        <testcase name="test_scope_for_user" file="C:\Users\Gaser\Desktop\COPRRA\tests\Feature\Models\PriceAlertTest.php" line="109" class="Tests\Feature\Models\PriceAlertTest" classname="Tests.Feature.Models.PriceAlertTest" assertions="2" time="0.062390"/>
        <testcase name="test_deactivate" file="C:\Users\Gaser\Desktop\COPRRA\tests\Feature\Models\PriceAlertTest.php" line="163" class="Tests\Feature\Models\PriceAlertTest" classname="Tests.Feature.Models.PriceAlertTest" assertions="1" time="0.061223"/>
        <testcase name="test_scope_for_product" file="C:\Users\Gaser\Desktop\COPRRA\tests\Feature\Models\PriceAlertTest.php" line="124" class="Tests\Feature\Models\PriceAlertTest" classname="Tests.Feature.Models.PriceAlertTest" assertions="2" time="0.063475"/>
        <testcase name="test_factory_creates_valid_price_alert" file="C:\Users\Gaser\Desktop\COPRRA\tests\Feature\Models\PriceAlertTest.php" line="248" class="Tests\Feature\Models\PriceAlertTest" classname="Tests.Feature.Models.PriceAlertTest" assertions="6" time="0.061678"/>
        <testcase name="test_activate" file="C:\Users\Gaser\Desktop\COPRRA\tests\Feature\Models\PriceAlertTest.php" line="151" class="Tests\Feature\Models\PriceAlertTest" classname="Tests.Feature.Models.PriceAlertTest" assertions="1" time="0.068984"/>
        <testcase name="test_fillable_attributes" file="C:\Users\Gaser\Desktop\COPRRA\tests\Feature\Models\PriceAlertTest.php" line="234" class="Tests\Feature\Models\PriceAlertTest" classname="Tests.Feature.Models.PriceAlertTest" assertions="1" time="0.081256"/>
        <testcase name="test_it_can_create_a_price_alert" file="C:\Users\Gaser\Desktop\COPRRA\tests\Feature\Models\PriceAlertTest.php" line="21" class="Tests\Feature\Models\PriceAlertTest" classname="Tests.Feature.Models.PriceAlertTest" assertions="7" time="0.111997"/>
        <testcase name="test_validation_fails_with_missing_required_fields" file="C:\Users\Gaser\Desktop\COPRRA\tests\Feature\Models\PriceAlertTest.php" line="193" class="Tests\Feature\Models\PriceAlertTest" classname="Tests.Feature.Models.PriceAlertTest" assertions="4" time="0.056775"/>
        <testcase name="test_it_belongs_to_product" file="C:\Users\Gaser\Desktop\COPRRA\tests\Feature\Models\PriceAlertTest.php" line="84" class="Tests\Feature\Models\PriceAlertTest" classname="Tests.Feature.Models.PriceAlertTest" assertions="2" time="0.061844"/>
        <testcase name="test_is_price_target_reached" file="C:\Users\Gaser\Desktop\COPRRA\tests\Feature\Models\PriceAlertTest.php" line="139" class="Tests\Feature\Models\PriceAlertTest" classname="Tests.Feature.Models.PriceAlertTest" assertions="3" time="0.057920"/>
        <testcase name="test_validation_passes_with_valid_data" file="C:\Users\Gaser\Desktop\COPRRA\tests\Feature\Models\PriceAlertTest.php" line="175" class="Tests\Feature\Models\PriceAlertTest" classname="Tests.Feature.Models.PriceAlertTest" assertions="2" time="0.058107"/>
        <testcase name="test_validation_fails_with_invalid_target_price" file="C:\Users\Gaser\Desktop\COPRRA\tests\Feature\Models\PriceAlertTest.php" line="205" class="Tests\Feature\Models\PriceAlertTest" classname="Tests.Feature.Models.PriceAlertTest" assertions="2" time="0.062527"/>
        <testcase name="test_soft_deletes" file="C:\Users\Gaser\Desktop\COPRRA\tests\Feature\Models\PriceAlertTest.php" line="222" class="Tests\Feature\Models\PriceAlertTest" classname="Tests.Feature.Models.PriceAlertTest" assertions="1" time="0.074378"/>
      </testsuite>
      <testsuite name="Tests\Feature\Http\Middleware\VerifyCsrfTokenTest" file="C:\Users\Gaser\Desktop\COPRRA\tests\Feature\Http\Middleware\VerifyCsrfTokenTest.php" tests="6" assertions="10" errors="0" failures="0" skipped="0" time="0.000000">
        <testcase name="test_verify_csrf_token_middleware_allows_valid_token" file="C:\Users\Gaser\Desktop\COPRRA\tests\Feature\Http\Middleware\VerifyCsrfTokenTest.php" line="16" class="Tests\Feature\Http\Middleware\VerifyCsrfTokenTest" classname="Tests.Feature.Http.Middleware.VerifyCsrfTokenTest" assertions="2" time="0.051260"/>
        <testcase name="test_verify_csrf_token_middleware_allows_get_requests" file="C:\Users\Gaser\Desktop\COPRRA\tests\Feature\Http\Middleware\VerifyCsrfTokenTest.php" line="55" class="Tests\Feature\Http\Middleware\VerifyCsrfTokenTest" classname="Tests.Feature.Http.Middleware.VerifyCsrfTokenTest" assertions="2" time="0.052788"/>
        <testcase name="test_verify_csrf_token_middleware_allows_head_requests" file="C:\Users\Gaser\Desktop\COPRRA\tests\Feature\Http\Middleware\VerifyCsrfTokenTest.php" line="68" class="Tests\Feature\Http\Middleware\VerifyCsrfTokenTest" classname="Tests.Feature.Http.Middleware.VerifyCsrfTokenTest" assertions="1" time="0.056779"/>
        <testcase name="test_verify_csrf_token_middleware_allows_options_requests" file="C:\Users\Gaser\Desktop\COPRRA\tests\Feature\Http\Middleware\VerifyCsrfTokenTest.php" line="80" class="Tests\Feature\Http\Middleware\VerifyCsrfTokenTest" classname="Tests.Feature.Http.Middleware.VerifyCsrfTokenTest" assertions="1" time="0.052597"/>
        <testcase name="test_verify_csrf_token_middleware_blocks_invalid_token" file="C:\Users\Gaser\Desktop\COPRRA\tests\Feature\Http\Middleware\VerifyCsrfTokenTest.php" line="36" class="Tests\Feature\Http\Middleware\VerifyCsrfTokenTest" classname="Tests.Feature.Http.Middleware.VerifyCsrfTokenTest" assertions="2" time="0.054912"/>
        <testcase name="test_verify_csrf_token_middleware_blocks_post_requests_without_token" file="C:\Users\Gaser\Desktop\COPRRA\tests\Feature\Http\Middleware\VerifyCsrfTokenTest.php" line="92" class="Tests\Feature\Http\Middleware\VerifyCsrfTokenTest" classname="Tests.Feature.Http.Middleware.VerifyCsrfTokenTest" assertions="2" time="0.054713"/>
      </testsuite>
      <testsuite name="Tests\Feature\FormValidationTest" file="C:\Users\Gaser\Desktop\COPRRA\tests\Feature\FormValidationTest.php" tests="3" assertions="3" errors="0" failures="0" skipped="0" time="0.000000">
        <testcase name="test_validation" file="C:\Users\Gaser\Desktop\COPRRA\tests\Feature\FormValidationTest.php" line="30" class="Tests\Feature\FormValidationTest" classname="Tests.Feature.FormValidationTest" assertions="1" time="0.071098"/>
        <testcase name="test_expected_behavior" file="C:\Users\Gaser\Desktop\COPRRA\tests\Feature\FormValidationTest.php" line="23" class="Tests\Feature\FormValidationTest" classname="Tests.Feature.FormValidationTest" assertions="1" time="0.056798"/>
        <testcase name="test_basic_functionality" file="C:\Users\Gaser\Desktop\COPRRA\tests\Feature\FormValidationTest.php" line="16" class="Tests\Feature\FormValidationTest" classname="Tests.Feature.FormValidationTest" assertions="1" time="0.060691"/>
      </testsuite>
      <testsuite name="Tests\Feature\Models\OrderTest" file="C:\Users\Gaser\Desktop\COPRRA\tests\Feature\Models\OrderTest.php" tests="8" assertions="31" errors="0" failures="0" skipped="0" time="0.000000">
        <testcase name="test_order_totals_calculation" file="C:\Users\Gaser\Desktop\COPRRA\tests\Feature\Models\OrderTest.php" line="173" class="Tests\Feature\Models\OrderTest" classname="Tests.Feature.Models.OrderTest" assertions="5" time="0.064627"/>
        <testcase name="test_it_can_create_an_order" file="C:\Users\Gaser\Desktop\COPRRA\tests\Feature\Models\OrderTest.php" line="20" class="Tests\Feature\Models\OrderTest" classname="Tests.Feature.Models.OrderTest" assertions="7" time="0.055429"/>
        <testcase name="test_order_status_transitions" file="C:\Users\Gaser\Desktop\COPRRA\tests\Feature\Models\OrderTest.php" line="157" class="Tests\Feature\Models\OrderTest" classname="Tests.Feature.Models.OrderTest" assertions="3" time="0.059877"/>
        <testcase name="test_scope_for_user" file="C:\Users\Gaser\Desktop\COPRRA\tests\Feature\Models\OrderTest.php" line="109" class="Tests\Feature\Models\OrderTest" classname="Tests.Feature.Models.OrderTest" assertions="3" time="0.061965"/>
        <testcase name="test_scope_by_status" file="C:\Users\Gaser\Desktop\COPRRA\tests\Feature\Models\OrderTest.php" line="91" class="Tests\Feature\Models\OrderTest" classname="Tests.Feature.Models.OrderTest" assertions="3" time="0.079208"/>
        <testcase name="test_order_casts_attributes_correctly" file="C:\Users\Gaser\Desktop\COPRRA\tests\Feature\Models\OrderTest.php" line="72" class="Tests\Feature\Models\OrderTest" classname="Tests.Feature.Models.OrderTest" assertions="5" time="0.060786"/>
        <testcase name="test_order_fillable_attributes" file="C:\Users\Gaser\Desktop\COPRRA\tests\Feature\Models\OrderTest.php" line="129" class="Tests\Feature\Models\OrderTest" classname="Tests.Feature.Models.OrderTest" assertions="1" time="0.053342"/>
        <testcase name="test_order_relationships" file="C:\Users\Gaser\Desktop\COPRRA\tests\Feature\Models\OrderTest.php" line="53" class="Tests\Feature\Models\OrderTest" classname="Tests.Feature.Models.OrderTest" assertions="4" time="0.066867"/>
      </testsuite>
      <testsuite name="Tests\Feature\Models\StoreTest" file="C:\Users\Gaser\Desktop\COPRRA\tests\Feature\Models\StoreTest.php" tests="3" assertions="6" errors="0" failures="0" skipped="0" time="0.000000">
        <testcase name="test_it_has_expected_properties" file="C:\Users\Gaser\Desktop\COPRRA\tests\Feature\Models\StoreTest.php" line="25" class="Tests\Feature\Models\StoreTest" classname="Tests.Feature.Models.StoreTest" assertions="2" time="0.054045"/>
        <testcase name="test_it_can_create_a_store" file="C:\Users\Gaser\Desktop\COPRRA\tests\Feature\Models\StoreTest.php" line="14" class="Tests\Feature\Models\StoreTest" classname="Tests.Feature.Models.StoreTest" assertions="2" time="0.052824"/>
        <testcase name="test_it_can_be_instantiated" file="C:\Users\Gaser\Desktop\COPRRA\tests\Feature\Models\StoreTest.php" line="36" class="Tests\Feature\Models\StoreTest" classname="Tests.Feature.Models.StoreTest" assertions="2" time="0.051606"/>
      </testsuite>
      <testsuite name="Tests\Feature\Http\Middleware\ThrottleRequestsTest" file="C:\Users\Gaser\Desktop\COPRRA\tests\Feature\Http\Middleware\ThrottleRequestsTest.php" tests="5" assertions="19" errors="0" failures="0" skipped="0" time="0.000000">
        <testcase name="test_throttle_requests_middleware_includes_retry_after_header" file="C:\Users\Gaser\Desktop\COPRRA\tests\Feature\Http\Middleware\ThrottleRequestsTest.php" line="54" class="Tests\Feature\Http\Middleware\ThrottleRequestsTest" classname="Tests.Feature.Http.Middleware.ThrottleRequestsTest" assertions="6" time="0.073530"/>
        <testcase name="test_throttle_requests_middleware_blocks_requests_exceeding_limit" file="C:\Users\Gaser\Desktop\COPRRA\tests\Feature\Http\Middleware\ThrottleRequestsTest.php" line="37" class="Tests\Feature\Http\Middleware\ThrottleRequestsTest" classname="Tests.Feature.Http.Middleware.ThrottleRequestsTest" assertions="1" time="0.057222"/>
        <testcase name="test_throttle_requests_middleware_handles_different_ips_separately" file="C:\Users\Gaser\Desktop\COPRRA\tests\Feature\Http\Middleware\ThrottleRequestsTest.php" line="77" class="Tests\Feature\Http\Middleware\ThrottleRequestsTest" classname="Tests.Feature.Http.Middleware.ThrottleRequestsTest" assertions="2" time="0.056288"/>
        <testcase name="test_throttle_requests_middleware_resets_after_time_window" file="C:\Users\Gaser\Desktop\COPRRA\tests\Feature\Http\Middleware\ThrottleRequestsTest.php" line="105" class="Tests\Feature\Http\Middleware\ThrottleRequestsTest" classname="Tests.Feature.Http.Middleware.ThrottleRequestsTest" assertions="8" time="0.056815"/>
        <testcase name="test_throttle_requests_middleware_allows_requests_within_limit" file="C:\Users\Gaser\Desktop\COPRRA\tests\Feature\Http\Middleware\ThrottleRequestsTest.php" line="23" class="Tests\Feature\Http\Middleware\ThrottleRequestsTest" classname="Tests.Feature.Http.Middleware.ThrottleRequestsTest" assertions="2" time="0.057464"/>
      </testsuite>
      <testsuite name="Tests\Feature\Services\ProcessServiceTest" file="C:\Users\Gaser\Desktop\COPRRA\tests\Feature\Services\ProcessServiceTest.php" tests="10" assertions="23" errors="0" failures="0" skipped="0" time="0.000000">
        <testcase name="test_cleans_data_successfully" file="C:\Users\Gaser\Desktop\COPRRA\tests\Feature\Services\ProcessServiceTest.php" line="124" class="Tests\Feature\Services\ProcessServiceTest" classname="Tests.Feature.Services.ProcessServiceTest" assertions="2" time="0.069875"/>
        <testcase name="test_runs_process_command_successfully" file="C:\Users\Gaser\Desktop\COPRRA\tests\Feature\Services\ProcessServiceTest.php" line="32" class="Tests\Feature\Services\ProcessServiceTest" classname="Tests.Feature.Services.ProcessServiceTest" assertions="4" time="0.079243"/>
        <testcase name="test_gets_processing_metrics" file="C:\Users\Gaser\Desktop\COPRRA\tests\Feature\Services\ProcessServiceTest.php" line="179" class="Tests\Feature\Services\ProcessServiceTest" classname="Tests.Feature.Services.ProcessServiceTest" assertions="3" time="0.072824"/>
        <testcase name="test_handles_null_data" file="C:\Users\Gaser\Desktop\COPRRA\tests\Feature\Services\ProcessServiceTest.php" line="81" class="Tests\Feature\Services\ProcessServiceTest" classname="Tests.Feature.Services.ProcessServiceTest" assertions="3" time="0.052868"/>
        <testcase name="test_gets_processing_status" file="C:\Users\Gaser\Desktop\COPRRA\tests\Feature\Services\ProcessServiceTest.php" line="156" class="Tests\Feature\Services\ProcessServiceTest" classname="Tests.Feature.Services.ProcessServiceTest" assertions="1" time="0.054346"/>
        <testcase name="test_resets_service" file="C:\Users\Gaser\Desktop\COPRRA\tests\Feature\Services\ProcessServiceTest.php" line="165" class="Tests\Feature\Services\ProcessServiceTest" classname="Tests.Feature.Services.ProcessServiceTest" assertions="2" time="0.052120"/>
        <testcase name="test_validates_data_with_empty_name" file="C:\Users\Gaser\Desktop\COPRRA\tests\Feature\Services\ProcessServiceTest.php" line="107" class="Tests\Feature\Services\ProcessServiceTest" classname="Tests.Feature.Services.ProcessServiceTest" assertions="2" time="0.054823"/>
        <testcase name="test_transforms_data_successfully" file="C:\Users\Gaser\Desktop\COPRRA\tests\Feature\Services\ProcessServiceTest.php" line="140" class="Tests\Feature\Services\ProcessServiceTest" classname="Tests.Feature.Services.ProcessServiceTest" assertions="2" time="0.053046"/>
        <testcase name="test_validates_data_successfully" file="C:\Users\Gaser\Desktop\COPRRA\tests\Feature\Services\ProcessServiceTest.php" line="92" class="Tests\Feature\Services\ProcessServiceTest" classname="Tests.Feature.Services.ProcessServiceTest" assertions="1" time="0.052606"/>
        <testcase name="test_processes_data_successfully" file="C:\Users\Gaser\Desktop\COPRRA\tests\Feature\Services\ProcessServiceTest.php" line="64" class="Tests\Feature\Services\ProcessServiceTest" classname="Tests.Feature.Services.ProcessServiceTest" assertions="3" time="0.066533"/>
      </testsuite>
      <testsuite name="Tests\Feature\Http\Middleware\TrustProxiesTest" file="C:\Users\Gaser\Desktop\COPRRA\tests\Feature\Http\Middleware\TrustProxiesTest.php" tests="5" assertions="10" errors="0" failures="0" skipped="0" time="0.000000">
        <testcase name="test_trust_proxies_middleware_handles_port_forwarding" file="C:\Users\Gaser\Desktop\COPRRA\tests\Feature\Http\Middleware\TrustProxiesTest.php" line="45" class="Tests\Feature\Http\Middleware\TrustProxiesTest" classname="Tests.Feature.Http.Middleware.TrustProxiesTest" assertions="2" time="0.055454"/>
        <testcase name="test_trust_proxies_middleware_handles_proxy_headers" file="C:\Users\Gaser\Desktop\COPRRA\tests\Feature\Http\Middleware\TrustProxiesTest.php" line="16" class="Tests\Feature\Http\Middleware\TrustProxiesTest" classname="Tests.Feature.Http.Middleware.TrustProxiesTest" assertions="2" time="0.053502"/>
        <testcase name="test_trust_proxies_middleware_handles_https_forwarding" file="C:\Users\Gaser\Desktop\COPRRA\tests\Feature\Http\Middleware\TrustProxiesTest.php" line="31" class="Tests\Feature\Http\Middleware\TrustProxiesTest" classname="Tests.Feature.Http.Middleware.TrustProxiesTest" assertions="2" time="0.053519"/>
        <testcase name="test_trust_proxies_middleware_handles_host_forwarding" file="C:\Users\Gaser\Desktop\COPRRA\tests\Feature\Http\Middleware\TrustProxiesTest.php" line="59" class="Tests\Feature\Http\Middleware\TrustProxiesTest" classname="Tests.Feature.Http.Middleware.TrustProxiesTest" assertions="2" time="0.053049"/>
        <testcase name="test_trust_proxies_middleware_handles_no_proxy_headers" file="C:\Users\Gaser\Desktop\COPRRA\tests\Feature\Http\Middleware\TrustProxiesTest.php" line="73" class="Tests\Feature\Http\Middleware\TrustProxiesTest" classname="Tests.Feature.Http.Middleware.TrustProxiesTest" assertions="2" time="0.052041"/>
      </testsuite>
      <testsuite name="Tests\Feature\Http\Middleware\ThrottleSensitiveOperationsTest" file="C:\Users\Gaser\Desktop\COPRRA\tests\Feature\Http\Middleware\ThrottleSensitiveOperationsTest.php" tests="5" assertions="10" errors="0" failures="0" skipped="0" time="0.000000">
        <testcase name="test_throttle_sensitive_operations_middleware_handles_api_requests" file="C:\Users\Gaser\Desktop\COPRRA\tests\Feature\Http\Middleware\ThrottleSensitiveOperationsTest.php" line="77" class="Tests\Feature\Http\Middleware\ThrottleSensitiveOperationsTest" classname="Tests.Feature.Http.Middleware.ThrottleSensitiveOperationsTest" assertions="2" time="0.053576"/>
        <testcase name="test_throttle_sensitive_operations_middleware_allows_requests_within_limit" file="C:\Users\Gaser\Desktop\COPRRA\tests\Feature\Http\Middleware\ThrottleSensitiveOperationsTest.php" line="16" class="Tests\Feature\Http\Middleware\ThrottleSensitiveOperationsTest" classname="Tests.Feature.Http.Middleware.ThrottleSensitiveOperationsTest" assertions="2" time="0.069304"/>
        <testcase name="test_throttle_sensitive_operations_middleware_handles_email_change" file="C:\Users\Gaser\Desktop\COPRRA\tests\Feature\Http\Middleware\ThrottleSensitiveOperationsTest.php" line="48" class="Tests\Feature\Http\Middleware\ThrottleSensitiveOperationsTest" classname="Tests.Feature.Http.Middleware.ThrottleSensitiveOperationsTest" assertions="2" time="0.056039"/>
        <testcase name="test_throttle_sensitive_operations_middleware_handles_get_requests" file="C:\Users\Gaser\Desktop\COPRRA\tests\Feature\Http\Middleware\ThrottleSensitiveOperationsTest.php" line="64" class="Tests\Feature\Http\Middleware\ThrottleSensitiveOperationsTest" classname="Tests.Feature.Http.Middleware.ThrottleSensitiveOperationsTest" assertions="2" time="0.053349"/>
        <testcase name="test_throttle_sensitive_operations_middleware_handles_password_change" file="C:\Users\Gaser\Desktop\COPRRA\tests\Feature\Http\Middleware\ThrottleSensitiveOperationsTest.php" line="31" class="Tests\Feature\Http\Middleware\ThrottleSensitiveOperationsTest" classname="Tests.Feature.Http.Middleware.ThrottleSensitiveOperationsTest" assertions="2" time="0.055103"/>
      </testsuite>
      <testsuite name="Tests\Feature\Http\Middleware\PreventRequestsDuringMaintenanceTest" file="C:\Users\Gaser\Desktop\COPRRA\tests\Feature\Http\Middleware\PreventRequestsDuringMaintenanceTest.php" tests="5" assertions="12" errors="0" failures="0" skipped="0" time="0.000000">
        <testcase name="test_prevent_requests_during_maintenance_middleware_blocks_requests_during_maintenance" file="C:\Users\Gaser\Desktop\COPRRA\tests\Feature\Http\Middleware\PreventRequestsDuringMaintenanceTest.php" line="41" class="Tests\Feature\Http\Middleware\PreventRequestsDuringMaintenanceTest" classname="Tests.Feature.Http.Middleware.PreventRequestsDuringMaintenanceTest" assertions="2" time="0.063302"/>
        <testcase name="test_prevent_requests_during_maintenance_middleware_handles_api_requests" file="C:\Users\Gaser\Desktop\COPRRA\tests\Feature\Http\Middleware\PreventRequestsDuringMaintenanceTest.php" line="102" class="Tests\Feature\Http\Middleware\PreventRequestsDuringMaintenanceTest" classname="Tests.Feature.Http.Middleware.PreventRequestsDuringMaintenanceTest" assertions="3" time="0.060544"/>
        <testcase name="test_prevent_requests_during_maintenance_middleware_handles_maintenance_mode_with_exceptions" file="C:\Users\Gaser\Desktop\COPRRA\tests\Feature\Http\Middleware\PreventRequestsDuringMaintenanceTest.php" line="64" class="Tests\Feature\Http\Middleware\PreventRequestsDuringMaintenanceTest" classname="Tests.Feature.Http.Middleware.PreventRequestsDuringMaintenanceTest" assertions="2" time="0.054924"/>
        <testcase name="test_prevent_requests_during_maintenance_middleware_handles_different_request_methods" file="C:\Users\Gaser\Desktop\COPRRA\tests\Feature\Http\Middleware\PreventRequestsDuringMaintenanceTest.php" line="85" class="Tests\Feature\Http\Middleware\PreventRequestsDuringMaintenanceTest" classname="Tests.Feature.Http.Middleware.PreventRequestsDuringMaintenanceTest" assertions="1" time="0.070248"/>
        <testcase name="test_prevent_requests_during_maintenance_middleware_allows_requests_when_not_in_maintenance" file="C:\Users\Gaser\Desktop\COPRRA\tests\Feature\Http\Middleware\PreventRequestsDuringMaintenanceTest.php" line="16" class="Tests\Feature\Http\Middleware\PreventRequestsDuringMaintenanceTest" classname="Tests.Feature.Http.Middleware.PreventRequestsDuringMaintenanceTest" assertions="4" time="0.052425"/>
      </testsuite>
      <testsuite name="Tests\Feature\Services\PasswordHistoryServiceTest" file="C:\Users\Gaser\Desktop\COPRRA\tests\Feature\Services\PasswordHistoryServiceTest.php" tests="7" assertions="7" errors="0" failures="0" skipped="0" time="0.000000">
        <testcase name="test_handles_save_password_history_exception" file="C:\Users\Gaser\Desktop\COPRRA\tests\Feature\Services\PasswordHistoryServiceTest.php" line="132" class="Tests\Feature\Services\PasswordHistoryServiceTest" classname="Tests.Feature.Services.PasswordHistoryServiceTest" assertions="1" time="0.057446"/>
        <testcase name="test_checks_password_not_in_history" file="C:\Users\Gaser\Desktop\COPRRA\tests\Feature\Services\PasswordHistoryServiceTest.php" line="35" class="Tests\Feature\Services\PasswordHistoryServiceTest" classname="Tests.Feature.Services.PasswordHistoryServiceTest" assertions="1" time="0.053776"/>
        <testcase name="test_clears_password_history" file="C:\Users\Gaser\Desktop\COPRRA\tests\Feature\Services\PasswordHistoryServiceTest.php" line="94" class="Tests\Feature\Services\PasswordHistoryServiceTest" classname="Tests.Feature.Services.PasswordHistoryServiceTest" assertions="1" time="0.051835"/>
        <testcase name="test_checks_password_in_history" file="C:\Users\Gaser\Desktop\COPRRA\tests\Feature\Services\PasswordHistoryServiceTest.php" line="52" class="Tests\Feature\Services\PasswordHistoryServiceTest" classname="Tests.Feature.Services.PasswordHistoryServiceTest" assertions="1" time="0.057896"/>
        <testcase name="test_saves_password_to_history" file="C:\Users\Gaser\Desktop\COPRRA\tests\Feature\Services\PasswordHistoryServiceTest.php" line="70" class="Tests\Feature\Services\PasswordHistoryServiceTest" classname="Tests.Feature.Services.PasswordHistoryServiceTest" assertions="1" time="0.056135"/>
        <testcase name="test_handles_password_history_check_exception" file="C:\Users\Gaser\Desktop\COPRRA\tests\Feature\Services\PasswordHistoryServiceTest.php" line="113" class="Tests\Feature\Services\PasswordHistoryServiceTest" classname="Tests.Feature.Services.PasswordHistoryServiceTest" assertions="1" time="0.070591"/>
        <testcase name="test_limits_password_history_count" file="C:\Users\Gaser\Desktop\COPRRA\tests\Feature\Services\PasswordHistoryServiceTest.php" line="151" class="Tests\Feature\Services\PasswordHistoryServiceTest" classname="Tests.Feature.Services.PasswordHistoryServiceTest" assertions="1" time="0.053148"/>
      </testsuite>
      <testsuite name="Tests\Feature\Http\Middleware\AddQueuedCookiesToResponseTest" file="C:\Users\Gaser\Desktop\COPRRA\tests\Feature\Http\Middleware\AddQueuedCookiesToResponseTest.php" tests="3" assertions="6" errors="0" failures="0" skipped="0" time="0.000000">
        <testcase name="test_add_queued_cookies_middleware_adds_cookies_to_response" file="C:\Users\Gaser\Desktop\COPRRA\tests\Feature\Http\Middleware\AddQueuedCookiesToResponseTest.php" line="15" class="Tests\Feature\Http\Middleware\AddQueuedCookiesToResponseTest" classname="Tests.Feature.Http.Middleware.AddQueuedCookiesToResponseTest" assertions="2" time="0.052114"/>
        <testcase name="test_add_queued_cookies_middleware_passes_request_successfully" file="C:\Users\Gaser\Desktop\COPRRA\tests\Feature\Http\Middleware\AddQueuedCookiesToResponseTest.php" line="31" class="Tests\Feature\Http\Middleware\AddQueuedCookiesToResponseTest" classname="Tests.Feature.Http.Middleware.AddQueuedCookiesToResponseTest" assertions="2" time="0.051493"/>
        <testcase name="test_add_queued_cookies_middleware_handles_multiple_cookies" file="C:\Users\Gaser\Desktop\COPRRA\tests\Feature\Http\Middleware\AddQueuedCookiesToResponseTest.php" line="44" class="Tests\Feature\Http\Middleware\AddQueuedCookiesToResponseTest" classname="Tests.Feature.Http.Middleware.AddQueuedCookiesToResponseTest" assertions="2" time="0.056509"/>
      </testsuite>
      <testsuite name="Tests\Feature\Http\Middleware\EnsureEmailIsVerifiedTest" file="C:\Users\Gaser\Desktop\COPRRA\tests\Feature\Http\Middleware\EnsureEmailIsVerifiedTest.php" tests="5" assertions="8" errors="0" failures="0" skipped="0" time="0.000000">
        <testcase name="test_ensure_email_is_verified_middleware_handles_api_requests" file="C:\Users\Gaser\Desktop\COPRRA\tests\Feature\Http\Middleware\EnsureEmailIsVerifiedTest.php" line="67" class="Tests\Feature\Http\Middleware\EnsureEmailIsVerifiedTest" classname="Tests.Feature.Http.Middleware.EnsureEmailIsVerifiedTest" assertions="1" time="0.056275"/>
        <testcase name="test_ensure_email_is_verified_middleware_allows_verified_users" file="C:\Users\Gaser\Desktop\COPRRA\tests\Feature\Http\Middleware\EnsureEmailIsVerifiedTest.php" line="17" class="Tests\Feature\Http\Middleware\EnsureEmailIsVerifiedTest" classname="Tests.Feature.Http.Middleware.EnsureEmailIsVerifiedTest" assertions="2" time="0.082404"/>
        <testcase name="test_ensure_email_is_verified_middleware_redirects_unverified_users" file="C:\Users\Gaser\Desktop\COPRRA\tests\Feature\Http\Middleware\EnsureEmailIsVerifiedTest.php" line="36" class="Tests\Feature\Http\Middleware\EnsureEmailIsVerifiedTest" classname="Tests.Feature.Http.Middleware.EnsureEmailIsVerifiedTest" assertions="1" time="0.062612"/>
        <testcase name="test_ensure_email_is_verified_middleware_handles_post_requests" file="C:\Users\Gaser\Desktop\COPRRA\tests\Feature\Http\Middleware\EnsureEmailIsVerifiedTest.php" line="86" class="Tests\Feature\Http\Middleware\EnsureEmailIsVerifiedTest" classname="Tests.Feature.Http.Middleware.EnsureEmailIsVerifiedTest" assertions="2" time="0.066169"/>
        <testcase name="test_ensure_email_is_verified_middleware_handles_unauthenticated_users" file="C:\Users\Gaser\Desktop\COPRRA\tests\Feature\Http\Middleware\EnsureEmailIsVerifiedTest.php" line="54" class="Tests\Feature\Http\Middleware\EnsureEmailIsVerifiedTest" classname="Tests.Feature.Http.Middleware.EnsureEmailIsVerifiedTest" assertions="2" time="0.067783"/>
      </testsuite>
      <testsuite name="Tests\Feature\Http\Controllers\Api\AuthControllerTest" file="C:\Users\Gaser\Desktop\COPRRA\tests\Feature\Http\Controllers\Api\AuthControllerTest.php" tests="20" assertions="62" errors="0" failures="0" skipped="0" time="0.000000">
        <testcase name="test_handles_login_with_very_long_password" file="C:\Users\Gaser\Desktop\COPRRA\tests\Feature\Http\Controllers\Api\AuthControllerTest.php" line="229" class="Tests\Feature\Http\Controllers\Api\AuthControllerTest" classname="Tests.Feature.Http.Controllers.Api.AuthControllerTest" assertions="3" time="0.075738"/>
        <testcase name="test_returns_401_for_invalid_token" file="C:\Users\Gaser\Desktop\COPRRA\tests\Feature\Http\Controllers\Api\AuthControllerTest.php" line="144" class="Tests\Feature\Http\Controllers\Api\AuthControllerTest" classname="Tests.Feature.Http.Controllers.Api.AuthControllerTest" assertions="2" time="0.059770"/>
        <testcase name="test_can_get_authenticated_user_info" file="C:\Users\Gaser\Desktop\COPRRA\tests\Feature\Http\Controllers\Api\AuthControllerTest.php" line="112" class="Tests\Feature\Http\Controllers\Api\AuthControllerTest" classname="Tests.Feature.Http.Controllers.Api.AuthControllerTest" assertions="5" time="0.060646"/>
        <testcase name="test_can_logout_unauthenticated_user" file="C:\Users\Gaser\Desktop\COPRRA\tests\Feature\Http\Controllers\Api\AuthControllerTest.php" line="105" class="Tests\Feature\Http\Controllers\Api\AuthControllerTest" classname="Tests.Feature.Http.Controllers.Api.AuthControllerTest" assertions="1" time="0.073292"/>
        <testcase name="test_handles_logout_without_authorization_header" file="C:\Users\Gaser\Desktop\COPRRA\tests\Feature\Http\Controllers\Api\AuthControllerTest.php" line="291" class="Tests\Feature\Http\Controllers\Api\AuthControllerTest" classname="Tests.Feature.Http.Controllers.Api.AuthControllerTest" assertions="1" time="0.058489"/>
        <testcase name="test_handles_login_with_empty_credentials" file="C:\Users\Gaser\Desktop\COPRRA\tests\Feature\Http\Controllers\Api\AuthControllerTest.php" line="207" class="Tests\Feature\Http\Controllers\Api\AuthControllerTest" classname="Tests.Feature.Http.Controllers.Api.AuthControllerTest" assertions="4" time="0.055412"/>
        <testcase name="test_handles_login_with_sql_injection_attempt" file="C:\Users\Gaser\Desktop\COPRRA\tests\Feature\Http\Controllers\Api\AuthControllerTest.php" line="240" class="Tests\Feature\Http\Controllers\Api\AuthControllerTest" classname="Tests.Feature.Http.Controllers.Api.AuthControllerTest" assertions="3" time="0.060750"/>
        <testcase name="test_returns_validation_error_for_nonexistent_user" file="C:\Users\Gaser\Desktop\COPRRA\tests\Feature\Http\Controllers\Api\AuthControllerTest.php" line="79" class="Tests\Feature\Http\Controllers\Api\AuthControllerTest" classname="Tests.Feature.Http.Controllers.Api.AuthControllerTest" assertions="3" time="0.055023"/>
        <testcase name="test_deletes_token_on_logout" file="C:\Users\Gaser\Desktop\COPRRA\tests\Feature\Http\Controllers\Api\AuthControllerTest.php" line="175" class="Tests\Feature\Http\Controllers\Api\AuthControllerTest" classname="Tests.Feature.Http.Controllers.Api.AuthControllerTest" assertions="3" time="0.060227"/>
        <testcase name="test_can_login_with_valid_credentials" file="C:\Users\Gaser\Desktop\COPRRA\tests\Feature\Http\Controllers\Api\AuthControllerTest.php" line="21" class="Tests\Feature\Http\Controllers\Api\AuthControllerTest" classname="Tests.Feature.Http.Controllers.Api.AuthControllerTest" assertions="8" time="0.077044"/>
        <testcase name="test_can_logout_authenticated_user" file="C:\Users\Gaser\Desktop\COPRRA\tests\Feature\Http\Controllers\Api\AuthControllerTest.php" line="90" class="Tests\Feature\Http\Controllers\Api\AuthControllerTest" classname="Tests.Feature.Http.Controllers.Api.AuthControllerTest" assertions="2" time="0.060850"/>
        <testcase name="test_handles_multiple_concurrent_logins" file="C:\Users\Gaser\Desktop\COPRRA\tests\Feature\Http\Controllers\Api\AuthControllerTest.php" line="262" class="Tests\Feature\Http\Controllers\Api\AuthControllerTest" classname="Tests.Feature.Http.Controllers.Api.AuthControllerTest" assertions="3" time="0.065893"/>
        <testcase name="test_returns_401_for_unauthenticated_me_request" file="C:\Users\Gaser\Desktop\COPRRA\tests\Feature\Http\Controllers\Api\AuthControllerTest.php" line="134" class="Tests\Feature\Http\Controllers\Api\AuthControllerTest" classname="Tests.Feature.Http.Controllers.Api.AuthControllerTest" assertions="2" time="0.055584"/>
        <testcase name="test_handles_login_with_xss_attempt" file="C:\Users\Gaser\Desktop\COPRRA\tests\Feature\Http\Controllers\Api\AuthControllerTest.php" line="251" class="Tests\Feature\Http\Controllers\Api\AuthControllerTest" classname="Tests.Feature.Http.Controllers.Api.AuthControllerTest" assertions="3" time="0.057817"/>
        <testcase name="test_handles_login_with_invalid_email_format" file="C:\Users\Gaser\Desktop\COPRRA\tests\Feature\Http\Controllers\Api\AuthControllerTest.php" line="218" class="Tests\Feature\Http\Controllers\Api\AuthControllerTest" classname="Tests.Feature.Http.Controllers.Api.AuthControllerTest" assertions="3" time="0.057028"/>
        <testcase name="test_creates_token_on_successful_login" file="C:\Users\Gaser\Desktop\COPRRA\tests\Feature\Http\Controllers\Api\AuthControllerTest.php" line="156" class="Tests\Feature\Http\Controllers\Api\AuthControllerTest" classname="Tests.Feature.Http.Controllers.Api.AuthControllerTest" assertions="3" time="0.068852"/>
        <testcase name="test_handles_me_request_without_authorization_header" file="C:\Users\Gaser\Desktop\COPRRA\tests\Feature\Http\Controllers\Api\AuthControllerTest.php" line="298" class="Tests\Feature\Http\Controllers\Api\AuthControllerTest" classname="Tests.Feature.Http.Controllers.Api.AuthControllerTest" assertions="2" time="0.079352"/>
        <testcase name="test_handles_login_with_missing_credentials" file="C:\Users\Gaser\Desktop\COPRRA\tests\Feature\Http\Controllers\Api\AuthControllerTest.php" line="199" class="Tests\Feature\Http\Controllers\Api\AuthControllerTest" classname="Tests.Feature.Http.Controllers.Api.AuthControllerTest" assertions="4" time="0.063059"/>
        <testcase name="test_returns_validation_error_for_invalid_credentials" file="C:\Users\Gaser\Desktop\COPRRA\tests\Feature\Http\Controllers\Api\AuthControllerTest.php" line="63" class="Tests\Feature\Http\Controllers\Api\AuthControllerTest" classname="Tests.Feature.Http.Controllers.Api.AuthControllerTest" assertions="3" time="0.062738"/>
        <testcase name="test_validates_login_request" file="C:\Users\Gaser\Desktop\COPRRA\tests\Feature\Http\Controllers\Api\AuthControllerTest.php" line="52" class="Tests\Feature\Http\Controllers\Api\AuthControllerTest" classname="Tests.Feature.Http.Controllers.Api.AuthControllerTest" assertions="4" time="0.060232"/>
      </testsuite>
      <testsuite name="Tests\Feature\Services\BackupServiceTest" file="C:\Users\Gaser\Desktop\COPRRA\tests\Feature\Services\BackupServiceTest.php" tests="11" assertions="33" errors="0" failures="0" skipped="0" time="17.000000">
        <testcase name="test_deletes_backup_successfully" file="C:\Users\Gaser\Desktop\COPRRA\tests\Feature\Services\BackupServiceTest.php" line="423" class="Tests\Feature\Services\BackupServiceTest" classname="Tests.Feature.Services.BackupServiceTest" assertions="1" time="0.059801"/>
        <testcase name="test_creates_database_backup_successfully" file="C:\Users\Gaser\Desktop\COPRRA\tests\Feature\Services\BackupServiceTest.php" line="159" class="Tests\Feature\Services\BackupServiceTest" classname="Tests.Feature.Services.BackupServiceTest" assertions="5" time="0.082082"/>
        <testcase name="test_returns_empty_list_when_no_backup_directory" file="C:\Users\Gaser\Desktop\COPRRA\tests\Feature\Services\BackupServiceTest.php" line="408" class="Tests\Feature\Services\BackupServiceTest" classname="Tests.Feature.Services.BackupServiceTest" assertions="2" time="0.066315"/>
        <testcase name="test_creates_files_backup_successfully" file="C:\Users\Gaser\Desktop\COPRRA\tests\Feature\Services\BackupServiceTest.php" line="232" class="Tests\Feature\Services\BackupServiceTest" classname="Tests.Feature.Services.BackupServiceTest" assertions="3" time="9.997236"/>
        <testcase name="test_lists_backups_successfully" file="C:\Users\Gaser\Desktop\COPRRA\tests\Feature\Services\BackupServiceTest.php" line="369" class="Tests\Feature\Services\BackupServiceTest" classname="Tests.Feature.Services.BackupServiceTest" assertions="4" time="0.117581"/>
        <testcase name="test_handles_delete_nonexistent_backup" file="C:\Users\Gaser\Desktop\COPRRA\tests\Feature\Services\BackupServiceTest.php" line="444" class="Tests\Feature\Services\BackupServiceTest" classname="Tests.Feature.Services.BackupServiceTest" assertions="1" time="0.081720"/>
        <testcase name="test_restores_from_backup_successfully" file="C:\Users\Gaser\Desktop\COPRRA\tests\Feature\Services\BackupServiceTest.php" line="285" class="Tests\Feature\Services\BackupServiceTest" classname="Tests.Feature.Services.BackupServiceTest" assertions="5" time="0.078256"/>
        <testcase name="test_handles_full_backup_exception" file="C:\Users\Gaser\Desktop\COPRRA\tests\Feature\Services\BackupServiceTest.php" line="134" class="Tests\Feature\Services\BackupServiceTest" classname="Tests.Feature.Services.BackupServiceTest" assertions="1" time="0.077370"/>
        <testcase name="test_handles_restore_with_nonexistent_backup" file="C:\Users\Gaser\Desktop\COPRRA\tests\Feature\Services\BackupServiceTest.php" line="353" class="Tests\Feature\Services\BackupServiceTest" classname="Tests.Feature.Services.BackupServiceTest" assertions="1" time="0.080462"/>
        <testcase name="test_creates_full_backup_successfully" file="C:\Users\Gaser\Desktop\COPRRA\tests\Feature\Services\BackupServiceTest.php" line="51" class="Tests\Feature\Services\BackupServiceTest" classname="Tests.Feature.Services.BackupServiceTest" assertions="9" time="8.354089"/>
        <testcase name="test_cleans_old_backups" file="C:\Users\Gaser\Desktop\COPRRA\tests\Feature\Services\BackupServiceTest.php" line="459" class="Tests\Feature\Services\BackupServiceTest" classname="Tests.Feature.Services.BackupServiceTest" assertions="1" time="0.206345"/>
      </testsuite>
      <testsuite name="Tests\Feature\DatabaseMigrationTest" file="C:\Users\Gaser\Desktop\COPRRA\tests\Feature\DatabaseMigrationTest.php" tests="3" assertions="3" errors="0" failures="0" skipped="0" time="0.000000">
        <testcase name="test_expected_behavior" file="C:\Users\Gaser\Desktop\COPRRA\tests\Feature\DatabaseMigrationTest.php" line="23" class="Tests\Feature\DatabaseMigrationTest" classname="Tests.Feature.DatabaseMigrationTest" assertions="1" time="0.116378"/>
        <testcase name="test_basic_functionality" file="C:\Users\Gaser\Desktop\COPRRA\tests\Feature\DatabaseMigrationTest.php" line="16" class="Tests\Feature\DatabaseMigrationTest" classname="Tests.Feature.DatabaseMigrationTest" assertions="1" time="0.063582"/>
        <testcase name="test_validation" file="C:\Users\Gaser\Desktop\COPRRA\tests\Feature\DatabaseMigrationTest.php" line="30" class="Tests\Feature\DatabaseMigrationTest" classname="Tests.Feature.DatabaseMigrationTest" assertions="1" time="0.069237"/>
      </testsuite>
      <testsuite name="Tests\Feature\Models\PaymentTest" file="C:\Users\Gaser\Desktop\COPRRA\tests\Feature\Models\PaymentTest.php" tests="8" assertions="25" errors="0" failures="0" skipped="0" time="0.000000">
        <testcase name="test_it_can_create_a_payment" file="C:\Users\Gaser\Desktop\COPRRA\tests\Feature\Models\PaymentTest.php" line="19" class="Tests\Feature\Models\PaymentTest" classname="Tests.Feature.Models.PaymentTest" assertions="7" time="0.070856"/>
        <testcase name="test_payment_amount_and_currency" file="C:\Users\Gaser\Desktop\COPRRA\tests\Feature\Models\PaymentTest.php" line="143" class="Tests\Feature\Models\PaymentTest" classname="Tests.Feature.Models.PaymentTest" assertions="2" time="0.069391"/>
        <testcase name="test_payment_fillable_attributes" file="C:\Users\Gaser\Desktop\COPRRA\tests\Feature\Models\PaymentTest.php" line="106" class="Tests\Feature\Models\PaymentTest" classname="Tests.Feature.Models.PaymentTest" assertions="1" time="0.124297"/>
        <testcase name="test_payment_gateway_response_storage" file="C:\Users\Gaser\Desktop\COPRRA\tests\Feature\Models\PaymentTest.php" line="157" class="Tests\Feature\Models\PaymentTest" classname="Tests.Feature.Models.PaymentTest" assertions="2" time="0.065379"/>
        <testcase name="test_payment_status_transitions" file="C:\Users\Gaser\Desktop\COPRRA\tests\Feature\Models\PaymentTest.php" line="128" class="Tests\Feature\Models\PaymentTest" classname="Tests.Feature.Models.PaymentTest" assertions="2" time="0.065047"/>
        <testcase name="test_payment_casts_attributes_correctly" file="C:\Users\Gaser\Desktop\COPRRA\tests\Feature\Models\PaymentTest.php" line="70" class="Tests\Feature\Models\PaymentTest" classname="Tests.Feature.Models.PaymentTest" assertions="3" time="0.066499"/>
        <testcase name="test_scope_by_status" file="C:\Users\Gaser\Desktop\COPRRA\tests\Feature\Models\PaymentTest.php" line="85" class="Tests\Feature\Models\PaymentTest" classname="Tests.Feature.Models.PaymentTest" assertions="4" time="0.078798"/>
        <testcase name="test_payment_relationships" file="C:\Users\Gaser\Desktop\COPRRA\tests\Feature\Models\PaymentTest.php" line="49" class="Tests\Feature\Models\PaymentTest" classname="Tests.Feature.Models.PaymentTest" assertions="4" time="0.072182"/>
      </testsuite>
      <testsuite name="Tests\Feature\FileUploadTest" file="C:\Users\Gaser\Desktop\COPRRA\tests\Feature\FileUploadTest.php" tests="3" assertions="3" errors="0" failures="0" skipped="0" time="0.000000">
        <testcase name="test_validation" file="C:\Users\Gaser\Desktop\COPRRA\tests\Feature\FileUploadTest.php" line="30" class="Tests\Feature\FileUploadTest" classname="Tests.Feature.FileUploadTest" assertions="1" time="0.062337"/>
        <testcase name="test_basic_functionality" file="C:\Users\Gaser\Desktop\COPRRA\tests\Feature\FileUploadTest.php" line="16" class="Tests\Feature\FileUploadTest" classname="Tests.Feature.FileUploadTest" assertions="1" time="0.110953"/>
        <testcase name="test_expected_behavior" file="C:\Users\Gaser\Desktop\COPRRA\tests\Feature\FileUploadTest.php" line="23" class="Tests\Feature\FileUploadTest" classname="Tests.Feature.FileUploadTest" assertions="1" time="0.082489"/>
      </testsuite>
      <testsuite name="Tests\Feature\Services\CacheServiceTest" file="C:\Users\Gaser\Desktop\COPRRA\tests\Feature\Services\CacheServiceTest.php" tests="9" assertions="9" errors="0" failures="0" skipped="0" time="0.000000">
        <testcase name="test_forgets_cache_by_key" file="C:\Users\Gaser\Desktop\COPRRA\tests\Feature\Services\CacheServiceTest.php" line="168" class="Tests\Feature\Services\CacheServiceTest" classname="Tests.Feature.Services.CacheServiceTest" assertions="1" time="0.060742"/>
        <testcase name="test_forgets_cache_by_tags" file="C:\Users\Gaser\Desktop\COPRRA\tests\Feature\Services\CacheServiceTest.php" line="184" class="Tests\Feature\Services\CacheServiceTest" classname="Tests.Feature.Services.CacheServiceTest" assertions="1" time="0.076245"/>
        <testcase name="test_handles_forget_exception" file="C:\Users\Gaser\Desktop\COPRRA\tests\Feature\Services\CacheServiceTest.php" line="209" class="Tests\Feature\Services\CacheServiceTest" classname="Tests.Feature.Services.CacheServiceTest" assertions="1" time="0.150601"/>
        <testcase name="test_handles_tags_when_supported" file="C:\Users\Gaser\Desktop\COPRRA\tests\Feature\Services\CacheServiceTest.php" line="112" class="Tests\Feature\Services\CacheServiceTest" classname="Tests.Feature.Services.CacheServiceTest" assertions="1" time="0.063239"/>
        <testcase name="test_logs_cache_miss_with_execution_time" file="C:\Users\Gaser\Desktop\COPRRA\tests\Feature\Services\CacheServiceTest.php" line="139" class="Tests\Feature\Services\CacheServiceTest" classname="Tests.Feature.Services.CacheServiceTest" assertions="1" time="0.086916"/>
        <testcase name="test_builds_cache_key_correctly" file="C:\Users\Gaser\Desktop\COPRRA\tests\Feature\Services\CacheServiceTest.php" line="92" class="Tests\Feature\Services\CacheServiceTest" classname="Tests.Feature.Services.CacheServiceTest" assertions="1" time="0.067832"/>
        <testcase name="test_executes_callback_on_cache_miss" file="C:\Users\Gaser\Desktop\COPRRA\tests\Feature\Services\CacheServiceTest.php" line="51" class="Tests\Feature\Services\CacheServiceTest" classname="Tests.Feature.Services.CacheServiceTest" assertions="1" time="0.081121"/>
        <testcase name="test_remembers_data_with_cache_hit" file="C:\Users\Gaser\Desktop\COPRRA\tests\Feature\Services\CacheServiceTest.php" line="32" class="Tests\Feature\Services\CacheServiceTest" classname="Tests.Feature.Services.CacheServiceTest" assertions="1" time="0.059853"/>
        <testcase name="test_handles_cache_exception_gracefully" file="C:\Users\Gaser\Desktop\COPRRA\tests\Feature\Services\CacheServiceTest.php" line="74" class="Tests\Feature\Services\CacheServiceTest" classname="Tests.Feature.Services.CacheServiceTest" assertions="1" time="0.059520"/>
      </testsuite>
      <testsuite name="Tests\Feature\HostingerTest" file="C:\Users\Gaser\Desktop\COPRRA\tests\Feature\HostingerTest.php" tests="3" assertions="3" errors="0" failures="0" skipped="0" time="0.000000">
        <testcase name="test_basic_functionality" file="C:\Users\Gaser\Desktop\COPRRA\tests\Feature\HostingerTest.php" line="16" class="Tests\Feature\HostingerTest" classname="Tests.Feature.HostingerTest" assertions="1" time="0.092295"/>
        <testcase name="test_expected_behavior" file="C:\Users\Gaser\Desktop\COPRRA\tests\Feature\HostingerTest.php" line="23" class="Tests\Feature\HostingerTest" classname="Tests.Feature.HostingerTest" assertions="1" time="0.159562"/>
        <testcase name="test_validation" file="C:\Users\Gaser\Desktop\COPRRA\tests\Feature\HostingerTest.php" line="30" class="Tests\Feature\HostingerTest" classname="Tests.Feature.HostingerTest" assertions="1" time="0.141391"/>
      </testsuite>
      <testsuite name="Tests\Feature\Http\Middleware\AuthorizeTest" file="C:\Users\Gaser\Desktop\COPRRA\tests\Feature\Http\Middleware\AuthorizeTest.php" tests="5" assertions="14" errors="0" failures="0" skipped="0" time="0.000000">
        <testcase name="test_authorize_middleware_handles_api_requests" file="C:\Users\Gaser\Desktop\COPRRA\tests\Feature\Http\Middleware\AuthorizeTest.php" line="88" class="Tests\Feature\Http\Middleware\AuthorizeTest" classname="Tests.Feature.Http.Middleware.AuthorizeTest" assertions="3" time="0.103430"/>
        <testcase name="test_authorize_middleware_allows_authorized_requests" file="C:\Users\Gaser\Desktop\COPRRA\tests\Feature\Http\Middleware\AuthorizeTest.php" line="17" class="Tests\Feature\Http\Middleware\AuthorizeTest" classname="Tests.Feature.Http.Middleware.AuthorizeTest" assertions="4" time="0.063049"/>
        <testcase name="test_authorize_middleware_handles_null_user" file="C:\Users\Gaser\Desktop\COPRRA\tests\Feature\Http\Middleware\AuthorizeTest.php" line="115" class="Tests\Feature\Http\Middleware\AuthorizeTest" classname="Tests.Feature.Http.Middleware.AuthorizeTest" assertions="1" time="0.060991"/>
        <testcase name="test_authorize_middleware_handles_unauthenticated_users" file="C:\Users\Gaser\Desktop\COPRRA\tests\Feature\Http\Middleware\AuthorizeTest.php" line="42" class="Tests\Feature\Http\Middleware\AuthorizeTest" classname="Tests.Feature.Http.Middleware.AuthorizeTest" assertions="3" time="0.060611"/>
        <testcase name="test_authorize_middleware_handles_post_requests" file="C:\Users\Gaser\Desktop\COPRRA\tests\Feature\Http\Middleware\AuthorizeTest.php" line="60" class="Tests\Feature\Http\Middleware\AuthorizeTest" classname="Tests.Feature.Http.Middleware.AuthorizeTest" assertions="3" time="0.106661"/>
      </testsuite>
      <testsuite name="Tests\Feature\Http\Middleware\LocaleMiddlewareTest" file="C:\Users\Gaser\Desktop\COPRRA\tests\Feature\Http\Middleware\LocaleMiddlewareTest.php" tests="5" assertions="7" errors="0" failures="0" skipped="0" time="0.000000">
        <testcase name="test_locale_middleware_passes_request_successfully" file="C:\Users\Gaser\Desktop\COPRRA\tests\Feature\Http\Middleware\LocaleMiddlewareTest.php" line="30" class="Tests\Feature\Http\Middleware\LocaleMiddlewareTest" classname="Tests.Feature.Http.Middleware.LocaleMiddlewareTest" assertions="2" time="0.073187"/>
        <testcase name="test_locale_middleware_handles_authenticated_user" file="C:\Users\Gaser\Desktop\COPRRA\tests\Feature\Http\Middleware\LocaleMiddlewareTest.php" line="46" class="Tests\Feature\Http\Middleware\LocaleMiddlewareTest" classname="Tests.Feature.Http.Middleware.LocaleMiddlewareTest" assertions="1" time="0.152792"/>
        <testcase name="test_locale_middleware_handles_browser_language" file="C:\Users\Gaser\Desktop\COPRRA\tests\Feature\Http\Middleware\LocaleMiddlewareTest.php" line="85" class="Tests\Feature\Http\Middleware\LocaleMiddlewareTest" classname="Tests.Feature.Http.Middleware.LocaleMiddlewareTest" assertions="1" time="0.066069"/>
        <testcase name="test_locale_middleware_handles_session_locale" file="C:\Users\Gaser\Desktop\COPRRA\tests\Feature\Http\Middleware\LocaleMiddlewareTest.php" line="66" class="Tests\Feature\Http\Middleware\LocaleMiddlewareTest" classname="Tests.Feature.Http.Middleware.LocaleMiddlewareTest" assertions="1" time="0.062603"/>
        <testcase name="test_locale_middleware_handles_exceptions_gracefully" file="C:\Users\Gaser\Desktop\COPRRA\tests\Feature\Http\Middleware\LocaleMiddlewareTest.php" line="101" class="Tests\Feature\Http\Middleware\LocaleMiddlewareTest" classname="Tests.Feature.Http.Middleware.LocaleMiddlewareTest" assertions="2" time="0.056687"/>
      </testsuite>
      <testsuite name="Tests\Feature\Http\Middleware\HandleCorsTest" file="C:\Users\Gaser\Desktop\COPRRA\tests\Feature\Http\Middleware\HandleCorsTest.php" tests="3" assertions="9" errors="0" failures="0" skipped="0" time="0.000000">
        <testcase name="test_handle_cors_middleware_adds_cors_headers" file="C:\Users\Gaser\Desktop\COPRRA\tests\Feature\Http\Middleware\HandleCorsTest.php" line="16" class="Tests\Feature\Http\Middleware\HandleCorsTest" classname="Tests.Feature.Http.Middleware.HandleCorsTest" assertions="4" time="0.055716"/>
        <testcase name="test_handle_cors_middleware_passes_regular_requests" file="C:\Users\Gaser\Desktop\COPRRA\tests\Feature\Http\Middleware\HandleCorsTest.php" line="50" class="Tests\Feature\Http\Middleware\HandleCorsTest" classname="Tests.Feature.Http.Middleware.HandleCorsTest" assertions="2" time="0.055292"/>
        <testcase name="test_handle_cors_middleware_handles_preflight_requests" file="C:\Users\Gaser\Desktop\COPRRA\tests\Feature\Http\Middleware\HandleCorsTest.php" line="33" class="Tests\Feature\Http\Middleware\HandleCorsTest" classname="Tests.Feature.Http.Middleware.HandleCorsTest" assertions="3" time="0.056556"/>
      </testsuite>
      <testsuite name="Tests\Feature\Models\PaymentMethodTest" file="C:\Users\Gaser\Desktop\COPRRA\tests\Feature\Models\PaymentMethodTest.php" tests="6" assertions="22" errors="0" failures="0" skipped="0" time="0.000000">
        <testcase name="it_has_fillable_attributes" file="C:\Users\Gaser\Desktop\COPRRA\tests\Feature\Models\PaymentMethodTest.php" line="97" class="Tests\Feature\Models\PaymentMethodTest" classname="Tests.Feature.Models.PaymentMethodTest" assertions="1" time="0.146653"/>
        <testcase name="it_can_create_a_payment_method" file="C:\Users\Gaser\Desktop\COPRRA\tests\Feature\Models\PaymentMethodTest.php" line="15" class="Tests\Feature\Models\PaymentMethodTest" classname="Tests.Feature.Models.PaymentMethodTest" assertions="8" time="0.056453"/>
        <testcase name="it_has_default_scope" file="C:\Users\Gaser\Desktop\COPRRA\tests\Feature\Models\PaymentMethodTest.php" line="85" class="Tests\Feature\Models\PaymentMethodTest" classname="Tests.Feature.Models.PaymentMethodTest" assertions="2" time="0.061091"/>
        <testcase name="it_has_many_payments" file="C:\Users\Gaser\Desktop\COPRRA\tests\Feature\Models\PaymentMethodTest.php" line="61" class="Tests\Feature\Models\PaymentMethodTest" classname="Tests.Feature.Models.PaymentMethodTest" assertions="3" time="0.080126"/>
        <testcase name="it_has_active_scope" file="C:\Users\Gaser\Desktop\COPRRA\tests\Feature\Models\PaymentMethodTest.php" line="73" class="Tests\Feature\Models\PaymentMethodTest" classname="Tests.Feature.Models.PaymentMethodTest" assertions="2" time="0.060977"/>
        <testcase name="it_casts_attributes_correctly" file="C:\Users\Gaser\Desktop\COPRRA\tests\Feature\Models\PaymentMethodTest.php" line="44" class="Tests\Feature\Models\PaymentMethodTest" classname="Tests.Feature.Models.PaymentMethodTest" assertions="6" time="0.063799"/>
      </testsuite>
      <testsuite name="Tests\Feature\Http\Middleware\RedirectIfAuthenticatedTest" file="C:\Users\Gaser\Desktop\COPRRA\tests\Feature\Http\Middleware\RedirectIfAuthenticatedTest.php" tests="5" assertions="8" errors="0" failures="0" skipped="0" time="0.000000">
        <testcase name="test_redirect_if_authenticated_middleware_handles_different_routes" file="C:\Users\Gaser\Desktop\COPRRA\tests\Feature\Http\Middleware\RedirectIfAuthenticatedTest.php" line="64" class="Tests\Feature\Http\Middleware\RedirectIfAuthenticatedTest" classname="Tests.Feature.Http.Middleware.RedirectIfAuthenticatedTest" assertions="1" time="0.083096"/>
        <testcase name="test_redirect_if_authenticated_middleware_handles_api_requests" file="C:\Users\Gaser\Desktop\COPRRA\tests\Feature\Http\Middleware\RedirectIfAuthenticatedTest.php" line="47" class="Tests\Feature\Http\Middleware\RedirectIfAuthenticatedTest" classname="Tests.Feature.Http.Middleware.RedirectIfAuthenticatedTest" assertions="1" time="0.088966"/>
        <testcase name="test_redirect_if_authenticated_middleware_handles_null_user" file="C:\Users\Gaser\Desktop\COPRRA\tests\Feature\Http\Middleware\RedirectIfAuthenticatedTest.php" line="80" class="Tests\Feature\Http\Middleware\RedirectIfAuthenticatedTest" classname="Tests.Feature.Http.Middleware.RedirectIfAuthenticatedTest" assertions="2" time="0.077256"/>
        <testcase name="test_redirect_if_authenticated_middleware_allows_unauthenticated_users" file="C:\Users\Gaser\Desktop\COPRRA\tests\Feature\Http\Middleware\RedirectIfAuthenticatedTest.php" line="34" class="Tests\Feature\Http\Middleware\RedirectIfAuthenticatedTest" classname="Tests.Feature.Http.Middleware.RedirectIfAuthenticatedTest" assertions="2" time="0.055990"/>
        <testcase name="test_redirect_if_authenticated_middleware_redirects_authenticated_users" file="C:\Users\Gaser\Desktop\COPRRA\tests\Feature\Http\Middleware\RedirectIfAuthenticatedTest.php" line="17" class="Tests\Feature\Http\Middleware\RedirectIfAuthenticatedTest" classname="Tests.Feature.Http.Middleware.RedirectIfAuthenticatedTest" assertions="2" time="0.058722"/>
      </testsuite>
      <testsuite name="Tests\Feature\Http\Controllers\ReportControllerTest" file="C:\Users\Gaser\Desktop\COPRRA\tests\Feature\Http\Controllers\ReportControllerTest.php" tests="5" assertions="5" errors="0" failures="0" skipped="0" time="0.000000">
        <testcase name="it_can_get_system_overview" file="C:\Users\Gaser\Desktop\COPRRA\tests\Feature\Http\Controllers\ReportControllerTest.php" line="45" class="Tests\Feature\Http\Controllers\ReportControllerTest" classname="Tests.Feature.Http.Controllers.ReportControllerTest" assertions="1" time="0.908319"/>
        <testcase name="it_can_generate_user_activity_report" file="C:\Users\Gaser\Desktop\COPRRA\tests\Feature\Http\Controllers\ReportControllerTest.php" line="29" class="Tests\Feature\Http\Controllers\ReportControllerTest" classname="Tests.Feature.Http.Controllers.ReportControllerTest" assertions="1" time="0.761390"/>
        <testcase name="it_can_generate_product_performance_report" file="C:\Users\Gaser\Desktop\COPRRA\tests\Feature\Http\Controllers\ReportControllerTest.php" line="21" class="Tests\Feature\Http\Controllers\ReportControllerTest" classname="Tests.Feature.Http.Controllers.ReportControllerTest" assertions="1" time="0.771693"/>
        <testcase name="it_can_generate_sales_report" file="C:\Users\Gaser\Desktop\COPRRA\tests\Feature\Http\Controllers\ReportControllerTest.php" line="37" class="Tests\Feature\Http\Controllers\ReportControllerTest" classname="Tests.Feature.Http.Controllers.ReportControllerTest" assertions="1" time="0.870053"/>
        <testcase name="it_can_get_engagement_metrics" file="C:\Users\Gaser\Desktop\COPRRA\tests\Feature\Http\Controllers\ReportControllerTest.php" line="53" class="Tests\Feature\Http\Controllers\ReportControllerTest" classname="Tests.Feature.Http.Controllers.ReportControllerTest" assertions="1" time="0.761905"/>
      </testsuite>
      <testsuite name="Tests\Feature\Http\Controllers\SettingControllerTest" file="C:\Users\Gaser\Desktop\COPRRA\tests\Feature\Http\Controllers\SettingControllerTest.php" tests="3" assertions="7" errors="0" failures="0" skipped="0" time="0.000000">
        <testcase name="it_can_get_all_settings" file="C:\Users\Gaser\Desktop\COPRRA\tests\Feature\Http\Controllers\SettingControllerTest.php" line="22" class="Tests\Feature\Http\Controllers\SettingControllerTest" classname="Tests.Feature.Http.Controllers.SettingControllerTest" assertions="4" time="0.831606"/>
        <testcase name="it_can_update_settings" file="C:\Users\Gaser\Desktop\COPRRA\tests\Feature\Http\Controllers\SettingControllerTest.php" line="36" class="Tests\Feature\Http\Controllers\SettingControllerTest" classname="Tests.Feature.Http.Controllers.SettingControllerTest" assertions="2" time="0.832018"/>
        <testcase name="it_validates_settings_update_request" file="C:\Users\Gaser\Desktop\COPRRA\tests\Feature\Http\Controllers\SettingControllerTest.php" line="52" class="Tests\Feature\Http\Controllers\SettingControllerTest" classname="Tests.Feature.Http.Controllers.SettingControllerTest" assertions="1" time="0.827140"/>
      </testsuite>
      <testsuite name="Tests\Feature\Models\NotificationTest" file="C:\Users\Gaser\Desktop\COPRRA\tests\Feature\Models\NotificationTest.php" tests="57" assertions="157" errors="0" failures="0" skipped="0" time="0.000000">
        <testcase name="test_fillable_attributes" file="C:\Users\Gaser\Desktop\COPRRA\tests\Feature\Models\NotificationTest.php" line="737" class="Tests\Feature\Models\NotificationTest" classname="Tests.Feature.Models.NotificationTest" assertions="1" time="0.063911"/>
        <testcase name="test_scope_pending_filters_pending_notifications" file="C:\Users\Gaser\Desktop\COPRRA\tests\Feature\Models\NotificationTest.php" line="181" class="Tests\Feature\Models\NotificationTest" classname="Tests.Feature.Models.NotificationTest" assertions="2" time="0.065858"/>
        <testcase name="test_scope_of_status_filters_by_status" file="C:\Users\Gaser\Desktop\COPRRA\tests\Feature\Models\NotificationTest.php" line="152" class="Tests\Feature\Models\NotificationTest" classname="Tests.Feature.Models.NotificationTest" assertions="4" time="0.082102"/>
        <testcase name="test_increment_retry_count" file="C:\Users\Gaser\Desktop\COPRRA\tests\Feature\Models\NotificationTest.php" line="612" class="Tests\Feature\Models\NotificationTest" classname="Tests.Feature.Models.NotificationTest" assertions="2" time="0.055539"/>
        <testcase name="test_it_can_create_a_notification" file="C:\Users\Gaser\Desktop\COPRRA\tests\Feature\Models\NotificationTest.php" line="21" class="Tests\Feature\Models\NotificationTest" classname="Tests.Feature.Models.NotificationTest" assertions="12" time="0.067061"/>
        <testcase name="test_add_existing_tag" file="C:\Users\Gaser\Desktop\COPRRA\tests\Feature\Models\NotificationTest.php" line="694" class="Tests\Feature\Models\NotificationTest" classname="Tests.Feature.Models.NotificationTest" assertions="2" time="0.077256"/>
        <testcase name="test_get_failure_reason" file="C:\Users\Gaser\Desktop\COPRRA\tests\Feature\Models\NotificationTest.php" line="635" class="Tests\Feature\Models\NotificationTest" classname="Tests.Feature.Models.NotificationTest" assertions="2" time="0.074697"/>
        <testcase name="test_scope_read_filters_read_notifications" file="C:\Users\Gaser\Desktop\COPRRA\tests\Feature\Models\NotificationTest.php" line="107" class="Tests\Feature\Models\NotificationTest" classname="Tests.Feature.Models.NotificationTest" assertions="2" time="0.064820"/>
        <testcase name="test_get_sent_time_ago" file="C:\Users\Gaser\Desktop\COPRRA\tests\Feature\Models\NotificationTest.php" line="455" class="Tests\Feature\Models\NotificationTest" classname="Tests.Feature.Models.NotificationTest" assertions="2" time="0.236737"/>
        <testcase name="test_get_summary" file="C:\Users\Gaser\Desktop\COPRRA\tests\Feature\Models\NotificationTest.php" line="532" class="Tests\Feature\Models\NotificationTest" classname="Tests.Feature.Models.NotificationTest" assertions="3" time="0.055984"/>
        <testcase name="test_is_expired" file="C:\Users\Gaser\Desktop\COPRRA\tests\Feature\Models\NotificationTest.php" line="586" class="Tests\Feature\Models\NotificationTest" classname="Tests.Feature.Models.NotificationTest" assertions="2" time="0.059215"/>
        <testcase name="test_scope_of_priority_filters_by_priority" file="C:\Users\Gaser\Desktop\COPRRA\tests\Feature\Models\NotificationTest.php" line="136" class="Tests\Feature\Models\NotificationTest" classname="Tests.Feature.Models.NotificationTest" assertions="4" time="0.079342"/>
        <testcase name="test_mark_as_unread" file="C:\Users\Gaser\Desktop\COPRRA\tests\Feature\Models\NotificationTest.php" line="292" class="Tests\Feature\Models\NotificationTest" classname="Tests.Feature.Models.NotificationTest" assertions="2" time="0.058530"/>
        <testcase name="test_is_failed" file="C:\Users\Gaser\Desktop\COPRRA\tests\Feature\Models\NotificationTest.php" line="369" class="Tests\Feature\Models\NotificationTest" classname="Tests.Feature.Models.NotificationTest" assertions="2" time="0.094090"/>
        <testcase name="test_can_retry" file="C:\Users\Gaser\Desktop\COPRRA\tests\Feature\Models\NotificationTest.php" line="623" class="Tests\Feature\Models\NotificationTest" classname="Tests.Feature.Models.NotificationTest" assertions="3" time="0.071863"/>
        <testcase name="test_remove_tag" file="C:\Users\Gaser\Desktop\COPRRA\tests\Feature\Models\NotificationTest.php" line="705" class="Tests\Feature\Models\NotificationTest" classname="Tests.Feature.Models.NotificationTest" assertions="2" time="0.056912"/>
        <testcase name="test_get_type_display_name" file="C:\Users\Gaser\Desktop\COPRRA\tests\Feature\Models\NotificationTest.php" line="395" class="Tests\Feature\Models\NotificationTest" classname="Tests.Feature.Models.NotificationTest" assertions="4" time="0.067826"/>
        <testcase name="test_get_icon" file="C:\Users\Gaser\Desktop\COPRRA\tests\Feature\Models\NotificationTest.php" line="490" class="Tests\Feature\Models\NotificationTest" classname="Tests.Feature.Models.NotificationTest" assertions="4" time="0.063522"/>
        <testcase name="test_has_tag" file="C:\Users\Gaser\Desktop\COPRRA\tests\Feature\Models\NotificationTest.php" line="716" class="Tests\Feature\Models\NotificationTest" classname="Tests.Feature.Models.NotificationTest" assertions="3" time="0.078621"/>
        <testcase name="test_scope_before_filters_notifications_before_date" file="C:\Users\Gaser\Desktop\COPRRA\tests\Feature\Models\NotificationTest.php" line="243" class="Tests\Feature\Models\NotificationTest" classname="Tests.Feature.Models.NotificationTest" assertions="2" time="0.064933"/>
        <testcase name="test_get_status_display_name" file="C:\Users\Gaser\Desktop\COPRRA\tests\Feature\Models\NotificationTest.php" line="423" class="Tests\Feature\Models\NotificationTest" classname="Tests.Feature.Models.NotificationTest" assertions="4" time="0.081365"/>
        <testcase name="test_scope_sent_filters_sent_notifications" file="C:\Users\Gaser\Desktop\COPRRA\tests\Feature\Models\NotificationTest.php" line="168" class="Tests\Feature\Models\NotificationTest" classname="Tests.Feature.Models.NotificationTest" assertions="2" time="0.066012"/>
        <testcase name="test_get_channel_display_name" file="C:\Users\Gaser\Desktop\COPRRA\tests\Feature\Models\NotificationTest.php" line="409" class="Tests\Feature\Models\NotificationTest" classname="Tests.Feature.Models.NotificationTest" assertions="4" time="0.070734"/>
        <testcase name="test_is_sent" file="C:\Users\Gaser\Desktop\COPRRA\tests\Feature\Models\NotificationTest.php" line="347" class="Tests\Feature\Models\NotificationTest" classname="Tests.Feature.Models.NotificationTest" assertions="2" time="0.070378"/>
        <testcase name="test_has_action" file="C:\Users\Gaser\Desktop\COPRRA\tests\Feature\Models\NotificationTest.php" line="563" class="Tests\Feature\Models\NotificationTest" classname="Tests.Feature.Models.NotificationTest" assertions="2" time="0.060746"/>
        <testcase name="test_mark_as_failed" file="C:\Users\Gaser\Desktop\COPRRA\tests\Feature\Models\NotificationTest.php" line="315" class="Tests\Feature\Models\NotificationTest" classname="Tests.Feature.Models.NotificationTest" assertions="3" time="0.081252"/>
        <testcase name="test_get_priority_level" file="C:\Users\Gaser\Desktop\COPRRA\tests\Feature\Models\NotificationTest.php" line="379" class="Tests\Feature\Models\NotificationTest" classname="Tests.Feature.Models.NotificationTest" assertions="5" time="0.064107"/>
        <testcase name="test_is_unread" file="C:\Users\Gaser\Desktop\COPRRA\tests\Feature\Models\NotificationTest.php" line="337" class="Tests\Feature\Models\NotificationTest" classname="Tests.Feature.Models.NotificationTest" assertions="2" time="0.062901"/>
        <testcase name="test_get_metadata" file="C:\Users\Gaser\Desktop\COPRRA\tests\Feature\Models\NotificationTest.php" line="645" class="Tests\Feature\Models\NotificationTest" classname="Tests.Feature.Models.NotificationTest" assertions="1" time="0.068307"/>
        <testcase name="test_is_read" file="C:\Users\Gaser\Desktop\COPRRA\tests\Feature\Models\NotificationTest.php" line="327" class="Tests\Feature\Models\NotificationTest" classname="Tests.Feature.Models.NotificationTest" assertions="2" time="0.067222"/>
        <testcase name="test_it_casts_attributes_correctly" file="C:\Users\Gaser\Desktop\COPRRA\tests\Feature\Models\NotificationTest.php" line="62" class="Tests\Feature\Models\NotificationTest" classname="Tests.Feature.Models.NotificationTest" assertions="6" time="0.060086"/>
        <testcase name="test_scope_for_user_filters_by_user_id" file="C:\Users\Gaser\Desktop\COPRRA\tests\Feature\Models\NotificationTest.php" line="207" class="Tests\Feature\Models\NotificationTest" classname="Tests.Feature.Models.NotificationTest" assertions="4" time="0.061810"/>
        <testcase name="test_is_pending" file="C:\Users\Gaser\Desktop\COPRRA\tests\Feature\Models\NotificationTest.php" line="357" class="Tests\Feature\Models\NotificationTest" classname="Tests.Feature.Models.NotificationTest" assertions="3" time="0.084084"/>
        <testcase name="test_get_url" file="C:\Users\Gaser\Desktop\COPRRA\tests\Feature\Models\NotificationTest.php" line="543" class="Tests\Feature\Models\NotificationTest" classname="Tests.Feature.Models.NotificationTest" assertions="2" time="0.060597"/>
        <testcase name="test_it_belongs_to_user" file="C:\Users\Gaser\Desktop\COPRRA\tests\Feature\Models\NotificationTest.php" line="84" class="Tests\Feature\Models\NotificationTest" classname="Tests.Feature.Models.NotificationTest" assertions="2" time="0.057615"/>
        <testcase name="test_get_retry_count" file="C:\Users\Gaser\Desktop\COPRRA\tests\Feature\Models\NotificationTest.php" line="602" class="Tests\Feature\Models\NotificationTest" classname="Tests.Feature.Models.NotificationTest" assertions="2" time="0.064328"/>
        <testcase name="test_get_read_time_ago" file="C:\Users\Gaser\Desktop\COPRRA\tests\Feature\Models\NotificationTest.php" line="445" class="Tests\Feature\Models\NotificationTest" classname="Tests.Feature.Models.NotificationTest" assertions="2" time="0.212554"/>
        <testcase name="test_set_tags" file="C:\Users\Gaser\Desktop\COPRRA\tests\Feature\Models\NotificationTest.php" line="672" class="Tests\Feature\Models\NotificationTest" classname="Tests.Feature.Models.NotificationTest" assertions="2" time="0.068595"/>
        <testcase name="test_get_tags" file="C:\Users\Gaser\Desktop\COPRRA\tests\Feature\Models\NotificationTest.php" line="664" class="Tests\Feature\Models\NotificationTest" classname="Tests.Feature.Models.NotificationTest" assertions="1" time="0.058802"/>
        <testcase name="test_get_data" file="C:\Users\Gaser\Desktop\COPRRA\tests\Feature\Models\NotificationTest.php" line="465" class="Tests\Feature\Models\NotificationTest" classname="Tests.Feature.Models.NotificationTest" assertions="5" time="0.057667"/>
        <testcase name="test_scope_failed_filters_failed_notifications" file="C:\Users\Gaser\Desktop\COPRRA\tests\Feature\Models\NotificationTest.php" line="194" class="Tests\Feature\Models\NotificationTest" classname="Tests.Feature.Models.NotificationTest" assertions="2" time="0.082599"/>
        <testcase name="test_set_data" file="C:\Users\Gaser\Desktop\COPRRA\tests\Feature\Models\NotificationTest.php" line="479" class="Tests\Feature\Models\NotificationTest" classname="Tests.Feature.Models.NotificationTest" assertions="2" time="0.058010"/>
        <testcase name="test_add_tag" file="C:\Users\Gaser\Desktop\COPRRA\tests\Feature\Models\NotificationTest.php" line="683" class="Tests\Feature\Models\NotificationTest" classname="Tests.Feature.Models.NotificationTest" assertions="2" time="0.055353"/>
        <testcase name="test_get_color" file="C:\Users\Gaser\Desktop\COPRRA\tests\Feature\Models\NotificationTest.php" line="504" class="Tests\Feature\Models\NotificationTest" classname="Tests.Feature.Models.NotificationTest" assertions="4" time="0.063863"/>
        <testcase name="test_mark_as_read" file="C:\Users\Gaser\Desktop\COPRRA\tests\Feature\Models\NotificationTest.php" line="281" class="Tests\Feature\Models\NotificationTest" classname="Tests.Feature.Models.NotificationTest" assertions="2" time="0.055874"/>
        <testcase name="test_scope_unread_filters_unread_notifications" file="C:\Users\Gaser\Desktop\COPRRA\tests\Feature\Models\NotificationTest.php" line="94" class="Tests\Feature\Models\NotificationTest" classname="Tests.Feature.Models.NotificationTest" assertions="2" time="0.063785"/>
        <testcase name="test_set_metadata" file="C:\Users\Gaser\Desktop\COPRRA\tests\Feature\Models\NotificationTest.php" line="653" class="Tests\Feature\Models\NotificationTest" classname="Tests.Feature.Models.NotificationTest" assertions="2" time="0.056491"/>
        <testcase name="test_scope_of_type_filters_by_type" file="C:\Users\Gaser\Desktop\COPRRA\tests\Feature\Models\NotificationTest.php" line="120" class="Tests\Feature\Models\NotificationTest" classname="Tests.Feature.Models.NotificationTest" assertions="4" time="0.082828"/>
        <testcase name="test_get_action_text" file="C:\Users\Gaser\Desktop\COPRRA\tests\Feature\Models\NotificationTest.php" line="553" class="Tests\Feature\Models\NotificationTest" classname="Tests.Feature.Models.NotificationTest" assertions="2" time="0.058962"/>
        <testcase name="test_scope_after_filters_notifications_after_date" file="C:\Users\Gaser\Desktop\COPRRA\tests\Feature\Models\NotificationTest.php" line="226" class="Tests\Feature\Models\NotificationTest" classname="Tests.Feature.Models.NotificationTest" assertions="2" time="0.059424"/>
        <testcase name="test_hidden_attributes" file="C:\Users\Gaser\Desktop\COPRRA\tests\Feature\Models\NotificationTest.php" line="758" class="Tests\Feature\Models\NotificationTest" classname="Tests.Feature.Models.NotificationTest" assertions="1" time="0.057465"/>
        <testcase name="test_mark_as_sent" file="C:\Users\Gaser\Desktop\COPRRA\tests\Feature\Models\NotificationTest.php" line="303" class="Tests\Feature\Models\NotificationTest" classname="Tests.Feature.Models.NotificationTest" assertions="3" time="0.056773"/>
        <testcase name="test_get_expiration_date" file="C:\Users\Gaser\Desktop\COPRRA\tests\Feature\Models\NotificationTest.php" line="573" class="Tests\Feature\Models\NotificationTest" classname="Tests.Feature.Models.NotificationTest" assertions="2" time="0.060081"/>
        <testcase name="test_scope_between_filters_notifications_between_dates" file="C:\Users\Gaser\Desktop\COPRRA\tests\Feature\Models\NotificationTest.php" line="260" class="Tests\Feature\Models\NotificationTest" classname="Tests.Feature.Models.NotificationTest" assertions="2" time="0.064286"/>
        <testcase name="test_factory_creates_valid_notification" file="C:\Users\Gaser\Desktop\COPRRA\tests\Feature\Models\NotificationTest.php" line="726" class="Tests\Feature\Models\NotificationTest" classname="Tests.Feature.Models.NotificationTest" assertions="4" time="0.085810"/>
        <testcase name="test_get_time_ago" file="C:\Users\Gaser\Desktop\COPRRA\tests\Feature\Models\NotificationTest.php" line="437" class="Tests\Feature\Models\NotificationTest" classname="Tests.Feature.Models.NotificationTest" assertions="1" time="0.209749"/>
        <testcase name="test_get_badge_text" file="C:\Users\Gaser\Desktop\COPRRA\tests\Feature\Models\NotificationTest.php" line="518" class="Tests\Feature\Models\NotificationTest" classname="Tests.Feature.Models.NotificationTest" assertions="4" time="0.065554"/>
      </testsuite>
      <testsuite name="Tests\Feature\Http\Controllers\Api\DocumentationControllerTest" file="C:\Users\Gaser\Desktop\COPRRA\tests\Feature\Http\Controllers\Api\DocumentationControllerTest.php" tests="24" assertions="67" errors="0" failures="0" skipped="0" time="0.000000">
        <testcase name="test_handles_cache_test_successfully" file="C:\Users\Gaser\Desktop\COPRRA\tests\Feature\Http\Controllers\Api\DocumentationControllerTest.php" line="252" class="Tests\Feature\Http\Controllers\Api\DocumentationControllerTest" classname="Tests.Feature.Http.Controllers.Api.DocumentationControllerTest" assertions="2" time="0.055795"/>
        <testcase name="test_returns_unhealthy_status_when_database_fails" file="C:\Users\Gaser\Desktop\COPRRA\tests\Feature\Http\Controllers\Api\DocumentationControllerTest.php" line="61" class="Tests\Feature\Http\Controllers\Api\DocumentationControllerTest" classname="Tests.Feature.Http.Controllers.Api.DocumentationControllerTest" assertions="2" time="0.063209"/>
        <testcase name="test_includes_version_in_status_response" file="C:\Users\Gaser\Desktop\COPRRA\tests\Feature\Http\Controllers\Api\DocumentationControllerTest.php" line="143" class="Tests\Feature\Http\Controllers\Api\DocumentationControllerTest" classname="Tests.Feature.Http.Controllers.Api.DocumentationControllerTest" assertions="4" time="0.076330"/>
        <testcase name="test_returns_consistent_health_message_for_unhealthy_systems" file="C:\Users\Gaser\Desktop\COPRRA\tests\Feature\Http\Controllers\Api\DocumentationControllerTest.php" line="357" class="Tests\Feature\Http\Controllers\Api\DocumentationControllerTest" classname="Tests.Feature.Http.Controllers.Api.DocumentationControllerTest" assertions="2" time="0.081690"/>
        <testcase name="test_tests_database_connection_in_health_check" file="C:\Users\Gaser\Desktop\COPRRA\tests\Feature\Http\Controllers\Api\DocumentationControllerTest.php" line="185" class="Tests\Feature\Http\Controllers\Api\DocumentationControllerTest" classname="Tests.Feature.Http.Controllers.Api.DocumentationControllerTest" assertions="2" time="0.072868"/>
        <testcase name="test_handles_storage_exception" file="C:\Users\Gaser\Desktop\COPRRA\tests\Feature\Http\Controllers\Api\DocumentationControllerTest.php" line="320" class="Tests\Feature\Http\Controllers\Api\DocumentationControllerTest" classname="Tests.Feature.Http.Controllers.Api.DocumentationControllerTest" assertions="2" time="0.063775"/>
        <testcase name="test_can_get_health_status" file="C:\Users\Gaser\Desktop\COPRRA\tests\Feature\Http\Controllers\Api\DocumentationControllerTest.php" line="39" class="Tests\Feature\Http\Controllers\Api\DocumentationControllerTest" classname="Tests.Feature.Http.Controllers.Api.DocumentationControllerTest" assertions="9" time="0.060530"/>
        <testcase name="test_includes_timestamp_in_status_response" file="C:\Users\Gaser\Desktop\COPRRA\tests\Feature\Http\Controllers\Api\DocumentationControllerTest.php" line="113" class="Tests\Feature\Http\Controllers\Api\DocumentationControllerTest" classname="Tests.Feature.Http.Controllers.Api.DocumentationControllerTest" assertions="4" time="0.056357"/>
        <testcase name="test_includes_timestamp_in_health_response" file="C:\Users\Gaser\Desktop\COPRRA\tests\Feature\Http\Controllers\Api\DocumentationControllerTest.php" line="128" class="Tests\Feature\Http\Controllers\Api\DocumentationControllerTest" classname="Tests.Feature.Http.Controllers.Api.DocumentationControllerTest" assertions="4" time="0.054277"/>
        <testcase name="test_handles_database_connection_exception" file="C:\Users\Gaser\Desktop\COPRRA\tests\Feature\Http\Controllers\Api\DocumentationControllerTest.php" line="290" class="Tests\Feature\Http\Controllers\Api\DocumentationControllerTest" classname="Tests.Feature.Http.Controllers.Api.DocumentationControllerTest" assertions="2" time="0.056237"/>
        <testcase name="test_returns_unhealthy_status_when_cache_fails" file="C:\Users\Gaser\Desktop\COPRRA\tests\Feature\Http\Controllers\Api\DocumentationControllerTest.php" line="76" class="Tests\Feature\Http\Controllers\Api\DocumentationControllerTest" classname="Tests.Feature.Http.Controllers.Api.DocumentationControllerTest" assertions="2" time="0.076456"/>
        <testcase name="test_handles_multiple_system_failures_in_health_check" file="C:\Users\Gaser\Desktop\COPRRA\tests\Feature\Http\Controllers\Api\DocumentationControllerTest.php" line="215" class="Tests\Feature\Http\Controllers\Api\DocumentationControllerTest" classname="Tests.Feature.Http.Controllers.Api.DocumentationControllerTest" assertions="2" time="0.058507"/>
        <testcase name="test_handles_cache_exception" file="C:\Users\Gaser\Desktop\COPRRA\tests\Feature\Http\Controllers\Api\DocumentationControllerTest.php" line="305" class="Tests\Feature\Http\Controllers\Api\DocumentationControllerTest" classname="Tests.Feature.Http.Controllers.Api.DocumentationControllerTest" assertions="2" time="0.065014"/>
        <testcase name="test_returns_unhealthy_status_when_storage_is_not_writable" file="C:\Users\Gaser\Desktop\COPRRA\tests\Feature\Http\Controllers\Api\DocumentationControllerTest.php" line="91" class="Tests\Feature\Http\Controllers\Api\DocumentationControllerTest" classname="Tests.Feature.Http.Controllers.Api.DocumentationControllerTest" assertions="2" time="0.057043"/>
        <testcase name="test_returns_consistent_status_message" file="C:\Users\Gaser\Desktop\COPRRA\tests\Feature\Http\Controllers\Api\DocumentationControllerTest.php" line="336" class="Tests\Feature\Http\Controllers\Api\DocumentationControllerTest" classname="Tests.Feature.Http.Controllers.Api.DocumentationControllerTest" assertions="2" time="0.057309"/>
        <testcase name="test_includes_environment_in_health_response" file="C:\Users\Gaser\Desktop\COPRRA\tests\Feature\Http\Controllers\Api\DocumentationControllerTest.php" line="171" class="Tests\Feature\Http\Controllers\Api\DocumentationControllerTest" classname="Tests.Feature.Http.Controllers.Api.DocumentationControllerTest" assertions="4" time="0.055220"/>
        <testcase name="test_returns_200_for_healthy_systems" file="C:\Users\Gaser\Desktop\COPRRA\tests\Feature\Http\Controllers\Api\DocumentationControllerTest.php" line="234" class="Tests\Feature\Http\Controllers\Api\DocumentationControllerTest" classname="Tests.Feature.Http.Controllers.Api.DocumentationControllerTest" assertions="1" time="0.054473"/>
        <testcase name="test_tests_cache_functionality_in_health_check" file="C:\Users\Gaser\Desktop\COPRRA\tests\Feature\Http\Controllers\Api\DocumentationControllerTest.php" line="195" class="Tests\Feature\Http\Controllers\Api\DocumentationControllerTest" classname="Tests.Feature.Http.Controllers.Api.DocumentationControllerTest" assertions="2" time="0.080009"/>
        <testcase name="test_handles_cache_test_failure" file="C:\Users\Gaser\Desktop\COPRRA\tests\Feature\Http\Controllers\Api\DocumentationControllerTest.php" line="271" class="Tests\Feature\Http\Controllers\Api\DocumentationControllerTest" classname="Tests.Feature.Http.Controllers.Api.DocumentationControllerTest" assertions="2" time="0.061384"/>
        <testcase name="test_returns_consistent_health_message_for_healthy_systems" file="C:\Users\Gaser\Desktop\COPRRA\tests\Feature\Http\Controllers\Api\DocumentationControllerTest.php" line="347" class="Tests\Feature\Http\Controllers\Api\DocumentationControllerTest" classname="Tests.Feature.Http.Controllers.Api.DocumentationControllerTest" assertions="2" time="0.055808"/>
        <testcase name="test_includes_version_in_health_response" file="C:\Users\Gaser\Desktop\COPRRA\tests\Feature\Http\Controllers\Api\DocumentationControllerTest.php" line="157" class="Tests\Feature\Http\Controllers\Api\DocumentationControllerTest" classname="Tests.Feature.Http.Controllers.Api.DocumentationControllerTest" assertions="4" time="0.054502"/>
        <testcase name="test_can_get_api_status" file="C:\Users\Gaser\Desktop\COPRRA\tests\Feature\Http\Controllers\Api\DocumentationControllerTest.php" line="21" class="Tests\Feature\Http\Controllers\Api\DocumentationControllerTest" classname="Tests.Feature.Http.Controllers.Api.DocumentationControllerTest" assertions="6" time="0.055592"/>
        <testcase name="test_tests_storage_writability_in_health_check" file="C:\Users\Gaser\Desktop\COPRRA\tests\Feature\Http\Controllers\Api\DocumentationControllerTest.php" line="205" class="Tests\Feature\Http\Controllers\Api\DocumentationControllerTest" classname="Tests.Feature.Http.Controllers.Api.DocumentationControllerTest" assertions="2" time="0.058581"/>
        <testcase name="test_returns_503_for_unhealthy_systems" file="C:\Users\Gaser\Desktop\COPRRA\tests\Feature\Http\Controllers\Api\DocumentationControllerTest.php" line="241" class="Tests\Feature\Http\Controllers\Api\DocumentationControllerTest" classname="Tests.Feature.Http.Controllers.Api.DocumentationControllerTest" assertions="1" time="0.057018"/>
      </testsuite>
      <testsuite name="Tests\Feature\Services\AuditServiceTest" file="C:\Users\Gaser\Desktop\COPRRA\tests\Feature\Services\AuditServiceTest.php" tests="13" assertions="27" errors="0" failures="0" skipped="0" time="1.000000">
        <testcase name="test_logs_updated_event" file="C:\Users\Gaser\Desktop\COPRRA\tests\Feature\Services\AuditServiceTest.php" line="68" class="Tests\Feature\Services\AuditServiceTest" classname="Tests.Feature.Services.AuditServiceTest" assertions="3" time="0.084472"/>
        <testcase name="test_gets_event_logs" file="C:\Users\Gaser\Desktop\COPRRA\tests\Feature\Services\AuditServiceTest.php" line="227" class="Tests\Feature\Services\AuditServiceTest" classname="Tests.Feature.Services.AuditServiceTest" assertions="2" time="0.057191"/>
        <testcase name="test_logs_auth_event_without_user_id" file="C:\Users\Gaser\Desktop\COPRRA\tests\Feature\Services\AuditServiceTest.php" line="162" class="Tests\Feature\Services\AuditServiceTest" classname="Tests.Feature.Services.AuditServiceTest" assertions="1" time="0.054697"/>
        <testcase name="test_can_be_instantiated" file="C:\Users\Gaser\Desktop\COPRRA\tests\Feature\Services\AuditServiceTest.php" line="39" class="Tests\Feature\Services\AuditServiceTest" classname="Tests.Feature.Services.AuditServiceTest" assertions="1" time="0.054139"/>
        <testcase name="test_logs_viewed_event" file="C:\Users\Gaser\Desktop\COPRRA\tests\Feature\Services\AuditServiceTest.php" line="109" class="Tests\Feature\Services\AuditServiceTest" classname="Tests.Feature.Services.AuditServiceTest" assertions="3" time="0.059534"/>
        <testcase name="test_cleans_old_logs" file="C:\Users\Gaser\Desktop\COPRRA\tests\Feature\Services\AuditServiceTest.php" line="240" class="Tests\Feature\Services\AuditServiceTest" classname="Tests.Feature.Services.AuditServiceTest" assertions="2" time="0.060500"/>
        <testcase name="test_logs_auth_event_with_user_id" file="C:\Users\Gaser\Desktop\COPRRA\tests\Feature\Services\AuditServiceTest.php" line="145" class="Tests\Feature\Services\AuditServiceTest" classname="Tests.Feature.Services.AuditServiceTest" assertions="1" time="0.096111"/>
        <testcase name="test_logs_sensitive_operation" file="C:\Users\Gaser\Desktop\COPRRA\tests\Feature\Services\AuditServiceTest.php" line="129" class="Tests\Feature\Services\AuditServiceTest" classname="Tests.Feature.Services.AuditServiceTest" assertions="1" time="0.057543"/>
        <testcase name="test_gets_user_logs" file="C:\Users\Gaser\Desktop\COPRRA\tests\Feature\Services\AuditServiceTest.php" line="214" class="Tests\Feature\Services\AuditServiceTest" classname="Tests.Feature.Services.AuditServiceTest" assertions="2" time="0.057083"/>
        <testcase name="test_logs_deleted_event" file="C:\Users\Gaser\Desktop\COPRRA\tests\Feature\Services\AuditServiceTest.php" line="89" class="Tests\Feature\Services\AuditServiceTest" classname="Tests.Feature.Services.AuditServiceTest" assertions="3" time="0.055443"/>
        <testcase name="test_logs_created_event" file="C:\Users\Gaser\Desktop\COPRRA\tests\Feature\Services\AuditServiceTest.php" line="44" class="Tests\Feature\Services\AuditServiceTest" classname="Tests.Feature.Services.AuditServiceTest" assertions="3" time="0.057066"/>
        <testcase name="test_logs_api_access" file="C:\Users\Gaser\Desktop\COPRRA\tests\Feature\Services\AuditServiceTest.php" line="178" class="Tests\Feature\Services\AuditServiceTest" classname="Tests.Feature.Services.AuditServiceTest" assertions="2" time="0.059967"/>
        <testcase name="test_gets_model_logs" file="C:\Users\Gaser\Desktop\COPRRA\tests\Feature\Services\AuditServiceTest.php" line="198" class="Tests\Feature\Services\AuditServiceTest" classname="Tests.Feature.Services.AuditServiceTest" assertions="3" time="1.075716"/>
      </testsuite>
      <testsuite name="Tests\Feature\Console\Commands\UpdatePricesCommandTest" file="C:\Users\Gaser\Desktop\COPRRA\tests\Feature\Console\Commands\UpdatePricesCommandTest.php" tests="4" assertions="4" errors="0" failures="0" skipped="0" time="0.000000">
        <testcase name="update_prices_command_runs_successfully" file="C:\Users\Gaser\Desktop\COPRRA\tests\Feature\Console\Commands\UpdatePricesCommandTest.php" line="14" class="Tests\Feature\Console\Commands\UpdatePricesCommandTest" classname="Tests.Feature.Console.Commands.UpdatePricesCommandTest" assertions="1" time="0.065224"/>
        <testcase name="update_prices_command_filters_by_store" file="C:\Users\Gaser\Desktop\COPRRA\tests\Feature\Console\Commands\UpdatePricesCommandTest.php" line="26" class="Tests\Feature\Console\Commands\UpdatePricesCommandTest" classname="Tests.Feature.Console.Commands.UpdatePricesCommandTest" assertions="1" time="0.056742"/>
        <testcase name="update_prices_command_runs_in_dry_run_mode" file="C:\Users\Gaser\Desktop\COPRRA\tests\Feature\Console\Commands\UpdatePricesCommandTest.php" line="20" class="Tests\Feature\Console\Commands\UpdatePricesCommandTest" classname="Tests.Feature.Console.Commands.UpdatePricesCommandTest" assertions="1" time="0.054362"/>
        <testcase name="update_prices_command_filters_by_product" file="C:\Users\Gaser\Desktop\COPRRA\tests\Feature\Console\Commands\UpdatePricesCommandTest.php" line="32" class="Tests\Feature\Console\Commands\UpdatePricesCommandTest" classname="Tests.Feature.Console.Commands.UpdatePricesCommandTest" assertions="1" time="0.054278"/>
      </testsuite>
      <testsuite name="Tests\Feature\Performance\PerformanceTest" file="C:\Users\Gaser\Desktop\COPRRA\tests\Feature\Performance\PerformanceTest.php" tests="3" assertions="3" errors="0" failures="0" skipped="0" time="0.000000">
        <testcase name="test_expected_behavior" file="C:\Users\Gaser\Desktop\COPRRA\tests\Feature\Performance\PerformanceTest.php" line="23" class="Tests\Feature\Performance\PerformanceTest" classname="Tests.Feature.Performance.PerformanceTest" assertions="1" time="0.059144"/>
        <testcase name="test_basic_functionality" file="C:\Users\Gaser\Desktop\COPRRA\tests\Feature\Performance\PerformanceTest.php" line="16" class="Tests\Feature\Performance\PerformanceTest" classname="Tests.Feature.Performance.PerformanceTest" assertions="1" time="0.052212"/>
        <testcase name="test_validation" file="C:\Users\Gaser\Desktop\COPRRA\tests\Feature\Performance\PerformanceTest.php" line="30" class="Tests\Feature\Performance\PerformanceTest" classname="Tests.Feature.Performance.PerformanceTest" assertions="1" time="0.071884"/>
      </testsuite>
      <testsuite name="Tests\Feature\Http\Middleware\InputSanitizationMiddlewareTest" file="C:\Users\Gaser\Desktop\COPRRA\tests\Feature\Http\Middleware\InputSanitizationMiddlewareTest.php" tests="5" assertions="10" errors="0" failures="0" skipped="0" time="0.000000">
        <testcase name="test_input_sanitization_middleware_handles_clean_input" file="C:\Users\Gaser\Desktop\COPRRA\tests\Feature\Http\Middleware\InputSanitizationMiddlewareTest.php" line="86" class="Tests\Feature\Http\Middleware\InputSanitizationMiddlewareTest" classname="Tests.Feature.Http.Middleware.InputSanitizationMiddlewareTest" assertions="2" time="0.055368"/>
        <testcase name="test_input_sanitization_middleware_handles_nested_arrays" file="C:\Users\Gaser\Desktop\COPRRA\tests\Feature\Http\Middleware\InputSanitizationMiddlewareTest.php" line="48" class="Tests\Feature\Http\Middleware\InputSanitizationMiddlewareTest" classname="Tests.Feature.Http.Middleware.InputSanitizationMiddlewareTest" assertions="2" time="0.052257"/>
        <testcase name="test_input_sanitization_middleware_sanitizes_input" file="C:\Users\Gaser\Desktop\COPRRA\tests\Feature\Http\Middleware\InputSanitizationMiddlewareTest.php" line="16" class="Tests\Feature\Http\Middleware\InputSanitizationMiddlewareTest" classname="Tests.Feature.Http.Middleware.InputSanitizationMiddlewareTest" assertions="2" time="0.051596"/>
        <testcase name="test_input_sanitization_middleware_handles_api_requests" file="C:\Users\Gaser\Desktop\COPRRA\tests\Feature\Http\Middleware\InputSanitizationMiddlewareTest.php" line="70" class="Tests\Feature\Http\Middleware\InputSanitizationMiddlewareTest" classname="Tests.Feature.Http.Middleware.InputSanitizationMiddlewareTest" assertions="2" time="0.052595"/>
        <testcase name="test_input_sanitization_middleware_handles_get_requests" file="C:\Users\Gaser\Desktop\COPRRA\tests\Feature\Http\Middleware\InputSanitizationMiddlewareTest.php" line="33" class="Tests\Feature\Http\Middleware\InputSanitizationMiddlewareTest" classname="Tests.Feature.Http.Middleware.InputSanitizationMiddlewareTest" assertions="2" time="0.055528"/>
      </testsuite>
      <testsuite name="Tests\Feature\Models\CurrencyTest" file="C:\Users\Gaser\Desktop\COPRRA\tests\Feature\Models\CurrencyTest.php" tests="3" assertions="6" errors="0" failures="0" skipped="0" time="0.000000">
        <testcase name="test_it_can_save_currency" file="C:\Users\Gaser\Desktop\COPRRA\tests\Feature\Models\CurrencyTest.php" line="36" class="Tests\Feature\Models\CurrencyTest" classname="Tests.Feature.Models.CurrencyTest" assertions="2" time="0.057619"/>
        <testcase name="test_it_can_validate_required_fields" file="C:\Users\Gaser\Desktop\COPRRA\tests\Feature\Models\CurrencyTest.php" line="14" class="Tests\Feature\Models\CurrencyTest" classname="Tests.Feature.Models.CurrencyTest" assertions="2" time="0.082223"/>
        <testcase name="test_it_can_create_currency" file="C:\Users\Gaser\Desktop\COPRRA\tests\Feature\Models\CurrencyTest.php" line="25" class="Tests\Feature\Models\CurrencyTest" classname="Tests.Feature.Models.CurrencyTest" assertions="2" time="0.052844"/>
      </testsuite>
      <testsuite name="Tests\Feature\AuthenticationTest" file="C:\Users\Gaser\Desktop\COPRRA\tests\Feature\AuthenticationTest.php" tests="3" assertions="3" errors="0" failures="0" skipped="0" time="0.000000">
        <testcase name="test_expected_behavior" file="C:\Users\Gaser\Desktop\COPRRA\tests\Feature\AuthenticationTest.php" line="23" class="Tests\Feature\AuthenticationTest" classname="Tests.Feature.AuthenticationTest" assertions="1" time="0.053174"/>
        <testcase name="test_validation" file="C:\Users\Gaser\Desktop\COPRRA\tests\Feature\AuthenticationTest.php" line="30" class="Tests\Feature\AuthenticationTest" classname="Tests.Feature.AuthenticationTest" assertions="1" time="0.053881"/>
        <testcase name="test_basic_functionality" file="C:\Users\Gaser\Desktop\COPRRA\tests\Feature\AuthenticationTest.php" line="16" class="Tests\Feature\AuthenticationTest" classname="Tests.Feature.AuthenticationTest" assertions="1" time="0.054821"/>
      </testsuite>
      <testsuite name="Tests\Feature\Models\AuditLogTest" file="C:\Users\Gaser\Desktop\COPRRA\tests\Feature\Models\AuditLogTest.php" tests="17" assertions="60" errors="0" failures="0" skipped="0" time="0.000000">
        <testcase name="test_scope_for_model_filters_by_auditable_type" file="C:\Users\Gaser\Desktop\COPRRA\tests\Feature\Models\AuditLogTest.php" line="157" class="Tests\Feature\Models\AuditLogTest" classname="Tests.Feature.Models.AuditLogTest" assertions="4" time="0.052647"/>
        <testcase name="test_factory_creates_valid_audit_log" file="C:\Users\Gaser\Desktop\COPRRA\tests\Feature\Models\AuditLogTest.php" line="272" class="Tests\Feature\Models\AuditLogTest" classname="Tests.Feature.Models.AuditLogTest" assertions="4" time="0.075633"/>
        <testcase name="test_scope_date_range_filters_by_created_at" file="C:\Users\Gaser\Desktop\COPRRA\tests\Feature\Models\AuditLogTest.php" line="173" class="Tests\Feature\Models\AuditLogTest" classname="Tests.Feature.Models.AuditLogTest" assertions="3" time="0.058549"/>
        <testcase name="test_it_casts_attributes_correctly" file="C:\Users\Gaser\Desktop\COPRRA\tests\Feature\Models\AuditLogTest.php" line="62" class="Tests\Feature\Models\AuditLogTest" classname="Tests.Feature.Models.AuditLogTest" assertions="10" time="0.057157"/>
        <testcase name="test_get_changes_summary_attribute_with_no_old_values" file="C:\Users\Gaser\Desktop\COPRRA\tests\Feature\Models\AuditLogTest.php" line="225" class="Tests\Feature\Models\AuditLogTest" classname="Tests.Feature.Models.AuditLogTest" assertions="1" time="0.058126"/>
        <testcase name="test_scope_for_user_filters_by_user_id" file="C:\Users\Gaser\Desktop\COPRRA\tests\Feature\Models\AuditLogTest.php" line="138" class="Tests\Feature\Models\AuditLogTest" classname="Tests.Feature.Models.AuditLogTest" assertions="4" time="0.058645"/>
        <testcase name="test_it_belongs_to_user" file="C:\Users\Gaser\Desktop\COPRRA\tests\Feature\Models\AuditLogTest.php" line="90" class="Tests\Feature\Models\AuditLogTest" classname="Tests.Feature.Models.AuditLogTest" assertions="3" time="0.057445"/>
        <testcase name="test_get_changes_summary_attribute_with_no_new_values" file="C:\Users\Gaser\Desktop\COPRRA\tests\Feature\Models\AuditLogTest.php" line="236" class="Tests\Feature\Models\AuditLogTest" classname="Tests.Feature.Models.AuditLogTest" assertions="1" time="0.052811"/>
        <testcase name="test_get_changes_summary_attribute_with_mixed_data_types" file="C:\Users\Gaser\Desktop\COPRRA\tests\Feature\Models\AuditLogTest.php" line="258" class="Tests\Feature\Models\AuditLogTest" classname="Tests.Feature.Models.AuditLogTest" assertions="3" time="0.054470"/>
        <testcase name="test_it_can_create_an_audit_log" file="C:\Users\Gaser\Desktop\COPRRA\tests\Feature\Models\AuditLogTest.php" line="19" class="Tests\Feature\Models\AuditLogTest" classname="Tests.Feature.Models.AuditLogTest" assertions="13" time="0.073664"/>
        <testcase name="test_fillable_attributes" file="C:\Users\Gaser\Desktop\COPRRA\tests\Feature\Models\AuditLogTest.php" line="283" class="Tests\Feature\Models\AuditLogTest" classname="Tests.Feature.Models.AuditLogTest" assertions="1" time="0.053209"/>
        <testcase name="test_it_has_morph_to_auditable" file="C:\Users\Gaser\Desktop\COPRRA\tests\Feature\Models\AuditLogTest.php" line="106" class="Tests\Feature\Models\AuditLogTest" classname="Tests.Feature.Models.AuditLogTest" assertions="2" time="0.060285"/>
        <testcase name="test_scope_event_filters_by_event" file="C:\Users\Gaser\Desktop\COPRRA\tests\Feature\Models\AuditLogTest.php" line="119" class="Tests\Feature\Models\AuditLogTest" classname="Tests.Feature.Models.AuditLogTest" assertions="6" time="0.063457"/>
        <testcase name="test_get_formatted_event_attribute" file="C:\Users\Gaser\Desktop\COPRRA\tests\Feature\Models\AuditLogTest.php" line="193" class="Tests\Feature\Models\AuditLogTest" classname="Tests.Feature.Models.AuditLogTest" assertions="1" time="0.092042"/>
        <testcase name="test_get_changes_summary_attribute_without_changes" file="C:\Users\Gaser\Desktop\COPRRA\tests\Feature\Models\AuditLogTest.php" line="214" class="Tests\Feature\Models\AuditLogTest" classname="Tests.Feature.Models.AuditLogTest" assertions="1" time="0.061492"/>
        <testcase name="test_get_changes_summary_attribute_with_changes" file="C:\Users\Gaser\Desktop\COPRRA\tests\Feature\Models\AuditLogTest.php" line="201" class="Tests\Feature\Models\AuditLogTest" classname="Tests.Feature.Models.AuditLogTest" assertions="2" time="0.070151"/>
        <testcase name="test_get_changes_summary_attribute_with_unchanged_values" file="C:\Users\Gaser\Desktop\COPRRA\tests\Feature\Models\AuditLogTest.php" line="247" class="Tests\Feature\Models\AuditLogTest" classname="Tests.Feature.Models.AuditLogTest" assertions="1" time="0.110009"/>
      </testsuite>
      <testsuite name="Tests\Feature\ThirdPartyApiTest" file="C:\Users\Gaser\Desktop\COPRRA\tests\Feature\ThirdPartyApiTest.php" tests="3" assertions="3" errors="0" failures="0" skipped="0" time="0.000000">
        <testcase name="test_expected_behavior" file="C:\Users\Gaser\Desktop\COPRRA\tests\Feature\ThirdPartyApiTest.php" line="23" class="Tests\Feature\ThirdPartyApiTest" classname="Tests.Feature.ThirdPartyApiTest" assertions="1" time="0.051688"/>
        <testcase name="test_validation" file="C:\Users\Gaser\Desktop\COPRRA\tests\Feature\ThirdPartyApiTest.php" line="30" class="Tests\Feature\ThirdPartyApiTest" classname="Tests.Feature.ThirdPartyApiTest" assertions="1" time="0.051646"/>
        <testcase name="test_basic_functionality" file="C:\Users\Gaser\Desktop\COPRRA\tests\Feature\ThirdPartyApiTest.php" line="16" class="Tests\Feature\ThirdPartyApiTest" classname="Tests.Feature.ThirdPartyApiTest" assertions="1" time="0.050809"/>
      </testsuite>
      <testsuite name="Tests\Feature\Http\Middleware\AuthenticateSessionTest" file="C:\Users\Gaser\Desktop\COPRRA\tests\Feature\Http\Middleware\AuthenticateSessionTest.php" tests="5" assertions="10" errors="0" failures="0" skipped="0" time="0.000000">
        <testcase name="test_authenticate_session_middleware_allows_authenticated_users" file="C:\Users\Gaser\Desktop\COPRRA\tests\Feature\Http\Middleware\AuthenticateSessionTest.php" line="20" class="Tests\Feature\Http\Middleware\AuthenticateSessionTest" classname="Tests.Feature.Http.Middleware.AuthenticateSessionTest" assertions="2" time="0.059403"/>
        <testcase name="test_authenticate_session_middleware_handles_post_requests" file="C:\Users\Gaser\Desktop\COPRRA\tests\Feature\Http\Middleware\AuthenticateSessionTest.php" line="92" class="Tests\Feature\Http\Middleware\AuthenticateSessionTest" classname="Tests.Feature.Http.Middleware.AuthenticateSessionTest" assertions="2" time="0.055385"/>
        <testcase name="test_authenticate_session_middleware_handles_api_requests" file="C:\Users\Gaser\Desktop\COPRRA\tests\Feature\Http\Middleware\AuthenticateSessionTest.php" line="119" class="Tests\Feature\Http\Middleware\AuthenticateSessionTest" classname="Tests.Feature.Http.Middleware.AuthenticateSessionTest" assertions="2" time="0.053208"/>
        <testcase name="test_authenticate_session_middleware_handles_session_data" file="C:\Users\Gaser\Desktop\COPRRA\tests\Feature\Http\Middleware\AuthenticateSessionTest.php" line="66" class="Tests\Feature\Http\Middleware\AuthenticateSessionTest" classname="Tests.Feature.Http.Middleware.AuthenticateSessionTest" assertions="2" time="0.077531"/>
        <testcase name="test_authenticate_session_middleware_handles_unauthenticated_users" file="C:\Users\Gaser\Desktop\COPRRA\tests\Feature\Http\Middleware\AuthenticateSessionTest.php" line="45" class="Tests\Feature\Http\Middleware\AuthenticateSessionTest" classname="Tests.Feature.Http.Middleware.AuthenticateSessionTest" assertions="2" time="0.050887"/>
      </testsuite>
      <testsuite name="Tests\Feature\Models\NotificationSimpleTest" file="C:\Users\Gaser\Desktop\COPRRA\tests\Feature\Models\NotificationSimpleTest.php" tests="33" assertions="62" errors="0" failures="0" skipped="0" time="0.000000">
        <testcase name="test_is_read_returns_false_when_read_at_is_null" file="C:\Users\Gaser\Desktop\COPRRA\tests\Feature\Models\NotificationSimpleTest.php" line="104" class="Tests\Feature\Models\NotificationSimpleTest" classname="Tests.Feature.Models.NotificationSimpleTest" assertions="1" time="0.057998"/>
        <testcase name="test_is_unread_returns_false_when_read_at_is_set" file="C:\Users\Gaser\Desktop\COPRRA\tests\Feature\Models\NotificationSimpleTest.php" line="120" class="Tests\Feature\Models\NotificationSimpleTest" classname="Tests.Feature.Models.NotificationSimpleTest" assertions="1" time="0.056580"/>
        <testcase name="test_has_tag_returns_correct_boolean" file="C:\Users\Gaser\Desktop\COPRRA\tests\Feature\Models\NotificationSimpleTest.php" line="372" class="Tests\Feature\Models\NotificationSimpleTest" classname="Tests.Feature.Models.NotificationSimpleTest" assertions="3" time="0.075551"/>
        <testcase name="test_get_color_returns_correct_colors" file="C:\Users\Gaser\Desktop\COPRRA\tests\Feature\Models\NotificationSimpleTest.php" line="273" class="Tests\Feature\Models\NotificationSimpleTest" classname="Tests.Feature.Models.NotificationSimpleTest" assertions="4" time="0.064623"/>
        <testcase name="test_it_has_correct_table_name" file="C:\Users\Gaser\Desktop\COPRRA\tests\Feature\Models\NotificationSimpleTest.php" line="70" class="Tests\Feature\Models\NotificationSimpleTest" classname="Tests.Feature.Models.NotificationSimpleTest" assertions="1" time="0.084821"/>
        <testcase name="test_get_icon_returns_correct_icons" file="C:\Users\Gaser\Desktop\COPRRA\tests\Feature\Models\NotificationSimpleTest.php" line="257" class="Tests\Feature\Models\NotificationSimpleTest" classname="Tests.Feature.Models.NotificationSimpleTest" assertions="4" time="0.075587"/>
        <testcase name="test_get_data_returns_data_array" file="C:\Users\Gaser\Desktop\COPRRA\tests\Feature\Models\NotificationSimpleTest.php" line="334" class="Tests\Feature\Models\NotificationSimpleTest" classname="Tests.Feature.Models.NotificationSimpleTest" assertions="1" time="0.053474"/>
        <testcase name="test_it_has_correct_hidden_attributes" file="C:\Users\Gaser\Desktop\COPRRA\tests\Feature\Models\NotificationSimpleTest.php" line="86" class="Tests\Feature\Models\NotificationSimpleTest" classname="Tests.Feature.Models.NotificationSimpleTest" assertions="1" time="0.053308"/>
        <testcase name="test_can_retry_returns_correct_boolean" file="C:\Users\Gaser\Desktop\COPRRA\tests\Feature\Models\NotificationSimpleTest.php" line="399" class="Tests\Feature\Models\NotificationSimpleTest" classname="Tests.Feature.Models.NotificationSimpleTest" assertions="2" time="0.052820"/>
        <testcase name="test_get_metadata_returns_metadata_array" file="C:\Users\Gaser\Desktop\COPRRA\tests\Feature\Models\NotificationSimpleTest.php" line="354" class="Tests\Feature\Models\NotificationSimpleTest" classname="Tests.Feature.Models.NotificationSimpleTest" assertions="1" time="0.052885"/>
        <testcase name="test_is_read_returns_true_when_read_at_is_set" file="C:\Users\Gaser\Desktop\COPRRA\tests\Feature\Models\NotificationSimpleTest.php" line="96" class="Tests\Feature\Models\NotificationSimpleTest" classname="Tests.Feature.Models.NotificationSimpleTest" assertions="1" time="0.052028"/>
        <testcase name="test_get_priority_level_returns_correct_levels" file="C:\Users\Gaser\Desktop\COPRRA\tests\Feature\Models\NotificationSimpleTest.php" line="184" class="Tests\Feature\Models\NotificationSimpleTest" classname="Tests.Feature.Models.NotificationSimpleTest" assertions="5" time="0.074441"/>
        <testcase name="test_get_type_display_name_returns_correct_names" file="C:\Users\Gaser\Desktop\COPRRA\tests\Feature\Models\NotificationSimpleTest.php" line="205" class="Tests\Feature\Models\NotificationSimpleTest" classname="Tests.Feature.Models.NotificationSimpleTest" assertions="4" time="0.056469"/>
        <testcase name="test_is_sent_returns_false_when_sent_at_is_null" file="C:\Users\Gaser\Desktop\COPRRA\tests\Feature\Models\NotificationSimpleTest.php" line="137" class="Tests\Feature\Models\NotificationSimpleTest" classname="Tests.Feature.Models.NotificationSimpleTest" assertions="1" time="0.052657"/>
        <testcase name="test_get_retry_count_returns_zero_when_not_set" file="C:\Users\Gaser\Desktop\COPRRA\tests\Feature\Models\NotificationSimpleTest.php" line="391" class="Tests\Feature\Models\NotificationSimpleTest" classname="Tests.Feature.Models.NotificationSimpleTest" assertions="1" time="0.061060"/>
        <testcase name="test_it_has_correct_casts" file="C:\Users\Gaser\Desktop\COPRRA\tests\Feature\Models\NotificationSimpleTest.php" line="52" class="Tests\Feature\Models\NotificationSimpleTest" classname="Tests.Feature.Models.NotificationSimpleTest" assertions="1" time="0.058207"/>
        <testcase name="test_get_data_returns_specific_key" file="C:\Users\Gaser\Desktop\COPRRA\tests\Feature\Models\NotificationSimpleTest.php" line="343" class="Tests\Feature\Models\NotificationSimpleTest" classname="Tests.Feature.Models.NotificationSimpleTest" assertions="3" time="0.063671"/>
        <testcase name="test_is_unread_returns_true_when_read_at_is_null" file="C:\Users\Gaser\Desktop\COPRRA\tests\Feature\Models\NotificationSimpleTest.php" line="112" class="Tests\Feature\Models\NotificationSimpleTest" classname="Tests.Feature.Models.NotificationSimpleTest" assertions="1" time="0.063727"/>
        <testcase name="test_get_summary_returns_full_message_when_short" file="C:\Users\Gaser\Desktop\COPRRA\tests\Feature\Models\NotificationSimpleTest.php" line="323" class="Tests\Feature\Models\NotificationSimpleTest" classname="Tests.Feature.Models.NotificationSimpleTest" assertions="1" time="0.081544"/>
        <testcase name="test_get_tags_returns_tags_array" file="C:\Users\Gaser\Desktop\COPRRA\tests\Feature\Models\NotificationSimpleTest.php" line="363" class="Tests\Feature\Models\NotificationSimpleTest" classname="Tests.Feature.Models.NotificationSimpleTest" assertions="1" time="0.061513"/>
        <testcase name="test_is_failed_returns_false_when_status_is_not_failed" file="C:\Users\Gaser\Desktop\COPRRA\tests\Feature\Models\NotificationSimpleTest.php" line="175" class="Tests\Feature\Models\NotificationSimpleTest" classname="Tests.Feature.Models.NotificationSimpleTest" assertions="1" time="0.056203"/>
        <testcase name="test_is_failed_returns_true_when_status_is_failed" file="C:\Users\Gaser\Desktop\COPRRA\tests\Feature\Models\NotificationSimpleTest.php" line="166" class="Tests\Feature\Models\NotificationSimpleTest" classname="Tests.Feature.Models.NotificationSimpleTest" assertions="1" time="0.057622"/>
        <testcase name="test_it_has_correct_fillable_attributes" file="C:\Users\Gaser\Desktop\COPRRA\tests\Feature\Models\NotificationSimpleTest.php" line="29" class="Tests\Feature\Models\NotificationSimpleTest" classname="Tests.Feature.Models.NotificationSimpleTest" assertions="1" time="0.083107"/>
        <testcase name="test_get_summary_truncates_long_messages" file="C:\Users\Gaser\Desktop\COPRRA\tests\Feature\Models\NotificationSimpleTest.php" line="311" class="Tests\Feature\Models\NotificationSimpleTest" classname="Tests.Feature.Models.NotificationSimpleTest" assertions="3" time="0.061934"/>
        <testcase name="test_is_pending_returns_false_when_sent_at_is_set" file="C:\Users\Gaser\Desktop\COPRRA\tests\Feature\Models\NotificationSimpleTest.php" line="156" class="Tests\Feature\Models\NotificationSimpleTest" classname="Tests.Feature.Models.NotificationSimpleTest" assertions="1" time="0.057938"/>
        <testcase name="test_can_retry_returns_false_when_not_failed" file="C:\Users\Gaser\Desktop\COPRRA\tests\Feature\Models\NotificationSimpleTest.php" line="410" class="Tests\Feature\Models\NotificationSimpleTest" classname="Tests.Feature.Models.NotificationSimpleTest" assertions="1" time="0.053822"/>
        <testcase name="test_get_status_display_name_returns_correct_names" file="C:\Users\Gaser\Desktop\COPRRA\tests\Feature\Models\NotificationSimpleTest.php" line="239" class="Tests\Feature\Models\NotificationSimpleTest" classname="Tests.Feature.Models.NotificationSimpleTest" assertions="4" time="0.074711"/>
        <testcase name="test_get_channel_display_name_returns_correct_names" file="C:\Users\Gaser\Desktop\COPRRA\tests\Feature\Models\NotificationSimpleTest.php" line="221" class="Tests\Feature\Models\NotificationSimpleTest" classname="Tests.Feature.Models.NotificationSimpleTest" assertions="4" time="0.055138"/>
        <testcase name="test_is_sent_returns_true_when_sent_at_is_set" file="C:\Users\Gaser\Desktop\COPRRA\tests\Feature\Models\NotificationSimpleTest.php" line="128" class="Tests\Feature\Models\NotificationSimpleTest" classname="Tests.Feature.Models.NotificationSimpleTest" assertions="1" time="0.051834"/>
        <testcase name="test_get_retry_count_returns_correct_count" file="C:\Users\Gaser\Desktop\COPRRA\tests\Feature\Models\NotificationSimpleTest.php" line="383" class="Tests\Feature\Models\NotificationSimpleTest" classname="Tests.Feature.Models.NotificationSimpleTest" assertions="1" time="0.059156"/>
        <testcase name="test_is_pending_returns_true_when_sent_at_is_null_and_status_is_pending" file="C:\Users\Gaser\Desktop\COPRRA\tests\Feature\Models\NotificationSimpleTest.php" line="146" class="Tests\Feature\Models\NotificationSimpleTest" classname="Tests.Feature.Models.NotificationSimpleTest" assertions="1" time="0.084761"/>
        <testcase name="test_it_uses_timestamps" file="C:\Users\Gaser\Desktop\COPRRA\tests\Feature\Models\NotificationSimpleTest.php" line="78" class="Tests\Feature\Models\NotificationSimpleTest" classname="Tests.Feature.Models.NotificationSimpleTest" assertions="1" time="0.066811"/>
        <testcase name="test_get_badge_text_returns_correct_text" file="C:\Users\Gaser\Desktop\COPRRA\tests\Feature\Models\NotificationSimpleTest.php" line="291" class="Tests\Feature\Models\NotificationSimpleTest" classname="Tests.Feature.Models.NotificationSimpleTest" assertions="4" time="0.061811"/>
      </testsuite>
      <testsuite name="Tests\Feature\Services\ReportServiceTest" file="C:\Users\Gaser\Desktop\COPRRA\tests\Feature\Services\ReportServiceTest.php" tests="5" assertions="15" errors="0" failures="0" skipped="0" time="0.000000">
        <testcase name="test_generates_sales_report_with_default_dates" file="C:\Users\Gaser\Desktop\COPRRA\tests\Feature\Services\ReportServiceTest.php" line="37" class="Tests\Feature\Services\ReportServiceTest" classname="Tests.Feature.Services.ReportServiceTest" assertions="3" time="0.093686"/>
        <testcase name="test_generates_sales_report_with_null_end_date" file="C:\Users\Gaser\Desktop\COPRRA\tests\Feature\Services\ReportServiceTest.php" line="55" class="Tests\Feature\Services\ReportServiceTest" classname="Tests.Feature.Services.ReportServiceTest" assertions="3" time="0.055743"/>
        <testcase name="test_generates_sales_report" file="C:\Users\Gaser\Desktop\COPRRA\tests\Feature\Services\ReportServiceTest.php" line="28" class="Tests\Feature\Services\ReportServiceTest" classname="Tests.Feature.Services.ReportServiceTest" assertions="3" time="0.052100"/>
        <testcase name="test_handles_invalid_date_range" file="C:\Users\Gaser\Desktop\COPRRA\tests\Feature\Services\ReportServiceTest.php" line="64" class="Tests\Feature\Services\ReportServiceTest" classname="Tests.Feature.Services.ReportServiceTest" assertions="3" time="0.056434"/>
        <testcase name="test_generates_sales_report_with_null_start_date" file="C:\Users\Gaser\Desktop\COPRRA\tests\Feature\Services\ReportServiceTest.php" line="46" class="Tests\Feature\Services\ReportServiceTest" classname="Tests.Feature.Services.ReportServiceTest" assertions="3" time="0.054227"/>
      </testsuite>
      <testsuite name="Tests\Feature\RoutingTest" file="C:\Users\Gaser\Desktop\COPRRA\tests\Feature\RoutingTest.php" tests="3" assertions="3" errors="0" failures="0" skipped="0" time="0.000000">
        <testcase name="test_basic_functionality" file="C:\Users\Gaser\Desktop\COPRRA\tests\Feature\RoutingTest.php" line="16" class="Tests\Feature\RoutingTest" classname="Tests.Feature.RoutingTest" assertions="1" time="0.056111"/>
        <testcase name="test_expected_behavior" file="C:\Users\Gaser\Desktop\COPRRA\tests\Feature\RoutingTest.php" line="23" class="Tests\Feature\RoutingTest" classname="Tests.Feature.RoutingTest" assertions="1" time="0.054160"/>
        <testcase name="test_validation" file="C:\Users\Gaser\Desktop\COPRRA\tests\Feature\RoutingTest.php" line="30" class="Tests\Feature\RoutingTest" classname="Tests.Feature.RoutingTest" assertions="1" time="0.076721"/>
      </testsuite>
      <testsuite name="Tests\Feature\Models\BrandTest" file="C:\Users\Gaser\Desktop\COPRRA\tests\Feature\Models\BrandTest.php" tests="12" assertions="24" errors="0" failures="0" skipped="0" time="0.000000">
        <testcase name="test_it_can_validate_name_length" file="C:\Users\Gaser\Desktop\COPRRA\tests\Feature\Models\BrandTest.php" line="70" class="Tests\Feature\Models\BrandTest" classname="Tests.Feature.Models.BrandTest" assertions="2" time="0.066122"/>
        <testcase name="test_it_can_soft_delete_brand" file="C:\Users\Gaser\Desktop\COPRRA\tests\Feature\Models\BrandTest.php" line="147" class="Tests\Feature\Models\BrandTest" classname="Tests.Feature.Models.BrandTest" assertions="2" time="0.056321"/>
        <testcase name="test_it_can_search_brands_by_name" file="C:\Users\Gaser\Desktop\COPRRA\tests\Feature\Models\BrandTest.php" line="118" class="Tests\Feature\Models\BrandTest" classname="Tests.Feature.Models.BrandTest" assertions="2" time="0.053828"/>
        <testcase name="test_it_can_validate_website_url_format" file="C:\Users\Gaser\Desktop\COPRRA\tests\Feature\Models\BrandTest.php" line="81" class="Tests\Feature\Models\BrandTest" classname="Tests.Feature.Models.BrandTest" assertions="2" time="0.055900"/>
        <testcase name="test_slug_generation_on_create" file="C:\Users\Gaser\Desktop\COPRRA\tests\Feature\Models\BrandTest.php" line="176" class="Tests\Feature\Models\BrandTest" classname="Tests.Feature.Models.BrandTest" assertions="1" time="0.052526"/>
        <testcase name="test_it_has_products_relationship" file="C:\Users\Gaser\Desktop\COPRRA\tests\Feature\Models\BrandTest.php" line="41" class="Tests\Feature\Models\BrandTest" classname="Tests.Feature.Models.BrandTest" assertions="2" time="0.055794"/>
        <testcase name="test_it_can_validate_required_fields" file="C:\Users\Gaser\Desktop\COPRRA\tests\Feature\Models\BrandTest.php" line="56" class="Tests\Feature\Models\BrandTest" classname="Tests.Feature.Models.BrandTest" assertions="2" time="0.078832"/>
        <testcase name="test_it_can_create_a_brand" file="C:\Users\Gaser\Desktop\COPRRA\tests\Feature\Models\BrandTest.php" line="18" class="Tests\Feature\Models\BrandTest" classname="Tests.Feature.Models.BrandTest" assertions="4" time="0.052975"/>
        <testcase name="test_it_can_validate_logo_url_format" file="C:\Users\Gaser\Desktop\COPRRA\tests\Feature\Models\BrandTest.php" line="92" class="Tests\Feature\Models\BrandTest" classname="Tests.Feature.Models.BrandTest" assertions="2" time="0.056091"/>
        <testcase name="test_it_can_restore_soft_deleted_brand" file="C:\Users\Gaser\Desktop\COPRRA\tests\Feature\Models\BrandTest.php" line="161" class="Tests\Feature\Models\BrandTest" classname="Tests.Feature.Models.BrandTest" assertions="2" time="0.055453"/>
        <testcase name="test_it_can_get_brand_with_products_count" file="C:\Users\Gaser\Desktop\COPRRA\tests\Feature\Models\BrandTest.php" line="133" class="Tests\Feature\Models\BrandTest" classname="Tests.Feature.Models.BrandTest" assertions="1" time="0.058490"/>
        <testcase name="test_it_can_scope_active_brands" file="C:\Users\Gaser\Desktop\COPRRA\tests\Feature\Models\BrandTest.php" line="103" class="Tests\Feature\Models\BrandTest" classname="Tests.Feature.Models.BrandTest" assertions="2" time="0.054583"/>
      </testsuite>
      <testsuite name="Tests\Feature\Models\LanguageTest" file="C:\Users\Gaser\Desktop\COPRRA\tests\Feature\Models\LanguageTest.php" tests="3" assertions="6" errors="0" failures="0" skipped="0" time="0.000000">
        <testcase name="test_it_can_be_instantiated" file="C:\Users\Gaser\Desktop\COPRRA\tests\Feature\Models\LanguageTest.php" line="36" class="Tests\Feature\Models\LanguageTest" classname="Tests.Feature.Models.LanguageTest" assertions="2" time="0.055229"/>
        <testcase name="test_it_has_expected_properties" file="C:\Users\Gaser\Desktop\COPRRA\tests\Feature\Models\LanguageTest.php" line="25" class="Tests\Feature\Models\LanguageTest" classname="Tests.Feature.Models.LanguageTest" assertions="2" time="0.082380"/>
        <testcase name="test_it_can_create_a_language" file="C:\Users\Gaser\Desktop\COPRRA\tests\Feature\Models\LanguageTest.php" line="14" class="Tests\Feature\Models\LanguageTest" classname="Tests.Feature.Models.LanguageTest" assertions="2" time="0.064994"/>
      </testsuite>
      <testsuite name="Tests\Feature\Http\Controllers\CartControllerTest" file="C:\Users\Gaser\Desktop\COPRRA\tests\Feature\Http\Controllers\CartControllerTest.php" tests="8" assertions="8" errors="0" failures="0" skipped="0" time="0.000000">
        <testcase name="it_returns_404_when_adding_nonexistent_product_to_cart" file="C:\Users\Gaser\Desktop\COPRRA\tests\Feature\Http\Controllers\CartControllerTest.php" line="45" class="Tests\Feature\Http\Controllers\CartControllerTest" classname="Tests.Feature.Http.Controllers.CartControllerTest" assertions="1" time="0.736699"/>
        <testcase name="it_validates_add_to_cart_request" file="C:\Users\Gaser\Desktop\COPRRA\tests\Feature\Http\Controllers\CartControllerTest.php" line="37" class="Tests\Feature\Http\Controllers\CartControllerTest" classname="Tests.Feature.Http.Controllers.CartControllerTest" assertions="1" time="0.709407"/>
        <testcase name="it_can_remove_product_from_cart" file="C:\Users\Gaser\Desktop\COPRRA\tests\Feature\Http\Controllers\CartControllerTest.php" line="61" class="Tests\Feature\Http\Controllers\CartControllerTest" classname="Tests.Feature.Http.Controllers.CartControllerTest" assertions="1" time="0.711634"/>
        <testcase name="it_can_update_cart_item_quantity" file="C:\Users\Gaser\Desktop\COPRRA\tests\Feature\Http\Controllers\CartControllerTest.php" line="53" class="Tests\Feature\Http\Controllers\CartControllerTest" classname="Tests.Feature.Http.Controllers.CartControllerTest" assertions="1" time="0.725702"/>
        <testcase name="it_can_display_cart_index" file="C:\Users\Gaser\Desktop\COPRRA\tests\Feature\Http\Controllers\CartControllerTest.php" line="21" class="Tests\Feature\Http\Controllers\CartControllerTest" classname="Tests.Feature.Http.Controllers.CartControllerTest" assertions="1" time="0.723726"/>
        <testcase name="it_can_add_product_to_cart" file="C:\Users\Gaser\Desktop\COPRRA\tests\Feature\Http\Controllers\CartControllerTest.php" line="29" class="Tests\Feature\Http\Controllers\CartControllerTest" classname="Tests.Feature.Http.Controllers.CartControllerTest" assertions="1" time="0.769228"/>
        <testcase name="it_requires_authentication_for_all_cart_routes" file="C:\Users\Gaser\Desktop\COPRRA\tests\Feature\Http\Controllers\CartControllerTest.php" line="77" class="Tests\Feature\Http\Controllers\CartControllerTest" classname="Tests.Feature.Http.Controllers.CartControllerTest" assertions="1" time="0.771335"/>
        <testcase name="it_can_clear_entire_cart" file="C:\Users\Gaser\Desktop\COPRRA\tests\Feature\Http\Controllers\CartControllerTest.php" line="69" class="Tests\Feature\Http\Controllers\CartControllerTest" classname="Tests.Feature.Http.Controllers.CartControllerTest" assertions="1" time="0.745162"/>
      </testsuite>
      <testsuite name="Tests\Feature\Http\Controllers\HomeControllerTest" file="C:\Users\Gaser\Desktop\COPRRA\tests\Feature\Http\Controllers\HomeControllerTest.php" tests="3" assertions="3" errors="0" failures="0" skipped="0" time="0.000000">
        <testcase name="it_can_display_home_page" file="C:\Users\Gaser\Desktop\COPRRA\tests\Feature\Http\Controllers\HomeControllerTest.php" line="21" class="Tests\Feature\Http\Controllers\HomeControllerTest" classname="Tests.Feature.Http.Controllers.HomeControllerTest" assertions="1" time="0.721200"/>
        <testcase name="it_displays_featured_products_on_home_page" file="C:\Users\Gaser\Desktop\COPRRA\tests\Feature\Http\Controllers\HomeControllerTest.php" line="29" class="Tests\Feature\Http\Controllers\HomeControllerTest" classname="Tests.Feature.Http.Controllers.HomeControllerTest" assertions="1" time="0.715737"/>
        <testcase name="it_displays_latest_products_on_home_page" file="C:\Users\Gaser\Desktop\COPRRA\tests\Feature\Http\Controllers\HomeControllerTest.php" line="37" class="Tests\Feature\Http\Controllers\HomeControllerTest" classname="Tests.Feature.Http.Controllers.HomeControllerTest" assertions="1" time="0.709999"/>
      </testsuite>
      <testsuite name="Tests\Feature\E2E\AuthenticationFlowTest" file="C:\Users\Gaser\Desktop\COPRRA\tests\Feature\E2E\AuthenticationFlowTest.php" tests="7" assertions="27" errors="0" failures="0" skipped="0" time="1.000000">
        <testcase name="test_rate_limiting_on_login" file="C:\Users\Gaser\Desktop\COPRRA\tests\Feature\E2E\AuthenticationFlowTest.php" line="100" class="Tests\Feature\E2E\AuthenticationFlowTest" classname="Tests.Feature.E2E.AuthenticationFlowTest" assertions="6" time="1.234242"/>
        <testcase name="test_complete_login_flow" file="C:\Users\Gaser\Desktop\COPRRA\tests\Feature\E2E\AuthenticationFlowTest.php" line="41" class="Tests\Feature\E2E\AuthenticationFlowTest" classname="Tests.Feature.E2E.AuthenticationFlowTest" assertions="6" time="0.083458"/>
        <testcase name="test_complete_registration_flow" file="C:\Users\Gaser\Desktop\COPRRA\tests\Feature\E2E\AuthenticationFlowTest.php" line="16" class="Tests\Feature\E2E\AuthenticationFlowTest" classname="Tests.Feature.E2E.AuthenticationFlowTest" assertions="5" time="0.088471"/>
        <testcase name="test_complete_password_reset_flow" file="C:\Users\Gaser\Desktop\COPRRA\tests\Feature\E2E\AuthenticationFlowTest.php" line="82" class="Tests\Feature\E2E\AuthenticationFlowTest" classname="Tests.Feature.E2E.AuthenticationFlowTest" assertions="2" time="0.292443"/>
        <testcase name="test_authenticated_user_cannot_access_login_page" file="C:\Users\Gaser\Desktop\COPRRA\tests\Feature\E2E\AuthenticationFlowTest.php" line="122" class="Tests\Feature\E2E\AuthenticationFlowTest" classname="Tests.Feature.E2E.AuthenticationFlowTest" assertions="2" time="0.061014"/>
        <testcase name="test_complete_logout_flow" file="C:\Users\Gaser\Desktop\COPRRA\tests\Feature\E2E\AuthenticationFlowTest.php" line="65" class="Tests\Feature\E2E\AuthenticationFlowTest" classname="Tests.Feature.E2E.AuthenticationFlowTest" assertions="4" time="0.061244"/>
        <testcase name="test_guest_cannot_access_dashboard" file="C:\Users\Gaser\Desktop\COPRRA\tests\Feature\E2E\AuthenticationFlowTest.php" line="131" class="Tests\Feature\E2E\AuthenticationFlowTest" classname="Tests.Feature.E2E.AuthenticationFlowTest" assertions="2" time="0.056921"/>
      </testsuite>
      <testsuite name="Tests\Feature\Http\Middleware\EncryptCookiesTest" file="C:\Users\Gaser\Desktop\COPRRA\tests\Feature\Http\Middleware\EncryptCookiesTest.php" tests="4" assertions="22" errors="0" failures="0" skipped="0" time="0.000000">
        <testcase name="test_encrypt_cookies_middleware_passes_request_successfully" file="C:\Users\Gaser\Desktop\COPRRA\tests\Feature\Http\Middleware\EncryptCookiesTest.php" line="48" class="Tests\Feature\Http\Middleware\EncryptCookiesTest" classname="Tests.Feature.Http.Middleware.EncryptCookiesTest" assertions="2" time="0.051196"/>
        <testcase name="test_encrypt_cookies_middleware_encrypts_cookies" file="C:\Users\Gaser\Desktop\COPRRA\tests\Feature\Http\Middleware\EncryptCookiesTest.php" line="17" class="Tests\Feature\Http\Middleware\EncryptCookiesTest" classname="Tests.Feature.Http.Middleware.EncryptCookiesTest" assertions="7" time="0.055387"/>
        <testcase name="test_encrypt_cookies_middleware_handles_multiple_cookies" file="C:\Users\Gaser\Desktop\COPRRA\tests\Feature\Http\Middleware\EncryptCookiesTest.php" line="62" class="Tests\Feature\Http\Middleware\EncryptCookiesTest" classname="Tests.Feature.Http.Middleware.EncryptCookiesTest" assertions="10" time="0.071698"/>
        <testcase name="test_encrypt_cookies_middleware_handles_existing_cookies" file="C:\Users\Gaser\Desktop\COPRRA\tests\Feature\Http\Middleware\EncryptCookiesTest.php" line="91" class="Tests\Feature\Http\Middleware\EncryptCookiesTest" classname="Tests.Feature.Http.Middleware.EncryptCookiesTest" assertions="3" time="0.058728"/>
      </testsuite>
      <testsuite name="Tests\Feature\Http\Controllers\Api\Admin\BrandControllerTest" file="C:\Users\Gaser\Desktop\COPRRA\tests\Feature\Http\Controllers\Api\Admin\BrandControllerTest.php" tests="14" assertions="44" errors="0" failures="0" skipped="0" time="0.000000">
        <testcase name="test_validates_brand_creation_request" file="C:\Users\Gaser\Desktop\COPRRA\tests\Feature\Http\Controllers\Api\Admin\BrandControllerTest.php" line="118" class="Tests\Feature\Http\Controllers\Api\Admin\BrandControllerTest" classname="Tests.Feature.Http.Controllers.Api.Admin.BrandControllerTest" assertions="3" time="0.059506"/>
        <testcase name="test_can_list_brands" file="C:\Users\Gaser\Desktop\COPRRA\tests\Feature\Http\Controllers\Api\Admin\BrandControllerTest.php" line="20" class="Tests\Feature\Http\Controllers\Api\Admin\BrandControllerTest" classname="Tests.Feature.Http.Controllers.Api.Admin.BrandControllerTest" assertions="21" time="0.063209"/>
        <testcase name="test_requires_admin_authentication_to_delete_brand" file="C:\Users\Gaser\Desktop\COPRRA\tests\Feature\Http\Controllers\Api\Admin\BrandControllerTest.php" line="226" class="Tests\Feature\Http\Controllers\Api\Admin\BrandControllerTest" classname="Tests.Feature.Http.Controllers.Api.Admin.BrandControllerTest" assertions="1" time="0.094831"/>
        <testcase name="test_can_delete_brand" file="C:\Users\Gaser\Desktop\COPRRA\tests\Feature\Http\Controllers\Api\Admin\BrandControllerTest.php" line="199" class="Tests\Feature\Http\Controllers\Api\Admin\BrandControllerTest" classname="Tests.Feature.Http.Controllers.Api.Admin.BrandControllerTest" assertions="2" time="0.117285"/>
        <testcase name="test_requires_admin_authentication_to_update_brand" file="C:\Users\Gaser\Desktop\COPRRA\tests\Feature\Http\Controllers\Api\Admin\BrandControllerTest.php" line="185" class="Tests\Feature\Http\Controllers\Api\Admin\BrandControllerTest" classname="Tests.Feature.Http.Controllers.Api.Admin.BrandControllerTest" assertions="1" time="0.128122"/>
        <testcase name="test_requires_admin_authentication_to_list_brands" file="C:\Users\Gaser\Desktop\COPRRA\tests\Feature\Http\Controllers\Api\Admin\BrandControllerTest.php" line="44" class="Tests\Feature\Http\Controllers\Api\Admin\BrandControllerTest" classname="Tests.Feature.Http.Controllers.Api.Admin.BrandControllerTest" assertions="1" time="0.069846"/>
        <testcase name="test_returns_404_for_nonexistent_brand" file="C:\Users\Gaser\Desktop\COPRRA\tests\Feature\Http\Controllers\Api\Admin\BrandControllerTest.php" line="81" class="Tests\Feature\Http\Controllers\Api\Admin\BrandControllerTest" classname="Tests.Feature.Http.Controllers.Api.Admin.BrandControllerTest" assertions="1" time="0.059436"/>
        <testcase name="test_requires_admin_role_to_list_brands" file="C:\Users\Gaser\Desktop\COPRRA\tests\Feature\Http\Controllers\Api\Admin\BrandControllerTest.php" line="51" class="Tests\Feature\Http\Controllers\Api\Admin\BrandControllerTest" classname="Tests.Feature.Http.Controllers.Api.Admin.BrandControllerTest" assertions="1" time="0.057157"/>
        <testcase name="test_validates_brand_update_request" file="C:\Users\Gaser\Desktop\COPRRA\tests\Feature\Http\Controllers\Api\Admin\BrandControllerTest.php" line="172" class="Tests\Feature\Http\Controllers\Api\Admin\BrandControllerTest" classname="Tests.Feature.Http.Controllers.Api.Admin.BrandControllerTest" assertions="3" time="0.059948"/>
        <testcase name="test_can_show_specific_brand" file="C:\Users\Gaser\Desktop\COPRRA\tests\Feature\Http\Controllers\Api\Admin\BrandControllerTest.php" line="61" class="Tests\Feature\Http\Controllers\Api\Admin\BrandControllerTest" classname="Tests.Feature.Http.Controllers.Api.Admin.BrandControllerTest" assertions="2" time="0.063522"/>
        <testcase name="test_returns_404_when_deleting_nonexistent_brand" file="C:\Users\Gaser\Desktop\COPRRA\tests\Feature\Http\Controllers\Api\Admin\BrandControllerTest.php" line="216" class="Tests\Feature\Http\Controllers\Api\Admin\BrandControllerTest" classname="Tests.Feature.Http.Controllers.Api.Admin.BrandControllerTest" assertions="1" time="0.057017"/>
        <testcase name="test_can_create_brand" file="C:\Users\Gaser\Desktop\COPRRA\tests\Feature\Http\Controllers\Api\Admin\BrandControllerTest.php" line="91" class="Tests\Feature\Http\Controllers\Api\Admin\BrandControllerTest" classname="Tests.Feature.Http.Controllers.Api.Admin.BrandControllerTest" assertions="3" time="0.078263"/>
        <testcase name="test_can_update_brand" file="C:\Users\Gaser\Desktop\COPRRA\tests\Feature\Http\Controllers\Api\Admin\BrandControllerTest.php" line="141" class="Tests\Feature\Http\Controllers\Api\Admin\BrandControllerTest" classname="Tests.Feature.Http.Controllers.Api.Admin.BrandControllerTest" assertions="3" time="0.057414"/>
        <testcase name="test_requires_admin_authentication_to_create_brand" file="C:\Users\Gaser\Desktop\COPRRA\tests\Feature\Http\Controllers\Api\Admin\BrandControllerTest.php" line="129" class="Tests\Feature\Http\Controllers\Api\Admin\BrandControllerTest" classname="Tests.Feature.Http.Controllers.Api.Admin.BrandControllerTest" assertions="1" time="0.055787"/>
      </testsuite>
      <testsuite name="Tests\Feature\Http\Middleware\SetLocaleAndCurrencyTest" file="C:\Users\Gaser\Desktop\COPRRA\tests\Feature\Http\Middleware\SetLocaleAndCurrencyTest.php" tests="6" assertions="14" errors="0" failures="0" skipped="0" time="0.000000">
        <testcase name="test_set_locale_and_currency_middleware_sets_locale_and_currency" file="C:\Users\Gaser\Desktop\COPRRA\tests\Feature\Http\Middleware\SetLocaleAndCurrencyTest.php" line="20" class="Tests\Feature\Http\Middleware\SetLocaleAndCurrencyTest" classname="Tests.Feature.Http.Middleware.SetLocaleAndCurrencyTest" assertions="2" time="0.292041"/>
        <testcase name="test_can_be_instantiated" file="C:\Users\Gaser\Desktop\COPRRA\tests\SafeTestBase.php" line="79" class="Tests\Feature\Http\Middleware\SetLocaleAndCurrencyTest" classname="Tests.Feature.Http.Middleware.SetLocaleAndCurrencyTest" assertions="4" time="0.287643"/>
        <testcase name="test_set_locale_and_currency_middleware_handles_cookie_values" file="C:\Users\Gaser\Desktop\COPRRA\tests\Feature\Http\Middleware\SetLocaleAndCurrencyTest.php" line="72" class="Tests\Feature\Http\Middleware\SetLocaleAndCurrencyTest" classname="Tests.Feature.Http.Middleware.SetLocaleAndCurrencyTest" assertions="2" time="0.330072"/>
        <testcase name="test_set_locale_and_currency_middleware_handles_default_values" file="C:\Users\Gaser\Desktop\COPRRA\tests\Feature\Http\Middleware\SetLocaleAndCurrencyTest.php" line="36" class="Tests\Feature\Http\Middleware\SetLocaleAndCurrencyTest" classname="Tests.Feature.Http.Middleware.SetLocaleAndCurrencyTest" assertions="2" time="0.271326"/>
        <testcase name="test_set_locale_and_currency_middleware_handles_post_requests" file="C:\Users\Gaser\Desktop\COPRRA\tests\Feature\Http\Middleware\SetLocaleAndCurrencyTest.php" line="89" class="Tests\Feature\Http\Middleware\SetLocaleAndCurrencyTest" classname="Tests.Feature.Http.Middleware.SetLocaleAndCurrencyTest" assertions="2" time="0.303000"/>
        <testcase name="test_set_locale_and_currency_middleware_handles_session_values" file="C:\Users\Gaser\Desktop\COPRRA\tests\Feature\Http\Middleware\SetLocaleAndCurrencyTest.php" line="51" class="Tests\Feature\Http\Middleware\SetLocaleAndCurrencyTest" classname="Tests.Feature.Http.Middleware.SetLocaleAndCurrencyTest" assertions="2" time="0.272029"/>
      </testsuite>
      <testsuite name="Tests\Feature\EmailSendingTest" file="C:\Users\Gaser\Desktop\COPRRA\tests\Feature\EmailSendingTest.php" tests="3" assertions="3" errors="0" failures="0" skipped="0" time="0.000000">
        <testcase name="test_validation" file="C:\Users\Gaser\Desktop\COPRRA\tests\Feature\EmailSendingTest.php" line="30" class="Tests\Feature\EmailSendingTest" classname="Tests.Feature.EmailSendingTest" assertions="1" time="0.065079"/>
        <testcase name="test_expected_behavior" file="C:\Users\Gaser\Desktop\COPRRA\tests\Feature\EmailSendingTest.php" line="23" class="Tests\Feature\EmailSendingTest" classname="Tests.Feature.EmailSendingTest" assertions="1" time="0.054506"/>
        <testcase name="test_basic_functionality" file="C:\Users\Gaser\Desktop\COPRRA\tests\Feature\EmailSendingTest.php" line="16" class="Tests\Feature\EmailSendingTest" classname="Tests.Feature.EmailSendingTest" assertions="1" time="0.053248"/>
      </testsuite>
      <testsuite name="Tests\Feature\Services\ProductServiceTest" file="C:\Users\Gaser\Desktop\COPRRA\tests\Feature\Services\ProductServiceTest.php" tests="5" assertions="12" errors="0" failures="0" skipped="0" time="0.000000">
        <testcase name="test_returns_empty_paginator_when_cache_returns_null" file="C:\Users\Gaser\Desktop\COPRRA\tests\Feature\Services\ProductServiceTest.php" line="74" class="Tests\Feature\Services\ProductServiceTest" classname="Tests.Feature.Services.ProductServiceTest" assertions="3" time="0.077845"/>
        <testcase name="test_calls_repository_when_cache_miss" file="C:\Users\Gaser\Desktop\COPRRA\tests\Feature\Services\ProductServiceTest.php" line="140" class="Tests\Feature\Services\ProductServiceTest" classname="Tests.Feature.Services.ProductServiceTest" assertions="2" time="0.064382"/>
        <testcase name="test_returns_paginated_products_from_cache" file="C:\Users\Gaser\Desktop\COPRRA\tests\Feature\Services\ProductServiceTest.php" line="42" class="Tests\Feature\Services\ProductServiceTest" classname="Tests.Feature.Services.ProductServiceTest" assertions="3" time="0.080103"/>
        <testcase name="test_handles_invalid_page_number" file="C:\Users\Gaser\Desktop\COPRRA\tests\Feature\Services\ProductServiceTest.php" line="94" class="Tests\Feature\Services\ProductServiceTest" classname="Tests.Feature.Services.ProductServiceTest" assertions="2" time="0.061206"/>
        <testcase name="test_uses_default_per_page_when_not_specified" file="C:\Users\Gaser\Desktop\COPRRA\tests\Feature\Services\ProductServiceTest.php" line="121" class="Tests\Feature\Services\ProductServiceTest" classname="Tests.Feature.Services.ProductServiceTest" assertions="2" time="0.053406"/>
      </testsuite>
      <testsuite name="Tests\Feature\Http\Middleware\ValidateApiRequestTest" file="C:\Users\Gaser\Desktop\COPRRA\tests\Feature\Http\Middleware\ValidateApiRequestTest.php" tests="6" assertions="12" errors="0" failures="0" skipped="0" time="0.000000">
        <testcase name="test_validate_api_request_middleware_handles_post_requests" file="C:\Users\Gaser\Desktop\COPRRA\tests\Feature\Http\Middleware\ValidateApiRequestTest.php" line="31" class="Tests\Feature\Http\Middleware\ValidateApiRequestTest" classname="Tests.Feature.Http.Middleware.ValidateApiRequestTest" assertions="2" time="0.052499"/>
        <testcase name="test_validate_api_request_middleware_handles_patch_requests" file="C:\Users\Gaser\Desktop\COPRRA\tests\Feature\Http\Middleware\ValidateApiRequestTest.php" line="66" class="Tests\Feature\Http\Middleware\ValidateApiRequestTest" classname="Tests.Feature.Http.Middleware.ValidateApiRequestTest" assertions="2" time="0.079046"/>
        <testcase name="test_validate_api_request_middleware_handles_delete_requests" file="C:\Users\Gaser\Desktop\COPRRA\tests\Feature\Http\Middleware\ValidateApiRequestTest.php" line="83" class="Tests\Feature\Http\Middleware\ValidateApiRequestTest" classname="Tests.Feature.Http.Middleware.ValidateApiRequestTest" assertions="2" time="0.083805"/>
        <testcase name="test_validate_api_request_middleware_validates_valid_api_request" file="C:\Users\Gaser\Desktop\COPRRA\tests\Feature\Http\Middleware\ValidateApiRequestTest.php" line="16" class="Tests\Feature\Http\Middleware\ValidateApiRequestTest" classname="Tests.Feature.Http.Middleware.ValidateApiRequestTest" assertions="2" time="0.051106"/>
        <testcase name="test_validate_api_request_middleware_handles_missing_content_type" file="C:\Users\Gaser\Desktop\COPRRA\tests\Feature\Http\Middleware\ValidateApiRequestTest.php" line="97" class="Tests\Feature\Http\Middleware\ValidateApiRequestTest" classname="Tests.Feature.Http.Middleware.ValidateApiRequestTest" assertions="2" time="0.053253"/>
        <testcase name="test_validate_api_request_middleware_handles_put_requests" file="C:\Users\Gaser\Desktop\COPRRA\tests\Feature\Http\Middleware\ValidateApiRequestTest.php" line="49" class="Tests\Feature\Http\Middleware\ValidateApiRequestTest" classname="Tests.Feature.Http.Middleware.ValidateApiRequestTest" assertions="2" time="0.064881"/>
      </testsuite>
      <testsuite name="Tests\Feature\ApiRateLimitingTest" file="C:\Users\Gaser\Desktop\COPRRA\tests\Feature\ApiRateLimitingTest.php" tests="3" assertions="3" errors="0" failures="0" skipped="0" time="0.000000">
        <testcase name="test_validation" file="C:\Users\Gaser\Desktop\COPRRA\tests\Feature\ApiRateLimitingTest.php" line="27" class="Tests\Feature\ApiRateLimitingTest" classname="Tests.Feature.ApiRateLimitingTest" assertions="1" time="0.058818"/>
        <testcase name="test_basic_functionality" file="C:\Users\Gaser\Desktop\COPRRA\tests\Feature\ApiRateLimitingTest.php" line="13" class="Tests\Feature\ApiRateLimitingTest" classname="Tests.Feature.ApiRateLimitingTest" assertions="1" time="0.055974"/>
        <testcase name="test_expected_behavior" file="C:\Users\Gaser\Desktop\COPRRA\tests\Feature\ApiRateLimitingTest.php" line="20" class="Tests\Feature\ApiRateLimitingTest" classname="Tests.Feature.ApiRateLimitingTest" assertions="1" time="0.055882"/>
      </testsuite>
      <testsuite name="Tests\Feature\Services\LoginAttemptServiceTest" file="C:\Users\Gaser\Desktop\COPRRA\tests\Feature\Services\LoginAttemptServiceTest.php" tests="23" assertions="31" errors="0" failures="0" skipped="0" time="0.000000">
        <testcase name="test_handles_malformed_timestamp" file="C:\Users\Gaser\Desktop\COPRRA\tests\Feature\Services\LoginAttemptServiceTest.php" line="422" class="Tests\Feature\Services\LoginAttemptServiceTest" classname="Tests.Feature.Services.LoginAttemptServiceTest" assertions="1" time="0.078454"/>
        <testcase name="test_unblocks_ip" file="C:\Users\Gaser\Desktop\COPRRA\tests\Feature\Services\LoginAttemptServiceTest.php" line="366" class="Tests\Feature\Services\LoginAttemptServiceTest" classname="Tests.Feature.Services.LoginAttemptServiceTest" assertions="1" time="0.055353"/>
        <testcase name="test_records_failed_attempt_with_email" file="C:\Users\Gaser\Desktop\COPRRA\tests\Feature\Services\LoginAttemptServiceTest.php" line="40" class="Tests\Feature\Services\LoginAttemptServiceTest" classname="Tests.Feature.Services.LoginAttemptServiceTest" assertions="1" time="0.055525"/>
        <testcase name="test_gets_lockout_time_remaining_for_ip" file="C:\Users\Gaser\Desktop\COPRRA\tests\Feature\Services\LoginAttemptServiceTest.php" line="278" class="Tests\Feature\Services\LoginAttemptServiceTest" classname="Tests.Feature.Services.LoginAttemptServiceTest" assertions="2" time="0.057577"/>
        <testcase name="test_handles_non_string_timestamp" file="C:\Users\Gaser\Desktop\COPRRA\tests\Feature\Services\LoginAttemptServiceTest.php" line="488" class="Tests\Feature\Services\LoginAttemptServiceTest" classname="Tests.Feature.Services.LoginAttemptServiceTest" assertions="1" time="0.054832"/>
        <testcase name="test_checks_email_blocked_when_under_limit" file="C:\Users\Gaser\Desktop\COPRRA\tests\Feature\Services\LoginAttemptServiceTest.php" line="157" class="Tests\Feature\Services\LoginAttemptServiceTest" classname="Tests.Feature.Services.LoginAttemptServiceTest" assertions="1" time="0.056345"/>
        <testcase name="test_gets_statistics" file="C:\Users\Gaser\Desktop\COPRRA\tests\Feature\Services\LoginAttemptServiceTest.php" line="385" class="Tests\Feature\Services\LoginAttemptServiceTest" classname="Tests.Feature.Services.LoginAttemptServiceTest" assertions="7" time="0.054984"/>
        <testcase name="test_returns_null_when_no_lockout" file="C:\Users\Gaser\Desktop\COPRRA\tests\Feature\Services\LoginAttemptServiceTest.php" line="297" class="Tests\Feature\Services\LoginAttemptServiceTest" classname="Tests.Feature.Services.LoginAttemptServiceTest" assertions="1" time="0.090906"/>
        <testcase name="test_records_failed_attempt_without_email" file="C:\Users\Gaser\Desktop\COPRRA\tests\Feature\Services\LoginAttemptServiceTest.php" line="91" class="Tests\Feature\Services\LoginAttemptServiceTest" classname="Tests.Feature.Services.LoginAttemptServiceTest" assertions="1" time="0.054352"/>
        <testcase name="test_gets_remaining_attempts_for_ip" file="C:\Users\Gaser\Desktop\COPRRA\tests\Feature\Services\LoginAttemptServiceTest.php" line="242" class="Tests\Feature\Services\LoginAttemptServiceTest" classname="Tests.Feature.Services.LoginAttemptServiceTest" assertions="1" time="0.053385"/>
        <testcase name="test_handles_expired_lockout" file="C:\Users\Gaser\Desktop\COPRRA\tests\Feature\Services\LoginAttemptServiceTest.php" line="405" class="Tests\Feature\Services\LoginAttemptServiceTest" classname="Tests.Feature.Services.LoginAttemptServiceTest" assertions="1" time="0.058733"/>
        <testcase name="test_gets_remaining_attempts_for_email" file="C:\Users\Gaser\Desktop\COPRRA\tests\Feature\Services\LoginAttemptServiceTest.php" line="225" class="Tests\Feature\Services\LoginAttemptServiceTest" classname="Tests.Feature.Services.LoginAttemptServiceTest" assertions="1" time="0.086754"/>
        <testcase name="test_handles_non_array_attempts_data" file="C:\Users\Gaser\Desktop\COPRRA\tests\Feature\Services\LoginAttemptServiceTest.php" line="454" class="Tests\Feature\Services\LoginAttemptServiceTest" classname="Tests.Feature.Services.LoginAttemptServiceTest" assertions="1" time="0.061735"/>
        <testcase name="test_records_successful_attempt" file="C:\Users\Gaser\Desktop\COPRRA\tests\Feature\Services\LoginAttemptServiceTest.php" line="121" class="Tests\Feature\Services\LoginAttemptServiceTest" classname="Tests.Feature.Services.LoginAttemptServiceTest" assertions="1" time="0.058122"/>
        <testcase name="test_gets_lockout_time_remaining_for_email" file="C:\Users\Gaser\Desktop\COPRRA\tests\Feature\Services\LoginAttemptServiceTest.php" line="259" class="Tests\Feature\Services\LoginAttemptServiceTest" classname="Tests.Feature.Services.LoginAttemptServiceTest" assertions="2" time="0.081755"/>
        <testcase name="test_handles_missing_timestamp_in_attempt" file="C:\Users\Gaser\Desktop\COPRRA\tests\Feature\Services\LoginAttemptServiceTest.php" line="471" class="Tests\Feature\Services\LoginAttemptServiceTest" classname="Tests.Feature.Services.LoginAttemptServiceTest" assertions="1" time="0.055146"/>
        <testcase name="test_handles_null_attempts_data" file="C:\Users\Gaser\Desktop\COPRRA\tests\Feature\Services\LoginAttemptServiceTest.php" line="331" class="Tests\Feature\Services\LoginAttemptServiceTest" classname="Tests.Feature.Services.LoginAttemptServiceTest" assertions="1" time="0.056316"/>
        <testcase name="test_checks_email_blocked_when_over_limit" file="C:\Users\Gaser\Desktop\COPRRA\tests\Feature\Services\LoginAttemptServiceTest.php" line="174" class="Tests\Feature\Services\LoginAttemptServiceTest" classname="Tests.Feature.Services.LoginAttemptServiceTest" assertions="1" time="0.058566"/>
        <testcase name="test_unblocks_email" file="C:\Users\Gaser\Desktop\COPRRA\tests\Feature\Services\LoginAttemptServiceTest.php" line="347" class="Tests\Feature\Services\LoginAttemptServiceTest" classname="Tests.Feature.Services.LoginAttemptServiceTest" assertions="1" time="0.057004"/>
        <testcase name="test_checks_ip_blocked_when_over_limit" file="C:\Users\Gaser\Desktop\COPRRA\tests\Feature\Services\LoginAttemptServiceTest.php" line="208" class="Tests\Feature\Services\LoginAttemptServiceTest" classname="Tests.Feature.Services.LoginAttemptServiceTest" assertions="1" time="0.056414"/>
        <testcase name="test_handles_empty_attempts_array" file="C:\Users\Gaser\Desktop\COPRRA\tests\Feature\Services\LoginAttemptServiceTest.php" line="437" class="Tests\Feature\Services\LoginAttemptServiceTest" classname="Tests.Feature.Services.LoginAttemptServiceTest" assertions="1" time="0.051325"/>
        <testcase name="test_checks_ip_blocked_when_under_limit" file="C:\Users\Gaser\Desktop\COPRRA\tests\Feature\Services\LoginAttemptServiceTest.php" line="191" class="Tests\Feature\Services\LoginAttemptServiceTest" classname="Tests.Feature.Services.LoginAttemptServiceTest" assertions="1" time="0.078272"/>
        <testcase name="test_handles_invalid_attempts_data" file="C:\Users\Gaser\Desktop\COPRRA\tests\Feature\Services\LoginAttemptServiceTest.php" line="314" class="Tests\Feature\Services\LoginAttemptServiceTest" classname="Tests.Feature.Services.LoginAttemptServiceTest" assertions="1" time="0.054079"/>
      </testsuite>
      <testsuite name="Tests\Feature\Http\Controllers\HealthControllerTest" file="C:\Users\Gaser\Desktop\COPRRA\tests\Feature\Http\Controllers\HealthControllerTest.php" tests="12" assertions="12" errors="0" failures="0" skipped="0" time="0.000000">
        <testcase name="it_tests_cache_functionality" file="C:\Users\Gaser\Desktop\COPRRA\tests\Feature\Http\Controllers\HealthControllerTest.php" line="85" class="Tests\Feature\Http\Controllers\HealthControllerTest" classname="Tests.Feature.Http.Controllers.HealthControllerTest" assertions="1" time="0.711708"/>
        <testcase name="it_returns_healthy_status_when_all_systems_operational" file="C:\Users\Gaser\Desktop\COPRRA\tests\Feature\Http\Controllers\HealthControllerTest.php" line="21" class="Tests\Feature\Http\Controllers\HealthControllerTest" classname="Tests.Feature.Http.Controllers.HealthControllerTest" assertions="1" time="0.783322"/>
        <testcase name="it_returns_unhealthy_status_when_cache_fails" file="C:\Users\Gaser\Desktop\COPRRA\tests\Feature\Http\Controllers\HealthControllerTest.php" line="45" class="Tests\Feature\Http\Controllers\HealthControllerTest" classname="Tests.Feature.Http.Controllers.HealthControllerTest" assertions="1" time="0.711030"/>
        <testcase name="it_includes_version_in_response" file="C:\Users\Gaser\Desktop\COPRRA\tests\Feature\Http\Controllers\HealthControllerTest.php" line="61" class="Tests\Feature\Http\Controllers\HealthControllerTest" classname="Tests.Feature.Http.Controllers.HealthControllerTest" assertions="1" time="0.720180"/>
        <testcase name="it_returns_unhealthy_status_when_database_fails" file="C:\Users\Gaser\Desktop\COPRRA\tests\Feature\Http\Controllers\HealthControllerTest.php" line="29" class="Tests\Feature\Http\Controllers\HealthControllerTest" classname="Tests.Feature.Http.Controllers.HealthControllerTest" assertions="1" time="0.716448"/>
        <testcase name="it_tests_database_connection" file="C:\Users\Gaser\Desktop\COPRRA\tests\Feature\Http\Controllers\HealthControllerTest.php" line="77" class="Tests\Feature\Http\Controllers\HealthControllerTest" classname="Tests.Feature.Http.Controllers.HealthControllerTest" assertions="1" time="0.764371"/>
        <testcase name="it_handles_cache_test_failure" file="C:\Users\Gaser\Desktop\COPRRA\tests\Feature\Http\Controllers\HealthControllerTest.php" line="109" class="Tests\Feature\Http\Controllers\HealthControllerTest" classname="Tests.Feature.Http.Controllers.HealthControllerTest" assertions="1" time="0.768251"/>
        <testcase name="it_includes_timestamp_in_response" file="C:\Users\Gaser\Desktop\COPRRA\tests\Feature\Http\Controllers\HealthControllerTest.php" line="53" class="Tests\Feature\Http\Controllers\HealthControllerTest" classname="Tests.Feature.Http.Controllers.HealthControllerTest" assertions="1" time="0.764979"/>
        <testcase name="it_includes_environment_in_response" file="C:\Users\Gaser\Desktop\COPRRA\tests\Feature\Http\Controllers\HealthControllerTest.php" line="69" class="Tests\Feature\Http\Controllers\HealthControllerTest" classname="Tests.Feature.Http.Controllers.HealthControllerTest" assertions="1" time="0.720810"/>
        <testcase name="it_returns_unhealthy_status_when_storage_is_not_writable" file="C:\Users\Gaser\Desktop\COPRRA\tests\Feature\Http\Controllers\HealthControllerTest.php" line="37" class="Tests\Feature\Http\Controllers\HealthControllerTest" classname="Tests.Feature.Http.Controllers.HealthControllerTest" assertions="1" time="0.740227"/>
        <testcase name="it_handles_multiple_system_failures" file="C:\Users\Gaser\Desktop\COPRRA\tests\Feature\Http\Controllers\HealthControllerTest.php" line="101" class="Tests\Feature\Http\Controllers\HealthControllerTest" classname="Tests.Feature.Http.Controllers.HealthControllerTest" assertions="1" time="0.735223"/>
        <testcase name="it_tests_storage_writability" file="C:\Users\Gaser\Desktop\COPRRA\tests\Feature\Http\Controllers\HealthControllerTest.php" line="93" class="Tests\Feature\Http\Controllers\HealthControllerTest" classname="Tests.Feature.Http.Controllers.HealthControllerTest" assertions="1" time="0.687522"/>
      </testsuite>
      <testsuite name="Tests\Feature\Models\CategoryTest" file="C:\Users\Gaser\Desktop\COPRRA\tests\Feature\Models\CategoryTest.php" tests="13" assertions="29" errors="0" failures="0" skipped="0" time="0.000000">
        <testcase name="test_it_can_search_categories_by_name" file="C:\Users\Gaser\Desktop\COPRRA\tests\Feature\Models\CategoryTest.php" line="96" class="Tests\Feature\Models\CategoryTest" classname="Tests.Feature.Models.CategoryTest" assertions="2" time="0.068329"/>
        <testcase name="test_it_can_validate_required_fields" file="C:\Users\Gaser\Desktop\COPRRA\tests\Feature\Models\CategoryTest.php" line="56" class="Tests\Feature\Models\CategoryTest" classname="Tests.Feature.Models.CategoryTest" assertions="2" time="0.066328"/>
        <testcase name="test_it_auto_generates_slug_from_name" file="C:\Users\Gaser\Desktop\COPRRA\tests\Feature\Models\CategoryTest.php" line="154" class="Tests\Feature\Models\CategoryTest" classname="Tests.Feature.Models.CategoryTest" assertions="1" time="0.057106"/>
        <testcase name="test_it_can_restore_soft_deleted_category" file="C:\Users\Gaser\Desktop\COPRRA\tests\Feature\Models\CategoryTest.php" line="139" class="Tests\Feature\Models\CategoryTest" classname="Tests.Feature.Models.CategoryTest" assertions="2" time="0.053674"/>
        <testcase name="test_it_updates_slug_when_name_changes" file="C:\Users\Gaser\Desktop\COPRRA\tests\Feature\Models\CategoryTest.php" line="164" class="Tests\Feature\Models\CategoryTest" classname="Tests.Feature.Models.CategoryTest" assertions="1" time="0.079770"/>
        <testcase name="test_it_can_soft_delete_category" file="C:\Users\Gaser\Desktop\COPRRA\tests\Feature\Models\CategoryTest.php" line="125" class="Tests\Feature\Models\CategoryTest" classname="Tests.Feature.Models.CategoryTest" assertions="2" time="0.054737"/>
        <testcase name="test_it_can_scope_active_categories" file="C:\Users\Gaser\Desktop\COPRRA\tests\Feature\Models\CategoryTest.php" line="81" class="Tests\Feature\Models\CategoryTest" classname="Tests.Feature.Models.CategoryTest" assertions="2" time="0.054066"/>
        <testcase name="test_it_has_products_relationship" file="C:\Users\Gaser\Desktop\COPRRA\tests\Feature\Models\CategoryTest.php" line="41" class="Tests\Feature\Models\CategoryTest" classname="Tests.Feature.Models.CategoryTest" assertions="2" time="0.059929"/>
        <testcase name="test_level_calculation_on_parent_change" file="C:\Users\Gaser\Desktop\COPRRA\tests\Feature\Models\CategoryTest.php" line="196" class="Tests\Feature\Models\CategoryTest" classname="Tests.Feature.Models.CategoryTest" assertions="1" time="0.055367"/>
        <testcase name="test_it_can_get_category_with_products_count" file="C:\Users\Gaser\Desktop\COPRRA\tests\Feature\Models\CategoryTest.php" line="111" class="Tests\Feature\Models\CategoryTest" classname="Tests.Feature.Models.CategoryTest" assertions="1" time="0.059633"/>
        <testcase name="test_it_can_create_a_category" file="C:\Users\Gaser\Desktop\COPRRA\tests\Feature\Models\CategoryTest.php" line="18" class="Tests\Feature\Models\CategoryTest" classname="Tests.Feature.Models.CategoryTest" assertions="5" time="0.053791"/>
        <testcase name="test_it_can_validate_name_length" file="C:\Users\Gaser\Desktop\COPRRA\tests\Feature\Models\CategoryTest.php" line="70" class="Tests\Feature\Models\CategoryTest" classname="Tests.Feature.Models.CategoryTest" assertions="2" time="0.079216"/>
        <testcase name="test_category_hierarchy_parent_child" file="C:\Users\Gaser\Desktop\COPRRA\tests\Feature\Models\CategoryTest.php" line="177" class="Tests\Feature\Models\CategoryTest" classname="Tests.Feature.Models.CategoryTest" assertions="6" time="0.057848"/>
      </testsuite>
      <testsuite name="Tests\Feature\Http\Middleware\SecurityHeadersTest" file="C:\Users\Gaser\Desktop\COPRRA\tests\Feature\Http\Middleware\SecurityHeadersTest.php" tests="12" assertions="26" errors="0" failures="0" skipped="0" time="0.000000">
        <testcase name="test_security_headers_middleware_logs_suspicious_xss_attempts" file="C:\Users\Gaser\Desktop\COPRRA\tests\Feature\Http\Middleware\SecurityHeadersTest.php" line="123" class="Tests\Feature\Http\Middleware\SecurityHeadersTest" classname="Tests.Feature.Http.Middleware.SecurityHeadersTest" assertions="1" time="0.295565"/>
        <testcase name="test_security_headers_middleware_does_not_redirect_https_in_development" file="C:\Users\Gaser\Desktop\COPRRA\tests\Feature\Http\Middleware\SecurityHeadersTest.php" line="201" class="Tests\Feature\Http\Middleware\SecurityHeadersTest" classname="Tests.Feature.Http.Middleware.SecurityHeadersTest" assertions="1" time="0.311210"/>
        <testcase name="test_security_headers_middleware_handles_sensitive_routes" file="C:\Users\Gaser\Desktop\COPRRA\tests\Feature\Http\Middleware\SecurityHeadersTest.php" line="42" class="Tests\Feature\Http\Middleware\SecurityHeadersTest" classname="Tests.Feature.Http.Middleware.SecurityHeadersTest" assertions="2" time="0.302049"/>
        <testcase name="test_security_headers_middleware_does_not_log_normal_requests" file="C:\Users\Gaser\Desktop\COPRRA\tests\Feature\Http\Middleware\SecurityHeadersTest.php" line="168" class="Tests\Feature\Http\Middleware\SecurityHeadersTest" classname="Tests.Feature.Http.Middleware.SecurityHeadersTest" assertions="1" time="0.318297"/>
        <testcase name="test_security_headers_middleware_logs_suspicious_file_uploads" file="C:\Users\Gaser\Desktop\COPRRA\tests\Feature\Http\Middleware\SecurityHeadersTest.php" line="139" class="Tests\Feature\Http\Middleware\SecurityHeadersTest" classname="Tests.Feature.Http.Middleware.SecurityHeadersTest" assertions="1" time="0.332213"/>
        <testcase name="test_security_headers_middleware_handles_billing_routes" file="C:\Users\Gaser\Desktop\COPRRA\tests\Feature\Http\Middleware\SecurityHeadersTest.php" line="81" class="Tests\Feature\Http\Middleware\SecurityHeadersTest" classname="Tests.Feature.Http.Middleware.SecurityHeadersTest" assertions="2" time="0.295702"/>
        <testcase name="test_security_headers_middleware_handles_https_redirect_in_production" file="C:\Users\Gaser\Desktop\COPRRA\tests\Feature\Http\Middleware\SecurityHeadersTest.php" line="185" class="Tests\Feature\Http\Middleware\SecurityHeadersTest" classname="Tests.Feature.Http.Middleware.SecurityHeadersTest" assertions="2" time="0.364265"/>
        <testcase name="test_security_headers_middleware_handles_admin_api_routes" file="C:\Users\Gaser\Desktop\COPRRA\tests\Feature\Http\Middleware\SecurityHeadersTest.php" line="94" class="Tests\Feature\Http\Middleware\SecurityHeadersTest" classname="Tests.Feature.Http.Middleware.SecurityHeadersTest" assertions="2" time="0.357337"/>
        <testcase name="test_security_headers_middleware_adds_security_headers" file="C:\Users\Gaser\Desktop\COPRRA\tests\Feature\Http\Middleware\SecurityHeadersTest.php" line="21" class="Tests\Feature\Http\Middleware\SecurityHeadersTest" classname="Tests.Feature.Http.Middleware.SecurityHeadersTest" assertions="9" time="0.372089"/>
        <testcase name="test_security_headers_middleware_handles_profile_routes" file="C:\Users\Gaser\Desktop\COPRRA\tests\Feature\Http\Middleware\SecurityHeadersTest.php" line="68" class="Tests\Feature\Http\Middleware\SecurityHeadersTest" classname="Tests.Feature.Http.Middleware.SecurityHeadersTest" assertions="2" time="0.293652"/>
        <testcase name="test_security_headers_middleware_handles_settings_routes" file="C:\Users\Gaser\Desktop\COPRRA\tests\Feature\Http\Middleware\SecurityHeadersTest.php" line="55" class="Tests\Feature\Http\Middleware\SecurityHeadersTest" classname="Tests.Feature.Http.Middleware.SecurityHeadersTest" assertions="2" time="0.325323"/>
        <testcase name="test_security_headers_middleware_logs_suspicious_sql_injection_attempts" file="C:\Users\Gaser\Desktop\COPRRA\tests\Feature\Http\Middleware\SecurityHeadersTest.php" line="107" class="Tests\Feature\Http\Middleware\SecurityHeadersTest" classname="Tests.Feature.Http.Middleware.SecurityHeadersTest" assertions="1" time="0.339533"/>
      </testsuite>
      <testsuite name="Tests\Feature\Services\FinancialTransactionServiceTest" file="C:\Users\Gaser\Desktop\COPRRA\tests\Feature\Services\FinancialTransactionServiceTest.php" tests="7" assertions="14" errors="0" failures="0" skipped="0" time="0.000000">
        <testcase name="test_processes_payment_successfully" file="C:\Users\Gaser\Desktop\COPRRA\tests\Feature\Services\FinancialTransactionServiceTest.php" line="32" class="Tests\Feature\Services\FinancialTransactionServiceTest" classname="Tests.Feature.Services.FinancialTransactionServiceTest" assertions="4" time="0.084817"/>
        <testcase name="test_handles_payment_failure" file="C:\Users\Gaser\Desktop\COPRRA\tests\Feature\Services\FinancialTransactionServiceTest.php" line="62" class="Tests\Feature\Services\FinancialTransactionServiceTest" classname="Tests.Feature.Services.FinancialTransactionServiceTest" assertions="1" time="0.058757"/>
        <testcase name="test_refunds_transaction" file="C:\Users\Gaser\Desktop\COPRRA\tests\Feature\Services\FinancialTransactionServiceTest.php" line="86" class="Tests\Feature\Services\FinancialTransactionServiceTest" classname="Tests.Feature.Services.FinancialTransactionServiceTest" assertions="5" time="0.058768"/>
        <testcase name="test_validates_payment_method" file="C:\Users\Gaser\Desktop\COPRRA\tests\Feature\Services\FinancialTransactionServiceTest.php" line="145" class="Tests\Feature\Services\FinancialTransactionServiceTest" classname="Tests.Feature.Services.FinancialTransactionServiceTest" assertions="1" time="0.055451"/>
        <testcase name="test_gets_transaction_history" file="C:\Users\Gaser\Desktop\COPRRA\tests\Feature\Services\FinancialTransactionServiceTest.php" line="117" class="Tests\Feature\Services\FinancialTransactionServiceTest" classname="Tests.Feature.Services.FinancialTransactionServiceTest" assertions="1" time="0.056713"/>
        <testcase name="test_handles_invalid_payment_method" file="C:\Users\Gaser\Desktop\COPRRA\tests\Feature\Services\FinancialTransactionServiceTest.php" line="159" class="Tests\Feature\Services\FinancialTransactionServiceTest" classname="Tests.Feature.Services.FinancialTransactionServiceTest" assertions="1" time="0.054292"/>
        <testcase name="test_calculates_tax" file="C:\Users\Gaser\Desktop\COPRRA\tests\Feature\Services\FinancialTransactionServiceTest.php" line="131" class="Tests\Feature\Services\FinancialTransactionServiceTest" classname="Tests.Feature.Services.FinancialTransactionServiceTest" assertions="1" time="0.058564"/>
      </testsuite>
      <testsuite name="Tests\Feature\DatabaseConnectionTest" file="C:\Users\Gaser\Desktop\COPRRA\tests\Feature\DatabaseConnectionTest.php" tests="3" assertions="3" errors="0" failures="0" skipped="0" time="0.000000">
        <testcase name="test_validation" file="C:\Users\Gaser\Desktop\COPRRA\tests\Feature\DatabaseConnectionTest.php" line="30" class="Tests\Feature\DatabaseConnectionTest" classname="Tests.Feature.DatabaseConnectionTest" assertions="1" time="0.078911"/>
        <testcase name="test_expected_behavior" file="C:\Users\Gaser\Desktop\COPRRA\tests\Feature\DatabaseConnectionTest.php" line="23" class="Tests\Feature\DatabaseConnectionTest" classname="Tests.Feature.DatabaseConnectionTest" assertions="1" time="0.053200"/>
        <testcase name="test_basic_functionality" file="C:\Users\Gaser\Desktop\COPRRA\tests\Feature\DatabaseConnectionTest.php" line="16" class="Tests\Feature\DatabaseConnectionTest" classname="Tests.Feature.DatabaseConnectionTest" assertions="1" time="0.053509"/>
      </testsuite>
      <testsuite name="Tests\Feature\Api\OrderApiTest" file="C:\Users\Gaser\Desktop\COPRRA\tests\Feature\Api\OrderApiTest.php" tests="10" assertions="36" errors="0" failures="0" skipped="0" time="0.000000">
        <testcase name="test_guest_cannot_access_orders" file="C:\Users\Gaser\Desktop\COPRRA\tests\Feature\Api\OrderApiTest.php" line="138" class="Tests\Feature\Api\OrderApiTest" classname="Tests.Feature.Api.OrderApiTest" assertions="1" time="0.058729"/>
        <testcase name="test_user_cannot_view_other_users_order" file="C:\Users\Gaser\Desktop\COPRRA\tests\Feature\Api\OrderApiTest.php" line="69" class="Tests\Feature\Api\OrderApiTest" classname="Tests.Feature.Api.OrderApiTest" assertions="1" time="0.062484"/>
        <testcase name="test_create_order_validates_required_fields" file="C:\Users\Gaser\Desktop\COPRRA\tests\Feature\Api\OrderApiTest.php" line="114" class="Tests\Feature\Api\OrderApiTest" classname="Tests.Feature.Api.OrderApiTest" assertions="5" time="0.062398"/>
        <testcase name="test_user_can_filter_orders_by_status" file="C:\Users\Gaser\Desktop\COPRRA\tests\Feature\Api\OrderApiTest.php" line="38" class="Tests\Feature\Api\OrderApiTest" classname="Tests.Feature.Api.OrderApiTest" assertions="3" time="0.118305"/>
        <testcase name="test_create_order_validates_product_exists" file="C:\Users\Gaser\Desktop\COPRRA\tests\Feature\Api\OrderApiTest.php" line="123" class="Tests\Feature\Api\OrderApiTest" classname="Tests.Feature.Api.OrderApiTest" assertions="3" time="0.068712"/>
        <testcase name="test_user_can_view_single_order" file="C:\Users\Gaser\Desktop\COPRRA\tests\Feature\Api\OrderApiTest.php" line="57" class="Tests\Feature\Api\OrderApiTest" classname="Tests.Feature.Api.OrderApiTest" assertions="3" time="0.062692"/>
        <testcase name="test_order_list_is_paginated" file="C:\Users\Gaser\Desktop\COPRRA\tests\Feature\Api\OrderApiTest.php" line="167" class="Tests\Feature\Api\OrderApiTest" classname="Tests.Feature.Api.OrderApiTest" assertions="4" time="0.086674"/>
        <testcase name="test_user_can_list_their_orders" file="C:\Users\Gaser\Desktop\COPRRA\tests\Feature\Api\OrderApiTest.php" line="26" class="Tests\Feature\Api\OrderApiTest" classname="Tests.Feature.Api.OrderApiTest" assertions="2" time="0.072569"/>
        <testcase name="test_order_response_includes_status_details" file="C:\Users\Gaser\Desktop\COPRRA\tests\Feature\Api\OrderApiTest.php" line="145" class="Tests\Feature\Api\OrderApiTest" classname="Tests.Feature.Api.OrderApiTest" assertions="10" time="0.058694"/>
        <testcase name="test_user_can_create_order" file="C:\Users\Gaser\Desktop\COPRRA\tests\Feature\Api\OrderApiTest.php" line="79" class="Tests\Feature\Api\OrderApiTest" classname="Tests.Feature.Api.OrderApiTest" assertions="4" time="0.067831"/>
      </testsuite>
      <testsuite name="Tests\Feature\Api\DebugHealthContentTest" file="C:\Users\Gaser\Desktop\COPRRA\tests\Feature\Api\DebugHealthContentTest.php" tests="1" assertions="1" errors="0" failures="0" skipped="0" time="0.000000">
        <testcase name="test_dump_health_response_content" file="C:\Users\Gaser\Desktop\COPRRA\tests\Feature\Api\DebugHealthContentTest.php" line="12" class="Tests\Feature\Api\DebugHealthContentTest" classname="Tests.Feature.Api.DebugHealthContentTest" assertions="1" time="0.076494"/>
      </testsuite>
      <testsuite name="Tests\Feature\Http\Middleware\SessionManagementMiddlewareTest" file="C:\Users\Gaser\Desktop\COPRRA\tests\Feature\Http\Middleware\SessionManagementMiddlewareTest.php" tests="5" assertions="10" errors="0" failures="0" skipped="0" time="0.000000">
        <testcase name="test_session_management_middleware_manages_session" file="C:\Users\Gaser\Desktop\COPRRA\tests\Feature\Http\Middleware\SessionManagementMiddlewareTest.php" line="14" class="Tests\Feature\Http\Middleware\SessionManagementMiddlewareTest" classname="Tests.Feature.Http.Middleware.SessionManagementMiddlewareTest" assertions="2" time="0.309266"/>
        <testcase name="test_session_management_middleware_handles_session_data" file="C:\Users\Gaser\Desktop\COPRRA\tests\Feature\Http\Middleware\SessionManagementMiddlewareTest.php" line="33" class="Tests\Feature\Http\Middleware\SessionManagementMiddlewareTest" classname="Tests.Feature.Http.Middleware.SessionManagementMiddlewareTest" assertions="2" time="0.315632"/>
        <testcase name="test_session_management_middleware_handles_api_requests" file="C:\Users\Gaser\Desktop\COPRRA\tests\Feature\Http\Middleware\SessionManagementMiddlewareTest.php" line="75" class="Tests\Feature\Http\Middleware\SessionManagementMiddlewareTest" classname="Tests.Feature.Http.Middleware.SessionManagementMiddlewareTest" assertions="2" time="0.295243"/>
        <testcase name="test_session_management_middleware_handles_session_timeout" file="C:\Users\Gaser\Desktop\COPRRA\tests\Feature\Http\Middleware\SessionManagementMiddlewareTest.php" line="95" class="Tests\Feature\Http\Middleware\SessionManagementMiddlewareTest" classname="Tests.Feature.Http.Middleware.SessionManagementMiddlewareTest" assertions="2" time="0.290245"/>
        <testcase name="test_session_management_middleware_handles_post_requests" file="C:\Users\Gaser\Desktop\COPRRA\tests\Feature\Http\Middleware\SessionManagementMiddlewareTest.php" line="54" class="Tests\Feature\Http\Middleware\SessionManagementMiddlewareTest" classname="Tests.Feature.Http.Middleware.SessionManagementMiddlewareTest" assertions="2" time="0.311312"/>
      </testsuite>
      <testsuite name="Tests\Feature\COPRRA\PriceComparisonTest" file="C:\Users\Gaser\Desktop\COPRRA\tests\Feature\COPRRA\PriceComparisonTest.php" tests="12" assertions="35" errors="0" failures="0" skipped="0" time="0.000000">
        <testcase name="test_caches_price_comparison_results" file="C:\Users\Gaser\Desktop\COPRRA\tests\Feature\COPRRA\PriceComparisonTest.php" line="269" class="Tests\Feature\COPRRA\PriceComparisonTest" classname="Tests.Feature.COPRRA.PriceComparisonTest" assertions="5" time="0.062857"/>
        <testcase name="test_calculates_savings_percentage" file="C:\Users\Gaser\Desktop\COPRRA\tests\Feature\COPRRA\PriceComparisonTest.php" line="146" class="Tests\Feature\COPRRA\PriceComparisonTest" classname="Tests.Feature.COPRRA.PriceComparisonTest" assertions="3" time="0.068516"/>
        <testcase name="test_displays_price_range_for_product" file="C:\Users\Gaser\Desktop\COPRRA\tests\Feature\COPRRA\PriceComparisonTest.php" line="183" class="Tests\Feature\COPRRA\PriceComparisonTest" classname="Tests.Feature.COPRRA.PriceComparisonTest" assertions="3" time="0.078905"/>
        <testcase name="test_converts_prices_between_currencies" file="C:\Users\Gaser\Desktop\COPRRA\tests\Feature\COPRRA\PriceComparisonTest.php" line="171" class="Tests\Feature\COPRRA\PriceComparisonTest" classname="Tests.Feature.COPRRA.PriceComparisonTest" assertions="2" time="0.062176"/>
        <testcase name="test_tracks_price_comparison_analytics" file="C:\Users\Gaser\Desktop\COPRRA\tests\Feature\COPRRA\PriceComparisonTest.php" line="286" class="Tests\Feature\COPRRA\PriceComparisonTest" classname="Tests.Feature.COPRRA.PriceComparisonTest" assertions="3" time="0.060904"/>
        <testcase name="test_formats_price_with_correct_currency_symbol" file="C:\Users\Gaser\Desktop\COPRRA\tests\Feature\COPRRA\PriceComparisonTest.php" line="160" class="Tests\Feature\COPRRA\PriceComparisonTest" classname="Tests.Feature.COPRRA.PriceComparisonTest" assertions="4" time="0.086651"/>
        <testcase name="test_identifies_best_deal_among_stores" file="C:\Users\Gaser\Desktop\COPRRA\tests\Feature\COPRRA\PriceComparisonTest.php" line="119" class="Tests\Feature\COPRRA\PriceComparisonTest" classname="Tests.Feature.COPRRA.PriceComparisonTest" assertions="2" time="0.063284"/>
        <testcase name="test_compares_prices_across_multiple_stores" file="C:\Users\Gaser\Desktop\COPRRA\tests\Feature\COPRRA\PriceComparisonTest.php" line="90" class="Tests\Feature\COPRRA\PriceComparisonTest" classname="Tests.Feature.COPRRA.PriceComparisonTest" assertions="4" time="0.062891"/>
        <testcase name="test_validates_price_update_interval" file="C:\Users\Gaser\Desktop\COPRRA\tests\Feature\COPRRA\PriceComparisonTest.php" line="320" class="Tests\Feature\COPRRA\PriceComparisonTest" classname="Tests.Feature.COPRRA.PriceComparisonTest" assertions="2" time="0.062440"/>
        <testcase name="test_handles_multiple_currencies_in_comparison" file="C:\Users\Gaser\Desktop\COPRRA\tests\Feature\COPRRA\PriceComparisonTest.php" line="300" class="Tests\Feature\COPRRA\PriceComparisonTest" classname="Tests.Feature.COPRRA.PriceComparisonTest" assertions="1" time="0.061782"/>
        <testcase name="test_respects_max_stores_per_product_configuration" file="C:\Users\Gaser\Desktop\COPRRA\tests\Feature\COPRRA\PriceComparisonTest.php" line="238" class="Tests\Feature\COPRRA\PriceComparisonTest" classname="Tests.Feature.COPRRA.PriceComparisonTest" assertions="3" time="0.083660"/>
        <testcase name="test_handles_unavailable_products_in_stores" file="C:\Users\Gaser\Desktop\COPRRA\tests\Feature\COPRRA\PriceComparisonTest.php" line="213" class="Tests\Feature\COPRRA\PriceComparisonTest" classname="Tests.Feature.COPRRA.PriceComparisonTest" assertions="3" time="0.068345"/>
      </testsuite>
      <testsuite name="Tests\Feature\FeatureTest" file="C:\Users\Gaser\Desktop\COPRRA\tests\Feature\FeatureTest.php" tests="2" assertions="2" errors="0" failures="0" skipped="0" time="0.000000">
        <testcase name="test_feature_basic_functionality" file="C:\Users\Gaser\Desktop\COPRRA\tests\Feature\FeatureTest.php" line="17" class="Tests\Feature\FeatureTest" classname="Tests.Feature.FeatureTest" assertions="1" time="0.078993"/>
        <testcase name="test_feature_expected_behavior" file="C:\Users\Gaser\Desktop\COPRRA\tests\Feature\FeatureTest.php" line="24" class="Tests\Feature\FeatureTest" classname="Tests.Feature.FeatureTest" assertions="1" time="0.052017"/>
      </testsuite>
      <testsuite name="Tests\Feature\Http\Middleware\SecurityHeadersMiddlewareTest" file="C:\Users\Gaser\Desktop\COPRRA\tests\Feature\Http\Middleware\SecurityHeadersMiddlewareTest.php" tests="5" assertions="12" errors="0" failures="0" skipped="0" time="0.000000">
        <testcase name="test_security_headers_middleware_adds_security_headers" file="C:\Users\Gaser\Desktop\COPRRA\tests\Feature\Http\Middleware\SecurityHeadersMiddlewareTest.php" line="18" class="Tests\Feature\Http\Middleware\SecurityHeadersMiddlewareTest" classname="Tests.Feature.Http.Middleware.SecurityHeadersMiddlewareTest" assertions="4" time="0.054143"/>
        <testcase name="test_security_headers_middleware_handles_https_redirect" file="C:\Users\Gaser\Desktop\COPRRA\tests\Feature\Http\Middleware\SecurityHeadersMiddlewareTest.php" line="97" class="Tests\Feature\Http\Middleware\SecurityHeadersMiddlewareTest" classname="Tests.Feature.Http.Middleware.SecurityHeadersMiddlewareTest" assertions="2" time="0.052450"/>
        <testcase name="test_security_headers_middleware_handles_api_requests" file="C:\Users\Gaser\Desktop\COPRRA\tests\Feature\Http\Middleware\SecurityHeadersMiddlewareTest.php" line="78" class="Tests\Feature\Http\Middleware\SecurityHeadersMiddlewareTest" classname="Tests.Feature.Http.Middleware.SecurityHeadersMiddlewareTest" assertions="2" time="0.055351"/>
        <testcase name="test_security_headers_middleware_handles_post_requests" file="C:\Users\Gaser\Desktop\COPRRA\tests\Feature\Http\Middleware\SecurityHeadersMiddlewareTest.php" line="58" class="Tests\Feature\Http\Middleware\SecurityHeadersMiddlewareTest" classname="Tests.Feature.Http.Middleware.SecurityHeadersMiddlewareTest" assertions="2" time="0.054875"/>
        <testcase name="test_security_headers_middleware_handles_sensitive_routes" file="C:\Users\Gaser\Desktop\COPRRA\tests\Feature\Http\Middleware\SecurityHeadersMiddlewareTest.php" line="40" class="Tests\Feature\Http\Middleware\SecurityHeadersMiddlewareTest" classname="Tests.Feature.Http.Middleware.SecurityHeadersMiddlewareTest" assertions="2" time="0.066032"/>
      </testsuite>
      <testsuite name="Tests\Feature\Auth\AuthControllerTest" file="C:\Users\Gaser\Desktop\COPRRA\tests\Feature\Auth\AuthControllerTest.php" tests="11" assertions="29" errors="0" failures="0" skipped="0" time="1.000000">
        <testcase name="test_user_cannot_login_with_invalid_credentials" file="C:\Users\Gaser\Desktop\COPRRA\tests\Feature\Auth\AuthControllerTest.php" line="33" class="Tests\Feature\Auth\AuthControllerTest" classname="Tests.Feature.Auth.AuthControllerTest" assertions="2" time="0.307815"/>
        <testcase name="test_user_can_request_password_reset" file="C:\Users\Gaser\Desktop\COPRRA\tests\Feature\Auth\AuthControllerTest.php" line="105" class="Tests\Feature\Auth\AuthControllerTest" classname="Tests.Feature.Auth.AuthControllerTest" assertions="1" time="0.265626"/>
        <testcase name="test_user_cannot_register_with_weak_password" file="C:\Users\Gaser\Desktop\COPRRA\tests\Feature\Auth\AuthControllerTest.php" line="66" class="Tests\Feature\Auth\AuthControllerTest" classname="Tests.Feature.Auth.AuthControllerTest" assertions="3" time="0.057083"/>
        <testcase name="test_user_can_logout" file="C:\Users\Gaser\Desktop\COPRRA\tests\Feature\Auth\AuthControllerTest.php" line="94" class="Tests\Feature\Auth\AuthControllerTest" classname="Tests.Feature.Auth.AuthControllerTest" assertions="3" time="0.058921"/>
        <testcase name="test_user_can_reset_password_with_valid_token" file="C:\Users\Gaser\Desktop\COPRRA\tests\Feature\Auth\AuthControllerTest.php" line="116" class="Tests\Feature\Auth\AuthControllerTest" classname="Tests.Feature.Auth.AuthControllerTest" assertions="3" time="0.064285"/>
        <testcase name="test_user_cannot_register_with_existing_email" file="C:\Users\Gaser\Desktop\COPRRA\tests\Feature\Auth\AuthControllerTest.php" line="79" class="Tests\Feature\Auth\AuthControllerTest" classname="Tests.Feature.Auth.AuthControllerTest" assertions="3" time="0.062408"/>
        <testcase name="test_user_can_register_with_valid_data" file="C:\Users\Gaser\Desktop\COPRRA\tests\Feature\Auth\AuthControllerTest.php" line="49" class="Tests\Feature\Auth\AuthControllerTest" classname="Tests.Feature.Auth.AuthControllerTest" assertions="4" time="0.084440"/>
        <testcase name="test_password_uses_hash_make_not_bcrypt" file="C:\Users\Gaser\Desktop\COPRRA\tests\Feature\Auth\AuthControllerTest.php" line="177" class="Tests\Feature\Auth\AuthControllerTest" classname="Tests.Feature.Auth.AuthControllerTest" assertions="3" time="0.060128"/>
        <testcase name="test_login_is_rate_limited" file="C:\Users\Gaser\Desktop\COPRRA\tests\Feature\Auth\AuthControllerTest.php" line="132" class="Tests\Feature\Auth\AuthControllerTest" classname="Tests.Feature.Auth.AuthControllerTest" assertions="1" time="1.135093"/>
        <testcase name="test_user_can_login_with_valid_credentials" file="C:\Users\Gaser\Desktop\COPRRA\tests\Feature\Auth\AuthControllerTest.php" line="17" class="Tests\Feature\Auth\AuthControllerTest" classname="Tests.Feature.Auth.AuthControllerTest" assertions="5" time="0.066007"/>
        <testcase name="test_register_is_rate_limited" file="C:\Users\Gaser\Desktop\COPRRA\tests\Feature\Auth\AuthControllerTest.php" line="155" class="Tests\Feature\Auth\AuthControllerTest" classname="Tests.Feature.Auth.AuthControllerTest" assertions="1" time="0.087369"/>
      </testsuite>
      <testsuite name="Tests\Feature\Http\Controllers\WishlistControllerTest" file="C:\Users\Gaser\Desktop\COPRRA\tests\Feature\Http\Controllers\WishlistControllerTest.php" tests="10" assertions="29" errors="0" failures="0" skipped="0" time="0.000000">
        <testcase name="test_requires_authentication_to_remove_from_wishlist" file="C:\Users\Gaser\Desktop\COPRRA\tests\Feature\Http\Controllers\WishlistControllerTest.php" line="143" class="Tests\Feature\Http\Controllers\WishlistControllerTest" classname="Tests.Feature.Http.Controllers.WishlistControllerTest" assertions="3" time="0.064361"/>
        <testcase name="test_can_add_product_to_wishlist" file="C:\Users\Gaser\Desktop\COPRRA\tests\Feature\Http\Controllers\WishlistControllerTest.php" line="50" class="Tests\Feature\Http\Controllers\WishlistControllerTest" classname="Tests.Feature.Http.Controllers.WishlistControllerTest" assertions="3" time="0.082814"/>
        <testcase name="test_validates_remove_from_wishlist_request" file="C:\Users\Gaser\Desktop\COPRRA\tests\Feature\Http\Controllers\WishlistControllerTest.php" line="132" class="Tests\Feature\Http\Controllers\WishlistControllerTest" classname="Tests.Feature.Http.Controllers.WishlistControllerTest" assertions="3" time="0.059178"/>
        <testcase name="test_can_display_wishlist" file="C:\Users\Gaser\Desktop\COPRRA\tests\Feature\Http\Controllers\WishlistControllerTest.php" line="31" class="Tests\Feature\Http\Controllers\WishlistControllerTest" classname="Tests.Feature.Http.Controllers.WishlistControllerTest" assertions="2" time="0.072403"/>
        <testcase name="test_can_clear_entire_wishlist" file="C:\Users\Gaser\Desktop\COPRRA\tests\Feature\Http\Controllers\WishlistControllerTest.php" line="155" class="Tests\Feature\Http\Controllers\WishlistControllerTest" classname="Tests.Feature.Http.Controllers.WishlistControllerTest" assertions="2" time="0.070907"/>
        <testcase name="test_requires_authentication_to_add_to_wishlist" file="C:\Users\Gaser\Desktop\COPRRA\tests\Feature\Http\Controllers\WishlistControllerTest.php" line="85" class="Tests\Feature\Http\Controllers\WishlistControllerTest" classname="Tests.Feature.Http.Controllers.WishlistControllerTest" assertions="3" time="0.058612"/>
        <testcase name="test_validates_add_to_wishlist_request" file="C:\Users\Gaser\Desktop\COPRRA\tests\Feature\Http\Controllers\WishlistControllerTest.php" line="74" class="Tests\Feature\Http\Controllers\WishlistControllerTest" classname="Tests.Feature.Http.Controllers.WishlistControllerTest" assertions="3" time="0.065228"/>
        <testcase name="test_requires_authentication_to_view_wishlist" file="C:\Users\Gaser\Desktop\COPRRA\tests\Feature\Http\Controllers\WishlistControllerTest.php" line="42" class="Tests\Feature\Http\Controllers\WishlistControllerTest" classname="Tests.Feature.Http.Controllers.WishlistControllerTest" assertions="3" time="0.078061"/>
        <testcase name="test_requires_authentication_to_clear_wishlist" file="C:\Users\Gaser\Desktop\COPRRA\tests\Feature\Http\Controllers\WishlistControllerTest.php" line="180" class="Tests\Feature\Http\Controllers\WishlistControllerTest" classname="Tests.Feature.Http.Controllers.WishlistControllerTest" assertions="3" time="0.060375"/>
        <testcase name="test_can_remove_product_from_wishlist" file="C:\Users\Gaser\Desktop\COPRRA\tests\Feature\Http\Controllers\WishlistControllerTest.php" line="97" class="Tests\Feature\Http\Controllers\WishlistControllerTest" classname="Tests.Feature.Http.Controllers.WishlistControllerTest" assertions="4" time="0.068545"/>
      </testsuite>
      <testsuite name="Tests\Feature\Http\Controllers\Api\PriceSearchControllerTest" file="C:\Users\Gaser\Desktop\COPRRA\tests\Feature\Http\Controllers\Api\PriceSearchControllerTest.php" tests="30" assertions="150" errors="0" failures="0" skipped="0" time="0.000000">
        <testcase name="test_handles_search_with_multiple_words" file="C:\Users\Gaser\Desktop\COPRRA\tests\Feature\Http\Controllers\Api\PriceSearchControllerTest.php" line="345" class="Tests\Feature\Http\Controllers\Api\PriceSearchControllerTest" classname="Tests.Feature.Http.Controllers.Api.PriceSearchControllerTest" assertions="6" time="0.061891"/>
        <testcase name="test_can_search_products" file="C:\Users\Gaser\Desktop\COPRRA\tests\Feature\Http\Controllers\Api\PriceSearchControllerTest.php" line="187" class="Tests\Feature\Http\Controllers\Api\PriceSearchControllerTest" classname="Tests.Feature.Http.Controllers.Api.PriceSearchControllerTest" assertions="6" time="0.065320"/>
        <testcase name="test_handles_search_with_empty_results" file="C:\Users\Gaser\Desktop\COPRRA\tests\Feature\Http\Controllers\Api\PriceSearchControllerTest.php" line="393" class="Tests\Feature\Http\Controllers\Api\PriceSearchControllerTest" classname="Tests.Feature.Http.Controllers.Api.PriceSearchControllerTest" assertions="8" time="0.072584"/>
        <testcase name="test_returns_404_for_nonexistent_product_by_id" file="C:\Users\Gaser\Desktop\COPRRA\tests\Feature\Http\Controllers\Api\PriceSearchControllerTest.php" line="101" class="Tests\Feature\Http\Controllers\Api\PriceSearchControllerTest" classname="Tests.Feature.Http.Controllers.Api.PriceSearchControllerTest" assertions="2" time="0.091183"/>
        <testcase name="test_handles_search_with_very_long_query" file="C:\Users\Gaser\Desktop\COPRRA\tests\Feature\Http\Controllers\Api\PriceSearchControllerTest.php" line="311" class="Tests\Feature\Http\Controllers\Api\PriceSearchControllerTest" classname="Tests.Feature.Http.Controllers.Api.PriceSearchControllerTest" assertions="6" time="0.069405"/>
        <testcase name="test_can_get_best_offer_by_product_name" file="C:\Users\Gaser\Desktop\COPRRA\tests\Feature\Http\Controllers\Api\PriceSearchControllerTest.php" line="79" class="Tests\Feature\Http\Controllers\Api\PriceSearchControllerTest" classname="Tests.Feature.Http.Controllers.Api.PriceSearchControllerTest" assertions="9" time="0.070290"/>
        <testcase name="test_handles_search_with_null_parameter" file="C:\Users\Gaser\Desktop\COPRRA\tests\Feature\Http\Controllers\Api\PriceSearchControllerTest.php" line="437" class="Tests\Feature\Http\Controllers\Api\PriceSearchControllerTest" classname="Tests.Feature.Http.Controllers.Api.PriceSearchControllerTest" assertions="2" time="0.060878"/>
        <testcase name="test_returns_400_when_search_query_is_empty" file="C:\Users\Gaser\Desktop\COPRRA\tests\Feature\Http\Controllers\Api\PriceSearchControllerTest.php" line="241" class="Tests\Feature\Http\Controllers\Api\PriceSearchControllerTest" classname="Tests.Feature.Http.Controllers.Api.PriceSearchControllerTest" assertions="2" time="0.061133"/>
        <testcase name="test_can_search_products_with_name_parameter" file="C:\Users\Gaser\Desktop\COPRRA\tests\Feature\Http\Controllers\Api\PriceSearchControllerTest.php" line="223" class="Tests\Feature\Http\Controllers\Api\PriceSearchControllerTest" classname="Tests.Feature.Http.Controllers.Api.PriceSearchControllerTest" assertions="6" time="0.064505"/>
        <testcase name="test_returns_404_when_no_offers_available" file="C:\Users\Gaser\Desktop\COPRRA\tests\Feature\Http\Controllers\Api\PriceSearchControllerTest.php" line="125" class="Tests\Feature\Http\Controllers\Api\PriceSearchControllerTest" classname="Tests.Feature.Http.Controllers.Api.PriceSearchControllerTest" assertions="2" time="0.087486"/>
        <testcase name="test_handles_search_with_special_characters" file="C:\Users\Gaser\Desktop\COPRRA\tests\Feature\Http\Controllers\Api\PriceSearchControllerTest.php" line="263" class="Tests\Feature\Http\Controllers\Api\PriceSearchControllerTest" classname="Tests.Feature.Http.Controllers.Api.PriceSearchControllerTest" assertions="6" time="0.061067"/>
        <testcase name="test_handles_search_with_boolean_parameter" file="C:\Users\Gaser\Desktop\COPRRA\tests\Feature\Http\Controllers\Api\PriceSearchControllerTest.php" line="473" class="Tests\Feature\Http\Controllers\Api\PriceSearchControllerTest" classname="Tests.Feature.Http.Controllers.Api.PriceSearchControllerTest" assertions="2" time="0.060696"/>
        <testcase name="test_handles_search_with_array_parameter" file="C:\Users\Gaser\Desktop\COPRRA\tests\Feature\Http\Controllers\Api\PriceSearchControllerTest.php" line="449" class="Tests\Feature\Http\Controllers\Api\PriceSearchControllerTest" classname="Tests.Feature.Http.Controllers.Api.PriceSearchControllerTest" assertions="2" time="0.061471"/>
        <testcase name="test_handles_search_with_sql_injection_attempt" file="C:\Users\Gaser\Desktop\COPRRA\tests\Feature\Http\Controllers\Api\PriceSearchControllerTest.php" line="279" class="Tests\Feature\Http\Controllers\Api\PriceSearchControllerTest" classname="Tests.Feature.Http.Controllers.Api.PriceSearchControllerTest" assertions="6" time="0.062000"/>
        <testcase name="test_returns_404_for_nonexistent_product_by_name" file="C:\Users\Gaser\Desktop\COPRRA\tests\Feature\Http\Controllers\Api\PriceSearchControllerTest.php" line="113" class="Tests\Feature\Http\Controllers\Api\PriceSearchControllerTest" classname="Tests.Feature.Http.Controllers.Api.PriceSearchControllerTest" assertions="2" time="0.060851"/>
        <testcase name="test_handles_search_with_float_parameter" file="C:\Users\Gaser\Desktop\COPRRA\tests\Feature\Http\Controllers\Api\PriceSearchControllerTest.php" line="501" class="Tests\Feature\Http\Controllers\Api\PriceSearchControllerTest" classname="Tests.Feature.Http.Controllers.Api.PriceSearchControllerTest" assertions="6" time="0.062851"/>
        <testcase name="test_returns_all_products_when_no_parameters_provided" file="C:\Users\Gaser\Desktop\COPRRA\tests\Feature\Http\Controllers\Api\PriceSearchControllerTest.php" line="141" class="Tests\Feature\Http\Controllers\Api\PriceSearchControllerTest" classname="Tests.Feature.Http.Controllers.Api.PriceSearchControllerTest" assertions="8" time="0.084652"/>
        <testcase name="test_handles_search_with_unicode_characters" file="C:\Users\Gaser\Desktop\COPRRA\tests\Feature\Http\Controllers\Api\PriceSearchControllerTest.php" line="329" class="Tests\Feature\Http\Controllers\Api\PriceSearchControllerTest" classname="Tests.Feature.Http.Controllers.Api.PriceSearchControllerTest" assertions="6" time="0.081270"/>
        <testcase name="test_returns_400_when_search_query_is_missing" file="C:\Users\Gaser\Desktop\COPRRA\tests\Feature\Http\Controllers\Api\PriceSearchControllerTest.php" line="253" class="Tests\Feature\Http\Controllers\Api\PriceSearchControllerTest" classname="Tests.Feature.Http.Controllers.Api.PriceSearchControllerTest" assertions="2" time="0.068437"/>
        <testcase name="test_handles_search_with_numbers" file="C:\Users\Gaser\Desktop\COPRRA\tests\Feature\Http\Controllers\Api\PriceSearchControllerTest.php" line="361" class="Tests\Feature\Http\Controllers\Api\PriceSearchControllerTest" classname="Tests.Feature.Http.Controllers.Api.PriceSearchControllerTest" assertions="6" time="0.061456"/>
        <testcase name="test_handles_search_with_mixed_content" file="C:\Users\Gaser\Desktop\COPRRA\tests\Feature\Http\Controllers\Api\PriceSearchControllerTest.php" line="377" class="Tests\Feature\Http\Controllers\Api\PriceSearchControllerTest" classname="Tests.Feature.Http.Controllers.Api.PriceSearchControllerTest" assertions="6" time="0.063689"/>
        <testcase name="test_handles_search_with_numeric_parameter" file="C:\Users\Gaser\Desktop\COPRRA\tests\Feature\Http\Controllers\Api\PriceSearchControllerTest.php" line="485" class="Tests\Feature\Http\Controllers\Api\PriceSearchControllerTest" classname="Tests.Feature.Http.Controllers.Api.PriceSearchControllerTest" assertions="6" time="0.108470"/>
        <testcase name="test_returns_404_when_no_products_exist" file="C:\Users\Gaser\Desktop\COPRRA\tests\Feature\Http\Controllers\Api\PriceSearchControllerTest.php" line="159" class="Tests\Feature\Http\Controllers\Api\PriceSearchControllerTest" classname="Tests.Feature.Http.Controllers.Api.PriceSearchControllerTest" assertions="2" time="0.119398"/>
        <testcase name="test_handles_search_with_tabs_and_newlines" file="C:\Users\Gaser\Desktop\COPRRA\tests\Feature\Http\Controllers\Api\PriceSearchControllerTest.php" line="425" class="Tests\Feature\Http\Controllers\Api\PriceSearchControllerTest" classname="Tests.Feature.Http.Controllers.Api.PriceSearchControllerTest" assertions="2" time="0.072812"/>
        <testcase name="test_handles_search_with_whitespace_only" file="C:\Users\Gaser\Desktop\COPRRA\tests\Feature\Http\Controllers\Api\PriceSearchControllerTest.php" line="413" class="Tests\Feature\Http\Controllers\Api\PriceSearchControllerTest" classname="Tests.Feature.Http.Controllers.Api.PriceSearchControllerTest" assertions="2" time="0.073604"/>
        <testcase name="test_handles_search_with_object_parameter" file="C:\Users\Gaser\Desktop\COPRRA\tests\Feature\Http\Controllers\Api\PriceSearchControllerTest.php" line="461" class="Tests\Feature\Http\Controllers\Api\PriceSearchControllerTest" classname="Tests.Feature.Http.Controllers.Api.PriceSearchControllerTest" assertions="2" time="0.060609"/>
        <testcase name="test_handles_search_with_xss_attempt" file="C:\Users\Gaser\Desktop\COPRRA\tests\Feature\Http\Controllers\Api\PriceSearchControllerTest.php" line="295" class="Tests\Feature\Http\Controllers\Api\PriceSearchControllerTest" classname="Tests.Feature.Http.Controllers.Api.PriceSearchControllerTest" assertions="6" time="0.064519"/>
        <testcase name="test_can_get_best_offer_by_product_id" file="C:\Users\Gaser\Desktop\COPRRA\tests\Feature\Http\Controllers\Api\PriceSearchControllerTest.php" line="47" class="Tests\Feature\Http\Controllers\Api\PriceSearchControllerTest" classname="Tests.Feature.Http.Controllers.Api.PriceSearchControllerTest" assertions="17" time="0.063985"/>
        <testcase name="test_can_search_products_with_query_parameter" file="C:\Users\Gaser\Desktop\COPRRA\tests\Feature\Http\Controllers\Api\PriceSearchControllerTest.php" line="205" class="Tests\Feature\Http\Controllers\Api\PriceSearchControllerTest" classname="Tests.Feature.Http.Controllers.Api.PriceSearchControllerTest" assertions="6" time="0.061921"/>
        <testcase name="test_can_get_supported_stores" file="C:\Users\Gaser\Desktop\COPRRA\tests\Feature\Http\Controllers\Api\PriceSearchControllerTest.php" line="172" class="Tests\Feature\Http\Controllers\Api\PriceSearchControllerTest" classname="Tests.Feature.Http.Controllers.Api.PriceSearchControllerTest" assertions="6" time="0.081768"/>
      </testsuite>
      <testsuite name="Tests\Feature\Http\Middleware\HandlePrecognitiveRequestsTest" file="C:\Users\Gaser\Desktop\COPRRA\tests\Feature\Http\Middleware\HandlePrecognitiveRequestsTest.php" tests="5" assertions="10" errors="0" failures="0" skipped="0" time="0.000000">
        <testcase name="test_handle_precognitive_requests_middleware_handles_put_requests" file="C:\Users\Gaser\Desktop\COPRRA\tests\Feature\Http\Middleware\HandlePrecognitiveRequestsTest.php" line="59" class="Tests\Feature\Http\Middleware\HandlePrecognitiveRequestsTest" classname="Tests.Feature.Http.Middleware.HandlePrecognitiveRequestsTest" assertions="2" time="0.054712"/>
        <testcase name="test_handle_precognitive_requests_middleware_passes_regular_requests" file="C:\Users\Gaser\Desktop\COPRRA\tests\Feature\Http\Middleware\HandlePrecognitiveRequestsTest.php" line="16" class="Tests\Feature\Http\Middleware\HandlePrecognitiveRequestsTest" classname="Tests.Feature.Http.Middleware.HandlePrecognitiveRequestsTest" assertions="2" time="0.055743"/>
        <testcase name="test_handle_precognitive_requests_middleware_handles_precognitive_header" file="C:\Users\Gaser\Desktop\COPRRA\tests\Feature\Http\Middleware\HandlePrecognitiveRequestsTest.php" line="29" class="Tests\Feature\Http\Middleware\HandlePrecognitiveRequestsTest" classname="Tests.Feature.Http.Middleware.HandlePrecognitiveRequestsTest" assertions="2" time="0.052312"/>
        <testcase name="test_handle_precognitive_requests_middleware_handles_post_requests" file="C:\Users\Gaser\Desktop\COPRRA\tests\Feature\Http\Middleware\HandlePrecognitiveRequestsTest.php" line="43" class="Tests\Feature\Http\Middleware\HandlePrecognitiveRequestsTest" classname="Tests.Feature.Http.Middleware.HandlePrecognitiveRequestsTest" assertions="2" time="0.052996"/>
        <testcase name="test_handle_precognitive_requests_middleware_handles_patch_requests" file="C:\Users\Gaser\Desktop\COPRRA\tests\Feature\Http\Middleware\HandlePrecognitiveRequestsTest.php" line="75" class="Tests\Feature\Http\Middleware\HandlePrecognitiveRequestsTest" classname="Tests.Feature.Http.Middleware.HandlePrecognitiveRequestsTest" assertions="2" time="0.052517"/>
      </testsuite>
      <testsuite name="Tests\Feature\Http\Controllers\BackupControllerTest" file="C:\Users\Gaser\Desktop\COPRRA\tests\Feature\Http\Controllers\BackupControllerTest.php" tests="2" assertions="2" errors="0" failures="0" skipped="0" time="0.000000">
        <testcase name="it_can_get_backups_list" file="C:\Users\Gaser\Desktop\COPRRA\tests\Feature\Http\Controllers\BackupControllerTest.php" line="21" class="Tests\Feature\Http\Controllers\BackupControllerTest" classname="Tests.Feature.Http.Controllers.BackupControllerTest" assertions="1" time="0.700671"/>
        <testcase name="it_can_create_full_backup" file="C:\Users\Gaser\Desktop\COPRRA\tests\Feature\Http\Controllers\BackupControllerTest.php" line="30" class="Tests\Feature\Http\Controllers\BackupControllerTest" classname="Tests.Feature.Http.Controllers.BackupControllerTest" assertions="1" time="0.741431"/>
      </testsuite>
      <testsuite name="Tests\Feature\Services\PasswordPolicyServiceTest" file="C:\Users\Gaser\Desktop\COPRRA\tests\Feature\Services\PasswordPolicyServiceTest.php" tests="31" assertions="59" errors="0" failures="0" skipped="0" time="0.000000">
        <testcase name="test_handles_save_password_history_exception" file="C:\Users\Gaser\Desktop\COPRRA\tests\Feature\Services\PasswordPolicyServiceTest.php" line="241" class="Tests\Feature\Services\PasswordPolicyServiceTest" classname="Tests.Feature.Services.PasswordPolicyServiceTest" assertions="1" time="0.091893"/>
        <testcase name="test_validates_password_without_lowercase" file="C:\Users\Gaser\Desktop\COPRRA\tests\Feature\Services\PasswordPolicyServiceTest.php" line="73" class="Tests\Feature\Services\PasswordPolicyServiceTest" classname="Tests.Feature.Services.PasswordPolicyServiceTest" assertions="2" time="0.054577"/>
        <testcase name="test_validates_forbidden_password" file="C:\Users\Gaser\Desktop\COPRRA\tests\Feature\Services\PasswordPolicyServiceTest.php" line="112" class="Tests\Feature\Services\PasswordPolicyServiceTest" classname="Tests.Feature.Services.PasswordPolicyServiceTest" assertions="2" time="0.057276"/>
        <testcase name="test_calculates_password_strength_strong" file="C:\Users\Gaser\Desktop\COPRRA\tests\Feature\Services\PasswordPolicyServiceTest.php" line="188" class="Tests\Feature\Services\PasswordPolicyServiceTest" classname="Tests.Feature.Services.PasswordPolicyServiceTest" assertions="1" time="0.056033"/>
        <testcase name="test_validates_password_with_maximum_length" file="C:\Users\Gaser\Desktop\COPRRA\tests\Feature\Services\PasswordPolicyServiceTest.php" line="455" class="Tests\Feature\Services\PasswordPolicyServiceTest" classname="Tests.Feature.Services.PasswordPolicyServiceTest" assertions="2" time="0.064291"/>
        <testcase name="test_validates_password_without_uppercase" file="C:\Users\Gaser\Desktop\COPRRA\tests\Feature\Services\PasswordPolicyServiceTest.php" line="60" class="Tests\Feature\Services\PasswordPolicyServiceTest" classname="Tests.Feature.Services.PasswordPolicyServiceTest" assertions="2" time="0.064832"/>
        <testcase name="test_saves_password_to_history" file="C:\Users\Gaser\Desktop\COPRRA\tests\Feature\Services\PasswordPolicyServiceTest.php" line="225" class="Tests\Feature\Services\PasswordPolicyServiceTest" classname="Tests.Feature.Services.PasswordPolicyServiceTest" assertions="1" time="0.058134"/>
        <testcase name="test_generates_secure_password_with_default_length" file="C:\Users\Gaser\Desktop\COPRRA\tests\Feature\Services\PasswordPolicyServiceTest.php" line="383" class="Tests\Feature\Services\PasswordPolicyServiceTest" classname="Tests.Feature.Services.PasswordPolicyServiceTest" assertions="2" time="0.080602"/>
        <testcase name="test_calculates_password_strength_weak" file="C:\Users\Gaser\Desktop\COPRRA\tests\Feature\Services\PasswordPolicyServiceTest.php" line="164" class="Tests\Feature\Services\PasswordPolicyServiceTest" classname="Tests.Feature.Services.PasswordPolicyServiceTest" assertions="1" time="0.052963"/>
        <testcase name="test_validates_weak_password" file="C:\Users\Gaser\Desktop\COPRRA\tests\Feature\Services\PasswordPolicyServiceTest.php" line="46" class="Tests\Feature\Services\PasswordPolicyServiceTest" classname="Tests.Feature.Services.PasswordPolicyServiceTest" assertions="3" time="0.052757"/>
        <testcase name="test_validates_password_with_common_substitutions" file="C:\Users\Gaser\Desktop\COPRRA\tests\Feature\Services\PasswordPolicyServiceTest.php" line="151" class="Tests\Feature\Services\PasswordPolicyServiceTest" classname="Tests.Feature.Services.PasswordPolicyServiceTest" assertions="2" time="0.052722"/>
        <testcase name="test_generates_secure_password" file="C:\Users\Gaser\Desktop\COPRRA\tests\Feature\Services\PasswordPolicyServiceTest.php" line="369" class="Tests\Feature\Services\PasswordPolicyServiceTest" classname="Tests.Feature.Services.PasswordPolicyServiceTest" assertions="6" time="0.053072"/>
        <testcase name="test_handles_update_policy_exception" file="C:\Users\Gaser\Desktop\COPRRA\tests\Feature\Services\PasswordPolicyServiceTest.php" line="433" class="Tests\Feature\Services\PasswordPolicyServiceTest" classname="Tests.Feature.Services.PasswordPolicyServiceTest" assertions="1" time="0.054804"/>
        <testcase name="test_validates_password_without_symbols" file="C:\Users\Gaser\Desktop\COPRRA\tests\Feature\Services\PasswordPolicyServiceTest.php" line="99" class="Tests\Feature\Services\PasswordPolicyServiceTest" classname="Tests.Feature.Services.PasswordPolicyServiceTest" assertions="2" time="0.051963"/>
        <testcase name="test_calculates_password_strength_very_strong" file="C:\Users\Gaser\Desktop\COPRRA\tests\Feature\Services\PasswordPolicyServiceTest.php" line="200" class="Tests\Feature\Services\PasswordPolicyServiceTest" classname="Tests.Feature.Services.PasswordPolicyServiceTest" assertions="1" time="0.076996"/>
        <testcase name="test_checks_password_expired" file="C:\Users\Gaser\Desktop\COPRRA\tests\Feature\Services\PasswordPolicyServiceTest.php" line="261" class="Tests\Feature\Services\PasswordPolicyServiceTest" classname="Tests.Feature.Services.PasswordPolicyServiceTest" assertions="1" time="0.052115"/>
        <testcase name="test_validates_password_with_case_insensitive_forbidden" file="C:\Users\Gaser\Desktop\COPRRA\tests\Feature\Services\PasswordPolicyServiceTest.php" line="468" class="Tests\Feature\Services\PasswordPolicyServiceTest" classname="Tests.Feature.Services.PasswordPolicyServiceTest" assertions="2" time="0.052367"/>
        <testcase name="test_validates_password_with_repeated_characters" file="C:\Users\Gaser\Desktop\COPRRA\tests\Feature\Services\PasswordPolicyServiceTest.php" line="125" class="Tests\Feature\Services\PasswordPolicyServiceTest" classname="Tests.Feature.Services.PasswordPolicyServiceTest" assertions="2" time="0.052530"/>
        <testcase name="test_validates_password_with_keyboard_patterns" file="C:\Users\Gaser\Desktop\COPRRA\tests\Feature\Services\PasswordPolicyServiceTest.php" line="138" class="Tests\Feature\Services\PasswordPolicyServiceTest" classname="Tests.Feature.Services.PasswordPolicyServiceTest" assertions="2" time="0.053274"/>
        <testcase name="test_records_failed_attempt" file="C:\Users\Gaser\Desktop\COPRRA\tests\Feature\Services\PasswordPolicyServiceTest.php" line="317" class="Tests\Feature\Services\PasswordPolicyServiceTest" classname="Tests.Feature.Services.PasswordPolicyServiceTest" assertions="1" time="0.051522"/>
        <testcase name="test_handles_password_expiry_check_exception" file="C:\Users\Gaser\Desktop\COPRRA\tests\Feature\Services\PasswordPolicyServiceTest.php" line="273" class="Tests\Feature\Services\PasswordPolicyServiceTest" classname="Tests.Feature.Services.PasswordPolicyServiceTest" assertions="1" time="0.052226"/>
        <testcase name="test_updates_policy" file="C:\Users\Gaser\Desktop\COPRRA\tests\Feature\Services\PasswordPolicyServiceTest.php" line="410" class="Tests\Feature\Services\PasswordPolicyServiceTest" classname="Tests.Feature.Services.PasswordPolicyServiceTest" assertions="1" time="0.078813"/>
        <testcase name="test_handles_record_failed_attempt_exception" file="C:\Users\Gaser\Desktop\COPRRA\tests\Feature\Services\PasswordPolicyServiceTest.php" line="333" class="Tests\Feature\Services\PasswordPolicyServiceTest" classname="Tests.Feature.Services.PasswordPolicyServiceTest" assertions="1" time="0.054846"/>
        <testcase name="test_gets_policy_requirements" file="C:\Users\Gaser\Desktop\COPRRA\tests\Feature\Services\PasswordPolicyServiceTest.php" line="393" class="Tests\Feature\Services\PasswordPolicyServiceTest" classname="Tests.Feature.Services.PasswordPolicyServiceTest" assertions="9" time="0.064162"/>
        <testcase name="test_checks_account_not_locked" file="C:\Users\Gaser\Desktop\COPRRA\tests\Feature\Services\PasswordPolicyServiceTest.php" line="289" class="Tests\Feature\Services\PasswordPolicyServiceTest" classname="Tests.Feature.Services.PasswordPolicyServiceTest" assertions="1" time="0.056816"/>
        <testcase name="test_handles_account_lock_check_exception" file="C:\Users\Gaser\Desktop\COPRRA\tests\Feature\Services\PasswordPolicyServiceTest.php" line="301" class="Tests\Feature\Services\PasswordPolicyServiceTest" classname="Tests.Feature.Services.PasswordPolicyServiceTest" assertions="1" time="0.054332"/>
        <testcase name="test_calculates_password_strength_medium" file="C:\Users\Gaser\Desktop\COPRRA\tests\Feature\Services\PasswordPolicyServiceTest.php" line="176" class="Tests\Feature\Services\PasswordPolicyServiceTest" classname="Tests.Feature.Services.PasswordPolicyServiceTest" assertions="1" time="0.052851"/>
        <testcase name="test_validates_strong_password" file="C:\Users\Gaser\Desktop\COPRRA\tests\Feature\Services\PasswordPolicyServiceTest.php" line="32" class="Tests\Feature\Services\PasswordPolicyServiceTest" classname="Tests.Feature.Services.PasswordPolicyServiceTest" assertions="3" time="0.051997"/>
        <testcase name="test_validates_password_without_numbers" file="C:\Users\Gaser\Desktop\COPRRA\tests\Feature\Services\PasswordPolicyServiceTest.php" line="86" class="Tests\Feature\Services\PasswordPolicyServiceTest" classname="Tests.Feature.Services.PasswordPolicyServiceTest" assertions="2" time="0.081760"/>
        <testcase name="test_clears_failed_attempts" file="C:\Users\Gaser\Desktop\COPRRA\tests\Feature\Services\PasswordPolicyServiceTest.php" line="354" class="Tests\Feature\Services\PasswordPolicyServiceTest" classname="Tests.Feature.Services.PasswordPolicyServiceTest" assertions="1" time="0.082440"/>
        <testcase name="test_checks_password_not_in_history" file="C:\Users\Gaser\Desktop\COPRRA\tests\Feature\Services\PasswordPolicyServiceTest.php" line="212" class="Tests\Feature\Services\PasswordPolicyServiceTest" classname="Tests.Feature.Services.PasswordPolicyServiceTest" assertions="1" time="0.061526"/>
      </testsuite>
      <testsuite name="Tests\Feature\Http\Controllers\BrandControllerTest" file="C:\Users\Gaser\Desktop\COPRRA\tests\Feature\Http\Controllers\BrandControllerTest.php" tests="18" assertions="52" errors="0" failures="0" skipped="0" time="0.000000">
        <testcase name="it_can_search_brands" file="C:\Users\Gaser\Desktop\COPRRA\tests\Feature\Http\Controllers\BrandControllerTest.php" line="308" class="Tests\Feature\Http\Controllers\BrandControllerTest" classname="Tests.Feature.Http.Controllers.BrandControllerTest" assertions="2" time="0.248518"/>
        <testcase name="it_can_display_brands_index" file="C:\Users\Gaser\Desktop\COPRRA\tests\Feature\Http\Controllers\BrandControllerTest.php" line="34" class="Tests\Feature\Http\Controllers\BrandControllerTest" classname="Tests.Feature.Http.Controllers.BrandControllerTest" assertions="2" time="0.063291"/>
        <testcase name="it_can_sort_brands" file="C:\Users\Gaser\Desktop\COPRRA\tests\Feature\Http\Controllers\BrandControllerTest.php" line="323" class="Tests\Feature\Http\Controllers\BrandControllerTest" classname="Tests.Feature.Http.Controllers.BrandControllerTest" assertions="2" time="0.066679"/>
        <testcase name="it_handles_brand_update_errors_gracefully" file="C:\Users\Gaser\Desktop\COPRRA\tests\Feature\Http\Controllers\BrandControllerTest.php" line="255" class="Tests\Feature\Http\Controllers\BrandControllerTest" classname="Tests.Feature.Http.Controllers.BrandControllerTest" assertions="4" time="0.091358"/>
        <testcase name="it_can_display_brand_details" file="C:\Users\Gaser\Desktop\COPRRA\tests\Feature\Http\Controllers\BrandControllerTest.php" line="97" class="Tests\Feature\Http\Controllers\BrandControllerTest" classname="Tests.Feature.Http.Controllers.BrandControllerTest" assertions="3" time="0.070811"/>
        <testcase name="it_returns_404_for_nonexistent_brand" file="C:\Users\Gaser\Desktop\COPRRA\tests\Feature\Http\Controllers\BrandControllerTest.php" line="112" class="Tests\Feature\Http\Controllers\BrandControllerTest" classname="Tests.Feature.Http.Controllers.BrandControllerTest" assertions="1" time="0.944486"/>
        <testcase name="it_can_store_new_brand" file="C:\Users\Gaser\Desktop\COPRRA\tests\Feature\Http\Controllers\BrandControllerTest.php" line="58" class="Tests\Feature\Http\Controllers\BrandControllerTest" classname="Tests.Feature.Http.Controllers.BrandControllerTest" assertions="4" time="0.063200"/>
        <testcase name="it_validates_brand_update_request" file="C:\Users\Gaser\Desktop\COPRRA\tests\Feature\Http\Controllers\BrandControllerTest.php" line="168" class="Tests\Feature\Http\Controllers\BrandControllerTest" classname="Tests.Feature.Http.Controllers.BrandControllerTest" assertions="3" time="0.075208"/>
        <testcase name="it_handles_brand_deletion_errors_gracefully" file="C:\Users\Gaser\Desktop\COPRRA\tests\Feature\Http\Controllers\BrandControllerTest.php" line="274" class="Tests\Feature\Http\Controllers\BrandControllerTest" classname="Tests.Feature.Http.Controllers.BrandControllerTest" assertions="1" time="0.121306"/>
        <testcase name="it_can_delete_brand" file="C:\Users\Gaser\Desktop\COPRRA\tests\Feature\Http\Controllers\BrandControllerTest.php" line="184" class="Tests\Feature\Http\Controllers\BrandControllerTest" classname="Tests.Feature.Http.Controllers.BrandControllerTest" assertions="4" time="0.089516"/>
        <testcase name="it_handles_brand_creation_errors_gracefully" file="C:\Users\Gaser\Desktop\COPRRA\tests\Feature\Http\Controllers\BrandControllerTest.php" line="238" class="Tests\Feature\Http\Controllers\BrandControllerTest" classname="Tests.Feature.Http.Controllers.BrandControllerTest" assertions="4" time="0.069270"/>
        <testcase name="it_can_display_edit_brand_form" file="C:\Users\Gaser\Desktop\COPRRA\tests\Feature\Http\Controllers\BrandControllerTest.php" line="123" class="Tests\Feature\Http\Controllers\BrandControllerTest" classname="Tests.Feature.Http.Controllers.BrandControllerTest" assertions="3" time="0.067611"/>
        <testcase name="it_can_update_brand" file="C:\Users\Gaser\Desktop\COPRRA\tests\Feature\Http\Controllers\BrandControllerTest.php" line="138" class="Tests\Feature\Http\Controllers\BrandControllerTest" classname="Tests.Feature.Http.Controllers.BrandControllerTest" assertions="4" time="0.060525"/>
        <testcase name="it_validates_brand_creation_request" file="C:\Users\Gaser\Desktop\COPRRA\tests\Feature\Http\Controllers\BrandControllerTest.php" line="85" class="Tests\Feature\Http\Controllers\BrandControllerTest" classname="Tests.Feature.Http.Controllers.BrandControllerTest" assertions="3" time="0.084969"/>
        <testcase name="it_can_display_brands_with_pagination" file="C:\Users\Gaser\Desktop\COPRRA\tests\Feature\Http\Controllers\BrandControllerTest.php" line="293" class="Tests\Feature\Http\Controllers\BrandControllerTest" classname="Tests.Feature.Http.Controllers.BrandControllerTest" assertions="2" time="0.072707"/>
        <testcase name="it_requires_authentication_for_all_brand_routes" file="C:\Users\Gaser\Desktop\COPRRA\tests\Feature\Http\Controllers\BrandControllerTest.php" line="213" class="Tests\Feature\Http\Controllers\BrandControllerTest" classname="Tests.Feature.Http.Controllers.BrandControllerTest" assertions="7" time="0.067745"/>
        <testcase name="it_returns_404_when_deleting_nonexistent_brand" file="C:\Users\Gaser\Desktop\COPRRA\tests\Feature\Http\Controllers\BrandControllerTest.php" line="202" class="Tests\Feature\Http\Controllers\BrandControllerTest" classname="Tests.Feature.Http.Controllers.BrandControllerTest" assertions="1" time="0.073448"/>
        <testcase name="it_can_display_create_brand_form" file="C:\Users\Gaser\Desktop\COPRRA\tests\Feature\Http\Controllers\BrandControllerTest.php" line="46" class="Tests\Feature\Http\Controllers\BrandControllerTest" classname="Tests.Feature.Http.Controllers.BrandControllerTest" assertions="2" time="0.118954"/>
      </testsuite>
      <testsuite name="Tests\Feature\Http\Middleware\ShareErrorsFromSessionTest" file="C:\Users\Gaser\Desktop\COPRRA\tests\Feature\Http\Middleware\ShareErrorsFromSessionTest.php" tests="6" assertions="14" errors="0" failures="0" skipped="0" time="0.000000">
        <testcase name="test_share_errors_from_session_middleware_shares_errors" file="C:\Users\Gaser\Desktop\COPRRA\tests\Feature\Http\Middleware\ShareErrorsFromSessionTest.php" line="21" class="Tests\Feature\Http\Middleware\ShareErrorsFromSessionTest" classname="Tests.Feature.Http.Middleware.ShareErrorsFromSessionTest" assertions="2" time="0.294380"/>
        <testcase name="test_share_errors_from_session_middleware_handles_api_requests" file="C:\Users\Gaser\Desktop\COPRRA\tests\Feature\Http\Middleware\ShareErrorsFromSessionTest.php" line="96" class="Tests\Feature\Http\Middleware\ShareErrorsFromSessionTest" classname="Tests.Feature.Http.Middleware.ShareErrorsFromSessionTest" assertions="2" time="0.272047"/>
        <testcase name="test_share_errors_from_session_middleware_handles_no_errors" file="C:\Users\Gaser\Desktop\COPRRA\tests\Feature\Http\Middleware\ShareErrorsFromSessionTest.php" line="39" class="Tests\Feature\Http\Middleware\ShareErrorsFromSessionTest" classname="Tests.Feature.Http.Middleware.ShareErrorsFromSessionTest" assertions="2" time="0.289328"/>
        <testcase name="test_share_errors_from_session_middleware_handles_post_requests" file="C:\Users\Gaser\Desktop\COPRRA\tests\Feature\Http\Middleware\ShareErrorsFromSessionTest.php" line="77" class="Tests\Feature\Http\Middleware\ShareErrorsFromSessionTest" classname="Tests.Feature.Http.Middleware.ShareErrorsFromSessionTest" assertions="2" time="0.270238"/>
        <testcase name="test_share_errors_from_session_middleware_handles_multiple_errors" file="C:\Users\Gaser\Desktop\COPRRA\tests\Feature\Http\Middleware\ShareErrorsFromSessionTest.php" line="56" class="Tests\Feature\Http\Middleware\ShareErrorsFromSessionTest" classname="Tests.Feature.Http.Middleware.ShareErrorsFromSessionTest" assertions="2" time="0.294240"/>
        <testcase name="test_can_be_instantiated" file="C:\Users\Gaser\Desktop\COPRRA\tests\SafeTestBase.php" line="79" class="Tests\Feature\Http\Middleware\ShareErrorsFromSessionTest" classname="Tests.Feature.Http.Middleware.ShareErrorsFromSessionTest" assertions="4" time="0.264607"/>
      </testsuite>
      <testsuite name="Tests\Feature\SEOTest" file="C:\Users\Gaser\Desktop\COPRRA\tests\Feature\SEOTest.php" tests="18" assertions="50" errors="0" failures="0" skipped="0" time="0.000000">
        <testcase name="test_generates_description_with_correct_length" file="C:\Users\Gaser\Desktop\COPRRA\tests\Feature\SEOTest.php" line="95" class="Tests\Feature\SEOTest" classname="Tests.Feature.SEOTest" assertions="2" time="0.087607"/>
        <testcase name="test_detects_long_title" file="C:\Users\Gaser\Desktop\COPRRA\tests\Feature\SEOTest.php" line="150" class="Tests\Feature\SEOTest" classname="Tests.Feature.SEOTest" assertions="2" time="0.053330"/>
        <testcase name="test_robots_txt_has_correct_content" file="C:\Users\Gaser\Desktop\COPRRA\tests\Feature\SEOTest.php" line="283" class="Tests\Feature\SEOTest" classname="Tests.Feature.SEOTest" assertions="3" time="0.052571"/>
        <testcase name="test_detects_short_title" file="C:\Users\Gaser\Desktop\COPRRA\tests\Feature\SEOTest.php" line="135" class="Tests\Feature\SEOTest" classname="Tests.Feature.SEOTest" assertions="2" time="0.054530"/>
        <testcase name="test_generates_meta_data_for_category" file="C:\Users\Gaser\Desktop\COPRRA\tests\Feature\SEOTest.php" line="56" class="Tests\Feature\SEOTest" classname="Tests.Feature.SEOTest" assertions="3" time="0.058897"/>
        <testcase name="test_sitemap_includes_products" file="C:\Users\Gaser\Desktop\COPRRA\tests\Feature\SEOTest.php" line="236" class="Tests\Feature\SEOTest" classname="Tests.Feature.SEOTest" assertions="1" time="0.101812"/>
        <testcase name="test_detects_missing_title" file="C:\Users\Gaser\Desktop\COPRRA\tests\Feature\SEOTest.php" line="120" class="Tests\Feature\SEOTest" classname="Tests.Feature.SEOTest" assertions="2" time="0.077812"/>
        <testcase name="test_seo_audit_command_runs_successfully" file="C:\Users\Gaser\Desktop\COPRRA\tests\Feature\SEOTest.php" line="252" class="Tests\Feature\SEOTest" classname="Tests.Feature.SEOTest" assertions="1" time="0.107487"/>
        <testcase name="test_generates_meta_data_for_product" file="C:\Users\Gaser\Desktop\COPRRA\tests\Feature\SEOTest.php" line="34" class="Tests\Feature\SEOTest" classname="Tests.Feature.SEOTest" assertions="10" time="0.060244"/>
        <testcase name="test_generates_structured_data_for_product" file="C:\Users\Gaser\Desktop\COPRRA\tests\Feature\SEOTest.php" line="180" class="Tests\Feature\SEOTest" classname="Tests.Feature.SEOTest" assertions="5" time="0.054705"/>
        <testcase name="test_generates_meta_data_for_store" file="C:\Users\Gaser\Desktop\COPRRA\tests\Feature\SEOTest.php" line="70" class="Tests\Feature\SEOTest" classname="Tests.Feature.SEOTest" assertions="3" time="0.053831"/>
        <testcase name="test_seo_audit_can_fix_issues" file="C:\Users\Gaser\Desktop\COPRRA\tests\Feature\SEOTest.php" line="261" class="Tests\Feature\SEOTest" classname="Tests.Feature.SEOTest" assertions="2" time="0.062807"/>
        <testcase name="test_generates_sitemap_successfully" file="C:\Users\Gaser\Desktop\COPRRA\tests\Feature\SEOTest.php" line="213" class="Tests\Feature\SEOTest" classname="Tests.Feature.SEOTest" assertions="4" time="0.087427"/>
        <testcase name="test_robots_txt_file_exists" file="C:\Users\Gaser\Desktop\COPRRA\tests\Feature\SEOTest.php" line="278" class="Tests\Feature\SEOTest" classname="Tests.Feature.SEOTest" assertions="1" time="0.065544"/>
        <testcase name="test_generates_title_with_correct_length" file="C:\Users\Gaser\Desktop\COPRRA\tests\Feature\SEOTest.php" line="84" class="Tests\Feature\SEOTest" classname="Tests.Feature.SEOTest" assertions="2" time="0.084692"/>
        <testcase name="test_detects_missing_description" file="C:\Users\Gaser\Desktop\COPRRA\tests\Feature\SEOTest.php" line="165" class="Tests\Feature\SEOTest" classname="Tests.Feature.SEOTest" assertions="2" time="0.058257"/>
        <testcase name="test_validates_meta_data_correctly" file="C:\Users\Gaser\Desktop\COPRRA\tests\Feature\SEOTest.php" line="106" class="Tests\Feature\SEOTest" classname="Tests.Feature.SEOTest" assertions="1" time="0.058840"/>
        <testcase name="test_generates_breadcrumb_structured_data" file="C:\Users\Gaser\Desktop\COPRRA\tests\Feature\SEOTest.php" line="197" class="Tests\Feature\SEOTest" classname="Tests.Feature.SEOTest" assertions="4" time="0.058869"/>
      </testsuite>
      <testsuite name="Tests\Feature\Services\FileCleanupServiceTest" file="C:\Users\Gaser\Desktop\COPRRA\tests\Feature\Services\FileCleanupServiceTest.php" tests="13" assertions="61" errors="0" failures="0" skipped="0" time="1.000000">
        <testcase name="test_cleans_up_backup_files" file="C:\Users\Gaser\Desktop\COPRRA\tests\Feature\Services\FileCleanupServiceTest.php" line="235" class="Tests\Feature\Services\FileCleanupServiceTest" classname="Tests.Feature.Services.FileCleanupServiceTest" assertions="6" time="0.086531"/>
        <testcase name="test_schedules_cleanup_daily" file="C:\Users\Gaser\Desktop\COPRRA\tests\Feature\Services\FileCleanupServiceTest.php" line="447" class="Tests\Feature\Services\FileCleanupServiceTest" classname="Tests.Feature.Services.FileCleanupServiceTest" assertions="1" time="0.080409"/>
        <testcase name="test_cleans_up_log_files" file="C:\Users\Gaser\Desktop\COPRRA\tests\Feature\Services\FileCleanupServiceTest.php" line="109" class="Tests\Feature\Services\FileCleanupServiceTest" classname="Tests.Feature.Services.FileCleanupServiceTest" assertions="6" time="0.246859"/>
        <testcase name="test_handles_log_files_cleanup_exception" file="C:\Users\Gaser\Desktop\COPRRA\tests\Feature\Services\FileCleanupServiceTest.php" line="155" class="Tests\Feature\Services\FileCleanupServiceTest" classname="Tests.Feature.Services.FileCleanupServiceTest" assertions="2" time="0.235908"/>
        <testcase name="test_checks_storage_usage_over_limit" file="C:\Users\Gaser\Desktop\COPRRA\tests\Feature\Services\FileCleanupServiceTest.php" line="392" class="Tests\Feature\Services\FileCleanupServiceTest" classname="Tests.Feature.Services.FileCleanupServiceTest" assertions="2" time="1.079017"/>
        <testcase name="test_cleans_up_cache_files" file="C:\Users\Gaser\Desktop\COPRRA\tests\Feature\Services\FileCleanupServiceTest.php" line="176" class="Tests\Feature\Services\FileCleanupServiceTest" classname="Tests.Feature.Services.FileCleanupServiceTest" assertions="6" time="0.150073"/>
        <testcase name="test_cleans_up_temp_files" file="C:\Users\Gaser\Desktop\COPRRA\tests\Feature\Services\FileCleanupServiceTest.php" line="34" class="Tests\Feature\Services\FileCleanupServiceTest" classname="Tests.Feature.Services.FileCleanupServiceTest" assertions="6" time="0.125379"/>
        <testcase name="test_performs_complete_cleanup" file="C:\Users\Gaser\Desktop\COPRRA\tests\Feature\Services\FileCleanupServiceTest.php" line="330" class="Tests\Feature\Services\FileCleanupServiceTest" classname="Tests.Feature.Services.FileCleanupServiceTest" assertions="8" time="0.306186"/>
        <testcase name="test_gets_cleanup_statistics" file="C:\Users\Gaser\Desktop\COPRRA\tests\Feature\Services\FileCleanupServiceTest.php" line="427" class="Tests\Feature\Services\FileCleanupServiceTest" classname="Tests.Feature.Services.FileCleanupServiceTest" assertions="5" time="0.345983"/>
        <testcase name="test_schedules_cleanup_weekly_on_sunday" file="C:\Users\Gaser\Desktop\COPRRA\tests\Feature\Services\FileCleanupServiceTest.php" line="461" class="Tests\Feature\Services\FileCleanupServiceTest" classname="Tests.Feature.Services.FileCleanupServiceTest" assertions="1" time="0.060763"/>
        <testcase name="test_checks_storage_usage" file="C:\Users\Gaser\Desktop\COPRRA\tests\Feature\Services\FileCleanupServiceTest.php" line="355" class="Tests\Feature\Services\FileCleanupServiceTest" classname="Tests.Feature.Services.FileCleanupServiceTest" assertions="9" time="0.420714"/>
        <testcase name="test_handles_temp_files_cleanup_exception" file="C:\Users\Gaser\Desktop\COPRRA\tests\Feature\Services\FileCleanupServiceTest.php" line="91" class="Tests\Feature\Services\FileCleanupServiceTest" classname="Tests.Feature.Services.FileCleanupServiceTest" assertions="3" time="0.131629"/>
        <testcase name="test_cleans_up_uploaded_files" file="C:\Users\Gaser\Desktop\COPRRA\tests\Feature\Services\FileCleanupServiceTest.php" line="281" class="Tests\Feature\Services\FileCleanupServiceTest" classname="Tests.Feature.Services.FileCleanupServiceTest" assertions="6" time="0.071312"/>
      </testsuite>
      <testsuite name="Tests\Feature\Services\UserBanServiceTest" file="C:\Users\Gaser\Desktop\COPRRA\tests\Feature\Services\UserBanServiceTest.php" tests="18" assertions="24" errors="0" failures="0" skipped="0" time="0.000000">
        <testcase name="test_handles_ban_user_with_invalid_reason" file="C:\Users\Gaser\Desktop\COPRRA\tests\Feature\Services\UserBanServiceTest.php" line="77" class="Tests\Feature\Services\UserBanServiceTest" classname="Tests.Feature.Services.UserBanServiceTest" assertions="1" time="0.082768"/>
        <testcase name="test_cleans_up_expired_bans" file="C:\Users\Gaser\Desktop\COPRRA\tests\Feature\Services\UserBanServiceTest.php" line="159" class="Tests\Feature\Services\UserBanServiceTest" classname="Tests.Feature.Services.UserBanServiceTest" assertions="3" time="0.054814"/>
        <testcase name="test_handles_extend_ban" file="C:\Users\Gaser\Desktop\COPRRA\tests\Feature\Services\UserBanServiceTest.php" line="227" class="Tests\Feature\Services\UserBanServiceTest" classname="Tests.Feature.Services.UserBanServiceTest" assertions="1" time="0.063329"/>
        <testcase name="test_handles_reduce_ban" file="C:\Users\Gaser\Desktop\COPRRA\tests\Feature\Services\UserBanServiceTest.php" line="240" class="Tests\Feature\Services\UserBanServiceTest" classname="Tests.Feature.Services.UserBanServiceTest" assertions="1" time="0.059513"/>
        <testcase name="test_gets_ban_info_for_user" file="C:\Users\Gaser\Desktop\COPRRA\tests\Feature\Services\UserBanServiceTest.php" line="117" class="Tests\Feature\Services\UserBanServiceTest" classname="Tests.Feature.Services.UserBanServiceTest" assertions="1" time="0.083403"/>
        <testcase name="test_checks_can_ban_user" file="C:\Users\Gaser\Desktop\COPRRA\tests\Feature\Services\UserBanServiceTest.php" line="191" class="Tests\Feature\Services\UserBanServiceTest" classname="Tests.Feature.Services.UserBanServiceTest" assertions="1" time="0.062234"/>
        <testcase name="test_gets_ban_history" file="C:\Users\Gaser\Desktop\COPRRA\tests\Feature\Services\UserBanServiceTest.php" line="215" class="Tests\Feature\Services\UserBanServiceTest" classname="Tests.Feature.Services.UserBanServiceTest" assertions="1" time="0.095077"/>
        <testcase name="test_gets_users_with_expired_bans" file="C:\Users\Gaser\Desktop\COPRRA\tests\Feature\Services\UserBanServiceTest.php" line="150" class="Tests\Feature\Services\UserBanServiceTest" classname="Tests.Feature.Services.UserBanServiceTest" assertions="1" time="0.069976"/>
        <testcase name="test_gets_ban_statistics" file="C:\Users\Gaser\Desktop\COPRRA\tests\Feature\Services\UserBanServiceTest.php" line="169" class="Tests\Feature\Services\UserBanServiceTest" classname="Tests.Feature.Services.UserBanServiceTest" assertions="5" time="0.064982"/>
        <testcase name="test_gets_ban_reasons" file="C:\Users\Gaser\Desktop\COPRRA\tests\Feature\Services\UserBanServiceTest.php" line="182" class="Tests\Feature\Services\UserBanServiceTest" classname="Tests.Feature.Services.UserBanServiceTest" assertions="1" time="0.054808"/>
        <testcase name="test_gets_banned_users" file="C:\Users\Gaser\Desktop\COPRRA\tests\Feature\Services\UserBanServiceTest.php" line="141" class="Tests\Feature\Services\UserBanServiceTest" classname="Tests.Feature.Services.UserBanServiceTest" assertions="1" time="0.070515"/>
        <testcase name="test_handles_permanent_ban" file="C:\Users\Gaser\Desktop\COPRRA\tests\Feature\Services\UserBanServiceTest.php" line="91" class="Tests\Feature\Services\UserBanServiceTest" classname="Tests.Feature.Services.UserBanServiceTest" assertions="1" time="0.090185"/>
        <testcase name="test_checks_user_is_not_banned_by_default" file="C:\Users\Gaser\Desktop\COPRRA\tests\Feature\Services\UserBanServiceTest.php" line="51" class="Tests\Feature\Services\UserBanServiceTest" classname="Tests.Feature.Services.UserBanServiceTest" assertions="1" time="0.054592"/>
        <testcase name="test_handles_auto_unban_expired_user" file="C:\Users\Gaser\Desktop\COPRRA\tests\Feature\Services\UserBanServiceTest.php" line="129" class="Tests\Feature\Services\UserBanServiceTest" classname="Tests.Feature.Services.UserBanServiceTest" assertions="1" time="0.055846"/>
        <testcase name="test_handles_ban_user_with_valid_reason" file="C:\Users\Gaser\Desktop\COPRRA\tests\Feature\Services\UserBanServiceTest.php" line="63" class="Tests\Feature\Services\UserBanServiceTest" classname="Tests.Feature.Services.UserBanServiceTest" assertions="1" time="0.056291"/>
        <testcase name="test_handles_unban_user" file="C:\Users\Gaser\Desktop\COPRRA\tests\Feature\Services\UserBanServiceTest.php" line="105" class="Tests\Feature\Services\UserBanServiceTest" classname="Tests.Feature.Services.UserBanServiceTest" assertions="1" time="0.058340"/>
        <testcase name="test_can_be_instantiated" file="C:\Users\Gaser\Desktop\COPRRA\tests\Feature\Services\UserBanServiceTest.php" line="45" class="Tests\Feature\Services\UserBanServiceTest" classname="Tests.Feature.Services.UserBanServiceTest" assertions="1" time="0.053129"/>
        <testcase name="test_checks_can_unban_user" file="C:\Users\Gaser\Desktop\COPRRA\tests\Feature\Services\UserBanServiceTest.php" line="203" class="Tests\Feature\Services\UserBanServiceTest" classname="Tests.Feature.Services.UserBanServiceTest" assertions="1" time="0.056933"/>
      </testsuite>
      <testsuite name="Tests\Feature\Http\Middleware\SetCacheHeadersTest" file="C:\Users\Gaser\Desktop\COPRRA\tests\Feature\Http\Middleware\SetCacheHeadersTest.php" tests="5" assertions="10" errors="0" failures="0" skipped="0" time="0.000000">
        <testcase name="test_set_cache_headers_middleware_handles_post_requests" file="C:\Users\Gaser\Desktop\COPRRA\tests\Feature\Http\Middleware\SetCacheHeadersTest.php" line="49" class="Tests\Feature\Http\Middleware\SetCacheHeadersTest" classname="Tests.Feature.Http.Middleware.SetCacheHeadersTest" assertions="2" time="0.339493"/>
        <testcase name="test_set_cache_headers_middleware_handles_different_response_codes" file="C:\Users\Gaser\Desktop\COPRRA\tests\Feature\Http\Middleware\SetCacheHeadersTest.php" line="36" class="Tests\Feature\Http\Middleware\SetCacheHeadersTest" classname="Tests.Feature.Http.Middleware.SetCacheHeadersTest" assertions="2" time="0.285550"/>
        <testcase name="test_set_cache_headers_middleware_passes_request_successfully" file="C:\Users\Gaser\Desktop\COPRRA\tests\Feature\Http\Middleware\SetCacheHeadersTest.php" line="23" class="Tests\Feature\Http\Middleware\SetCacheHeadersTest" classname="Tests.Feature.Http.Middleware.SetCacheHeadersTest" assertions="2" time="0.295673"/>
        <testcase name="test_set_cache_headers_middleware_handles_api_requests" file="C:\Users\Gaser\Desktop\COPRRA\tests\Feature\Http\Middleware\SetCacheHeadersTest.php" line="64" class="Tests\Feature\Http\Middleware\SetCacheHeadersTest" classname="Tests.Feature.Http.Middleware.SetCacheHeadersTest" assertions="2" time="0.311220"/>
        <testcase name="test_set_cache_headers_middleware_adds_cache_headers" file="C:\Users\Gaser\Desktop\COPRRA\tests\Feature\Http\Middleware\SetCacheHeadersTest.php" line="10" class="Tests\Feature\Http\Middleware\SetCacheHeadersTest" classname="Tests.Feature.Http.Middleware.SetCacheHeadersTest" assertions="2" time="0.324541"/>
      </testsuite>
      <testsuite name="Tests\Feature\Http\Controllers\AdminControllerTest" file="C:\Users\Gaser\Desktop\COPRRA\tests\Feature\Http\Controllers\AdminControllerTest.php" tests="3" assertions="13" errors="0" failures="0" skipped="0" time="0.000000">
        <testcase name="it_can_display_users_management_page" file="C:\Users\Gaser\Desktop\COPRRA\tests\Feature\Http\Controllers\AdminControllerTest.php" line="48" class="Tests\Feature\Http\Controllers\AdminControllerTest" classname="Tests.Feature.Http.Controllers.AdminControllerTest" assertions="4" time="0.249636"/>
        <testcase name="it_redirects_non_admin_users_from_dashboard" file="C:\Users\Gaser\Desktop\COPRRA\tests\Feature\Http\Controllers\AdminControllerTest.php" line="34" class="Tests\Feature\Http\Controllers\AdminControllerTest" classname="Tests.Feature.Http.Controllers.AdminControllerTest" assertions="1" time="0.063870"/>
        <testcase name="it_can_display_admin_dashboard" file="C:\Users\Gaser\Desktop\COPRRA\tests\Feature\Http\Controllers\AdminControllerTest.php" line="14" class="Tests\Feature\Http\Controllers\AdminControllerTest" classname="Tests.Feature.Http.Controllers.AdminControllerTest" assertions="8" time="0.403639"/>
      </testsuite>
      <testsuite name="Tests\Feature\Http\Controllers\LocaleControllerTest" file="C:\Users\Gaser\Desktop\COPRRA\tests\Feature\Http\Controllers\LocaleControllerTest.php" tests="5" assertions="5" errors="0" failures="0" skipped="0" time="0.000000">
        <testcase name="it_validates_language_switch_request" file="C:\Users\Gaser\Desktop\COPRRA\tests\Feature\Http\Controllers\LocaleControllerTest.php" line="37" class="Tests\Feature\Http\Controllers\LocaleControllerTest" classname="Tests.Feature.Http.Controllers.LocaleControllerTest" assertions="1" time="0.710714"/>
        <testcase name="it_validates_currency_switch_request" file="C:\Users\Gaser\Desktop\COPRRA\tests\Feature\Http\Controllers\LocaleControllerTest.php" line="53" class="Tests\Feature\Http\Controllers\LocaleControllerTest" classname="Tests.Feature.Http.Controllers.LocaleControllerTest" assertions="1" time="0.793585"/>
        <testcase name="it_can_switch_language" file="C:\Users\Gaser\Desktop\COPRRA\tests\Feature\Http\Controllers\LocaleControllerTest.php" line="21" class="Tests\Feature\Http\Controllers\LocaleControllerTest" classname="Tests.Feature.Http.Controllers.LocaleControllerTest" assertions="1" time="0.735218"/>
        <testcase name="it_can_switch_currency" file="C:\Users\Gaser\Desktop\COPRRA\tests\Feature\Http\Controllers\LocaleControllerTest.php" line="29" class="Tests\Feature\Http\Controllers\LocaleControllerTest" classname="Tests.Feature.Http.Controllers.LocaleControllerTest" assertions="1" time="0.728966"/>
        <testcase name="it_returns_422_for_invalid_language" file="C:\Users\Gaser\Desktop\COPRRA\tests\Feature\Http\Controllers\LocaleControllerTest.php" line="45" class="Tests\Feature\Http\Controllers\LocaleControllerTest" classname="Tests.Feature.Http.Controllers.LocaleControllerTest" assertions="1" time="0.718245"/>
      </testsuite>
      <testsuite name="Tests\Feature\Http\Middleware\AdminMiddlewareTest" file="C:\Users\Gaser\Desktop\COPRRA\tests\Feature\Http\Middleware\AdminMiddlewareTest.php" tests="6" assertions="14" errors="0" failures="0" skipped="0" time="0.000000">
        <testcase name="test_admin_middleware_redirects_unauthenticated_user" file="C:\Users\Gaser\Desktop\COPRRA\tests\Feature\Http\Middleware\AdminMiddlewareTest.php" line="38" class="Tests\Feature\Http\Middleware\AdminMiddlewareTest" classname="Tests.Feature.Http.Middleware.AdminMiddlewareTest" assertions="2" time="0.063906"/>
        <testcase name="test_admin_middleware_redirects_non_admin_user" file="C:\Users\Gaser\Desktop\COPRRA\tests\Feature\Http\Middleware\AdminMiddlewareTest.php" line="70" class="Tests\Feature\Http\Middleware\AdminMiddlewareTest" classname="Tests.Feature.Http.Middleware.AdminMiddlewareTest" assertions="2" time="0.057446"/>
        <testcase name="test_admin_middleware_handles_null_user" file="C:\Users\Gaser\Desktop\COPRRA\tests\Feature\Http\Middleware\AdminMiddlewareTest.php" line="110" class="Tests\Feature\Http\Middleware\AdminMiddlewareTest" classname="Tests.Feature.Http.Middleware.AdminMiddlewareTest" assertions="2" time="0.050896"/>
        <testcase name="test_admin_middleware_allows_authenticated_admin_user" file="C:\Users\Gaser\Desktop\COPRRA\tests\Feature\Http\Middleware\AdminMiddlewareTest.php" line="19" class="Tests\Feature\Http\Middleware\AdminMiddlewareTest" classname="Tests.Feature.Http.Middleware.AdminMiddlewareTest" assertions="2" time="0.056640"/>
        <testcase name="test_admin_middleware_returns_json_for_api_requests_when_non_admin" file="C:\Users\Gaser\Desktop\COPRRA\tests\Feature\Http\Middleware\AdminMiddlewareTest.php" line="89" class="Tests\Feature\Http\Middleware\AdminMiddlewareTest" classname="Tests.Feature.Http.Middleware.AdminMiddlewareTest" assertions="3" time="0.057175"/>
        <testcase name="test_admin_middleware_returns_json_for_api_requests_when_unauthenticated" file="C:\Users\Gaser\Desktop\COPRRA\tests\Feature\Http\Middleware\AdminMiddlewareTest.php" line="53" class="Tests\Feature\Http\Middleware\AdminMiddlewareTest" classname="Tests.Feature.Http.Middleware.AdminMiddlewareTest" assertions="3" time="0.056034"/>
      </testsuite>
      <testsuite name="Tests\Feature\Http\Middleware\SubstituteBindingsTest" file="C:\Users\Gaser\Desktop\COPRRA\tests\Feature\Http\Middleware\SubstituteBindingsTest.php" tests="5" assertions="10" errors="0" failures="0" skipped="0" time="0.000000">
        <testcase name="test_substitute_bindings_middleware_substitutes_route_bindings" file="C:\Users\Gaser\Desktop\COPRRA\tests\Feature\Http\Middleware\SubstituteBindingsTest.php" line="17" class="Tests\Feature\Http\Middleware\SubstituteBindingsTest" classname="Tests.Feature.Http.Middleware.SubstituteBindingsTest" assertions="2" time="0.099113"/>
        <testcase name="test_substitute_bindings_middleware_handles_api_requests" file="C:\Users\Gaser\Desktop\COPRRA\tests\Feature\Http\Middleware\SubstituteBindingsTest.php" line="100" class="Tests\Feature\Http\Middleware\SubstituteBindingsTest" classname="Tests.Feature.Http.Middleware.SubstituteBindingsTest" assertions="2" time="0.054856"/>
        <testcase name="test_substitute_bindings_middleware_handles_missing_bindings" file="C:\Users\Gaser\Desktop\COPRRA\tests\Feature\Http\Middleware\SubstituteBindingsTest.php" line="38" class="Tests\Feature\Http\Middleware\SubstituteBindingsTest" classname="Tests.Feature.Http.Middleware.SubstituteBindingsTest" assertions="2" time="0.051108"/>
        <testcase name="test_substitute_bindings_middleware_handles_no_route" file="C:\Users\Gaser\Desktop\COPRRA\tests\Feature\Http\Middleware\SubstituteBindingsTest.php" line="57" class="Tests\Feature\Http\Middleware\SubstituteBindingsTest" classname="Tests.Feature.Http.Middleware.SubstituteBindingsTest" assertions="2" time="0.057595"/>
        <testcase name="test_substitute_bindings_middleware_handles_post_requests" file="C:\Users\Gaser\Desktop\COPRRA\tests\Feature\Http\Middleware\SubstituteBindingsTest.php" line="78" class="Tests\Feature\Http\Middleware\SubstituteBindingsTest" classname="Tests.Feature.Http.Middleware.SubstituteBindingsTest" assertions="2" time="0.051508"/>
      </testsuite>
      <testsuite name="Tests\Feature\Http\Controllers\ProductControllerTest" file="C:\Users\Gaser\Desktop\COPRRA\tests\Feature\Http\Controllers\ProductControllerTest.php" tests="5" assertions="15" errors="0" failures="0" skipped="0" time="0.000000">
        <testcase name="test_displays_product_show_page" file="C:\Users\Gaser\Desktop\COPRRA\tests\Feature\Http\Controllers\ProductControllerTest.php" line="74" class="Tests\Feature\Http\Controllers\ProductControllerTest" classname="Tests.Feature.Http.Controllers.ProductControllerTest" assertions="6" time="0.070651"/>
        <testcase name="test_returns_404_for_nonexistent_product" file="C:\Users\Gaser\Desktop\COPRRA\tests\Feature\Http\Controllers\ProductControllerTest.php" line="96" class="Tests\Feature\Http\Controllers\ProductControllerTest" classname="Tests.Feature.Http.Controllers.ProductControllerTest" assertions="1" time="0.934426"/>
        <testcase name="test_displays_index_page_with_products" file="C:\Users\Gaser\Desktop\COPRRA\tests\Feature\Http\Controllers\ProductControllerTest.php" line="34" class="Tests\Feature\Http\Controllers\ProductControllerTest" classname="Tests.Feature.Http.Controllers.ProductControllerTest" assertions="3" time="0.320634"/>
        <testcase name="test_displays_search_results_when_search_parameters_present" file="C:\Users\Gaser\Desktop\COPRRA\tests\Feature\Http\Controllers\ProductControllerTest.php" line="52" class="Tests\Feature\Http\Controllers\ProductControllerTest" classname="Tests.Feature.Http.Controllers.ProductControllerTest" assertions="3" time="0.087886"/>
        <testcase name="test_handles_search_with_sort_and_order" file="C:\Users\Gaser\Desktop\COPRRA\tests\Feature\Http\Controllers\ProductControllerTest.php" line="110" class="Tests\Feature\Http\Controllers\ProductControllerTest" classname="Tests.Feature.Http.Controllers.ProductControllerTest" assertions="2" time="0.088165"/>
      </testsuite>
    </testsuite>
    <testsuite name="Security" tests="26" assertions="83" errors="0" failures="0" skipped="0" time="0.000000">
      <testsuite name="Tests\Security\CSRFTest" file="C:\Users\Gaser\Desktop\COPRRA\tests\Security\CSRFTest.php" tests="6" assertions="8" errors="0" failures="0" skipped="0" time="0.000000">
        <testcase name="test_csrf_token_validation_in_forms" file="C:\Users\Gaser\Desktop\COPRRA\tests\Security\CSRFTest.php" line="37" class="Tests\Security\CSRFTest" classname="Tests.Security.CSRFTest" assertions="2" time="0.830548"/>
        <testcase name="test_csrf_token_regeneration" file="C:\Users\Gaser\Desktop\COPRRA\tests\Security\CSRFTest.php" line="90" class="Tests\Security\CSRFTest" classname="Tests.Security.CSRFTest" assertions="2" time="0.783876"/>
        <testcase name="test_csrf_protection_on_delete_requests" file="C:\Users\Gaser\Desktop\COPRRA\tests\Security\CSRFTest.php" line="114" class="Tests\Security\CSRFTest" classname="Tests.Security.CSRFTest" assertions="1" time="0.809295"/>
        <testcase name="test_api_routes_bypass_csrf" file="C:\Users\Gaser\Desktop\COPRRA\tests\Security\CSRFTest.php" line="76" class="Tests\Security\CSRFTest" classname="Tests.Security.CSRFTest" assertions="1" time="0.854734"/>
        <testcase name="test_csrf_protection_on_state_changing_endpoints" file="C:\Users\Gaser\Desktop\COPRRA\tests\Security\CSRFTest.php" line="22" class="Tests\Security\CSRFTest" classname="Tests.Security.CSRFTest" assertions="1" time="0.831238"/>
        <testcase name="test_csrf_protection_bypassing_with_valid_token" file="C:\Users\Gaser\Desktop\COPRRA\tests\Security\CSRFTest.php" line="50" class="Tests\Security\CSRFTest" classname="Tests.Security.CSRFTest" assertions="1" time="0.850865"/>
      </testsuite>
      <testsuite name="Tests\Security\AuthenticationSecurityTest" file="C:\Users\Gaser\Desktop\COPRRA\tests\Security\AuthenticationSecurityTest.php" tests="3" assertions="3" errors="0" failures="0" skipped="0" time="0.000000">
        <testcase name="test_password_security" file="C:\Users\Gaser\Desktop\COPRRA\tests\Security\AuthenticationSecurityTest.php" line="15" class="Tests\Security\AuthenticationSecurityTest" classname="Tests.Security.AuthenticationSecurityTest" assertions="1" time="0.328381"/>
        <testcase name="test_authentication_security" file="C:\Users\Gaser\Desktop\COPRRA\tests\Security\AuthenticationSecurityTest.php" line="9" class="Tests\Security\AuthenticationSecurityTest" classname="Tests.Security.AuthenticationSecurityTest" assertions="1" time="0.354856"/>
        <testcase name="test_session_security" file="C:\Users\Gaser\Desktop\COPRRA\tests\Security\AuthenticationSecurityTest.php" line="21" class="Tests\Security\AuthenticationSecurityTest" classname="Tests.Security.AuthenticationSecurityTest" assertions="1" time="0.291338"/>
      </testsuite>
      <testsuite name="Tests\Security\XSSTest" file="C:\Users\Gaser\Desktop\COPRRA\tests\Security\XSSTest.php" tests="5" assertions="26" errors="0" failures="0" skipped="0" time="0.000000">
        <testcase name="test_output_encoding_in_product_display" file="C:\Users\Gaser\Desktop\COPRRA\tests\Security\XSSTest.php" line="89" class="Tests\Security\XSSTest" classname="Tests.Security.XSSTest" assertions="2" time="0.068410"/>
        <testcase name="test_xss_protection_in_error_messages" file="C:\Users\Gaser\Desktop\COPRRA\tests\Security\XSSTest.php" line="141" class="Tests\Security\XSSTest" classname="Tests.Security.XSSTest" assertions="2" time="0.077262"/>
        <testcase name="test_xss_protection_in_product_creation" file="C:\Users\Gaser\Desktop\COPRRA\tests\Security\XSSTest.php" line="13" class="Tests\Security\XSSTest" classname="Tests.Security.XSSTest" assertions="10" time="0.082032"/>
        <testcase name="test_xss_in_search_parameters" file="C:\Users\Gaser\Desktop\COPRRA\tests\Security\XSSTest.php" line="116" class="Tests\Security\XSSTest" classname="Tests.Security.XSSTest" assertions="9" time="0.093148"/>
        <testcase name="test_input_escaping_in_reviews" file="C:\Users\Gaser\Desktop\COPRRA\tests\Security\XSSTest.php" line="54" class="Tests\Security\XSSTest" classname="Tests.Security.XSSTest" assertions="3" time="0.067586"/>
      </testsuite>
      <testsuite name="Tests\Security\SQLInjectionTest" file="C:\Users\Gaser\Desktop\COPRRA\tests\Security\SQLInjectionTest.php" tests="6" assertions="37" errors="0" failures="0" skipped="0" time="0.000000">
        <testcase name="test_sql_injection_in_profile_update" file="C:\Users\Gaser\Desktop\COPRRA\tests\Security\SQLInjectionTest.php" line="152" class="Tests\Security\SQLInjectionTest" classname="Tests.Security.SQLInjectionTest" assertions="4" time="0.069624"/>
        <testcase name="test_sql_injection_in_user_registration" file="C:\Users\Gaser\Desktop\COPRRA\tests\Security\SQLInjectionTest.php" line="89" class="Tests\Security\SQLInjectionTest" classname="Tests.Security.SQLInjectionTest" assertions="3" time="0.067296"/>
        <testcase name="test_input_sanitization_in_search" file="C:\Users\Gaser\Desktop\COPRRA\tests\Security\SQLInjectionTest.php" line="66" class="Tests\Security\SQLInjectionTest" classname="Tests.Security.SQLInjectionTest" assertions="6" time="0.069269"/>
        <testcase name="test_sql_injection_in_order_processing" file="C:\Users\Gaser\Desktop\COPRRA\tests\Security\SQLInjectionTest.php" line="118" class="Tests\Security\SQLInjectionTest" classname="Tests.Security.SQLInjectionTest" assertions="2" time="0.072688"/>
        <testcase name="test_parameterized_queries_are_used" file="C:\Users\Gaser\Desktop\COPRRA\tests\Security\SQLInjectionTest.php" line="50" class="Tests\Security\SQLInjectionTest" classname="Tests.Security.SQLInjectionTest" assertions="2" time="0.091190"/>
        <testcase name="test_sql_injection_protection_in_product_search" file="C:\Users\Gaser\Desktop\COPRRA\tests\Security\SQLInjectionTest.php" line="17" class="Tests\Security\SQLInjectionTest" classname="Tests.Security.SQLInjectionTest" assertions="20" time="0.070563"/>
      </testsuite>
      <testsuite name="Tests\Security\DataEncryptionTest" file="C:\Users\Gaser\Desktop\COPRRA\tests\Security\DataEncryptionTest.php" tests="3" assertions="6" errors="0" failures="0" skipped="0" time="0.000000">
        <testcase name="test_encryption_keys" file="C:\Users\Gaser\Desktop\COPRRA\tests\Security\DataEncryptionTest.php" line="18" class="Tests\Security\DataEncryptionTest" classname="Tests.Security.DataEncryptionTest" assertions="3" time="0.286612"/>
        <testcase name="test_decryption_works" file="C:\Users\Gaser\Desktop\COPRRA\tests\Security\DataEncryptionTest.php" line="28" class="Tests\Security\DataEncryptionTest" classname="Tests.Security.DataEncryptionTest" assertions="1" time="0.286274"/>
        <testcase name="test_data_encryption" file="C:\Users\Gaser\Desktop\COPRRA\tests\Security\DataEncryptionTest.php" line="10" class="Tests\Security\DataEncryptionTest" classname="Tests.Security.DataEncryptionTest" assertions="2" time="0.310079"/>
      </testsuite>
      <testsuite name="Tests\Security\PermissionSecurityTest" file="C:\Users\Gaser\Desktop\COPRRA\tests\Security\PermissionSecurityTest.php" tests="3" assertions="3" errors="0" failures="0" skipped="0" time="0.000000">
        <testcase name="test_access_control" file="C:\Users\Gaser\Desktop\COPRRA\tests\Security\PermissionSecurityTest.php" line="19" class="Tests\Security\PermissionSecurityTest" classname="Tests.Security.PermissionSecurityTest" assertions="1" time="0.320607"/>
        <testcase name="test_permission_security" file="C:\Users\Gaser\Desktop\COPRRA\tests\Security\PermissionSecurityTest.php" line="9" class="Tests\Security\PermissionSecurityTest" classname="Tests.Security.PermissionSecurityTest" assertions="1" time="0.300243"/>
        <testcase name="test_role_security" file="C:\Users\Gaser\Desktop\COPRRA\tests\Security\PermissionSecurityTest.php" line="14" class="Tests\Security\PermissionSecurityTest" classname="Tests.Security.PermissionSecurityTest" assertions="1" time="0.329377"/>
      </testsuite>
    </testsuite>
    <testsuite name="Unit" tests="775" assertions="1662" errors="0" failures="0" skipped="0" time="0.000000">
      <testsuite name="Tests\Unit\Deployment\EnvironmentConfigurationTest" file="C:\Users\Gaser\Desktop\COPRRA\tests\Unit\Deployment\EnvironmentConfigurationTest.php" tests="3" assertions="3" errors="0" failures="0" skipped="0" time="0.000000">
        <testcase name="test_expected_behavior" file="C:\Users\Gaser\Desktop\COPRRA\tests\Unit\Deployment\EnvironmentConfigurationTest.php" line="17" class="Tests\Unit\Deployment\EnvironmentConfigurationTest" classname="Tests.Unit.Deployment.EnvironmentConfigurationTest" assertions="1" time="0.318277"/>
        <testcase name="test_validation" file="C:\Users\Gaser\Desktop\COPRRA\tests\Unit\Deployment\EnvironmentConfigurationTest.php" line="24" class="Tests\Unit\Deployment\EnvironmentConfigurationTest" classname="Tests.Unit.Deployment.EnvironmentConfigurationTest" assertions="1" time="0.309836"/>
        <testcase name="test_basic_functionality" file="C:\Users\Gaser\Desktop\COPRRA\tests\Unit\Deployment\EnvironmentConfigurationTest.php" line="10" class="Tests\Unit\Deployment\EnvironmentConfigurationTest" classname="Tests.Unit.Deployment.EnvironmentConfigurationTest" assertions="1" time="0.344522"/>
      </testsuite>
      <testsuite name="Tests\Unit\DataQuality\DataUniquenessTest" file="C:\Users\Gaser\Desktop\COPRRA\tests\Unit\DataQuality\DataUniquenessTest.php" tests="3" assertions="3" errors="0" failures="0" skipped="0" time="0.000000">
        <testcase name="test_basic_functionality" file="C:\Users\Gaser\Desktop\COPRRA\tests\Unit\DataQuality\DataUniquenessTest.php" line="10" class="Tests\Unit\DataQuality\DataUniquenessTest" classname="Tests.Unit.DataQuality.DataUniquenessTest" assertions="1" time="0.349407"/>
        <testcase name="test_validation" file="C:\Users\Gaser\Desktop\COPRRA\tests\Unit\DataQuality\DataUniquenessTest.php" line="24" class="Tests\Unit\DataQuality\DataUniquenessTest" classname="Tests.Unit.DataQuality.DataUniquenessTest" assertions="1" time="0.331608"/>
        <testcase name="test_expected_behavior" file="C:\Users\Gaser\Desktop\COPRRA\tests\Unit\DataQuality\DataUniquenessTest.php" line="17" class="Tests\Unit\DataQuality\DataUniquenessTest" classname="Tests.Unit.DataQuality.DataUniquenessTest" assertions="1" time="0.358231"/>
      </testsuite>
      <testsuite name="Tests\Unit\Deployment\ProductionDeploymentTest" file="C:\Users\Gaser\Desktop\COPRRA\tests\Unit\Deployment\ProductionDeploymentTest.php" tests="3" assertions="3" errors="0" failures="0" skipped="0" time="0.000000">
        <testcase name="test_expected_behavior" file="C:\Users\Gaser\Desktop\COPRRA\tests\Unit\Deployment\ProductionDeploymentTest.php" line="17" class="Tests\Unit\Deployment\ProductionDeploymentTest" classname="Tests.Unit.Deployment.ProductionDeploymentTest" assertions="1" time="0.304978"/>
        <testcase name="test_basic_functionality" file="C:\Users\Gaser\Desktop\COPRRA\tests\Unit\Deployment\ProductionDeploymentTest.php" line="10" class="Tests\Unit\Deployment\ProductionDeploymentTest" classname="Tests.Unit.Deployment.ProductionDeploymentTest" assertions="1" time="0.306565"/>
        <testcase name="test_validation" file="C:\Users\Gaser\Desktop\COPRRA\tests\Unit\Deployment\ProductionDeploymentTest.php" line="24" class="Tests\Unit\Deployment\ProductionDeploymentTest" classname="Tests.Unit.Deployment.ProductionDeploymentTest" assertions="1" time="0.284794"/>
      </testsuite>
      <testsuite name="Tests\Unit\Deployment\InfrastructureTest" file="C:\Users\Gaser\Desktop\COPRRA\tests\Unit\Deployment\InfrastructureTest.php" tests="3" assertions="3" errors="0" failures="0" skipped="0" time="0.000000">
        <testcase name="test_expected_behavior" file="C:\Users\Gaser\Desktop\COPRRA\tests\Unit\Deployment\InfrastructureTest.php" line="17" class="Tests\Unit\Deployment\InfrastructureTest" classname="Tests.Unit.Deployment.InfrastructureTest" assertions="1" time="0.289030"/>
        <testcase name="test_validation" file="C:\Users\Gaser\Desktop\COPRRA\tests\Unit\Deployment\InfrastructureTest.php" line="24" class="Tests\Unit\Deployment\InfrastructureTest" classname="Tests.Unit.Deployment.InfrastructureTest" assertions="1" time="0.341527"/>
        <testcase name="test_basic_functionality" file="C:\Users\Gaser\Desktop\COPRRA\tests\Unit\Deployment\InfrastructureTest.php" line="10" class="Tests\Unit\Deployment\InfrastructureTest" classname="Tests.Unit.Deployment.InfrastructureTest" assertions="1" time="0.339896"/>
      </testsuite>
      <testsuite name="Tests\Unit\Recommendations\SimilarProductTest" file="C:\Users\Gaser\Desktop\COPRRA\tests\Unit\Recommendations\SimilarProductTest.php" tests="11" assertions="29" errors="0" failures="0" skipped="0" time="0.000000">
        <testcase name="it_handles_empty_product_list" file="C:\Users\Gaser\Desktop\COPRRA\tests\Unit\Recommendations\SimilarProductTest.php" line="155" class="Tests\Unit\Recommendations\SimilarProductTest" classname="Tests.Unit.Recommendations.SimilarProductTest" assertions="1" time="0.001198"/>
        <testcase name="it_finds_similar_products_by_category" file="C:\Users\Gaser\Desktop\COPRRA\tests\Unit\Recommendations\SimilarProductTest.php" line="13" class="Tests\Unit\Recommendations\SimilarProductTest" classname="Tests.Unit.Recommendations.SimilarProductTest" assertions="4" time="0.001738"/>
        <testcase name="it_calculates_similarity_score" file="C:\Users\Gaser\Desktop\COPRRA\tests\Unit\Recommendations\SimilarProductTest.php" line="133" class="Tests\Unit\Recommendations\SimilarProductTest" classname="Tests.Unit.Recommendations.SimilarProductTest" assertions="1" time="0.001331"/>
        <testcase name="it_ranks_similar_products_by_relevance" file="C:\Users\Gaser\Desktop\COPRRA\tests\Unit\Recommendations\SimilarProductTest.php" line="171" class="Tests\Unit\Recommendations\SimilarProductTest" classname="Tests.Unit.Recommendations.SimilarProductTest" assertions="2" time="0.000457"/>
        <testcase name="it_handles_case_insensitive_matching" file="C:\Users\Gaser\Desktop\COPRRA\tests\Unit\Recommendations\SimilarProductTest.php" line="225" class="Tests\Unit\Recommendations\SimilarProductTest" classname="Tests.Unit.Recommendations.SimilarProductTest" assertions="3" time="0.000410"/>
        <testcase name="it_finds_similar_products_by_price_range" file="C:\Users\Gaser\Desktop\COPRRA\tests\Unit\Recommendations\SimilarProductTest.php" line="63" class="Tests\Unit\Recommendations\SimilarProductTest" classname="Tests.Unit.Recommendations.SimilarProductTest" assertions="5" time="0.000433"/>
        <testcase name="it_finds_similar_products_by_brand" file="C:\Users\Gaser\Desktop\COPRRA\tests\Unit\Recommendations\SimilarProductTest.php" line="38" class="Tests\Unit\Recommendations\SimilarProductTest" classname="Tests.Unit.Recommendations.SimilarProductTest" assertions="4" time="0.000387"/>
        <testcase name="it_limits_number_of_similar_products" file="C:\Users\Gaser\Desktop\COPRRA\tests\Unit\Recommendations\SimilarProductTest.php" line="250" class="Tests\Unit\Recommendations\SimilarProductTest" classname="Tests.Unit.Recommendations.SimilarProductTest" assertions="2" time="0.001448"/>
        <testcase name="it_handles_products_with_missing_attributes" file="C:\Users\Gaser\Desktop\COPRRA\tests\Unit\Recommendations\SimilarProductTest.php" line="269" class="Tests\Unit\Recommendations\SimilarProductTest" classname="Tests.Unit.Recommendations.SimilarProductTest" assertions="1" time="0.000505"/>
        <testcase name="it_considers_user_preferences" file="C:\Users\Gaser\Desktop\COPRRA\tests\Unit\Recommendations\SimilarProductTest.php" line="195" class="Tests\Unit\Recommendations\SimilarProductTest" classname="Tests.Unit.Recommendations.SimilarProductTest" assertions="4" time="0.000544"/>
        <testcase name="it_finds_similar_products_by_specifications" file="C:\Users\Gaser\Desktop\COPRRA\tests\Unit\Recommendations\SimilarProductTest.php" line="89" class="Tests\Unit\Recommendations\SimilarProductTest" classname="Tests.Unit.Recommendations.SimilarProductTest" assertions="2" time="0.000457"/>
      </testsuite>
      <testsuite name="Tests\Unit\Deployment\StagingDeploymentTest" file="C:\Users\Gaser\Desktop\COPRRA\tests\Unit\Deployment\StagingDeploymentTest.php" tests="3" assertions="3" errors="0" failures="0" skipped="0" time="0.000000">
        <testcase name="test_expected_behavior" file="C:\Users\Gaser\Desktop\COPRRA\tests\Unit\Deployment\StagingDeploymentTest.php" line="17" class="Tests\Unit\Deployment\StagingDeploymentTest" classname="Tests.Unit.Deployment.StagingDeploymentTest" assertions="1" time="0.300746"/>
        <testcase name="test_validation" file="C:\Users\Gaser\Desktop\COPRRA\tests\Unit\Deployment\StagingDeploymentTest.php" line="24" class="Tests\Unit\Deployment\StagingDeploymentTest" classname="Tests.Unit.Deployment.StagingDeploymentTest" assertions="1" time="0.302643"/>
        <testcase name="test_basic_functionality" file="C:\Users\Gaser\Desktop\COPRRA\tests\Unit\Deployment\StagingDeploymentTest.php" line="10" class="Tests\Unit\Deployment\StagingDeploymentTest" classname="Tests.Unit.Deployment.StagingDeploymentTest" assertions="1" time="0.376182"/>
      </testsuite>
      <testsuite name="Tests\Unit\COPRRA\WebhookServiceTest" file="C:\Users\Gaser\Desktop\COPRRA\tests\Unit\COPRRA\WebhookServiceTest.php" tests="8" assertions="21" errors="0" failures="0" skipped="0" time="0.000000">
        <testcase name="test_it_gets_webhook_statistics" file="C:\Users\Gaser\Desktop\COPRRA\tests\Unit\COPRRA\WebhookServiceTest.php" line="116" class="Tests\Unit\COPRRA\WebhookServiceTest" classname="Tests.Unit.COPRRA.WebhookServiceTest" assertions="4" time="0.070452"/>
        <testcase name="test_it_creates_webhook_record" file="C:\Users\Gaser\Desktop\COPRRA\tests\Unit\COPRRA\WebhookServiceTest.php" line="39" class="Tests\Unit\COPRRA\WebhookServiceTest" classname="Tests.Unit.COPRRA.WebhookServiceTest" assertions="4" time="0.052983"/>
        <testcase name="test_it_processes_price_update_webhook" file="C:\Users\Gaser\Desktop\COPRRA\tests\Unit\COPRRA\WebhookServiceTest.php" line="57" class="Tests\Unit\COPRRA\WebhookServiceTest" classname="Tests.Unit.COPRRA.WebhookServiceTest" assertions="2" time="0.060264"/>
        <testcase name="test_it_filters_webhooks_by_status" file="C:\Users\Gaser\Desktop\COPRRA\tests\Unit\COPRRA\WebhookServiceTest.php" line="163" class="Tests\Unit\COPRRA\WebhookServiceTest" classname="Tests.Unit.COPRRA.WebhookServiceTest" assertions="2" time="0.056386"/>
        <testcase name="test_it_filters_webhooks_by_event_type" file="C:\Users\Gaser\Desktop\COPRRA\tests\Unit\COPRRA\WebhookServiceTest.php" line="187" class="Tests\Unit\COPRRA\WebhookServiceTest" classname="Tests.Unit.COPRRA.WebhookServiceTest" assertions="2" time="0.056298"/>
        <testcase name="test_it_filters_webhooks_by_store" file="C:\Users\Gaser\Desktop\COPRRA\tests\Unit\COPRRA\WebhookServiceTest.php" line="175" class="Tests\Unit\COPRRA\WebhookServiceTest" classname="Tests.Unit.COPRRA.WebhookServiceTest" assertions="2" time="0.058412"/>
        <testcase name="test_it_marks_webhook_as_failed_on_error" file="C:\Users\Gaser\Desktop\COPRRA\tests\Unit\COPRRA\WebhookServiceTest.php" line="82" class="Tests\Unit\COPRRA\WebhookServiceTest" classname="Tests.Unit.COPRRA.WebhookServiceTest" assertions="2" time="0.081569"/>
        <testcase name="test_it_adds_logs_to_webhook" file="C:\Users\Gaser\Desktop\COPRRA\tests\Unit\COPRRA\WebhookServiceTest.php" line="99" class="Tests\Unit\COPRRA\WebhookServiceTest" classname="Tests.Unit.COPRRA.WebhookServiceTest" assertions="3" time="0.055701"/>
      </testsuite>
      <testsuite name="Tests\Unit\Models\ProductTest" file="C:\Users\Gaser\Desktop\COPRRA\tests\Unit\Models\ProductTest.php" tests="17" assertions="30" errors="0" failures="0" skipped="0" time="0.000000">
        <testcase name="test_is_in_wishlist" file="C:\Users\Gaser\Desktop\COPRRA\tests\Unit\Models\ProductTest.php" line="187" class="Tests\Unit\Models\ProductTest" classname="Tests.Unit.Models.ProductTest" assertions="2" time="0.357464"/>
        <testcase name="test_price_offers_relation" file="C:\Users\Gaser\Desktop\COPRRA\tests\Unit\Models\ProductTest.php" line="117" class="Tests\Unit\Models\ProductTest" classname="Tests.Unit.Models.ProductTest" assertions="2" time="0.323497"/>
        <testcase name="test_store_relation" file="C:\Users\Gaser\Desktop\COPRRA\tests\Unit\Models\ProductTest.php" line="65" class="Tests\Unit\Models\ProductTest" classname="Tests.Unit.Models.ProductTest" assertions="2" time="0.291334"/>
        <testcase name="test_wishlists_relation" file="C:\Users\Gaser\Desktop\COPRRA\tests\Unit\Models\ProductTest.php" line="104" class="Tests\Unit\Models\ProductTest" classname="Tests.Unit.Models.ProductTest" assertions="2" time="0.360524"/>
        <testcase name="test_price_alerts_relation" file="C:\Users\Gaser\Desktop\COPRRA\tests\Unit\Models\ProductTest.php" line="78" class="Tests\Unit\Models\ProductTest" classname="Tests.Unit.Models.ProductTest" assertions="2" time="0.298249"/>
        <testcase name="test_validate_fails" file="C:\Users\Gaser\Desktop\COPRRA\tests\Unit\Models\ProductTest.php" line="237" class="Tests\Unit\Models\ProductTest" classname="Tests.Unit.Models.ProductTest" assertions="2" time="0.294136"/>
        <testcase name="test_get_average_rating" file="C:\Users\Gaser\Desktop\COPRRA\tests\Unit\Models\ProductTest.php" line="163" class="Tests\Unit\Models\ProductTest" classname="Tests.Unit.Models.ProductTest" assertions="1" time="0.306476"/>
        <testcase name="test_scope_active" file="C:\Users\Gaser\Desktop\COPRRA\tests\Unit\Models\ProductTest.php" line="130" class="Tests\Unit\Models\ProductTest" classname="Tests.Unit.Models.ProductTest" assertions="2" time="0.345837"/>
        <testcase name="test_get_total_reviews" file="C:\Users\Gaser\Desktop\COPRRA\tests\Unit\Models\ProductTest.php" line="175" class="Tests\Unit\Models\ProductTest" classname="Tests.Unit.Models.ProductTest" assertions="1" time="0.292585"/>
        <testcase name="test_brand_relation" file="C:\Users\Gaser\Desktop\COPRRA\tests\Unit\Models\ProductTest.php" line="39" class="Tests\Unit\Models\ProductTest" classname="Tests.Unit.Models.ProductTest" assertions="2" time="0.358453"/>
        <testcase name="test_scope_search" file="C:\Users\Gaser\Desktop\COPRRA\tests\Unit\Models\ProductTest.php" line="141" class="Tests\Unit\Models\ProductTest" classname="Tests.Unit.Models.ProductTest" assertions="2" time="0.346284"/>
        <testcase name="test_get_price_history" file="C:\Users\Gaser\Desktop\COPRRA\tests\Unit\Models\ProductTest.php" line="211" class="Tests\Unit\Models\ProductTest" classname="Tests.Unit.Models.ProductTest" assertions="2" time="0.299170"/>
        <testcase name="test_reviews_relation" file="C:\Users\Gaser\Desktop\COPRRA\tests\Unit\Models\ProductTest.php" line="91" class="Tests\Unit\Models\ProductTest" classname="Tests.Unit.Models.ProductTest" assertions="2" time="0.327253"/>
        <testcase name="test_get_current_price" file="C:\Users\Gaser\Desktop\COPRRA\tests\Unit\Models\ProductTest.php" line="200" class="Tests\Unit\Models\ProductTest" classname="Tests.Unit.Models.ProductTest" assertions="1" time="0.319734"/>
        <testcase name="test_scope_with_reviews_count" file="C:\Users\Gaser\Desktop\COPRRA\tests\Unit\Models\ProductTest.php" line="152" class="Tests\Unit\Models\ProductTest" classname="Tests.Unit.Models.ProductTest" assertions="1" time="0.340742"/>
        <testcase name="test_validate" file="C:\Users\Gaser\Desktop\COPRRA\tests\Unit\Models\ProductTest.php" line="226" class="Tests\Unit\Models\ProductTest" classname="Tests.Unit.Models.ProductTest" assertions="2" time="0.288492"/>
        <testcase name="test_category_relation" file="C:\Users\Gaser\Desktop\COPRRA\tests\Unit\Models\ProductTest.php" line="52" class="Tests\Unit\Models\ProductTest" classname="Tests.Unit.Models.ProductTest" assertions="2" time="0.311385"/>
      </testsuite>
      <testsuite name="Tests\Unit\Integration\ShippingIntegrationTest" file="C:\Users\Gaser\Desktop\COPRRA\tests\Unit\Integration\ShippingIntegrationTest.php" tests="3" assertions="3" errors="0" failures="0" skipped="0" time="0.000000">
        <testcase name="test_validation" file="C:\Users\Gaser\Desktop\COPRRA\tests\Unit\Integration\ShippingIntegrationTest.php" line="24" class="Tests\Unit\Integration\ShippingIntegrationTest" classname="Tests.Unit.Integration.ShippingIntegrationTest" assertions="1" time="0.317637"/>
        <testcase name="test_basic_functionality" file="C:\Users\Gaser\Desktop\COPRRA\tests\Unit\Integration\ShippingIntegrationTest.php" line="10" class="Tests\Unit\Integration\ShippingIntegrationTest" classname="Tests.Unit.Integration.ShippingIntegrationTest" assertions="1" time="0.292006"/>
        <testcase name="test_expected_behavior" file="C:\Users\Gaser\Desktop\COPRRA\tests\Unit\Integration\ShippingIntegrationTest.php" line="17" class="Tests\Unit\Integration\ShippingIntegrationTest" classname="Tests.Unit.Integration.ShippingIntegrationTest" assertions="1" time="0.288433"/>
      </testsuite>
      <testsuite name="Tests\Unit\Integration\AnalyticsIntegrationTest" file="C:\Users\Gaser\Desktop\COPRRA\tests\Unit\Integration\AnalyticsIntegrationTest.php" tests="3" assertions="3" errors="0" failures="0" skipped="0" time="0.000000">
        <testcase name="test_expected_behavior" file="C:\Users\Gaser\Desktop\COPRRA\tests\Unit\Integration\AnalyticsIntegrationTest.php" line="17" class="Tests\Unit\Integration\AnalyticsIntegrationTest" classname="Tests.Unit.Integration.AnalyticsIntegrationTest" assertions="1" time="0.291386"/>
        <testcase name="test_validation" file="C:\Users\Gaser\Desktop\COPRRA\tests\Unit\Integration\AnalyticsIntegrationTest.php" line="24" class="Tests\Unit\Integration\AnalyticsIntegrationTest" classname="Tests.Unit.Integration.AnalyticsIntegrationTest" assertions="1" time="0.352125"/>
        <testcase name="test_basic_functionality" file="C:\Users\Gaser\Desktop\COPRRA\tests\Unit\Integration\AnalyticsIntegrationTest.php" line="10" class="Tests\Unit\Integration\AnalyticsIntegrationTest" classname="Tests.Unit.Integration.AnalyticsIntegrationTest" assertions="1" time="0.285918"/>
      </testsuite>
      <testsuite name="Tests\Unit\Integration\EmailIntegrationTest" file="C:\Users\Gaser\Desktop\COPRRA\tests\Unit\Integration\EmailIntegrationTest.php" tests="3" assertions="3" errors="0" failures="0" skipped="0" time="0.000000">
        <testcase name="test_basic_functionality" file="C:\Users\Gaser\Desktop\COPRRA\tests\Unit\Integration\EmailIntegrationTest.php" line="10" class="Tests\Unit\Integration\EmailIntegrationTest" classname="Tests.Unit.Integration.EmailIntegrationTest" assertions="1" time="0.286330"/>
        <testcase name="test_expected_behavior" file="C:\Users\Gaser\Desktop\COPRRA\tests\Unit\Integration\EmailIntegrationTest.php" line="17" class="Tests\Unit\Integration\EmailIntegrationTest" classname="Tests.Unit.Integration.EmailIntegrationTest" assertions="1" time="0.347321"/>
        <testcase name="test_validation" file="C:\Users\Gaser\Desktop\COPRRA\tests\Unit\Integration\EmailIntegrationTest.php" line="24" class="Tests\Unit\Integration\EmailIntegrationTest" classname="Tests.Unit.Integration.EmailIntegrationTest" assertions="1" time="0.391885"/>
      </testsuite>
      <testsuite name="Tests\Unit\Controllers\BaseApiControllerTest" file="C:\Users\Gaser\Desktop\COPRRA\tests\Unit\Controllers\BaseApiControllerTest.php" tests="4" assertions="29" errors="0" failures="0" skipped="0" time="0.000000">
        <testcase name="test_get_rate_limit_info" file="C:\Users\Gaser\Desktop\COPRRA\tests\Unit\Controllers\BaseApiControllerTest.php" line="140" class="Tests\Unit\Controllers\BaseApiControllerTest" classname="Tests.Unit.Controllers.BaseApiControllerTest" assertions="7" time="0.354109"/>
        <testcase name="test_success_response" file="C:\Users\Gaser\Desktop\COPRRA\tests\Unit\Controllers\BaseApiControllerTest.php" line="63" class="Tests\Unit\Controllers\BaseApiControllerTest" classname="Tests.Unit.Controllers.BaseApiControllerTest" assertions="7" time="0.294440"/>
        <testcase name="test_paginated_response" file="C:\Users\Gaser\Desktop\COPRRA\tests\Unit\Controllers\BaseApiControllerTest.php" line="111" class="Tests\Unit\Controllers\BaseApiControllerTest" classname="Tests.Unit.Controllers.BaseApiControllerTest" assertions="8" time="0.307281"/>
        <testcase name="test_error_response" file="C:\Users\Gaser\Desktop\COPRRA\tests\Unit\Controllers\BaseApiControllerTest.php" line="87" class="Tests\Unit\Controllers\BaseApiControllerTest" classname="Tests.Unit.Controllers.BaseApiControllerTest" assertions="7" time="0.356712"/>
      </testsuite>
      <testsuite name="Tests\Unit\DataQuality\DataFreshnessTest" file="C:\Users\Gaser\Desktop\COPRRA\tests\Unit\DataQuality\DataFreshnessTest.php" tests="3" assertions="3" errors="0" failures="0" skipped="0" time="0.000000">
        <testcase name="test_expected_behavior" file="C:\Users\Gaser\Desktop\COPRRA\tests\Unit\DataQuality\DataFreshnessTest.php" line="17" class="Tests\Unit\DataQuality\DataFreshnessTest" classname="Tests.Unit.DataQuality.DataFreshnessTest" assertions="1" time="0.325987"/>
        <testcase name="test_basic_functionality" file="C:\Users\Gaser\Desktop\COPRRA\tests\Unit\DataQuality\DataFreshnessTest.php" line="10" class="Tests\Unit\DataQuality\DataFreshnessTest" classname="Tests.Unit.DataQuality.DataFreshnessTest" assertions="1" time="0.315251"/>
        <testcase name="test_validation" file="C:\Users\Gaser\Desktop\COPRRA\tests\Unit\DataQuality\DataFreshnessTest.php" line="24" class="Tests\Unit\DataQuality\DataFreshnessTest" classname="Tests.Unit.DataQuality.DataFreshnessTest" assertions="1" time="0.307177"/>
      </testsuite>
      <testsuite name="Tests\Unit\DataQuality\DataRelevanceTest" file="C:\Users\Gaser\Desktop\COPRRA\tests\Unit\DataQuality\DataRelevanceTest.php" tests="3" assertions="3" errors="0" failures="0" skipped="0" time="0.000000">
        <testcase name="test_basic_functionality" file="C:\Users\Gaser\Desktop\COPRRA\tests\Unit\DataQuality\DataRelevanceTest.php" line="10" class="Tests\Unit\DataQuality\DataRelevanceTest" classname="Tests.Unit.DataQuality.DataRelevanceTest" assertions="1" time="0.288928"/>
        <testcase name="test_expected_behavior" file="C:\Users\Gaser\Desktop\COPRRA\tests\Unit\DataQuality\DataRelevanceTest.php" line="17" class="Tests\Unit\DataQuality\DataRelevanceTest" classname="Tests.Unit.DataQuality.DataRelevanceTest" assertions="1" time="0.344251"/>
        <testcase name="test_validation" file="C:\Users\Gaser\Desktop\COPRRA\tests\Unit\DataQuality\DataRelevanceTest.php" line="24" class="Tests\Unit\DataQuality\DataRelevanceTest" classname="Tests.Unit.DataQuality.DataRelevanceTest" assertions="1" time="0.304953"/>
      </testsuite>
      <testsuite name="Tests\Unit\COPRRA\PriceHelperTest" file="C:\Users\Gaser\Desktop\COPRRA\tests\Unit\COPRRA\PriceHelperTest.php" tests="27" assertions="55" errors="0" failures="0" skipped="0" time="0.000000">
        <testcase name="test_it_formats_zero_price_difference_string" file="C:\Users\Gaser\Desktop\COPRRA\tests\Unit\COPRRA\PriceHelperTest.php" line="141" class="Tests\Unit\COPRRA\PriceHelperTest" classname="Tests.Unit.COPRRA.PriceHelperTest" assertions="1" time="0.058984"/>
        <testcase name="test_it_identifies_not_good_deal" file="C:\Users\Gaser\Desktop\COPRRA\tests\Unit\COPRRA\PriceHelperTest.php" line="156" class="Tests\Unit\COPRRA\PriceHelperTest" classname="Tests.Unit.COPRRA.PriceHelperTest" assertions="1" time="0.056047"/>
        <testcase name="test_it_formats_price_range_with_different_prices" file="C:\Users\Gaser\Desktop\COPRRA\tests\Unit\COPRRA\PriceHelperTest.php" line="214" class="Tests\Unit\COPRRA\PriceHelperTest" classname="Tests.Unit.COPRRA.PriceHelperTest" assertions="5" time="0.054474"/>
        <testcase name="test_it_identifies_good_deal" file="C:\Users\Gaser\Desktop\COPRRA\tests\Unit\COPRRA\PriceHelperTest.php" line="148" class="Tests\Unit\COPRRA\PriceHelperTest" classname="Tests.Unit.COPRRA.PriceHelperTest" assertions="1" time="0.054289"/>
        <testcase name="test_it_formats_price_with_specific_currency" file="C:\Users\Gaser\Desktop\COPRRA\tests\Unit\COPRRA\PriceHelperTest.php" line="58" class="Tests\Unit\COPRRA\PriceHelperTest" classname="Tests.Unit.COPRRA.PriceHelperTest" assertions="3" time="0.087706"/>
        <testcase name="test_it_handles_non_existent_currency" file="C:\Users\Gaser\Desktop\COPRRA\tests\Unit\COPRRA\PriceHelperTest.php" line="76" class="Tests\Unit\COPRRA\PriceHelperTest" classname="Tests.Unit.COPRRA.PriceHelperTest" assertions="3" time="0.057195"/>
        <testcase name="test_it_handles_empty_prices_array_for_good_deal" file="C:\Users\Gaser\Desktop\COPRRA\tests\Unit\COPRRA\PriceHelperTest.php" line="164" class="Tests\Unit\COPRRA\PriceHelperTest" classname="Tests.Unit.COPRRA.PriceHelperTest" assertions="1" time="0.055421"/>
        <testcase name="test_it_handles_decimal_prices_correctly" file="C:\Users\Gaser\Desktop\COPRRA\tests\Unit\COPRRA\PriceHelperTest.php" line="243" class="Tests\Unit\COPRRA\PriceHelperTest" classname="Tests.Unit.COPRRA.PriceHelperTest" assertions="1" time="0.054403"/>
        <testcase name="test_it_formats_price_range_with_default_currency" file="C:\Users\Gaser\Desktop\COPRRA\tests\Unit\COPRRA\PriceHelperTest.php" line="225" class="Tests\Unit\COPRRA\PriceHelperTest" classname="Tests.Unit.COPRRA.PriceHelperTest" assertions="2" time="0.055201"/>
        <testcase name="test_it_handles_zero_original_price" file="C:\Users\Gaser\Desktop\COPRRA\tests\Unit\COPRRA\PriceHelperTest.php" line="108" class="Tests\Unit\COPRRA\PriceHelperTest" classname="Tests.Unit.COPRRA.PriceHelperTest" assertions="1" time="0.055038"/>
        <testcase name="test_it_formats_price_with_sar_currency" file="C:\Users\Gaser\Desktop\COPRRA\tests\Unit\COPRRA\PriceHelperTest.php" line="67" class="Tests\Unit\COPRRA\PriceHelperTest" classname="Tests.Unit.COPRRA.PriceHelperTest" assertions="3" time="0.055545"/>
        <testcase name="test_it_formats_negative_price_difference_string" file="C:\Users\Gaser\Desktop\COPRRA\tests\Unit\COPRRA\PriceHelperTest.php" line="132" class="Tests\Unit\COPRRA\PriceHelperTest" classname="Tests.Unit.COPRRA.PriceHelperTest" assertions="3" time="0.058533"/>
        <testcase name="test_it_returns_null_for_empty_prices_array" file="C:\Users\Gaser\Desktop\COPRRA\tests\Unit\COPRRA\PriceHelperTest.php" line="179" class="Tests\Unit\COPRRA\PriceHelperTest" classname="Tests.Unit.COPRRA.PriceHelperTest" assertions="1" time="0.090377"/>
        <testcase name="test_it_gets_best_price_from_array" file="C:\Users\Gaser\Desktop\COPRRA\tests\Unit\COPRRA\PriceHelperTest.php" line="171" class="Tests\Unit\COPRRA\PriceHelperTest" classname="Tests.Unit.COPRRA.PriceHelperTest" assertions="1" time="0.060002"/>
        <testcase name="test_it_handles_negative_original_price" file="C:\Users\Gaser\Desktop\COPRRA\tests\Unit\COPRRA\PriceHelperTest.php" line="115" class="Tests\Unit\COPRRA\PriceHelperTest" classname="Tests.Unit.COPRRA.PriceHelperTest" assertions="1" time="0.055752"/>
        <testcase name="test_it_formats_price_range_with_same_prices" file="C:\Users\Gaser\Desktop\COPRRA\tests\Unit\COPRRA\PriceHelperTest.php" line="204" class="Tests\Unit\COPRRA\PriceHelperTest" classname="Tests.Unit.COPRRA.PriceHelperTest" assertions="4" time="0.053781"/>
        <testcase name="test_it_returns_zero_for_same_prices" file="C:\Users\Gaser\Desktop\COPRRA\tests\Unit\COPRRA\PriceHelperTest.php" line="101" class="Tests\Unit\COPRRA\PriceHelperTest" classname="Tests.Unit.COPRRA.PriceHelperTest" assertions="1" time="0.052653"/>
        <testcase name="test_it_converts_currency" file="C:\Users\Gaser\Desktop\COPRRA\tests\Unit\COPRRA\PriceHelperTest.php" line="186" class="Tests\Unit\COPRRA\PriceHelperTest" classname="Tests.Unit.COPRRA.PriceHelperTest" assertions="2" time="0.055634"/>
        <testcase name="test_it_converts_currency_to_sar" file="C:\Users\Gaser\Desktop\COPRRA\tests\Unit\COPRRA\PriceHelperTest.php" line="195" class="Tests\Unit\COPRRA\PriceHelperTest" classname="Tests.Unit.COPRRA.PriceHelperTest" assertions="2" time="0.054386"/>
        <testcase name="test_it_calculates_accurate_percentage_for_small_differences" file="C:\Users\Gaser\Desktop\COPRRA\tests\Unit\COPRRA\PriceHelperTest.php" line="257" class="Tests\Unit\COPRRA\PriceHelperTest" classname="Tests.Unit.COPRRA.PriceHelperTest" assertions="1" time="0.118817"/>
        <testcase name="test_it_handles_large_prices" file="C:\Users\Gaser\Desktop\COPRRA\tests\Unit\COPRRA\PriceHelperTest.php" line="250" class="Tests\Unit\COPRRA\PriceHelperTest" classname="Tests.Unit.COPRRA.PriceHelperTest" assertions="1" time="0.052828"/>
        <testcase name="test_it_calculates_price_difference_percentage" file="C:\Users\Gaser\Desktop\COPRRA\tests\Unit\COPRRA\PriceHelperTest.php" line="85" class="Tests\Unit\COPRRA\PriceHelperTest" classname="Tests.Unit.COPRRA.PriceHelperTest" assertions="2" time="0.054263"/>
        <testcase name="test_it_calculates_accurate_percentage_for_large_differences" file="C:\Users\Gaser\Desktop\COPRRA\tests\Unit\COPRRA\PriceHelperTest.php" line="264" class="Tests\Unit\COPRRA\PriceHelperTest" classname="Tests.Unit.COPRRA.PriceHelperTest" assertions="1" time="0.055325"/>
        <testcase name="test_it_formats_price_range_with_non_existent_currency" file="C:\Users\Gaser\Desktop\COPRRA\tests\Unit\COPRRA\PriceHelperTest.php" line="233" class="Tests\Unit\COPRRA\PriceHelperTest" classname="Tests.Unit.COPRRA.PriceHelperTest" assertions="4" time="0.055840"/>
        <testcase name="test_it_calculates_negative_price_difference" file="C:\Users\Gaser\Desktop\COPRRA\tests\Unit\COPRRA\PriceHelperTest.php" line="93" class="Tests\Unit\COPRRA\PriceHelperTest" classname="Tests.Unit.COPRRA.PriceHelperTest" assertions="2" time="0.052535"/>
        <testcase name="test_it_formats_price_with_default_currency" file="C:\Users\Gaser\Desktop\COPRRA\tests\Unit\COPRRA\PriceHelperTest.php" line="49" class="Tests\Unit\COPRRA\PriceHelperTest" classname="Tests.Unit.COPRRA.PriceHelperTest" assertions="3" time="0.054259"/>
        <testcase name="test_it_formats_positive_price_difference_string" file="C:\Users\Gaser\Desktop\COPRRA\tests\Unit\COPRRA\PriceHelperTest.php" line="122" class="Tests\Unit\COPRRA\PriceHelperTest" classname="Tests.Unit.COPRRA.PriceHelperTest" assertions="4" time="0.086780"/>
      </testsuite>
      <testsuite name="Tests\Unit\Models\NotificationTest" file="C:\Users\Gaser\Desktop\COPRRA\tests\Unit\Models\NotificationTest.php" tests="39" assertions="65" errors="0" failures="0" skipped="0" time="0.000000">
        <testcase name="test_scope_unread" file="C:\Users\Gaser\Desktop\COPRRA\tests\Unit\Models\NotificationTest.php" line="94" class="Tests\Unit\Models\NotificationTest" classname="Tests.Unit.Models.NotificationTest" assertions="1" time="0.315194"/>
        <testcase name="test_get_summary" file="C:\Users\Gaser\Desktop\COPRRA\tests\Unit\Models\NotificationTest.php" line="436" class="Tests\Unit\Models\NotificationTest" classname="Tests.Unit.Models.NotificationTest" assertions="2" time="0.291594"/>
        <testcase name="test_scope_failed" file="C:\Users\Gaser\Desktop\COPRRA\tests\Unit\Models\NotificationTest.php" line="168" class="Tests\Unit\Models\NotificationTest" classname="Tests.Unit.Models.NotificationTest" assertions="2" time="0.334976"/>
        <testcase name="test_table_name" file="C:\Users\Gaser\Desktop\COPRRA\tests\Unit\Models\NotificationTest.php" line="23" class="Tests\Unit\Models\NotificationTest" classname="Tests.Unit.Models.NotificationTest" assertions="1" time="0.330156"/>
        <testcase name="test_is_sent_returns_false_when_sent_at_null" file="C:\Users\Gaser\Desktop\COPRRA\tests\Unit\Models\NotificationTest.php" line="281" class="Tests\Unit\Models\NotificationTest" classname="Tests.Unit.Models.NotificationTest" assertions="1" time="0.354445"/>
        <testcase name="test_has_action" file="C:\Users\Gaser\Desktop\COPRRA\tests\Unit\Models\NotificationTest.php" line="447" class="Tests\Unit\Models\NotificationTest" classname="Tests.Unit.Models.NotificationTest" assertions="2" time="0.305542"/>
        <testcase name="test_scope_pending" file="C:\Users\Gaser\Desktop\COPRRA\tests\Unit\Models\NotificationTest.php" line="157" class="Tests\Unit\Models\NotificationTest" classname="Tests.Unit.Models.NotificationTest" assertions="2" time="0.341287"/>
        <testcase name="test_get_badge_text" file="C:\Users\Gaser\Desktop\COPRRA\tests\Unit\Models\NotificationTest.php" line="421" class="Tests\Unit\Models\NotificationTest" classname="Tests.Unit.Models.NotificationTest" assertions="3" time="0.365997"/>
        <testcase name="test_is_unread_returns_true_when_read_at_null" file="C:\Users\Gaser\Desktop\COPRRA\tests\Unit\Models\NotificationTest.php" line="250" class="Tests\Unit\Models\NotificationTest" classname="Tests.Unit.Models.NotificationTest" assertions="1" time="0.322252"/>
        <testcase name="test_scope_after" file="C:\Users\Gaser\Desktop\COPRRA\tests\Unit\Models\NotificationTest.php" line="190" class="Tests\Unit\Models\NotificationTest" classname="Tests.Unit.Models.NotificationTest" assertions="2" time="0.292242"/>
        <testcase name="test_is_failed_returns_true" file="C:\Users\Gaser\Desktop\COPRRA\tests\Unit\Models\NotificationTest.php" line="314" class="Tests\Unit\Models\NotificationTest" classname="Tests.Unit.Models.NotificationTest" assertions="1" time="0.313166"/>
        <testcase name="test_scope_of_status" file="C:\Users\Gaser\Desktop\COPRRA\tests\Unit\Models\NotificationTest.php" line="136" class="Tests\Unit\Models\NotificationTest" classname="Tests.Unit.Models.NotificationTest" assertions="2" time="0.296799"/>
        <testcase name="test_get_icon" file="C:\Users\Gaser\Desktop\COPRRA\tests\Unit\Models\NotificationTest.php" line="396" class="Tests\Unit\Models\NotificationTest" classname="Tests.Unit.Models.NotificationTest" assertions="2" time="0.295646"/>
        <testcase name="test_scope_read" file="C:\Users\Gaser\Desktop\COPRRA\tests\Unit\Models\NotificationTest.php" line="104" class="Tests\Unit\Models\NotificationTest" classname="Tests.Unit.Models.NotificationTest" assertions="1" time="0.325112"/>
        <testcase name="test_get_channel_display_name" file="C:\Users\Gaser\Desktop\COPRRA\tests\Unit\Models\NotificationTest.php" line="370" class="Tests\Unit\Models\NotificationTest" classname="Tests.Unit.Models.NotificationTest" assertions="2" time="0.316614"/>
        <testcase name="test_get_priority_level" file="C:\Users\Gaser\Desktop\COPRRA\tests\Unit\Models\NotificationTest.php" line="336" class="Tests\Unit\Models\NotificationTest" classname="Tests.Unit.Models.NotificationTest" assertions="5" time="0.288730"/>
        <testcase name="test_scope_of_priority" file="C:\Users\Gaser\Desktop\COPRRA\tests\Unit\Models\NotificationTest.php" line="125" class="Tests\Unit\Models\NotificationTest" classname="Tests.Unit.Models.NotificationTest" assertions="2" time="0.362113"/>
        <testcase name="test_is_sent_returns_true_when_sent_at_set" file="C:\Users\Gaser\Desktop\COPRRA\tests\Unit\Models\NotificationTest.php" line="270" class="Tests\Unit\Models\NotificationTest" classname="Tests.Unit.Models.NotificationTest" assertions="1" time="0.346918"/>
        <testcase name="test_is_expired" file="C:\Users\Gaser\Desktop\COPRRA\tests\Unit\Models\NotificationTest.php" line="459" class="Tests\Unit\Models\NotificationTest" classname="Tests.Unit.Models.NotificationTest" assertions="2" time="0.287081"/>
        <testcase name="test_get_status_display_name" file="C:\Users\Gaser\Desktop\COPRRA\tests\Unit\Models\NotificationTest.php" line="383" class="Tests\Unit\Models\NotificationTest" classname="Tests.Unit.Models.NotificationTest" assertions="2" time="0.348988"/>
        <testcase name="test_scope_of_type" file="C:\Users\Gaser\Desktop\COPRRA\tests\Unit\Models\NotificationTest.php" line="114" class="Tests\Unit\Models\NotificationTest" classname="Tests.Unit.Models.NotificationTest" assertions="2" time="0.294728"/>
        <testcase name="test_has_tag" file="C:\Users\Gaser\Desktop\COPRRA\tests\Unit\Models\NotificationTest.php" line="488" class="Tests\Unit\Models\NotificationTest" classname="Tests.Unit.Models.NotificationTest" assertions="2" time="0.305997"/>
        <testcase name="test_is_read_returns_false_when_read_at_null" file="C:\Users\Gaser\Desktop\COPRRA\tests\Unit\Models\NotificationTest.php" line="240" class="Tests\Unit\Models\NotificationTest" classname="Tests.Unit.Models.NotificationTest" assertions="1" time="0.331702"/>
        <testcase name="test_get_color" file="C:\Users\Gaser\Desktop\COPRRA\tests\Unit\Models\NotificationTest.php" line="408" class="Tests\Unit\Models\NotificationTest" classname="Tests.Unit.Models.NotificationTest" assertions="2" time="0.313208"/>
        <testcase name="test_scope_between" file="C:\Users\Gaser\Desktop\COPRRA\tests\Unit\Models\NotificationTest.php" line="216" class="Tests\Unit\Models\NotificationTest" classname="Tests.Unit.Models.NotificationTest" assertions="2" time="0.332670"/>
        <testcase name="test_is_read_returns_true_when_read_at_set" file="C:\Users\Gaser\Desktop\COPRRA\tests\Unit\Models\NotificationTest.php" line="230" class="Tests\Unit\Models\NotificationTest" classname="Tests.Unit.Models.NotificationTest" assertions="1" time="0.298755"/>
        <testcase name="test_fillable_attributes" file="C:\Users\Gaser\Desktop\COPRRA\tests\Unit\Models\NotificationTest.php" line="31" class="Tests\Unit\Models\NotificationTest" classname="Tests.Unit.Models.NotificationTest" assertions="1" time="0.308116"/>
        <testcase name="test_is_failed_returns_false" file="C:\Users\Gaser\Desktop\COPRRA\tests\Unit\Models\NotificationTest.php" line="325" class="Tests\Unit\Models\NotificationTest" classname="Tests.Unit.Models.NotificationTest" assertions="1" time="0.332778"/>
        <testcase name="test_scope_before" file="C:\Users\Gaser\Desktop\COPRRA\tests\Unit\Models\NotificationTest.php" line="203" class="Tests\Unit\Models\NotificationTest" classname="Tests.Unit.Models.NotificationTest" assertions="2" time="0.308951"/>
        <testcase name="test_scope_sent" file="C:\Users\Gaser\Desktop\COPRRA\tests\Unit\Models\NotificationTest.php" line="147" class="Tests\Unit\Models\NotificationTest" classname="Tests.Unit.Models.NotificationTest" assertions="1" time="0.288541"/>
        <testcase name="test_hidden_attributes" file="C:\Users\Gaser\Desktop\COPRRA\tests\Unit\Models\NotificationTest.php" line="71" class="Tests\Unit\Models\NotificationTest" classname="Tests.Unit.Models.NotificationTest" assertions="1" time="0.288014"/>
        <testcase name="test_user_relation" file="C:\Users\Gaser\Desktop\COPRRA\tests\Unit\Models\NotificationTest.php" line="81" class="Tests\Unit\Models\NotificationTest" classname="Tests.Unit.Models.NotificationTest" assertions="2" time="0.345485"/>
        <testcase name="test_is_pending_returns_true" file="C:\Users\Gaser\Desktop\COPRRA\tests\Unit\Models\NotificationTest.php" line="291" class="Tests\Unit\Models\NotificationTest" classname="Tests.Unit.Models.NotificationTest" assertions="1" time="0.286209"/>
        <testcase name="test_casts" file="C:\Users\Gaser\Desktop\COPRRA\tests\Unit\Models\NotificationTest.php" line="54" class="Tests\Unit\Models\NotificationTest" classname="Tests.Unit.Models.NotificationTest" assertions="1" time="0.288132"/>
        <testcase name="test_get_type_display_name" file="C:\Users\Gaser\Desktop\COPRRA\tests\Unit\Models\NotificationTest.php" line="358" class="Tests\Unit\Models\NotificationTest" classname="Tests.Unit.Models.NotificationTest" assertions="2" time="0.287394"/>
        <testcase name="test_can_retry" file="C:\Users\Gaser\Desktop\COPRRA\tests\Unit\Models\NotificationTest.php" line="474" class="Tests\Unit\Models\NotificationTest" classname="Tests.Unit.Models.NotificationTest" assertions="2" time="0.322633"/>
        <testcase name="test_is_pending_returns_false_when_sent_at_set" file="C:\Users\Gaser\Desktop\COPRRA\tests\Unit\Models\NotificationTest.php" line="302" class="Tests\Unit\Models\NotificationTest" classname="Tests.Unit.Models.NotificationTest" assertions="1" time="0.352353"/>
        <testcase name="test_is_unread_returns_false_when_read_at_set" file="C:\Users\Gaser\Desktop\COPRRA\tests\Unit\Models\NotificationTest.php" line="260" class="Tests\Unit\Models\NotificationTest" classname="Tests.Unit.Models.NotificationTest" assertions="1" time="0.347313"/>
        <testcase name="test_scope_for_user" file="C:\Users\Gaser\Desktop\COPRRA\tests\Unit\Models\NotificationTest.php" line="179" class="Tests\Unit\Models\NotificationTest" classname="Tests.Unit.Models.NotificationTest" assertions="2" time="0.319587"/>
      </testsuite>
      <testsuite name="Tests\Unit\Performance\DatabaseQueryTimeTest" file="C:\Users\Gaser\Desktop\COPRRA\tests\Unit\Performance\DatabaseQueryTimeTest.php" tests="3" assertions="3" errors="0" failures="0" skipped="0" time="0.000000">
        <testcase name="test_performance_basic_functionality" file="C:\Users\Gaser\Desktop\COPRRA\tests\Unit\Performance\DatabaseQueryTimeTest.php" line="10" class="Tests\Unit\Performance\DatabaseQueryTimeTest" classname="Tests.Unit.Performance.DatabaseQueryTimeTest" assertions="1" time="0.295837"/>
        <testcase name="test_performance_metrics" file="C:\Users\Gaser\Desktop\COPRRA\tests\Unit\Performance\DatabaseQueryTimeTest.php" line="17" class="Tests\Unit\Performance\DatabaseQueryTimeTest" classname="Tests.Unit.Performance.DatabaseQueryTimeTest" assertions="1" time="0.289982"/>
        <testcase name="test_performance_optimization" file="C:\Users\Gaser\Desktop\COPRRA\tests\Unit\Performance\DatabaseQueryTimeTest.php" line="24" class="Tests\Unit\Performance\DatabaseQueryTimeTest" classname="Tests.Unit.Performance.DatabaseQueryTimeTest" assertions="1" time="0.325647"/>
      </testsuite>
      <testsuite name="Tests\Unit\Integration\PushNotificationTest" file="C:\Users\Gaser\Desktop\COPRRA\tests\Unit\Integration\PushNotificationTest.php" tests="3" assertions="3" errors="0" failures="0" skipped="0" time="0.000000">
        <testcase name="test_basic_functionality" file="C:\Users\Gaser\Desktop\COPRRA\tests\Unit\Integration\PushNotificationTest.php" line="10" class="Tests\Unit\Integration\PushNotificationTest" classname="Tests.Unit.Integration.PushNotificationTest" assertions="1" time="0.315150"/>
        <testcase name="test_validation" file="C:\Users\Gaser\Desktop\COPRRA\tests\Unit\Integration\PushNotificationTest.php" line="24" class="Tests\Unit\Integration\PushNotificationTest" classname="Tests.Unit.Integration.PushNotificationTest" assertions="1" time="0.298217"/>
        <testcase name="test_expected_behavior" file="C:\Users\Gaser\Desktop\COPRRA\tests\Unit\Integration\PushNotificationTest.php" line="17" class="Tests\Unit\Integration\PushNotificationTest" classname="Tests.Unit.Integration.PushNotificationTest" assertions="1" time="0.301784"/>
      </testsuite>
      <testsuite name="Tests\Unit\Integration\InventoryIntegrationTest" file="C:\Users\Gaser\Desktop\COPRRA\tests\Unit\Integration\InventoryIntegrationTest.php" tests="3" assertions="3" errors="0" failures="0" skipped="0" time="0.000000">
        <testcase name="test_basic_functionality" file="C:\Users\Gaser\Desktop\COPRRA\tests\Unit\Integration\InventoryIntegrationTest.php" line="10" class="Tests\Unit\Integration\InventoryIntegrationTest" classname="Tests.Unit.Integration.InventoryIntegrationTest" assertions="1" time="0.344398"/>
        <testcase name="test_validation" file="C:\Users\Gaser\Desktop\COPRRA\tests\Unit\Integration\InventoryIntegrationTest.php" line="24" class="Tests\Unit\Integration\InventoryIntegrationTest" classname="Tests.Unit.Integration.InventoryIntegrationTest" assertions="1" time="0.296032"/>
        <testcase name="test_expected_behavior" file="C:\Users\Gaser\Desktop\COPRRA\tests\Unit\Integration\InventoryIntegrationTest.php" line="17" class="Tests\Unit\Integration\InventoryIntegrationTest" classname="Tests.Unit.Integration.InventoryIntegrationTest" assertions="1" time="0.291532"/>
      </testsuite>
      <testsuite name="Tests\Unit\Rules\ValidOrderStatusTest" file="C:\Users\Gaser\Desktop\COPRRA\tests\Unit\Rules\ValidOrderStatusTest.php" tests="4" assertions="9" errors="0" failures="0" skipped="0" time="0.000000">
        <testcase name="test_fails_with_invalid_status" file="C:\Users\Gaser\Desktop\COPRRA\tests\Unit\Rules\ValidOrderStatusTest.php" line="32" class="Tests\Unit\Rules\ValidOrderStatusTest" classname="Tests.Unit.Rules.ValidOrderStatusTest" assertions="1" time="0.001223"/>
        <testcase name="test_passes_with_valid_status" file="C:\Users\Gaser\Desktop\COPRRA\tests\Unit\Rules\ValidOrderStatusTest.php" line="20" class="Tests\Unit\Rules\ValidOrderStatusTest" classname="Tests.Unit.Rules.ValidOrderStatusTest" assertions="1" time="0.000428"/>
        <testcase name="test_fails_with_non_string_value" file="C:\Users\Gaser\Desktop\COPRRA\tests\Unit\Rules\ValidOrderStatusTest.php" line="44" class="Tests\Unit\Rules\ValidOrderStatusTest" classname="Tests.Unit.Rules.ValidOrderStatusTest" assertions="1" time="0.000412"/>
        <testcase name="test_passes_with_all_valid_statuses" file="C:\Users\Gaser\Desktop\COPRRA\tests\Unit\Rules\ValidOrderStatusTest.php" line="56" class="Tests\Unit\Rules\ValidOrderStatusTest" classname="Tests.Unit.Rules.ValidOrderStatusTest" assertions="6" time="0.000329"/>
      </testsuite>
      <testsuite name="Tests\Unit\DataQuality\DataDuplicationTest" file="C:\Users\Gaser\Desktop\COPRRA\tests\Unit\DataQuality\DataDuplicationTest.php" tests="3" assertions="3" errors="0" failures="0" skipped="0" time="0.000000">
        <testcase name="test_validation" file="C:\Users\Gaser\Desktop\COPRRA\tests\Unit\DataQuality\DataDuplicationTest.php" line="24" class="Tests\Unit\DataQuality\DataDuplicationTest" classname="Tests.Unit.DataQuality.DataDuplicationTest" assertions="1" time="0.361155"/>
        <testcase name="test_expected_behavior" file="C:\Users\Gaser\Desktop\COPRRA\tests\Unit\DataQuality\DataDuplicationTest.php" line="17" class="Tests\Unit\DataQuality\DataDuplicationTest" classname="Tests.Unit.DataQuality.DataDuplicationTest" assertions="1" time="0.311500"/>
        <testcase name="test_basic_functionality" file="C:\Users\Gaser\Desktop\COPRRA\tests\Unit\DataQuality\DataDuplicationTest.php" line="10" class="Tests\Unit\DataQuality\DataDuplicationTest" classname="Tests.Unit.DataQuality.DataDuplicationTest" assertions="1" time="0.319413"/>
      </testsuite>
      <testsuite name="Tests\Unit\DataAccuracy\InventoryAccuracyTest" file="C:\Users\Gaser\Desktop\COPRRA\tests\Unit\DataAccuracy\InventoryAccuracyTest.php" tests="3" assertions="3" errors="0" failures="0" skipped="0" time="0.000000">
        <testcase name="test_expected_behavior" file="C:\Users\Gaser\Desktop\COPRRA\tests\Unit\DataAccuracy\InventoryAccuracyTest.php" line="17" class="Tests\Unit\DataAccuracy\InventoryAccuracyTest" classname="Tests.Unit.DataAccuracy.InventoryAccuracyTest" assertions="1" time="0.348218"/>
        <testcase name="test_validation" file="C:\Users\Gaser\Desktop\COPRRA\tests\Unit\DataAccuracy\InventoryAccuracyTest.php" line="24" class="Tests\Unit\DataAccuracy\InventoryAccuracyTest" classname="Tests.Unit.DataAccuracy.InventoryAccuracyTest" assertions="1" time="0.316820"/>
        <testcase name="test_basic_functionality" file="C:\Users\Gaser\Desktop\COPRRA\tests\Unit\DataAccuracy\InventoryAccuracyTest.php" line="10" class="Tests\Unit\DataAccuracy\InventoryAccuracyTest" classname="Tests.Unit.DataAccuracy.InventoryAccuracyTest" assertions="1" time="0.326206"/>
      </testsuite>
      <testsuite name="Tests\Unit\DataQuality\DataQualityMetricsTest" file="C:\Users\Gaser\Desktop\COPRRA\tests\Unit\DataQuality\DataQualityMetricsTest.php" tests="3" assertions="3" errors="0" failures="0" skipped="0" time="0.000000">
        <testcase name="test_validation" file="C:\Users\Gaser\Desktop\COPRRA\tests\Unit\DataQuality\DataQualityMetricsTest.php" line="24" class="Tests\Unit\DataQuality\DataQualityMetricsTest" classname="Tests.Unit.DataQuality.DataQualityMetricsTest" assertions="1" time="0.363612"/>
        <testcase name="test_expected_behavior" file="C:\Users\Gaser\Desktop\COPRRA\tests\Unit\DataQuality\DataQualityMetricsTest.php" line="17" class="Tests\Unit\DataQuality\DataQualityMetricsTest" classname="Tests.Unit.DataQuality.DataQualityMetricsTest" assertions="1" time="0.313894"/>
        <testcase name="test_basic_functionality" file="C:\Users\Gaser\Desktop\COPRRA\tests\Unit\DataQuality\DataQualityMetricsTest.php" line="10" class="Tests\Unit\DataQuality\DataQualityMetricsTest" classname="Tests.Unit.DataQuality.DataQualityMetricsTest" assertions="1" time="0.326563"/>
      </testsuite>
      <testsuite name="Tests\Unit\Models\ReviewTest" file="C:\Users\Gaser\Desktop\COPRRA\tests\Unit\Models\ReviewTest.php" tests="3" assertions="5" errors="0" failures="0" skipped="0" time="0.000000">
        <testcase name="test_get_review_text_attribute" file="C:\Users\Gaser\Desktop\COPRRA\tests\Unit\Models\ReviewTest.php" line="49" class="Tests\Unit\Models\ReviewTest" classname="Tests.Unit.Models.ReviewTest" assertions="1" time="0.296577"/>
        <testcase name="test_product_relation" file="C:\Users\Gaser\Desktop\COPRRA\tests\Unit\Models\ReviewTest.php" line="36" class="Tests\Unit\Models\ReviewTest" classname="Tests.Unit.Models.ReviewTest" assertions="2" time="0.295149"/>
        <testcase name="test_user_relation" file="C:\Users\Gaser\Desktop\COPRRA\tests\Unit\Models\ReviewTest.php" line="23" class="Tests\Unit\Models\ReviewTest" classname="Tests.Unit.Models.ReviewTest" assertions="2" time="0.345660"/>
      </testsuite>
      <testsuite name="Tests\Unit\Services\ExternalStoreServiceTest" file="C:\Users\Gaser\Desktop\COPRRA\tests\Unit\Services\ExternalStoreServiceTest.php" tests="6" assertions="6" errors="0" failures="0" skipped="0" time="0.000000">
        <testcase name="test_it_handles_api_failure_gracefully" file="C:\Users\Gaser\Desktop\COPRRA\tests\Unit\Services\ExternalStoreServiceTest.php" line="42" class="Tests\Unit\Services\ExternalStoreServiceTest" classname="Tests.Unit.Services.ExternalStoreServiceTest" assertions="1" time="0.967522"/>
        <testcase name="test_it_searches_products_across_all_stores" file="C:\Users\Gaser\Desktop\COPRRA\tests\Unit\Services\ExternalStoreServiceTest.php" line="29" class="Tests\Unit\Services\ExternalStoreServiceTest" classname="Tests.Unit.Services.ExternalStoreServiceTest" assertions="1" time="0.850931"/>
        <testcase name="test_it_gets_product_details_with_cache" file="C:\Users\Gaser\Desktop\COPRRA\tests\Unit\Services\ExternalStoreServiceTest.php" line="55" class="Tests\Unit\Services\ExternalStoreServiceTest" classname="Tests.Unit.Services.ExternalStoreServiceTest" assertions="1" time="0.311538"/>
        <testcase name="test_it_syncs_store_products" file="C:\Users\Gaser\Desktop\COPRRA\tests\Unit\Services\ExternalStoreServiceTest.php" line="87" class="Tests\Unit\Services\ExternalStoreServiceTest" classname="Tests.Unit.Services.ExternalStoreServiceTest" assertions="1" time="0.337257"/>
        <testcase name="test_it_returns_null_for_invalid_store" file="C:\Users\Gaser\Desktop\COPRRA\tests\Unit\Services\ExternalStoreServiceTest.php" line="74" class="Tests\Unit\Services\ExternalStoreServiceTest" classname="Tests.Unit.Services.ExternalStoreServiceTest" assertions="1" time="0.326807"/>
        <testcase name="test_it_gets_store_status" file="C:\Users\Gaser\Desktop\COPRRA\tests\Unit\Services\ExternalStoreServiceTest.php" line="99" class="Tests\Unit\Services\ExternalStoreServiceTest" classname="Tests.Unit.Services.ExternalStoreServiceTest" assertions="1" time="0.826121"/>
      </testsuite>
      <testsuite name="Tests\Unit\DataQuality\DuplicateDetectionTest" file="C:\Users\Gaser\Desktop\COPRRA\tests\Unit\DataQuality\DuplicateDetectionTest.php" tests="3" assertions="3" errors="0" failures="0" skipped="0" time="0.000000">
        <testcase name="test_expected_behavior" file="C:\Users\Gaser\Desktop\COPRRA\tests\Unit\DataQuality\DuplicateDetectionTest.php" line="17" class="Tests\Unit\DataQuality\DuplicateDetectionTest" classname="Tests.Unit.DataQuality.DuplicateDetectionTest" assertions="1" time="0.347328"/>
        <testcase name="test_basic_functionality" file="C:\Users\Gaser\Desktop\COPRRA\tests\Unit\DataQuality\DuplicateDetectionTest.php" line="10" class="Tests\Unit\DataQuality\DuplicateDetectionTest" classname="Tests.Unit.DataQuality.DuplicateDetectionTest" assertions="1" time="0.322858"/>
        <testcase name="test_validation" file="C:\Users\Gaser\Desktop\COPRRA\tests\Unit\DataQuality\DuplicateDetectionTest.php" line="24" class="Tests\Unit\DataQuality\DuplicateDetectionTest" classname="Tests.Unit.DataQuality.DuplicateDetectionTest" assertions="1" time="0.312585"/>
      </testsuite>
      <testsuite name="Tests\Unit\Validation\BasicValidationTest" file="C:\Users\Gaser\Desktop\COPRRA\tests\Unit\Validation\BasicValidationTest.php" tests="3" assertions="3" errors="0" failures="0" skipped="0" time="0.000000">
        <testcase name="test_basic_functionality" file="C:\Users\Gaser\Desktop\COPRRA\tests\Unit\Validation\BasicValidationTest.php" line="10" class="Tests\Unit\Validation\BasicValidationTest" classname="Tests.Unit.Validation.BasicValidationTest" assertions="1" time="0.301872"/>
        <testcase name="test_validation" file="C:\Users\Gaser\Desktop\COPRRA\tests\Unit\Validation\BasicValidationTest.php" line="24" class="Tests\Unit\Validation\BasicValidationTest" classname="Tests.Unit.Validation.BasicValidationTest" assertions="1" time="0.303036"/>
        <testcase name="test_expected_behavior" file="C:\Users\Gaser\Desktop\COPRRA\tests\Unit\Validation\BasicValidationTest.php" line="17" class="Tests\Unit\Validation\BasicValidationTest" classname="Tests.Unit.Validation.BasicValidationTest" assertions="1" time="0.294112"/>
      </testsuite>
      <testsuite name="Tests\Unit\DataQuality\DataCompletenessTest" file="C:\Users\Gaser\Desktop\COPRRA\tests\Unit\DataQuality\DataCompletenessTest.php" tests="3" assertions="3" errors="0" failures="0" skipped="0" time="0.000000">
        <testcase name="test_expected_behavior" file="C:\Users\Gaser\Desktop\COPRRA\tests\Unit\DataQuality\DataCompletenessTest.php" line="17" class="Tests\Unit\DataQuality\DataCompletenessTest" classname="Tests.Unit.DataQuality.DataCompletenessTest" assertions="1" time="0.321769"/>
        <testcase name="test_validation" file="C:\Users\Gaser\Desktop\COPRRA\tests\Unit\DataQuality\DataCompletenessTest.php" line="24" class="Tests\Unit\DataQuality\DataCompletenessTest" classname="Tests.Unit.DataQuality.DataCompletenessTest" assertions="1" time="0.286644"/>
        <testcase name="test_basic_functionality" file="C:\Users\Gaser\Desktop\COPRRA\tests\Unit\DataQuality\DataCompletenessTest.php" line="10" class="Tests\Unit\DataQuality\DataCompletenessTest" classname="Tests.Unit.DataQuality.DataCompletenessTest" assertions="1" time="0.377768"/>
      </testsuite>
      <testsuite name="Tests\Unit\Performance\ImageLoadTimeTest" file="C:\Users\Gaser\Desktop\COPRRA\tests\Unit\Performance\ImageLoadTimeTest.php" tests="3" assertions="3" errors="0" failures="0" skipped="0" time="0.000000">
        <testcase name="test_performance_basic_functionality" file="C:\Users\Gaser\Desktop\COPRRA\tests\Unit\Performance\ImageLoadTimeTest.php" line="10" class="Tests\Unit\Performance\ImageLoadTimeTest" classname="Tests.Unit.Performance.ImageLoadTimeTest" assertions="1" time="0.296326"/>
        <testcase name="test_performance_metrics" file="C:\Users\Gaser\Desktop\COPRRA\tests\Unit\Performance\ImageLoadTimeTest.php" line="17" class="Tests\Unit\Performance\ImageLoadTimeTest" classname="Tests.Unit.Performance.ImageLoadTimeTest" assertions="1" time="0.300981"/>
        <testcase name="test_performance_optimization" file="C:\Users\Gaser\Desktop\COPRRA\tests\Unit\Performance\ImageLoadTimeTest.php" line="24" class="Tests\Unit\Performance\ImageLoadTimeTest" classname="Tests.Unit.Performance.ImageLoadTimeTest" assertions="1" time="0.432377"/>
      </testsuite>
      <testsuite name="Tests\Unit\Models\CurrencyTest" file="C:\Users\Gaser\Desktop\COPRRA\tests\Unit\Models\CurrencyTest.php" tests="3" assertions="6" errors="0" failures="0" skipped="0" time="0.000000">
        <testcase name="test_languages_relation" file="C:\Users\Gaser\Desktop\COPRRA\tests\Unit\Models\CurrencyTest.php" line="47" class="Tests\Unit\Models\CurrencyTest" classname="Tests.Unit.Models.CurrencyTest" assertions="3" time="0.335103"/>
        <testcase name="test_guarded_attributes" file="C:\Users\Gaser\Desktop\COPRRA\tests\Unit\Models\CurrencyTest.php" line="24" class="Tests\Unit\Models\CurrencyTest" classname="Tests.Unit.Models.CurrencyTest" assertions="1" time="0.326962"/>
        <testcase name="test_stores_relation" file="C:\Users\Gaser\Desktop\COPRRA\tests\Unit\Models\CurrencyTest.php" line="34" class="Tests\Unit\Models\CurrencyTest" classname="Tests.Unit.Models.CurrencyTest" assertions="2" time="0.346643"/>
      </testsuite>
      <testsuite name="Tests\Unit\Helpers\OrderHelperTest" file="C:\Users\Gaser\Desktop\COPRRA\tests\Unit\Helpers\OrderHelperTest.php" tests="20" assertions="33" errors="0" failures="0" skipped="0" time="0.000000">
        <testcase name="test_calculate_total_with_all_values" file="C:\Users\Gaser\Desktop\COPRRA\tests\Unit\Helpers\OrderHelperTest.php" line="26" class="Tests\Unit\Helpers\OrderHelperTest" classname="Tests.Unit.Helpers.OrderHelperTest" assertions="1" time="0.065196"/>
        <testcase name="test_format_total_with_sar_currency" file="C:\Users\Gaser\Desktop\COPRRA\tests\Unit\Helpers\OrderHelperTest.php" line="138" class="Tests\Unit\Helpers\OrderHelperTest" classname="Tests.Unit.Helpers.OrderHelperTest" assertions="2" time="0.085143"/>
        <testcase name="test_get_estimated_delivery_date_for_shipped_order" file="C:\Users\Gaser\Desktop\COPRRA\tests\Unit\Helpers\OrderHelperTest.php" line="146" class="Tests\Unit\Helpers\OrderHelperTest" classname="Tests.Unit.Helpers.OrderHelperTest" assertions="2" time="0.061934"/>
        <testcase name="test_format_total_with_default_currency" file="C:\Users\Gaser\Desktop\COPRRA\tests\Unit\Helpers\OrderHelperTest.php" line="130" class="Tests\Unit\Helpers\OrderHelperTest" classname="Tests.Unit.Helpers.OrderHelperTest" assertions="2" time="0.057736"/>
        <testcase name="test_is_overdue_returns_false_for_recent_shipment" file="C:\Users\Gaser\Desktop\COPRRA\tests\Unit\Helpers\OrderHelperTest.php" line="185" class="Tests\Unit\Helpers\OrderHelperTest" classname="Tests.Unit.Helpers.OrderHelperTest" assertions="1" time="0.074387"/>
        <testcase name="test_is_overdue_returns_false_for_non_shipped_order" file="C:\Users\Gaser\Desktop\COPRRA\tests\Unit\Helpers\OrderHelperTest.php" line="178" class="Tests\Unit\Helpers\OrderHelperTest" classname="Tests.Unit.Helpers.OrderHelperTest" assertions="1" time="0.063483"/>
        <testcase name="test_calculate_tax_with_default_rate" file="C:\Users\Gaser\Desktop\COPRRA\tests\Unit\Helpers\OrderHelperTest.php" line="61" class="Tests\Unit\Helpers\OrderHelperTest" classname="Tests.Unit.Helpers.OrderHelperTest" assertions="1" time="0.058551"/>
        <testcase name="test_get_estimated_delivery_date_returns_null_for_pending" file="C:\Users\Gaser\Desktop\COPRRA\tests\Unit\Helpers\OrderHelperTest.php" line="169" class="Tests\Unit\Helpers\OrderHelperTest" classname="Tests.Unit.Helpers.OrderHelperTest" assertions="1" time="0.061682"/>
        <testcase name="test_calculate_total_with_missing_values" file="C:\Users\Gaser\Desktop\COPRRA\tests\Unit\Helpers\OrderHelperTest.php" line="40" class="Tests\Unit\Helpers\OrderHelperTest" classname="Tests.Unit.Helpers.OrderHelperTest" assertions="1" time="0.094502"/>
        <testcase name="test_can_be_cancelled_returns_true_for_processing" file="C:\Users\Gaser\Desktop\COPRRA\tests\Unit\Helpers\OrderHelperTest.php" line="92" class="Tests\Unit\Helpers\OrderHelperTest" classname="Tests.Unit.Helpers.OrderHelperTest" assertions="1" time="0.058306"/>
        <testcase name="test_get_status_badge_returns_correct_html" file="C:\Users\Gaser\Desktop\COPRRA\tests\Unit\Helpers\OrderHelperTest.php" line="17" class="Tests\Unit\Helpers\OrderHelperTest" classname="Tests.Unit.Helpers.OrderHelperTest" assertions="3" time="0.060799"/>
        <testcase name="test_calculate_total_returns_zero_for_negative_result" file="C:\Users\Gaser\Desktop\COPRRA\tests\Unit\Helpers\OrderHelperTest.php" line="49" class="Tests\Unit\Helpers\OrderHelperTest" classname="Tests.Unit.Helpers.OrderHelperTest" assertions="1" time="0.054533"/>
        <testcase name="test_can_be_cancelled_returns_true_for_pending" file="C:\Users\Gaser\Desktop\COPRRA\tests\Unit\Helpers\OrderHelperTest.php" line="85" class="Tests\Unit\Helpers\OrderHelperTest" classname="Tests.Unit.Helpers.OrderHelperTest" assertions="1" time="0.059372"/>
        <testcase name="test_can_be_refunded_returns_true_for_delivered" file="C:\Users\Gaser\Desktop\COPRRA\tests\Unit\Helpers\OrderHelperTest.php" line="106" class="Tests\Unit\Helpers\OrderHelperTest" classname="Tests.Unit.Helpers.OrderHelperTest" assertions="1" time="0.058966"/>
        <testcase name="test_generate_order_number_is_unique" file="C:\Users\Gaser\Desktop\COPRRA\tests\Unit\Helpers\OrderHelperTest.php" line="75" class="Tests\Unit\Helpers\OrderHelperTest" classname="Tests.Unit.Helpers.OrderHelperTest" assertions="3" time="0.060459"/>
        <testcase name="test_get_estimated_delivery_date_for_processing_order" file="C:\Users\Gaser\Desktop\COPRRA\tests\Unit\Helpers\OrderHelperTest.php" line="159" class="Tests\Unit\Helpers\OrderHelperTest" classname="Tests.Unit.Helpers.OrderHelperTest" assertions="2" time="0.109017"/>
        <testcase name="test_can_be_cancelled_returns_false_for_shipped" file="C:\Users\Gaser\Desktop\COPRRA\tests\Unit\Helpers\OrderHelperTest.php" line="99" class="Tests\Unit\Helpers\OrderHelperTest" classname="Tests.Unit.Helpers.OrderHelperTest" assertions="1" time="0.069350"/>
        <testcase name="test_can_be_refunded_returns_false_for_pending" file="C:\Users\Gaser\Desktop\COPRRA\tests\Unit\Helpers\OrderHelperTest.php" line="113" class="Tests\Unit\Helpers\OrderHelperTest" classname="Tests.Unit.Helpers.OrderHelperTest" assertions="1" time="0.062162"/>
        <testcase name="test_calculate_tax_with_custom_rate" file="C:\Users\Gaser\Desktop\COPRRA\tests\Unit\Helpers\OrderHelperTest.php" line="68" class="Tests\Unit\Helpers\OrderHelperTest" classname="Tests.Unit.Helpers.OrderHelperTest" assertions="1" time="0.059514"/>
        <testcase name="test_get_progress_percentage_for_all_statuses" file="C:\Users\Gaser\Desktop\COPRRA\tests\Unit\Helpers\OrderHelperTest.php" line="120" class="Tests\Unit\Helpers\OrderHelperTest" classname="Tests.Unit.Helpers.OrderHelperTest" assertions="6" time="0.058526"/>
      </testsuite>
      <testsuite name="Tests\Unit\Deployment\BlueGreenDeploymentTest" file="C:\Users\Gaser\Desktop\COPRRA\tests\Unit\Deployment\BlueGreenDeploymentTest.php" tests="3" assertions="3" errors="0" failures="0" skipped="0" time="0.000000">
        <testcase name="test_expected_behavior" file="C:\Users\Gaser\Desktop\COPRRA\tests\Unit\Deployment\BlueGreenDeploymentTest.php" line="17" class="Tests\Unit\Deployment\BlueGreenDeploymentTest" classname="Tests.Unit.Deployment.BlueGreenDeploymentTest" assertions="1" time="0.330946"/>
        <testcase name="test_validation" file="C:\Users\Gaser\Desktop\COPRRA\tests\Unit\Deployment\BlueGreenDeploymentTest.php" line="24" class="Tests\Unit\Deployment\BlueGreenDeploymentTest" classname="Tests.Unit.Deployment.BlueGreenDeploymentTest" assertions="1" time="0.368052"/>
        <testcase name="test_basic_functionality" file="C:\Users\Gaser\Desktop\COPRRA\tests\Unit\Deployment\BlueGreenDeploymentTest.php" line="10" class="Tests\Unit\Deployment\BlueGreenDeploymentTest" classname="Tests.Unit.Deployment.BlueGreenDeploymentTest" assertions="1" time="0.337918"/>
      </testsuite>
      <testsuite name="Tests\Unit\Integration\SMSIntegrationTest" file="C:\Users\Gaser\Desktop\COPRRA\tests\Unit\Integration\SMSIntegrationTest.php" tests="3" assertions="3" errors="0" failures="0" skipped="0" time="0.000000">
        <testcase name="test_basic_functionality" file="C:\Users\Gaser\Desktop\COPRRA\tests\Unit\Integration\SMSIntegrationTest.php" line="10" class="Tests\Unit\Integration\SMSIntegrationTest" classname="Tests.Unit.Integration.SMSIntegrationTest" assertions="1" time="0.296100"/>
        <testcase name="test_expected_behavior" file="C:\Users\Gaser\Desktop\COPRRA\tests\Unit\Integration\SMSIntegrationTest.php" line="17" class="Tests\Unit\Integration\SMSIntegrationTest" classname="Tests.Unit.Integration.SMSIntegrationTest" assertions="1" time="0.310625"/>
        <testcase name="test_validation" file="C:\Users\Gaser\Desktop\COPRRA\tests\Unit\Integration\SMSIntegrationTest.php" line="24" class="Tests\Unit\Integration\SMSIntegrationTest" classname="Tests.Unit.Integration.SMSIntegrationTest" assertions="1" time="0.363643"/>
      </testsuite>
      <testsuite name="Tests\Unit\Recommendations\ContentBasedFilteringTest" file="C:\Users\Gaser\Desktop\COPRRA\tests\Unit\Recommendations\ContentBasedFilteringTest.php" tests="10" assertions="21" errors="0" failures="0" skipped="0" time="0.000000">
        <testcase name="it_extracts_keywords_from_text" file="C:\Users\Gaser\Desktop\COPRRA\tests\Unit\Recommendations\ContentBasedFilteringTest.php" line="124" class="Tests\Unit\Recommendations\ContentBasedFilteringTest" classname="Tests.Unit.Recommendations.ContentBasedFilteringTest" assertions="3" time="0.000412"/>
        <testcase name="it_recommends_items_based_on_content" file="C:\Users\Gaser\Desktop\COPRRA\tests\Unit\Recommendations\ContentBasedFilteringTest.php" line="80" class="Tests\Unit\Recommendations\ContentBasedFilteringTest" classname="Tests.Unit.Recommendations.ContentBasedFilteringTest" assertions="2" time="0.000415"/>
        <testcase name="it_calculates_item_similarity" file="C:\Users\Gaser\Desktop\COPRRA\tests\Unit\Recommendations\ContentBasedFilteringTest.php" line="41" class="Tests\Unit\Recommendations\ContentBasedFilteringTest" classname="Tests.Unit.Recommendations.ContentBasedFilteringTest" assertions="1" time="0.000312"/>
        <testcase name="it_analyzes_item_features" file="C:\Users\Gaser\Desktop\COPRRA\tests\Unit\Recommendations\ContentBasedFilteringTest.php" line="11" class="Tests\Unit\Recommendations\ContentBasedFilteringTest" classname="Tests.Unit.Recommendations.ContentBasedFilteringTest" assertions="4" time="0.000347"/>
        <testcase name="it_builds_user_profile" file="C:\Users\Gaser\Desktop\COPRRA\tests\Unit\Recommendations\ContentBasedFilteringTest.php" line="63" class="Tests\Unit\Recommendations\ContentBasedFilteringTest" classname="Tests.Unit.Recommendations.ContentBasedFilteringTest" assertions="4" time="0.000433"/>
        <testcase name="it_handles_categorical_features" file="C:\Users\Gaser\Desktop\COPRRA\tests\Unit\Recommendations\ContentBasedFilteringTest.php" line="152" class="Tests\Unit\Recommendations\ContentBasedFilteringTest" classname="Tests.Unit.Recommendations.ContentBasedFilteringTest" assertions="1" time="0.000400"/>
        <testcase name="it_handles_numerical_features" file="C:\Users\Gaser\Desktop\COPRRA\tests\Unit\Recommendations\ContentBasedFilteringTest.php" line="165" class="Tests\Unit\Recommendations\ContentBasedFilteringTest" classname="Tests.Unit.Recommendations.ContentBasedFilteringTest" assertions="1" time="0.000363"/>
        <testcase name="it_calculates_tf_idf_scores" file="C:\Users\Gaser\Desktop\COPRRA\tests\Unit\Recommendations\ContentBasedFilteringTest.php" line="135" class="Tests\Unit\Recommendations\ContentBasedFilteringTest" classname="Tests.Unit.Recommendations.ContentBasedFilteringTest" assertions="1" time="0.000320"/>
        <testcase name="it_handles_text_similarity" file="C:\Users\Gaser\Desktop\COPRRA\tests\Unit\Recommendations\ContentBasedFilteringTest.php" line="113" class="Tests\Unit\Recommendations\ContentBasedFilteringTest" classname="Tests.Unit.Recommendations.ContentBasedFilteringTest" assertions="1" time="0.000394"/>
        <testcase name="it_combines_multiple_similarity_measures" file="C:\Users\Gaser\Desktop\COPRRA\tests\Unit\Recommendations\ContentBasedFilteringTest.php" line="178" class="Tests\Unit\Recommendations\ContentBasedFilteringTest" classname="Tests.Unit.Recommendations.ContentBasedFilteringTest" assertions="3" time="0.000403"/>
      </testsuite>
      <testsuite name="Tests\Unit\Helpers\PriceHelperTest" file="C:\Users\Gaser\Desktop\COPRRA\tests\Unit\Helpers\PriceHelperTest.php" tests="3" assertions="3" errors="0" failures="0" skipped="0" time="0.000000">
        <testcase name="test_validation" file="C:\Users\Gaser\Desktop\COPRRA\tests\Unit\Helpers\PriceHelperTest.php" line="24" class="Tests\Unit\Helpers\PriceHelperTest" classname="Tests.Unit.Helpers.PriceHelperTest" assertions="1" time="0.310368"/>
        <testcase name="test_expected_behavior" file="C:\Users\Gaser\Desktop\COPRRA\tests\Unit\Helpers\PriceHelperTest.php" line="17" class="Tests\Unit\Helpers\PriceHelperTest" classname="Tests.Unit.Helpers.PriceHelperTest" assertions="1" time="0.290737"/>
        <testcase name="test_basic_functionality" file="C:\Users\Gaser\Desktop\COPRRA\tests\Unit\Helpers\PriceHelperTest.php" line="10" class="Tests\Unit\Helpers\PriceHelperTest" classname="Tests.Unit.Helpers.PriceHelperTest" assertions="1" time="0.322128"/>
      </testsuite>
      <testsuite name="Tests\Unit\StrictMockeryTest" file="C:\Users\Gaser\Desktop\COPRRA\tests\Unit\StrictMockeryTest.php" tests="3" assertions="3" errors="0" failures="0" skipped="0" time="0.000000">
        <testcase name="test_expected_behavior" file="C:\Users\Gaser\Desktop\COPRRA\tests\Unit\StrictMockeryTest.php" line="17" class="Tests\Unit\StrictMockeryTest" classname="Tests.Unit.StrictMockeryTest" assertions="1" time="0.365602"/>
        <testcase name="test_basic_functionality" file="C:\Users\Gaser\Desktop\COPRRA\tests\Unit\StrictMockeryTest.php" line="10" class="Tests\Unit\StrictMockeryTest" classname="Tests.Unit.StrictMockeryTest" assertions="1" time="0.331246"/>
        <testcase name="test_validation" file="C:\Users\Gaser\Desktop\COPRRA\tests\Unit\StrictMockeryTest.php" line="24" class="Tests\Unit\StrictMockeryTest" classname="Tests.Unit.StrictMockeryTest" assertions="1" time="0.293766"/>
      </testsuite>
      <testsuite name="Tests\Unit\Jobs\ProcessHeavyOperationTest" file="C:\Users\Gaser\Desktop\COPRRA\tests\Unit\Jobs\ProcessHeavyOperationTest.php" tests="14" assertions="20" errors="0" failures="0" skipped="0" time="0.000000">
        <testcase name="test_job_handles_process_images_operation_without_job_instance" file="C:\Users\Gaser\Desktop\COPRRA\tests\Unit\Jobs\ProcessHeavyOperationTest.php" line="105" class="Tests\Unit\Jobs\ProcessHeavyOperationTest" classname="Tests.Unit.Jobs.ProcessHeavyOperationTest" assertions="1" time="0.055332"/>
        <testcase name="test_job_handles_cleanup_old_data_operation_without_job_instance" file="C:\Users\Gaser\Desktop\COPRRA\tests\Unit\Jobs\ProcessHeavyOperationTest.php" line="162" class="Tests\Unit\Jobs\ProcessHeavyOperationTest" classname="Tests.Unit.Jobs.ProcessHeavyOperationTest" assertions="1" time="0.054407"/>
        <testcase name="test_job_throws_exception_for_unknown_operation" file="C:\Users\Gaser\Desktop\COPRRA\tests\Unit\Jobs\ProcessHeavyOperationTest.php" line="75" class="Tests\Unit\Jobs\ProcessHeavyOperationTest" classname="Tests.Unit.Jobs.ProcessHeavyOperationTest" assertions="2" time="0.058392"/>
        <testcase name="test_job_handles_export_data_operation_without_job_instance" file="C:\Users\Gaser\Desktop\COPRRA\tests\Unit\Jobs\ProcessHeavyOperationTest.php" line="176" class="Tests\Unit\Jobs\ProcessHeavyOperationTest" classname="Tests.Unit.Jobs.ProcessHeavyOperationTest" assertions="1" time="0.060339"/>
        <testcase name="test_can_be_instantiated" file="C:\Users\Gaser\Desktop\COPRRA\tests\Unit\Jobs\ProcessHeavyOperationTest.php" line="48" class="Tests\Unit\Jobs\ProcessHeavyOperationTest" classname="Tests.Unit.Jobs.ProcessHeavyOperationTest" assertions="1" time="0.100070"/>
        <testcase name="test_job_handles_import_data_operation_without_job_instance" file="C:\Users\Gaser\Desktop\COPRRA\tests\Unit\Jobs\ProcessHeavyOperationTest.php" line="191" class="Tests\Unit\Jobs\ProcessHeavyOperationTest" classname="Tests.Unit.Jobs.ProcessHeavyOperationTest" assertions="1" time="0.053627"/>
        <testcase name="test_job_constructor_sets_properties_correctly" file="C:\Users\Gaser\Desktop\COPRRA\tests\Unit\Jobs\ProcessHeavyOperationTest.php" line="21" class="Tests\Unit\Jobs\ProcessHeavyOperationTest" classname="Tests.Unit.Jobs.ProcessHeavyOperationTest" assertions="3" time="0.055053"/>
        <testcase name="test_job_handles_send_bulk_notifications_operation_without_job_instance" file="C:\Users\Gaser\Desktop\COPRRA\tests\Unit\Jobs\ProcessHeavyOperationTest.php" line="133" class="Tests\Unit\Jobs\ProcessHeavyOperationTest" classname="Tests.Unit.Jobs.ProcessHeavyOperationTest" assertions="1" time="0.056444"/>
        <testcase name="test_job_get_job_status_returns_null_for_unknown_job" file="C:\Users\Gaser\Desktop\COPRRA\tests\Unit\Jobs\ProcessHeavyOperationTest.php" line="62" class="Tests\Unit\Jobs\ProcessHeavyOperationTest" classname="Tests.Unit.Jobs.ProcessHeavyOperationTest" assertions="1" time="0.054955"/>
        <testcase name="test_job_handles_sync_data_operation_without_job_instance" file="C:\Users\Gaser\Desktop\COPRRA\tests\Unit\Jobs\ProcessHeavyOperationTest.php" line="119" class="Tests\Unit\Jobs\ProcessHeavyOperationTest" classname="Tests.Unit.Jobs.ProcessHeavyOperationTest" assertions="1" time="0.051856"/>
        <testcase name="test_job_get_user_job_statuses_returns_empty_array" file="C:\Users\Gaser\Desktop\COPRRA\tests\Unit\Jobs\ProcessHeavyOperationTest.php" line="68" class="Tests\Unit\Jobs\ProcessHeavyOperationTest" classname="Tests.Unit.Jobs.ProcessHeavyOperationTest" assertions="2" time="0.053052"/>
        <testcase name="test_job_handles_generate_report_operation_without_job_instance" file="C:\Users\Gaser\Desktop\COPRRA\tests\Unit\Jobs\ProcessHeavyOperationTest.php" line="88" class="Tests\Unit\Jobs\ProcessHeavyOperationTest" classname="Tests.Unit.Jobs.ProcessHeavyOperationTest" assertions="1" time="0.088624"/>
        <testcase name="test_job_handles_update_statistics_operation_without_job_instance" file="C:\Users\Gaser\Desktop\COPRRA\tests\Unit\Jobs\ProcessHeavyOperationTest.php" line="148" class="Tests\Unit\Jobs\ProcessHeavyOperationTest" classname="Tests.Unit.Jobs.ProcessHeavyOperationTest" assertions="1" time="0.053794"/>
        <testcase name="test_job_has_correct_timeout_and_retry_settings" file="C:\Users\Gaser\Desktop\COPRRA\tests\Unit\Jobs\ProcessHeavyOperationTest.php" line="53" class="Tests\Unit\Jobs\ProcessHeavyOperationTest" classname="Tests.Unit.Jobs.ProcessHeavyOperationTest" assertions="3" time="0.052222"/>
      </testsuite>
      <testsuite name="Tests\Unit\Integration\NotificationIntegrationTest" file="C:\Users\Gaser\Desktop\COPRRA\tests\Unit\Integration\NotificationIntegrationTest.php" tests="3" assertions="3" errors="0" failures="0" skipped="0" time="0.000000">
        <testcase name="test_validation" file="C:\Users\Gaser\Desktop\COPRRA\tests\Unit\Integration\NotificationIntegrationTest.php" line="24" class="Tests\Unit\Integration\NotificationIntegrationTest" classname="Tests.Unit.Integration.NotificationIntegrationTest" assertions="1" time="0.366149"/>
        <testcase name="test_basic_functionality" file="C:\Users\Gaser\Desktop\COPRRA\tests\Unit\Integration\NotificationIntegrationTest.php" line="10" class="Tests\Unit\Integration\NotificationIntegrationTest" classname="Tests.Unit.Integration.NotificationIntegrationTest" assertions="1" time="0.314950"/>
        <testcase name="test_expected_behavior" file="C:\Users\Gaser\Desktop\COPRRA\tests\Unit\Integration\NotificationIntegrationTest.php" line="17" class="Tests\Unit\Integration\NotificationIntegrationTest" classname="Tests.Unit.Integration.NotificationIntegrationTest" assertions="1" time="0.317375"/>
      </testsuite>
      <testsuite name="Tests\Unit\DataAccuracy\ShippingAccuracyTest" file="C:\Users\Gaser\Desktop\COPRRA\tests\Unit\DataAccuracy\ShippingAccuracyTest.php" tests="3" assertions="3" errors="0" failures="0" skipped="0" time="0.000000">
        <testcase name="test_basic_functionality" file="C:\Users\Gaser\Desktop\COPRRA\tests\Unit\DataAccuracy\ShippingAccuracyTest.php" line="10" class="Tests\Unit\DataAccuracy\ShippingAccuracyTest" classname="Tests.Unit.DataAccuracy.ShippingAccuracyTest" assertions="1" time="0.288755"/>
        <testcase name="test_validation" file="C:\Users\Gaser\Desktop\COPRRA\tests\Unit\DataAccuracy\ShippingAccuracyTest.php" line="24" class="Tests\Unit\DataAccuracy\ShippingAccuracyTest" classname="Tests.Unit.DataAccuracy.ShippingAccuracyTest" assertions="1" time="0.357876"/>
        <testcase name="test_expected_behavior" file="C:\Users\Gaser\Desktop\COPRRA\tests\Unit\DataAccuracy\ShippingAccuracyTest.php" line="17" class="Tests\Unit\DataAccuracy\ShippingAccuracyTest" classname="Tests.Unit.DataAccuracy.ShippingAccuracyTest" assertions="1" time="0.346676"/>
      </testsuite>
      <testsuite name="Tests\Unit\DataAccuracy\DataValidationTest" file="C:\Users\Gaser\Desktop\COPRRA\tests\Unit\DataAccuracy\DataValidationTest.php" tests="3" assertions="6" errors="0" failures="0" skipped="0" time="0.000000">
        <testcase name="test_integer_validation" file="C:\Users\Gaser\Desktop\COPRRA\tests\Unit\DataAccuracy\DataValidationTest.php" line="11" class="Tests\Unit\DataAccuracy\DataValidationTest" classname="Tests.Unit.DataAccuracy.DataValidationTest" assertions="2" time="0.290786"/>
        <testcase name="test_url_validation" file="C:\Users\Gaser\Desktop\COPRRA\tests\Unit\DataAccuracy\DataValidationTest.php" line="37" class="Tests\Unit\DataAccuracy\DataValidationTest" classname="Tests.Unit.DataAccuracy.DataValidationTest" assertions="2" time="0.383135"/>
        <testcase name="test_date_validation" file="C:\Users\Gaser\Desktop\COPRRA\tests\Unit\DataAccuracy\DataValidationTest.php" line="24" class="Tests\Unit\DataAccuracy\DataValidationTest" classname="Tests.Unit.DataAccuracy.DataValidationTest" assertions="2" time="0.321476"/>
      </testsuite>
      <testsuite name="Tests\Unit\Deployment\ConfigurationTest" file="C:\Users\Gaser\Desktop\COPRRA\tests\Unit\Deployment\ConfigurationTest.php" tests="3" assertions="3" errors="0" failures="0" skipped="0" time="0.000000">
        <testcase name="test_basic_functionality" file="C:\Users\Gaser\Desktop\COPRRA\tests\Unit\Deployment\ConfigurationTest.php" line="10" class="Tests\Unit\Deployment\ConfigurationTest" classname="Tests.Unit.Deployment.ConfigurationTest" assertions="1" time="0.282710"/>
        <testcase name="test_validation" file="C:\Users\Gaser\Desktop\COPRRA\tests\Unit\Deployment\ConfigurationTest.php" line="24" class="Tests\Unit\Deployment\ConfigurationTest" classname="Tests.Unit.Deployment.ConfigurationTest" assertions="1" time="0.285630"/>
        <testcase name="test_expected_behavior" file="C:\Users\Gaser\Desktop\COPRRA\tests\Unit\Deployment\ConfigurationTest.php" line="17" class="Tests\Unit\Deployment\ConfigurationTest" classname="Tests.Unit.Deployment.ConfigurationTest" assertions="1" time="0.373148"/>
      </testsuite>
      <testsuite name="Tests\Unit\Integration\PaymentIntegrationTest" file="C:\Users\Gaser\Desktop\COPRRA\tests\Unit\Integration\PaymentIntegrationTest.php" tests="3" assertions="3" errors="0" failures="0" skipped="0" time="0.000000">
        <testcase name="test_validation" file="C:\Users\Gaser\Desktop\COPRRA\tests\Unit\Integration\PaymentIntegrationTest.php" line="24" class="Tests\Unit\Integration\PaymentIntegrationTest" classname="Tests.Unit.Integration.PaymentIntegrationTest" assertions="1" time="0.289551"/>
        <testcase name="test_expected_behavior" file="C:\Users\Gaser\Desktop\COPRRA\tests\Unit\Integration\PaymentIntegrationTest.php" line="17" class="Tests\Unit\Integration\PaymentIntegrationTest" classname="Tests.Unit.Integration.PaymentIntegrationTest" assertions="1" time="0.309066"/>
        <testcase name="test_basic_functionality" file="C:\Users\Gaser\Desktop\COPRRA\tests\Unit\Integration\PaymentIntegrationTest.php" line="10" class="Tests\Unit\Integration\PaymentIntegrationTest" classname="Tests.Unit.Integration.PaymentIntegrationTest" assertions="1" time="0.298734"/>
      </testsuite>
      <testsuite name="Tests\Unit\Performance\PageLoadTimeTest" file="C:\Users\Gaser\Desktop\COPRRA\tests\Unit\Performance\PageLoadTimeTest.php" tests="3" assertions="3" errors="0" failures="0" skipped="0" time="0.000000">
        <testcase name="test_basic_functionality" file="C:\Users\Gaser\Desktop\COPRRA\tests\Unit\Performance\PageLoadTimeTest.php" line="10" class="Tests\Unit\Performance\PageLoadTimeTest" classname="Tests.Unit.Performance.PageLoadTimeTest" assertions="1" time="0.315143"/>
        <testcase name="test_validation" file="C:\Users\Gaser\Desktop\COPRRA\tests\Unit\Performance\PageLoadTimeTest.php" line="24" class="Tests\Unit\Performance\PageLoadTimeTest" classname="Tests.Unit.Performance.PageLoadTimeTest" assertions="1" time="0.327345"/>
        <testcase name="test_expected_behavior" file="C:\Users\Gaser\Desktop\COPRRA\tests\Unit\Performance\PageLoadTimeTest.php" line="17" class="Tests\Unit\Performance\PageLoadTimeTest" classname="Tests.Unit.Performance.PageLoadTimeTest" assertions="1" time="0.294186"/>
      </testsuite>
      <testsuite name="Tests\Unit\Models\StoreTest" file="C:\Users\Gaser\Desktop\COPRRA\tests\Unit\Models\StoreTest.php" tests="10" assertions="16" errors="0" failures="0" skipped="0" time="0.000000">
        <testcase name="test_generate_affiliate_url" file="C:\Users\Gaser\Desktop\COPRRA\tests\Unit\Models\StoreTest.php" line="143" class="Tests\Unit\Models\StoreTest" classname="Tests.Unit.Models.StoreTest" assertions="1" time="0.313885"/>
        <testcase name="test_slug_updated_on_name_change" file="C:\Users\Gaser\Desktop\COPRRA\tests\Unit\Models\StoreTest.php" line="115" class="Tests\Unit\Models\StoreTest" classname="Tests.Unit.Models.StoreTest" assertions="1" time="0.292822"/>
        <testcase name="test_slug_auto_generated_on_creating" file="C:\Users\Gaser\Desktop\COPRRA\tests\Unit\Models\StoreTest.php" line="103" class="Tests\Unit\Models\StoreTest" classname="Tests.Unit.Models.StoreTest" assertions="1" time="0.316779"/>
        <testcase name="test_price_offers_relation" file="C:\Users\Gaser\Desktop\COPRRA\tests\Unit\Models\StoreTest.php" line="35" class="Tests\Unit\Models\StoreTest" classname="Tests.Unit.Models.StoreTest" assertions="2" time="0.292518"/>
        <testcase name="test_scope_active" file="C:\Users\Gaser\Desktop\COPRRA\tests\Unit\Models\StoreTest.php" line="74" class="Tests\Unit\Models\StoreTest" classname="Tests.Unit.Models.StoreTest" assertions="1" time="0.321715"/>
        <testcase name="test_generate_affiliate_url_no_affiliate_data" file="C:\Users\Gaser\Desktop\COPRRA\tests\Unit\Models\StoreTest.php" line="130" class="Tests\Unit\Models\StoreTest" classname="Tests.Unit.Models.StoreTest" assertions="1" time="0.290540"/>
        <testcase name="test_get_rules" file="C:\Users\Gaser\Desktop\COPRRA\tests\Unit\Models\StoreTest.php" line="159" class="Tests\Unit\Models\StoreTest" classname="Tests.Unit.Models.StoreTest" assertions="4" time="0.328161"/>
        <testcase name="test_scope_search" file="C:\Users\Gaser\Desktop\COPRRA\tests\Unit\Models\StoreTest.php" line="88" class="Tests\Unit\Models\StoreTest" classname="Tests.Unit.Models.StoreTest" assertions="1" time="0.371349"/>
        <testcase name="test_products_relation" file="C:\Users\Gaser\Desktop\COPRRA\tests\Unit\Models\StoreTest.php" line="48" class="Tests\Unit\Models\StoreTest" classname="Tests.Unit.Models.StoreTest" assertions="2" time="0.325238"/>
        <testcase name="test_currency_relation" file="C:\Users\Gaser\Desktop\COPRRA\tests\Unit\Models\StoreTest.php" line="61" class="Tests\Unit\Models\StoreTest" classname="Tests.Unit.Models.StoreTest" assertions="2" time="0.289086"/>
      </testsuite>
      <testsuite name="Tests\Unit\Deployment\DevelopmentDeploymentTest" file="C:\Users\Gaser\Desktop\COPRRA\tests\Unit\Deployment\DevelopmentDeploymentTest.php" tests="3" assertions="3" errors="0" failures="0" skipped="0" time="0.000000">
        <testcase name="test_expected_behavior" file="C:\Users\Gaser\Desktop\COPRRA\tests\Unit\Deployment\DevelopmentDeploymentTest.php" line="17" class="Tests\Unit\Deployment\DevelopmentDeploymentTest" classname="Tests.Unit.Deployment.DevelopmentDeploymentTest" assertions="1" time="0.293426"/>
        <testcase name="test_basic_functionality" file="C:\Users\Gaser\Desktop\COPRRA\tests\Unit\Deployment\DevelopmentDeploymentTest.php" line="10" class="Tests\Unit\Deployment\DevelopmentDeploymentTest" classname="Tests.Unit.Deployment.DevelopmentDeploymentTest" assertions="1" time="0.345580"/>
        <testcase name="test_validation" file="C:\Users\Gaser\Desktop\COPRRA\tests\Unit\Deployment\DevelopmentDeploymentTest.php" line="24" class="Tests\Unit\Deployment\DevelopmentDeploymentTest" classname="Tests.Unit.Deployment.DevelopmentDeploymentTest" assertions="1" time="0.336425"/>
      </testsuite>
      <testsuite name="Tests\Unit\DataAccuracy\DiscountCalculationTest" file="C:\Users\Gaser\Desktop\COPRRA\tests\Unit\DataAccuracy\DiscountCalculationTest.php" tests="3" assertions="3" errors="0" failures="0" skipped="0" time="0.000000">
        <testcase name="test_discount_expiration" file="C:\Users\Gaser\Desktop\COPRRA\tests\Unit\DataAccuracy\DiscountCalculationTest.php" line="38" class="Tests\Unit\DataAccuracy\DiscountCalculationTest" classname="Tests.Unit.DataAccuracy.DiscountCalculationTest" assertions="1" time="0.345924"/>
        <testcase name="test_fixed_amount_discount" file="C:\Users\Gaser\Desktop\COPRRA\tests\Unit\DataAccuracy\DiscountCalculationTest.php" line="26" class="Tests\Unit\DataAccuracy\DiscountCalculationTest" classname="Tests.Unit.DataAccuracy.DiscountCalculationTest" assertions="1" time="0.354566"/>
        <testcase name="test_percentage_discount" file="C:\Users\Gaser\Desktop\COPRRA\tests\Unit\DataAccuracy\DiscountCalculationTest.php" line="14" class="Tests\Unit\DataAccuracy\DiscountCalculationTest" classname="Tests.Unit.DataAccuracy.DiscountCalculationTest" assertions="1" time="0.323616"/>
      </testsuite>
      <testsuite name="Tests\Unit\DataAccuracy\CurrencyConversionTest" file="C:\Users\Gaser\Desktop\COPRRA\tests\Unit\DataAccuracy\CurrencyConversionTest.php" tests="6" assertions="6" errors="0" failures="0" skipped="0" time="0.000000">
        <testcase name="test_basic_conversion" file="C:\Users\Gaser\Desktop\COPRRA\tests\Unit\DataAccuracy\CurrencyConversionTest.php" line="14" class="Tests\Unit\DataAccuracy\CurrencyConversionTest" classname="Tests.Unit.DataAccuracy.CurrencyConversionTest" assertions="1" time="0.384384"/>
        <testcase name="test_basic_functionality" file="C:\Users\Gaser\Desktop\COPRRA\tests\Unit\DataAccuracy\CurrencyConversionTest.php" line="35" class="Tests\Unit\DataAccuracy\CurrencyConversionTest" classname="Tests.Unit.DataAccuracy.CurrencyConversionTest" assertions="1" time="0.370408"/>
        <testcase name="test_inverse_conversion" file="C:\Users\Gaser\Desktop\COPRRA\tests\Unit\DataAccuracy\CurrencyConversionTest.php" line="21" class="Tests\Unit\DataAccuracy\CurrencyConversionTest" classname="Tests.Unit.DataAccuracy.CurrencyConversionTest" assertions="1" time="0.319729"/>
        <testcase name="test_zero_value_handling" file="C:\Users\Gaser\Desktop\COPRRA\tests\Unit\DataAccuracy\CurrencyConversionTest.php" line="28" class="Tests\Unit\DataAccuracy\CurrencyConversionTest" classname="Tests.Unit.DataAccuracy.CurrencyConversionTest" assertions="1" time="0.291666"/>
        <testcase name="test_expected_behavior" file="C:\Users\Gaser\Desktop\COPRRA\tests\Unit\DataAccuracy\CurrencyConversionTest.php" line="42" class="Tests\Unit\DataAccuracy\CurrencyConversionTest" classname="Tests.Unit.DataAccuracy.CurrencyConversionTest" assertions="1" time="0.382333"/>
        <testcase name="test_validation" file="C:\Users\Gaser\Desktop\COPRRA\tests\Unit\DataAccuracy\CurrencyConversionTest.php" line="49" class="Tests\Unit\DataAccuracy\CurrencyConversionTest" classname="Tests.Unit.DataAccuracy.CurrencyConversionTest" assertions="1" time="0.316487"/>
      </testsuite>
      <testsuite name="Tests\Unit\DataAccuracy\TaxCalculationTest" file="C:\Users\Gaser\Desktop\COPRRA\tests\Unit\DataAccuracy\TaxCalculationTest.php" tests="3" assertions="3" errors="0" failures="0" skipped="0" time="0.000000">
        <testcase name="test_expected_behavior" file="C:\Users\Gaser\Desktop\COPRRA\tests\Unit\DataAccuracy\TaxCalculationTest.php" line="17" class="Tests\Unit\DataAccuracy\TaxCalculationTest" classname="Tests.Unit.DataAccuracy.TaxCalculationTest" assertions="1" time="0.312457"/>
        <testcase name="test_validation" file="C:\Users\Gaser\Desktop\COPRRA\tests\Unit\DataAccuracy\TaxCalculationTest.php" line="24" class="Tests\Unit\DataAccuracy\TaxCalculationTest" classname="Tests.Unit.DataAccuracy.TaxCalculationTest" assertions="1" time="0.336956"/>
        <testcase name="test_basic_functionality" file="C:\Users\Gaser\Desktop\COPRRA\tests\Unit\DataAccuracy\TaxCalculationTest.php" line="10" class="Tests\Unit\DataAccuracy\TaxCalculationTest" classname="Tests.Unit.DataAccuracy.TaxCalculationTest" assertions="1" time="0.336034"/>
      </testsuite>
      <testsuite name="Tests\Unit\Integration\StoreAPIIntegrationTest" file="C:\Users\Gaser\Desktop\COPRRA\tests\Unit\Integration\StoreAPIIntegrationTest.php" tests="3" assertions="3" errors="0" failures="0" skipped="0" time="0.000000">
        <testcase name="test_validation" file="C:\Users\Gaser\Desktop\COPRRA\tests\Unit\Integration\StoreAPIIntegrationTest.php" line="24" class="Tests\Unit\Integration\StoreAPIIntegrationTest" classname="Tests.Unit.Integration.StoreAPIIntegrationTest" assertions="1" time="0.339238"/>
        <testcase name="test_expected_behavior" file="C:\Users\Gaser\Desktop\COPRRA\tests\Unit\Integration\StoreAPIIntegrationTest.php" line="17" class="Tests\Unit\Integration\StoreAPIIntegrationTest" classname="Tests.Unit.Integration.StoreAPIIntegrationTest" assertions="1" time="0.304804"/>
        <testcase name="test_basic_functionality" file="C:\Users\Gaser\Desktop\COPRRA\tests\Unit\Integration\StoreAPIIntegrationTest.php" line="10" class="Tests\Unit\Integration\StoreAPIIntegrationTest" classname="Tests.Unit.Integration.StoreAPIIntegrationTest" assertions="1" time="0.311032"/>
      </testsuite>
      <testsuite name="Tests\Unit\Middleware\AdminMiddlewareTest" file="C:\Users\Gaser\Desktop\COPRRA\tests\Unit\Middleware\AdminMiddlewareTest.php" tests="3" assertions="3" errors="0" failures="0" skipped="0" time="0.000000">
        <testcase name="test_expected_behavior" file="C:\Users\Gaser\Desktop\COPRRA\tests\Unit\Middleware\AdminMiddlewareTest.php" line="17" class="Tests\Unit\Middleware\AdminMiddlewareTest" classname="Tests.Unit.Middleware.AdminMiddlewareTest" assertions="1" time="0.286564"/>
        <testcase name="test_validation" file="C:\Users\Gaser\Desktop\COPRRA\tests\Unit\Middleware\AdminMiddlewareTest.php" line="24" class="Tests\Unit\Middleware\AdminMiddlewareTest" classname="Tests.Unit.Middleware.AdminMiddlewareTest" assertions="1" time="0.321417"/>
        <testcase name="test_basic_functionality" file="C:\Users\Gaser\Desktop\COPRRA\tests\Unit\Middleware\AdminMiddlewareTest.php" line="10" class="Tests\Unit\Middleware\AdminMiddlewareTest" classname="Tests.Unit.Middleware.AdminMiddlewareTest" assertions="1" time="0.292324"/>
      </testsuite>
      <testsuite name="Tests\Unit\Controllers\OrderControllerTest" file="C:\Users\Gaser\Desktop\COPRRA\tests\Unit\Controllers\OrderControllerTest.php" tests="12" assertions="38" errors="0" failures="0" skipped="0" time="0.000000">
        <testcase name="test_cancel_returns_error_when_cancel_fails" file="C:\Users\Gaser\Desktop\COPRRA\tests\Unit\Controllers\OrderControllerTest.php" line="234" class="Tests\Unit\Controllers\OrderControllerTest" classname="Tests.Unit.Controllers.OrderControllerTest" assertions="3" time="0.336058"/>
        <testcase name="test_show_returns_order_with_loaded_relationships" file="C:\Users\Gaser\Desktop\COPRRA\tests\Unit\Controllers\OrderControllerTest.php" line="84" class="Tests\Unit\Controllers\OrderControllerTest" classname="Tests.Unit.Controllers.OrderControllerTest" assertions="3" time="0.292594"/>
        <testcase name="test_create_creates_order_and_awards_points_for_valid_request" file="C:\Users\Gaser\Desktop\COPRRA\tests\Unit\Controllers\OrderControllerTest.php" line="105" class="Tests\Unit\Controllers\OrderControllerTest" classname="Tests.Unit.Controllers.OrderControllerTest" assertions="3" time="0.332546"/>
        <testcase name="test_cancel_cancels_order_successfully" file="C:\Users\Gaser\Desktop\COPRRA\tests\Unit\Controllers\OrderControllerTest.php" line="210" class="Tests\Unit\Controllers\OrderControllerTest" classname="Tests.Unit.Controllers.OrderControllerTest" assertions="3" time="0.343799"/>
        <testcase name="test_cancel_returns_error_for_invalid_status" file="C:\Users\Gaser\Desktop\COPRRA\tests\Unit\Controllers\OrderControllerTest.php" line="297" class="Tests\Unit\Controllers\OrderControllerTest" classname="Tests.Unit.Controllers.OrderControllerTest" assertions="3" time="0.293567"/>
        <testcase name="test_show_throws_authorization_exception_when_not_authorized" file="C:\Users\Gaser\Desktop\COPRRA\tests\Unit\Controllers\OrderControllerTest.php" line="256" class="Tests\Unit\Controllers\OrderControllerTest" classname="Tests.Unit.Controllers.OrderControllerTest" assertions="3" time="0.295748"/>
        <testcase name="test_update_status_returns_error_for_invalid_transition" file="C:\Users\Gaser\Desktop\COPRRA\tests\Unit\Controllers\OrderControllerTest.php" line="272" class="Tests\Unit\Controllers\OrderControllerTest" classname="Tests.Unit.Controllers.OrderControllerTest" assertions="3" time="0.334865"/>
        <testcase name="test_create_returns_unauthorized_for_unauthenticated_user" file="C:\Users\Gaser\Desktop\COPRRA\tests\Unit\Controllers\OrderControllerTest.php" line="142" class="Tests\Unit\Controllers\OrderControllerTest" classname="Tests.Unit.Controllers.OrderControllerTest" assertions="3" time="0.337946"/>
        <testcase name="test_update_status_updates_status_and_sends_notification" file="C:\Users\Gaser\Desktop\COPRRA\tests\Unit\Controllers\OrderControllerTest.php" line="158" class="Tests\Unit\Controllers\OrderControllerTest" classname="Tests.Unit.Controllers.OrderControllerTest" assertions="4" time="0.312118"/>
        <testcase name="test_update_status_returns_error_when_update_fails" file="C:\Users\Gaser\Desktop\COPRRA\tests\Unit\Controllers\OrderControllerTest.php" line="187" class="Tests\Unit\Controllers\OrderControllerTest" classname="Tests.Unit.Controllers.OrderControllerTest" assertions="3" time="0.294854"/>
        <testcase name="test_index_returns_orders_for_authenticated_user" file="C:\Users\Gaser\Desktop\COPRRA\tests\Unit\Controllers\OrderControllerTest.php" line="49" class="Tests\Unit\Controllers\OrderControllerTest" classname="Tests.Unit.Controllers.OrderControllerTest" assertions="4" time="0.357354"/>
        <testcase name="test_index_returns_unauthorized_for_unauthenticated_user" file="C:\Users\Gaser\Desktop\COPRRA\tests\Unit\Controllers\OrderControllerTest.php" line="70" class="Tests\Unit\Controllers\OrderControllerTest" classname="Tests.Unit.Controllers.OrderControllerTest" assertions="3" time="0.334678"/>
      </testsuite>
      <testsuite name="Tests\Unit\Deployment\CloudDeploymentTest" file="C:\Users\Gaser\Desktop\COPRRA\tests\Unit\Deployment\CloudDeploymentTest.php" tests="3" assertions="3" errors="0" failures="0" skipped="0" time="0.000000">
        <testcase name="test_basic_functionality" file="C:\Users\Gaser\Desktop\COPRRA\tests\Unit\Deployment\CloudDeploymentTest.php" line="10" class="Tests\Unit\Deployment\CloudDeploymentTest" classname="Tests.Unit.Deployment.CloudDeploymentTest" assertions="1" time="0.290334"/>
        <testcase name="test_expected_behavior" file="C:\Users\Gaser\Desktop\COPRRA\tests\Unit\Deployment\CloudDeploymentTest.php" line="17" class="Tests\Unit\Deployment\CloudDeploymentTest" classname="Tests.Unit.Deployment.CloudDeploymentTest" assertions="1" time="0.301131"/>
        <testcase name="test_validation" file="C:\Users\Gaser\Desktop\COPRRA\tests\Unit\Deployment\CloudDeploymentTest.php" line="24" class="Tests\Unit\Deployment\CloudDeploymentTest" classname="Tests.Unit.Deployment.CloudDeploymentTest" assertions="1" time="0.343854"/>
      </testsuite>
      <testsuite name="Tests\Unit\IsolatedStrictTest" file="C:\Users\Gaser\Desktop\COPRRA\tests\Unit\IsolatedStrictTest.php" tests="3" assertions="3" errors="0" failures="0" skipped="0" time="0.000000">
        <testcase name="test_expected_behavior" file="C:\Users\Gaser\Desktop\COPRRA\tests\Unit\IsolatedStrictTest.php" line="17" class="Tests\Unit\IsolatedStrictTest" classname="Tests.Unit.IsolatedStrictTest" assertions="1" time="0.344144"/>
        <testcase name="test_validation" file="C:\Users\Gaser\Desktop\COPRRA\tests\Unit\IsolatedStrictTest.php" line="24" class="Tests\Unit\IsolatedStrictTest" classname="Tests.Unit.IsolatedStrictTest" assertions="1" time="0.340728"/>
        <testcase name="test_basic_functionality" file="C:\Users\Gaser\Desktop\COPRRA\tests\Unit\IsolatedStrictTest.php" line="10" class="Tests\Unit\IsolatedStrictTest" classname="Tests.Unit.IsolatedStrictTest" assertions="1" time="0.377317"/>
      </testsuite>
      <testsuite name="Tests\Unit\ProcessIsolationTest" file="C:\Users\Gaser\Desktop\COPRRA\tests\Unit\ProcessIsolationTest.php" tests="3" assertions="3" errors="0" failures="0" skipped="0" time="0.000000">
        <testcase name="test_validation" file="C:\Users\Gaser\Desktop\COPRRA\tests\Unit\ProcessIsolationTest.php" line="24" class="Tests\Unit\ProcessIsolationTest" classname="Tests.Unit.ProcessIsolationTest" assertions="1" time="0.296891"/>
        <testcase name="test_expected_behavior" file="C:\Users\Gaser\Desktop\COPRRA\tests\Unit\ProcessIsolationTest.php" line="17" class="Tests\Unit\ProcessIsolationTest" classname="Tests.Unit.ProcessIsolationTest" assertions="1" time="0.386331"/>
        <testcase name="test_basic_functionality" file="C:\Users\Gaser\Desktop\COPRRA\tests\Unit\ProcessIsolationTest.php" line="10" class="Tests\Unit\ProcessIsolationTest" classname="Tests.Unit.ProcessIsolationTest" assertions="1" time="0.371288"/>
      </testsuite>
      <testsuite name="Tests\Unit\Recommendations\CategoryRecommendationTest" file="C:\Users\Gaser\Desktop\COPRRA\tests\Unit\Recommendations\CategoryRecommendationTest.php" tests="10" assertions="31" errors="0" failures="0" skipped="0" time="0.000000">
        <testcase name="it_recommends_related_categories" file="C:\Users\Gaser\Desktop\COPRRA\tests\Unit\Recommendations\CategoryRecommendationTest.php" line="46" class="Tests\Unit\Recommendations\CategoryRecommendationTest" classname="Tests.Unit.Recommendations.CategoryRecommendationTest" assertions="3" time="0.000486"/>
        <testcase name="it_recommends_categories_based_on_user_history" file="C:\Users\Gaser\Desktop\COPRRA\tests\Unit\Recommendations\CategoryRecommendationTest.php" line="11" class="Tests\Unit\Recommendations\CategoryRecommendationTest" classname="Tests.Unit.Recommendations.CategoryRecommendationTest" assertions="3" time="0.000359"/>
        <testcase name="it_recommends_popular_categories" file="C:\Users\Gaser\Desktop\COPRRA\tests\Unit\Recommendations\CategoryRecommendationTest.php" line="27" class="Tests\Unit\Recommendations\CategoryRecommendationTest" classname="Tests.Unit.Recommendations.CategoryRecommendationTest" assertions="4" time="0.000340"/>
        <testcase name="it_handles_empty_category_data" file="C:\Users\Gaser\Desktop\COPRRA\tests\Unit\Recommendations\CategoryRecommendationTest.php" line="137" class="Tests\Unit\Recommendations\CategoryRecommendationTest" classname="Tests.Unit.Recommendations.CategoryRecommendationTest" assertions="1" time="0.000299"/>
        <testcase name="it_recommends_categories_based_on_demographics" file="C:\Users\Gaser\Desktop\COPRRA\tests\Unit\Recommendations\CategoryRecommendationTest.php" line="81" class="Tests\Unit\Recommendations\CategoryRecommendationTest" classname="Tests.Unit.Recommendations.CategoryRecommendationTest" assertions="2" time="0.000303"/>
        <testcase name="it_ranks_categories_by_relevance_score" file="C:\Users\Gaser\Desktop\COPRRA\tests\Unit\Recommendations\CategoryRecommendationTest.php" line="115" class="Tests\Unit\Recommendations\CategoryRecommendationTest" classname="Tests.Unit.Recommendations.CategoryRecommendationTest" assertions="8" time="0.000306"/>
        <testcase name="it_recommends_trending_categories" file="C:\Users\Gaser\Desktop\COPRRA\tests\Unit\Recommendations\CategoryRecommendationTest.php" line="161" class="Tests\Unit\Recommendations\CategoryRecommendationTest" classname="Tests.Unit.Recommendations.CategoryRecommendationTest" assertions="3" time="0.000302"/>
        <testcase name="it_handles_seasonal_category_recommendations" file="C:\Users\Gaser\Desktop\COPRRA\tests\Unit\Recommendations\CategoryRecommendationTest.php" line="63" class="Tests\Unit\Recommendations\CategoryRecommendationTest" classname="Tests.Unit.Recommendations.CategoryRecommendationTest" assertions="3" time="0.000293"/>
        <testcase name="it_calculates_category_affinity_score" file="C:\Users\Gaser\Desktop\COPRRA\tests\Unit\Recommendations\CategoryRecommendationTest.php" line="146" class="Tests\Unit\Recommendations\CategoryRecommendationTest" classname="Tests.Unit.Recommendations.CategoryRecommendationTest" assertions="1" time="0.000349"/>
        <testcase name="it_filters_categories_by_availability" file="C:\Users\Gaser\Desktop\COPRRA\tests\Unit\Recommendations\CategoryRecommendationTest.php" line="102" class="Tests\Unit\Recommendations\CategoryRecommendationTest" classname="Tests.Unit.Recommendations.CategoryRecommendationTest" assertions="3" time="0.000296"/>
      </testsuite>
      <testsuite name="Tests\Unit\Models\PaymentMethodTest" file="C:\Users\Gaser\Desktop\COPRRA\tests\Unit\Models\PaymentMethodTest.php" tests="5" assertions="8" errors="0" failures="0" skipped="0" time="0.000000">
        <testcase name="test_fillable_attributes" file="C:\Users\Gaser\Desktop\COPRRA\tests\Unit\Models\PaymentMethodTest.php" line="22" class="Tests\Unit\Models\PaymentMethodTest" classname="Tests.Unit.Models.PaymentMethodTest" assertions="1" time="0.291990"/>
        <testcase name="test_scope_default" file="C:\Users\Gaser\Desktop\COPRRA\tests\Unit\Models\PaymentMethodTest.php" line="77" class="Tests\Unit\Models\PaymentMethodTest" classname="Tests.Unit.Models.PaymentMethodTest" assertions="2" time="0.285968"/>
        <testcase name="test_casts" file="C:\Users\Gaser\Desktop\COPRRA\tests\Unit\Models\PaymentMethodTest.php" line="39" class="Tests\Unit\Models\PaymentMethodTest" classname="Tests.Unit.Models.PaymentMethodTest" assertions="1" time="0.343034"/>
        <testcase name="test_scope_active" file="C:\Users\Gaser\Desktop\COPRRA\tests\Unit\Models\PaymentMethodTest.php" line="66" class="Tests\Unit\Models\PaymentMethodTest" classname="Tests.Unit.Models.PaymentMethodTest" assertions="2" time="0.318215"/>
        <testcase name="test_payments_relation" file="C:\Users\Gaser\Desktop\COPRRA\tests\Unit\Models\PaymentMethodTest.php" line="53" class="Tests\Unit\Models\PaymentMethodTest" classname="Tests.Unit.Models.PaymentMethodTest" assertions="2" time="0.305236"/>
      </testsuite>
      <testsuite name="Tests\Unit\Integration\SearchIntegrationTest" file="C:\Users\Gaser\Desktop\COPRRA\tests\Unit\Integration\SearchIntegrationTest.php" tests="3" assertions="3" errors="0" failures="0" skipped="0" time="0.000000">
        <testcase name="test_expected_behavior" file="C:\Users\Gaser\Desktop\COPRRA\tests\Unit\Integration\SearchIntegrationTest.php" line="17" class="Tests\Unit\Integration\SearchIntegrationTest" classname="Tests.Unit.Integration.SearchIntegrationTest" assertions="1" time="0.297964"/>
        <testcase name="test_validation" file="C:\Users\Gaser\Desktop\COPRRA\tests\Unit\Integration\SearchIntegrationTest.php" line="24" class="Tests\Unit\Integration\SearchIntegrationTest" classname="Tests.Unit.Integration.SearchIntegrationTest" assertions="1" time="0.319009"/>
        <testcase name="test_basic_functionality" file="C:\Users\Gaser\Desktop\COPRRA\tests\Unit\Integration\SearchIntegrationTest.php" line="10" class="Tests\Unit\Integration\SearchIntegrationTest" classname="Tests.Unit.Integration.SearchIntegrationTest" assertions="1" time="0.330941"/>
      </testsuite>
      <testsuite name="Tests\Unit\DataAccuracy\DataConsistencyTest" file="C:\Users\Gaser\Desktop\COPRRA\tests\Unit\DataAccuracy\DataConsistencyTest.php" tests="3" assertions="5" errors="0" failures="0" skipped="0" time="0.000000">
        <testcase name="test_order_items_product_reference" file="C:\Users\Gaser\Desktop\COPRRA\tests\Unit\DataAccuracy\DataConsistencyTest.php" line="43" class="Tests\Unit\DataAccuracy\DataConsistencyTest" classname="Tests.Unit.DataAccuracy.DataConsistencyTest" assertions="2" time="0.298679"/>
        <testcase name="test_order_total_matches_items_sum" file="C:\Users\Gaser\Desktop\COPRRA\tests\Unit\DataAccuracy\DataConsistencyTest.php" line="17" class="Tests\Unit\DataAccuracy\DataConsistencyTest" classname="Tests.Unit.DataAccuracy.DataConsistencyTest" assertions="1" time="0.311720"/>
        <testcase name="test_order_status_consistency" file="C:\Users\Gaser\Desktop\COPRRA\tests\Unit\DataAccuracy\DataConsistencyTest.php" line="58" class="Tests\Unit\DataAccuracy\DataConsistencyTest" classname="Tests.Unit.DataAccuracy.DataConsistencyTest" assertions="2" time="0.304917"/>
      </testsuite>
      <testsuite name="Tests\Unit\Recommendations\BrandRecommendationTest" file="C:\Users\Gaser\Desktop\COPRRA\tests\Unit\Recommendations\BrandRecommendationTest.php" tests="10" assertions="33" errors="0" failures="0" skipped="0" time="0.000000">
        <testcase name="it_handles_brand_availability_by_region" file="C:\Users\Gaser\Desktop\COPRRA\tests\Unit\Recommendations\BrandRecommendationTest.php" line="110" class="Tests\Unit\Recommendations\BrandRecommendationTest" classname="Tests.Unit.Recommendations.BrandRecommendationTest" assertions="4" time="0.000343"/>
        <testcase name="it_handles_brand_recommendation_weights" file="C:\Users\Gaser\Desktop\COPRRA\tests\Unit\Recommendations\BrandRecommendationTest.php" line="178" class="Tests\Unit\Recommendations\BrandRecommendationTest" classname="Tests.Unit.Recommendations.BrandRecommendationTest" assertions="4" time="0.000329"/>
        <testcase name="it_recommends_popular_brands_in_category" file="C:\Users\Gaser\Desktop\COPRRA\tests\Unit\Recommendations\BrandRecommendationTest.php" line="29" class="Tests\Unit\Recommendations\BrandRecommendationTest" classname="Tests.Unit.Recommendations.BrandRecommendationTest" assertions="3" time="0.000396"/>
        <testcase name="it_recommends_brands_based_on_user_purchase_history" file="C:\Users\Gaser\Desktop\COPRRA\tests\Unit\Recommendations\BrandRecommendationTest.php" line="129" class="Tests\Unit\Recommendations\BrandRecommendationTest" classname="Tests.Unit.Recommendations.BrandRecommendationTest" assertions="3" time="0.000392"/>
        <testcase name="it_recommends_trending_brands" file="C:\Users\Gaser\Desktop\COPRRA\tests\Unit\Recommendations\BrandRecommendationTest.php" line="161" class="Tests\Unit\Recommendations\BrandRecommendationTest" classname="Tests.Unit.Recommendations.BrandRecommendationTest" assertions="3" time="0.000349"/>
        <testcase name="it_calculates_brand_loyalty_score" file="C:\Users\Gaser\Desktop\COPRRA\tests\Unit\Recommendations\BrandRecommendationTest.php" line="146" class="Tests\Unit\Recommendations\BrandRecommendationTest" classname="Tests.Unit.Recommendations.BrandRecommendationTest" assertions="1" time="0.000315"/>
        <testcase name="it_recommends_brands_based_on_price_range" file="C:\Users\Gaser\Desktop\COPRRA\tests\Unit\Recommendations\BrandRecommendationTest.php" line="71" class="Tests\Unit\Recommendations\BrandRecommendationTest" classname="Tests.Unit.Recommendations.BrandRecommendationTest" assertions="3" time="0.000301"/>
        <testcase name="it_recommends_brands_based_on_user_preferences" file="C:\Users\Gaser\Desktop\COPRRA\tests\Unit\Recommendations\BrandRecommendationTest.php" line="11" class="Tests\Unit\Recommendations\BrandRecommendationTest" classname="Tests.Unit.Recommendations.BrandRecommendationTest" assertions="4" time="0.000312"/>
        <testcase name="it_recommends_brands_based_on_quality_rating" file="C:\Users\Gaser\Desktop\COPRRA\tests\Unit\Recommendations\BrandRecommendationTest.php" line="89" class="Tests\Unit\Recommendations\BrandRecommendationTest" classname="Tests.Unit.Recommendations.BrandRecommendationTest" assertions="5" time="0.000312"/>
        <testcase name="it_recommends_similar_brands" file="C:\Users\Gaser\Desktop\COPRRA\tests\Unit\Recommendations\BrandRecommendationTest.php" line="54" class="Tests\Unit\Recommendations\BrandRecommendationTest" classname="Tests.Unit.Recommendations.BrandRecommendationTest" assertions="3" time="0.000304"/>
      </testsuite>
      <testsuite name="Tests\Unit\Services\BehaviorAnalysisServiceTest" file="C:\Users\Gaser\Desktop\COPRRA\tests\Unit\Services\BehaviorAnalysisServiceTest.php" tests="3" assertions="3" errors="0" failures="0" skipped="0" time="0.000000">
        <testcase name="test_get_user_analytics_returns_cached_data" file="C:\Users\Gaser\Desktop\COPRRA\tests\Unit\Services\BehaviorAnalysisServiceTest.php" line="52" class="Tests\Unit\Services\BehaviorAnalysisServiceTest" classname="Tests.Unit.Services.BehaviorAnalysisServiceTest" assertions="1" time="0.322868"/>
        <testcase name="test_get_site_analytics_returns_cached_data" file="C:\Users\Gaser\Desktop\COPRRA\tests\Unit\Services\BehaviorAnalysisServiceTest.php" line="74" class="Tests\Unit\Services\BehaviorAnalysisServiceTest" classname="Tests.Unit.Services.BehaviorAnalysisServiceTest" assertions="1" time="0.287795"/>
        <testcase name="test_track_user_behavior_inserts_into_database" file="C:\Users\Gaser\Desktop\COPRRA\tests\Unit\Services\BehaviorAnalysisServiceTest.php" line="21" class="Tests\Unit\Services\BehaviorAnalysisServiceTest" classname="Tests.Unit.Services.BehaviorAnalysisServiceTest" assertions="1" time="0.316009"/>
      </testsuite>
      <testsuite name="Tests\Unit\Services\PointsServiceTest" file="C:\Users\Gaser\Desktop\COPRRA\tests\Unit\Services\PointsServiceTest.php" tests="6" assertions="11" errors="0" failures="0" skipped="0" time="0.000000">
        <testcase name="test_get_available_points_returns_sum" file="C:\Users\Gaser\Desktop\COPRRA\tests\Unit\Services\PointsServiceTest.php" line="42" class="Tests\Unit\Services\PointsServiceTest" classname="Tests.Unit.Services.PointsServiceTest" assertions="1" time="0.059997"/>
        <testcase name="test_get_points_history_returns_paginated" file="C:\Users\Gaser\Desktop\COPRRA\tests\Unit\Services\PointsServiceTest.php" line="97" class="Tests\Unit\Services\PointsServiceTest" classname="Tests.Unit.Services.PointsServiceTest" assertions="1" time="0.057070"/>
        <testcase name="test_award_purchase_points_adds_points" file="C:\Users\Gaser\Desktop\COPRRA\tests\Unit\Services\PointsServiceTest.php" line="84" class="Tests\Unit\Services\PointsServiceTest" classname="Tests.Unit.Services.PointsServiceTest" assertions="1" time="0.097466"/>
        <testcase name="test_redeem_points_fails_with_insufficient_points" file="C:\Users\Gaser\Desktop\COPRRA\tests\Unit\Services\PointsServiceTest.php" line="70" class="Tests\Unit\Services\PointsServiceTest" classname="Tests.Unit.Services.PointsServiceTest" assertions="2" time="0.056344"/>
        <testcase name="test_redeem_points_succeeds_with_sufficient_points" file="C:\Users\Gaser\Desktop\COPRRA\tests\Unit\Services\PointsServiceTest.php" line="56" class="Tests\Unit\Services\PointsServiceTest" classname="Tests.Unit.Services.PointsServiceTest" assertions="2" time="0.056604"/>
        <testcase name="test_add_points_creates_user_point" file="C:\Users\Gaser\Desktop\COPRRA\tests\Unit\Services\PointsServiceTest.php" line="24" class="Tests\Unit\Services\PointsServiceTest" classname="Tests.Unit.Services.PointsServiceTest" assertions="4" time="0.056151"/>
      </testsuite>
      <testsuite name="Tests\Unit\Recommendations\CollaborativeFilteringTest" file="C:\Users\Gaser\Desktop\COPRRA\tests\Unit\Recommendations\CollaborativeFilteringTest.php" tests="10" assertions="25" errors="0" failures="0" skipped="0" time="0.000000">
        <testcase name="it_handles_sparse_data" file="C:\Users\Gaser\Desktop\COPRRA\tests\Unit\Recommendations\CollaborativeFilteringTest.php" line="119" class="Tests\Unit\Recommendations\CollaborativeFilteringTest" classname="Tests.Unit.Recommendations.CollaborativeFilteringTest" assertions="1" time="0.000474"/>
        <testcase name="it_handles_cold_start_problem" file="C:\Users\Gaser\Desktop\COPRRA\tests\Unit\Recommendations\CollaborativeFilteringTest.php" line="59" class="Tests\Unit\Recommendations\CollaborativeFilteringTest" classname="Tests.Unit.Recommendations.CollaborativeFilteringTest" assertions="4" time="0.000371"/>
        <testcase name="it_calculates_confidence_scores" file="C:\Users\Gaser\Desktop\COPRRA\tests\Unit\Recommendations\CollaborativeFilteringTest.php" line="137" class="Tests\Unit\Recommendations\CollaborativeFilteringTest" classname="Tests.Unit.Recommendations.CollaborativeFilteringTest" assertions="3" time="0.000354"/>
        <testcase name="it_calculates_item_based_similarity" file="C:\Users\Gaser\Desktop\COPRRA\tests\Unit\Recommendations\CollaborativeFilteringTest.php" line="105" class="Tests\Unit\Recommendations\CollaborativeFilteringTest" classname="Tests.Unit.Recommendations.CollaborativeFilteringTest" assertions="1" time="0.000367"/>
        <testcase name="it_finds_similar_users" file="C:\Users\Gaser\Desktop\COPRRA\tests\Unit\Recommendations\CollaborativeFilteringTest.php" line="11" class="Tests\Unit\Recommendations\CollaborativeFilteringTest" classname="Tests.Unit.Recommendations.CollaborativeFilteringTest" assertions="3" time="0.000299"/>
        <testcase name="it_predicts_ratings_for_items" file="C:\Users\Gaser\Desktop\COPRRA\tests\Unit\Recommendations\CollaborativeFilteringTest.php" line="40" class="Tests\Unit\Recommendations\CollaborativeFilteringTest" classname="Tests.Unit.Recommendations.CollaborativeFilteringTest" assertions="3" time="0.000355"/>
        <testcase name="it_filters_items_by_user_preferences" file="C:\Users\Gaser\Desktop\COPRRA\tests\Unit\Recommendations\CollaborativeFilteringTest.php" line="89" class="Tests\Unit\Recommendations\CollaborativeFilteringTest" classname="Tests.Unit.Recommendations.CollaborativeFilteringTest" assertions="5" time="0.000298"/>
        <testcase name="it_calculates_pearson_correlation" file="C:\Users\Gaser\Desktop\COPRRA\tests\Unit\Recommendations\CollaborativeFilteringTest.php" line="78" class="Tests\Unit\Recommendations\CollaborativeFilteringTest" classname="Tests.Unit.Recommendations.CollaborativeFilteringTest" assertions="1" time="0.000295"/>
        <testcase name="it_handles_matrix_factorization" file="C:\Users\Gaser\Desktop\COPRRA\tests\Unit\Recommendations\CollaborativeFilteringTest.php" line="156" class="Tests\Unit\Recommendations\CollaborativeFilteringTest" classname="Tests.Unit.Recommendations.CollaborativeFilteringTest" assertions="3" time="0.000329"/>
        <testcase name="it_calculates_cosine_similarity" file="C:\Users\Gaser\Desktop\COPRRA\tests\Unit\Recommendations\CollaborativeFilteringTest.php" line="29" class="Tests\Unit\Recommendations\CollaborativeFilteringTest" classname="Tests.Unit.Recommendations.CollaborativeFilteringTest" assertions="1" time="0.000296"/>
      </testsuite>
      <testsuite name="Tests\Unit\Models\UserTest" file="C:\Users\Gaser\Desktop\COPRRA\tests\Unit\Models\UserTest.php" tests="14" assertions="18" errors="0" failures="0" skipped="0" time="0.000000">
        <testcase name="test_is_ban_expired_returns_false_when_not_blocked" file="C:\Users\Gaser\Desktop\COPRRA\tests\Unit\Models\UserTest.php" line="87" class="Tests\Unit\Models\UserTest" classname="Tests.Unit.Models.UserTest" assertions="1" time="0.290710"/>
        <testcase name="test_is_banned_returns_false_when_is_blocked_is_false" file="C:\Users\Gaser\Desktop\COPRRA\tests\Unit\Models\UserTest.php" line="67" class="Tests\Unit\Models\UserTest" classname="Tests.Unit.Models.UserTest" assertions="1" time="0.348641"/>
        <testcase name="test_price_alerts_relation" file="C:\Users\Gaser\Desktop\COPRRA\tests\Unit\Models\UserTest.php" line="159" class="Tests\Unit\Models\UserTest" classname="Tests.Unit.Models.UserTest" assertions="2" time="0.352576"/>
        <testcase name="test_is_banned_returns_false_when_is_blocked_is_null" file="C:\Users\Gaser\Desktop\COPRRA\tests\Unit\Models\UserTest.php" line="77" class="Tests\Unit\Models\UserTest" classname="Tests.Unit.Models.UserTest" assertions="1" time="0.330243"/>
        <testcase name="test_is_admin_returns_true_when_is_admin_is_true" file="C:\Users\Gaser\Desktop\COPRRA\tests\Unit\Models\UserTest.php" line="27" class="Tests\Unit\Models\UserTest" classname="Tests.Unit.Models.UserTest" assertions="1" time="0.297520"/>
        <testcase name="test_locale_setting_relation" file="C:\Users\Gaser\Desktop\COPRRA\tests\Unit\Models\UserTest.php" line="172" class="Tests\Unit\Models\UserTest" classname="Tests.Unit.Models.UserTest" assertions="2" time="0.302973"/>
        <testcase name="test_is_banned_returns_true_when_is_blocked_is_true" file="C:\Users\Gaser\Desktop\COPRRA\tests\Unit\Models\UserTest.php" line="57" class="Tests\Unit\Models\UserTest" classname="Tests.Unit.Models.UserTest" assertions="1" time="0.333816"/>
        <testcase name="test_is_ban_expired_returns_false_when_ban_not_expired" file="C:\Users\Gaser\Desktop\COPRRA\tests\Unit\Models\UserTest.php" line="97" class="Tests\Unit\Models\UserTest" classname="Tests.Unit.Models.UserTest" assertions="1" time="0.289506"/>
        <testcase name="test_reviews_relation" file="C:\Users\Gaser\Desktop\COPRRA\tests\Unit\Models\UserTest.php" line="133" class="Tests\Unit\Models\UserTest" classname="Tests.Unit.Models.UserTest" assertions="2" time="0.315870"/>
        <testcase name="test_is_ban_expired_returns_true_when_ban_expired" file="C:\Users\Gaser\Desktop\COPRRA\tests\Unit\Models\UserTest.php" line="110" class="Tests\Unit\Models\UserTest" classname="Tests.Unit.Models.UserTest" assertions="1" time="0.293494"/>
        <testcase name="test_is_admin_returns_false_when_is_admin_is_null" file="C:\Users\Gaser\Desktop\COPRRA\tests\Unit\Models\UserTest.php" line="47" class="Tests\Unit\Models\UserTest" classname="Tests.Unit.Models.UserTest" assertions="1" time="0.291947"/>
        <testcase name="test_is_admin_returns_false_when_is_admin_is_false" file="C:\Users\Gaser\Desktop\COPRRA\tests\Unit\Models\UserTest.php" line="37" class="Tests\Unit\Models\UserTest" classname="Tests.Unit.Models.UserTest" assertions="1" time="0.334981"/>
        <testcase name="test_is_ban_expired_returns_false_when_ban_expires_at_is_null" file="C:\Users\Gaser\Desktop\COPRRA\tests\Unit\Models\UserTest.php" line="123" class="Tests\Unit\Models\UserTest" classname="Tests.Unit.Models.UserTest" assertions="1" time="0.339795"/>
        <testcase name="test_wishlists_relation" file="C:\Users\Gaser\Desktop\COPRRA\tests\Unit\Models\UserTest.php" line="146" class="Tests\Unit\Models\UserTest" classname="Tests.Unit.Models.UserTest" assertions="2" time="0.316592"/>
      </testsuite>
      <testsuite name="Tests\Unit\MockeryDebugTest" file="C:\Users\Gaser\Desktop\COPRRA\tests\Unit\MockeryDebugTest.php" tests="3" assertions="3" errors="0" failures="0" skipped="0" time="0.000000">
        <testcase name="test_expected_behavior" file="C:\Users\Gaser\Desktop\COPRRA\tests\Unit\MockeryDebugTest.php" line="17" class="Tests\Unit\MockeryDebugTest" classname="Tests.Unit.MockeryDebugTest" assertions="1" time="0.303732"/>
        <testcase name="test_validation" file="C:\Users\Gaser\Desktop\COPRRA\tests\Unit\MockeryDebugTest.php" line="24" class="Tests\Unit\MockeryDebugTest" classname="Tests.Unit.MockeryDebugTest" assertions="1" time="0.419973"/>
        <testcase name="test_basic_functionality" file="C:\Users\Gaser\Desktop\COPRRA\tests\Unit\MockeryDebugTest.php" line="10" class="Tests\Unit\MockeryDebugTest" classname="Tests.Unit.MockeryDebugTest" assertions="1" time="0.299076"/>
      </testsuite>
      <testsuite name="Tests\Unit\SimpleMockeryTest" file="C:\Users\Gaser\Desktop\COPRRA\tests\Unit\SimpleMockeryTest.php" tests="3" assertions="4" errors="0" failures="0" skipped="0" time="0.000000">
        <testcase name="test_mock_expected_behavior_with_parameters" file="C:\Users\Gaser\Desktop\COPRRA\tests\Unit\SimpleMockeryTest.php" line="31" class="Tests\Unit\SimpleMockeryTest" classname="Tests.Unit.SimpleMockeryTest" assertions="1" time="0.346202"/>
        <testcase name="test_mock_basic_functionality" file="C:\Users\Gaser\Desktop\COPRRA\tests\Unit\SimpleMockeryTest.php" line="17" class="Tests\Unit\SimpleMockeryTest" classname="Tests.Unit.SimpleMockeryTest" assertions="1" time="0.320636"/>
        <testcase name="test_mock_validation_throws_exception" file="C:\Users\Gaser\Desktop\COPRRA\tests\Unit\SimpleMockeryTest.php" line="47" class="Tests\Unit\SimpleMockeryTest" classname="Tests.Unit.SimpleMockeryTest" assertions="2" time="0.310606"/>
      </testsuite>
      <testsuite name="Tests\Unit\DataQuality\DataTimelinessTest" file="C:\Users\Gaser\Desktop\COPRRA\tests\Unit\DataQuality\DataTimelinessTest.php" tests="3" assertions="3" errors="0" failures="0" skipped="0" time="0.000000">
        <testcase name="test_basic_functionality" file="C:\Users\Gaser\Desktop\COPRRA\tests\Unit\DataQuality\DataTimelinessTest.php" line="10" class="Tests\Unit\DataQuality\DataTimelinessTest" classname="Tests.Unit.DataQuality.DataTimelinessTest" assertions="1" time="0.341705"/>
        <testcase name="test_validation" file="C:\Users\Gaser\Desktop\COPRRA\tests\Unit\DataQuality\DataTimelinessTest.php" line="24" class="Tests\Unit\DataQuality\DataTimelinessTest" classname="Tests.Unit.DataQuality.DataTimelinessTest" assertions="1" time="0.310087"/>
        <testcase name="test_expected_behavior" file="C:\Users\Gaser\Desktop\COPRRA\tests\Unit\DataQuality\DataTimelinessTest.php" line="17" class="Tests\Unit\DataQuality\DataTimelinessTest" classname="Tests.Unit.DataQuality.DataTimelinessTest" assertions="1" time="0.303202"/>
      </testsuite>
      <testsuite name="Tests\Unit\COPRRA\CoprraServiceProviderTest" file="C:\Users\Gaser\Desktop\COPRRA\tests\Unit\COPRRA\CoprraServiceProviderTest.php" tests="25" assertions="69" errors="0" failures="0" skipped="0" time="0.000000">
        <testcase name="test_it_validates_api_rate_limit_is_numeric" file="C:\Users\Gaser\Desktop\COPRRA\tests\Unit\COPRRA\CoprraServiceProviderTest.php" line="266" class="Tests\Unit\COPRRA\CoprraServiceProviderTest" classname="Tests.Unit.COPRRA.CoprraServiceProviderTest" assertions="2" time="0.291914"/>
        <testcase name="test_it_has_exchange_rates_configuration" file="C:\Users\Gaser\Desktop\COPRRA\tests\Unit\COPRRA\CoprraServiceProviderTest.php" line="87" class="Tests\Unit\COPRRA\CoprraServiceProviderTest" classname="Tests.Unit.COPRRA.CoprraServiceProviderTest" assertions="5" time="0.323897"/>
        <testcase name="test_it_registers_rtl_blade_directive" file="C:\Users\Gaser\Desktop\COPRRA\tests\Unit\COPRRA\CoprraServiceProviderTest.php" line="194" class="Tests\Unit\COPRRA\CoprraServiceProviderTest" classname="Tests.Unit.COPRRA.CoprraServiceProviderTest" assertions="2" time="0.320781"/>
        <testcase name="test_it_has_search_settings" file="C:\Users\Gaser\Desktop\COPRRA\tests\Unit\COPRRA\CoprraServiceProviderTest.php" line="77" class="Tests\Unit\COPRRA\CoprraServiceProviderTest" classname="Tests.Unit.COPRRA.CoprraServiceProviderTest" assertions="4" time="0.292409"/>
        <testcase name="test_it_has_pagination_settings" file="C:\Users\Gaser\Desktop\COPRRA\tests\Unit\COPRRA\CoprraServiceProviderTest.php" line="98" class="Tests\Unit\COPRRA\CoprraServiceProviderTest" classname="Tests.Unit.COPRRA.CoprraServiceProviderTest" assertions="4" time="0.288440"/>
        <testcase name="test_it_shares_coprra_name_with_views" file="C:\Users\Gaser\Desktop\COPRRA\tests\Unit\COPRRA\CoprraServiceProviderTest.php" line="158" class="Tests\Unit\COPRRA\CoprraServiceProviderTest" classname="Tests.Unit.COPRRA.CoprraServiceProviderTest" assertions="1" time="0.292241"/>
        <testcase name="test_it_has_coprra_name_configuration" file="C:\Users\Gaser\Desktop\COPRRA\tests\Unit\COPRRA\CoprraServiceProviderTest.php" line="31" class="Tests\Unit\COPRRA\CoprraServiceProviderTest" classname="Tests.Unit.COPRRA.CoprraServiceProviderTest" assertions="3" time="0.343469"/>
        <testcase name="test_it_validates_search_max_results_is_numeric" file="C:\Users\Gaser\Desktop\COPRRA\tests\Unit\COPRRA\CoprraServiceProviderTest.php" line="258" class="Tests\Unit\COPRRA\CoprraServiceProviderTest" classname="Tests.Unit.COPRRA.CoprraServiceProviderTest" assertions="2" time="0.288085"/>
        <testcase name="test_it_has_media_settings" file="C:\Users\Gaser\Desktop\COPRRA\tests\Unit\COPRRA\CoprraServiceProviderTest.php" line="118" class="Tests\Unit\COPRRA\CoprraServiceProviderTest" classname="Tests.Unit.COPRRA.CoprraServiceProviderTest" assertions="5" time="0.287706"/>
        <testcase name="test_it_registers_coprra_configuration" file="C:\Users\Gaser\Desktop\COPRRA\tests\Unit\COPRRA\CoprraServiceProviderTest.php" line="25" class="Tests\Unit\COPRRA\CoprraServiceProviderTest" classname="Tests.Unit.COPRRA.CoprraServiceProviderTest" assertions="2" time="0.312750"/>
        <testcase name="test_it_has_security_settings" file="C:\Users\Gaser\Desktop\COPRRA\tests\Unit\COPRRA\CoprraServiceProviderTest.php" line="138" class="Tests\Unit\COPRRA\CoprraServiceProviderTest" classname="Tests.Unit.COPRRA.CoprraServiceProviderTest" assertions="4" time="0.326727"/>
        <testcase name="test_it_has_price_comparison_settings" file="C:\Users\Gaser\Desktop\COPRRA\tests\Unit\COPRRA\CoprraServiceProviderTest.php" line="67" class="Tests\Unit\COPRRA\CoprraServiceProviderTest" classname="Tests.Unit.COPRRA.CoprraServiceProviderTest" assertions="4" time="0.304671"/>
        <testcase name="test_it_has_analytics_settings" file="C:\Users\Gaser\Desktop\COPRRA\tests\Unit\COPRRA\CoprraServiceProviderTest.php" line="129" class="Tests\Unit\COPRRA\CoprraServiceProviderTest" classname="Tests.Unit.COPRRA.CoprraServiceProviderTest" assertions="3" time="0.328345"/>
        <testcase name="test_it_registers_pricecompare_blade_directive" file="C:\Users\Gaser\Desktop\COPRRA\tests\Unit\COPRRA\CoprraServiceProviderTest.php" line="186" class="Tests\Unit\COPRRA\CoprraServiceProviderTest" classname="Tests.Unit.COPRRA.CoprraServiceProviderTest" assertions="2" time="0.307729"/>
        <testcase name="test_it_has_performance_settings" file="C:\Users\Gaser\Desktop\COPRRA\tests\Unit\COPRRA\CoprraServiceProviderTest.php" line="148" class="Tests\Unit\COPRRA\CoprraServiceProviderTest" classname="Tests.Unit.COPRRA.CoprraServiceProviderTest" assertions="4" time="0.288123"/>
        <testcase name="test_it_has_coprra_version_configuration" file="C:\Users\Gaser\Desktop\COPRRA\tests\Unit\COPRRA\CoprraServiceProviderTest.php" line="40" class="Tests\Unit\COPRRA\CoprraServiceProviderTest" classname="Tests.Unit.COPRRA.CoprraServiceProviderTest" assertions="3" time="0.331939"/>
        <testcase name="test_it_has_api_configuration" file="C:\Users\Gaser\Desktop\COPRRA\tests\Unit\COPRRA\CoprraServiceProviderTest.php" line="108" class="Tests\Unit\COPRRA\CoprraServiceProviderTest" classname="Tests.Unit.COPRRA.CoprraServiceProviderTest" assertions="4" time="0.316539"/>
        <testcase name="test_it_shares_coprra_version_with_views" file="C:\Users\Gaser\Desktop\COPRRA\tests\Unit\COPRRA\CoprraServiceProviderTest.php" line="163" class="Tests\Unit\COPRRA\CoprraServiceProviderTest" classname="Tests.Unit.COPRRA.CoprraServiceProviderTest" assertions="1" time="0.301360"/>
        <testcase name="test_it_validates_price_cache_duration_is_numeric" file="C:\Users\Gaser\Desktop\COPRRA\tests\Unit\COPRRA\CoprraServiceProviderTest.php" line="242" class="Tests\Unit\COPRRA\CoprraServiceProviderTest" classname="Tests.Unit.COPRRA.CoprraServiceProviderTest" assertions="2" time="0.287423"/>
        <testcase name="test_it_registers_currency_blade_directive" file="C:\Users\Gaser\Desktop\COPRRA\tests\Unit\COPRRA\CoprraServiceProviderTest.php" line="178" class="Tests\Unit\COPRRA\CoprraServiceProviderTest" classname="Tests.Unit.COPRRA.CoprraServiceProviderTest" assertions="2" time="0.287772"/>
        <testcase name="test_it_has_default_currency_configuration" file="C:\Users\Gaser\Desktop\COPRRA\tests\Unit\COPRRA\CoprraServiceProviderTest.php" line="49" class="Tests\Unit\COPRRA\CoprraServiceProviderTest" classname="Tests.Unit.COPRRA.CoprraServiceProviderTest" assertions="3" time="0.348952"/>
        <testcase name="test_it_shares_default_language_with_views" file="C:\Users\Gaser\Desktop\COPRRA\tests\Unit\COPRRA\CoprraServiceProviderTest.php" line="173" class="Tests\Unit\COPRRA\CoprraServiceProviderTest" classname="Tests.Unit.COPRRA.CoprraServiceProviderTest" assertions="1" time="0.340166"/>
        <testcase name="test_it_has_default_language_configuration" file="C:\Users\Gaser\Desktop\COPRRA\tests\Unit\COPRRA\CoprraServiceProviderTest.php" line="58" class="Tests\Unit\COPRRA\CoprraServiceProviderTest" classname="Tests.Unit.COPRRA.CoprraServiceProviderTest" assertions="3" time="0.294071"/>
        <testcase name="test_it_shares_default_currency_with_views" file="C:\Users\Gaser\Desktop\COPRRA\tests\Unit\COPRRA\CoprraServiceProviderTest.php" line="168" class="Tests\Unit\COPRRA\CoprraServiceProviderTest" classname="Tests.Unit.COPRRA.CoprraServiceProviderTest" assertions="1" time="0.309160"/>
        <testcase name="test_it_validates_max_stores_per_product_is_numeric" file="C:\Users\Gaser\Desktop\COPRRA\tests\Unit\COPRRA\CoprraServiceProviderTest.php" line="250" class="Tests\Unit\COPRRA\CoprraServiceProviderTest" classname="Tests.Unit.COPRRA.CoprraServiceProviderTest" assertions="2" time="0.388325"/>
      </testsuite>
      <testsuite name="Tests\Unit\COPRRA\CacheServiceTest" file="C:\Users\Gaser\Desktop\COPRRA\tests\Unit\COPRRA\CacheServiceTest.php" tests="19" assertions="36" errors="0" failures="0" skipped="0" time="0.000000">
        <testcase name="test_it_generates_correct_product_cache_key" file="C:\Users\Gaser\Desktop\COPRRA\tests\Unit\COPRRA\CacheServiceTest.php" line="35" class="Tests\Unit\COPRRA\CacheServiceTest" classname="Tests.Unit.COPRRA.CacheServiceTest" assertions="1" time="0.051006"/>
        <testcase name="test_it_returns_cache_statistics" file="C:\Users\Gaser\Desktop\COPRRA\tests\Unit\COPRRA\CacheServiceTest.php" line="175" class="Tests\Unit\COPRRA\CacheServiceTest" classname="Tests.Unit.COPRRA.CacheServiceTest" assertions="4" time="0.052279"/>
        <testcase name="test_it_caches_search_results" file="C:\Users\Gaser\Desktop\COPRRA\tests\Unit\COPRRA\CacheServiceTest.php" line="117" class="Tests\Unit\COPRRA\CacheServiceTest" classname="Tests.Unit.COPRRA.CacheServiceTest" assertions="2" time="0.053381"/>
        <testcase name="test_it_returns_null_for_non_existent_cache" file="C:\Users\Gaser\Desktop\COPRRA\tests\Unit\COPRRA\CacheServiceTest.php" line="168" class="Tests\Unit\COPRRA\CacheServiceTest" classname="Tests.Unit.COPRRA.CacheServiceTest" assertions="1" time="0.055677"/>
        <testcase name="test_it_generates_correct_store_cache_key" file="C:\Users\Gaser\Desktop\COPRRA\tests\Unit\COPRRA\CacheServiceTest.php" line="49" class="Tests\Unit\COPRRA\CacheServiceTest" classname="Tests.Unit.COPRRA.CacheServiceTest" assertions="1" time="0.053460"/>
        <testcase name="test_it_invalidates_category_cache" file="C:\Users\Gaser\Desktop\COPRRA\tests\Unit\COPRRA\CacheServiceTest.php" line="144" class="Tests\Unit\COPRRA\CacheServiceTest" classname="Tests.Unit.COPRRA.CacheServiceTest" assertions="2" time="0.052466"/>
        <testcase name="test_it_generates_correct_search_cache_key" file="C:\Users\Gaser\Desktop\COPRRA\tests\Unit\COPRRA\CacheServiceTest.php" line="70" class="Tests\Unit\COPRRA\CacheServiceTest" classname="Tests.Unit.COPRRA.CacheServiceTest" assertions="2" time="0.053741"/>
        <testcase name="test_it_caches_price_comparison_data" file="C:\Users\Gaser\Desktop\COPRRA\tests\Unit\COPRRA\CacheServiceTest.php" line="99" class="Tests\Unit\COPRRA\CacheServiceTest" classname="Tests.Unit.COPRRA.CacheServiceTest" assertions="2" time="0.089889"/>
        <testcase name="test_it_invalidates_product_cache" file="C:\Users\Gaser\Desktop\COPRRA\tests\Unit\COPRRA\CacheServiceTest.php" line="132" class="Tests\Unit\COPRRA\CacheServiceTest" classname="Tests.Unit.COPRRA.CacheServiceTest" assertions="2" time="0.067005"/>
        <testcase name="test_it_generates_correct_category_cache_key" file="C:\Users\Gaser\Desktop\COPRRA\tests\Unit\COPRRA\CacheServiceTest.php" line="42" class="Tests\Unit\COPRRA\CacheServiceTest" classname="Tests.Unit.COPRRA.CacheServiceTest" assertions="1" time="0.057847"/>
        <testcase name="test_it_generates_correct_exchange_rate_cache_key" file="C:\Users\Gaser\Desktop\COPRRA\tests\Unit\COPRRA\CacheServiceTest.php" line="63" class="Tests\Unit\COPRRA\CacheServiceTest" classname="Tests.Unit.COPRRA.CacheServiceTest" assertions="1" time="0.069444"/>
        <testcase name="test_it_generates_search_cache_key_with_filters" file="C:\Users\Gaser\Desktop\COPRRA\tests\Unit\COPRRA\CacheServiceTest.php" line="78" class="Tests\Unit\COPRRA\CacheServiceTest" classname="Tests.Unit.COPRRA.CacheServiceTest" assertions="2" time="0.061864"/>
        <testcase name="test_it_clears_all_cache" file="C:\Users\Gaser\Desktop\COPRRA\tests\Unit\COPRRA\CacheServiceTest.php" line="204" class="Tests\Unit\COPRRA\CacheServiceTest" classname="Tests.Unit.COPRRA.CacheServiceTest" assertions="4" time="0.063380"/>
        <testcase name="test_it_uses_remember_method_correctly" file="C:\Users\Gaser\Desktop\COPRRA\tests\Unit\COPRRA\CacheServiceTest.php" line="185" class="Tests\Unit\COPRRA\CacheServiceTest" classname="Tests.Unit.COPRRA.CacheServiceTest" assertions="2" time="0.065716"/>
        <testcase name="test_it_invalidates_store_cache" file="C:\Users\Gaser\Desktop\COPRRA\tests\Unit\COPRRA\CacheServiceTest.php" line="156" class="Tests\Unit\COPRRA\CacheServiceTest" classname="Tests.Unit.COPRRA.CacheServiceTest" assertions="2" time="0.093905"/>
        <testcase name="test_it_handles_search_with_different_filters" file="C:\Users\Gaser\Desktop\COPRRA\tests\Unit\COPRRA\CacheServiceTest.php" line="231" class="Tests\Unit\COPRRA\CacheServiceTest" classname="Tests.Unit.COPRRA.CacheServiceTest" assertions="3" time="0.071675"/>
        <testcase name="test_it_respects_custom_cache_duration" file="C:\Users\Gaser\Desktop\COPRRA\tests\Unit\COPRRA\CacheServiceTest.php" line="220" class="Tests\Unit\COPRRA\CacheServiceTest" classname="Tests.Unit.COPRRA.CacheServiceTest" assertions="1" time="0.051992"/>
        <testcase name="test_it_generates_correct_price_comparison_cache_key" file="C:\Users\Gaser\Desktop\COPRRA\tests\Unit\COPRRA\CacheServiceTest.php" line="56" class="Tests\Unit\COPRRA\CacheServiceTest" classname="Tests.Unit.COPRRA.CacheServiceTest" assertions="1" time="0.052669"/>
        <testcase name="test_it_caches_product_data" file="C:\Users\Gaser\Desktop\COPRRA\tests\Unit\COPRRA\CacheServiceTest.php" line="87" class="Tests\Unit\COPRRA\CacheServiceTest" classname="Tests.Unit.COPRRA.CacheServiceTest" assertions="2" time="0.056636"/>
      </testsuite>
      <testsuite name="Tests\Unit\Services\OrderServiceTest" file="C:\Users\Gaser\Desktop\COPRRA\tests\Unit\Services\OrderServiceTest.php" tests="6" assertions="17" errors="0" failures="0" skipped="0" time="0.000000">
        <testcase name="test_cancel_order_cancels_pending_order" file="C:\Users\Gaser\Desktop\COPRRA\tests\Unit\Services\OrderServiceTest.php" line="73" class="Tests\Unit\Services\OrderServiceTest" classname="Tests.Unit.Services.OrderServiceTest" assertions="3" time="0.066500"/>
        <testcase name="test_create_order_creates_order_with_items" file="C:\Users\Gaser\Desktop\COPRRA\tests\Unit\Services\OrderServiceTest.php" line="27" class="Tests\Unit\Services\OrderServiceTest" classname="Tests.Unit.Services.OrderServiceTest" assertions="6" time="0.063705"/>
        <testcase name="test_get_order_history_returns_user_orders" file="C:\Users\Gaser\Desktop\COPRRA\tests\Unit\Services\OrderServiceTest.php" line="102" class="Tests\Unit\Services\OrderServiceTest" classname="Tests.Unit.Services.OrderServiceTest" assertions="2" time="0.118595"/>
        <testcase name="test_update_order_status_updates_valid_transition" file="C:\Users\Gaser\Desktop\COPRRA\tests\Unit\Services\OrderServiceTest.php" line="47" class="Tests\Unit\Services\OrderServiceTest" classname="Tests.Unit.Services.OrderServiceTest" assertions="2" time="0.071478"/>
        <testcase name="test_cancel_order_fails_for_shipped_order" file="C:\Users\Gaser\Desktop\COPRRA\tests\Unit\Services\OrderServiceTest.php" line="89" class="Tests\Unit\Services\OrderServiceTest" classname="Tests.Unit.Services.OrderServiceTest" assertions="2" time="0.070989"/>
        <testcase name="test_update_order_status_fails_invalid_transition" file="C:\Users\Gaser\Desktop\COPRRA\tests\Unit\Services\OrderServiceTest.php" line="60" class="Tests\Unit\Services\OrderServiceTest" classname="Tests.Unit.Services.OrderServiceTest" assertions="2" time="0.065394"/>
      </testsuite>
      <testsuite name="Tests\Unit\Performance\CacheHitRateTest" file="C:\Users\Gaser\Desktop\COPRRA\tests\Unit\Performance\CacheHitRateTest.php" tests="3" assertions="3" errors="0" failures="0" skipped="0" time="0.000000">
        <testcase name="test_performance_basic_functionality" file="C:\Users\Gaser\Desktop\COPRRA\tests\Unit\Performance\CacheHitRateTest.php" line="10" class="Tests\Unit\Performance\CacheHitRateTest" classname="Tests.Unit.Performance.CacheHitRateTest" assertions="1" time="0.325144"/>
        <testcase name="test_performance_optimization" file="C:\Users\Gaser\Desktop\COPRRA\tests\Unit\Performance\CacheHitRateTest.php" line="24" class="Tests\Unit\Performance\CacheHitRateTest" classname="Tests.Unit.Performance.CacheHitRateTest" assertions="1" time="0.286335"/>
        <testcase name="test_performance_metrics" file="C:\Users\Gaser\Desktop\COPRRA\tests\Unit\Performance\CacheHitRateTest.php" line="17" class="Tests\Unit\Performance\CacheHitRateTest" classname="Tests.Unit.Performance.CacheHitRateTest" assertions="1" time="0.328610"/>
      </testsuite>
      <testsuite name="Tests\Unit\Security\DataBackupTest" file="C:\Users\Gaser\Desktop\COPRRA\tests\Unit\Security\DataBackupTest.php" tests="3" assertions="3" errors="0" failures="0" skipped="0" time="0.000000">
        <testcase name="test_basic_functionality" file="C:\Users\Gaser\Desktop\COPRRA\tests\Unit\Security\DataBackupTest.php" line="10" class="Tests\Unit\Security\DataBackupTest" classname="Tests.Unit.Security.DataBackupTest" assertions="1" time="0.311652"/>
        <testcase name="test_validation" file="C:\Users\Gaser\Desktop\COPRRA\tests\Unit\Security\DataBackupTest.php" line="24" class="Tests\Unit\Security\DataBackupTest" classname="Tests.Unit.Security.DataBackupTest" assertions="1" time="0.295764"/>
        <testcase name="test_expected_behavior" file="C:\Users\Gaser\Desktop\COPRRA\tests\Unit\Security\DataBackupTest.php" line="17" class="Tests\Unit\Security\DataBackupTest" classname="Tests.Unit.Security.DataBackupTest" assertions="1" time="0.290760"/>
      </testsuite>
      <testsuite name="Tests\Unit\Recommendations\HybridRecommendationTest" file="C:\Users\Gaser\Desktop\COPRRA\tests\Unit\Recommendations\HybridRecommendationTest.php" tests="11" assertions="24" errors="0" failures="0" skipped="0" time="0.000000">
        <testcase name="it_handles_confidence_weighted_hybrid" file="C:\Users\Gaser\Desktop\COPRRA\tests\Unit\Recommendations\HybridRecommendationTest.php" line="138" class="Tests\Unit\Recommendations\HybridRecommendationTest" classname="Tests.Unit.Recommendations.HybridRecommendationTest" assertions="2" time="0.000395"/>
        <testcase name="it_handles_dynamic_weight_adjustment" file="C:\Users\Gaser\Desktop\COPRRA\tests\Unit\Recommendations\HybridRecommendationTest.php" line="122" class="Tests\Unit\Recommendations\HybridRecommendationTest" classname="Tests.Unit.Recommendations.HybridRecommendationTest" assertions="3" time="0.000342"/>
        <testcase name="it_combines_collaborative_and_content_based_filtering" file="C:\Users\Gaser\Desktop\COPRRA\tests\Unit\Recommendations\HybridRecommendationTest.php" line="11" class="Tests\Unit\Recommendations\HybridRecommendationTest" classname="Tests.Unit.Recommendations.HybridRecommendationTest" assertions="1" time="0.000362"/>
        <testcase name="it_handles_switching_hybrid_approach" file="C:\Users\Gaser\Desktop\COPRRA\tests\Unit\Recommendations\HybridRecommendationTest.php" line="40" class="Tests\Unit\Recommendations\HybridRecommendationTest" classname="Tests.Unit.Recommendations.HybridRecommendationTest" assertions="1" time="0.000332"/>
        <testcase name="it_handles_meta_learning_hybrid" file="C:\Users\Gaser\Desktop\COPRRA\tests\Unit\Recommendations\HybridRecommendationTest.php" line="108" class="Tests\Unit\Recommendations\HybridRecommendationTest" classname="Tests.Unit.Recommendations.HybridRecommendationTest" assertions="1" time="0.000372"/>
        <testcase name="it_handles_weighted_ensemble_method" file="C:\Users\Gaser\Desktop\COPRRA\tests\Unit\Recommendations\HybridRecommendationTest.php" line="24" class="Tests\Unit\Recommendations\HybridRecommendationTest" classname="Tests.Unit.Recommendations.HybridRecommendationTest" assertions="2" time="0.000322"/>
        <testcase name="it_evaluates_hybrid_recommendation_quality" file="C:\Users\Gaser\Desktop\COPRRA\tests\Unit\Recommendations\HybridRecommendationTest.php" line="170" class="Tests\Unit\Recommendations\HybridRecommendationTest" classname="Tests.Unit.Recommendations.HybridRecommendationTest" assertions="4" time="0.000339"/>
        <testcase name="it_handles_temporal_hybrid_approach" file="C:\Users\Gaser\Desktop\COPRRA\tests\Unit\Recommendations\HybridRecommendationTest.php" line="152" class="Tests\Unit\Recommendations\HybridRecommendationTest" classname="Tests.Unit.Recommendations.HybridRecommendationTest" assertions="1" time="0.000317"/>
        <testcase name="it_handles_mixed_hybrid_approach" file="C:\Users\Gaser\Desktop\COPRRA\tests\Unit\Recommendations\HybridRecommendationTest.php" line="54" class="Tests\Unit\Recommendations\HybridRecommendationTest" classname="Tests.Unit.Recommendations.HybridRecommendationTest" assertions="4" time="0.000340"/>
        <testcase name="it_handles_cascade_hybrid_approach" file="C:\Users\Gaser\Desktop\COPRRA\tests\Unit\Recommendations\HybridRecommendationTest.php" line="75" class="Tests\Unit\Recommendations\HybridRecommendationTest" classname="Tests.Unit.Recommendations.HybridRecommendationTest" assertions="2" time="0.000363"/>
        <testcase name="it_handles_feature_combination_hybrid" file="C:\Users\Gaser\Desktop\COPRRA\tests\Unit\Recommendations\HybridRecommendationTest.php" line="95" class="Tests\Unit\Recommendations\HybridRecommendationTest" classname="Tests.Unit.Recommendations.HybridRecommendationTest" assertions="3" time="0.000363"/>
      </testsuite>
      <testsuite name="Tests\Unit\Deployment\RollbackTest" file="C:\Users\Gaser\Desktop\COPRRA\tests\Unit\Deployment\RollbackTest.php" tests="3" assertions="3" errors="0" failures="0" skipped="0" time="0.000000">
        <testcase name="test_validation" file="C:\Users\Gaser\Desktop\COPRRA\tests\Unit\Deployment\RollbackTest.php" line="24" class="Tests\Unit\Deployment\RollbackTest" classname="Tests.Unit.Deployment.RollbackTest" assertions="1" time="0.325590"/>
        <testcase name="test_basic_functionality" file="C:\Users\Gaser\Desktop\COPRRA\tests\Unit\Deployment\RollbackTest.php" line="10" class="Tests\Unit\Deployment\RollbackTest" classname="Tests.Unit.Deployment.RollbackTest" assertions="1" time="0.316011"/>
        <testcase name="test_expected_behavior" file="C:\Users\Gaser\Desktop\COPRRA\tests\Unit\Deployment\RollbackTest.php" line="17" class="Tests\Unit\Deployment\RollbackTest" classname="Tests.Unit.Deployment.RollbackTest" assertions="1" time="0.287936"/>
      </testsuite>
      <testsuite name="Tests\Unit\Performance\CPUUsageTest" file="C:\Users\Gaser\Desktop\COPRRA\tests\Unit\Performance\CPUUsageTest.php" tests="3" assertions="3" errors="0" failures="0" skipped="0" time="0.000000">
        <testcase name="test_performance_optimization" file="C:\Users\Gaser\Desktop\COPRRA\tests\Unit\Performance\CPUUsageTest.php" line="24" class="Tests\Unit\Performance\CPUUsageTest" classname="Tests.Unit.Performance.CPUUsageTest" assertions="1" time="0.327811"/>
        <testcase name="test_performance_basic_functionality" file="C:\Users\Gaser\Desktop\COPRRA\tests\Unit\Performance\CPUUsageTest.php" line="10" class="Tests\Unit\Performance\CPUUsageTest" classname="Tests.Unit.Performance.CPUUsageTest" assertions="1" time="0.307672"/>
        <testcase name="test_performance_metrics" file="C:\Users\Gaser\Desktop\COPRRA\tests\Unit\Performance\CPUUsageTest.php" line="17" class="Tests\Unit\Performance\CPUUsageTest" classname="Tests.Unit.Performance.CPUUsageTest" assertions="1" time="0.321868"/>
      </testsuite>
      <testsuite name="Tests\Unit\Enums\UserRoleTest" file="C:\Users\Gaser\Desktop\COPRRA\tests\Unit\Enums\UserRoleTest.php" tests="15" assertions="62" errors="0" failures="0" skipped="0" time="0.000000">
        <testcase name="test_has_permission_returns_false_for_invalid_permission" file="C:\Users\Gaser\Desktop\COPRRA\tests\Unit\Enums\UserRoleTest.php" line="92" class="Tests\Unit\Enums\UserRoleTest" classname="Tests.Unit.Enums.UserRoleTest" assertions="3" time="0.000542"/>
        <testcase name="test_can_create_from_string" file="C:\Users\Gaser\Desktop\COPRRA\tests\Unit\Enums\UserRoleTest.php" line="137" class="Tests\Unit\Enums\UserRoleTest" classname="Tests.Unit.Enums.UserRoleTest" assertions="2" time="0.000620"/>
        <testcase name="test_moderator_has_limited_permissions" file="C:\Users\Gaser\Desktop\COPRRA\tests\Unit\Enums\UserRoleTest.php" line="52" class="Tests\Unit\Enums\UserRoleTest" classname="Tests.Unit.Enums.UserRoleTest" assertions="5" time="0.000434"/>
        <testcase name="test_admin_has_all_permissions" file="C:\Users\Gaser\Desktop\COPRRA\tests\Unit\Enums\UserRoleTest.php" line="39" class="Tests\Unit\Enums\UserRoleTest" classname="Tests.Unit.Enums.UserRoleTest" assertions="7" time="0.000507"/>
        <testcase name="test_guest_has_minimal_permissions" file="C:\Users\Gaser\Desktop\COPRRA\tests\Unit\Enums\UserRoleTest.php" line="74" class="Tests\Unit\Enums\UserRoleTest" classname="Tests.Unit.Enums.UserRoleTest" assertions="4" time="0.000436"/>
        <testcase name="test_is_admin_returns_true_only_for_admin" file="C:\Users\Gaser\Desktop\COPRRA\tests\Unit\Enums\UserRoleTest.php" line="99" class="Tests\Unit\Enums\UserRoleTest" classname="Tests.Unit.Enums.UserRoleTest" assertions="4" time="0.000430"/>
        <testcase name="test_label_returns_correct_arabic_text" file="C:\Users\Gaser\Desktop\COPRRA\tests\Unit\Enums\UserRoleTest.php" line="31" class="Tests\Unit\Enums\UserRoleTest" classname="Tests.Unit.Enums.UserRoleTest" assertions="4" time="0.000387"/>
        <testcase name="test_enum_has_all_expected_cases" file="C:\Users\Gaser\Desktop\COPRRA\tests\Unit\Enums\UserRoleTest.php" line="12" class="Tests\Unit\Enums\UserRoleTest" classname="Tests.Unit.Enums.UserRoleTest" assertions="5" time="0.000416"/>
        <testcase name="test_to_array_returns_correct_format" file="C:\Users\Gaser\Desktop\COPRRA\tests\Unit\Enums\UserRoleTest.php" line="115" class="Tests\Unit\Enums\UserRoleTest" classname="Tests.Unit.Enums.UserRoleTest" assertions="5" time="0.000407"/>
        <testcase name="test_enum_values_are_correct" file="C:\Users\Gaser\Desktop\COPRRA\tests\Unit\Enums\UserRoleTest.php" line="23" class="Tests\Unit\Enums\UserRoleTest" classname="Tests.Unit.Enums.UserRoleTest" assertions="4" time="0.000461"/>
        <testcase name="test_has_permission_returns_true_for_valid_permission" file="C:\Users\Gaser\Desktop\COPRRA\tests\Unit\Enums\UserRoleTest.php" line="84" class="Tests\Unit\Enums\UserRoleTest" classname="Tests.Unit.Enums.UserRoleTest" assertions="4" time="0.000339"/>
        <testcase name="test_try_from_returns_null_for_invalid_value" file="C:\Users\Gaser\Desktop\COPRRA\tests\Unit\Enums\UserRoleTest.php" line="146" class="Tests\Unit\Enums\UserRoleTest" classname="Tests.Unit.Enums.UserRoleTest" assertions="1" time="0.000386"/>
        <testcase name="test_user_has_basic_permissions" file="C:\Users\Gaser\Desktop\COPRRA\tests\Unit\Enums\UserRoleTest.php" line="63" class="Tests\Unit\Enums\UserRoleTest" classname="Tests.Unit.Enums.UserRoleTest" assertions="5" time="0.000471"/>
        <testcase name="test_options_returns_value_label_pairs" file="C:\Users\Gaser\Desktop\COPRRA\tests\Unit\Enums\UserRoleTest.php" line="126" class="Tests\Unit\Enums\UserRoleTest" classname="Tests.Unit.Enums.UserRoleTest" assertions="5" time="0.000674"/>
        <testcase name="test_is_moderator_returns_true_for_admin_and_moderator" file="C:\Users\Gaser\Desktop\COPRRA\tests\Unit\Enums\UserRoleTest.php" line="107" class="Tests\Unit\Enums\UserRoleTest" classname="Tests.Unit.Enums.UserRoleTest" assertions="4" time="0.000435"/>
      </testsuite>
      <testsuite name="Tests\Unit\StoreModelTest" file="C:\Users\Gaser\Desktop\COPRRA\tests\Unit\StoreModelTest.php" tests="9" assertions="25" errors="0" failures="0" skipped="0" time="0.000000">
        <testcase name="test_active_scope" file="C:\Users\Gaser\Desktop\COPRRA\tests\Unit\StoreModelTest.php" line="90" class="Tests\Unit\StoreModelTest" classname="Tests.Unit.StoreModelTest" assertions="2" time="0.056553"/>
        <testcase name="test_validation_rules" file="C:\Users\Gaser\Desktop\COPRRA\tests\Unit\StoreModelTest.php" line="164" class="Tests\Unit\StoreModelTest" classname="Tests.Unit.StoreModelTest" assertions="3" time="0.052882"/>
        <testcase name="test_search_scope" file="C:\Users\Gaser\Desktop\COPRRA\tests\Unit\StoreModelTest.php" line="105" class="Tests\Unit\StoreModelTest" classname="Tests.Unit.StoreModelTest" assertions="2" time="0.055627"/>
        <testcase name="test_store_casts_attributes_correctly" file="C:\Users\Gaser\Desktop\COPRRA\tests\Unit\StoreModelTest.php" line="46" class="Tests\Unit\StoreModelTest" classname="Tests.Unit.StoreModelTest" assertions="8" time="0.053109"/>
        <testcase name="test_generate_affiliate_url_without_config" file="C:\Users\Gaser\Desktop\COPRRA\tests\Unit\StoreModelTest.php" line="138" class="Tests\Unit\StoreModelTest" classname="Tests.Unit.StoreModelTest" assertions="1" time="0.058167"/>
        <testcase name="test_slug_generation_on_create" file="C:\Users\Gaser\Desktop\COPRRA\tests\Unit\StoreModelTest.php" line="154" class="Tests\Unit\StoreModelTest" classname="Tests.Unit.StoreModelTest" assertions="1" time="0.107509"/>
        <testcase name="test_store_has_fillable_attributes" file="C:\Users\Gaser\Desktop\COPRRA\tests\Unit\StoreModelTest.php" line="17" class="Tests\Unit\StoreModelTest" classname="Tests.Unit.StoreModelTest" assertions="3" time="0.054494"/>
        <testcase name="test_store_relationships" file="C:\Users\Gaser\Desktop\COPRRA\tests\Unit\StoreModelTest.php" line="68" class="Tests\Unit\StoreModelTest" classname="Tests.Unit.StoreModelTest" assertions="4" time="0.061222"/>
        <testcase name="test_generate_affiliate_url" file="C:\Users\Gaser\Desktop\COPRRA\tests\Unit\StoreModelTest.php" line="121" class="Tests\Unit\StoreModelTest" classname="Tests.Unit.StoreModelTest" assertions="1" time="0.058325"/>
      </testsuite>
      <testsuite name="Tests\Unit\COPRRA\ExchangeRateServiceTest" file="C:\Users\Gaser\Desktop\COPRRA\tests\Unit\COPRRA\ExchangeRateServiceTest.php" tests="12" assertions="24" errors="0" failures="0" skipped="0" time="0.000000">
        <testcase name="test_it_gets_stale_rates_only" file="C:\Users\Gaser\Desktop\COPRRA\tests\Unit\COPRRA\ExchangeRateServiceTest.php" line="153" class="Tests\Unit\COPRRA\ExchangeRateServiceTest" classname="Tests.Unit.COPRRA.ExchangeRateServiceTest" assertions="2" time="0.057273"/>
        <testcase name="test_it_uses_fallback_rate_when_not_in_database" file="C:\Users\Gaser\Desktop\COPRRA\tests\Unit\COPRRA\ExchangeRateServiceTest.php" line="187" class="Tests\Unit\COPRRA\ExchangeRateServiceTest" classname="Tests.Unit.COPRRA.ExchangeRateServiceTest" assertions="2" time="0.463108"/>
        <testcase name="test_it_identifies_stale_rates" file="C:\Users\Gaser\Desktop\COPRRA\tests\Unit\COPRRA\ExchangeRateServiceTest.php" line="107" class="Tests\Unit\COPRRA\ExchangeRateServiceTest" classname="Tests.Unit.COPRRA.ExchangeRateServiceTest" assertions="2" time="0.054646"/>
        <testcase name="test_it_returns_one_for_same_currency" file="C:\Users\Gaser\Desktop\COPRRA\tests\Unit\COPRRA\ExchangeRateServiceTest.php" line="32" class="Tests\Unit\COPRRA\ExchangeRateServiceTest" classname="Tests.Unit.COPRRA.ExchangeRateServiceTest" assertions="1" time="0.093138"/>
        <testcase name="test_it_handles_reverse_conversion" file="C:\Users\Gaser\Desktop\COPRRA\tests\Unit\COPRRA\ExchangeRateServiceTest.php" line="197" class="Tests\Unit\COPRRA\ExchangeRateServiceTest" classname="Tests.Unit.COPRRA.ExchangeRateServiceTest" assertions="2" time="0.057490"/>
        <testcase name="test_it_seeds_exchange_rates_from_config" file="C:\Users\Gaser\Desktop\COPRRA\tests\Unit\COPRRA\ExchangeRateServiceTest.php" line="39" class="Tests\Unit\COPRRA\ExchangeRateServiceTest" classname="Tests.Unit.COPRRA.ExchangeRateServiceTest" assertions="2" time="0.060735"/>
        <testcase name="test_it_returns_supported_currencies" file="C:\Users\Gaser\Desktop\COPRRA\tests\Unit\COPRRA\ExchangeRateServiceTest.php" line="177" class="Tests\Unit\COPRRA\ExchangeRateServiceTest" classname="Tests.Unit.COPRRA.ExchangeRateServiceTest" assertions="4" time="0.053988"/>
        <testcase name="test_it_converts_currency_correctly" file="C:\Users\Gaser\Desktop\COPRRA\tests\Unit\COPRRA\ExchangeRateServiceTest.php" line="92" class="Tests\Unit\COPRRA\ExchangeRateServiceTest" classname="Tests.Unit.COPRRA.ExchangeRateServiceTest" assertions="1" time="0.053537"/>
        <testcase name="test_it_caches_exchange_rates" file="C:\Users\Gaser\Desktop\COPRRA\tests\Unit\COPRRA\ExchangeRateServiceTest.php" line="68" class="Tests\Unit\COPRRA\ExchangeRateServiceTest" classname="Tests.Unit.COPRRA.ExchangeRateServiceTest" assertions="3" time="0.053530"/>
        <testcase name="test_it_gets_rate_from_database" file="C:\Users\Gaser\Desktop\COPRRA\tests\Unit\COPRRA\ExchangeRateServiceTest.php" line="53" class="Tests\Unit\COPRRA\ExchangeRateServiceTest" classname="Tests.Unit.COPRRA.ExchangeRateServiceTest" assertions="1" time="0.058601"/>
        <testcase name="test_it_updates_existing_rates" file="C:\Users\Gaser\Desktop\COPRRA\tests\Unit\COPRRA\ExchangeRateServiceTest.php" line="222" class="Tests\Unit\COPRRA\ExchangeRateServiceTest" classname="Tests.Unit.COPRRA.ExchangeRateServiceTest" assertions="2" time="0.099847"/>
        <testcase name="test_it_gets_fresh_rates_only" file="C:\Users\Gaser\Desktop\COPRRA\tests\Unit\COPRRA\ExchangeRateServiceTest.php" line="129" class="Tests\Unit\COPRRA\ExchangeRateServiceTest" classname="Tests.Unit.COPRRA.ExchangeRateServiceTest" assertions="2" time="0.054635"/>
      </testsuite>
      <testsuite name="Tests\Unit\Deployment\DockerDeploymentTest" file="C:\Users\Gaser\Desktop\COPRRA\tests\Unit\Deployment\DockerDeploymentTest.php" tests="3" assertions="3" errors="0" failures="0" skipped="0" time="0.000000">
        <testcase name="test_expected_behavior" file="C:\Users\Gaser\Desktop\COPRRA\tests\Unit\Deployment\DockerDeploymentTest.php" line="17" class="Tests\Unit\Deployment\DockerDeploymentTest" classname="Tests.Unit.Deployment.DockerDeploymentTest" assertions="1" time="0.316580"/>
        <testcase name="test_basic_functionality" file="C:\Users\Gaser\Desktop\COPRRA\tests\Unit\Deployment\DockerDeploymentTest.php" line="10" class="Tests\Unit\Deployment\DockerDeploymentTest" classname="Tests.Unit.Deployment.DockerDeploymentTest" assertions="1" time="0.291938"/>
        <testcase name="test_validation" file="C:\Users\Gaser\Desktop\COPRRA\tests\Unit\Deployment\DockerDeploymentTest.php" line="24" class="Tests\Unit\Deployment\DockerDeploymentTest" classname="Tests.Unit.Deployment.DockerDeploymentTest" assertions="1" time="0.288232"/>
      </testsuite>
      <testsuite name="Tests\Unit\Deployment\RollingDeploymentTest" file="C:\Users\Gaser\Desktop\COPRRA\tests\Unit\Deployment\RollingDeploymentTest.php" tests="3" assertions="3" errors="0" failures="0" skipped="0" time="0.000000">
        <testcase name="test_basic_functionality" file="C:\Users\Gaser\Desktop\COPRRA\tests\Unit\Deployment\RollingDeploymentTest.php" line="10" class="Tests\Unit\Deployment\RollingDeploymentTest" classname="Tests.Unit.Deployment.RollingDeploymentTest" assertions="1" time="0.337678"/>
        <testcase name="test_validation" file="C:\Users\Gaser\Desktop\COPRRA\tests\Unit\Deployment\RollingDeploymentTest.php" line="24" class="Tests\Unit\Deployment\RollingDeploymentTest" classname="Tests.Unit.Deployment.RollingDeploymentTest" assertions="1" time="0.297521"/>
        <testcase name="test_expected_behavior" file="C:\Users\Gaser\Desktop\COPRRA\tests\Unit\Deployment\RollingDeploymentTest.php" line="17" class="Tests\Unit\Deployment\RollingDeploymentTest" classname="Tests.Unit.Deployment.RollingDeploymentTest" assertions="1" time="0.334443"/>
      </testsuite>
      <testsuite name="Tests\Unit\DataAccuracy\OrderAccuracyTest" file="C:\Users\Gaser\Desktop\COPRRA\tests\Unit\DataAccuracy\OrderAccuracyTest.php" tests="3" assertions="3" errors="0" failures="0" skipped="0" time="0.000000">
        <testcase name="test_basic_functionality" file="C:\Users\Gaser\Desktop\COPRRA\tests\Unit\DataAccuracy\OrderAccuracyTest.php" line="10" class="Tests\Unit\DataAccuracy\OrderAccuracyTest" classname="Tests.Unit.DataAccuracy.OrderAccuracyTest" assertions="1" time="0.307860"/>
        <testcase name="test_expected_behavior" file="C:\Users\Gaser\Desktop\COPRRA\tests\Unit\DataAccuracy\OrderAccuracyTest.php" line="17" class="Tests\Unit\DataAccuracy\OrderAccuracyTest" classname="Tests.Unit.DataAccuracy.OrderAccuracyTest" assertions="1" time="0.356090"/>
        <testcase name="test_validation" file="C:\Users\Gaser\Desktop\COPRRA\tests\Unit\DataAccuracy\OrderAccuracyTest.php" line="24" class="Tests\Unit\DataAccuracy\OrderAccuracyTest" classname="Tests.Unit.DataAccuracy.OrderAccuracyTest" assertions="1" time="0.343739"/>
      </testsuite>
      <testsuite name="Tests\Unit\Integration\CurrencyIntegrationTest" file="C:\Users\Gaser\Desktop\COPRRA\tests\Unit\Integration\CurrencyIntegrationTest.php" tests="3" assertions="3" errors="0" failures="0" skipped="0" time="0.000000">
        <testcase name="test_expected_behavior" file="C:\Users\Gaser\Desktop\COPRRA\tests\Unit\Integration\CurrencyIntegrationTest.php" line="17" class="Tests\Unit\Integration\CurrencyIntegrationTest" classname="Tests.Unit.Integration.CurrencyIntegrationTest" assertions="1" time="0.296556"/>
        <testcase name="test_validation" file="C:\Users\Gaser\Desktop\COPRRA\tests\Unit\Integration\CurrencyIntegrationTest.php" line="24" class="Tests\Unit\Integration\CurrencyIntegrationTest" classname="Tests.Unit.Integration.CurrencyIntegrationTest" assertions="1" time="0.311234"/>
        <testcase name="test_basic_functionality" file="C:\Users\Gaser\Desktop\COPRRA\tests\Unit\Integration\CurrencyIntegrationTest.php" line="10" class="Tests\Unit\Integration\CurrencyIntegrationTest" classname="Tests.Unit.Integration.CurrencyIntegrationTest" assertions="1" time="0.290955"/>
      </testsuite>
      <testsuite name="Tests\Unit\ModelRelationsTest" file="C:\Users\Gaser\Desktop\COPRRA\tests\Unit\ModelRelationsTest.php" tests="3" assertions="3" errors="0" failures="0" skipped="0" time="0.000000">
        <testcase name="test_basic_functionality" file="C:\Users\Gaser\Desktop\COPRRA\tests\Unit\ModelRelationsTest.php" line="10" class="Tests\Unit\ModelRelationsTest" classname="Tests.Unit.ModelRelationsTest" assertions="1" time="0.354020"/>
        <testcase name="test_expected_behavior" file="C:\Users\Gaser\Desktop\COPRRA\tests\Unit\ModelRelationsTest.php" line="17" class="Tests\Unit\ModelRelationsTest" classname="Tests.Unit.ModelRelationsTest" assertions="1" time="0.286324"/>
        <testcase name="test_validation" file="C:\Users\Gaser\Desktop\COPRRA\tests\Unit\ModelRelationsTest.php" line="24" class="Tests\Unit\ModelRelationsTest" classname="Tests.Unit.ModelRelationsTest" assertions="1" time="0.328860"/>
      </testsuite>
      <testsuite name="Tests\Unit\Factories\FactoriesTest" file="C:\Users\Gaser\Desktop\COPRRA\tests\Unit\Factories\FactoriesTest.php" tests="3" assertions="3" errors="0" failures="0" skipped="0" time="0.000000">
        <testcase name="test_basic_functionality" file="C:\Users\Gaser\Desktop\COPRRA\tests\Unit\Factories\FactoriesTest.php" line="10" class="Tests\Unit\Factories\FactoriesTest" classname="Tests.Unit.Factories.FactoriesTest" assertions="1" time="0.296001"/>
        <testcase name="test_expected_behavior" file="C:\Users\Gaser\Desktop\COPRRA\tests\Unit\Factories\FactoriesTest.php" line="17" class="Tests\Unit\Factories\FactoriesTest" classname="Tests.Unit.Factories.FactoriesTest" assertions="1" time="0.374189"/>
        <testcase name="test_validation" file="C:\Users\Gaser\Desktop\COPRRA\tests\Unit\Factories\FactoriesTest.php" line="24" class="Tests\Unit\Factories\FactoriesTest" classname="Tests.Unit.Factories.FactoriesTest" assertions="1" time="0.316410"/>
      </testsuite>
      <testsuite name="Tests\Unit\Models\PaymentTest" file="C:\Users\Gaser\Desktop\COPRRA\tests\Unit\Models\PaymentTest.php" tests="3" assertions="5" errors="0" failures="0" skipped="0" time="0.000000">
        <testcase name="test_order_relation" file="C:\Users\Gaser\Desktop\COPRRA\tests\Unit\Models\PaymentTest.php" line="24" class="Tests\Unit\Models\PaymentTest" classname="Tests.Unit.Models.PaymentTest" assertions="2" time="0.289699"/>
        <testcase name="test_payment_method_relation" file="C:\Users\Gaser\Desktop\COPRRA\tests\Unit\Models\PaymentTest.php" line="37" class="Tests\Unit\Models\PaymentTest" classname="Tests.Unit.Models.PaymentTest" assertions="2" time="0.289940"/>
        <testcase name="test_scope_by_status" file="C:\Users\Gaser\Desktop\COPRRA\tests\Unit\Models\PaymentTest.php" line="50" class="Tests\Unit\Models\PaymentTest" classname="Tests.Unit.Models.PaymentTest" assertions="1" time="0.295585"/>
      </testsuite>
      <testsuite name="Tests\Unit\COPRRA\StoreAdapterManagerTest" file="C:\Users\Gaser\Desktop\COPRRA\tests\Unit\COPRRA\StoreAdapterManagerTest.php" tests="14" assertions="40" errors="0" failures="0" skipped="0" time="0.000000">
        <testcase name="test_it_returns_null_for_unknown_adapter" file="C:\Users\Gaser\Desktop\COPRRA\tests\Unit\COPRRA\StoreAdapterManagerTest.php" line="43" class="Tests\Unit\COPRRA\StoreAdapterManagerTest" classname="Tests.Unit.COPRRA.StoreAdapterManagerTest" assertions="1" time="0.351923"/>
        <testcase name="test_it_gets_supported_stores" file="C:\Users\Gaser\Desktop\COPRRA\tests\Unit\COPRRA\StoreAdapterManagerTest.php" line="58" class="Tests\Unit\COPRRA\StoreAdapterManagerTest" classname="Tests.Unit.COPRRA.StoreAdapterManagerTest" assertions="4" time="0.289835"/>
        <testcase name="test_it_gets_product_url_for_noon" file="C:\Users\Gaser\Desktop\COPRRA\tests\Unit\COPRRA\StoreAdapterManagerTest.php" line="105" class="Tests\Unit\COPRRA\StoreAdapterManagerTest" classname="Tests.Unit.COPRRA.StoreAdapterManagerTest" assertions="2" time="0.290399"/>
        <testcase name="test_it_registers_default_adapters" file="C:\Users\Gaser\Desktop\COPRRA\tests\Unit\COPRRA\StoreAdapterManagerTest.php" line="25" class="Tests\Unit\COPRRA\StoreAdapterManagerTest" classname="Tests.Unit.COPRRA.StoreAdapterManagerTest" assertions="4" time="0.313048"/>
        <testcase name="test_it_gets_statistics" file="C:\Users\Gaser\Desktop\COPRRA\tests\Unit\COPRRA\StoreAdapterManagerTest.php" line="120" class="Tests\Unit\COPRRA\StoreAdapterManagerTest" classname="Tests.Unit.COPRRA.StoreAdapterManagerTest" assertions="5" time="0.326108"/>
        <testcase name="test_it_validates_amazon_identifier" file="C:\Users\Gaser\Desktop\COPRRA\tests\Unit\COPRRA\StoreAdapterManagerTest.php" line="68" class="Tests\Unit\COPRRA\StoreAdapterManagerTest" classname="Tests.Unit.COPRRA.StoreAdapterManagerTest" assertions="3" time="0.303771"/>
        <testcase name="test_it_checks_if_store_is_supported" file="C:\Users\Gaser\Desktop\COPRRA\tests\Unit\COPRRA\StoreAdapterManagerTest.php" line="50" class="Tests\Unit\COPRRA\StoreAdapterManagerTest" classname="Tests.Unit.COPRRA.StoreAdapterManagerTest" assertions="4" time="0.363947"/>
        <testcase name="test_it_gets_adapter_rate_limits" file="C:\Users\Gaser\Desktop\COPRRA\tests\Unit\COPRRA\StoreAdapterManagerTest.php" line="131" class="Tests\Unit\COPRRA\StoreAdapterManagerTest" classname="Tests.Unit.COPRRA.StoreAdapterManagerTest" assertions="4" time="0.335474"/>
        <testcase name="test_it_gets_adapter_by_identifier" file="C:\Users\Gaser\Desktop\COPRRA\tests\Unit\COPRRA\StoreAdapterManagerTest.php" line="35" class="Tests\Unit\COPRRA\StoreAdapterManagerTest" classname="Tests.Unit.COPRRA.StoreAdapterManagerTest" assertions="2" time="0.291629"/>
        <testcase name="test_it_validates_noon_identifier" file="C:\Users\Gaser\Desktop\COPRRA\tests\Unit\COPRRA\StoreAdapterManagerTest.php" line="82" class="Tests\Unit\COPRRA\StoreAdapterManagerTest" classname="Tests.Unit.COPRRA.StoreAdapterManagerTest" assertions="3" time="0.329880"/>
        <testcase name="test_it_validates_ebay_identifier" file="C:\Users\Gaser\Desktop\COPRRA\tests\Unit\COPRRA\StoreAdapterManagerTest.php" line="75" class="Tests\Unit\COPRRA\StoreAdapterManagerTest" classname="Tests.Unit.COPRRA.StoreAdapterManagerTest" assertions="3" time="0.319462"/>
        <testcase name="test_it_gets_product_url_for_ebay" file="C:\Users\Gaser\Desktop\COPRRA\tests\Unit\COPRRA\StoreAdapterManagerTest.php" line="97" class="Tests\Unit\COPRRA\StoreAdapterManagerTest" classname="Tests.Unit.COPRRA.StoreAdapterManagerTest" assertions="2" time="0.307361"/>
        <testcase name="test_it_returns_null_for_unknown_store_url" file="C:\Users\Gaser\Desktop\COPRRA\tests\Unit\COPRRA\StoreAdapterManagerTest.php" line="113" class="Tests\Unit\COPRRA\StoreAdapterManagerTest" classname="Tests.Unit.COPRRA.StoreAdapterManagerTest" assertions="1" time="0.291268"/>
        <testcase name="test_it_gets_product_url_for_amazon" file="C:\Users\Gaser\Desktop\COPRRA\tests\Unit\COPRRA\StoreAdapterManagerTest.php" line="89" class="Tests\Unit\COPRRA\StoreAdapterManagerTest" classname="Tests.Unit.COPRRA.StoreAdapterManagerTest" assertions="2" time="0.289211"/>
      </testsuite>
      <testsuite name="Tests\Unit\Recommendations\PersonalizedRecommendationTest" file="C:\Users\Gaser\Desktop\COPRRA\tests\Unit\Recommendations\PersonalizedRecommendationTest.php" tests="14" assertions="188" errors="0" failures="0" skipped="0" time="0.000000">
        <testcase name="it_considers_collaborative_filtering" file="C:\Users\Gaser\Desktop\COPRRA\tests\Unit\Recommendations\PersonalizedRecommendationTest.php" line="182" class="Tests\Unit\Recommendations\PersonalizedRecommendationTest" classname="Tests.Unit.Recommendations.PersonalizedRecommendationTest" assertions="53" time="0.000591"/>
        <testcase name="it_considers_recommendation_diversity" file="C:\Users\Gaser\Desktop\COPRRA\tests\Unit\Recommendations\PersonalizedRecommendationTest.php" line="237" class="Tests\Unit\Recommendations\PersonalizedRecommendationTest" classname="Tests.Unit.Recommendations.PersonalizedRecommendationTest" assertions="4" time="0.000381"/>
        <testcase name="it_considers_product_availability" file="C:\Users\Gaser\Desktop\COPRRA\tests\Unit\Recommendations\PersonalizedRecommendationTest.php" line="132" class="Tests\Unit\Recommendations\PersonalizedRecommendationTest" classname="Tests.Unit.Recommendations.PersonalizedRecommendationTest" assertions="20" time="0.000362"/>
        <testcase name="it_handles_empty_user_history" file="C:\Users\Gaser\Desktop\COPRRA\tests\Unit\Recommendations\PersonalizedRecommendationTest.php" line="228" class="Tests\Unit\Recommendations\PersonalizedRecommendationTest" classname="Tests.Unit.Recommendations.PersonalizedRecommendationTest" assertions="1" time="0.000347"/>
        <testcase name="it_limits_recommendation_count" file="C:\Users\Gaser\Desktop\COPRRA\tests\Unit\Recommendations\PersonalizedRecommendationTest.php" line="119" class="Tests\Unit\Recommendations\PersonalizedRecommendationTest" classname="Tests.Unit.Recommendations.PersonalizedRecommendationTest" assertions="2" time="0.000387"/>
        <testcase name="it_generates_recommendations_based_on_user_history" file="C:\Users\Gaser\Desktop\COPRRA\tests\Unit\Recommendations\PersonalizedRecommendationTest.php" line="13" class="Tests\Unit\Recommendations\PersonalizedRecommendationTest" classname="Tests.Unit.Recommendations.PersonalizedRecommendationTest" assertions="1" time="0.000340"/>
        <testcase name="it_considers_user_preferences" file="C:\Users\Gaser\Desktop\COPRRA\tests\Unit\Recommendations\PersonalizedRecommendationTest.php" line="41" class="Tests\Unit\Recommendations\PersonalizedRecommendationTest" classname="Tests.Unit.Recommendations.PersonalizedRecommendationTest" assertions="60" time="0.000616"/>
        <testcase name="it_considers_user_demographics" file="C:\Users\Gaser\Desktop\COPRRA\tests\Unit\Recommendations\PersonalizedRecommendationTest.php" line="105" class="Tests\Unit\Recommendations\PersonalizedRecommendationTest" classname="Tests.Unit.Recommendations.PersonalizedRecommendationTest" assertions="1" time="0.000336"/>
        <testcase name="it_prioritizes_same_brand_recommendations" file="C:\Users\Gaser\Desktop\COPRRA\tests\Unit\Recommendations\PersonalizedRecommendationTest.php" line="27" class="Tests\Unit\Recommendations\PersonalizedRecommendationTest" classname="Tests.Unit.Recommendations.PersonalizedRecommendationTest" assertions="1" time="0.000330"/>
        <testcase name="it_considers_price_sensitivity" file="C:\Users\Gaser\Desktop\COPRRA\tests\Unit\Recommendations\PersonalizedRecommendationTest.php" line="147" class="Tests\Unit\Recommendations\PersonalizedRecommendationTest" classname="Tests.Unit.Recommendations.PersonalizedRecommendationTest" assertions="22" time="0.000346"/>
        <testcase name="it_considers_seasonal_trends" file="C:\Users\Gaser\Desktop\COPRRA\tests\Unit\Recommendations\PersonalizedRecommendationTest.php" line="95" class="Tests\Unit\Recommendations\PersonalizedRecommendationTest" classname="Tests.Unit.Recommendations.PersonalizedRecommendationTest" assertions="1" time="0.000326"/>
        <testcase name="it_avoids_previously_purchased_products" file="C:\Users\Gaser\Desktop\COPRRA\tests\Unit\Recommendations\PersonalizedRecommendationTest.php" line="60" class="Tests\Unit\Recommendations\PersonalizedRecommendationTest" classname="Tests.Unit.Recommendations.PersonalizedRecommendationTest" assertions="10" time="0.000338"/>
        <testcase name="it_considers_content_based_filtering" file="C:\Users\Gaser\Desktop\COPRRA\tests\Unit\Recommendations\PersonalizedRecommendationTest.php" line="213" class="Tests\Unit\Recommendations\PersonalizedRecommendationTest" classname="Tests.Unit.Recommendations.PersonalizedRecommendationTest" assertions="10" time="0.000393"/>
        <testcase name="it_considers_user_rating_patterns" file="C:\Users\Gaser\Desktop\COPRRA\tests\Unit\Recommendations\PersonalizedRecommendationTest.php" line="76" class="Tests\Unit\Recommendations\PersonalizedRecommendationTest" classname="Tests.Unit.Recommendations.PersonalizedRecommendationTest" assertions="2" time="0.000483"/>
      </testsuite>
      <testsuite name="Tests\Unit\Recommendations\UpsellRecommendationTest" file="C:\Users\Gaser\Desktop\COPRRA\tests\Unit\Recommendations\UpsellRecommendationTest.php" tests="19" assertions="44" errors="0" failures="0" skipped="0" time="0.000000">
        <testcase name="it_recommends_products_with_better_connectivity" file="C:\Users\Gaser\Desktop\COPRRA\tests\Unit\Recommendations\UpsellRecommendationTest.php" line="241" class="Tests\Unit\Recommendations\UpsellRecommendationTest" classname="Tests.Unit.Recommendations.UpsellRecommendationTest" assertions="2" time="0.000407"/>
        <testcase name="it_recommends_products_with_better_performance" file="C:\Users\Gaser\Desktop\COPRRA\tests\Unit\Recommendations\UpsellRecommendationTest.php" line="178" class="Tests\Unit\Recommendations\UpsellRecommendationTest" classname="Tests.Unit.Recommendations.UpsellRecommendationTest" assertions="2" time="0.000303"/>
        <testcase name="it_calculates_upsell_potential" file="C:\Users\Gaser\Desktop\COPRRA\tests\Unit\Recommendations\UpsellRecommendationTest.php" line="367" class="Tests\Unit\Recommendations\UpsellRecommendationTest" classname="Tests.Unit.Recommendations.UpsellRecommendationTest" assertions="2" time="0.000291"/>
        <testcase name="it_recommends_products_with_better_battery_life" file="C:\Users\Gaser\Desktop\COPRRA\tests\Unit\Recommendations\UpsellRecommendationTest.php" line="262" class="Tests\Unit\Recommendations\UpsellRecommendationTest" classname="Tests.Unit.Recommendations.UpsellRecommendationTest" assertions="2" time="0.000292"/>
        <testcase name="it_recommends_products_with_more_features" file="C:\Users\Gaser\Desktop\COPRRA\tests\Unit\Recommendations\UpsellRecommendationTest.php" line="52" class="Tests\Unit\Recommendations\UpsellRecommendationTest" classname="Tests.Unit.Recommendations.UpsellRecommendationTest" assertions="2" time="0.000338"/>
        <testcase name="it_recommends_products_with_higher_capacity" file="C:\Users\Gaser\Desktop\COPRRA\tests\Unit\Recommendations\UpsellRecommendationTest.php" line="157" class="Tests\Unit\Recommendations\UpsellRecommendationTest" classname="Tests.Unit.Recommendations.UpsellRecommendationTest" assertions="2" time="0.000293"/>
        <testcase name="it_recommends_products_with_better_camera" file="C:\Users\Gaser\Desktop\COPRRA\tests\Unit\Recommendations\UpsellRecommendationTest.php" line="283" class="Tests\Unit\Recommendations\UpsellRecommendationTest" classname="Tests.Unit.Recommendations.UpsellRecommendationTest" assertions="2" time="0.000293"/>
        <testcase name="it_recommends_products_with_better_audio" file="C:\Users\Gaser\Desktop\COPRRA\tests\Unit\Recommendations\UpsellRecommendationTest.php" line="304" class="Tests\Unit\Recommendations\UpsellRecommendationTest" classname="Tests.Unit.Recommendations.UpsellRecommendationTest" assertions="2" time="0.000296"/>
        <testcase name="it_recommends_products_with_better_specifications" file="C:\Users\Gaser\Desktop\COPRRA\tests\Unit\Recommendations\UpsellRecommendationTest.php" line="73" class="Tests\Unit\Recommendations\UpsellRecommendationTest" classname="Tests.Unit.Recommendations.UpsellRecommendationTest" assertions="2" time="0.000292"/>
        <testcase name="it_recommends_products_with_better_security" file="C:\Users\Gaser\Desktop\COPRRA\tests\Unit\Recommendations\UpsellRecommendationTest.php" line="325" class="Tests\Unit\Recommendations\UpsellRecommendationTest" classname="Tests.Unit.Recommendations.UpsellRecommendationTest" assertions="2" time="0.000292"/>
        <testcase name="it_recommends_products_with_better_support" file="C:\Users\Gaser\Desktop\COPRRA\tests\Unit\Recommendations\UpsellRecommendationTest.php" line="346" class="Tests\Unit\Recommendations\UpsellRecommendationTest" classname="Tests.Unit.Recommendations.UpsellRecommendationTest" assertions="2" time="0.000344"/>
        <testcase name="it_recommends_products_with_extended_warranty" file="C:\Users\Gaser\Desktop\COPRRA\tests\Unit\Recommendations\UpsellRecommendationTest.php" line="94" class="Tests\Unit\Recommendations\UpsellRecommendationTest" classname="Tests.Unit.Recommendations.UpsellRecommendationTest" assertions="2" time="0.000354"/>
        <testcase name="it_recommends_products_with_better_brand" file="C:\Users\Gaser\Desktop\COPRRA\tests\Unit\Recommendations\UpsellRecommendationTest.php" line="136" class="Tests\Unit\Recommendations\UpsellRecommendationTest" classname="Tests.Unit.Recommendations.UpsellRecommendationTest" assertions="2" time="0.000287"/>
        <testcase name="it_recommends_premium_versions" file="C:\Users\Gaser\Desktop\COPRRA\tests\Unit\Recommendations\UpsellRecommendationTest.php" line="31" class="Tests\Unit\Recommendations\UpsellRecommendationTest" classname="Tests.Unit.Recommendations.UpsellRecommendationTest" assertions="2" time="0.000304"/>
        <testcase name="it_recommends_products_with_more_storage" file="C:\Users\Gaser\Desktop\COPRRA\tests\Unit\Recommendations\UpsellRecommendationTest.php" line="199" class="Tests\Unit\Recommendations\UpsellRecommendationTest" classname="Tests.Unit.Recommendations.UpsellRecommendationTest" assertions="2" time="0.000322"/>
        <testcase name="it_recommends_products_with_premium_materials" file="C:\Users\Gaser\Desktop\COPRRA\tests\Unit\Recommendations\UpsellRecommendationTest.php" line="115" class="Tests\Unit\Recommendations\UpsellRecommendationTest" classname="Tests.Unit.Recommendations.UpsellRecommendationTest" assertions="2" time="0.000294"/>
        <testcase name="it_recommends_higher_tier_products" file="C:\Users\Gaser\Desktop\COPRRA\tests\Unit\Recommendations\UpsellRecommendationTest.php" line="11" class="Tests\Unit\Recommendations\UpsellRecommendationTest" classname="Tests.Unit.Recommendations.UpsellRecommendationTest" assertions="5" time="0.000301"/>
        <testcase name="it_generates_upsell_report" file="C:\Users\Gaser\Desktop\COPRRA\tests\Unit\Recommendations\UpsellRecommendationTest.php" line="390" class="Tests\Unit\Recommendations\UpsellRecommendationTest" classname="Tests.Unit.Recommendations.UpsellRecommendationTest" assertions="5" time="0.000306"/>
        <testcase name="it_recommends_products_with_better_display" file="C:\Users\Gaser\Desktop\COPRRA\tests\Unit\Recommendations\UpsellRecommendationTest.php" line="220" class="Tests\Unit\Recommendations\UpsellRecommendationTest" classname="Tests.Unit.Recommendations.UpsellRecommendationTest" assertions="2" time="0.000294"/>
      </testsuite>
      <testsuite name="Tests\Unit\Recommendations\TrendingProductTest" file="C:\Users\Gaser\Desktop\COPRRA\tests\Unit\Recommendations\TrendingProductTest.php" tests="11" assertions="23" errors="0" failures="0" skipped="0" time="0.000000">
        <testcase name="it_identifies_brand_trends" file="C:\Users\Gaser\Desktop\COPRRA\tests\Unit\Recommendations\TrendingProductTest.php" line="100" class="Tests\Unit\Recommendations\TrendingProductTest" classname="Tests.Unit.Recommendations.TrendingProductTest" assertions="2" time="0.000326"/>
        <testcase name="it_identifies_category_trends" file="C:\Users\Gaser\Desktop\COPRRA\tests\Unit\Recommendations\TrendingProductTest.php" line="85" class="Tests\Unit\Recommendations\TrendingProductTest" classname="Tests.Unit.Recommendations.TrendingProductTest" assertions="2" time="0.000299"/>
        <testcase name="it_calculates_trending_score" file="C:\Users\Gaser\Desktop\COPRRA\tests\Unit\Recommendations\TrendingProductTest.php" line="26" class="Tests\Unit\Recommendations\TrendingProductTest" classname="Tests.Unit.Recommendations.TrendingProductTest" assertions="3" time="0.000406"/>
        <testcase name="it_identifies_seasonal_trends" file="C:\Users\Gaser\Desktop\COPRRA\tests\Unit\Recommendations\TrendingProductTest.php" line="71" class="Tests\Unit\Recommendations\TrendingProductTest" classname="Tests.Unit.Recommendations.TrendingProductTest" assertions="2" time="0.000323"/>
        <testcase name="it_identifies_price_range_trends" file="C:\Users\Gaser\Desktop\COPRRA\tests\Unit\Recommendations\TrendingProductTest.php" line="115" class="Tests\Unit\Recommendations\TrendingProductTest" classname="Tests.Unit.Recommendations.TrendingProductTest" assertions="2" time="0.000300"/>
        <testcase name="it_identifies_geographic_trends" file="C:\Users\Gaser\Desktop\COPRRA\tests\Unit\Recommendations\TrendingProductTest.php" line="144" class="Tests\Unit\Recommendations\TrendingProductTest" classname="Tests.Unit.Recommendations.TrendingProductTest" assertions="2" time="0.000368"/>
        <testcase name="it_identifies_time_based_trends" file="C:\Users\Gaser\Desktop\COPRRA\tests\Unit\Recommendations\TrendingProductTest.php" line="130" class="Tests\Unit\Recommendations\TrendingProductTest" classname="Tests.Unit.Recommendations.TrendingProductTest" assertions="2" time="0.000377"/>
        <testcase name="it_identifies_trending_products" file="C:\Users\Gaser\Desktop\COPRRA\tests\Unit\Recommendations\TrendingProductTest.php" line="11" class="Tests\Unit\Recommendations\TrendingProductTest" classname="Tests.Unit.Recommendations.TrendingProductTest" assertions="2" time="0.000360"/>
        <testcase name="it_identifies_demographic_trends" file="C:\Users\Gaser\Desktop\COPRRA\tests\Unit\Recommendations\TrendingProductTest.php" line="159" class="Tests\Unit\Recommendations\TrendingProductTest" classname="Tests.Unit.Recommendations.TrendingProductTest" assertions="2" time="0.000312"/>
        <testcase name="it_identifies_rising_trends" file="C:\Users\Gaser\Desktop\COPRRA\tests\Unit\Recommendations\TrendingProductTest.php" line="43" class="Tests\Unit\Recommendations\TrendingProductTest" classname="Tests.Unit.Recommendations.TrendingProductTest" assertions="2" time="0.000305"/>
        <testcase name="it_identifies_falling_trends" file="C:\Users\Gaser\Desktop\COPRRA\tests\Unit\Recommendations\TrendingProductTest.php" line="57" class="Tests\Unit\Recommendations\TrendingProductTest" classname="Tests.Unit.Recommendations.TrendingProductTest" assertions="2" time="0.000355"/>
      </testsuite>
      <testsuite name="Tests\Unit\Recommendations\UserBehaviorRecommendationTest" file="C:\Users\Gaser\Desktop\COPRRA\tests\Unit\Recommendations\UserBehaviorRecommendationTest.php" tests="10" assertions="31" errors="0" failures="0" skipped="0" time="0.000000">
        <testcase name="it_tracks_user_purchase_frequency" file="C:\Users\Gaser\Desktop\COPRRA\tests\Unit\Recommendations\UserBehaviorRecommendationTest.php" line="28" class="Tests\Unit\Recommendations\UserBehaviorRecommendationTest" classname="Tests.Unit.Recommendations.UserBehaviorRecommendationTest" assertions="2" time="0.000349"/>
        <testcase name="it_analyzes_user_engagement_level" file="C:\Users\Gaser\Desktop\COPRRA\tests\Unit\Recommendations\UserBehaviorRecommendationTest.php" line="80" class="Tests\Unit\Recommendations\UserBehaviorRecommendationTest" classname="Tests.Unit.Recommendations.UserBehaviorRecommendationTest" assertions="3" time="0.000365"/>
        <testcase name="it_analyzes_user_device_preferences" file="C:\Users\Gaser\Desktop\COPRRA\tests\Unit\Recommendations\UserBehaviorRecommendationTest.php" line="119" class="Tests\Unit\Recommendations\UserBehaviorRecommendationTest" classname="Tests.Unit.Recommendations.UserBehaviorRecommendationTest" assertions="4" time="0.000296"/>
        <testcase name="it_predicts_user_intent" file="C:\Users\Gaser\Desktop\COPRRA\tests\Unit\Recommendations\UserBehaviorRecommendationTest.php" line="62" class="Tests\Unit\Recommendations\UserBehaviorRecommendationTest" classname="Tests.Unit.Recommendations.UserBehaviorRecommendationTest" assertions="4" time="0.000300"/>
        <testcase name="it_identifies_user_preferences_from_behavior" file="C:\Users\Gaser\Desktop\COPRRA\tests\Unit\Recommendations\UserBehaviorRecommendationTest.php" line="44" class="Tests\Unit\Recommendations\UserBehaviorRecommendationTest" classname="Tests.Unit.Recommendations.UserBehaviorRecommendationTest" assertions="4" time="0.000297"/>
        <testcase name="it_generates_personalized_recommendations" file="C:\Users\Gaser\Desktop\COPRRA\tests\Unit\Recommendations\UserBehaviorRecommendationTest.php" line="171" class="Tests\Unit\Recommendations\UserBehaviorRecommendationTest" classname="Tests.Unit.Recommendations.UserBehaviorRecommendationTest" assertions="2" time="0.000303"/>
        <testcase name="it_analyzes_user_browsing_patterns" file="C:\Users\Gaser\Desktop\COPRRA\tests\Unit\Recommendations\UserBehaviorRecommendationTest.php" line="11" class="Tests\Unit\Recommendations\UserBehaviorRecommendationTest" classname="Tests.Unit.Recommendations.UserBehaviorRecommendationTest" assertions="3" time="0.000353"/>
        <testcase name="it_tracks_user_seasonal_patterns" file="C:\Users\Gaser\Desktop\COPRRA\tests\Unit\Recommendations\UserBehaviorRecommendationTest.php" line="136" class="Tests\Unit\Recommendations\UserBehaviorRecommendationTest" classname="Tests.Unit.Recommendations.UserBehaviorRecommendationTest" assertions="3" time="0.000297"/>
        <testcase name="it_predicts_user_churn_risk" file="C:\Users\Gaser\Desktop\COPRRA\tests\Unit\Recommendations\UserBehaviorRecommendationTest.php" line="153" class="Tests\Unit\Recommendations\UserBehaviorRecommendationTest" classname="Tests.Unit.Recommendations.UserBehaviorRecommendationTest" assertions="3" time="0.000294"/>
        <testcase name="it_tracks_user_price_sensitivity" file="C:\Users\Gaser\Desktop\COPRRA\tests\Unit\Recommendations\UserBehaviorRecommendationTest.php" line="98" class="Tests\Unit\Recommendations\UserBehaviorRecommendationTest" classname="Tests.Unit.Recommendations.UserBehaviorRecommendationTest" assertions="3" time="0.000297"/>
      </testsuite>
      <testsuite name="Tests\Unit\Models\CategoryTest" file="C:\Users\Gaser\Desktop\COPRRA\tests\Unit\Models\CategoryTest.php" tests="10" assertions="19" errors="0" failures="0" skipped="0" time="0.000000">
        <testcase name="test_scope_active" file="C:\Users\Gaser\Desktop\COPRRA\tests\Unit\Models\CategoryTest.php" line="72" class="Tests\Unit\Models\CategoryTest" classname="Tests.Unit.Models.CategoryTest" assertions="2" time="0.301593"/>
        <testcase name="test_scope_search" file="C:\Users\Gaser\Desktop\COPRRA\tests\Unit\Models\CategoryTest.php" line="83" class="Tests\Unit\Models\CategoryTest" classname="Tests.Unit.Models.CategoryTest" assertions="2" time="0.292627"/>
        <testcase name="test_products_relation" file="C:\Users\Gaser\Desktop\COPRRA\tests\Unit\Models\CategoryTest.php" line="59" class="Tests\Unit\Models\CategoryTest" classname="Tests.Unit.Models.CategoryTest" assertions="2" time="0.359897"/>
        <testcase name="test_level_updated_on_parent_change" file="C:\Users\Gaser\Desktop\COPRRA\tests\Unit\Models\CategoryTest.php" line="138" class="Tests\Unit\Models\CategoryTest" classname="Tests.Unit.Models.CategoryTest" assertions="1" time="0.315171"/>
        <testcase name="test_level_based_on_parent_on_creating" file="C:\Users\Gaser\Desktop\COPRRA\tests\Unit\Models\CategoryTest.php" line="107" class="Tests\Unit\Models\CategoryTest" classname="Tests.Unit.Models.CategoryTest" assertions="1" time="0.335593"/>
        <testcase name="test_parent_relation" file="C:\Users\Gaser\Desktop\COPRRA\tests\Unit\Models\CategoryTest.php" line="33" class="Tests\Unit\Models\CategoryTest" classname="Tests.Unit.Models.CategoryTest" assertions="2" time="0.364256"/>
        <testcase name="test_children_relation" file="C:\Users\Gaser\Desktop\COPRRA\tests\Unit\Models\CategoryTest.php" line="46" class="Tests\Unit\Models\CategoryTest" classname="Tests.Unit.Models.CategoryTest" assertions="2" time="0.312482"/>
        <testcase name="test_slug_and_level_auto_generated_on_creating" file="C:\Users\Gaser\Desktop\COPRRA\tests\Unit\Models\CategoryTest.php" line="94" class="Tests\Unit\Models\CategoryTest" classname="Tests.Unit.Models.CategoryTest" assertions="2" time="0.290936"/>
        <testcase name="test_slug_updated_on_name_change" file="C:\Users\Gaser\Desktop\COPRRA\tests\Unit\Models\CategoryTest.php" line="123" class="Tests\Unit\Models\CategoryTest" classname="Tests.Unit.Models.CategoryTest" assertions="1" time="0.313138"/>
        <testcase name="test_get_rules" file="C:\Users\Gaser\Desktop\COPRRA\tests\Unit\Models\CategoryTest.php" line="157" class="Tests\Unit\Models\CategoryTest" classname="Tests.Unit.Models.CategoryTest" assertions="4" time="0.332798"/>
      </testsuite>
      <testsuite name="Tests\Unit\Recommendations\BestDealRecommendationTest" file="C:\Users\Gaser\Desktop\COPRRA\tests\Unit\Recommendations\BestDealRecommendationTest.php" tests="13" assertions="27" errors="0" failures="0" skipped="0" time="0.000000">
        <testcase name="it_calculates_deal_score" file="C:\Users\Gaser\Desktop\COPRRA\tests\Unit\Recommendations\BestDealRecommendationTest.php" line="26" class="Tests\Unit\Recommendations\BestDealRecommendationTest" classname="Tests.Unit.Recommendations.BestDealRecommendationTest" assertions="3" time="0.000474"/>
        <testcase name="it_identifies_bulk_deals" file="C:\Users\Gaser\Desktop\COPRRA\tests\Unit\Recommendations\BestDealRecommendationTest.php" line="100" class="Tests\Unit\Recommendations\BestDealRecommendationTest" classname="Tests.Unit.Recommendations.BestDealRecommendationTest" assertions="2" time="0.000340"/>
        <testcase name="it_identifies_absolute_discounts" file="C:\Users\Gaser\Desktop\COPRRA\tests\Unit\Recommendations\BestDealRecommendationTest.php" line="58" class="Tests\Unit\Recommendations\BestDealRecommendationTest" classname="Tests.Unit.Recommendations.BestDealRecommendationTest" assertions="2" time="0.000304"/>
        <testcase name="it_identifies_best_deals" file="C:\Users\Gaser\Desktop\COPRRA\tests\Unit\Recommendations\BestDealRecommendationTest.php" line="11" class="Tests\Unit\Recommendations\BestDealRecommendationTest" classname="Tests.Unit.Recommendations.BestDealRecommendationTest" assertions="2" time="0.000306"/>
        <testcase name="it_identifies_percentage_discounts" file="C:\Users\Gaser\Desktop\COPRRA\tests\Unit\Recommendations\BestDealRecommendationTest.php" line="44" class="Tests\Unit\Recommendations\BestDealRecommendationTest" classname="Tests.Unit.Recommendations.BestDealRecommendationTest" assertions="2" time="0.000395"/>
        <testcase name="it_identifies_cashback_deals" file="C:\Users\Gaser\Desktop\COPRRA\tests\Unit\Recommendations\BestDealRecommendationTest.php" line="128" class="Tests\Unit\Recommendations\BestDealRecommendationTest" classname="Tests.Unit.Recommendations.BestDealRecommendationTest" assertions="2" time="0.000299"/>
        <testcase name="it_identifies_bundle_deals" file="C:\Users\Gaser\Desktop\COPRRA\tests\Unit\Recommendations\BestDealRecommendationTest.php" line="114" class="Tests\Unit\Recommendations\BestDealRecommendationTest" classname="Tests.Unit.Recommendations.BestDealRecommendationTest" assertions="2" time="0.000293"/>
        <testcase name="it_identifies_limited_time_deals" file="C:\Users\Gaser\Desktop\COPRRA\tests\Unit\Recommendations\BestDealRecommendationTest.php" line="86" class="Tests\Unit\Recommendations\BestDealRecommendationTest" classname="Tests.Unit.Recommendations.BestDealRecommendationTest" assertions="2" time="0.000358"/>
        <testcase name="it_identifies_free_shipping_deals" file="C:\Users\Gaser\Desktop\COPRRA\tests\Unit\Recommendations\BestDealRecommendationTest.php" line="142" class="Tests\Unit\Recommendations\BestDealRecommendationTest" classname="Tests.Unit.Recommendations.BestDealRecommendationTest" assertions="2" time="0.000293"/>
        <testcase name="it_identifies_clearance_deals" file="C:\Users\Gaser\Desktop\COPRRA\tests\Unit\Recommendations\BestDealRecommendationTest.php" line="156" class="Tests\Unit\Recommendations\BestDealRecommendationTest" classname="Tests.Unit.Recommendations.BestDealRecommendationTest" assertions="2" time="0.000294"/>
        <testcase name="it_identifies_value_for_money_deals" file="C:\Users\Gaser\Desktop\COPRRA\tests\Unit\Recommendations\BestDealRecommendationTest.php" line="72" class="Tests\Unit\Recommendations\BestDealRecommendationTest" classname="Tests.Unit.Recommendations.BestDealRecommendationTest" assertions="2" time="0.000331"/>
        <testcase name="it_identifies_seasonal_deals" file="C:\Users\Gaser\Desktop\COPRRA\tests\Unit\Recommendations\BestDealRecommendationTest.php" line="170" class="Tests\Unit\Recommendations\BestDealRecommendationTest" classname="Tests.Unit.Recommendations.BestDealRecommendationTest" assertions="2" time="0.000293"/>
        <testcase name="it_identifies_best_overall_deals" file="C:\Users\Gaser\Desktop\COPRRA\tests\Unit\Recommendations\BestDealRecommendationTest.php" line="184" class="Tests\Unit\Recommendations\BestDealRecommendationTest" classname="Tests.Unit.Recommendations.BestDealRecommendationTest" assertions="2" time="0.000300"/>
      </testsuite>
      <testsuite name="Tests\Unit\Deployment\KubernetesDeploymentTest" file="C:\Users\Gaser\Desktop\COPRRA\tests\Unit\Deployment\KubernetesDeploymentTest.php" tests="3" assertions="3" errors="0" failures="0" skipped="0" time="0.000000">
        <testcase name="test_expected_behavior" file="C:\Users\Gaser\Desktop\COPRRA\tests\Unit\Deployment\KubernetesDeploymentTest.php" line="17" class="Tests\Unit\Deployment\KubernetesDeploymentTest" classname="Tests.Unit.Deployment.KubernetesDeploymentTest" assertions="1" time="0.331044"/>
        <testcase name="test_validation" file="C:\Users\Gaser\Desktop\COPRRA\tests\Unit\Deployment\KubernetesDeploymentTest.php" line="24" class="Tests\Unit\Deployment\KubernetesDeploymentTest" classname="Tests.Unit.Deployment.KubernetesDeploymentTest" assertions="1" time="0.294556"/>
        <testcase name="test_basic_functionality" file="C:\Users\Gaser\Desktop\COPRRA\tests\Unit\Deployment\KubernetesDeploymentTest.php" line="10" class="Tests\Unit\Deployment\KubernetesDeploymentTest" classname="Tests.Unit.Deployment.KubernetesDeploymentTest" assertions="1" time="0.289109"/>
      </testsuite>
      <testsuite name="Tests\Unit\Models\PriceAlertTest" file="C:\Users\Gaser\Desktop\COPRRA\tests\Unit\Models\PriceAlertTest.php" tests="11" assertions="20" errors="0" failures="0" skipped="0" time="0.000000">
        <testcase name="test_is_price_target_reached_true" file="C:\Users\Gaser\Desktop\COPRRA\tests\Unit\Models\PriceAlertTest.php" line="135" class="Tests\Unit\Models\PriceAlertTest" classname="Tests.Unit.Models.PriceAlertTest" assertions="2" time="0.368060"/>
        <testcase name="test_user_relation" file="C:\Users\Gaser\Desktop\COPRRA\tests\Unit\Models\PriceAlertTest.php" line="61" class="Tests\Unit\Models\PriceAlertTest" classname="Tests.Unit.Models.PriceAlertTest" assertions="2" time="0.285826"/>
        <testcase name="test_casts" file="C:\Users\Gaser\Desktop\COPRRA\tests\Unit\Models\PriceAlertTest.php" line="39" class="Tests\Unit\Models\PriceAlertTest" classname="Tests.Unit.Models.PriceAlertTest" assertions="1" time="0.291358"/>
        <testcase name="test_scope_active" file="C:\Users\Gaser\Desktop\COPRRA\tests\Unit\Models\PriceAlertTest.php" line="87" class="Tests\Unit\Models\PriceAlertTest" classname="Tests.Unit.Models.PriceAlertTest" assertions="2" time="0.365920"/>
        <testcase name="test_scope_for_user" file="C:\Users\Gaser\Desktop\COPRRA\tests\Unit\Models\PriceAlertTest.php" line="98" class="Tests\Unit\Models\PriceAlertTest" classname="Tests.Unit.Models.PriceAlertTest" assertions="2" time="0.338546"/>
        <testcase name="test_uses_soft_deletes" file="C:\Users\Gaser\Desktop\COPRRA\tests\Unit\Models\PriceAlertTest.php" line="53" class="Tests\Unit\Models\PriceAlertTest" classname="Tests.Unit.Models.PriceAlertTest" assertions="1" time="0.286148"/>
        <testcase name="test_fillable_attributes" file="C:\Users\Gaser\Desktop\COPRRA\tests\Unit\Models\PriceAlertTest.php" line="23" class="Tests\Unit\Models\PriceAlertTest" classname="Tests.Unit.Models.PriceAlertTest" assertions="1" time="0.285509"/>
        <testcase name="test_product_relation" file="C:\Users\Gaser\Desktop\COPRRA\tests\Unit\Models\PriceAlertTest.php" line="74" class="Tests\Unit\Models\PriceAlertTest" classname="Tests.Unit.Models.PriceAlertTest" assertions="2" time="0.313766"/>
        <testcase name="test_is_price_target_reached_false" file="C:\Users\Gaser\Desktop\COPRRA\tests\Unit\Models\PriceAlertTest.php" line="146" class="Tests\Unit\Models\PriceAlertTest" classname="Tests.Unit.Models.PriceAlertTest" assertions="1" time="0.325431"/>
        <testcase name="test_get_rules" file="C:\Users\Gaser\Desktop\COPRRA\tests\Unit\Models\PriceAlertTest.php" line="120" class="Tests\Unit\Models\PriceAlertTest" classname="Tests.Unit.Models.PriceAlertTest" assertions="4" time="0.327354"/>
        <testcase name="test_scope_for_product" file="C:\Users\Gaser\Desktop\COPRRA\tests\Unit\Models\PriceAlertTest.php" line="109" class="Tests\Unit\Models\PriceAlertTest" classname="Tests.Unit.Models.PriceAlertTest" assertions="2" time="0.299791"/>
      </testsuite>
      <testsuite name="Tests\Unit\Integration\WebhookTest" file="C:\Users\Gaser\Desktop\COPRRA\tests\Unit\Integration\WebhookTest.php" tests="3" assertions="3" errors="0" failures="0" skipped="0" time="0.000000">
        <testcase name="test_basic_functionality" file="C:\Users\Gaser\Desktop\COPRRA\tests\Unit\Integration\WebhookTest.php" line="10" class="Tests\Unit\Integration\WebhookTest" classname="Tests.Unit.Integration.WebhookTest" assertions="1" time="0.326210"/>
        <testcase name="test_validation" file="C:\Users\Gaser\Desktop\COPRRA\tests\Unit\Integration\WebhookTest.php" line="24" class="Tests\Unit\Integration\WebhookTest" classname="Tests.Unit.Integration.WebhookTest" assertions="1" time="0.319671"/>
        <testcase name="test_expected_behavior" file="C:\Users\Gaser\Desktop\COPRRA\tests\Unit\Integration\WebhookTest.php" line="17" class="Tests\Unit\Integration\WebhookTest" classname="Tests.Unit.Integration.WebhookTest" assertions="1" time="0.289570"/>
      </testsuite>
      <testsuite name="Tests\Unit\DataAccuracy\PriceAccuracyTest" file="C:\Users\Gaser\Desktop\COPRRA\tests\Unit\DataAccuracy\PriceAccuracyTest.php" tests="3" assertions="3" errors="0" failures="0" skipped="0" time="0.000000">
        <testcase name="test_tax_inclusive_pricing" file="C:\Users\Gaser\Desktop\COPRRA\tests\Unit\DataAccuracy\PriceAccuracyTest.php" line="21" class="Tests\Unit\DataAccuracy\PriceAccuracyTest" classname="Tests.Unit.DataAccuracy.PriceAccuracyTest" assertions="1" time="0.093553"/>
        <testcase name="test_discount_application_accuracy" file="C:\Users\Gaser\Desktop\COPRRA\tests\Unit\DataAccuracy\PriceAccuracyTest.php" line="32" class="Tests\Unit\DataAccuracy\PriceAccuracyTest" classname="Tests.Unit.DataAccuracy.PriceAccuracyTest" assertions="1" time="0.059392"/>
        <testcase name="test_base_price_calculation" file="C:\Users\Gaser\Desktop\COPRRA\tests\Unit\DataAccuracy\PriceAccuracyTest.php" line="14" class="Tests\Unit\DataAccuracy\PriceAccuracyTest" classname="Tests.Unit.DataAccuracy.PriceAccuracyTest" assertions="1" time="0.069416"/>
      </testsuite>
      <testsuite name="Tests\Unit\PureUnitTest" file="C:\Users\Gaser\Desktop\COPRRA\tests\Unit\PureUnitTest.php" tests="3" assertions="3" errors="0" failures="0" skipped="0" time="0.000000">
        <testcase name="test_expected_behavior" file="C:\Users\Gaser\Desktop\COPRRA\tests\Unit\PureUnitTest.php" line="17" class="Tests\Unit\PureUnitTest" classname="Tests.Unit.PureUnitTest" assertions="1" time="0.290982"/>
        <testcase name="test_basic_functionality" file="C:\Users\Gaser\Desktop\COPRRA\tests\Unit\PureUnitTest.php" line="10" class="Tests\Unit\PureUnitTest" classname="Tests.Unit.PureUnitTest" assertions="1" time="0.291910"/>
        <testcase name="test_validation" file="C:\Users\Gaser\Desktop\COPRRA\tests\Unit\PureUnitTest.php" line="24" class="Tests\Unit\PureUnitTest" classname="Tests.Unit.PureUnitTest" assertions="1" time="0.334675"/>
      </testsuite>
      <testsuite name="Tests\Unit\Performance\ConcurrentUserTest" file="C:\Users\Gaser\Desktop\COPRRA\tests\Unit\Performance\ConcurrentUserTest.php" tests="3" assertions="3" errors="0" failures="0" skipped="0" time="0.000000">
        <testcase name="test_performance_optimization" file="C:\Users\Gaser\Desktop\COPRRA\tests\Unit\Performance\ConcurrentUserTest.php" line="24" class="Tests\Unit\Performance\ConcurrentUserTest" classname="Tests.Unit.Performance.ConcurrentUserTest" assertions="1" time="0.332443"/>
        <testcase name="test_performance_metrics" file="C:\Users\Gaser\Desktop\COPRRA\tests\Unit\Performance\ConcurrentUserTest.php" line="17" class="Tests\Unit\Performance\ConcurrentUserTest" classname="Tests.Unit.Performance.ConcurrentUserTest" assertions="1" time="0.342644"/>
        <testcase name="test_performance_basic_functionality" file="C:\Users\Gaser\Desktop\COPRRA\tests\Unit\Performance\ConcurrentUserTest.php" line="10" class="Tests\Unit\Performance\ConcurrentUserTest" classname="Tests.Unit.Performance.ConcurrentUserTest" assertions="1" time="0.334791"/>
      </testsuite>
      <testsuite name="Tests\Unit\Integration\ThirdPartyAPIIntegrationTest" file="C:\Users\Gaser\Desktop\COPRRA\tests\Unit\Integration\ThirdPartyAPIIntegrationTest.php" tests="3" assertions="3" errors="0" failures="0" skipped="0" time="0.000000">
        <testcase name="test_validation" file="C:\Users\Gaser\Desktop\COPRRA\tests\Unit\Integration\ThirdPartyAPIIntegrationTest.php" line="24" class="Tests\Unit\Integration\ThirdPartyAPIIntegrationTest" classname="Tests.Unit.Integration.ThirdPartyAPIIntegrationTest" assertions="1" time="0.385074"/>
        <testcase name="test_basic_functionality" file="C:\Users\Gaser\Desktop\COPRRA\tests\Unit\Integration\ThirdPartyAPIIntegrationTest.php" line="10" class="Tests\Unit\Integration\ThirdPartyAPIIntegrationTest" classname="Tests.Unit.Integration.ThirdPartyAPIIntegrationTest" assertions="1" time="0.336128"/>
        <testcase name="test_expected_behavior" file="C:\Users\Gaser\Desktop\COPRRA\tests\Unit\Integration\ThirdPartyAPIIntegrationTest.php" line="17" class="Tests\Unit\Integration\ThirdPartyAPIIntegrationTest" classname="Tests.Unit.Integration.ThirdPartyAPIIntegrationTest" assertions="1" time="0.331027"/>
      </testsuite>
      <testsuite name="Tests\Unit\DataQuality\DataReliabilityTest" file="C:\Users\Gaser\Desktop\COPRRA\tests\Unit\DataQuality\DataReliabilityTest.php" tests="3" assertions="3" errors="0" failures="0" skipped="0" time="0.000000">
        <testcase name="test_expected_behavior" file="C:\Users\Gaser\Desktop\COPRRA\tests\Unit\DataQuality\DataReliabilityTest.php" line="17" class="Tests\Unit\DataQuality\DataReliabilityTest" classname="Tests.Unit.DataQuality.DataReliabilityTest" assertions="1" time="0.329536"/>
        <testcase name="test_basic_functionality" file="C:\Users\Gaser\Desktop\COPRRA\tests\Unit\DataQuality\DataReliabilityTest.php" line="10" class="Tests\Unit\DataQuality\DataReliabilityTest" classname="Tests.Unit.DataQuality.DataReliabilityTest" assertions="1" time="0.309101"/>
        <testcase name="test_validation" file="C:\Users\Gaser\Desktop\COPRRA\tests\Unit\DataQuality\DataReliabilityTest.php" line="24" class="Tests\Unit\DataQuality\DataReliabilityTest" classname="Tests.Unit.DataQuality.DataReliabilityTest" assertions="1" time="0.376405"/>
      </testsuite>
      <testsuite name="Tests\Unit\Models\BrandTest" file="C:\Users\Gaser\Desktop\COPRRA\tests\Unit\Models\BrandTest.php" tests="6" assertions="12" errors="0" failures="0" skipped="0" time="0.000000">
        <testcase name="test_scope_search" file="C:\Users\Gaser\Desktop\COPRRA\tests\Unit\Models\BrandTest.php" line="55" class="Tests\Unit\Models\BrandTest" classname="Tests.Unit.Models.BrandTest" assertions="2" time="0.318214"/>
        <testcase name="test_get_rules" file="C:\Users\Gaser\Desktop\COPRRA\tests\Unit\Models\BrandTest.php" line="94" class="Tests\Unit\Models\BrandTest" classname="Tests.Unit.Models.BrandTest" assertions="4" time="0.354551"/>
        <testcase name="test_slug_auto_generated_on_creating" file="C:\Users\Gaser\Desktop\COPRRA\tests\Unit\Models\BrandTest.php" line="66" class="Tests\Unit\Models\BrandTest" classname="Tests.Unit.Models.BrandTest" assertions="1" time="0.300249"/>
        <testcase name="test_scope_active" file="C:\Users\Gaser\Desktop\COPRRA\tests\Unit\Models\BrandTest.php" line="44" class="Tests\Unit\Models\BrandTest" classname="Tests.Unit.Models.BrandTest" assertions="2" time="0.289664"/>
        <testcase name="test_products_relation" file="C:\Users\Gaser\Desktop\COPRRA\tests\Unit\Models\BrandTest.php" line="31" class="Tests\Unit\Models\BrandTest" classname="Tests.Unit.Models.BrandTest" assertions="2" time="0.358571"/>
        <testcase name="test_slug_auto_generated_on_updating" file="C:\Users\Gaser\Desktop\COPRRA\tests\Unit\Models\BrandTest.php" line="78" class="Tests\Unit\Models\BrandTest" classname="Tests.Unit.Models.BrandTest" assertions="1" time="0.295912"/>
      </testsuite>
      <testsuite name="Tests\Unit\Models\LanguageTest" file="C:\Users\Gaser\Desktop\COPRRA\tests\Unit\Models\LanguageTest.php" tests="10" assertions="15" errors="0" failures="0" skipped="0" time="0.000000">
        <testcase name="test_is_rtl_returns_false_when_direction_ltr" file="C:\Users\Gaser\Desktop\COPRRA\tests\Unit\Models\LanguageTest.php" line="112" class="Tests\Unit\Models\LanguageTest" classname="Tests.Unit.Models.LanguageTest" assertions="1" time="0.281257"/>
        <testcase name="test_casts" file="C:\Users\Gaser\Desktop\COPRRA\tests\Unit\Models\LanguageTest.php" line="41" class="Tests\Unit\Models\LanguageTest" classname="Tests.Unit.Models.LanguageTest" assertions="1" time="0.294603"/>
        <testcase name="test_find_by_code" file="C:\Users\Gaser\Desktop\COPRRA\tests\Unit\Models\LanguageTest.php" line="122" class="Tests\Unit\Models\LanguageTest" classname="Tests.Unit.Models.LanguageTest" assertions="2" time="0.344141"/>
        <testcase name="test_default_currency_method_exists" file="C:\Users\Gaser\Desktop\COPRRA\tests\Unit\Models\LanguageTest.php" line="136" class="Tests\Unit\Models\LanguageTest" classname="Tests.Unit.Models.LanguageTest" assertions="1" time="0.292511"/>
        <testcase name="test_is_rtl_returns_true_when_direction_rtl" file="C:\Users\Gaser\Desktop\COPRRA\tests\Unit\Models\LanguageTest.php" line="102" class="Tests\Unit\Models\LanguageTest" classname="Tests.Unit.Models.LanguageTest" assertions="1" time="0.319609"/>
        <testcase name="test_scope_ordered" file="C:\Users\Gaser\Desktop\COPRRA\tests\Unit\Models\LanguageTest.php" line="92" class="Tests\Unit\Models\LanguageTest" classname="Tests.Unit.Models.LanguageTest" assertions="1" time="0.334019"/>
        <testcase name="test_scope_active" file="C:\Users\Gaser\Desktop\COPRRA\tests\Unit\Models\LanguageTest.php" line="81" class="Tests\Unit\Models\LanguageTest" classname="Tests.Unit.Models.LanguageTest" assertions="2" time="0.328453"/>
        <testcase name="test_currencies_relation" file="C:\Users\Gaser\Desktop\COPRRA\tests\Unit\Models\LanguageTest.php" line="54" class="Tests\Unit\Models\LanguageTest" classname="Tests.Unit.Models.LanguageTest" assertions="3" time="0.330405"/>
        <testcase name="test_user_locale_settings_relation" file="C:\Users\Gaser\Desktop\COPRRA\tests\Unit\Models\LanguageTest.php" line="68" class="Tests\Unit\Models\LanguageTest" classname="Tests.Unit.Models.LanguageTest" assertions="2" time="0.304773"/>
        <testcase name="test_fillable_attributes" file="C:\Users\Gaser\Desktop\COPRRA\tests\Unit\Models\LanguageTest.php" line="24" class="Tests\Unit\Models\LanguageTest" classname="Tests.Unit.Models.LanguageTest" assertions="1" time="0.318836"/>
      </testsuite>
      <testsuite name="Tests\Unit\Models\OrderItemTest" file="C:\Users\Gaser\Desktop\COPRRA\tests\Unit\Models\OrderItemTest.php" tests="4" assertions="6" errors="0" failures="0" skipped="0" time="0.000000">
        <testcase name="test_fillable_attributes" file="C:\Users\Gaser\Desktop\COPRRA\tests\Unit\Models\OrderItemTest.php" line="23" class="Tests\Unit\Models\OrderItemTest" classname="Tests.Unit.Models.OrderItemTest" assertions="1" time="0.287883"/>
        <testcase name="test_order_relation" file="C:\Users\Gaser\Desktop\COPRRA\tests\Unit\Models\OrderItemTest.php" line="52" class="Tests\Unit\Models\OrderItemTest" classname="Tests.Unit.Models.OrderItemTest" assertions="2" time="0.347535"/>
        <testcase name="test_casts" file="C:\Users\Gaser\Desktop\COPRRA\tests\Unit\Models\OrderItemTest.php" line="40" class="Tests\Unit\Models\OrderItemTest" classname="Tests.Unit.Models.OrderItemTest" assertions="1" time="0.320708"/>
        <testcase name="test_product_relation" file="C:\Users\Gaser\Desktop\COPRRA\tests\Unit\Models\OrderItemTest.php" line="65" class="Tests\Unit\Models\OrderItemTest" classname="Tests.Unit.Models.OrderItemTest" assertions="2" time="0.289419"/>
      </testsuite>
      <testsuite name="Tests\Unit\Validation\ComprehensiveValidationTest" file="C:\Users\Gaser\Desktop\COPRRA\tests\Unit\Validation\ComprehensiveValidationTest.php" tests="3" assertions="3" errors="0" failures="0" skipped="0" time="0.000000">
        <testcase name="test_validation" file="C:\Users\Gaser\Desktop\COPRRA\tests\Unit\Validation\ComprehensiveValidationTest.php" line="24" class="Tests\Unit\Validation\ComprehensiveValidationTest" classname="Tests.Unit.Validation.ComprehensiveValidationTest" assertions="1" time="0.291617"/>
        <testcase name="test_expected_behavior" file="C:\Users\Gaser\Desktop\COPRRA\tests\Unit\Validation\ComprehensiveValidationTest.php" line="17" class="Tests\Unit\Validation\ComprehensiveValidationTest" classname="Tests.Unit.Validation.ComprehensiveValidationTest" assertions="1" time="0.298449"/>
        <testcase name="test_basic_functionality" file="C:\Users\Gaser\Desktop\COPRRA\tests\Unit\Validation\ComprehensiveValidationTest.php" line="10" class="Tests\Unit\Validation\ComprehensiveValidationTest" classname="Tests.Unit.Validation.ComprehensiveValidationTest" assertions="1" time="0.400438"/>
      </testsuite>
      <testsuite name="Tests\Unit\CreatesApplicationTest" file="C:\Users\Gaser\Desktop\COPRRA\tests\Unit\CreatesApplicationTest.php" tests="1" assertions="2" errors="0" failures="0" skipped="0" time="0.000000">
        <testcase name="test_application_can_be_created" file="C:\Users\Gaser\Desktop\COPRRA\tests\Unit\CreatesApplicationTest.php" line="9" class="Tests\Unit\CreatesApplicationTest" classname="Tests.Unit.CreatesApplicationTest" assertions="2" time="0.345036"/>
      </testsuite>
      <testsuite name="Tests\Unit\Deployment\TestingDeploymentTest" file="C:\Users\Gaser\Desktop\COPRRA\tests\Unit\Deployment\TestingDeploymentTest.php" tests="3" assertions="3" errors="0" failures="0" skipped="0" time="0.000000">
        <testcase name="test_basic_functionality" file="C:\Users\Gaser\Desktop\COPRRA\tests\Unit\Deployment\TestingDeploymentTest.php" line="10" class="Tests\Unit\Deployment\TestingDeploymentTest" classname="Tests.Unit.Deployment.TestingDeploymentTest" assertions="1" time="0.326871"/>
        <testcase name="test_validation" file="C:\Users\Gaser\Desktop\COPRRA\tests\Unit\Deployment\TestingDeploymentTest.php" line="24" class="Tests\Unit\Deployment\TestingDeploymentTest" classname="Tests.Unit.Deployment.TestingDeploymentTest" assertions="1" time="0.335439"/>
        <testcase name="test_expected_behavior" file="C:\Users\Gaser\Desktop\COPRRA\tests\Unit\Deployment\TestingDeploymentTest.php" line="17" class="Tests\Unit\Deployment\TestingDeploymentTest" classname="Tests.Unit.Deployment.TestingDeploymentTest" assertions="1" time="0.328845"/>
      </testsuite>
      <testsuite name="Tests\Unit\Controllers\AnalyticsControllerTest" file="C:\Users\Gaser\Desktop\COPRRA\tests\Unit\Controllers\AnalyticsControllerTest.php" tests="9" assertions="19" errors="0" failures="0" skipped="0" time="0.000000">
        <testcase name="test_track_behavior_returns_success_for_valid_authenticated_request" file="C:\Users\Gaser\Desktop\COPRRA\tests\Unit\Controllers\AnalyticsControllerTest.php" line="95" class="Tests\Unit\Controllers\AnalyticsControllerTest" classname="Tests.Unit.Controllers.AnalyticsControllerTest" assertions="3" time="0.057970"/>
        <testcase name="test_site_analytics_throws_exception_when_service_fails" file="C:\Users\Gaser\Desktop\COPRRA\tests\Unit\Controllers\AnalyticsControllerTest.php" line="178" class="Tests\Unit\Controllers\AnalyticsControllerTest" classname="Tests.Unit.Controllers.AnalyticsControllerTest" assertions="1" time="0.058272"/>
        <testcase name="test_track_behavior_fails_validation_for_invalid_action" file="C:\Users\Gaser\Desktop\COPRRA\tests\Unit\Controllers\AnalyticsControllerTest.php" line="147" class="Tests\Unit\Controllers\AnalyticsControllerTest" classname="Tests.Unit.Controllers.AnalyticsControllerTest" assertions="1" time="0.055687"/>
        <testcase name="test_user_analytics_throws_exception_when_service_fails" file="C:\Users\Gaser\Desktop\COPRRA\tests\Unit\Controllers\AnalyticsControllerTest.php" line="163" class="Tests\Unit\Controllers\AnalyticsControllerTest" classname="Tests.Unit.Controllers.AnalyticsControllerTest" assertions="1" time="0.067458"/>
        <testcase name="test_user_analytics_returns_unauthorized_for_unauthenticated_user" file="C:\Users\Gaser\Desktop\COPRRA\tests\Unit\Controllers\AnalyticsControllerTest.php" line="63" class="Tests\Unit\Controllers\AnalyticsControllerTest" classname="Tests.Unit.Controllers.AnalyticsControllerTest" assertions="3" time="0.080204"/>
        <testcase name="test_user_analytics_returns_analytics_for_authenticated_user" file="C:\Users\Gaser\Desktop\COPRRA\tests\Unit\Controllers\AnalyticsControllerTest.php" line="43" class="Tests\Unit\Controllers\AnalyticsControllerTest" classname="Tests.Unit.Controllers.AnalyticsControllerTest" assertions="3" time="0.111633"/>
        <testcase name="test_site_analytics_returns_site_analytics" file="C:\Users\Gaser\Desktop\COPRRA\tests\Unit\Controllers\AnalyticsControllerTest.php" line="78" class="Tests\Unit\Controllers\AnalyticsControllerTest" classname="Tests.Unit.Controllers.AnalyticsControllerTest" assertions="3" time="0.069660"/>
        <testcase name="test_track_behavior_returns_unauthorized_for_unauthenticated_user" file="C:\Users\Gaser\Desktop\COPRRA\tests\Unit\Controllers\AnalyticsControllerTest.php" line="125" class="Tests\Unit\Controllers\AnalyticsControllerTest" classname="Tests.Unit.Controllers.AnalyticsControllerTest" assertions="3" time="0.065224"/>
        <testcase name="test_track_behavior_throws_exception_when_service_fails" file="C:\Users\Gaser\Desktop\COPRRA\tests\Unit\Controllers\AnalyticsControllerTest.php" line="190" class="Tests\Unit\Controllers\AnalyticsControllerTest" classname="Tests.Unit.Controllers.AnalyticsControllerTest" assertions="1" time="0.057311"/>
      </testsuite>
      <testsuite name="Tests\Unit\Recommendations\CrossSellRecommendationTest" file="C:\Users\Gaser\Desktop\COPRRA\tests\Unit\Recommendations\CrossSellRecommendationTest.php" tests="19" assertions="67" errors="0" failures="0" skipped="0" time="0.000000">
        <testcase name="it_recommends_products_based_on_price_range" file="C:\Users\Gaser\Desktop\COPRRA\tests\Unit\Recommendations\CrossSellRecommendationTest.php" line="152" class="Tests\Unit\Recommendations\CrossSellRecommendationTest" classname="Tests.Unit.Recommendations.CrossSellRecommendationTest" assertions="3" time="0.000359"/>
        <testcase name="it_recommends_bundled_products" file="C:\Users\Gaser\Desktop\COPRRA\tests\Unit\Recommendations\CrossSellRecommendationTest.php" line="69" class="Tests\Unit\Recommendations\CrossSellRecommendationTest" classname="Tests.Unit.Recommendations.CrossSellRecommendationTest" assertions="3" time="0.000308"/>
        <testcase name="it_recommends_products_based_on_purchase_history" file="C:\Users\Gaser\Desktop\COPRRA\tests\Unit\Recommendations\CrossSellRecommendationTest.php" line="89" class="Tests\Unit\Recommendations\CrossSellRecommendationTest" classname="Tests.Unit.Recommendations.CrossSellRecommendationTest" assertions="1" time="0.000302"/>
        <testcase name="it_recommends_complementary_products" file="C:\Users\Gaser\Desktop\COPRRA\tests\Unit\Recommendations\CrossSellRecommendationTest.php" line="29" class="Tests\Unit\Recommendations\CrossSellRecommendationTest" classname="Tests.Unit.Recommendations.CrossSellRecommendationTest" assertions="5" time="0.000304"/>
        <testcase name="it_generates_cross_sell_report" file="C:\Users\Gaser\Desktop\COPRRA\tests\Unit\Recommendations\CrossSellRecommendationTest.php" line="391" class="Tests\Unit\Recommendations\CrossSellRecommendationTest" classname="Tests.Unit.Recommendations.CrossSellRecommendationTest" assertions="5" time="0.000319"/>
        <testcase name="it_recommends_products_based_on_user_behavior" file="C:\Users\Gaser\Desktop\COPRRA\tests\Unit\Recommendations\CrossSellRecommendationTest.php" line="110" class="Tests\Unit\Recommendations\CrossSellRecommendationTest" classname="Tests.Unit.Recommendations.CrossSellRecommendationTest" assertions="1" time="0.000316"/>
        <testcase name="it_recommends_products_based_on_time_of_day" file="C:\Users\Gaser\Desktop\COPRRA\tests\Unit\Recommendations\CrossSellRecommendationTest.php" line="305" class="Tests\Unit\Recommendations\CrossSellRecommendationTest" classname="Tests.Unit.Recommendations.CrossSellRecommendationTest" assertions="2" time="0.000302"/>
        <testcase name="it_recommends_products_based_on_events" file="C:\Users\Gaser\Desktop\COPRRA\tests\Unit\Recommendations\CrossSellRecommendationTest.php" line="347" class="Tests\Unit\Recommendations\CrossSellRecommendationTest" classname="Tests.Unit.Recommendations.CrossSellRecommendationTest" assertions="2" time="0.000332"/>
        <testcase name="it_calculates_recommendation_confidence" file="C:\Users\Gaser\Desktop\COPRRA\tests\Unit\Recommendations\CrossSellRecommendationTest.php" line="368" class="Tests\Unit\Recommendations\CrossSellRecommendationTest" classname="Tests.Unit.Recommendations.CrossSellRecommendationTest" assertions="4" time="0.000365"/>
        <testcase name="it_recommends_products_based_on_ratings" file="C:\Users\Gaser\Desktop\COPRRA\tests\Unit\Recommendations\CrossSellRecommendationTest.php" line="195" class="Tests\Unit\Recommendations\CrossSellRecommendationTest" classname="Tests.Unit.Recommendations.CrossSellRecommendationTest" assertions="7" time="0.000347"/>
        <testcase name="it_recommends_related_accessories" file="C:\Users\Gaser\Desktop\COPRRA\tests\Unit\Recommendations\CrossSellRecommendationTest.php" line="49" class="Tests\Unit\Recommendations\CrossSellRecommendationTest" classname="Tests.Unit.Recommendations.CrossSellRecommendationTest" assertions="3" time="0.000298"/>
        <testcase name="it_recommends_products_based_on_brand_preference" file="C:\Users\Gaser\Desktop\COPRRA\tests\Unit\Recommendations\CrossSellRecommendationTest.php" line="172" class="Tests\Unit\Recommendations\CrossSellRecommendationTest" classname="Tests.Unit.Recommendations.CrossSellRecommendationTest" assertions="5" time="0.000301"/>
        <testcase name="it_recommends_cross_sell_products" file="C:\Users\Gaser\Desktop\COPRRA\tests\Unit\Recommendations\CrossSellRecommendationTest.php" line="11" class="Tests\Unit\Recommendations\CrossSellRecommendationTest" classname="Tests.Unit.Recommendations.CrossSellRecommendationTest" assertions="4" time="0.000328"/>
        <testcase name="it_recommends_products_based_on_popularity" file="C:\Users\Gaser\Desktop\COPRRA\tests\Unit\Recommendations\CrossSellRecommendationTest.php" line="238" class="Tests\Unit\Recommendations\CrossSellRecommendationTest" classname="Tests.Unit.Recommendations.CrossSellRecommendationTest" assertions="5" time="0.000340"/>
        <testcase name="it_recommends_products_based_on_geographic_location" file="C:\Users\Gaser\Desktop\COPRRA\tests\Unit\Recommendations\CrossSellRecommendationTest.php" line="280" class="Tests\Unit\Recommendations\CrossSellRecommendationTest" classname="Tests.Unit.Recommendations.CrossSellRecommendationTest" assertions="3" time="0.000298"/>
        <testcase name="it_recommends_products_based_on_weather" file="C:\Users\Gaser\Desktop\COPRRA\tests\Unit\Recommendations\CrossSellRecommendationTest.php" line="326" class="Tests\Unit\Recommendations\CrossSellRecommendationTest" classname="Tests.Unit.Recommendations.CrossSellRecommendationTest" assertions="2" time="0.000296"/>
        <testcase name="it_recommends_products_based_on_customer_segments" file="C:\Users\Gaser\Desktop\COPRRA\tests\Unit\Recommendations\CrossSellRecommendationTest.php" line="259" class="Tests\Unit\Recommendations\CrossSellRecommendationTest" classname="Tests.Unit.Recommendations.CrossSellRecommendationTest" assertions="2" time="0.000331"/>
        <testcase name="it_recommends_products_based_on_availability" file="C:\Users\Gaser\Desktop\COPRRA\tests\Unit\Recommendations\CrossSellRecommendationTest.php" line="217" class="Tests\Unit\Recommendations\CrossSellRecommendationTest" classname="Tests.Unit.Recommendations.CrossSellRecommendationTest" assertions="5" time="0.000319"/>
        <testcase name="it_recommends_products_based_on_season" file="C:\Users\Gaser\Desktop\COPRRA\tests\Unit\Recommendations\CrossSellRecommendationTest.php" line="131" class="Tests\Unit\Recommendations\CrossSellRecommendationTest" classname="Tests.Unit.Recommendations.CrossSellRecommendationTest" assertions="5" time="0.000330"/>
      </testsuite>
      <testsuite name="Tests\Unit\Deployment\CanaryDeploymentTest" file="C:\Users\Gaser\Desktop\COPRRA\tests\Unit\Deployment\CanaryDeploymentTest.php" tests="3" assertions="3" errors="0" failures="0" skipped="0" time="0.000000">
        <testcase name="test_expected_behavior" file="C:\Users\Gaser\Desktop\COPRRA\tests\Unit\Deployment\CanaryDeploymentTest.php" line="17" class="Tests\Unit\Deployment\CanaryDeploymentTest" classname="Tests.Unit.Deployment.CanaryDeploymentTest" assertions="1" time="0.286541"/>
        <testcase name="test_validation" file="C:\Users\Gaser\Desktop\COPRRA\tests\Unit\Deployment\CanaryDeploymentTest.php" line="24" class="Tests\Unit\Deployment\CanaryDeploymentTest" classname="Tests.Unit.Deployment.CanaryDeploymentTest" assertions="1" time="0.291633"/>
        <testcase name="test_basic_functionality" file="C:\Users\Gaser\Desktop\COPRRA\tests\Unit\Deployment\CanaryDeploymentTest.php" line="10" class="Tests\Unit\Deployment\CanaryDeploymentTest" classname="Tests.Unit.Deployment.CanaryDeploymentTest" assertions="1" time="0.349471"/>
      </testsuite>
      <testsuite name="Tests\Unit\DataAccuracy\ProductMatchingTest" file="C:\Users\Gaser\Desktop\COPRRA\tests\Unit\DataAccuracy\ProductMatchingTest.php" tests="3" assertions="3" errors="0" failures="0" skipped="0" time="0.000000">
        <testcase name="test_basic_functionality" file="C:\Users\Gaser\Desktop\COPRRA\tests\Unit\DataAccuracy\ProductMatchingTest.php" line="10" class="Tests\Unit\DataAccuracy\ProductMatchingTest" classname="Tests.Unit.DataAccuracy.ProductMatchingTest" assertions="1" time="0.312783"/>
        <testcase name="test_validation" file="C:\Users\Gaser\Desktop\COPRRA\tests\Unit\DataAccuracy\ProductMatchingTest.php" line="24" class="Tests\Unit\DataAccuracy\ProductMatchingTest" classname="Tests.Unit.DataAccuracy.ProductMatchingTest" assertions="1" time="0.313297"/>
        <testcase name="test_expected_behavior" file="C:\Users\Gaser\Desktop\COPRRA\tests\Unit\DataAccuracy\ProductMatchingTest.php" line="17" class="Tests\Unit\DataAccuracy\ProductMatchingTest" classname="Tests.Unit.DataAccuracy.ProductMatchingTest" assertions="1" time="0.295012"/>
      </testsuite>
      <testsuite name="Tests\Unit\Performance\AvailabilityTestingTest" file="C:\Users\Gaser\Desktop\COPRRA\tests\Unit\Performance\AvailabilityTestingTest.php" tests="3" assertions="3" errors="0" failures="0" skipped="0" time="0.000000">
        <testcase name="test_performance_basic_functionality" file="C:\Users\Gaser\Desktop\COPRRA\tests\Unit\Performance\AvailabilityTestingTest.php" line="10" class="Tests\Unit\Performance\AvailabilityTestingTest" classname="Tests.Unit.Performance.AvailabilityTestingTest" assertions="1" time="0.345966"/>
        <testcase name="test_performance_optimization" file="C:\Users\Gaser\Desktop\COPRRA\tests\Unit\Performance\AvailabilityTestingTest.php" line="24" class="Tests\Unit\Performance\AvailabilityTestingTest" classname="Tests.Unit.Performance.AvailabilityTestingTest" assertions="1" time="0.292091"/>
        <testcase name="test_performance_metrics" file="C:\Users\Gaser\Desktop\COPRRA\tests\Unit\Performance\AvailabilityTestingTest.php" line="17" class="Tests\Unit\Performance\AvailabilityTestingTest" classname="Tests.Unit.Performance.AvailabilityTestingTest" assertions="1" time="0.293217"/>
      </testsuite>
      <testsuite name="Tests\Unit\DataQuality\DataValidityTest" file="C:\Users\Gaser\Desktop\COPRRA\tests\Unit\DataQuality\DataValidityTest.php" tests="3" assertions="6" errors="0" failures="0" skipped="0" time="0.000000">
        <testcase name="test_phone_number_format" file="C:\Users\Gaser\Desktop\COPRRA\tests\Unit\DataQuality\DataValidityTest.php" line="29" class="Tests\Unit\DataQuality\DataValidityTest" classname="Tests.Unit.DataQuality.DataValidityTest" assertions="2" time="0.057700"/>
        <testcase name="test_email_format_validity" file="C:\Users\Gaser\Desktop\COPRRA\tests\Unit\DataQuality\DataValidityTest.php" line="15" class="Tests\Unit\DataQuality\DataValidityTest" classname="Tests.Unit.DataQuality.DataValidityTest" assertions="2" time="0.059629"/>
        <testcase name="test_order_date_format" file="C:\Users\Gaser\Desktop\COPRRA\tests\Unit\DataQuality\DataValidityTest.php" line="43" class="Tests\Unit\DataQuality\DataValidityTest" classname="Tests.Unit.DataQuality.DataValidityTest" assertions="2" time="0.059123"/>
      </testsuite>
      <testsuite name="Tests\Unit\DataAccuracy\PriceHistoryAccuracyTest" file="C:\Users\Gaser\Desktop\COPRRA\tests\Unit\DataAccuracy\PriceHistoryAccuracyTest.php" tests="3" assertions="7" errors="0" failures="0" skipped="0" time="0.000000">
        <testcase name="test_historical_prices_accuracy" file="C:\Users\Gaser\Desktop\COPRRA\tests\Unit\DataAccuracy\PriceHistoryAccuracyTest.php" line="27" class="Tests\Unit\DataAccuracy\PriceHistoryAccuracyTest" classname="Tests.Unit.DataAccuracy.PriceHistoryAccuracyTest" assertions="2" time="0.104396"/>
        <testcase name="test_price_history_records_changes" file="C:\Users\Gaser\Desktop\COPRRA\tests\Unit\DataAccuracy\PriceHistoryAccuracyTest.php" line="14" class="Tests\Unit\DataAccuracy\PriceHistoryAccuracyTest" classname="Tests.Unit.DataAccuracy.PriceHistoryAccuracyTest" assertions="3" time="0.062939"/>
        <testcase name="test_price_fluctuation_detection" file="C:\Users\Gaser\Desktop\COPRRA\tests\Unit\DataAccuracy\PriceHistoryAccuracyTest.php" line="43" class="Tests\Unit\DataAccuracy\PriceHistoryAccuracyTest" classname="Tests.Unit.DataAccuracy.PriceHistoryAccuracyTest" assertions="2" time="0.066068"/>
      </testsuite>
      <testsuite name="Tests\Unit\Enums\OrderStatusTest" file="C:\Users\Gaser\Desktop\COPRRA\tests\Unit\Enums\OrderStatusTest.php" tests="15" assertions="58" errors="0" failures="0" skipped="0" time="0.000000">
        <testcase name="test_allowed_transitions_from_processing" file="C:\Users\Gaser\Desktop\COPRRA\tests\Unit\Enums\OrderStatusTest.php" line="64" class="Tests\Unit\Enums\OrderStatusTest" classname="Tests.Unit.Enums.OrderStatusTest" assertions="3" time="0.000385"/>
        <testcase name="test_label_returns_correct_arabic_text" file="C:\Users\Gaser\Desktop\COPRRA\tests\Unit\Enums\OrderStatusTest.php" line="35" class="Tests\Unit\Enums\OrderStatusTest" classname="Tests.Unit.Enums.OrderStatusTest" assertions="6" time="0.000337"/>
        <testcase name="test_no_transitions_from_final_statuses" file="C:\Users\Gaser\Desktop\COPRRA\tests\Unit\Enums\OrderStatusTest.php" line="81" class="Tests\Unit\Enums\OrderStatusTest" classname="Tests.Unit.Enums.OrderStatusTest" assertions="3" time="0.000323"/>
        <testcase name="test_can_create_from_string" file="C:\Users\Gaser\Desktop\COPRRA\tests\Unit\Enums\OrderStatusTest.php" line="126" class="Tests\Unit\Enums\OrderStatusTest" classname="Tests.Unit.Enums.OrderStatusTest" assertions="2" time="0.000384"/>
        <testcase name="test_can_transition_to_allowed_status" file="C:\Users\Gaser\Desktop\COPRRA\tests\Unit\Enums\OrderStatusTest.php" line="88" class="Tests\Unit\Enums\OrderStatusTest" classname="Tests.Unit.Enums.OrderStatusTest" assertions="4" time="0.000366"/>
        <testcase name="test_enum_has_all_expected_cases" file="C:\Users\Gaser\Desktop\COPRRA\tests\Unit\Enums\OrderStatusTest.php" line="12" class="Tests\Unit\Enums\OrderStatusTest" classname="Tests.Unit.Enums.OrderStatusTest" assertions="7" time="0.000358"/>
        <testcase name="test_try_from_returns_null_for_invalid_value" file="C:\Users\Gaser\Desktop\COPRRA\tests\Unit\Enums\OrderStatusTest.php" line="135" class="Tests\Unit\Enums\OrderStatusTest" classname="Tests.Unit.Enums.OrderStatusTest" assertions="1" time="0.000317"/>
        <testcase name="test_color_returns_correct_values" file="C:\Users\Gaser\Desktop\COPRRA\tests\Unit\Enums\OrderStatusTest.php" line="45" class="Tests\Unit\Enums\OrderStatusTest" classname="Tests.Unit.Enums.OrderStatusTest" assertions="6" time="0.000309"/>
        <testcase name="test_from_throws_exception_for_invalid_value" file="C:\Users\Gaser\Desktop\COPRRA\tests\Unit\Enums\OrderStatusTest.php" line="141" class="Tests\Unit\Enums\OrderStatusTest" classname="Tests.Unit.Enums.OrderStatusTest" assertions="1" time="0.000347"/>
        <testcase name="test_allowed_transitions_from_pending" file="C:\Users\Gaser\Desktop\COPRRA\tests\Unit\Enums\OrderStatusTest.php" line="55" class="Tests\Unit\Enums\OrderStatusTest" classname="Tests.Unit.Enums.OrderStatusTest" assertions="3" time="0.000326"/>
        <testcase name="test_enum_values_are_correct" file="C:\Users\Gaser\Desktop\COPRRA\tests\Unit\Enums\OrderStatusTest.php" line="25" class="Tests\Unit\Enums\OrderStatusTest" classname="Tests.Unit.Enums.OrderStatusTest" assertions="6" time="0.000319"/>
        <testcase name="test_to_array_returns_correct_format" file="C:\Users\Gaser\Desktop\COPRRA\tests\Unit\Enums\OrderStatusTest.php" line="104" class="Tests\Unit\Enums\OrderStatusTest" classname="Tests.Unit.Enums.OrderStatusTest" assertions="5" time="0.000415"/>
        <testcase name="test_options_returns_value_label_pairs" file="C:\Users\Gaser\Desktop\COPRRA\tests\Unit\Enums\OrderStatusTest.php" line="115" class="Tests\Unit\Enums\OrderStatusTest" classname="Tests.Unit.Enums.OrderStatusTest" assertions="5" time="0.000665"/>
        <testcase name="test_cannot_transition_to_disallowed_status" file="C:\Users\Gaser\Desktop\COPRRA\tests\Unit\Enums\OrderStatusTest.php" line="96" class="Tests\Unit\Enums\OrderStatusTest" classname="Tests.Unit.Enums.OrderStatusTest" assertions="4" time="0.000443"/>
        <testcase name="test_allowed_transitions_from_shipped" file="C:\Users\Gaser\Desktop\COPRRA\tests\Unit\Enums\OrderStatusTest.php" line="73" class="Tests\Unit\Enums\OrderStatusTest" classname="Tests.Unit.Enums.OrderStatusTest" assertions="2" time="0.000394"/>
      </testsuite>
      <testsuite name="Tests\Unit\Models\AuditLogTest" file="C:\Users\Gaser\Desktop\COPRRA\tests\Unit\Models\AuditLogTest.php" tests="16" assertions="22" errors="0" failures="0" skipped="0" time="0.000000">
        <testcase name="test_get_changes_summary_attribute_boolean_values" file="C:\Users\Gaser\Desktop\COPRRA\tests\Unit\Models\AuditLogTest.php" line="188" class="Tests\Unit\Models\AuditLogTest" classname="Tests.Unit.Models.AuditLogTest" assertions="1" time="0.299656"/>
        <testcase name="test_scope_event" file="C:\Users\Gaser\Desktop\COPRRA\tests\Unit\Models\AuditLogTest.php" line="85" class="Tests\Unit\Models\AuditLogTest" classname="Tests.Unit.Models.AuditLogTest" assertions="2" time="0.288814"/>
        <testcase name="test_get_changes_summary_attribute_with_changes" file="C:\Users\Gaser\Desktop\COPRRA\tests\Unit\Models\AuditLogTest.php" line="172" class="Tests\Unit\Models\AuditLogTest" classname="Tests.Unit.Models.AuditLogTest" assertions="2" time="0.327553"/>
        <testcase name="test_get_formatted_event_attribute" file="C:\Users\Gaser\Desktop\COPRRA\tests\Unit\Models\AuditLogTest.php" line="132" class="Tests\Unit\Models\AuditLogTest" classname="Tests.Unit.Models.AuditLogTest" assertions="1" time="0.313671"/>
        <testcase name="test_auditable_relation" file="C:\Users\Gaser\Desktop\COPRRA\tests\Unit\Models\AuditLogTest.php" line="73" class="Tests\Unit\Models\AuditLogTest" classname="Tests.Unit.Models.AuditLogTest" assertions="1" time="0.289775"/>
        <testcase name="test_scope_for_user" file="C:\Users\Gaser\Desktop\COPRRA\tests\Unit\Models\AuditLogTest.php" line="96" class="Tests\Unit\Models\AuditLogTest" classname="Tests.Unit.Models.AuditLogTest" assertions="2" time="0.293813"/>
        <testcase name="test_casts" file="C:\Users\Gaser\Desktop\COPRRA\tests\Unit\Models\AuditLogTest.php" line="45" class="Tests\Unit\Models\AuditLogTest" classname="Tests.Unit.Models.AuditLogTest" assertions="1" time="0.358133"/>
        <testcase name="test_get_changes_summary_attribute_only_new_values" file="C:\Users\Gaser\Desktop\COPRRA\tests\Unit\Models\AuditLogTest.php" line="162" class="Tests\Unit\Models\AuditLogTest" classname="Tests.Unit.Models.AuditLogTest" assertions="1" time="0.392254"/>
        <testcase name="test_get_changes_summary_attribute_no_changes" file="C:\Users\Gaser\Desktop\COPRRA\tests\Unit\Models\AuditLogTest.php" line="142" class="Tests\Unit\Models\AuditLogTest" classname="Tests.Unit.Models.AuditLogTest" assertions="1" time="0.303465"/>
        <testcase name="test_get_changes_summary_attribute_no_actual_changes" file="C:\Users\Gaser\Desktop\COPRRA\tests\Unit\Models\AuditLogTest.php" line="218" class="Tests\Unit\Models\AuditLogTest" classname="Tests.Unit.Models.AuditLogTest" assertions="1" time="0.322220"/>
        <testcase name="test_scope_date_range" file="C:\Users\Gaser\Desktop\COPRRA\tests\Unit\Models\AuditLogTest.php" line="118" class="Tests\Unit\Models\AuditLogTest" classname="Tests.Unit.Models.AuditLogTest" assertions="2" time="0.316522"/>
        <testcase name="test_fillable_attributes" file="C:\Users\Gaser\Desktop\COPRRA\tests\Unit\Models\AuditLogTest.php" line="23" class="Tests\Unit\Models\AuditLogTest" classname="Tests.Unit.Models.AuditLogTest" assertions="1" time="0.332452"/>
        <testcase name="test_user_relation" file="C:\Users\Gaser\Desktop\COPRRA\tests\Unit\Models\AuditLogTest.php" line="60" class="Tests\Unit\Models\AuditLogTest" classname="Tests.Unit.Models.AuditLogTest" assertions="2" time="0.294302"/>
        <testcase name="test_scope_for_model" file="C:\Users\Gaser\Desktop\COPRRA\tests\Unit\Models\AuditLogTest.php" line="107" class="Tests\Unit\Models\AuditLogTest" classname="Tests.Unit.Models.AuditLogTest" assertions="2" time="0.315088"/>
        <testcase name="test_get_changes_summary_attribute_only_old_values" file="C:\Users\Gaser\Desktop\COPRRA\tests\Unit\Models\AuditLogTest.php" line="152" class="Tests\Unit\Models\AuditLogTest" classname="Tests.Unit.Models.AuditLogTest" assertions="1" time="0.292169"/>
        <testcase name="test_get_changes_summary_attribute_null_values" file="C:\Users\Gaser\Desktop\COPRRA\tests\Unit\Models\AuditLogTest.php" line="203" class="Tests\Unit\Models\AuditLogTest" classname="Tests.Unit.Models.AuditLogTest" assertions="1" time="0.287423"/>
      </testsuite>
      <testsuite name="Tests\Unit\COPRRA\AnalyticsServiceTest" file="C:\Users\Gaser\Desktop\COPRRA\tests\Unit\COPRRA\AnalyticsServiceTest.php" tests="13" assertions="43" errors="0" failures="0" skipped="0" time="0.000000">
        <testcase name="test_it_handles_null_user_id" file="C:\Users\Gaser\Desktop\COPRRA\tests\Unit\COPRRA\AnalyticsServiceTest.php" line="206" class="Tests\Unit\COPRRA\AnalyticsServiceTest" classname="Tests.Unit.COPRRA.AnalyticsServiceTest" assertions="2" time="0.101173"/>
        <testcase name="test_it_gets_most_viewed_products" file="C:\Users\Gaser\Desktop\COPRRA\tests\Unit\COPRRA\AnalyticsServiceTest.php" line="77" class="Tests\Unit\COPRRA\AnalyticsServiceTest" classname="Tests.Unit.COPRRA.AnalyticsServiceTest" assertions="3" time="0.059892"/>
        <testcase name="test_it_cleans_old_analytics_data" file="C:\Users\Gaser\Desktop\COPRRA\tests\Unit\COPRRA\AnalyticsServiceTest.php" line="173" class="Tests\Unit\COPRRA\AnalyticsServiceTest" classname="Tests.Unit.COPRRA.AnalyticsServiceTest" assertions="3" time="0.068891"/>
        <testcase name="test_it_tracks_product_view_event" file="C:\Users\Gaser\Desktop\COPRRA\tests\Unit\COPRRA\AnalyticsServiceTest.php" line="37" class="Tests\Unit\COPRRA\AnalyticsServiceTest" classname="Tests.Unit.COPRRA.AnalyticsServiceTest" assertions="3" time="0.057992"/>
        <testcase name="test_it_does_not_track_when_disabled" file="C:\Users\Gaser\Desktop\COPRRA\tests\Unit\COPRRA\AnalyticsServiceTest.php" line="192" class="Tests\Unit\COPRRA\AnalyticsServiceTest" classname="Tests.Unit.COPRRA.AnalyticsServiceTest" assertions="2" time="0.056815"/>
        <testcase name="test_it_gets_dashboard_data" file="C:\Users\Gaser\Desktop\COPRRA\tests\Unit\COPRRA\AnalyticsServiceTest.php" line="155" class="Tests\Unit\COPRRA\AnalyticsServiceTest" classname="Tests.Unit.COPRRA.AnalyticsServiceTest" assertions="5" time="0.073271"/>
        <testcase name="test_it_tracks_search_event" file="C:\Users\Gaser\Desktop\COPRRA\tests\Unit\COPRRA\AnalyticsServiceTest.php" line="49" class="Tests\Unit\COPRRA\AnalyticsServiceTest" classname="Tests.Unit.COPRRA.AnalyticsServiceTest" assertions="4" time="0.095706"/>
        <testcase name="test_it_tracks_price_comparison_event" file="C:\Users\Gaser\Desktop\COPRRA\tests\Unit\COPRRA\AnalyticsServiceTest.php" line="23" class="Tests\Unit\COPRRA\AnalyticsServiceTest" classname="Tests.Unit.COPRRA.AnalyticsServiceTest" assertions="4" time="0.123280"/>
        <testcase name="test_it_handles_empty_metadata" file="C:\Users\Gaser\Desktop\COPRRA\tests\Unit\COPRRA\AnalyticsServiceTest.php" line="217" class="Tests\Unit\COPRRA\AnalyticsServiceTest" classname="Tests.Unit.COPRRA.AnalyticsServiceTest" assertions="2" time="0.056800"/>
        <testcase name="test_it_gets_most_searched_queries" file="C:\Users\Gaser\Desktop\COPRRA\tests\Unit\COPRRA\AnalyticsServiceTest.php" line="99" class="Tests\Unit\COPRRA\AnalyticsServiceTest" classname="Tests.Unit.COPRRA.AnalyticsServiceTest" assertions="4" time="0.054105"/>
        <testcase name="test_it_gets_price_comparison_statistics" file="C:\Users\Gaser\Desktop\COPRRA\tests\Unit\COPRRA\AnalyticsServiceTest.php" line="137" class="Tests\Unit\COPRRA\AnalyticsServiceTest" classname="Tests.Unit.COPRRA.AnalyticsServiceTest" assertions="4" time="0.060978"/>
        <testcase name="test_it_tracks_store_click_event" file="C:\Users\Gaser\Desktop\COPRRA\tests\Unit\COPRRA\AnalyticsServiceTest.php" line="63" class="Tests\Unit\COPRRA\AnalyticsServiceTest" classname="Tests.Unit.COPRRA.AnalyticsServiceTest" assertions="4" time="0.056481"/>
        <testcase name="test_it_gets_most_popular_stores" file="C:\Users\Gaser\Desktop\COPRRA\tests\Unit\COPRRA\AnalyticsServiceTest.php" line="114" class="Tests\Unit\COPRRA\AnalyticsServiceTest" classname="Tests.Unit.COPRRA.AnalyticsServiceTest" assertions="3" time="0.061697"/>
      </testsuite>
      <testsuite name="Tests\Unit\DataAccuracy\PaymentAccuracyTest" file="C:\Users\Gaser\Desktop\COPRRA\tests\Unit\DataAccuracy\PaymentAccuracyTest.php" tests="3" assertions="3" errors="0" failures="0" skipped="0" time="0.000000">
        <testcase name="test_validation" file="C:\Users\Gaser\Desktop\COPRRA\tests\Unit\DataAccuracy\PaymentAccuracyTest.php" line="24" class="Tests\Unit\DataAccuracy\PaymentAccuracyTest" classname="Tests.Unit.DataAccuracy.PaymentAccuracyTest" assertions="1" time="0.332429"/>
        <testcase name="test_expected_behavior" file="C:\Users\Gaser\Desktop\COPRRA\tests\Unit\DataAccuracy\PaymentAccuracyTest.php" line="17" class="Tests\Unit\DataAccuracy\PaymentAccuracyTest" classname="Tests.Unit.DataAccuracy.PaymentAccuracyTest" assertions="1" time="0.394984"/>
        <testcase name="test_basic_functionality" file="C:\Users\Gaser\Desktop\COPRRA\tests\Unit\DataAccuracy\PaymentAccuracyTest.php" line="10" class="Tests\Unit\DataAccuracy\PaymentAccuracyTest" classname="Tests.Unit.DataAccuracy.PaymentAccuracyTest" assertions="1" time="0.301860"/>
      </testsuite>
      <testsuite name="Tests\Unit\Integration\EndToEndIntegrationTest" file="C:\Users\Gaser\Desktop\COPRRA\tests\Unit\Integration\EndToEndIntegrationTest.php" tests="3" assertions="3" errors="0" failures="0" skipped="0" time="0.000000">
        <testcase name="test_validation" file="C:\Users\Gaser\Desktop\COPRRA\tests\Unit\Integration\EndToEndIntegrationTest.php" line="24" class="Tests\Unit\Integration\EndToEndIntegrationTest" classname="Tests.Unit.Integration.EndToEndIntegrationTest" assertions="1" time="0.287166"/>
        <testcase name="test_expected_behavior" file="C:\Users\Gaser\Desktop\COPRRA\tests\Unit\Integration\EndToEndIntegrationTest.php" line="17" class="Tests\Unit\Integration\EndToEndIntegrationTest" classname="Tests.Unit.Integration.EndToEndIntegrationTest" assertions="1" time="0.298599"/>
        <testcase name="test_basic_functionality" file="C:\Users\Gaser\Desktop\COPRRA\tests\Unit\Integration\EndToEndIntegrationTest.php" line="10" class="Tests\Unit\Integration\EndToEndIntegrationTest" classname="Tests.Unit.Integration.EndToEndIntegrationTest" assertions="1" time="0.374181"/>
      </testsuite>
      <testsuite name="Tests\Unit\Integration\APIIntegrationTest" file="C:\Users\Gaser\Desktop\COPRRA\tests\Unit\Integration\APIIntegrationTest.php" tests="3" assertions="3" errors="0" failures="0" skipped="0" time="0.000000">
        <testcase name="test_expected_behavior" file="C:\Users\Gaser\Desktop\COPRRA\tests\Unit\Integration\APIIntegrationTest.php" line="17" class="Tests\Unit\Integration\APIIntegrationTest" classname="Tests.Unit.Integration.APIIntegrationTest" assertions="1" time="0.302661"/>
        <testcase name="test_validation" file="C:\Users\Gaser\Desktop\COPRRA\tests\Unit\Integration\APIIntegrationTest.php" line="24" class="Tests\Unit\Integration\APIIntegrationTest" classname="Tests.Unit.Integration.APIIntegrationTest" assertions="1" time="0.302117"/>
        <testcase name="test_basic_functionality" file="C:\Users\Gaser\Desktop\COPRRA\tests\Unit\Integration\APIIntegrationTest.php" line="10" class="Tests\Unit\Integration\APIIntegrationTest" classname="Tests.Unit.Integration.APIIntegrationTest" assertions="1" time="0.313501"/>
      </testsuite>
      <testsuite name="Tests\Unit\DataQuality\DataAccuracyTest" file="C:\Users\Gaser\Desktop\COPRRA\tests\Unit\DataQuality\DataAccuracyTest.php" tests="4" assertions="6" errors="0" failures="0" skipped="0" time="0.000000">
        <testcase name="test_negative_values_handling" file="C:\Users\Gaser\Desktop\COPRRA\tests\Unit\DataQuality\DataAccuracyTest.php" line="72" class="Tests\Unit\DataQuality\DataAccuracyTest" classname="Tests.Unit.DataQuality.DataAccuracyTest" assertions="1" time="0.093808"/>
        <testcase name="test_price_calculation_accuracy" file="C:\Users\Gaser\Desktop\COPRRA\tests\Unit\DataQuality\DataAccuracyTest.php" line="16" class="Tests\Unit\DataQuality\DataAccuracyTest" classname="Tests.Unit.DataQuality.DataAccuracyTest" assertions="2" time="0.057878"/>
        <testcase name="test_currency_conversion_edge_cases" file="C:\Users\Gaser\Desktop\COPRRA\tests\Unit\DataQuality\DataAccuracyTest.php" line="35" class="Tests\Unit\DataQuality\DataAccuracyTest" classname="Tests.Unit.DataQuality.DataAccuracyTest" assertions="2" time="0.052825"/>
        <testcase name="test_complex_order_scenarios" file="C:\Users\Gaser\Desktop\COPRRA\tests\Unit\DataQuality\DataAccuracyTest.php" line="47" class="Tests\Unit\DataQuality\DataAccuracyTest" classname="Tests.Unit.DataQuality.DataAccuracyTest" assertions="1" time="0.069006"/>
      </testsuite>
      <testsuite name="Tests\Unit\Performance\FilteringPerformanceTest" file="C:\Users\Gaser\Desktop\COPRRA\tests\Unit\Performance\FilteringPerformanceTest.php" tests="3" assertions="3" errors="0" failures="0" skipped="0" time="0.000000">
        <testcase name="test_performance_metrics" file="C:\Users\Gaser\Desktop\COPRRA\tests\Unit\Performance\FilteringPerformanceTest.php" line="17" class="Tests\Unit\Performance\FilteringPerformanceTest" classname="Tests.Unit.Performance.FilteringPerformanceTest" assertions="1" time="0.292422"/>
        <testcase name="test_performance_basic_functionality" file="C:\Users\Gaser\Desktop\COPRRA\tests\Unit\Performance\FilteringPerformanceTest.php" line="10" class="Tests\Unit\Performance\FilteringPerformanceTest" classname="Tests.Unit.Performance.FilteringPerformanceTest" assertions="1" time="0.296694"/>
        <testcase name="test_performance_optimization" file="C:\Users\Gaser\Desktop\COPRRA\tests\Unit\Performance\FilteringPerformanceTest.php" line="24" class="Tests\Unit\Performance\FilteringPerformanceTest" classname="Tests.Unit.Performance.FilteringPerformanceTest" assertions="1" time="0.360937"/>
      </testsuite>
      <testsuite name="Tests\Unit\DataAccuracy\DataIntegrityTest" file="C:\Users\Gaser\Desktop\COPRRA\tests\Unit\DataAccuracy\DataIntegrityTest.php" tests="3" assertions="3" errors="0" failures="0" skipped="0" time="0.000000">
        <testcase name="test_validation" file="C:\Users\Gaser\Desktop\COPRRA\tests\Unit\DataAccuracy\DataIntegrityTest.php" line="24" class="Tests\Unit\DataAccuracy\DataIntegrityTest" classname="Tests.Unit.DataAccuracy.DataIntegrityTest" assertions="1" time="0.294620"/>
        <testcase name="test_expected_behavior" file="C:\Users\Gaser\Desktop\COPRRA\tests\Unit\DataAccuracy\DataIntegrityTest.php" line="17" class="Tests\Unit\DataAccuracy\DataIntegrityTest" classname="Tests.Unit.DataAccuracy.DataIntegrityTest" assertions="1" time="0.328808"/>
        <testcase name="test_basic_functionality" file="C:\Users\Gaser\Desktop\COPRRA\tests\Unit\DataAccuracy\DataIntegrityTest.php" line="10" class="Tests\Unit\DataAccuracy\DataIntegrityTest" classname="Tests.Unit.DataAccuracy.DataIntegrityTest" assertions="1" time="0.314329"/>
      </testsuite>
      <testsuite name="Tests\Unit\DataAccuracy\StoreDataValidationTest" file="C:\Users\Gaser\Desktop\COPRRA\tests\Unit\DataAccuracy\StoreDataValidationTest.php" tests="3" assertions="3" errors="0" failures="0" skipped="0" time="0.000000">
        <testcase name="test_validation" file="C:\Users\Gaser\Desktop\COPRRA\tests\Unit\DataAccuracy\StoreDataValidationTest.php" line="24" class="Tests\Unit\DataAccuracy\StoreDataValidationTest" classname="Tests.Unit.DataAccuracy.StoreDataValidationTest" assertions="1" time="0.296915"/>
        <testcase name="test_basic_functionality" file="C:\Users\Gaser\Desktop\COPRRA\tests\Unit\DataAccuracy\StoreDataValidationTest.php" line="10" class="Tests\Unit\DataAccuracy\StoreDataValidationTest" classname="Tests.Unit.DataAccuracy.StoreDataValidationTest" assertions="1" time="0.320870"/>
        <testcase name="test_expected_behavior" file="C:\Users\Gaser\Desktop\COPRRA\tests\Unit\DataAccuracy\StoreDataValidationTest.php" line="17" class="Tests\Unit\DataAccuracy\StoreDataValidationTest" classname="Tests.Unit.DataAccuracy.StoreDataValidationTest" assertions="1" time="0.294093"/>
      </testsuite>
      <testsuite name="Tests\Unit\Models\OrderTest" file="C:\Users\Gaser\Desktop\COPRRA\tests\Unit\Models\OrderTest.php" tests="5" assertions="8" errors="0" failures="0" skipped="0" time="0.000000">
        <testcase name="test_payments_relation" file="C:\Users\Gaser\Desktop\COPRRA\tests\Unit\Models\OrderTest.php" line="52" class="Tests\Unit\Models\OrderTest" classname="Tests.Unit.Models.OrderTest" assertions="2" time="0.316828"/>
        <testcase name="test_items_relation" file="C:\Users\Gaser\Desktop\COPRRA\tests\Unit\Models\OrderTest.php" line="39" class="Tests\Unit\Models\OrderTest" classname="Tests.Unit.Models.OrderTest" assertions="2" time="0.297179"/>
        <testcase name="test_scope_by_status" file="C:\Users\Gaser\Desktop\COPRRA\tests\Unit\Models\OrderTest.php" line="65" class="Tests\Unit\Models\OrderTest" classname="Tests.Unit.Models.OrderTest" assertions="1" time="0.360863"/>
        <testcase name="test_scope_for_user" file="C:\Users\Gaser\Desktop\COPRRA\tests\Unit\Models\OrderTest.php" line="80" class="Tests\Unit\Models\OrderTest" classname="Tests.Unit.Models.OrderTest" assertions="1" time="0.374095"/>
        <testcase name="test_user_relation" file="C:\Users\Gaser\Desktop\COPRRA\tests\Unit\Models\OrderTest.php" line="26" class="Tests\Unit\Models\OrderTest" classname="Tests.Unit.Models.OrderTest" assertions="2" time="0.296059"/>
      </testsuite>
    </testsuite>
    <testsuite name="Performance" tests="24" assertions="128" errors="0" failures="0" skipped="0" time="0.000000">
      <testsuite name="Tests\Performance\ApiResponseTimeTest" file="C:\Users\Gaser\Desktop\COPRRA\tests\Performance\ApiResponseTimeTest.php" tests="3" assertions="3" errors="0" failures="0" skipped="0" time="0.000000">
        <testcase name="test_api_response_time_is_acceptable" file="C:\Users\Gaser\Desktop\COPRRA\tests\Performance\ApiResponseTimeTest.php" line="9" class="Tests\Performance\ApiResponseTimeTest" classname="Tests.Performance.ApiResponseTimeTest" assertions="1" time="0.294754"/>
        <testcase name="test_api_response_time_under_load" file="C:\Users\Gaser\Desktop\COPRRA\tests\Performance\ApiResponseTimeTest.php" line="14" class="Tests\Performance\ApiResponseTimeTest" classname="Tests.Performance.ApiResponseTimeTest" assertions="1" time="0.330276"/>
        <testcase name="test_api_response_time_consistency" file="C:\Users\Gaser\Desktop\COPRRA\tests\Performance\ApiResponseTimeTest.php" line="19" class="Tests\Performance\ApiResponseTimeTest" classname="Tests.Performance.ApiResponseTimeTest" assertions="1" time="0.319240"/>
      </testsuite>
      <testsuite name="Tests\Performance\LoadTimeTest" file="C:\Users\Gaser\Desktop\COPRRA\tests\Performance\LoadTimeTest.php" tests="3" assertions="3" errors="0" failures="0" skipped="0" time="0.000000">
        <testcase name="test_asset_load_time" file="C:\Users\Gaser\Desktop\COPRRA\tests\Performance\LoadTimeTest.php" line="14" class="Tests\Performance\LoadTimeTest" classname="Tests.Performance.LoadTimeTest" assertions="1" time="0.292724"/>
        <testcase name="test_page_load_time" file="C:\Users\Gaser\Desktop\COPRRA\tests\Performance\LoadTimeTest.php" line="9" class="Tests\Performance\LoadTimeTest" classname="Tests.Performance.LoadTimeTest" assertions="1" time="0.283229"/>
        <testcase name="test_api_load_time" file="C:\Users\Gaser\Desktop\COPRRA\tests\Performance\LoadTimeTest.php" line="19" class="Tests\Performance\LoadTimeTest" classname="Tests.Performance.LoadTimeTest" assertions="1" time="0.328959"/>
      </testsuite>
      <testsuite name="Tests\Performance\CachePerformanceTest" file="C:\Users\Gaser\Desktop\COPRRA\tests\Performance\CachePerformanceTest.php" tests="3" assertions="3" errors="0" failures="0" skipped="0" time="0.000000">
        <testcase name="test_cache_memory_usage" file="C:\Users\Gaser\Desktop\COPRRA\tests\Performance\CachePerformanceTest.php" line="19" class="Tests\Performance\CachePerformanceTest" classname="Tests.Performance.CachePerformanceTest" assertions="1" time="0.374989"/>
        <testcase name="test_cache_hit_ratio" file="C:\Users\Gaser\Desktop\COPRRA\tests\Performance\CachePerformanceTest.php" line="14" class="Tests\Performance\CachePerformanceTest" classname="Tests.Performance.CachePerformanceTest" assertions="1" time="0.286414"/>
        <testcase name="test_cache_performance" file="C:\Users\Gaser\Desktop\COPRRA\tests\Performance\CachePerformanceTest.php" line="9" class="Tests\Performance\CachePerformanceTest" classname="Tests.Performance.CachePerformanceTest" assertions="1" time="0.301878"/>
      </testsuite>
      <testsuite name="Tests\Performance\DatabasePerformanceTest" file="C:\Users\Gaser\Desktop\COPRRA\tests\Performance\DatabasePerformanceTest.php" tests="3" assertions="3" errors="0" failures="0" skipped="0" time="0.000000">
        <testcase name="test_database_transaction_performance" file="C:\Users\Gaser\Desktop\COPRRA\tests\Performance\DatabasePerformanceTest.php" line="19" class="Tests\Performance\DatabasePerformanceTest" classname="Tests.Performance.DatabasePerformanceTest" assertions="1" time="0.363030"/>
        <testcase name="test_database_query_performance" file="C:\Users\Gaser\Desktop\COPRRA\tests\Performance\DatabasePerformanceTest.php" line="9" class="Tests\Performance\DatabasePerformanceTest" classname="Tests.Performance.DatabasePerformanceTest" assertions="1" time="0.340026"/>
        <testcase name="test_database_connection_performance" file="C:\Users\Gaser\Desktop\COPRRA\tests\Performance\DatabasePerformanceTest.php" line="14" class="Tests\Performance\DatabasePerformanceTest" classname="Tests.Performance.DatabasePerformanceTest" assertions="1" time="0.345093"/>
      </testsuite>
      <testsuite name="Tests\Performance\MemoryUsageTest" file="C:\Users\Gaser\Desktop\COPRRA\tests\Performance\MemoryUsageTest.php" tests="3" assertions="3" errors="0" failures="0" skipped="0" time="0.000000">
        <testcase name="test_memory_usage_is_reasonable" file="C:\Users\Gaser\Desktop\COPRRA\tests\Performance\MemoryUsageTest.php" line="9" class="Tests\Performance\MemoryUsageTest" classname="Tests.Performance.MemoryUsageTest" assertions="1" time="0.329586"/>
        <testcase name="test_memory_cleanup_works" file="C:\Users\Gaser\Desktop\COPRRA\tests\Performance\MemoryUsageTest.php" line="19" class="Tests\Performance\MemoryUsageTest" classname="Tests.Performance.MemoryUsageTest" assertions="1" time="0.287319"/>
        <testcase name="test_memory_leaks_are_prevented" file="C:\Users\Gaser\Desktop\COPRRA\tests\Performance\MemoryUsageTest.php" line="14" class="Tests\Performance\MemoryUsageTest" classname="Tests.Performance.MemoryUsageTest" assertions="1" time="0.332054"/>
      </testsuite>
      <testsuite name="Tests\Performance\PerformanceBenchmarkTest" file="C:\Users\Gaser\Desktop\COPRRA\tests\Performance\PerformanceBenchmarkTest.php" tests="3" assertions="107" errors="0" failures="0" skipped="0" time="0.000000">
        <testcase name="test_benchmark_comparison" file="C:\Users\Gaser\Desktop\COPRRA\tests\Performance\PerformanceBenchmarkTest.php" line="26" class="Tests\Performance\PerformanceBenchmarkTest" classname="Tests.Performance.PerformanceBenchmarkTest" assertions="3" time="0.355113"/>
        <testcase name="test_benchmark_trends" file="C:\Users\Gaser\Desktop\COPRRA\tests\Performance\PerformanceBenchmarkTest.php" line="44" class="Tests\Performance\PerformanceBenchmarkTest" classname="Tests.Performance.PerformanceBenchmarkTest" assertions="102" time="0.290464"/>
        <testcase name="test_performance_benchmark" file="C:\Users\Gaser\Desktop\COPRRA\tests\Performance\PerformanceBenchmarkTest.php" line="9" class="Tests\Performance\PerformanceBenchmarkTest" classname="Tests.Performance.PerformanceBenchmarkTest" assertions="2" time="0.289359"/>
      </testsuite>
      <testsuite name="Tests\Performance\AdvancedPerformanceTest" file="C:\Users\Gaser\Desktop\COPRRA\tests\Performance\AdvancedPerformanceTest.php" tests="3" assertions="3" errors="0" failures="0" skipped="0" time="0.000000">
        <testcase name="test_advanced_performance_metrics" file="C:\Users\Gaser\Desktop\COPRRA\tests\Performance\AdvancedPerformanceTest.php" line="9" class="Tests\Performance\AdvancedPerformanceTest" classname="Tests.Performance.AdvancedPerformanceTest" assertions="1" time="0.293863"/>
        <testcase name="test_advanced_response_times" file="C:\Users\Gaser\Desktop\COPRRA\tests\Performance\AdvancedPerformanceTest.php" line="19" class="Tests\Performance\AdvancedPerformanceTest" classname="Tests.Performance.AdvancedPerformanceTest" assertions="1" time="0.354358"/>
        <testcase name="test_advanced_memory_usage" file="C:\Users\Gaser\Desktop\COPRRA\tests\Performance\AdvancedPerformanceTest.php" line="14" class="Tests\Performance\AdvancedPerformanceTest" classname="Tests.Performance.AdvancedPerformanceTest" assertions="1" time="0.289211"/>
      </testsuite>
      <testsuite name="Tests\Performance\LoadTestingTest" file="C:\Users\Gaser\Desktop\COPRRA\tests\Performance\LoadTestingTest.php" tests="3" assertions="3" errors="0" failures="0" skipped="0" time="0.000000">
        <testcase name="test_load_testing_high" file="C:\Users\Gaser\Desktop\COPRRA\tests\Performance\LoadTestingTest.php" line="19" class="Tests\Performance\LoadTestingTest" classname="Tests.Performance.LoadTestingTest" assertions="1" time="0.291247"/>
        <testcase name="test_load_testing_basic" file="C:\Users\Gaser\Desktop\COPRRA\tests\Performance\LoadTestingTest.php" line="9" class="Tests\Performance\LoadTestingTest" classname="Tests.Performance.LoadTestingTest" assertions="1" time="0.301418"/>
        <testcase name="test_load_testing_medium" file="C:\Users\Gaser\Desktop\COPRRA\tests\Performance\LoadTestingTest.php" line="14" class="Tests\Performance\LoadTestingTest" classname="Tests.Performance.LoadTestingTest" assertions="1" time="0.308826"/>
      </testsuite>
    </testsuite>
    <testsuite name="AI" tests="162" assertions="673" errors="0" failures="0" skipped="0" time="0.000000">
      <testsuite name="Tests\AI\TextProcessingTest" file="C:\Users\Gaser\Desktop\COPRRA\tests\AI\TextProcessingTest.php" tests="8" assertions="8" errors="0" failures="0" skipped="0" time="0.000000">
        <testcase name="can_extract_keywords" file="C:\Users\Gaser\Desktop\COPRRA\tests\AI\TextProcessingTest.php" line="17" class="Tests\AI\TextProcessingTest" classname="Tests.AI.TextProcessingTest" assertions="1" time="0.000340"/>
        <testcase name="can_normalize_text" file="C:\Users\Gaser\Desktop\COPRRA\tests\AI\TextProcessingTest.php" line="35" class="Tests\AI\TextProcessingTest" classname="Tests.AI.TextProcessingTest" assertions="1" time="0.000301"/>
        <testcase name="can_extract_entities" file="C:\Users\Gaser\Desktop\COPRRA\tests\AI\TextProcessingTest.php" line="47" class="Tests\AI\TextProcessingTest" classname="Tests.AI.TextProcessingTest" assertions="1" time="0.000311"/>
        <testcase name="can_handle_mixed_languages" file="C:\Users\Gaser\Desktop\COPRRA\tests\AI\TextProcessingTest.php" line="41" class="Tests\AI\TextProcessingTest" classname="Tests.AI.TextProcessingTest" assertions="1" time="0.000321"/>
        <testcase name="can_detect_sentiment" file="C:\Users\Gaser\Desktop\COPRRA\tests\AI\TextProcessingTest.php" line="23" class="Tests\AI\TextProcessingTest" classname="Tests.AI.TextProcessingTest" assertions="1" time="0.000293"/>
        <testcase name="can_summarize_text" file="C:\Users\Gaser\Desktop\COPRRA\tests\AI\TextProcessingTest.php" line="53" class="Tests\AI\TextProcessingTest" classname="Tests.AI.TextProcessingTest" assertions="1" time="0.000305"/>
        <testcase name="can_process_arabic_text" file="C:\Users\Gaser\Desktop\COPRRA\tests\AI\TextProcessingTest.php" line="11" class="Tests\AI\TextProcessingTest" classname="Tests.AI.TextProcessingTest" assertions="1" time="0.000306"/>
        <testcase name="can_remove_stop_words" file="C:\Users\Gaser\Desktop\COPRRA\tests\AI\TextProcessingTest.php" line="29" class="Tests\AI\TextProcessingTest" classname="Tests.AI.TextProcessingTest" assertions="1" time="0.000295"/>
      </testsuite>
      <testsuite name="Tests\AI\AIResponseTimeTest" file="C:\Users\Gaser\Desktop\COPRRA\tests\AI\AIResponseTimeTest.php" tests="8" assertions="17" errors="0" failures="0" skipped="0" time="0.000000">
        <testcase name="response_time_improves_with_caching" file="C:\Users\Gaser\Desktop\COPRRA\tests\AI\AIResponseTimeTest.php" line="135" class="Tests\AI\AIResponseTimeTest" classname="Tests.AI.AIResponseTimeTest" assertions="2" time="0.001520"/>
        <testcase name="image_processing_response_time_is_acceptable" file="C:\Users\Gaser\Desktop\COPRRA\tests\AI\AIResponseTimeTest.php" line="69" class="Tests\AI\AIResponseTimeTest" classname="Tests.AI.AIResponseTimeTest" assertions="2" time="0.000417"/>
        <testcase name="recommendation_generation_response_time_is_acceptable" file="C:\Users\Gaser\Desktop\COPRRA\tests\AI\AIResponseTimeTest.php" line="46" class="Tests\AI\AIResponseTimeTest" classname="Tests.AI.AIResponseTimeTest" assertions="2" time="0.000481"/>
        <testcase name="concurrent_requests_handle_gracefully" file="C:\Users\Gaser\Desktop\COPRRA\tests\AI\AIResponseTimeTest.php" line="115" class="Tests\AI\AIResponseTimeTest" classname="Tests.AI.AIResponseTimeTest" assertions="2" time="0.000427"/>
        <testcase name="product_classification_response_time_is_acceptable" file="C:\Users\Gaser\Desktop\COPRRA\tests\AI\AIResponseTimeTest.php" line="29" class="Tests\AI\AIResponseTimeTest" classname="Tests.AI.AIResponseTimeTest" assertions="2" time="0.000388"/>
        <testcase name="text_analysis_response_time_is_acceptable" file="C:\Users\Gaser\Desktop\COPRRA\tests\AI\AIResponseTimeTest.php" line="14" class="Tests\AI\AIResponseTimeTest" classname="Tests.AI.AIResponseTimeTest" assertions="2" time="0.000398"/>
        <testcase name="batch_processing_response_time_is_acceptable" file="C:\Users\Gaser\Desktop\COPRRA\tests\AI\AIResponseTimeTest.php" line="87" class="Tests\AI\AIResponseTimeTest" classname="Tests.AI.AIResponseTimeTest" assertions="2" time="0.000418"/>
        <testcase name="response_time_scales_linearly_with_input_size" file="C:\Users\Gaser\Desktop\COPRRA\tests\AI\AIResponseTimeTest.php" line="157" class="Tests\AI\AIResponseTimeTest" classname="Tests.AI.AIResponseTimeTest" assertions="3" time="0.000462"/>
      </testsuite>
      <testsuite name="Tests\AI\AIModelTest" file="C:\Users\Gaser\Desktop\COPRRA\tests\AI\AIModelTest.php" tests="5" assertions="7" errors="0" failures="0" skipped="0" time="0.000000">
        <testcase name="ai_model_initializes_correctly" file="C:\Users\Gaser\Desktop\COPRRA\tests\AI\AIModelTest.php" line="14" class="Tests\AI\AIModelTest" classname="Tests.AI.AIModelTest" assertions="1" time="0.000374"/>
        <testcase name="ai_can_generate_recommendations" file="C:\Users\Gaser\Desktop\COPRRA\tests\AI\AIModelTest.php" line="48" class="Tests\AI\AIModelTest" classname="Tests.AI.AIModelTest" assertions="1" time="0.000393"/>
        <testcase name="ai_can_analyze_text" file="C:\Users\Gaser\Desktop\COPRRA\tests\AI\AIModelTest.php" line="22" class="Tests\AI\AIModelTest" classname="Tests.AI.AIModelTest" assertions="2" time="0.000402"/>
        <testcase name="ai_can_analyze_images" file="C:\Users\Gaser\Desktop\COPRRA\tests\AI\AIModelTest.php" line="64" class="Tests\AI\AIModelTest" classname="Tests.AI.AIModelTest" assertions="1" time="0.000386"/>
        <testcase name="ai_can_classify_products" file="C:\Users\Gaser\Desktop\COPRRA\tests\AI\AIModelTest.php" line="36" class="Tests\AI\AIModelTest" classname="Tests.AI.AIModelTest" assertions="2" time="0.000393"/>
      </testsuite>
      <testsuite name="Tests\AI\AILearningTest" file="C:\Users\Gaser\Desktop\COPRRA\tests\AI\AILearningTest.php" tests="4" assertions="9" errors="0" failures="0" skipped="0" time="0.000000">
        <testcase name="ai_learns_from_classification_feedback" file="C:\Users\Gaser\Desktop\COPRRA\tests\AI\AILearningTest.php" line="33" class="Tests\AI\AILearningTest" classname="Tests.AI.AILearningTest" assertions="3" time="0.000430"/>
        <testcase name="ai_learns_from_recommendation_feedback" file="C:\Users\Gaser\Desktop\COPRRA\tests\AI\AILearningTest.php" line="53" class="Tests\AI\AILearningTest" classname="Tests.AI.AILearningTest" assertions="2" time="0.000394"/>
        <testcase name="ai_learns_from_image_analysis_feedback" file="C:\Users\Gaser\Desktop\COPRRA\tests\AI\AILearningTest.php" line="73" class="Tests\AI\AILearningTest" classname="Tests.AI.AILearningTest" assertions="2" time="0.000389"/>
        <testcase name="ai_learns_from_text_feedback" file="C:\Users\Gaser\Desktop\COPRRA\tests\AI\AILearningTest.php" line="13" class="Tests\AI\AILearningTest" classname="Tests.AI.AILearningTest" assertions="2" time="0.000397"/>
      </testsuite>
      <testsuite name="Tests\AI\ContinuousQualityMonitorTest" file="C:\Users\Gaser\Desktop\COPRRA\tests\AI\ContinuousQualityMonitorTest.php" tests="11" assertions="11" errors="0" failures="0" skipped="0" time="0.000000">
        <testcase name="monitor_triggers_critical_alerts" file="C:\Users\Gaser\Desktop\COPRRA\tests\AI\ContinuousQualityMonitorTest.php" line="41" class="Tests\AI\ContinuousQualityMonitorTest" classname="Tests.AI.ContinuousQualityMonitorTest" assertions="1" time="0.000302"/>
        <testcase name="monitor_returns_alerts_summary" file="C:\Users\Gaser\Desktop\COPRRA\tests\AI\ContinuousQualityMonitorTest.php" line="65" class="Tests\AI\ContinuousQualityMonitorTest" classname="Tests.AI.ContinuousQualityMonitorTest" assertions="1" time="0.000392"/>
        <testcase name="monitor_updates_health_status" file="C:\Users\Gaser\Desktop\COPRRA\tests\AI\ContinuousQualityMonitorTest.php" line="53" class="Tests\AI\ContinuousQualityMonitorTest" classname="Tests.AI.ContinuousQualityMonitorTest" assertions="1" time="0.000311"/>
        <testcase name="monitor_calculates_health_scores_correctly" file="C:\Users\Gaser\Desktop\COPRRA\tests\AI\ContinuousQualityMonitorTest.php" line="29" class="Tests\AI\ContinuousQualityMonitorTest" classname="Tests.AI.ContinuousQualityMonitorTest" assertions="1" time="0.000457"/>
        <testcase name="monitor_handles_failed_commands" file="C:\Users\Gaser\Desktop\COPRRA\tests\AI\ContinuousQualityMonitorTest.php" line="35" class="Tests\AI\ContinuousQualityMonitorTest" classname="Tests.AI.ContinuousQualityMonitorTest" assertions="1" time="0.000367"/>
        <testcase name="monitor_can_clear_alerts" file="C:\Users\Gaser\Desktop\COPRRA\tests\AI\ContinuousQualityMonitorTest.php" line="71" class="Tests\AI\ContinuousQualityMonitorTest" classname="Tests.AI.ContinuousQualityMonitorTest" assertions="1" time="0.000309"/>
        <testcase name="monitor_performs_quality_check" file="C:\Users\Gaser\Desktop\COPRRA\tests\AI\ContinuousQualityMonitorTest.php" line="23" class="Tests\AI\ContinuousQualityMonitorTest" classname="Tests.AI.ContinuousQualityMonitorTest" assertions="1" time="0.000303"/>
        <testcase name="monitor_returns_health_status" file="C:\Users\Gaser\Desktop\COPRRA\tests\AI\ContinuousQualityMonitorTest.php" line="59" class="Tests\AI\ContinuousQualityMonitorTest" classname="Tests.AI.ContinuousQualityMonitorTest" assertions="1" time="0.000302"/>
        <testcase name="monitor_has_required_rules" file="C:\Users\Gaser\Desktop\COPRRA\tests\AI\ContinuousQualityMonitorTest.php" line="17" class="Tests\AI\ContinuousQualityMonitorTest" classname="Tests.AI.ContinuousQualityMonitorTest" assertions="1" time="0.000300"/>
        <testcase name="monitor_initializes_correctly" file="C:\Users\Gaser\Desktop\COPRRA\tests\AI\ContinuousQualityMonitorTest.php" line="11" class="Tests\AI\ContinuousQualityMonitorTest" classname="Tests.AI.ContinuousQualityMonitorTest" assertions="1" time="0.000300"/>
        <testcase name="monitor_triggers_warning_alerts" file="C:\Users\Gaser\Desktop\COPRRA\tests\AI\ContinuousQualityMonitorTest.php" line="47" class="Tests\AI\ContinuousQualityMonitorTest" classname="Tests.AI.ContinuousQualityMonitorTest" assertions="1" time="0.000419"/>
      </testsuite>
      <testsuite name="Tests\AI\AIModelPerformanceTest" file="C:\Users\Gaser\Desktop\COPRRA\tests\AI\AIModelPerformanceTest.php" tests="5" assertions="13" errors="0" failures="0" skipped="0" time="0.000000">
        <testcase name="ai_model_response_time_is_acceptable" file="C:\Users\Gaser\Desktop\COPRRA\tests\AI\AIModelPerformanceTest.php" line="11" class="Tests\AI\AIModelPerformanceTest" classname="Tests.AI.AIModelPerformanceTest" assertions="2" time="0.000315"/>
        <testcase name="ai_model_memory_usage_is_reasonable" file="C:\Users\Gaser\Desktop\COPRRA\tests\AI\AIModelPerformanceTest.php" line="41" class="Tests\AI\AIModelPerformanceTest" classname="Tests.AI.AIModelPerformanceTest" assertions="1" time="0.000305"/>
        <testcase name="ai_model_handles_large_input" file="C:\Users\Gaser\Desktop\COPRRA\tests\AI\AIModelPerformanceTest.php" line="26" class="Tests\AI\AIModelPerformanceTest" classname="Tests.AI.AIModelPerformanceTest" assertions="2" time="0.000616"/>
        <testcase name="ai_model_accuracy_remains_consistent" file="C:\Users\Gaser\Desktop\COPRRA\tests\AI\AIModelPerformanceTest.php" line="72" class="Tests\AI\AIModelPerformanceTest" classname="Tests.AI.AIModelPerformanceTest" assertions="2" time="0.000300"/>
        <testcase name="ai_model_handles_concurrent_requests" file="C:\Users\Gaser\Desktop\COPRRA\tests\AI\AIModelPerformanceTest.php" line="55" class="Tests\AI\AIModelPerformanceTest" classname="Tests.AI.AIModelPerformanceTest" assertions="6" time="0.000335"/>
      </testsuite>
      <testsuite name="Tests\AI\AIErrorHandlingTest" file="C:\Users\Gaser\Desktop\COPRRA\tests\AI\AIErrorHandlingTest.php" tests="6" assertions="6" errors="0" failures="0" skipped="0" time="0.000000">
        <testcase name="ai_returns_meaningful_error_messages" file="C:\Users\Gaser\Desktop\COPRRA\tests\AI\AIErrorHandlingTest.php" line="87" class="Tests\AI\AIErrorHandlingTest" classname="Tests.AI.AIErrorHandlingTest" assertions="1" time="0.000387"/>
        <testcase name="ai_handles_concurrent_requests" file="C:\Users\Gaser\Desktop\COPRRA\tests\AI\AIErrorHandlingTest.php" line="101" class="Tests\AI\AIErrorHandlingTest" classname="Tests.AI.AIErrorHandlingTest" assertions="1" time="0.000412"/>
        <testcase name="ai_handles_malformed_json" file="C:\Users\Gaser\Desktop\COPRRA\tests\AI\AIErrorHandlingTest.php" line="47" class="Tests\AI\AIErrorHandlingTest" classname="Tests.AI.AIErrorHandlingTest" assertions="1" time="0.000400"/>
        <testcase name="ai_handles_invalid_input_gracefully" file="C:\Users\Gaser\Desktop\COPRRA\tests\AI\AIErrorHandlingTest.php" line="34" class="Tests\AI\AIErrorHandlingTest" classname="Tests.AI.AIErrorHandlingTest" assertions="1" time="0.000376"/>
        <testcase name="ai_logs_errors_properly" file="C:\Users\Gaser\Desktop\COPRRA\tests\AI\AIErrorHandlingTest.php" line="73" class="Tests\AI\AIErrorHandlingTest" classname="Tests.AI.AIErrorHandlingTest" assertions="1" time="0.000357"/>
        <testcase name="ai_handles_network_timeout" file="C:\Users\Gaser\Desktop\COPRRA\tests\AI\AIErrorHandlingTest.php" line="60" class="Tests\AI\AIErrorHandlingTest" classname="Tests.AI.AIErrorHandlingTest" assertions="1" time="0.000371"/>
      </testsuite>
      <testsuite name="Tests\AI\AIAccuracyTest" file="C:\Users\Gaser\Desktop\COPRRA\tests\AI\AIAccuracyTest.php" tests="36" assertions="420" errors="0" failures="0" skipped="0" time="0.000000">
        <testsuite name="Tests\AI\AIAccuracyTest::recommendation_relevance_is_acceptable" tests="3" assertions="51" errors="0" failures="0" skipped="0" time="0.000000">
          <testcase name="recommendation_relevance_is_acceptable with data set &quot;electronics_preference&quot;" file="C:\Users\Gaser\Desktop\COPRRA\tests\AI\AIAccuracyTest.php" line="205" class="Tests\AI\AIAccuracyTest" classname="Tests.AI.AIAccuracyTest" assertions="17" time="0.000622"/>
          <testcase name="recommendation_relevance_is_acceptable with data set &quot;no_preferences&quot;" file="C:\Users\Gaser\Desktop\COPRRA\tests\AI\AIAccuracyTest.php" line="205" class="Tests\AI\AIAccuracyTest" classname="Tests.AI.AIAccuracyTest" assertions="17" time="0.000491"/>
          <testcase name="recommendation_relevance_is_acceptable with data set &quot;empty_products&quot;" file="C:\Users\Gaser\Desktop\COPRRA\tests\AI\AIAccuracyTest.php" line="205" class="Tests\AI\AIAccuracyTest" classname="Tests.AI.AIAccuracyTest" assertions="17" time="0.000532"/>
        </testsuite>
        <testsuite name="Tests\AI\AIAccuracyTest::product_classification_accuracy_is_acceptable" tests="6" assertions="72" errors="0" failures="0" skipped="0" time="0.000000">
          <testcase name="product_classification_accuracy_is_acceptable with data set &quot;electronics_phone&quot;" file="C:\Users\Gaser\Desktop\COPRRA\tests\AI\AIAccuracyTest.php" line="71" class="Tests\AI\AIAccuracyTest" classname="Tests.AI.AIAccuracyTest" assertions="12" time="0.000449"/>
          <testcase name="product_classification_accuracy_is_acceptable with data set &quot;sports_football&quot;" file="C:\Users\Gaser\Desktop\COPRRA\tests\AI\AIAccuracyTest.php" line="71" class="Tests\AI\AIAccuracyTest" classname="Tests.AI.AIAccuracyTest" assertions="12" time="0.000462"/>
          <testcase name="product_classification_accuracy_is_acceptable with data set &quot;books_programming&quot;" file="C:\Users\Gaser\Desktop\COPRRA\tests\AI\AIAccuracyTest.php" line="71" class="Tests\AI\AIAccuracyTest" classname="Tests.AI.AIAccuracyTest" assertions="12" time="0.000462"/>
          <testcase name="product_classification_accuracy_is_acceptable with data set &quot;furniture_chair&quot;" file="C:\Users\Gaser\Desktop\COPRRA\tests\AI\AIAccuracyTest.php" line="71" class="Tests\AI\AIAccuracyTest" classname="Tests.AI.AIAccuracyTest" assertions="12" time="0.000447"/>
          <testcase name="product_classification_accuracy_is_acceptable with data set &quot;clothing_shirt&quot;" file="C:\Users\Gaser\Desktop\COPRRA\tests\AI\AIAccuracyTest.php" line="71" class="Tests\AI\AIAccuracyTest" classname="Tests.AI.AIAccuracyTest" assertions="12" time="0.000449"/>
          <testcase name="product_classification_accuracy_is_acceptable with data set &quot;empty_data&quot;" file="C:\Users\Gaser\Desktop\COPRRA\tests\AI\AIAccuracyTest.php" line="71" class="Tests\AI\AIAccuracyTest" classname="Tests.AI.AIAccuracyTest" assertions="12" time="0.000456"/>
        </testsuite>
        <testsuite name="Tests\AI\AIAccuracyTest::keyword_extraction_accuracy_is_acceptable" tests="5" assertions="32" errors="0" failures="0" skipped="0" time="0.000000">
          <testcase name="keyword_extraction_accuracy_is_acceptable with data set &quot;empty_text&quot;" file="C:\Users\Gaser\Desktop\COPRRA\tests\AI\AIAccuracyTest.php" line="133" class="Tests\AI\AIAccuracyTest" classname="Tests.AI.AIAccuracyTest" assertions="4" time="0.000402"/>
          <testcase name="keyword_extraction_accuracy_is_acceptable with data set &quot;clothing_description&quot;" file="C:\Users\Gaser\Desktop\COPRRA\tests\AI\AIAccuracyTest.php" line="133" class="Tests\AI\AIAccuracyTest" classname="Tests.AI.AIAccuracyTest" assertions="7" time="0.000417"/>
          <testcase name="keyword_extraction_accuracy_is_acceptable with data set &quot;single_word&quot;" file="C:\Users\Gaser\Desktop\COPRRA\tests\AI\AIAccuracyTest.php" line="133" class="Tests\AI\AIAccuracyTest" classname="Tests.AI.AIAccuracyTest" assertions="7" time="0.000495"/>
          <testcase name="keyword_extraction_accuracy_is_acceptable with data set &quot;phone_description&quot;" file="C:\Users\Gaser\Desktop\COPRRA\tests\AI\AIAccuracyTest.php" line="133" class="Tests\AI\AIAccuracyTest" classname="Tests.AI.AIAccuracyTest" assertions="7" time="0.000448"/>
          <testcase name="keyword_extraction_accuracy_is_acceptable with data set &quot;laptop_description&quot;" file="C:\Users\Gaser\Desktop\COPRRA\tests\AI\AIAccuracyTest.php" line="133" class="Tests\AI\AIAccuracyTest" classname="Tests.AI.AIAccuracyTest" assertions="7" time="0.000448"/>
        </testsuite>
        <testsuite name="Tests\AI\AIAccuracyTest::sentiment_analysis_accuracy_is_acceptable" tests="8" assertions="104" errors="0" failures="0" skipped="0" time="0.000000">
          <testcase name="sentiment_analysis_accuracy_is_acceptable with data set &quot;positive_arabic_text&quot;" file="C:\Users\Gaser\Desktop\COPRRA\tests\AI\AIAccuracyTest.php" line="31" class="Tests\AI\AIAccuracyTest" classname="Tests.AI.AIAccuracyTest" assertions="13" time="0.000553"/>
          <testcase name="sentiment_analysis_accuracy_is_acceptable with data set &quot;strong_positive&quot;" file="C:\Users\Gaser\Desktop\COPRRA\tests\AI\AIAccuracyTest.php" line="31" class="Tests\AI\AIAccuracyTest" classname="Tests.AI.AIAccuracyTest" assertions="13" time="0.000460"/>
          <testcase name="sentiment_analysis_accuracy_is_acceptable with data set &quot;empty_text&quot;" file="C:\Users\Gaser\Desktop\COPRRA\tests\AI\AIAccuracyTest.php" line="31" class="Tests\AI\AIAccuracyTest" classname="Tests.AI.AIAccuracyTest" assertions="13" time="0.000452"/>
          <testcase name="sentiment_analysis_accuracy_is_acceptable with data set &quot;neutral_arabic_text&quot;" file="C:\Users\Gaser\Desktop\COPRRA\tests\AI\AIAccuracyTest.php" line="31" class="Tests\AI\AIAccuracyTest" classname="Tests.AI.AIAccuracyTest" assertions="13" time="0.000442"/>
          <testcase name="sentiment_analysis_accuracy_is_acceptable with data set &quot;strong_negative&quot;" file="C:\Users\Gaser\Desktop\COPRRA\tests\AI\AIAccuracyTest.php" line="31" class="Tests\AI\AIAccuracyTest" classname="Tests.AI.AIAccuracyTest" assertions="13" time="0.000454"/>
          <testcase name="sentiment_analysis_accuracy_is_acceptable with data set &quot;mixed_sentiment&quot;" file="C:\Users\Gaser\Desktop\COPRRA\tests\AI\AIAccuracyTest.php" line="31" class="Tests\AI\AIAccuracyTest" classname="Tests.AI.AIAccuracyTest" assertions="13" time="0.000445"/>
          <testcase name="sentiment_analysis_accuracy_is_acceptable with data set &quot;negative_arabic_text&quot;" file="C:\Users\Gaser\Desktop\COPRRA\tests\AI\AIAccuracyTest.php" line="31" class="Tests\AI\AIAccuracyTest" classname="Tests.AI.AIAccuracyTest" assertions="13" time="0.000610"/>
          <testcase name="sentiment_analysis_accuracy_is_acceptable with data set &quot;special_characters&quot;" file="C:\Users\Gaser\Desktop\COPRRA\tests\AI\AIAccuracyTest.php" line="31" class="Tests\AI\AIAccuracyTest" classname="Tests.AI.AIAccuracyTest" assertions="13" time="0.000493"/>
        </testsuite>
        <testcase name="ai_handles_error_conditions_gracefully" file="C:\Users\Gaser\Desktop\COPRRA\tests\AI\AIAccuracyTest.php" line="421" class="Tests\AI\AIAccuracyTest" classname="Tests.AI.AIAccuracyTest" assertions="18" time="0.000795"/>
        <testsuite name="Tests\AI\AIAccuracyTest::image_analysis_accuracy_is_acceptable" tests="4" assertions="55" errors="0" failures="0" skipped="0" time="0.000000">
          <testcase name="image_analysis_accuracy_is_acceptable with data set &quot;phone_image&quot;" file="C:\Users\Gaser\Desktop\COPRRA\tests\AI\AIAccuracyTest.php" line="270" class="Tests\AI\AIAccuracyTest" classname="Tests.AI.AIAccuracyTest" assertions="14" time="0.000497"/>
          <testcase name="image_analysis_accuracy_is_acceptable with data set &quot;laptop_image&quot;" file="C:\Users\Gaser\Desktop\COPRRA\tests\AI\AIAccuracyTest.php" line="270" class="Tests\AI\AIAccuracyTest" classname="Tests.AI.AIAccuracyTest" assertions="14" time="0.000510"/>
          <testcase name="image_analysis_accuracy_is_acceptable with data set &quot;invalid_image&quot;" file="C:\Users\Gaser\Desktop\COPRRA\tests\AI\AIAccuracyTest.php" line="270" class="Tests\AI\AIAccuracyTest" classname="Tests.AI.AIAccuracyTest" assertions="13" time="0.000449"/>
          <testcase name="image_analysis_accuracy_is_acceptable with data set &quot;shirt_image&quot;" file="C:\Users\Gaser\Desktop\COPRRA\tests\AI\AIAccuracyTest.php" line="270" class="Tests\AI\AIAccuracyTest" classname="Tests.AI.AIAccuracyTest" assertions="14" time="0.000515"/>
        </testsuite>
        <testcase name="test_can_be_instantiated" file="C:\Users\Gaser\Desktop\COPRRA\tests\AI\AIAccuracyTest.php" line="456" class="Tests\AI\AIAccuracyTest" classname="Tests.AI.AIAccuracyTest" assertions="1" time="0.000431"/>
        <testsuite name="Tests\AI\AIAccuracyTest::ai_learns_from_corrective_feedback" tests="3" assertions="33" errors="0" failures="0" skipped="0" time="0.000000">
          <testcase name="ai_learns_from_corrective_feedback with data set &quot;neutral_feedback&quot;" file="C:\Users\Gaser\Desktop\COPRRA\tests\AI\AIAccuracyTest.php" line="372" class="Tests\AI\AIAccuracyTest" classname="Tests.AI.AIAccuracyTest" assertions="11" time="0.001060"/>
          <testcase name="ai_learns_from_corrective_feedback with data set &quot;negative_feedback&quot;" file="C:\Users\Gaser\Desktop\COPRRA\tests\AI\AIAccuracyTest.php" line="372" class="Tests\AI\AIAccuracyTest" classname="Tests.AI.AIAccuracyTest" assertions="11" time="0.000437"/>
          <testcase name="ai_learns_from_corrective_feedback with data set &quot;positive_feedback&quot;" file="C:\Users\Gaser\Desktop\COPRRA\tests\AI\AIAccuracyTest.php" line="372" class="Tests\AI\AIAccuracyTest" classname="Tests.AI.AIAccuracyTest" assertions="11" time="0.000550"/>
        </testsuite>
        <testsuite name="Tests\AI\AIAccuracyTest::confidence_scores_are_reasonable" tests="5" assertions="54" errors="0" failures="0" skipped="0" time="0.000000">
          <testcase name="confidence_scores_are_reasonable with data set &quot;ambiguous_text&quot;" file="C:\Users\Gaser\Desktop\COPRRA\tests\AI\AIAccuracyTest.php" line="332" class="Tests\AI\AIAccuracyTest" classname="Tests.AI.AIAccuracyTest" assertions="11" time="0.000549"/>
          <testcase name="confidence_scores_are_reasonable with data set &quot;empty_text&quot;" file="C:\Users\Gaser\Desktop\COPRRA\tests\AI\AIAccuracyTest.php" line="332" class="Tests\AI\AIAccuracyTest" classname="Tests.AI.AIAccuracyTest" assertions="10" time="0.000459"/>
          <testcase name="confidence_scores_are_reasonable with data set &quot;neutral_text&quot;" file="C:\Users\Gaser\Desktop\COPRRA\tests\AI\AIAccuracyTest.php" line="332" class="Tests\AI\AIAccuracyTest" classname="Tests.AI.AIAccuracyTest" assertions="11" time="0.000491"/>
          <testcase name="confidence_scores_are_reasonable with data set &quot;clear_negative&quot;" file="C:\Users\Gaser\Desktop\COPRRA\tests\AI\AIAccuracyTest.php" line="332" class="Tests\AI\AIAccuracyTest" classname="Tests.AI.AIAccuracyTest" assertions="11" time="0.000456"/>
          <testcase name="confidence_scores_are_reasonable with data set &quot;clear_positive&quot;" file="C:\Users\Gaser\Desktop\COPRRA\tests\AI\AIAccuracyTest.php" line="332" class="Tests\AI\AIAccuracyTest" classname="Tests.AI.AIAccuracyTest" assertions="11" time="0.000502"/>
        </testsuite>
      </testsuite>
      <testsuite name="Tests\AI\AIServiceTest" file="C:\Users\Gaser\Desktop\COPRRA\tests\AI\AIServiceTest.php" tests="43" assertions="146" errors="0" failures="0" skipped="0" time="0.000000">
        <testcase name="test_analyze_image_recommendations_is_array" file="C:\Users\Gaser\Desktop\COPRRA\tests\AI\AIServiceTest.php" line="322" class="Tests\AI\AIServiceTest" classname="Tests.AI.AIServiceTest" assertions="2" time="0.000541"/>
        <testsuite name="Tests\AI\AIServiceTest::test_analyze_text_sentiment_detection" tests="5" assertions="15" errors="0" failures="0" skipped="0" time="0.000000">
          <testcase name="test_analyze_text_sentiment_detection with data set &quot;mixed_sentiment&quot;" file="C:\Users\Gaser\Desktop\COPRRA\tests\AI\AIServiceTest.php" line="55" class="Tests\AI\AIServiceTest" classname="Tests.AI.AIServiceTest" assertions="3" time="0.000400"/>
          <testcase name="test_analyze_text_sentiment_detection with data set &quot;positive_arabic&quot;" file="C:\Users\Gaser\Desktop\COPRRA\tests\AI\AIServiceTest.php" line="55" class="Tests\AI\AIServiceTest" classname="Tests.AI.AIServiceTest" assertions="3" time="0.000407"/>
          <testcase name="test_analyze_text_sentiment_detection with data set &quot;negative_arabic&quot;" file="C:\Users\Gaser\Desktop\COPRRA\tests\AI\AIServiceTest.php" line="55" class="Tests\AI\AIServiceTest" classname="Tests.AI.AIServiceTest" assertions="3" time="0.000507"/>
          <testcase name="test_analyze_text_sentiment_detection with data set &quot;positive_english&quot;" file="C:\Users\Gaser\Desktop\COPRRA\tests\AI\AIServiceTest.php" line="55" class="Tests\AI\AIServiceTest" classname="Tests.AI.AIServiceTest" assertions="3" time="0.000392"/>
          <testcase name="test_analyze_text_sentiment_detection with data set &quot;neutral_arabic&quot;" file="C:\Users\Gaser\Desktop\COPRRA\tests\AI\AIServiceTest.php" line="55" class="Tests\AI\AIServiceTest" classname="Tests.AI.AIServiceTest" assertions="3" time="0.000493"/>
        </testsuite>
        <testcase name="test_all_methods_return_arrays" file="C:\Users\Gaser\Desktop\COPRRA\tests\AI\AIServiceTest.php" line="343" class="Tests\AI\AIServiceTest" classname="Tests.AI.AIServiceTest" assertions="4" time="0.000386"/>
        <testcase name="test_analyze_image_returns_valid_structure" file="C:\Users\Gaser\Desktop\COPRRA\tests\AI\AIServiceTest.php" line="274" class="Tests\AI\AIServiceTest" classname="Tests.AI.AIServiceTest" assertions="6" time="0.000387"/>
        <testcase name="test_analyze_text_with_empty_string" file="C:\Users\Gaser\Desktop\COPRRA\tests\AI\AIServiceTest.php" line="76" class="Tests\AI\AIServiceTest" classname="Tests.AI.AIServiceTest" assertions="3" time="0.000355"/>
        <testcase name="test_classify_product_returns_valid_structure" file="C:\Users\Gaser\Desktop\COPRRA\tests\AI\AIServiceTest.php" line="140" class="Tests\AI\AIServiceTest" classname="Tests.AI.AIServiceTest" assertions="9" time="0.000355"/>
        <testcase name="test_analyze_text_confidence_score_range" file="C:\Users\Gaser\Desktop\COPRRA\tests\AI\AIServiceTest.php" line="86" class="Tests\AI\AIServiceTest" classname="Tests.AI.AIServiceTest" assertions="5" time="0.000398"/>
        <testcase name="test_analyze_image_with_custom_prompt" file="C:\Users\Gaser\Desktop\COPRRA\tests\AI\AIServiceTest.php" line="309" class="Tests\AI\AIServiceTest" classname="Tests.AI.AIServiceTest" assertions="3" time="0.000350"/>
        <testcase name="test_classify_product_category_not_empty" file="C:\Users\Gaser\Desktop\COPRRA\tests\AI\AIServiceTest.php" line="203" class="Tests\AI\AIServiceTest" classname="Tests.AI.AIServiceTest" assertions="2" time="0.000351"/>
        <testcase name="test_analyze_text_with_special_characters" file="C:\Users\Gaser\Desktop\COPRRA\tests\AI\AIServiceTest.php" line="116" class="Tests\AI\AIServiceTest" classname="Tests.AI.AIServiceTest" assertions="3" time="0.000356"/>
        <testsuite name="Tests\AI\AIServiceTest::test_analyze_image_with_various_urls" tests="4" assertions="12" errors="0" failures="0" skipped="0" time="0.000000">
          <testcase name="test_analyze_image_with_various_urls with data set &quot;with_params&quot;" file="C:\Users\Gaser\Desktop\COPRRA\tests\AI\AIServiceTest.php" line="289" class="Tests\AI\AIServiceTest" classname="Tests.AI.AIServiceTest" assertions="3" time="0.000373"/>
          <testcase name="test_analyze_image_with_various_urls with data set &quot;png_image&quot;" file="C:\Users\Gaser\Desktop\COPRRA\tests\AI\AIServiceTest.php" line="289" class="Tests\AI\AIServiceTest" classname="Tests.AI.AIServiceTest" assertions="3" time="0.000404"/>
          <testcase name="test_analyze_image_with_various_urls with data set &quot;short_url&quot;" file="C:\Users\Gaser\Desktop\COPRRA\tests\AI\AIServiceTest.php" line="289" class="Tests\AI\AIServiceTest" classname="Tests.AI.AIServiceTest" assertions="3" time="0.000373"/>
          <testcase name="test_analyze_image_with_various_urls with data set &quot;jpg_image&quot;" file="C:\Users\Gaser\Desktop\COPRRA\tests\AI\AIServiceTest.php" line="289" class="Tests\AI\AIServiceTest" classname="Tests.AI.AIServiceTest" assertions="3" time="0.000377"/>
        </testsuite>
        <testsuite name="Tests\AI\AIServiceTest::test_analyze_text_with_different_types" tests="3" assertions="9" errors="0" failures="0" skipped="0" time="0.000000">
          <testcase name="test_analyze_text_with_different_types with data set &quot;classification_type&quot;" file="C:\Users\Gaser\Desktop\COPRRA\tests\AI\AIServiceTest.php" line="97" class="Tests\AI\AIServiceTest" classname="Tests.AI.AIServiceTest" assertions="3" time="0.000392"/>
          <testcase name="test_analyze_text_with_different_types with data set &quot;summary_type&quot;" file="C:\Users\Gaser\Desktop\COPRRA\tests\AI\AIServiceTest.php" line="97" class="Tests\AI\AIServiceTest" classname="Tests.AI.AIServiceTest" assertions="3" time="0.000389"/>
          <testcase name="test_analyze_text_with_different_types with data set &quot;sentiment_type&quot;" file="C:\Users\Gaser\Desktop\COPRRA\tests\AI\AIServiceTest.php" line="97" class="Tests\AI\AIServiceTest" classname="Tests.AI.AIServiceTest" assertions="3" time="0.000382"/>
        </testsuite>
        <testcase name="test_analyze_image_confidence_range" file="C:\Users\Gaser\Desktop\COPRRA\tests\AI\AIServiceTest.php" line="331" class="Tests\AI\AIServiceTest" classname="Tests.AI.AIServiceTest" assertions="5" time="0.000405"/>
        <testcase name="test_classify_product_tags_is_array" file="C:\Users\Gaser\Desktop\COPRRA\tests\AI\AIServiceTest.php" line="193" class="Tests\AI\AIServiceTest" classname="Tests.AI.AIServiceTest" assertions="4" time="0.000378"/>
        <testcase name="test_classify_product_confidence_range" file="C:\Users\Gaser\Desktop\COPRRA\tests\AI\AIServiceTest.php" line="183" class="Tests\AI\AIServiceTest" classname="Tests.AI.AIServiceTest" assertions="5" time="0.000492"/>
        <testcase name="test_generate_recommendations_with_empty_preferences" file="C:\Users\Gaser\Desktop\COPRRA\tests\AI\AIServiceTest.php" line="229" class="Tests\AI\AIServiceTest" classname="Tests.AI.AIServiceTest" assertions="1" time="0.000386"/>
        <testcase name="test_generate_recommendations_returns_valid_structure" file="C:\Users\Gaser\Desktop\COPRRA\tests\AI\AIServiceTest.php" line="214" class="Tests\AI\AIServiceTest" classname="Tests.AI.AIServiceTest" assertions="2" time="0.000352"/>
        <testcase name="test_service_memory_efficiency" file="C:\Users\Gaser\Desktop\COPRRA\tests\AI\AIServiceTest.php" line="380" class="Tests\AI\AIServiceTest" classname="Tests.AI.AIServiceTest" assertions="1" time="0.000393"/>
        <testcase name="test_analyze_text_with_very_long_text" file="C:\Users\Gaser\Desktop\COPRRA\tests\AI\AIServiceTest.php" line="127" class="Tests\AI\AIServiceTest" classname="Tests.AI.AIServiceTest" assertions="3" time="0.000388"/>
        <testcase name="test_analyze_text_returns_valid_structure" file="C:\Users\Gaser\Desktop\COPRRA\tests\AI\AIServiceTest.php" line="39" class="Tests\AI\AIServiceTest" classname="Tests.AI.AIServiceTest" assertions="7" time="0.000359"/>
        <testsuite name="Tests\AI\AIServiceTest::test_classify_product_with_various_descriptions" tests="8" assertions="32" errors="0" failures="0" skipped="0" time="0.000000">
          <testcase name="test_classify_product_with_various_descriptions with data set &quot;clothing&quot;" file="C:\Users\Gaser\Desktop\COPRRA\tests\AI\AIServiceTest.php" line="158" class="Tests\AI\AIServiceTest" classname="Tests.AI.AIServiceTest" assertions="4" time="0.000389"/>
          <testcase name="test_classify_product_with_various_descriptions with data set &quot;furniture&quot;" file="C:\Users\Gaser\Desktop\COPRRA\tests\AI\AIServiceTest.php" line="158" class="Tests\AI\AIServiceTest" classname="Tests.AI.AIServiceTest" assertions="4" time="0.000392"/>
          <testcase name="test_classify_product_with_various_descriptions with data set &quot;very_long&quot;" file="C:\Users\Gaser\Desktop\COPRRA\tests\AI\AIServiceTest.php" line="158" class="Tests\AI\AIServiceTest" classname="Tests.AI.AIServiceTest" assertions="4" time="0.000419"/>
          <testcase name="test_classify_product_with_various_descriptions with data set &quot;very_short&quot;" file="C:\Users\Gaser\Desktop\COPRRA\tests\AI\AIServiceTest.php" line="158" class="Tests\AI\AIServiceTest" classname="Tests.AI.AIServiceTest" assertions="4" time="0.000448"/>
          <testcase name="test_classify_product_with_various_descriptions with data set &quot;sports&quot;" file="C:\Users\Gaser\Desktop\COPRRA\tests\AI\AIServiceTest.php" line="158" class="Tests\AI\AIServiceTest" classname="Tests.AI.AIServiceTest" assertions="4" time="0.000493"/>
          <testcase name="test_classify_product_with_various_descriptions with data set &quot;electronics&quot;" file="C:\Users\Gaser\Desktop\COPRRA\tests\AI\AIServiceTest.php" line="158" class="Tests\AI\AIServiceTest" classname="Tests.AI.AIServiceTest" assertions="4" time="0.000399"/>
          <testcase name="test_classify_product_with_various_descriptions with data set &quot;empty&quot;" file="C:\Users\Gaser\Desktop\COPRRA\tests\AI\AIServiceTest.php" line="158" class="Tests\AI\AIServiceTest" classname="Tests.AI.AIServiceTest" assertions="4" time="0.000411"/>
          <testcase name="test_classify_product_with_various_descriptions with data set &quot;books&quot;" file="C:\Users\Gaser\Desktop\COPRRA\tests\AI\AIServiceTest.php" line="158" class="Tests\AI\AIServiceTest" classname="Tests.AI.AIServiceTest" assertions="4" time="0.000380"/>
        </testsuite>
        <testsuite name="Tests\AI\AIServiceTest::test_generate_recommendations_with_various_preferences" tests="4" assertions="8" errors="0" failures="0" skipped="0" time="0.000000">
          <testcase name="test_generate_recommendations_with_various_preferences with data set &quot;price_range&quot;" file="C:\Users\Gaser\Desktop\COPRRA\tests\AI\AIServiceTest.php" line="238" class="Tests\AI\AIServiceTest" classname="Tests.AI.AIServiceTest" assertions="2" time="0.000419"/>
          <testcase name="test_generate_recommendations_with_various_preferences with data set &quot;multiple_categories&quot;" file="C:\Users\Gaser\Desktop\COPRRA\tests\AI\AIServiceTest.php" line="238" class="Tests\AI\AIServiceTest" classname="Tests.AI.AIServiceTest" assertions="2" time="0.000425"/>
          <testcase name="test_generate_recommendations_with_various_preferences with data set &quot;single_category&quot;" file="C:\Users\Gaser\Desktop\COPRRA\tests\AI\AIServiceTest.php" line="238" class="Tests\AI\AIServiceTest" classname="Tests.AI.AIServiceTest" assertions="2" time="0.000469"/>
          <testcase name="test_generate_recommendations_with_various_preferences with data set &quot;empty_products&quot;" file="C:\Users\Gaser\Desktop\COPRRA\tests\AI\AIServiceTest.php" line="238" class="Tests\AI\AIServiceTest" classname="Tests.AI.AIServiceTest" assertions="2" time="0.000477"/>
        </testsuite>
        <testcase name="test_service_consistency_across_multiple_calls" file="C:\Users\Gaser\Desktop\COPRRA\tests\AI\AIServiceTest.php" line="357" class="Tests\AI\AIServiceTest" classname="Tests.AI.AIServiceTest" assertions="2" time="0.000391"/>
        <testcase name="test_service_handles_unicode_correctly" file="C:\Users\Gaser\Desktop\COPRRA\tests\AI\AIServiceTest.php" line="369" class="Tests\AI\AIServiceTest" classname="Tests.AI.AIServiceTest" assertions="3" time="0.000382"/>
      </testsuite>
      <testsuite name="Tests\AI\RecommendationSystemTest" file="C:\Users\Gaser\Desktop\COPRRA\tests\AI\RecommendationSystemTest.php" tests="8" assertions="8" errors="0" failures="0" skipped="0" time="0.000000">
        <testcase name="recommendations_match_user_preferences" file="C:\Users\Gaser\Desktop\COPRRA\tests\AI\RecommendationSystemTest.php" line="17" class="Tests\AI\RecommendationSystemTest" classname="Tests.AI.RecommendationSystemTest" assertions="1" time="0.000506"/>
        <testcase name="can_generate_collaborative_recommendations" file="C:\Users\Gaser\Desktop\COPRRA\tests\AI\RecommendationSystemTest.php" line="35" class="Tests\AI\RecommendationSystemTest" classname="Tests.AI.RecommendationSystemTest" assertions="1" time="0.000306"/>
        <testcase name="can_generate_seasonal_recommendations" file="C:\Users\Gaser\Desktop\COPRRA\tests\AI\RecommendationSystemTest.php" line="47" class="Tests\AI\RecommendationSystemTest" classname="Tests.AI.RecommendationSystemTest" assertions="1" time="0.000290"/>
        <testcase name="can_generate_trending_products" file="C:\Users\Gaser\Desktop\COPRRA\tests\AI\RecommendationSystemTest.php" line="29" class="Tests\AI\RecommendationSystemTest" classname="Tests.AI.RecommendationSystemTest" assertions="1" time="0.000284"/>
        <testcase name="can_generate_user_recommendations" file="C:\Users\Gaser\Desktop\COPRRA\tests\AI\RecommendationSystemTest.php" line="11" class="Tests\AI\RecommendationSystemTest" classname="Tests.AI.RecommendationSystemTest" assertions="1" time="0.000311"/>
        <testcase name="can_generate_similar_products" file="C:\Users\Gaser\Desktop\COPRRA\tests\AI\RecommendationSystemTest.php" line="23" class="Tests\AI\RecommendationSystemTest" classname="Tests.AI.RecommendationSystemTest" assertions="1" time="0.000310"/>
        <testcase name="recommendations_consider_price_range" file="C:\Users\Gaser\Desktop\COPRRA\tests\AI\RecommendationSystemTest.php" line="41" class="Tests\AI\RecommendationSystemTest" classname="Tests.AI.RecommendationSystemTest" assertions="1" time="0.000282"/>
        <testcase name="recommendations_improve_with_feedback" file="C:\Users\Gaser\Desktop\COPRRA\tests\AI\RecommendationSystemTest.php" line="53" class="Tests\AI\RecommendationSystemTest" classname="Tests.AI.RecommendationSystemTest" assertions="1" time="0.000280"/>
      </testsuite>
      <testsuite name="Tests\AI\SmokeTest" file="C:\Users\Gaser\Desktop\COPRRA\tests\AI\SmokeTest.php" tests="1" assertions="1" errors="0" failures="0" skipped="0" time="0.000000">
        <testcase name="it_runs" file="C:\Users\Gaser\Desktop\COPRRA\tests\AI\SmokeTest.php" line="13" class="Tests\AI\SmokeTest" classname="Tests.AI.SmokeTest" assertions="1" time="0.000362"/>
      </testsuite>
      <testsuite name="Tests\AI\ImageProcessingTest" file="C:\Users\Gaser\Desktop\COPRRA\tests\AI\ImageProcessingTest.php" tests="8" assertions="8" errors="0" failures="0" skipped="0" time="0.000000">
        <testcase name="can_resize_images" file="C:\Users\Gaser\Desktop\COPRRA\tests\AI\ImageProcessingTest.php" line="35" class="Tests\AI\ImageProcessingTest" classname="Tests.AI.ImageProcessingTest" assertions="1" time="0.000299"/>
        <testcase name="can_handle_multiple_image_formats" file="C:\Users\Gaser\Desktop\COPRRA\tests\AI\ImageProcessingTest.php" line="53" class="Tests\AI\ImageProcessingTest" classname="Tests.AI.ImageProcessingTest" assertions="1" time="0.000352"/>
        <testcase name="can_compress_images" file="C:\Users\Gaser\Desktop\COPRRA\tests\AI\ImageProcessingTest.php" line="41" class="Tests\AI\ImageProcessingTest" classname="Tests.AI.ImageProcessingTest" assertions="1" time="0.000307"/>
        <testcase name="can_extract_colors_from_images" file="C:\Users\Gaser\Desktop\COPRRA\tests\AI\ImageProcessingTest.php" line="23" class="Tests\AI\ImageProcessingTest" classname="Tests.AI.ImageProcessingTest" assertions="1" time="0.000314"/>
        <testcase name="can_detect_image_quality" file="C:\Users\Gaser\Desktop\COPRRA\tests\AI\ImageProcessingTest.php" line="47" class="Tests\AI\ImageProcessingTest" classname="Tests.AI.ImageProcessingTest" assertions="1" time="0.000308"/>
        <testcase name="can_generate_image_tags" file="C:\Users\Gaser\Desktop\COPRRA\tests\AI\ImageProcessingTest.php" line="29" class="Tests\AI\ImageProcessingTest" classname="Tests.AI.ImageProcessingTest" assertions="1" time="0.000349"/>
        <testcase name="can_analyze_product_images" file="C:\Users\Gaser\Desktop\COPRRA\tests\AI\ImageProcessingTest.php" line="11" class="Tests\AI\ImageProcessingTest" classname="Tests.AI.ImageProcessingTest" assertions="1" time="0.000370"/>
        <testcase name="can_detect_objects_in_images" file="C:\Users\Gaser\Desktop\COPRRA\tests\AI\ImageProcessingTest.php" line="17" class="Tests\AI\ImageProcessingTest" classname="Tests.AI.ImageProcessingTest" assertions="1" time="0.000291"/>
      </testsuite>
      <testsuite name="Tests\AI\ProductClassificationTest" file="C:\Users\Gaser\Desktop\COPRRA\tests\AI\ProductClassificationTest.php" tests="8" assertions="8" errors="0" failures="0" skipped="0" time="0.000000">
        <testcase name="can_handle_ambiguous_products" file="C:\Users\Gaser\Desktop\COPRRA\tests\AI\ProductClassificationTest.php" line="47" class="Tests\AI\ProductClassificationTest" classname="Tests.AI.ProductClassificationTest" assertions="1" time="0.000398"/>
        <testcase name="can_classify_clothing" file="C:\Users\Gaser\Desktop\COPRRA\tests\AI\ProductClassificationTest.php" line="17" class="Tests\AI\ProductClassificationTest" classname="Tests.AI.ProductClassificationTest" assertions="1" time="0.000318"/>
        <testcase name="can_classify_sports" file="C:\Users\Gaser\Desktop\COPRRA\tests\AI\ProductClassificationTest.php" line="35" class="Tests\AI\ProductClassificationTest" classname="Tests.AI.ProductClassificationTest" assertions="1" time="0.000288"/>
        <testcase name="classification_confidence_is_high" file="C:\Users\Gaser\Desktop\COPRRA\tests\AI\ProductClassificationTest.php" line="41" class="Tests\AI\ProductClassificationTest" classname="Tests.AI.ProductClassificationTest" assertions="1" time="0.000301"/>
        <testcase name="can_classify_electronics" file="C:\Users\Gaser\Desktop\COPRRA\tests\AI\ProductClassificationTest.php" line="11" class="Tests\AI\ProductClassificationTest" classname="Tests.AI.ProductClassificationTest" assertions="1" time="0.000313"/>
        <testcase name="can_classify_books" file="C:\Users\Gaser\Desktop\COPRRA\tests\AI\ProductClassificationTest.php" line="23" class="Tests\AI\ProductClassificationTest" classname="Tests.AI.ProductClassificationTest" assertions="1" time="0.000287"/>
        <testcase name="can_classify_home_garden" file="C:\Users\Gaser\Desktop\COPRRA\tests\AI\ProductClassificationTest.php" line="29" class="Tests\AI\ProductClassificationTest" classname="Tests.AI.ProductClassificationTest" assertions="1" time="0.000301"/>
        <testcase name="can_suggest_subcategories" file="C:\Users\Gaser\Desktop\COPRRA\tests\AI\ProductClassificationTest.php" line="53" class="Tests\AI\ProductClassificationTest" classname="Tests.AI.ProductClassificationTest" assertions="1" time="0.000411"/>
      </testsuite>
      <testsuite name="Tests\AI\StrictQualityAgentTest" file="C:\Users\Gaser\Desktop\COPRRA\tests\AI\StrictQualityAgentTest.php" tests="10" assertions="10" errors="0" failures="0" skipped="0" time="0.000000">
        <testcase name="agent_generates_report_file" file="C:\Users\Gaser\Desktop\COPRRA\tests\AI\StrictQualityAgentTest.php" line="47" class="Tests\AI\StrictQualityAgentTest" classname="Tests.AI.StrictQualityAgentTest" assertions="1" time="0.000296"/>
        <testcase name="agent_handles_stage_failure" file="C:\Users\Gaser\Desktop\COPRRA\tests\AI\StrictQualityAgentTest.php" line="35" class="Tests\AI\StrictQualityAgentTest" classname="Tests.AI.StrictQualityAgentTest" assertions="1" time="0.000295"/>
        <testcase name="agent_can_execute_single_stage" file="C:\Users\Gaser\Desktop\COPRRA\tests\AI\StrictQualityAgentTest.php" line="29" class="Tests\AI\StrictQualityAgentTest" classname="Tests.AI.StrictQualityAgentTest" assertions="1" time="0.000301"/>
        <testcase name="agent_returns_all_results" file="C:\Users\Gaser\Desktop\COPRRA\tests\AI\StrictQualityAgentTest.php" line="59" class="Tests\AI\StrictQualityAgentTest" classname="Tests.AI.StrictQualityAgentTest" assertions="1" time="0.000302"/>
        <testcase name="agent_stages_have_required_properties" file="C:\Users\Gaser\Desktop\COPRRA\tests\AI\StrictQualityAgentTest.php" line="23" class="Tests\AI\StrictQualityAgentTest" classname="Tests.AI.StrictQualityAgentTest" assertions="1" time="0.000301"/>
        <testcase name="agent_returns_errors_summary" file="C:\Users\Gaser\Desktop\COPRRA\tests\AI\StrictQualityAgentTest.php" line="65" class="Tests\AI\StrictQualityAgentTest" classname="Tests.AI.StrictQualityAgentTest" assertions="1" time="0.000288"/>
        <testcase name="agent_has_all_required_stages" file="C:\Users\Gaser\Desktop\COPRRA\tests\AI\StrictQualityAgentTest.php" line="17" class="Tests\AI\StrictQualityAgentTest" classname="Tests.AI.StrictQualityAgentTest" assertions="1" time="0.000287"/>
        <testcase name="agent_initializes_correctly" file="C:\Users\Gaser\Desktop\COPRRA\tests\AI\StrictQualityAgentTest.php" line="11" class="Tests\AI\StrictQualityAgentTest" classname="Tests.AI.StrictQualityAgentTest" assertions="1" time="0.000286"/>
        <testcase name="agent_can_auto_fix_issues" file="C:\Users\Gaser\Desktop\COPRRA\tests\AI\StrictQualityAgentTest.php" line="41" class="Tests\AI\StrictQualityAgentTest" classname="Tests.AI.StrictQualityAgentTest" assertions="1" time="0.000313"/>
        <testcase name="agent_returns_correct_stage_status" file="C:\Users\Gaser\Desktop\COPRRA\tests\AI\StrictQualityAgentTest.php" line="53" class="Tests\AI\StrictQualityAgentTest" classname="Tests.AI.StrictQualityAgentTest" assertions="1" time="0.000301"/>
      </testsuite>
      <testsuite name="Tests\AI\AITest" file="C:\Users\Gaser\Desktop\COPRRA\tests\AI\AITest.php" tests="1" assertions="1" errors="0" failures="0" skipped="0" time="0.000000">
        <testcase name="test_basic_test" file="C:\Users\Gaser\Desktop\COPRRA\tests\AI\AITest.php" line="18" class="Tests\AI\AITest" classname="Tests.AI.AITest" assertions="1" time="0.000286"/>
      </testsuite>
    </testsuite>
    <testsuite name="Integration" tests="9" assertions="18" errors="0" failures="0" skipped="0" time="0.000000">
      <testsuite name="Tests\Integration\CompleteWorkflowTest" file="C:\Users\Gaser\Desktop\COPRRA\tests\Integration\CompleteWorkflowTest.php" tests="3" assertions="6" errors="0" failures="0" skipped="0" time="0.000000">
        <testcase name="admin_management_workflow" file="C:\Users\Gaser\Desktop\COPRRA\tests\Integration\CompleteWorkflowTest.php" line="38" class="Tests\Integration\CompleteWorkflowTest" classname="Tests.Integration.CompleteWorkflowTest" assertions="2" time="0.315188"/>
        <testcase name="user_registration_workflow" file="C:\Users\Gaser\Desktop\COPRRA\tests\Integration\CompleteWorkflowTest.php" line="11" class="Tests\Integration\CompleteWorkflowTest" classname="Tests.Integration.CompleteWorkflowTest" assertions="2" time="0.330479"/>
        <testcase name="product_purchase_workflow" file="C:\Users\Gaser\Desktop\COPRRA\tests\Integration\CompleteWorkflowTest.php" line="27" class="Tests\Integration\CompleteWorkflowTest" classname="Tests.Integration.CompleteWorkflowTest" assertions="2" time="0.327639"/>
      </testsuite>
      <testsuite name="Tests\Integration\AdvancedIntegrationTest" file="C:\Users\Gaser\Desktop\COPRRA\tests\Integration\AdvancedIntegrationTest.php" tests="3" assertions="6" errors="0" failures="0" skipped="0" time="0.000000">
        <testcase name="frontend_backend_integration" file="C:\Users\Gaser\Desktop\COPRRA\tests\Integration\AdvancedIntegrationTest.php" line="33" class="Tests\Integration\AdvancedIntegrationTest" classname="Tests.Integration.AdvancedIntegrationTest" assertions="2" time="0.339041"/>
        <testcase name="api_database_integration" file="C:\Users\Gaser\Desktop\COPRRA\tests\Integration\AdvancedIntegrationTest.php" line="22" class="Tests\Integration\AdvancedIntegrationTest" classname="Tests.Integration.AdvancedIntegrationTest" assertions="2" time="0.313773"/>
        <testcase name="full_workflow_integration" file="C:\Users\Gaser\Desktop\COPRRA\tests\Integration\AdvancedIntegrationTest.php" line="11" class="Tests\Integration\AdvancedIntegrationTest" classname="Tests.Integration.AdvancedIntegrationTest" assertions="2" time="0.353349"/>
      </testsuite>
      <testsuite name="Tests\Integration\IntegrationTest" file="C:\Users\Gaser\Desktop\COPRRA\tests\Integration\IntegrationTest.php" tests="3" assertions="6" errors="0" failures="0" skipped="0" time="0.000000">
        <testcase name="basic_integration_works" file="C:\Users\Gaser\Desktop\COPRRA\tests\Integration\IntegrationTest.php" line="11" class="Tests\Integration\IntegrationTest" classname="Tests.Integration.IntegrationTest" assertions="2" time="0.309124"/>
        <testcase name="service_integration_works" file="C:\Users\Gaser\Desktop\COPRRA\tests\Integration\IntegrationTest.php" line="22" class="Tests\Integration\IntegrationTest" classname="Tests.Integration.IntegrationTest" assertions="2" time="0.342983"/>
        <testcase name="component_integration_works" file="C:\Users\Gaser\Desktop\COPRRA\tests\Integration\IntegrationTest.php" line="33" class="Tests\Integration\IntegrationTest" classname="Tests.Integration.IntegrationTest" assertions="2" time="0.556524"/>
      </testsuite>
    </testsuite>
  </testsuite>
</testsuites>
